07-09-2025 22:46:49.981 INFO Entry price: 0.000000034207484004 - Entry market cap: 6605 - Buys 5 - Sells 3 - Ratio: 1:0.60 - Min MarketCap: 6925 - Max MarketCap: 8283
07-09-2025 22:46:49.981 INFO Current price: 0.000000034207 - Current percentage: 0.00% - Max: 0.00% - Min: 0.00% - Market Cap 6605 - Trading time: 00:00:02
07-09-2025 22:46:51.303 INFO Current price: 0.000000031277 - Current percentage: -7.56% - Max: 0.00% - Min: -7.56% - Market Cap 6106 - Trading time: 00:00:03
07-09-2025 22:46:51.305 INFO Current price: 0.000000028996 - Current percentage: -14.05% - Max: 0.00% - Min: -14.05% - Market Cap 5677 - Trading time: 00:00:03
07-09-2025 22:46:51.462 INFO Current price: 0.000000028006 - Current percentage: -13.77% - Max: 0.00% - Min: -14.05% - Market Cap 5696 - Trading time: 00:00:03
07-09-2025 22:47:06.414 INFO Current price: 0.000000028574 - Current percentage: -10.53% - Max: 0.00% - Min: -14.05% - Market Cap 5910 - Trading time: 00:00:18
07-09-2025 22:47:06.417 INFO Current price: 0.000000029671 - Current percentage: -7.02% - Max: 0.00% - Min: -14.05% - Market Cap 6142 - Trading time: 00:00:18
07-09-2025 22:47:06.417 INFO Current price: 0.000000030865 - Current percentage: -3.18% - Max: 0.00% - Min: -14.05% - Market Cap 6395 - Trading time: 00:00:18
07-09-2025 22:47:06.418 INFO Current price: 0.000000032127 - Current percentage: 0.74% - Max: 0.74% - Min: -14.05% - Market Cap 6654 - Trading time: 00:00:18
07-09-2025 22:47:06.419 INFO Current price: 0.000000033482 - Current percentage: 5.16% - Max: 5.16% - Min: -14.05% - Market Cap 6946 - Trading time: 00:00:18
07-09-2025 22:47:11.519 INFO Current price: 0.000000034144 - Current percentage: 4.77% - Max: 5.16% - Min: -14.05% - Market Cap 6920 - Trading time: 00:00:23
07-09-2025 22:47:24.815 INFO Current price: 0.000000034126 - Current percentage: 5.04% - Max: 5.16% - Min: -14.05% - Market Cap 6938 - Trading time: 00:00:36
07-09-2025 22:47:28.370 INFO Current price: 0.000000034339 - Current percentage: 6.08% - Max: 6.08% - Min: -14.05% - Market Cap 7007 - Trading time: 00:00:40
07-09-2025 22:48:01.085 INFO Current price: 0.000000034644 - Current percentage: 6.92% - Max: 6.92% - Min: -14.05% - Market Cap 7062 - Trading time: 00:01:13
07-09-2025 22:48:48.923 INFO Current price: 0.000000034796 - Current percentage: 7.07% - Max: 7.07% - Min: -14.05% - Market Cap 7072 - Trading time: 00:02:00
07-09-2025 22:49:33.158 INFO Current price: 0.000000034901 - Current percentage: 7.62% - Max: 7.62% - Min: -14.05% - Market Cap 7109 - Trading time: 00:02:45
07-09-2025 22:49:42.274 INFO Current price: 0.000000034838 - Current percentage: 6.68% - Max: 7.62% - Min: -14.05% - Market Cap 7047 - Trading time: 00:02:54
07-09-2025 22:49:43.436 INFO Current price: 0.000000034711 - Current percentage: 6.84% - Max: 7.62% - Min: -14.05% - Market Cap 7057 - Trading time: 00:02:55
07-09-2025 22:51:15.051 INFO Current price: 0.000000031184 - Current percentage: -13.89% - Max: 7.62% - Min: -14.05% - Market Cap 5687 - Trading time: 00:04:27
07-09-2025 22:51:36.133 INFO Current price: 0.000000027977 - Current percentage: -14.00% - Max: 7.62% - Min: -14.05% - Market Cap 5680 - Trading time: 00:04:48






07-09-2025 23:01:36.184 INFO {"type":"summary","reason":"inactivity","startedAt":"2025-09-07T20:46:47.981Z","endedAt":"2025-09-07T21:01:36.184Z","durationSec":888,"entryPrice":3.4207484003728055e-8,"entryMarketCapSol":32.53029620443127,"entryMarketCapUsd":6605.276644309769,"minPct":-14.052447292421851,"maxPct":7.6218063713135855,"buyCount":12,"sellCount":6,"tradeCount":18,"entryRecorded":true,"noPostThresholdTrades":false,"triggerAt":"2025-09-07T20:46:47.980Z","ageAtTriggerSec":11,"preTotalTrades":8,"preBuys":5,"preSells":3,"preUniqueTraders":5,"preEntryTotalTrades":8,"preEntryBuys":5,"preEntrySells":3,"preEntryUniqueTraders":5,"preEntryMinMcUsd":6924.517696750737,"preEntryMaxMcUsd":8282.720901072129,"thresholdMcSol":32.53029620443127,"thresholdMcUsd":6605.276644309769,"thresholdPrice":3.4207484003728055e-8}
