07-09-2025 22:55:17.796 INFO Entry price: 0.000000041070679107 - Entry market cap: 7897 - Buys 7 - Sells 4 - Ratio: 1:0.57 - Min MarketCap: 6894 - Max MarketCap: 8816
07-09-2025 22:55:17.796 INFO Current price: 0.000000041071 - Current percentage: 0.00% - Max: 0.00% - Min: 0.00% - Market Cap 7897 - Trading time: 00:00:02
07-09-2025 22:55:18.398 INFO Current price: 0.000000037126 - Current percentage: -8.77% - Max: 0.00% - Min: -8.77% - Market Cap 7204 - Trading time: 00:00:02
07-09-2025 22:55:18.463 INFO Current price: 0.000000034212 - Current percentage: -15.08% - Max: 0.00% - Min: -15.08% - Market Cap 6706 - Trading time: 00:00:02
07-09-2025 22:55:19.798 INFO Current price: 0.000000034575 - Current percentage: -6.82% - Max: 0.00% - Min: -15.08% - Market Cap 7358 - Trading time: 00:00:04
07-09-2025 22:55:19.800 INFO Current price: 0.000000038205 - Current percentage: 3.68% - Max: 3.68% - Min: -15.08% - Market Cap 8188 - Trading time: 00:00:04
07-09-2025 22:55:21.446 INFO Current price: 0.000000038462 - Current percentage: -5.56% - Max: 3.68% - Min: -15.08% - Market Cap 7458 - Trading time: 00:00:05
07-09-2025 22:55:23.071 INFO Current price: 0.000000035106 - Current percentage: -13.62% - Max: 3.68% - Min: -15.08% - Market Cap 6821 - Trading time: 00:00:07
07-09-2025 22:55:26.016 INFO Current price: 0.000000033241 - Current percentage: -15.33% - Max: 3.68% - Min: -15.33% - Market Cap 6686 - Trading time: 00:00:10
07-09-2025 22:55:26.021 INFO Current price: 0.000000032616 - Current percentage: -16.84% - Max: 3.68% - Min: -16.84% - Market Cap 6567 - Trading time: 00:00:10
07-09-2025 22:55:26.282 INFO Current price: 0.000000032071 - Current percentage: -18.13% - Max: 3.68% - Min: -18.13% - Market Cap 6465 - Trading time: 00:00:10
07-09-2025 22:55:26.282 INFO Current price: 0.000000031596 - Current percentage: -19.29% - Max: 3.68% - Min: -19.29% - Market Cap 6374 - Trading time: 00:00:10
07-09-2025 22:55:26.713 INFO Current price: 0.000000031131 - Current percentage: -20.52% - Max: 3.68% - Min: -20.52% - Market Cap 6276 - Trading time: 00:00:10
07-09-2025 22:55:26.765 INFO Current price: 0.000000030677 - Current percentage: -21.63% - Max: 3.68% - Min: -21.63% - Market Cap 6189 - Trading time: 00:00:10
07-09-2025 22:55:26.939 INFO Current price: 0.000000030278 - Current percentage: -22.58% - Max: 3.68% - Min: -22.58% - Market Cap 6114 - Trading time: 00:00:11
07-09-2025 22:55:26.941 INFO Current price: 0.000000029928 - Current percentage: -23.43% - Max: 3.68% - Min: -23.43% - Market Cap 6047 - Trading time: 00:00:11
07-09-2025 22:55:27.772 INFO Current price: 0.000000029318 - Current percentage: -25.70% - Max: 3.68% - Min: -25.70% - Market Cap 5867 - Trading time: 00:00:11
07-09-2025 22:55:27.783 INFO Current price: 0.000000028416 - Current percentage: -28.07% - Max: 3.68% - Min: -28.07% - Market Cap 5680 - Trading time: 00:00:11
07-09-2025 22:55:28.826 INFO Current price: 0.000000027964 - Current percentage: -28.05% - Max: 3.68% - Min: -28.07% - Market Cap 5682 - Trading time: 00:00:13
07-09-2025 22:55:29.170 INFO Current price: 0.000000028015 - Current percentage: -27.81% - Max: 3.68% - Min: -28.07% - Market Cap 5701 - Trading time: 00:00:13
07-09-2025 22:55:30.017 INFO Current price: 0.000000028057 - Current percentage: -27.83% - Max: 3.68% - Min: -28.07% - Market Cap 5699 - Trading time: 00:00:14
07-09-2025 22:58:50.966 INFO Current price: 0.000000028006 - Current percentage: -27.82% - Max: 3.68% - Min: -28.07% - Market Cap 5700 - Trading time: 00:03:35






07-09-2025 23:08:50.974 INFO {"type":"summary","reason":"inactivity","startedAt":"2025-09-07T20:55:15.795Z","endedAt":"2025-09-07T21:08:50.974Z","durationSec":815,"entryPrice":4.107067910717637e-8,"entryMarketCapSol":38.869512162613184,"entryMarketCapUsd":7896.730090956495,"minPct":-28.069605403673325,"maxPct":3.682590022689944,"buyCount":4,"sellCount":16,"tradeCount":20,"entryRecorded":true,"noPostThresholdTrades":false,"triggerAt":"2025-09-07T20:55:15.795Z","ageAtTriggerSec":6,"preTotalTrades":11,"preBuys":7,"preSells":4,"preUniqueTraders":7,"preEntryTotalTrades":11,"preEntryBuys":7,"preEntrySells":4,"preEntryUniqueTraders":7,"preEntryMinMcUsd":6893.855072507662,"preEntryMaxMcUsd":8816.432404512612,"thresholdMcSol":38.869512162613184,"thresholdMcUsd":7896.730090956495,"thresholdPrice":4.107067910717637e-8}
