08-09-2025 13:44:47.996 INFO Entry price: 0.000000046114923109 - Entry market cap: 8757 - Buys 9 - Sells 5 - Ratio: 1:0.56 - Min MarketCap: 7277 - Max MarketCap: 11058
08-09-2025 13:44:47.996 INFO Current price: 0.000000046115 - Current percentage: 0.00% - Max: 0.00% - Min: 0.00% - Market Cap 8757 - Trading time: 00:00:02
08-09-2025 13:44:48.414 INFO Current price: 0.000000042122 - Current percentage: 5.41% - Max: 5.41% - Min: 0.00% - Market Cap 9230 - Trading time: 00:00:02
08-09-2025 13:44:50.268 INFO Current price: 0.000000040863 - Current percentage: -5.93% - Max: 5.41% - Min: -5.93% - Market Cap 8238 - Trading time: 00:00:04
08-09-2025 13:44:51.011 INFO Current price: 0.000000038608 - Current percentage: -5.90% - Max: 5.41% - Min: -5.93% - Market Cap 8240 - Trading time: 00:00:05
08-09-2025 13:44:51.422 INFO Current price: 0.000000040220 - Current percentage: 2.09% - Max: 5.41% - Min: -5.93% - Market Cap 8940 - Trading time: 00:00:05
08-09-2025 13:44:52.410 INFO Current price: 0.000000041904 - Current percentage: 2.14% - Max: 5.41% - Min: -5.93% - Market Cap 8944 - Trading time: 00:00:06
08-09-2025 13:44:53.154 INFO Current price: 0.000000044147 - Current percentage: 13.31% - Max: 13.31% - Min: -5.93% - Market Cap 9922 - Trading time: 00:00:07
08-09-2025 13:44:53.901 INFO Current price: 0.000000046521 - Current percentage: 13.42% - Max: 13.42% - Min: -5.93% - Market Cap 9932 - Trading time: 00:00:07
08-09-2025 13:44:54.798 INFO Current price: 0.000000046638 - Current percentage: 13.88% - Max: 13.88% - Min: -5.93% - Market Cap 9972 - Trading time: 00:00:08
08-09-2025 13:44:55.189 INFO Current price: 0.000000044553 - Current percentage: 3.51% - Max: 13.88% - Min: -5.93% - Market Cap 9064 - Trading time: 00:00:09
08-09-2025 13:44:55.190 INFO Current price: 0.000000040387 - Current percentage: -6.42% - Max: 13.88% - Min: -6.42% - Market Cap 8194 - Trading time: 00:00:09
08-09-2025 13:44:56.991 INFO Current price: 0.000000038403 - Current percentage: -6.41% - Max: 13.88% - Min: -6.42% - Market Cap 8195 - Trading time: 00:00:10
08-09-2025 13:44:57.724 INFO Current price: 0.000000036630 - Current percentage: -14.86% - Max: 13.88% - Min: -14.86% - Market Cap 7456 - Trading time: 00:00:11
08-09-2025 13:44:58.072 INFO Current price: 0.000000036664 - Current percentage: -6.24% - Max: 13.88% - Min: -14.86% - Market Cap 8210 - Trading time: 00:00:12
08-09-2025 13:44:58.083 INFO Current price: 0.000000039978 - Current percentage: 1.23% - Max: 13.88% - Min: -14.86% - Market Cap 8864 - Trading time: 00:00:12
08-09-2025 13:44:58.598 INFO Current price: 0.000000039265 - Current percentage: -9.56% - Max: 13.88% - Min: -14.86% - Market Cap 7920 - Trading time: 00:00:12
08-09-2025 13:44:58.843 INFO Current price: 0.000000037047 - Current percentage: -9.88% - Max: 13.88% - Min: -14.86% - Market Cap 7891 - Trading time: 00:00:12
08-09-2025 13:44:59.177 INFO Current price: 0.000000036976 - Current percentage: -9.91% - Max: 13.88% - Min: -14.86% - Market Cap 7889 - Trading time: 00:00:13
08-09-2025 13:44:59.539 INFO Current price: 0.000000037023 - Current percentage: -9.65% - Max: 13.88% - Min: -14.86% - Market Cap 7912 - Trading time: 00:00:13
08-09-2025 13:45:00.208 INFO Current price: 0.000000038026 - Current percentage: -4.96% - Max: 13.88% - Min: -14.86% - Market Cap 8322 - Trading time: 00:00:14
08-09-2025 13:45:00.242 INFO Current price: 0.000000040178 - Current percentage: 0.87% - Max: 13.88% - Min: -14.86% - Market Cap 8833 - Trading time: 00:00:14
08-09-2025 13:45:01.537 INFO Current price: 0.000000039748 - Current percentage: -6.98% - Max: 13.88% - Min: -14.86% - Market Cap 8145 - Trading time: 00:00:15
08-09-2025 13:45:03.886 INFO Current price: 0.000000038693 - Current percentage: -4.42% - Max: 13.88% - Min: -14.86% - Market Cap 8370 - Trading time: 00:00:17
08-09-2025 13:45:03.889 INFO Current price: 0.000000039773 - Current percentage: -1.72% - Max: 13.88% - Min: -14.86% - Market Cap 8606 - Trading time: 00:00:17
08-09-2025 13:45:09.061 INFO Current price: 0.000000038389 - Current percentage: -10.95% - Max: 13.88% - Min: -14.86% - Market Cap 7798 - Trading time: 00:00:23
08-09-2025 13:45:09.063 INFO Current price: 0.000000035250 - Current percentage: -17.14% - Max: 13.88% - Min: -17.14% - Market Cap 7256 - Trading time: 00:00:23
08-09-2025 13:45:10.473 INFO Current price: 0.000000033995 - Current percentage: -17.18% - Max: 13.88% - Min: -17.18% - Market Cap 7252 - Trading time: 00:00:24
08-09-2025 13:45:10.505 INFO Current price: 0.000000034457 - Current percentage: -14.87% - Max: 13.88% - Min: -17.18% - Market Cap 7454 - Trading time: 00:00:24
08-09-2025 13:45:10.505 INFO Current price: 0.000000035475 - Current percentage: -12.21% - Max: 13.88% - Min: -17.18% - Market Cap 7688 - Trading time: 00:00:24
08-09-2025 13:45:10.682 INFO Current price: 0.000000036536 - Current percentage: -9.71% - Max: 13.88% - Min: -17.18% - Market Cap 7907 - Trading time: 00:00:24
08-09-2025 13:45:10.685 INFO Current price: 0.000000037585 - Current percentage: -7.10% - Max: 13.88% - Min: -17.18% - Market Cap 8135 - Trading time: 00:00:24
08-09-2025 13:45:11.157 INFO Current price: 0.000000038070 - Current percentage: -7.36% - Max: 13.88% - Min: -17.18% - Market Cap 8112 - Trading time: 00:00:25
08-09-2025 13:45:11.177 INFO Current price: 0.000000038659 - Current percentage: -4.20% - Max: 13.88% - Min: -17.18% - Market Cap 8389 - Trading time: 00:00:25
08-09-2025 13:45:11.966 INFO Current price: 0.000000039597 - Current percentage: -2.81% - Max: 13.88% - Min: -17.18% - Market Cap 8511 - Trading time: 00:00:25
08-09-2025 13:45:11.996 INFO Current price: 0.000000040141 - Current percentage: -1.55% - Max: 13.88% - Min: -17.18% - Market Cap 8621 - Trading time: 00:00:26
08-09-2025 13:45:20.568 INFO Current price: 0.000000040939 - Current percentage: 1.09% - Max: 13.88% - Min: -17.18% - Market Cap 8852 - Trading time: 00:00:34
08-09-2025 13:45:20.598 INFO Current price: 0.000000042049 - Current percentage: 3.87% - Max: 13.88% - Min: -17.18% - Market Cap 9095 - Trading time: 00:00:34
08-09-2025 13:45:24.542 INFO Current price: 0.000000042602 - Current percentage: 3.77% - Max: 13.88% - Min: -17.18% - Market Cap 9086 - Trading time: 00:00:38
08-09-2025 13:45:25.754 INFO Current price: 0.000000044830 - Current percentage: 15.02% - Max: 15.02% - Min: -17.18% - Market Cap 10072 - Trading time: 00:00:39
08-09-2025 13:45:25.965 INFO Current price: 0.000000045908 - Current percentage: 8.81% - Max: 15.02% - Min: -17.18% - Market Cap 9528 - Trading time: 00:00:39
08-09-2025 13:45:32.129 INFO Current price: 0.000000042471 - Current percentage: -1.56% - Max: 15.02% - Min: -17.18% - Market Cap 8620 - Trading time: 00:00:46
08-09-2025 13:45:39.431 INFO Current price: 0.000000040968 - Current percentage: 1.25% - Max: 15.02% - Min: -17.18% - Market Cap 8866 - Trading time: 00:00:53
08-09-2025 13:45:39.433 INFO Current price: 0.000000042079 - Current percentage: 3.85% - Max: 15.02% - Min: -17.18% - Market Cap 9094 - Trading time: 00:00:53
08-09-2025 13:45:49.173 INFO Current price: 0.000000040378 - Current percentage: -6.77% - Max: 15.02% - Min: -17.18% - Market Cap 8164 - Trading time: 00:01:03
08-09-2025 13:45:49.174 INFO Current price: 0.000000036271 - Current percentage: -16.20% - Max: 15.02% - Min: -17.18% - Market Cap 7338 - Trading time: 00:01:03
08-09-2025 13:45:49.218 INFO Current price: 0.000000033851 - Current percentage: -18.79% - Max: 15.02% - Min: -18.79% - Market Cap 7111 - Trading time: 00:01:03
08-09-2025 13:45:55.016 INFO Current price: 0.000000031854 - Current percentage: -25.80% - Max: 15.02% - Min: -25.80% - Market Cap 6497 - Trading time: 00:01:09
08-09-2025 13:45:55.018 INFO Current price: 0.000000029177 - Current percentage: -31.87% - Max: 15.02% - Min: -31.87% - Market Cap 5966 - Trading time: 00:01:09
08-09-2025 13:45:55.827 INFO Current price: 0.000000027964 - Current percentage: -31.84% - Max: 15.02% - Min: -31.87% - Market Cap 5968 - Trading time: 00:01:09
08-09-2025 13:45:57.153 INFO Current price: 0.000000027964 - Current percentage: -31.87% - Max: 15.02% - Min: -31.87% - Market Cap 5966 - Trading time: 00:01:11






08-09-2025 13:55:57.155 INFO {"type":"summary","reason":"inactivity","startedAt":"2025-09-08T11:44:45.995Z","endedAt":"2025-09-08T11:55:57.155Z","durationSec":671,"entryPrice":4.6114923109040336e-8,"entryMarketCapSol":41.03601200462073,"entryMarketCapUsd":8756.674601666016,"minPct":-31.867176876040915,"maxPct":15.016621616047068,"buyCount":29,"sellCount":23,"tradeCount":52,"entryRecorded":true,"noPostThresholdTrades":false,"triggerAt":"2025-09-08T11:44:45.994Z","ageAtTriggerSec":3,"preTotalTrades":11,"preBuys":8,"preSells":3,"preUniqueTraders":8,"preEntryTotalTrades":14,"preEntryBuys":9,"preEntrySells":5,"preEntryUniqueTraders":9,"preEntryMinMcUsd":7277.137805021618,"preEntryMaxMcUsd":11058.389760739925,"thresholdMcSol":41.03601200462073,"thresholdMcUsd":8756.674601666016,"thresholdPrice":4.6114923109040336e-8}
