07-09-2025 22:55:40.730 INFO Entry price: 0.000000040943317642 - Entry market cap: 7452 - Buys 39 - Sells 20 - Ratio: 1:0.51 - Min MarketCap: 7135 - Max MarketCap: 11611
07-09-2025 22:55:40.730 INFO Current price: 0.000000040943 - Current percentage: 0.00% - Max: 0.00% - Min: 0.00% - Market Cap 7452 - Trading time: 00:00:02
07-09-2025 22:55:40.898 INFO Current price: 0.000000057149 - Current percentage: 55.80% - Max: 55.80% - Min: 0.00% - Market Cap 11610 - Trading time: 00:00:02
07-09-2025 22:55:41.687 INFO Current price: 0.000000058451 - Current percentage: 62.99% - Max: 62.99% - Min: 0.00% - Market Cap 12146 - Trading time: 00:00:02
07-09-2025 22:55:41.856 INFO Current price: 0.000000054981 - Current percentage: 37.85% - Max: 62.99% - Min: 0.00% - Market Cap 10272 - Trading time: 00:00:03
07-09-2025 22:55:42.736 INFO Current price: 0.000000050686 - Current percentage: 38.52% - Max: 62.99% - Min: 0.00% - Market Cap 10322 - Trading time: 00:00:04
07-09-2025 22:55:42.833 INFO Current price: 0.000000050993 - Current percentage: 39.52% - Max: 62.99% - Min: 0.00% - Market Cap 10397 - Trading time: 00:00:04
07-09-2025 22:55:43.121 INFO Current price: 0.000000049671 - Current percentage: 31.43% - Max: 62.99% - Min: 0.00% - Market Cap 9794 - Trading time: 00:00:04
07-09-2025 22:55:43.260 INFO Current price: 0.000000048055 - Current percentage: 30.59% - Max: 62.99% - Min: 0.00% - Market Cap 9732 - Trading time: 00:00:04
07-09-2025 22:55:43.265 INFO Current price: 0.000000047721 - Current percentage: 29.61% - Max: 62.99% - Min: 0.00% - Market Cap 9658 - Trading time: 00:00:04
07-09-2025 22:55:43.408 INFO Current price: 0.000000047538 - Current percentage: 29.61% - Max: 62.99% - Min: 0.00% - Market Cap 9658 - Trading time: 00:00:04
07-09-2025 22:55:43.413 INFO Current price: 0.000000047564 - Current percentage: 29.74% - Max: 62.99% - Min: 0.00% - Market Cap 9668 - Trading time: 00:00:04
07-09-2025 22:55:43.703 INFO Current price: 0.000000047562 - Current percentage: 29.59% - Max: 62.99% - Min: 0.00% - Market Cap 9657 - Trading time: 00:00:04
07-09-2025 22:55:43.705 INFO Current price: 0.000000047499 - Current percentage: 29.40% - Max: 62.99% - Min: 0.00% - Market Cap 9642 - Trading time: 00:00:04
07-09-2025 22:55:43.706 INFO Current price: 0.000000047452 - Current percentage: 29.34% - Max: 62.99% - Min: 0.00% - Market Cap 9638 - Trading time: 00:00:04
07-09-2025 22:55:43.776 INFO Current price: 0.000000047432 - Current percentage: 29.29% - Max: 62.99% - Min: 0.00% - Market Cap 9634 - Trading time: 00:00:05
07-09-2025 22:55:43.780 INFO Current price: 0.000000047412 - Current percentage: 29.23% - Max: 62.99% - Min: 0.00% - Market Cap 9630 - Trading time: 00:00:05
07-09-2025 22:55:44.871 INFO Current price: 0.000000047639 - Current percentage: 30.53% - Max: 62.99% - Min: 0.00% - Market Cap 9727 - Trading time: 00:00:06
07-09-2025 22:55:44.975 INFO Current price: 0.000000047877 - Current percentage: 30.52% - Max: 62.99% - Min: 0.00% - Market Cap 9727 - Trading time: 00:00:06
07-09-2025 22:55:44.979 INFO Current price: 0.000000047875 - Current percentage: 30.52% - Max: 62.99% - Min: 0.00% - Market Cap 9726 - Trading time: 00:00:06
07-09-2025 22:55:45.070 INFO Current price: 0.000000047874 - Current percentage: 30.52% - Max: 62.99% - Min: 0.00% - Market Cap 9726 - Trading time: 00:00:06
07-09-2025 22:55:45.075 INFO Current price: 0.000000047873 - Current percentage: 30.51% - Max: 62.99% - Min: 0.00% - Market Cap 9726 - Trading time: 00:00:06
07-09-2025 22:55:45.076 INFO Current price: 0.000000047872 - Current percentage: 30.51% - Max: 62.99% - Min: 0.00% - Market Cap 9725 - Trading time: 00:00:06
07-09-2025 22:55:45.479 INFO Current price: 0.000000047388 - Current percentage: 27.89% - Max: 62.99% - Min: 0.00% - Market Cap 9530 - Trading time: 00:00:06
07-09-2025 22:55:45.504 INFO Current price: 0.000000046909 - Current percentage: 27.89% - Max: 62.99% - Min: 0.00% - Market Cap 9530 - Trading time: 00:00:06
07-09-2025 22:55:45.516 INFO Current price: 0.000000046908 - Current percentage: 27.88% - Max: 62.99% - Min: 0.00% - Market Cap 9530 - Trading time: 00:00:06
07-09-2025 22:55:45.710 INFO Current price: 0.000000047025 - Current percentage: 28.53% - Max: 62.99% - Min: 0.00% - Market Cap 9578 - Trading time: 00:00:06
07-09-2025 22:55:45.798 INFO Current price: 0.000000047144 - Current percentage: 28.53% - Max: 62.99% - Min: 0.00% - Market Cap 9578 - Trading time: 00:00:07
07-09-2025 22:55:45.803 INFO Current price: 0.000000045810 - Current percentage: 21.36% - Max: 62.99% - Min: 0.00% - Market Cap 9043 - Trading time: 00:00:07
07-09-2025 22:55:45.916 INFO Current price: 0.000000044513 - Current percentage: 21.36% - Max: 62.99% - Min: 0.00% - Market Cap 9043 - Trading time: 00:00:07
07-09-2025 22:55:45.917 INFO Current price: 0.000000044213 - Current percentage: 19.72% - Max: 62.99% - Min: 0.00% - Market Cap 8922 - Trading time: 00:00:07
07-09-2025 22:55:45.935 INFO Current price: 0.000000043781 - Current percentage: 19.00% - Max: 62.99% - Min: 0.00% - Market Cap 8868 - Trading time: 00:00:07
07-09-2025 22:55:46.445 INFO Current price: 0.000000043436 - Current percentage: 17.85% - Max: 62.99% - Min: 0.00% - Market Cap 8782 - Trading time: 00:00:07
07-09-2025 22:55:46.900 INFO Current price: 0.000000040893 - Current percentage: 5.47% - Max: 62.99% - Min: 0.00% - Market Cap 7859 - Trading time: 00:00:08
07-09-2025 22:55:47.022 INFO Current price: 0.000000038672 - Current percentage: 5.47% - Max: 62.99% - Min: 0.00% - Market Cap 7859 - Trading time: 00:00:08
07-09-2025 22:55:47.023 INFO Current price: 0.000000038715 - Current percentage: 5.47% - Max: 62.99% - Min: 0.00% - Market Cap 7859 - Trading time: 00:00:08
07-09-2025 22:55:47.709 INFO Current price: 0.000000038604 - Current percentage: 5.02% - Max: 62.99% - Min: 0.00% - Market Cap 7826 - Trading time: 00:00:08
07-09-2025 22:55:49.798 INFO Current price: 0.000000038435 - Current percentage: 4.55% - Max: 62.99% - Min: 0.00% - Market Cap 7791 - Trading time: 00:00:11
07-09-2025 22:55:50.045 INFO Current price: 0.000000038348 - Current percentage: 4.55% - Max: 62.99% - Min: 0.00% - Market Cap 7791 - Trading time: 00:00:11
07-09-2025 22:55:50.052 INFO Current price: 0.000000038347 - Current percentage: 4.54% - Max: 62.99% - Min: 0.00% - Market Cap 7790 - Trading time: 00:00:11
07-09-2025 22:55:50.053 INFO Current price: 0.000000038346 - Current percentage: 4.54% - Max: 62.99% - Min: 0.00% - Market Cap 7790 - Trading time: 00:00:11
07-09-2025 22:55:50.231 INFO Current price: 0.000000038171 - Current percentage: 3.59% - Max: 62.99% - Min: 0.00% - Market Cap 7720 - Trading time: 00:00:11
07-09-2025 22:55:50.262 INFO Current price: 0.000000038529 - Current percentage: 6.51% - Max: 62.99% - Min: 0.00% - Market Cap 7937 - Trading time: 00:00:11
07-09-2025 22:55:50.273 INFO Current price: 0.000000039068 - Current percentage: 6.51% - Max: 62.99% - Min: 0.00% - Market Cap 7937 - Trading time: 00:00:11
07-09-2025 22:55:50.287 INFO Current price: 0.000000039067 - Current percentage: 6.51% - Max: 62.99% - Min: 0.00% - Market Cap 7937 - Trading time: 00:00:11
07-09-2025 22:55:50.289 INFO Current price: 0.000000039066 - Current percentage: 6.50% - Max: 62.99% - Min: 0.00% - Market Cap 7936 - Trading time: 00:00:11
07-09-2025 22:55:50.350 INFO Current price: 0.000000038747 - Current percentage: 4.78% - Max: 62.99% - Min: 0.00% - Market Cap 7808 - Trading time: 00:00:11
07-09-2025 22:55:50.643 INFO Current price: 0.000000038432 - Current percentage: 4.78% - Max: 62.99% - Min: 0.00% - Market Cap 7808 - Trading time: 00:00:11
07-09-2025 22:55:51.546 INFO Current price: 0.000000038431 - Current percentage: 4.77% - Max: 62.99% - Min: 0.00% - Market Cap 7808 - Trading time: 00:00:12
07-09-2025 22:55:51.903 INFO Current price: 0.000000038485 - Current percentage: 5.07% - Max: 62.99% - Min: 0.00% - Market Cap 7830 - Trading time: 00:00:13
07-09-2025 22:55:51.904 INFO Current price: 0.000000038540 - Current percentage: 5.07% - Max: 62.99% - Min: 0.00% - Market Cap 7830 - Trading time: 00:00:13
07-09-2025 22:55:52.304 INFO Current price: 0.000000038646 - Current percentage: 5.65% - Max: 62.99% - Min: 0.00% - Market Cap 7873 - Trading time: 00:00:13
07-09-2025 22:55:52.706 INFO Current price: 0.000000038773 - Current percentage: 5.76% - Max: 62.99% - Min: 0.00% - Market Cap 7881 - Trading time: 00:00:13
07-09-2025 22:55:54.197 INFO Current price: 0.000000038825 - Current percentage: 5.93% - Max: 62.99% - Min: 0.00% - Market Cap 7894 - Trading time: 00:00:15
07-09-2025 22:55:54.499 INFO Current price: 0.000000038323 - Current percentage: 3.04% - Max: 62.99% - Min: 0.00% - Market Cap 7679 - Trading time: 00:00:15
07-09-2025 22:55:54.584 INFO Current price: 0.000000036494 - Current percentage: -3.93% - Max: 62.99% - Min: -3.93% - Market Cap 7159 - Trading time: 00:00:15
07-09-2025 22:55:54.595 INFO Current price: 0.000000033952 - Current percentage: -10.82% - Max: 62.99% - Min: -10.82% - Market Cap 6646 - Trading time: 00:00:15
07-09-2025 22:55:55.077 INFO Current price: 0.000000030867 - Current percentage: -20.59% - Max: 62.99% - Min: -20.59% - Market Cap 5917 - Trading time: 00:00:16
07-09-2025 22:55:55.463 INFO Current price: 0.000000030850 - Current percentage: -10.92% - Max: 62.99% - Min: -20.59% - Market Cap 6638 - Trading time: 00:00:16
07-09-2025 22:55:55.465 INFO Current price: 0.000000034790 - Current percentage: 0.99% - Max: 62.99% - Min: -20.59% - Market Cap 7525 - Trading time: 00:00:16
07-09-2025 22:55:55.959 INFO Current price: 0.000000036879 - Current percentage: 0.10% - Max: 62.99% - Min: -20.59% - Market Cap 7460 - Trading time: 00:00:17
07-09-2025 22:55:56.316 INFO Current price: 0.000000037882 - Current percentage: 6.55% - Max: 62.99% - Min: -20.59% - Market Cap 7940 - Trading time: 00:00:17
07-09-2025 22:55:56.334 INFO Current price: 0.000000039083 - Current percentage: 6.55% - Max: 62.99% - Min: -20.59% - Market Cap 7940 - Trading time: 00:00:17
07-09-2025 22:55:56.401 INFO Current price: 0.000000039083 - Current percentage: 6.55% - Max: 62.99% - Min: -20.59% - Market Cap 7940 - Trading time: 00:00:17
07-09-2025 22:55:56.652 INFO Current price: 0.000000039094 - Current percentage: 6.61% - Max: 62.99% - Min: -20.59% - Market Cap 7944 - Trading time: 00:00:17
07-09-2025 22:55:56.793 INFO Current price: 0.000000040152 - Current percentage: 12.40% - Max: 62.99% - Min: -20.59% - Market Cap 8376 - Trading time: 00:00:18
07-09-2025 22:55:56.795 INFO Current price: 0.000000042365 - Current percentage: 18.69% - Max: 62.99% - Min: -20.59% - Market Cap 8844 - Trading time: 00:00:18
07-09-2025 22:55:57.563 INFO Current price: 0.000000043591 - Current percentage: 19.00% - Max: 62.99% - Min: -20.59% - Market Cap 8867 - Trading time: 00:00:18
07-09-2025 22:55:58.639 INFO Current price: 0.000000043923 - Current percentage: 20.50% - Max: 62.99% - Min: -20.59% - Market Cap 8980 - Trading time: 00:00:19
07-09-2025 22:55:58.861 INFO Current price: 0.000000044203 - Current percentage: 20.51% - Max: 62.99% - Min: -20.59% - Market Cap 8981 - Trading time: 00:00:20
07-09-2025 22:55:59.994 INFO Current price: 0.000000044377 - Current percentage: 21.45% - Max: 62.99% - Min: -20.59% - Market Cap 9051 - Trading time: 00:00:21
07-09-2025 22:56:01.978 INFO Current price: 0.000000044510 - Current percentage: 21.24% - Max: 62.99% - Min: -20.59% - Market Cap 9035 - Trading time: 00:00:23
07-09-2025 22:56:02.493 INFO Current price: 0.000000045599 - Current percentage: 27.47% - Max: 62.99% - Min: -20.59% - Market Cap 9499 - Trading time: 00:00:23
07-09-2025 22:56:02.498 INFO Current price: 0.000000047956 - Current percentage: 34.09% - Max: 62.99% - Min: -20.59% - Market Cap 9993 - Trading time: 00:00:23
07-09-2025 22:56:02.725 INFO Current price: 0.000000049172 - Current percentage: 34.02% - Max: 62.99% - Min: -20.59% - Market Cap 9987 - Trading time: 00:00:23
07-09-2025 22:56:03.293 INFO Current price: 0.000000051575 - Current percentage: 47.52% - Max: 62.99% - Min: -20.59% - Market Cap 10993 - Trading time: 00:00:24
07-09-2025 22:56:03.626 INFO Current price: 0.000000054237 - Current percentage: 48.21% - Max: 62.99% - Min: -20.59% - Market Cap 11045 - Trading time: 00:00:24
07-09-2025 22:56:05.581 INFO Current price: 0.000000055635 - Current percentage: 55.22% - Max: 62.99% - Min: -20.59% - Market Cap 11567 - Trading time: 00:00:26
07-09-2025 22:56:05.939 INFO Current price: 0.000000059595 - Current percentage: 70.06% - Max: 70.06% - Min: -20.59% - Market Cap 12673 - Trading time: 00:00:27
07-09-2025 22:56:06.033 INFO Current price: 0.000000062131 - Current percentage: 68.71% - Max: 70.06% - Min: -20.59% - Market Cap 12572 - Trading time: 00:00:27
07-09-2025 22:56:06.307 INFO Current price: 0.000000061424 - Current percentage: 66.22% - Max: 70.06% - Min: -20.59% - Market Cap 12386 - Trading time: 00:00:27
07-09-2025 22:56:08.007 INFO Current price: 0.000000061091 - Current percentage: 66.89% - Max: 70.06% - Min: -20.59% - Market Cap 12436 - Trading time: 00:00:29
07-09-2025 22:56:08.016 INFO Current price: 0.000000061361 - Current percentage: 67.69% - Max: 70.06% - Min: -20.59% - Market Cap 12496 - Trading time: 00:00:29
07-09-2025 22:56:09.550 INFO Current price: 0.000000065563 - Current percentage: 90.53% - Max: 90.53% - Min: -20.59% - Market Cap 14198 - Trading time: 00:00:30
07-09-2025 22:56:10.078 INFO Current price: 0.000000068942 - Current percentage: 85.42% - Max: 90.53% - Min: -20.59% - Market Cap 13817 - Trading time: 00:00:31
07-09-2025 22:56:13.534 INFO Current price: 0.000000067228 - Current percentage: 81.17% - Max: 90.53% - Min: -20.59% - Market Cap 13500 - Trading time: 00:00:34
07-09-2025 22:56:13.542 INFO Current price: 0.000000065769 - Current percentage: 77.46% - Max: 90.53% - Min: -20.59% - Market Cap 13224 - Trading time: 00:00:34
07-09-2025 22:56:14.738 INFO Current price: 0.000000065335 - Current percentage: 78.78% - Max: 90.53% - Min: -20.59% - Market Cap 13323 - Trading time: 00:00:36
07-09-2025 22:56:15.948 INFO Current price: 0.000000063608 - Current percentage: 68.21% - Max: 90.53% - Min: -20.59% - Market Cap 12535 - Trading time: 00:00:37
07-09-2025 22:56:15.955 INFO Current price: 0.000000059707 - Current percentage: 57.53% - Max: 90.53% - Min: -20.59% - Market Cap 11739 - Trading time: 00:00:37
07-09-2025 22:56:17.359 INFO Current price: 0.000000059091 - Current percentage: 64.75% - Max: 90.53% - Min: -20.59% - Market Cap 12277 - Trading time: 00:00:38
07-09-2025 22:56:17.575 INFO Current price: 0.000000060471 - Current percentage: 64.97% - Max: 90.53% - Min: -20.59% - Market Cap 12293 - Trading time: 00:00:38
07-09-2025 22:56:18.030 INFO Current price: 0.000000060678 - Current percentage: 65.88% - Max: 90.53% - Min: -20.59% - Market Cap 12362 - Trading time: 00:00:39
07-09-2025 22:56:18.781 INFO Current price: 0.000000060848 - Current percentage: 65.89% - Max: 90.53% - Min: -20.59% - Market Cap 12362 - Trading time: 00:00:40
07-09-2025 22:56:19.458 INFO Current price: 0.000000060922 - Current percentage: 66.29% - Max: 90.53% - Min: -20.59% - Market Cap 12392 - Trading time: 00:00:40
07-09-2025 22:56:19.469 INFO Current price: 0.000000061057 - Current percentage: 66.63% - Max: 90.53% - Min: -20.59% - Market Cap 12417 - Trading time: 00:00:40
07-09-2025 22:56:19.785 INFO Current price: 0.000000061246 - Current percentage: 67.32% - Max: 90.53% - Min: -20.59% - Market Cap 12469 - Trading time: 00:00:41
07-09-2025 22:56:19.785 INFO Current price: 0.000000061516 - Current percentage: 68.10% - Max: 90.53% - Min: -20.59% - Market Cap 12527 - Trading time: 00:00:41
07-09-2025 22:56:20.368 INFO Current price: 0.000000061286 - Current percentage: 66.07% - Max: 90.53% - Min: -20.59% - Market Cap 12376 - Trading time: 00:00:41
07-09-2025 22:56:20.403 INFO Current price: 0.000000061050 - Current percentage: 66.81% - Max: 90.53% - Min: -20.59% - Market Cap 12430 - Trading time: 00:00:41
07-09-2025 22:56:20.463 INFO Current price: 0.000000061248 - Current percentage: 67.15% - Max: 90.53% - Min: -20.59% - Market Cap 12456 - Trading time: 00:00:41
07-09-2025 22:56:20.463 INFO Current price: 0.000000061383 - Current percentage: 67.54% - Max: 90.53% - Min: -20.59% - Market Cap 12485 - Trading time: 00:00:41
07-09-2025 22:56:22.804 INFO Current price: 0.000000061176 - Current percentage: 66.03% - Max: 90.53% - Min: -20.59% - Market Cap 12372 - Trading time: 00:00:44
07-09-2025 22:56:23.209 INFO Current price: 0.000000060899 - Current percentage: 66.03% - Max: 90.53% - Min: -20.59% - Market Cap 12372 - Trading time: 00:00:44
07-09-2025 22:56:25.700 INFO Current price: 0.000000061218 - Current percentage: 67.77% - Max: 90.53% - Min: -20.59% - Market Cap 12502 - Trading time: 00:00:46
07-09-2025 22:56:25.719 INFO Current price: 0.000000061894 - Current percentage: 69.71% - Max: 90.53% - Min: -20.59% - Market Cap 12647 - Trading time: 00:00:46
07-09-2025 22:56:25.921 INFO Current price: 0.000000062038 - Current percentage: 68.55% - Max: 90.53% - Min: -20.59% - Market Cap 12560 - Trading time: 00:00:47
07-09-2025 22:56:25.971 INFO Current price: 0.000000061615 - Current percentage: 67.41% - Max: 90.53% - Min: -20.59% - Market Cap 12475 - Trading time: 00:00:47
07-09-2025 22:56:26.289 INFO Current price: 0.000000063765 - Current percentage: 80.53% - Max: 90.53% - Min: -20.59% - Market Cap 13453 - Trading time: 00:00:47
07-09-2025 22:56:26.336 INFO Current price: 0.000000068814 - Current percentage: 94.96% - Max: 94.96% - Min: -20.59% - Market Cap 14528 - Trading time: 00:00:47
07-09-2025 22:56:27.301 INFO Current price: 0.000000072970 - Current percentage: 102.99% - Max: 102.99% - Min: -20.59% - Market Cap 15127 - Trading time: 00:00:48
07-09-2025 22:56:28.072 INFO Current price: 0.000000074531 - Current percentage: 103.40% - Max: 103.40% - Min: -20.59% - Market Cap 15157 - Trading time: 00:00:49
07-09-2025 22:56:28.485 INFO Current price: 0.000000074820 - Current percentage: 104.57% - Max: 104.57% - Min: -20.59% - Market Cap 15244 - Trading time: 00:00:49
07-09-2025 22:56:28.555 INFO Current price: 0.000000075115 - Current percentage: 105.00% - Max: 105.00% - Min: -20.59% - Market Cap 15277 - Trading time: 00:00:49
07-09-2025 22:56:29.583 INFO Current price: 0.000000075360 - Current percentage: 105.90% - Max: 105.90% - Min: -20.59% - Market Cap 15344 - Trading time: 00:00:50
07-09-2025 22:56:30.644 INFO Current price: 0.000000074354 - Current percentage: 99.57% - Max: 105.90% - Min: -20.59% - Market Cap 14872 - Trading time: 00:00:51
07-09-2025 22:56:36.088 INFO Current price: 0.000000074391 - Current percentage: 106.11% - Max: 106.11% - Min: -20.59% - Market Cap 15359 - Trading time: 00:00:57
07-09-2025 22:56:36.938 INFO Current price: 0.000000072189 - Current percentage: 87.93% - Max: 106.11% - Min: -20.59% - Market Cap 14004 - Trading time: 00:00:58
07-09-2025 22:56:38.100 INFO Current price: 0.000000068857 - Current percentage: 87.52% - Max: 106.11% - Min: -20.59% - Market Cap 13974 - Trading time: 00:00:59
07-09-2025 22:56:38.274 INFO Current price: 0.000000068781 - Current percentage: 87.51% - Max: 106.11% - Min: -20.59% - Market Cap 13973 - Trading time: 00:00:59
07-09-2025 22:56:40.494 INFO Current price: 0.000000064556 - Current percentage: 65.20% - Max: 106.11% - Min: -20.59% - Market Cap 12310 - Trading time: 00:01:01
07-09-2025 22:56:41.325 INFO Current price: 0.000000061333 - Current percentage: 67.95% - Max: 106.11% - Min: -20.59% - Market Cap 12515 - Trading time: 00:01:02
07-09-2025 22:56:41.432 INFO Current price: 0.000000061644 - Current percentage: 68.17% - Max: 106.11% - Min: -20.59% - Market Cap 12532 - Trading time: 00:01:02
07-09-2025 22:56:41.436 INFO Current price: 0.000000060303 - Current percentage: 60.72% - Max: 106.11% - Min: -20.59% - Market Cap 11977 - Trading time: 00:01:02
07-09-2025 22:56:45.021 INFO Current price: 0.000000058825 - Current percentage: 60.03% - Max: 106.11% - Min: -20.59% - Market Cap 11925 - Trading time: 00:01:06
07-09-2025 22:56:45.031 INFO Current price: 0.000000056090 - Current percentage: 46.12% - Max: 106.11% - Min: -20.59% - Market Cap 10889 - Trading time: 00:01:06
07-09-2025 22:56:45.402 INFO Current price: 0.000000054859 - Current percentage: 53.08% - Max: 106.11% - Min: -20.59% - Market Cap 11407 - Trading time: 00:01:06
07-09-2025 22:56:45.528 INFO Current price: 0.000000054230 - Current percentage: 42.79% - Max: 106.11% - Min: -20.59% - Market Cap 10641 - Trading time: 00:01:06
07-09-2025 22:56:45.529 INFO Current price: 0.000000050675 - Current percentage: 33.67% - Max: 106.11% - Min: -20.59% - Market Cap 9961 - Trading time: 00:01:06
07-09-2025 22:56:45.657 INFO Current price: 0.000000048232 - Current percentage: 29.35% - Max: 106.11% - Min: -20.59% - Market Cap 9639 - Trading time: 00:01:06
07-09-2025 22:56:46.094 INFO Current price: 0.000000047365 - Current percentage: 28.91% - Max: 106.11% - Min: -20.59% - Market Cap 9606 - Trading time: 00:01:07
07-09-2025 22:56:47.006 INFO Current price: 0.000000047342 - Current percentage: 29.23% - Max: 106.11% - Min: -20.59% - Market Cap 9630 - Trading time: 00:01:08
07-09-2025 22:56:48.090 INFO Current price: 0.000000047995 - Current percentage: 32.49% - Max: 106.11% - Min: -20.59% - Market Cap 9873 - Trading time: 00:01:09
07-09-2025 22:56:48.850 INFO Current price: 0.000000048716 - Current percentage: 33.14% - Max: 106.11% - Min: -20.59% - Market Cap 9922 - Trading time: 00:01:10
07-09-2025 22:56:49.322 INFO Current price: 0.000000048207 - Current percentage: 29.73% - Max: 106.11% - Min: -20.59% - Market Cap 9667 - Trading time: 00:01:10
07-09-2025 22:56:50.379 INFO Current price: 0.000000047301 - Current percentage: 28.19% - Max: 106.11% - Min: -20.59% - Market Cap 9552 - Trading time: 00:01:11
07-09-2025 22:56:51.671 INFO Current price: 0.000000047052 - Current percentage: 28.28% - Max: 106.11% - Min: -20.59% - Market Cap 9559 - Trading time: 00:01:12
07-09-2025 22:56:53.462 INFO Current price: 0.000000048063 - Current percentage: 33.85% - Max: 106.11% - Min: -20.59% - Market Cap 9974 - Trading time: 00:01:14
07-09-2025 22:56:53.468 INFO Current price: 0.000000050048 - Current percentage: 39.09% - Max: 106.11% - Min: -20.59% - Market Cap 10365 - Trading time: 00:01:14
07-09-2025 22:56:54.999 INFO Current price: 0.000000051670 - Current percentage: 42.67% - Max: 106.11% - Min: -20.59% - Market Cap 10631 - Trading time: 00:01:16
07-09-2025 22:56:55.057 INFO Current price: 0.000000053055 - Current percentage: 46.65% - Max: 106.11% - Min: -20.59% - Market Cap 10928 - Trading time: 00:01:16
07-09-2025 22:56:56.746 INFO Current price: 0.000000054843 - Current percentage: 52.45% - Max: 106.11% - Min: -20.59% - Market Cap 11360 - Trading time: 00:01:18
07-09-2025 22:56:56.747 INFO Current price: 0.000000056961 - Current percentage: 58.19% - Max: 106.11% - Min: -20.59% - Market Cap 11788 - Trading time: 00:01:18
07-09-2025 22:56:57.898 INFO Current price: 0.000000058070 - Current percentage: 58.44% - Max: 106.11% - Min: -20.59% - Market Cap 11807 - Trading time: 00:01:19
07-09-2025 22:56:58.014 INFO Current price: 0.000000060336 - Current percentage: 70.78% - Max: 106.11% - Min: -20.59% - Market Cap 12726 - Trading time: 00:01:19
07-09-2025 22:56:58.082 INFO Current price: 0.000000062778 - Current percentage: 71.52% - Max: 106.11% - Min: -20.59% - Market Cap 12782 - Trading time: 00:01:19
07-09-2025 22:56:58.099 INFO Current price: 0.000000064313 - Current percentage: 79.23% - Max: 106.11% - Min: -20.59% - Market Cap 13356 - Trading time: 00:01:19
07-09-2025 22:56:58.099 INFO Current price: 0.000000066022 - Current percentage: 80.76% - Max: 106.11% - Min: -20.59% - Market Cap 13470 - Trading time: 00:01:19
07-09-2025 22:56:58.209 INFO Current price: 0.000000069767 - Current percentage: 94.58% - Max: 106.11% - Min: -20.59% - Market Cap 14500 - Trading time: 00:01:19
07-09-2025 22:56:58.630 INFO Current price: 0.000000071372 - Current percentage: 94.58% - Max: 106.11% - Min: -20.59% - Market Cap 14500 - Trading time: 00:01:19
07-09-2025 22:56:59.466 INFO Current price: 0.000000072827 - Current percentage: 102.60% - Max: 106.11% - Min: -20.59% - Market Cap 15097 - Trading time: 00:01:20
07-09-2025 22:57:06.064 INFO Current price: 0.000000074312 - Current percentage: 102.59% - Max: 106.11% - Min: -20.59% - Market Cap 15097 - Trading time: 00:01:27
07-09-2025 22:57:08.065 INFO Current price: 0.000000074387 - Current percentage: 103.01% - Max: 106.11% - Min: -20.59% - Market Cap 15128 - Trading time: 00:01:29
07-09-2025 22:57:09.700 INFO Current price: 0.000000073270 - Current percentage: 96.55% - Max: 106.11% - Min: -20.59% - Market Cap 14647 - Trading time: 00:01:30
07-09-2025 22:57:09.768 INFO Current price: 0.000000071029 - Current percentage: 90.78% - Max: 106.11% - Min: -20.59% - Market Cap 14217 - Trading time: 00:01:31
07-09-2025 22:57:09.912 INFO Current price: 0.000000069980 - Current percentage: 90.79% - Max: 106.11% - Min: -20.59% - Market Cap 14217 - Trading time: 00:01:31
07-09-2025 22:57:11.151 INFO Current price: 0.000000069909 - Current percentage: 90.40% - Max: 106.11% - Min: -20.59% - Market Cap 14188 - Trading time: 00:01:32
07-09-2025 22:57:11.714 INFO Current price: 0.000000069837 - Current percentage: 90.39% - Max: 106.11% - Min: -20.59% - Market Cap 14188 - Trading time: 00:01:32
07-09-2025 22:57:11.834 INFO Current price: 0.000000069856 - Current percentage: 90.50% - Max: 106.11% - Min: -20.59% - Market Cap 14196 - Trading time: 00:01:33
07-09-2025 22:57:11.835 INFO Current price: 0.000000069900 - Current percentage: 90.63% - Max: 106.11% - Min: -20.59% - Market Cap 14206 - Trading time: 00:01:33
07-09-2025 22:57:13.706 INFO Current price: 0.000000069894 - Current percentage: 90.47% - Max: 106.11% - Min: -20.59% - Market Cap 14194 - Trading time: 00:01:34
07-09-2025 22:57:15.680 INFO Current price: 0.000000070225 - Current percentage: 92.44% - Max: 106.11% - Min: -20.59% - Market Cap 14340 - Trading time: 00:01:36
07-09-2025 22:57:16.305 INFO Current price: 0.000000066834 - Current percentage: 72.52% - Max: 106.11% - Min: -20.59% - Market Cap 12856 - Trading time: 00:01:37
07-09-2025 22:57:19.837 INFO Current price: 0.000000063122 - Current percentage: 71.65% - Max: 106.11% - Min: -20.59% - Market Cap 12791 - Trading time: 00:01:41
07-09-2025 22:57:19.953 INFO Current price: 0.000000061607 - Current percentage: 64.34% - Max: 106.11% - Min: -20.59% - Market Cap 12247 - Trading time: 00:01:41
07-09-2025 22:57:19.991 INFO Current price: 0.000000058775 - Current percentage: 56.23% - Max: 106.11% - Min: -20.59% - Market Cap 11642 - Trading time: 00:01:41
07-09-2025 22:57:21.535 INFO Current price: 0.000000057828 - Current percentage: 59.09% - Max: 106.11% - Min: -20.59% - Market Cap 11855 - Trading time: 00:01:42
07-09-2025 22:57:22.535 INFO Current price: 0.000000058366 - Current percentage: 59.15% - Max: 106.11% - Min: -20.59% - Market Cap 11860 - Trading time: 00:01:43
07-09-2025 22:57:23.232 INFO Current price: 0.000000058640 - Current percentage: 60.59% - Max: 106.11% - Min: -20.59% - Market Cap 11967 - Trading time: 00:01:44
07-09-2025 22:57:23.650 INFO Current price: 0.000000058872 - Current percentage: 60.41% - Max: 106.11% - Min: -20.59% - Market Cap 11954 - Trading time: 00:01:44
07-09-2025 22:57:24.235 INFO Current price: 0.000000058306 - Current percentage: 57.52% - Max: 106.11% - Min: -20.59% - Market Cap 11738 - Trading time: 00:01:45
07-09-2025 22:57:24.546 INFO Current price: 0.000000057790 - Current percentage: 57.59% - Max: 106.11% - Min: -20.59% - Market Cap 11743 - Trading time: 00:01:45
07-09-2025 22:57:25.299 INFO Current price: 0.000000055712 - Current percentage: 46.39% - Max: 106.11% - Min: -20.59% - Market Cap 10909 - Trading time: 00:01:46
07-09-2025 22:57:25.479 INFO Current price: 0.000000052645 - Current percentage: 40.72% - Max: 106.11% - Min: -20.59% - Market Cap 10486 - Trading time: 00:01:46
07-09-2025 22:57:26.137 INFO Current price: 0.000000050661 - Current percentage: 35.56% - Max: 106.11% - Min: -20.59% - Market Cap 10102 - Trading time: 00:01:47
07-09-2025 22:57:26.146 INFO Current price: 0.000000048881 - Current percentage: 31.00% - Max: 106.11% - Min: -20.59% - Market Cap 9762 - Trading time: 00:01:47
07-09-2025 22:57:29.644 INFO Current price: 0.000000047050 - Current percentage: 25.60% - Max: 106.11% - Min: -20.59% - Market Cap 9360 - Trading time: 00:01:50
07-09-2025 22:57:29.654 INFO Current price: 0.000000045237 - Current percentage: 21.10% - Max: 106.11% - Min: -20.59% - Market Cap 9024 - Trading time: 00:01:50
07-09-2025 22:57:30.932 INFO Current price: 0.000000044419 - Current percentage: 21.10% - Max: 106.11% - Min: -20.59% - Market Cap 9024 - Trading time: 00:01:52
07-09-2025 22:57:33.664 INFO Current price: 0.000000044649 - Current percentage: 22.35% - Max: 106.11% - Min: -20.59% - Market Cap 9118 - Trading time: 00:01:54
07-09-2025 22:57:34.898 INFO Current price: 0.000000044891 - Current percentage: 22.42% - Max: 106.11% - Min: -20.59% - Market Cap 9122 - Trading time: 00:01:56
07-09-2025 22:57:35.002 INFO Current price: 0.000000045018 - Current percentage: 23.05% - Max: 106.11% - Min: -20.59% - Market Cap 9169 - Trading time: 00:01:56
07-09-2025 22:57:35.936 INFO Current price: 0.000000045205 - Current percentage: 23.44% - Max: 106.11% - Min: -20.59% - Market Cap 9198 - Trading time: 00:01:57
07-09-2025 22:57:36.341 INFO Current price: 0.000000045856 - Current percentage: 26.62% - Max: 106.11% - Min: -20.59% - Market Cap 9435 - Trading time: 00:01:57
07-09-2025 22:57:37.234 INFO Current price: 0.000000046409 - Current percentage: 26.43% - Max: 106.11% - Min: -20.59% - Market Cap 9421 - Trading time: 00:01:58
07-09-2025 22:57:39.443 INFO Current price: 0.000000045639 - Current percentage: 22.45% - Max: 106.11% - Min: -20.59% - Market Cap 9125 - Trading time: 00:02:00
07-09-2025 22:57:40.048 INFO Current price: 0.000000044723 - Current percentage: 21.41% - Max: 106.11% - Min: -20.59% - Market Cap 9047 - Trading time: 00:02:01
07-09-2025 22:57:40.058 INFO Current price: 0.000000044449 - Current percentage: 20.96% - Max: 106.11% - Min: -20.59% - Market Cap 9014 - Trading time: 00:02:01
07-09-2025 22:57:40.123 INFO Current price: 0.000000044194 - Current percentage: 20.02% - Max: 106.11% - Min: -20.59% - Market Cap 8943 - Trading time: 00:02:01
07-09-2025 22:57:40.820 INFO Current price: 0.000000044136 - Current percentage: 20.64% - Max: 106.11% - Min: -20.59% - Market Cap 8990 - Trading time: 00:02:02
07-09-2025 22:57:47.753 INFO Current price: 0.000000044320 - Current percentage: 21.02% - Max: 106.11% - Min: -20.59% - Market Cap 9018 - Trading time: 00:02:09
07-09-2025 22:57:52.886 INFO Current price: 0.000000044355 - Current percentage: 20.83% - Max: 106.11% - Min: -20.59% - Market Cap 9004 - Trading time: 00:02:14
07-09-2025 22:57:55.389 INFO Current price: 0.000000043069 - Current percentage: 13.49% - Max: 106.11% - Min: -20.59% - Market Cap 8457 - Trading time: 00:02:16
07-09-2025 22:57:55.530 INFO Current price: 0.000000041626 - Current percentage: 13.48% - Max: 106.11% - Min: -20.59% - Market Cap 8457 - Trading time: 00:02:16
07-09-2025 22:57:55.957 INFO Current price: 0.000000041506 - Current percentage: 12.83% - Max: 106.11% - Min: -20.59% - Market Cap 8408 - Trading time: 00:02:17
07-09-2025 22:57:56.333 INFO Current price: 0.000000041326 - Current percentage: 12.50% - Max: 106.11% - Min: -20.59% - Market Cap 8384 - Trading time: 00:02:17
07-09-2025 22:57:56.976 INFO Current price: 0.000000040552 - Current percentage: 8.64% - Max: 106.11% - Min: -20.59% - Market Cap 8096 - Trading time: 00:02:18
07-09-2025 22:57:57.350 INFO Current price: 0.000000039833 - Current percentage: 8.55% - Max: 106.11% - Min: -20.59% - Market Cap 8089 - Trading time: 00:02:18
07-09-2025 22:57:58.278 INFO Current price: 0.000000039790 - Current percentage: 8.41% - Max: 106.11% - Min: -20.59% - Market Cap 8078 - Trading time: 00:02:19
07-09-2025 22:57:58.700 INFO Current price: 0.000000040307 - Current percentage: 11.39% - Max: 106.11% - Min: -20.59% - Market Cap 8301 - Trading time: 00:02:19
07-09-2025 22:57:58.702 INFO Current price: 0.000000040839 - Current percentage: 11.29% - Max: 106.11% - Min: -20.59% - Market Cap 8293 - Trading time: 00:02:19
07-09-2025 22:57:59.639 INFO Current price: 0.000000040875 - Current percentage: 11.59% - Max: 106.11% - Min: -20.59% - Market Cap 8315 - Trading time: 00:02:20
07-09-2025 22:58:00.667 INFO Current price: 0.000000041040 - Current percentage: 12.19% - Max: 106.11% - Min: -20.59% - Market Cap 8360 - Trading time: 00:02:21
07-09-2025 22:58:02.410 INFO Current price: 0.000000041961 - Current percentage: 16.65% - Max: 106.11% - Min: -20.59% - Market Cap 8693 - Trading time: 00:02:23
07-09-2025 22:58:02.411 INFO Current price: 0.000000043633 - Current percentage: 21.31% - Max: 106.11% - Min: -20.59% - Market Cap 9040 - Trading time: 00:02:23
07-09-2025 22:58:02.416 INFO Current price: 0.000000045423 - Current percentage: 26.41% - Max: 106.11% - Min: -20.59% - Market Cap 9420 - Trading time: 00:02:23
07-09-2025 22:58:02.421 INFO Current price: 0.000000047203 - Current percentage: 31.00% - Max: 106.11% - Min: -20.59% - Market Cap 9762 - Trading time: 00:02:23
07-09-2025 22:58:02.714 INFO Current price: 0.000000048333 - Current percentage: 32.54% - Max: 106.11% - Min: -20.59% - Market Cap 9877 - Trading time: 00:02:23
07-09-2025 22:58:02.790 INFO Current price: 0.000000048892 - Current percentage: 34.05% - Max: 106.11% - Min: -20.59% - Market Cap 9989 - Trading time: 00:02:24
07-09-2025 22:58:03.258 INFO Current price: 0.000000048892 - Current percentage: 32.54% - Max: 106.11% - Min: -20.59% - Market Cap 9877 - Trading time: 00:02:24
07-09-2025 22:58:07.893 INFO Current price: 0.000000048609 - Current percentage: 32.50% - Max: 106.11% - Min: -20.59% - Market Cap 9874 - Trading time: 00:02:29
07-09-2025 22:58:10.884 INFO Current price: 0.000000048961 - Current percentage: 34.47% - Max: 106.11% - Min: -20.59% - Market Cap 10021 - Trading time: 00:02:32
07-09-2025 22:58:12.525 INFO Current price: 0.000000049084 - Current percentage: 33.17% - Max: 106.11% - Min: -20.59% - Market Cap 9924 - Trading time: 00:02:33
07-09-2025 22:58:12.625 INFO Current price: 0.000000048561 - Current percentage: 31.62% - Max: 106.11% - Min: -20.59% - Market Cap 9808 - Trading time: 00:02:33
07-09-2025 22:58:13.383 INFO Current price: 0.000000048289 - Current percentage: 31.68% - Max: 106.11% - Min: -20.59% - Market Cap 9813 - Trading time: 00:02:34
07-09-2025 22:58:22.101 INFO Current price: 0.000000048422 - Current percentage: 32.80% - Max: 106.11% - Min: -20.59% - Market Cap 9896 - Trading time: 00:02:43
07-09-2025 22:58:32.195 INFO Current price: 0.000000048411 - Current percentage: 32.08% - Max: 106.11% - Min: -20.59% - Market Cap 9843 - Trading time: 00:02:53
07-09-2025 22:58:33.066 INFO Current price: 0.000000049477 - Current percentage: 38.72% - Max: 106.11% - Min: -20.59% - Market Cap 10337 - Trading time: 00:02:54
07-09-2025 22:58:35.744 INFO Current price: 0.000000051318 - Current percentage: 42.10% - Max: 106.11% - Min: -20.59% - Market Cap 10589 - Trading time: 00:02:57
07-09-2025 22:58:36.556 INFO Current price: 0.000000052063 - Current percentage: 42.78% - Max: 106.11% - Min: -20.59% - Market Cap 10640 - Trading time: 00:02:57
07-09-2025 22:58:36.716 INFO Current price: 0.000000052199 - Current percentage: 42.84% - Max: 106.11% - Min: -20.59% - Market Cap 10644 - Trading time: 00:02:57
07-09-2025 22:58:37.558 INFO Current price: 0.000000053455 - Current percentage: 49.73% - Max: 106.11% - Min: -20.59% - Market Cap 11158 - Trading time: 00:02:58
07-09-2025 22:58:37.627 INFO Current price: 0.000000055113 - Current percentage: 51.83% - Max: 106.11% - Min: -20.59% - Market Cap 11314 - Trading time: 00:02:58
07-09-2025 22:58:37.838 INFO Current price: 0.000000056142 - Current percentage: 55.37% - Max: 106.11% - Min: -20.59% - Market Cap 11578 - Trading time: 00:02:59
07-09-2025 22:58:41.194 INFO Current price: 0.000000056838 - Current percentage: 55.62% - Max: 106.11% - Min: -20.59% - Market Cap 11597 - Trading time: 00:03:02
07-09-2025 22:58:43.354 INFO Current price: 0.000000056895 - Current percentage: 55.69% - Max: 106.11% - Min: -20.59% - Market Cap 11602 - Trading time: 00:03:04
07-09-2025 22:58:46.179 INFO Current price: 0.000000056944 - Current percentage: 55.89% - Max: 106.11% - Min: -20.59% - Market Cap 11617 - Trading time: 00:03:07
07-09-2025 22:58:48.034 INFO Current price: 0.000000057112 - Current percentage: 56.61% - Max: 106.11% - Min: -20.59% - Market Cap 11670 - Trading time: 00:03:09
07-09-2025 22:58:50.654 INFO Current price: 0.000000057100 - Current percentage: 55.82% - Max: 106.11% - Min: -20.59% - Market Cap 11612 - Trading time: 00:03:11
07-09-2025 22:58:50.760 INFO Current price: 0.000000056556 - Current percentage: 53.64% - Max: 106.11% - Min: -20.59% - Market Cap 11449 - Trading time: 00:03:12
07-09-2025 22:58:55.472 INFO Current price: 0.000000055518 - Current percentage: 50.16% - Max: 106.11% - Min: -20.59% - Market Cap 11189 - Trading time: 00:03:16
07-09-2025 22:59:02.820 INFO Current price: 0.000000054890 - Current percentage: 50.18% - Max: 106.11% - Min: -20.59% - Market Cap 11191 - Trading time: 00:03:24
07-09-2025 22:59:18.170 INFO Current price: 0.000000054730 - Current percentage: 49.28% - Max: 106.11% - Min: -20.59% - Market Cap 11124 - Trading time: 00:03:39
07-09-2025 22:59:20.594 INFO Current price: 0.000000054433 - Current percentage: 48.55% - Max: 106.11% - Min: -20.59% - Market Cap 11070 - Trading time: 00:03:41
07-09-2025 22:59:25.187 INFO Current price: 0.000000054934 - Current percentage: 52.05% - Max: 106.11% - Min: -20.59% - Market Cap 11330 - Trading time: 00:03:46
07-09-2025 22:59:27.005 INFO Current price: 0.000000056219 - Current percentage: 55.58% - Max: 106.11% - Min: -20.59% - Market Cap 11594 - Trading time: 00:03:48
07-09-2025 22:59:27.301 INFO Current price: 0.000000057716 - Current percentage: 59.03% - Max: 106.11% - Min: -20.59% - Market Cap 11851 - Trading time: 00:03:48
07-09-2025 22:59:29.987 INFO Current price: 0.000000058167 - Current percentage: 59.24% - Max: 106.11% - Min: -20.59% - Market Cap 11866 - Trading time: 00:03:51
07-09-2025 22:59:30.995 INFO Current price: 0.000000058862 - Current percentage: 62.85% - Max: 106.11% - Min: -20.59% - Market Cap 12136 - Trading time: 00:03:52
07-09-2025 22:59:36.064 INFO Current price: 0.000000059554 - Current percentage: 63.00% - Max: 106.11% - Min: -20.59% - Market Cap 12147 - Trading time: 00:03:57
07-09-2025 23:00:00.687 INFO Current price: 0.000000059564 - Current percentage: 62.91% - Max: 106.11% - Min: -20.59% - Market Cap 12140 - Trading time: 00:04:21
07-09-2025 23:00:00.751 INFO Current price: 0.000000059119 - Current percentage: 60.58% - Max: 106.11% - Min: -20.59% - Market Cap 11966 - Trading time: 00:04:22
07-09-2025 23:00:01.523 INFO Current price: 0.000000057418 - Current percentage: 54.86% - Max: 106.11% - Min: -20.59% - Market Cap 11540 - Trading time: 00:04:22
07-09-2025 23:00:09.652 INFO Current price: 0.000000056279 - Current percentage: 53.08% - Max: 106.11% - Min: -20.59% - Market Cap 11407 - Trading time: 00:04:30
07-09-2025 23:00:10.389 INFO Current price: 0.000000055857 - Current percentage: 52.55% - Max: 106.11% - Min: -20.59% - Market Cap 11368 - Trading time: 00:04:31
07-09-2025 23:00:10.759 INFO Current price: 0.000000055736 - Current percentage: 52.42% - Max: 106.11% - Min: -20.59% - Market Cap 11358 - Trading time: 00:04:32
07-09-2025 23:00:12.652 INFO Current price: 0.000000056999 - Current percentage: 59.54% - Max: 106.11% - Min: -20.59% - Market Cap 11889 - Trading time: 00:04:33
07-09-2025 23:00:12.767 INFO Current price: 0.000000058736 - Current percentage: 61.85% - Max: 106.11% - Min: -20.59% - Market Cap 12061 - Trading time: 00:04:34
07-09-2025 23:00:28.821 INFO Current price: 0.000000059120 - Current percentage: 61.63% - Max: 106.11% - Min: -20.59% - Market Cap 12045 - Trading time: 00:04:50
07-09-2025 23:00:29.036 INFO Current price: 0.000000058657 - Current percentage: 59.32% - Max: 106.11% - Min: -20.59% - Market Cap 11873 - Trading time: 00:04:50
07-09-2025 23:00:30.925 INFO Current price: 0.000000057548 - Current percentage: 55.58% - Max: 106.11% - Min: -20.59% - Market Cap 11594 - Trading time: 00:04:52
07-09-2025 23:00:32.461 INFO Current price: 0.000000054870 - Current percentage: 44.84% - Max: 106.11% - Min: -20.59% - Market Cap 10793 - Trading time: 00:04:53
07-09-2025 23:00:32.553 INFO Current price: 0.000000052742 - Current percentage: 43.74% - Max: 106.11% - Min: -20.59% - Market Cap 10712 - Trading time: 00:04:53
07-09-2025 23:00:32.828 INFO Current price: 0.000000050876 - Current percentage: 39.13% - Max: 106.11% - Min: -20.59% - Market Cap 10368 - Trading time: 00:04:54
07-09-2025 23:00:34.478 INFO Current price: 0.000000050929 - Current percentage: 39.53% - Max: 106.11% - Min: -20.59% - Market Cap 10398 - Trading time: 00:04:55
07-09-2025 23:00:37.658 INFO Current price: 0.000000051015 - Current percentage: 39.60% - Max: 106.11% - Min: -20.59% - Market Cap 10403 - Trading time: 00:04:58
07-09-2025 23:00:38.063 INFO Current price: 0.000000050475 - Current percentage: 36.59% - Max: 106.11% - Min: -20.59% - Market Cap 10179 - Trading time: 00:04:59
07-09-2025 23:00:40.527 INFO Current price: 0.000000051146 - Current percentage: 43.34% - Max: 106.11% - Min: -20.59% - Market Cap 10681 - Trading time: 00:05:01
07-09-2025 23:00:40.565 INFO Current price: 0.000000052740 - Current percentage: 45.24% - Max: 106.11% - Min: -20.59% - Market Cap 10823 - Trading time: 00:05:01
07-09-2025 23:00:40.607 INFO Current price: 0.000000053449 - Current percentage: 47.22% - Max: 106.11% - Min: -20.59% - Market Cap 10971 - Trading time: 00:05:01
07-09-2025 23:00:43.765 INFO Current price: 0.000000055089 - Current percentage: 54.29% - Max: 106.11% - Min: -20.59% - Market Cap 11497 - Trading time: 00:05:05
07-09-2025 23:00:50.232 INFO Current price: 0.000000057091 - Current percentage: 56.91% - Max: 106.11% - Min: -20.59% - Market Cap 11693 - Trading time: 00:05:11
07-09-2025 23:00:50.323 INFO Current price: 0.000000056014 - Current percentage: 49.66% - Max: 106.11% - Min: -20.59% - Market Cap 11153 - Trading time: 00:05:11
07-09-2025 23:00:50.475 INFO Current price: 0.000000054340 - Current percentage: 47.67% - Max: 106.11% - Min: -20.59% - Market Cap 11004 - Trading time: 00:05:11
07-09-2025 23:00:55.935 INFO Current price: 0.000000054105 - Current percentage: 48.02% - Max: 106.11% - Min: -20.59% - Market Cap 11030 - Trading time: 00:05:17
07-09-2025 23:00:58.923 INFO Current price: 0.000000052883 - Current percentage: 41.41% - Max: 106.11% - Min: -20.59% - Market Cap 10538 - Trading time: 00:05:20
07-09-2025 23:00:59.652 INFO Current price: 0.000000052235 - Current percentage: 42.69% - Max: 106.11% - Min: -20.59% - Market Cap 10633 - Trading time: 00:05:20
07-09-2025 23:01:02.526 INFO Current price: 0.000000052180 - Current percentage: 42.82% - Max: 106.11% - Min: -20.59% - Market Cap 10643 - Trading time: 00:05:23
07-09-2025 23:01:04.464 INFO Current price: 0.000000052267 - Current percentage: 43.16% - Max: 106.11% - Min: -20.59% - Market Cap 10668 - Trading time: 00:05:25
07-09-2025 23:01:09.155 INFO Current price: 0.000000052097 - Current percentage: 41.90% - Max: 106.11% - Min: -20.59% - Market Cap 10574 - Trading time: 00:05:30
07-09-2025 23:01:10.671 INFO Current price: 0.000000052488 - Current percentage: 45.31% - Max: 106.11% - Min: -20.59% - Market Cap 10829 - Trading time: 00:05:31
07-09-2025 23:01:25.627 INFO Current price: 0.000000053053 - Current percentage: 44.97% - Max: 106.11% - Min: -20.59% - Market Cap 10803 - Trading time: 00:05:46
07-09-2025 23:01:25.987 INFO Current price: 0.000000052250 - Current percentage: 41.99% - Max: 106.11% - Min: -20.59% - Market Cap 10581 - Trading time: 00:05:47
07-09-2025 23:01:26.156 INFO Current price: 0.000000051114 - Current percentage: 37.72% - Max: 106.11% - Min: -20.59% - Market Cap 10263 - Trading time: 00:05:47
07-09-2025 23:01:38.367 INFO Current price: 0.000000050267 - Current percentage: 37.32% - Max: 106.11% - Min: -20.59% - Market Cap 10233 - Trading time: 00:05:59
07-09-2025 23:01:39.497 INFO Current price: 0.000000050157 - Current percentage: 37.12% - Max: 106.11% - Min: -20.59% - Market Cap 10218 - Trading time: 00:06:00
07-09-2025 23:01:40.529 INFO Current price: 0.000000049903 - Current percentage: 35.94% - Max: 106.11% - Min: -20.59% - Market Cap 10130 - Trading time: 00:06:01
07-09-2025 23:02:02.850 INFO Current price: 0.000000049607 - Current percentage: 35.49% - Max: 106.11% - Min: -20.59% - Market Cap 10097 - Trading time: 00:06:24
07-09-2025 23:02:08.756 INFO Current price: 0.000000049419 - Current percentage: 34.92% - Max: 106.11% - Min: -20.59% - Market Cap 10054 - Trading time: 00:06:30
07-09-2025 23:02:10.566 INFO Current price: 0.000000049285 - Current percentage: 34.75% - Max: 106.11% - Min: -20.59% - Market Cap 10042 - Trading time: 00:06:31
07-09-2025 23:02:17.379 INFO Current price: 0.000000049123 - Current percentage: 34.03% - Max: 106.11% - Min: -20.59% - Market Cap 9988 - Trading time: 00:06:38
07-09-2025 23:02:29.868 INFO Current price: 0.000000048793 - Current percentage: 32.95% - Max: 106.11% - Min: -20.59% - Market Cap 9907 - Trading time: 00:06:51
07-09-2025 23:02:31.753 INFO Current price: 0.000000048475 - Current percentage: 32.29% - Max: 106.11% - Min: -20.59% - Market Cap 9858 - Trading time: 00:06:53
07-09-2025 23:02:40.025 INFO Current price: 0.000000048344 - Current percentage: 32.23% - Max: 106.11% - Min: -20.59% - Market Cap 9854 - Trading time: 00:07:01
07-09-2025 23:02:54.046 INFO Current price: 0.000000048320 - Current percentage: 32.16% - Max: 106.11% - Min: -20.59% - Market Cap 9848 - Trading time: 00:07:15
07-09-2025 23:03:38.755 INFO Current price: 0.000000048308 - Current percentage: 32.17% - Max: 106.11% - Min: -20.59% - Market Cap 9849 - Trading time: 00:08:00
07-09-2025 23:03:48.873 INFO Current price: 0.000000047765 - Current percentage: 29.20% - Max: 106.11% - Min: -20.59% - Market Cap 9628 - Trading time: 00:08:10
07-09-2025 23:03:51.374 INFO Current price: 0.000000047197 - Current percentage: 29.04% - Max: 106.11% - Min: -20.59% - Market Cap 9616 - Trading time: 00:08:12
07-09-2025 23:03:59.114 INFO Current price: 0.000000046212 - Current percentage: 23.87% - Max: 106.11% - Min: -20.59% - Market Cap 9230 - Trading time: 00:08:20
07-09-2025 23:03:59.115 INFO Current price: 0.000000044499 - Current percentage: 19.65% - Max: 106.11% - Min: -20.59% - Market Cap 8916 - Trading time: 00:08:20
07-09-2025 23:03:59.119 INFO Current price: 0.000000042869 - Current percentage: 14.96% - Max: 106.11% - Min: -20.59% - Market Cap 8566 - Trading time: 00:08:20
07-09-2025 23:03:59.121 INFO Current price: 0.000000041091 - Current percentage: 9.94% - Max: 106.11% - Min: -20.59% - Market Cap 8192 - Trading time: 00:08:20
07-09-2025 23:03:59.122 INFO Current price: 0.000000039428 - Current percentage: 5.84% - Max: 106.11% - Min: -20.59% - Market Cap 7887 - Trading time: 00:08:20
07-09-2025 23:03:59.123 INFO Current price: 0.000000037893 - Current percentage: 1.54% - Max: 106.11% - Min: -20.59% - Market Cap 7567 - Trading time: 00:08:20
07-09-2025 23:03:59.128 INFO Current price: 0.000000036457 - Current percentage: -2.03% - Max: 106.11% - Min: -20.59% - Market Cap 7301 - Trading time: 00:08:20
07-09-2025 23:03:59.129 INFO Current price: 0.000000035132 - Current percentage: -5.70% - Max: 106.11% - Min: -20.59% - Market Cap 7027 - Trading time: 00:08:20
07-09-2025 23:04:01.310 INFO Current price: 0.000000034466 - Current percentage: -5.71% - Max: 106.11% - Min: -20.59% - Market Cap 7026 - Trading time: 00:08:22
07-09-2025 23:04:32.183 INFO Current price: 0.000000034433 - Current percentage: -5.89% - Max: 106.11% - Min: -20.59% - Market Cap 7013 - Trading time: 00:08:53
07-09-2025 23:11:04.324 INFO Current price: 0.000000034076 - Current percentage: -6.33% - Max: 106.11% - Min: -20.59% - Market Cap 6981 - Trading time: 00:15:25






07-09-2025 23:15:38.740 INFO {"type":"summary","reason":"max_window","startedAt":"2025-09-07T20:55:38.730Z","endedAt":"2025-09-07T21:15:38.740Z","durationSec":1200,"entryPrice":4.0943317642124696e-8,"entryMarketCapSol":36.68003199206956,"entryMarketCapUsd":7451.915299508852,"minPct":-20.594548611483784,"maxPct":106.1059061414779,"buyCount":148,"sellCount":175,"tradeCount":323,"entryRecorded":true,"noPostThresholdTrades":false,"triggerAt":"2025-09-07T20:55:38.729Z","ageAtTriggerSec":6,"preTotalTrades":33,"preBuys":25,"preSells":8,"preUniqueTraders":25,"preEntryTotalTrades":59,"preEntryBuys":39,"preEntrySells":20,"preEntryUniqueTraders":39,"preEntryMinMcUsd":7135.4268537399685,"preEntryMaxMcUsd":11610.594996755719,"thresholdMcSol":36.68003199206956,"thresholdMcUsd":7451.915299508852,"thresholdPrice":4.0943317642124696e-8}
