07-09-2025 04:15:36.160 INFO Entry price: 0.000000076798012714 - Entry market cap: 14743 - Buys 46 - Sells 5 - Ratio: 1:0.11 - Min MarketCap: 10657 - Max MarketCap: 16406
07-09-2025 04:15:36.160 INFO Current price: 0.000000076798 - Current percentage: 0.00% - Max: 0.00% - Min: 0.00% - Market Cap 14743 - Trading time: 00:00:02
07-09-2025 04:15:36.564 INFO Current price: 0.000000074509 - Current percentage: 2.77% - Max: 2.77% - Min: 0.00% - Market Cap 15150 - Trading time: 00:00:02
07-09-2025 04:15:37.800 INFO Current price: 0.000000075759 - Current percentage: 5.38% - Max: 5.38% - Min: 0.00% - Market Cap 15536 - Trading time: 00:00:03
07-09-2025 04:15:38.916 INFO Current price: 0.000000077364 - Current percentage: 7.17% - Max: 7.17% - Min: 0.00% - Market Cap 15799 - Trading time: 00:00:04
07-09-2025 04:15:39.122 INFO Current price: 0.000000078399 - Current percentage: 8.22% - Max: 8.22% - Min: 0.00% - Market Cap 15954 - Trading time: 00:00:04
07-09-2025 04:15:40.022 INFO Current price: 0.000000079438 - Current percentage: 10.03% - Max: 10.03% - Min: 0.00% - Market Cap 16221 - Trading time: 00:00:05
07-09-2025 04:15:40.452 INFO Current price: 0.000000080047 - Current percentage: 9.88% - Max: 10.03% - Min: 0.00% - Market Cap 16199 - Trading time: 00:00:06
07-09-2025 04:15:41.271 INFO Current price: 0.000000080182 - Current percentage: 10.40% - Max: 10.40% - Min: 0.00% - Market Cap 16276 - Trading time: 00:00:07
07-09-2025 04:15:42.336 INFO Current price: 0.000000080466 - Current percentage: 10.66% - Max: 10.66% - Min: 0.00% - Market Cap 16314 - Trading time: 00:00:08
07-09-2025 04:15:43.674 INFO Current price: 0.000000081210 - Current percentage: 12.45% - Max: 12.45% - Min: 0.00% - Market Cap 16578 - Trading time: 00:00:09
07-09-2025 04:15:43.881 INFO Current price: 0.000000081895 - Current percentage: 12.54% - Max: 12.54% - Min: 0.00% - Market Cap 16591 - Trading time: 00:00:09
07-09-2025 04:15:44.526 INFO Current price: 0.000000072913 - Current percentage: -10.86% - Max: 12.54% - Min: -10.86% - Market Cap 13141 - Trading time: 00:00:10
07-09-2025 04:15:44.679 INFO Current price: 0.000000065228 - Current percentage: -9.94% - Max: 12.54% - Min: -10.86% - Market Cap 13278 - Trading time: 00:00:10
07-09-2025 04:15:45.074 INFO Current price: 0.000000065581 - Current percentage: -9.90% - Max: 12.54% - Min: -10.86% - Market Cap 13284 - Trading time: 00:00:10
07-09-2025 04:15:45.261 INFO Current price: 0.000000065305 - Current percentage: -10.69% - Max: 12.54% - Min: -10.86% - Market Cap 13166 - Trading time: 00:00:11
07-09-2025 04:15:45.963 INFO Current price: 0.000000064986 - Current percentage: -10.78% - Max: 12.54% - Min: -10.86% - Market Cap 13154 - Trading time: 00:00:11
07-09-2025 04:15:46.064 INFO Current price: 0.000000065800 - Current percentage: -8.44% - Max: 12.54% - Min: -10.86% - Market Cap 13498 - Trading time: 00:00:11
07-09-2025 04:15:46.990 INFO Current price: 0.000000067273 - Current percentage: -6.73% - Max: 12.54% - Min: -10.86% - Market Cap 13750 - Trading time: 00:00:12
07-09-2025 04:15:48.374 INFO Current price: 0.000000068377 - Current percentage: -5.41% - Max: 12.54% - Min: -10.86% - Market Cap 13945 - Trading time: 00:00:14
07-09-2025 04:15:49.867 INFO Current price: 0.000000069532 - Current percentage: -3.56% - Max: 12.54% - Min: -10.86% - Market Cap 14219 - Trading time: 00:00:15
07-09-2025 04:15:51.923 INFO Current price: 0.000000070360 - Current percentage: -3.15% - Max: 12.54% - Min: -10.86% - Market Cap 14278 - Trading time: 00:00:17
07-09-2025 04:15:52.246 INFO Current price: 0.000000070537 - Current percentage: -3.07% - Max: 12.54% - Min: -10.86% - Market Cap 14290 - Trading time: 00:00:18
07-09-2025 04:15:52.695 INFO Current price: 0.000000070570 - Current percentage: -3.06% - Max: 12.54% - Min: -10.86% - Market Cap 14292 - Trading time: 00:00:18
07-09-2025 04:15:53.018 INFO Current price: 0.000000071509 - Current percentage: -0.48% - Max: 12.54% - Min: -10.86% - Market Cap 14673 - Trading time: 00:00:18
07-09-2025 04:15:54.162 INFO Current price: 0.000000073085 - Current percentage: 1.26% - Max: 12.54% - Min: -10.86% - Market Cap 14929 - Trading time: 00:00:20
07-09-2025 04:15:55.663 INFO Current price: 0.000000073800 - Current percentage: 1.48% - Max: 12.54% - Min: -10.86% - Market Cap 14962 - Trading time: 00:00:21
07-09-2025 04:15:56.951 INFO Current price: 0.000000074822 - Current percentage: 4.09% - Max: 12.54% - Min: -10.86% - Market Cap 15345 - Trading time: 00:00:22
07-09-2025 04:15:57.786 INFO Current price: 0.000000076150 - Current percentage: 5.12% - Max: 12.54% - Min: -10.86% - Market Cap 15498 - Trading time: 00:00:23
07-09-2025 04:15:58.891 INFO Current price: 0.000000076820 - Current percentage: 5.93% - Max: 12.54% - Min: -10.86% - Market Cap 15616 - Trading time: 00:00:24
07-09-2025 04:16:00.100 INFO Current price: 0.000000077563 - Current percentage: 7.16% - Max: 12.54% - Min: -10.86% - Market Cap 15799 - Trading time: 00:00:25
07-09-2025 04:16:01.312 INFO Current price: 0.000000078995 - Current percentage: 9.87% - Max: 12.54% - Min: -10.86% - Market Cap 16198 - Trading time: 00:00:27
07-09-2025 04:16:02.462 INFO Current price: 0.000000080335 - Current percentage: 10.83% - Max: 12.54% - Min: -10.86% - Market Cap 16339 - Trading time: 00:00:28
07-09-2025 04:16:03.666 INFO Current price: 0.000000060935 - Current percentage: -22.72% - Max: 12.54% - Min: -22.72% - Market Cap 11393 - Trading time: 00:00:29
07-09-2025 04:16:03.720 INFO Current price: 0.000000056700 - Current percentage: -21.50% - Max: 12.54% - Min: -22.72% - Market Cap 11572 - Trading time: 00:00:29
07-09-2025 04:16:06.342 INFO Current price: 0.000000057824 - Current percentage: -19.63% - Max: 12.54% - Min: -22.72% - Market Cap 11849 - Trading time: 00:00:32
07-09-2025 04:16:07.378 INFO Current price: 0.000000058509 - Current percentage: -19.64% - Max: 12.54% - Min: -22.72% - Market Cap 11848 - Trading time: 00:00:33
07-09-2025 04:16:07.404 INFO Current price: 0.000000059355 - Current percentage: -17.29% - Max: 12.54% - Min: -22.72% - Market Cap 12194 - Trading time: 00:00:33
07-09-2025 04:16:08.422 INFO Current price: 0.000000060517 - Current percentage: -16.46% - Max: 12.54% - Min: -22.72% - Market Cap 12317 - Trading time: 00:00:34
07-09-2025 04:16:09.534 INFO Current price: 0.000000061644 - Current percentage: -14.18% - Max: 12.54% - Min: -22.72% - Market Cap 12653 - Trading time: 00:00:35
07-09-2025 04:16:10.949 INFO Current price: 0.000000063330 - Current percentage: -11.83% - Max: 12.54% - Min: -22.72% - Market Cap 12999 - Trading time: 00:00:36
07-09-2025 04:16:12.138 INFO Current price: 0.000000064643 - Current percentage: -10.58% - Max: 12.54% - Min: -22.72% - Market Cap 13183 - Trading time: 00:00:37
07-09-2025 04:16:13.404 INFO Current price: 0.000000065269 - Current percentage: -10.11% - Max: 12.54% - Min: -22.72% - Market Cap 13252 - Trading time: 00:00:39
07-09-2025 04:16:14.380 INFO Current price: 0.000000065654 - Current percentage: -9.52% - Max: 12.54% - Min: -22.72% - Market Cap 13339 - Trading time: 00:00:40
07-09-2025 04:16:15.758 INFO Current price: 0.000000066698 - Current percentage: -7.23% - Max: 12.54% - Min: -22.72% - Market Cap 13677 - Trading time: 00:00:41
07-09-2025 04:16:16.780 INFO Current price: 0.000000067872 - Current percentage: -6.31% - Max: 12.54% - Min: -22.72% - Market Cap 13812 - Trading time: 00:00:42
07-09-2025 04:16:17.496 INFO Current price: 0.000000068263 - Current percentage: -6.15% - Max: 12.54% - Min: -22.72% - Market Cap 13836 - Trading time: 00:00:43
07-09-2025 04:16:17.906 INFO Current price: 0.000000068466 - Current percentage: -5.75% - Max: 12.54% - Min: -22.72% - Market Cap 13895 - Trading time: 00:00:43
07-09-2025 04:16:19.237 INFO Current price: 0.000000068715 - Current percentage: -5.47% - Max: 12.54% - Min: -22.72% - Market Cap 13936 - Trading time: 00:00:45
07-09-2025 04:16:20.465 INFO Current price: 0.000000069299 - Current percentage: -4.14% - Max: 12.54% - Min: -22.72% - Market Cap 14132 - Trading time: 00:00:46
07-09-2025 04:16:21.621 INFO Current price: 0.000000070153 - Current percentage: -3.13% - Max: 12.54% - Min: -22.72% - Market Cap 14282 - Trading time: 00:00:47
07-09-2025 04:16:22.020 INFO Current price: 0.000000070538 - Current percentage: -3.09% - Max: 12.54% - Min: -22.72% - Market Cap 14288 - Trading time: 00:00:47
07-09-2025 04:16:22.920 INFO Current price: 0.000000071381 - Current percentage: -0.80% - Max: 12.54% - Min: -22.72% - Market Cap 14625 - Trading time: 00:00:48
07-09-2025 04:16:24.133 INFO Current price: 0.000000072849 - Current percentage: 0.94% - Max: 12.54% - Min: -22.72% - Market Cap 14881 - Trading time: 00:00:49
07-09-2025 04:16:25.213 INFO Current price: 0.000000073952 - Current percentage: 2.23% - Max: 12.54% - Min: -22.72% - Market Cap 15072 - Trading time: 00:00:51
07-09-2025 04:16:26.505 INFO Current price: 0.000000075184 - Current percentage: 4.33% - Max: 12.54% - Min: -22.72% - Market Cap 15381 - Trading time: 00:00:52
07-09-2025 04:16:27.832 INFO Current price: 0.000000076321 - Current percentage: 5.34% - Max: 12.54% - Min: -22.72% - Market Cap 15531 - Trading time: 00:00:53
07-09-2025 04:16:28.682 INFO Current price: 0.000000071096 - Current percentage: -9.47% - Max: 12.54% - Min: -22.72% - Market Cap 13347 - Trading time: 00:00:54
07-09-2025 04:16:28.699 INFO Current price: 0.000000066438 - Current percentage: -8.01% - Max: 12.54% - Min: -22.72% - Market Cap 13562 - Trading time: 00:00:54
07-09-2025 04:16:29.388 INFO Current price: 0.000000066842 - Current percentage: -8.36% - Max: 12.54% - Min: -22.72% - Market Cap 13510 - Trading time: 00:00:55
07-09-2025 04:16:29.455 INFO Current price: 0.000000066699 - Current percentage: -8.40% - Max: 12.54% - Min: -22.72% - Market Cap 13505 - Trading time: 00:00:55
07-09-2025 04:16:29.470 INFO Current price: 0.000000066379 - Current percentage: -9.24% - Max: 12.54% - Min: -22.72% - Market Cap 13381 - Trading time: 00:00:55
07-09-2025 04:16:30.697 INFO Current price: 0.000000066145 - Current percentage: -9.04% - Max: 12.54% - Min: -22.72% - Market Cap 13409 - Trading time: 00:00:56
07-09-2025 04:16:31.105 INFO Current price: 0.000000066992 - Current percentage: -6.90% - Max: 12.54% - Min: -22.72% - Market Cap 13726 - Trading time: 00:00:56
07-09-2025 04:16:31.801 INFO Current price: 0.000000067828 - Current percentage: -6.76% - Max: 12.54% - Min: -22.72% - Market Cap 13746 - Trading time: 00:00:57
07-09-2025 04:16:31.802 INFO Current price: 0.000000068140 - Current percentage: -6.04% - Max: 12.54% - Min: -22.72% - Market Cap 13852 - Trading time: 00:00:57
07-09-2025 04:16:32.852 INFO Current price: 0.000000069271 - Current percentage: -3.64% - Max: 12.54% - Min: -22.72% - Market Cap 14206 - Trading time: 00:00:58
07-09-2025 04:16:34.880 INFO Current price: 0.000000070740 - Current percentage: -2.01% - Max: 12.54% - Min: -22.72% - Market Cap 14446 - Trading time: 00:01:00
07-09-2025 04:16:36.019 INFO Current price: 0.000000071544 - Current percentage: -1.44% - Max: 12.54% - Min: -22.72% - Market Cap 14531 - Trading time: 00:01:01
07-09-2025 04:16:36.379 INFO Current price: 0.000000071617 - Current percentage: -1.81% - Max: 12.54% - Min: -22.72% - Market Cap 14476 - Trading time: 00:01:02
07-09-2025 04:16:36.838 INFO Current price: 0.000000071584 - Current percentage: -1.53% - Max: 12.54% - Min: -22.72% - Market Cap 14517 - Trading time: 00:01:02
07-09-2025 04:16:36.840 INFO Current price: 0.000000071425 - Current percentage: -2.25% - Max: 12.54% - Min: -22.72% - Market Cap 14411 - Trading time: 00:01:02
07-09-2025 04:16:37.212 INFO Current price: 0.000000071636 - Current percentage: -0.95% - Max: 12.54% - Min: -22.72% - Market Cap 14603 - Trading time: 00:01:03
07-09-2025 04:16:38.351 INFO Current price: 0.000000072904 - Current percentage: 1.24% - Max: 12.54% - Min: -22.72% - Market Cap 14926 - Trading time: 00:01:04
07-09-2025 04:16:39.385 INFO Current price: 0.000000074236 - Current percentage: 2.70% - Max: 12.54% - Min: -22.72% - Market Cap 15141 - Trading time: 00:01:05
07-09-2025 04:16:40.623 INFO Current price: 0.000000075623 - Current percentage: 5.06% - Max: 12.54% - Min: -22.72% - Market Cap 15489 - Trading time: 00:01:06
07-09-2025 04:16:41.940 INFO Current price: 0.000000077472 - Current percentage: 7.79% - Max: 12.54% - Min: -22.72% - Market Cap 15891 - Trading time: 00:01:07
07-09-2025 04:16:43.109 INFO Current price: 0.000000078815 - Current percentage: 8.74% - Max: 12.54% - Min: -22.72% - Market Cap 16031 - Trading time: 00:01:08
07-09-2025 04:16:44.209 INFO Current price: 0.000000079301 - Current percentage: 9.12% - Max: 12.54% - Min: -22.72% - Market Cap 16088 - Trading time: 00:01:10
07-09-2025 04:16:44.761 INFO Current price: 0.000000079598 - Current percentage: 9.55% - Max: 12.54% - Min: -22.72% - Market Cap 16151 - Trading time: 00:01:10
07-09-2025 04:16:45.534 INFO Current price: 0.000000080369 - Current percentage: 11.25% - Max: 12.54% - Min: -22.72% - Market Cap 16401 - Trading time: 00:01:11
07-09-2025 04:16:46.521 INFO Current price: 0.000000081577 - Current percentage: 12.87% - Max: 12.87% - Min: -22.72% - Market Cap 16640 - Trading time: 00:01:12
07-09-2025 04:16:47.992 INFO Current price: 0.000000083079 - Current percentage: 15.38% - Max: 15.38% - Min: -22.72% - Market Cap 17011 - Trading time: 00:01:13
07-09-2025 04:16:49.118 INFO Current price: 0.000000085018 - Current percentage: 18.20% - Max: 18.20% - Min: -22.72% - Market Cap 17426 - Trading time: 00:01:14
07-09-2025 04:16:50.039 INFO Current price: 0.000000086489 - Current percentage: 19.41% - Max: 19.41% - Min: -22.72% - Market Cap 17605 - Trading time: 00:01:15
07-09-2025 04:16:50.856 INFO Current price: 0.000000080171 - Current percentage: 8.46% - Max: 19.41% - Min: -22.72% - Market Cap 15990 - Trading time: 00:01:16
07-09-2025 04:16:51.472 INFO Current price: 0.000000079089 - Current percentage: 8.81% - Max: 19.41% - Min: -22.72% - Market Cap 16042 - Trading time: 00:01:17
07-09-2025 04:16:52.597 INFO Current price: 0.000000079531 - Current percentage: 9.68% - Max: 19.41% - Min: -22.72% - Market Cap 16170 - Trading time: 00:01:18
07-09-2025 04:16:53.825 INFO Current price: 0.000000080712 - Current percentage: 12.07% - Max: 19.41% - Min: -22.72% - Market Cap 16522 - Trading time: 00:01:19
07-09-2025 04:16:54.847 INFO Current price: 0.000000082511 - Current percentage: 14.62% - Max: 19.41% - Min: -22.72% - Market Cap 16898 - Trading time: 00:01:20
07-09-2025 04:16:56.098 INFO Current price: 0.000000084395 - Current percentage: 17.25% - Max: 19.41% - Min: -22.72% - Market Cap 17285 - Trading time: 00:01:21
07-09-2025 04:16:57.148 INFO Current price: 0.000000085714 - Current percentage: 18.23% - Max: 19.41% - Min: -22.72% - Market Cap 17431 - Trading time: 00:01:22
07-09-2025 04:16:59.146 INFO Current price: 0.000000086235 - Current percentage: 18.68% - Max: 19.41% - Min: -22.72% - Market Cap 17496 - Trading time: 00:01:24
07-09-2025 04:16:59.426 INFO Current price: 0.000000086677 - Current percentage: 19.45% - Max: 19.45% - Min: -22.72% - Market Cap 17610 - Trading time: 00:01:25
07-09-2025 04:17:00.921 INFO Current price: 0.000000087845 - Current percentage: 21.90% - Max: 21.90% - Min: -22.72% - Market Cap 17971 - Trading time: 00:01:26
07-09-2025 04:17:02.523 INFO Current price: 0.000000089721 - Current percentage: 24.60% - Max: 24.60% - Min: -22.72% - Market Cap 18370 - Trading time: 00:01:28
07-09-2025 04:17:03.240 INFO Current price: 0.000000091551 - Current percentage: 26.92% - Max: 26.92% - Min: -22.72% - Market Cap 18711 - Trading time: 00:01:29
07-09-2025 04:17:04.467 INFO Current price: 0.000000093211 - Current percentage: 29.16% - Max: 29.16% - Min: -22.72% - Market Cap 19042 - Trading time: 00:01:30
07-09-2025 04:17:05.558 INFO Current price: 0.000000094459 - Current percentage: 30.34% - Max: 30.34% - Min: -22.72% - Market Cap 19216 - Trading time: 00:01:31
07-09-2025 04:17:07.887 INFO Current price: 0.000000095712 - Current percentage: 32.61% - Max: 32.61% - Min: -22.72% - Market Cap 19551 - Trading time: 00:01:33
07-09-2025 04:17:09.378 INFO Current price: 0.000000096699 - Current percentage: 33.04% - Max: 33.04% - Min: -22.72% - Market Cap 19614 - Trading time: 00:01:35
07-09-2025 04:17:10.411 INFO Current price: 0.000000096977 - Current percentage: 33.38% - Max: 33.38% - Min: -22.72% - Market Cap 19663 - Trading time: 00:01:36
07-09-2025 04:17:11.521 INFO Current price: 0.000000098088 - Current percentage: 36.11% - Max: 36.11% - Min: -22.72% - Market Cap 20066 - Trading time: 00:01:37
07-09-2025 04:17:12.652 INFO Current price: 0.000000099966 - Current percentage: 38.53% - Max: 38.53% - Min: -22.72% - Market Cap 20423 - Trading time: 00:01:38
07-09-2025 04:17:13.707 INFO Current price: 0.000000101169 - Current percentage: 39.41% - Max: 39.41% - Min: -22.72% - Market Cap 20553 - Trading time: 00:01:39
07-09-2025 04:17:15.420 INFO Current price: 0.000000102146 - Current percentage: 41.22% - Max: 41.22% - Min: -22.72% - Market Cap 20819 - Trading time: 00:01:41
07-09-2025 04:17:15.506 INFO Current price: 0.000000101889 - Current percentage: 39.74% - Max: 41.22% - Min: -22.72% - Market Cap 20601 - Trading time: 00:01:41
07-09-2025 04:17:15.510 INFO Current price: 0.000000100460 - Current percentage: 37.76% - Max: 41.22% - Min: -22.72% - Market Cap 20309 - Trading time: 00:01:41
07-09-2025 04:17:15.516 INFO Current price: 0.000000098937 - Current percentage: 35.57% - Max: 41.22% - Min: -22.72% - Market Cap 19988 - Trading time: 00:01:41
07-09-2025 04:17:15.518 INFO Current price: 0.000000097805 - Current percentage: 34.02% - Max: 41.22% - Min: -22.72% - Market Cap 19758 - Trading time: 00:01:41
07-09-2025 04:17:15.518 INFO Current price: 0.000000096301 - Current percentage: 32.05% - Max: 41.22% - Min: -22.72% - Market Cap 19468 - Trading time: 00:01:41
07-09-2025 04:17:15.520 INFO Current price: 0.000000095000 - Current percentage: 30.28% - Max: 41.22% - Min: -22.72% - Market Cap 19207 - Trading time: 00:01:41
07-09-2025 04:17:15.520 INFO Current price: 0.000000093784 - Current percentage: 28.62% - Max: 41.22% - Min: -22.72% - Market Cap 18963 - Trading time: 00:01:41
07-09-2025 04:17:15.523 INFO Current price: 0.000000092667 - Current percentage: 27.10% - Max: 41.22% - Min: -22.72% - Market Cap 18738 - Trading time: 00:01:41
07-09-2025 04:17:15.526 INFO Current price: 0.000000091620 - Current percentage: 25.68% - Max: 41.22% - Min: -22.72% - Market Cap 18528 - Trading time: 00:01:41
07-09-2025 04:17:15.551 INFO Current price: 0.000000089610 - Current percentage: 22.73% - Max: 41.22% - Min: -22.72% - Market Cap 18094 - Trading time: 00:01:41
07-09-2025 04:17:15.555 INFO Current price: 0.000000087641 - Current percentage: 20.06% - Max: 41.22% - Min: -22.72% - Market Cap 17700 - Trading time: 00:01:41
07-09-2025 04:17:15.558 INFO Current price: 0.000000085830 - Current percentage: 17.60% - Max: 41.22% - Min: -22.72% - Market Cap 17338 - Trading time: 00:01:41
07-09-2025 04:17:15.560 INFO Current price: 0.000000084351 - Current percentage: 15.63% - Max: 41.22% - Min: -22.72% - Market Cap 17047 - Trading time: 00:01:41
07-09-2025 04:17:15.562 INFO Current price: 0.000000083086 - Current percentage: 13.92% - Max: 41.22% - Min: -22.72% - Market Cap 16795 - Trading time: 00:01:41
07-09-2025 04:17:15.606 INFO Current price: 0.000000082213 - Current percentage: 12.79% - Max: 41.22% - Min: -22.72% - Market Cap 16629 - Trading time: 00:01:41
07-09-2025 04:17:15.606 INFO Current price: 0.000000081442 - Current percentage: 11.74% - Max: 41.22% - Min: -22.72% - Market Cap 16474 - Trading time: 00:01:41
07-09-2025 04:17:15.606 INFO Current price: 0.000000080709 - Current percentage: 10.74% - Max: 41.22% - Min: -22.72% - Market Cap 16326 - Trading time: 00:01:41
07-09-2025 04:17:15.606 INFO Current price: 0.000000080026 - Current percentage: 9.81% - Max: 41.22% - Min: -22.72% - Market Cap 16190 - Trading time: 00:01:41
07-09-2025 04:17:15.606 INFO Current price: 0.000000079405 - Current percentage: 8.97% - Max: 41.22% - Min: -22.72% - Market Cap 16065 - Trading time: 00:01:41
07-09-2025 04:17:15.627 INFO Current price: 0.000000078844 - Current percentage: 8.21% - Max: 41.22% - Min: -22.72% - Market Cap 15953 - Trading time: 00:01:41
07-09-2025 04:17:15.630 INFO Current price: 0.000000078348 - Current percentage: 7.54% - Max: 41.22% - Min: -22.72% - Market Cap 15855 - Trading time: 00:01:41
07-09-2025 04:17:15.631 INFO Current price: 0.000000078024 - Current percentage: 7.13% - Max: 41.22% - Min: -22.72% - Market Cap 15794 - Trading time: 00:01:41
07-09-2025 04:17:15.634 INFO Current price: 0.000000077729 - Current percentage: 6.61% - Max: 41.22% - Min: -22.72% - Market Cap 15718 - Trading time: 00:01:41
07-09-2025 04:17:15.636 INFO Current price: 0.000000076554 - Current percentage: 5.01% - Max: 41.22% - Min: -22.72% - Market Cap 15481 - Trading time: 00:01:41
07-09-2025 04:17:16.237 INFO Current price: 0.000000076893 - Current percentage: 6.24% - Max: 41.22% - Min: -22.72% - Market Cap 15663 - Trading time: 00:01:42
07-09-2025 04:17:17.464 INFO Current price: 0.000000077513 - Current percentage: 6.71% - Max: 41.22% - Min: -22.72% - Market Cap 15732 - Trading time: 00:01:43
07-09-2025 04:17:18.640 INFO Current price: 0.000000078010 - Current percentage: 7.61% - Max: 41.22% - Min: -22.72% - Market Cap 15864 - Trading time: 00:01:44
07-09-2025 04:17:19.670 INFO Current price: 0.000000078743 - Current percentage: 8.72% - Max: 41.22% - Min: -22.72% - Market Cap 16029 - Trading time: 00:01:45
07-09-2025 04:17:20.778 INFO Current price: 0.000000080107 - Current percentage: 11.37% - Max: 41.22% - Min: -22.72% - Market Cap 16419 - Trading time: 00:01:46
07-09-2025 04:17:21.969 INFO Current price: 0.000000081996 - Current percentage: 13.91% - Max: 41.22% - Min: -22.72% - Market Cap 16794 - Trading time: 00:01:47
07-09-2025 04:17:23.226 INFO Current price: 0.000000083505 - Current percentage: 15.50% - Max: 41.22% - Min: -22.72% - Market Cap 17028 - Trading time: 00:01:49
07-09-2025 04:17:24.765 INFO Current price: 0.000000084879 - Current percentage: 17.69% - Max: 41.22% - Min: -22.72% - Market Cap 17351 - Trading time: 00:01:50
07-09-2025 04:17:26.878 INFO Current price: 0.000000085923 - Current percentage: 18.36% - Max: 41.22% - Min: -22.72% - Market Cap 17450 - Trading time: 00:01:52
07-09-2025 04:17:28.210 INFO Current price: 0.000000086626 - Current percentage: 19.62% - Max: 41.22% - Min: -22.72% - Market Cap 17636 - Trading time: 00:01:54
07-09-2025 04:17:29.230 INFO Current price: 0.000000086984 - Current percentage: 19.34% - Max: 41.22% - Min: -22.72% - Market Cap 17594 - Trading time: 00:01:55
07-09-2025 04:17:29.276 INFO Current price: 0.000000087324 - Current percentage: 20.56% - Max: 41.22% - Min: -22.72% - Market Cap 17774 - Trading time: 00:01:55
07-09-2025 04:17:31.282 INFO Current price: 0.000000088064 - Current percentage: 21.37% - Max: 41.22% - Min: -22.72% - Market Cap 17894 - Trading time: 00:01:57
07-09-2025 04:17:31.407 INFO Current price: 0.000000088543 - Current percentage: 21.88% - Max: 41.22% - Min: -22.72% - Market Cap 17968 - Trading time: 00:01:57
07-09-2025 04:17:31.522 INFO Current price: 0.000000088970 - Current percentage: 22.55% - Max: 41.22% - Min: -22.72% - Market Cap 18067 - Trading time: 00:01:57
07-09-2025 04:17:32.923 INFO Current price: 0.000000089747 - Current percentage: 24.01% - Max: 41.22% - Min: -22.72% - Market Cap 18283 - Trading time: 00:01:58
07-09-2025 04:17:33.940 INFO Current price: 0.000000090449 - Current percentage: 24.47% - Max: 41.22% - Min: -22.72% - Market Cap 18350 - Trading time: 00:01:59
07-09-2025 04:17:35.068 INFO Current price: 0.000000091067 - Current percentage: 25.60% - Max: 41.22% - Min: -22.72% - Market Cap 18517 - Trading time: 00:02:00
07-09-2025 04:17:36.294 INFO Current price: 0.000000091792 - Current percentage: 26.57% - Max: 41.22% - Min: -22.72% - Market Cap 18661 - Trading time: 00:02:02
07-09-2025 04:17:37.326 INFO Current price: 0.000000092067 - Current percentage: 26.35% - Max: 41.22% - Min: -22.72% - Market Cap 18628 - Trading time: 00:02:03
07-09-2025 04:17:38.207 INFO Current price: 0.000000092915 - Current percentage: 28.92% - Max: 41.22% - Min: -22.72% - Market Cap 19006 - Trading time: 00:02:04
07-09-2025 04:17:40.411 INFO Current price: 0.000000093938 - Current percentage: 29.15% - Max: 41.22% - Min: -22.72% - Market Cap 19041 - Trading time: 00:02:06
07-09-2025 04:17:41.000 INFO Current price: 0.000000094622 - Current percentage: 30.80% - Max: 41.22% - Min: -22.72% - Market Cap 19284 - Trading time: 00:02:06
07-09-2025 04:17:42.346 INFO Current price: 0.000000096034 - Current percentage: 33.03% - Max: 41.22% - Min: -22.72% - Market Cap 19613 - Trading time: 00:02:08
07-09-2025 04:17:43.348 INFO Current price: 0.000000091136 - Current percentage: 23.71% - Max: 41.22% - Min: -22.72% - Market Cap 18238 - Trading time: 00:02:09
07-09-2025 04:17:43.369 INFO Current price: 0.000000091009 - Current percentage: 26.33% - Max: 41.22% - Min: -22.72% - Market Cap 18624 - Trading time: 00:02:09
07-09-2025 04:17:44.794 INFO Current price: 0.000000092677 - Current percentage: 28.29% - Max: 41.22% - Min: -22.72% - Market Cap 18913 - Trading time: 00:02:10
07-09-2025 04:17:45.913 INFO Current price: 0.000000093699 - Current percentage: 29.13% - Max: 41.22% - Min: -22.72% - Market Cap 19037 - Trading time: 00:02:11
07-09-2025 04:17:47.345 INFO Current price: 0.000000094485 - Current percentage: 30.45% - Max: 41.22% - Min: -22.72% - Market Cap 19232 - Trading time: 00:02:13
07-09-2025 04:17:49.743 INFO Current price: 0.000000095275 - Current percentage: 31.30% - Max: 41.22% - Min: -22.72% - Market Cap 19357 - Trading time: 00:02:15
07-09-2025 04:17:49.748 INFO Current price: 0.000000096123 - Current percentage: 32.78% - Max: 41.22% - Min: -22.72% - Market Cap 19575 - Trading time: 00:02:15
07-09-2025 04:17:51.553 INFO Current price: 0.000000096837 - Current percentage: 33.26% - Max: 41.22% - Min: -22.72% - Market Cap 19646 - Trading time: 00:02:17
07-09-2025 04:17:52.955 INFO Current price: 0.000000097497 - Current percentage: 34.59% - Max: 41.22% - Min: -22.72% - Market Cap 19843 - Trading time: 00:02:18
07-09-2025 04:17:53.846 INFO Current price: 0.000000098806 - Current percentage: 36.86% - Max: 41.22% - Min: -22.72% - Market Cap 20177 - Trading time: 00:02:19
07-09-2025 04:17:54.511 INFO Current price: 0.000000100149 - Current percentage: 38.28% - Max: 41.22% - Min: -22.72% - Market Cap 20386 - Trading time: 00:02:20
07-09-2025 04:17:56.044 INFO Current price: 0.000000100246 - Current percentage: 37.12% - Max: 41.22% - Min: -22.72% - Market Cap 20215 - Trading time: 00:02:21
07-09-2025 04:17:56.519 INFO Current price: 0.000000099929 - Current percentage: 37.41% - Max: 41.22% - Min: -22.72% - Market Cap 20258 - Trading time: 00:02:22
07-09-2025 04:17:57.273 INFO Current price: 0.000000100382 - Current percentage: 38.37% - Max: 41.22% - Min: -22.72% - Market Cap 20399 - Trading time: 00:02:23
07-09-2025 04:17:57.478 INFO Current price: 0.000000101248 - Current percentage: 39.79% - Max: 41.22% - Min: -22.72% - Market Cap 20609 - Trading time: 00:02:23
07-09-2025 04:17:58.706 INFO Current price: 0.000000102425 - Current percentage: 41.60% - Max: 41.60% - Min: -22.72% - Market Cap 20876 - Trading time: 00:02:24
07-09-2025 04:17:59.867 INFO Current price: 0.000000103177 - Current percentage: 41.85% - Max: 41.85% - Min: -22.72% - Market Cap 20913 - Trading time: 00:02:25
07-09-2025 04:18:00.917 INFO Current price: 0.000000104270 - Current percentage: 44.62% - Max: 44.62% - Min: -22.72% - Market Cap 21321 - Trading time: 00:02:26
07-09-2025 04:18:02.188 INFO Current price: 0.000000106060 - Current percentage: 46.76% - Max: 46.76% - Min: -22.72% - Market Cap 21637 - Trading time: 00:02:28
07-09-2025 04:18:03.358 INFO Current price: 0.000000107536 - Current percentage: 48.67% - Max: 48.67% - Min: -22.72% - Market Cap 21918 - Trading time: 00:02:29
07-09-2025 04:18:04.440 INFO Current price: 0.000000108893 - Current percentage: 50.49% - Max: 50.49% - Min: -22.72% - Market Cap 22186 - Trading time: 00:02:30
07-09-2025 04:18:05.840 INFO Current price: 0.000000110147 - Current percentage: 52.12% - Max: 52.12% - Min: -22.72% - Market Cap 22426 - Trading time: 00:02:31
07-09-2025 04:18:07.302 INFO Current price: 0.000000111761 - Current percentage: 54.93% - Max: 54.93% - Min: -22.72% - Market Cap 22841 - Trading time: 00:02:33
07-09-2025 04:18:08.740 INFO Current price: 0.000000113352 - Current percentage: 56.48% - Max: 56.48% - Min: -22.72% - Market Cap 23069 - Trading time: 00:02:34
07-09-2025 04:18:09.822 INFO Current price: 0.000000104301 - Current percentage: 41.57% - Max: 56.48% - Min: -22.72% - Market Cap 20871 - Trading time: 00:02:35
07-09-2025 04:18:09.822 INFO Current price: 0.000000095091 - Current percentage: 29.18% - Max: 56.48% - Min: -22.72% - Market Cap 19044 - Trading time: 00:02:35
07-09-2025 04:18:09.823 INFO Current price: 0.000000089190 - Current percentage: 21.27% - Max: 56.48% - Min: -22.72% - Market Cap 17879 - Trading time: 00:02:35
07-09-2025 04:18:10.034 INFO Current price: 0.000000088417 - Current percentage: 21.63% - Max: 56.48% - Min: -22.72% - Market Cap 17931 - Trading time: 00:02:35
07-09-2025 04:18:10.445 INFO Current price: 0.000000088927 - Current percentage: 22.68% - Max: 56.48% - Min: -22.72% - Market Cap 18086 - Trading time: 00:02:36
07-09-2025 04:18:10.679 INFO Current price: 0.000000090992 - Current percentage: 27.34% - Max: 56.48% - Min: -22.72% - Market Cap 18773 - Trading time: 00:02:36
07-09-2025 04:18:11.549 INFO Current price: 0.000000093674 - Current percentage: 29.66% - Max: 56.48% - Min: -22.72% - Market Cap 19116 - Trading time: 00:02:37
07-09-2025 04:18:12.088 INFO Current price: 0.000000094098 - Current percentage: 28.85% - Max: 56.48% - Min: -22.72% - Market Cap 18996 - Trading time: 00:02:37
07-09-2025 04:18:12.827 INFO Current price: 0.000000094887 - Current percentage: 31.85% - Max: 56.48% - Min: -22.72% - Market Cap 19438 - Trading time: 00:02:38
07-09-2025 04:18:13.994 INFO Current price: 0.000000096538 - Current percentage: 33.37% - Max: 56.48% - Min: -22.72% - Market Cap 19662 - Trading time: 00:02:39
07-09-2025 04:18:14.259 INFO Current price: 0.000000094493 - Current percentage: 29.35% - Max: 56.48% - Min: -22.72% - Market Cap 19070 - Trading time: 00:02:40
07-09-2025 04:18:14.259 INFO Current price: 0.000000091806 - Current percentage: 25.69% - Max: 56.48% - Min: -22.72% - Market Cap 18530 - Trading time: 00:02:40
07-09-2025 04:18:14.259 INFO Current price: 0.000000089470 - Current percentage: 22.51% - Max: 56.48% - Min: -22.72% - Market Cap 18062 - Trading time: 00:02:40
07-09-2025 04:18:14.262 INFO Current price: 0.000000087298 - Current percentage: 19.56% - Max: 56.48% - Min: -22.72% - Market Cap 17626 - Trading time: 00:02:40
07-09-2025 04:18:14.264 INFO Current price: 0.000000085296 - Current percentage: 16.84% - Max: 56.48% - Min: -22.72% - Market Cap 17225 - Trading time: 00:02:40
07-09-2025 04:18:14.316 INFO Current price: 0.000000082295 - Current percentage: 12.53% - Max: 56.48% - Min: -22.72% - Market Cap 16591 - Trading time: 00:02:40
07-09-2025 04:18:14.320 INFO Current price: 0.000000079474 - Current percentage: 8.71% - Max: 56.48% - Min: -22.72% - Market Cap 16027 - Trading time: 00:02:40
07-09-2025 04:18:14.320 INFO Current price: 0.000000076767 - Current percentage: 5.03% - Max: 56.48% - Min: -22.72% - Market Cap 15485 - Trading time: 00:02:40
07-09-2025 04:18:14.323 INFO Current price: 0.000000074413 - Current percentage: 1.86% - Max: 56.48% - Min: -22.72% - Market Cap 15017 - Trading time: 00:02:40
07-09-2025 04:18:14.327 INFO Current price: 0.000000072362 - Current percentage: -1.01% - Max: 56.48% - Min: -22.72% - Market Cap 14594 - Trading time: 00:02:40
07-09-2025 04:18:14.332 INFO Current price: 0.000000070938 - Current percentage: -2.78% - Max: 56.48% - Min: -22.72% - Market Cap 14333 - Trading time: 00:02:40
07-09-2025 04:18:14.334 INFO Current price: 0.000000069898 - Current percentage: -4.22% - Max: 56.48% - Min: -22.72% - Market Cap 14121 - Trading time: 00:02:40
07-09-2025 04:18:14.341 INFO Current price: 0.000000068573 - Current percentage: -5.93% - Max: 56.48% - Min: -22.72% - Market Cap 13869 - Trading time: 00:02:40
07-09-2025 04:18:14.362 INFO Current price: 0.000000067464 - Current percentage: -7.62% - Max: 56.48% - Min: -22.72% - Market Cap 13620 - Trading time: 00:02:40
07-09-2025 04:18:14.362 INFO Current price: 0.000000065158 - Current percentage: -10.70% - Max: 56.48% - Min: -22.72% - Market Cap 13165 - Trading time: 00:02:40
07-09-2025 04:18:14.362 INFO Current price: 0.000000064604 - Current percentage: -11.33% - Max: 56.48% - Min: -22.72% - Market Cap 13072 - Trading time: 00:02:40
07-09-2025 04:18:14.362 INFO Current price: 0.000000064265 - Current percentage: -11.78% - Max: 56.48% - Min: -22.72% - Market Cap 13007 - Trading time: 00:02:40
07-09-2025 04:18:14.363 INFO Current price: 0.000000063903 - Current percentage: -12.39% - Max: 56.48% - Min: -22.72% - Market Cap 12917 - Trading time: 00:02:40
07-09-2025 04:18:14.363 INFO Current price: 0.000000062620 - Current percentage: -14.28% - Max: 56.48% - Min: -22.72% - Market Cap 12637 - Trading time: 00:02:40
07-09-2025 04:18:14.363 INFO Current price: 0.000000061236 - Current percentage: -16.23% - Max: 56.48% - Min: -22.72% - Market Cap 12350 - Trading time: 00:02:40
07-09-2025 04:18:14.363 INFO Current price: 0.000000060253 - Current percentage: -17.38% - Max: 56.48% - Min: -22.72% - Market Cap 12181 - Trading time: 00:02:40
07-09-2025 04:18:14.363 INFO Current price: 0.000000059478 - Current percentage: -18.43% - Max: 56.48% - Min: -22.72% - Market Cap 12026 - Trading time: 00:02:40
07-09-2025 04:18:14.363 INFO Current price: 0.000000058754 - Current percentage: -19.44% - Max: 56.48% - Min: -22.72% - Market Cap 11877 - Trading time: 00:02:40
07-09-2025 04:18:14.366 INFO Current price: 0.000000058045 - Current percentage: -20.38% - Max: 56.48% - Min: -22.72% - Market Cap 11739 - Trading time: 00:02:40
07-09-2025 04:18:14.366 INFO Current price: 0.000000057460 - Current percentage: -21.15% - Max: 56.48% - Min: -22.72% - Market Cap 11624 - Trading time: 00:02:40
07-09-2025 04:18:14.980 INFO Current price: 0.000000057542 - Current percentage: -20.76% - Max: 56.48% - Min: -22.72% - Market Cap 11681 - Trading time: 00:02:40
07-09-2025 04:18:16.370 INFO Current price: 0.000000058139 - Current percentage: -19.51% - Max: 56.48% - Min: -22.72% - Market Cap 11867 - Trading time: 00:02:42
07-09-2025 04:18:17.865 INFO Current price: 0.000000058846 - Current percentage: -18.65% - Max: 56.48% - Min: -22.72% - Market Cap 11994 - Trading time: 00:02:43
07-09-2025 04:18:19.917 INFO Current price: 0.000000059781 - Current percentage: -17.11% - Max: 56.48% - Min: -22.72% - Market Cap 12220 - Trading time: 00:02:45
07-09-2025 04:18:20.778 INFO Current price: 0.000000060271 - Current percentage: -17.31% - Max: 56.48% - Min: -22.72% - Market Cap 12191 - Trading time: 00:02:46
07-09-2025 04:18:21.523 INFO Current price: 0.000000060212 - Current percentage: -17.27% - Max: 56.48% - Min: -22.72% - Market Cap 12196 - Trading time: 00:02:47
07-09-2025 04:18:21.964 INFO Current price: 0.000000060146 - Current percentage: -17.49% - Max: 56.48% - Min: -22.72% - Market Cap 12164 - Trading time: 00:02:47
07-09-2025 04:18:22.405 INFO Current price: 0.000000060857 - Current percentage: -15.31% - Max: 56.48% - Min: -22.72% - Market Cap 12486 - Trading time: 00:02:48
07-09-2025 04:18:23.575 INFO Current price: 0.000000062322 - Current percentage: -13.47% - Max: 56.48% - Min: -22.72% - Market Cap 12757 - Trading time: 00:02:49
07-09-2025 04:18:24.903 INFO Current price: 0.000000063539 - Current percentage: -11.97% - Max: 56.48% - Min: -22.72% - Market Cap 12979 - Trading time: 00:02:50
07-09-2025 04:18:25.905 INFO Current price: 0.000000064188 - Current percentage: -11.69% - Max: 56.48% - Min: -22.72% - Market Cap 13019 - Trading time: 00:02:51
07-09-2025 04:18:27.080 INFO Current price: 0.000000065008 - Current percentage: -9.70% - Max: 56.48% - Min: -22.72% - Market Cap 13312 - Trading time: 00:02:52
07-09-2025 04:18:28.281 INFO Current price: 0.000000065908 - Current percentage: -9.23% - Max: 56.48% - Min: -22.72% - Market Cap 13382 - Trading time: 00:02:54
07-09-2025 04:18:29.690 INFO Current price: 0.000000066396 - Current percentage: -8.36% - Max: 56.48% - Min: -22.72% - Market Cap 13510 - Trading time: 00:02:55
07-09-2025 04:18:30.700 INFO Current price: 0.000000067518 - Current percentage: -6.13% - Max: 56.48% - Min: -22.72% - Market Cap 13838 - Trading time: 00:02:56
07-09-2025 04:18:30.700 INFO Current price: 0.000000067248 - Current percentage: -9.10% - Max: 56.48% - Min: -22.72% - Market Cap 13402 - Trading time: 00:02:56
07-09-2025 04:18:31.451 INFO Current price: 0.000000066466 - Current percentage: -8.31% - Max: 56.48% - Min: -22.72% - Market Cap 13518 - Trading time: 00:02:57
07-09-2025 04:18:31.759 INFO Current price: 0.000000066986 - Current percentage: -7.67% - Max: 56.48% - Min: -22.72% - Market Cap 13613 - Trading time: 00:02:57
07-09-2025 04:18:33.297 INFO Current price: 0.000000067971 - Current percentage: -5.59% - Max: 56.48% - Min: -22.72% - Market Cap 13919 - Trading time: 00:02:59
07-09-2025 04:18:34.730 INFO Current price: 0.000000069023 - Current percentage: -4.79% - Max: 56.48% - Min: -22.72% - Market Cap 14037 - Trading time: 00:03:00
07-09-2025 04:18:35.439 INFO Current price: 0.000000069805 - Current percentage: -3.44% - Max: 56.48% - Min: -22.72% - Market Cap 14236 - Trading time: 00:03:01
07-09-2025 04:18:36.528 INFO Current price: 0.000000070947 - Current percentage: -1.64% - Max: 56.48% - Min: -22.72% - Market Cap 14500 - Trading time: 00:03:02
07-09-2025 04:18:37.825 INFO Current price: 0.000000072289 - Current percentage: 0.25% - Max: 56.48% - Min: -22.72% - Market Cap 14780 - Trading time: 00:03:03
07-09-2025 04:18:38.858 INFO Current price: 0.000000073629 - Current percentage: 2.04% - Max: 56.48% - Min: -22.72% - Market Cap 15043 - Trading time: 00:03:04
07-09-2025 04:18:40.060 INFO Current price: 0.000000075118 - Current percentage: 4.34% - Max: 56.48% - Min: -22.72% - Market Cap 15383 - Trading time: 00:03:05
07-09-2025 04:18:41.214 INFO Current price: 0.000000076286 - Current percentage: 5.23% - Max: 56.48% - Min: -22.72% - Market Cap 15514 - Trading time: 00:03:07
07-09-2025 04:18:42.517 INFO Current price: 0.000000077458 - Current percentage: 7.58% - Max: 56.48% - Min: -22.72% - Market Cap 15860 - Trading time: 00:03:08
07-09-2025 04:18:43.603 INFO Current price: 0.000000078659 - Current percentage: 8.52% - Max: 56.48% - Min: -22.72% - Market Cap 15999 - Trading time: 00:03:09
07-09-2025 04:18:44.858 INFO Current price: 0.000000079662 - Current percentage: 10.34% - Max: 56.48% - Min: -22.72% - Market Cap 16267 - Trading time: 00:03:10
07-09-2025 04:18:46.085 INFO Current price: 0.000000080562 - Current percentage: 10.99% - Max: 56.48% - Min: -22.72% - Market Cap 16363 - Trading time: 00:03:11
07-09-2025 04:18:47.117 INFO Current price: 0.000000081259 - Current percentage: 12.25% - Max: 56.48% - Min: -22.72% - Market Cap 16549 - Trading time: 00:03:12
07-09-2025 04:18:48.336 INFO Current price: 0.000000081879 - Current percentage: 12.69% - Max: 56.48% - Min: -22.72% - Market Cap 16613 - Trading time: 00:03:14
07-09-2025 04:18:49.587 INFO Current price: 0.000000082340 - Current percentage: 13.52% - Max: 56.48% - Min: -22.72% - Market Cap 16736 - Trading time: 00:03:15
07-09-2025 04:18:50.867 INFO Current price: 0.000000079146 - Current percentage: 7.31% - Max: 56.48% - Min: -22.72% - Market Cap 15821 - Trading time: 00:03:16
07-09-2025 04:18:50.914 INFO Current price: 0.000000078315 - Current percentage: 7.84% - Max: 56.48% - Min: -22.72% - Market Cap 15898 - Trading time: 00:03:16
07-09-2025 04:18:51.824 INFO Current price: 0.000000079256 - Current percentage: 9.91% - Max: 56.48% - Min: -22.72% - Market Cap 16203 - Trading time: 00:03:17
07-09-2025 04:18:53.043 INFO Current price: 0.000000080423 - Current percentage: 11.04% - Max: 56.48% - Min: -22.72% - Market Cap 16370 - Trading time: 00:03:18
07-09-2025 04:18:54.272 INFO Current price: 0.000000081738 - Current percentage: 13.53% - Max: 56.48% - Min: -22.72% - Market Cap 16738 - Trading time: 00:03:20
07-09-2025 04:18:55.501 INFO Current price: 0.000000082844 - Current percentage: 14.06% - Max: 56.48% - Min: -22.72% - Market Cap 16816 - Trading time: 00:03:21
07-09-2025 04:18:56.594 INFO Current price: 0.000000083599 - Current percentage: 15.61% - Max: 56.48% - Min: -22.72% - Market Cap 17044 - Trading time: 00:03:22
07-09-2025 04:18:58.365 INFO Current price: 0.000000084278 - Current percentage: 15.92% - Max: 56.48% - Min: -22.72% - Market Cap 17090 - Trading time: 00:03:24
07-09-2025 04:18:58.933 INFO Current price: 0.000000084765 - Current percentage: 16.95% - Max: 56.48% - Min: -22.72% - Market Cap 17242 - Trading time: 00:03:24
07-09-2025 04:19:00.207 INFO Current price: 0.000000085367 - Current percentage: 17.58% - Max: 56.48% - Min: -22.72% - Market Cap 17334 - Trading time: 00:03:26
07-09-2025 04:19:01.354 INFO Current price: 0.000000086444 - Current percentage: 19.70% - Max: 56.48% - Min: -22.72% - Market Cap 17648 - Trading time: 00:03:27
07-09-2025 04:19:02.153 INFO Current price: 0.000000087463 - Current percentage: 20.15% - Max: 56.48% - Min: -22.72% - Market Cap 17714 - Trading time: 00:03:27
07-09-2025 04:19:02.494 INFO Current price: 0.000000087907 - Current percentage: 20.92% - Max: 56.48% - Min: -22.72% - Market Cap 17828 - Trading time: 00:03:28
07-09-2025 04:19:03.789 INFO Current price: 0.000000088885 - Current percentage: 22.84% - Max: 56.48% - Min: -22.72% - Market Cap 18110 - Trading time: 00:03:29
07-09-2025 04:19:05.155 INFO Current price: 0.000000089969 - Current percentage: 23.89% - Max: 56.48% - Min: -22.72% - Market Cap 18265 - Trading time: 00:03:30
07-09-2025 04:19:06.347 INFO Current price: 0.000000090572 - Current percentage: 24.49% - Max: 56.48% - Min: -22.72% - Market Cap 18353 - Trading time: 00:03:32
07-09-2025 04:19:07.198 INFO Current price: 0.000000090926 - Current percentage: 24.86% - Max: 56.48% - Min: -22.72% - Market Cap 18408 - Trading time: 00:03:33
07-09-2025 04:19:08.701 INFO Current price: 0.000000091649 - Current percentage: 26.48% - Max: 56.48% - Min: -22.72% - Market Cap 18647 - Trading time: 00:03:34
07-09-2025 04:19:11.106 INFO Current price: 0.000000092597 - Current percentage: 27.46% - Max: 56.48% - Min: -22.72% - Market Cap 18791 - Trading time: 00:03:36
07-09-2025 04:19:11.297 INFO Current price: 0.000000085083 - Current percentage: 15.37% - Max: 56.48% - Min: -22.72% - Market Cap 17009 - Trading time: 00:03:37
07-09-2025 04:19:11.300 INFO Current price: 0.000000078615 - Current percentage: 6.89% - Max: 56.48% - Min: -22.72% - Market Cap 15759 - Trading time: 00:03:37
07-09-2025 04:19:11.308 INFO Current price: 0.000000074032 - Current percentage: 0.78% - Max: 56.48% - Min: -22.72% - Market Cap 14858 - Trading time: 00:03:37
07-09-2025 04:19:11.309 INFO Current price: 0.000000072074 - Current percentage: -1.77% - Max: 56.48% - Min: -22.72% - Market Cap 14482 - Trading time: 00:03:37
07-09-2025 04:19:11.874 INFO Current price: 0.000000071784 - Current percentage: -1.37% - Max: 56.48% - Min: -22.72% - Market Cap 14541 - Trading time: 00:03:37
07-09-2025 04:19:12.233 INFO Current price: 0.000000072623 - Current percentage: 0.54% - Max: 56.48% - Min: -22.72% - Market Cap 14822 - Trading time: 00:03:38
07-09-2025 04:19:13.497 INFO Current price: 0.000000074213 - Current percentage: 3.00% - Max: 56.48% - Min: -22.72% - Market Cap 15184 - Trading time: 00:03:39
07-09-2025 04:19:13.550 INFO Current price: 0.000000075265 - Current percentage: 3.41% - Max: 56.48% - Min: -22.72% - Market Cap 15245 - Trading time: 00:03:39
07-09-2025 04:19:14.088 INFO Current price: 0.000000075425 - Current percentage: 3.43% - Max: 56.48% - Min: -22.72% - Market Cap 15249 - Trading time: 00:03:39
07-09-2025 04:19:14.637 INFO Current price: 0.000000075831 - Current percentage: 4.53% - Max: 56.48% - Min: -22.72% - Market Cap 15410 - Trading time: 00:03:40
07-09-2025 04:19:15.779 INFO Current price: 0.000000076970 - Current percentage: 6.56% - Max: 56.48% - Min: -22.72% - Market Cap 15710 - Trading time: 00:03:41
07-09-2025 04:19:18.833 INFO Current price: 0.000000078104 - Current percentage: 7.63% - Max: 56.48% - Min: -22.72% - Market Cap 15868 - Trading time: 00:03:44
07-09-2025 04:19:19.443 INFO Current price: 0.000000078635 - Current percentage: 8.02% - Max: 56.48% - Min: -22.72% - Market Cap 15925 - Trading time: 00:03:45
07-09-2025 04:19:20.231 INFO Current price: 0.000000075732 - Current percentage: 3.28% - Max: 56.48% - Min: -22.72% - Market Cap 15226 - Trading time: 00:03:46
07-09-2025 04:19:20.238 INFO Current price: 0.000000072664 - Current percentage: -0.86% - Max: 56.48% - Min: -22.72% - Market Cap 14616 - Trading time: 00:03:46
07-09-2025 04:19:20.238 INFO Current price: 0.000000069858 - Current percentage: -4.68% - Max: 56.48% - Min: -22.72% - Market Cap 14054 - Trading time: 00:03:46
07-09-2025 04:19:20.246 INFO Current price: 0.000000067288 - Current percentage: -8.15% - Max: 56.48% - Min: -22.72% - Market Cap 13541 - Trading time: 00:03:46
07-09-2025 04:19:20.246 INFO Current price: 0.000000064974 - Current percentage: -11.29% - Max: 56.48% - Min: -22.72% - Market Cap 13079 - Trading time: 00:03:46
07-09-2025 04:19:20.249 INFO Current price: 0.000000063558 - Current percentage: -13.07% - Max: 56.48% - Min: -22.72% - Market Cap 12816 - Trading time: 00:03:46
07-09-2025 04:19:20.249 INFO Current price: 0.000000062331 - Current percentage: -14.73% - Max: 56.48% - Min: -22.72% - Market Cap 12571 - Trading time: 00:03:46
07-09-2025 04:19:20.251 INFO Current price: 0.000000061244 - Current percentage: -16.20% - Max: 56.48% - Min: -22.72% - Market Cap 12355 - Trading time: 00:03:46
07-09-2025 04:19:20.253 INFO Current price: 0.000000060352 - Current percentage: -17.39% - Max: 56.48% - Min: -22.72% - Market Cap 12179 - Trading time: 00:03:46
07-09-2025 04:19:20.255 INFO Current price: 0.000000059534 - Current percentage: -18.50% - Max: 56.48% - Min: -22.72% - Market Cap 12015 - Trading time: 00:03:46
07-09-2025 04:19:20.281 INFO Current price: 0.000000058776 - Current percentage: -19.53% - Max: 56.48% - Min: -22.72% - Market Cap 11863 - Trading time: 00:03:46
07-09-2025 04:19:20.289 INFO Current price: 0.000000058072 - Current percentage: -20.49% - Max: 56.48% - Min: -22.72% - Market Cap 11722 - Trading time: 00:03:46
07-09-2025 04:19:20.346 INFO Current price: 0.000000057422 - Current percentage: -21.37% - Max: 56.48% - Min: -22.72% - Market Cap 11592 - Trading time: 00:03:46
07-09-2025 04:19:20.346 INFO Current price: 0.000000056819 - Current percentage: -22.19% - Max: 56.48% - Min: -22.72% - Market Cap 11471 - Trading time: 00:03:46
07-09-2025 04:19:20.349 INFO Current price: 0.000000056269 - Current percentage: -22.93% - Max: 56.48% - Min: -22.93% - Market Cap 11362 - Trading time: 00:03:46
07-09-2025 04:19:20.534 INFO Current price: 0.000000056656 - Current percentage: -21.69% - Max: 56.48% - Min: -22.93% - Market Cap 11545 - Trading time: 00:03:46
07-09-2025 04:19:21.739 INFO Current price: 0.000000057525 - Current percentage: -20.55% - Max: 56.48% - Min: -22.93% - Market Cap 11713 - Trading time: 00:03:47
07-09-2025 04:19:22.822 INFO Current price: 0.000000058434 - Current percentage: -19.19% - Max: 56.48% - Min: -22.93% - Market Cap 11913 - Trading time: 00:03:48
07-09-2025 04:19:24.053 INFO Current price: 0.000000059527 - Current percentage: -17.55% - Max: 56.48% - Min: -22.93% - Market Cap 12155 - Trading time: 00:03:49
07-09-2025 04:19:24.256 INFO Current price: 0.000000059882 - Current percentage: -18.23% - Max: 56.48% - Min: -22.93% - Market Cap 12056 - Trading time: 00:03:50
07-09-2025 04:19:26.592 INFO Current price: 0.000000060251 - Current percentage: -16.80% - Max: 56.48% - Min: -22.93% - Market Cap 12267 - Trading time: 00:03:52
07-09-2025 04:19:26.669 INFO Current price: 0.000000060571 - Current percentage: -17.10% - Max: 56.48% - Min: -22.93% - Market Cap 12222 - Trading time: 00:03:52
07-09-2025 04:19:27.582 INFO Current price: 0.000000060819 - Current percentage: -16.12% - Max: 56.48% - Min: -22.93% - Market Cap 12367 - Trading time: 00:03:53
07-09-2025 04:19:27.590 INFO Current price: 0.000000060981 - Current percentage: -16.65% - Max: 56.48% - Min: -22.93% - Market Cap 12288 - Trading time: 00:03:53
07-09-2025 04:19:28.861 INFO Current price: 0.000000061417 - Current percentage: -14.91% - Max: 56.48% - Min: -22.93% - Market Cap 12545 - Trading time: 00:03:54
07-09-2025 04:19:29.198 INFO Current price: 0.000000061612 - Current percentage: -16.12% - Max: 56.48% - Min: -22.93% - Market Cap 12366 - Trading time: 00:03:55
07-09-2025 04:19:29.912 INFO Current price: 0.000000061932 - Current percentage: -14.02% - Max: 56.48% - Min: -22.93% - Market Cap 12675 - Trading time: 00:03:55
07-09-2025 04:19:31.058 INFO Current price: 0.000000063498 - Current percentage: -11.83% - Max: 56.48% - Min: -22.93% - Market Cap 12999 - Trading time: 00:03:56
07-09-2025 04:19:32.647 INFO Current price: 0.000000064911 - Current percentage: -10.15% - Max: 56.48% - Min: -22.93% - Market Cap 13246 - Trading time: 00:03:58
07-09-2025 04:19:34.570 INFO Current price: 0.000000066024 - Current percentage: -8.78% - Max: 56.48% - Min: -22.93% - Market Cap 13448 - Trading time: 00:04:00
07-09-2025 04:19:35.806 INFO Current price: 0.000000067073 - Current percentage: -7.28% - Max: 56.48% - Min: -22.93% - Market Cap 13670 - Trading time: 00:04:01
07-09-2025 04:19:36.126 INFO Current price: 0.000000067551 - Current percentage: -7.48% - Max: 56.48% - Min: -22.93% - Market Cap 13641 - Trading time: 00:04:01
07-09-2025 04:19:37.091 INFO Current price: 0.000000068316 - Current percentage: -5.16% - Max: 56.48% - Min: -22.93% - Market Cap 13982 - Trading time: 00:04:02
07-09-2025 04:19:38.275 INFO Current price: 0.000000069721 - Current percentage: -3.63% - Max: 56.48% - Min: -22.93% - Market Cap 14208 - Trading time: 00:04:04
07-09-2025 04:19:39.458 INFO Current price: 0.000000070918 - Current percentage: -1.88% - Max: 56.48% - Min: -22.93% - Market Cap 14466 - Trading time: 00:04:05
07-09-2025 04:19:39.986 INFO Current price: 0.000000071783 - Current percentage: -1.27% - Max: 56.48% - Min: -22.93% - Market Cap 14556 - Trading time: 00:04:05
07-09-2025 04:19:40.698 INFO Current price: 0.000000072609 - Current percentage: 0.39% - Max: 56.48% - Min: -22.93% - Market Cap 14801 - Trading time: 00:04:06
07-09-2025 04:19:41.779 INFO Current price: 0.000000073744 - Current percentage: 1.85% - Max: 56.48% - Min: -22.93% - Market Cap 15015 - Trading time: 00:04:07
07-09-2025 04:19:42.983 INFO Current price: 0.000000074685 - Current percentage: 2.87% - Max: 56.48% - Min: -22.93% - Market Cap 15165 - Trading time: 00:04:08
07-09-2025 04:19:44.928 INFO Current price: 0.000000075235 - Current percentage: 3.45% - Max: 56.48% - Min: -22.93% - Market Cap 15252 - Trading time: 00:04:10
07-09-2025 04:19:45.328 INFO Current price: 0.000000076280 - Current percentage: 5.75% - Max: 56.48% - Min: -22.93% - Market Cap 15590 - Trading time: 00:04:11
07-09-2025 04:19:46.441 INFO Current price: 0.000000077199 - Current percentage: 5.96% - Max: 56.48% - Min: -22.93% - Market Cap 15622 - Trading time: 00:04:12
07-09-2025 04:19:46.475 INFO Current price: 0.000000077417 - Current percentage: 6.34% - Max: 56.48% - Min: -22.93% - Market Cap 15678 - Trading time: 00:04:12
07-09-2025 04:19:47.597 INFO Current price: 0.000000073178 - Current percentage: -0.76% - Max: 56.48% - Min: -22.93% - Market Cap 14631 - Trading time: 00:04:13
07-09-2025 04:19:47.777 INFO Current price: 0.000000073144 - Current percentage: 1.36% - Max: 56.48% - Min: -22.93% - Market Cap 14943 - Trading time: 00:04:13
07-09-2025 04:19:48.509 INFO Current price: 0.000000073702 - Current percentage: 0.76% - Max: 56.48% - Min: -22.93% - Market Cap 14855 - Trading time: 00:04:14
07-09-2025 04:19:48.953 INFO Current price: 0.000000074399 - Current percentage: 3.29% - Max: 56.48% - Min: -22.93% - Market Cap 15227 - Trading time: 00:04:14
07-09-2025 04:19:50.175 INFO Current price: 0.000000076076 - Current percentage: 5.35% - Max: 56.48% - Min: -22.93% - Market Cap 15532 - Trading time: 00:04:16
07-09-2025 04:19:51.283 INFO Current price: 0.000000077188 - Current percentage: 6.33% - Max: 56.48% - Min: -22.93% - Market Cap 15676 - Trading time: 00:04:17
07-09-2025 04:19:52.600 INFO Current price: 0.000000078337 - Current percentage: 8.51% - Max: 56.48% - Min: -22.93% - Market Cap 15997 - Trading time: 00:04:18
07-09-2025 04:19:53.690 INFO Current price: 0.000000080015 - Current percentage: 10.93% - Max: 56.48% - Min: -22.93% - Market Cap 16354 - Trading time: 00:04:19
07-09-2025 04:19:54.877 INFO Current price: 0.000000081711 - Current percentage: 13.16% - Max: 56.48% - Min: -22.93% - Market Cap 16683 - Trading time: 00:04:20
07-09-2025 04:19:57.195 INFO Current price: 0.000000083248 - Current percentage: 15.14% - Max: 56.48% - Min: -22.93% - Market Cap 16976 - Trading time: 00:04:23
07-09-2025 04:19:57.521 INFO Current price: 0.000000084134 - Current percentage: 15.58% - Max: 56.48% - Min: -22.93% - Market Cap 17040 - Trading time: 00:04:23
07-09-2025 04:19:58.401 INFO Current price: 0.000000085171 - Current percentage: 18.00% - Max: 56.48% - Min: -22.93% - Market Cap 17397 - Trading time: 00:04:24
07-09-2025 04:19:59.561 INFO Current price: 0.000000087006 - Current percentage: 20.62% - Max: 56.48% - Min: -22.93% - Market Cap 17782 - Trading time: 00:04:25
07-09-2025 04:20:00.686 INFO Current price: 0.000000088544 - Current percentage: 22.21% - Max: 56.48% - Min: -22.93% - Market Cap 18017 - Trading time: 00:04:26
07-09-2025 04:20:01.179 INFO Current price: 0.000000088924 - Current percentage: 21.66% - Max: 56.48% - Min: -22.93% - Market Cap 17935 - Trading time: 00:04:27
07-09-2025 04:20:01.845 INFO Current price: 0.000000089500 - Current percentage: 23.79% - Max: 56.48% - Min: -22.93% - Market Cap 18251 - Trading time: 00:04:27
07-09-2025 04:20:03.143 INFO Current price: 0.000000090669 - Current percentage: 24.85% - Max: 56.48% - Min: -22.93% - Market Cap 18407 - Trading time: 00:04:28
07-09-2025 04:20:04.251 INFO Current price: 0.000000091728 - Current percentage: 26.70% - Max: 56.48% - Min: -22.93% - Market Cap 18680 - Trading time: 00:04:30
07-09-2025 04:20:05.518 INFO Current price: 0.000000093118 - Current percentage: 28.66% - Max: 56.48% - Min: -22.93% - Market Cap 18969 - Trading time: 00:04:31
07-09-2025 04:20:06.569 INFO Current price: 0.000000094330 - Current percentage: 30.03% - Max: 56.48% - Min: -22.93% - Market Cap 19169 - Trading time: 00:04:32
07-09-2025 04:20:07.847 INFO Current price: 0.000000095257 - Current percentage: 31.20% - Max: 56.48% - Min: -22.93% - Market Cap 19343 - Trading time: 00:04:33
07-09-2025 04:20:09.180 INFO Current price: 0.000000096084 - Current percentage: 32.29% - Max: 56.48% - Min: -22.93% - Market Cap 19504 - Trading time: 00:04:35
07-09-2025 04:20:10.242 INFO Current price: 0.000000096853 - Current percentage: 33.59% - Max: 56.48% - Min: -22.93% - Market Cap 19695 - Trading time: 00:04:36
07-09-2025 04:20:11.336 INFO Current price: 0.000000097704 - Current percentage: 34.35% - Max: 56.48% - Min: -22.93% - Market Cap 19807 - Trading time: 00:04:37
07-09-2025 04:20:14.031 INFO Current price: 0.000000098821 - Current percentage: 36.66% - Max: 56.48% - Min: -22.93% - Market Cap 20147 - Trading time: 00:04:39
07-09-2025 04:20:14.945 INFO Current price: 0.000000099806 - Current percentage: 37.04% - Max: 56.48% - Min: -22.93% - Market Cap 20204 - Trading time: 00:04:40
07-09-2025 04:20:16.265 INFO Current price: 0.000000100705 - Current percentage: 39.13% - Max: 56.48% - Min: -22.93% - Market Cap 20512 - Trading time: 00:04:42
07-09-2025 04:20:17.535 INFO Current price: 0.000000095338 - Current percentage: 30.06% - Max: 56.48% - Min: -22.93% - Market Cap 19175 - Trading time: 00:04:43
07-09-2025 04:20:17.535 INFO Current price: 0.000000090564 - Current percentage: 22.73% - Max: 56.48% - Min: -22.93% - Market Cap 18093 - Trading time: 00:04:43
07-09-2025 04:20:17.538 INFO Current price: 0.000000083600 - Current percentage: 13.43% - Max: 56.48% - Min: -22.93% - Market Cap 16723 - Trading time: 00:04:43
07-09-2025 04:20:17.541 INFO Current price: 0.000000080109 - Current percentage: 8.77% - Max: 56.48% - Min: -22.93% - Market Cap 16035 - Trading time: 00:04:43
07-09-2025 04:20:17.545 INFO Current price: 0.000000077315 - Current percentage: 5.63% - Max: 56.48% - Min: -22.93% - Market Cap 15573 - Trading time: 00:04:43
07-09-2025 04:20:17.550 INFO Current price: 0.000000075175 - Current percentage: 2.72% - Max: 56.48% - Min: -22.93% - Market Cap 15144 - Trading time: 00:04:43
07-09-2025 04:20:17.551 INFO Current price: 0.000000073181 - Current percentage: 0.02% - Max: 56.48% - Min: -22.93% - Market Cap 14745 - Trading time: 00:04:43
07-09-2025 04:20:17.551 INFO Current price: 0.000000071402 - Current percentage: -2.38% - Max: 56.48% - Min: -22.93% - Market Cap 14391 - Trading time: 00:04:43
07-09-2025 04:20:17.553 INFO Current price: 0.000000069777 - Current percentage: -4.59% - Max: 56.48% - Min: -22.93% - Market Cap 14066 - Trading time: 00:04:43
07-09-2025 04:20:17.562 INFO Current price: 0.000000067651 - Current percentage: -7.61% - Max: 56.48% - Min: -22.93% - Market Cap 13622 - Trading time: 00:04:43
07-09-2025 04:20:17.562 INFO Current price: 0.000000065566 - Current percentage: -10.44% - Max: 56.48% - Min: -22.93% - Market Cap 13203 - Trading time: 00:04:43
07-09-2025 04:20:17.564 INFO Current price: 0.000000063619 - Current percentage: -13.09% - Max: 56.48% - Min: -22.93% - Market Cap 12813 - Trading time: 00:04:43
07-09-2025 04:20:17.569 INFO Current price: 0.000000061808 - Current percentage: -15.55% - Max: 56.48% - Min: -22.93% - Market Cap 12450 - Trading time: 00:04:43
07-09-2025 04:20:17.569 INFO Current price: 0.000000060119 - Current percentage: -17.84% - Max: 56.48% - Min: -22.93% - Market Cap 12112 - Trading time: 00:04:43
07-09-2025 04:20:17.626 INFO Current price: 0.000000058850 - Current percentage: -19.51% - Max: 56.48% - Min: -22.93% - Market Cap 11866 - Trading time: 00:04:43
07-09-2025 04:20:17.628 INFO Current price: 0.000000057686 - Current percentage: -21.10% - Max: 56.48% - Min: -22.93% - Market Cap 11633 - Trading time: 00:04:43
07-09-2025 04:20:17.630 INFO Current price: 0.000000056670 - Current percentage: -22.44% - Max: 56.48% - Min: -22.93% - Market Cap 11434 - Trading time: 00:04:43
07-09-2025 04:20:17.634 INFO Current price: 0.000000055984 - Current percentage: -23.32% - Max: 56.48% - Min: -23.32% - Market Cap 11305 - Trading time: 00:04:43
07-09-2025 04:20:17.638 INFO Current price: 0.000000055550 - Current percentage: -23.89% - Max: 56.48% - Min: -23.89% - Market Cap 11220 - Trading time: 00:04:43
07-09-2025 04:20:18.085 INFO Current price: 0.000000055353 - Current percentage: -24.31% - Max: 56.48% - Min: -24.31% - Market Cap 11159 - Trading time: 00:04:43
07-09-2025 04:20:18.226 INFO Current price: 0.000000055330 - Current percentage: -23.95% - Max: 56.48% - Min: -24.31% - Market Cap 11211 - Trading time: 00:04:44
07-09-2025 04:20:18.492 INFO Current price: 0.000000055736 - Current percentage: -23.20% - Max: 56.48% - Min: -24.31% - Market Cap 11323 - Trading time: 00:04:44
07-09-2025 04:20:18.550 INFO Current price: 0.000000056312 - Current percentage: -22.37% - Max: 56.48% - Min: -24.31% - Market Cap 11444 - Trading time: 00:04:44
07-09-2025 04:20:19.209 INFO Current price: 0.000000056617 - Current percentage: -22.36% - Max: 56.48% - Min: -24.31% - Market Cap 11446 - Trading time: 00:04:45
07-09-2025 04:20:20.847 INFO Current price: 0.000000056846 - Current percentage: -21.74% - Max: 56.48% - Min: -24.31% - Market Cap 11537 - Trading time: 00:04:46
07-09-2025 04:20:21.878 INFO Current price: 0.000000057739 - Current percentage: -19.91% - Max: 56.48% - Min: -24.31% - Market Cap 11808 - Trading time: 00:04:47
07-09-2025 04:20:22.585 INFO Current price: 0.000000058096 - Current percentage: -20.77% - Max: 56.48% - Min: -24.31% - Market Cap 11681 - Trading time: 00:04:48
07-09-2025 04:20:22.623 INFO Current price: 0.000000057464 - Current percentage: -21.27% - Max: 56.48% - Min: -24.31% - Market Cap 11608 - Trading time: 00:04:48
07-09-2025 04:20:22.625 INFO Current price: 0.000000057164 - Current percentage: -21.67% - Max: 56.48% - Min: -24.31% - Market Cap 11549 - Trading time: 00:04:48
07-09-2025 04:20:22.629 INFO Current price: 0.000000056927 - Current percentage: -21.97% - Max: 56.48% - Min: -24.31% - Market Cap 11503 - Trading time: 00:04:48
07-09-2025 04:20:22.629 INFO Current price: 0.000000053791 - Current percentage: -26.87% - Max: 56.48% - Min: -26.87% - Market Cap 10781 - Trading time: 00:04:48
07-09-2025 04:20:22.634 INFO Current price: 0.000000050416 - Current percentage: -31.34% - Max: 56.48% - Min: -31.34% - Market Cap 10122 - Trading time: 00:04:48
07-09-2025 04:20:22.688 INFO Current price: 0.000000048775 - Current percentage: -33.36% - Max: 56.48% - Min: -33.36% - Market Cap 9824 - Trading time: 00:04:48
07-09-2025 04:20:22.688 INFO Current price: 0.000000047400 - Current percentage: -35.23% - Max: 56.48% - Min: -35.23% - Market Cap 9548 - Trading time: 00:04:48
07-09-2025 04:20:22.691 INFO Current price: 0.000000046092 - Current percentage: -37.02% - Max: 56.48% - Min: -37.02% - Market Cap 9285 - Trading time: 00:04:48
07-09-2025 04:20:22.696 INFO Current price: 0.000000044848 - Current percentage: -38.71% - Max: 56.48% - Min: -38.71% - Market Cap 9036 - Trading time: 00:04:48
07-09-2025 04:20:22.699 INFO Current price: 0.000000043680 - Current percentage: -40.30% - Max: 56.48% - Min: -40.30% - Market Cap 8801 - Trading time: 00:04:48
07-09-2025 04:20:23.913 INFO Current price: 0.000000043388 - Current percentage: -40.71% - Max: 56.48% - Min: -40.71% - Market Cap 8741 - Trading time: 00:04:49
07-09-2025 04:20:24.224 INFO Current price: 0.000000043251 - Current percentage: -40.68% - Max: 56.48% - Min: -40.71% - Market Cap 8745 - Trading time: 00:04:50
07-09-2025 04:20:24.242 INFO Current price: 0.000000043377 - Current percentage: -40.36% - Max: 56.48% - Min: -40.71% - Market Cap 8792 - Trading time: 00:04:50
07-09-2025 04:20:25.468 INFO Current price: 0.000000044062 - Current percentage: -38.79% - Max: 56.48% - Min: -40.71% - Market Cap 9024 - Trading time: 00:04:51
07-09-2025 04:20:26.607 INFO Current price: 0.000000045346 - Current percentage: -36.84% - Max: 56.48% - Min: -40.71% - Market Cap 9312 - Trading time: 00:04:52
07-09-2025 04:20:26.988 INFO Current price: 0.000000046381 - Current percentage: -35.97% - Max: 56.48% - Min: -40.71% - Market Cap 9440 - Trading time: 00:04:52
07-09-2025 04:20:27.806 INFO Current price: 0.000000046905 - Current percentage: -35.40% - Max: 56.48% - Min: -40.71% - Market Cap 9523 - Trading time: 00:04:53
07-09-2025 04:20:29.262 INFO Current price: 0.000000047546 - Current percentage: -34.20% - Max: 56.48% - Min: -40.71% - Market Cap 9700 - Trading time: 00:04:55
07-09-2025 04:20:30.671 INFO Current price: 0.000000047947 - Current percentage: -34.31% - Max: 56.48% - Min: -40.71% - Market Cap 9685 - Trading time: 00:04:56
07-09-2025 04:20:31.284 INFO Current price: 0.000000048312 - Current percentage: -33.20% - Max: 56.48% - Min: -40.71% - Market Cap 9848 - Trading time: 00:04:57
07-09-2025 04:20:32.821 INFO Current price: 0.000000049431 - Current percentage: -31.23% - Max: 56.48% - Min: -40.71% - Market Cap 10139 - Trading time: 00:04:58
07-09-2025 04:20:35.067 INFO Current price: 0.000000050280 - Current percentage: -30.89% - Max: 56.48% - Min: -40.71% - Market Cap 10189 - Trading time: 00:05:00
07-09-2025 04:20:36.520 INFO Current price: 0.000000050631 - Current percentage: -30.27% - Max: 56.48% - Min: -40.71% - Market Cap 10281 - Trading time: 00:05:02
07-09-2025 04:20:37.278 INFO Current price: 0.000000050863 - Current percentage: -30.25% - Max: 56.48% - Min: -40.71% - Market Cap 10283 - Trading time: 00:05:03
07-09-2025 04:20:38.344 INFO Current price: 0.000000051360 - Current percentage: -28.90% - Max: 56.48% - Min: -40.71% - Market Cap 10482 - Trading time: 00:05:04
07-09-2025 04:20:39.265 INFO Current price: 0.000000051662 - Current percentage: -29.42% - Max: 56.48% - Min: -40.71% - Market Cap 10405 - Trading time: 00:05:05
07-09-2025 04:20:39.983 INFO Current price: 0.000000052073 - Current percentage: -27.76% - Max: 56.48% - Min: -40.71% - Market Cap 10650 - Trading time: 00:05:05
07-09-2025 04:20:40.840 INFO Current price: 0.000000049499 - Current percentage: -32.66% - Max: 56.48% - Min: -40.71% - Market Cap 9927 - Trading time: 00:05:06
07-09-2025 04:20:40.844 INFO Current price: 0.000000046564 - Current percentage: -36.62% - Max: 56.48% - Min: -40.71% - Market Cap 9345 - Trading time: 00:05:06
07-09-2025 04:20:40.852 INFO Current price: 0.000000044028 - Current percentage: -40.01% - Max: 56.48% - Min: -40.71% - Market Cap 8844 - Trading time: 00:05:06
07-09-2025 04:20:40.852 INFO Current price: 0.000000042128 - Current percentage: -42.51% - Max: 56.48% - Min: -42.51% - Market Cap 8476 - Trading time: 00:05:06
07-09-2025 04:20:40.852 INFO Current price: 0.000000040762 - Current percentage: -44.31% - Max: 56.48% - Min: -44.31% - Market Cap 8210 - Trading time: 00:05:06
07-09-2025 04:20:40.854 INFO Current price: 0.000000038814 - Current percentage: -47.01% - Max: 56.48% - Min: -47.01% - Market Cap 7812 - Trading time: 00:05:06
07-09-2025 04:20:40.858 INFO Current price: 0.000000037457 - Current percentage: -48.89% - Max: 56.48% - Min: -48.89% - Market Cap 7535 - Trading time: 00:05:06
07-09-2025 04:20:40.858 INFO Current price: 0.000000036501 - Current percentage: -50.13% - Max: 56.48% - Min: -50.13% - Market Cap 7352 - Trading time: 00:05:06
07-09-2025 04:20:40.862 INFO Current price: 0.000000035651 - Current percentage: -51.33% - Max: 56.48% - Min: -51.33% - Market Cap 7175 - Trading time: 00:05:06
07-09-2025 04:20:40.863 INFO Current price: 0.000000034289 - Current percentage: -53.10% - Max: 56.48% - Min: -53.10% - Market Cap 6915 - Trading time: 00:05:06
07-09-2025 04:20:40.895 INFO Current price: 0.000000034007 - Current percentage: -53.64% - Max: 56.48% - Min: -53.64% - Market Cap 6834 - Trading time: 00:05:06
07-09-2025 04:20:41.422 INFO Current price: 0.000000033900 - Current percentage: -53.39% - Max: 56.48% - Min: -53.64% - Market Cap 6872 - Trading time: 00:05:07
07-09-2025 04:20:41.537 INFO Current price: 0.000000034071 - Current percentage: -53.17% - Max: 56.48% - Min: -53.64% - Market Cap 6903 - Trading time: 00:05:07
07-09-2025 04:20:42.139 INFO Current price: 0.000000034626 - Current percentage: -51.86% - Max: 56.48% - Min: -53.64% - Market Cap 7097 - Trading time: 00:05:07
07-09-2025 04:20:43.564 INFO Current price: 0.000000035100 - Current percentage: -51.88% - Max: 56.48% - Min: -53.64% - Market Cap 7094 - Trading time: 00:05:09
07-09-2025 04:20:43.890 INFO Current price: 0.000000035572 - Current percentage: -50.56% - Max: 56.48% - Min: -53.64% - Market Cap 7289 - Trading time: 00:05:09
07-09-2025 04:20:45.915 INFO Current price: 0.000000036271 - Current percentage: -49.97% - Max: 56.48% - Min: -53.64% - Market Cap 7375 - Trading time: 00:05:11
07-09-2025 04:20:46.963 INFO Current price: 0.000000036984 - Current percentage: -48.59% - Max: 56.48% - Min: -53.64% - Market Cap 7579 - Trading time: 00:05:12
07-09-2025 04:20:48.169 INFO Current price: 0.000000037728 - Current percentage: -47.94% - Max: 56.48% - Min: -53.64% - Market Cap 7675 - Trading time: 00:05:14
07-09-2025 04:20:56.640 INFO Current price: 0.000000037490 - Current percentage: -49.24% - Max: 56.48% - Min: -53.64% - Market Cap 7483 - Trading time: 00:05:22
07-09-2025 04:20:56.680 INFO Current price: 0.000000036939 - Current percentage: -49.46% - Max: 56.48% - Min: -53.64% - Market Cap 7451 - Trading time: 00:05:22
07-09-2025 04:20:56.726 INFO Current price: 0.000000036721 - Current percentage: -49.84% - Max: 56.48% - Min: -53.64% - Market Cap 7395 - Trading time: 00:05:22
07-09-2025 04:20:56.817 INFO Current price: 0.000000036288 - Current percentage: -50.64% - Max: 56.48% - Min: -53.64% - Market Cap 7277 - Trading time: 00:05:22
07-09-2025 04:20:56.853 INFO Current price: 0.000000035651 - Current percentage: -51.58% - Max: 56.48% - Min: -53.64% - Market Cap 7138 - Trading time: 00:05:22
07-09-2025 04:21:03.442 INFO Current price: 0.000000034903 - Current percentage: -52.69% - Max: 56.48% - Min: -53.64% - Market Cap 6974 - Trading time: 00:05:29
07-09-2025 04:21:03.442 INFO Current price: 0.000000034035 - Current percentage: -53.96% - Max: 56.48% - Min: -53.96% - Market Cap 6787 - Trading time: 00:05:29
07-09-2025 04:21:03.442 INFO Current price: 0.000000033451 - Current percentage: -54.30% - Max: 56.48% - Min: -54.30% - Market Cap 6737 - Trading time: 00:05:29
07-09-2025 04:21:03.442 INFO Current price: 0.000000033073 - Current percentage: -55.00% - Max: 56.48% - Min: -55.00% - Market Cap 6635 - Trading time: 00:05:29
07-09-2025 04:21:03.442 INFO Current price: 0.000000032596 - Current percentage: -55.61% - Max: 56.48% - Min: -55.61% - Market Cap 6544 - Trading time: 00:05:29
07-09-2025 04:21:03.442 INFO Current price: 0.000000032287 - Current percentage: -55.85% - Max: 56.48% - Min: -55.85% - Market Cap 6509 - Trading time: 00:05:29
07-09-2025 04:21:03.442 INFO Current price: 0.000000031777 - Current percentage: -57.00% - Max: 56.48% - Min: -57.00% - Market Cap 6339 - Trading time: 00:05:29
07-09-2025 04:21:03.442 INFO Current price: 0.000000030963 - Current percentage: -58.08% - Max: 56.48% - Min: -58.08% - Market Cap 6180 - Trading time: 00:05:29
07-09-2025 04:21:03.551 INFO Current price: 0.000000030410 - Current percentage: -58.53% - Max: 56.48% - Min: -58.53% - Market Cap 6114 - Trading time: 00:05:29
07-09-2025 04:21:04.645 INFO Current price: 0.000000030252 - Current percentage: -58.51% - Max: 56.48% - Min: -58.53% - Market Cap 6116 - Trading time: 00:05:30
07-09-2025 04:21:10.887 INFO Current price: 0.000000030167 - Current percentage: -58.66% - Max: 56.48% - Min: -58.66% - Market Cap 6094 - Trading time: 00:05:36
07-09-2025 04:21:17.451 INFO Current price: 0.000000029977 - Current percentage: -59.13% - Max: 56.48% - Min: -59.13% - Market Cap 6026 - Trading time: 00:05:43
07-09-2025 04:21:37.296 INFO Current price: 0.000000029756 - Current percentage: -59.27% - Max: 56.48% - Min: -59.27% - Market Cap 6005 - Trading time: 00:06:03
07-09-2025 04:21:37.699 INFO Current price: 0.000000029345 - Current percentage: -60.25% - Max: 56.48% - Min: -60.25% - Market Cap 5861 - Trading time: 00:06:03
07-09-2025 04:22:13.543 INFO Current price: 0.000000028946 - Current percentage: -60.37% - Max: 56.48% - Min: -60.37% - Market Cap 5842 - Trading time: 00:06:39
07-09-2025 04:22:50.049 INFO Current price: 0.000000028845 - Current percentage: -60.52% - Max: 56.48% - Min: -60.52% - Market Cap 5820 - Trading time: 00:07:15
07-09-2025 04:23:03.560 INFO Current price: 0.000000028787 - Current percentage: -60.53% - Max: 56.48% - Min: -60.53% - Market Cap 5819 - Trading time: 00:07:29
07-09-2025 04:23:23.673 INFO Current price: 0.000000028724 - Current percentage: -60.70% - Max: 56.48% - Min: -60.70% - Market Cap 5794 - Trading time: 00:07:49
07-09-2025 04:23:58.407 INFO Current price: 0.000000028513 - Current percentage: -60.91% - Max: 56.48% - Min: -60.91% - Market Cap 5762 - Trading time: 00:08:24
07-09-2025 04:28:20.518 INFO Current price: 0.000000028334 - Current percentage: -61.38% - Max: 56.48% - Min: -61.38% - Market Cap 5694 - Trading time: 00:12:46






07-09-2025 04:35:34.162 INFO {"type":"summary","reason":"max_window","startedAt":"2025-09-07T02:15:34.160Z","endedAt":"2025-09-07T02:35:34.162Z","durationSec":1200,"entryPrice":7.679801271388731e-8,"entryMarketCapSol":72.80045654598275,"entryMarketCapUsd":14742.820455126966,"minPct":-61.378358488525734,"maxPct":56.47729284305106,"buyCount":275,"sellCount":172,"tradeCount":447,"entryRecorded":true,"noPostThresholdTrades":false,"triggerAt":"2025-09-07T02:15:34.160Z","ageAtTriggerSec":43,"preTotalTrades":48,"preBuys":44,"preSells":4,"preUniqueTraders":45,"preEntryTotalTrades":51,"preEntryBuys":46,"preEntrySells":5,"preEntryUniqueTraders":47,"preEntryMinMcUsd":10657.494810978173,"preEntryMaxMcUsd":16406.36369438241,"thresholdMcSol":72.80045654598275,"thresholdMcUsd":14742.820455126966,"thresholdPrice":7.679801271388731e-8}
