08-09-2025 10:30:42.176 INFO Entry price: 0.000000060736878598 - Entry market cap: 11570 - Buys 58 - Sells 25 - Ratio: 1:0.43 - Min MarketCap: 6976 - Max MarketCap: 14460
08-09-2025 10:30:42.176 INFO Current price: 0.000000060737 - Current percentage: 0.00% - Max: 0.00% - Min: 0.00% - Market Cap 11570 - Trading time: 00:00:02
08-09-2025 10:30:42.662 INFO Current price: 0.000000058132 - Current percentage: 0.98% - Max: 0.98% - Min: 0.00% - Market Cap 11684 - Trading time: 00:00:02
08-09-2025 10:30:42.664 INFO Current price: 0.000000055697 - Current percentage: -0.95% - Max: 0.98% - Min: -0.95% - Market Cap 11461 - Trading time: 00:00:02
08-09-2025 10:30:43.223 INFO Current price: 0.000000054336 - Current percentage: -3.89% - Max: 0.98% - Min: -3.89% - Market Cap 11120 - Trading time: 00:00:03
08-09-2025 10:30:43.366 INFO Current price: 0.000000053565 - Current percentage: -3.74% - Max: 0.98% - Min: -3.89% - Market Cap 11138 - Trading time: 00:00:03
08-09-2025 10:30:43.474 INFO Current price: 0.000000053811 - Current percentage: -3.01% - Max: 0.98% - Min: -3.89% - Market Cap 11222 - Trading time: 00:00:03
08-09-2025 10:30:43.566 INFO Current price: 0.000000054028 - Current percentage: -2.96% - Max: 0.98% - Min: -3.89% - Market Cap 11228 - Trading time: 00:00:03
08-09-2025 10:30:43.937 INFO Current price: 0.000000054168 - Current percentage: -2.51% - Max: 0.98% - Min: -3.89% - Market Cap 11280 - Trading time: 00:00:03
08-09-2025 10:30:45.657 INFO Current price: 0.000000053689 - Current percentage: -4.67% - Max: 0.98% - Min: -4.67% - Market Cap 11030 - Trading time: 00:00:05
08-09-2025 10:30:46.126 INFO Current price: 0.000000052917 - Current percentage: -5.29% - Max: 0.98% - Min: -5.29% - Market Cap 10958 - Trading time: 00:00:05
08-09-2025 10:30:46.172 INFO Current price: 0.000000052745 - Current percentage: -5.29% - Max: 0.98% - Min: -5.29% - Market Cap 10958 - Trading time: 00:00:06
08-09-2025 10:30:46.920 INFO Current price: 0.000000051933 - Current percentage: -8.18% - Max: 0.98% - Min: -8.18% - Market Cap 10623 - Trading time: 00:00:06
08-09-2025 10:30:47.240 INFO Current price: 0.000000051317 - Current percentage: -7.52% - Max: 0.98% - Min: -8.18% - Market Cap 10700 - Trading time: 00:00:07
08-09-2025 10:30:48.659 INFO Current price: 0.000000051023 - Current percentage: -9.24% - Max: 0.98% - Min: -9.24% - Market Cap 10502 - Trading time: 00:00:08
08-09-2025 10:30:48.822 INFO Current price: 0.000000052427 - Current percentage: -2.36% - Max: 0.98% - Min: -9.24% - Market Cap 11297 - Trading time: 00:00:08
08-09-2025 10:30:48.829 INFO Current price: 0.000000056326 - Current percentage: 4.77% - Max: 4.77% - Min: -9.24% - Market Cap 12122 - Trading time: 00:00:08
08-09-2025 10:30:49.053 INFO Current price: 0.000000057931 - Current percentage: 3.28% - Max: 4.77% - Min: -9.24% - Market Cap 11950 - Trading time: 00:00:08
08-09-2025 10:30:49.057 INFO Current price: 0.000000057649 - Current percentage: 3.75% - Max: 4.77% - Min: -9.24% - Market Cap 12004 - Trading time: 00:00:08
08-09-2025 10:30:49.759 INFO Current price: 0.000000057911 - Current percentage: 4.22% - Max: 4.77% - Min: -9.24% - Market Cap 12059 - Trading time: 00:00:09
08-09-2025 10:30:49.861 INFO Current price: 0.000000058082 - Current percentage: 4.36% - Max: 4.77% - Min: -9.24% - Market Cap 12075 - Trading time: 00:00:09
08-09-2025 10:30:49.866 INFO Current price: 0.000000058279 - Current percentage: 4.93% - Max: 4.93% - Min: -9.24% - Market Cap 12141 - Trading time: 00:00:09
08-09-2025 10:30:49.908 INFO Current price: 0.000000057821 - Current percentage: 2.73% - Max: 4.93% - Min: -9.24% - Market Cap 11886 - Trading time: 00:00:09
08-09-2025 10:30:51.353 INFO Current price: 0.000000057212 - Current percentage: 2.73% - Max: 4.93% - Min: -9.24% - Market Cap 11887 - Trading time: 00:00:11
08-09-2025 10:30:51.424 INFO Current price: 0.000000057343 - Current percentage: 3.20% - Max: 4.93% - Min: -9.24% - Market Cap 11941 - Trading time: 00:00:11
08-09-2025 10:30:52.264 INFO Current price: 0.000000057513 - Current percentage: 3.34% - Max: 4.93% - Min: -9.24% - Market Cap 11957 - Trading time: 00:00:12
08-09-2025 10:30:52.633 INFO Current price: 0.000000055800 - Current percentage: -2.85% - Max: 4.93% - Min: -9.24% - Market Cap 11240 - Trading time: 00:00:12
08-09-2025 10:30:52.871 INFO Current price: 0.000000051712 - Current percentage: -11.25% - Max: 4.93% - Min: -11.25% - Market Cap 10269 - Trading time: 00:00:12
08-09-2025 10:30:53.213 INFO Current price: 0.000000048726 - Current percentage: -13.75% - Max: 4.93% - Min: -13.75% - Market Cap 9980 - Trading time: 00:00:13
08-09-2025 10:30:53.453 INFO Current price: 0.000000048035 - Current percentage: -13.75% - Max: 4.93% - Min: -13.75% - Market Cap 9980 - Trading time: 00:00:13
08-09-2025 10:30:53.461 INFO Current price: 0.000000048333 - Current percentage: -12.67% - Max: 4.93% - Min: -13.75% - Market Cap 10104 - Trading time: 00:00:13
08-09-2025 10:30:53.595 INFO Current price: 0.000000049241 - Current percentage: -10.48% - Max: 4.93% - Min: -13.75% - Market Cap 10358 - Trading time: 00:00:13
08-09-2025 10:30:53.597 INFO Current price: 0.000000050470 - Current percentage: -8.26% - Max: 4.93% - Min: -13.75% - Market Cap 10615 - Trading time: 00:00:13
08-09-2025 10:30:53.602 INFO Current price: 0.000000051116 - Current percentage: -8.17% - Max: 4.93% - Min: -13.75% - Market Cap 10625 - Trading time: 00:00:13
08-09-2025 10:30:53.608 INFO Current price: 0.000000051113 - Current percentage: -8.27% - Max: 4.93% - Min: -13.75% - Market Cap 10613 - Trading time: 00:00:13
08-09-2025 10:30:53.644 INFO Current price: 0.000000051664 - Current percentage: -6.18% - Max: 4.93% - Min: -13.75% - Market Cap 10855 - Trading time: 00:00:13
08-09-2025 10:30:53.646 INFO Current price: 0.000000052910 - Current percentage: -3.79% - Max: 4.93% - Min: -13.75% - Market Cap 11131 - Trading time: 00:00:13
08-09-2025 10:30:53.703 INFO Current price: 0.000000053588 - Current percentage: -3.79% - Max: 4.93% - Min: -13.75% - Market Cap 11131 - Trading time: 00:00:13
08-09-2025 10:30:53.838 INFO Current price: 0.000000053956 - Current percentage: -2.43% - Max: 4.93% - Min: -13.75% - Market Cap 11289 - Trading time: 00:00:13
08-09-2025 10:30:53.881 INFO Current price: 0.000000054217 - Current percentage: -2.86% - Max: 4.93% - Min: -13.75% - Market Cap 11239 - Trading time: 00:00:13
08-09-2025 10:30:53.929 INFO Current price: 0.000000054110 - Current percentage: -2.82% - Max: 4.93% - Min: -13.75% - Market Cap 11245 - Trading time: 00:00:13
08-09-2025 10:30:54.081 INFO Current price: 0.000000054250 - Current percentage: -2.36% - Max: 4.93% - Min: -13.75% - Market Cap 11297 - Trading time: 00:00:13
08-09-2025 10:30:56.385 INFO Current price: 0.000000054948 - Current percentage: -0.29% - Max: 4.93% - Min: -13.75% - Market Cap 11536 - Trading time: 00:00:16
08-09-2025 10:30:56.738 INFO Current price: 0.000000055539 - Current percentage: -0.25% - Max: 4.93% - Min: -13.75% - Market Cap 11541 - Trading time: 00:00:16
08-09-2025 10:30:56.740 INFO Current price: 0.000000055185 - Current percentage: -1.56% - Max: 4.93% - Min: -13.75% - Market Cap 11390 - Trading time: 00:00:16
08-09-2025 10:30:57.103 INFO Current price: 0.000000056735 - Current percentage: 5.43% - Max: 5.43% - Min: -13.75% - Market Cap 12199 - Trading time: 00:00:16
08-09-2025 10:30:57.153 INFO Current price: 0.000000058613 - Current percentage: 5.06% - Max: 5.43% - Min: -13.75% - Market Cap 12156 - Trading time: 00:00:16
08-09-2025 10:30:57.207 INFO Current price: 0.000000059170 - Current percentage: 7.44% - Max: 7.44% - Min: -13.75% - Market Cap 12432 - Trading time: 00:00:17
08-09-2025 10:30:57.543 INFO Current price: 0.000000059862 - Current percentage: 7.44% - Max: 7.44% - Min: -13.75% - Market Cap 12432 - Trading time: 00:00:17
08-09-2025 10:30:57.956 INFO Current price: 0.000000059843 - Current percentage: 7.47% - Max: 7.47% - Min: -13.75% - Market Cap 12434 - Trading time: 00:00:17
08-09-2025 10:30:58.054 INFO Current price: 0.000000059930 - Current percentage: 7.76% - Max: 7.76% - Min: -13.75% - Market Cap 12468 - Trading time: 00:00:17
08-09-2025 10:30:58.062 INFO Current price: 0.000000059731 - Current percentage: 6.75% - Max: 7.76% - Min: -13.75% - Market Cap 12352 - Trading time: 00:00:17
08-09-2025 10:30:58.496 INFO Current price: 0.000000059459 - Current percentage: 6.78% - Max: 7.76% - Min: -13.75% - Market Cap 12355 - Trading time: 00:00:18
08-09-2025 10:30:58.966 INFO Current price: 0.000000059631 - Current percentage: 7.37% - Max: 7.76% - Min: -13.75% - Market Cap 12423 - Trading time: 00:00:18
08-09-2025 10:30:59.326 INFO Current price: 0.000000059803 - Current percentage: 7.40% - Max: 7.76% - Min: -13.75% - Market Cap 12426 - Trading time: 00:00:19
08-09-2025 10:30:59.671 INFO Current price: 0.000000059943 - Current percentage: 7.88% - Max: 7.88% - Min: -13.75% - Market Cap 12482 - Trading time: 00:00:19
08-09-2025 10:30:59.712 INFO Current price: 0.000000060078 - Current percentage: 7.88% - Max: 7.88% - Min: -13.75% - Market Cap 12482 - Trading time: 00:00:19
08-09-2025 10:31:00.573 INFO Current price: 0.000000060707 - Current percentage: 10.15% - Max: 10.15% - Min: -13.75% - Market Cap 12744 - Trading time: 00:00:20
08-09-2025 10:31:00.632 INFO Current price: 0.000000059981 - Current percentage: 5.31% - Max: 10.15% - Min: -13.75% - Market Cap 12185 - Trading time: 00:00:20
08-09-2025 10:31:01.002 INFO Current price: 0.000000058223 - Current percentage: 3.79% - Max: 10.15% - Min: -13.75% - Market Cap 12008 - Trading time: 00:00:20
08-09-2025 10:31:01.681 INFO Current price: 0.000000057864 - Current percentage: 4.02% - Max: 10.15% - Min: -13.75% - Market Cap 12036 - Trading time: 00:00:21
08-09-2025 10:31:04.469 INFO Current price: 0.000000055499 - Current percentage: -4.53% - Max: 10.15% - Min: -13.75% - Market Cap 11046 - Trading time: 00:00:24
08-09-2025 10:31:04.569 INFO Current price: 0.000000053182 - Current percentage: -4.48% - Max: 10.15% - Min: -13.75% - Market Cap 11052 - Trading time: 00:00:24
08-09-2025 10:31:04.852 INFO Current price: 0.000000051296 - Current percentage: -11.18% - Max: 10.15% - Min: -13.75% - Market Cap 10277 - Trading time: 00:00:24
08-09-2025 10:31:05.418 INFO Current price: 0.000000050690 - Current percentage: -6.73% - Max: 10.15% - Min: -13.75% - Market Cap 10792 - Trading time: 00:00:25
08-09-2025 10:31:05.889 INFO Current price: 0.000000052069 - Current percentage: -6.28% - Max: 10.15% - Min: -13.75% - Market Cap 10844 - Trading time: 00:00:25
08-09-2025 10:31:06.683 INFO Current price: 0.000000052318 - Current percentage: -5.83% - Max: 10.15% - Min: -13.75% - Market Cap 10895 - Trading time: 00:00:26
08-09-2025 10:31:06.683 INFO Current price: 0.000000054169 - Current percentage: 0.47% - Max: 10.15% - Min: -13.75% - Market Cap 11625 - Trading time: 00:00:26
08-09-2025 10:31:06.683 INFO Current price: 0.000000058037 - Current percentage: 8.09% - Max: 10.15% - Min: -13.75% - Market Cap 12507 - Trading time: 00:00:26
08-09-2025 10:31:06.769 INFO Current price: 0.000000060333 - Current percentage: 8.58% - Max: 10.15% - Min: -13.75% - Market Cap 12563 - Trading time: 00:00:26
08-09-2025 10:31:06.866 INFO Current price: 0.000000061145 - Current percentage: 11.02% - Max: 11.02% - Min: -13.75% - Market Cap 12846 - Trading time: 00:00:26
08-09-2025 10:31:06.920 INFO Current price: 0.000000063185 - Current percentage: 15.94% - Max: 15.94% - Min: -13.75% - Market Cap 13415 - Trading time: 00:00:26
08-09-2025 10:31:07.561 INFO Current price: 0.000000064500 - Current percentage: 15.69% - Max: 15.94% - Min: -13.75% - Market Cap 13386 - Trading time: 00:00:27
08-09-2025 10:31:08.261 INFO Current price: 0.000000064548 - Current percentage: 16.12% - Max: 16.12% - Min: -13.75% - Market Cap 13435 - Trading time: 00:00:28
08-09-2025 10:31:08.434 INFO Current price: 0.000000064874 - Current percentage: 16.86% - Max: 16.86% - Min: -13.75% - Market Cap 13522 - Trading time: 00:00:28
08-09-2025 10:31:08.503 INFO Current price: 0.000000063698 - Current percentage: 11.94% - Max: 16.86% - Min: -13.75% - Market Cap 12952 - Trading time: 00:00:28
08-09-2025 10:31:08.758 INFO Current price: 0.000000062370 - Current percentage: 12.04% - Max: 16.86% - Min: -13.75% - Market Cap 12964 - Trading time: 00:00:28
08-09-2025 10:31:09.120 INFO Current price: 0.000000062399 - Current percentage: 12.05% - Max: 16.86% - Min: -13.75% - Market Cap 12964 - Trading time: 00:00:28
08-09-2025 10:31:09.136 INFO Current price: 0.000000061770 - Current percentage: 9.80% - Max: 16.86% - Min: -13.75% - Market Cap 12704 - Trading time: 00:00:28
08-09-2025 10:31:09.139 INFO Current price: 0.000000060426 - Current percentage: 7.23% - Max: 16.86% - Min: -13.75% - Market Cap 12407 - Trading time: 00:00:28
08-09-2025 10:31:09.958 INFO Current price: 0.000000060382 - Current percentage: 9.63% - Max: 16.86% - Min: -13.75% - Market Cap 12685 - Trading time: 00:00:29
08-09-2025 10:31:11.245 INFO Current price: 0.000000061324 - Current percentage: 10.60% - Max: 16.86% - Min: -13.75% - Market Cap 12797 - Trading time: 00:00:31
08-09-2025 10:31:11.441 INFO Current price: 0.000000061662 - Current percentage: 10.84% - Max: 16.86% - Min: -13.75% - Market Cap 12825 - Trading time: 00:00:31
08-09-2025 10:31:11.774 INFO Current price: 0.000000062001 - Current percentage: 11.82% - Max: 16.86% - Min: -13.75% - Market Cap 12938 - Trading time: 00:00:31
08-09-2025 10:31:13.863 INFO Current price: 0.000000062188 - Current percentage: 11.52% - Max: 16.86% - Min: -13.75% - Market Cap 12903 - Trading time: 00:00:33
08-09-2025 10:31:16.475 INFO Current price: 0.000000062099 - Current percentage: 11.50% - Max: 16.86% - Min: -13.75% - Market Cap 12901 - Trading time: 00:00:36
08-09-2025 10:31:16.652 INFO Current price: 0.000000062095 - Current percentage: 11.50% - Max: 16.86% - Min: -13.75% - Market Cap 12901 - Trading time: 00:00:36
08-09-2025 10:31:16.727 INFO Current price: 0.000000061986 - Current percentage: 11.11% - Max: 16.86% - Min: -13.75% - Market Cap 12855 - Trading time: 00:00:36
08-09-2025 10:31:16.729 INFO Current price: 0.000000061621 - Current percentage: 10.19% - Max: 16.86% - Min: -13.75% - Market Cap 12750 - Trading time: 00:00:36
08-09-2025 10:31:16.730 INFO Current price: 0.000000061772 - Current percentage: 11.65% - Max: 16.86% - Min: -13.75% - Market Cap 12918 - Trading time: 00:00:36
08-09-2025 10:31:18.892 INFO Current price: 0.000000062153 - Current percentage: 11.56% - Max: 16.86% - Min: -13.75% - Market Cap 12907 - Trading time: 00:00:38
08-09-2025 10:31:19.003 INFO Current price: 0.000000062263 - Current percentage: 12.05% - Max: 16.86% - Min: -13.75% - Market Cap 12964 - Trading time: 00:00:38
08-09-2025 10:31:21.821 INFO Current price: 0.000000061705 - Current percentage: 9.56% - Max: 16.86% - Min: -13.75% - Market Cap 12677 - Trading time: 00:00:41
08-09-2025 10:31:22.058 INFO Current price: 0.000000060975 - Current percentage: 9.41% - Max: 16.86% - Min: -13.75% - Market Cap 12659 - Trading time: 00:00:41
08-09-2025 10:31:22.093 INFO Current price: 0.000000060920 - Current percentage: 9.41% - Max: 16.86% - Min: -13.75% - Market Cap 12659 - Trading time: 00:00:41
08-09-2025 10:31:22.990 INFO Current price: 0.000000060355 - Current percentage: 7.35% - Max: 16.86% - Min: -13.75% - Market Cap 12420 - Trading time: 00:00:42
08-09-2025 10:31:23.863 INFO Current price: 0.000000058548 - Current percentage: 2.96% - Max: 16.86% - Min: -13.75% - Market Cap 11913 - Trading time: 00:00:43
08-09-2025 10:31:23.872 INFO Current price: 0.000000057378 - Current percentage: 3.10% - Max: 16.86% - Min: -13.75% - Market Cap 11929 - Trading time: 00:00:43
08-09-2025 10:31:23.886 INFO Current price: 0.000000059376 - Current percentage: 10.25% - Max: 16.86% - Min: -13.75% - Market Cap 12757 - Trading time: 00:00:43
08-09-2025 10:31:23.987 INFO Current price: 0.000000060709 - Current percentage: 7.78% - Max: 16.86% - Min: -13.75% - Market Cap 12470 - Trading time: 00:00:43
08-09-2025 10:31:24.301 INFO Current price: 0.000000059885 - Current percentage: 7.28% - Max: 16.86% - Min: -13.75% - Market Cap 12413 - Trading time: 00:00:44
08-09-2025 10:31:24.302 INFO Current price: 0.000000059515 - Current percentage: 6.45% - Max: 16.86% - Min: -13.75% - Market Cap 12317 - Trading time: 00:00:44
08-09-2025 10:31:24.857 INFO Current price: 0.000000059148 - Current percentage: 5.97% - Max: 16.86% - Min: -13.75% - Market Cap 12261 - Trading time: 00:00:44
08-09-2025 10:31:25.000 INFO Current price: 0.000000059675 - Current percentage: 8.36% - Max: 16.86% - Min: -13.75% - Market Cap 12537 - Trading time: 00:00:44
08-09-2025 10:31:25.559 INFO Current price: 0.000000060260 - Current percentage: 8.05% - Max: 16.86% - Min: -13.75% - Market Cap 12502 - Trading time: 00:00:45
08-09-2025 10:31:25.966 INFO Current price: 0.000000060309 - Current percentage: 8.53% - Max: 16.86% - Min: -13.75% - Market Cap 12558 - Trading time: 00:00:45
08-09-2025 10:31:26.144 INFO Current price: 0.000000061796 - Current percentage: 13.45% - Max: 16.86% - Min: -13.75% - Market Cap 13126 - Trading time: 00:00:45
08-09-2025 10:31:26.649 INFO Current price: 0.000000063207 - Current percentage: 13.55% - Max: 16.86% - Min: -13.75% - Market Cap 13137 - Trading time: 00:00:46
08-09-2025 10:31:27.088 INFO Current price: 0.000000063851 - Current percentage: 15.77% - Max: 16.86% - Min: -13.75% - Market Cap 13395 - Trading time: 00:00:46
08-09-2025 10:31:27.549 INFO Current price: 0.000000064515 - Current percentage: 15.92% - Max: 16.86% - Min: -13.75% - Market Cap 13412 - Trading time: 00:00:47
08-09-2025 10:31:28.282 INFO Current price: 0.000000065243 - Current percentage: 18.40% - Max: 18.40% - Min: -13.75% - Market Cap 13699 - Trading time: 00:00:48
08-09-2025 10:31:28.287 INFO Current price: 0.000000066643 - Current percentage: 20.95% - Max: 20.95% - Min: -13.75% - Market Cap 13994 - Trading time: 00:00:48
08-09-2025 10:31:30.232 INFO Current price: 0.000000067198 - Current percentage: 20.38% - Max: 20.95% - Min: -13.75% - Market Cap 13928 - Trading time: 00:00:50
08-09-2025 10:31:30.234 INFO Current price: 0.000000066584 - Current percentage: 18.75% - Max: 20.95% - Min: -13.75% - Market Cap 13739 - Trading time: 00:00:50
08-09-2025 10:31:30.268 INFO Current price: 0.000000065632 - Current percentage: 16.96% - Max: 20.95% - Min: -13.75% - Market Cap 13533 - Trading time: 00:00:50
08-09-2025 10:31:30.905 INFO Current price: 0.000000065275 - Current percentage: 17.46% - Max: 20.95% - Min: -13.75% - Market Cap 13591 - Trading time: 00:00:50
08-09-2025 10:31:31.039 INFO Current price: 0.000000065398 - Current percentage: 17.40% - Max: 20.95% - Min: -13.75% - Market Cap 13584 - Trading time: 00:00:50
08-09-2025 10:31:31.435 INFO Current price: 0.000000065521 - Current percentage: 17.90% - Max: 20.95% - Min: -13.75% - Market Cap 13642 - Trading time: 00:00:51
08-09-2025 10:31:32.345 INFO Current price: 0.000000065940 - Current percentage: 18.91% - Max: 20.95% - Min: -13.75% - Market Cap 13758 - Trading time: 00:00:52
08-09-2025 10:31:35.271 INFO Current price: 0.000000066920 - Current percentage: 19.84% - Max: 20.95% - Min: -13.75% - Market Cap 13866 - Trading time: 00:00:55
08-09-2025 10:31:35.448 INFO Current price: 0.000000066545 - Current percentage: 19.14% - Max: 20.95% - Min: -13.75% - Market Cap 13785 - Trading time: 00:00:55
08-09-2025 10:31:35.451 INFO Current price: 0.000000066178 - Current percentage: 18.52% - Max: 20.95% - Min: -13.75% - Market Cap 13714 - Trading time: 00:00:55
08-09-2025 10:31:38.517 INFO Current price: 0.000000065073 - Current percentage: 15.19% - Max: 20.95% - Min: -13.75% - Market Cap 13328 - Trading time: 00:00:58
08-09-2025 10:31:38.518 INFO Current price: 0.000000063277 - Current percentage: 12.07% - Max: 20.95% - Min: -13.75% - Market Cap 12967 - Trading time: 00:00:58
08-09-2025 10:31:38.640 INFO Current price: 0.000000062432 - Current percentage: 12.13% - Max: 20.95% - Min: -13.75% - Market Cap 12974 - Trading time: 00:00:58
08-09-2025 10:31:40.024 INFO Current price: 0.000000062517 - Current percentage: 12.38% - Max: 20.95% - Min: -13.75% - Market Cap 13003 - Trading time: 00:00:59
08-09-2025 10:31:40.125 INFO Current price: 0.000000062860 - Current percentage: 13.36% - Max: 20.95% - Min: -13.75% - Market Cap 13117 - Trading time: 00:00:59
08-09-2025 10:31:41.296 INFO Current price: 0.000000063202 - Current percentage: 13.61% - Max: 20.95% - Min: -13.75% - Market Cap 13145 - Trading time: 00:01:01
08-09-2025 10:31:41.662 INFO Current price: 0.000000063367 - Current percentage: 13.96% - Max: 20.95% - Min: -13.75% - Market Cap 13185 - Trading time: 00:01:01
08-09-2025 10:31:42.255 INFO Current price: 0.000000060453 - Current percentage: 3.40% - Max: 20.95% - Min: -13.75% - Market Cap 11964 - Trading time: 00:01:02
08-09-2025 10:31:42.378 INFO Current price: 0.000000057782 - Current percentage: 4.11% - Max: 20.95% - Min: -13.75% - Market Cap 12046 - Trading time: 00:01:02
08-09-2025 10:31:42.524 INFO Current price: 0.000000057731 - Current percentage: 3.22% - Max: 20.95% - Min: -13.75% - Market Cap 11943 - Trading time: 00:01:02
08-09-2025 10:31:42.629 INFO Current price: 0.000000057258 - Current percentage: 2.41% - Max: 20.95% - Min: -13.75% - Market Cap 11849 - Trading time: 00:01:02
08-09-2025 10:31:43.567 INFO Current price: 0.000000057124 - Current percentage: 2.74% - Max: 20.95% - Min: -13.75% - Market Cap 11887 - Trading time: 00:01:03
08-09-2025 10:31:44.502 INFO Current price: 0.000000057267 - Current percentage: 2.92% - Max: 20.95% - Min: -13.75% - Market Cap 11909 - Trading time: 00:01:04
08-09-2025 10:31:45.677 INFO Current price: 0.000000056713 - Current percentage: 0.76% - Max: 20.95% - Min: -13.75% - Market Cap 11658 - Trading time: 00:01:05
08-09-2025 10:31:46.650 INFO Current price: 0.000000055980 - Current percentage: 0.28% - Max: 20.95% - Min: -13.75% - Market Cap 11603 - Trading time: 00:01:06
08-09-2025 10:31:48.716 INFO Current price: 0.000000055912 - Current percentage: 0.51% - Max: 20.95% - Min: -13.75% - Market Cap 11630 - Trading time: 00:01:08
08-09-2025 10:31:50.253 INFO Current price: 0.000000058297 - Current percentage: 9.02% - Max: 20.95% - Min: -13.75% - Market Cap 12614 - Trading time: 00:01:10
08-09-2025 10:31:53.691 INFO Current price: 0.000000058701 - Current percentage: 1.91% - Max: 20.95% - Min: -13.75% - Market Cap 11791 - Trading time: 00:01:13
08-09-2025 10:31:53.697 INFO Current price: 0.000000054774 - Current percentage: -5.08% - Max: 20.95% - Min: -13.75% - Market Cap 10983 - Trading time: 00:01:13
08-09-2025 10:31:53.980 INFO Current price: 0.000000052808 - Current percentage: -5.27% - Max: 20.95% - Min: -13.75% - Market Cap 10960 - Trading time: 00:01:13
08-09-2025 10:31:54.784 INFO Current price: 0.000000053130 - Current percentage: -3.92% - Max: 20.95% - Min: -13.75% - Market Cap 11117 - Trading time: 00:01:14
08-09-2025 10:31:54.824 INFO Current price: 0.000000053333 - Current percentage: -4.55% - Max: 20.95% - Min: -13.75% - Market Cap 11044 - Trading time: 00:01:14
08-09-2025 10:31:56.226 INFO Current price: 0.000000053048 - Current percentage: -4.95% - Max: 20.95% - Min: -13.75% - Market Cap 10998 - Trading time: 00:01:16
08-09-2025 10:31:56.421 INFO Current price: 0.000000052724 - Current percentage: -5.71% - Max: 20.95% - Min: -13.75% - Market Cap 10910 - Trading time: 00:01:16
08-09-2025 10:31:57.157 INFO Current price: 0.000000052303 - Current percentage: -6.46% - Max: 20.95% - Min: -13.75% - Market Cap 10823 - Trading time: 00:01:16
08-09-2025 10:31:57.550 INFO Current price: 0.000000051555 - Current percentage: -8.38% - Max: 20.95% - Min: -13.75% - Market Cap 10601 - Trading time: 00:01:17
08-09-2025 10:31:57.821 INFO Current price: 0.000000050947 - Current percentage: -8.66% - Max: 20.95% - Min: -13.75% - Market Cap 10569 - Trading time: 00:01:17
08-09-2025 10:31:58.103 INFO Current price: 0.000000050821 - Current percentage: -8.83% - Max: 20.95% - Min: -13.75% - Market Cap 10548 - Trading time: 00:01:17
08-09-2025 10:31:59.821 INFO Current price: 0.000000050566 - Current percentage: -9.57% - Max: 20.95% - Min: -13.75% - Market Cap 10463 - Trading time: 00:01:19
08-09-2025 10:32:00.395 INFO Current price: 0.000000050350 - Current percentage: -9.61% - Max: 20.95% - Min: -13.75% - Market Cap 10458 - Trading time: 00:01:20
08-09-2025 10:32:01.217 INFO Current price: 0.000000050173 - Current percentage: -10.20% - Max: 20.95% - Min: -13.75% - Market Cap 10390 - Trading time: 00:01:21
08-09-2025 10:32:02.241 INFO Current price: 0.000000050320 - Current percentage: -9.08% - Max: 20.95% - Min: -13.75% - Market Cap 10520 - Trading time: 00:01:22
08-09-2025 10:32:02.246 INFO Current price: 0.000000050947 - Current percentage: -7.95% - Max: 20.95% - Min: -13.75% - Market Cap 10650 - Trading time: 00:01:22
08-09-2025 10:32:02.514 INFO Current price: 0.000000051379 - Current percentage: -7.53% - Max: 20.95% - Min: -13.75% - Market Cap 10699 - Trading time: 00:01:22
08-09-2025 10:32:02.832 INFO Current price: 0.000000050232 - Current percentage: -12.02% - Max: 20.95% - Min: -13.75% - Market Cap 10180 - Trading time: 00:01:22
08-09-2025 10:32:02.878 INFO Current price: 0.000000047858 - Current percentage: -16.07% - Max: 20.95% - Min: -16.07% - Market Cap 9711 - Trading time: 00:01:22
08-09-2025 10:32:03.041 INFO Current price: 0.000000046779 - Current percentage: -15.94% - Max: 20.95% - Min: -16.07% - Market Cap 9726 - Trading time: 00:01:22
08-09-2025 10:32:03.197 INFO Current price: 0.000000046837 - Current percentage: -15.85% - Max: 20.95% - Min: -16.07% - Market Cap 9736 - Trading time: 00:01:23
08-09-2025 10:32:03.231 INFO Current price: 0.000000046873 - Current percentage: -15.81% - Max: 20.95% - Min: -16.07% - Market Cap 9741 - Trading time: 00:01:23
08-09-2025 10:32:03.739 INFO Current price: 0.000000047062 - Current percentage: -15.18% - Max: 20.95% - Min: -16.07% - Market Cap 9814 - Trading time: 00:01:23
08-09-2025 10:32:03.750 INFO Current price: 0.000000047136 - Current percentage: -15.54% - Max: 20.95% - Min: -16.07% - Market Cap 9772 - Trading time: 00:01:23
08-09-2025 10:32:04.115 INFO Current price: 0.000000047211 - Current percentage: -14.91% - Max: 20.95% - Min: -16.07% - Market Cap 9846 - Trading time: 00:01:23
08-09-2025 10:32:04.472 INFO Current price: 0.000000047502 - Current percentage: -14.50% - Max: 20.95% - Min: -16.07% - Market Cap 9892 - Trading time: 00:01:24
08-09-2025 10:32:04.525 INFO Current price: 0.000000047627 - Current percentage: -14.46% - Max: 20.95% - Min: -16.07% - Market Cap 9897 - Trading time: 00:01:24
08-09-2025 10:32:05.861 INFO Current price: 0.000000047547 - Current percentage: -14.79% - Max: 20.95% - Min: -16.07% - Market Cap 9859 - Trading time: 00:01:25
08-09-2025 10:32:07.413 INFO Current price: 0.000000047445 - Current percentage: -14.83% - Max: 20.95% - Min: -16.07% - Market Cap 9855 - Trading time: 00:01:27
08-09-2025 10:32:07.948 INFO Current price: 0.000000047790 - Current percentage: -13.54% - Max: 20.95% - Min: -16.07% - Market Cap 10003 - Trading time: 00:01:27
08-09-2025 10:32:10.955 INFO Current price: 0.000000046674 - Current percentage: -18.76% - Max: 20.95% - Min: -18.76% - Market Cap 9400 - Trading time: 00:01:30
08-09-2025 10:32:10.957 INFO Current price: 0.000000043956 - Current percentage: -23.32% - Max: 20.95% - Min: -23.32% - Market Cap 8872 - Trading time: 00:01:30
08-09-2025 10:32:11.055 INFO Current price: 0.000000041118 - Current percentage: -28.91% - Max: 20.95% - Min: -28.91% - Market Cap 8225 - Trading time: 00:01:30
08-09-2025 10:32:11.094 INFO Current price: 0.000000038249 - Current percentage: -33.64% - Max: 20.95% - Min: -33.64% - Market Cap 7678 - Trading time: 00:01:30
08-09-2025 10:32:11.243 INFO Current price: 0.000000036838 - Current percentage: -34.06% - Max: 20.95% - Min: -34.06% - Market Cap 7630 - Trading time: 00:01:31
08-09-2025 10:32:12.212 INFO Current price: 0.000000036659 - Current percentage: -34.29% - Max: 20.95% - Min: -34.29% - Market Cap 7603 - Trading time: 00:01:32
08-09-2025 10:32:12.346 INFO Current price: 0.000000036569 - Current percentage: -34.38% - Max: 20.95% - Min: -34.38% - Market Cap 7592 - Trading time: 00:01:32
08-09-2025 10:32:12.443 INFO Current price: 0.000000036276 - Current percentage: -35.34% - Max: 20.95% - Min: -35.34% - Market Cap 7482 - Trading time: 00:01:32
08-09-2025 10:32:12.528 INFO Current price: 0.000000035970 - Current percentage: -35.48% - Max: 20.95% - Min: -35.48% - Market Cap 7465 - Trading time: 00:01:32
08-09-2025 10:32:12.648 INFO Current price: 0.000000035906 - Current percentage: -35.57% - Max: 20.95% - Min: -35.57% - Market Cap 7455 - Trading time: 00:01:32
08-09-2025 10:32:13.288 INFO Current price: 0.000000035863 - Current percentage: -35.64% - Max: 20.95% - Min: -35.64% - Market Cap 7447 - Trading time: 00:01:33
08-09-2025 10:32:13.350 INFO Current price: 0.000000035609 - Current percentage: -36.48% - Max: 20.95% - Min: -36.48% - Market Cap 7350 - Trading time: 00:01:33
08-09-2025 10:32:13.753 INFO Current price: 0.000000034079 - Current percentage: -41.05% - Max: 20.95% - Min: -41.05% - Market Cap 6821 - Trading time: 00:01:33
08-09-2025 10:32:14.206 INFO Current price: 0.000000032819 - Current percentage: -41.09% - Max: 20.95% - Min: -41.09% - Market Cap 6816 - Trading time: 00:01:34
08-09-2025 10:32:14.454 INFO Current price: 0.000000032755 - Current percentage: -41.28% - Max: 20.95% - Min: -41.28% - Market Cap 6794 - Trading time: 00:01:34
08-09-2025 10:32:15.341 INFO Current price: 0.000000032198 - Current percentage: -43.08% - Max: 20.95% - Min: -43.08% - Market Cap 6586 - Trading time: 00:01:35
08-09-2025 10:32:15.877 INFO Current price: 0.000000031693 - Current percentage: -43.10% - Max: 20.95% - Min: -43.10% - Market Cap 6583 - Trading time: 00:01:35
08-09-2025 10:32:16.797 INFO Current price: 0.000000031624 - Current percentage: -43.33% - Max: 20.95% - Min: -43.33% - Market Cap 6557 - Trading time: 00:01:36
08-09-2025 10:32:17.973 INFO Current price: 0.000000031550 - Current percentage: -43.37% - Max: 20.95% - Min: -43.37% - Market Cap 6552 - Trading time: 00:01:37
08-09-2025 10:32:18.063 INFO Current price: 0.000000031440 - Current percentage: -43.72% - Max: 20.95% - Min: -43.72% - Market Cap 6512 - Trading time: 00:01:37
08-09-2025 10:32:19.950 INFO Current price: 0.000000031118 - Current percentage: -44.52% - Max: 20.95% - Min: -44.52% - Market Cap 6419 - Trading time: 00:01:39
08-09-2025 10:32:19.975 INFO Current price: 0.000000030635 - Current percentage: -45.45% - Max: 20.95% - Min: -45.45% - Market Cap 6311 - Trading time: 00:01:39
08-09-2025 10:32:20.759 INFO Current price: 0.000000030355 - Current percentage: -45.54% - Max: 20.95% - Min: -45.54% - Market Cap 6302 - Trading time: 00:01:40
08-09-2025 10:32:21.903 INFO Current price: 0.000000030273 - Current percentage: -45.75% - Max: 20.95% - Min: -45.75% - Market Cap 6277 - Trading time: 00:01:41
08-09-2025 10:32:25.620 INFO Current price: 0.000000030199 - Current percentage: -45.80% - Max: 20.95% - Min: -45.80% - Market Cap 6271 - Trading time: 00:01:45
08-09-2025 10:32:25.701 INFO Current price: 0.000000029968 - Current percentage: -46.57% - Max: 20.95% - Min: -46.57% - Market Cap 6182 - Trading time: 00:01:45
08-09-2025 10:32:25.704 INFO Current price: 0.000000029544 - Current percentage: -47.32% - Max: 20.95% - Min: -47.32% - Market Cap 6095 - Trading time: 00:01:45
08-09-2025 10:32:27.602 INFO Current price: 0.000000029363 - Current percentage: -47.22% - Max: 20.95% - Min: -47.32% - Market Cap 6106 - Trading time: 00:01:47
08-09-2025 10:32:29.078 INFO Current price: 0.000000029237 - Current percentage: -47.78% - Max: 20.95% - Min: -47.78% - Market Cap 6042 - Trading time: 00:01:48
08-09-2025 10:32:29.251 INFO Current price: 0.000000029073 - Current percentage: -47.81% - Max: 20.95% - Min: -47.81% - Market Cap 6038 - Trading time: 00:01:49
08-09-2025 10:32:30.388 INFO Current price: 0.000000028841 - Current percentage: -48.61% - Max: 20.95% - Min: -48.61% - Market Cap 5946 - Trading time: 00:01:50
08-09-2025 10:32:37.449 INFO Current price: 0.000000028609 - Current percentage: -48.65% - Max: 20.95% - Min: -48.65% - Market Cap 5941 - Trading time: 00:01:57
08-09-2025 10:32:46.125 INFO Current price: 0.000000028603 - Current percentage: -48.63% - Max: 20.95% - Min: -48.65% - Market Cap 5944 - Trading time: 00:02:05
08-09-2025 10:32:46.126 INFO Current price: 0.000000028603 - Current percentage: -48.65% - Max: 20.95% - Min: -48.65% - Market Cap 5941 - Trading time: 00:02:05
08-09-2025 10:32:48.548 INFO Current price: 0.000000028571 - Current percentage: -48.75% - Max: 20.95% - Min: -48.75% - Market Cap 5930 - Trading time: 00:02:08
08-09-2025 10:33:04.508 INFO Current price: 0.000000028543 - Current percentage: -48.75% - Max: 20.95% - Min: -48.75% - Market Cap 5930 - Trading time: 00:02:24
08-09-2025 10:33:40.521 INFO Current price: 0.000000028549 - Current percentage: -48.73% - Max: 20.95% - Min: -48.75% - Market Cap 5933 - Trading time: 00:03:00
08-09-2025 10:33:46.544 INFO Current price: 0.000000028561 - Current percentage: -48.70% - Max: 20.95% - Min: -48.75% - Market Cap 5935 - Trading time: 00:03:06
08-09-2025 10:34:21.649 INFO Current price: 0.000000028517 - Current percentage: -48.88% - Max: 20.95% - Min: -48.88% - Market Cap 5914 - Trading time: 00:03:41
08-09-2025 10:34:37.202 INFO Current price: 0.000000028473 - Current percentage: -48.86% - Max: 20.95% - Min: -48.88% - Market Cap 5917 - Trading time: 00:03:57
08-09-2025 10:36:11.393 INFO Current price: 0.000000028485 - Current percentage: -48.56% - Max: 20.95% - Min: -48.88% - Market Cap 5952 - Trading time: 00:05:31
08-09-2025 10:36:32.302 INFO Current price: 0.000000028496 - Current percentage: -48.54% - Max: 20.95% - Min: -48.88% - Market Cap 5954 - Trading time: 00:05:52
08-09-2025 10:39:58.013 INFO Current price: 0.000000028378 - Current percentage: -48.99% - Max: 20.95% - Min: -48.99% - Market Cap 5902 - Trading time: 00:09:17
08-09-2025 10:45:23.976 INFO Current price: 0.000000028250 - Current percentage: -48.97% - Max: 20.95% - Min: -48.99% - Market Cap 5904 - Trading time: 00:14:43
08-09-2025 10:46:27.972 INFO Current price: 0.000000028241 - Current percentage: -48.98% - Max: 20.95% - Min: -48.99% - Market Cap 5903 - Trading time: 00:15:47






08-09-2025 10:50:40.206 INFO {"type":"summary","reason":"max_window","startedAt":"2025-09-08T08:30:40.171Z","endedAt":"2025-09-08T08:50:40.206Z","durationSec":1200,"entryPrice":6.073687859762836e-8,"entryMarketCapSol":55.690613593418746,"entryMarketCapUsd":11570.281880168679,"minPct":-48.98609175121855,"maxPct":20.945789520936327,"buyCount":110,"sellCount":115,"tradeCount":225,"entryRecorded":true,"noPostThresholdTrades":false,"triggerAt":"2025-09-08T08:30:40.170Z","ageAtTriggerSec":20,"preTotalTrades":70,"preBuys":48,"preSells":22,"preUniqueTraders":48,"preEntryTotalTrades":83,"preEntryBuys":58,"preEntrySells":25,"preEntryUniqueTraders":57,"preEntryMinMcUsd":6976.108956794796,"preEntryMaxMcUsd":14459.984194697668,"thresholdMcSol":55.690613593418746,"thresholdMcUsd":11570.281880168679,"thresholdPrice":6.073687859762836e-8}
