08-09-2025 20:42:49.576 INFO Entry price: 0.000000042008386767 - Entry market cap: 8581 - Buys 13 - Sells 9 - Ratio: 1:0.69 - Min MarketCap: 7813 - Max MarketCap: 9993
08-09-2025 20:42:49.576 INFO Current price: 0.000000042008 - Current percentage: 0.00% - Max: 0.00% - Min: 0.00% - Market Cap 8581 - Trading time: 00:00:02
08-09-2025 20:42:49.886 INFO Current price: 0.000000037056 - Current percentage: -7.10% - Max: 0.00% - Min: -7.10% - Market Cap 7972 - Trading time: 00:00:02
08-09-2025 20:42:51.102 INFO Current price: 0.000000036763 - Current percentage: -8.13% - Max: 0.00% - Min: -8.13% - Market Cap 7884 - Trading time: 00:00:03
08-09-2025 20:42:52.221 INFO Current price: 0.000000037601 - Current percentage: -2.82% - Max: 0.00% - Min: -8.13% - Market Cap 8339 - Trading time: 00:00:04
08-09-2025 20:42:53.645 INFO Current price: 0.000000040319 - Current percentage: 2.64% - Max: 2.64% - Min: -8.13% - Market Cap 8808 - Trading time: 00:00:06
08-09-2025 20:42:56.119 INFO Current price: 0.000000040838 - Current percentage: 2.64% - Max: 2.64% - Min: -8.13% - Market Cap 8808 - Trading time: 00:00:08
08-09-2025 20:42:59.085 INFO Current price: 0.000000039170 - Current percentage: -2.82% - Max: 2.64% - Min: -8.13% - Market Cap 8339 - Trading time: 00:00:11
08-09-2025 20:43:02.956 INFO Current price: 0.000000039101 - Current percentage: -0.65% - Max: 2.64% - Min: -8.13% - Market Cap 8525 - Trading time: 00:00:15
08-09-2025 20:43:03.715 INFO Current price: 0.000000038723 - Current percentage: -4.69% - Max: 2.64% - Min: -8.13% - Market Cap 8179 - Trading time: 00:00:16
08-09-2025 20:43:03.858 INFO Current price: 0.000000039521 - Current percentage: 3.48% - Max: 3.48% - Min: -8.13% - Market Cap 8880 - Trading time: 00:00:16
08-09-2025 20:43:07.995 INFO Current price: 0.000000042286 - Current percentage: 9.11% - Max: 9.11% - Min: -8.13% - Market Cap 9363 - Trading time: 00:00:20
08-09-2025 20:43:12.675 INFO Current price: 0.000000043444 - Current percentage: 9.23% - Max: 9.23% - Min: -8.13% - Market Cap 9373 - Trading time: 00:00:25
08-09-2025 20:43:15.172 INFO Current price: 0.000000043581 - Current percentage: 9.80% - Max: 9.80% - Min: -8.13% - Market Cap 9422 - Trading time: 00:00:27
08-09-2025 20:43:15.839 INFO Current price: 0.000000043104 - Current percentage: 6.85% - Max: 9.80% - Min: -8.13% - Market Cap 9169 - Trading time: 00:00:28
08-09-2025 20:43:20.049 INFO Current price: 0.000000041955 - Current percentage: 4.02% - Max: 9.80% - Min: -8.13% - Market Cap 8926 - Trading time: 00:00:32
08-09-2025 20:43:22.771 INFO Current price: 0.000000040129 - Current percentage: -2.25% - Max: 9.80% - Min: -8.13% - Market Cap 8389 - Trading time: 00:00:35
08-09-2025 20:43:29.826 INFO Current price: 0.000000040298 - Current percentage: 4.90% - Max: 9.80% - Min: -8.13% - Market Cap 9002 - Trading time: 00:00:42
08-09-2025 20:43:34.038 INFO Current price: 0.000000041802 - Current percentage: 5.18% - Max: 9.80% - Min: -8.13% - Market Cap 9026 - Trading time: 00:00:46
08-09-2025 20:43:35.137 INFO Current price: 0.000000042972 - Current percentage: 10.86% - Max: 10.86% - Min: -8.13% - Market Cap 9513 - Trading time: 00:00:47
08-09-2025 20:43:46.535 INFO Current price: 0.000000043606 - Current percentage: 8.31% - Max: 10.86% - Min: -8.13% - Market Cap 9294 - Trading time: 00:00:58
08-09-2025 20:43:47.009 INFO Current price: 0.000000041613 - Current percentage: 0.96% - Max: 10.86% - Min: -8.13% - Market Cap 8663 - Trading time: 00:00:59
08-09-2025 20:44:12.208 INFO Current price: 0.000000038834 - Current percentage: -5.67% - Max: 10.86% - Min: -8.13% - Market Cap 8095 - Trading time: 00:01:24
08-09-2025 20:44:12.321 INFO Current price: 0.000000037165 - Current percentage: -7.54% - Max: 10.86% - Min: -8.13% - Market Cap 7935 - Trading time: 00:01:24
08-09-2025 20:44:23.256 INFO Current price: 0.000000038051 - Current percentage: -1.12% - Max: 10.86% - Min: -8.13% - Market Cap 8485 - Trading time: 00:01:35
08-09-2025 20:44:36.551 INFO Current price: 0.000000038022 - Current percentage: -7.68% - Max: 10.86% - Min: -8.13% - Market Cap 7923 - Trading time: 00:01:48
08-09-2025 20:44:36.608 INFO Current price: 0.000000035855 - Current percentage: -12.07% - Max: 10.86% - Min: -12.07% - Market Cap 7545 - Trading time: 00:01:49
08-09-2025 20:44:36.610 INFO Current price: 0.000000034180 - Current percentage: -16.10% - Max: 10.86% - Min: -16.10% - Market Cap 7200 - Trading time: 00:01:49
08-09-2025 20:44:36.676 INFO Current price: 0.000000032371 - Current percentage: -21.13% - Max: 10.86% - Min: -21.13% - Market Cap 6768 - Trading time: 00:01:49
08-09-2025 20:44:36.678 INFO Current price: 0.000000030672 - Current percentage: -24.68% - Max: 10.86% - Min: -24.68% - Market Cap 6464 - Trading time: 00:01:49
08-09-2025 20:44:42.922 INFO Current price: 0.000000029321 - Current percentage: -27.93% - Max: 10.86% - Min: -27.93% - Market Cap 6185 - Trading time: 00:01:55
08-09-2025 20:44:42.924 INFO Current price: 0.000000028420 - Current percentage: -29.23% - Max: 10.86% - Min: -29.23% - Market Cap 6073 - Trading time: 00:01:55
08-09-2025 20:45:10.849 INFO Current price: 0.000000028146 - Current percentage: -29.31% - Max: 10.86% - Min: -29.31% - Market Cap 6066 - Trading time: 00:02:23
08-09-2025 20:47:59.582 INFO Current price: 0.000000028072 - Current percentage: -29.62% - Max: 10.86% - Min: -29.62% - Market Cap 6040 - Trading time: 00:05:12
08-09-2025 20:50:01.187 INFO Current price: 0.000000028001 - Current percentage: -29.68% - Max: 10.86% - Min: -29.68% - Market Cap 6035 - Trading time: 00:07:13
08-09-2025 20:57:40.519 INFO Current price: 0.000000027974 - Current percentage: -29.47% - Max: 10.86% - Min: -29.68% - Market Cap 6052 - Trading time: 00:14:52






08-09-2025 21:02:47.579 INFO {"type":"summary","reason":"max_window","startedAt":"2025-09-08T18:42:47.575Z","endedAt":"2025-09-08T19:02:47.579Z","durationSec":1200,"entryPrice":4.200838676686489e-8,"entryMarketCapSol":39.794995262735654,"entryMarketCapUsd":8581.392778456317,"minPct":-29.678738408629346,"maxPct":10.860637892974877,"buyCount":11,"sellCount":27,"tradeCount":38,"entryRecorded":true,"noPostThresholdTrades":false,"triggerAt":"2025-09-08T18:42:47.574Z","ageAtTriggerSec":7,"preTotalTrades":18,"preBuys":13,"preSells":5,"preUniqueTraders":14,"preEntryTotalTrades":22,"preEntryBuys":13,"preEntrySells":9,"preEntryUniqueTraders":14,"preEntryMinMcUsd":7812.7044478738035,"preEntryMaxMcUsd":9993.4775474141,"thresholdMcSol":39.794995262735654,"thresholdMcUsd":8581.392778456317,"thresholdPrice":4.200838676686489e-8}
