07-09-2025 06:52:55.875 INFO Entry price: 0.000000046649438185 - Entry market cap: 8409 - Buys 14 - Sells 5 - Ratio: 1:0.36 - Min MarketCap: 6899 - Max MarketCap: 10634
07-09-2025 06:52:55.875 INFO Current price: 0.000000046649 - Current percentage: 0.00% - Max: 0.00% - Min: 0.00% - Market Cap 8409 - Trading time: 00:00:02
07-09-2025 06:52:58.285 INFO Current price: 0.000000040430 - Current percentage: -5.85% - Max: 0.00% - Min: -5.85% - Market Cap 7918 - Trading time: 00:00:04
07-09-2025 06:52:58.285 INFO Current price: 0.000000038893 - Current percentage: -6.64% - Max: 0.00% - Min: -6.64% - Market Cap 7851 - Trading time: 00:00:04
07-09-2025 06:52:58.591 INFO Current price: 0.000000038171 - Current percentage: -9.31% - Max: 0.00% - Min: -9.31% - Market Cap 7626 - Trading time: 00:00:04
07-09-2025 06:52:59.092 INFO Current price: 0.000000037989 - Current percentage: -7.53% - Max: 0.00% - Min: -9.31% - Market Cap 7776 - Trading time: 00:00:05
07-09-2025 06:52:59.718 INFO Current price: 0.000000039382 - Current percentage: -2.54% - Max: 0.00% - Min: -9.31% - Market Cap 8195 - Trading time: 00:00:05
07-09-2025 06:53:02.203 INFO Current price: 0.000000040870 - Current percentage: -0.41% - Max: 0.00% - Min: -9.31% - Market Cap 8375 - Trading time: 00:00:08
07-09-2025 06:53:04.093 INFO Current price: 0.000000040899 - Current percentage: -2.40% - Max: 0.00% - Min: -9.31% - Market Cap 8207 - Trading time: 00:00:10
07-09-2025 06:53:04.403 INFO Current price: 0.000000041478 - Current percentage: 2.43% - Max: 2.43% - Min: -9.31% - Market Cap 8614 - Trading time: 00:00:10
07-09-2025 06:53:05.022 INFO Current price: 0.000000042910 - Current percentage: 4.45% - Max: 4.45% - Min: -9.31% - Market Cap 8784 - Trading time: 00:00:11
07-09-2025 06:53:06.077 INFO Current price: 0.000000042853 - Current percentage: 2.16% - Max: 4.45% - Min: -9.31% - Market Cap 8591 - Trading time: 00:00:12
07-09-2025 06:53:08.212 INFO Current price: 0.000000042793 - Current percentage: 4.16% - Max: 4.45% - Min: -9.31% - Market Cap 8759 - Trading time: 00:00:14
07-09-2025 06:53:08.214 INFO Current price: 0.000000042791 - Current percentage: 2.15% - Max: 4.45% - Min: -9.31% - Market Cap 8590 - Trading time: 00:00:14
07-09-2025 06:53:09.849 INFO Current price: 0.000000043498 - Current percentage: 7.63% - Max: 7.63% - Min: -9.31% - Market Cap 9051 - Trading time: 00:00:15
07-09-2025 06:53:11.076 INFO Current price: 0.000000045150 - Current percentage: 10.06% - Max: 10.06% - Min: -9.31% - Market Cap 9255 - Trading time: 00:00:17
07-09-2025 06:53:11.348 INFO Current price: 0.000000044526 - Current percentage: 4.68% - Max: 10.06% - Min: -9.31% - Market Cap 8803 - Trading time: 00:00:17
07-09-2025 06:53:12.958 INFO Current price: 0.000000042319 - Current percentage: -0.58% - Max: 10.06% - Min: -9.31% - Market Cap 8360 - Trading time: 00:00:19
07-09-2025 06:53:14.093 INFO Current price: 0.000000041686 - Current percentage: 1.57% - Max: 10.06% - Min: -9.31% - Market Cap 8541 - Trading time: 00:00:20
07-09-2025 06:53:14.558 INFO Current price: 0.000000043173 - Current percentage: 6.64% - Max: 10.06% - Min: -9.31% - Market Cap 8967 - Trading time: 00:00:20
07-09-2025 06:53:15.271 INFO Current price: 0.000000044299 - Current percentage: 6.94% - Max: 10.06% - Min: -9.31% - Market Cap 8993 - Trading time: 00:00:21
07-09-2025 06:53:16.974 INFO Current price: 0.000000044633 - Current percentage: 8.25% - Max: 10.06% - Min: -9.31% - Market Cap 9103 - Trading time: 00:00:23
07-09-2025 06:53:18.240 INFO Current price: 0.000000044411 - Current percentage: 5.88% - Max: 10.06% - Min: -9.31% - Market Cap 8904 - Trading time: 00:00:24
07-09-2025 06:53:19.059 INFO Current price: 0.000000044039 - Current percentage: 6.44% - Max: 10.06% - Min: -9.31% - Market Cap 8951 - Trading time: 00:00:25
07-09-2025 06:53:19.569 INFO Current price: 0.000000045275 - Current percentage: 11.91% - Max: 11.91% - Min: -9.31% - Market Cap 9411 - Trading time: 00:00:25
07-09-2025 06:53:20.287 INFO Current price: 0.000000046823 - Current percentage: 13.84% - Max: 13.84% - Min: -9.31% - Market Cap 9573 - Trading time: 00:00:26
07-09-2025 06:53:20.696 INFO Current price: 0.000000047226 - Current percentage: 13.85% - Max: 13.85% - Min: -9.31% - Market Cap 9574 - Trading time: 00:00:26
07-09-2025 06:53:20.696 INFO Current price: 0.000000047228 - Current percentage: 13.85% - Max: 13.85% - Min: -9.31% - Market Cap 9574 - Trading time: 00:00:26
07-09-2025 06:53:22.659 INFO Current price: 0.000000046826 - Current percentage: 11.92% - Max: 13.85% - Min: -9.31% - Market Cap 9411 - Trading time: 00:00:28
07-09-2025 06:53:23.035 INFO Current price: 0.000000046929 - Current percentage: 14.35% - Max: 14.35% - Min: -9.31% - Market Cap 9616 - Trading time: 00:00:29
07-09-2025 06:53:23.135 INFO Current price: 0.000000046957 - Current percentage: 12.05% - Max: 14.35% - Min: -9.31% - Market Cap 9422 - Trading time: 00:00:29
07-09-2025 06:53:23.956 INFO Current price: 0.000000046494 - Current percentage: 12.11% - Max: 14.35% - Min: -9.31% - Market Cap 9427 - Trading time: 00:00:30
07-09-2025 06:53:24.390 INFO Current price: 0.000000046220 - Current percentage: 10.73% - Max: 14.35% - Min: -9.31% - Market Cap 9312 - Trading time: 00:00:30
07-09-2025 06:53:26.221 INFO Current price: 0.000000046191 - Current percentage: 11.96% - Max: 14.35% - Min: -9.31% - Market Cap 9415 - Trading time: 00:00:32
07-09-2025 06:53:26.850 INFO Current price: 0.000000046322 - Current percentage: 11.36% - Max: 14.35% - Min: -9.31% - Market Cap 9365 - Trading time: 00:00:32
07-09-2025 06:53:27.860 INFO Current price: 0.000000046233 - Current percentage: 11.53% - Max: 14.35% - Min: -9.31% - Market Cap 9379 - Trading time: 00:00:33
07-09-2025 06:53:29.758 INFO Current price: 0.000000046718 - Current percentage: 13.71% - Max: 14.35% - Min: -9.31% - Market Cap 9562 - Trading time: 00:00:35
07-09-2025 06:53:29.758 INFO Current price: 0.000000048385 - Current percentage: 19.63% - Max: 19.63% - Min: -9.31% - Market Cap 10060 - Trading time: 00:00:35
07-09-2025 06:53:31.520 INFO Current price: 0.000000049554 - Current percentage: 19.28% - Max: 19.63% - Min: -9.31% - Market Cap 10030 - Trading time: 00:00:37
07-09-2025 06:53:32.157 INFO Current price: 0.000000049945 - Current percentage: 21.53% - Max: 21.53% - Min: -9.31% - Market Cap 10220 - Trading time: 00:00:38
07-09-2025 06:53:32.157 INFO Current price: 0.000000050415 - Current percentage: 21.53% - Max: 21.53% - Min: -9.31% - Market Cap 10220 - Trading time: 00:00:38
07-09-2025 06:53:32.246 INFO Current price: 0.000000050585 - Current percentage: 22.35% - Max: 22.35% - Min: -9.31% - Market Cap 10289 - Trading time: 00:00:38
07-09-2025 06:53:34.203 INFO Current price: 0.000000049445 - Current percentage: 16.11% - Max: 22.35% - Min: -9.31% - Market Cap 9764 - Trading time: 00:00:40
07-09-2025 06:53:34.510 INFO Current price: 0.000000049144 - Current percentage: 20.87% - Max: 22.35% - Min: -9.31% - Market Cap 10164 - Trading time: 00:00:40
07-09-2025 06:53:34.990 INFO Current price: 0.000000050166 - Current percentage: 20.99% - Max: 22.35% - Min: -9.31% - Market Cap 10174 - Trading time: 00:00:41
07-09-2025 06:53:36.148 INFO Current price: 0.000000048746 - Current percentage: 14.12% - Max: 22.35% - Min: -9.31% - Market Cap 9597 - Trading time: 00:00:42
07-09-2025 06:53:36.446 INFO Current price: 0.000000046183 - Current percentage: 8.60% - Max: 22.35% - Min: -9.31% - Market Cap 9132 - Trading time: 00:00:42
07-09-2025 06:53:37.888 INFO Current price: 0.000000045168 - Current percentage: 9.16% - Max: 22.35% - Min: -9.31% - Market Cap 9179 - Trading time: 00:00:44
07-09-2025 06:53:38.194 INFO Current price: 0.000000045823 - Current percentage: 11.77% - Max: 22.35% - Min: -9.31% - Market Cap 9399 - Trading time: 00:00:44
07-09-2025 06:53:38.899 INFO Current price: 0.000000046347 - Current percentage: 11.67% - Max: 22.35% - Min: -9.31% - Market Cap 9391 - Trading time: 00:00:45
07-09-2025 06:53:39.728 INFO Current price: 0.000000046176 - Current percentage: 10.95% - Max: 22.35% - Min: -9.31% - Market Cap 9330 - Trading time: 00:00:45
07-09-2025 06:53:40.447 INFO Current price: 0.000000046085 - Current percentage: 11.23% - Max: 22.35% - Min: -9.31% - Market Cap 9354 - Trading time: 00:00:46
07-09-2025 06:53:41.099 INFO Current price: 0.000000046694 - Current percentage: 13.90% - Max: 22.35% - Min: -9.31% - Market Cap 9578 - Trading time: 00:00:47
07-09-2025 06:53:43.315 INFO Current price: 0.000000047262 - Current percentage: 13.96% - Max: 22.35% - Min: -9.31% - Market Cap 9583 - Trading time: 00:00:49
07-09-2025 06:53:44.456 INFO Current price: 0.000000048339 - Current percentage: 19.15% - Max: 22.35% - Min: -9.31% - Market Cap 10020 - Trading time: 00:00:50
07-09-2025 06:53:44.847 INFO Current price: 0.000000048833 - Current percentage: 16.30% - Max: 22.35% - Min: -9.31% - Market Cap 9780 - Trading time: 00:00:50
07-09-2025 06:53:45.793 INFO Current price: 0.000000047805 - Current percentage: 14.19% - Max: 22.35% - Min: -9.31% - Market Cap 9602 - Trading time: 00:00:51
07-09-2025 06:53:47.304 INFO Current price: 0.000000047816 - Current percentage: 16.35% - Max: 22.35% - Min: -9.31% - Market Cap 9784 - Trading time: 00:00:53
07-09-2025 06:53:47.952 INFO Current price: 0.000000047325 - Current percentage: 11.85% - Max: 22.35% - Min: -9.31% - Market Cap 9406 - Trading time: 00:00:54
07-09-2025 06:53:48.429 INFO Current price: 0.000000045259 - Current percentage: 6.42% - Max: 22.35% - Min: -9.31% - Market Cap 8949 - Trading time: 00:00:54
07-09-2025 06:53:49.475 INFO Current price: 0.000000045296 - Current percentage: 12.03% - Max: 22.35% - Min: -9.31% - Market Cap 9421 - Trading time: 00:00:55
07-09-2025 06:53:49.785 INFO Current price: 0.000000045928 - Current percentage: 9.41% - Max: 22.35% - Min: -9.31% - Market Cap 9200 - Trading time: 00:00:55
07-09-2025 06:53:50.170 INFO Current price: 0.000000044885 - Current percentage: 7.00% - Max: 22.35% - Min: -9.31% - Market Cap 8998 - Trading time: 00:00:56
07-09-2025 06:53:50.170 INFO Current price: 0.000000044658 - Current percentage: 8.31% - Max: 22.35% - Min: -9.31% - Market Cap 9108 - Trading time: 00:00:56
07-09-2025 06:53:51.400 INFO Current price: 0.000000045045 - Current percentage: 8.86% - Max: 22.35% - Min: -9.31% - Market Cap 9155 - Trading time: 00:00:57
07-09-2025 06:53:51.908 INFO Current price: 0.000000044689 - Current percentage: 6.60% - Max: 22.35% - Min: -9.31% - Market Cap 8964 - Trading time: 00:00:58
07-09-2025 06:53:52.214 INFO Current price: 0.000000043593 - Current percentage: 3.59% - Max: 22.35% - Min: -9.31% - Market Cap 8711 - Trading time: 00:00:58
07-09-2025 06:53:53.174 INFO Current price: 0.000000043358 - Current percentage: 5.46% - Max: 22.35% - Min: -9.31% - Market Cap 8868 - Trading time: 00:00:59
07-09-2025 06:53:53.545 INFO Current price: 0.000000043087 - Current percentage: 2.29% - Max: 22.35% - Min: -9.31% - Market Cap 8602 - Trading time: 00:00:59
07-09-2025 06:53:54.783 INFO Current price: 0.000000043378 - Current percentage: 6.89% - Max: 22.35% - Min: -9.31% - Market Cap 8989 - Trading time: 00:01:00
07-09-2025 06:53:56.207 INFO Current price: 0.000000044457 - Current percentage: 7.44% - Max: 22.35% - Min: -9.31% - Market Cap 9035 - Trading time: 00:01:02
07-09-2025 06:53:56.207 INFO Current price: 0.000000044943 - Current percentage: 9.24% - Max: 22.35% - Min: -9.31% - Market Cap 9186 - Trading time: 00:01:02
07-09-2025 06:53:59.173 INFO Current price: 0.000000045591 - Current percentage: 10.56% - Max: 22.35% - Min: -9.31% - Market Cap 9298 - Trading time: 00:01:05
07-09-2025 06:54:00.402 INFO Current price: 0.000000045884 - Current percentage: 10.65% - Max: 22.35% - Min: -9.31% - Market Cap 9305 - Trading time: 00:01:06
07-09-2025 06:54:00.534 INFO Current price: 0.000000045960 - Current percentage: 10.93% - Max: 22.35% - Min: -9.31% - Market Cap 9328 - Trading time: 00:01:06
07-09-2025 06:54:01.323 INFO Current price: 0.000000045597 - Current percentage: 8.91% - Max: 22.35% - Min: -9.31% - Market Cap 9159 - Trading time: 00:01:07
07-09-2025 06:54:01.719 INFO Current price: 0.000000045063 - Current percentage: 8.35% - Max: 22.35% - Min: -9.31% - Market Cap 9111 - Trading time: 00:01:07
07-09-2025 06:54:02.243 INFO Current price: 0.000000045185 - Current percentage: 9.50% - Max: 22.35% - Min: -9.31% - Market Cap 9208 - Trading time: 00:01:08
07-09-2025 06:54:04.597 INFO Current price: 0.000000045309 - Current percentage: 8.94% - Max: 22.35% - Min: -9.31% - Market Cap 9161 - Trading time: 00:01:10
07-09-2025 06:54:04.984 INFO Current price: 0.000000045309 - Current percentage: 9.50% - Max: 22.35% - Min: -9.31% - Market Cap 9208 - Trading time: 00:01:11
07-09-2025 06:54:05.093 INFO Current price: 0.000000045981 - Current percentage: 12.20% - Max: 22.35% - Min: -9.31% - Market Cap 9435 - Trading time: 00:01:11
07-09-2025 06:54:08.120 INFO Current price: 0.000000046906 - Current percentage: 13.95% - Max: 22.35% - Min: -9.31% - Market Cap 9582 - Trading time: 00:01:14
07-09-2025 06:54:11.083 INFO Current price: 0.000000047594 - Current percentage: 15.51% - Max: 22.35% - Min: -9.31% - Market Cap 9713 - Trading time: 00:01:17
07-09-2025 06:54:12.834 INFO Current price: 0.000000047924 - Current percentage: 15.54% - Max: 22.35% - Min: -9.31% - Market Cap 9716 - Trading time: 00:01:18
07-09-2025 06:54:13.213 INFO Current price: 0.000000048051 - Current percentage: 16.12% - Max: 22.35% - Min: -9.31% - Market Cap 9765 - Trading time: 00:01:19
07-09-2025 06:54:13.705 INFO Current price: 0.000000048109 - Current percentage: 15.82% - Max: 22.35% - Min: -9.31% - Market Cap 9739 - Trading time: 00:01:19
07-09-2025 06:54:14.319 INFO Current price: 0.000000048469 - Current percentage: 17.87% - Max: 22.35% - Min: -9.31% - Market Cap 9912 - Trading time: 00:01:20
07-09-2025 06:54:14.629 INFO Current price: 0.000000049017 - Current percentage: 18.45% - Max: 22.35% - Min: -9.31% - Market Cap 9961 - Trading time: 00:01:20
07-09-2025 06:54:17.145 INFO Current price: 0.000000049531 - Current percentage: 20.35% - Max: 22.35% - Min: -9.31% - Market Cap 10121 - Trading time: 00:01:23
07-09-2025 06:54:23.038 INFO Current price: 0.000000050240 - Current percentage: 21.87% - Max: 22.35% - Min: -9.31% - Market Cap 10248 - Trading time: 00:01:29
07-09-2025 06:54:24.792 INFO Current price: 0.000000051159 - Current percentage: 22.99% - Max: 22.99% - Min: -9.31% - Market Cap 10342 - Trading time: 00:01:30
07-09-2025 06:54:28.124 INFO Current price: 0.000000049216 - Current percentage: 14.44% - Max: 22.99% - Min: -9.31% - Market Cap 9624 - Trading time: 00:01:34
07-09-2025 06:54:28.155 INFO Current price: 0.000000046408 - Current percentage: 9.35% - Max: 22.99% - Min: -9.31% - Market Cap 9196 - Trading time: 00:01:34
07-09-2025 06:54:28.158 INFO Current price: 0.000000044302 - Current percentage: 4.29% - Max: 22.99% - Min: -9.31% - Market Cap 8770 - Trading time: 00:01:34
07-09-2025 06:54:28.159 INFO Current price: 0.000000042407 - Current percentage: 0.20% - Max: 22.99% - Min: -9.31% - Market Cap 8426 - Trading time: 00:01:34
07-09-2025 06:54:28.162 INFO Current price: 0.000000040280 - Current percentage: -5.91% - Max: 22.99% - Min: -9.31% - Market Cap 7913 - Trading time: 00:01:34
07-09-2025 06:54:28.169 INFO Current price: 0.000000038124 - Current percentage: -10.24% - Max: 22.99% - Min: -10.24% - Market Cap 7548 - Trading time: 00:01:34
07-09-2025 06:54:28.170 INFO Current price: 0.000000036832 - Current percentage: -12.17% - Max: 22.99% - Min: -12.17% - Market Cap 7385 - Trading time: 00:01:34
07-09-2025 06:54:28.172 INFO Current price: 0.000000035742 - Current percentage: -15.47% - Max: 22.99% - Min: -15.47% - Market Cap 7108 - Trading time: 00:01:34
07-09-2025 06:54:28.175 INFO Current price: 0.000000034651 - Current percentage: -17.46% - Max: 22.99% - Min: -17.46% - Market Cap 6941 - Trading time: 00:01:34
07-09-2025 06:54:28.221 INFO Current price: 0.000000033861 - Current percentage: -19.28% - Max: 22.99% - Min: -19.28% - Market Cap 6788 - Trading time: 00:01:34
07-09-2025 06:54:28.221 INFO Current price: 0.000000033035 - Current percentage: -21.43% - Max: 22.99% - Min: -21.43% - Market Cap 6607 - Trading time: 00:01:34
07-09-2025 06:54:28.221 INFO Current price: 0.000000032024 - Current percentage: -24.15% - Max: 22.99% - Min: -24.15% - Market Cap 6378 - Trading time: 00:01:34
07-09-2025 06:54:28.221 INFO Current price: 0.000000031078 - Current percentage: -26.01% - Max: 22.99% - Min: -26.01% - Market Cap 6222 - Trading time: 00:01:34
07-09-2025 06:54:28.221 INFO Current price: 0.000000030046 - Current percentage: -29.11% - Max: 22.99% - Min: -29.11% - Market Cap 5962 - Trading time: 00:01:34
07-09-2025 06:54:28.225 INFO Current price: 0.000000029070 - Current percentage: -30.73% - Max: 22.99% - Min: -30.73% - Market Cap 5825 - Trading time: 00:01:34
07-09-2025 06:54:28.616 INFO Current price: 0.000000000000 - Current percentage: -30.73% - Max: 22.99% - Min: -30.73% - Market Cap 5825 - Trading time: 00:01:34
07-09-2025 06:54:31.409 INFO Current price: 0.000000028681 - Current percentage: -30.99% - Max: 22.99% - Min: -30.99% - Market Cap 5803 - Trading time: 00:01:37
07-09-2025 06:54:31.499 INFO Current price: 0.000000028618 - Current percentage: -31.03% - Max: 22.99% - Min: -31.03% - Market Cap 5799 - Trading time: 00:01:37
07-09-2025 06:54:34.581 INFO Current price: 0.000000028554 - Current percentage: -31.30% - Max: 22.99% - Min: -31.30% - Market Cap 5777 - Trading time: 00:01:40
07-09-2025 06:54:35.900 INFO Current price: 0.000000028441 - Current percentage: -31.58% - Max: 22.99% - Min: -31.58% - Market Cap 5754 - Trading time: 00:01:42
07-09-2025 06:54:37.453 INFO Current price: 0.000000028383 - Current percentage: -31.58% - Max: 22.99% - Min: -31.58% - Market Cap 5753 - Trading time: 00:01:43
07-09-2025 06:54:38.514 INFO Current price: 0.000000028365 - Current percentage: -31.66% - Max: 22.99% - Min: -31.66% - Market Cap 5747 - Trading time: 00:01:44
07-09-2025 06:54:41.342 INFO Current price: 0.000000028320 - Current percentage: -31.80% - Max: 22.99% - Min: -31.80% - Market Cap 5735 - Trading time: 00:01:47
07-09-2025 06:55:05.554 INFO Current price: 0.000000028329 - Current percentage: -31.62% - Max: 22.99% - Min: -31.80% - Market Cap 5750 - Trading time: 00:02:11
07-09-2025 06:55:14.955 INFO Current price: 0.000000028361 - Current percentage: -31.65% - Max: 22.99% - Min: -31.80% - Market Cap 5748 - Trading time: 00:02:21
07-09-2025 06:55:26.598 INFO Current price: 0.000000028012 - Current percentage: -32.56% - Max: 22.99% - Min: -32.56% - Market Cap 5671 - Trading time: 00:02:32
07-09-2025 06:57:55.161 INFO Current price: 0.000000027972 - Current percentage: -32.58% - Max: 22.99% - Min: -32.58% - Market Cap 5670 - Trading time: 00:05:01
07-09-2025 06:58:27.250 INFO Current price: 0.000000027970 - Current percentage: -32.58% - Max: 22.99% - Min: -32.58% - Market Cap 5670 - Trading time: 00:05:33
07-09-2025 06:58:54.205 INFO Current price: 0.000000027970 - Current percentage: -32.58% - Max: 22.99% - Min: -32.58% - Market Cap 5670 - Trading time: 00:06:00






07-09-2025 07:08:54.206 INFO {"type":"summary","reason":"inactivity","startedAt":"2025-09-07T04:52:53.874Z","endedAt":"2025-09-07T05:08:54.206Z","durationSec":960,"entryPrice":4.664943818452962e-8,"entryMarketCapSol":41.48370763804779,"entryMarketCapUsd":8409.162375308668,"minPct":-32.57647472161674,"maxPct":22.986810070396004,"buyCount":59,"sellCount":62,"tradeCount":121,"entryRecorded":true,"noPostThresholdTrades":false,"triggerAt":"2025-09-07T04:52:53.874Z","ageAtTriggerSec":2,"preTotalTrades":16,"preBuys":12,"preSells":4,"preUniqueTraders":12,"preEntryTotalTrades":19,"preEntryBuys":14,"preEntrySells":5,"preEntryUniqueTraders":14,"preEntryMinMcUsd":6899.381897787993,"preEntryMaxMcUsd":10633.847902487892,"thresholdMcSol":41.48370763804779,"thresholdMcUsd":8409.162375308668,"thresholdPrice":4.664943818452962e-8}
