08-09-2025 04:02:50.862 INFO Entry price: 0.000000038506805189 - Entry market cap: 7399 - Buys 18 - Sells 19 - Ratio: 1:1.06 - Min MarketCap: 5837 - Max MarketCap: 10988
08-09-2025 04:02:50.862 INFO Current price: 0.000000038507 - Current percentage: 0.00% - Max: 0.00% - Min: 0.00% - Market Cap 7399 - Trading time: 00:00:02
08-09-2025 04:02:51.378 INFO Current price: 0.000000028242 - Current percentage: -21.05% - Max: 0.00% - Min: -21.05% - Market Cap 5841 - Trading time: 00:00:02
08-09-2025 04:02:52.986 INFO Current price: 0.000000028279 - Current percentage: -20.90% - Max: 0.00% - Min: -21.05% - Market Cap 5853 - Trading time: 00:00:04
08-09-2025 04:02:53.519 INFO Current price: 0.000000029223 - Current percentage: -15.69% - Max: 0.00% - Min: -21.05% - Market Cap 6238 - Trading time: 00:00:04
08-09-2025 04:02:56.648 INFO Current price: 0.000000029223 - Current percentage: -20.90% - Max: 0.00% - Min: -21.05% - Market Cap 5853 - Trading time: 00:00:07
08-09-2025 04:03:00.350 INFO Current price: 0.000000028195 - Current percentage: -21.52% - Max: 0.00% - Min: -21.52% - Market Cap 5807 - Trading time: 00:00:11
08-09-2025 04:03:00.452 INFO Current price: 0.000000028092 - Current percentage: -21.47% - Max: 0.00% - Min: -21.52% - Market Cap 5810 - Trading time: 00:00:11
08-09-2025 04:03:55.767 INFO Current price: 0.000000028063 - Current percentage: -21.68% - Max: 0.00% - Min: -21.68% - Market Cap 5795 - Trading time: 00:01:06
08-09-2025 04:04:08.860 INFO Current price: 0.000000028020 - Current percentage: -21.72% - Max: 0.00% - Min: -21.72% - Market Cap 5792 - Trading time: 00:01:19
08-09-2025 04:04:30.409 INFO Current price: 0.000000028344 - Current percentage: -19.86% - Max: 0.00% - Min: -21.72% - Market Cap 5930 - Trading time: 00:01:41
08-09-2025 04:04:31.215 INFO Current price: 0.000000028895 - Current percentage: -18.64% - Max: 0.00% - Min: -21.72% - Market Cap 6019 - Trading time: 00:01:42
08-09-2025 04:04:32.086 INFO Current price: 0.000000029490 - Current percentage: -16.52% - Max: 0.00% - Min: -21.72% - Market Cap 6177 - Trading time: 00:01:43
08-09-2025 04:04:33.220 INFO Current price: 0.000000030256 - Current percentage: -14.37% - Max: 0.00% - Min: -21.72% - Market Cap 6336 - Trading time: 00:01:44
08-09-2025 04:04:33.576 INFO Current price: 0.000000030645 - Current percentage: -14.36% - Max: 0.00% - Min: -21.72% - Market Cap 6336 - Trading time: 00:01:44
08-09-2025 04:04:34.169 INFO Current price: 0.000000030850 - Current percentage: -13.21% - Max: 0.00% - Min: -21.72% - Market Cap 6421 - Trading time: 00:01:45
08-09-2025 04:04:34.669 INFO Current price: 0.000000031356 - Current percentage: -11.53% - Max: 0.00% - Min: -21.72% - Market Cap 6546 - Trading time: 00:01:45
08-09-2025 04:04:35.485 INFO Current price: 0.000000031941 - Current percentage: -9.94% - Max: 0.00% - Min: -21.72% - Market Cap 6663 - Trading time: 00:01:46
08-09-2025 04:04:36.367 INFO Current price: 0.000000032561 - Current percentage: -8.06% - Max: 0.00% - Min: -21.72% - Market Cap 6802 - Trading time: 00:01:47
08-09-2025 04:04:36.557 INFO Current price: 0.000000032963 - Current percentage: -7.71% - Max: 0.00% - Min: -21.72% - Market Cap 6829 - Trading time: 00:01:47
08-09-2025 04:04:37.529 INFO Current price: 0.000000033372 - Current percentage: -5.76% - Max: 0.00% - Min: -21.72% - Market Cap 6972 - Trading time: 00:01:48
08-09-2025 04:04:45.663 INFO Current price: 0.000000034667 - Current percentage: -0.41% - Max: 0.00% - Min: -21.72% - Market Cap 7368 - Trading time: 00:01:56
08-09-2025 04:04:48.687 INFO Current price: 0.000000035567 - Current percentage: -0.80% - Max: 0.00% - Min: -21.72% - Market Cap 7339 - Trading time: 00:01:59
08-09-2025 04:04:49.123 INFO Current price: 0.000000035713 - Current percentage: 0.41% - Max: 0.41% - Min: -21.72% - Market Cap 7429 - Trading time: 00:02:00
08-09-2025 04:04:49.582 INFO Current price: 0.000000037064 - Current percentage: 6.84% - Max: 6.84% - Min: -21.72% - Market Cap 7905 - Trading time: 00:02:00
08-09-2025 04:04:49.584 INFO Current price: 0.000000038253 - Current percentage: 6.96% - Max: 6.96% - Min: -21.72% - Market Cap 7914 - Trading time: 00:02:00
08-09-2025 04:04:50.304 INFO Current price: 0.000000038502 - Current percentage: 8.24% - Max: 8.24% - Min: -21.72% - Market Cap 8008 - Trading time: 00:02:01
08-09-2025 04:04:53.626 INFO Current price: 0.000000039761 - Current percentage: 14.07% - Max: 14.07% - Min: -21.72% - Market Cap 8440 - Trading time: 00:02:04
08-09-2025 04:04:53.649 INFO Current price: 0.000000040993 - Current percentage: 15.05% - Max: 15.05% - Min: -21.72% - Market Cap 8512 - Trading time: 00:02:04
08-09-2025 04:04:55.180 INFO Current price: 0.000000041842 - Current percentage: 18.85% - Max: 18.85% - Min: -21.72% - Market Cap 8793 - Trading time: 00:02:06
08-09-2025 04:04:57.356 INFO Current price: 0.000000042803 - Current percentage: 20.39% - Max: 20.39% - Min: -21.72% - Market Cap 8907 - Trading time: 00:02:08
08-09-2025 04:04:57.585 INFO Current price: 0.000000044183 - Current percentage: 26.63% - Max: 26.63% - Min: -21.72% - Market Cap 9369 - Trading time: 00:02:08
08-09-2025 04:05:01.581 INFO Current price: 0.000000046504 - Current percentage: 33.37% - Max: 33.37% - Min: -21.72% - Market Cap 9868 - Trading time: 00:02:12
08-09-2025 04:05:02.436 INFO Current price: 0.000000047732 - Current percentage: 33.41% - Max: 33.41% - Min: -21.72% - Market Cap 9870 - Trading time: 00:02:13
08-09-2025 04:05:04.623 INFO Current price: 0.000000047732 - Current percentage: 33.37% - Max: 33.41% - Min: -21.72% - Market Cap 9868 - Trading time: 00:02:15
08-09-2025 04:05:06.167 INFO Current price: 0.000000047009 - Current percentage: 29.40% - Max: 33.41% - Min: -21.72% - Market Cap 9574 - Trading time: 00:02:17
08-09-2025 04:05:06.362 INFO Current price: 0.000000046095 - Current percentage: 28.23% - Max: 33.41% - Min: -21.72% - Market Cap 9488 - Trading time: 00:02:17
08-09-2025 04:05:06.400 INFO Current price: 0.000000045457 - Current percentage: 25.84% - Max: 33.41% - Min: -21.72% - Market Cap 9311 - Trading time: 00:02:17
08-09-2025 04:05:19.065 INFO Current price: 0.000000046199 - Current percentage: 32.45% - Max: 33.41% - Min: -21.72% - Market Cap 9800 - Trading time: 00:02:30
08-09-2025 04:05:19.067 INFO Current price: 0.000000048592 - Current percentage: 39.21% - Max: 39.21% - Min: -21.72% - Market Cap 10300 - Trading time: 00:02:30
08-09-2025 04:05:19.438 INFO Current price: 0.000000051035 - Current percentage: 46.11% - Max: 46.11% - Min: -21.72% - Market Cap 10810 - Trading time: 00:02:30
08-09-2025 04:05:37.452 INFO Current price: 0.000000052408 - Current percentage: 46.81% - Max: 46.81% - Min: -21.72% - Market Cap 10862 - Trading time: 00:02:48
08-09-2025 04:05:47.513 INFO Current price: 0.000000052464 - Current percentage: 46.42% - Max: 46.81% - Min: -21.72% - Market Cap 10833 - Trading time: 00:02:58
08-09-2025 04:05:48.261 INFO Current price: 0.000000052364 - Current percentage: 46.25% - Max: 46.81% - Min: -21.72% - Market Cap 10820 - Trading time: 00:02:59
08-09-2025 04:05:49.135 INFO Current price: 0.000000051399 - Current percentage: 41.07% - Max: 46.81% - Min: -21.72% - Market Cap 10438 - Trading time: 00:03:00
08-09-2025 04:05:50.165 INFO Current price: 0.000000050131 - Current percentage: 39.12% - Max: 46.81% - Min: -21.72% - Market Cap 10293 - Trading time: 00:03:01
08-09-2025 04:05:59.475 INFO Current price: 0.000000049761 - Current percentage: 39.00% - Max: 46.81% - Min: -21.72% - Market Cap 10284 - Trading time: 00:03:10
08-09-2025 04:06:11.642 INFO Current price: 0.000000049776 - Current percentage: 39.20% - Max: 46.81% - Min: -21.72% - Market Cap 10299 - Trading time: 00:03:22
08-09-2025 04:06:17.078 INFO Current price: 0.000000051056 - Current percentage: 46.24% - Max: 46.81% - Min: -21.72% - Market Cap 10820 - Trading time: 00:03:28
08-09-2025 04:06:17.180 INFO Current price: 0.000000052969 - Current percentage: 49.83% - Max: 49.83% - Min: -21.72% - Market Cap 11085 - Trading time: 00:03:28
08-09-2025 04:06:17.182 INFO Current price: 0.000000054404 - Current percentage: 54.28% - Max: 54.28% - Min: -21.72% - Market Cap 11414 - Trading time: 00:03:28
08-09-2025 04:06:17.250 INFO Current price: 0.000000055723 - Current percentage: 57.18% - Max: 57.18% - Min: -21.72% - Market Cap 11629 - Trading time: 00:03:28
08-09-2025 04:06:17.251 INFO Current price: 0.000000056637 - Current percentage: 59.38% - Max: 59.38% - Min: -21.72% - Market Cap 11792 - Trading time: 00:03:28
08-09-2025 04:06:17.332 INFO Current price: 0.000000057201 - Current percentage: 60.32% - Max: 60.32% - Min: -21.72% - Market Cap 11862 - Trading time: 00:03:28
08-09-2025 04:06:18.314 INFO Current price: 0.000000058705 - Current percentage: 67.87% - Max: 67.87% - Min: -21.72% - Market Cap 12420 - Trading time: 00:03:29
08-09-2025 04:06:18.609 INFO Current price: 0.000000060029 - Current percentage: 67.64% - Max: 67.87% - Min: -21.72% - Market Cap 12403 - Trading time: 00:03:29
08-09-2025 04:06:24.136 INFO Current price: 0.000000059224 - Current percentage: 63.40% - Max: 67.87% - Min: -21.72% - Market Cap 12089 - Trading time: 00:03:35
08-09-2025 04:06:25.543 INFO Current price: 0.000000056818 - Current percentage: 54.29% - Max: 67.87% - Min: -21.72% - Market Cap 11416 - Trading time: 00:03:36
08-09-2025 04:06:25.546 INFO Current price: 0.000000053352 - Current percentage: 44.07% - Max: 67.87% - Min: -21.72% - Market Cap 10660 - Trading time: 00:03:36
08-09-2025 04:06:25.548 INFO Current price: 0.000000050332 - Current percentage: 37.32% - Max: 67.87% - Min: -21.72% - Market Cap 10160 - Trading time: 00:03:36
08-09-2025 04:06:25.550 INFO Current price: 0.000000048283 - Current percentage: 32.58% - Max: 67.87% - Min: -21.72% - Market Cap 9809 - Trading time: 00:03:36
08-09-2025 04:06:25.552 INFO Current price: 0.000000046305 - Current percentage: 26.29% - Max: 67.87% - Min: -21.72% - Market Cap 9344 - Trading time: 00:03:36
08-09-2025 04:06:25.558 INFO Current price: 0.000000044502 - Current percentage: 22.46% - Max: 67.87% - Min: -21.72% - Market Cap 9060 - Trading time: 00:03:36
08-09-2025 04:06:25.559 INFO Current price: 0.000000042390 - Current percentage: 14.59% - Max: 67.87% - Min: -21.72% - Market Cap 8479 - Trading time: 00:03:36
08-09-2025 04:06:25.559 INFO Current price: 0.000000040538 - Current percentage: 11.99% - Max: 67.87% - Min: -21.72% - Market Cap 8286 - Trading time: 00:03:36
08-09-2025 04:06:25.559 INFO Current price: 0.000000039620 - Current percentage: 9.46% - Max: 67.87% - Min: -21.72% - Market Cap 8099 - Trading time: 00:03:36
08-09-2025 04:06:25.560 INFO Current price: 0.000000038268 - Current percentage: 4.48% - Max: 67.87% - Min: -21.72% - Market Cap 7730 - Trading time: 00:03:36
08-09-2025 04:06:25.564 INFO Current price: 0.000000036458 - Current percentage: -0.65% - Max: 67.87% - Min: -21.72% - Market Cap 7351 - Trading time: 00:03:36
08-09-2025 04:06:25.564 INFO Current price: 0.000000034765 - Current percentage: -5.00% - Max: 67.87% - Min: -21.72% - Market Cap 7029 - Trading time: 00:03:36
08-09-2025 04:06:25.618 INFO Current price: 0.000000033812 - Current percentage: -6.01% - Max: 67.87% - Min: -21.72% - Market Cap 6954 - Trading time: 00:03:36
08-09-2025 04:06:25.623 INFO Current price: 0.000000033555 - Current percentage: -6.44% - Max: 67.87% - Min: -21.72% - Market Cap 6922 - Trading time: 00:03:36
08-09-2025 04:06:25.627 INFO Current price: 0.000000033100 - Current percentage: -8.55% - Max: 67.87% - Min: -21.72% - Market Cap 6766 - Trading time: 00:03:36
08-09-2025 04:06:25.631 INFO Current price: 0.000000032285 - Current percentage: -10.99% - Max: 67.87% - Min: -21.72% - Market Cap 6586 - Trading time: 00:03:36
08-09-2025 04:06:25.632 INFO Current price: 0.000000031546 - Current percentage: -12.69% - Max: 67.87% - Min: -21.72% - Market Cap 6460 - Trading time: 00:03:36
08-09-2025 04:06:25.634 INFO Current price: 0.000000030861 - Current percentage: -14.81% - Max: 67.87% - Min: -21.72% - Market Cap 6303 - Trading time: 00:03:36
08-09-2025 04:06:25.974 INFO Current price: 0.000000030483 - Current percentage: -14.82% - Max: 67.87% - Min: -21.72% - Market Cap 6302 - Trading time: 00:03:37
08-09-2025 04:06:26.022 INFO Current price: 0.000000030272 - Current percentage: -15.98% - Max: 67.87% - Min: -21.72% - Market Cap 6216 - Trading time: 00:03:37
08-09-2025 04:06:29.090 INFO Current price: 0.000000030017 - Current percentage: -16.25% - Max: 67.87% - Min: -21.72% - Market Cap 6197 - Trading time: 00:03:40
08-09-2025 04:06:30.097 INFO Current price: 0.000000029414 - Current percentage: -19.33% - Max: 67.87% - Min: -21.72% - Market Cap 5969 - Trading time: 00:03:41
08-09-2025 04:06:30.100 INFO Current price: 0.000000028410 - Current percentage: -21.87% - Max: 67.87% - Min: -21.87% - Market Cap 5781 - Trading time: 00:03:41
08-09-2025 04:06:36.678 INFO Current price: 0.000000028879 - Current percentage: -16.64% - Max: 67.87% - Min: -21.87% - Market Cap 6168 - Trading time: 00:03:47
08-09-2025 04:06:45.469 INFO Current price: 0.000000029858 - Current percentage: -16.48% - Max: 67.87% - Min: -21.87% - Market Cap 6179 - Trading time: 00:03:56
08-09-2025 04:06:49.183 INFO Current price: 0.000000029915 - Current percentage: -16.32% - Max: 67.87% - Min: -21.87% - Market Cap 6191 - Trading time: 00:04:00
08-09-2025 04:09:37.243 INFO Current price: 0.000000029887 - Current percentage: -16.63% - Max: 67.87% - Min: -21.87% - Market Cap 6169 - Trading time: 00:06:48
08-09-2025 04:09:41.740 INFO Current price: 0.000000028879 - Current percentage: -21.86% - Max: 67.87% - Min: -21.87% - Market Cap 5782 - Trading time: 00:06:52






08-09-2025 04:19:41.745 INFO {"type":"summary","reason":"inactivity","startedAt":"2025-09-08T02:02:48.861Z","endedAt":"2025-09-08T02:19:41.745Z","durationSec":1012,"entryPrice":3.850680518918976e-8,"entryMarketCapSol":35.784092937526815,"entryMarketCapUsd":7398.719055763044,"minPct":-21.867536156228145,"maxPct":67.87193723705202,"buyCount":43,"sellCount":49,"tradeCount":92,"entryRecorded":true,"noPostThresholdTrades":false,"triggerAt":"2025-09-08T02:02:48.861Z","ageAtTriggerSec":6,"preTotalTrades":28,"preBuys":17,"preSells":11,"preUniqueTraders":19,"preEntryTotalTrades":37,"preEntryBuys":18,"preEntrySells":19,"preEntryUniqueTraders":21,"preEntryMinMcUsd":5837.433279478713,"preEntryMaxMcUsd":10987.99192256074,"thresholdMcSol":35.784092937526815,"thresholdMcUsd":7398.719055763044,"thresholdPrice":3.850680518918976e-8}
