08-09-2025 15:01:17.453 INFO Entry price: 0.000000046353350315 - Entry market cap: 8583 - Buys 10 - Sells 2 - Ratio: 1:0.20 - Min MarketCap: 8020 - Max MarketCap: 11613
08-09-2025 15:01:17.453 INFO Current price: 0.000000046353 - Current percentage: 0.00% - Max: 0.00% - Min: 0.00% - Market Cap 8583 - Trading time: 00:00:02
08-09-2025 15:01:17.679 INFO Current price: 0.000000045075 - Current percentage: 11.84% - Max: 11.84% - Min: 0.00% - Market Cap 9600 - Trading time: 00:00:02
08-09-2025 15:01:17.680 INFO Current price: 0.000000043414 - Current percentage: 5.83% - Max: 11.84% - Min: 0.00% - Market Cap 9084 - Trading time: 00:00:02
08-09-2025 15:01:17.880 INFO Current price: 0.000000042556 - Current percentage: 6.39% - Max: 11.84% - Min: 0.00% - Market Cap 9132 - Trading time: 00:00:02
08-09-2025 15:01:19.302 INFO Current price: 0.000000041266 - Current percentage: 0.52% - Max: 11.84% - Min: 0.00% - Market Cap 8628 - Trading time: 00:00:03
08-09-2025 15:01:29.983 INFO Current price: 0.000000040008 - Current percentage: 0.00% - Max: 11.84% - Min: 0.00% - Market Cap 8583 - Trading time: 00:00:14
08-09-2025 15:01:30.651 INFO Current price: 0.000000040161 - Current percentage: 0.27% - Max: 11.84% - Min: 0.00% - Market Cap 8607 - Trading time: 00:00:15
08-09-2025 15:01:39.940 INFO Current price: 0.000000040227 - Current percentage: 0.33% - Max: 11.84% - Min: 0.00% - Market Cap 8612 - Trading time: 00:00:24
08-09-2025 15:01:50.429 INFO Current price: 0.000000038504 - Current percentage: -7.20% - Max: 11.84% - Min: -7.20% - Market Cap 7965 - Trading time: 00:00:34
08-09-2025 15:01:50.430 INFO Current price: 0.000000035489 - Current percentage: -14.77% - Max: 11.84% - Min: -14.77% - Market Cap 7316 - Trading time: 00:00:34
08-09-2025 15:01:50.430 INFO Current price: 0.000000032975 - Current percentage: -19.88% - Max: 11.84% - Min: -19.88% - Market Cap 6877 - Trading time: 00:00:34
08-09-2025 15:01:50.525 INFO Current price: 0.000000031107 - Current percentage: -24.15% - Max: 11.84% - Min: -24.15% - Market Cap 6510 - Trading time: 00:00:35
08-09-2025 15:01:50.527 INFO Current price: 0.000000029157 - Current percentage: -29.61% - Max: 11.84% - Min: -29.61% - Market Cap 6042 - Trading time: 00:00:35
08-09-2025 15:01:59.944 INFO Current price: 0.000000027934 - Current percentage: -30.08% - Max: 11.84% - Min: -30.08% - Market Cap 6002 - Trading time: 00:00:44
08-09-2025 15:02:09.496 INFO Current price: 0.000000027896 - Current percentage: -30.11% - Max: 11.84% - Min: -30.11% - Market Cap 5999 - Trading time: 00:00:54
08-09-2025 15:02:11.375 INFO Current price: 0.000000029506 - Current percentage: -22.56% - Max: 11.84% - Min: -30.11% - Market Cap 6647 - Trading time: 00:00:55
08-09-2025 15:02:11.382 INFO Current price: 0.000000032643 - Current percentage: -14.46% - Max: 11.84% - Min: -30.11% - Market Cap 7342 - Trading time: 00:00:55
08-09-2025 15:02:11.382 INFO Current price: 0.000000036059 - Current percentage: -5.50% - Max: 11.84% - Min: -30.11% - Market Cap 8112 - Trading time: 00:00:55
08-09-2025 15:02:11.422 INFO Current price: 0.000000038021 - Current percentage: -4.91% - Max: 11.84% - Min: -30.11% - Market Cap 8162 - Trading time: 00:00:55
08-09-2025 15:02:24.438 INFO Current price: 0.000000040091 - Current percentage: 5.08% - Max: 11.84% - Min: -30.11% - Market Cap 9019 - Trading time: 00:01:08
08-09-2025 15:02:24.440 INFO Current price: 0.000000044568 - Current percentage: 17.52% - Max: 17.52% - Min: -30.11% - Market Cap 10087 - Trading time: 00:01:08
08-09-2025 15:02:34.913 INFO Current price: 0.000000048324 - Current percentage: 23.53% - Max: 23.53% - Min: -30.11% - Market Cap 10603 - Trading time: 00:01:19
08-09-2025 15:02:50.764 INFO Current price: 0.000000049665 - Current percentage: 24.14% - Max: 24.14% - Min: -30.11% - Market Cap 10655 - Trading time: 00:01:35
08-09-2025 15:02:55.137 INFO Current price: 0.000000049459 - Current percentage: 23.38% - Max: 24.14% - Min: -30.11% - Market Cap 10590 - Trading time: 00:01:39
08-09-2025 15:03:20.420 INFO Current price: 0.000000049493 - Current percentage: 23.42% - Max: 24.14% - Min: -30.11% - Market Cap 10594 - Trading time: 00:02:04
08-09-2025 15:03:48.800 INFO Current price: 0.000000048537 - Current percentage: 19.53% - Max: 24.14% - Min: -30.11% - Market Cap 10260 - Trading time: 00:02:33
08-09-2025 15:03:48.802 INFO Current price: 0.000000046782 - Current percentage: 14.98% - Max: 24.14% - Min: -30.11% - Market Cap 9869 - Trading time: 00:02:33
08-09-2025 15:03:48.802 INFO Current price: 0.000000045082 - Current percentage: 11.01% - Max: 24.14% - Min: -30.11% - Market Cap 9528 - Trading time: 00:02:33
08-09-2025 15:03:52.446 INFO Current price: 0.000000042643 - Current percentage: 2.87% - Max: 24.14% - Min: -30.11% - Market Cap 8830 - Trading time: 00:02:36
08-09-2025 15:04:13.844 INFO Current price: 0.000000040960 - Current percentage: 2.42% - Max: 24.14% - Min: -30.11% - Market Cap 8791 - Trading time: 00:02:58






08-09-2025 15:14:13.845 INFO {"type":"summary","reason":"inactivity","startedAt":"2025-09-08T13:01:15.450Z","endedAt":"2025-09-08T13:14:13.845Z","durationSec":778,"entryPrice":4.6353350314963084e-8,"entryMarketCapSol":40.00319607916151,"entryMarketCapUsd":8583.485782705686,"minPct":-30.111436429680687,"maxPct":24.1359928863505,"buyCount":15,"sellCount":16,"tradeCount":31,"entryRecorded":true,"noPostThresholdTrades":false,"triggerAt":"2025-09-08T13:01:15.449Z","ageAtTriggerSec":6,"preTotalTrades":10,"preBuys":8,"preSells":2,"preUniqueTraders":8,"preEntryTotalTrades":12,"preEntryBuys":10,"preEntrySells":2,"preEntryUniqueTraders":10,"preEntryMinMcUsd":8020.265413683731,"preEntryMaxMcUsd":11613.344556589087,"thresholdMcSol":40.00319607916151,"thresholdMcUsd":8583.485782705686,"thresholdPrice":4.6353350314963084e-8}
