08-09-2025 02:43:41.662 INFO Entry price: 0.000000072329609501 - Entry market cap: 13925 - Buys 27 - Sells 3 - Ratio: 1:0.11 - Min MarketCap: 8828 - Max MarketCap: 16029
08-09-2025 02:43:41.662 INFO Current price: 0.000000072330 - Current percentage: 0.00% - Max: 0.00% - Min: 0.00% - Market Cap 13925 - Trading time: 00:00:02
08-09-2025 02:43:41.690 INFO Current price: 0.000000070769 - Current percentage: 5.83% - Max: 5.83% - Min: 0.00% - Market Cap 14737 - Trading time: 00:00:02
08-09-2025 02:43:44.208 INFO Current price: 0.000000068214 - Current percentage: -3.26% - Max: 5.83% - Min: -3.26% - Market Cap 13471 - Trading time: 00:00:04
08-09-2025 02:43:45.204 INFO Current price: 0.000000065914 - Current percentage: -1.18% - Max: 5.83% - Min: -3.26% - Market Cap 13760 - Trading time: 00:00:05
08-09-2025 02:43:45.545 INFO Current price: 0.000000063741 - Current percentage: -9.53% - Max: 5.83% - Min: -9.53% - Market Cap 12598 - Trading time: 00:00:05
08-09-2025 02:43:47.420 INFO Current price: 0.000000059228 - Current percentage: -14.68% - Max: 5.83% - Min: -14.68% - Market Cap 11881 - Trading time: 00:00:07
08-09-2025 02:43:47.573 INFO Current price: 0.000000057556 - Current percentage: -14.68% - Max: 5.83% - Min: -14.68% - Market Cap 11881 - Trading time: 00:00:07
08-09-2025 02:43:47.625 INFO Current price: 0.000000057129 - Current percentage: -15.83% - Max: 5.83% - Min: -15.83% - Market Cap 11721 - Trading time: 00:00:07
08-09-2025 02:43:48.624 INFO Current price: 0.000000053731 - Current percentage: -24.53% - Max: 5.83% - Min: -24.53% - Market Cap 10510 - Trading time: 00:00:08
08-09-2025 02:43:48.786 INFO Current price: 0.000000050904 - Current percentage: -24.46% - Max: 5.83% - Min: -24.53% - Market Cap 10520 - Trading time: 00:00:09
08-09-2025 02:43:51.264 INFO Current price: 0.000000051904 - Current percentage: -21.53% - Max: 5.83% - Min: -24.53% - Market Cap 10927 - Trading time: 00:00:11
08-09-2025 02:43:51.681 INFO Current price: 0.000000052400 - Current percentage: -23.01% - Max: 5.83% - Min: -24.53% - Market Cap 10722 - Trading time: 00:00:12
08-09-2025 02:43:52.490 INFO Current price: 0.000000052994 - Current percentage: -19.75% - Max: 5.83% - Min: -24.53% - Market Cap 11176 - Trading time: 00:00:12
08-09-2025 02:43:52.627 INFO Current price: 0.000000054059 - Current percentage: -19.88% - Max: 5.83% - Min: -24.53% - Market Cap 11157 - Trading time: 00:00:12
08-09-2025 02:43:53.820 INFO Current price: 0.000000054391 - Current percentage: -18.76% - Max: 5.83% - Min: -24.53% - Market Cap 11313 - Trading time: 00:00:14
08-09-2025 02:43:54.561 INFO Current price: 0.000000057297 - Current percentage: -11.09% - Max: 5.83% - Min: -24.53% - Market Cap 12381 - Trading time: 00:00:14
08-09-2025 02:43:56.501 INFO Current price: 0.000000061792 - Current percentage: -5.51% - Max: 5.83% - Min: -24.53% - Market Cap 13158 - Trading time: 00:00:16
08-09-2025 02:43:57.552 INFO Current price: 0.000000063840 - Current percentage: -5.10% - Max: 5.83% - Min: -24.53% - Market Cap 13215 - Trading time: 00:00:17
08-09-2025 02:43:58.050 INFO Current price: 0.000000064686 - Current percentage: -2.99% - Max: 5.83% - Min: -24.53% - Market Cap 13509 - Trading time: 00:00:18
08-09-2025 02:43:59.670 INFO Current price: 0.000000070092 - Current percentage: 11.43% - Max: 11.43% - Min: -24.53% - Market Cap 15517 - Trading time: 00:00:20
08-09-2025 02:44:01.008 INFO Current price: 0.000000072498 - Current percentage: 3.79% - Max: 11.43% - Min: -24.53% - Market Cap 14453 - Trading time: 00:00:21
08-09-2025 02:44:01.967 INFO Current price: 0.000000068195 - Current percentage: -1.41% - Max: 11.43% - Min: -24.53% - Market Cap 13729 - Trading time: 00:00:22
08-09-2025 02:44:02.771 INFO Current price: 0.000000067860 - Current percentage: 2.77% - Max: 11.43% - Min: -24.53% - Market Cap 14311 - Trading time: 00:00:23
08-09-2025 02:44:04.110 INFO Current price: 0.000000071968 - Current percentage: 10.89% - Max: 11.43% - Min: -24.53% - Market Cap 15442 - Trading time: 00:00:24
08-09-2025 02:44:05.600 INFO Current price: 0.000000074833 - Current percentage: 11.11% - Max: 11.43% - Min: -24.53% - Market Cap 15473 - Trading time: 00:00:25
08-09-2025 02:44:06.668 INFO Current price: 0.000000077951 - Current percentage: 20.23% - Max: 20.23% - Min: -24.53% - Market Cap 16743 - Trading time: 00:00:27
08-09-2025 02:44:08.618 INFO Current price: 0.000000080892 - Current percentage: 19.75% - Max: 20.23% - Min: -24.53% - Market Cap 16676 - Trading time: 00:00:28
08-09-2025 02:44:08.757 INFO Current price: 0.000000081954 - Current percentage: 23.41% - Max: 23.41% - Min: -24.53% - Market Cap 17185 - Trading time: 00:00:29
08-09-2025 02:44:09.455 INFO Current price: 0.000000082809 - Current percentage: 22.26% - Max: 23.41% - Min: -24.53% - Market Cap 17025 - Trading time: 00:00:29
08-09-2025 02:44:09.460 INFO Current price: 0.000000051313 - Current percentage: -52.62% - Max: 23.41% - Min: -52.62% - Market Cap 6599 - Trading time: 00:00:29
08-09-2025 02:44:09.835 INFO Current price: 0.000000032173 - Current percentage: -51.94% - Max: 23.41% - Min: -52.62% - Market Cap 6693 - Trading time: 00:00:30
08-09-2025 02:44:13.120 INFO Current price: 0.000000032100 - Current percentage: -52.83% - Max: 23.41% - Min: -52.83% - Market Cap 6568 - Trading time: 00:00:33
08-09-2025 02:44:13.882 INFO Current price: 0.000000031707 - Current percentage: -53.10% - Max: 23.41% - Min: -53.10% - Market Cap 6531 - Trading time: 00:00:34
08-09-2025 02:44:14.133 INFO Current price: 0.000000031569 - Current percentage: -53.24% - Max: 23.41% - Min: -53.24% - Market Cap 6511 - Trading time: 00:00:34
08-09-2025 02:44:14.248 INFO Current price: 0.000000031282 - Current percentage: -53.95% - Max: 23.41% - Min: -53.95% - Market Cap 6412 - Trading time: 00:00:34
08-09-2025 02:44:14.505 INFO Current price: 0.000000031023 - Current percentage: -54.01% - Max: 23.41% - Min: -54.01% - Market Cap 6404 - Trading time: 00:00:34
08-09-2025 02:44:14.591 INFO Current price: 0.000000030957 - Current percentage: -54.15% - Max: 23.41% - Min: -54.15% - Market Cap 6385 - Trading time: 00:00:34
08-09-2025 02:44:15.669 INFO Current price: 0.000000030695 - Current percentage: -54.78% - Max: 23.41% - Min: -54.78% - Market Cap 6296 - Trading time: 00:00:36
08-09-2025 02:44:24.048 INFO Current price: 0.000000029756 - Current percentage: -56.91% - Max: 23.41% - Min: -56.91% - Market Cap 6000 - Trading time: 00:00:44
08-09-2025 02:44:25.198 INFO Current price: 0.000000028952 - Current percentage: -57.19% - Max: 23.41% - Min: -57.19% - Market Cap 5961 - Trading time: 00:00:45
08-09-2025 02:44:52.295 INFO Current price: 0.000000028734 - Current percentage: -57.56% - Max: 23.41% - Min: -57.56% - Market Cap 5910 - Trading time: 00:01:12
08-09-2025 02:49:42.809 INFO Current price: 0.000000028579 - Current percentage: -57.65% - Max: 23.41% - Min: -57.65% - Market Cap 5897 - Trading time: 00:06:03
08-09-2025 02:49:43.237 INFO Current price: 0.000000028736 - Current percentage: -57.09% - Max: 23.41% - Min: -57.65% - Market Cap 5975 - Trading time: 00:06:03
08-09-2025 02:49:49.947 INFO Current price: 0.000000028901 - Current percentage: -57.17% - Max: 23.41% - Min: -57.65% - Market Cap 5965 - Trading time: 00:06:10
08-09-2025 02:49:54.806 INFO Current price: 0.000000028844 - Current percentage: -57.26% - Max: 23.41% - Min: -57.65% - Market Cap 5951 - Trading time: 00:06:15
08-09-2025 02:50:23.867 INFO Current price: 0.000000028624 - Current percentage: -57.82% - Max: 23.41% - Min: -57.82% - Market Cap 5874 - Trading time: 00:06:44






08-09-2025 03:00:23.873 INFO {"type":"summary","reason":"inactivity","startedAt":"2025-09-08T00:43:39.661Z","endedAt":"2025-09-08T01:00:23.873Z","durationSec":1004,"entryPrice":7.232960950073226e-8,"entryMarketCapSol":67.41584429961661,"entryMarketCapUsd":13925.416798528808,"minPct":-57.81937715277707,"maxPct":23.40672569167184,"buyCount":19,"sellCount":28,"tradeCount":47,"entryRecorded":true,"noPostThresholdTrades":false,"triggerAt":"2025-09-08T00:43:39.660Z","ageAtTriggerSec":16,"preTotalTrades":28,"preBuys":26,"preSells":2,"preUniqueTraders":27,"preEntryTotalTrades":30,"preEntryBuys":27,"preEntrySells":3,"preEntryUniqueTraders":28,"preEntryMinMcUsd":8827.880039158794,"preEntryMaxMcUsd":16029.371260335896,"thresholdMcSol":67.41584429961661,"thresholdMcUsd":13925.416798528808,"thresholdPrice":7.232960950073226e-8}
