08-09-2025 02:03:51.090 INFO Entry price: 0.000000035816490140 - Entry market cap: 6891 - Buys 16 - Sells 11 - Ratio: 1:0.69 - Min MarketCap: 6655 - Max MarketCap: 7939
08-09-2025 02:03:51.090 INFO Current price: 0.000000035816 - Current percentage: 0.00% - Max: 0.00% - Min: 0.00% - Market Cap 6891 - Trading time: 00:00:02
08-09-2025 02:03:51.668 INFO Current price: 0.000000033364 - Current percentage: -0.02% - Max: 0.00% - Min: -0.02% - Market Cap 6890 - Trading time: 00:00:02
08-09-2025 02:03:51.670 INFO Current price: 0.000000033360 - Current percentage: -0.04% - Max: 0.00% - Min: -0.04% - Market Cap 6889 - Trading time: 00:00:02
08-09-2025 02:03:51.672 INFO Current price: 0.000000033357 - Current percentage: -0.04% - Max: 0.00% - Min: -0.04% - Market Cap 6888 - Trading time: 00:00:02
08-09-2025 02:03:51.676 INFO Current price: 0.000000033354 - Current percentage: -0.06% - Max: 0.00% - Min: -0.06% - Market Cap 6887 - Trading time: 00:00:02
08-09-2025 02:03:51.959 INFO Current price: 0.000000033350 - Current percentage: -0.06% - Max: 0.00% - Min: -0.06% - Market Cap 6887 - Trading time: 00:00:02
08-09-2025 02:03:52.083 INFO Current price: 0.000000033347 - Current percentage: -0.08% - Max: 0.00% - Min: -0.08% - Market Cap 6886 - Trading time: 00:00:02
08-09-2025 02:03:52.287 INFO Current price: 0.000000033341 - Current percentage: -0.10% - Max: 0.00% - Min: -0.10% - Market Cap 6885 - Trading time: 00:00:03
08-09-2025 02:03:52.289 INFO Current price: 0.000000033339 - Current percentage: -0.10% - Max: 0.00% - Min: -0.10% - Market Cap 6885 - Trading time: 00:00:03
08-09-2025 02:03:52.793 INFO Current price: 0.000000033348 - Current percentage: -0.04% - Max: 0.00% - Min: -0.10% - Market Cap 6889 - Trading time: 00:00:03
08-09-2025 02:03:53.393 INFO Current price: 0.000000033358 - Current percentage: -0.04% - Max: 0.00% - Min: -0.10% - Market Cap 6889 - Trading time: 00:00:04
08-09-2025 02:03:53.827 INFO Current price: 0.000000033355 - Current percentage: -0.06% - Max: 0.00% - Min: -0.10% - Market Cap 6887 - Trading time: 00:00:04
08-09-2025 02:03:54.925 INFO Current price: 0.000000034354 - Current percentage: 6.04% - Max: 6.04% - Min: -0.10% - Market Cap 7308 - Trading time: 00:00:05
08-09-2025 02:03:54.936 INFO Current price: 0.000000036404 - Current percentage: 12.23% - Max: 12.23% - Min: -0.10% - Market Cap 7734 - Trading time: 00:00:05
08-09-2025 02:03:55.176 INFO Current price: 0.000000037473 - Current percentage: 12.35% - Max: 12.35% - Min: -0.10% - Market Cap 7743 - Trading time: 00:00:06
08-09-2025 02:03:56.330 INFO Current price: 0.000000037490 - Current percentage: 12.34% - Max: 12.35% - Min: -0.10% - Market Cap 7741 - Trading time: 00:00:07
08-09-2025 02:03:56.331 INFO Current price: 0.000000037483 - Current percentage: 12.31% - Max: 12.35% - Min: -0.10% - Market Cap 7740 - Trading time: 00:00:07
08-09-2025 02:03:56.332 INFO Current price: 0.000000037479 - Current percentage: 12.31% - Max: 12.35% - Min: -0.10% - Market Cap 7740 - Trading time: 00:00:07
08-09-2025 02:03:56.343 INFO Current price: 0.000000037475 - Current percentage: 12.29% - Max: 12.35% - Min: -0.10% - Market Cap 7738 - Trading time: 00:00:07
08-09-2025 02:03:56.893 INFO Current price: 0.000000037471 - Current percentage: 12.28% - Max: 12.35% - Min: -0.10% - Market Cap 7738 - Trading time: 00:00:07
08-09-2025 02:03:56.894 INFO Current price: 0.000000037470 - Current percentage: 12.28% - Max: 12.35% - Min: -0.10% - Market Cap 7738 - Trading time: 00:00:07
08-09-2025 02:03:56.896 INFO Current price: 0.000000037470 - Current percentage: 12.28% - Max: 12.35% - Min: -0.10% - Market Cap 7738 - Trading time: 00:00:07
08-09-2025 02:03:56.953 INFO Current price: 0.000000037469 - Current percentage: 12.28% - Max: 12.35% - Min: -0.10% - Market Cap 7738 - Trading time: 00:00:07
08-09-2025 02:03:56.968 INFO Current price: 0.000000037465 - Current percentage: 12.26% - Max: 12.35% - Min: -0.10% - Market Cap 7736 - Trading time: 00:00:07
08-09-2025 02:03:58.554 INFO Current price: 0.000000037458 - Current percentage: 12.24% - Max: 12.35% - Min: -0.10% - Market Cap 7735 - Trading time: 00:00:09
08-09-2025 02:04:00.350 INFO Current price: 0.000000037378 - Current percentage: 11.78% - Max: 12.35% - Min: -0.10% - Market Cap 7703 - Trading time: 00:00:11
08-09-2025 02:04:00.373 INFO Current price: 0.000000037211 - Current percentage: 11.23% - Max: 12.35% - Min: -0.10% - Market Cap 7666 - Trading time: 00:00:11
08-09-2025 02:04:00.834 INFO Current price: 0.000000037045 - Current percentage: 10.78% - Max: 12.35% - Min: -0.10% - Market Cap 7635 - Trading time: 00:00:11
08-09-2025 02:04:00.835 INFO Current price: 0.000000036880 - Current percentage: 10.25% - Max: 12.35% - Min: -0.10% - Market Cap 7597 - Trading time: 00:00:11
08-09-2025 02:04:01.880 INFO Current price: 0.000000036790 - Current percentage: 10.24% - Max: 12.35% - Min: -0.10% - Market Cap 7597 - Trading time: 00:00:12
08-09-2025 02:04:02.870 INFO Current price: 0.000000036778 - Current percentage: 10.18% - Max: 12.35% - Min: -0.10% - Market Cap 7593 - Trading time: 00:00:13
08-09-2025 02:04:08.698 INFO Current price: 0.000000036798 - Current percentage: 10.37% - Max: 12.35% - Min: -0.10% - Market Cap 7606 - Trading time: 00:00:19
08-09-2025 02:04:10.682 INFO Current price: 0.000000035809 - Current percentage: 4.33% - Max: 12.35% - Min: -0.10% - Market Cap 7190 - Trading time: 00:00:21
08-09-2025 02:04:10.683 INFO Current price: 0.000000033808 - Current percentage: -1.62% - Max: 12.35% - Min: -1.62% - Market Cap 6780 - Trading time: 00:00:21
08-09-2025 02:04:14.120 INFO Current price: 0.000000031523 - Current percentage: -9.29% - Max: 12.35% - Min: -9.29% - Market Cap 6251 - Trading time: 00:00:25
08-09-2025 02:04:14.151 INFO Current price: 0.000000029303 - Current percentage: -14.99% - Max: 12.35% - Min: -14.99% - Market Cap 5858 - Trading time: 00:00:25
08-09-2025 02:04:14.496 INFO Current price: 0.000000028353 - Current percentage: -15.08% - Max: 12.35% - Min: -15.08% - Market Cap 5852 - Trading time: 00:00:25
08-09-2025 02:04:15.506 INFO Current price: 0.000000028339 - Current percentage: -15.08% - Max: 12.35% - Min: -15.08% - Market Cap 5852 - Trading time: 00:00:26
08-09-2025 02:04:23.633 INFO Current price: 0.000000028317 - Current percentage: -15.21% - Max: 12.35% - Min: -15.21% - Market Cap 5843 - Trading time: 00:00:34






08-09-2025 02:14:23.638 INFO {"type":"summary","reason":"inactivity","startedAt":"2025-09-08T00:03:49.088Z","endedAt":"2025-09-08T00:14:23.638Z","durationSec":634,"entryPrice":3.581649013979497e-8,"entryMarketCapSol":33.370886089540164,"entryMarketCapUsd":6891.421686350939,"minPct":-15.20840263251239,"maxPct":12.354618453023598,"buyCount":5,"sellCount":34,"tradeCount":39,"entryRecorded":true,"noPostThresholdTrades":false,"triggerAt":"2025-09-08T00:03:49.087Z","ageAtTriggerSec":8,"preTotalTrades":26,"preBuys":16,"preSells":10,"preUniqueTraders":16,"preEntryTotalTrades":27,"preEntryBuys":16,"preEntrySells":11,"preEntryUniqueTraders":16,"preEntryMinMcUsd":6655.0640764957925,"preEntryMaxMcUsd":7938.558728825143,"thresholdMcSol":33.370886089540164,"thresholdMcUsd":6891.421686350939,"thresholdPrice":3.581649013979497e-8}
