08-09-2025 14:16:36.105 INFO Entry price: 0.000000053150422582 - Entry market cap: 10705 - Buys 35 - Sells 14 - Ratio: 1:0.40 - Min MarketCap: 8172 - Max MarketCap: 12135
08-09-2025 14:16:36.105 INFO Current price: 0.000000053150 - Current percentage: 0.00% - Max: 0.00% - Min: 0.00% - Market Cap 10705 - Trading time: 00:00:02
08-09-2025 14:16:36.362 INFO Current price: 0.000000040764 - Current percentage: -20.27% - Max: 0.00% - Min: -20.27% - Market Cap 8536 - Trading time: 00:00:02
08-09-2025 14:16:36.816 INFO Current price: 0.000000038941 - Current percentage: -23.69% - Max: 0.00% - Min: -23.69% - Market Cap 8169 - Trading time: 00:00:02
08-09-2025 14:16:37.037 INFO Current price: 0.000000038268 - Current percentage: -23.00% - Max: 0.00% - Min: -23.69% - Market Cap 8243 - Trading time: 00:00:02
08-09-2025 14:16:37.068 INFO Current price: 0.000000038452 - Current percentage: -23.00% - Max: 0.00% - Min: -23.69% - Market Cap 8243 - Trading time: 00:00:02
08-09-2025 14:16:37.261 INFO Current price: 0.000000038473 - Current percentage: -22.87% - Max: 0.00% - Min: -23.69% - Market Cap 8257 - Trading time: 00:00:03
08-09-2025 14:16:37.288 INFO Current price: 0.000000038504 - Current percentage: -22.87% - Max: 0.00% - Min: -23.69% - Market Cap 8257 - Trading time: 00:00:03
08-09-2025 14:16:37.479 INFO Current price: 0.000000038719 - Current percentage: -22.01% - Max: 0.00% - Min: -23.69% - Market Cap 8350 - Trading time: 00:00:03
08-09-2025 14:16:37.787 INFO Current price: 0.000000039154 - Current percentage: -21.13% - Max: 0.00% - Min: -23.69% - Market Cap 8443 - Trading time: 00:00:03
08-09-2025 14:16:37.791 INFO Current price: 0.000000039593 - Current percentage: -20.24% - Max: 0.00% - Min: -23.69% - Market Cap 8538 - Trading time: 00:00:03
08-09-2025 14:16:37.971 INFO Current price: 0.000000040035 - Current percentage: -19.36% - Max: 0.00% - Min: -23.69% - Market Cap 8633 - Trading time: 00:00:03
08-09-2025 14:16:38.139 INFO Current price: 0.000000040256 - Current percentage: -19.36% - Max: 0.00% - Min: -23.69% - Market Cap 8633 - Trading time: 00:00:04
08-09-2025 14:16:38.207 INFO Current price: 0.000000040255 - Current percentage: -19.37% - Max: 0.00% - Min: -23.69% - Market Cap 8632 - Trading time: 00:00:04
08-09-2025 14:16:38.480 INFO Current price: 0.000000040814 - Current percentage: -17.11% - Max: 0.00% - Min: -23.69% - Market Cap 8874 - Trading time: 00:00:04
08-09-2025 14:16:39.104 INFO Current price: 0.000000041509 - Current percentage: -16.60% - Max: 0.00% - Min: -23.69% - Market Cap 8929 - Trading time: 00:00:04
08-09-2025 14:16:40.939 INFO Current price: 0.000000041636 - Current percentage: -16.60% - Max: 0.00% - Min: -23.69% - Market Cap 8928 - Trading time: 00:00:06
08-09-2025 14:16:42.989 INFO Current price: 0.000000042198 - Current percentage: -14.33% - Max: 0.00% - Min: -23.69% - Market Cap 9171 - Trading time: 00:00:08
08-09-2025 14:16:43.860 INFO Current price: 0.000000043037 - Current percentage: -13.25% - Max: 0.00% - Min: -23.69% - Market Cap 9286 - Trading time: 00:00:09
08-09-2025 14:16:44.273 INFO Current price: 0.000000043534 - Current percentage: -12.79% - Max: 0.00% - Min: -23.69% - Market Cap 9336 - Trading time: 00:00:10
08-09-2025 14:16:44.603 INFO Current price: 0.000000043227 - Current percentage: -14.02% - Max: 0.00% - Min: -23.69% - Market Cap 9204 - Trading time: 00:00:10
08-09-2025 14:16:45.378 INFO Current price: 0.000000044052 - Current percentage: -9.43% - Max: 0.00% - Min: -23.69% - Market Cap 9696 - Trading time: 00:00:11
08-09-2025 14:16:45.694 INFO Current price: 0.000000045213 - Current percentage: -9.43% - Max: 0.00% - Min: -23.69% - Market Cap 9695 - Trading time: 00:00:11
08-09-2025 14:16:46.364 INFO Current price: 0.000000046374 - Current percentage: -4.72% - Max: 0.00% - Min: -23.69% - Market Cap 10200 - Trading time: 00:00:12
08-09-2025 14:16:46.625 INFO Current price: 0.000000047389 - Current percentage: -5.43% - Max: 0.00% - Min: -23.69% - Market Cap 10124 - Trading time: 00:00:12
08-09-2025 14:16:46.927 INFO Current price: 0.000000047214 - Current percentage: -5.42% - Max: 0.00% - Min: -23.69% - Market Cap 10125 - Trading time: 00:00:12
08-09-2025 14:16:47.019 INFO Current price: 0.000000047520 - Current percentage: -4.20% - Max: 0.00% - Min: -23.69% - Market Cap 10256 - Trading time: 00:00:12
08-09-2025 14:16:47.540 INFO Current price: 0.000000049021 - Current percentage: 0.65% - Max: 0.65% - Min: -23.69% - Market Cap 10775 - Trading time: 00:00:13
08-09-2025 14:16:47.677 INFO Current price: 0.000000050895 - Current percentage: 3.27% - Max: 3.27% - Min: -23.69% - Market Cap 11055 - Trading time: 00:00:13
08-09-2025 14:16:47.687 INFO Current price: 0.000000051226 - Current percentage: 1.96% - Max: 3.27% - Min: -23.69% - Market Cap 10915 - Trading time: 00:00:13
08-09-2025 14:16:48.052 INFO Current price: 0.000000050728 - Current percentage: 1.27% - Max: 3.27% - Min: -23.69% - Market Cap 10841 - Trading time: 00:00:13
08-09-2025 14:16:49.182 INFO Current price: 0.000000051168 - Current percentage: 3.74% - Max: 3.74% - Min: -23.69% - Market Cap 11106 - Trading time: 00:00:15
08-09-2025 14:16:49.308 INFO Current price: 0.000000051595 - Current percentage: 2.96% - Max: 3.74% - Min: -23.69% - Market Cap 11023 - Trading time: 00:00:15
08-09-2025 14:16:49.474 INFO Current price: 0.000000051076 - Current percentage: 1.66% - Max: 3.74% - Min: -23.69% - Market Cap 10883 - Trading time: 00:00:15
08-09-2025 14:16:49.676 INFO Current price: 0.000000050753 - Current percentage: 1.67% - Max: 3.74% - Min: -23.69% - Market Cap 10884 - Trading time: 00:00:15
08-09-2025 14:16:51.086 INFO Current price: 0.000000051069 - Current percentage: 2.93% - Max: 3.74% - Min: -23.69% - Market Cap 11019 - Trading time: 00:00:16
08-09-2025 14:16:51.999 INFO Current price: 0.000000052011 - Current percentage: 5.45% - Max: 5.45% - Min: -23.69% - Market Cap 11289 - Trading time: 00:00:17
08-09-2025 14:16:52.013 INFO Current price: 0.000000052252 - Current percentage: 3.89% - Max: 5.45% - Min: -23.69% - Market Cap 11122 - Trading time: 00:00:17
08-09-2025 14:16:52.568 INFO Current price: 0.000000051876 - Current percentage: 3.94% - Max: 5.45% - Min: -23.69% - Market Cap 11127 - Trading time: 00:00:18
08-09-2025 14:16:52.585 INFO Current price: 0.000000051890 - Current percentage: 3.94% - Max: 5.45% - Min: -23.69% - Market Cap 11127 - Trading time: 00:00:18
08-09-2025 14:16:52.848 INFO Current price: 0.000000051690 - Current percentage: 3.14% - Max: 5.45% - Min: -23.69% - Market Cap 11041 - Trading time: 00:00:18
08-09-2025 14:16:53.815 INFO Current price: 0.000000051551 - Current percentage: 3.39% - Max: 5.45% - Min: -23.69% - Market Cap 11068 - Trading time: 00:00:19
08-09-2025 14:16:54.106 INFO Current price: 0.000000052885 - Current percentage: 8.55% - Max: 8.55% - Min: -23.69% - Market Cap 11620 - Trading time: 00:00:20
08-09-2025 14:16:55.024 INFO Current price: 0.000000054336 - Current percentage: 9.14% - Max: 9.14% - Min: -23.69% - Market Cap 11683 - Trading time: 00:00:20
08-09-2025 14:16:55.034 INFO Current price: 0.000000054410 - Current percentage: 8.84% - Max: 9.14% - Min: -23.69% - Market Cap 11652 - Trading time: 00:00:20
08-09-2025 14:16:55.603 INFO Current price: 0.000000054465 - Current percentage: 9.36% - Max: 9.36% - Min: -23.69% - Market Cap 11707 - Trading time: 00:00:21
08-09-2025 14:16:56.463 INFO Current price: 0.000000054403 - Current percentage: 8.60% - Max: 9.36% - Min: -23.69% - Market Cap 11625 - Trading time: 00:00:22
08-09-2025 14:16:56.527 INFO Current price: 0.000000054851 - Current percentage: 11.17% - Max: 11.17% - Min: -23.69% - Market Cap 11901 - Trading time: 00:00:22
08-09-2025 14:16:56.714 INFO Current price: 0.000000055333 - Current percentage: 10.51% - Max: 11.17% - Min: -23.69% - Market Cap 11831 - Trading time: 00:00:22
08-09-2025 14:16:58.686 INFO Current price: 0.000000054790 - Current percentage: 9.00% - Max: 11.17% - Min: -23.69% - Market Cap 11668 - Trading time: 00:00:24
08-09-2025 14:16:59.101 INFO Current price: 0.000000054598 - Current percentage: 9.74% - Max: 11.17% - Min: -23.69% - Market Cap 11748 - Trading time: 00:00:24
08-09-2025 14:16:59.389 INFO Current price: 0.000000054636 - Current percentage: 9.14% - Max: 11.17% - Min: -23.69% - Market Cap 11684 - Trading time: 00:00:25
08-09-2025 14:17:00.959 INFO Current price: 0.000000055132 - Current percentage: 11.74% - Max: 11.74% - Min: -23.69% - Market Cap 11962 - Trading time: 00:00:26
08-09-2025 14:17:02.360 INFO Current price: 0.000000055043 - Current percentage: 8.79% - Max: 11.74% - Min: -23.69% - Market Cap 11647 - Trading time: 00:00:28
08-09-2025 14:17:02.361 INFO Current price: 0.000000053901 - Current percentage: 7.15% - Max: 11.74% - Min: -23.69% - Market Cap 11471 - Trading time: 00:00:28
08-09-2025 14:17:02.520 INFO Current price: 0.000000053519 - Current percentage: 7.26% - Max: 11.74% - Min: -23.69% - Market Cap 11482 - Trading time: 00:00:28
08-09-2025 14:17:02.535 INFO Current price: 0.000000053359 - Current percentage: 6.51% - Max: 11.74% - Min: -23.69% - Market Cap 11403 - Trading time: 00:00:28
08-09-2025 14:17:03.118 INFO Current price: 0.000000053394 - Current percentage: 7.40% - Max: 11.74% - Min: -23.69% - Market Cap 11497 - Trading time: 00:00:29
08-09-2025 14:17:04.423 INFO Current price: 0.000000053002 - Current percentage: 4.96% - Max: 11.74% - Min: -23.69% - Market Cap 11236 - Trading time: 00:00:30
08-09-2025 14:17:05.553 INFO Current price: 0.000000053028 - Current percentage: 7.30% - Max: 11.74% - Min: -23.69% - Market Cap 11487 - Trading time: 00:00:31
08-09-2025 14:17:06.336 INFO Current price: 0.000000054932 - Current percentage: 12.42% - Max: 12.42% - Min: -23.69% - Market Cap 12035 - Trading time: 00:00:32
08-09-2025 14:17:07.295 INFO Current price: 0.000000056506 - Current percentage: 13.54% - Max: 13.54% - Min: -23.69% - Market Cap 12155 - Trading time: 00:00:33
08-09-2025 14:17:07.798 INFO Current price: 0.000000056404 - Current percentage: 12.01% - Max: 13.54% - Min: -23.69% - Market Cap 11991 - Trading time: 00:00:33
08-09-2025 14:17:09.969 INFO Current price: 0.000000056677 - Current percentage: 14.64% - Max: 14.64% - Min: -23.69% - Market Cap 12273 - Trading time: 00:00:35
08-09-2025 14:17:09.971 INFO Current price: 0.000000057280 - Current percentage: 14.41% - Max: 14.64% - Min: -23.69% - Market Cap 12248 - Trading time: 00:00:35
08-09-2025 14:17:10.882 INFO Current price: 0.000000057248 - Current percentage: 14.51% - Max: 14.64% - Min: -23.69% - Market Cap 12259 - Trading time: 00:00:36
08-09-2025 14:17:10.993 INFO Current price: 0.000000056919 - Current percentage: 13.10% - Max: 14.64% - Min: -23.69% - Market Cap 12108 - Trading time: 00:00:36
08-09-2025 14:17:10.996 INFO Current price: 0.000000056816 - Current percentage: 14.10% - Max: 14.64% - Min: -23.69% - Market Cap 12215 - Trading time: 00:00:36
08-09-2025 14:17:12.923 INFO Current price: 0.000000056714 - Current percentage: 12.69% - Max: 14.64% - Min: -23.69% - Market Cap 12064 - Trading time: 00:00:38
08-09-2025 14:17:13.309 INFO Current price: 0.000000055720 - Current percentage: 10.13% - Max: 14.64% - Min: -23.69% - Market Cap 11790 - Trading time: 00:00:39
08-09-2025 14:17:14.142 INFO Current price: 0.000000055085 - Current percentage: 10.14% - Max: 14.64% - Min: -23.69% - Market Cap 11791 - Trading time: 00:00:40
08-09-2025 14:17:14.485 INFO Current price: 0.000000055734 - Current percentage: 12.74% - Max: 14.64% - Min: -23.69% - Market Cap 12069 - Trading time: 00:00:40
08-09-2025 14:17:14.899 INFO Current price: 0.000000056112 - Current percentage: 11.64% - Max: 14.64% - Min: -23.69% - Market Cap 11951 - Trading time: 00:00:40
08-09-2025 14:17:15.104 INFO Current price: 0.000000056022 - Current percentage: 12.38% - Max: 14.64% - Min: -23.69% - Market Cap 12031 - Trading time: 00:00:40
08-09-2025 14:17:16.068 INFO Current price: 0.000000056428 - Current percentage: 13.26% - Max: 14.64% - Min: -23.69% - Market Cap 12125 - Trading time: 00:00:41
08-09-2025 14:17:17.408 INFO Current price: 0.000000056859 - Current percentage: 14.11% - Max: 14.64% - Min: -23.69% - Market Cap 12215 - Trading time: 00:00:43
08-09-2025 14:17:18.897 INFO Current price: 0.000000057592 - Current percentage: 16.20% - Max: 16.20% - Min: -23.69% - Market Cap 12439 - Trading time: 00:00:44
08-09-2025 14:17:19.167 INFO Current price: 0.000000058420 - Current percentage: 17.41% - Max: 17.41% - Min: -23.69% - Market Cap 12569 - Trading time: 00:00:45
08-09-2025 14:17:20.745 INFO Current price: 0.000000058569 - Current percentage: 16.79% - Max: 17.41% - Min: -23.69% - Market Cap 12503 - Trading time: 00:00:46
08-09-2025 14:17:20.868 INFO Current price: 0.000000058426 - Current percentage: 16.84% - Max: 17.41% - Min: -23.69% - Market Cap 12508 - Trading time: 00:00:46
08-09-2025 14:17:21.858 INFO Current price: 0.000000058252 - Current percentage: 16.09% - Max: 17.41% - Min: -23.69% - Market Cap 12428 - Trading time: 00:00:47
08-09-2025 14:17:22.896 INFO Current price: 0.000000059382 - Current percentage: 21.42% - Max: 21.42% - Min: -23.69% - Market Cap 12998 - Trading time: 00:00:48
08-09-2025 14:17:22.898 INFO Current price: 0.000000060461 - Current percentage: 20.35% - Max: 21.42% - Min: -23.69% - Market Cap 12884 - Trading time: 00:00:48
08-09-2025 14:17:23.160 INFO Current price: 0.000000060357 - Current percentage: 21.00% - Max: 21.42% - Min: -23.69% - Market Cap 12953 - Trading time: 00:00:49
08-09-2025 14:17:23.562 INFO Current price: 0.000000060751 - Current percentage: 21.93% - Max: 21.93% - Min: -23.69% - Market Cap 13053 - Trading time: 00:00:49
08-09-2025 14:17:23.569 INFO Current price: 0.000000061675 - Current percentage: 24.71% - Max: 24.71% - Min: -23.69% - Market Cap 13350 - Trading time: 00:00:49
08-09-2025 14:17:23.578 INFO Current price: 0.000000063889 - Current percentage: 30.84% - Max: 30.84% - Min: -23.69% - Market Cap 14007 - Trading time: 00:00:49
08-09-2025 14:17:24.026 INFO Current price: 0.000000065275 - Current percentage: 30.18% - Max: 30.84% - Min: -23.69% - Market Cap 13936 - Trading time: 00:00:49
08-09-2025 14:17:24.452 INFO Current price: 0.000000064823 - Current percentage: 29.04% - Max: 30.84% - Min: -23.69% - Market Cap 13814 - Trading time: 00:00:50
08-09-2025 14:17:24.455 INFO Current price: 0.000000064537 - Current percentage: 29.03% - Max: 30.84% - Min: -23.69% - Market Cap 13813 - Trading time: 00:00:50
08-09-2025 14:17:24.498 INFO Current price: 0.000000064235 - Current percentage: 27.83% - Max: 30.84% - Min: -23.69% - Market Cap 13685 - Trading time: 00:00:50
08-09-2025 14:17:25.500 INFO Current price: 0.000000063936 - Current percentage: 27.83% - Max: 30.84% - Min: -23.69% - Market Cap 13685 - Trading time: 00:00:51
08-09-2025 14:17:27.125 INFO Current price: 0.000000064190 - Current percentage: 28.85% - Max: 30.84% - Min: -23.69% - Market Cap 13794 - Trading time: 00:00:53
08-09-2025 14:17:27.622 INFO Current price: 0.000000064695 - Current percentage: 29.85% - Max: 30.84% - Min: -23.69% - Market Cap 13901 - Trading time: 00:00:53
08-09-2025 14:17:27.963 INFO Current price: 0.000000063398 - Current percentage: 23.74% - Max: 30.84% - Min: -23.69% - Market Cap 13247 - Trading time: 00:00:53
08-09-2025 14:17:27.998 INFO Current price: 0.000000061890 - Current percentage: 23.74% - Max: 30.84% - Min: -23.69% - Market Cap 13247 - Trading time: 00:00:53
08-09-2025 14:17:28.340 INFO Current price: 0.000000061776 - Current percentage: 23.28% - Max: 30.84% - Min: -23.69% - Market Cap 13198 - Trading time: 00:00:54
08-09-2025 14:17:31.076 INFO Current price: 0.000000062065 - Current percentage: 24.90% - Max: 30.84% - Min: -23.69% - Market Cap 13371 - Trading time: 00:00:56
08-09-2025 14:17:32.256 INFO Current price: 0.000000062609 - Current percentage: 25.46% - Max: 30.84% - Min: -23.69% - Market Cap 13430 - Trading time: 00:00:58
08-09-2025 14:17:32.570 INFO Current price: 0.000000063441 - Current percentage: 28.25% - Max: 30.84% - Min: -23.69% - Market Cap 13729 - Trading time: 00:00:58
08-09-2025 14:17:35.140 INFO Current price: 0.000000064476 - Current percentage: 29.58% - Max: 30.84% - Min: -23.69% - Market Cap 13872 - Trading time: 00:01:01
08-09-2025 14:17:36.986 INFO Current price: 0.000000065514 - Current percentage: 32.41% - Max: 32.41% - Min: -23.69% - Market Cap 14175 - Trading time: 00:01:02
08-09-2025 14:17:37.358 INFO Current price: 0.000000066505 - Current percentage: 33.53% - Max: 33.53% - Min: -23.69% - Market Cap 14295 - Trading time: 00:01:03
08-09-2025 14:17:38.859 INFO Current price: 0.000000066401 - Current percentage: 32.00% - Max: 33.53% - Min: -23.69% - Market Cap 14131 - Trading time: 00:01:04
08-09-2025 14:17:41.919 INFO Current price: 0.000000066088 - Current percentage: 32.28% - Max: 33.53% - Min: -23.69% - Market Cap 14161 - Trading time: 00:01:07
08-09-2025 14:17:43.084 INFO Current price: 0.000000066394 - Current percentage: 33.22% - Max: 33.53% - Min: -23.69% - Market Cap 14261 - Trading time: 00:01:08
08-09-2025 14:17:44.250 INFO Current price: 0.000000065789 - Current percentage: 29.88% - Max: 33.53% - Min: -23.69% - Market Cap 13904 - Trading time: 00:01:10
08-09-2025 14:17:44.634 INFO Current price: 0.000000064244 - Current percentage: 27.03% - Max: 33.53% - Min: -23.69% - Market Cap 13599 - Trading time: 00:01:10
08-09-2025 14:17:47.176 INFO Current price: 0.000000063723 - Current percentage: 27.78% - Max: 33.53% - Min: -23.69% - Market Cap 13679 - Trading time: 00:01:13
08-09-2025 14:17:48.115 INFO Current price: 0.000000063698 - Current percentage: 26.94% - Max: 33.53% - Min: -23.69% - Market Cap 13589 - Trading time: 00:01:14
08-09-2025 14:17:48.790 INFO Current price: 0.000000061993 - Current percentage: 21.03% - Max: 33.53% - Min: -23.69% - Market Cap 12957 - Trading time: 00:01:14
08-09-2025 14:17:50.375 INFO Current price: 0.000000060532 - Current percentage: 21.02% - Max: 33.53% - Min: -23.69% - Market Cap 12956 - Trading time: 00:01:16
08-09-2025 14:17:50.519 INFO Current price: 0.000000060529 - Current percentage: 21.02% - Max: 33.53% - Min: -23.69% - Market Cap 12955 - Trading time: 00:01:16
08-09-2025 14:17:50.527 INFO Current price: 0.000000061206 - Current percentage: 23.75% - Max: 33.53% - Min: -23.69% - Market Cap 13247 - Trading time: 00:01:16
08-09-2025 14:17:51.115 INFO Current price: 0.000000062238 - Current percentage: 25.13% - Max: 33.53% - Min: -23.69% - Market Cap 13396 - Trading time: 00:01:17
08-09-2025 14:17:51.440 INFO Current price: 0.000000061885 - Current percentage: 22.34% - Max: 33.53% - Min: -23.69% - Market Cap 13097 - Trading time: 00:01:17
08-09-2025 14:17:52.013 INFO Current price: 0.000000060443 - Current percentage: 19.37% - Max: 33.53% - Min: -23.69% - Market Cap 12779 - Trading time: 00:01:17
08-09-2025 14:17:52.292 INFO Current price: 0.000000059838 - Current percentage: 19.91% - Max: 33.53% - Min: -23.69% - Market Cap 12837 - Trading time: 00:01:18
08-09-2025 14:17:52.457 INFO Current price: 0.000000060020 - Current percentage: 20.10% - Max: 33.53% - Min: -23.69% - Market Cap 12857 - Trading time: 00:01:18
08-09-2025 14:17:52.831 INFO Current price: 0.000000060074 - Current percentage: 20.12% - Max: 33.53% - Min: -23.69% - Market Cap 12859 - Trading time: 00:01:18
08-09-2025 14:17:54.616 INFO Current price: 0.000000059839 - Current percentage: 19.16% - Max: 33.53% - Min: -23.69% - Market Cap 12757 - Trading time: 00:01:20
08-09-2025 14:17:55.106 INFO Current price: 0.000000059851 - Current percentage: 20.17% - Max: 33.53% - Min: -23.69% - Market Cap 12865 - Trading time: 00:01:21
08-09-2025 14:17:55.487 INFO Current price: 0.000000059974 - Current percentage: 19.65% - Max: 33.53% - Min: -23.69% - Market Cap 12809 - Trading time: 00:01:21
08-09-2025 14:17:58.438 INFO Current price: 0.000000000000 - Current percentage: 19.65% - Max: 33.53% - Min: -23.69% - Market Cap 12809 - Trading time: 00:01:24
08-09-2025 14:17:58.439 INFO Current price: 0.000000059025 - Current percentage: 16.40% - Max: 33.53% - Min: -23.69% - Market Cap 12461 - Trading time: 00:01:24
08-09-2025 14:17:58.441 INFO Current price: 0.000000057640 - Current percentage: 14.10% - Max: 33.53% - Min: -23.69% - Market Cap 12215 - Trading time: 00:01:24
08-09-2025 14:17:58.443 INFO Current price: 0.000000056678 - Current percentage: 12.54% - Max: 33.53% - Min: -23.69% - Market Cap 12048 - Trading time: 00:01:24
08-09-2025 14:17:58.445 INFO Current price: 0.000000054681 - Current percentage: 6.20% - Max: 33.53% - Min: -23.69% - Market Cap 11369 - Trading time: 00:01:24
08-09-2025 14:17:58.446 INFO Current price: 0.000000052608 - Current percentage: 4.17% - Max: 33.53% - Min: -23.69% - Market Cap 11152 - Trading time: 00:01:24
08-09-2025 14:17:58.449 INFO Current price: 0.000000050738 - Current percentage: -1.21% - Max: 33.53% - Min: -23.69% - Market Cap 10576 - Trading time: 00:01:24
08-09-2025 14:17:58.450 INFO Current price: 0.000000048834 - Current percentage: -3.50% - Max: 33.53% - Min: -23.69% - Market Cap 10331 - Trading time: 00:01:24
08-09-2025 14:17:58.452 INFO Current price: 0.000000047967 - Current percentage: -4.69% - Max: 33.53% - Min: -23.69% - Market Cap 10204 - Trading time: 00:01:24
08-09-2025 14:17:58.454 INFO Current price: 0.000000047391 - Current percentage: -5.80% - Max: 33.53% - Min: -23.69% - Market Cap 10084 - Trading time: 00:01:24
08-09-2025 14:17:58.456 INFO Current price: 0.000000045963 - Current percentage: -10.34% - Max: 33.53% - Min: -23.69% - Market Cap 9598 - Trading time: 00:01:24
08-09-2025 14:17:58.457 INFO Current price: 0.000000044556 - Current percentage: -11.48% - Max: 33.53% - Min: -23.69% - Market Cap 9476 - Trading time: 00:01:24
08-09-2025 14:17:58.459 INFO Current price: 0.000000043320 - Current percentage: -15.25% - Max: 33.53% - Min: -23.69% - Market Cap 9073 - Trading time: 00:01:24
08-09-2025 14:17:58.461 INFO Current price: 0.000000041867 - Current percentage: -17.32% - Max: 33.53% - Min: -23.69% - Market Cap 8851 - Trading time: 00:01:24
08-09-2025 14:17:58.463 INFO Current price: 0.000000040864 - Current percentage: -19.26% - Max: 33.53% - Min: -23.69% - Market Cap 8643 - Trading time: 00:01:24
08-09-2025 14:17:58.530 INFO Current price: 0.000000039844 - Current percentage: -21.39% - Max: 33.53% - Min: -23.69% - Market Cap 8415 - Trading time: 00:01:24
08-09-2025 14:17:58.534 INFO Current price: 0.000000039102 - Current percentage: -22.24% - Max: 33.53% - Min: -23.69% - Market Cap 8324 - Trading time: 00:01:24
08-09-2025 14:17:58.535 INFO Current price: 0.000000038691 - Current percentage: -23.04% - Max: 33.53% - Min: -23.69% - Market Cap 8239 - Trading time: 00:01:24
08-09-2025 14:17:58.592 INFO Current price: 0.000000038207 - Current percentage: -24.18% - Max: 33.53% - Min: -24.18% - Market Cap 8117 - Trading time: 00:01:24
08-09-2025 14:17:58.613 INFO Current price: 0.000000037708 - Current percentage: -25.04% - Max: 33.53% - Min: -25.04% - Market Cap 8025 - Trading time: 00:01:24
08-09-2025 14:17:58.896 INFO Current price: 0.000000036702 - Current percentage: -28.17% - Max: 33.53% - Min: -28.17% - Market Cap 7690 - Trading time: 00:01:24
08-09-2025 14:17:58.960 INFO Current price: 0.000000035238 - Current percentage: -30.90% - Max: 33.53% - Min: -30.90% - Market Cap 7398 - Trading time: 00:01:24
08-09-2025 14:17:59.020 INFO Current price: 0.000000034321 - Current percentage: -31.86% - Max: 33.53% - Min: -31.86% - Market Cap 7295 - Trading time: 00:01:24
08-09-2025 14:17:59.121 INFO Current price: 0.000000033839 - Current percentage: -32.83% - Max: 33.53% - Min: -32.83% - Market Cap 7191 - Trading time: 00:01:25
08-09-2025 14:17:59.368 INFO Current price: 0.000000033372 - Current percentage: -33.73% - Max: 33.53% - Min: -33.73% - Market Cap 7095 - Trading time: 00:01:25
08-09-2025 14:17:59.370 INFO Current price: 0.000000032836 - Current percentage: -34.96% - Max: 33.53% - Min: -34.96% - Market Cap 6962 - Trading time: 00:01:25
08-09-2025 14:17:59.375 INFO Current price: 0.000000032217 - Current percentage: -36.20% - Max: 33.53% - Min: -36.20% - Market Cap 6830 - Trading time: 00:01:25
08-09-2025 14:17:59.376 INFO Current price: 0.000000031655 - Current percentage: -37.21% - Max: 33.53% - Min: -37.21% - Market Cap 6721 - Trading time: 00:01:25
08-09-2025 14:17:59.708 INFO Current price: 0.000000031402 - Current percentage: -37.22% - Max: 33.53% - Min: -37.22% - Market Cap 6721 - Trading time: 00:01:25
08-09-2025 14:17:59.788 INFO Current price: 0.000000031206 - Current percentage: -38.00% - Max: 33.53% - Min: -38.00% - Market Cap 6638 - Trading time: 00:01:25
08-09-2025 14:18:02.312 INFO Current price: 0.000000030957 - Current percentage: -38.22% - Max: 33.53% - Min: -38.22% - Market Cap 6614 - Trading time: 00:01:28
08-09-2025 14:18:02.742 INFO Current price: 0.000000030852 - Current percentage: -38.42% - Max: 33.53% - Min: -38.42% - Market Cap 6593 - Trading time: 00:01:28
08-09-2025 14:18:04.764 INFO Current price: 0.000000030791 - Current percentage: -38.46% - Max: 33.53% - Min: -38.46% - Market Cap 6588 - Trading time: 00:01:30
08-09-2025 14:18:05.451 INFO Current price: 0.000000030758 - Current percentage: -38.55% - Max: 33.53% - Min: -38.55% - Market Cap 6579 - Trading time: 00:01:31
08-09-2025 14:18:17.065 INFO Current price: 0.000000030175 - Current percentage: -40.77% - Max: 33.53% - Min: -40.77% - Market Cap 6341 - Trading time: 00:01:42
08-09-2025 14:18:18.187 INFO Current price: 0.000000029616 - Current percentage: -40.81% - Max: 33.53% - Min: -40.81% - Market Cap 6337 - Trading time: 00:01:44
08-09-2025 14:18:20.815 INFO Current price: 0.000000029585 - Current percentage: -40.89% - Max: 33.53% - Min: -40.89% - Market Cap 6328 - Trading time: 00:01:46
08-09-2025 14:18:40.381 INFO Current price: 0.000000029558 - Current percentage: -40.91% - Max: 33.53% - Min: -40.91% - Market Cap 6325 - Trading time: 00:02:06
08-09-2025 14:18:43.711 INFO Current price: 0.000000029238 - Current percentage: -42.17% - Max: 33.53% - Min: -42.17% - Market Cap 6191 - Trading time: 00:02:09
08-09-2025 14:18:58.079 INFO Current price: 0.000000028900 - Current percentage: -42.27% - Max: 33.53% - Min: -42.27% - Market Cap 6180 - Trading time: 00:02:23






08-09-2025 14:28:58.082 INFO {"type":"summary","reason":"inactivity","startedAt":"2025-09-08T12:16:34.105Z","endedAt":"2025-09-08T12:28:58.082Z","durationSec":743,"entryPrice":5.315042258154736e-8,"entryMarketCapSol":49.922152026917175,"entryMarketCapUsd":10705.30628065212,"minPct":-42.269665643599666,"maxPct":33.532659550166436,"buyCount":71,"sellCount":97,"tradeCount":168,"entryRecorded":true,"noPostThresholdTrades":false,"triggerAt":"2025-09-08T12:16:34.104Z","ageAtTriggerSec":6,"preTotalTrades":42,"preBuys":33,"preSells":9,"preUniqueTraders":31,"preEntryTotalTrades":49,"preEntryBuys":35,"preEntrySells":14,"preEntryUniqueTraders":35,"preEntryMinMcUsd":8172.293624615331,"preEntryMaxMcUsd":12134.613370816094,"thresholdMcSol":49.922152026917175,"thresholdMcUsd":10705.30628065212,"thresholdPrice":5.315042258154736e-8}
