06-09-2025 21:08:49.839 INFO Entry price: 0.000000030958361497 - Entry market cap: 5803 - Buys 20 - Sells 1 - Ratio: 1:0.05 - Min MarketCap: 6237 - Max MarketCap: 7228
06-09-2025 21:08:49.839 INFO Current price: 0.000000030958 - Current percentage: 0.00% - Max: 0.00% - Min: 0.00% - Market Cap 5803 - Trading time: 00:00:02
06-09-2025 21:08:50.715 INFO Current price: 0.000000036138 - Current percentage: 24.57% - Max: 24.57% - Min: 0.00% - Market Cap 7228 - Trading time: 00:00:02
06-09-2025 21:08:53.468 INFO Current price: 0.000000036190 - Current percentage: 24.93% - Max: 24.93% - Min: 0.00% - Market Cap 7249 - Trading time: 00:00:05
06-09-2025 21:08:54.190 INFO Current price: 0.000000035986 - Current percentage: 23.17% - Max: 24.93% - Min: 0.00% - Market Cap 7147 - Trading time: 00:00:06
06-09-2025 21:08:54.287 INFO Current price: 0.000000035494 - Current percentage: 21.53% - Max: 24.93% - Min: 0.00% - Market Cap 7052 - Trading time: 00:00:06
06-09-2025 21:08:54.291 INFO Current price: 0.000000034992 - Current percentage: 19.71% - Max: 24.93% - Min: 0.00% - Market Cap 6946 - Trading time: 00:00:06
06-09-2025 21:08:54.618 INFO Current price: 0.000000034451 - Current percentage: 17.81% - Max: 24.93% - Min: 0.00% - Market Cap 6836 - Trading time: 00:00:06
06-09-2025 21:08:54.697 INFO Current price: 0.000000034176 - Current percentage: 17.81% - Max: 24.93% - Min: 0.00% - Market Cap 6836 - Trading time: 00:00:06
06-09-2025 21:08:54.699 INFO Current price: 0.000000034175 - Current percentage: 17.80% - Max: 24.93% - Min: 0.00% - Market Cap 6836 - Trading time: 00:00:06
06-09-2025 21:08:54.704 INFO Current price: 0.000000034175 - Current percentage: 17.80% - Max: 24.93% - Min: 0.00% - Market Cap 6836 - Trading time: 00:00:06
06-09-2025 21:08:54.704 INFO Current price: 0.000000034174 - Current percentage: 17.80% - Max: 24.93% - Min: 0.00% - Market Cap 6835 - Trading time: 00:00:06
06-09-2025 21:08:54.704 INFO Current price: 0.000000034173 - Current percentage: 17.80% - Max: 24.93% - Min: 0.00% - Market Cap 6835 - Trading time: 00:00:06
06-09-2025 21:08:54.709 INFO Current price: 0.000000034173 - Current percentage: 17.79% - Max: 24.93% - Min: 0.00% - Market Cap 6835 - Trading time: 00:00:06
06-09-2025 21:08:54.716 INFO Current price: 0.000000034172 - Current percentage: 17.79% - Max: 24.93% - Min: 0.00% - Market Cap 6835 - Trading time: 00:00:06
06-09-2025 21:08:55.310 INFO Current price: 0.000000034172 - Current percentage: 17.79% - Max: 24.93% - Min: 0.00% - Market Cap 6835 - Trading time: 00:00:07
06-09-2025 21:08:55.311 INFO Current price: 0.000000034171 - Current percentage: 17.79% - Max: 24.93% - Min: 0.00% - Market Cap 6835 - Trading time: 00:00:07
06-09-2025 21:08:55.541 INFO Current price: 0.000000034171 - Current percentage: 17.79% - Max: 24.93% - Min: 0.00% - Market Cap 6835 - Trading time: 00:00:07
06-09-2025 21:08:57.562 INFO Current price: 0.000000034075 - Current percentage: 17.13% - Max: 24.93% - Min: 0.00% - Market Cap 6797 - Trading time: 00:00:09
06-09-2025 21:08:59.917 INFO Current price: 0.000000034483 - Current percentage: 20.62% - Max: 24.93% - Min: 0.00% - Market Cap 6999 - Trading time: 00:00:12
06-09-2025 21:08:59.917 INFO Current price: 0.000000034992 - Current percentage: 20.62% - Max: 24.93% - Min: 0.00% - Market Cap 6999 - Trading time: 00:00:12
06-09-2025 21:08:59.917 INFO Current price: 0.000000034991 - Current percentage: 20.62% - Max: 24.93% - Min: 0.00% - Market Cap 6999 - Trading time: 00:00:12
06-09-2025 21:08:59.917 INFO Current price: 0.000000034991 - Current percentage: 20.61% - Max: 24.93% - Min: 0.00% - Market Cap 6999 - Trading time: 00:00:12
06-09-2025 21:08:59.917 INFO Current price: 0.000000034990 - Current percentage: 20.61% - Max: 24.93% - Min: 0.00% - Market Cap 6999 - Trading time: 00:00:12
06-09-2025 21:08:59.917 INFO Current price: 0.000000034990 - Current percentage: 20.61% - Max: 24.93% - Min: 0.00% - Market Cap 6999 - Trading time: 00:00:12
06-09-2025 21:08:59.917 INFO Current price: 0.000000034989 - Current percentage: 20.61% - Max: 24.93% - Min: 0.00% - Market Cap 6998 - Trading time: 00:00:12
06-09-2025 21:08:59.917 INFO Current price: 0.000000034988 - Current percentage: 20.61% - Max: 24.93% - Min: 0.00% - Market Cap 6998 - Trading time: 00:00:12
06-09-2025 21:09:00.018 INFO Current price: 0.000000035498 - Current percentage: 24.15% - Max: 24.93% - Min: 0.00% - Market Cap 7204 - Trading time: 00:00:12
06-09-2025 21:09:00.018 INFO Current price: 0.000000036015 - Current percentage: 24.14% - Max: 24.93% - Min: 0.00% - Market Cap 7204 - Trading time: 00:00:12
06-09-2025 21:09:00.019 INFO Current price: 0.000000036014 - Current percentage: 24.14% - Max: 24.93% - Min: 0.00% - Market Cap 7203 - Trading time: 00:00:12
06-09-2025 21:09:01.520 INFO Current price: 0.000000036018 - Current percentage: 24.17% - Max: 24.93% - Min: 0.00% - Market Cap 7205 - Trading time: 00:00:13
06-09-2025 21:09:01.525 INFO Current price: 0.000000036022 - Current percentage: 24.17% - Max: 24.93% - Min: 0.00% - Market Cap 7205 - Trading time: 00:00:13
06-09-2025 21:09:02.203 INFO Current price: 0.000000035504 - Current percentage: 20.63% - Max: 24.93% - Min: 0.00% - Market Cap 7000 - Trading time: 00:00:14
06-09-2025 21:09:03.804 INFO Current price: 0.000000034995 - Current percentage: 20.63% - Max: 24.93% - Min: 0.00% - Market Cap 7000 - Trading time: 00:00:15
06-09-2025 21:09:04.741 INFO Current price: 0.000000034995 - Current percentage: 20.63% - Max: 24.93% - Min: 0.00% - Market Cap 7000 - Trading time: 00:00:16
06-09-2025 21:09:04.741 INFO Current price: 0.000000034994 - Current percentage: 20.62% - Max: 24.93% - Min: 0.00% - Market Cap 6999 - Trading time: 00:00:16
06-09-2025 21:09:04.741 INFO Current price: 0.000000034993 - Current percentage: 20.62% - Max: 24.93% - Min: 0.00% - Market Cap 6999 - Trading time: 00:00:16
06-09-2025 21:09:04.741 INFO Current price: 0.000000034993 - Current percentage: 20.62% - Max: 24.93% - Min: 0.00% - Market Cap 6999 - Trading time: 00:00:16
06-09-2025 21:09:04.741 INFO Current price: 0.000000034992 - Current percentage: 20.62% - Max: 24.93% - Min: 0.00% - Market Cap 6999 - Trading time: 00:00:16
06-09-2025 21:09:04.782 INFO Current price: 0.000000034991 - Current percentage: 20.62% - Max: 24.93% - Min: 0.00% - Market Cap 6999 - Trading time: 00:00:16
06-09-2025 21:09:04.782 INFO Current price: 0.000000034991 - Current percentage: 20.62% - Max: 24.93% - Min: 0.00% - Market Cap 6999 - Trading time: 00:00:16
06-09-2025 21:09:04.786 INFO Current price: 0.000000034990 - Current percentage: 20.61% - Max: 24.93% - Min: 0.00% - Market Cap 6999 - Trading time: 00:00:16
06-09-2025 21:09:05.217 INFO Current price: 0.000000034990 - Current percentage: 20.61% - Max: 24.93% - Min: 0.00% - Market Cap 6999 - Trading time: 00:00:17
06-09-2025 21:09:06.363 INFO Current price: 0.000000035499 - Current percentage: 24.15% - Max: 24.93% - Min: 0.00% - Market Cap 7204 - Trading time: 00:00:18
06-09-2025 21:09:06.557 INFO Current price: 0.000000036016 - Current percentage: 24.15% - Max: 24.93% - Min: 0.00% - Market Cap 7204 - Trading time: 00:00:18
06-09-2025 21:09:07.434 INFO Current price: 0.000000036077 - Current percentage: 24.57% - Max: 24.93% - Min: 0.00% - Market Cap 7228 - Trading time: 00:00:19
06-09-2025 21:09:07.796 INFO Current price: 0.000000036191 - Current percentage: 24.93% - Max: 24.93% - Min: 0.00% - Market Cap 7249 - Trading time: 00:00:19
06-09-2025 21:09:13.424 INFO Current price: 0.000000036243 - Current percentage: 24.93% - Max: 24.93% - Min: 0.00% - Market Cap 7249 - Trading time: 00:00:25
06-09-2025 21:09:13.425 INFO Current price: 0.000000036222 - Current percentage: 24.79% - Max: 24.93% - Min: 0.00% - Market Cap 7241 - Trading time: 00:00:25
06-09-2025 21:09:14.344 INFO Current price: 0.000000034821 - Current percentage: 15.45% - Max: 24.93% - Min: 0.00% - Market Cap 6699 - Trading time: 00:00:26
06-09-2025 21:09:14.344 INFO Current price: 0.000000032160 - Current percentage: 6.44% - Max: 24.93% - Min: 0.00% - Market Cap 6176 - Trading time: 00:00:26
06-09-2025 21:09:15.165 INFO Current price: 0.000000030468 - Current percentage: 3.63% - Max: 24.93% - Min: 0.00% - Market Cap 6013 - Trading time: 00:00:27
06-09-2025 21:09:15.446 INFO Current price: 0.000000030157 - Current percentage: 4.28% - Max: 24.93% - Min: 0.00% - Market Cap 6051 - Trading time: 00:00:27
06-09-2025 21:09:17.210 INFO Current price: 0.000000030481 - Current percentage: 5.87% - Max: 24.93% - Min: 0.00% - Market Cap 6143 - Trading time: 00:00:29
06-09-2025 21:09:17.210 INFO Current price: 0.000000030956 - Current percentage: 7.56% - Max: 24.93% - Min: 0.00% - Market Cap 6241 - Trading time: 00:00:29
06-09-2025 21:09:17.210 INFO Current price: 0.000000031440 - Current percentage: 9.20% - Max: 24.93% - Min: 0.00% - Market Cap 6336 - Trading time: 00:00:29
06-09-2025 21:09:17.210 INFO Current price: 0.000000031927 - Current percentage: 10.92% - Max: 24.93% - Min: 0.00% - Market Cap 6436 - Trading time: 00:00:29
06-09-2025 21:09:19.563 INFO Current price: 0.000000032180 - Current percentage: 10.94% - Max: 24.93% - Min: 0.00% - Market Cap 6437 - Trading time: 00:00:31
06-09-2025 21:09:19.563 INFO Current price: 0.000000032185 - Current percentage: 10.95% - Max: 24.93% - Min: 0.00% - Market Cap 6438 - Trading time: 00:00:31
06-09-2025 21:09:19.566 INFO Current price: 0.000000032190 - Current percentage: 10.97% - Max: 24.93% - Min: 0.00% - Market Cap 6439 - Trading time: 00:00:31
06-09-2025 21:09:19.608 INFO Current price: 0.000000032195 - Current percentage: 10.99% - Max: 24.93% - Min: 0.00% - Market Cap 6440 - Trading time: 00:00:31
06-09-2025 21:09:19.645 INFO Current price: 0.000000032200 - Current percentage: 11.00% - Max: 24.93% - Min: 0.00% - Market Cap 6441 - Trading time: 00:00:31
06-09-2025 21:09:19.647 INFO Current price: 0.000000032204 - Current percentage: 11.02% - Max: 24.93% - Min: 0.00% - Market Cap 6442 - Trading time: 00:00:31
06-09-2025 21:09:19.650 INFO Current price: 0.000000032209 - Current percentage: 11.03% - Max: 24.93% - Min: 0.00% - Market Cap 6443 - Trading time: 00:00:31
06-09-2025 21:09:19.672 INFO Current price: 0.000000032214 - Current percentage: 11.05% - Max: 24.93% - Min: 0.00% - Market Cap 6444 - Trading time: 00:00:31
06-09-2025 21:09:20.382 INFO Current price: 0.000000032315 - Current percentage: 11.73% - Max: 24.93% - Min: 0.00% - Market Cap 6483 - Trading time: 00:00:32
06-09-2025 21:09:27.454 INFO Current price: 0.000000032315 - Current percentage: 11.05% - Max: 24.93% - Min: 0.00% - Market Cap 6444 - Trading time: 00:00:39
06-09-2025 21:09:31.230 INFO Current price: 0.000000032173 - Current percentage: 10.75% - Max: 24.93% - Min: 0.00% - Market Cap 6427 - Trading time: 00:00:43
06-09-2025 21:09:31.964 INFO Current price: 0.000000031868 - Current percentage: 8.96% - Max: 24.93% - Min: 0.00% - Market Cap 6322 - Trading time: 00:00:44
06-09-2025 21:09:31.970 INFO Current price: 0.000000031365 - Current percentage: 7.29% - Max: 24.93% - Min: 0.00% - Market Cap 6225 - Trading time: 00:00:44
06-09-2025 21:09:31.973 INFO Current price: 0.000000030884 - Current percentage: 5.64% - Max: 24.93% - Min: 0.00% - Market Cap 6130 - Trading time: 00:00:44
06-09-2025 21:09:32.151 INFO Current price: 0.000000030408 - Current percentage: 4.01% - Max: 24.93% - Min: 0.00% - Market Cap 6035 - Trading time: 00:00:44
06-09-2025 21:09:33.890 INFO Current price: 0.000000029764 - Current percentage: 1.21% - Max: 24.93% - Min: 0.00% - Market Cap 5873 - Trading time: 00:00:46
06-09-2025 21:09:39.622 INFO Current price: 0.000000029271 - Current percentage: 0.59% - Max: 24.93% - Min: 0.00% - Market Cap 5837 - Trading time: 00:00:51
06-09-2025 21:09:40.544 INFO Current price: 0.000000029139 - Current percentage: 0.30% - Max: 24.93% - Min: 0.00% - Market Cap 5820 - Trading time: 00:00:52
06-09-2025 21:09:43.409 INFO Current price: 0.000000028605 - Current percentage: -3.07% - Max: 24.93% - Min: -3.07% - Market Cap 5625 - Trading time: 00:00:55
06-09-2025 21:09:55.495 INFO Current price: 0.000000028765 - Current percentage: 1.43% - Max: 24.93% - Min: -3.07% - Market Cap 5886 - Trading time: 00:01:07
06-09-2025 21:09:55.496 INFO Current price: 0.000000030167 - Current percentage: 6.61% - Max: 24.93% - Min: -3.07% - Market Cap 6186 - Trading time: 00:01:07
06-09-2025 21:09:59.512 INFO Current price: 0.000000031376 - Current percentage: 9.72% - Max: 24.93% - Min: -3.07% - Market Cap 6367 - Trading time: 00:01:11
06-09-2025 21:09:59.533 INFO Current price: 0.000000032348 - Current percentage: 13.32% - Max: 24.93% - Min: -3.07% - Market Cap 6576 - Trading time: 00:01:11
06-09-2025 21:10:07.974 INFO Current price: 0.000000032895 - Current percentage: 13.46% - Max: 24.93% - Min: -3.07% - Market Cap 6584 - Trading time: 00:01:20
06-09-2025 21:10:16.972 INFO Current price: 0.000000033410 - Current percentage: 16.90% - Max: 24.93% - Min: -3.07% - Market Cap 6783 - Trading time: 00:01:29
06-09-2025 21:10:17.797 INFO Current price: 0.000000034413 - Current percentage: 20.38% - Max: 24.93% - Min: -3.07% - Market Cap 6985 - Trading time: 00:01:29
06-09-2025 21:10:19.019 INFO Current price: 0.000000035024 - Current percentage: 21.08% - Max: 24.93% - Min: -3.07% - Market Cap 7026 - Trading time: 00:01:31
06-09-2025 21:10:20.771 INFO Current price: 0.000000036196 - Current percentage: 28.57% - Max: 28.57% - Min: -3.07% - Market Cap 7460 - Trading time: 00:01:32
06-09-2025 21:10:25.568 INFO Current price: 0.000000037836 - Current percentage: 32.30% - Max: 32.30% - Min: -3.07% - Market Cap 7677 - Trading time: 00:01:37
06-09-2025 21:10:26.005 INFO Current price: 0.000000036704 - Current percentage: 20.99% - Max: 32.30% - Min: -3.07% - Market Cap 7021 - Trading time: 00:01:38
06-09-2025 21:10:26.007 INFO Current price: 0.000000034074 - Current percentage: 14.02% - Max: 32.30% - Min: -3.07% - Market Cap 6616 - Trading time: 00:01:38
06-09-2025 21:10:26.009 INFO Current price: 0.000000031834 - Current percentage: 5.61% - Max: 32.30% - Min: -3.07% - Market Cap 6128 - Trading time: 00:01:38
06-09-2025 21:10:38.463 INFO Current price: 0.000000030733 - Current percentage: 6.27% - Max: 32.30% - Min: -3.07% - Market Cap 6167 - Trading time: 00:01:50
06-09-2025 21:10:39.386 INFO Current price: 0.000000030437 - Current percentage: 3.58% - Max: 32.30% - Min: -3.07% - Market Cap 6010 - Trading time: 00:01:51
06-09-2025 21:11:17.315 INFO Current price: 0.000000029955 - Current percentage: 2.94% - Max: 32.30% - Min: -3.07% - Market Cap 5973 - Trading time: 00:02:29
06-09-2025 21:11:47.886 INFO Current price: 0.000000029782 - Current percentage: 2.39% - Max: 32.30% - Min: -3.07% - Market Cap 5941 - Trading time: 00:03:00
06-09-2025 21:12:32.279 INFO Current price: 0.000000030556 - Current percentage: 8.33% - Max: 32.30% - Min: -3.07% - Market Cap 6286 - Trading time: 00:03:44
06-09-2025 21:12:32.748 INFO Current price: 0.000000031632 - Current percentage: 9.70% - Max: 32.30% - Min: -3.07% - Market Cap 6366 - Trading time: 00:03:44
06-09-2025 21:12:59.274 INFO Current price: 0.000000031632 - Current percentage: 8.33% - Max: 32.30% - Min: -3.07% - Market Cap 6286 - Trading time: 00:04:11
06-09-2025 21:14:36.799 INFO Current price: 0.000000031392 - Current percentage: 8.04% - Max: 32.30% - Min: -3.07% - Market Cap 6269 - Trading time: 00:05:48
06-09-2025 21:16:54.447 INFO Current price: 0.000000031325 - Current percentage: 7.87% - Max: 32.30% - Min: -3.07% - Market Cap 6259 - Trading time: 00:08:06
06-09-2025 21:19:15.626 INFO Current price: 0.000000031276 - Current percentage: 7.70% - Max: 32.30% - Min: -3.07% - Market Cap 6250 - Trading time: 00:10:27
06-09-2025 21:21:34.832 INFO Current price: 0.000000030404 - Current percentage: 1.94% - Max: 32.30% - Min: -3.07% - Market Cap 5915 - Trading time: 00:12:46
06-09-2025 21:23:58.729 INFO Current price: 0.000000029562 - Current percentage: 1.81% - Max: 32.30% - Min: -3.07% - Market Cap 5908 - Trading time: 00:15:10






06-09-2025 21:28:47.838 INFO {"type":"summary","reason":"max_window","startedAt":"2025-09-06T19:08:47.838Z","endedAt":"2025-09-06T19:28:47.838Z","durationSec":1200,"entryPrice":3.095836149710028e-8,"entryMarketCapSol":29.010252840779668,"entryMarketCapUsd":5802.63077321275,"minPct":-3.068646037753062,"maxPct":32.304498406334744,"buyCount":53,"sellCount":63,"tradeCount":116,"entryRecorded":true,"noPostThresholdTrades":false,"triggerAt":"2025-09-06T19:08:47.838Z","ageAtTriggerSec":17,"preTotalTrades":4,"preBuys":3,"preSells":1,"preUniqueTraders":3,"preEntryTotalTrades":21,"preEntryBuys":20,"preEntrySells":1,"preEntryUniqueTraders":20,"preEntryMinMcUsd":6237.345659983814,"preEntryMaxMcUsd":7228.209311734862,"thresholdMcSol":29.010252840779668,"thresholdMcUsd":5802.63077321275,"thresholdPrice":3.095836149710028e-8}
