06-09-2025 20:24:07.240 INFO Entry price: 0.000000041771120746 - Entry market cap: 8055 - Buys 14 - Sells 2 - Ratio: 1:0.14 - Min MarketCap: 8231 - Max MarketCap: 10142
06-09-2025 20:24:07.240 INFO Current price: 0.000000041771 - Current percentage: 0.00% - Max: 0.00% - Min: 0.00% - Market Cap 8055 - Trading time: 00:00:02
06-09-2025 20:24:07.605 INFO Current price: 0.000000049475 - Current percentage: 25.49% - Max: 25.49% - Min: 0.00% - Market Cap 10108 - Trading time: 00:00:02
06-09-2025 20:24:08.999 INFO Current price: 0.000000050611 - Current percentage: 26.58% - Max: 26.58% - Min: 0.00% - Market Cap 10196 - Trading time: 00:00:03
06-09-2025 20:24:09.738 INFO Current price: 0.000000047344 - Current percentage: 9.81% - Max: 26.58% - Min: 0.00% - Market Cap 8845 - Trading time: 00:00:04
06-09-2025 20:24:10.557 INFO Current price: 0.000000044668 - Current percentage: 12.68% - Max: 26.58% - Min: 0.00% - Market Cap 9076 - Trading time: 00:00:05
06-09-2025 20:24:11.665 INFO Current price: 0.000000045480 - Current percentage: 13.84% - Max: 26.58% - Min: 0.00% - Market Cap 9169 - Trading time: 00:00:06
06-09-2025 20:24:11.990 INFO Current price: 0.000000046007 - Current percentage: 15.31% - Max: 26.58% - Min: 0.00% - Market Cap 9287 - Trading time: 00:00:06
06-09-2025 20:24:12.190 INFO Current price: 0.000000049523 - Current percentage: 31.90% - Max: 31.90% - Min: 0.00% - Market Cap 10624 - Trading time: 00:00:06
06-09-2025 20:24:12.193 INFO Current price: 0.000000055795 - Current percentage: 46.36% - Max: 46.36% - Min: 0.00% - Market Cap 11789 - Trading time: 00:00:06
06-09-2025 20:24:12.198 INFO Current price: 0.000000059106 - Current percentage: 48.03% - Max: 48.03% - Min: 0.00% - Market Cap 11923 - Trading time: 00:00:06
06-09-2025 20:24:12.296 INFO Current price: 0.000000059441 - Current percentage: 48.02% - Max: 48.03% - Min: 0.00% - Market Cap 11923 - Trading time: 00:00:07
06-09-2025 20:24:12.300 INFO Current price: 0.000000059440 - Current percentage: 48.02% - Max: 48.03% - Min: 0.00% - Market Cap 11922 - Trading time: 00:00:07
06-09-2025 20:24:12.300 INFO Current price: 0.000000059439 - Current percentage: 48.02% - Max: 48.03% - Min: 0.00% - Market Cap 11922 - Trading time: 00:00:07
06-09-2025 20:24:12.304 INFO Current price: 0.000000059438 - Current percentage: 48.02% - Max: 48.03% - Min: 0.00% - Market Cap 11922 - Trading time: 00:00:07
06-09-2025 20:24:12.489 INFO Current price: 0.000000059441 - Current percentage: 48.02% - Max: 48.03% - Min: 0.00% - Market Cap 11922 - Trading time: 00:00:07
06-09-2025 20:24:12.490 INFO Current price: 0.000000059443 - Current percentage: 48.02% - Max: 48.03% - Min: 0.00% - Market Cap 11922 - Trading time: 00:00:07
06-09-2025 20:24:12.600 INFO Current price: 0.000000059437 - Current percentage: 48.01% - Max: 48.03% - Min: 0.00% - Market Cap 11922 - Trading time: 00:00:07
06-09-2025 20:24:12.605 INFO Current price: 0.000000059436 - Current percentage: 48.01% - Max: 48.03% - Min: 0.00% - Market Cap 11922 - Trading time: 00:00:07
06-09-2025 20:24:12.605 INFO Current price: 0.000000059436 - Current percentage: 48.01% - Max: 48.03% - Min: 0.00% - Market Cap 11921 - Trading time: 00:00:07
06-09-2025 20:24:12.662 INFO Current price: 0.000000059434 - Current percentage: 48.01% - Max: 48.03% - Min: 0.00% - Market Cap 11921 - Trading time: 00:00:07
06-09-2025 20:24:12.890 INFO Current price: 0.000000059600 - Current percentage: 48.83% - Max: 48.83% - Min: 0.00% - Market Cap 11988 - Trading time: 00:00:07
06-09-2025 20:24:13.327 INFO Current price: 0.000000059766 - Current percentage: 48.83% - Max: 48.83% - Min: 0.00% - Market Cap 11988 - Trading time: 00:00:08
06-09-2025 20:24:13.330 INFO Current price: 0.000000059765 - Current percentage: 48.83% - Max: 48.83% - Min: 0.00% - Market Cap 11988 - Trading time: 00:00:08
06-09-2025 20:24:13.676 INFO Current price: 0.000000056247 - Current percentage: 31.82% - Max: 48.83% - Min: 0.00% - Market Cap 10618 - Trading time: 00:00:08
06-09-2025 20:24:13.813 INFO Current price: 0.000000052936 - Current percentage: 31.83% - Max: 48.83% - Min: 0.00% - Market Cap 10618 - Trading time: 00:00:08
06-09-2025 20:24:14.730 INFO Current price: 0.000000052949 - Current percentage: 31.89% - Max: 48.83% - Min: 0.00% - Market Cap 10623 - Trading time: 00:00:09
06-09-2025 20:24:15.266 INFO Current price: 0.000000053107 - Current percentage: 32.62% - Max: 48.83% - Min: 0.00% - Market Cap 10682 - Trading time: 00:00:10
06-09-2025 20:24:15.354 INFO Current price: 0.000000053279 - Current percentage: 32.74% - Max: 48.83% - Min: 0.00% - Market Cap 10692 - Trading time: 00:00:10
06-09-2025 20:24:15.459 INFO Current price: 0.000000053495 - Current percentage: 33.69% - Max: 48.83% - Min: 0.00% - Market Cap 10768 - Trading time: 00:00:10
06-09-2025 20:24:16.115 INFO Current price: 0.000000053390 - Current percentage: 32.22% - Max: 48.83% - Min: 0.00% - Market Cap 10650 - Trading time: 00:00:10
06-09-2025 20:24:16.494 INFO Current price: 0.000000052103 - Current percentage: 27.33% - Max: 48.83% - Min: 0.00% - Market Cap 10256 - Trading time: 00:00:11
06-09-2025 20:24:16.905 INFO Current price: 0.000000051302 - Current percentage: 28.19% - Max: 48.83% - Min: 0.00% - Market Cap 10325 - Trading time: 00:00:11
06-09-2025 20:24:16.915 INFO Current price: 0.000000051599 - Current percentage: 28.80% - Max: 48.83% - Min: 0.00% - Market Cap 10375 - Trading time: 00:00:11
06-09-2025 20:24:16.960 INFO Current price: 0.000000051722 - Current percentage: 28.80% - Max: 48.83% - Min: 0.00% - Market Cap 10374 - Trading time: 00:00:11
06-09-2025 20:24:16.966 INFO Current price: 0.000000051721 - Current percentage: 28.80% - Max: 48.83% - Min: 0.00% - Market Cap 10374 - Trading time: 00:00:11
06-09-2025 20:24:16.966 INFO Current price: 0.000000051721 - Current percentage: 28.80% - Max: 48.83% - Min: 0.00% - Market Cap 10374 - Trading time: 00:00:11
06-09-2025 20:24:16.966 INFO Current price: 0.000000051720 - Current percentage: 28.80% - Max: 48.83% - Min: 0.00% - Market Cap 10374 - Trading time: 00:00:11
06-09-2025 20:24:16.969 INFO Current price: 0.000000051719 - Current percentage: 28.79% - Max: 48.83% - Min: 0.00% - Market Cap 10374 - Trading time: 00:00:11
06-09-2025 20:24:16.969 INFO Current price: 0.000000051718 - Current percentage: 28.79% - Max: 48.83% - Min: 0.00% - Market Cap 10374 - Trading time: 00:00:11
06-09-2025 20:24:16.971 INFO Current price: 0.000000051718 - Current percentage: 28.79% - Max: 48.83% - Min: 0.00% - Market Cap 10373 - Trading time: 00:00:11
06-09-2025 20:24:17.043 INFO Current price: 0.000000051717 - Current percentage: 28.79% - Max: 48.83% - Min: 0.00% - Market Cap 10373 - Trading time: 00:00:11
06-09-2025 20:24:17.379 INFO Current price: 0.000000054252 - Current percentage: 41.72% - Max: 48.83% - Min: 0.00% - Market Cap 11415 - Trading time: 00:00:12
06-09-2025 20:24:17.383 INFO Current price: 0.000000056911 - Current percentage: 41.72% - Max: 48.83% - Min: 0.00% - Market Cap 11415 - Trading time: 00:00:12
06-09-2025 20:24:17.445 INFO Current price: 0.000000061587 - Current percentage: 65.97% - Max: 65.97% - Min: 0.00% - Market Cap 13368 - Trading time: 00:00:12
06-09-2025 20:24:18.056 INFO Current price: 0.000000066647 - Current percentage: 65.97% - Max: 65.97% - Min: 0.00% - Market Cap 13368 - Trading time: 00:00:12
06-09-2025 20:24:18.063 INFO Current price: 0.000000066646 - Current percentage: 65.97% - Max: 65.97% - Min: 0.00% - Market Cap 13368 - Trading time: 00:00:12
06-09-2025 20:24:18.234 INFO Current price: 0.000000066859 - Current percentage: 67.03% - Max: 67.03% - Min: 0.00% - Market Cap 13453 - Trading time: 00:00:12
06-09-2025 20:24:19.766 INFO Current price: 0.000000067037 - Current percentage: 66.85% - Max: 67.03% - Min: 0.00% - Market Cap 13439 - Trading time: 00:00:14
06-09-2025 20:24:19.769 INFO Current price: 0.000000065626 - Current percentage: 60.07% - Max: 67.03% - Min: 0.00% - Market Cap 12893 - Trading time: 00:00:14
06-09-2025 20:24:20.027 INFO Current price: 0.000000064362 - Current percentage: 60.49% - Max: 67.03% - Min: 0.00% - Market Cap 12926 - Trading time: 00:00:14
06-09-2025 20:24:20.795 INFO Current price: 0.000000063462 - Current percentage: 55.63% - Max: 67.03% - Min: 0.00% - Market Cap 12535 - Trading time: 00:00:15
06-09-2025 20:24:20.874 INFO Current price: 0.000000057200 - Current percentage: 30.37% - Max: 67.03% - Min: 0.00% - Market Cap 10501 - Trading time: 00:00:15
06-09-2025 20:24:21.007 INFO Current price: 0.000000049843 - Current percentage: 18.17% - Max: 67.03% - Min: 0.00% - Market Cap 9518 - Trading time: 00:00:15
06-09-2025 20:24:21.007 INFO Current price: 0.000000044522 - Current percentage: 4.02% - Max: 67.03% - Min: 0.00% - Market Cap 8379 - Trading time: 00:00:15
06-09-2025 20:24:21.087 INFO Current price: 0.000000041781 - Current percentage: 4.07% - Max: 67.03% - Min: 0.00% - Market Cap 8382 - Trading time: 00:00:15
06-09-2025 20:24:21.321 INFO Current price: 0.000000041810 - Current percentage: 4.07% - Max: 67.03% - Min: 0.00% - Market Cap 8382 - Trading time: 00:00:16
06-09-2025 20:24:21.507 INFO Current price: 0.000000042905 - Current percentage: 9.69% - Max: 67.03% - Min: 0.00% - Market Cap 8835 - Trading time: 00:00:16
06-09-2025 20:24:21.507 INFO Current price: 0.000000044077 - Current percentage: 9.84% - Max: 67.03% - Min: 0.00% - Market Cap 8847 - Trading time: 00:00:16
06-09-2025 20:24:21.728 INFO Current price: 0.000000044105 - Current percentage: 9.83% - Max: 67.03% - Min: 0.00% - Market Cap 8847 - Trading time: 00:00:16
06-09-2025 20:24:21.734 INFO Current price: 0.000000044105 - Current percentage: 9.83% - Max: 67.03% - Min: 0.00% - Market Cap 8846 - Trading time: 00:00:16
06-09-2025 20:24:21.734 INFO Current price: 0.000000044104 - Current percentage: 9.83% - Max: 67.03% - Min: 0.00% - Market Cap 8846 - Trading time: 00:00:16
06-09-2025 20:24:21.739 INFO Current price: 0.000000044103 - Current percentage: 9.83% - Max: 67.03% - Min: 0.00% - Market Cap 8846 - Trading time: 00:00:16
06-09-2025 20:24:21.739 INFO Current price: 0.000000044103 - Current percentage: 9.83% - Max: 67.03% - Min: 0.00% - Market Cap 8846 - Trading time: 00:00:16
06-09-2025 20:24:21.739 INFO Current price: 0.000000044102 - Current percentage: 9.83% - Max: 67.03% - Min: 0.00% - Market Cap 8846 - Trading time: 00:00:16
06-09-2025 20:24:21.741 INFO Current price: 0.000000044102 - Current percentage: 9.82% - Max: 67.03% - Min: 0.00% - Market Cap 8846 - Trading time: 00:00:16
06-09-2025 20:24:21.745 INFO Current price: 0.000000044101 - Current percentage: 9.82% - Max: 67.03% - Min: 0.00% - Market Cap 8846 - Trading time: 00:00:16
06-09-2025 20:24:21.794 INFO Current price: 0.000000044137 - Current percentage: 9.82% - Max: 67.03% - Min: 0.00% - Market Cap 8846 - Trading time: 00:00:16
06-09-2025 20:24:22.009 INFO Current price: 0.000000044101 - Current percentage: 9.82% - Max: 67.03% - Min: 0.00% - Market Cap 8846 - Trading time: 00:00:16
06-09-2025 20:24:22.446 INFO Current price: 0.000000044100 - Current percentage: 9.82% - Max: 67.03% - Min: 0.00% - Market Cap 8846 - Trading time: 00:00:17
06-09-2025 20:24:22.446 INFO Current price: 0.000000044371 - Current percentage: 11.18% - Max: 67.03% - Min: 0.00% - Market Cap 8955 - Trading time: 00:00:17
06-09-2025 20:24:22.446 INFO Current price: 0.000000044947 - Current percentage: 12.69% - Max: 67.03% - Min: 0.00% - Market Cap 9077 - Trading time: 00:00:17
06-09-2025 20:24:22.921 INFO Current price: 0.000000044707 - Current percentage: 9.99% - Max: 67.03% - Min: 0.00% - Market Cap 8859 - Trading time: 00:00:17
06-09-2025 20:24:23.453 INFO Current price: 0.000000044283 - Current percentage: 10.56% - Max: 67.03% - Min: 0.00% - Market Cap 8905 - Trading time: 00:00:18
06-09-2025 20:24:23.453 INFO Current price: 0.000000044570 - Current percentage: 11.42% - Max: 67.03% - Min: 0.00% - Market Cap 8975 - Trading time: 00:00:18
06-09-2025 20:24:23.454 INFO Current price: 0.000000044743 - Current percentage: 11.42% - Max: 67.03% - Min: 0.00% - Market Cap 8975 - Trading time: 00:00:18
06-09-2025 20:24:23.889 INFO Current price: 0.000000044469 - Current percentage: 10.06% - Max: 67.03% - Min: 0.00% - Market Cap 8865 - Trading time: 00:00:18
06-09-2025 20:24:25.146 INFO Current price: 0.000000044426 - Current percentage: 11.21% - Max: 67.03% - Min: 0.00% - Market Cap 8957 - Trading time: 00:00:19
06-09-2025 20:24:25.169 INFO Current price: 0.000000042570 - Current percentage: 1.06% - Max: 67.03% - Min: 0.00% - Market Cap 8140 - Trading time: 00:00:19
06-09-2025 20:24:25.172 INFO Current price: 0.000000038580 - Current percentage: -8.66% - Max: 67.03% - Min: -8.66% - Market Cap 7357 - Trading time: 00:00:19
06-09-2025 20:24:25.172 INFO Current price: 0.000000035289 - Current percentage: -15.45% - Max: 67.03% - Min: -15.45% - Market Cap 6810 - Trading time: 00:00:19
06-09-2025 20:24:25.871 INFO Current price: 0.000000034053 - Current percentage: -14.95% - Max: 67.03% - Min: -15.45% - Market Cap 6851 - Trading time: 00:00:20
06-09-2025 20:24:26.294 INFO Current price: 0.000000034255 - Current percentage: -14.44% - Max: 67.03% - Min: -15.45% - Market Cap 6891 - Trading time: 00:00:21
06-09-2025 20:24:26.424 INFO Current price: 0.000000034283 - Current percentage: -14.81% - Max: 67.03% - Min: -15.45% - Market Cap 6862 - Trading time: 00:00:21
06-09-2025 20:24:26.542 INFO Current price: 0.000000034312 - Current percentage: -14.30% - Max: 67.03% - Min: -15.45% - Market Cap 6903 - Trading time: 00:00:21
06-09-2025 20:24:26.652 INFO Current price: 0.000000032824 - Current percentage: -22.03% - Max: 67.03% - Min: -22.03% - Market Cap 6280 - Trading time: 00:00:21
06-09-2025 20:24:26.970 INFO Current price: 0.000000030620 - Current percentage: -25.42% - Max: 67.03% - Min: -25.42% - Market Cap 6007 - Trading time: 00:00:21
06-09-2025 20:24:27.102 INFO Current price: 0.000000030394 - Current percentage: -23.18% - Max: 67.03% - Min: -25.42% - Market Cap 6188 - Trading time: 00:00:21
06-09-2025 20:24:27.103 INFO Current price: 0.000000031351 - Current percentage: -20.65% - Max: 67.03% - Min: -25.42% - Market Cap 6391 - Trading time: 00:00:21
06-09-2025 20:24:27.183 INFO Current price: 0.000000032858 - Current percentage: -15.62% - Max: 67.03% - Min: -25.42% - Market Cap 6796 - Trading time: 00:00:21
06-09-2025 20:24:27.446 INFO Current price: 0.000000033894 - Current percentage: -15.57% - Max: 67.03% - Min: -25.42% - Market Cap 6800 - Trading time: 00:00:22
06-09-2025 20:24:27.446 INFO Current price: 0.000000033944 - Current percentage: -15.37% - Max: 67.03% - Min: -25.42% - Market Cap 6817 - Trading time: 00:00:22
06-09-2025 20:24:27.446 INFO Current price: 0.000000033994 - Current percentage: -15.32% - Max: 67.03% - Min: -25.42% - Market Cap 6821 - Trading time: 00:00:22
06-09-2025 20:24:27.446 INFO Current price: 0.000000034056 - Current percentage: -15.06% - Max: 67.03% - Min: -25.42% - Market Cap 6841 - Trading time: 00:00:22
06-09-2025 20:24:27.449 INFO Current price: 0.000000034109 - Current percentage: -15.06% - Max: 67.03% - Min: -25.42% - Market Cap 6842 - Trading time: 00:00:22
06-09-2025 20:24:27.645 INFO Current price: 0.000000034043 - Current percentage: -15.39% - Max: 67.03% - Min: -25.42% - Market Cap 6815 - Trading time: 00:00:22
06-09-2025 20:24:28.469 INFO Current price: 0.000000033987 - Current percentage: -15.34% - Max: 67.03% - Min: -25.42% - Market Cap 6819 - Trading time: 00:00:23
06-09-2025 20:24:28.983 INFO Current price: 0.000000034499 - Current percentage: -12.82% - Max: 67.03% - Min: -25.42% - Market Cap 7022 - Trading time: 00:00:23
06-09-2025 20:24:29.387 INFO Current price: 0.000000035060 - Current percentage: -12.56% - Max: 67.03% - Min: -25.42% - Market Cap 7043 - Trading time: 00:00:24
06-09-2025 20:24:30.449 INFO Current price: 0.000000035629 - Current percentage: -9.97% - Max: 67.03% - Min: -25.42% - Market Cap 7252 - Trading time: 00:00:25
06-09-2025 20:24:30.452 INFO Current price: 0.000000036665 - Current percentage: -7.40% - Max: 67.03% - Min: -25.42% - Market Cap 7458 - Trading time: 00:00:25
06-09-2025 20:24:30.615 INFO Current price: 0.000000037820 - Current percentage: -4.20% - Max: 67.03% - Min: -25.42% - Market Cap 7716 - Trading time: 00:00:25
06-09-2025 20:24:30.847 INFO Current price: 0.000000038330 - Current percentage: -4.89% - Max: 67.03% - Min: -25.42% - Market Cap 7661 - Trading time: 00:00:25
06-09-2025 20:24:31.239 INFO Current price: 0.000000038352 - Current percentage: -4.09% - Max: 67.03% - Min: -25.42% - Market Cap 7725 - Trading time: 00:00:26
06-09-2025 20:24:32.251 INFO Current price: 0.000000038523 - Current percentage: -4.04% - Max: 67.03% - Min: -25.42% - Market Cap 7729 - Trading time: 00:00:27
06-09-2025 20:24:32.335 INFO Current price: 0.000000037292 - Current percentage: -10.12% - Max: 67.03% - Min: -25.42% - Market Cap 7239 - Trading time: 00:00:27
06-09-2025 20:24:33.701 INFO Current price: 0.000000035945 - Current percentage: -10.85% - Max: 67.03% - Min: -25.42% - Market Cap 7181 - Trading time: 00:00:28
06-09-2025 20:24:33.756 INFO Current price: 0.000000035790 - Current percentage: -10.90% - Max: 67.03% - Min: -25.42% - Market Cap 7177 - Trading time: 00:00:28
06-09-2025 20:24:33.817 INFO Current price: 0.000000035758 - Current percentage: -11.00% - Max: 67.03% - Min: -25.42% - Market Cap 7168 - Trading time: 00:00:28
06-09-2025 20:24:34.809 INFO Current price: 0.000000035840 - Current percentage: -10.49% - Max: 67.03% - Min: -25.42% - Market Cap 7210 - Trading time: 00:00:29
06-09-2025 20:24:37.777 INFO Current price: 0.000000035725 - Current percentage: -11.58% - Max: 67.03% - Min: -25.42% - Market Cap 7122 - Trading time: 00:00:32
06-09-2025 20:24:39.006 INFO Current price: 0.000000035559 - Current percentage: -11.32% - Max: 67.03% - Min: -25.42% - Market Cap 7143 - Trading time: 00:00:33
06-09-2025 20:24:40.235 INFO Current price: 0.000000035530 - Current percentage: -11.72% - Max: 67.03% - Min: -25.42% - Market Cap 7111 - Trading time: 00:00:34
06-09-2025 20:24:42.279 INFO Current price: 0.000000034384 - Current percentage: -16.95% - Max: 67.03% - Min: -25.42% - Market Cap 6689 - Trading time: 00:00:37
06-09-2025 20:24:42.285 INFO Current price: 0.000000032389 - Current percentage: -21.67% - Max: 67.03% - Min: -25.42% - Market Cap 6309 - Trading time: 00:00:37
06-09-2025 20:24:42.333 INFO Current price: 0.000000030975 - Current percentage: -24.04% - Max: 67.03% - Min: -25.42% - Market Cap 6118 - Trading time: 00:00:37
06-09-2025 20:24:42.650 INFO Current price: 0.000000030502 - Current percentage: -24.05% - Max: 67.03% - Min: -25.42% - Market Cap 6118 - Trading time: 00:00:37
06-09-2025 20:24:42.650 INFO Current price: 0.000000030492 - Current percentage: -24.09% - Max: 67.03% - Min: -25.42% - Market Cap 6114 - Trading time: 00:00:37
06-09-2025 20:24:43.437 INFO Current price: 0.000000030449 - Current percentage: -24.26% - Max: 67.03% - Min: -25.42% - Market Cap 6101 - Trading time: 00:00:38
06-09-2025 20:24:43.563 INFO Current price: 0.000000030406 - Current percentage: -24.30% - Max: 67.03% - Min: -25.42% - Market Cap 6097 - Trading time: 00:00:38
06-09-2025 20:24:43.565 INFO Current price: 0.000000030354 - Current percentage: -24.52% - Max: 67.03% - Min: -25.42% - Market Cap 6080 - Trading time: 00:00:38
06-09-2025 20:24:43.599 INFO Current price: 0.000000030359 - Current percentage: -24.28% - Max: 67.03% - Min: -25.42% - Market Cap 6099 - Trading time: 00:00:38
06-09-2025 20:24:44.331 INFO Current price: 0.000000030326 - Current percentage: -24.68% - Max: 67.03% - Min: -25.42% - Market Cap 6067 - Trading time: 00:00:39
06-09-2025 20:24:44.332 INFO Current price: 0.000000030342 - Current percentage: -24.20% - Max: 67.03% - Min: -25.42% - Market Cap 6105 - Trading time: 00:00:39
06-09-2025 20:24:45.246 INFO Current price: 0.000000030534 - Current percentage: -23.73% - Max: 67.03% - Min: -25.42% - Market Cap 6144 - Trading time: 00:00:40
06-09-2025 20:24:47.601 INFO Current price: 0.000000030563 - Current percentage: -24.05% - Max: 67.03% - Min: -25.42% - Market Cap 6117 - Trading time: 00:00:42
06-09-2025 20:24:50.263 INFO Current price: 0.000000030082 - Current percentage: -26.11% - Max: 67.03% - Min: -26.11% - Market Cap 5952 - Trading time: 00:00:45
06-09-2025 20:24:52.617 INFO Current price: 0.000000029647 - Current percentage: -26.23% - Max: 67.03% - Min: -26.23% - Market Cap 5941 - Trading time: 00:00:47
06-09-2025 20:24:52.820 INFO Current price: 0.000000029541 - Current percentage: -26.64% - Max: 67.03% - Min: -26.64% - Market Cap 5909 - Trading time: 00:00:47
06-09-2025 20:24:53.827 INFO Current price: 0.000000029415 - Current percentage: -26.86% - Max: 67.03% - Min: -26.86% - Market Cap 5891 - Trading time: 00:00:48
06-09-2025 20:24:54.048 INFO Current price: 0.000000029364 - Current percentage: -26.89% - Max: 67.03% - Min: -26.89% - Market Cap 5889 - Trading time: 00:00:48
06-09-2025 20:24:57.118 INFO Current price: 0.000000029279 - Current percentage: -27.29% - Max: 67.03% - Min: -27.29% - Market Cap 5857 - Trading time: 00:00:51
06-09-2025 20:24:59.167 INFO Current price: 0.000000029040 - Current percentage: -28.07% - Max: 67.03% - Min: -28.07% - Market Cap 5793 - Trading time: 00:00:53
06-09-2025 20:25:04.756 INFO Current price: 0.000000028930 - Current percentage: -27.84% - Max: 67.03% - Min: -28.07% - Market Cap 5812 - Trading time: 00:00:59
06-09-2025 20:25:11.035 INFO Current price: 0.000000028888 - Current percentage: -28.28% - Max: 67.03% - Min: -28.28% - Market Cap 5776 - Trading time: 00:01:05
06-09-2025 20:25:11.757 INFO Current price: 0.000000028721 - Current percentage: -28.67% - Max: 67.03% - Min: -28.67% - Market Cap 5745 - Trading time: 00:01:06
06-09-2025 20:25:27.613 INFO Current price: 0.000000028550 - Current percentage: -29.13% - Max: 67.03% - Min: -29.13% - Market Cap 5708 - Trading time: 00:01:22
06-09-2025 20:25:29.249 INFO Current price: 0.000000028451 - Current percentage: -29.17% - Max: 67.03% - Min: -29.17% - Market Cap 5705 - Trading time: 00:01:24
06-09-2025 20:25:31.662 INFO Current price: 0.000000028358 - Current percentage: -29.59% - Max: 67.03% - Min: -29.59% - Market Cap 5671 - Trading time: 00:01:26
06-09-2025 20:25:43.709 INFO Current price: 0.000000028228 - Current percentage: -29.82% - Max: 67.03% - Min: -29.82% - Market Cap 5653 - Trading time: 00:01:38
06-09-2025 20:26:25.228 INFO Current price: 0.000000028182 - Current percentage: -29.82% - Max: 67.03% - Min: -29.82% - Market Cap 5653 - Trading time: 00:02:19
06-09-2025 20:26:27.888 INFO Current price: 0.000000028111 - Current percentage: -30.17% - Max: 67.03% - Min: -30.17% - Market Cap 5625 - Trading time: 00:02:22
06-09-2025 20:27:26.864 INFO Current price: 0.000000028499 - Current percentage: -27.87% - Max: 67.03% - Min: -30.17% - Market Cap 5810 - Trading time: 00:03:21
06-09-2025 20:27:26.867 INFO Current price: 0.000000029427 - Current percentage: -25.55% - Max: 67.03% - Min: -30.17% - Market Cap 5997 - Trading time: 00:03:21
06-09-2025 20:27:27.037 INFO Current price: 0.000000030351 - Current percentage: -23.27% - Max: 67.03% - Min: -30.17% - Market Cap 6181 - Trading time: 00:03:21
06-09-2025 20:27:27.037 INFO Current price: 0.000000030910 - Current percentage: -22.79% - Max: 67.03% - Min: -30.17% - Market Cap 6219 - Trading time: 00:03:21
06-09-2025 20:27:27.037 INFO Current price: 0.000000031779 - Current percentage: -18.89% - Max: 67.03% - Min: -30.17% - Market Cap 6533 - Trading time: 00:03:21
06-09-2025 20:27:27.077 INFO Current price: 0.000000032870 - Current percentage: -17.40% - Max: 67.03% - Min: -30.17% - Market Cap 6653 - Trading time: 00:03:21
06-09-2025 20:27:27.269 INFO Current price: 0.000000033577 - Current percentage: -15.36% - Max: 67.03% - Min: -30.17% - Market Cap 6817 - Trading time: 00:03:22
06-09-2025 20:27:27.269 INFO Current price: 0.000000034221 - Current percentage: -14.19% - Max: 67.03% - Min: -30.17% - Market Cap 6911 - Trading time: 00:03:22
06-09-2025 20:27:27.269 INFO Current price: 0.000000034665 - Current percentage: -13.15% - Max: 67.03% - Min: -30.17% - Market Cap 6995 - Trading time: 00:03:22
06-09-2025 20:27:27.549 INFO Current price: 0.000000034980 - Current percentage: -12.63% - Max: 67.03% - Min: -30.17% - Market Cap 7037 - Trading time: 00:03:22
06-09-2025 20:27:27.549 INFO Current price: 0.000000035059 - Current percentage: -12.63% - Max: 67.03% - Min: -30.17% - Market Cap 7037 - Trading time: 00:03:22
06-09-2025 20:27:28.396 INFO Current price: 0.000000035095 - Current percentage: -12.58% - Max: 67.03% - Min: -30.17% - Market Cap 7041 - Trading time: 00:03:23
06-09-2025 20:27:28.398 INFO Current price: 0.000000035105 - Current percentage: -12.58% - Max: 67.03% - Min: -30.17% - Market Cap 7041 - Trading time: 00:03:23
06-09-2025 20:27:34.123 INFO Current price: 0.000000036150 - Current percentage: -7.30% - Max: 67.03% - Min: -30.17% - Market Cap 7467 - Trading time: 00:03:28
06-09-2025 20:27:35.121 INFO Current price: 0.000000037278 - Current percentage: -7.04% - Max: 67.03% - Min: -30.17% - Market Cap 7488 - Trading time: 00:03:29
06-09-2025 20:27:37.373 INFO Current price: 0.000000037330 - Current percentage: -7.04% - Max: 67.03% - Min: -30.17% - Market Cap 7488 - Trading time: 00:03:32
06-09-2025 20:27:40.526 INFO Current price: 0.000000037215 - Current percentage: -7.61% - Max: 67.03% - Min: -30.17% - Market Cap 7442 - Trading time: 00:03:35
06-09-2025 20:27:40.967 INFO Current price: 0.000000038168 - Current percentage: -2.22% - Max: 67.03% - Min: -30.17% - Market Cap 7876 - Trading time: 00:03:35
06-09-2025 20:27:41.773 INFO Current price: 0.000000039266 - Current percentage: -2.22% - Max: 67.03% - Min: -30.17% - Market Cap 7876 - Trading time: 00:03:36
06-09-2025 20:27:44.994 INFO Current price: 0.000000040346 - Current percentage: 3.24% - Max: 67.03% - Min: -30.17% - Market Cap 8315 - Trading time: 00:03:39
06-09-2025 20:27:45.284 INFO Current price: 0.000000042566 - Current percentage: 8.84% - Max: 67.03% - Min: -30.17% - Market Cap 8766 - Trading time: 00:03:40
06-09-2025 20:27:45.284 INFO Current price: 0.000000043833 - Current percentage: 9.48% - Max: 67.03% - Min: -30.17% - Market Cap 8818 - Trading time: 00:03:40
06-09-2025 20:27:45.559 INFO Current price: 0.000000044826 - Current percentage: 13.82% - Max: 67.03% - Min: -30.17% - Market Cap 9168 - Trading time: 00:03:40
06-09-2025 20:27:46.989 INFO Current price: 0.000000045690 - Current percentage: 13.74% - Max: 67.03% - Min: -30.17% - Market Cap 9161 - Trading time: 00:03:41
06-09-2025 20:27:51.188 INFO Current price: 0.000000045674 - Current percentage: 13.74% - Max: 67.03% - Min: -30.17% - Market Cap 9161 - Trading time: 00:03:45
06-09-2025 20:27:56.848 INFO Current price: 0.000000044814 - Current percentage: 9.50% - Max: 67.03% - Min: -30.17% - Market Cap 8820 - Trading time: 00:03:51
06-09-2025 20:27:56.853 INFO Current price: 0.000000043673 - Current percentage: 8.02% - Max: 67.03% - Min: -30.17% - Market Cap 8701 - Trading time: 00:03:51
06-09-2025 20:28:00.295 INFO Current price: 0.000000043470 - Current percentage: 8.48% - Max: 67.03% - Min: -30.17% - Market Cap 8738 - Trading time: 00:03:55
06-09-2025 20:28:00.857 INFO Current price: 0.000000043582 - Current percentage: 8.48% - Max: 67.03% - Min: -30.17% - Market Cap 8738 - Trading time: 00:03:55
06-09-2025 20:28:05.775 INFO Current price: 0.000000043435 - Current percentage: 7.85% - Max: 67.03% - Min: -30.17% - Market Cap 8687 - Trading time: 00:04:00
06-09-2025 20:28:06.436 INFO Current price: 0.000000045614 - Current percentage: 19.64% - Max: 67.03% - Min: -30.17% - Market Cap 9636 - Trading time: 00:04:01
06-09-2025 20:28:06.920 INFO Current price: 0.000000049215 - Current percentage: 25.55% - Max: 67.03% - Min: -30.17% - Market Cap 10113 - Trading time: 00:04:01
06-09-2025 20:28:07.252 INFO Current price: 0.000000051731 - Current percentage: 32.18% - Max: 67.03% - Min: -30.17% - Market Cap 10647 - Trading time: 00:04:02
06-09-2025 20:28:07.366 INFO Current price: 0.000000053363 - Current percentage: 33.60% - Max: 67.03% - Min: -30.17% - Market Cap 10761 - Trading time: 00:04:02
06-09-2025 20:28:09.636 INFO Current price: 0.000000052835 - Current percentage: 29.58% - Max: 67.03% - Min: -30.17% - Market Cap 10437 - Trading time: 00:04:04
06-09-2025 20:28:11.504 INFO Current price: 0.000000051599 - Current percentage: 27.42% - Max: 67.03% - Min: -30.17% - Market Cap 10263 - Trading time: 00:04:06
06-09-2025 20:28:13.087 INFO Current price: 0.000000051049 - Current percentage: 26.84% - Max: 67.03% - Min: -30.17% - Market Cap 10216 - Trading time: 00:04:07
06-09-2025 20:28:13.087 INFO Current price: 0.000000049712 - Current percentage: 20.83% - Max: 67.03% - Min: -30.17% - Market Cap 9733 - Trading time: 00:04:07
06-09-2025 20:28:16.558 INFO Current price: 0.000000047881 - Current percentage: 17.66% - Max: 67.03% - Min: -30.17% - Market Cap 9477 - Trading time: 00:04:11
06-09-2025 20:28:22.340 INFO Current price: 0.000000047346 - Current percentage: 18.15% - Max: 67.03% - Min: -30.17% - Market Cap 9516 - Trading time: 00:04:17
06-09-2025 20:28:23.833 INFO Current price: 0.000000049467 - Current percentage: 23.76% - Max: 67.03% - Min: -30.17% - Market Cap 9968 - Trading time: 00:04:18
06-09-2025 20:28:25.390 INFO Current price: 0.000000049749 - Current percentage: 24.01% - Max: 67.03% - Min: -30.17% - Market Cap 9989 - Trading time: 00:04:20
06-09-2025 20:28:26.451 INFO Current price: 0.000000049568 - Current percentage: 22.86% - Max: 67.03% - Min: -30.17% - Market Cap 9896 - Trading time: 00:04:21
06-09-2025 20:28:29.337 INFO Current price: 0.000000049287 - Current percentage: 22.61% - Max: 67.03% - Min: -30.17% - Market Cap 9876 - Trading time: 00:04:24
06-09-2025 20:28:29.342 INFO Current price: 0.000000049298 - Current percentage: 22.92% - Max: 67.03% - Min: -30.17% - Market Cap 9901 - Trading time: 00:04:24
06-09-2025 20:28:29.563 INFO Current price: 0.000000049422 - Current percentage: 23.23% - Max: 67.03% - Min: -30.17% - Market Cap 9925 - Trading time: 00:04:24
06-09-2025 20:28:30.396 INFO Current price: 0.000000049514 - Current percentage: 23.38% - Max: 67.03% - Min: -30.17% - Market Cap 9938 - Trading time: 00:04:25
06-09-2025 20:28:33.453 INFO Current price: 0.000000051971 - Current percentage: 35.76% - Max: 67.03% - Min: -30.17% - Market Cap 10935 - Trading time: 00:04:28
06-09-2025 20:28:40.878 INFO Current price: 0.000000054569 - Current percentage: 36.03% - Max: 67.03% - Min: -30.17% - Market Cap 10956 - Trading time: 00:04:35
06-09-2025 20:28:41.116 INFO Current price: 0.000000054145 - Current percentage: 33.66% - Max: 67.03% - Min: -30.17% - Market Cap 10766 - Trading time: 00:04:35
06-09-2025 20:28:41.292 INFO Current price: 0.000000053414 - Current percentage: 32.38% - Max: 67.03% - Min: -30.17% - Market Cap 10662 - Trading time: 00:04:36
06-09-2025 20:28:41.388 INFO Current price: 0.000000053792 - Current percentage: 35.56% - Max: 67.03% - Min: -30.17% - Market Cap 10918 - Trading time: 00:04:36
06-09-2025 20:28:42.221 INFO Current price: 0.000000054742 - Current percentage: 37.09% - Max: 67.03% - Min: -30.17% - Market Cap 11042 - Trading time: 00:04:36
06-09-2025 20:28:47.675 INFO Current price: 0.000000052469 - Current percentage: 24.53% - Max: 67.03% - Min: -30.17% - Market Cap 10031 - Trading time: 00:04:42
06-09-2025 20:28:51.820 INFO Current price: 0.000000048509 - Current percentage: 17.18% - Max: 67.03% - Min: -30.17% - Market Cap 9438 - Trading time: 00:04:46
06-09-2025 20:28:57.693 INFO Current price: 0.000000048264 - Current percentage: 23.28% - Max: 67.03% - Min: -30.17% - Market Cap 9930 - Trading time: 00:04:52
06-09-2025 20:28:58.025 INFO Current price: 0.000000049516 - Current percentage: 23.34% - Max: 67.03% - Min: -30.17% - Market Cap 9935 - Trading time: 00:04:52
06-09-2025 20:29:04.693 INFO Current price: 0.000000049596 - Current percentage: 23.67% - Max: 67.03% - Min: -30.17% - Market Cap 9961 - Trading time: 00:04:59
06-09-2025 20:29:05.921 INFO Current price: 0.000000052134 - Current percentage: 30.16% - Max: 67.03% - Min: -30.17% - Market Cap 10484 - Trading time: 00:05:00
06-09-2025 20:29:05.921 INFO Current price: 0.000000052279 - Current percentage: 30.22% - Max: 67.03% - Min: -30.17% - Market Cap 10489 - Trading time: 00:05:00
06-09-2025 20:29:16.842 INFO Current price: 0.000000052272 - Current percentage: 30.09% - Max: 67.03% - Min: -30.17% - Market Cap 10478 - Trading time: 00:05:11
06-09-2025 20:29:17.703 INFO Current price: 0.000000051635 - Current percentage: 27.10% - Max: 67.03% - Min: -30.17% - Market Cap 10237 - Trading time: 00:05:12
06-09-2025 20:29:22.066 INFO Current price: 0.000000051026 - Current percentage: 27.04% - Max: 67.03% - Min: -30.17% - Market Cap 10232 - Trading time: 00:05:16
06-09-2025 20:29:23.903 INFO Current price: 0.000000050494 - Current percentage: 24.46% - Max: 67.03% - Min: -30.17% - Market Cap 10025 - Trading time: 00:05:18
06-09-2025 20:29:23.903 INFO Current price: 0.000000050346 - Current percentage: 26.29% - Max: 67.03% - Min: -30.17% - Market Cap 10172 - Trading time: 00:05:18
06-09-2025 20:29:26.154 INFO Current price: 0.000000050588 - Current percentage: 25.66% - Max: 67.03% - Min: -30.17% - Market Cap 10122 - Trading time: 00:05:20
06-09-2025 20:29:35.197 INFO Current price: 0.000000050487 - Current percentage: 25.79% - Max: 67.03% - Min: -30.17% - Market Cap 10132 - Trading time: 00:05:29
06-09-2025 20:29:36.418 INFO Current price: 0.000000051138 - Current percentage: 28.93% - Max: 67.03% - Min: -30.17% - Market Cap 10384 - Trading time: 00:05:31
06-09-2025 20:29:36.531 INFO Current price: 0.000000051759 - Current percentage: 28.86% - Max: 67.03% - Min: -30.17% - Market Cap 10379 - Trading time: 00:05:31
06-09-2025 20:29:50.113 INFO Current price: 0.000000051464 - Current percentage: 27.46% - Max: 67.03% - Min: -30.17% - Market Cap 10266 - Trading time: 00:05:44
06-09-2025 20:29:59.036 INFO Current price: 0.000000051135 - Current percentage: 27.22% - Max: 67.03% - Min: -30.17% - Market Cap 10247 - Trading time: 00:05:53
06-09-2025 20:30:11.590 INFO Current price: 0.000000049572 - Current percentage: 19.79% - Max: 67.03% - Min: -30.17% - Market Cap 9648 - Trading time: 00:06:06
06-09-2025 20:30:11.590 INFO Current price: 0.000000046789 - Current percentage: 13.34% - Max: 67.03% - Min: -30.17% - Market Cap 9129 - Trading time: 00:06:06
06-09-2025 20:30:11.669 INFO Current price: 0.000000044637 - Current percentage: 9.02% - Max: 67.03% - Min: -30.17% - Market Cap 8781 - Trading time: 00:06:06
06-09-2025 20:30:12.306 INFO Current price: 0.000000043769 - Current percentage: 8.97% - Max: 67.03% - Min: -30.17% - Market Cap 8777 - Trading time: 00:06:07
06-09-2025 20:30:19.638 INFO Current price: 0.000000042543 - Current percentage: 3.00% - Max: 67.03% - Min: -30.17% - Market Cap 8296 - Trading time: 00:06:14
06-09-2025 20:30:23.069 INFO Current price: 0.000000040907 - Current percentage: 0.75% - Max: 67.03% - Min: -30.17% - Market Cap 8115 - Trading time: 00:06:17
06-09-2025 20:30:23.129 INFO Current price: 0.000000040054 - Current percentage: -1.25% - Max: 67.03% - Min: -30.17% - Market Cap 7954 - Trading time: 00:06:17
06-09-2025 20:30:24.279 INFO Current price: 0.000000039472 - Current percentage: -2.15% - Max: 67.03% - Min: -30.17% - Market Cap 7881 - Trading time: 00:06:19
06-09-2025 20:30:26.632 INFO Current price: 0.000000038430 - Current percentage: -6.40% - Max: 67.03% - Min: -30.17% - Market Cap 7539 - Trading time: 00:06:21
06-09-2025 20:30:34.717 INFO Current price: 0.000000037571 - Current percentage: -6.48% - Max: 67.03% - Min: -30.17% - Market Cap 7533 - Trading time: 00:06:29
06-09-2025 20:30:54.366 INFO Current price: 0.000000037597 - Current percentage: -6.27% - Max: 67.03% - Min: -30.17% - Market Cap 7550 - Trading time: 00:06:49
06-09-2025 20:30:57.963 INFO Current price: 0.000000037856 - Current percentage: -5.19% - Max: 67.03% - Min: -30.17% - Market Cap 7637 - Trading time: 00:06:52
06-09-2025 20:31:05.320 INFO Current price: 0.000000038555 - Current percentage: -3.32% - Max: 67.03% - Min: -30.17% - Market Cap 7787 - Trading time: 00:07:00
06-09-2025 20:31:10.433 INFO Current price: 0.000000038752 - Current percentage: -3.68% - Max: 67.03% - Min: -30.17% - Market Cap 7758 - Trading time: 00:07:05
06-09-2025 20:31:11.893 INFO Current price: 0.000000038702 - Current percentage: -3.57% - Max: 67.03% - Min: -30.17% - Market Cap 7767 - Trading time: 00:07:06
06-09-2025 20:31:12.684 INFO Current price: 0.000000038745 - Current percentage: -3.46% - Max: 67.03% - Min: -30.17% - Market Cap 7776 - Trading time: 00:07:07
06-09-2025 20:31:14.433 INFO Current price: 0.000000038777 - Current percentage: -3.41% - Max: 67.03% - Min: -30.17% - Market Cap 7780 - Trading time: 00:07:09
06-09-2025 20:31:18.852 INFO Current price: 0.000000037436 - Current percentage: -10.02% - Max: 67.03% - Min: -30.17% - Market Cap 7247 - Trading time: 00:07:13
06-09-2025 20:31:20.771 INFO Current price: 0.000000036091 - Current percentage: -10.22% - Max: 67.03% - Min: -30.17% - Market Cap 7231 - Trading time: 00:07:15
06-09-2025 20:31:20.771 INFO Current price: 0.000000036013 - Current percentage: -10.41% - Max: 67.03% - Min: -30.17% - Market Cap 7216 - Trading time: 00:07:15
06-09-2025 20:31:21.614 INFO Current price: 0.000000035926 - Current percentage: -10.65% - Max: 67.03% - Min: -30.17% - Market Cap 7196 - Trading time: 00:07:16
06-09-2025 20:31:25.083 INFO Current price: 0.000000036086 - Current percentage: -10.13% - Max: 67.03% - Min: -30.17% - Market Cap 7238 - Trading time: 00:07:19
06-09-2025 20:31:48.672 INFO Current price: 0.000000036330 - Current percentage: -8.92% - Max: 67.03% - Min: -30.17% - Market Cap 7336 - Trading time: 00:07:43
06-09-2025 20:31:51.885 INFO Current price: 0.000000036614 - Current percentage: -8.73% - Max: 67.03% - Min: -30.17% - Market Cap 7352 - Trading time: 00:07:46
06-09-2025 20:32:28.614 INFO Current price: 0.000000036973 - Current percentage: -7.12% - Max: 67.03% - Min: -30.17% - Market Cap 7481 - Trading time: 00:08:23
06-09-2025 20:32:28.915 INFO Current price: 0.000000037256 - Current percentage: -7.32% - Max: 67.03% - Min: -30.17% - Market Cap 7465 - Trading time: 00:08:23
06-09-2025 20:33:02.950 INFO Current price: 0.000000037571 - Current percentage: -5.55% - Max: 67.03% - Min: -30.17% - Market Cap 7608 - Trading time: 00:08:57
06-09-2025 20:33:07.879 INFO Current price: 0.000000037873 - Current percentage: -5.83% - Max: 67.03% - Min: -30.17% - Market Cap 7585 - Trading time: 00:09:02
06-09-2025 20:33:08.322 INFO Current price: 0.000000038113 - Current percentage: -4.34% - Max: 67.03% - Min: -30.17% - Market Cap 7705 - Trading time: 00:09:03
06-09-2025 20:33:09.957 INFO Current price: 0.000000038449 - Current percentage: -4.16% - Max: 67.03% - Min: -30.17% - Market Cap 7720 - Trading time: 00:09:04
06-09-2025 20:34:05.120 INFO Current price: 0.000000038492 - Current percentage: -4.13% - Max: 67.03% - Min: -30.17% - Market Cap 7722 - Trading time: 00:09:59
06-09-2025 20:34:15.697 INFO Current price: 0.000000038460 - Current percentage: -4.32% - Max: 67.03% - Min: -30.17% - Market Cap 7707 - Trading time: 00:10:10
06-09-2025 20:34:57.551 INFO Current price: 0.000000038057 - Current percentage: -6.13% - Max: 67.03% - Min: -30.17% - Market Cap 7561 - Trading time: 00:10:52
06-09-2025 20:35:17.758 INFO Current price: 0.000000038160 - Current percentage: -5.81% - Max: 67.03% - Min: -30.17% - Market Cap 7587 - Trading time: 00:11:12
06-09-2025 20:35:20.078 INFO Current price: 0.000000037771 - Current percentage: -6.07% - Max: 67.03% - Min: -30.17% - Market Cap 7565 - Trading time: 00:11:14
06-09-2025 20:35:22.966 INFO Current price: 0.000000037460 - Current percentage: -7.35% - Max: 67.03% - Min: -30.17% - Market Cap 7463 - Trading time: 00:11:17
06-09-2025 20:35:34.482 INFO Current price: 0.000000035461 - Current percentage: -14.07% - Max: 67.03% - Min: -30.17% - Market Cap 6921 - Trading time: 00:11:29
06-09-2025 20:35:35.490 INFO Current price: 0.000000034252 - Current percentage: -15.33% - Max: 67.03% - Min: -30.17% - Market Cap 6820 - Trading time: 00:11:30
06-09-2025 20:35:58.517 INFO Current price: 0.000000033964 - Current percentage: -15.51% - Max: 67.03% - Min: -30.17% - Market Cap 6805 - Trading time: 00:11:53
06-09-2025 20:37:16.988 INFO Current price: 0.000000033339 - Current percentage: -18.42% - Max: 67.03% - Min: -30.17% - Market Cap 6571 - Trading time: 00:13:11
06-09-2025 20:37:16.988 INFO Current price: 0.000000032222 - Current percentage: -21.08% - Max: 67.03% - Min: -30.17% - Market Cap 6357 - Trading time: 00:13:11
06-09-2025 20:37:17.028 INFO Current price: 0.000000031211 - Current percentage: -23.46% - Max: 67.03% - Min: -30.17% - Market Cap 6165 - Trading time: 00:13:11






06-09-2025 20:44:05.983 INFO {"type":"summary","reason":"max_window","startedAt":"2025-09-06T18:24:05.239Z","endedAt":"2025-09-06T18:44:05.983Z","durationSec":1200,"entryPrice":4.177112074557249e-8,"entryMarketCapSol":40.15627742825421,"entryMarketCapUsd":8054.546126559229,"minPct":-30.169495959551075,"maxPct":67.0292239840417,"buyCount":127,"sellCount":141,"tradeCount":268,"entryRecorded":true,"noPostThresholdTrades":false,"triggerAt":"2025-09-06T18:24:05.238Z","ageAtTriggerSec":4,"preTotalTrades":1,"preBuys":1,"preSells":0,"preUniqueTraders":1,"preEntryTotalTrades":16,"preEntryBuys":14,"preEntrySells":2,"preEntryUniqueTraders":14,"preEntryMinMcUsd":8230.739598436741,"preEntryMaxMcUsd":10142.164584537268,"thresholdMcSol":40.15627742825421,"thresholdMcUsd":8054.546126559229,"thresholdPrice":4.177112074557249e-8}
