06-09-2025 20:31:35.136 INFO Entry price: 0.000000032953368819 - Entry market cap: 6301 - Buys 1 - Sells 1 - Ratio: 1:1.00 - Min MarketCap: 6137 - Max MarketCap: 6934
06-09-2025 20:31:35.136 INFO Current price: 0.000000032953 - Current percentage: 0.00% - Max: 0.00% - Min: 0.00% - Market Cap 6301 - Trading time: 00:00:02
06-09-2025 20:32:53.995 INFO Current price: 0.000000030508 - Current percentage: -5.68% - Max: 0.00% - Min: -5.68% - Market Cap 5943 - Trading time: 00:01:20
06-09-2025 20:37:38.926 INFO Current price: 0.000000028798 - Current percentage: -10.90% - Max: 0.00% - Min: -10.90% - Market Cap 5614 - Trading time: 00:06:05
06-09-2025 20:39:23.614 INFO Current price: 0.000000028923 - Current percentage: -4.86% - Max: 0.00% - Min: -10.90% - Market Cap 5995 - Trading time: 00:07:50
06-09-2025 20:39:46.052 INFO Current price: 0.000000030358 - Current percentage: -1.84% - Max: 0.00% - Min: -10.90% - Market Cap 6185 - Trading time: 00:08:12
06-09-2025 20:39:46.112 INFO Current price: 0.000000031559 - Current percentage: 2.82% - Max: 2.82% - Min: -10.90% - Market Cap 6479 - Trading time: 00:08:12
06-09-2025 20:39:46.192 INFO Current price: 0.000000032794 - Current percentage: 5.99% - Max: 5.99% - Min: -10.90% - Market Cap 6679 - Trading time: 00:08:13
06-09-2025 20:39:46.439 INFO Current price: 0.000000033579 - Current percentage: 7.80% - Max: 7.80% - Min: -10.90% - Market Cap 6793 - Trading time: 00:08:13
06-09-2025 20:39:58.851 INFO Current price: 0.000000034367 - Current percentage: 11.02% - Max: 11.02% - Min: -10.90% - Market Cap 6995 - Trading time: 00:08:25
06-09-2025 20:39:58.992 INFO Current price: 0.000000035031 - Current percentage: 12.01% - Max: 12.01% - Min: -10.90% - Market Cap 7058 - Trading time: 00:08:25
06-09-2025 20:39:59.148 INFO Current price: 0.000000035428 - Current percentage: 13.55% - Max: 13.55% - Min: -10.90% - Market Cap 7155 - Trading time: 00:08:26
06-09-2025 20:39:59.150 INFO Current price: 0.000000036164 - Current percentage: 16.71% - Max: 16.71% - Min: -10.90% - Market Cap 7354 - Trading time: 00:08:26
06-09-2025 20:39:59.383 INFO Current price: 0.000000036663 - Current percentage: 16.71% - Max: 16.71% - Min: -10.90% - Market Cap 7354 - Trading time: 00:08:26
06-09-2025 20:40:04.952 INFO Current price: 0.000000036664 - Current percentage: 16.72% - Max: 16.72% - Min: -10.90% - Market Cap 7354 - Trading time: 00:08:31
06-09-2025 20:40:09.687 INFO Current price: 0.000000036166 - Current percentage: 13.56% - Max: 16.72% - Min: -10.90% - Market Cap 7155 - Trading time: 00:08:36
06-09-2025 20:40:09.687 INFO Current price: 0.000000035662 - Current percentage: 13.56% - Max: 16.72% - Min: -10.90% - Market Cap 7155 - Trading time: 00:08:36
06-09-2025 20:40:09.790 INFO Current price: 0.000000035514 - Current percentage: 12.55% - Max: 16.72% - Min: -10.90% - Market Cap 7092 - Trading time: 00:08:36
06-09-2025 20:40:19.390 INFO Current price: 0.000000035116 - Current percentage: 11.02% - Max: 16.72% - Min: -10.90% - Market Cap 6996 - Trading time: 00:08:46
06-09-2025 20:40:27.800 INFO Current price: 0.000000033666 - Current percentage: 3.44% - Max: 16.72% - Min: -10.90% - Market Cap 6518 - Trading time: 00:08:54
06-09-2025 20:40:27.891 INFO Current price: 0.000000032012 - Current percentage: 0.38% - Max: 16.72% - Min: -10.90% - Market Cap 6325 - Trading time: 00:08:54
06-09-2025 20:42:16.245 INFO Current price: 0.000000031040 - Current percentage: -2.97% - Max: 16.72% - Min: -10.90% - Market Cap 6114 - Trading time: 00:10:43
06-09-2025 20:42:16.345 INFO Current price: 0.000000029872 - Current percentage: -7.25% - Max: 16.72% - Min: -10.90% - Market Cap 5844 - Trading time: 00:10:43
06-09-2025 20:42:42.183 INFO Current price: 0.000000030158 - Current percentage: -1.10% - Max: 16.72% - Min: -10.90% - Market Cap 6232 - Trading time: 00:11:09
06-09-2025 20:43:05.321 INFO Current price: 0.000000031623 - Current percentage: 1.98% - Max: 16.72% - Min: -10.90% - Market Cap 6426 - Trading time: 00:11:32
06-09-2025 20:43:05.672 INFO Current price: 0.000000032604 - Current percentage: 5.14% - Max: 16.72% - Min: -10.90% - Market Cap 6625 - Trading time: 00:11:32
06-09-2025 20:43:05.703 INFO Current price: 0.000000033107 - Current percentage: 5.15% - Max: 16.72% - Min: -10.90% - Market Cap 6625 - Trading time: 00:11:32
06-09-2025 20:43:24.406 INFO Current price: 0.000000032608 - Current percentage: 1.99% - Max: 16.72% - Min: -10.90% - Market Cap 6427 - Trading time: 00:11:51
06-09-2025 20:43:25.210 INFO Current price: 0.000000032896 - Current percentage: 7.01% - Max: 16.72% - Min: -10.90% - Market Cap 6743 - Trading time: 00:11:52
06-09-2025 20:43:46.663 INFO Current price: 0.000000034297 - Current percentage: 10.86% - Max: 16.72% - Min: -10.90% - Market Cap 6985 - Trading time: 00:12:13
06-09-2025 20:44:28.869 INFO Current price: 0.000000035324 - Current percentage: 13.52% - Max: 16.72% - Min: -10.90% - Market Cap 7153 - Trading time: 00:12:55
06-09-2025 20:45:55.534 INFO Current price: 0.000000035217 - Current percentage: 10.19% - Max: 16.72% - Min: -10.90% - Market Cap 6943 - Trading time: 00:14:22
06-09-2025 20:47:33.278 INFO Current price: 0.000000035735 - Current percentage: 16.88% - Max: 16.88% - Min: -10.90% - Market Cap 7365 - Trading time: 00:16:00
06-09-2025 20:48:21.519 INFO Current price: 0.000000036826 - Current percentage: 17.02% - Max: 17.02% - Min: -10.90% - Market Cap 7373 - Trading time: 00:16:48
06-09-2025 20:49:13.561 INFO Current price: 0.000000038024 - Current percentage: 24.61% - Max: 24.61% - Min: -10.90% - Market Cap 7852 - Trading time: 00:17:40
06-09-2025 20:49:13.562 INFO Current price: 0.000000040453 - Current percentage: 32.45% - Max: 32.45% - Min: -10.90% - Market Cap 8346 - Trading time: 00:17:40
06-09-2025 20:49:13.596 INFO Current price: 0.000000042602 - Current percentage: 38.20% - Max: 38.20% - Min: -10.90% - Market Cap 8708 - Trading time: 00:17:40
06-09-2025 20:49:13.599 INFO Current price: 0.000000044330 - Current percentage: 43.41% - Max: 43.41% - Min: -10.90% - Market Cap 9036 - Trading time: 00:17:40
06-09-2025 20:49:13.651 INFO Current price: 0.000000045984 - Current percentage: 48.71% - Max: 48.71% - Min: -10.90% - Market Cap 9370 - Trading time: 00:17:40
06-09-2025 20:49:13.871 INFO Current price: 0.000000047640 - Current percentage: 53.92% - Max: 53.92% - Min: -10.90% - Market Cap 9699 - Trading time: 00:17:40
06-09-2025 20:49:13.871 INFO Current price: 0.000000050891 - Current percentage: 69.70% - Max: 69.70% - Min: -10.90% - Market Cap 10693 - Trading time: 00:17:40
06-09-2025 20:49:13.872 INFO Current price: 0.000000053706 - Current percentage: 71.43% - Max: 71.43% - Min: -10.90% - Market Cap 10802 - Trading time: 00:17:40
06-09-2025 20:49:13.872 INFO Current price: 0.000000054008 - Current percentage: 71.61% - Max: 71.61% - Min: -10.90% - Market Cap 10814 - Trading time: 00:17:40
06-09-2025 20:49:13.898 INFO Current price: 0.000000054292 - Current percentage: 73.23% - Max: 73.23% - Min: -10.90% - Market Cap 10915 - Trading time: 00:17:40
06-09-2025 20:49:13.943 INFO Current price: 0.000000054561 - Current percentage: 73.23% - Max: 73.23% - Min: -10.90% - Market Cap 10915 - Trading time: 00:17:40
06-09-2025 20:49:14.235 INFO Current price: 0.000000054742 - Current percentage: 74.47% - Max: 74.47% - Min: -10.90% - Market Cap 10994 - Trading time: 00:17:41
06-09-2025 20:49:14.235 INFO Current price: 0.000000055467 - Current percentage: 77.85% - Max: 77.85% - Min: -10.90% - Market Cap 11206 - Trading time: 00:17:41
06-09-2025 20:49:14.238 INFO Current price: 0.000000056006 - Current percentage: 77.85% - Max: 77.85% - Min: -10.90% - Market Cap 11206 - Trading time: 00:17:41
06-09-2025 20:49:14.487 INFO Current price: 0.000000057345 - Current percentage: 86.49% - Max: 86.49% - Min: -10.90% - Market Cap 11751 - Trading time: 00:17:41
06-09-2025 20:49:14.603 INFO Current price: 0.000000058723 - Current percentage: 86.49% - Max: 86.49% - Min: -10.90% - Market Cap 11751 - Trading time: 00:17:41
06-09-2025 20:49:14.687 INFO Current price: 0.000000058728 - Current percentage: 86.53% - Max: 86.53% - Min: -10.90% - Market Cap 11753 - Trading time: 00:17:41
06-09-2025 20:49:15.199 INFO Current price: 0.000000058734 - Current percentage: 86.53% - Max: 86.53% - Min: -10.90% - Market Cap 11753 - Trading time: 00:17:42
06-09-2025 20:49:19.808 INFO Current price: 0.000000058866 - Current percentage: 87.37% - Max: 87.37% - Min: -10.90% - Market Cap 11806 - Trading time: 00:17:46
06-09-2025 20:49:23.734 INFO Current price: 0.000000058998 - Current percentage: 87.37% - Max: 87.37% - Min: -10.90% - Market Cap 11806 - Trading time: 00:17:50
06-09-2025 20:49:26.154 INFO Current price: 0.000000058865 - Current percentage: 86.53% - Max: 87.37% - Min: -10.90% - Market Cap 11753 - Trading time: 00:17:53
06-09-2025 20:49:29.968 INFO Current price: 0.000000058709 - Current percentage: 86.53% - Max: 87.37% - Min: -10.90% - Market Cap 11753 - Trading time: 00:17:56
06-09-2025 20:49:32.216 INFO Current price: 0.000000058691 - Current percentage: 86.26% - Max: 87.37% - Min: -10.90% - Market Cap 11736 - Trading time: 00:17:59
06-09-2025 20:49:37.424 INFO Current price: 0.000000056514 - Current percentage: 72.94% - Max: 87.37% - Min: -10.90% - Market Cap 10897 - Trading time: 00:18:04
06-09-2025 20:49:45.002 INFO Current price: 0.000000054478 - Current percentage: 72.94% - Max: 87.37% - Min: -10.90% - Market Cap 10897 - Trading time: 00:18:11
06-09-2025 20:49:46.755 INFO Current price: 0.000000053667 - Current percentage: 67.96% - Max: 87.37% - Min: -10.90% - Market Cap 10584 - Trading time: 00:18:13
06-09-2025 20:49:47.177 INFO Current price: 0.000000052399 - Current percentage: 64.87% - Max: 87.37% - Min: -10.90% - Market Cap 10388 - Trading time: 00:18:14
06-09-2025 20:49:48.414 INFO Current price: 0.000000051909 - Current percentage: 64.84% - Max: 87.37% - Min: -10.90% - Market Cap 10387 - Trading time: 00:18:15
06-09-2025 20:49:50.036 INFO Current price: 0.000000049808 - Current percentage: 51.79% - Max: 87.37% - Min: -10.90% - Market Cap 9564 - Trading time: 00:18:16
06-09-2025 20:49:50.400 INFO Current price: 0.000000047771 - Current percentage: 51.63% - Max: 87.37% - Min: -10.90% - Market Cap 9554 - Trading time: 00:18:17
06-09-2025 20:50:18.339 INFO Current price: 0.000000046879 - Current percentage: 46.17% - Max: 87.37% - Min: -10.90% - Market Cap 9211 - Trading time: 00:18:45
06-09-2025 20:50:18.596 INFO Current price: 0.000000045813 - Current percentage: 44.81% - Max: 87.37% - Min: -10.90% - Market Cap 9125 - Trading time: 00:18:45
06-09-2025 20:50:58.303 INFO Current price: 0.000000044654 - Current percentage: 38.87% - Max: 87.37% - Min: -10.90% - Market Cap 8751 - Trading time: 00:19:25
06-09-2025 20:51:12.325 INFO Current price: 0.000000044882 - Current percentage: 42.55% - Max: 87.37% - Min: -10.90% - Market Cap 8982 - Trading time: 00:19:39
06-09-2025 20:51:15.749 INFO Current price: 0.000000042921 - Current percentage: 30.33% - Max: 87.37% - Min: -10.90% - Market Cap 8212 - Trading time: 00:19:42
06-09-2025 20:51:15.749 INFO Current price: 0.000000041150 - Current percentage: 31.04% - Max: 87.37% - Min: -10.90% - Market Cap 8257 - Trading time: 00:19:42
06-09-2025 20:51:15.755 INFO Current price: 0.000000041093 - Current percentage: 29.97% - Max: 87.37% - Min: -10.90% - Market Cap 8190 - Trading time: 00:19:42
06-09-2025 20:51:16.060 INFO Current price: 0.000000040800 - Current percentage: 29.17% - Max: 87.37% - Min: -10.90% - Market Cap 8139 - Trading time: 00:19:42
06-09-2025 20:51:20.433 INFO Current price: 0.000000040566 - Current percentage: 28.48% - Max: 87.37% - Min: -10.90% - Market Cap 8096 - Trading time: 00:19:47






06-09-2025 20:51:33.880 INFO {"type":"summary","reason":"max_window","startedAt":"2025-09-06T18:31:33.136Z","endedAt":"2025-09-06T18:51:33.880Z","durationSec":1200,"entryPrice":3.2953368818848113e-8,"entryMarketCapSol":31.414344332610696,"entryMarketCapUsd":6301.089186235054,"minPct":-10.89844638242966,"maxPct":87.36613301377164,"buyCount":41,"sellCount":30,"tradeCount":71,"entryRecorded":true,"noPostThresholdTrades":false,"triggerAt":"2025-09-06T18:31:33.135Z","ageAtTriggerSec":304,"preTotalTrades":2,"preBuys":1,"preSells":1,"preUniqueTraders":2,"preEntryTotalTrades":2,"preEntryBuys":1,"preEntrySells":1,"preEntryUniqueTraders":2,"preEntryMinMcUsd":6136.881042095907,"preEntryMaxMcUsd":6933.607691453964,"thresholdMcSol":31.414344332610696,"thresholdMcUsd":6301.089186235054,"thresholdPrice":3.2953368818848113e-8}
