07-09-2025 20:02:37.502 INFO Entry price: 0.000000091951061205 - Entry market cap: 17532 - Buys 55 - Sells 5 - Ratio: 1:0.09 - Min MarketCap: 10557 - Max MarketCap: 19708
07-09-2025 20:02:37.502 INFO Current price: 0.000000091951 - Current percentage: 0.00% - Max: 0.00% - Min: 0.00% - Market Cap 17532 - Trading time: 00:00:02
07-09-2025 20:02:37.797 INFO Current price: 0.000000089699 - Current percentage: 3.61% - Max: 3.61% - Min: 0.00% - Market Cap 18164 - Trading time: 00:00:02
07-09-2025 20:02:38.097 INFO Current price: 0.000000090678 - Current percentage: 5.51% - Max: 5.51% - Min: 0.00% - Market Cap 18498 - Trading time: 00:00:02
07-09-2025 20:02:38.274 INFO Current price: 0.000000091667 - Current percentage: 5.88% - Max: 5.88% - Min: 0.00% - Market Cap 18563 - Trading time: 00:00:02
07-09-2025 20:02:38.462 INFO Current price: 0.000000091804 - Current percentage: 5.83% - Max: 5.88% - Min: 0.00% - Market Cap 18554 - Trading time: 00:00:02
07-09-2025 20:02:39.161 INFO Current price: 0.000000091654 - Current percentage: 5.54% - Max: 5.88% - Min: 0.00% - Market Cap 18502 - Trading time: 00:00:03
07-09-2025 20:02:39.796 INFO Current price: 0.000000092099 - Current percentage: 6.86% - Max: 6.86% - Min: 0.00% - Market Cap 18734 - Trading time: 00:00:04
07-09-2025 20:02:40.564 INFO Current price: 0.000000092496 - Current percentage: 6.45% - Max: 6.86% - Min: 0.00% - Market Cap 18662 - Trading time: 00:00:05
07-09-2025 20:02:40.567 INFO Current price: 0.000000092488 - Current percentage: 6.84% - Max: 6.86% - Min: 0.00% - Market Cap 18731 - Trading time: 00:00:05
07-09-2025 20:02:41.082 INFO Current price: 0.000000092793 - Current percentage: 7.15% - Max: 7.15% - Min: 0.00% - Market Cap 18786 - Trading time: 00:00:05
07-09-2025 20:02:43.025 INFO Current price: 0.000000093014 - Current percentage: 7.35% - Max: 7.35% - Min: 0.00% - Market Cap 18820 - Trading time: 00:00:07
07-09-2025 20:02:44.133 INFO Current price: 0.000000093333 - Current percentage: 8.58% - Max: 8.58% - Min: 0.00% - Market Cap 19036 - Trading time: 00:00:08
07-09-2025 20:02:45.267 INFO Current price: 0.000000095090 - Current percentage: 10.72% - Max: 10.72% - Min: 0.00% - Market Cap 19411 - Trading time: 00:00:09
07-09-2025 20:02:46.578 INFO Current price: 0.000000096955 - Current percentage: 12.88% - Max: 12.88% - Min: 0.00% - Market Cap 19790 - Trading time: 00:00:11
07-09-2025 20:02:47.580 INFO Current price: 0.000000098577 - Current percentage: 14.45% - Max: 14.45% - Min: 0.00% - Market Cap 20066 - Trading time: 00:00:12
07-09-2025 20:02:48.380 INFO Current price: 0.000000099302 - Current percentage: 14.55% - Max: 14.55% - Min: 0.00% - Market Cap 20082 - Trading time: 00:00:12
07-09-2025 20:02:48.743 INFO Current price: 0.000000100291 - Current percentage: 16.74% - Max: 16.74% - Min: 0.00% - Market Cap 20468 - Trading time: 00:00:13
07-09-2025 20:02:49.932 INFO Current price: 0.000000101799 - Current percentage: 18.02% - Max: 18.02% - Min: 0.00% - Market Cap 20690 - Trading time: 00:00:14
07-09-2025 20:02:51.240 INFO Current price: 0.000000103404 - Current percentage: 20.45% - Max: 20.45% - Min: 0.00% - Market Cap 21118 - Trading time: 00:00:15
07-09-2025 20:02:52.617 INFO Current price: 0.000000105097 - Current percentage: 21.91% - Max: 21.91% - Min: 0.00% - Market Cap 21374 - Trading time: 00:00:17
07-09-2025 20:02:55.319 INFO Current price: 0.000000106167 - Current percentage: 22.92% - Max: 22.92% - Min: 0.00% - Market Cap 21550 - Trading time: 00:00:19
07-09-2025 20:02:55.934 INFO Current price: 0.000000106713 - Current percentage: 23.17% - Max: 23.17% - Min: 0.00% - Market Cap 21594 - Trading time: 00:00:20
07-09-2025 20:02:56.890 INFO Current price: 0.000000107880 - Current percentage: 25.62% - Max: 25.62% - Min: 0.00% - Market Cap 22024 - Trading time: 00:00:21
07-09-2025 20:02:57.798 INFO Current price: 0.000000095354 - Current percentage: -3.77% - Max: 25.62% - Min: -3.77% - Market Cap 16871 - Trading time: 00:00:22
07-09-2025 20:02:59.382 INFO Current price: 0.000000083649 - Current percentage: -3.33% - Max: 25.62% - Min: -3.77% - Market Cap 16949 - Trading time: 00:00:23
07-09-2025 20:02:59.655 INFO Current price: 0.000000084001 - Current percentage: -2.96% - Max: 25.62% - Min: -3.77% - Market Cap 17013 - Trading time: 00:00:24
07-09-2025 20:03:00.489 INFO Current price: 0.000000084840 - Current percentage: -1.38% - Max: 25.62% - Min: -3.77% - Market Cap 17289 - Trading time: 00:00:24
07-09-2025 20:03:01.687 INFO Current price: 0.000000086245 - Current percentage: 0.28% - Max: 25.62% - Min: -3.77% - Market Cap 17581 - Trading time: 00:00:26
07-09-2025 20:03:02.903 INFO Current price: 0.000000087149 - Current percentage: 0.70% - Max: 25.62% - Min: -3.77% - Market Cap 17654 - Trading time: 00:00:27
07-09-2025 20:03:04.026 INFO Current price: 0.000000087692 - Current percentage: 1.53% - Max: 25.62% - Min: -3.77% - Market Cap 17801 - Trading time: 00:00:28
07-09-2025 20:03:05.427 INFO Current price: 0.000000088155 - Current percentage: 1.76% - Max: 25.62% - Min: -3.77% - Market Cap 17841 - Trading time: 00:00:29
07-09-2025 20:03:06.714 INFO Current price: 0.000000088753 - Current percentage: 2.91% - Max: 25.62% - Min: -3.77% - Market Cap 18043 - Trading time: 00:00:31
07-09-2025 20:03:08.698 INFO Current price: 0.000000090219 - Current percentage: 5.15% - Max: 25.62% - Min: -3.77% - Market Cap 18435 - Trading time: 00:00:33
07-09-2025 20:03:11.089 INFO Current price: 0.000000091532 - Current percentage: 5.93% - Max: 25.62% - Min: -3.77% - Market Cap 18571 - Trading time: 00:00:35
07-09-2025 20:03:12.364 INFO Current price: 0.000000092495 - Current percentage: 7.38% - Max: 25.62% - Min: -3.77% - Market Cap 18825 - Trading time: 00:00:36
07-09-2025 20:03:13.583 INFO Current price: 0.000000093907 - Current percentage: 9.19% - Max: 25.62% - Min: -3.77% - Market Cap 19143 - Trading time: 00:00:38
07-09-2025 20:03:15.646 INFO Current price: 0.000000095708 - Current percentage: 11.53% - Max: 25.62% - Min: -3.77% - Market Cap 19554 - Trading time: 00:00:40
07-09-2025 20:03:16.867 INFO Current price: 0.000000096860 - Current percentage: 11.83% - Max: 25.62% - Min: -3.77% - Market Cap 19606 - Trading time: 00:00:41
07-09-2025 20:03:17.911 INFO Current price: 0.000000097737 - Current percentage: 13.57% - Max: 25.62% - Min: -3.77% - Market Cap 19910 - Trading time: 00:00:42
07-09-2025 20:03:19.485 INFO Current price: 0.000000099506 - Current percentage: 15.92% - Max: 25.62% - Min: -3.77% - Market Cap 20322 - Trading time: 00:00:43
07-09-2025 20:03:20.635 INFO Current price: 0.000000100619 - Current percentage: 16.12% - Max: 25.62% - Min: -3.77% - Market Cap 20358 - Trading time: 00:00:45
07-09-2025 20:03:23.143 INFO Current price: 0.000000105824 - Current percentage: 21.37% - Max: 25.62% - Min: -3.77% - Market Cap 21279 - Trading time: 00:00:47
07-09-2025 20:03:23.412 INFO Current price: 0.000000105075 - Current percentage: 20.94% - Max: 25.62% - Min: -3.77% - Market Cap 21203 - Trading time: 00:00:47
07-09-2025 20:03:24.266 INFO Current price: 0.000000104647 - Current percentage: 20.39% - Max: 25.62% - Min: -3.77% - Market Cap 21106 - Trading time: 00:00:48
07-09-2025 20:03:24.426 INFO Current price: 0.000000105070 - Current percentage: 21.92% - Max: 25.62% - Min: -3.77% - Market Cap 21374 - Trading time: 00:00:48
07-09-2025 20:03:24.481 INFO Current price: 0.000000105512 - Current percentage: 21.40% - Max: 25.62% - Min: -3.77% - Market Cap 21284 - Trading time: 00:00:48
07-09-2025 20:03:24.891 INFO Current price: 0.000000093952 - Current percentage: -3.34% - Max: 25.62% - Min: -3.77% - Market Cap 16947 - Trading time: 00:00:49
07-09-2025 20:03:25.311 INFO Current price: 0.000000084192 - Current percentage: -2.51% - Max: 25.62% - Min: -3.77% - Market Cap 17092 - Trading time: 00:00:49
07-09-2025 20:03:26.671 INFO Current price: 0.000000084304 - Current percentage: -3.08% - Max: 25.62% - Min: -3.77% - Market Cap 16992 - Trading time: 00:00:51
07-09-2025 20:03:26.836 INFO Current price: 0.000000084185 - Current percentage: -2.78% - Max: 25.62% - Min: -3.77% - Market Cap 17044 - Trading time: 00:00:51
07-09-2025 20:03:27.671 INFO Current price: 0.000000084443 - Current percentage: -2.48% - Max: 25.62% - Min: -3.77% - Market Cap 17097 - Trading time: 00:00:52
07-09-2025 20:03:28.811 INFO Current price: 0.000000084970 - Current percentage: -1.57% - Max: 25.62% - Min: -3.77% - Market Cap 17257 - Trading time: 00:00:53
07-09-2025 20:03:30.278 INFO Current price: 0.000000085677 - Current percentage: -0.85% - Max: 25.62% - Min: -3.77% - Market Cap 17382 - Trading time: 00:00:54
07-09-2025 20:03:31.359 INFO Current price: 0.000000086102 - Current percentage: -0.59% - Max: 25.62% - Min: -3.77% - Market Cap 17429 - Trading time: 00:00:55
07-09-2025 20:03:32.486 INFO Current price: 0.000000078735 - Current percentage: -17.09% - Max: 25.62% - Min: -17.09% - Market Cap 14535 - Trading time: 00:00:56
07-09-2025 20:03:32.713 INFO Current price: 0.000000072114 - Current percentage: -16.60% - Max: 25.62% - Min: -17.09% - Market Cap 14621 - Trading time: 00:00:57
07-09-2025 20:03:33.192 INFO Current price: 0.000000072476 - Current percentage: -16.26% - Max: 25.62% - Min: -17.09% - Market Cap 14681 - Trading time: 00:00:57
07-09-2025 20:03:33.436 INFO Current price: 0.000000072699 - Current percentage: -16.09% - Max: 25.62% - Min: -17.09% - Market Cap 14711 - Trading time: 00:00:57
07-09-2025 20:03:34.734 INFO Current price: 0.000000072983 - Current percentage: -15.60% - Max: 25.62% - Min: -17.09% - Market Cap 14796 - Trading time: 00:00:59
07-09-2025 20:03:36.145 INFO Current price: 0.000000073420 - Current percentage: -15.08% - Max: 25.62% - Min: -17.09% - Market Cap 14888 - Trading time: 00:01:00
07-09-2025 20:03:37.163 INFO Current price: 0.000000073965 - Current percentage: -14.35% - Max: 25.62% - Min: -17.09% - Market Cap 15017 - Trading time: 00:01:01
07-09-2025 20:03:38.690 INFO Current price: 0.000000074861 - Current percentage: -13.01% - Max: 25.62% - Min: -17.09% - Market Cap 15251 - Trading time: 00:01:03
07-09-2025 20:03:41.113 INFO Current price: 0.000000075611 - Current percentage: -12.62% - Max: 25.62% - Min: -17.09% - Market Cap 15319 - Trading time: 00:01:05
07-09-2025 20:03:41.943 INFO Current price: 0.000000076227 - Current percentage: -11.59% - Max: 25.62% - Min: -17.09% - Market Cap 15500 - Trading time: 00:01:06
07-09-2025 20:03:43.035 INFO Current price: 0.000000077001 - Current percentage: -10.84% - Max: 25.62% - Min: -17.09% - Market Cap 15632 - Trading time: 00:01:07
07-09-2025 20:03:44.128 INFO Current price: 0.000000077404 - Current percentage: -10.66% - Max: 25.62% - Min: -17.09% - Market Cap 15663 - Trading time: 00:01:08
07-09-2025 20:03:45.406 INFO Current price: 0.000000078009 - Current percentage: -9.44% - Max: 25.62% - Min: -17.09% - Market Cap 15877 - Trading time: 00:01:09
07-09-2025 20:03:46.430 INFO Current price: 0.000000072747 - Current percentage: -22.31% - Max: 25.62% - Min: -22.31% - Market Cap 13621 - Trading time: 00:01:10
07-09-2025 20:03:46.765 INFO Current price: 0.000000067828 - Current percentage: -21.27% - Max: 25.62% - Min: -22.31% - Market Cap 13802 - Trading time: 00:01:11
07-09-2025 20:03:47.890 INFO Current price: 0.000000068903 - Current percentage: -19.82% - Max: 25.62% - Min: -22.31% - Market Cap 14057 - Trading time: 00:01:12
07-09-2025 20:03:48.872 INFO Current price: 0.000000070050 - Current percentage: -18.63% - Max: 25.62% - Min: -22.31% - Market Cap 14265 - Trading time: 00:01:13
07-09-2025 20:03:50.205 INFO Current price: 0.000000071057 - Current percentage: -17.50% - Max: 25.62% - Min: -22.31% - Market Cap 14464 - Trading time: 00:01:14
07-09-2025 20:03:51.222 INFO Current price: 0.000000072175 - Current percentage: -16.05% - Max: 25.62% - Min: -22.31% - Market Cap 14718 - Trading time: 00:01:15
07-09-2025 20:03:52.408 INFO Current price: 0.000000072942 - Current percentage: -15.74% - Max: 25.62% - Min: -22.31% - Market Cap 14773 - Trading time: 00:01:16
07-09-2025 20:03:53.560 INFO Current price: 0.000000073786 - Current percentage: -14.10% - Max: 25.62% - Min: -22.31% - Market Cap 15060 - Trading time: 00:01:18
07-09-2025 20:03:54.811 INFO Current price: 0.000000074653 - Current percentage: -13.75% - Max: 25.62% - Min: -22.31% - Market Cap 15122 - Trading time: 00:01:19
07-09-2025 20:03:55.993 INFO Current price: 0.000000075034 - Current percentage: -13.22% - Max: 25.62% - Min: -22.31% - Market Cap 15214 - Trading time: 00:01:20
07-09-2025 20:03:57.539 INFO Current price: 0.000000076181 - Current percentage: -11.09% - Max: 25.62% - Min: -22.31% - Market Cap 15588 - Trading time: 00:01:22
07-09-2025 20:03:58.330 INFO Current price: 0.000000077187 - Current percentage: -10.91% - Max: 25.62% - Min: -22.31% - Market Cap 15619 - Trading time: 00:01:22
07-09-2025 20:03:59.485 INFO Current price: 0.000000077465 - Current percentage: -10.45% - Max: 25.62% - Min: -22.31% - Market Cap 15700 - Trading time: 00:01:23
07-09-2025 20:04:00.113 INFO Current price: 0.000000077728 - Current percentage: -10.31% - Max: 25.62% - Min: -22.31% - Market Cap 15725 - Trading time: 00:01:24
07-09-2025 20:04:00.712 INFO Current price: 0.000000077945 - Current percentage: -9.95% - Max: 25.62% - Min: -22.31% - Market Cap 15788 - Trading time: 00:01:25
07-09-2025 20:04:02.232 INFO Current price: 0.000000078926 - Current percentage: -8.03% - Max: 25.62% - Min: -22.31% - Market Cap 16124 - Trading time: 00:01:26
07-09-2025 20:04:04.190 INFO Current price: 0.000000080390 - Current percentage: -6.57% - Max: 25.62% - Min: -22.31% - Market Cap 16379 - Trading time: 00:01:28
07-09-2025 20:04:05.848 INFO Current price: 0.000000077529 - Current percentage: -11.16% - Max: 25.62% - Min: -22.31% - Market Cap 15576 - Trading time: 00:01:30
07-09-2025 20:04:05.854 INFO Current price: 0.000000073884 - Current percentage: -15.30% - Max: 25.62% - Min: -22.31% - Market Cap 14849 - Trading time: 00:01:30
07-09-2025 20:04:05.865 INFO Current price: 0.000000070614 - Current percentage: -19.02% - Max: 25.62% - Min: -22.31% - Market Cap 14197 - Trading time: 00:01:30
07-09-2025 20:04:05.866 INFO Current price: 0.000000067761 - Current percentage: -22.25% - Max: 25.62% - Min: -22.31% - Market Cap 13632 - Trading time: 00:01:30
07-09-2025 20:04:05.869 INFO Current price: 0.000000065455 - Current percentage: -24.81% - Max: 25.62% - Min: -24.81% - Market Cap 13182 - Trading time: 00:01:30
07-09-2025 20:04:06.072 INFO Current price: 0.000000061756 - Current percentage: -29.33% - Max: 25.62% - Min: -29.33% - Market Cap 12389 - Trading time: 00:01:30
07-09-2025 20:04:06.072 INFO Current price: 0.000000058209 - Current percentage: -33.37% - Max: 25.62% - Min: -33.37% - Market Cap 11682 - Trading time: 00:01:30
07-09-2025 20:04:06.072 INFO Current price: 0.000000055030 - Current percentage: -36.98% - Max: 25.62% - Min: -36.98% - Market Cap 11049 - Trading time: 00:01:30
07-09-2025 20:04:06.074 INFO Current price: 0.000000052220 - Current percentage: -40.16% - Max: 25.62% - Min: -40.16% - Market Cap 10491 - Trading time: 00:01:30
07-09-2025 20:04:06.077 INFO Current price: 0.000000049962 - Current percentage: -42.69% - Max: 25.62% - Min: -42.69% - Market Cap 10048 - Trading time: 00:01:30
07-09-2025 20:04:06.187 INFO Current price: 0.000000048659 - Current percentage: -44.05% - Max: 25.62% - Min: -44.05% - Market Cap 9809 - Trading time: 00:01:30
07-09-2025 20:04:06.188 INFO Current price: 0.000000047658 - Current percentage: -45.14% - Max: 25.62% - Min: -45.14% - Market Cap 9617 - Trading time: 00:01:30
07-09-2025 20:04:06.188 INFO Current price: 0.000000047093 - Current percentage: -45.76% - Max: 25.62% - Min: -45.76% - Market Cap 9509 - Trading time: 00:01:30
07-09-2025 20:04:06.188 INFO Current price: 0.000000046761 - Current percentage: -46.12% - Max: 25.62% - Min: -46.12% - Market Cap 9447 - Trading time: 00:01:30
07-09-2025 20:04:06.194 INFO Current price: 0.000000046257 - Current percentage: -46.79% - Max: 25.62% - Min: -46.79% - Market Cap 9329 - Trading time: 00:01:30
07-09-2025 20:04:06.194 INFO Current price: 0.000000046491 - Current percentage: -46.00% - Max: 25.62% - Min: -46.79% - Market Cap 9467 - Trading time: 00:01:30
07-09-2025 20:04:06.194 INFO Current price: 0.000000044244 - Current percentage: -49.39% - Max: 25.62% - Min: -49.39% - Market Cap 8873 - Trading time: 00:01:30
07-09-2025 20:04:06.194 INFO Current price: 0.000000041575 - Current percentage: -52.42% - Max: 25.62% - Min: -52.42% - Market Cap 8341 - Trading time: 00:01:30
07-09-2025 20:04:06.195 INFO Current price: 0.000000039193 - Current percentage: -55.13% - Max: 25.62% - Min: -55.13% - Market Cap 7866 - Trading time: 00:01:30
07-09-2025 20:04:06.199 INFO Current price: 0.000000037108 - Current percentage: -57.49% - Max: 25.62% - Min: -57.49% - Market Cap 7453 - Trading time: 00:01:30
07-09-2025 20:04:06.199 INFO Current price: 0.000000035316 - Current percentage: -59.52% - Max: 25.62% - Min: -59.52% - Market Cap 7097 - Trading time: 00:01:30
07-09-2025 20:04:06.571 INFO Current price: 0.000000035355 - Current percentage: -58.95% - Max: 25.62% - Min: -59.52% - Market Cap 7197 - Trading time: 00:01:31
07-09-2025 20:04:07.865 INFO Current price: 0.000000036141 - Current percentage: -57.70% - Max: 25.62% - Min: -59.52% - Market Cap 7416 - Trading time: 00:01:32
07-09-2025 20:04:09.177 INFO Current price: 0.000000037198 - Current percentage: -56.51% - Max: 25.62% - Min: -59.52% - Market Cap 7625 - Trading time: 00:01:33
07-09-2025 20:04:09.369 INFO Current price: 0.000000036860 - Current percentage: -57.57% - Max: 25.62% - Min: -59.52% - Market Cap 7440 - Trading time: 00:01:33
07-09-2025 20:04:09.371 INFO Current price: 0.000000036076 - Current percentage: -58.59% - Max: 25.62% - Min: -59.52% - Market Cap 7259 - Trading time: 00:01:33
07-09-2025 20:04:09.373 INFO Current price: 0.000000035335 - Current percentage: -59.52% - Max: 25.62% - Min: -59.52% - Market Cap 7096 - Trading time: 00:01:33
07-09-2025 20:04:15.338 INFO Current price: 0.000000035061 - Current percentage: -59.62% - Max: 25.62% - Min: -59.62% - Market Cap 7079 - Trading time: 00:01:39
07-09-2025 20:04:16.478 INFO Current price: 0.000000034999 - Current percentage: -59.67% - Max: 25.62% - Min: -59.67% - Market Cap 7071 - Trading time: 00:01:40
07-09-2025 20:04:22.712 INFO Current price: 0.000000035061 - Current percentage: -59.48% - Max: 25.62% - Min: -59.67% - Market Cap 7104 - Trading time: 00:01:47
07-09-2025 20:04:24.230 INFO Current price: 0.000000034959 - Current percentage: -59.90% - Max: 25.62% - Min: -59.90% - Market Cap 7030 - Trading time: 00:01:48
07-09-2025 20:04:24.230 INFO Current price: 0.000000034610 - Current percentage: -60.28% - Max: 25.62% - Min: -60.28% - Market Cap 6963 - Trading time: 00:01:48
07-09-2025 20:04:24.237 INFO Current price: 0.000000034238 - Current percentage: -60.76% - Max: 25.62% - Min: -60.76% - Market Cap 6880 - Trading time: 00:01:48
07-09-2025 20:04:24.238 INFO Current price: 0.000000033990 - Current percentage: -60.86% - Max: 25.62% - Min: -60.86% - Market Cap 6862 - Trading time: 00:01:48
07-09-2025 20:04:24.238 INFO Current price: 0.000000033726 - Current percentage: -61.37% - Max: 25.62% - Min: -61.37% - Market Cap 6773 - Trading time: 00:01:48
07-09-2025 20:04:24.238 INFO Current price: 0.000000033463 - Current percentage: -61.47% - Max: 25.62% - Min: -61.47% - Market Cap 6756 - Trading time: 00:01:48
07-09-2025 20:04:24.240 INFO Current price: 0.000000033192 - Current percentage: -61.99% - Max: 25.62% - Min: -61.99% - Market Cap 6664 - Trading time: 00:01:48
07-09-2025 20:04:24.241 INFO Current price: 0.000000032801 - Current percentage: -62.37% - Max: 25.62% - Min: -62.37% - Market Cap 6598 - Trading time: 00:01:48
07-09-2025 20:04:24.244 INFO Current price: 0.000000032437 - Current percentage: -62.83% - Max: 25.62% - Min: -62.83% - Market Cap 6517 - Trading time: 00:01:48
07-09-2025 20:04:24.245 INFO Current price: 0.000000032024 - Current percentage: -63.32% - Max: 25.62% - Min: -63.32% - Market Cap 6430 - Trading time: 00:01:48
07-09-2025 20:04:24.246 INFO Current price: 0.000000031370 - Current percentage: -64.33% - Max: 25.62% - Min: -64.33% - Market Cap 6254 - Trading time: 00:01:48
07-09-2025 20:04:28.077 INFO Current price: 0.000000029990 - Current percentage: -65.46% - Max: 25.62% - Min: -65.46% - Market Cap 6055 - Trading time: 00:01:52
07-09-2025 20:04:28.082 INFO Current price: 0.000000029894 - Current percentage: -65.60% - Max: 25.62% - Min: -65.60% - Market Cap 6031 - Trading time: 00:01:52
07-09-2025 20:04:28.084 INFO Current price: 0.000000029611 - Current percentage: -66.11% - Max: 25.62% - Min: -66.11% - Market Cap 5941 - Trading time: 00:01:52
07-09-2025 20:04:28.085 INFO Current price: 0.000000029370 - Current percentage: -66.16% - Max: 25.62% - Min: -66.16% - Market Cap 5934 - Trading time: 00:01:52
07-09-2025 20:04:28.087 INFO Current price: 0.000000029305 - Current percentage: -66.26% - Max: 25.62% - Min: -66.26% - Market Cap 5915 - Trading time: 00:01:52
07-09-2025 20:04:30.550 INFO Current price: 0.000000029178 - Current percentage: -66.45% - Max: 25.62% - Min: -66.45% - Market Cap 5882 - Trading time: 00:01:55
07-09-2025 20:04:32.287 INFO Current price: 0.000000029108 - Current percentage: -66.43% - Max: 25.62% - Min: -66.45% - Market Cap 5886 - Trading time: 00:01:56
07-09-2025 20:04:43.512 INFO Current price: 0.000000028764 - Current percentage: -67.24% - Max: 25.62% - Min: -67.24% - Market Cap 5744 - Trading time: 00:02:08
07-09-2025 20:05:33.057 INFO Current price: 0.000000028379 - Current percentage: -67.32% - Max: 25.62% - Min: -67.32% - Market Cap 5729 - Trading time: 00:02:57
07-09-2025 20:11:35.794 INFO Current price: 0.000000028216 - Current percentage: -67.63% - Max: 25.62% - Min: -67.63% - Market Cap 5675 - Trading time: 00:09:00
07-09-2025 20:11:55.593 INFO Current price: 0.000000028034 - Current percentage: -67.76% - Max: 25.62% - Min: -67.76% - Market Cap 5652 - Trading time: 00:09:20






07-09-2025 20:21:55.598 INFO {"type":"summary","reason":"inactivity","startedAt":"2025-09-07T18:02:35.502Z","endedAt":"2025-09-07T18:21:55.598Z","durationSec":1160,"entryPrice":9.195106120503382e-8,"entryMarketCapSol":86.72696274363298,"entryMarketCapUsd":17531.85551862541,"minPct":-67.76095609892502,"maxPct":25.62098177965762,"buyCount":80,"sellCount":60,"tradeCount":140,"entryRecorded":true,"noPostThresholdTrades":false,"triggerAt":"2025-09-07T18:02:35.501Z","ageAtTriggerSec":45,"preTotalTrades":55,"preBuys":52,"preSells":3,"preUniqueTraders":51,"preEntryTotalTrades":60,"preEntryBuys":55,"preEntrySells":5,"preEntryUniqueTraders":53,"preEntryMinMcUsd":10556.5128922025,"preEntryMaxMcUsd":19707.571007533872,"thresholdMcSol":86.72696274363298,"thresholdMcUsd":17531.85551862541,"thresholdPrice":9.195106120503382e-8}
