08-09-2025 03:49:21.417 INFO Entry price: 0.000000049838961863 - Entry market cap: 9134 - Buys 22 - Sells 6 - Ratio: 1:0.27 - Min MarketCap: 7374 - Max MarketCap: 11661
08-09-2025 03:49:21.417 INFO Current price: 0.000000049839 - Current percentage: 0.00% - Max: 0.00% - Min: 0.00% - Market Cap 9134 - Trading time: 00:00:02
08-09-2025 03:49:21.555 INFO Current price: 0.000000046180 - Current percentage: 5.30% - Max: 5.30% - Min: 0.00% - Market Cap 9619 - Trading time: 00:00:02
08-09-2025 03:49:23.558 INFO Current price: 0.000000045278 - Current percentage: -0.10% - Max: 5.30% - Min: -0.10% - Market Cap 9125 - Trading time: 00:00:04
08-09-2025 03:49:24.917 INFO Current price: 0.000000044545 - Current percentage: 1.92% - Max: 5.30% - Min: -0.10% - Market Cap 9310 - Trading time: 00:00:05
08-09-2025 03:49:25.380 INFO Current price: 0.000000045017 - Current percentage: 2.03% - Max: 5.30% - Min: -0.10% - Market Cap 9319 - Trading time: 00:00:05
08-09-2025 03:49:27.217 INFO Current price: 0.000000046083 - Current percentage: 6.81% - Max: 6.81% - Min: -0.10% - Market Cap 9756 - Trading time: 00:00:07
08-09-2025 03:49:27.536 INFO Current price: 0.000000047604 - Current percentage: 8.87% - Max: 8.87% - Min: -0.10% - Market Cap 9945 - Trading time: 00:00:08
08-09-2025 03:49:28.633 INFO Current price: 0.000000048182 - Current percentage: 9.41% - Max: 9.41% - Min: -0.10% - Market Cap 9994 - Trading time: 00:00:09
08-09-2025 03:49:29.839 INFO Current price: 0.000000048376 - Current percentage: 9.75% - Max: 9.75% - Min: -0.10% - Market Cap 10025 - Trading time: 00:00:10
08-09-2025 03:49:30.207 INFO Current price: 0.000000048248 - Current percentage: 8.84% - Max: 9.75% - Min: -0.10% - Market Cap 9942 - Trading time: 00:00:10
08-09-2025 03:49:30.804 INFO Current price: 0.000000048371 - Current percentage: 10.31% - Max: 10.31% - Min: -0.10% - Market Cap 10076 - Trading time: 00:00:11
08-09-2025 03:49:32.230 INFO Current price: 0.000000049865 - Current percentage: 15.67% - Max: 15.67% - Min: -0.10% - Market Cap 10565 - Trading time: 00:00:12
08-09-2025 03:49:32.311 INFO Current price: 0.000000050819 - Current percentage: 14.57% - Max: 15.67% - Min: -0.10% - Market Cap 10465 - Trading time: 00:00:12
08-09-2025 03:49:33.131 INFO Current price: 0.000000050298 - Current percentage: 13.31% - Max: 15.67% - Min: -0.10% - Market Cap 10350 - Trading time: 00:00:13
08-09-2025 03:49:33.188 INFO Current price: 0.000000049785 - Current percentage: 12.24% - Max: 15.67% - Min: -0.10% - Market Cap 10252 - Trading time: 00:00:13
08-09-2025 03:49:33.540 INFO Current price: 0.000000050045 - Current percentage: 14.50% - Max: 15.67% - Min: -0.10% - Market Cap 10458 - Trading time: 00:00:14
08-09-2025 03:49:35.406 INFO Current price: 0.000000050045 - Current percentage: 12.24% - Max: 15.67% - Min: -0.10% - Market Cap 10252 - Trading time: 00:00:15
08-09-2025 03:49:35.585 INFO Current price: 0.000000049217 - Current percentage: 10.74% - Max: 15.67% - Min: -0.10% - Market Cap 10115 - Trading time: 00:00:16
08-09-2025 03:49:35.724 INFO Current price: 0.000000048898 - Current percentage: 10.79% - Max: 15.67% - Min: -0.10% - Market Cap 10120 - Trading time: 00:00:16
08-09-2025 03:49:36.558 INFO Current price: 0.000000048774 - Current percentage: 10.18% - Max: 15.67% - Min: -0.10% - Market Cap 10064 - Trading time: 00:00:17
08-09-2025 03:49:36.737 INFO Current price: 0.000000049029 - Current percentage: 11.95% - Max: 15.67% - Min: -0.10% - Market Cap 10226 - Trading time: 00:00:17
08-09-2025 03:49:37.254 INFO Current price: 0.000000050538 - Current percentage: 17.06% - Max: 17.06% - Min: -0.10% - Market Cap 10693 - Trading time: 00:00:17
08-09-2025 03:49:37.520 INFO Current price: 0.000000051690 - Current percentage: 17.06% - Max: 17.06% - Min: -0.10% - Market Cap 10693 - Trading time: 00:00:18
08-09-2025 03:49:38.392 INFO Current price: 0.000000051400 - Current percentage: 15.80% - Max: 17.06% - Min: -0.10% - Market Cap 10578 - Trading time: 00:00:18
08-09-2025 03:49:38.565 INFO Current price: 0.000000050909 - Current percentage: 14.84% - Max: 17.06% - Min: -0.10% - Market Cap 10490 - Trading time: 00:00:19
08-09-2025 03:49:39.524 INFO Current price: 0.000000050994 - Current percentage: 16.19% - Max: 17.06% - Min: -0.10% - Market Cap 10613 - Trading time: 00:00:20
08-09-2025 03:49:40.790 INFO Current price: 0.000000051212 - Current percentage: 15.82% - Max: 17.06% - Min: -0.10% - Market Cap 10580 - Trading time: 00:00:21
08-09-2025 03:49:42.371 INFO Current price: 0.000000052187 - Current percentage: 20.66% - Max: 20.66% - Min: -0.10% - Market Cap 11021 - Trading time: 00:00:22
08-09-2025 03:49:42.754 INFO Current price: 0.000000053738 - Current percentage: 22.81% - Max: 22.81% - Min: -0.10% - Market Cap 11218 - Trading time: 00:00:23
08-09-2025 03:49:44.391 INFO Current price: 0.000000052602 - Current percentage: 15.61% - Max: 22.81% - Min: -0.10% - Market Cap 10560 - Trading time: 00:00:24
08-09-2025 03:49:45.059 INFO Current price: 0.000000049836 - Current percentage: 10.24% - Max: 22.81% - Min: -0.10% - Market Cap 10069 - Trading time: 00:00:25
08-09-2025 03:49:45.737 INFO Current price: 0.000000048974 - Current percentage: 11.64% - Max: 22.81% - Min: -0.10% - Market Cap 10198 - Trading time: 00:00:26
08-09-2025 03:49:47.235 INFO Current price: 0.000000050368 - Current percentage: 16.60% - Max: 22.81% - Min: -0.10% - Market Cap 10650 - Trading time: 00:00:27
08-09-2025 03:49:48.645 INFO Current price: 0.000000051775 - Current percentage: 17.97% - Max: 22.81% - Min: -0.10% - Market Cap 10775 - Trading time: 00:00:29
08-09-2025 03:49:50.926 INFO Current price: 0.000000052326 - Current percentage: 19.10% - Max: 22.81% - Min: -0.10% - Market Cap 10879 - Trading time: 00:00:31
08-09-2025 03:49:51.569 INFO Current price: 0.000000052847 - Current percentage: 20.33% - Max: 22.81% - Min: -0.10% - Market Cap 10991 - Trading time: 00:00:32
08-09-2025 03:49:53.850 INFO Current price: 0.000000052288 - Current percentage: 16.59% - Max: 22.81% - Min: -0.10% - Market Cap 10650 - Trading time: 00:00:34
08-09-2025 03:49:54.483 INFO Current price: 0.000000050595 - Current percentage: 12.66% - Max: 22.81% - Min: -0.10% - Market Cap 10291 - Trading time: 00:00:35
08-09-2025 03:49:54.696 INFO Current price: 0.000000050303 - Current percentage: 15.25% - Max: 22.81% - Min: -0.10% - Market Cap 10527 - Trading time: 00:00:35
08-09-2025 03:49:54.976 INFO Current price: 0.000000050749 - Current percentage: 14.67% - Max: 22.81% - Min: -0.10% - Market Cap 10474 - Trading time: 00:00:35
08-09-2025 03:49:55.187 INFO Current price: 0.000000049840 - Current percentage: 11.16% - Max: 22.81% - Min: -0.10% - Market Cap 10154 - Trading time: 00:00:35
08-09-2025 03:49:57.486 INFO Current price: 0.000000049406 - Current percentage: 12.68% - Max: 22.81% - Min: -0.10% - Market Cap 10292 - Trading time: 00:00:38
08-09-2025 03:49:58.468 INFO Current price: 0.000000050952 - Current percentage: 18.23% - Max: 22.81% - Min: -0.10% - Market Cap 10799 - Trading time: 00:00:39
08-09-2025 03:50:00.544 INFO Current price: 0.000000052473 - Current percentage: 19.50% - Max: 22.81% - Min: -0.10% - Market Cap 10916 - Trading time: 00:00:41
08-09-2025 03:50:03.716 INFO Current price: 0.000000053072 - Current percentage: 20.94% - Max: 22.81% - Min: -0.10% - Market Cap 11047 - Trading time: 00:00:44
08-09-2025 03:50:06.180 INFO Current price: 0.000000053515 - Current percentage: 21.51% - Max: 22.81% - Min: -0.10% - Market Cap 11099 - Trading time: 00:00:46
08-09-2025 03:50:06.714 INFO Current price: 0.000000054197 - Current percentage: 24.04% - Max: 24.04% - Min: -0.10% - Market Cap 11330 - Trading time: 00:00:47
08-09-2025 03:50:09.570 INFO Current price: 0.000000055166 - Current percentage: 25.90% - Max: 25.90% - Min: -0.10% - Market Cap 11500 - Trading time: 00:00:50
08-09-2025 03:50:10.562 INFO Current price: 0.000000055240 - Current percentage: 24.37% - Max: 25.90% - Min: -0.10% - Market Cap 11360 - Trading time: 00:00:51
08-09-2025 03:50:12.523 INFO Current price: 0.000000055182 - Current percentage: 25.63% - Max: 25.90% - Min: -0.10% - Market Cap 11475 - Trading time: 00:00:53
08-09-2025 03:50:18.969 INFO Current price: 0.000000054888 - Current percentage: 23.05% - Max: 25.90% - Min: -0.10% - Market Cap 11240 - Trading time: 00:00:59
08-09-2025 03:50:19.595 INFO Current price: 0.000000053924 - Current percentage: 21.26% - Max: 25.90% - Min: -0.10% - Market Cap 11076 - Trading time: 00:01:00
08-09-2025 03:50:24.603 INFO Current price: 0.000000054149 - Current percentage: 24.08% - Max: 25.90% - Min: -0.10% - Market Cap 11334 - Trading time: 00:01:05
08-09-2025 03:50:27.806 INFO Current price: 0.000000055171 - Current percentage: 25.87% - Max: 25.90% - Min: -0.10% - Market Cap 11498 - Trading time: 00:01:08
08-09-2025 03:50:29.951 INFO Current price: 0.000000053363 - Current percentage: 16.08% - Max: 25.90% - Min: -0.10% - Market Cap 10603 - Trading time: 00:01:10
08-09-2025 03:50:29.952 INFO Current price: 0.000000050663 - Current percentage: 13.46% - Max: 25.90% - Min: -0.10% - Market Cap 10364 - Trading time: 00:01:10
08-09-2025 03:50:29.957 INFO Current price: 0.000000049026 - Current percentage: 8.70% - Max: 25.90% - Min: -0.10% - Market Cap 9929 - Trading time: 00:01:10
08-09-2025 03:50:29.958 INFO Current price: 0.000000047064 - Current percentage: 4.56% - Max: 25.90% - Min: -0.10% - Market Cap 9551 - Trading time: 00:01:10
08-09-2025 03:50:29.971 INFO Current price: 0.000000045021 - Current percentage: -0.53% - Max: 25.90% - Min: -0.53% - Market Cap 9085 - Trading time: 00:01:10
08-09-2025 03:50:29.971 INFO Current price: 0.000000042954 - Current percentage: -4.82% - Max: 25.90% - Min: -4.82% - Market Cap 8694 - Trading time: 00:01:10
08-09-2025 03:50:29.971 INFO Current price: 0.000000041082 - Current percentage: -9.01% - Max: 25.90% - Min: -9.01% - Market Cap 8311 - Trading time: 00:01:10
08-09-2025 03:50:29.972 INFO Current price: 0.000000039152 - Current percentage: -13.55% - Max: 25.90% - Min: -13.55% - Market Cap 7896 - Trading time: 00:01:10
08-09-2025 03:50:29.972 INFO Current price: 0.000000037319 - Current percentage: -17.34% - Max: 25.90% - Min: -17.34% - Market Cap 7551 - Trading time: 00:01:10
08-09-2025 03:50:29.973 INFO Current price: 0.000000035637 - Current percentage: -21.17% - Max: 25.90% - Min: -21.17% - Market Cap 7201 - Trading time: 00:01:10
08-09-2025 03:50:29.973 INFO Current price: 0.000000034169 - Current percentage: -24.01% - Max: 25.90% - Min: -24.01% - Market Cap 6941 - Trading time: 00:01:10
08-09-2025 03:50:29.975 INFO Current price: 0.000000033247 - Current percentage: -25.36% - Max: 25.90% - Min: -25.36% - Market Cap 6818 - Trading time: 00:01:10
08-09-2025 03:50:29.976 INFO Current price: 0.000000032556 - Current percentage: -27.14% - Max: 25.90% - Min: -27.14% - Market Cap 6656 - Trading time: 00:01:10
08-09-2025 03:50:29.979 INFO Current price: 0.000000031916 - Current percentage: -28.26% - Max: 25.90% - Min: -28.26% - Market Cap 6552 - Trading time: 00:01:10
08-09-2025 03:50:30.031 INFO Current price: 0.000000030898 - Current percentage: -31.71% - Max: 25.90% - Min: -31.71% - Market Cap 6238 - Trading time: 00:01:10
08-09-2025 03:50:30.033 INFO Current price: 0.000000029890 - Current percentage: -32.87% - Max: 25.90% - Min: -32.87% - Market Cap 6132 - Trading time: 00:01:10
08-09-2025 03:50:30.035 INFO Current price: 0.000000029102 - Current percentage: -35.26% - Max: 25.90% - Min: -35.26% - Market Cap 5913 - Trading time: 00:01:10
08-09-2025 03:50:30.040 INFO Current price: 0.000000028431 - Current percentage: -35.93% - Max: 25.90% - Min: -35.93% - Market Cap 5852 - Trading time: 00:01:10
08-09-2025 03:50:30.468 INFO Current price: 0.000000028273 - Current percentage: -35.98% - Max: 25.90% - Min: -35.98% - Market Cap 5848 - Trading time: 00:01:11
08-09-2025 03:50:44.082 INFO Current price: 0.000000028214 - Current percentage: -36.20% - Max: 25.90% - Min: -36.20% - Market Cap 5828 - Trading time: 00:01:24
08-09-2025 03:50:54.207 INFO Current price: 0.000000028067 - Current percentage: -36.64% - Max: 25.90% - Min: -36.64% - Market Cap 5787 - Trading time: 00:01:34






08-09-2025 04:00:54.221 INFO {"type":"summary","reason":"inactivity","startedAt":"2025-09-08T01:49:19.417Z","endedAt":"2025-09-08T02:00:54.221Z","durationSec":694,"entryPrice":4.983896186300122e-8,"entryMarketCapSol":44.14571749154879,"entryMarketCapUsd":9134.19040617636,"minPct":-36.64296596595067,"maxPct":25.89568783640211,"buyCount":39,"sellCount":44,"tradeCount":83,"entryRecorded":true,"noPostThresholdTrades":false,"triggerAt":"2025-09-08T01:49:19.400Z","ageAtTriggerSec":5,"preTotalTrades":19,"preBuys":15,"preSells":4,"preUniqueTraders":15,"preEntryTotalTrades":28,"preEntryBuys":22,"preEntrySells":6,"preEntryUniqueTraders":21,"preEntryMinMcUsd":7373.538792731193,"preEntryMaxMcUsd":11660.563944370153,"thresholdMcSol":44.14571749154879,"thresholdMcUsd":9134.19040617636,"thresholdPrice":4.983896186300122e-8}
