07-09-2025 17:57:28.379 INFO Entry price: 0.000000035887399956 - Entry market cap: 7201 - Buys 22 - Sells 9 - Ratio: 1:0.41 - Min MarketCap: 6003 - Max MarketCap: 7849
07-09-2025 17:57:28.379 INFO Current price: 0.000000035887 - Current percentage: 0.00% - Max: 0.00% - Min: 0.00% - Market Cap 7201 - Trading time: 00:00:02
07-09-2025 17:57:28.748 INFO Current price: 0.000000035119 - Current percentage: 0.06% - Max: 0.06% - Min: 0.00% - Market Cap 7206 - Trading time: 00:00:02
07-09-2025 17:57:41.547 INFO Current price: 0.000000034628 - Current percentage: -2.78% - Max: 0.06% - Min: -2.78% - Market Cap 7002 - Trading time: 00:00:15
07-09-2025 17:57:41.930 INFO Current price: 0.000000034124 - Current percentage: -2.83% - Max: 0.06% - Min: -2.83% - Market Cap 6998 - Trading time: 00:00:15
07-09-2025 17:57:42.245 INFO Current price: 0.000000034105 - Current percentage: -2.89% - Max: 0.06% - Min: -2.89% - Market Cap 6994 - Trading time: 00:00:15
07-09-2025 17:57:53.820 INFO Current price: 0.000000033893 - Current percentage: -4.03% - Max: 0.06% - Min: -4.03% - Market Cap 6911 - Trading time: 00:00:27
07-09-2025 17:57:53.822 INFO Current price: 0.000000033487 - Current percentage: -5.20% - Max: 0.06% - Min: -5.20% - Market Cap 6827 - Trading time: 00:00:27
07-09-2025 17:57:53.869 INFO Current price: 0.000000033264 - Current percentage: -5.30% - Max: 0.06% - Min: -5.30% - Market Cap 6820 - Trading time: 00:00:27
07-09-2025 17:57:53.870 INFO Current price: 0.000000033219 - Current percentage: -5.46% - Max: 0.06% - Min: -5.46% - Market Cap 6808 - Trading time: 00:00:27
07-09-2025 17:58:15.054 INFO Current price: 0.000000033699 - Current percentage: -2.54% - Max: 0.06% - Min: -5.46% - Market Cap 7018 - Trading time: 00:00:48
07-09-2025 17:58:15.169 INFO Current price: 0.000000035029 - Current percentage: 2.15% - Max: 2.15% - Min: -5.46% - Market Cap 7356 - Trading time: 00:00:48
07-09-2025 17:58:18.870 INFO Current price: 0.000000036379 - Current percentage: 5.11% - Max: 5.11% - Min: -5.46% - Market Cap 7570 - Trading time: 00:00:52
07-09-2025 17:58:21.227 INFO Current price: 0.000000037438 - Current percentage: 8.18% - Max: 8.18% - Min: -5.46% - Market Cap 7791 - Trading time: 00:00:54
07-09-2025 17:58:43.396 INFO Current price: 0.000000037435 - Current percentage: 5.09% - Max: 8.18% - Min: -5.46% - Market Cap 7568 - Trading time: 00:01:17
07-09-2025 18:00:00.659 INFO Current price: 0.000000036026 - Current percentage: 0.20% - Max: 8.18% - Min: -5.46% - Market Cap 7216 - Trading time: 00:02:34
07-09-2025 18:00:12.224 INFO Current price: 0.000000034693 - Current percentage: -2.54% - Max: 8.18% - Min: -5.46% - Market Cap 7018 - Trading time: 00:02:45
07-09-2025 18:01:20.554 INFO Current price: 0.000000033699 - Current percentage: -5.46% - Max: 8.18% - Min: -5.46% - Market Cap 6808 - Trading time: 00:03:54
07-09-2025 18:01:25.914 INFO Current price: 0.000000032475 - Current percentage: -9.50% - Max: 8.18% - Min: -9.50% - Market Cap 6517 - Trading time: 00:03:59
07-09-2025 18:01:25.919 INFO Current price: 0.000000031174 - Current percentage: -12.88% - Max: 8.18% - Min: -12.88% - Market Cap 6274 - Trading time: 00:03:59
07-09-2025 18:01:25.956 INFO Current price: 0.000000030252 - Current percentage: -14.77% - Max: 8.18% - Min: -14.77% - Market Cap 6138 - Trading time: 00:03:59
07-09-2025 18:01:26.727 INFO Current price: 0.000000029923 - Current percentage: -14.77% - Max: 8.18% - Min: -14.77% - Market Cap 6138 - Trading time: 00:04:00
07-09-2025 18:01:28.762 INFO Current price: 0.000000029379 - Current percentage: -17.84% - Max: 8.18% - Min: -17.84% - Market Cap 5917 - Trading time: 00:04:02
07-09-2025 18:01:28.769 INFO Current price: 0.000000028399 - Current percentage: -20.36% - Max: 8.18% - Min: -20.36% - Market Cap 5735 - Trading time: 00:04:02
07-09-2025 18:03:01.438 INFO Current price: 0.000000027959 - Current percentage: -20.36% - Max: 8.18% - Min: -20.36% - Market Cap 5735 - Trading time: 00:05:35
07-09-2025 18:03:02.396 INFO Current price: 0.000000027959 - Current percentage: -20.36% - Max: 8.18% - Min: -20.36% - Market Cap 5735 - Trading time: 00:05:36






07-09-2025 18:13:02.428 INFO {"type":"summary","reason":"inactivity","startedAt":"2025-09-07T15:57:26.379Z","endedAt":"2025-09-07T16:13:02.428Z","durationSec":936,"entryPrice":3.588739995620871e-8,"entryMarketCapSol":35.10841905420817,"entryMarketCapUsd":7201.43891639918,"minPct":-20.36384938591067,"maxPct":8.182778403026372,"buyCount":5,"sellCount":19,"tradeCount":24,"entryRecorded":true,"noPostThresholdTrades":false,"triggerAt":"2025-09-07T15:57:26.374Z","ageAtTriggerSec":11,"preTotalTrades":31,"preBuys":22,"preSells":9,"preUniqueTraders":22,"preEntryTotalTrades":31,"preEntryBuys":22,"preEntrySells":9,"preEntryUniqueTraders":22,"preEntryMinMcUsd":6002.804238353307,"preEntryMaxMcUsd":7849.4903448586065,"thresholdMcSol":35.10841905420817,"thresholdMcUsd":7201.43891639918,"thresholdPrice":3.588739995620871e-8}
