08-09-2025 00:17:03.814 INFO Entry price: 0.000000057465102829 - Entry market cap: 12577 - Buys 32 - Sells 11 - Ratio: 1:0.34 - Min MarketCap: 8050 - Max MarketCap: 13975
08-09-2025 00:17:03.814 INFO Current price: 0.000000057465 - Current percentage: 0.00% - Max: 0.00% - Min: 0.00% - Market Cap 12577 - Trading time: 00:00:02
08-09-2025 00:17:03.814 INFO Current price: 0.000000057465 - Current percentage: 0.00% - Max: 0.00% - Min: 0.00% - Market Cap 12577 - Trading time: 00:00:02
08-09-2025 00:17:03.814 INFO Current price: 0.000000061432 - Current percentage: -0.15% - Max: 0.00% - Min: -0.15% - Market Cap 12558 - Trading time: 00:00:02
08-09-2025 00:17:04.010 INFO Current price: 0.000000061385 - Current percentage: -0.15% - Max: 0.00% - Min: -0.15% - Market Cap 12557 - Trading time: 00:00:02
08-09-2025 00:17:04.813 INFO Current price: 0.000000061919 - Current percentage: 1.60% - Max: 1.60% - Min: -0.15% - Market Cap 12777 - Trading time: 00:00:02
08-09-2025 00:17:06.415 INFO Current price: 0.000000058352 - Current percentage: -11.33% - Max: 1.60% - Min: -11.33% - Market Cap 11152 - Trading time: 00:00:04
08-09-2025 00:17:08.962 INFO Current price: 0.000000054541 - Current percentage: -11.24% - Max: 1.60% - Min: -11.33% - Market Cap 11163 - Trading time: 00:00:07
08-09-2025 00:17:08.994 INFO Current price: 0.000000055198 - Current percentage: -9.18% - Max: 1.60% - Min: -11.33% - Market Cap 11423 - Trading time: 00:00:07
08-09-2025 00:17:09.875 INFO Current price: 0.000000059662 - Current percentage: 3.69% - Max: 3.69% - Min: -11.33% - Market Cap 13041 - Trading time: 00:00:08
08-09-2025 00:17:11.514 INFO Current price: 0.000000063762 - Current percentage: 3.74% - Max: 3.74% - Min: -11.33% - Market Cap 13047 - Trading time: 00:00:09
08-09-2025 00:17:12.287 INFO Current price: 0.000000059687 - Current percentage: -9.14% - Max: 3.74% - Min: -11.33% - Market Cap 11427 - Trading time: 00:00:10
08-09-2025 00:17:12.334 INFO Current price: 0.000000055989 - Current percentage: -8.72% - Max: 3.74% - Min: -11.33% - Market Cap 11480 - Trading time: 00:00:10
08-09-2025 00:17:12.473 INFO Current price: 0.000000055443 - Current percentage: -10.90% - Max: 3.74% - Min: -11.33% - Market Cap 11206 - Trading time: 00:00:10
08-09-2025 00:17:12.847 INFO Current price: 0.000000054790 - Current percentage: -10.86% - Max: 3.74% - Min: -11.33% - Market Cap 11211 - Trading time: 00:00:11
08-09-2025 00:17:13.602 INFO Current price: 0.000000051622 - Current percentage: -20.91% - Max: 3.74% - Min: -20.91% - Market Cap 9947 - Trading time: 00:00:11
08-09-2025 00:17:14.903 INFO Current price: 0.000000048625 - Current percentage: -20.91% - Max: 3.74% - Min: -20.91% - Market Cap 9947 - Trading time: 00:00:13
08-09-2025 00:17:15.673 INFO Current price: 0.000000048626 - Current percentage: -20.90% - Max: 3.74% - Min: -20.91% - Market Cap 9947 - Trading time: 00:00:13
08-09-2025 00:17:15.966 INFO Current price: 0.000000048746 - Current percentage: -20.51% - Max: 3.74% - Min: -20.91% - Market Cap 9997 - Trading time: 00:00:14
08-09-2025 00:17:16.059 INFO Current price: 0.000000050187 - Current percentage: -16.16% - Max: 3.74% - Min: -20.91% - Market Cap 10544 - Trading time: 00:00:14
08-09-2025 00:17:16.844 INFO Current price: 0.000000051667 - Current percentage: -15.76% - Max: 3.74% - Min: -20.91% - Market Cap 10595 - Trading time: 00:00:15
08-09-2025 00:17:17.585 INFO Current price: 0.000000051791 - Current percentage: -15.76% - Max: 3.74% - Min: -20.91% - Market Cap 10595 - Trading time: 00:00:15
08-09-2025 00:17:18.169 INFO Current price: 0.000000052286 - Current percentage: -14.14% - Max: 3.74% - Min: -20.91% - Market Cap 10798 - Trading time: 00:00:16
08-09-2025 00:17:18.170 INFO Current price: 0.000000055314 - Current percentage: -5.71% - Max: 3.74% - Min: -20.91% - Market Cap 11858 - Trading time: 00:00:16
08-09-2025 00:17:18.222 INFO Current price: 0.000000057965 - Current percentage: -5.71% - Max: 3.74% - Min: -20.91% - Market Cap 11858 - Trading time: 00:00:16
08-09-2025 00:17:18.582 INFO Current price: 0.000000060825 - Current percentage: 3.82% - Max: 3.82% - Min: -20.91% - Market Cap 13057 - Trading time: 00:00:16
08-09-2025 00:17:18.817 INFO Current price: 0.000000063965 - Current percentage: 4.27% - Max: 4.27% - Min: -20.91% - Market Cap 13114 - Trading time: 00:00:17
08-09-2025 00:17:19.030 INFO Current price: 0.000000065890 - Current percentage: 10.16% - Max: 10.16% - Min: -20.91% - Market Cap 13855 - Trading time: 00:00:17
08-09-2025 00:17:19.941 INFO Current price: 0.000000067867 - Current percentage: 10.62% - Max: 10.62% - Min: -20.91% - Market Cap 13913 - Trading time: 00:00:18
08-09-2025 00:17:20.144 INFO Current price: 0.000000068010 - Current percentage: 10.63% - Max: 10.63% - Min: -20.91% - Market Cap 13913 - Trading time: 00:00:18
08-09-2025 00:17:20.723 INFO Current price: 0.000000068011 - Current percentage: 10.63% - Max: 10.63% - Min: -20.91% - Market Cap 13913 - Trading time: 00:00:18
08-09-2025 00:17:21.487 INFO Current price: 0.000000068012 - Current percentage: 10.63% - Max: 10.63% - Min: -20.91% - Market Cap 13913 - Trading time: 00:00:19
08-09-2025 00:17:21.655 INFO Current price: 0.000000064269 - Current percentage: -1.21% - Max: 10.63% - Min: -20.91% - Market Cap 12424 - Trading time: 00:00:19
08-09-2025 00:17:22.601 INFO Current price: 0.000000060733 - Current percentage: -1.21% - Max: 10.63% - Min: -20.91% - Market Cap 12424 - Trading time: 00:00:20
08-09-2025 00:17:23.044 INFO Current price: 0.000000062198 - Current percentage: 3.61% - Max: 10.63% - Min: -20.91% - Market Cap 13031 - Trading time: 00:00:21
08-09-2025 00:17:24.171 INFO Current price: 0.000000063698 - Current percentage: 3.61% - Max: 10.63% - Min: -20.91% - Market Cap 13031 - Trading time: 00:00:22
08-09-2025 00:17:24.541 INFO Current price: 0.000000063726 - Current percentage: 3.70% - Max: 10.63% - Min: -20.91% - Market Cap 13042 - Trading time: 00:00:22
08-09-2025 00:17:24.955 INFO Current price: 0.000000064982 - Current percentage: 7.73% - Max: 10.63% - Min: -20.91% - Market Cap 13549 - Trading time: 00:00:23
08-09-2025 00:17:25.369 INFO Current price: 0.000000066221 - Current percentage: 7.70% - Max: 10.63% - Min: -20.91% - Market Cap 13544 - Trading time: 00:00:23
08-09-2025 00:17:25.747 INFO Current price: 0.000000067738 - Current percentage: 12.73% - Max: 12.73% - Min: -20.91% - Market Cap 14177 - Trading time: 00:00:23
08-09-2025 00:17:26.630 INFO Current price: 0.000000069729 - Current percentage: 14.12% - Max: 14.12% - Min: -20.91% - Market Cap 14352 - Trading time: 00:00:24
08-09-2025 00:17:26.675 INFO Current price: 0.000000070282 - Current percentage: 14.52% - Max: 14.52% - Min: -20.91% - Market Cap 14403 - Trading time: 00:00:24
08-09-2025 00:17:27.067 INFO Current price: 0.000000071126 - Current percentage: 16.88% - Max: 16.88% - Min: -20.91% - Market Cap 14699 - Trading time: 00:00:25
08-09-2025 00:17:28.415 INFO Current price: 0.000000075037 - Current percentage: 27.46% - Max: 27.46% - Min: -20.91% - Market Cap 16030 - Trading time: 00:00:26
08-09-2025 00:17:29.029 INFO Current price: 0.000000078816 - Current percentage: 28.94% - Max: 28.94% - Min: -20.91% - Market Cap 16217 - Trading time: 00:00:27
08-09-2025 00:17:30.585 INFO Current price: 0.000000079349 - Current percentage: 29.19% - Max: 29.19% - Min: -20.91% - Market Cap 16248 - Trading time: 00:00:28
08-09-2025 00:17:30.589 INFO Current price: 0.000000077795 - Current percentage: 23.94% - Max: 29.19% - Min: -20.91% - Market Cap 15588 - Trading time: 00:00:28
08-09-2025 00:17:30.731 INFO Current price: 0.000000076221 - Current percentage: 24.02% - Max: 29.19% - Min: -20.91% - Market Cap 15597 - Trading time: 00:00:28
08-09-2025 00:17:30.909 INFO Current price: 0.000000075766 - Current percentage: 22.47% - Max: 29.19% - Min: -20.91% - Market Cap 15402 - Trading time: 00:00:29
08-09-2025 00:17:32.490 INFO Current price: 0.000000076033 - Current percentage: 24.89% - Max: 29.19% - Min: -20.91% - Market Cap 15707 - Trading time: 00:00:30
08-09-2025 00:17:32.841 INFO Current price: 0.000000077830 - Current percentage: 28.33% - Max: 29.19% - Min: -20.91% - Market Cap 16139 - Trading time: 00:00:31
08-09-2025 00:17:33.277 INFO Current price: 0.000000078677 - Current percentage: 27.63% - Max: 29.19% - Min: -20.91% - Market Cap 16051 - Trading time: 00:00:31
08-09-2025 00:17:33.687 INFO Current price: 0.000000079216 - Current percentage: 30.09% - Max: 30.09% - Min: -20.91% - Market Cap 16361 - Trading time: 00:00:31
08-09-2025 00:17:33.706 INFO Current price: 0.000000080024 - Current percentage: 30.25% - Max: 30.25% - Min: -20.91% - Market Cap 16380 - Trading time: 00:00:31
08-09-2025 00:17:34.249 INFO Current price: 0.000000080226 - Current percentage: 30.75% - Max: 30.75% - Min: -20.91% - Market Cap 16444 - Trading time: 00:00:32
08-09-2025 00:17:34.332 INFO Current price: 0.000000080843 - Current percentage: 32.25% - Max: 32.25% - Min: -20.91% - Market Cap 16633 - Trading time: 00:00:32
08-09-2025 00:17:35.605 INFO Current price: 0.000000079653 - Current percentage: 26.93% - Max: 32.25% - Min: -20.91% - Market Cap 15963 - Trading time: 00:00:33
08-09-2025 00:17:37.556 INFO Current price: 0.000000079994 - Current percentage: 33.39% - Max: 33.39% - Min: -20.91% - Market Cap 16776 - Trading time: 00:00:35
08-09-2025 00:17:38.722 INFO Current price: 0.000000082779 - Current percentage: 36.14% - Max: 36.14% - Min: -20.91% - Market Cap 17121 - Trading time: 00:00:36
08-09-2025 00:17:39.289 INFO Current price: 0.000000084498 - Current percentage: 39.21% - Max: 39.21% - Min: -20.91% - Market Cap 17508 - Trading time: 00:00:37
08-09-2025 00:17:39.579 INFO Current price: 0.000000085352 - Current percentage: 38.91% - Max: 39.21% - Min: -20.91% - Market Cap 17470 - Trading time: 00:00:37
08-09-2025 00:17:40.032 INFO Current price: 0.000000086995 - Current percentage: 44.62% - Max: 44.62% - Min: -20.91% - Market Cap 18188 - Trading time: 00:00:38
08-09-2025 00:17:40.628 INFO Current price: 0.000000088144 - Current percentage: 42.60% - Max: 44.62% - Min: -20.91% - Market Cap 17934 - Trading time: 00:00:38
08-09-2025 00:17:41.616 INFO Current price: 0.000000087543 - Current percentage: 42.65% - Max: 44.62% - Min: -20.91% - Market Cap 17941 - Trading time: 00:00:39
08-09-2025 00:17:41.799 INFO Current price: 0.000000083769 - Current percentage: 30.57% - Max: 44.62% - Min: -20.91% - Market Cap 16422 - Trading time: 00:00:39
08-09-2025 00:17:41.854 INFO Current price: 0.000000080649 - Current percentage: 32.22% - Max: 44.62% - Min: -20.91% - Market Cap 16629 - Trading time: 00:00:40
08-09-2025 00:17:42.882 INFO Current price: 0.000000082543 - Current percentage: 36.78% - Max: 44.62% - Min: -20.91% - Market Cap 17202 - Trading time: 00:00:41
08-09-2025 00:17:43.158 INFO Current price: 0.000000084112 - Current percentage: 37.30% - Max: 44.62% - Min: -20.91% - Market Cap 17267 - Trading time: 00:00:41
08-09-2025 00:17:43.318 INFO Current price: 0.000000086004 - Current percentage: 43.00% - Max: 44.62% - Min: -20.91% - Market Cap 17984 - Trading time: 00:00:41
08-09-2025 00:17:44.084 INFO Current price: 0.000000090971 - Current percentage: 53.62% - Max: 53.62% - Min: -20.91% - Market Cap 19320 - Trading time: 00:00:42
08-09-2025 00:17:44.131 INFO Current price: 0.000000094455 - Current percentage: 54.16% - Max: 54.16% - Min: -20.91% - Market Cap 19388 - Trading time: 00:00:42
08-09-2025 00:17:44.199 INFO Current price: 0.000000094790 - Current percentage: 54.71% - Max: 54.71% - Min: -20.91% - Market Cap 19457 - Trading time: 00:00:42
08-09-2025 00:17:45.039 INFO Current price: 0.000000095791 - Current percentage: 57.43% - Max: 57.43% - Min: -20.91% - Market Cap 19800 - Trading time: 00:00:43
08-09-2025 00:17:45.991 INFO Current price: 0.000000094840 - Current percentage: 51.65% - Max: 57.43% - Min: -20.91% - Market Cap 19073 - Trading time: 00:00:44
08-09-2025 00:17:47.289 INFO Current price: 0.000000095225 - Current percentage: 58.71% - Max: 58.71% - Min: -20.91% - Market Cap 19961 - Trading time: 00:00:45
08-09-2025 00:17:47.292 INFO Current price: 0.000000097385 - Current percentage: 58.61% - Max: 58.71% - Min: -20.91% - Market Cap 19947 - Trading time: 00:00:45
08-09-2025 00:17:48.236 INFO Current price: 0.000000098870 - Current percentage: 63.59% - Max: 63.59% - Min: -20.91% - Market Cap 20574 - Trading time: 00:00:46
08-09-2025 00:17:48.298 INFO Current price: 0.000000100195 - Current percentage: 62.89% - Max: 63.59% - Min: -20.91% - Market Cap 20486 - Trading time: 00:00:46
08-09-2025 00:17:49.382 INFO Current price: 0.000000100049 - Current percentage: 63.11% - Max: 63.59% - Min: -20.91% - Market Cap 20514 - Trading time: 00:00:47
08-09-2025 00:17:49.474 INFO Current price: 0.000000100204 - Current percentage: 63.40% - Max: 63.59% - Min: -20.91% - Market Cap 20549 - Trading time: 00:00:47
08-09-2025 00:17:49.488 INFO Current price: 0.000000098465 - Current percentage: 57.50% - Max: 63.59% - Min: -20.91% - Market Cap 19808 - Trading time: 00:00:47
08-09-2025 00:17:49.802 INFO Current price: 0.000000096499 - Current percentage: 56.94% - Max: 63.59% - Min: -20.91% - Market Cap 19737 - Trading time: 00:00:47
08-09-2025 00:17:49.942 INFO Current price: 0.000000092695 - Current percentage: 45.33% - Max: 63.59% - Min: -20.91% - Market Cap 18277 - Trading time: 00:00:48
08-09-2025 00:17:50.210 INFO Current price: 0.000000089026 - Current percentage: 44.76% - Max: 63.59% - Min: -20.91% - Market Cap 18206 - Trading time: 00:00:48
08-09-2025 00:17:50.212 INFO Current price: 0.000000088850 - Current percentage: 44.75% - Max: 63.59% - Min: -20.91% - Market Cap 18205 - Trading time: 00:00:48
08-09-2025 00:17:50.313 INFO Current price: 0.000000088334 - Current percentage: 43.08% - Max: 63.59% - Min: -20.91% - Market Cap 17995 - Trading time: 00:00:48
08-09-2025 00:17:50.992 INFO Current price: 0.000000085869 - Current percentage: 36.79% - Max: 63.59% - Min: -20.91% - Market Cap 17203 - Trading time: 00:00:49
08-09-2025 00:17:52.038 INFO Current price: 0.000000083998 - Current percentage: 36.92% - Max: 63.59% - Min: -20.91% - Market Cap 17219 - Trading time: 00:00:50
08-09-2025 00:17:52.797 INFO Current price: 0.000000086074 - Current percentage: 43.63% - Max: 63.59% - Min: -20.91% - Market Cap 18064 - Trading time: 00:00:50
08-09-2025 00:17:52.797 INFO Current price: 0.000000088321 - Current percentage: 44.16% - Max: 63.59% - Min: -20.91% - Market Cap 18130 - Trading time: 00:00:50
08-09-2025 00:17:54.080 INFO Current price: 0.000000088524 - Current percentage: 44.29% - Max: 63.59% - Min: -20.91% - Market Cap 18147 - Trading time: 00:00:52
08-09-2025 00:17:54.092 INFO Current price: 0.000000086850 - Current percentage: 38.76% - Max: 63.59% - Min: -20.91% - Market Cap 17451 - Trading time: 00:00:52
08-09-2025 00:17:54.763 INFO Current price: 0.000000084998 - Current percentage: 38.20% - Max: 63.59% - Min: -20.91% - Market Cap 17381 - Trading time: 00:00:52
08-09-2025 00:17:55.991 INFO Current price: 0.000000082984 - Current percentage: 32.26% - Max: 63.59% - Min: -20.91% - Market Cap 16634 - Trading time: 00:00:54
08-09-2025 00:17:56.589 INFO Current price: 0.000000080524 - Current percentage: 30.13% - Max: 63.59% - Min: -20.91% - Market Cap 16366 - Trading time: 00:00:54
08-09-2025 00:17:57.935 INFO Current price: 0.000000083229 - Current percentage: 41.30% - Max: 63.59% - Min: -20.91% - Market Cap 17770 - Trading time: 00:00:56
08-09-2025 00:17:58.672 INFO Current price: 0.000000088159 - Current percentage: 46.00% - Max: 63.59% - Min: -20.91% - Market Cap 18362 - Trading time: 00:00:56
08-09-2025 00:17:59.593 INFO Current price: 0.000000091394 - Current percentage: 51.86% - Max: 63.59% - Min: -20.91% - Market Cap 19098 - Trading time: 00:00:57
08-09-2025 00:17:59.913 INFO Current price: 0.000000093704 - Current percentage: 53.48% - Max: 63.59% - Min: -20.91% - Market Cap 19302 - Trading time: 00:00:58
08-09-2025 00:18:00.070 INFO Current price: 0.000000094285 - Current percentage: 53.75% - Max: 63.59% - Min: -20.91% - Market Cap 19336 - Trading time: 00:00:58
08-09-2025 00:18:00.949 INFO Current price: 0.000000095054 - Current percentage: 55.99% - Max: 63.59% - Min: -20.91% - Market Cap 19618 - Trading time: 00:00:59
08-09-2025 00:18:01.025 INFO Current price: 0.000000093939 - Current percentage: 50.16% - Max: 63.59% - Min: -20.91% - Market Cap 18885 - Trading time: 00:00:59
08-09-2025 00:18:03.923 INFO Current price: 0.000000092250 - Current percentage: 50.43% - Max: 63.59% - Min: -20.91% - Market Cap 18919 - Trading time: 00:01:02
08-09-2025 00:18:03.926 INFO Current price: 0.000000092664 - Current percentage: 51.51% - Max: 63.59% - Min: -20.91% - Market Cap 19055 - Trading time: 00:01:02
08-09-2025 00:18:03.948 INFO Current price: 0.000000095157 - Current percentage: 58.64% - Max: 63.59% - Min: -20.91% - Market Cap 19951 - Trading time: 00:01:02
08-09-2025 00:18:04.428 INFO Current price: 0.000000098381 - Current percentage: 61.95% - Max: 63.59% - Min: -20.91% - Market Cap 20368 - Trading time: 00:01:02
08-09-2025 00:18:04.940 INFO Current price: 0.000000100085 - Current percentage: 64.18% - Max: 64.18% - Min: -20.91% - Market Cap 20648 - Trading time: 00:01:03
08-09-2025 00:18:05.815 INFO Current price: 0.000000098941 - Current percentage: 58.27% - Max: 64.18% - Min: -20.91% - Market Cap 19905 - Trading time: 00:01:04
08-09-2025 00:18:07.483 INFO Current price: 0.000000097230 - Current percentage: 58.55% - Max: 64.18% - Min: -20.91% - Market Cap 19940 - Trading time: 00:01:05
08-09-2025 00:18:07.484 INFO Current price: 0.000000101027 - Current percentage: 70.88% - Max: 70.88% - Min: -20.91% - Market Cap 21490 - Trading time: 00:01:05
08-09-2025 00:18:08.146 INFO Current price: 0.000000107156 - Current percentage: 78.37% - Max: 78.37% - Min: -20.91% - Market Cap 22433 - Trading time: 00:01:06
08-09-2025 00:18:08.319 INFO Current price: 0.000000109661 - Current percentage: 78.96% - Max: 78.96% - Min: -20.91% - Market Cap 22506 - Trading time: 00:01:06
08-09-2025 00:18:09.478 INFO Current price: 0.000000113421 - Current percentage: 90.81% - Max: 90.81% - Min: -20.91% - Market Cap 23997 - Trading time: 00:01:07
08-09-2025 00:18:10.360 INFO Current price: 0.000000114781 - Current percentage: 83.27% - Max: 90.81% - Min: -20.91% - Market Cap 23049 - Trading time: 00:01:08
08-09-2025 00:18:10.420 INFO Current price: 0.000000112583 - Current percentage: 83.57% - Max: 90.81% - Min: -20.91% - Market Cap 23087 - Trading time: 00:01:08
08-09-2025 00:18:11.070 INFO Current price: 0.000000112254 - Current percentage: 82.20% - Max: 90.81% - Min: -20.91% - Market Cap 22915 - Trading time: 00:01:09
08-09-2025 00:18:11.177 INFO Current price: 0.000000111773 - Current percentage: 82.01% - Max: 90.81% - Min: -20.91% - Market Cap 22890 - Trading time: 00:01:09
08-09-2025 00:18:11.467 INFO Current price: 0.000000111499 - Current percentage: 81.31% - Max: 90.81% - Min: -20.91% - Market Cap 22802 - Trading time: 00:01:09
08-09-2025 00:18:11.777 INFO Current price: 0.000000112901 - Current percentage: 86.61% - Max: 90.81% - Min: -20.91% - Market Cap 23469 - Trading time: 00:01:09
08-09-2025 00:18:12.375 INFO Current price: 0.000000116552 - Current percentage: 93.22% - Max: 93.22% - Min: -20.91% - Market Cap 24301 - Trading time: 00:01:10
08-09-2025 00:18:12.598 INFO Current price: 0.000000118599 - Current percentage: 93.23% - Max: 93.23% - Min: -20.91% - Market Cap 24301 - Trading time: 00:01:10
08-09-2025 00:18:13.381 INFO Current price: 0.000000121019 - Current percentage: 101.19% - Max: 101.19% - Min: -20.91% - Market Cap 25302 - Trading time: 00:01:11
08-09-2025 00:18:14.669 INFO Current price: 0.000000120963 - Current percentage: 93.05% - Max: 101.19% - Min: -20.91% - Market Cap 24279 - Trading time: 00:01:12
08-09-2025 00:18:14.786 INFO Current price: 0.000000118374 - Current percentage: 92.67% - Max: 101.19% - Min: -20.91% - Market Cap 24231 - Trading time: 00:01:12
08-09-2025 00:18:15.405 INFO Current price: 0.000000117907 - Current percentage: 91.53% - Max: 101.19% - Min: -20.91% - Market Cap 24088 - Trading time: 00:01:13
08-09-2025 00:18:15.998 INFO Current price: 0.000000119226 - Current percentage: 97.00% - Max: 101.19% - Min: -20.91% - Market Cap 24776 - Trading time: 00:01:14
08-09-2025 00:18:16.395 INFO Current price: 0.000000119939 - Current percentage: 93.83% - Max: 101.19% - Min: -20.91% - Market Cap 24376 - Trading time: 00:01:14
08-09-2025 00:18:16.633 INFO Current price: 0.000000118764 - Current percentage: 93.16% - Max: 101.19% - Min: -20.91% - Market Cap 24293 - Trading time: 00:01:14
08-09-2025 00:18:16.850 INFO Current price: 0.000000120932 - Current percentage: 100.97% - Max: 101.19% - Min: -20.91% - Market Cap 25274 - Trading time: 00:01:15
08-09-2025 00:18:17.130 INFO Current price: 0.000000123063 - Current percentage: 100.03% - Max: 101.19% - Min: -20.91% - Market Cap 25157 - Trading time: 00:01:15
08-09-2025 00:18:18.172 INFO Current price: 0.000000119328 - Current percentage: 88.95% - Max: 101.19% - Min: -20.91% - Market Cap 23764 - Trading time: 00:01:16
08-09-2025 00:18:18.494 INFO Current price: 0.000000116153 - Current percentage: 89.53% - Max: 101.19% - Min: -20.91% - Market Cap 23836 - Trading time: 00:01:16
08-09-2025 00:18:19.409 INFO Current price: 0.000000117988 - Current percentage: 94.97% - Max: 101.19% - Min: -20.91% - Market Cap 24521 - Trading time: 00:01:17
08-09-2025 00:18:20.374 INFO Current price: 0.000000117683 - Current percentage: 88.55% - Max: 101.19% - Min: -20.91% - Market Cap 23713 - Trading time: 00:01:18
08-09-2025 00:18:21.017 INFO Current price: 0.000000113169 - Current percentage: 80.30% - Max: 101.19% - Min: -20.91% - Market Cap 22676 - Trading time: 00:01:19
08-09-2025 00:18:21.036 INFO Current price: 0.000000106900 - Current percentage: 68.24% - Max: 101.19% - Min: -20.91% - Market Cap 21158 - Trading time: 00:01:19
08-09-2025 00:18:21.508 INFO Current price: 0.000000102704 - Current percentage: 66.42% - Max: 101.19% - Min: -20.91% - Market Cap 20930 - Trading time: 00:01:19
08-09-2025 00:18:21.669 INFO Current price: 0.000000105632 - Current percentage: 77.97% - Max: 101.19% - Min: -20.91% - Market Cap 22382 - Trading time: 00:01:19
08-09-2025 00:18:22.210 INFO Current price: 0.000000108812 - Current percentage: 76.59% - Max: 101.19% - Min: -20.91% - Market Cap 22209 - Trading time: 00:01:20
08-09-2025 00:18:22.300 INFO Current price: 0.000000108445 - Current percentage: 76.77% - Max: 101.19% - Min: -20.91% - Market Cap 22231 - Trading time: 00:01:20
08-09-2025 00:18:22.366 INFO Current price: 0.000000109037 - Current percentage: 78.53% - Max: 101.19% - Min: -20.91% - Market Cap 22453 - Trading time: 00:01:20
08-09-2025 00:18:22.667 INFO Current price: 0.000000109759 - Current percentage: 79.12% - Max: 101.19% - Min: -20.91% - Market Cap 22527 - Trading time: 00:01:20
08-09-2025 00:18:22.802 INFO Current price: 0.000000110301 - Current percentage: 80.30% - Max: 101.19% - Min: -20.91% - Market Cap 22675 - Trading time: 00:01:20
08-09-2025 00:18:22.804 INFO Current price: 0.000000112662 - Current percentage: 86.86% - Max: 101.19% - Min: -20.91% - Market Cap 23501 - Trading time: 00:01:20
08-09-2025 00:18:22.950 INFO Current price: 0.000000115080 - Current percentage: 88.12% - Max: 101.19% - Min: -20.91% - Market Cap 23659 - Trading time: 00:01:21
08-09-2025 00:18:23.172 INFO Current price: 0.000000115559 - Current percentage: 88.42% - Max: 101.19% - Min: -20.91% - Market Cap 23697 - Trading time: 00:01:21
08-09-2025 00:18:23.205 INFO Current price: 0.000000115671 - Current percentage: 88.48% - Max: 101.19% - Min: -20.91% - Market Cap 23705 - Trading time: 00:01:21
08-09-2025 00:18:23.791 INFO Current price: 0.000000115875 - Current percentage: 89.09% - Max: 101.19% - Min: -20.91% - Market Cap 23781 - Trading time: 00:01:21
08-09-2025 00:18:24.509 INFO Current price: 0.000000113158 - Current percentage: 79.75% - Max: 101.19% - Min: -20.91% - Market Cap 22606 - Trading time: 00:01:22
08-09-2025 00:18:25.071 INFO Current price: 0.000000110338 - Current percentage: 79.78% - Max: 101.19% - Min: -20.91% - Market Cap 22610 - Trading time: 00:01:23
08-09-2025 00:18:25.674 INFO Current price: 0.000000111963 - Current percentage: 85.08% - Max: 101.19% - Min: -20.91% - Market Cap 23277 - Trading time: 00:01:23
08-09-2025 00:18:26.274 INFO Current price: 0.000000117243 - Current percentage: 97.14% - Max: 101.19% - Min: -20.91% - Market Cap 24793 - Trading time: 00:01:24
08-09-2025 00:18:27.146 INFO Current price: 0.000000127009 - Current percentage: 117.20% - Max: 117.20% - Min: -20.91% - Market Cap 27317 - Trading time: 00:01:25
08-09-2025 00:18:27.275 INFO Current price: 0.000000133112 - Current percentage: 116.54% - Max: 117.20% - Min: -20.91% - Market Cap 27233 - Trading time: 00:01:25
08-09-2025 00:18:27.401 INFO Current price: 0.000000132645 - Current percentage: 115.68% - Max: 117.20% - Min: -20.91% - Market Cap 27125 - Trading time: 00:01:25
08-09-2025 00:18:27.442 INFO Current price: 0.000000132120 - Current percentage: 114.83% - Max: 117.20% - Min: -20.91% - Market Cap 27018 - Trading time: 00:01:25
08-09-2025 00:18:28.811 INFO Current price: 0.000000131958 - Current percentage: 115.15% - Max: 117.20% - Min: -20.91% - Market Cap 27059 - Trading time: 00:01:26
08-09-2025 00:18:28.895 INFO Current price: 0.000000127285 - Current percentage: 99.88% - Max: 117.20% - Min: -20.91% - Market Cap 25138 - Trading time: 00:01:27
08-09-2025 00:18:28.943 INFO Current price: 0.000000122592 - Current percentage: 99.58% - Max: 117.20% - Min: -20.91% - Market Cap 25100 - Trading time: 00:01:27
08-09-2025 00:18:29.561 INFO Current price: 0.000000115512 - Current percentage: 77.46% - Max: 117.20% - Min: -20.91% - Market Cap 22318 - Trading time: 00:01:27
08-09-2025 00:18:30.234 INFO Current price: 0.000000110529 - Current percentage: 82.73% - Max: 117.20% - Min: -20.91% - Market Cap 22981 - Trading time: 00:01:28
08-09-2025 00:18:31.030 INFO Current price: 0.000000114148 - Current percentage: 89.27% - Max: 117.20% - Min: -20.91% - Market Cap 23804 - Trading time: 00:01:29
08-09-2025 00:18:32.047 INFO Current price: 0.000000116364 - Current percentage: 89.89% - Max: 117.20% - Min: -20.91% - Market Cap 23882 - Trading time: 00:01:30
08-09-2025 00:18:32.654 INFO Current price: 0.000000116573 - Current percentage: 89.95% - Max: 117.20% - Min: -20.91% - Market Cap 23890 - Trading time: 00:01:30
08-09-2025 00:18:32.660 INFO Current price: 0.000000116610 - Current percentage: 90.01% - Max: 117.20% - Min: -20.91% - Market Cap 23897 - Trading time: 00:01:30
08-09-2025 00:18:32.695 INFO Current price: 0.000000117183 - Current percentage: 91.82% - Max: 117.20% - Min: -20.91% - Market Cap 24125 - Trading time: 00:01:30
08-09-2025 00:18:33.127 INFO Current price: 0.000000117927 - Current percentage: 92.43% - Max: 117.20% - Min: -20.91% - Market Cap 24202 - Trading time: 00:01:31
08-09-2025 00:18:33.153 INFO Current price: 0.000000118151 - Current percentage: 92.56% - Max: 117.20% - Min: -20.91% - Market Cap 24217 - Trading time: 00:01:31
08-09-2025 00:18:33.363 INFO Current price: 0.000000118496 - Current percentage: 93.56% - Max: 117.20% - Min: -20.91% - Market Cap 24343 - Trading time: 00:01:31
08-09-2025 00:18:33.783 INFO Current price: 0.000000116823 - Current percentage: 87.16% - Max: 117.20% - Min: -20.91% - Market Cap 23538 - Trading time: 00:01:31
08-09-2025 00:18:33.907 INFO Current price: 0.000000114893 - Current percentage: 87.22% - Max: 117.20% - Min: -20.91% - Market Cap 23545 - Trading time: 00:01:32
08-09-2025 00:18:35.470 INFO Current price: 0.000000118939 - Current percentage: 100.57% - Max: 117.20% - Min: -20.91% - Market Cap 25225 - Trading time: 00:01:33
08-09-2025 00:18:35.555 INFO Current price: 0.000000123127 - Current percentage: 100.63% - Max: 117.20% - Min: -20.91% - Market Cap 25233 - Trading time: 00:01:33
08-09-2025 00:18:38.042 INFO Current price: 0.000000127316 - Current percentage: 114.45% - Max: 117.20% - Min: -20.91% - Market Cap 26970 - Trading time: 00:01:36
08-09-2025 00:18:39.126 INFO Current price: 0.000000133783 - Current percentage: 121.53% - Max: 121.53% - Min: -20.91% - Market Cap 27861 - Trading time: 00:01:37
08-09-2025 00:18:39.843 INFO Current price: 0.000000136773 - Current percentage: 124.14% - Max: 124.14% - Min: -20.91% - Market Cap 28189 - Trading time: 00:01:38
08-09-2025 00:18:40.422 INFO Current price: 0.000000137595 - Current percentage: 124.21% - Max: 124.21% - Min: -20.91% - Market Cap 28197 - Trading time: 00:01:38
08-09-2025 00:18:40.987 INFO Current price: 0.000000139820 - Current percentage: 131.45% - Max: 131.45% - Min: -20.91% - Market Cap 29108 - Trading time: 00:01:39
08-09-2025 00:18:41.519 INFO Current price: 0.000000141467 - Current percentage: 129.52% - Max: 131.45% - Min: -20.91% - Market Cap 28865 - Trading time: 00:01:39
08-09-2025 00:18:41.591 INFO Current price: 0.000000139716 - Current percentage: 125.75% - Max: 131.45% - Min: -20.91% - Market Cap 28392 - Trading time: 00:01:39
08-09-2025 00:18:42.337 INFO Current price: 0.000000136036 - Current percentage: 117.59% - Max: 131.45% - Min: -20.91% - Market Cap 27365 - Trading time: 00:01:40
08-09-2025 00:18:42.652 INFO Current price: 0.000000133523 - Current percentage: 117.49% - Max: 131.45% - Min: -20.91% - Market Cap 27353 - Trading time: 00:01:40
08-09-2025 00:18:43.252 INFO Current price: 0.000000133360 - Current percentage: 117.06% - Max: 131.45% - Min: -20.91% - Market Cap 27298 - Trading time: 00:01:41
08-09-2025 00:18:43.361 INFO Current price: 0.000000135393 - Current percentage: 124.17% - Max: 131.45% - Min: -20.91% - Market Cap 28193 - Trading time: 00:01:41
08-09-2025 00:18:44.049 INFO Current price: 0.000000137694 - Current percentage: 124.50% - Max: 131.45% - Min: -20.91% - Market Cap 28234 - Trading time: 00:01:42
08-09-2025 00:18:44.119 INFO Current price: 0.000000137410 - Current percentage: 123.25% - Max: 131.45% - Min: -20.91% - Market Cap 28077 - Trading time: 00:01:42
08-09-2025 00:18:44.171 INFO Current price: 0.000000137624 - Current percentage: 125.20% - Max: 131.45% - Min: -20.91% - Market Cap 28322 - Trading time: 00:01:42
08-09-2025 00:18:44.974 INFO Current price: 0.000000142642 - Current percentage: 139.82% - Max: 139.82% - Min: -20.91% - Market Cap 30162 - Trading time: 00:01:43
08-09-2025 00:18:46.027 INFO Current price: 0.000000147234 - Current percentage: 139.93% - Max: 139.93% - Min: -20.91% - Market Cap 30175 - Trading time: 00:01:44
08-09-2025 00:18:46.077 INFO Current price: 0.000000147446 - Current percentage: 140.52% - Max: 140.52% - Min: -20.91% - Market Cap 30249 - Trading time: 00:01:44
08-09-2025 00:18:46.359 INFO Current price: 0.000000145398 - Current percentage: 133.31% - Max: 140.52% - Min: -20.91% - Market Cap 29342 - Trading time: 00:01:44
08-09-2025 00:18:46.462 INFO Current price: 0.000000142669 - Current percentage: 131.57% - Max: 140.52% - Min: -20.91% - Market Cap 29124 - Trading time: 00:01:44
08-09-2025 00:18:46.819 INFO Current price: 0.000000139422 - Current percentage: 122.81% - Max: 140.52% - Min: -20.91% - Market Cap 28022 - Trading time: 00:01:45
08-09-2025 00:18:46.935 INFO Current price: 0.000000132687 - Current percentage: 109.74% - Max: 140.52% - Min: -20.91% - Market Cap 26378 - Trading time: 00:01:45
08-09-2025 00:18:47.393 INFO Current price: 0.000000128806 - Current percentage: 109.97% - Max: 140.52% - Min: -20.91% - Market Cap 26407 - Trading time: 00:01:45
08-09-2025 00:18:47.440 INFO Current price: 0.000000129238 - Current percentage: 111.15% - Max: 140.52% - Min: -20.91% - Market Cap 26555 - Trading time: 00:01:45
08-09-2025 00:18:47.476 INFO Current price: 0.000000129011 - Current percentage: 109.23% - Max: 140.52% - Min: -20.91% - Market Cap 26314 - Trading time: 00:01:45
08-09-2025 00:18:48.569 INFO Current price: 0.000000130554 - Current percentage: 116.23% - Max: 140.52% - Min: -20.91% - Market Cap 27194 - Trading time: 00:01:46
08-09-2025 00:18:49.306 INFO Current price: 0.000000134491 - Current percentage: 122.04% - Max: 140.52% - Min: -20.91% - Market Cap 27925 - Trading time: 00:01:47
08-09-2025 00:18:51.045 INFO Current price: 0.000000136306 - Current percentage: 122.11% - Max: 140.52% - Min: -20.91% - Market Cap 27933 - Trading time: 00:01:49
08-09-2025 00:18:51.126 INFO Current price: 0.000000138521 - Current percentage: 129.32% - Max: 140.52% - Min: -20.91% - Market Cap 28840 - Trading time: 00:01:49
08-09-2025 00:18:51.137 INFO Current price: 0.000000138519 - Current percentage: 122.10% - Max: 140.52% - Min: -20.91% - Market Cap 27932 - Trading time: 00:01:49
08-09-2025 00:18:51.928 INFO Current price: 0.000000131973 - Current percentage: 108.16% - Max: 140.52% - Min: -20.91% - Market Cap 26179 - Trading time: 00:01:50
08-09-2025 00:18:52.281 INFO Current price: 0.000000127774 - Current percentage: 108.19% - Max: 140.52% - Min: -20.91% - Market Cap 26183 - Trading time: 00:01:50
08-09-2025 00:18:52.347 INFO Current price: 0.000000127757 - Current percentage: 108.10% - Max: 140.52% - Min: -20.91% - Market Cap 26172 - Trading time: 00:01:50
08-09-2025 00:18:52.812 INFO Current price: 0.000000127720 - Current percentage: 108.07% - Max: 140.52% - Min: -20.91% - Market Cap 26167 - Trading time: 00:01:50
08-09-2025 00:18:52.828 INFO Current price: 0.000000125449 - Current percentage: 100.77% - Max: 140.52% - Min: -20.91% - Market Cap 25250 - Trading time: 00:01:51
08-09-2025 00:18:52.930 INFO Current price: 0.000000119261 - Current percentage: 88.05% - Max: 140.52% - Min: -20.91% - Market Cap 23650 - Trading time: 00:01:51
08-09-2025 00:18:53.507 INFO Current price: 0.000000119125 - Current percentage: 100.31% - Max: 140.52% - Min: -20.91% - Market Cap 25192 - Trading time: 00:01:51
08-09-2025 00:18:54.318 INFO Current price: 0.000000123023 - Current percentage: 100.56% - Max: 140.52% - Min: -20.91% - Market Cap 25223 - Trading time: 00:01:52
08-09-2025 00:18:54.633 INFO Current price: 0.000000123119 - Current percentage: 100.62% - Max: 140.52% - Min: -20.91% - Market Cap 25231 - Trading time: 00:01:52
08-09-2025 00:18:55.120 INFO Current price: 0.000000123708 - Current percentage: 102.48% - Max: 140.52% - Min: -20.91% - Market Cap 25465 - Trading time: 00:01:53
08-09-2025 00:18:55.670 INFO Current price: 0.000000121875 - Current percentage: 94.72% - Max: 140.52% - Min: -20.91% - Market Cap 24489 - Trading time: 00:01:53
08-09-2025 00:18:55.868 INFO Current price: 0.000000119705 - Current percentage: 95.33% - Max: 140.52% - Min: -20.91% - Market Cap 24566 - Trading time: 00:01:54
08-09-2025 00:18:56.640 INFO Current price: 0.000000119911 - Current percentage: 95.39% - Max: 140.52% - Min: -20.91% - Market Cap 24574 - Trading time: 00:01:54
08-09-2025 00:18:56.724 INFO Current price: 0.000000114282 - Current percentage: 77.42% - Max: 140.52% - Min: -20.91% - Market Cap 22313 - Trading time: 00:01:54
08-09-2025 00:18:57.391 INFO Current price: 0.000000104222 - Current percentage: 62.51% - Max: 140.52% - Min: -20.91% - Market Cap 20438 - Trading time: 00:01:55
08-09-2025 00:18:57.990 INFO Current price: 0.000000096278 - Current percentage: 51.41% - Max: 140.52% - Min: -20.91% - Market Cap 19042 - Trading time: 00:01:56
08-09-2025 00:18:58.065 INFO Current price: 0.000000092725 - Current percentage: 50.73% - Max: 140.52% - Min: -20.91% - Market Cap 18957 - Trading time: 00:01:56
08-09-2025 00:18:58.072 INFO Current price: 0.000000092684 - Current percentage: 51.27% - Max: 140.52% - Min: -20.91% - Market Cap 19025 - Trading time: 00:01:56
08-09-2025 00:18:58.251 INFO Current price: 0.000000093992 - Current percentage: 55.02% - Max: 140.52% - Min: -20.91% - Market Cap 19496 - Trading time: 00:01:56
08-09-2025 00:18:58.324 INFO Current price: 0.000000095048 - Current percentage: 54.69% - Max: 140.52% - Min: -20.91% - Market Cap 19455 - Trading time: 00:01:56
08-09-2025 00:18:58.463 INFO Current price: 0.000000095068 - Current percentage: 55.09% - Max: 140.52% - Min: -20.91% - Market Cap 19504 - Trading time: 00:01:56
08-09-2025 00:18:58.465 INFO Current price: 0.000000095725 - Current percentage: 56.83% - Max: 140.52% - Min: -20.91% - Market Cap 19724 - Trading time: 00:01:56
08-09-2025 00:18:58.540 INFO Current price: 0.000000096248 - Current percentage: 56.79% - Max: 140.52% - Min: -20.91% - Market Cap 19718 - Trading time: 00:01:56
08-09-2025 00:18:58.596 INFO Current price: 0.000000096222 - Current percentage: 56.75% - Max: 140.52% - Min: -20.91% - Market Cap 19714 - Trading time: 00:01:56
08-09-2025 00:18:58.815 INFO Current price: 0.000000095978 - Current percentage: 55.99% - Max: 140.52% - Min: -20.91% - Market Cap 19618 - Trading time: 00:01:57
08-09-2025 00:18:58.893 INFO Current price: 0.000000095687 - Current percentage: 55.80% - Max: 140.52% - Min: -20.91% - Market Cap 19594 - Trading time: 00:01:57
08-09-2025 00:18:58.908 INFO Current price: 0.000000095646 - Current percentage: 55.86% - Max: 140.52% - Min: -20.91% - Market Cap 19601 - Trading time: 00:01:57
08-09-2025 00:18:59.445 INFO Current price: 0.000000095937 - Current percentage: 56.75% - Max: 140.52% - Min: -20.91% - Market Cap 19714 - Trading time: 00:01:57
08-09-2025 00:18:59.858 INFO Current price: 0.000000096037 - Current percentage: 56.18% - Max: 140.52% - Min: -20.91% - Market Cap 19642 - Trading time: 00:01:58
08-09-2025 00:19:00.004 INFO Current price: 0.000000096362 - Current percentage: 57.82% - Max: 140.52% - Min: -20.91% - Market Cap 19848 - Trading time: 00:01:58
08-09-2025 00:19:00.438 INFO Current price: 0.000000097706 - Current percentage: 60.57% - Max: 140.52% - Min: -20.91% - Market Cap 20194 - Trading time: 00:01:58
08-09-2025 00:19:01.113 INFO Current price: 0.000000099573 - Current percentage: 63.90% - Max: 140.52% - Min: -20.91% - Market Cap 20613 - Trading time: 00:01:59
08-09-2025 00:19:01.564 INFO Current price: 0.000000100774 - Current percentage: 64.47% - Max: 140.52% - Min: -20.91% - Market Cap 20684 - Trading time: 00:01:59
08-09-2025 00:19:01.799 INFO Current price: 0.000000102842 - Current percentage: 70.70% - Max: 140.52% - Min: -20.91% - Market Cap 21468 - Trading time: 00:01:59
08-09-2025 00:19:02.118 INFO Current price: 0.000000104960 - Current percentage: 71.31% - Max: 140.52% - Min: -20.91% - Market Cap 21545 - Trading time: 00:02:00
08-09-2025 00:19:03.372 INFO Current price: 0.000000105325 - Current percentage: 71.89% - Max: 140.52% - Min: -20.91% - Market Cap 21618 - Trading time: 00:02:01
08-09-2025 00:19:04.096 INFO Current price: 0.000000106556 - Current percentage: 75.34% - Max: 140.52% - Min: -20.91% - Market Cap 22051 - Trading time: 00:02:02
08-09-2025 00:19:04.123 INFO Current price: 0.000000107799 - Current percentage: 75.92% - Max: 140.52% - Min: -20.91% - Market Cap 22125 - Trading time: 00:02:02
08-09-2025 00:19:05.080 INFO Current price: 0.000000109931 - Current percentage: 82.34% - Max: 140.52% - Min: -20.91% - Market Cap 22932 - Trading time: 00:02:03
08-09-2025 00:19:06.260 INFO Current price: 0.000000113117 - Current percentage: 84.44% - Max: 140.52% - Min: -20.91% - Market Cap 23197 - Trading time: 00:02:04
08-09-2025 00:19:06.261 INFO Current price: 0.000000109683 - Current percentage: 73.13% - Max: 140.52% - Min: -20.91% - Market Cap 21774 - Trading time: 00:02:04
08-09-2025 00:19:06.958 INFO Current price: 0.000000103067 - Current percentage: 62.86% - Max: 140.52% - Min: -20.91% - Market Cap 20483 - Trading time: 00:02:05
08-09-2025 00:19:07.526 INFO Current price: 0.000000099870 - Current percentage: 62.56% - Max: 140.52% - Min: -20.91% - Market Cap 20444 - Trading time: 00:02:05
08-09-2025 00:19:07.970 INFO Current price: 0.000000096920 - Current percentage: 53.38% - Max: 140.52% - Min: -20.91% - Market Cap 19290 - Trading time: 00:02:06
08-09-2025 00:19:08.784 INFO Current price: 0.000000094643 - Current percentage: 55.01% - Max: 140.52% - Min: -20.91% - Market Cap 19495 - Trading time: 00:02:06
08-09-2025 00:19:09.325 INFO Current price: 0.000000095810 - Current percentage: 57.19% - Max: 140.52% - Min: -20.91% - Market Cap 19769 - Trading time: 00:02:07
08-09-2025 00:19:10.048 INFO Current price: 0.000000096651 - Current percentage: 57.74% - Max: 140.52% - Min: -20.91% - Market Cap 19838 - Trading time: 00:02:08
08-09-2025 00:19:10.117 INFO Current price: 0.000000097833 - Current percentage: 61.06% - Max: 140.52% - Min: -20.91% - Market Cap 20256 - Trading time: 00:02:08
08-09-2025 00:19:10.781 INFO Current price: 0.000000099641 - Current percentage: 63.45% - Max: 140.52% - Min: -20.91% - Market Cap 20557 - Trading time: 00:02:08
08-09-2025 00:19:11.789 INFO Current price: 0.000000097481 - Current percentage: 54.32% - Max: 140.52% - Min: -20.91% - Market Cap 19408 - Trading time: 00:02:09
08-09-2025 00:19:12.450 INFO Current price: 0.000000092192 - Current percentage: 46.20% - Max: 140.52% - Min: -20.91% - Market Cap 18386 - Trading time: 00:02:10
08-09-2025 00:19:12.744 INFO Current price: 0.000000089468 - Current percentage: 45.33% - Max: 140.52% - Min: -20.91% - Market Cap 18278 - Trading time: 00:02:10
08-09-2025 00:19:12.960 INFO Current price: 0.000000086830 - Current percentage: 37.70% - Max: 140.52% - Min: -20.91% - Market Cap 17318 - Trading time: 00:02:11
08-09-2025 00:19:12.960 INFO Current price: 0.000000083552 - Current percentage: 34.57% - Max: 140.52% - Min: -20.91% - Market Cap 16924 - Trading time: 00:02:11
08-09-2025 00:19:13.041 INFO Current price: 0.000000080664 - Current percentage: 28.35% - Max: 140.52% - Min: -20.91% - Market Cap 16142 - Trading time: 00:02:11
08-09-2025 00:19:13.502 INFO Current price: 0.000000078734 - Current percentage: 28.20% - Max: 140.52% - Min: -20.91% - Market Cap 16124 - Trading time: 00:02:11
08-09-2025 00:19:13.671 INFO Current price: 0.000000077049 - Current percentage: 22.91% - Max: 140.52% - Min: -20.91% - Market Cap 15458 - Trading time: 00:02:11
08-09-2025 00:19:14.610 INFO Current price: 0.000000075591 - Current percentage: 23.40% - Max: 140.52% - Min: -20.91% - Market Cap 15519 - Trading time: 00:02:12
08-09-2025 00:19:14.674 INFO Current price: 0.000000077234 - Current percentage: 28.31% - Max: 140.52% - Min: -20.91% - Market Cap 16137 - Trading time: 00:02:12
08-09-2025 00:19:15.224 INFO Current price: 0.000000080424 - Current percentage: 33.80% - Max: 140.52% - Min: -20.91% - Market Cap 16828 - Trading time: 00:02:13
08-09-2025 00:19:15.398 INFO Current price: 0.000000082021 - Current percentage: 33.46% - Max: 140.52% - Min: -20.91% - Market Cap 16784 - Trading time: 00:02:13
08-09-2025 00:19:15.813 INFO Current price: 0.000000081993 - Current percentage: 33.71% - Max: 140.52% - Min: -20.91% - Market Cap 16816 - Trading time: 00:02:13
08-09-2025 00:19:16.043 INFO Current price: 0.000000082381 - Current percentage: 34.72% - Max: 140.52% - Min: -20.91% - Market Cap 16944 - Trading time: 00:02:14
08-09-2025 00:19:16.104 INFO Current price: 0.000000083801 - Current percentage: 38.36% - Max: 140.52% - Min: -20.91% - Market Cap 17401 - Trading time: 00:02:14
08-09-2025 00:19:16.956 INFO Current price: 0.000000085554 - Current percentage: 40.42% - Max: 140.52% - Min: -20.91% - Market Cap 17660 - Trading time: 00:02:15
08-09-2025 00:19:17.836 INFO Current price: 0.000000085343 - Current percentage: 37.68% - Max: 140.52% - Min: -20.91% - Market Cap 17315 - Trading time: 00:02:16
08-09-2025 00:19:19.582 INFO Current price: 0.000000086076 - Current percentage: 42.84% - Max: 140.52% - Min: -20.91% - Market Cap 17965 - Trading time: 00:02:17
08-09-2025 00:19:19.762 INFO Current price: 0.000000087615 - Current percentage: 42.64% - Max: 140.52% - Min: -20.91% - Market Cap 17940 - Trading time: 00:02:17
08-09-2025 00:19:21.014 INFO Current price: 0.000000085850 - Current percentage: 37.15% - Max: 140.52% - Min: -20.91% - Market Cap 17248 - Trading time: 00:02:19
08-09-2025 00:19:21.639 INFO Current price: 0.000000083676 - Current percentage: 35.51% - Max: 140.52% - Min: -20.91% - Market Cap 17043 - Trading time: 00:02:19
08-09-2025 00:19:22.634 INFO Current price: 0.000000083171 - Current percentage: 35.50% - Max: 140.52% - Min: -20.91% - Market Cap 17041 - Trading time: 00:02:20
08-09-2025 00:19:22.878 INFO Current price: 0.000000083945 - Current percentage: 38.05% - Max: 140.52% - Min: -20.91% - Market Cap 17362 - Trading time: 00:02:21
08-09-2025 00:19:23.837 INFO Current price: 0.000000085833 - Current percentage: 41.66% - Max: 140.52% - Min: -20.91% - Market Cap 17816 - Trading time: 00:02:22
08-09-2025 00:19:24.193 INFO Current price: 0.000000090133 - Current percentage: 52.23% - Max: 140.52% - Min: -20.91% - Market Cap 19145 - Trading time: 00:02:22
08-09-2025 00:19:24.197 INFO Current price: 0.000000093614 - Current percentage: 52.81% - Max: 140.52% - Min: -20.91% - Market Cap 19218 - Trading time: 00:02:22
08-09-2025 00:19:25.236 INFO Current price: 0.000000093587 - Current percentage: 52.14% - Max: 140.52% - Min: -20.91% - Market Cap 19134 - Trading time: 00:02:23
08-09-2025 00:19:25.358 INFO Current price: 0.000000091603 - Current percentage: 46.40% - Max: 140.52% - Min: -20.91% - Market Cap 18412 - Trading time: 00:02:23
08-09-2025 00:19:26.559 INFO Current price: 0.000000090023 - Current percentage: 46.94% - Max: 140.52% - Min: -20.91% - Market Cap 18480 - Trading time: 00:02:24
08-09-2025 00:19:26.621 INFO Current price: 0.000000090352 - Current percentage: 47.47% - Max: 140.52% - Min: -20.91% - Market Cap 18547 - Trading time: 00:02:24
08-09-2025 00:19:28.060 INFO Current price: 0.000000090600 - Current percentage: 47.74% - Max: 140.52% - Min: -20.91% - Market Cap 18581 - Trading time: 00:02:26
08-09-2025 00:19:28.562 INFO Current price: 0.000000091496 - Current percentage: 50.40% - Max: 140.52% - Min: -20.91% - Market Cap 18916 - Trading time: 00:02:26
08-09-2025 00:19:31.128 INFO Current price: 0.000000092847 - Current percentage: 52.14% - Max: 140.52% - Min: -20.91% - Market Cap 19133 - Trading time: 00:02:29
08-09-2025 00:19:34.144 INFO Current price: 0.000000092953 - Current percentage: 50.75% - Max: 140.52% - Min: -20.91% - Market Cap 18959 - Trading time: 00:02:32
08-09-2025 00:19:34.334 INFO Current price: 0.000000092695 - Current percentage: 51.29% - Max: 140.52% - Min: -20.91% - Market Cap 19027 - Trading time: 00:02:32
08-09-2025 00:19:35.558 INFO Current price: 0.000000093028 - Current percentage: 51.84% - Max: 140.52% - Min: -20.91% - Market Cap 19096 - Trading time: 00:02:33
08-09-2025 00:19:38.658 INFO Current price: 0.000000094845 - Current percentage: 57.26% - Max: 140.52% - Min: -20.91% - Market Cap 19778 - Trading time: 00:02:36
08-09-2025 00:19:40.273 INFO Current price: 0.000000098370 - Current percentage: 63.33% - Max: 140.52% - Min: -20.91% - Market Cap 20542 - Trading time: 00:02:38
08-09-2025 00:19:40.689 INFO Current price: 0.000000100766 - Current percentage: 65.01% - Max: 140.52% - Min: -20.91% - Market Cap 20753 - Trading time: 00:02:38
08-09-2025 00:19:41.842 INFO Current price: 0.000000100162 - Current percentage: 61.38% - Max: 140.52% - Min: -20.91% - Market Cap 20296 - Trading time: 00:02:40
08-09-2025 00:19:43.118 INFO Current price: 0.000000099565 - Current percentage: 63.05% - Max: 140.52% - Min: -20.91% - Market Cap 20506 - Trading time: 00:02:41
08-09-2025 00:19:43.636 INFO Current price: 0.000000102300 - Current percentage: 70.37% - Max: 140.52% - Min: -20.91% - Market Cap 21427 - Trading time: 00:02:41
08-09-2025 00:19:44.714 INFO Current price: 0.000000106334 - Current percentage: 76.16% - Max: 140.52% - Min: -20.91% - Market Cap 22155 - Trading time: 00:02:42
08-09-2025 00:19:44.993 INFO Current price: 0.000000108221 - Current percentage: 76.47% - Max: 140.52% - Min: -20.91% - Market Cap 22194 - Trading time: 00:02:43
08-09-2025 00:19:45.393 INFO Current price: 0.000000111903 - Current percentage: 88.35% - Max: 140.52% - Min: -20.91% - Market Cap 23688 - Trading time: 00:02:43
08-09-2025 00:19:45.902 INFO Current price: 0.000000113649 - Current percentage: 82.02% - Max: 140.52% - Min: -20.91% - Market Cap 22892 - Trading time: 00:02:44
08-09-2025 00:19:46.550 INFO Current price: 0.000000109989 - Current percentage: 76.42% - Max: 140.52% - Min: -20.91% - Market Cap 22187 - Trading time: 00:02:44
08-09-2025 00:19:47.651 INFO Current price: 0.000000107909 - Current percentage: 75.20% - Max: 140.52% - Min: -20.91% - Market Cap 22034 - Trading time: 00:02:45
08-09-2025 00:19:47.921 INFO Current price: 0.000000107571 - Current percentage: 75.32% - Max: 140.52% - Min: -20.91% - Market Cap 22049 - Trading time: 00:02:46
08-09-2025 00:19:47.963 INFO Current price: 0.000000110289 - Current percentage: 84.16% - Max: 140.52% - Min: -20.91% - Market Cap 23161 - Trading time: 00:02:46
08-09-2025 00:19:47.978 INFO Current price: 0.000000112657 - Current percentage: 82.93% - Max: 140.52% - Min: -20.91% - Market Cap 23006 - Trading time: 00:02:46
08-09-2025 00:19:48.294 INFO Current price: 0.000000114632 - Current percentage: 90.68% - Max: 140.52% - Min: -20.91% - Market Cap 23980 - Trading time: 00:02:46
08-09-2025 00:19:50.175 INFO Current price: 0.000000117589 - Current percentage: 92.49% - Max: 140.52% - Min: -20.91% - Market Cap 24208 - Trading time: 00:02:48
08-09-2025 00:19:52.590 INFO Current price: 0.000000062790 - Current percentage: -45.63% - Max: 140.52% - Min: -45.63% - Market Cap 6838 - Trading time: 00:02:50
08-09-2025 00:19:53.140 INFO Current price: 0.000000033382 - Current percentage: -45.59% - Max: 140.52% - Min: -45.63% - Market Cap 6843 - Trading time: 00:02:51
08-09-2025 00:19:53.867 INFO Current price: 0.000000032810 - Current percentage: -47.48% - Max: 140.52% - Min: -47.48% - Market Cap 6605 - Trading time: 00:02:52
08-09-2025 00:19:53.934 INFO Current price: 0.000000032204 - Current percentage: -47.59% - Max: 140.52% - Min: -47.59% - Market Cap 6592 - Trading time: 00:02:52
08-09-2025 00:19:54.808 INFO Current price: 0.000000032161 - Current percentage: -47.62% - Max: 140.52% - Min: -47.62% - Market Cap 6588 - Trading time: 00:02:52
08-09-2025 00:19:55.108 INFO Current price: 0.000000032137 - Current percentage: -47.66% - Max: 140.52% - Min: -47.66% - Market Cap 6582 - Trading time: 00:02:53
08-09-2025 00:19:55.303 INFO Current price: 0.000000031831 - Current percentage: -48.61% - Max: 140.52% - Min: -48.61% - Market Cap 6463 - Trading time: 00:02:53
08-09-2025 00:19:55.483 INFO Current price: 0.000000031489 - Current percentage: -48.78% - Max: 140.52% - Min: -48.78% - Market Cap 6442 - Trading time: 00:02:53
08-09-2025 00:19:55.700 INFO Current price: 0.000000031410 - Current percentage: -48.87% - Max: 140.52% - Min: -48.87% - Market Cap 6430 - Trading time: 00:02:53
08-09-2025 00:19:55.727 INFO Current price: 0.000000031374 - Current percentage: -48.90% - Max: 140.52% - Min: -48.90% - Market Cap 6427 - Trading time: 00:02:53
08-09-2025 00:19:56.421 INFO Current price: 0.000000031309 - Current percentage: -49.08% - Max: 140.52% - Min: -49.08% - Market Cap 6403 - Trading time: 00:02:54
08-09-2025 00:19:57.271 INFO Current price: 0.000000030848 - Current percentage: -50.39% - Max: 140.52% - Min: -50.39% - Market Cap 6239 - Trading time: 00:02:55
08-09-2025 00:19:57.306 INFO Current price: 0.000000030431 - Current percentage: -50.45% - Max: 140.52% - Min: -50.45% - Market Cap 6232 - Trading time: 00:02:55
08-09-2025 00:19:57.894 INFO Current price: 0.000000030402 - Current percentage: -50.49% - Max: 140.52% - Min: -50.49% - Market Cap 6227 - Trading time: 00:02:56
08-09-2025 00:19:57.954 INFO Current price: 0.000000030377 - Current percentage: -50.53% - Max: 140.52% - Min: -50.53% - Market Cap 6221 - Trading time: 00:02:56
08-09-2025 00:19:58.106 INFO Current price: 0.000000030357 - Current percentage: -50.55% - Max: 140.52% - Min: -50.55% - Market Cap 6219 - Trading time: 00:02:56
08-09-2025 00:20:00.419 INFO Current price: 0.000000030310 - Current percentage: -50.69% - Max: 140.52% - Min: -50.69% - Market Cap 6202 - Trading time: 00:02:58
08-09-2025 00:20:00.467 INFO Current price: 0.000000030243 - Current percentage: -50.77% - Max: 140.52% - Min: -50.77% - Market Cap 6192 - Trading time: 00:02:58
08-09-2025 00:20:01.659 INFO Current price: 0.000000030204 - Current percentage: -50.81% - Max: 140.52% - Min: -50.81% - Market Cap 6186 - Trading time: 00:02:59
08-09-2025 00:20:02.168 INFO Current price: 0.000000030126 - Current percentage: -51.02% - Max: 140.52% - Min: -51.02% - Market Cap 6160 - Trading time: 00:03:00
08-09-2025 00:20:02.799 INFO Current price: 0.000000030038 - Current percentage: -51.10% - Max: 140.52% - Min: -51.10% - Market Cap 6150 - Trading time: 00:03:00
08-09-2025 00:20:05.415 INFO Current price: 0.000000029910 - Current percentage: -51.41% - Max: 140.52% - Min: -51.41% - Market Cap 6111 - Trading time: 00:03:03
08-09-2025 00:20:06.051 INFO Current price: 0.000000029812 - Current percentage: -51.45% - Max: 140.52% - Min: -51.45% - Market Cap 6106 - Trading time: 00:03:04
08-09-2025 00:20:07.305 INFO Current price: 0.000000029769 - Current percentage: -51.55% - Max: 140.52% - Min: -51.55% - Market Cap 6093 - Trading time: 00:03:05
08-09-2025 00:20:07.339 INFO Current price: 0.000000029646 - Current percentage: -51.85% - Max: 140.52% - Min: -51.85% - Market Cap 6056 - Trading time: 00:03:05
08-09-2025 00:20:12.479 INFO Current price: 0.000000029380 - Current percentage: -52.18% - Max: 140.52% - Min: -52.18% - Market Cap 6015 - Trading time: 00:03:10
08-09-2025 00:20:13.384 INFO Current price: 0.000000029260 - Current percentage: -52.48% - Max: 140.52% - Min: -52.48% - Market Cap 5976 - Trading time: 00:03:11
08-09-2025 00:20:16.083 INFO Current price: 0.000000029167 - Current percentage: -52.48% - Max: 140.52% - Min: -52.48% - Market Cap 5976 - Trading time: 00:03:14
08-09-2025 00:20:16.691 INFO Current price: 0.000000029159 - Current percentage: -52.51% - Max: 140.52% - Min: -52.51% - Market Cap 5973 - Trading time: 00:03:14
08-09-2025 00:20:17.783 INFO Current price: 0.000000029110 - Current percentage: -52.64% - Max: 140.52% - Min: -52.64% - Market Cap 5956 - Trading time: 00:03:15
08-09-2025 00:20:21.334 INFO Current price: 0.000000029065 - Current percentage: -52.65% - Max: 140.52% - Min: -52.65% - Market Cap 5954 - Trading time: 00:03:19
08-09-2025 00:20:24.114 INFO Current price: 0.000000029050 - Current percentage: -52.69% - Max: 140.52% - Min: -52.69% - Market Cap 5950 - Trading time: 00:03:22
08-09-2025 00:20:25.053 INFO Current price: 0.000000029030 - Current percentage: -52.72% - Max: 140.52% - Min: -52.72% - Market Cap 5946 - Trading time: 00:03:23
08-09-2025 00:20:34.480 INFO Current price: 0.000000029004 - Current percentage: -52.77% - Max: 140.52% - Min: -52.77% - Market Cap 5940 - Trading time: 00:03:32
08-09-2025 00:20:35.286 INFO Current price: 0.000000029016 - Current percentage: -52.68% - Max: 140.52% - Min: -52.77% - Market Cap 5951 - Trading time: 00:03:33
08-09-2025 00:20:38.896 INFO Current price: 0.000000029035 - Current percentage: -52.71% - Max: 140.52% - Min: -52.77% - Market Cap 5948 - Trading time: 00:03:37
08-09-2025 00:20:41.113 INFO Current price: 0.000000029000 - Current percentage: -52.80% - Max: 140.52% - Min: -52.80% - Market Cap 5937 - Trading time: 00:03:39
08-09-2025 00:21:36.213 INFO Current price: 0.000000028953 - Current percentage: -52.86% - Max: 140.52% - Min: -52.86% - Market Cap 5928 - Trading time: 00:04:34






08-09-2025 00:31:36.216 INFO {"type":"summary","reason":"inactivity","startedAt":"2025-09-07T22:17:01.814Z","endedAt":"2025-09-07T22:31:36.216Z","durationSec":874,"entryPrice":5.746510282872483e-8,"entryMarketCapSol":61.47795571490855,"entryMarketCapUsd":12576.545400598843,"minPct":-52.86211493093352,"maxPct":140.51740790672972,"buyCount":198,"sellCount":145,"tradeCount":343,"entryRecorded":true,"noPostThresholdTrades":false,"triggerAt":"2025-09-07T22:17:01.775Z","ageAtTriggerSec":20,"preTotalTrades":39,"preBuys":28,"preSells":11,"preUniqueTraders":27,"preEntryTotalTrades":43,"preEntryBuys":32,"preEntrySells":11,"preEntryUniqueTraders":31,"preEntryMinMcUsd":8050.480446171601,"preEntryMaxMcUsd":13975.24656497149,"thresholdMcSol":47.09203871193615,"thresholdMcUsd":9633.618359300777,"thresholdPrice":5.190355608201315e-8}
