07-09-2025 22:25:35.826 INFO Entry price: 0.000000034967584654 - Entry market cap: 6829 - Buys 28 - Sells 17 - Ratio: 1:0.61 - Min MarketCap: 6710 - Max MarketCap: 9068
07-09-2025 22:25:35.826 INFO Current price: 0.000000034968 - Current percentage: 0.00% - Max: 0.00% - Min: 0.00% - Market Cap 6829 - Trading time: 00:00:02
07-09-2025 22:25:35.954 INFO Current price: 0.000000035006 - Current percentage: 2.63% - Max: 2.63% - Min: 0.00% - Market Cap 7009 - Trading time: 00:00:02
07-09-2025 22:25:38.341 INFO Current price: 0.000000034060 - Current percentage: -0.31% - Max: 2.63% - Min: -0.31% - Market Cap 6808 - Trading time: 00:00:04
07-09-2025 22:25:38.587 INFO Current price: 0.000000033875 - Current percentage: 1.52% - Max: 2.63% - Min: -0.31% - Market Cap 6933 - Trading time: 00:00:04
07-09-2025 22:25:38.784 INFO Current price: 0.000000035205 - Current percentage: 7.67% - Max: 7.67% - Min: -0.31% - Market Cap 7353 - Trading time: 00:00:04
07-09-2025 22:25:38.794 INFO Current price: 0.000000037280 - Current percentage: 13.84% - Max: 13.84% - Min: -0.31% - Market Cap 7774 - Trading time: 00:00:04
07-09-2025 22:25:38.969 INFO Current price: 0.000000038290 - Current percentage: 13.58% - Max: 13.84% - Min: -0.31% - Market Cap 7757 - Trading time: 00:00:05
07-09-2025 22:25:46.627 INFO Current price: 0.000000037391 - Current percentage: 8.56% - Max: 13.84% - Min: -0.31% - Market Cap 7414 - Trading time: 00:00:12
07-09-2025 22:25:47.479 INFO Current price: 0.000000036395 - Current percentage: 7.61% - Max: 13.84% - Min: -0.31% - Market Cap 7349 - Trading time: 00:00:13
07-09-2025 22:26:02.748 INFO Current price: 0.000000036245 - Current percentage: 7.67% - Max: 13.84% - Min: -0.31% - Market Cap 7353 - Trading time: 00:00:28
07-09-2025 22:26:04.062 INFO Current price: 0.000000036255 - Current percentage: 7.67% - Max: 13.84% - Min: -0.31% - Market Cap 7353 - Trading time: 00:00:30
07-09-2025 22:26:06.818 INFO Current price: 0.000000035303 - Current percentage: 2.09% - Max: 13.84% - Min: -0.31% - Market Cap 6972 - Trading time: 00:00:32
07-09-2025 22:26:06.846 INFO Current price: 0.000000033405 - Current percentage: -3.59% - Max: 13.84% - Min: -3.59% - Market Cap 6584 - Trading time: 00:00:33
07-09-2025 22:26:06.875 INFO Current price: 0.000000031632 - Current percentage: -8.46% - Max: 13.84% - Min: -8.46% - Market Cap 6251 - Trading time: 00:00:33
07-09-2025 22:26:06.875 INFO Current price: 0.000000030062 - Current percentage: -12.93% - Max: 13.84% - Min: -12.93% - Market Cap 5946 - Trading time: 00:00:33
07-09-2025 22:26:07.417 INFO Current price: 0.000000029080 - Current percentage: -14.34% - Max: 13.84% - Min: -14.34% - Market Cap 5850 - Trading time: 00:00:33
07-09-2025 22:26:08.116 INFO Current price: 0.000000028842 - Current percentage: -14.34% - Max: 13.84% - Min: -14.34% - Market Cap 5850 - Trading time: 00:00:34
07-09-2025 22:26:08.124 INFO Current price: 0.000000028842 - Current percentage: -14.34% - Max: 13.84% - Min: -14.34% - Market Cap 5850 - Trading time: 00:00:34
07-09-2025 22:26:09.247 INFO Current price: 0.000000028647 - Current percentage: -15.50% - Max: 13.84% - Min: -15.50% - Market Cap 5770 - Trading time: 00:00:35
07-09-2025 22:26:10.430 INFO Current price: 0.000000028452 - Current percentage: -15.50% - Max: 13.84% - Min: -15.50% - Market Cap 5770 - Trading time: 00:00:36
07-09-2025 22:26:12.920 INFO Current price: 0.000000028217 - Current percentage: -16.89% - Max: 13.84% - Min: -16.89% - Market Cap 5676 - Trading time: 00:00:39
07-09-2025 22:26:13.398 INFO Current price: 0.000000027977 - Current percentage: -16.93% - Max: 13.84% - Min: -16.93% - Market Cap 5673 - Trading time: 00:00:39






07-09-2025 22:36:13.406 INFO {"type":"summary","reason":"inactivity","startedAt":"2025-09-07T20:25:33.825Z","endedAt":"2025-09-07T20:36:13.406Z","durationSec":639,"entryPrice":3.496758465412246e-8,"entryMarketCapSol":33.67176059609562,"entryMarketCapUsd":6828.969766494153,"minPct":-16.932525532011233,"maxPct":13.844998421856165,"buyCount":8,"sellCount":17,"tradeCount":25,"entryRecorded":true,"noPostThresholdTrades":false,"triggerAt":"2025-09-07T20:25:33.820Z","ageAtTriggerSec":9,"preTotalTrades":41,"preBuys":25,"preSells":16,"preUniqueTraders":25,"preEntryTotalTrades":45,"preEntryBuys":28,"preEntrySells":17,"preEntryUniqueTraders":28,"preEntryMinMcUsd":6710.3420523549175,"preEntryMaxMcUsd":9067.752015859722,"thresholdMcSol":33.67176059609562,"thresholdMcUsd":6828.969766494153,"thresholdPrice":3.496758465412246e-8}
