08-09-2025 07:13:43.611 INFO Entry price: 0.000000038845615091 - Entry market cap: 7778 - Buys 14 - Sells 2 - Ratio: 1:0.14 - Min MarketCap: 6596 - Max MarketCap: 8366
08-09-2025 07:13:43.611 INFO Current price: 0.000000038846 - Current percentage: 0.00% - Max: 0.00% - Min: 0.00% - Market Cap 7778 - Trading time: 00:00:02
08-09-2025 07:13:43.628 INFO Current price: 0.000000037122 - Current percentage: -2.35% - Max: 0.00% - Min: -2.35% - Market Cap 7595 - Trading time: 00:00:02
08-09-2025 07:13:43.666 INFO Current price: 0.000000036094 - Current percentage: -4.91% - Max: 0.00% - Min: -4.91% - Market Cap 7396 - Trading time: 00:00:02
08-09-2025 07:13:44.418 INFO Current price: 0.000000035508 - Current percentage: -5.49% - Max: 0.00% - Min: -5.49% - Market Cap 7351 - Trading time: 00:00:02
08-09-2025 07:13:46.303 INFO Current price: 0.000000035461 - Current percentage: -5.16% - Max: 0.00% - Min: -5.49% - Market Cap 7377 - Trading time: 00:00:04
08-09-2025 07:13:46.650 INFO Current price: 0.000000035625 - Current percentage: -4.62% - Max: 0.00% - Min: -5.49% - Market Cap 7419 - Trading time: 00:00:05
08-09-2025 07:13:47.501 INFO Current price: 0.000000035780 - Current percentage: -4.34% - Max: 0.00% - Min: -5.49% - Market Cap 7441 - Trading time: 00:00:05
08-09-2025 07:13:47.788 INFO Current price: 0.000000035825 - Current percentage: -4.38% - Max: 0.00% - Min: -5.49% - Market Cap 7438 - Trading time: 00:00:06
08-09-2025 07:13:48.706 INFO Current price: 0.000000036333 - Current percentage: -1.60% - Max: 0.00% - Min: -5.49% - Market Cap 7654 - Trading time: 00:00:07
08-09-2025 07:13:51.020 INFO Current price: 0.000000036856 - Current percentage: -1.61% - Max: 0.00% - Min: -5.49% - Market Cap 7653 - Trading time: 00:00:09
08-09-2025 07:13:51.227 INFO Current price: 0.000000036747 - Current percentage: -2.18% - Max: 0.00% - Min: -5.49% - Market Cap 7609 - Trading time: 00:00:09
08-09-2025 07:13:52.387 INFO Current price: 0.000000036654 - Current percentage: -2.18% - Max: 0.00% - Min: -5.49% - Market Cap 7609 - Trading time: 00:00:10
08-09-2025 07:13:53.483 INFO Current price: 0.000000036787 - Current percentage: -1.39% - Max: 0.00% - Min: -5.49% - Market Cap 7670 - Trading time: 00:00:11
08-09-2025 07:13:53.586 INFO Current price: 0.000000037475 - Current percentage: 1.51% - Max: 1.51% - Min: -5.49% - Market Cap 7896 - Trading time: 00:00:11
08-09-2025 07:13:53.943 INFO Current price: 0.000000037475 - Current percentage: -1.39% - Max: 1.51% - Min: -5.49% - Market Cap 7670 - Trading time: 00:00:12
08-09-2025 07:13:54.547 INFO Current price: 0.000000037982 - Current percentage: 4.28% - Max: 4.28% - Min: -5.49% - Market Cap 8111 - Trading time: 00:00:12
08-09-2025 07:13:54.917 INFO Current price: 0.000000038489 - Current percentage: 1.26% - Max: 4.28% - Min: -5.49% - Market Cap 7876 - Trading time: 00:00:13
08-09-2025 07:13:56.495 INFO Current price: 0.000000038033 - Current percentage: 1.82% - Max: 4.28% - Min: -5.49% - Market Cap 7920 - Trading time: 00:00:14
08-09-2025 07:13:56.897 INFO Current price: 0.000000036845 - Current percentage: -4.97% - Max: 4.28% - Min: -5.49% - Market Cap 7392 - Trading time: 00:00:15
08-09-2025 07:13:57.447 INFO Current price: 0.000000035533 - Current percentage: -5.30% - Max: 4.28% - Min: -5.49% - Market Cap 7366 - Trading time: 00:00:15
08-09-2025 07:13:58.045 INFO Current price: 0.000000035481 - Current percentage: -5.25% - Max: 4.28% - Min: -5.49% - Market Cap 7370 - Trading time: 00:00:16
08-09-2025 07:13:59.580 INFO Current price: 0.000000035491 - Current percentage: -5.25% - Max: 4.28% - Min: -5.49% - Market Cap 7370 - Trading time: 00:00:17
08-09-2025 07:13:59.584 INFO Current price: 0.000000034557 - Current percentage: -10.17% - Max: 4.28% - Min: -10.17% - Market Cap 6987 - Trading time: 00:00:17
08-09-2025 07:14:01.160 INFO Current price: 0.000000033747 - Current percentage: -9.64% - Max: 4.28% - Min: -10.17% - Market Cap 7029 - Trading time: 00:00:19
08-09-2025 07:14:02.111 INFO Current price: 0.000000033856 - Current percentage: -9.59% - Max: 4.28% - Min: -10.17% - Market Cap 7032 - Trading time: 00:00:20
08-09-2025 07:14:02.540 INFO Current price: 0.000000034868 - Current percentage: -4.16% - Max: 4.28% - Min: -10.17% - Market Cap 7455 - Trading time: 00:00:20
08-09-2025 07:14:02.757 INFO Current price: 0.000000035944 - Current percentage: -3.92% - Max: 4.28% - Min: -10.17% - Market Cap 7473 - Trading time: 00:00:21
08-09-2025 07:14:05.174 INFO Current price: 0.000000036090 - Current percentage: -3.37% - Max: 4.28% - Min: -10.17% - Market Cap 7516 - Trading time: 00:00:23
08-09-2025 07:14:05.366 INFO Current price: 0.000000038268 - Current percentage: 8.02% - Max: 8.02% - Min: -10.17% - Market Cap 8402 - Trading time: 00:00:23
08-09-2025 07:14:05.496 INFO Current price: 0.000000040482 - Current percentage: 8.14% - Max: 8.14% - Min: -10.17% - Market Cap 8411 - Trading time: 00:00:23
08-09-2025 07:14:05.546 INFO Current price: 0.000000040532 - Current percentage: 8.28% - Max: 8.28% - Min: -10.17% - Market Cap 8423 - Trading time: 00:00:23
08-09-2025 07:14:06.727 INFO Current price: 0.000000040337 - Current percentage: 7.10% - Max: 8.28% - Min: -10.17% - Market Cap 8330 - Trading time: 00:00:25
08-09-2025 07:14:07.782 INFO Current price: 0.000000040225 - Current percentage: 7.68% - Max: 8.28% - Min: -10.17% - Market Cap 8376 - Trading time: 00:00:26
08-09-2025 07:14:07.936 INFO Current price: 0.000000040444 - Current percentage: 8.27% - Max: 8.28% - Min: -10.17% - Market Cap 8421 - Trading time: 00:00:26
08-09-2025 07:14:08.961 INFO Current price: 0.000000042200 - Current percentage: 17.24% - Max: 17.24% - Min: -10.17% - Market Cap 9119 - Trading time: 00:00:27
08-09-2025 07:14:08.978 INFO Current price: 0.000000044728 - Current percentage: 21.63% - Max: 21.63% - Min: -10.17% - Market Cap 9461 - Trading time: 00:00:27
08-09-2025 07:14:09.035 INFO Current price: 0.000000046300 - Current percentage: 25.62% - Max: 25.62% - Min: -10.17% - Market Cap 9771 - Trading time: 00:00:27
08-09-2025 07:14:09.036 INFO Current price: 0.000000048530 - Current percentage: 33.63% - Max: 33.63% - Min: -10.17% - Market Cap 10394 - Trading time: 00:00:27
08-09-2025 07:14:09.083 INFO Current price: 0.000000051609 - Current percentage: 42.06% - Max: 42.06% - Min: -10.17% - Market Cap 11050 - Trading time: 00:00:27
08-09-2025 07:14:09.297 INFO Current price: 0.000000053170 - Current percentage: 41.84% - Max: 42.06% - Min: -10.17% - Market Cap 11033 - Trading time: 00:00:27
08-09-2025 07:14:10.315 INFO Current price: 0.000000053129 - Current percentage: 41.84% - Max: 42.06% - Min: -10.17% - Market Cap 11033 - Trading time: 00:00:28
08-09-2025 07:14:10.436 INFO Current price: 0.000000053779 - Current percentage: 45.33% - Max: 45.33% - Min: -10.17% - Market Cap 11304 - Trading time: 00:00:28
08-09-2025 07:14:11.904 INFO Current price: 0.000000054305 - Current percentage: 44.63% - Max: 45.33% - Min: -10.17% - Market Cap 11250 - Trading time: 00:00:30
08-09-2025 07:14:13.621 INFO Current price: 0.000000052272 - Current percentage: 34.65% - Max: 45.33% - Min: -10.17% - Market Cap 10474 - Trading time: 00:00:32
08-09-2025 07:14:14.027 INFO Current price: 0.000000050280 - Current percentage: 33.82% - Max: 45.33% - Min: -10.17% - Market Cap 10409 - Trading time: 00:00:32
08-09-2025 07:14:14.835 INFO Current price: 0.000000050173 - Current percentage: 34.08% - Max: 45.33% - Min: -10.17% - Market Cap 10429 - Trading time: 00:00:33
08-09-2025 07:14:21.291 INFO Current price: 0.000000050588 - Current percentage: 36.04% - Max: 45.33% - Min: -10.17% - Market Cap 10582 - Trading time: 00:00:39
08-09-2025 07:14:22.275 INFO Current price: 0.000000051007 - Current percentage: 36.31% - Max: 45.33% - Min: -10.17% - Market Cap 10602 - Trading time: 00:00:40
08-09-2025 07:14:24.484 INFO Current price: 0.000000051672 - Current percentage: 39.61% - Max: 45.33% - Min: -10.17% - Market Cap 10860 - Trading time: 00:00:42
08-09-2025 07:14:25.060 INFO Current price: 0.000000054787 - Current percentage: 53.24% - Max: 53.24% - Min: -10.17% - Market Cap 11919 - Trading time: 00:00:43
08-09-2025 07:14:25.225 INFO Current price: 0.000000058704 - Current percentage: 60.29% - Max: 60.29% - Min: -10.17% - Market Cap 12468 - Trading time: 00:00:43
08-09-2025 07:14:30.435 INFO Current price: 0.000000058663 - Current percentage: 53.03% - Max: 60.29% - Min: -10.17% - Market Cap 11903 - Trading time: 00:00:48
08-09-2025 07:14:31.665 INFO Current price: 0.000000057329 - Current percentage: 53.08% - Max: 60.29% - Min: -10.17% - Market Cap 11907 - Trading time: 00:00:50
08-09-2025 07:14:32.746 INFO Current price: 0.000000056093 - Current percentage: 46.50% - Max: 60.29% - Min: -10.17% - Market Cap 11395 - Trading time: 00:00:51
08-09-2025 07:14:33.378 INFO Current price: 0.000000055359 - Current percentage: 49.10% - Max: 60.29% - Min: -10.17% - Market Cap 11597 - Trading time: 00:00:51
08-09-2025 07:14:33.862 INFO Current price: 0.000000055660 - Current percentage: 48.10% - Max: 60.29% - Min: -10.17% - Market Cap 11519 - Trading time: 00:00:52
08-09-2025 07:14:39.531 INFO Current price: 0.000000055728 - Current percentage: 49.47% - Max: 60.29% - Min: -10.17% - Market Cap 11626 - Trading time: 00:00:57
08-09-2025 07:14:40.644 INFO Current price: 0.000000057276 - Current percentage: 56.43% - Max: 60.29% - Min: -10.17% - Market Cap 12168 - Trading time: 00:00:59
08-09-2025 07:14:43.216 INFO Current price: 0.000000058606 - Current percentage: 56.49% - Max: 60.29% - Min: -10.17% - Market Cap 12172 - Trading time: 00:01:01
08-09-2025 07:14:44.143 INFO Current price: 0.000000059820 - Current percentage: 62.98% - Max: 62.98% - Min: -10.17% - Market Cap 12677 - Trading time: 00:01:02
08-09-2025 07:14:45.252 INFO Current price: 0.000000060983 - Current percentage: 62.64% - Max: 62.98% - Min: -10.17% - Market Cap 12650 - Trading time: 00:01:03
08-09-2025 07:14:49.049 INFO Current price: 0.000000060981 - Current percentage: 62.97% - Max: 62.98% - Min: -10.17% - Market Cap 12676 - Trading time: 00:01:07
08-09-2025 07:14:49.945 INFO Current price: 0.000000061180 - Current percentage: 63.70% - Max: 63.70% - Min: -10.17% - Market Cap 12733 - Trading time: 00:01:08
08-09-2025 07:14:51.369 INFO Current price: 0.000000061251 - Current percentage: 63.35% - Max: 63.70% - Min: -10.17% - Market Cap 12706 - Trading time: 00:01:09
08-09-2025 07:14:53.298 INFO Current price: 0.000000060398 - Current percentage: 59.17% - Max: 63.70% - Min: -10.17% - Market Cap 12381 - Trading time: 00:01:11
08-09-2025 07:14:53.624 INFO Current price: 0.000000059215 - Current percentage: 57.01% - Max: 63.70% - Min: -10.17% - Market Cap 12213 - Trading time: 00:01:12
08-09-2025 07:14:54.283 INFO Current price: 0.000000061515 - Current percentage: 71.78% - Max: 71.78% - Min: -10.17% - Market Cap 13361 - Trading time: 00:01:12
08-09-2025 07:14:54.520 INFO Current price: 0.000000064357 - Current percentage: 71.85% - Max: 71.85% - Min: -10.17% - Market Cap 13367 - Trading time: 00:01:12
08-09-2025 07:14:54.594 INFO Current price: 0.000000064422 - Current percentage: 72.13% - Max: 72.13% - Min: -10.17% - Market Cap 13388 - Trading time: 00:01:12
08-09-2025 07:14:55.308 INFO Current price: 0.000000065860 - Current percentage: 79.61% - Max: 79.61% - Min: -10.17% - Market Cap 13971 - Trading time: 00:01:13
08-09-2025 07:14:57.659 INFO Current price: 0.000000069397 - Current percentage: 91.11% - Max: 91.11% - Min: -10.17% - Market Cap 14865 - Trading time: 00:01:16
08-09-2025 07:14:57.841 INFO Current price: 0.000000071643 - Current percentage: 91.42% - Max: 91.42% - Min: -10.17% - Market Cap 14889 - Trading time: 00:01:16
08-09-2025 07:14:59.018 INFO Current price: 0.000000071701 - Current percentage: 91.42% - Max: 91.42% - Min: -10.17% - Market Cap 14889 - Trading time: 00:01:17
08-09-2025 07:15:00.236 INFO Current price: 0.000000071752 - Current percentage: 91.70% - Max: 91.70% - Min: -10.17% - Market Cap 14911 - Trading time: 00:01:18
08-09-2025 07:15:04.312 INFO Current price: 0.000000071876 - Current percentage: 92.09% - Max: 92.09% - Min: -10.17% - Market Cap 14941 - Trading time: 00:01:22
08-09-2025 07:15:04.542 INFO Current price: 0.000000070383 - Current percentage: 83.81% - Max: 92.09% - Min: -10.17% - Market Cap 14298 - Trading time: 00:01:22
08-09-2025 07:15:05.680 INFO Current price: 0.000000068689 - Current percentage: 82.95% - Max: 92.09% - Min: -10.17% - Market Cap 14230 - Trading time: 00:01:24
08-09-2025 07:15:05.741 INFO Current price: 0.000000068478 - Current percentage: 82.69% - Max: 92.09% - Min: -10.17% - Market Cap 14210 - Trading time: 00:01:24
08-09-2025 07:15:06.844 INFO Current price: 0.000000068056 - Current percentage: 80.70% - Max: 92.09% - Min: -10.17% - Market Cap 14056 - Trading time: 00:01:25
08-09-2025 07:15:07.759 INFO Current price: 0.000000067898 - Current percentage: 81.84% - Max: 92.09% - Min: -10.17% - Market Cap 14144 - Trading time: 00:01:26
08-09-2025 07:15:08.090 INFO Current price: 0.000000068154 - Current percentage: 82.07% - Max: 92.09% - Min: -10.17% - Market Cap 14162 - Trading time: 00:01:26
08-09-2025 07:15:08.948 INFO Current price: 0.000000069640 - Current percentage: 88.82% - Max: 92.09% - Min: -10.17% - Market Cap 14687 - Trading time: 00:01:27
08-09-2025 07:15:08.948 INFO Current price: 0.000000071959 - Current percentage: 95.46% - Max: 95.46% - Min: -10.17% - Market Cap 15203 - Trading time: 00:01:27
08-09-2025 07:15:09.474 INFO Current price: 0.000000073214 - Current percentage: 95.46% - Max: 95.46% - Min: -10.17% - Market Cap 15204 - Trading time: 00:01:27
08-09-2025 07:15:10.095 INFO Current price: 0.000000073287 - Current percentage: 95.86% - Max: 95.86% - Min: -10.17% - Market Cap 15234 - Trading time: 00:01:28
08-09-2025 07:15:11.594 INFO Current price: 0.000000073707 - Current percentage: 97.71% - Max: 97.71% - Min: -10.17% - Market Cap 15378 - Trading time: 00:01:29
08-09-2025 07:15:11.991 INFO Current price: 0.000000074205 - Current percentage: 98.51% - Max: 98.51% - Min: -10.17% - Market Cap 15440 - Trading time: 00:01:30
08-09-2025 07:15:15.830 INFO Current price: 0.000000074128 - Current percentage: 97.30% - Max: 98.51% - Min: -10.17% - Market Cap 15346 - Trading time: 00:01:34
08-09-2025 07:15:15.881 INFO Current price: 0.000000073632 - Current percentage: 95.86% - Max: 98.51% - Min: -10.17% - Market Cap 15235 - Trading time: 00:01:34
08-09-2025 07:15:17.307 INFO Current price: 0.000000071748 - Current percentage: 87.33% - Max: 98.51% - Min: -10.17% - Market Cap 14571 - Trading time: 00:01:35
08-09-2025 07:15:19.076 INFO Current price: 0.000000066744 - Current percentage: 69.49% - Max: 98.51% - Min: -10.17% - Market Cap 13184 - Trading time: 00:01:37
08-09-2025 07:15:19.133 INFO Current price: 0.000000062309 - Current percentage: 63.27% - Max: 98.51% - Min: -10.17% - Market Cap 12699 - Trading time: 00:01:37
08-09-2025 07:15:19.139 INFO Current price: 0.000000059866 - Current percentage: 56.46% - Max: 98.51% - Min: -10.17% - Market Cap 12170 - Trading time: 00:01:37
08-09-2025 07:15:19.793 INFO Current price: 0.000000058560 - Current percentage: 56.22% - Max: 98.51% - Min: -10.17% - Market Cap 12152 - Trading time: 00:01:38
08-09-2025 07:15:19.843 INFO Current price: 0.000000058504 - Current percentage: 56.16% - Max: 98.51% - Min: -10.17% - Market Cap 12146 - Trading time: 00:01:38
08-09-2025 07:15:21.706 INFO Current price: 0.000000059019 - Current percentage: 58.99% - Max: 98.51% - Min: -10.17% - Market Cap 12366 - Trading time: 00:01:40
08-09-2025 07:15:22.724 INFO Current price: 0.000000059684 - Current percentage: 59.70% - Max: 98.51% - Min: -10.17% - Market Cap 12422 - Trading time: 00:01:41
08-09-2025 07:15:23.109 INFO Current price: 0.000000059951 - Current percentage: 60.41% - Max: 98.51% - Min: -10.17% - Market Cap 12477 - Trading time: 00:01:41
08-09-2025 07:15:23.563 INFO Current price: 0.000000060151 - Current percentage: 60.77% - Max: 98.51% - Min: -10.17% - Market Cap 12505 - Trading time: 00:01:41
08-09-2025 07:15:27.131 INFO Current price: 0.000000060219 - Current percentage: 60.77% - Max: 98.51% - Min: -10.17% - Market Cap 12505 - Trading time: 00:01:45
08-09-2025 07:15:27.132 INFO Current price: 0.000000060220 - Current percentage: 60.77% - Max: 98.51% - Min: -10.17% - Market Cap 12506 - Trading time: 00:01:45
08-09-2025 07:15:27.143 INFO Current price: 0.000000060649 - Current percentage: 63.07% - Max: 98.51% - Min: -10.17% - Market Cap 12684 - Trading time: 00:01:45
08-09-2025 07:15:27.234 INFO Current price: 0.000000061081 - Current percentage: 63.07% - Max: 98.51% - Min: -10.17% - Market Cap 12684 - Trading time: 00:01:45
08-09-2025 07:15:27.236 INFO Current price: 0.000000061082 - Current percentage: 63.08% - Max: 98.51% - Min: -10.17% - Market Cap 12684 - Trading time: 00:01:45
08-09-2025 07:15:27.840 INFO Current price: 0.000000061218 - Current percentage: 63.80% - Max: 98.51% - Min: -10.17% - Market Cap 12740 - Trading time: 00:01:46
08-09-2025 07:15:28.271 INFO Current price: 0.000000061690 - Current percentage: 65.60% - Max: 98.51% - Min: -10.17% - Market Cap 12881 - Trading time: 00:01:46
08-09-2025 07:15:28.681 INFO Current price: 0.000000061457 - Current percentage: 62.56% - Max: 98.51% - Min: -10.17% - Market Cap 12644 - Trading time: 00:01:47
08-09-2025 07:15:28.821 INFO Current price: 0.000000060332 - Current percentage: 59.60% - Max: 98.51% - Min: -10.17% - Market Cap 12414 - Trading time: 00:01:47
08-09-2025 07:15:29.741 INFO Current price: 0.000000058935 - Current percentage: 55.12% - Max: 98.51% - Min: -10.17% - Market Cap 12066 - Trading time: 00:01:48
08-09-2025 07:15:29.744 INFO Current price: 0.000000057214 - Current percentage: 50.41% - Max: 98.51% - Min: -10.17% - Market Cap 11699 - Trading time: 00:01:48
08-09-2025 07:15:29.863 INFO Current price: 0.000000053628 - Current percentage: 36.28% - Max: 98.51% - Min: -10.17% - Market Cap 10601 - Trading time: 00:01:48
08-09-2025 07:15:30.334 INFO Current price: 0.000000050995 - Current percentage: 36.00% - Max: 98.51% - Min: -10.17% - Market Cap 10579 - Trading time: 00:01:48
08-09-2025 07:15:30.530 INFO Current price: 0.000000049806 - Current percentage: 30.00% - Max: 98.51% - Min: -10.17% - Market Cap 10112 - Trading time: 00:01:48
08-09-2025 07:15:30.558 INFO Current price: 0.000000047425 - Current percentage: 23.31% - Max: 98.51% - Min: -10.17% - Market Cap 9592 - Trading time: 00:01:48
08-09-2025 07:15:30.572 INFO Current price: 0.000000046189 - Current percentage: 23.31% - Max: 98.51% - Min: -10.17% - Market Cap 9592 - Trading time: 00:01:48
08-09-2025 07:15:30.655 INFO Current price: 0.000000046781 - Current percentage: 26.49% - Max: 98.51% - Min: -10.17% - Market Cap 9839 - Trading time: 00:01:49
08-09-2025 07:15:30.753 INFO Current price: 0.000000046845 - Current percentage: 23.65% - Max: 98.51% - Min: -10.17% - Market Cap 9618 - Trading time: 00:01:49
08-09-2025 07:15:31.052 INFO Current price: 0.000000046225 - Current percentage: 23.17% - Max: 98.51% - Min: -10.17% - Market Cap 9580 - Trading time: 00:01:49
08-09-2025 07:15:31.640 INFO Current price: 0.000000046098 - Current percentage: 22.97% - Max: 98.51% - Min: -10.17% - Market Cap 9565 - Trading time: 00:01:50
08-09-2025 07:15:31.976 INFO Current price: 0.000000046353 - Current percentage: 24.54% - Max: 98.51% - Min: -10.17% - Market Cap 9687 - Trading time: 00:01:50
08-09-2025 07:15:32.251 INFO Current price: 0.000000047551 - Current percentage: 29.41% - Max: 98.51% - Min: -10.17% - Market Cap 10066 - Trading time: 00:01:50
08-09-2025 07:15:32.253 INFO Current price: 0.000000049471 - Current percentage: 34.80% - Max: 98.51% - Min: -10.17% - Market Cap 10485 - Trading time: 00:01:50
08-09-2025 07:15:32.331 INFO Current price: 0.000000052327 - Current percentage: 44.78% - Max: 98.51% - Min: -10.17% - Market Cap 11262 - Trading time: 00:01:50
08-09-2025 07:15:32.417 INFO Current price: 0.000000054887 - Current percentage: 48.31% - Max: 98.51% - Min: -10.17% - Market Cap 11536 - Trading time: 00:01:50
08-09-2025 07:15:32.922 INFO Current price: 0.000000056194 - Current percentage: 51.76% - Max: 98.51% - Min: -10.17% - Market Cap 11804 - Trading time: 00:01:51
08-09-2025 07:15:33.045 INFO Current price: 0.000000056909 - Current percentage: 52.11% - Max: 98.51% - Min: -10.17% - Market Cap 11831 - Trading time: 00:01:51
08-09-2025 07:15:33.969 INFO Current price: 0.000000056811 - Current percentage: 51.24% - Max: 98.51% - Min: -10.17% - Market Cap 11764 - Trading time: 00:01:52
08-09-2025 07:15:38.815 INFO Current price: 0.000000056528 - Current percentage: 50.60% - Max: 98.51% - Min: -10.17% - Market Cap 11714 - Trading time: 00:01:57
08-09-2025 07:15:41.535 INFO Current price: 0.000000056388 - Current percentage: 50.49% - Max: 98.51% - Min: -10.17% - Market Cap 11705 - Trading time: 00:01:59
08-09-2025 07:15:46.234 INFO Current price: 0.000000054351 - Current percentage: 39.91% - Max: 98.51% - Min: -10.17% - Market Cap 10883 - Trading time: 00:02:04
08-09-2025 07:15:47.730 INFO Current price: 0.000000048874 - Current percentage: 21.68% - Max: 98.51% - Min: -10.17% - Market Cap 9465 - Trading time: 00:02:06
08-09-2025 07:15:47.824 INFO Current price: 0.000000045084 - Current percentage: 19.06% - Max: 98.51% - Min: -10.17% - Market Cap 9261 - Trading time: 00:02:06
08-09-2025 07:15:48.150 INFO Current price: 0.000000044250 - Current percentage: 17.22% - Max: 98.51% - Min: -10.17% - Market Cap 9118 - Trading time: 00:02:06
08-09-2025 07:15:49.468 INFO Current price: 0.000000045620 - Current percentage: 26.55% - Max: 98.51% - Min: -10.17% - Market Cap 9843 - Trading time: 00:02:07
08-09-2025 07:15:49.889 INFO Current price: 0.000000048052 - Current percentage: 30.05% - Max: 98.51% - Min: -10.17% - Market Cap 10116 - Trading time: 00:02:08
08-09-2025 07:15:49.889 INFO Current price: 0.000000049255 - Current percentage: 32.96% - Max: 98.51% - Min: -10.17% - Market Cap 10342 - Trading time: 00:02:08
08-09-2025 07:15:50.116 INFO Current price: 0.000000049924 - Current percentage: 33.61% - Max: 98.51% - Min: -10.17% - Market Cap 10393 - Trading time: 00:02:08
08-09-2025 07:15:50.295 INFO Current price: 0.000000050374 - Current percentage: 35.37% - Max: 98.51% - Min: -10.17% - Market Cap 10529 - Trading time: 00:02:08
08-09-2025 07:15:50.625 INFO Current price: 0.000000051943 - Current percentage: 42.07% - Max: 98.51% - Min: -10.17% - Market Cap 11050 - Trading time: 00:02:09
08-09-2025 07:15:50.658 INFO Current price: 0.000000053276 - Current percentage: 42.40% - Max: 98.51% - Min: -10.17% - Market Cap 11076 - Trading time: 00:02:09
08-09-2025 07:15:51.061 INFO Current price: 0.000000053465 - Current percentage: 43.07% - Max: 98.51% - Min: -10.17% - Market Cap 11129 - Trading time: 00:02:09
08-09-2025 07:15:51.472 INFO Current price: 0.000000053601 - Current percentage: 43.13% - Max: 98.51% - Min: -10.17% - Market Cap 11133 - Trading time: 00:02:09
08-09-2025 07:15:52.725 INFO Current price: 0.000000054256 - Current percentage: 46.59% - Max: 98.51% - Min: -10.17% - Market Cap 11402 - Trading time: 00:02:11
08-09-2025 07:15:52.831 INFO Current price: 0.000000055293 - Current percentage: 48.65% - Max: 98.51% - Min: -10.17% - Market Cap 11563 - Trading time: 00:02:11
08-09-2025 07:15:52.890 INFO Current price: 0.000000055841 - Current percentage: 49.51% - Max: 98.51% - Min: -10.17% - Market Cap 11629 - Trading time: 00:02:11
08-09-2025 07:15:53.653 INFO Current price: 0.000000056006 - Current percentage: 49.53% - Max: 98.51% - Min: -10.17% - Market Cap 11631 - Trading time: 00:02:12
08-09-2025 07:15:55.553 INFO Current price: 0.000000056400 - Current percentage: 51.62% - Max: 98.51% - Min: -10.17% - Market Cap 11794 - Trading time: 00:02:13
08-09-2025 07:15:55.763 INFO Current price: 0.000000054829 - Current percentage: 41.32% - Max: 98.51% - Min: -10.17% - Market Cap 10992 - Trading time: 00:02:14
08-09-2025 07:15:55.764 INFO Current price: 0.000000051264 - Current percentage: 32.55% - Max: 98.51% - Min: -10.17% - Market Cap 10310 - Trading time: 00:02:14
08-09-2025 07:15:55.817 INFO Current price: 0.000000049769 - Current percentage: 33.20% - Max: 98.51% - Min: -10.17% - Market Cap 10360 - Trading time: 00:02:14
08-09-2025 07:15:55.879 INFO Current price: 0.000000049755 - Current percentage: 32.47% - Max: 98.51% - Min: -10.17% - Market Cap 10304 - Trading time: 00:02:14
08-09-2025 07:15:56.005 INFO Current price: 0.000000049742 - Current percentage: 33.12% - Max: 98.51% - Min: -10.17% - Market Cap 10355 - Trading time: 00:02:14
08-09-2025 07:15:56.696 INFO Current price: 0.000000050796 - Current percentage: 38.15% - Max: 98.51% - Min: -10.17% - Market Cap 10745 - Trading time: 00:02:15
08-09-2025 07:15:56.700 INFO Current price: 0.000000052779 - Current percentage: 43.72% - Max: 98.51% - Min: -10.17% - Market Cap 11179 - Trading time: 00:02:15
08-09-2025 07:15:59.581 INFO Current price: 0.000000055098 - Current percentage: 50.55% - Max: 98.51% - Min: -10.17% - Market Cap 11710 - Trading time: 00:02:17
08-09-2025 07:15:59.917 INFO Current price: 0.000000056454 - Current percentage: 50.88% - Max: 98.51% - Min: -10.17% - Market Cap 11736 - Trading time: 00:02:18
08-09-2025 07:15:59.984 INFO Current price: 0.000000056583 - Current percentage: 51.24% - Max: 98.51% - Min: -10.17% - Market Cap 11764 - Trading time: 00:02:18
08-09-2025 07:16:01.210 INFO Current price: 0.000000056652 - Current percentage: 51.25% - Max: 98.51% - Min: -10.17% - Market Cap 11764 - Trading time: 00:02:19
08-09-2025 07:16:01.800 INFO Current price: 0.000000056652 - Current percentage: 51.25% - Max: 98.51% - Min: -10.17% - Market Cap 11764 - Trading time: 00:02:20
08-09-2025 07:16:01.973 INFO Current price: 0.000000056730 - Current percentage: 51.66% - Max: 98.51% - Min: -10.17% - Market Cap 11797 - Trading time: 00:02:20
08-09-2025 07:16:02.082 INFO Current price: 0.000000056807 - Current percentage: 51.66% - Max: 98.51% - Min: -10.17% - Market Cap 11797 - Trading time: 00:02:20
08-09-2025 07:16:02.807 INFO Current price: 0.000000056119 - Current percentage: 48.01% - Max: 98.51% - Min: -10.17% - Market Cap 11512 - Trading time: 00:02:21
08-09-2025 07:16:02.807 INFO Current price: 0.000000056735 - Current percentage: 55.01% - Max: 98.51% - Min: -10.17% - Market Cap 12057 - Trading time: 00:02:21
08-09-2025 07:16:02.910 INFO Current price: 0.000000056716 - Current percentage: 47.91% - Max: 98.51% - Min: -10.17% - Market Cap 11505 - Trading time: 00:02:21
08-09-2025 07:16:02.910 INFO Current price: 0.000000054121 - Current percentage: 41.15% - Max: 98.51% - Min: -10.17% - Market Cap 10979 - Trading time: 00:02:21
08-09-2025 07:16:03.110 INFO Current price: 0.000000052512 - Current percentage: 39.24% - Max: 98.51% - Min: -10.17% - Market Cap 10831 - Trading time: 00:02:21
08-09-2025 07:16:04.185 INFO Current price: 0.000000052153 - Current percentage: 39.22% - Max: 98.51% - Min: -10.17% - Market Cap 10829 - Trading time: 00:02:22
08-09-2025 07:16:05.557 INFO Current price: 0.000000052345 - Current percentage: 40.28% - Max: 98.51% - Min: -10.17% - Market Cap 10911 - Trading time: 00:02:23
08-09-2025 07:16:05.558 INFO Current price: 0.000000052720 - Current percentage: 41.23% - Max: 98.51% - Min: -10.17% - Market Cap 10985 - Trading time: 00:02:23
08-09-2025 07:16:06.345 INFO Current price: 0.000000052899 - Current percentage: 41.23% - Max: 98.51% - Min: -10.17% - Market Cap 10985 - Trading time: 00:02:24
08-09-2025 07:16:08.082 INFO Current price: 0.000000051692 - Current percentage: 34.86% - Max: 98.51% - Min: -10.17% - Market Cap 10490 - Trading time: 00:02:26
08-09-2025 07:16:08.084 INFO Current price: 0.000000049321 - Current percentage: 28.56% - Max: 98.51% - Min: -10.17% - Market Cap 10000 - Trading time: 00:02:26
08-09-2025 07:16:11.397 INFO Current price: 0.000000048187 - Current percentage: 28.73% - Max: 98.51% - Min: -10.17% - Market Cap 10013 - Trading time: 00:02:29
08-09-2025 07:16:12.346 INFO Current price: 0.000000048185 - Current percentage: 28.56% - Max: 98.51% - Min: -10.17% - Market Cap 9999 - Trading time: 00:02:30
08-09-2025 07:16:12.688 INFO Current price: 0.000000048392 - Current percentage: 29.84% - Max: 98.51% - Min: -10.17% - Market Cap 10099 - Trading time: 00:02:31
08-09-2025 07:16:13.466 INFO Current price: 0.000000048825 - Current percentage: 30.86% - Max: 98.51% - Min: -10.17% - Market Cap 10179 - Trading time: 00:02:31
08-09-2025 07:16:13.606 INFO Current price: 0.000000051455 - Current percentage: 44.20% - Max: 98.51% - Min: -10.17% - Market Cap 11216 - Trading time: 00:02:31
08-09-2025 07:16:14.426 INFO Current price: 0.000000054330 - Current percentage: 45.90% - Max: 98.51% - Min: -10.17% - Market Cap 11348 - Trading time: 00:02:32
08-09-2025 07:16:14.428 INFO Current price: 0.000000054626 - Current percentage: 45.78% - Max: 98.51% - Min: -10.17% - Market Cap 11339 - Trading time: 00:02:32
08-09-2025 07:16:16.131 INFO Current price: 0.000000054653 - Current percentage: 46.04% - Max: 98.51% - Min: -10.17% - Market Cap 11359 - Trading time: 00:02:34
08-09-2025 07:16:18.505 INFO Current price: 0.000000053958 - Current percentage: 42.10% - Max: 98.51% - Min: -10.17% - Market Cap 11053 - Trading time: 00:02:36
08-09-2025 07:16:18.696 INFO Current price: 0.000000052951 - Current percentage: 40.63% - Max: 98.51% - Min: -10.17% - Market Cap 10939 - Trading time: 00:02:37
08-09-2025 07:16:19.004 INFO Current price: 0.000000052720 - Current percentage: 40.86% - Max: 98.51% - Min: -10.17% - Market Cap 10957 - Trading time: 00:02:37
08-09-2025 07:16:21.561 INFO Current price: 0.000000052639 - Current percentage: 40.20% - Max: 98.51% - Min: -10.17% - Market Cap 10905 - Trading time: 00:02:39
08-09-2025 07:16:22.024 INFO Current price: 0.000000052641 - Current percentage: 40.87% - Max: 98.51% - Min: -10.17% - Market Cap 10957 - Trading time: 00:02:40
08-09-2025 07:16:22.224 INFO Current price: 0.000000052891 - Current percentage: 41.54% - Max: 98.51% - Min: -10.17% - Market Cap 11009 - Trading time: 00:02:40
08-09-2025 07:16:22.287 INFO Current price: 0.000000053017 - Current percentage: 41.54% - Max: 98.51% - Min: -10.17% - Market Cap 11009 - Trading time: 00:02:40
08-09-2025 07:16:25.901 INFO Current price: 0.000000052440 - Current percentage: 38.48% - Max: 98.51% - Min: -10.17% - Market Cap 10771 - Trading time: 00:02:44
08-09-2025 07:16:34.016 INFO Current price: 0.000000049578 - Current percentage: 26.51% - Max: 98.51% - Min: -10.17% - Market Cap 9841 - Trading time: 00:02:52
08-09-2025 07:16:34.347 INFO Current price: 0.000000047005 - Current percentage: 24.48% - Max: 98.51% - Min: -10.17% - Market Cap 9682 - Trading time: 00:02:52
08-09-2025 07:16:34.442 INFO Current price: 0.000000046759 - Current percentage: 25.19% - Max: 98.51% - Min: -10.17% - Market Cap 9738 - Trading time: 00:02:52
08-09-2025 07:16:35.962 INFO Current price: 0.000000046787 - Current percentage: 24.63% - Max: 98.51% - Min: -10.17% - Market Cap 9694 - Trading time: 00:02:54
08-09-2025 07:16:40.379 INFO Current price: 0.000000046816 - Current percentage: 25.34% - Max: 98.51% - Min: -10.17% - Market Cap 9750 - Trading time: 00:02:58
08-09-2025 07:16:44.904 INFO Current price: 0.000000046654 - Current percentage: 23.77% - Max: 98.51% - Min: -10.17% - Market Cap 9627 - Trading time: 00:03:03
08-09-2025 07:16:45.498 INFO Current price: 0.000000043741 - Current percentage: 10.18% - Max: 98.51% - Min: -10.17% - Market Cap 8570 - Trading time: 00:03:03
08-09-2025 07:16:46.954 INFO Current price: 0.000000041120 - Current percentage: 9.38% - Max: 98.51% - Min: -10.17% - Market Cap 8508 - Trading time: 00:03:05
08-09-2025 07:16:47.008 INFO Current price: 0.000000041876 - Current percentage: 14.27% - Max: 98.51% - Min: -10.17% - Market Cap 8888 - Trading time: 00:03:05
08-09-2025 07:16:47.011 INFO Current price: 0.000000043680 - Current percentage: 19.01% - Max: 98.51% - Min: -10.17% - Market Cap 9257 - Trading time: 00:03:05
08-09-2025 07:16:49.264 INFO Current price: 0.000000044612 - Current percentage: 19.20% - Max: 98.51% - Min: -10.17% - Market Cap 9271 - Trading time: 00:03:07
08-09-2025 07:16:50.200 INFO Current price: 0.000000044682 - Current percentage: 19.38% - Max: 98.51% - Min: -10.17% - Market Cap 9286 - Trading time: 00:03:08
08-09-2025 07:16:51.469 INFO Current price: 0.000000044731 - Current percentage: 19.46% - Max: 98.51% - Min: -10.17% - Market Cap 9292 - Trading time: 00:03:09
08-09-2025 07:16:52.570 INFO Current price: 0.000000045093 - Current percentage: 20.70% - Max: 98.51% - Min: -10.17% - Market Cap 9388 - Trading time: 00:03:10
08-09-2025 07:16:53.962 INFO Current price: 0.000000045781 - Current percentage: 23.77% - Max: 98.51% - Min: -10.17% - Market Cap 9627 - Trading time: 00:03:12
08-09-2025 07:16:53.966 INFO Current price: 0.000000046954 - Current percentage: 26.96% - Max: 98.51% - Min: -10.17% - Market Cap 9876 - Trading time: 00:03:12
08-09-2025 07:16:56.143 INFO Current price: 0.000000048164 - Current percentage: 30.23% - Max: 98.51% - Min: -10.17% - Market Cap 10130 - Trading time: 00:03:14
08-09-2025 07:16:56.894 INFO Current price: 0.000000049020 - Current percentage: 31.52% - Max: 98.51% - Min: -10.17% - Market Cap 10230 - Trading time: 00:03:15
08-09-2025 07:16:59.814 INFO Current price: 0.000000049580 - Current percentage: 33.22% - Max: 98.51% - Min: -10.17% - Market Cap 10362 - Trading time: 00:03:18
08-09-2025 07:17:00.293 INFO Current price: 0.000000051117 - Current percentage: 39.80% - Max: 98.51% - Min: -10.17% - Market Cap 10874 - Trading time: 00:03:18
08-09-2025 07:17:00.337 INFO Current price: 0.000000052722 - Current percentage: 41.71% - Max: 98.51% - Min: -10.17% - Market Cap 11023 - Trading time: 00:03:18
08-09-2025 07:17:00.920 INFO Current price: 0.000000053085 - Current percentage: 41.73% - Max: 98.51% - Min: -10.17% - Market Cap 11024 - Trading time: 00:03:19
08-09-2025 07:17:02.345 INFO Current price: 0.000000053214 - Current percentage: 42.40% - Max: 98.51% - Min: -10.17% - Market Cap 11077 - Trading time: 00:03:20
08-09-2025 07:17:04.068 INFO Current price: 0.000000053718 - Current percentage: 44.43% - Max: 98.51% - Min: -10.17% - Market Cap 11234 - Trading time: 00:03:22
08-09-2025 07:17:04.677 INFO Current price: 0.000000056633 - Current percentage: 58.28% - Max: 98.51% - Min: -10.17% - Market Cap 12312 - Trading time: 00:03:23
08-09-2025 07:17:06.172 INFO Current price: 0.000000059685 - Current percentage: 60.41% - Max: 98.51% - Min: -10.17% - Market Cap 12477 - Trading time: 00:03:24
08-09-2025 07:17:08.198 INFO Current price: 0.000000059517 - Current percentage: 57.39% - Max: 98.51% - Min: -10.17% - Market Cap 12242 - Trading time: 00:03:26
08-09-2025 07:17:08.198 INFO Current price: 0.000000058366 - Current percentage: 54.27% - Max: 98.51% - Min: -10.17% - Market Cap 12000 - Trading time: 00:03:26
08-09-2025 07:17:09.639 INFO Current price: 0.000000058114 - Current percentage: 56.03% - Max: 98.51% - Min: -10.17% - Market Cap 12136 - Trading time: 00:03:28
08-09-2025 07:17:09.668 INFO Current price: 0.000000058371 - Current percentage: 55.64% - Max: 98.51% - Min: -10.17% - Market Cap 12106 - Trading time: 00:03:28
08-09-2025 07:17:09.935 INFO Current price: 0.000000058414 - Current percentage: 56.26% - Max: 98.51% - Min: -10.17% - Market Cap 12154 - Trading time: 00:03:28
08-09-2025 07:17:10.829 INFO Current price: 0.000000058217 - Current percentage: 54.59% - Max: 98.51% - Min: -10.17% - Market Cap 12025 - Trading time: 00:03:29
08-09-2025 07:17:11.187 INFO Current price: 0.000000057869 - Current percentage: 54.05% - Max: 98.51% - Min: -10.17% - Market Cap 11982 - Trading time: 00:03:29
08-09-2025 07:17:12.012 INFO Current price: 0.000000057539 - Current percentage: 53.18% - Max: 98.51% - Min: -10.17% - Market Cap 11915 - Trading time: 00:03:30
08-09-2025 07:17:12.016 INFO Current price: 0.000000057208 - Current percentage: 52.28% - Max: 98.51% - Min: -10.17% - Market Cap 11845 - Trading time: 00:03:30
08-09-2025 07:17:17.435 INFO Current price: 0.000000054532 - Current percentage: 39.19% - Max: 98.51% - Min: -10.17% - Market Cap 10826 - Trading time: 00:03:35
08-09-2025 07:17:17.743 INFO Current price: 0.000000049707 - Current percentage: 26.52% - Max: 98.51% - Min: -10.17% - Market Cap 9841 - Trading time: 00:03:36
08-09-2025 07:17:21.997 INFO Current price: 0.000000047440 - Current percentage: 26.78% - Max: 98.51% - Min: -10.17% - Market Cap 9861 - Trading time: 00:03:40
08-09-2025 07:17:23.712 INFO Current price: 0.000000047606 - Current percentage: 27.41% - Max: 98.51% - Min: -10.17% - Market Cap 9911 - Trading time: 00:03:42
08-09-2025 07:17:24.698 INFO Current price: 0.000000047880 - Current percentage: 28.24% - Max: 98.51% - Min: -10.17% - Market Cap 9975 - Trading time: 00:03:43
08-09-2025 07:17:25.629 INFO Current price: 0.000000049229 - Current percentage: 34.70% - Max: 98.51% - Min: -10.17% - Market Cap 10477 - Trading time: 00:03:44
08-09-2025 07:17:25.855 INFO Current price: 0.000000050569 - Current percentage: 35.32% - Max: 98.51% - Min: -10.17% - Market Cap 10525 - Trading time: 00:03:44
08-09-2025 07:17:25.905 INFO Current price: 0.000000051545 - Current percentage: 39.94% - Max: 98.51% - Min: -10.17% - Market Cap 10885 - Trading time: 00:03:44
08-09-2025 07:17:27.487 INFO Current price: 0.000000052670 - Current percentage: 41.29% - Max: 98.51% - Min: -10.17% - Market Cap 10990 - Trading time: 00:03:45
08-09-2025 07:17:27.606 INFO Current price: 0.000000052955 - Current percentage: 41.46% - Max: 98.51% - Min: -10.17% - Market Cap 11003 - Trading time: 00:03:45
08-09-2025 07:17:28.029 INFO Current price: 0.000000053936 - Current percentage: 46.58% - Max: 98.51% - Min: -10.17% - Market Cap 11401 - Trading time: 00:03:46
08-09-2025 07:17:28.718 INFO Current price: 0.000000055031 - Current percentage: 47.26% - Max: 98.51% - Min: -10.17% - Market Cap 11454 - Trading time: 00:03:47
08-09-2025 07:17:29.430 INFO Current price: 0.000000055953 - Current percentage: 51.53% - Max: 98.51% - Min: -10.17% - Market Cap 11786 - Trading time: 00:03:47
08-09-2025 07:17:29.580 INFO Current price: 0.000000057607 - Current percentage: 54.91% - Max: 98.51% - Min: -10.17% - Market Cap 12049 - Trading time: 00:03:47
08-09-2025 07:17:29.585 INFO Current price: 0.000000058163 - Current percentage: 55.66% - Max: 98.51% - Min: -10.17% - Market Cap 12107 - Trading time: 00:03:47
08-09-2025 07:17:29.666 INFO Current price: 0.000000058442 - Current percentage: 56.40% - Max: 98.51% - Min: -10.17% - Market Cap 12165 - Trading time: 00:03:48
08-09-2025 07:17:29.668 INFO Current price: 0.000000059215 - Current percentage: 59.80% - Max: 98.51% - Min: -10.17% - Market Cap 12429 - Trading time: 00:03:48
08-09-2025 07:17:29.672 INFO Current price: 0.000000060436 - Current percentage: 62.91% - Max: 98.51% - Min: -10.17% - Market Cap 12672 - Trading time: 00:03:48
08-09-2025 07:17:33.613 INFO Current price: 0.000000061695 - Current percentage: 66.53% - Max: 98.51% - Min: -10.17% - Market Cap 12953 - Trading time: 00:03:52
08-09-2025 07:17:33.950 INFO Current price: 0.000000062364 - Current percentage: 66.46% - Max: 98.51% - Min: -10.17% - Market Cap 12948 - Trading time: 00:03:52
08-09-2025 07:17:35.461 INFO Current price: 0.000000062462 - Current percentage: 67.05% - Max: 98.51% - Min: -10.17% - Market Cap 12994 - Trading time: 00:03:53
08-09-2025 07:17:36.217 INFO Current price: 0.000000062342 - Current percentage: 65.82% - Max: 98.51% - Min: -10.17% - Market Cap 12898 - Trading time: 00:03:54
08-09-2025 07:17:36.605 INFO Current price: 0.000000061845 - Current percentage: 64.40% - Max: 98.51% - Min: -10.17% - Market Cap 12787 - Trading time: 00:03:54
08-09-2025 07:17:37.207 INFO Current price: 0.000000061606 - Current percentage: 64.54% - Max: 98.51% - Min: -10.17% - Market Cap 12799 - Trading time: 00:03:55
08-09-2025 07:17:37.912 INFO Current price: 0.000000060722 - Current percentage: 59.72% - Max: 98.51% - Min: -10.17% - Market Cap 12423 - Trading time: 00:03:56
08-09-2025 07:17:38.928 INFO Current price: 0.000000059663 - Current percentage: 58.70% - Max: 98.51% - Min: -10.17% - Market Cap 12344 - Trading time: 00:03:57
08-09-2025 07:17:40.273 INFO Current price: 0.000000059634 - Current percentage: 59.41% - Max: 98.51% - Min: -10.17% - Market Cap 12399 - Trading time: 00:03:58
08-09-2025 07:17:49.873 INFO Current price: 0.000000059733 - Current percentage: 58.93% - Max: 98.51% - Min: -10.17% - Market Cap 12362 - Trading time: 00:04:08
08-09-2025 07:17:49.875 INFO Current price: 0.000000059154 - Current percentage: 56.63% - Max: 98.51% - Min: -10.17% - Market Cap 12183 - Trading time: 00:04:08
08-09-2025 07:17:50.147 INFO Current price: 0.000000058578 - Current percentage: 55.85% - Max: 98.51% - Min: -10.17% - Market Cap 12123 - Trading time: 00:04:08
08-09-2025 07:17:50.153 INFO Current price: 0.000000057816 - Current percentage: 52.58% - Max: 98.51% - Min: -10.17% - Market Cap 11868 - Trading time: 00:04:08
08-09-2025 07:17:50.955 INFO Current price: 0.000000056657 - Current percentage: 49.66% - Max: 98.51% - Min: -10.17% - Market Cap 11641 - Trading time: 00:04:09
08-09-2025 07:17:52.506 INFO Current price: 0.000000055532 - Current percentage: 46.58% - Max: 98.51% - Min: -10.17% - Market Cap 11401 - Trading time: 00:04:10
08-09-2025 07:17:53.576 INFO Current price: 0.000000054961 - Current percentage: 46.60% - Max: 98.51% - Min: -10.17% - Market Cap 11403 - Trading time: 00:04:11
08-09-2025 07:17:54.303 INFO Current price: 0.000000053996 - Current percentage: 41.48% - Max: 98.51% - Min: -10.17% - Market Cap 11005 - Trading time: 00:04:12
08-09-2025 07:17:56.253 INFO Current price: 0.000000053421 - Current percentage: 43.49% - Max: 98.51% - Min: -10.17% - Market Cap 11161 - Trading time: 00:04:14
08-09-2025 07:18:01.169 INFO Current price: 0.000000053783 - Current percentage: 43.40% - Max: 98.51% - Min: -10.17% - Market Cap 11154 - Trading time: 00:04:19
08-09-2025 07:18:02.043 INFO Current price: 0.000000053386 - Current percentage: 41.39% - Max: 98.51% - Min: -10.17% - Market Cap 10997 - Trading time: 00:04:20
08-09-2025 07:18:03.391 INFO Current price: 0.000000053041 - Current percentage: 41.55% - Max: 98.51% - Min: -10.17% - Market Cap 11010 - Trading time: 00:04:21
08-09-2025 07:18:04.225 INFO Current price: 0.000000053028 - Current percentage: 41.32% - Max: 98.51% - Min: -10.17% - Market Cap 10992 - Trading time: 00:04:22
08-09-2025 07:18:05.228 INFO Current price: 0.000000053098 - Current percentage: 41.92% - Max: 98.51% - Min: -10.17% - Market Cap 11039 - Trading time: 00:04:23
08-09-2025 07:18:06.012 INFO Current price: 0.000000053335 - Current percentage: 42.59% - Max: 98.51% - Min: -10.17% - Market Cap 11091 - Trading time: 00:04:24
08-09-2025 07:18:06.593 INFO Current price: 0.000000053587 - Current percentage: 43.26% - Max: 98.51% - Min: -10.17% - Market Cap 11143 - Trading time: 00:04:24
08-09-2025 07:18:07.402 INFO Current price: 0.000000053777 - Current percentage: 43.60% - Max: 98.51% - Min: -10.17% - Market Cap 11170 - Trading time: 00:04:25
08-09-2025 07:18:08.907 INFO Current price: 0.000000053969 - Current percentage: 44.29% - Max: 98.51% - Min: -10.17% - Market Cap 11223 - Trading time: 00:04:27
08-09-2025 07:18:09.068 INFO Current price: 0.000000054226 - Current percentage: 44.97% - Max: 98.51% - Min: -10.17% - Market Cap 11276 - Trading time: 00:04:27
08-09-2025 07:18:09.182 INFO Current price: 0.000000054735 - Current percentage: 47.01% - Max: 98.51% - Min: -10.17% - Market Cap 11435 - Trading time: 00:04:27
08-09-2025 07:18:09.609 INFO Current price: 0.000000056910 - Current percentage: 56.72% - Max: 98.51% - Min: -10.17% - Market Cap 12190 - Trading time: 00:04:27
08-09-2025 07:18:10.082 INFO Current price: 0.000000058890 - Current percentage: 57.25% - Max: 98.51% - Min: -10.17% - Market Cap 12231 - Trading time: 00:04:28
08-09-2025 07:18:10.977 INFO Current price: 0.000000058983 - Current percentage: 57.39% - Max: 98.51% - Min: -10.17% - Market Cap 12242 - Trading time: 00:04:29
08-09-2025 07:18:11.038 INFO Current price: 0.000000058457 - Current percentage: 54.45% - Max: 98.51% - Min: -10.17% - Market Cap 12014 - Trading time: 00:04:29
08-09-2025 07:18:14.971 INFO Current price: 0.000000057747 - Current percentage: 53.59% - Max: 98.51% - Min: -10.17% - Market Cap 11947 - Trading time: 00:04:33
08-09-2025 07:18:15.284 INFO Current price: 0.000000058239 - Current percentage: 57.10% - Max: 98.51% - Min: -10.17% - Market Cap 12220 - Trading time: 00:04:33
08-09-2025 07:18:19.113 INFO Current price: 0.000000058800 - Current percentage: 56.56% - Max: 98.51% - Min: -10.17% - Market Cap 12178 - Trading time: 00:04:37
08-09-2025 07:18:19.944 INFO Current price: 0.000000058752 - Current percentage: 56.84% - Max: 98.51% - Min: -10.17% - Market Cap 12200 - Trading time: 00:04:38
08-09-2025 07:18:21.048 INFO Current price: 0.000000058784 - Current percentage: 56.73% - Max: 98.51% - Min: -10.17% - Market Cap 12191 - Trading time: 00:04:39
08-09-2025 07:18:23.548 INFO Current price: 0.000000060348 - Current percentage: 65.30% - Max: 98.51% - Min: -10.17% - Market Cap 12857 - Trading time: 00:04:41
08-09-2025 07:18:24.825 INFO Current price: 0.000000061989 - Current percentage: 65.37% - Max: 98.51% - Min: -10.17% - Market Cap 12863 - Trading time: 00:04:43
08-09-2025 07:18:25.772 INFO Current price: 0.000000062084 - Current percentage: 65.81% - Max: 98.51% - Min: -10.17% - Market Cap 12897 - Trading time: 00:04:44
08-09-2025 07:18:30.752 INFO Current price: 0.000000062180 - Current percentage: 65.88% - Max: 98.51% - Min: -10.17% - Market Cap 12903 - Trading time: 00:04:49
08-09-2025 07:18:30.945 INFO Current price: 0.000000062139 - Current percentage: 65.59% - Max: 98.51% - Min: -10.17% - Market Cap 12880 - Trading time: 00:04:49
08-09-2025 07:18:31.107 INFO Current price: 0.000000061343 - Current percentage: 61.66% - Max: 98.51% - Min: -10.17% - Market Cap 12574 - Trading time: 00:04:49
08-09-2025 07:18:34.037 INFO Current price: 0.000000060651 - Current percentage: 61.88% - Max: 98.51% - Min: -10.17% - Market Cap 12591 - Trading time: 00:04:52
08-09-2025 07:18:36.964 INFO Current price: 0.000000060541 - Current percentage: 61.07% - Max: 98.51% - Min: -10.17% - Market Cap 12528 - Trading time: 00:04:55
08-09-2025 07:18:37.289 INFO Current price: 0.000000060403 - Current percentage: 61.14% - Max: 98.51% - Min: -10.17% - Market Cap 12534 - Trading time: 00:04:55
08-09-2025 07:18:37.566 INFO Current price: 0.000000059979 - Current percentage: 58.82% - Max: 98.51% - Min: -10.17% - Market Cap 12353 - Trading time: 00:04:55
08-09-2025 07:18:38.185 INFO Current price: 0.000000059542 - Current percentage: 58.80% - Max: 98.51% - Min: -10.17% - Market Cap 12352 - Trading time: 00:04:56
08-09-2025 07:18:41.343 INFO Current price: 0.000000059454 - Current percentage: 58.35% - Max: 98.51% - Min: -10.17% - Market Cap 12317 - Trading time: 00:04:59
08-09-2025 07:18:48.996 INFO Current price: 0.000000059296 - Current percentage: 57.95% - Max: 98.51% - Min: -10.17% - Market Cap 12286 - Trading time: 00:05:07
08-09-2025 07:18:52.424 INFO Current price: 0.000000058726 - Current percentage: 56.53% - Max: 98.51% - Min: -10.17% - Market Cap 12176 - Trading time: 00:05:10
08-09-2025 07:18:58.895 INFO Current price: 0.000000058821 - Current percentage: 57.24% - Max: 98.51% - Min: -10.17% - Market Cap 12231 - Trading time: 00:05:17
08-09-2025 07:18:59.534 INFO Current price: 0.000000059086 - Current percentage: 57.95% - Max: 98.51% - Min: -10.17% - Market Cap 12286 - Trading time: 00:05:17
08-09-2025 07:19:03.357 INFO Current price: 0.000000059617 - Current percentage: 60.08% - Max: 98.51% - Min: -10.17% - Market Cap 12451 - Trading time: 00:05:21
08-09-2025 07:19:07.464 INFO Current price: 0.000000061352 - Current percentage: 67.28% - Max: 98.51% - Min: -10.17% - Market Cap 13011 - Trading time: 00:05:25
08-09-2025 07:19:07.924 INFO Current price: 0.000000063336 - Current percentage: 69.28% - Max: 98.51% - Min: -10.17% - Market Cap 13167 - Trading time: 00:05:26
08-09-2025 07:19:09.344 INFO Current price: 0.000000063227 - Current percentage: 68.00% - Max: 98.51% - Min: -10.17% - Market Cap 13067 - Trading time: 00:05:27
08-09-2025 07:19:12.322 INFO Current price: 0.000000062773 - Current percentage: 66.86% - Max: 98.51% - Min: -10.17% - Market Cap 12979 - Trading time: 00:05:30
08-09-2025 07:19:16.485 INFO Current price: 0.000000062369 - Current percentage: 65.84% - Max: 98.51% - Min: -10.17% - Market Cap 12900 - Trading time: 00:05:34
08-09-2025 07:19:18.454 INFO Current price: 0.000000062181 - Current percentage: 65.85% - Max: 98.51% - Min: -10.17% - Market Cap 12900 - Trading time: 00:05:36
08-09-2025 07:19:29.807 INFO Current price: 0.000000062123 - Current percentage: 65.54% - Max: 98.51% - Min: -10.17% - Market Cap 12876 - Trading time: 00:05:48
08-09-2025 07:19:32.306 INFO Current price: 0.000000060717 - Current percentage: 59.65% - Max: 98.51% - Min: -10.17% - Market Cap 12418 - Trading time: 00:05:50
08-09-2025 07:19:32.545 INFO Current price: 0.000000059738 - Current percentage: 59.01% - Max: 98.51% - Min: -10.17% - Market Cap 12368 - Trading time: 00:05:50
08-09-2025 07:19:34.612 INFO Current price: 0.000000058105 - Current percentage: 51.04% - Max: 98.51% - Min: -10.17% - Market Cap 11749 - Trading time: 00:05:53
08-09-2025 07:19:40.696 INFO Current price: 0.000000056215 - Current percentage: 48.84% - Max: 98.51% - Min: -10.17% - Market Cap 11577 - Trading time: 00:05:59
08-09-2025 07:19:40.781 INFO Current price: 0.000000055396 - Current percentage: 46.67% - Max: 98.51% - Min: -10.17% - Market Cap 11409 - Trading time: 00:05:59
08-09-2025 07:19:42.263 INFO Current price: 0.000000052567 - Current percentage: 34.02% - Max: 98.51% - Min: -10.17% - Market Cap 10424 - Trading time: 00:06:00
08-09-2025 07:19:42.405 INFO Current price: 0.000000049926 - Current percentage: 32.31% - Max: 98.51% - Min: -10.17% - Market Cap 10291 - Trading time: 00:06:00
08-09-2025 07:19:42.533 INFO Current price: 0.000000049176 - Current percentage: 30.02% - Max: 98.51% - Min: -10.17% - Market Cap 10114 - Trading time: 00:06:00
08-09-2025 07:19:42.536 INFO Current price: 0.000000048693 - Current percentage: 29.72% - Max: 98.51% - Min: -10.17% - Market Cap 10090 - Trading time: 00:06:00
08-09-2025 07:19:44.926 INFO Current price: 0.000000048756 - Current percentage: 30.36% - Max: 98.51% - Min: -10.17% - Market Cap 10140 - Trading time: 00:06:03
08-09-2025 07:19:45.026 INFO Current price: 0.000000049197 - Current percentage: 32.07% - Max: 98.51% - Min: -10.17% - Market Cap 10273 - Trading time: 00:06:03
08-09-2025 07:19:45.721 INFO Current price: 0.000000049713 - Current percentage: 33.11% - Max: 98.51% - Min: -10.17% - Market Cap 10354 - Trading time: 00:06:04
08-09-2025 07:19:45.955 INFO Current price: 0.000000049968 - Current percentage: 33.44% - Max: 98.51% - Min: -10.17% - Market Cap 10379 - Trading time: 00:06:04
08-09-2025 07:19:45.997 INFO Current price: 0.000000050032 - Current percentage: 33.45% - Max: 98.51% - Min: -10.17% - Market Cap 10380 - Trading time: 00:06:04
08-09-2025 07:19:46.499 INFO Current price: 0.000000049061 - Current percentage: 28.30% - Max: 98.51% - Min: -10.17% - Market Cap 9980 - Trading time: 00:06:04
08-09-2025 07:19:47.425 INFO Current price: 0.000000047985 - Current percentage: 27.66% - Max: 98.51% - Min: -10.17% - Market Cap 9930 - Trading time: 00:06:05
08-09-2025 07:19:47.620 INFO Current price: 0.000000047762 - Current percentage: 27.12% - Max: 98.51% - Min: -10.17% - Market Cap 9887 - Trading time: 00:06:06
08-09-2025 07:19:51.757 INFO Current price: 0.000000047683 - Current percentage: 27.24% - Max: 98.51% - Min: -10.17% - Market Cap 9897 - Trading time: 00:06:10
08-09-2025 07:19:52.469 INFO Current price: 0.000000048897 - Current percentage: 33.67% - Max: 98.51% - Min: -10.17% - Market Cap 10397 - Trading time: 00:06:10
08-09-2025 07:19:53.259 INFO Current price: 0.000000051337 - Current percentage: 40.26% - Max: 98.51% - Min: -10.17% - Market Cap 10910 - Trading time: 00:06:11
08-09-2025 07:19:54.311 INFO Current price: 0.000000052593 - Current percentage: 40.29% - Max: 98.51% - Min: -10.17% - Market Cap 10912 - Trading time: 00:06:12
08-09-2025 07:19:54.768 INFO Current price: 0.000000052725 - Current percentage: 40.96% - Max: 98.51% - Min: -10.17% - Market Cap 10964 - Trading time: 00:06:13
08-09-2025 07:19:56.195 INFO Current price: 0.000000053351 - Current percentage: 43.65% - Max: 98.51% - Min: -10.17% - Market Cap 11173 - Trading time: 00:06:14
08-09-2025 07:19:57.574 INFO Current price: 0.000000053721 - Current percentage: 42.92% - Max: 98.51% - Min: -10.17% - Market Cap 11117 - Trading time: 00:06:15
08-09-2025 07:19:59.149 INFO Current price: 0.000000050969 - Current percentage: 29.31% - Max: 98.51% - Min: -10.17% - Market Cap 10058 - Trading time: 00:06:17
08-09-2025 07:19:59.151 INFO Current price: 0.000000046264 - Current percentage: 17.75% - Max: 98.51% - Min: -10.17% - Market Cap 9159 - Trading time: 00:06:17
08-09-2025 07:19:59.856 INFO Current price: 0.000000044045 - Current percentage: 17.20% - Max: 98.51% - Min: -10.17% - Market Cap 9116 - Trading time: 00:06:18
08-09-2025 07:20:01.298 INFO Current price: 0.000000044056 - Current percentage: 17.81% - Max: 98.51% - Min: -10.17% - Market Cap 9164 - Trading time: 00:06:19
08-09-2025 07:20:02.094 INFO Current price: 0.000000044300 - Current percentage: 18.50% - Max: 98.51% - Min: -10.17% - Market Cap 9218 - Trading time: 00:06:20
08-09-2025 07:20:02.618 INFO Current price: 0.000000044395 - Current percentage: 18.31% - Max: 98.51% - Min: -10.17% - Market Cap 9203 - Trading time: 00:06:21
08-09-2025 07:20:03.710 INFO Current price: 0.000000045712 - Current percentage: 25.07% - Max: 98.51% - Min: -10.17% - Market Cap 9728 - Trading time: 00:06:22
08-09-2025 07:20:04.188 INFO Current price: 0.000000046928 - Current percentage: 25.26% - Max: 98.51% - Min: -10.17% - Market Cap 9743 - Trading time: 00:06:22
08-09-2025 07:20:17.295 INFO Current price: 0.000000045886 - Current percentage: 19.58% - Max: 98.51% - Min: -10.17% - Market Cap 9301 - Trading time: 00:06:35
08-09-2025 07:20:17.389 INFO Current price: 0.000000044556 - Current percentage: 18.10% - Max: 98.51% - Min: -10.17% - Market Cap 9186 - Trading time: 00:06:35
08-09-2025 07:20:17.846 INFO Current price: 0.000000043197 - Current percentage: 12.39% - Max: 98.51% - Min: -10.17% - Market Cap 8742 - Trading time: 00:06:36
08-09-2025 07:20:18.096 INFO Current price: 0.000000042137 - Current percentage: 12.38% - Max: 98.51% - Min: -10.17% - Market Cap 8741 - Trading time: 00:06:36
08-09-2025 07:20:18.319 INFO Current price: 0.000000042088 - Current percentage: 12.13% - Max: 98.51% - Min: -10.17% - Market Cap 8722 - Trading time: 00:06:36
08-09-2025 07:20:18.813 INFO Current price: 0.000000042009 - Current percentage: 11.96% - Max: 98.51% - Min: -10.17% - Market Cap 8708 - Trading time: 00:06:37
08-09-2025 07:20:21.922 INFO Current price: 0.000000041728 - Current percentage: 10.64% - Max: 98.51% - Min: -10.17% - Market Cap 8606 - Trading time: 00:06:40
08-09-2025 07:20:25.202 INFO Current price: 0.000000041606 - Current percentage: 11.31% - Max: 98.51% - Min: -10.17% - Market Cap 8658 - Trading time: 00:06:43
08-09-2025 07:20:26.679 INFO Current price: 0.000000043514 - Current percentage: 21.01% - Max: 98.51% - Min: -10.17% - Market Cap 9413 - Trading time: 00:06:45
08-09-2025 07:20:26.810 INFO Current price: 0.000000045354 - Current percentage: 20.92% - Max: 98.51% - Min: -10.17% - Market Cap 9406 - Trading time: 00:06:45
08-09-2025 07:20:26.871 INFO Current price: 0.000000045447 - Current percentage: 21.51% - Max: 98.51% - Min: -10.17% - Market Cap 9451 - Trading time: 00:06:45
08-09-2025 07:20:27.895 INFO Current price: 0.000000045477 - Current percentage: 21.08% - Max: 98.51% - Min: -10.17% - Market Cap 9418 - Trading time: 00:06:46
08-09-2025 07:20:31.857 INFO Current price: 0.000000045038 - Current percentage: 19.17% - Max: 98.51% - Min: -10.17% - Market Cap 9269 - Trading time: 00:06:50
08-09-2025 07:20:32.026 INFO Current price: 0.000000044574 - Current percentage: 18.60% - Max: 98.51% - Min: -10.17% - Market Cap 9225 - Trading time: 00:06:50
08-09-2025 07:20:36.552 INFO Current price: 0.000000043453 - Current percentage: 13.25% - Max: 98.51% - Min: -10.17% - Market Cap 8809 - Trading time: 00:06:54
08-09-2025 07:20:41.840 INFO Current price: 0.000000041815 - Current percentage: 10.60% - Max: 98.51% - Min: -10.17% - Market Cap 8603 - Trading time: 00:07:00
08-09-2025 07:20:42.668 INFO Current price: 0.000000041494 - Current percentage: 10.75% - Max: 98.51% - Min: -10.17% - Market Cap 8614 - Trading time: 00:07:01
08-09-2025 07:20:42.865 INFO Current price: 0.000000041550 - Current percentage: 10.89% - Max: 98.51% - Min: -10.17% - Market Cap 8626 - Trading time: 00:07:01
08-09-2025 07:20:42.977 INFO Current price: 0.000000041605 - Current percentage: 11.04% - Max: 98.51% - Min: -10.17% - Market Cap 8637 - Trading time: 00:07:01
08-09-2025 07:20:45.659 INFO Current price: 0.000000041435 - Current percentage: 9.99% - Max: 98.51% - Min: -10.17% - Market Cap 8555 - Trading time: 00:07:04
08-09-2025 07:20:45.717 INFO Current price: 0.000000040969 - Current percentage: 8.56% - Max: 98.51% - Min: -10.17% - Market Cap 8444 - Trading time: 00:07:04
08-09-2025 07:20:46.236 INFO Current price: 0.000000040695 - Current percentage: 8.52% - Max: 98.51% - Min: -10.17% - Market Cap 8441 - Trading time: 00:07:04
08-09-2025 07:20:47.855 INFO Current price: 0.000000041788 - Current percentage: 14.47% - Max: 98.51% - Min: -10.17% - Market Cap 8904 - Trading time: 00:07:06
08-09-2025 07:20:47.855 INFO Current price: 0.000000043030 - Current percentage: 15.07% - Max: 98.51% - Min: -10.17% - Market Cap 8951 - Trading time: 00:07:06
08-09-2025 07:20:53.922 INFO Current price: 0.000000043427 - Current percentage: 16.59% - Max: 98.51% - Min: -10.17% - Market Cap 9068 - Trading time: 00:07:12
08-09-2025 07:21:02.157 INFO Current price: 0.000000041954 - Current percentage: 7.40% - Max: 98.51% - Min: -10.17% - Market Cap 8354 - Trading time: 00:07:20
08-09-2025 07:21:02.160 INFO Current price: 0.000000039240 - Current percentage: 1.99% - Max: 98.51% - Min: -10.17% - Market Cap 7933 - Trading time: 00:07:20
08-09-2025 07:21:02.618 INFO Current price: 0.000000038109 - Current percentage: 1.29% - Max: 98.51% - Min: -10.17% - Market Cap 7879 - Trading time: 00:07:21
08-09-2025 07:21:03.050 INFO Current price: 0.000000037944 - Current percentage: 1.11% - Max: 98.51% - Min: -10.17% - Market Cap 7865 - Trading time: 00:07:21
08-09-2025 07:21:13.792 INFO Current price: 0.000000038286 - Current percentage: 1.93% - Max: 98.51% - Min: -10.17% - Market Cap 7929 - Trading time: 00:07:32
08-09-2025 07:21:13.916 INFO Current price: 0.000000038141 - Current percentage: 1.52% - Max: 98.51% - Min: -10.17% - Market Cap 7897 - Trading time: 00:07:32
08-09-2025 07:21:14.079 INFO Current price: 0.000000037842 - Current percentage: 0.34% - Max: 98.51% - Min: -10.17% - Market Cap 7805 - Trading time: 00:07:32
08-09-2025 07:21:17.831 INFO Current price: 0.000000037547 - Current percentage: -0.05% - Max: 98.51% - Min: -10.17% - Market Cap 7774 - Trading time: 00:07:36
08-09-2025 07:21:20.413 INFO Current price: 0.000000038000 - Current percentage: 2.78% - Max: 98.51% - Min: -10.17% - Market Cap 7995 - Trading time: 00:07:38
08-09-2025 07:21:25.239 INFO Current price: 0.000000038477 - Current percentage: 2.47% - Max: 98.51% - Min: -10.17% - Market Cap 7970 - Trading time: 00:07:43
08-09-2025 07:21:41.000 INFO Current price: 0.000000035745 - Current percentage: -4.88% - Max: 98.51% - Min: -10.17% - Market Cap 7398 - Trading time: 00:07:59
08-09-2025 07:21:43.759 INFO Current price: 0.000000035629 - Current percentage: -5.06% - Max: 98.51% - Min: -10.17% - Market Cap 7385 - Trading time: 00:08:02
08-09-2025 07:21:45.069 INFO Current price: 0.000000035256 - Current percentage: -6.87% - Max: 98.51% - Min: -10.17% - Market Cap 7244 - Trading time: 00:08:03
08-09-2025 07:21:48.569 INFO Current price: 0.000000034755 - Current percentage: -7.74% - Max: 98.51% - Min: -10.17% - Market Cap 7177 - Trading time: 00:08:06
08-09-2025 07:21:49.571 INFO Current price: 0.000000034408 - Current percentage: -8.72% - Max: 98.51% - Min: -10.17% - Market Cap 7100 - Trading time: 00:08:07
08-09-2025 07:21:49.991 INFO Current price: 0.000000034206 - Current percentage: -8.82% - Max: 98.51% - Min: -10.17% - Market Cap 7093 - Trading time: 00:08:08
08-09-2025 07:21:51.248 INFO Current price: 0.000000033173 - Current percentage: -14.15% - Max: 98.51% - Min: -14.15% - Market Cap 6678 - Trading time: 00:08:09
08-09-2025 07:21:51.317 INFO Current price: 0.000000031518 - Current percentage: -17.69% - Max: 98.51% - Min: -17.69% - Market Cap 6403 - Trading time: 00:08:09
08-09-2025 07:21:52.722 INFO Current price: 0.000000030854 - Current percentage: -17.78% - Max: 98.51% - Min: -17.78% - Market Cap 6395 - Trading time: 00:08:11
08-09-2025 07:21:53.105 INFO Current price: 0.000000030792 - Current percentage: -17.96% - Max: 98.51% - Min: -17.96% - Market Cap 6381 - Trading time: 00:08:11
08-09-2025 07:21:53.626 INFO Current price: 0.000000030759 - Current percentage: -17.96% - Max: 98.51% - Min: -17.96% - Market Cap 6381 - Trading time: 00:08:12
08-09-2025 07:21:54.012 INFO Current price: 0.000000030729 - Current percentage: -18.12% - Max: 98.51% - Min: -18.12% - Market Cap 6369 - Trading time: 00:08:12
08-09-2025 07:22:03.278 INFO Current price: 0.000000030587 - Current percentage: -18.72% - Max: 98.51% - Min: -18.72% - Market Cap 6323 - Trading time: 00:08:21
08-09-2025 07:22:07.041 INFO Current price: 0.000000030408 - Current percentage: -19.08% - Max: 98.51% - Min: -19.08% - Market Cap 6295 - Trading time: 00:08:25
08-09-2025 07:22:07.913 INFO Current price: 0.000000030328 - Current percentage: -19.14% - Max: 98.51% - Min: -19.14% - Market Cap 6289 - Trading time: 00:08:26
08-09-2025 07:22:13.211 INFO Current price: 0.000000030274 - Current percentage: -19.36% - Max: 98.51% - Min: -19.36% - Market Cap 6272 - Trading time: 00:08:31
08-09-2025 07:22:29.742 INFO Current price: 0.000000029651 - Current percentage: -21.05% - Max: 98.51% - Min: -21.05% - Market Cap 6141 - Trading time: 00:08:48
08-09-2025 07:22:38.483 INFO Current price: 0.000000029573 - Current percentage: -21.19% - Max: 98.51% - Min: -21.19% - Market Cap 6130 - Trading time: 00:08:56
08-09-2025 07:23:11.575 INFO Current price: 0.000000029546 - Current percentage: -21.20% - Max: 98.51% - Min: -21.20% - Market Cap 6130 - Trading time: 00:09:29
08-09-2025 07:23:41.698 INFO Current price: 0.000000029041 - Current percentage: -23.76% - Max: 98.51% - Min: -23.76% - Market Cap 5930 - Trading time: 00:10:00
08-09-2025 07:25:08.228 INFO Current price: 0.000000028571 - Current percentage: -23.83% - Max: 98.51% - Min: -23.83% - Market Cap 5925 - Trading time: 00:11:26
08-09-2025 07:28:27.690 INFO Current price: 0.000000028509 - Current percentage: -24.13% - Max: 98.51% - Min: -24.13% - Market Cap 5901 - Trading time: 00:14:46
08-09-2025 07:32:23.626 INFO Current price: 0.000000028376 - Current percentage: -24.57% - Max: 98.51% - Min: -24.57% - Market Cap 5867 - Trading time: 00:18:42






08-09-2025 07:33:41.624 INFO {"type":"summary","reason":"max_window","startedAt":"2025-09-08T05:13:41.611Z","endedAt":"2025-09-08T05:33:41.624Z","durationSec":1200,"entryPrice":3.884561509127076e-8,"entryMarketCapSol":37.45682396301752,"entryMarketCapUsd":7778.284064160218,"minPct":-24.57219512564591,"maxPct":98.50772392687529,"buyCount":208,"sellCount":186,"tradeCount":394,"entryRecorded":true,"noPostThresholdTrades":false,"triggerAt":"2025-09-08T05:13:41.607Z","ageAtTriggerSec":9,"preTotalTrades":14,"preBuys":12,"preSells":2,"preUniqueTraders":12,"preEntryTotalTrades":16,"preEntryBuys":14,"preEntrySells":2,"preEntryUniqueTraders":14,"preEntryMinMcUsd":6595.905169085907,"preEntryMaxMcUsd":8365.769702471625,"thresholdMcSol":37.45682396301752,"thresholdMcUsd":7778.284064160218,"thresholdPrice":3.884561509127076e-8}
