08-09-2025 13:51:35.302 INFO Entry price: 0.000000039606269283 - Entry market cap: 8080 - Buys 13 - Sells 7 - Ratio: 1:0.54 - Min MarketCap: 7274 - Max MarketCap: 10964
08-09-2025 13:51:35.302 INFO Current price: 0.000000039606 - Current percentage: 0.00% - Max: 0.00% - Min: 0.00% - Market Cap 8080 - Trading time: 00:00:02
08-09-2025 13:51:35.553 INFO Current price: 0.000000035657 - Current percentage: -5.91% - Max: 0.00% - Min: -5.91% - Market Cap 7602 - Trading time: 00:00:02
08-09-2025 13:51:35.731 INFO Current price: 0.000000035617 - Current percentage: -5.91% - Max: 0.00% - Min: -5.91% - Market Cap 7602 - Trading time: 00:00:02
08-09-2025 13:51:36.322 INFO Current price: 0.000000035107 - Current percentage: -8.58% - Max: 0.00% - Min: -8.58% - Market Cap 7387 - Trading time: 00:00:03
08-09-2025 13:51:38.310 INFO Current price: 0.000000034118 - Current percentage: -11.14% - Max: 0.00% - Min: -11.14% - Market Cap 7180 - Trading time: 00:00:05
08-09-2025 13:51:39.893 INFO Current price: 0.000000033378 - Current percentage: -12.51% - Max: 0.00% - Min: -12.51% - Market Cap 7069 - Trading time: 00:00:06
08-09-2025 13:51:39.919 INFO Current price: 0.000000033089 - Current percentage: -12.51% - Max: 0.00% - Min: -12.51% - Market Cap 7069 - Trading time: 00:00:06
08-09-2025 13:51:40.419 INFO Current price: 0.000000032663 - Current percentage: -14.90% - Max: 0.00% - Min: -14.90% - Market Cap 6876 - Trading time: 00:00:07
08-09-2025 13:51:41.251 INFO Current price: 0.000000032209 - Current percentage: -14.93% - Max: 0.00% - Min: -14.93% - Market Cap 6874 - Trading time: 00:00:07
08-09-2025 13:51:42.498 INFO Current price: 0.000000033183 - Current percentage: -9.68% - Max: 0.00% - Min: -14.93% - Market Cap 7298 - Trading time: 00:00:09
08-09-2025 13:51:42.542 INFO Current price: 0.000000035198 - Current percentage: -4.28% - Max: 0.00% - Min: -14.93% - Market Cap 7734 - Trading time: 00:00:09
08-09-2025 13:51:43.131 INFO Current price: 0.000000037074 - Current percentage: 0.20% - Max: 0.20% - Min: -14.93% - Market Cap 8096 - Trading time: 00:00:09
08-09-2025 13:51:43.132 INFO Current price: 0.000000038574 - Current percentage: 3.63% - Max: 3.63% - Min: -14.93% - Market Cap 8373 - Trading time: 00:00:09
08-09-2025 13:51:43.141 INFO Current price: 0.000000039780 - Current percentage: 6.57% - Max: 6.57% - Min: -14.93% - Market Cap 8611 - Trading time: 00:00:09
08-09-2025 13:51:43.178 INFO Current price: 0.000000040893 - Current percentage: 9.51% - Max: 9.51% - Min: -14.93% - Market Cap 8848 - Trading time: 00:00:09
08-09-2025 13:51:43.428 INFO Current price: 0.000000041567 - Current percentage: 10.11% - Max: 10.11% - Min: -14.93% - Market Cap 8897 - Trading time: 00:00:10
08-09-2025 13:51:44.234 INFO Current price: 0.000000042793 - Current percentage: 16.06% - Max: 16.06% - Min: -14.93% - Market Cap 9378 - Trading time: 00:00:10
08-09-2025 13:51:58.482 INFO Current price: 0.000000043548 - Current percentage: 14.02% - Max: 16.06% - Min: -14.93% - Market Cap 9213 - Trading time: 00:00:25
08-09-2025 13:51:58.483 INFO Current price: 0.000000042815 - Current percentage: 12.19% - Max: 16.06% - Min: -14.93% - Market Cap 9065 - Trading time: 00:00:25
08-09-2025 13:52:09.142 INFO Current price: 0.000000043584 - Current percentage: 18.16% - Max: 18.16% - Min: -14.93% - Market Cap 9547 - Trading time: 00:00:35
08-09-2025 13:52:09.145 INFO Current price: 0.000000045946 - Current percentage: 24.68% - Max: 24.68% - Min: -14.93% - Market Cap 10074 - Trading time: 00:00:35
08-09-2025 13:52:09.149 INFO Current price: 0.000000048323 - Current percentage: 30.70% - Max: 30.70% - Min: -14.93% - Market Cap 10561 - Trading time: 00:00:35
08-09-2025 13:52:09.176 INFO Current price: 0.000000050961 - Current percentage: 38.66% - Max: 38.66% - Min: -14.93% - Market Cap 11204 - Trading time: 00:00:35
08-09-2025 13:52:09.185 INFO Current price: 0.000000053373 - Current percentage: 43.36% - Max: 43.36% - Min: -14.93% - Market Cap 11584 - Trading time: 00:00:35
08-09-2025 13:52:09.198 INFO Current price: 0.000000054413 - Current percentage: 44.12% - Max: 44.12% - Min: -14.93% - Market Cap 11645 - Trading time: 00:00:35
08-09-2025 13:52:09.303 INFO Current price: 0.000000057128 - Current percentage: 58.02% - Max: 58.02% - Min: -14.93% - Market Cap 12769 - Trading time: 00:00:36
08-09-2025 13:52:09.436 INFO Current price: 0.000000059834 - Current percentage: 58.10% - Max: 58.10% - Min: -14.93% - Market Cap 12774 - Trading time: 00:00:36
08-09-2025 13:52:09.445 INFO Current price: 0.000000059862 - Current percentage: 58.10% - Max: 58.10% - Min: -14.93% - Market Cap 12774 - Trading time: 00:00:36
08-09-2025 13:52:10.465 INFO Current price: 0.000000059847 - Current percentage: 58.10% - Max: 58.10% - Min: -14.93% - Market Cap 12774 - Trading time: 00:00:37
08-09-2025 13:52:13.133 INFO Current price: 0.000000060114 - Current percentage: 59.51% - Max: 59.51% - Min: -14.93% - Market Cap 12889 - Trading time: 00:00:39
08-09-2025 13:52:13.525 INFO Current price: 0.000000060368 - Current percentage: 59.44% - Max: 59.51% - Min: -14.93% - Market Cap 12883 - Trading time: 00:00:40
08-09-2025 13:52:14.305 INFO Current price: 0.000000060368 - Current percentage: 59.51% - Max: 59.51% - Min: -14.93% - Market Cap 12888 - Trading time: 00:00:41
08-09-2025 13:52:17.169 INFO Current price: 0.000000060518 - Current percentage: 60.23% - Max: 60.23% - Min: -14.93% - Market Cap 12947 - Trading time: 00:00:43
08-09-2025 13:52:19.491 INFO Current price: 0.000000061336 - Current percentage: 63.85% - Max: 63.85% - Min: -14.93% - Market Cap 13239 - Trading time: 00:00:46
08-09-2025 13:52:26.112 INFO Current price: 0.000000062441 - Current percentage: 66.06% - Max: 66.06% - Min: -14.93% - Market Cap 13418 - Trading time: 00:00:52
08-09-2025 13:52:27.565 INFO Current price: 0.000000064268 - Current percentage: 73.58% - Max: 73.58% - Min: -14.93% - Market Cap 14025 - Trading time: 00:00:54
08-09-2025 13:52:27.565 INFO Current price: 0.000000067062 - Current percentage: 80.81% - Max: 80.81% - Min: -14.93% - Market Cap 14610 - Trading time: 00:00:54
08-09-2025 13:52:27.573 INFO Current price: 0.000000068211 - Current percentage: 79.58% - Max: 80.81% - Min: -14.93% - Market Cap 14510 - Trading time: 00:00:54
08-09-2025 13:52:28.553 INFO Current price: 0.000000069485 - Current percentage: 87.62% - Max: 87.62% - Min: -14.93% - Market Cap 15160 - Trading time: 00:00:55
08-09-2025 13:52:28.555 INFO Current price: 0.000000072418 - Current percentage: 95.06% - Max: 95.06% - Min: -14.93% - Market Cap 15761 - Trading time: 00:00:55
08-09-2025 13:52:29.316 INFO Current price: 0.000000076868 - Current percentage: 111.39% - Max: 111.39% - Min: -14.93% - Market Cap 17081 - Trading time: 00:00:56
08-09-2025 13:52:30.250 INFO Current price: 0.000000080337 - Current percentage: 113.06% - Max: 113.06% - Min: -14.93% - Market Cap 17216 - Trading time: 00:00:56
08-09-2025 13:52:30.798 INFO Current price: 0.000000080655 - Current percentage: 113.07% - Max: 113.07% - Min: -14.93% - Market Cap 17216 - Trading time: 00:00:57
08-09-2025 13:52:33.301 INFO Current price: 0.000000079637 - Current percentage: 107.72% - Max: 113.07% - Min: -14.93% - Market Cap 16784 - Trading time: 00:01:00
08-09-2025 13:52:36.058 INFO Current price: 0.000000078629 - Current percentage: 107.71% - Max: 113.07% - Min: -14.93% - Market Cap 16783 - Trading time: 00:01:02
08-09-2025 13:52:38.643 INFO Current price: 0.000000078424 - Current percentage: 106.64% - Max: 113.07% - Min: -14.93% - Market Cap 16696 - Trading time: 00:01:05
08-09-2025 13:52:39.925 INFO Current price: 0.000000076674 - Current percentage: 98.54% - Max: 113.07% - Min: -14.93% - Market Cap 16042 - Trading time: 00:01:06
08-09-2025 13:52:40.047 INFO Current price: 0.000000073481 - Current percentage: 89.78% - Max: 113.07% - Min: -14.93% - Market Cap 15335 - Trading time: 00:01:06
08-09-2025 13:52:41.091 INFO Current price: 0.000000071875 - Current percentage: 89.78% - Max: 113.07% - Min: -14.93% - Market Cap 15335 - Trading time: 00:01:07
08-09-2025 13:52:50.476 INFO Current price: 0.000000071827 - Current percentage: 89.70% - Max: 113.07% - Min: -14.93% - Market Cap 15328 - Trading time: 00:01:17
08-09-2025 13:52:50.549 INFO Current price: 0.000000071545 - Current percentage: 88.30% - Max: 113.07% - Min: -14.93% - Market Cap 15215 - Trading time: 00:01:17
08-09-2025 13:52:52.906 INFO Current price: 0.000000070937 - Current percentage: 86.49% - Max: 113.07% - Min: -14.93% - Market Cap 15069 - Trading time: 00:01:19
08-09-2025 13:52:55.531 INFO Current price: 0.000000068284 - Current percentage: 74.48% - Max: 113.07% - Min: -14.93% - Market Cap 14098 - Trading time: 00:01:22
08-09-2025 13:52:57.635 INFO Current price: 0.000000066187 - Current percentage: 75.21% - Max: 113.07% - Min: -14.93% - Market Cap 14157 - Trading time: 00:01:24
08-09-2025 13:52:57.732 INFO Current price: 0.000000064865 - Current percentage: 67.58% - Max: 113.07% - Min: -14.93% - Market Cap 13541 - Trading time: 00:01:24
08-09-2025 13:52:57.733 INFO Current price: 0.000000062203 - Current percentage: 61.12% - Max: 113.07% - Min: -14.93% - Market Cap 13019 - Trading time: 00:01:24
08-09-2025 13:52:57.881 INFO Current price: 0.000000059924 - Current percentage: 55.53% - Max: 113.07% - Min: -14.93% - Market Cap 12567 - Trading time: 00:01:24
08-09-2025 13:52:58.019 INFO Current price: 0.000000057676 - Current percentage: 49.26% - Max: 113.07% - Min: -14.93% - Market Cap 12060 - Trading time: 00:01:24
08-09-2025 13:52:58.666 INFO Current price: 0.000000056502 - Current percentage: 49.26% - Max: 113.07% - Min: -14.93% - Market Cap 12060 - Trading time: 00:01:25
08-09-2025 13:52:58.986 INFO Current price: 0.000000056825 - Current percentage: 50.97% - Max: 113.07% - Min: -14.93% - Market Cap 12199 - Trading time: 00:01:25
08-09-2025 13:53:00.563 INFO Current price: 0.000000059105 - Current percentage: 61.47% - Max: 113.07% - Min: -14.93% - Market Cap 13047 - Trading time: 00:01:27
08-09-2025 13:53:02.942 INFO Current price: 0.000000059010 - Current percentage: 50.49% - Max: 113.07% - Min: -14.93% - Market Cap 12160 - Trading time: 00:01:29
08-09-2025 13:53:07.304 INFO Current price: 0.000000056981 - Current percentage: 50.56% - Max: 113.07% - Min: -14.93% - Market Cap 12165 - Trading time: 00:01:34
08-09-2025 13:53:09.223 INFO Current price: 0.000000055571 - Current percentage: 43.14% - Max: 113.07% - Min: -14.93% - Market Cap 11566 - Trading time: 00:01:35
08-09-2025 13:53:09.227 INFO Current price: 0.000000052663 - Current percentage: 35.21% - Max: 113.07% - Min: -14.93% - Market Cap 10925 - Trading time: 00:01:35
08-09-2025 13:53:09.229 INFO Current price: 0.000000049773 - Current percentage: 27.86% - Max: 113.07% - Min: -14.93% - Market Cap 10331 - Trading time: 00:01:35
08-09-2025 13:53:09.271 INFO Current price: 0.000000047177 - Current percentage: 21.47% - Max: 113.07% - Min: -14.93% - Market Cap 9815 - Trading time: 00:01:35
08-09-2025 13:53:09.335 INFO Current price: 0.000000044842 - Current percentage: 15.52% - Max: 113.07% - Min: -14.93% - Market Cap 9334 - Trading time: 00:01:36
08-09-2025 13:53:09.341 INFO Current price: 0.000000043728 - Current percentage: 15.52% - Max: 113.07% - Min: -14.93% - Market Cap 9334 - Trading time: 00:01:36
08-09-2025 13:53:09.441 INFO Current price: 0.000000043625 - Current percentage: 14.97% - Max: 113.07% - Min: -14.93% - Market Cap 9290 - Trading time: 00:01:36
08-09-2025 13:53:09.639 INFO Current price: 0.000000041841 - Current percentage: 6.26% - Max: 113.07% - Min: -14.93% - Market Cap 8586 - Trading time: 00:01:36
08-09-2025 13:53:11.287 INFO Current price: 0.000000040770 - Current percentage: 9.17% - Max: 113.07% - Min: -14.93% - Market Cap 8821 - Trading time: 00:01:37
08-09-2025 13:53:11.605 INFO Current price: 0.000000042611 - Current percentage: 16.07% - Max: 113.07% - Min: -14.93% - Market Cap 9379 - Trading time: 00:01:38
08-09-2025 13:53:12.469 INFO Current price: 0.000000045080 - Current percentage: 22.18% - Max: 113.07% - Min: -14.93% - Market Cap 9873 - Trading time: 00:01:39
08-09-2025 13:53:14.515 INFO Current price: 0.000000047448 - Current percentage: 28.52% - Max: 113.07% - Min: -14.93% - Market Cap 10384 - Trading time: 00:01:41
08-09-2025 13:53:17.178 INFO Current price: 0.000000047106 - Current percentage: 20.49% - Max: 113.07% - Min: -14.93% - Market Cap 9736 - Trading time: 00:01:43
08-09-2025 13:53:21.928 INFO Current price: 0.000000045624 - Current percentage: 20.55% - Max: 113.07% - Min: -14.93% - Market Cap 9741 - Trading time: 00:01:48
08-09-2025 13:53:22.436 INFO Current price: 0.000000044174 - Current percentage: 12.96% - Max: 113.07% - Min: -14.93% - Market Cap 9127 - Trading time: 00:01:49
08-09-2025 13:53:22.474 INFO Current price: 0.000000041355 - Current percentage: 5.66% - Max: 113.07% - Min: -14.93% - Market Cap 8537 - Trading time: 00:01:49
08-09-2025 13:53:22.532 INFO Current price: 0.000000039466 - Current percentage: 2.87% - Max: 113.07% - Min: -14.93% - Market Cap 8312 - Trading time: 00:01:49
08-09-2025 13:53:22.533 INFO Current price: 0.000000038411 - Current percentage: 0.08% - Max: 113.07% - Min: -14.93% - Market Cap 8087 - Trading time: 00:01:49
08-09-2025 13:53:22.534 INFO Current price: 0.000000037393 - Current percentage: -2.51% - Max: 113.07% - Min: -14.93% - Market Cap 7878 - Trading time: 00:01:49
08-09-2025 13:53:22.621 INFO Current price: 0.000000036812 - Current percentage: -3.01% - Max: 113.07% - Min: -14.93% - Market Cap 7837 - Trading time: 00:01:49
08-09-2025 13:53:24.384 INFO Current price: 0.000000036541 - Current percentage: -3.93% - Max: 113.07% - Min: -14.93% - Market Cap 7762 - Trading time: 00:01:51
08-09-2025 13:53:25.235 INFO Current price: 0.000000035224 - Current percentage: -9.87% - Max: 113.07% - Min: -14.93% - Market Cap 7283 - Trading time: 00:01:51
08-09-2025 13:53:25.235 INFO Current price: 0.000000033159 - Current percentage: -14.87% - Max: 113.07% - Min: -14.93% - Market Cap 6879 - Trading time: 00:01:51
08-09-2025 13:53:27.955 INFO Current price: 0.000000033303 - Current percentage: -9.09% - Max: 113.07% - Min: -14.93% - Market Cap 7346 - Trading time: 00:01:54
08-09-2025 13:53:30.087 INFO Current price: 0.000000034931 - Current percentage: -6.37% - Max: 113.07% - Min: -14.93% - Market Cap 7566 - Trading time: 00:01:56
08-09-2025 13:53:30.248 INFO Current price: 0.000000036066 - Current percentage: -3.05% - Max: 113.07% - Min: -14.93% - Market Cap 7833 - Trading time: 00:01:56
08-09-2025 13:53:30.573 INFO Current price: 0.000000036803 - Current percentage: -2.50% - Max: 113.07% - Min: -14.93% - Market Cap 7878 - Trading time: 00:01:57
08-09-2025 13:53:31.662 INFO Current price: 0.000000037431 - Current percentage: 0.28% - Max: 113.07% - Min: -14.93% - Market Cap 8103 - Trading time: 00:01:58
08-09-2025 13:53:31.878 INFO Current price: 0.000000038523 - Current percentage: 3.27% - Max: 113.07% - Min: -14.93% - Market Cap 8344 - Trading time: 00:01:58
08-09-2025 13:53:37.780 INFO Current price: 0.000000038180 - Current percentage: -1.50% - Max: 113.07% - Min: -14.93% - Market Cap 7959 - Trading time: 00:02:04
08-09-2025 13:53:43.481 INFO Current price: 0.000000037299 - Current percentage: -1.44% - Max: 113.07% - Min: -14.93% - Market Cap 7964 - Trading time: 00:02:10
08-09-2025 13:53:55.923 INFO Current price: 0.000000035947 - Current percentage: -8.51% - Max: 113.07% - Min: -14.93% - Market Cap 7393 - Trading time: 00:02:22
08-09-2025 13:53:56.199 INFO Current price: 0.000000034054 - Current percentage: -11.55% - Max: 113.07% - Min: -14.93% - Market Cap 7147 - Trading time: 00:02:22
08-09-2025 13:53:57.237 INFO Current price: 0.000000033031 - Current percentage: -13.92% - Max: 113.07% - Min: -14.93% - Market Cap 6955 - Trading time: 00:02:23
08-09-2025 13:54:00.054 INFO Current price: 0.000000031489 - Current percentage: -19.62% - Max: 113.07% - Min: -19.62% - Market Cap 6495 - Trading time: 00:02:26
08-09-2025 13:54:04.040 INFO Current price: 0.000000029349 - Current percentage: -25.22% - Max: 113.07% - Min: -25.22% - Market Cap 6042 - Trading time: 00:02:30
08-09-2025 13:57:43.957 INFO Current price: 0.000000028268 - Current percentage: -25.13% - Max: 113.07% - Min: -25.22% - Market Cap 6050 - Trading time: 00:06:10
08-09-2025 13:58:18.630 INFO Current price: 0.000000028103 - Current percentage: -25.80% - Max: 113.07% - Min: -25.80% - Market Cap 5996 - Trading time: 00:06:45






08-09-2025 14:08:18.633 INFO {"type":"summary","reason":"inactivity","startedAt":"2025-09-08T11:51:33.301Z","endedAt":"2025-09-08T12:08:18.633Z","durationSec":1005,"entryPrice":3.96062692832141e-8,"entryMarketCapSol":37.85480389670621,"entryMarketCapUsd":8080.10789175194,"minPct":-25.79885121470955,"maxPct":113.06879103485387,"buyCount":48,"sellCount":57,"tradeCount":105,"entryRecorded":true,"noPostThresholdTrades":false,"triggerAt":"2025-09-08T11:51:33.297Z","ageAtTriggerSec":5,"preTotalTrades":15,"preBuys":11,"preSells":4,"preUniqueTraders":11,"preEntryTotalTrades":20,"preEntryBuys":13,"preEntrySells":7,"preEntryUniqueTraders":13,"preEntryMinMcUsd":7274.078503573929,"preEntryMaxMcUsd":10964.143497638435,"thresholdMcSol":37.85480389670621,"thresholdMcUsd":8080.10789175194,"thresholdPrice":3.96062692832141e-8}
