07-09-2025 20:00:38.599 INFO Entry price: 0.000000031767011213 - Entry market cap: 6214 - Buys 12 - Sells 7 - Ratio: 1:0.58 - Min MarketCap: 6399 - Max MarketCap: 8743
07-09-2025 20:00:38.599 INFO Current price: 0.000000031767 - Current percentage: 0.00% - Max: 0.00% - Min: 0.00% - Market Cap 6214 - Trading time: 00:00:02
07-09-2025 20:00:39.099 INFO Current price: 0.000000031694 - Current percentage: 6.31% - Max: 6.31% - Min: 0.00% - Market Cap 6606 - Trading time: 00:00:02
07-09-2025 20:00:39.452 INFO Current price: 0.000000032679 - Current percentage: 6.32% - Max: 6.32% - Min: 0.00% - Market Cap 6606 - Trading time: 00:00:02
07-09-2025 20:00:39.483 INFO Current price: 0.000000032680 - Current percentage: 6.32% - Max: 6.32% - Min: 0.00% - Market Cap 6606 - Trading time: 00:00:02
07-09-2025 20:00:39.552 INFO Current price: 0.000000032681 - Current percentage: 6.32% - Max: 6.32% - Min: 0.00% - Market Cap 6607 - Trading time: 00:00:02
07-09-2025 20:00:39.614 INFO Current price: 0.000000032683 - Current percentage: 6.33% - Max: 6.33% - Min: 0.00% - Market Cap 6607 - Trading time: 00:00:03
07-09-2025 20:00:39.618 INFO Current price: 0.000000032684 - Current percentage: 6.33% - Max: 6.33% - Min: 0.00% - Market Cap 6607 - Trading time: 00:00:03
07-09-2025 20:00:39.619 INFO Current price: 0.000000032685 - Current percentage: 6.34% - Max: 6.34% - Min: 0.00% - Market Cap 6607 - Trading time: 00:00:03
07-09-2025 20:00:40.111 INFO Current price: 0.000000032784 - Current percentage: 6.98% - Max: 6.98% - Min: 0.00% - Market Cap 6647 - Trading time: 00:00:03
07-09-2025 20:00:40.474 INFO Current price: 0.000000032883 - Current percentage: 6.98% - Max: 6.98% - Min: 0.00% - Market Cap 6647 - Trading time: 00:00:03
07-09-2025 20:00:40.477 INFO Current price: 0.000000032884 - Current percentage: 6.98% - Max: 6.98% - Min: 0.00% - Market Cap 6648 - Trading time: 00:00:03
07-09-2025 20:00:40.478 INFO Current price: 0.000000032885 - Current percentage: 6.99% - Max: 6.99% - Min: 0.00% - Market Cap 6648 - Trading time: 00:00:03
07-09-2025 20:00:40.478 INFO Current price: 0.000000032887 - Current percentage: 6.99% - Max: 6.99% - Min: 0.00% - Market Cap 6648 - Trading time: 00:00:03
07-09-2025 20:00:41.685 INFO Current price: 0.000000033875 - Current percentage: 13.52% - Max: 13.52% - Min: 0.00% - Market Cap 7054 - Trading time: 00:00:05
07-09-2025 20:00:41.947 INFO Current price: 0.000000034893 - Current percentage: 13.52% - Max: 13.52% - Min: 0.00% - Market Cap 7054 - Trading time: 00:00:05
07-09-2025 20:00:42.511 INFO Current price: 0.000000035402 - Current percentage: 16.85% - Max: 16.85% - Min: 0.00% - Market Cap 7261 - Trading time: 00:00:05
07-09-2025 20:00:42.676 INFO Current price: 0.000000035940 - Current percentage: 16.99% - Max: 16.99% - Min: 0.00% - Market Cap 7269 - Trading time: 00:00:06
07-09-2025 20:00:44.637 INFO Current price: 0.000000035960 - Current percentage: 16.99% - Max: 16.99% - Min: 0.00% - Market Cap 7269 - Trading time: 00:00:08
07-09-2025 20:00:44.638 INFO Current price: 0.000000035960 - Current percentage: 16.99% - Max: 16.99% - Min: 0.00% - Market Cap 7269 - Trading time: 00:00:08
07-09-2025 20:00:44.639 INFO Current price: 0.000000035959 - Current percentage: 16.99% - Max: 16.99% - Min: 0.00% - Market Cap 7269 - Trading time: 00:00:08
07-09-2025 20:00:44.710 INFO Current price: 0.000000035959 - Current percentage: 16.98% - Max: 16.99% - Min: 0.00% - Market Cap 7269 - Trading time: 00:00:08
07-09-2025 20:00:44.710 INFO Current price: 0.000000035959 - Current percentage: 16.98% - Max: 16.99% - Min: 0.00% - Market Cap 7269 - Trading time: 00:00:08
07-09-2025 20:00:44.710 INFO Current price: 0.000000035958 - Current percentage: 16.98% - Max: 16.99% - Min: 0.00% - Market Cap 7269 - Trading time: 00:00:08
07-09-2025 20:00:44.968 INFO Current price: 0.000000035958 - Current percentage: 16.98% - Max: 16.99% - Min: 0.00% - Market Cap 7269 - Trading time: 00:00:08
07-09-2025 20:00:45.027 INFO Current price: 0.000000036474 - Current percentage: 20.37% - Max: 20.37% - Min: 0.00% - Market Cap 7479 - Trading time: 00:00:08
07-09-2025 20:00:45.123 INFO Current price: 0.000000037528 - Current percentage: 23.83% - Max: 23.83% - Min: 0.00% - Market Cap 7695 - Trading time: 00:00:08
07-09-2025 20:00:45.329 INFO Current price: 0.000000038064 - Current percentage: 23.83% - Max: 23.83% - Min: 0.00% - Market Cap 7695 - Trading time: 00:00:08
07-09-2025 20:00:45.332 INFO Current price: 0.000000038064 - Current percentage: 23.83% - Max: 23.83% - Min: 0.00% - Market Cap 7695 - Trading time: 00:00:08
07-09-2025 20:00:45.334 INFO Current price: 0.000000038063 - Current percentage: 23.83% - Max: 23.83% - Min: 0.00% - Market Cap 7695 - Trading time: 00:00:08
07-09-2025 20:00:47.419 INFO Current price: 0.000000039127 - Current percentage: 30.85% - Max: 30.85% - Min: 0.00% - Market Cap 8130 - Trading time: 00:00:10
07-09-2025 20:00:47.481 INFO Current price: 0.000000040766 - Current percentage: 34.43% - Max: 34.43% - Min: 0.00% - Market Cap 8353 - Trading time: 00:00:10
07-09-2025 20:00:47.632 INFO Current price: 0.000000041364 - Current percentage: 34.71% - Max: 34.71% - Min: 0.00% - Market Cap 8371 - Trading time: 00:00:11
07-09-2025 20:00:47.699 INFO Current price: 0.000000041488 - Current percentage: 35.23% - Max: 35.23% - Min: 0.00% - Market Cap 8403 - Trading time: 00:00:11
07-09-2025 20:00:47.798 INFO Current price: 0.000000041623 - Current percentage: 35.59% - Max: 35.59% - Min: 0.00% - Market Cap 8425 - Trading time: 00:00:11
07-09-2025 20:00:47.800 INFO Current price: 0.000000041707 - Current percentage: 35.77% - Max: 35.77% - Min: 0.00% - Market Cap 8437 - Trading time: 00:00:11
07-09-2025 20:00:48.088 INFO Current price: 0.000000042848 - Current percentage: 43.11% - Max: 43.11% - Min: 0.00% - Market Cap 8893 - Trading time: 00:00:11
07-09-2025 20:00:48.119 INFO Current price: 0.000000044105 - Current percentage: 43.86% - Max: 43.86% - Min: 0.00% - Market Cap 8939 - Trading time: 00:00:11
07-09-2025 20:00:48.122 INFO Current price: 0.000000044402 - Current percentage: 45.05% - Max: 45.05% - Min: 0.00% - Market Cap 9013 - Trading time: 00:00:11
07-09-2025 20:00:48.232 INFO Current price: 0.000000044597 - Current percentage: 45.12% - Max: 45.12% - Min: 0.00% - Market Cap 9018 - Trading time: 00:00:11
07-09-2025 20:00:48.828 INFO Current price: 0.000000044839 - Current percentage: 46.63% - Max: 46.63% - Min: 0.00% - Market Cap 9111 - Trading time: 00:00:12
07-09-2025 20:00:49.464 INFO Current price: 0.000000044988 - Current percentage: 46.09% - Max: 46.63% - Min: 0.00% - Market Cap 9078 - Trading time: 00:00:12
07-09-2025 20:00:49.537 INFO Current price: 0.000000044906 - Current percentage: 46.09% - Max: 46.63% - Min: 0.00% - Market Cap 9078 - Trading time: 00:00:12
07-09-2025 20:00:49.538 INFO Current price: 0.000000044906 - Current percentage: 46.09% - Max: 46.63% - Min: 0.00% - Market Cap 9078 - Trading time: 00:00:12
07-09-2025 20:00:49.541 INFO Current price: 0.000000044905 - Current percentage: 46.09% - Max: 46.63% - Min: 0.00% - Market Cap 9077 - Trading time: 00:00:12
07-09-2025 20:00:49.548 INFO Current price: 0.000000044904 - Current percentage: 46.09% - Max: 46.63% - Min: 0.00% - Market Cap 9077 - Trading time: 00:00:12
07-09-2025 20:00:49.606 INFO Current price: 0.000000044904 - Current percentage: 46.08% - Max: 46.63% - Min: 0.00% - Market Cap 9077 - Trading time: 00:00:13
07-09-2025 20:00:49.610 INFO Current price: 0.000000044903 - Current percentage: 46.08% - Max: 46.63% - Min: 0.00% - Market Cap 9077 - Trading time: 00:00:13
07-09-2025 20:00:49.614 INFO Current price: 0.000000044903 - Current percentage: 46.08% - Max: 46.63% - Min: 0.00% - Market Cap 9077 - Trading time: 00:00:13
07-09-2025 20:00:49.807 INFO Current price: 0.000000044902 - Current percentage: 46.08% - Max: 46.63% - Min: 0.00% - Market Cap 9077 - Trading time: 00:00:13
07-09-2025 20:00:49.946 INFO Current price: 0.000000044902 - Current percentage: 46.08% - Max: 46.63% - Min: 0.00% - Market Cap 9077 - Trading time: 00:00:13
07-09-2025 20:00:51.060 INFO Current price: 0.000000044901 - Current percentage: 46.07% - Max: 46.63% - Min: 0.00% - Market Cap 9077 - Trading time: 00:00:14
07-09-2025 20:00:52.815 INFO Current price: 0.000000044819 - Current percentage: 45.54% - Max: 46.63% - Min: 0.00% - Market Cap 9044 - Trading time: 00:00:16
07-09-2025 20:00:54.051 INFO Current price: 0.000000045429 - Current percentage: 50.08% - Max: 50.08% - Min: 0.00% - Market Cap 9326 - Trading time: 00:00:17
07-09-2025 20:00:54.056 INFO Current price: 0.000000045310 - Current percentage: 44.78% - Max: 50.08% - Min: 0.00% - Market Cap 8996 - Trading time: 00:00:17
07-09-2025 20:00:54.135 INFO Current price: 0.000000044320 - Current percentage: 43.59% - Max: 50.08% - Min: 0.00% - Market Cap 8923 - Trading time: 00:00:17
07-09-2025 20:00:54.687 INFO Current price: 0.000000044138 - Current percentage: 43.59% - Max: 50.08% - Min: 0.00% - Market Cap 8922 - Trading time: 00:00:18
07-09-2025 20:00:54.688 INFO Current price: 0.000000044137 - Current percentage: 43.59% - Max: 50.08% - Min: 0.00% - Market Cap 8922 - Trading time: 00:00:18
07-09-2025 20:00:54.690 INFO Current price: 0.000000044137 - Current percentage: 43.59% - Max: 50.08% - Min: 0.00% - Market Cap 8922 - Trading time: 00:00:18
07-09-2025 20:00:54.692 INFO Current price: 0.000000044136 - Current percentage: 43.59% - Max: 50.08% - Min: 0.00% - Market Cap 8922 - Trading time: 00:00:18
07-09-2025 20:00:54.694 INFO Current price: 0.000000044136 - Current percentage: 43.58% - Max: 50.08% - Min: 0.00% - Market Cap 8922 - Trading time: 00:00:18
07-09-2025 20:00:54.698 INFO Current price: 0.000000044135 - Current percentage: 43.58% - Max: 50.08% - Min: 0.00% - Market Cap 8922 - Trading time: 00:00:18
07-09-2025 20:00:54.699 INFO Current price: 0.000000044135 - Current percentage: 43.58% - Max: 50.08% - Min: 0.00% - Market Cap 8922 - Trading time: 00:00:18
07-09-2025 20:00:54.700 INFO Current price: 0.000000044134 - Current percentage: 43.58% - Max: 50.08% - Min: 0.00% - Market Cap 8922 - Trading time: 00:00:18
07-09-2025 20:00:54.898 INFO Current price: 0.000000044287 - Current percentage: 44.58% - Max: 50.08% - Min: 0.00% - Market Cap 8984 - Trading time: 00:00:18
07-09-2025 20:00:54.920 INFO Current price: 0.000000044574 - Current percentage: 45.45% - Max: 50.08% - Min: 0.00% - Market Cap 9038 - Trading time: 00:00:18
07-09-2025 20:00:55.345 INFO Current price: 0.000000044709 - Current percentage: 45.46% - Max: 50.08% - Min: 0.00% - Market Cap 9038 - Trading time: 00:00:18
07-09-2025 20:00:55.841 INFO Current price: 0.000000044710 - Current percentage: 45.45% - Max: 50.08% - Min: 0.00% - Market Cap 9038 - Trading time: 00:00:19
07-09-2025 20:00:55.843 INFO Current price: 0.000000044710 - Current percentage: 45.45% - Max: 50.08% - Min: 0.00% - Market Cap 9038 - Trading time: 00:00:19
07-09-2025 20:00:56.584 INFO Current price: 0.000000045862 - Current percentage: 53.05% - Max: 53.05% - Min: 0.00% - Market Cap 9510 - Trading time: 00:00:19
07-09-2025 20:00:56.719 INFO Current price: 0.000000046751 - Current percentage: 51.14% - Max: 53.05% - Min: 0.00% - Market Cap 9392 - Trading time: 00:00:20
07-09-2025 20:00:56.856 INFO Current price: 0.000000046518 - Current percentage: 51.53% - Max: 53.05% - Min: 0.00% - Market Cap 9415 - Trading time: 00:00:20
07-09-2025 20:01:01.249 INFO Current price: 0.000000047439 - Current percentage: 57.19% - Max: 57.19% - Min: 0.00% - Market Cap 9767 - Trading time: 00:00:24
07-09-2025 20:01:01.249 INFO Current price: 0.000000049356 - Current percentage: 64.02% - Max: 64.02% - Min: 0.00% - Market Cap 10192 - Trading time: 00:00:24
07-09-2025 20:01:01.451 INFO Current price: 0.000000052888 - Current percentage: 80.50% - Max: 80.50% - Min: 0.00% - Market Cap 11215 - Trading time: 00:00:24
07-09-2025 20:01:01.553 INFO Current price: 0.000000055320 - Current percentage: 79.45% - Max: 80.50% - Min: 0.00% - Market Cap 11150 - Trading time: 00:00:24
07-09-2025 20:01:02.040 INFO Current price: 0.000000055161 - Current percentage: 79.46% - Max: 80.50% - Min: 0.00% - Market Cap 11151 - Trading time: 00:00:25
07-09-2025 20:01:02.347 INFO Current price: 0.000000056095 - Current percentage: 85.58% - Max: 85.58% - Min: 0.00% - Market Cap 11532 - Trading time: 00:00:25
07-09-2025 20:01:02.349 INFO Current price: 0.000000058178 - Current percentage: 93.03% - Max: 93.03% - Min: 0.00% - Market Cap 11994 - Trading time: 00:00:25
07-09-2025 20:01:02.638 INFO Current price: 0.000000059334 - Current percentage: 93.03% - Max: 93.03% - Min: 0.00% - Market Cap 11994 - Trading time: 00:00:26
07-09-2025 20:01:03.329 INFO Current price: 0.000000059336 - Current percentage: 93.04% - Max: 93.04% - Min: 0.00% - Market Cap 11995 - Trading time: 00:00:26
07-09-2025 20:01:05.261 INFO Current price: 0.000000060609 - Current percentage: 101.40% - Max: 101.40% - Min: 0.00% - Market Cap 12515 - Trading time: 00:00:28
07-09-2025 20:01:05.262 INFO Current price: 0.000000063321 - Current percentage: 110.70% - Max: 110.70% - Min: 0.00% - Market Cap 13092 - Trading time: 00:00:28
07-09-2025 20:01:13.029 INFO Current price: 0.000000063379 - Current percentage: 101.78% - Max: 110.70% - Min: 0.00% - Market Cap 12538 - Trading time: 00:00:36
07-09-2025 20:01:15.370 INFO Current price: 0.000000062577 - Current percentage: 105.40% - Max: 110.70% - Min: 0.00% - Market Cap 12763 - Trading time: 00:00:38
07-09-2025 20:01:17.501 INFO Current price: 0.000000062094 - Current percentage: 98.67% - Max: 110.70% - Min: 0.00% - Market Cap 12345 - Trading time: 00:00:40
07-09-2025 20:01:19.212 INFO Current price: 0.000000059962 - Current percentage: 91.54% - Max: 110.70% - Min: 0.00% - Market Cap 11902 - Trading time: 00:00:42
07-09-2025 20:01:19.281 INFO Current price: 0.000000057846 - Current percentage: 84.90% - Max: 110.70% - Min: 0.00% - Market Cap 11489 - Trading time: 00:00:42
07-09-2025 20:01:19.515 INFO Current price: 0.000000056793 - Current percentage: 84.63% - Max: 110.70% - Min: 0.00% - Market Cap 11472 - Trading time: 00:00:42
07-09-2025 20:01:21.393 INFO Current price: 0.000000056961 - Current percentage: 85.39% - Max: 110.70% - Min: 0.00% - Market Cap 11520 - Trading time: 00:00:44
07-09-2025 20:01:21.673 INFO Current price: 0.000000057008 - Current percentage: 85.53% - Max: 110.70% - Min: 0.00% - Market Cap 11529 - Trading time: 00:00:45
07-09-2025 20:01:22.324 INFO Current price: 0.000000057080 - Current percentage: 85.86% - Max: 110.70% - Min: 0.00% - Market Cap 11549 - Trading time: 00:00:45
07-09-2025 20:01:22.523 INFO Current price: 0.000000057784 - Current percentage: 90.14% - Max: 110.70% - Min: 0.00% - Market Cap 11815 - Trading time: 00:00:45
07-09-2025 20:01:22.523 INFO Current price: 0.000000059102 - Current percentage: 94.44% - Max: 110.70% - Min: 0.00% - Market Cap 12082 - Trading time: 00:00:45
07-09-2025 20:01:22.525 INFO Current price: 0.000000059901 - Current percentage: 95.31% - Max: 110.70% - Min: 0.00% - Market Cap 12136 - Trading time: 00:00:45
07-09-2025 20:01:22.690 INFO Current price: 0.000000060041 - Current percentage: 95.31% - Max: 110.70% - Min: 0.00% - Market Cap 12136 - Trading time: 00:00:46
07-09-2025 20:01:23.254 INFO Current price: 0.000000060703 - Current percentage: 99.68% - Max: 110.70% - Min: 0.00% - Market Cap 12408 - Trading time: 00:00:46
07-09-2025 20:01:23.558 INFO Current price: 0.000000061514 - Current percentage: 100.56% - Max: 110.70% - Min: 0.00% - Market Cap 12462 - Trading time: 00:00:46
07-09-2025 20:01:23.866 INFO Current price: 0.000000062332 - Current percentage: 105.03% - Max: 110.70% - Min: 0.00% - Market Cap 12740 - Trading time: 00:00:47
07-09-2025 20:01:29.928 INFO Current price: 0.000000062332 - Current percentage: 100.56% - Max: 110.70% - Min: 0.00% - Market Cap 12462 - Trading time: 00:00:53
07-09-2025 20:01:30.868 INFO Current price: 0.000000060493 - Current percentage: 93.11% - Max: 110.70% - Min: 0.00% - Market Cap 11999 - Trading time: 00:00:54
07-09-2025 20:01:32.142 INFO Current price: 0.000000058716 - Current percentage: 88.95% - Max: 110.70% - Min: 0.00% - Market Cap 11741 - Trading time: 00:00:55
07-09-2025 20:01:32.715 INFO Current price: 0.000000058212 - Current percentage: 89.81% - Max: 110.70% - Min: 0.00% - Market Cap 11794 - Trading time: 00:00:56
07-09-2025 20:01:34.235 INFO Current price: 0.000000058369 - Current percentage: 89.81% - Max: 110.70% - Min: 0.00% - Market Cap 11794 - Trading time: 00:00:57
07-09-2025 20:01:37.766 INFO Current price: 0.000000058219 - Current percentage: 89.00% - Max: 110.70% - Min: 0.00% - Market Cap 11744 - Trading time: 00:01:01
07-09-2025 20:01:43.499 INFO Current price: 0.000000059671 - Current percentage: 99.39% - Max: 110.70% - Min: 0.00% - Market Cap 12390 - Trading time: 00:01:06
07-09-2025 20:01:44.030 INFO Current price: 0.000000061290 - Current percentage: 99.39% - Max: 110.70% - Min: 0.00% - Market Cap 12390 - Trading time: 00:01:07
07-09-2025 20:01:49.152 INFO Current price: 0.000000061563 - Current percentage: 101.17% - Max: 110.70% - Min: 0.00% - Market Cap 12500 - Trading time: 00:01:12
07-09-2025 20:01:58.562 INFO Current price: 0.000000059819 - Current percentage: 88.26% - Max: 110.70% - Min: 0.00% - Market Cap 11698 - Trading time: 00:01:21
07-09-2025 20:01:58.569 INFO Current price: 0.000000056067 - Current percentage: 76.73% - Max: 110.70% - Min: 0.00% - Market Cap 10981 - Trading time: 00:01:21
07-09-2025 20:02:00.320 INFO Current price: 0.000000054017 - Current percentage: 74.74% - Max: 110.70% - Min: 0.00% - Market Cap 10858 - Trading time: 00:01:23
07-09-2025 20:02:01.378 INFO Current price: 0.000000053599 - Current percentage: 74.00% - Max: 110.70% - Min: 0.00% - Market Cap 10812 - Trading time: 00:01:24
07-09-2025 20:02:01.584 INFO Current price: 0.000000053445 - Current percentage: 73.74% - Max: 110.70% - Min: 0.00% - Market Cap 10796 - Trading time: 00:01:24
07-09-2025 20:02:05.849 INFO Current price: 0.000000053783 - Current percentage: 76.21% - Max: 110.70% - Min: 0.00% - Market Cap 10949 - Trading time: 00:01:29
07-09-2025 20:02:08.198 INFO Current price: 0.000000054216 - Current percentage: 76.55% - Max: 110.70% - Min: 0.00% - Market Cap 10970 - Trading time: 00:01:31
07-09-2025 20:02:11.744 INFO Current price: 0.000000054906 - Current percentage: 80.72% - Max: 110.70% - Min: 0.00% - Market Cap 11230 - Trading time: 00:01:35
07-09-2025 20:02:15.078 INFO Current price: 0.000000053593 - Current percentage: 68.20% - Max: 110.70% - Min: 0.00% - Market Cap 10452 - Trading time: 00:01:38
07-09-2025 20:02:15.084 INFO Current price: 0.000000049699 - Current percentage: 55.42% - Max: 110.70% - Min: 0.00% - Market Cap 9657 - Trading time: 00:01:38
07-09-2025 20:02:15.711 INFO Current price: 0.000000048747 - Current percentage: 61.82% - Max: 110.70% - Min: 0.00% - Market Cap 10055 - Trading time: 00:01:39
07-09-2025 20:02:16.474 INFO Current price: 0.000000049740 - Current percentage: 61.81% - Max: 110.70% - Min: 0.00% - Market Cap 10055 - Trading time: 00:01:39
07-09-2025 20:02:16.475 INFO Current price: 0.000000049666 - Current percentage: 61.34% - Max: 110.70% - Min: 0.00% - Market Cap 10025 - Trading time: 00:01:39
07-09-2025 20:02:16.477 INFO Current price: 0.000000049490 - Current percentage: 60.67% - Max: 110.70% - Min: 0.00% - Market Cap 9983 - Trading time: 00:01:39
07-09-2025 20:02:16.479 INFO Current price: 0.000000049329 - Current percentage: 60.29% - Max: 110.70% - Min: 0.00% - Market Cap 9960 - Trading time: 00:01:39
07-09-2025 20:02:16.582 INFO Current price: 0.000000048054 - Current percentage: 52.04% - Max: 110.70% - Min: 0.00% - Market Cap 9447 - Trading time: 00:01:39
07-09-2025 20:02:16.745 INFO Current price: 0.000000045367 - Current percentage: 43.28% - Max: 110.70% - Min: 0.00% - Market Cap 8903 - Trading time: 00:01:40
07-09-2025 20:02:16.830 INFO Current price: 0.000000043260 - Current percentage: 38.24% - Max: 110.70% - Min: 0.00% - Market Cap 8590 - Trading time: 00:01:40
07-09-2025 20:02:17.032 INFO Current price: 0.000000042640 - Current percentage: 39.15% - Max: 110.70% - Min: 0.00% - Market Cap 8646 - Trading time: 00:01:40
07-09-2025 20:02:17.115 INFO Current price: 0.000000041007 - Current percentage: 27.90% - Max: 110.70% - Min: 0.00% - Market Cap 7947 - Trading time: 00:01:40
07-09-2025 20:02:18.016 INFO Current price: 0.000000039305 - Current percentage: 27.84% - Max: 110.70% - Min: 0.00% - Market Cap 7944 - Trading time: 00:01:41
07-09-2025 20:02:18.037 INFO Current price: 0.000000039295 - Current percentage: 27.83% - Max: 110.70% - Min: 0.00% - Market Cap 7943 - Trading time: 00:01:41
07-09-2025 20:02:18.264 INFO Current price: 0.000000038741 - Current percentage: 24.26% - Max: 110.70% - Min: 0.00% - Market Cap 7721 - Trading time: 00:01:41
07-09-2025 20:02:18.492 INFO Current price: 0.000000038765 - Current percentage: 27.99% - Max: 110.70% - Min: 0.00% - Market Cap 7953 - Trading time: 00:01:41
07-09-2025 20:02:18.494 INFO Current price: 0.000000039846 - Current percentage: 31.29% - Max: 110.70% - Min: 0.00% - Market Cap 8158 - Trading time: 00:01:41
07-09-2025 20:02:20.626 INFO Current price: 0.000000040406 - Current percentage: 31.62% - Max: 110.70% - Min: 0.00% - Market Cap 8178 - Trading time: 00:01:44
07-09-2025 20:02:20.628 INFO Current price: 0.000000040516 - Current percentage: 32.00% - Max: 110.70% - Min: 0.00% - Market Cap 8202 - Trading time: 00:01:44
07-09-2025 20:02:20.814 INFO Current price: 0.000000040631 - Current percentage: 32.36% - Max: 110.70% - Min: 0.00% - Market Cap 8225 - Trading time: 00:01:44
07-09-2025 20:02:21.430 INFO Current price: 0.000000041785 - Current percentage: 39.61% - Max: 110.70% - Min: 0.00% - Market Cap 8675 - Trading time: 00:01:44
07-09-2025 20:02:22.332 INFO Current price: 0.000000043492 - Current percentage: 43.39% - Max: 110.70% - Min: 0.00% - Market Cap 8910 - Trading time: 00:01:45
07-09-2025 20:02:23.944 INFO Current price: 0.000000044127 - Current percentage: 43.72% - Max: 110.70% - Min: 0.00% - Market Cap 8930 - Trading time: 00:01:47
07-09-2025 20:02:29.601 INFO Current price: 0.000000043538 - Current percentage: 39.59% - Max: 110.70% - Min: 0.00% - Market Cap 8674 - Trading time: 00:01:53
07-09-2025 20:02:30.447 INFO Current price: 0.000000042638 - Current percentage: 37.84% - Max: 110.70% - Min: 0.00% - Market Cap 8565 - Trading time: 00:01:53
07-09-2025 20:02:30.780 INFO Current price: 0.000000041013 - Current percentage: 29.15% - Max: 110.70% - Min: 0.00% - Market Cap 8025 - Trading time: 00:01:54
07-09-2025 20:02:31.143 INFO Current price: 0.000000038693 - Current percentage: 22.69% - Max: 110.70% - Min: 0.00% - Market Cap 7624 - Trading time: 00:01:54
07-09-2025 20:02:31.860 INFO Current price: 0.000000036862 - Current percentage: 17.22% - Max: 110.70% - Min: 0.00% - Market Cap 7284 - Trading time: 00:01:55
07-09-2025 20:02:31.869 INFO Current price: 0.000000036041 - Current percentage: 17.28% - Max: 110.70% - Min: 0.00% - Market Cap 7288 - Trading time: 00:01:55
07-09-2025 20:02:31.968 INFO Current price: 0.000000036672 - Current percentage: 21.36% - Max: 110.70% - Min: 0.00% - Market Cap 7541 - Trading time: 00:01:55
07-09-2025 20:02:32.510 INFO Current price: 0.000000037474 - Current percentage: 22.47% - Max: 110.70% - Min: 0.00% - Market Cap 7610 - Trading time: 00:01:55
07-09-2025 20:02:32.528 INFO Current price: 0.000000036862 - Current percentage: 17.42% - Max: 110.70% - Min: 0.00% - Market Cap 7296 - Trading time: 00:01:55
07-09-2025 20:02:32.693 INFO Current price: 0.000000035933 - Current percentage: 16.38% - Max: 110.70% - Min: 0.00% - Market Cap 7232 - Trading time: 00:01:56
07-09-2025 20:02:32.850 INFO Current price: 0.000000035959 - Current percentage: 17.59% - Max: 110.70% - Min: 0.00% - Market Cap 7307 - Trading time: 00:01:56
07-09-2025 20:02:33.014 INFO Current price: 0.000000035169 - Current percentage: 11.32% - Max: 110.70% - Min: 0.00% - Market Cap 6917 - Trading time: 00:01:56
07-09-2025 20:02:33.634 INFO Current price: 0.000000034217 - Current percentage: 11.31% - Max: 110.70% - Min: 0.00% - Market Cap 6917 - Trading time: 00:01:57
07-09-2025 20:02:34.135 INFO Current price: 0.000000034420 - Current percentage: 12.64% - Max: 110.70% - Min: 0.00% - Market Cap 6999 - Trading time: 00:01:57
07-09-2025 20:02:40.124 INFO Current price: 0.000000034496 - Current percentage: 12.36% - Max: 110.70% - Min: 0.00% - Market Cap 6982 - Trading time: 00:02:03
07-09-2025 20:02:40.127 INFO Current price: 0.000000034477 - Current percentage: 11.97% - Max: 110.70% - Min: 0.00% - Market Cap 6957 - Trading time: 00:02:03
07-09-2025 20:02:40.237 INFO Current price: 0.000000034243 - Current percentage: 10.84% - Max: 110.70% - Min: 0.00% - Market Cap 6887 - Trading time: 00:02:03
07-09-2025 20:02:42.898 INFO Current price: 0.000000033518 - Current percentage: 7.28% - Max: 110.70% - Min: 0.00% - Market Cap 6666 - Trading time: 00:02:06
07-09-2025 20:02:43.334 INFO Current price: 0.000000031967 - Current percentage: 0.82% - Max: 110.70% - Min: 0.00% - Market Cap 6264 - Trading time: 00:02:06
07-09-2025 20:02:44.115 INFO Current price: 0.000000030796 - Current percentage: -0.44% - Max: 110.70% - Min: -0.44% - Market Cap 6187 - Trading time: 00:02:07
07-09-2025 20:02:46.560 INFO Current price: 0.000000030596 - Current percentage: -0.49% - Max: 110.70% - Min: -0.49% - Market Cap 6183 - Trading time: 00:02:09
07-09-2025 20:02:46.760 INFO Current price: 0.000000030880 - Current percentage: 1.42% - Max: 110.70% - Min: -0.49% - Market Cap 6302 - Trading time: 00:02:10
07-09-2025 20:02:50.550 INFO Current price: 0.000000031185 - Current percentage: 1.48% - Max: 110.70% - Min: -0.49% - Market Cap 6306 - Trading time: 00:02:13
07-09-2025 20:03:00.571 INFO Current price: 0.000000031186 - Current percentage: 1.43% - Max: 110.70% - Min: -0.49% - Market Cap 6302 - Trading time: 00:02:23
07-09-2025 20:03:01.257 INFO Current price: 0.000000031086 - Current percentage: 0.84% - Max: 110.70% - Min: -0.49% - Market Cap 6266 - Trading time: 00:02:24
07-09-2025 20:03:13.711 INFO Current price: 0.000000030913 - Current percentage: 0.30% - Max: 110.70% - Min: -0.49% - Market Cap 6233 - Trading time: 00:02:37
07-09-2025 20:03:13.831 INFO Current price: 0.000000030821 - Current percentage: 0.24% - Max: 110.70% - Min: -0.49% - Market Cap 6228 - Trading time: 00:02:37
07-09-2025 20:03:15.373 INFO Current price: 0.000000030774 - Current percentage: -0.00% - Max: 110.70% - Min: -0.49% - Market Cap 6214 - Trading time: 00:02:38
07-09-2025 20:03:36.100 INFO Current price: 0.000000030649 - Current percentage: -0.57% - Max: 110.70% - Min: -0.57% - Market Cap 6178 - Trading time: 00:02:59
07-09-2025 20:03:36.122 INFO Current price: 0.000000030485 - Current percentage: -1.07% - Max: 110.70% - Min: -1.07% - Market Cap 6147 - Trading time: 00:02:59
07-09-2025 20:03:42.498 INFO Current price: 0.000000030148 - Current percentage: -2.77% - Max: 110.70% - Min: -2.77% - Market Cap 6042 - Trading time: 00:03:05
07-09-2025 20:03:44.912 INFO Current price: 0.000000029857 - Current percentage: -2.96% - Max: 110.70% - Min: -2.96% - Market Cap 6030 - Trading time: 00:03:08
07-09-2025 20:03:55.804 INFO Current price: 0.000000029818 - Current percentage: -3.02% - Max: 110.70% - Min: -3.02% - Market Cap 6026 - Trading time: 00:03:19
07-09-2025 20:04:23.361 INFO Current price: 0.000000029841 - Current percentage: -2.82% - Max: 110.70% - Min: -3.02% - Market Cap 6039 - Trading time: 00:03:46
07-09-2025 20:04:45.529 INFO Current price: 0.000000029892 - Current percentage: -2.69% - Max: 110.70% - Min: -3.02% - Market Cap 6046 - Trading time: 00:04:08
07-09-2025 20:06:03.637 INFO Current price: 0.000000029911 - Current percentage: -2.69% - Max: 110.70% - Min: -3.02% - Market Cap 6046 - Trading time: 00:05:27
07-09-2025 20:06:04.189 INFO Current price: 0.000000029910 - Current percentage: -2.69% - Max: 110.70% - Min: -3.02% - Market Cap 6046 - Trading time: 00:05:27
07-09-2025 20:06:06.365 INFO Current price: 0.000000029879 - Current percentage: -2.90% - Max: 110.70% - Min: -3.02% - Market Cap 6034 - Trading time: 00:05:29
07-09-2025 20:06:48.011 INFO Current price: 0.000000029592 - Current percentage: -4.55% - Max: 110.70% - Min: -4.55% - Market Cap 5931 - Trading time: 00:06:11
07-09-2025 20:07:01.173 INFO Current price: 0.000000028757 - Current percentage: -8.30% - Max: 110.70% - Min: -8.30% - Market Cap 5698 - Trading time: 00:06:24
07-09-2025 20:07:07.983 INFO Current price: 0.000000028076 - Current percentage: -9.02% - Max: 110.70% - Min: -9.02% - Market Cap 5653 - Trading time: 00:06:31






07-09-2025 20:17:07.988 INFO {"type":"summary","reason":"inactivity","startedAt":"2025-09-07T18:00:36.598Z","endedAt":"2025-09-07T18:17:07.988Z","durationSec":991,"entryPrice":3.176701121299166e-8,"entryMarketCapSol":30.73817823618135,"entryMarketCapUsd":6213.72273044406,"minPct":-9.017160932266052,"maxPct":110.70133527060844,"buyCount":82,"sellCount":96,"tradeCount":178,"entryRecorded":true,"noPostThresholdTrades":false,"triggerAt":"2025-09-07T18:00:36.597Z","ageAtTriggerSec":6,"preTotalTrades":19,"preBuys":12,"preSells":7,"preUniqueTraders":12,"preEntryTotalTrades":19,"preEntryBuys":12,"preEntrySells":7,"preEntryUniqueTraders":12,"preEntryMinMcUsd":6398.855856716178,"preEntryMaxMcUsd":8742.647189076177,"thresholdMcSol":30.73817823618135,"thresholdMcUsd":6213.72273044406,"thresholdPrice":3.176701121299166e-8}
