07-09-2025 21:21:14.645 INFO Entry price: 0.000000087662075587 - Entry market cap: 16660 - Buys 92 - Sells 34 - Ratio: 1:0.37 - Min MarketCap: 11114 - Max MarketCap: 23803
07-09-2025 21:21:14.645 INFO Current price: 0.000000087662 - Current percentage: 0.00% - Max: 0.00% - Min: 0.00% - Market Cap 16660 - Trading time: 00:00:02
07-09-2025 21:21:14.773 INFO Current price: 0.000000090991 - Current percentage: 10.95% - Max: 10.95% - Min: 0.00% - Market Cap 18485 - Trading time: 00:00:02
07-09-2025 21:21:14.785 INFO Current price: 0.000000092300 - Current percentage: 12.96% - Max: 12.96% - Min: 0.00% - Market Cap 18819 - Trading time: 00:00:02
07-09-2025 21:21:14.900 INFO Current price: 0.000000093797 - Current percentage: 14.58% - Max: 14.58% - Min: 0.00% - Market Cap 19089 - Trading time: 00:00:02
07-09-2025 21:21:14.900 INFO Current price: 0.000000094483 - Current percentage: 14.62% - Max: 14.62% - Min: 0.00% - Market Cap 19096 - Trading time: 00:00:02
07-09-2025 21:21:15.005 INFO Current price: 0.000000093540 - Current percentage: 12.30% - Max: 14.62% - Min: 0.00% - Market Cap 18710 - Trading time: 00:00:02
07-09-2025 21:21:15.026 INFO Current price: 0.000000092651 - Current percentage: 12.45% - Max: 14.62% - Min: 0.00% - Market Cap 18734 - Trading time: 00:00:02
07-09-2025 21:21:15.474 INFO Current price: 0.000000092152 - Current percentage: 11.09% - Max: 14.62% - Min: 0.00% - Market Cap 18509 - Trading time: 00:00:02
07-09-2025 21:21:15.483 INFO Current price: 0.000000091085 - Current percentage: 9.86% - Max: 14.62% - Min: 0.00% - Market Cap 18303 - Trading time: 00:00:02
07-09-2025 21:21:15.550 INFO Current price: 0.000000090494 - Current percentage: 9.66% - Max: 14.62% - Min: 0.00% - Market Cap 18269 - Trading time: 00:00:02
07-09-2025 21:21:15.627 INFO Current price: 0.000000093688 - Current percentage: 17.75% - Max: 17.75% - Min: 0.00% - Market Cap 19618 - Trading time: 00:00:02
07-09-2025 21:21:16.201 INFO Current price: 0.000000097088 - Current percentage: 17.76% - Max: 17.76% - Min: 0.00% - Market Cap 19619 - Trading time: 00:00:03
07-09-2025 21:21:16.574 INFO Current price: 0.000000097263 - Current percentage: 18.18% - Max: 18.18% - Min: 0.00% - Market Cap 19689 - Trading time: 00:00:03
07-09-2025 21:21:16.594 INFO Current price: 0.000000099287 - Current percentage: 22.72% - Max: 22.72% - Min: 0.00% - Market Cap 20444 - Trading time: 00:00:03
07-09-2025 21:21:16.606 INFO Current price: 0.000000100112 - Current percentage: 20.15% - Max: 22.72% - Min: 0.00% - Market Cap 20017 - Trading time: 00:00:03
07-09-2025 21:21:16.620 INFO Current price: 0.000000100623 - Current percentage: 23.97% - Max: 23.97% - Min: 0.00% - Market Cap 20653 - Trading time: 00:00:03
07-09-2025 21:21:16.640 INFO Current price: 0.000000102227 - Current percentage: 24.01% - Max: 24.01% - Min: 0.00% - Market Cap 20661 - Trading time: 00:00:04
07-09-2025 21:21:17.915 INFO Current price: 0.000000102332 - Current percentage: 24.22% - Max: 24.22% - Min: 0.00% - Market Cap 20696 - Trading time: 00:00:05
07-09-2025 21:21:18.213 INFO Current price: 0.000000102316 - Current percentage: 23.97% - Max: 24.22% - Min: 0.00% - Market Cap 20654 - Trading time: 00:00:05
07-09-2025 21:21:18.560 INFO Current price: 0.000000102228 - Current percentage: 24.01% - Max: 24.22% - Min: 0.00% - Market Cap 20660 - Trading time: 00:00:05
07-09-2025 21:21:18.767 INFO Current price: 0.000000102158 - Current percentage: 23.80% - Max: 24.22% - Min: 0.00% - Market Cap 20626 - Trading time: 00:00:06
07-09-2025 21:21:18.979 INFO Current price: 0.000000101264 - Current percentage: 21.85% - Max: 24.22% - Min: 0.00% - Market Cap 20300 - Trading time: 00:00:06
07-09-2025 21:21:19.028 INFO Current price: 0.000000099986 - Current percentage: 20.70% - Max: 24.22% - Min: 0.00% - Market Cap 20109 - Trading time: 00:00:06
07-09-2025 21:21:19.052 INFO Current price: 0.000000099129 - Current percentage: 19.77% - Max: 24.22% - Min: 0.00% - Market Cap 19953 - Trading time: 00:00:06
07-09-2025 21:21:19.055 INFO Current price: 0.000000098725 - Current percentage: 19.72% - Max: 24.22% - Min: 0.00% - Market Cap 19945 - Trading time: 00:00:06
07-09-2025 21:21:19.105 INFO Current price: 0.000000095731 - Current percentage: 12.61% - Max: 24.22% - Min: 0.00% - Market Cap 18762 - Trading time: 00:00:06
07-09-2025 21:21:20.248 INFO Current price: 0.000000093678 - Current percentage: 14.64% - Max: 24.22% - Min: 0.00% - Market Cap 19099 - Trading time: 00:00:07
07-09-2025 21:21:20.468 INFO Current price: 0.000000094532 - Current percentage: 14.68% - Max: 24.22% - Min: 0.00% - Market Cap 19106 - Trading time: 00:00:07
07-09-2025 21:21:21.040 INFO Current price: 0.000000092415 - Current percentage: 9.56% - Max: 24.22% - Min: 0.00% - Market Cap 18253 - Trading time: 00:00:08
07-09-2025 21:21:22.648 INFO Current price: 0.000000090410 - Current percentage: 9.76% - Max: 24.22% - Min: 0.00% - Market Cap 18286 - Trading time: 00:00:10
07-09-2025 21:21:23.938 INFO Current price: 0.000000090021 - Current percentage: 8.62% - Max: 24.22% - Min: 0.00% - Market Cap 18096 - Trading time: 00:00:11
07-09-2025 21:21:24.566 INFO Current price: 0.000000087306 - Current percentage: 3.24% - Max: 24.22% - Min: 0.00% - Market Cap 17199 - Trading time: 00:00:11
07-09-2025 21:21:25.622 INFO Current price: 0.000000084885 - Current percentage: 2.68% - Max: 24.22% - Min: 0.00% - Market Cap 17106 - Trading time: 00:00:12
07-09-2025 21:21:25.953 INFO Current price: 0.000000084639 - Current percentage: 2.64% - Max: 24.22% - Min: 0.00% - Market Cap 17100 - Trading time: 00:00:13
07-09-2025 21:21:26.705 INFO Current price: 0.000000085780 - Current percentage: 5.47% - Max: 24.22% - Min: 0.00% - Market Cap 17571 - Trading time: 00:00:14
07-09-2025 21:21:27.030 INFO Current price: 0.000000086953 - Current percentage: 5.46% - Max: 24.22% - Min: 0.00% - Market Cap 17571 - Trading time: 00:00:14
07-09-2025 21:21:27.422 INFO Current price: 0.000000086939 - Current percentage: 5.43% - Max: 24.22% - Min: 0.00% - Market Cap 17565 - Trading time: 00:00:14
07-09-2025 21:21:27.661 INFO Current price: 0.000000087005 - Current percentage: 5.63% - Max: 24.22% - Min: 0.00% - Market Cap 17597 - Trading time: 00:00:15
07-09-2025 21:21:27.751 INFO Current price: 0.000000087165 - Current percentage: 5.82% - Max: 24.22% - Min: 0.00% - Market Cap 17630 - Trading time: 00:00:15
07-09-2025 21:21:29.838 INFO Current price: 0.000000087737 - Current percentage: 7.01% - Max: 24.22% - Min: 0.00% - Market Cap 17829 - Trading time: 00:00:17
07-09-2025 21:21:30.028 INFO Current price: 0.000000088708 - Current percentage: 8.18% - Max: 24.22% - Min: 0.00% - Market Cap 18022 - Trading time: 00:00:17
07-09-2025 21:21:30.038 INFO Current price: 0.000000089514 - Current percentage: 8.97% - Max: 24.22% - Min: 0.00% - Market Cap 18154 - Trading time: 00:00:17
07-09-2025 21:21:30.039 INFO Current price: 0.000000090004 - Current percentage: 9.36% - Max: 24.22% - Min: 0.00% - Market Cap 18220 - Trading time: 00:00:17
07-09-2025 21:21:30.039 INFO Current price: 0.000000089814 - Current percentage: 8.51% - Max: 24.22% - Min: 0.00% - Market Cap 18078 - Trading time: 00:00:17
07-09-2025 21:21:30.060 INFO Current price: 0.000000089382 - Current percentage: 8.31% - Max: 24.22% - Min: 0.00% - Market Cap 18045 - Trading time: 00:00:17
07-09-2025 21:21:30.128 INFO Current price: 0.000000089255 - Current percentage: 8.20% - Max: 24.22% - Min: 0.00% - Market Cap 18027 - Trading time: 00:00:17
07-09-2025 21:21:31.127 INFO Current price: 0.000000089036 - Current percentage: 7.78% - Max: 24.22% - Min: 0.00% - Market Cap 17957 - Trading time: 00:00:18
07-09-2025 21:21:31.212 INFO Current price: 0.000000088880 - Current percentage: 7.82% - Max: 24.22% - Min: 0.00% - Market Cap 17963 - Trading time: 00:00:18
07-09-2025 21:21:31.240 INFO Current price: 0.000000085916 - Current percentage: 0.71% - Max: 24.22% - Min: 0.00% - Market Cap 16779 - Trading time: 00:00:18
07-09-2025 21:21:32.653 INFO Current price: 0.000000085045 - Current percentage: 5.65% - Max: 24.22% - Min: 0.00% - Market Cap 17601 - Trading time: 00:00:20
07-09-2025 21:21:32.678 INFO Current price: 0.000000089424 - Current percentage: 11.35% - Max: 24.22% - Min: 0.00% - Market Cap 18551 - Trading time: 00:00:20
07-09-2025 21:21:32.728 INFO Current price: 0.000000093917 - Current percentage: 16.53% - Max: 24.22% - Min: 0.00% - Market Cap 19414 - Trading time: 00:00:20
07-09-2025 21:21:33.093 INFO Current price: 0.000000096497 - Current percentage: 17.55% - Max: 24.22% - Min: 0.00% - Market Cap 19585 - Trading time: 00:00:20
07-09-2025 21:21:34.437 INFO Current price: 0.000000095541 - Current percentage: 14.23% - Max: 24.22% - Min: 0.00% - Market Cap 19031 - Trading time: 00:00:21
07-09-2025 21:21:34.661 INFO Current price: 0.000000093877 - Current percentage: 13.50% - Max: 24.22% - Min: 0.00% - Market Cap 18908 - Trading time: 00:00:22
07-09-2025 21:21:34.954 INFO Current price: 0.000000089621 - Current percentage: 4.11% - Max: 24.22% - Min: 0.00% - Market Cap 17345 - Trading time: 00:00:22
07-09-2025 21:21:35.006 INFO Current price: 0.000000083883 - Current percentage: -0.57% - Max: 24.22% - Min: -0.57% - Market Cap 16565 - Trading time: 00:00:22
07-09-2025 21:21:35.109 INFO Current price: 0.000000081043 - Current percentage: -2.82% - Max: 24.22% - Min: -2.82% - Market Cap 16190 - Trading time: 00:00:22
07-09-2025 21:21:35.627 INFO Current price: 0.000000081680 - Current percentage: 1.00% - Max: 24.22% - Min: -2.82% - Market Cap 16826 - Trading time: 00:00:22
07-09-2025 21:21:35.811 INFO Current price: 0.000000083897 - Current percentage: 2.53% - Max: 24.22% - Min: -2.82% - Market Cap 17081 - Trading time: 00:00:23
07-09-2025 21:21:36.211 INFO Current price: 0.000000084529 - Current percentage: 2.52% - Max: 24.22% - Min: -2.82% - Market Cap 17081 - Trading time: 00:00:23
07-09-2025 21:21:36.213 INFO Current price: 0.000000084512 - Current percentage: 2.48% - Max: 24.22% - Min: -2.82% - Market Cap 17074 - Trading time: 00:00:23
07-09-2025 21:21:36.293 INFO Current price: 0.000000084513 - Current percentage: 2.53% - Max: 24.22% - Min: -2.82% - Market Cap 17081 - Trading time: 00:00:23
07-09-2025 21:21:36.533 INFO Current price: 0.000000086176 - Current percentage: 6.56% - Max: 24.22% - Min: -2.82% - Market Cap 17753 - Trading time: 00:00:23
07-09-2025 21:21:36.973 INFO Current price: 0.000000088176 - Current percentage: 7.34% - Max: 24.22% - Min: -2.82% - Market Cap 17883 - Trading time: 00:00:24
07-09-2025 21:21:37.079 INFO Current price: 0.000000088906 - Current percentage: 8.33% - Max: 24.22% - Min: -2.82% - Market Cap 18048 - Trading time: 00:00:24
07-09-2025 21:21:37.927 INFO Current price: 0.000000090144 - Current percentage: 10.35% - Max: 24.22% - Min: -2.82% - Market Cap 18385 - Trading time: 00:00:25
07-09-2025 21:21:37.927 INFO Current price: 0.000000091804 - Current percentage: 12.35% - Max: 24.22% - Min: -2.82% - Market Cap 18718 - Trading time: 00:00:25
07-09-2025 21:21:38.659 INFO Current price: 0.000000091906 - Current percentage: 10.60% - Max: 24.22% - Min: -2.82% - Market Cap 18426 - Trading time: 00:00:26
07-09-2025 21:21:39.672 INFO Current price: 0.000000092864 - Current percentage: 14.67% - Max: 24.22% - Min: -2.82% - Market Cap 19104 - Trading time: 00:00:27
07-09-2025 21:21:40.618 INFO Current price: 0.000000093203 - Current percentage: 11.45% - Max: 24.22% - Min: -2.82% - Market Cap 18567 - Trading time: 00:00:27
07-09-2025 21:21:41.184 INFO Current price: 0.000000093017 - Current percentage: 14.21% - Max: 24.22% - Min: -2.82% - Market Cap 19028 - Trading time: 00:00:28
07-09-2025 21:21:41.209 INFO Current price: 0.000000095526 - Current percentage: 17.54% - Max: 24.22% - Min: -2.82% - Market Cap 19582 - Trading time: 00:00:28
07-09-2025 21:21:41.209 INFO Current price: 0.000000096720 - Current percentage: 17.08% - Max: 24.22% - Min: -2.82% - Market Cap 19506 - Trading time: 00:00:28
07-09-2025 21:21:41.210 INFO Current price: 0.000000094885 - Current percentage: 13.12% - Max: 24.22% - Min: -2.82% - Market Cap 18846 - Trading time: 00:00:28
07-09-2025 21:21:41.210 INFO Current price: 0.000000093277 - Current percentage: 13.15% - Max: 24.22% - Min: -2.82% - Market Cap 18851 - Trading time: 00:00:28
07-09-2025 21:21:41.462 INFO Current price: 0.000000093338 - Current percentage: 13.27% - Max: 24.22% - Min: -2.82% - Market Cap 18871 - Trading time: 00:00:28
07-09-2025 21:21:43.258 INFO Current price: 0.000000092553 - Current percentage: 11.25% - Max: 24.22% - Min: -2.82% - Market Cap 18535 - Trading time: 00:00:30
07-09-2025 21:21:43.384 INFO Current price: 0.000000092969 - Current percentage: 14.29% - Max: 24.22% - Min: -2.82% - Market Cap 19041 - Trading time: 00:00:30
07-09-2025 21:21:44.084 INFO Current price: 0.000000094731 - Current percentage: 15.51% - Max: 24.22% - Min: -2.82% - Market Cap 19244 - Trading time: 00:00:31
07-09-2025 21:21:44.126 INFO Current price: 0.000000095172 - Current percentage: 15.36% - Max: 24.22% - Min: -2.82% - Market Cap 19218 - Trading time: 00:00:31
07-09-2025 21:21:44.256 INFO Current price: 0.000000095087 - Current percentage: 15.31% - Max: 24.22% - Min: -2.82% - Market Cap 19210 - Trading time: 00:00:31
07-09-2025 21:21:46.573 INFO Current price: 0.000000094174 - Current percentage: 13.15% - Max: 24.22% - Min: -2.82% - Market Cap 18851 - Trading time: 00:00:33
07-09-2025 21:21:46.786 INFO Current price: 0.000000093457 - Current percentage: 13.56% - Max: 24.22% - Min: -2.82% - Market Cap 18919 - Trading time: 00:00:34
07-09-2025 21:21:47.429 INFO Current price: 0.000000092884 - Current percentage: 11.77% - Max: 24.22% - Min: -2.82% - Market Cap 18621 - Trading time: 00:00:34
07-09-2025 21:21:48.516 INFO Current price: 0.000000091932 - Current percentage: 11.24% - Max: 24.22% - Min: -2.82% - Market Cap 18533 - Trading time: 00:00:35
07-09-2025 21:21:49.678 INFO Current price: 0.000000091552 - Current percentage: 10.85% - Max: 24.22% - Min: -2.82% - Market Cap 18467 - Trading time: 00:00:37
07-09-2025 21:21:50.022 INFO Current price: 0.000000091402 - Current percentage: 10.88% - Max: 24.22% - Min: -2.82% - Market Cap 18472 - Trading time: 00:00:37
07-09-2025 21:21:50.845 INFO Current price: 0.000000090075 - Current percentage: 7.65% - Max: 24.22% - Min: -2.82% - Market Cap 17935 - Trading time: 00:00:38
07-09-2025 21:21:50.931 INFO Current price: 0.000000088740 - Current percentage: 7.61% - Max: 24.22% - Min: -2.82% - Market Cap 17928 - Trading time: 00:00:38
07-09-2025 21:21:51.531 INFO Current price: 0.000000089536 - Current percentage: 9.59% - Max: 24.22% - Min: -2.82% - Market Cap 18258 - Trading time: 00:00:38
07-09-2025 21:21:52.343 INFO Current price: 0.000000091174 - Current percentage: 11.59% - Max: 24.22% - Min: -2.82% - Market Cap 18591 - Trading time: 00:00:39
07-09-2025 21:21:52.780 INFO Current price: 0.000000093819 - Current percentage: 16.04% - Max: 24.22% - Min: -2.82% - Market Cap 19333 - Trading time: 00:00:40
07-09-2025 21:21:53.503 INFO Current price: 0.000000095660 - Current percentage: 16.01% - Max: 24.22% - Min: -2.82% - Market Cap 19327 - Trading time: 00:00:40
07-09-2025 21:21:53.979 INFO Current price: 0.000000095664 - Current percentage: 16.05% - Max: 24.22% - Min: -2.82% - Market Cap 19334 - Trading time: 00:00:41
07-09-2025 21:21:54.280 INFO Current price: 0.000000095194 - Current percentage: 14.87% - Max: 24.22% - Min: -2.82% - Market Cap 19138 - Trading time: 00:00:41
07-09-2025 21:21:58.054 INFO Current price: 0.000000094760 - Current percentage: 15.00% - Max: 24.22% - Min: -2.82% - Market Cap 19158 - Trading time: 00:00:45
07-09-2025 21:22:00.559 INFO Current price: 0.000000094363 - Current percentage: 13.91% - Max: 24.22% - Min: -2.82% - Market Cap 18978 - Trading time: 00:00:47
07-09-2025 21:22:00.605 INFO Current price: 0.000000092337 - Current percentage: 10.11% - Max: 24.22% - Min: -2.82% - Market Cap 18345 - Trading time: 00:00:47
07-09-2025 21:22:00.666 INFO Current price: 0.000000091112 - Current percentage: 10.91% - Max: 24.22% - Min: -2.82% - Market Cap 18478 - Trading time: 00:00:48
07-09-2025 21:22:01.329 INFO Current price: 0.000000091525 - Current percentage: 11.11% - Max: 24.22% - Min: -2.82% - Market Cap 18511 - Trading time: 00:00:48
07-09-2025 21:22:01.329 INFO Current price: 0.000000091668 - Current percentage: 11.26% - Max: 24.22% - Min: -2.82% - Market Cap 18536 - Trading time: 00:00:48
07-09-2025 21:22:01.332 INFO Current price: 0.000000091746 - Current percentage: 11.30% - Max: 24.22% - Min: -2.82% - Market Cap 18543 - Trading time: 00:00:48
07-09-2025 21:22:02.097 INFO Current price: 0.000000091730 - Current percentage: 11.22% - Max: 24.22% - Min: -2.82% - Market Cap 18529 - Trading time: 00:00:49
07-09-2025 21:22:03.510 INFO Current price: 0.000000092193 - Current percentage: 12.43% - Max: 24.22% - Min: -2.82% - Market Cap 18730 - Trading time: 00:00:50
07-09-2025 21:22:05.381 INFO Current price: 0.000000094325 - Current percentage: 16.42% - Max: 24.22% - Min: -2.82% - Market Cap 19396 - Trading time: 00:00:52
07-09-2025 21:22:05.381 INFO Current price: 0.000000097629 - Current percentage: 20.44% - Max: 24.22% - Min: -2.82% - Market Cap 20065 - Trading time: 00:00:52
07-09-2025 21:22:05.911 INFO Current price: 0.000000099362 - Current percentage: 20.59% - Max: 24.22% - Min: -2.82% - Market Cap 20091 - Trading time: 00:00:53
07-09-2025 21:22:05.925 INFO Current price: 0.000000099428 - Current percentage: 20.59% - Max: 24.22% - Min: -2.82% - Market Cap 20091 - Trading time: 00:00:53
07-09-2025 21:22:05.956 INFO Current price: 0.000000099473 - Current percentage: 20.71% - Max: 24.22% - Min: -2.82% - Market Cap 20110 - Trading time: 00:00:53
07-09-2025 21:22:06.808 INFO Current price: 0.000000095963 - Current percentage: 12.23% - Max: 24.22% - Min: -2.82% - Market Cap 18698 - Trading time: 00:00:54
07-09-2025 21:22:07.159 INFO Current price: 0.000000092700 - Current percentage: 12.64% - Max: 24.22% - Min: -2.82% - Market Cap 18766 - Trading time: 00:00:54
07-09-2025 21:22:07.197 INFO Current price: 0.000000092519 - Current percentage: 11.80% - Max: 24.22% - Min: -2.82% - Market Cap 18625 - Trading time: 00:00:54
07-09-2025 21:22:08.143 INFO Current price: 0.000000092184 - Current percentage: 11.82% - Max: 24.22% - Min: -2.82% - Market Cap 18630 - Trading time: 00:00:55
07-09-2025 21:22:09.623 INFO Current price: 0.000000093317 - Current percentage: 14.56% - Max: 24.22% - Min: -2.82% - Market Cap 19086 - Trading time: 00:00:56
07-09-2025 21:22:09.628 INFO Current price: 0.000000095532 - Current percentage: 17.19% - Max: 24.22% - Min: -2.82% - Market Cap 19525 - Trading time: 00:00:56
07-09-2025 21:22:09.628 INFO Current price: 0.000000097772 - Current percentage: 20.00% - Max: 24.22% - Min: -2.82% - Market Cap 19991 - Trading time: 00:00:56
07-09-2025 21:22:11.370 INFO Current price: 0.000000098920 - Current percentage: 19.96% - Max: 24.22% - Min: -2.82% - Market Cap 19986 - Trading time: 00:00:58
07-09-2025 21:22:11.792 INFO Current price: 0.000000098563 - Current percentage: 19.13% - Max: 24.22% - Min: -2.82% - Market Cap 19847 - Trading time: 00:00:59
07-09-2025 21:22:12.709 INFO Current price: 0.000000097847 - Current percentage: 18.23% - Max: 24.22% - Min: -2.82% - Market Cap 19697 - Trading time: 00:01:00
07-09-2025 21:22:16.461 INFO Current price: 0.000000097385 - Current percentage: 18.01% - Max: 24.22% - Min: -2.82% - Market Cap 19660 - Trading time: 00:01:03
07-09-2025 21:22:17.349 INFO Current price: 0.000000097241 - Current percentage: 17.88% - Max: 24.22% - Min: -2.82% - Market Cap 19639 - Trading time: 00:01:04
07-09-2025 21:22:21.109 INFO Current price: 0.000000096987 - Current percentage: 17.39% - Max: 24.22% - Min: -2.82% - Market Cap 19558 - Trading time: 00:01:08
07-09-2025 21:22:21.638 INFO Current price: 0.000000096768 - Current percentage: 17.35% - Max: 24.22% - Min: -2.82% - Market Cap 19550 - Trading time: 00:01:09
07-09-2025 21:22:21.845 INFO Current price: 0.000000096111 - Current percentage: 15.80% - Max: 24.22% - Min: -2.82% - Market Cap 19293 - Trading time: 00:01:09
07-09-2025 21:22:21.935 INFO Current price: 0.000000093528 - Current percentage: 11.13% - Max: 24.22% - Min: -2.82% - Market Cap 18514 - Trading time: 00:01:09
07-09-2025 21:22:24.733 INFO Current price: 0.000000091661 - Current percentage: 11.23% - Max: 24.22% - Min: -2.82% - Market Cap 18530 - Trading time: 00:01:12
07-09-2025 21:22:25.068 INFO Current price: 0.000000091719 - Current percentage: 11.27% - Max: 24.22% - Min: -2.82% - Market Cap 18537 - Trading time: 00:01:12
07-09-2025 21:22:26.610 INFO Current price: 0.000000091259 - Current percentage: 10.11% - Max: 24.22% - Min: -2.82% - Market Cap 18345 - Trading time: 00:01:13
07-09-2025 21:22:30.228 INFO Current price: 0.000000088826 - Current percentage: 5.41% - Max: 24.22% - Min: -2.82% - Market Cap 17562 - Trading time: 00:01:17
07-09-2025 21:22:30.871 INFO Current price: 0.000000084931 - Current percentage: 0.67% - Max: 24.22% - Min: -2.82% - Market Cap 16771 - Trading time: 00:01:18
07-09-2025 21:22:31.671 INFO Current price: 0.000000083389 - Current percentage: 1.62% - Max: 24.22% - Min: -2.82% - Market Cap 16930 - Trading time: 00:01:19
07-09-2025 21:22:32.531 INFO Current price: 0.000000083506 - Current percentage: 0.95% - Max: 24.22% - Min: -2.82% - Market Cap 16818 - Trading time: 00:01:19
07-09-2025 21:22:32.656 INFO Current price: 0.000000082438 - Current percentage: -0.96% - Max: 24.22% - Min: -2.82% - Market Cap 16500 - Trading time: 00:01:20
07-09-2025 21:22:33.299 INFO Current price: 0.000000082433 - Current percentage: 0.94% - Max: 24.22% - Min: -2.82% - Market Cap 16816 - Trading time: 00:01:20
07-09-2025 21:22:33.654 INFO Current price: 0.000000083204 - Current percentage: 0.90% - Max: 24.22% - Min: -2.82% - Market Cap 16810 - Trading time: 00:01:21
07-09-2025 21:22:33.711 INFO Current price: 0.000000083137 - Current percentage: 0.77% - Max: 24.22% - Min: -2.82% - Market Cap 16789 - Trading time: 00:01:21
07-09-2025 21:22:34.076 INFO Current price: 0.000000083105 - Current percentage: 0.82% - Max: 24.22% - Min: -2.82% - Market Cap 16797 - Trading time: 00:01:21
07-09-2025 21:22:34.273 INFO Current price: 0.000000083144 - Current percentage: 0.87% - Max: 24.22% - Min: -2.82% - Market Cap 16805 - Trading time: 00:01:21
07-09-2025 21:22:34.572 INFO Current price: 0.000000084436 - Current percentage: 3.98% - Max: 24.22% - Min: -2.82% - Market Cap 17323 - Trading time: 00:01:21
07-09-2025 21:22:34.595 INFO Current price: 0.000000086797 - Current percentage: 6.59% - Max: 24.22% - Min: -2.82% - Market Cap 17758 - Trading time: 00:01:21
07-09-2025 21:22:34.817 INFO Current price: 0.000000088139 - Current percentage: 7.22% - Max: 24.22% - Min: -2.82% - Market Cap 17863 - Trading time: 00:01:22
07-09-2025 21:22:35.132 INFO Current price: 0.000000087842 - Current percentage: 5.87% - Max: 24.22% - Min: -2.82% - Market Cap 17639 - Trading time: 00:01:22
07-09-2025 21:22:35.584 INFO Current price: 0.000000087773 - Current percentage: 7.05% - Max: 24.22% - Min: -2.82% - Market Cap 17834 - Trading time: 00:01:22
07-09-2025 21:22:35.842 INFO Current price: 0.000000088502 - Current percentage: 7.64% - Max: 24.22% - Min: -2.82% - Market Cap 17933 - Trading time: 00:01:23
07-09-2025 21:22:36.030 INFO Current price: 0.000000089610 - Current percentage: 9.75% - Max: 24.22% - Min: -2.82% - Market Cap 18284 - Trading time: 00:01:23
07-09-2025 21:22:36.031 INFO Current price: 0.000000091249 - Current percentage: 11.61% - Max: 24.22% - Min: -2.82% - Market Cap 18595 - Trading time: 00:01:23
07-09-2025 21:22:36.362 INFO Current price: 0.000000092068 - Current percentage: 11.61% - Max: 24.22% - Min: -2.82% - Market Cap 18595 - Trading time: 00:01:23
07-09-2025 21:22:40.698 INFO Current price: 0.000000091765 - Current percentage: 10.99% - Max: 24.22% - Min: -2.82% - Market Cap 18491 - Trading time: 00:01:28
07-09-2025 21:22:42.990 INFO Current price: 0.000000091187 - Current percentage: 10.21% - Max: 24.22% - Min: -2.82% - Market Cap 18361 - Trading time: 00:01:30
07-09-2025 21:22:43.490 INFO Current price: 0.000000090421 - Current percentage: 9.13% - Max: 24.22% - Min: -2.82% - Market Cap 18182 - Trading time: 00:01:30
07-09-2025 21:22:44.893 INFO Current price: 0.000000089990 - Current percentage: 9.16% - Max: 24.22% - Min: -2.82% - Market Cap 18187 - Trading time: 00:01:32
07-09-2025 21:22:46.373 INFO Current price: 0.000000089986 - Current percentage: 9.12% - Max: 24.22% - Min: -2.82% - Market Cap 18180 - Trading time: 00:01:33
07-09-2025 21:22:47.865 INFO Current price: 0.000000089957 - Current percentage: 9.09% - Max: 24.22% - Min: -2.82% - Market Cap 18175 - Trading time: 00:01:35
07-09-2025 21:22:52.814 INFO Current price: 0.000000089095 - Current percentage: 7.04% - Max: 24.22% - Min: -2.82% - Market Cap 17833 - Trading time: 00:01:40
07-09-2025 21:22:57.320 INFO Current price: 0.000000087110 - Current percentage: 4.29% - Max: 24.22% - Min: -2.82% - Market Cap 17374 - Trading time: 00:01:44
07-09-2025 21:22:58.243 INFO Current price: 0.000000084393 - Current percentage: 0.47% - Max: 24.22% - Min: -2.82% - Market Cap 16738 - Trading time: 00:01:45
07-09-2025 21:22:59.575 INFO Current price: 0.000000082845 - Current percentage: 0.50% - Max: 24.22% - Min: -2.82% - Market Cap 16743 - Trading time: 00:01:46
07-09-2025 21:23:01.140 INFO Current price: 0.000000081594 - Current percentage: -2.54% - Max: 24.22% - Min: -2.82% - Market Cap 16237 - Trading time: 00:01:48
07-09-2025 21:23:01.320 INFO Current price: 0.000000080506 - Current percentage: -2.17% - Max: 24.22% - Min: -2.82% - Market Cap 16299 - Trading time: 00:01:48
07-09-2025 21:23:01.760 INFO Current price: 0.000000080650 - Current percentage: -2.19% - Max: 24.22% - Min: -2.82% - Market Cap 16295 - Trading time: 00:01:49
07-09-2025 21:23:02.648 INFO Current price: 0.000000081195 - Current percentage: -0.84% - Max: 24.22% - Min: -2.82% - Market Cap 16520 - Trading time: 00:01:50
07-09-2025 21:23:02.656 INFO Current price: 0.000000082253 - Current percentage: 0.37% - Max: 24.22% - Min: -2.82% - Market Cap 16722 - Trading time: 00:01:50
07-09-2025 21:23:02.669 INFO Current price: 0.000000083257 - Current percentage: 1.60% - Max: 24.22% - Min: -2.82% - Market Cap 16926 - Trading time: 00:01:50
07-09-2025 21:23:05.549 INFO Current price: 0.000000083552 - Current percentage: 1.08% - Max: 24.22% - Min: -2.82% - Market Cap 16841 - Trading time: 00:01:52
07-09-2025 21:23:05.828 INFO Current price: 0.000000083357 - Current percentage: 1.12% - Max: 24.22% - Min: -2.82% - Market Cap 16847 - Trading time: 00:01:53
07-09-2025 21:23:06.566 INFO Current price: 0.000000087398 - Current percentage: 11.12% - Max: 24.22% - Min: -2.82% - Market Cap 18513 - Trading time: 00:01:53
07-09-2025 21:23:06.683 INFO Current price: 0.000000091699 - Current percentage: 11.32% - Max: 24.22% - Min: -2.82% - Market Cap 18546 - Trading time: 00:01:54
07-09-2025 21:23:08.439 INFO Current price: 0.000000092116 - Current percentage: 12.13% - Max: 24.22% - Min: -2.82% - Market Cap 18681 - Trading time: 00:01:55
07-09-2025 21:23:09.773 INFO Current price: 0.000000094330 - Current percentage: 16.74% - Max: 24.22% - Min: -2.82% - Market Cap 19449 - Trading time: 00:01:57
07-09-2025 21:23:10.108 INFO Current price: 0.000000096229 - Current percentage: 16.69% - Max: 24.22% - Min: -2.82% - Market Cap 19441 - Trading time: 00:01:57
07-09-2025 21:23:10.276 INFO Current price: 0.000000096216 - Current percentage: 16.71% - Max: 24.22% - Min: -2.82% - Market Cap 19443 - Trading time: 00:01:57
07-09-2025 21:23:10.418 INFO Current price: 0.000000096509 - Current percentage: 17.41% - Max: 24.22% - Min: -2.82% - Market Cap 19560 - Trading time: 00:01:57
07-09-2025 21:23:11.408 INFO Current price: 0.000000096745 - Current percentage: 17.28% - Max: 24.22% - Min: -2.82% - Market Cap 19539 - Trading time: 00:01:58
07-09-2025 21:23:13.764 INFO Current price: 0.000000097719 - Current percentage: 19.78% - Max: 24.22% - Min: -2.82% - Market Cap 19956 - Trading time: 00:02:01
07-09-2025 21:23:14.681 INFO Current price: 0.000000096197 - Current percentage: 13.65% - Max: 24.22% - Min: -2.82% - Market Cap 18935 - Trading time: 00:02:02
07-09-2025 21:23:14.885 INFO Current price: 0.000000094038 - Current percentage: 14.46% - Max: 24.22% - Min: -2.82% - Market Cap 19070 - Trading time: 00:02:02
07-09-2025 21:23:15.681 INFO Current price: 0.000000094086 - Current percentage: 13.77% - Max: 24.22% - Min: -2.82% - Market Cap 18954 - Trading time: 00:02:03
07-09-2025 21:23:19.773 INFO Current price: 0.000000093426 - Current percentage: 12.86% - Max: 24.22% - Min: -2.82% - Market Cap 18803 - Trading time: 00:02:07
07-09-2025 21:23:20.352 INFO Current price: 0.000000093028 - Current percentage: 12.80% - Max: 24.22% - Min: -2.82% - Market Cap 18793 - Trading time: 00:02:07
07-09-2025 21:23:21.139 INFO Current price: 0.000000093502 - Current percentage: 14.02% - Max: 24.22% - Min: -2.82% - Market Cap 18995 - Trading time: 00:02:08
07-09-2025 21:23:24.098 INFO Current price: 0.000000094561 - Current percentage: 15.37% - Max: 24.22% - Min: -2.82% - Market Cap 19221 - Trading time: 00:02:11
07-09-2025 21:23:26.105 INFO Current price: 0.000000095357 - Current percentage: 15.95% - Max: 24.22% - Min: -2.82% - Market Cap 19317 - Trading time: 00:02:13
07-09-2025 21:23:26.144 INFO Current price: 0.000000095862 - Current percentage: 16.60% - Max: 24.22% - Min: -2.82% - Market Cap 19425 - Trading time: 00:02:13
07-09-2025 21:23:26.915 INFO Current price: 0.000000096162 - Current percentage: 16.67% - Max: 24.22% - Min: -2.82% - Market Cap 19438 - Trading time: 00:02:14
07-09-2025 21:23:30.646 INFO Current price: 0.000000096139 - Current percentage: 16.54% - Max: 24.22% - Min: -2.82% - Market Cap 19416 - Trading time: 00:02:18
07-09-2025 21:23:31.434 INFO Current price: 0.000000094554 - Current percentage: 12.86% - Max: 24.22% - Min: -2.82% - Market Cap 18802 - Trading time: 00:02:18
07-09-2025 21:23:31.690 INFO Current price: 0.000000092479 - Current percentage: 11.48% - Max: 24.22% - Min: -2.82% - Market Cap 18573 - Trading time: 00:02:19
07-09-2025 21:23:32.074 INFO Current price: 0.000000090224 - Current percentage: 7.42% - Max: 24.22% - Min: -2.82% - Market Cap 17896 - Trading time: 00:02:19
07-09-2025 21:23:35.112 INFO Current price: 0.000000088717 - Current percentage: 7.79% - Max: 24.22% - Min: -2.82% - Market Cap 17958 - Trading time: 00:02:22
07-09-2025 21:23:35.750 INFO Current price: 0.000000088863 - Current percentage: 7.78% - Max: 24.22% - Min: -2.82% - Market Cap 17956 - Trading time: 00:02:23
07-09-2025 21:23:36.471 INFO Current price: 0.000000088882 - Current percentage: 7.83% - Max: 24.22% - Min: -2.82% - Market Cap 17965 - Trading time: 00:02:23
07-09-2025 21:23:38.730 INFO Current price: 0.000000089557 - Current percentage: 9.42% - Max: 24.22% - Min: -2.82% - Market Cap 18229 - Trading time: 00:02:26
07-09-2025 21:23:42.700 INFO Current price: 0.000000090366 - Current percentage: 9.79% - Max: 24.22% - Min: -2.82% - Market Cap 18292 - Trading time: 00:02:30
07-09-2025 21:23:48.625 INFO Current price: 0.000000088915 - Current percentage: 5.93% - Max: 24.22% - Min: -2.82% - Market Cap 17648 - Trading time: 00:02:35
07-09-2025 21:23:48.658 INFO Current price: 0.000000085785 - Current percentage: 2.20% - Max: 24.22% - Min: -2.82% - Market Cap 17026 - Trading time: 00:02:36
07-09-2025 21:23:49.388 INFO Current price: 0.000000084120 - Current percentage: 1.86% - Max: 24.22% - Min: -2.82% - Market Cap 16970 - Trading time: 00:02:36
07-09-2025 21:23:49.596 INFO Current price: 0.000000083699 - Current percentage: 1.18% - Max: 24.22% - Min: -2.82% - Market Cap 16857 - Trading time: 00:02:36
07-09-2025 21:23:51.136 INFO Current price: 0.000000083421 - Current percentage: 1.18% - Max: 24.22% - Min: -2.82% - Market Cap 16857 - Trading time: 00:02:38
07-09-2025 21:23:51.496 INFO Current price: 0.000000083580 - Current percentage: 1.56% - Max: 24.22% - Min: -2.82% - Market Cap 16921 - Trading time: 00:02:38
07-09-2025 21:23:52.548 INFO Current price: 0.000000083895 - Current percentage: 1.95% - Max: 24.22% - Min: -2.82% - Market Cap 16985 - Trading time: 00:02:39
07-09-2025 21:23:52.552 INFO Current price: 0.000000086484 - Current percentage: 7.93% - Max: 24.22% - Min: -2.82% - Market Cap 17981 - Trading time: 00:02:39
07-09-2025 21:23:52.554 INFO Current price: 0.000000089391 - Current percentage: 8.92% - Max: 24.22% - Min: -2.82% - Market Cap 18146 - Trading time: 00:02:39
07-09-2025 21:23:52.639 INFO Current price: 0.000000090540 - Current percentage: 10.72% - Max: 24.22% - Min: -2.82% - Market Cap 18446 - Trading time: 00:02:40
07-09-2025 21:23:52.657 INFO Current price: 0.000000091468 - Current percentage: 11.16% - Max: 24.22% - Min: -2.82% - Market Cap 18520 - Trading time: 00:02:40
07-09-2025 21:23:54.446 INFO Current price: 0.000000091229 - Current percentage: 10.14% - Max: 24.22% - Min: -2.82% - Market Cap 18350 - Trading time: 00:02:41
07-09-2025 21:23:56.744 INFO Current price: 0.000000093273 - Current percentage: 16.20% - Max: 24.22% - Min: -2.82% - Market Cap 19359 - Trading time: 00:02:44
07-09-2025 21:23:57.071 INFO Current price: 0.000000097030 - Current percentage: 19.19% - Max: 24.22% - Min: -2.82% - Market Cap 19858 - Trading time: 00:02:44
07-09-2025 21:23:57.229 INFO Current price: 0.000000098360 - Current percentage: 19.41% - Max: 24.22% - Min: -2.82% - Market Cap 19893 - Trading time: 00:02:44
07-09-2025 21:23:57.238 INFO Current price: 0.000000098533 - Current percentage: 19.61% - Max: 24.22% - Min: -2.82% - Market Cap 19928 - Trading time: 00:02:44
07-09-2025 21:23:57.240 INFO Current price: 0.000000098620 - Current percentage: 19.62% - Max: 24.22% - Min: -2.82% - Market Cap 19929 - Trading time: 00:02:44
07-09-2025 21:23:57.246 INFO Current price: 0.000000098639 - Current percentage: 19.66% - Max: 24.22% - Min: -2.82% - Market Cap 19936 - Trading time: 00:02:44
07-09-2025 21:23:57.249 INFO Current price: 0.000000098725 - Current percentage: 19.83% - Max: 24.22% - Min: -2.82% - Market Cap 19963 - Trading time: 00:02:44
07-09-2025 21:23:57.385 INFO Current price: 0.000000098839 - Current percentage: 19.94% - Max: 24.22% - Min: -2.82% - Market Cap 19982 - Trading time: 00:02:44
07-09-2025 21:23:57.386 INFO Current price: 0.000000099008 - Current percentage: 20.24% - Max: 24.22% - Min: -2.82% - Market Cap 20031 - Trading time: 00:02:44
07-09-2025 21:23:57.816 INFO Current price: 0.000000098087 - Current percentage: 17.72% - Max: 24.22% - Min: -2.82% - Market Cap 19612 - Trading time: 00:02:45
07-09-2025 21:24:00.665 INFO Current price: 0.000000096165 - Current percentage: 15.57% - Max: 24.22% - Min: -2.82% - Market Cap 19254 - Trading time: 00:02:48
07-09-2025 21:24:01.169 INFO Current price: 0.000000095193 - Current percentage: 15.35% - Max: 24.22% - Min: -2.82% - Market Cap 19217 - Trading time: 00:02:48
07-09-2025 21:24:01.360 INFO Current price: 0.000000094752 - Current percentage: 14.50% - Max: 24.22% - Min: -2.82% - Market Cap 19076 - Trading time: 00:02:48
07-09-2025 21:24:01.408 INFO Current price: 0.000000094897 - Current percentage: 15.70% - Max: 24.22% - Min: -2.82% - Market Cap 19276 - Trading time: 00:02:48
07-09-2025 21:24:02.265 INFO Current price: 0.000000095391 - Current percentage: 15.70% - Max: 24.22% - Min: -2.82% - Market Cap 19275 - Trading time: 00:02:49
07-09-2025 21:24:03.737 INFO Current price: 0.000000095558 - Current percentage: 16.11% - Max: 24.22% - Min: -2.82% - Market Cap 19343 - Trading time: 00:02:51
07-09-2025 21:24:08.670 INFO Current price: 0.000000095804 - Current percentage: 16.29% - Max: 24.22% - Min: -2.82% - Market Cap 19375 - Trading time: 00:02:56
07-09-2025 21:24:09.054 INFO Current price: 0.000000095912 - Current percentage: 16.37% - Max: 24.22% - Min: -2.82% - Market Cap 19387 - Trading time: 00:02:56
07-09-2025 21:24:10.355 INFO Current price: 0.000000097631 - Current percentage: 20.50% - Max: 24.22% - Min: -2.82% - Market Cap 20075 - Trading time: 00:02:57
07-09-2025 21:24:16.444 INFO Current price: 0.000000098604 - Current percentage: 18.70% - Max: 24.22% - Min: -2.82% - Market Cap 19776 - Trading time: 00:03:03
07-09-2025 21:24:17.059 INFO Current price: 0.000000097961 - Current percentage: 18.93% - Max: 24.22% - Min: -2.82% - Market Cap 19815 - Trading time: 00:03:04
07-09-2025 21:24:17.066 INFO Current price: 0.000000098002 - Current percentage: 18.80% - Max: 24.22% - Min: -2.82% - Market Cap 19792 - Trading time: 00:03:04
07-09-2025 21:24:22.809 INFO Current price: 0.000000097746 - Current percentage: 18.31% - Max: 24.22% - Min: -2.82% - Market Cap 19711 - Trading time: 00:03:10
07-09-2025 21:24:25.403 INFO Current price: 0.000000096279 - Current percentage: 15.26% - Max: 24.22% - Min: -2.82% - Market Cap 19203 - Trading time: 00:03:12
07-09-2025 21:24:35.136 INFO Current price: 0.000000094864 - Current percentage: 14.86% - Max: 24.22% - Min: -2.82% - Market Cap 19136 - Trading time: 00:03:22
07-09-2025 21:24:35.246 INFO Current price: 0.000000093910 - Current percentage: 12.95% - Max: 24.22% - Min: -2.82% - Market Cap 18818 - Trading time: 00:03:22
07-09-2025 21:24:39.045 INFO Current price: 0.000000091982 - Current percentage: 10.19% - Max: 24.22% - Min: -2.82% - Market Cap 18358 - Trading time: 00:03:26
07-09-2025 21:24:39.845 INFO Current price: 0.000000090774 - Current percentage: 10.01% - Max: 24.22% - Min: -2.82% - Market Cap 18327 - Trading time: 00:03:27
07-09-2025 21:24:39.848 INFO Current price: 0.000000090682 - Current percentage: 9.97% - Max: 24.22% - Min: -2.82% - Market Cap 18321 - Trading time: 00:03:27
07-09-2025 21:24:39.849 INFO Current price: 0.000000090607 - Current percentage: 9.82% - Max: 24.22% - Min: -2.82% - Market Cap 18297 - Trading time: 00:03:27
07-09-2025 21:24:39.892 INFO Current price: 0.000000090470 - Current percentage: 9.64% - Max: 24.22% - Min: -2.82% - Market Cap 18266 - Trading time: 00:03:27
07-09-2025 21:24:39.911 INFO Current price: 0.000000090391 - Current percentage: 9.63% - Max: 24.22% - Min: -2.82% - Market Cap 18265 - Trading time: 00:03:27
07-09-2025 21:24:39.928 INFO Current price: 0.000000090350 - Current percentage: 9.54% - Max: 24.22% - Min: -2.82% - Market Cap 18249 - Trading time: 00:03:27
07-09-2025 21:24:39.952 INFO Current price: 0.000000090203 - Current percentage: 9.28% - Max: 24.22% - Min: -2.82% - Market Cap 18206 - Trading time: 00:03:27
07-09-2025 21:24:42.603 INFO Current price: 0.000000090016 - Current percentage: 9.08% - Max: 24.22% - Min: -2.82% - Market Cap 18173 - Trading time: 00:03:29
07-09-2025 21:24:42.888 INFO Current price: 0.000000089954 - Current percentage: 9.13% - Max: 24.22% - Min: -2.82% - Market Cap 18181 - Trading time: 00:03:30
07-09-2025 21:24:46.246 INFO Current price: 0.000000089650 - Current percentage: 8.35% - Max: 24.22% - Min: -2.82% - Market Cap 18051 - Trading time: 00:03:33
07-09-2025 21:24:48.448 INFO Current price: 0.000000089332 - Current percentage: 8.36% - Max: 24.22% - Min: -2.82% - Market Cap 18052 - Trading time: 00:03:35
07-09-2025 21:24:50.877 INFO Current price: 0.000000089385 - Current percentage: 8.47% - Max: 24.22% - Min: -2.82% - Market Cap 18072 - Trading time: 00:03:38
07-09-2025 21:24:50.958 INFO Current price: 0.000000089350 - Current percentage: 8.27% - Max: 24.22% - Min: -2.82% - Market Cap 18038 - Trading time: 00:03:38
07-09-2025 21:24:51.859 INFO Current price: 0.000000090137 - Current percentage: 10.39% - Max: 24.22% - Min: -2.82% - Market Cap 18392 - Trading time: 00:03:39
07-09-2025 21:24:51.921 INFO Current price: 0.000000091774 - Current percentage: 12.24% - Max: 24.22% - Min: -2.82% - Market Cap 18699 - Trading time: 00:03:39
07-09-2025 21:24:53.102 INFO Current price: 0.000000092787 - Current percentage: 12.84% - Max: 24.22% - Min: -2.82% - Market Cap 18800 - Trading time: 00:03:40
07-09-2025 21:24:53.200 INFO Current price: 0.000000093867 - Current percentage: 14.87% - Max: 24.22% - Min: -2.82% - Market Cap 19137 - Trading time: 00:03:40
07-09-2025 21:24:59.331 INFO Current price: 0.000000095293 - Current percentage: 16.30% - Max: 24.22% - Min: -2.82% - Market Cap 19375 - Trading time: 00:03:46
07-09-2025 21:25:06.189 INFO Current price: 0.000000094722 - Current percentage: 13.50% - Max: 24.22% - Min: -2.82% - Market Cap 18909 - Trading time: 00:03:53
07-09-2025 21:25:06.725 INFO Current price: 0.000000093584 - Current percentage: 13.52% - Max: 24.22% - Min: -2.82% - Market Cap 18912 - Trading time: 00:03:54
07-09-2025 21:25:13.397 INFO Current price: 0.000000092910 - Current percentage: 11.87% - Max: 24.22% - Min: -2.82% - Market Cap 18638 - Trading time: 00:04:00
07-09-2025 21:25:13.624 INFO Current price: 0.000000091473 - Current percentage: 10.03% - Max: 24.22% - Min: -2.82% - Market Cap 18332 - Trading time: 00:04:00
07-09-2025 21:25:13.876 INFO Current price: 0.000000089844 - Current percentage: 7.92% - Max: 24.22% - Min: -2.82% - Market Cap 17980 - Trading time: 00:04:01
07-09-2025 21:25:18.733 INFO Current price: 0.000000090603 - Current percentage: 11.90% - Max: 24.22% - Min: -2.82% - Market Cap 18643 - Trading time: 00:04:06
07-09-2025 21:25:19.123 INFO Current price: 0.000000093028 - Current percentage: 13.78% - Max: 24.22% - Min: -2.82% - Market Cap 18955 - Trading time: 00:04:06
07-09-2025 21:25:26.561 INFO Current price: 0.000000093972 - Current percentage: 14.18% - Max: 24.22% - Min: -2.82% - Market Cap 19023 - Trading time: 00:04:13
07-09-2025 21:25:29.796 INFO Current price: 0.000000094815 - Current percentage: 15.83% - Max: 24.22% - Min: -2.82% - Market Cap 19297 - Trading time: 00:04:17
07-09-2025 21:25:32.531 INFO Current price: 0.000000095663 - Current percentage: 16.23% - Max: 24.22% - Min: -2.82% - Market Cap 19365 - Trading time: 00:04:19
07-09-2025 21:25:40.328 INFO Current price: 0.000000095522 - Current percentage: 15.48% - Max: 24.22% - Min: -2.82% - Market Cap 19239 - Trading time: 00:04:27
07-09-2025 21:25:40.606 INFO Current price: 0.000000094418 - Current percentage: 13.56% - Max: 24.22% - Min: -2.82% - Market Cap 18920 - Trading time: 00:04:27
07-09-2025 21:25:41.412 INFO Current price: 0.000000089273 - Current percentage: 3.24% - Max: 24.22% - Min: -2.82% - Market Cap 17200 - Trading time: 00:04:28
07-09-2025 21:25:48.171 INFO Current price: 0.000000085914 - Current percentage: 5.18% - Max: 24.22% - Min: -2.82% - Market Cap 17523 - Trading time: 00:04:35
07-09-2025 21:25:48.514 INFO Current price: 0.000000087430 - Current percentage: 6.92% - Max: 24.22% - Min: -2.82% - Market Cap 17812 - Trading time: 00:04:35
07-09-2025 21:25:48.691 INFO Current price: 0.000000087850 - Current percentage: 6.19% - Max: 24.22% - Min: -2.82% - Market Cap 17692 - Trading time: 00:04:36
07-09-2025 21:25:51.484 INFO Current price: 0.000000087766 - Current percentage: 6.71% - Max: 24.22% - Min: -2.82% - Market Cap 17778 - Trading time: 00:04:38
07-09-2025 21:26:01.217 INFO Current price: 0.000000087986 - Current percentage: 6.72% - Max: 24.22% - Min: -2.82% - Market Cap 17780 - Trading time: 00:04:48
07-09-2025 21:26:08.172 INFO Current price: 0.000000086448 - Current percentage: 3.01% - Max: 24.22% - Min: -2.82% - Market Cap 17162 - Trading time: 00:04:55
07-09-2025 21:26:08.232 INFO Current price: 0.000000083573 - Current percentage: -0.26% - Max: 24.22% - Min: -2.82% - Market Cap 16617 - Trading time: 00:04:55
07-09-2025 21:26:08.501 INFO Current price: 0.000000081587 - Current percentage: -1.82% - Max: 24.22% - Min: -2.82% - Market Cap 16356 - Trading time: 00:04:55
07-09-2025 21:26:08.563 INFO Current price: 0.000000080932 - Current percentage: -1.85% - Max: 24.22% - Min: -2.82% - Market Cap 16352 - Trading time: 00:04:55
07-09-2025 21:26:08.918 INFO Current price: 0.000000078859 - Current percentage: -6.79% - Max: 24.22% - Min: -6.79% - Market Cap 15529 - Trading time: 00:04:56
07-09-2025 21:26:09.222 INFO Current price: 0.000000076727 - Current percentage: -7.08% - Max: 24.22% - Min: -7.08% - Market Cap 15480 - Trading time: 00:04:56
07-09-2025 21:26:10.024 INFO Current price: 0.000000076727 - Current percentage: -6.79% - Max: 24.22% - Min: -7.08% - Market Cap 15529 - Trading time: 00:04:57
07-09-2025 21:26:10.112 INFO Current price: 0.000000077302 - Current percentage: -5.69% - Max: 24.22% - Min: -7.08% - Market Cap 15713 - Trading time: 00:04:57
07-09-2025 21:26:10.280 INFO Current price: 0.000000078381 - Current percentage: -4.17% - Max: 24.22% - Min: -7.08% - Market Cap 15965 - Trading time: 00:04:57
07-09-2025 21:26:12.284 INFO Current price: 0.000000079392 - Current percentage: -3.24% - Max: 24.22% - Min: -7.08% - Market Cap 16120 - Trading time: 00:04:59
07-09-2025 21:26:13.073 INFO Current price: 0.000000080191 - Current percentage: -2.23% - Max: 24.22% - Min: -7.08% - Market Cap 16288 - Trading time: 00:05:00
07-09-2025 21:26:13.098 INFO Current price: 0.000000080918 - Current percentage: -1.48% - Max: 24.22% - Min: -7.08% - Market Cap 16414 - Trading time: 00:05:00
07-09-2025 21:26:13.890 INFO Current price: 0.000000082006 - Current percentage: 0.42% - Max: 24.22% - Min: -7.08% - Market Cap 16729 - Trading time: 00:05:01
07-09-2025 21:26:14.591 INFO Current price: 0.000000082478 - Current percentage: -0.34% - Max: 24.22% - Min: -7.08% - Market Cap 16604 - Trading time: 00:05:01
07-09-2025 21:26:16.441 INFO Current price: 0.000000082227 - Current percentage: -0.20% - Max: 24.22% - Min: -7.08% - Market Cap 16627 - Trading time: 00:05:03
07-09-2025 21:26:19.120 INFO Current price: 0.000000082338 - Current percentage: -0.07% - Max: 24.22% - Min: -7.08% - Market Cap 16649 - Trading time: 00:05:06
07-09-2025 21:26:19.533 INFO Current price: 0.000000080235 - Current percentage: -5.23% - Max: 24.22% - Min: -7.08% - Market Cap 15789 - Trading time: 00:05:06
07-09-2025 21:26:19.827 INFO Current price: 0.000000078091 - Current percentage: -5.34% - Max: 24.22% - Min: -7.08% - Market Cap 15771 - Trading time: 00:05:07
07-09-2025 21:26:19.863 INFO Current price: 0.000000078014 - Current percentage: -5.42% - Max: 24.22% - Min: -7.08% - Market Cap 15758 - Trading time: 00:05:07
07-09-2025 21:26:20.122 INFO Current price: 0.000000076027 - Current percentage: -10.10% - Max: 24.22% - Min: -10.10% - Market Cap 14978 - Trading time: 00:05:07
07-09-2025 21:26:21.009 INFO Current price: 0.000000073227 - Current percentage: -12.25% - Max: 24.22% - Min: -12.25% - Market Cap 14619 - Trading time: 00:05:08
07-09-2025 21:26:21.084 INFO Current price: 0.000000072292 - Current percentage: -12.38% - Max: 24.22% - Min: -12.38% - Market Cap 14598 - Trading time: 00:05:08
07-09-2025 21:26:22.090 INFO Current price: 0.000000072314 - Current percentage: -12.20% - Max: 24.22% - Min: -12.38% - Market Cap 14627 - Trading time: 00:05:09
07-09-2025 21:26:23.870 INFO Current price: 0.000000072535 - Current percentage: -11.84% - Max: 24.22% - Min: -12.38% - Market Cap 14687 - Trading time: 00:05:11
07-09-2025 21:26:24.134 INFO Current price: 0.000000073136 - Current percentage: -10.74% - Max: 24.22% - Min: -12.38% - Market Cap 14871 - Trading time: 00:05:11
07-09-2025 21:26:25.262 INFO Current price: 0.000000074318 - Current percentage: -8.97% - Max: 24.22% - Min: -12.38% - Market Cap 15166 - Trading time: 00:05:12
07-09-2025 21:26:25.315 INFO Current price: 0.000000075811 - Current percentage: -7.12% - Max: 24.22% - Min: -12.38% - Market Cap 15474 - Trading time: 00:05:12
07-09-2025 21:26:26.609 INFO Current price: 0.000000076590 - Current percentage: -7.09% - Max: 24.22% - Min: -12.38% - Market Cap 15479 - Trading time: 00:05:13
07-09-2025 21:26:26.840 INFO Current price: 0.000000077357 - Current percentage: -5.25% - Max: 24.22% - Min: -12.38% - Market Cap 15785 - Trading time: 00:05:14
07-09-2025 21:26:30.984 INFO Current price: 0.000000078909 - Current percentage: -3.32% - Max: 24.22% - Min: -12.38% - Market Cap 16107 - Trading time: 00:05:18
07-09-2025 21:26:30.993 INFO Current price: 0.000000080448 - Current percentage: -1.52% - Max: 24.22% - Min: -12.38% - Market Cap 16407 - Trading time: 00:05:18
07-09-2025 21:26:35.473 INFO Current price: 0.000000080514 - Current percentage: -3.16% - Max: 24.22% - Min: -12.38% - Market Cap 16133 - Trading time: 00:05:22
07-09-2025 21:26:38.917 INFO Current price: 0.000000079992 - Current percentage: -2.79% - Max: 24.22% - Min: -12.38% - Market Cap 16195 - Trading time: 00:05:26
07-09-2025 21:26:40.597 INFO Current price: 0.000000080061 - Current percentage: -3.00% - Max: 24.22% - Min: -12.38% - Market Cap 16161 - Trading time: 00:05:27
07-09-2025 21:26:49.493 INFO Current price: 0.000000079269 - Current percentage: -4.70% - Max: 24.22% - Min: -12.38% - Market Cap 15876 - Trading time: 00:05:36
07-09-2025 21:26:49.551 INFO Current price: 0.000000077947 - Current percentage: -6.21% - Max: 24.22% - Min: -12.38% - Market Cap 15626 - Trading time: 00:05:36
07-09-2025 21:26:56.040 INFO Current price: 0.000000076963 - Current percentage: -7.10% - Max: 24.22% - Min: -12.38% - Market Cap 15478 - Trading time: 00:05:43
