07-09-2025 22:13:09.784 INFO Entry price: 0.000000053001687862 - Entry market cap: 10048 - Buys 8 - Sells 1 - Ratio: 1:0.13 - Min MarketCap: 8140 - Max MarketCap: 12352
07-09-2025 22:13:09.784 INFO Current price: 0.000000053002 - Current percentage: 0.00% - Max: 0.00% - Min: 0.00% - Market Cap 10048 - Trading time: 00:00:02
07-09-2025 22:13:10.609 INFO Current price: 0.000000052573 - Current percentage: -3.55% - Max: 0.00% - Min: -3.55% - Market Cap 9692 - Trading time: 00:00:02
07-09-2025 22:13:11.009 INFO Current price: 0.000000045857 - Current percentage: -10.52% - Max: 0.00% - Min: -10.52% - Market Cap 8991 - Trading time: 00:00:03
07-09-2025 22:13:11.251 INFO Current price: 0.000000046257 - Current percentage: -2.84% - Max: 0.00% - Min: -10.52% - Market Cap 9763 - Trading time: 00:00:03
07-09-2025 22:13:11.266 INFO Current price: 0.000000049849 - Current percentage: 3.91% - Max: 3.91% - Min: -10.52% - Market Cap 10441 - Trading time: 00:00:03
07-09-2025 22:13:11.499 INFO Current price: 0.000000049236 - Current percentage: -4.25% - Max: 3.91% - Min: -10.52% - Market Cap 9621 - Trading time: 00:00:03
07-09-2025 22:13:11.501 INFO Current price: 0.000000045667 - Current percentage: -10.61% - Max: 3.91% - Min: -10.61% - Market Cap 8982 - Trading time: 00:00:03
07-09-2025 22:13:11.710 INFO Current price: 0.000000045994 - Current percentage: -3.85% - Max: 3.91% - Min: -10.61% - Market Cap 9661 - Trading time: 00:00:03
07-09-2025 22:13:11.710 INFO Current price: 0.000000049567 - Current percentage: 3.82% - Max: 3.91% - Min: -10.61% - Market Cap 10432 - Trading time: 00:00:03
07-09-2025 22:13:11.933 INFO Current price: 0.000000055218 - Current percentage: 19.33% - Max: 19.33% - Min: -10.61% - Market Cap 11990 - Trading time: 00:00:04
07-09-2025 22:13:12.449 INFO Current price: 0.000000059331 - Current percentage: 19.86% - Max: 19.86% - Min: -10.61% - Market Cap 12044 - Trading time: 00:00:04
07-09-2025 22:13:12.870 INFO Current price: 0.000000064117 - Current percentage: 39.36% - Max: 39.36% - Min: -10.61% - Market Cap 14002 - Trading time: 00:00:05
07-09-2025 22:13:13.142 INFO Current price: 0.000000068779 - Current percentage: 39.36% - Max: 39.36% - Min: -10.61% - Market Cap 14002 - Trading time: 00:00:05
07-09-2025 22:13:13.548 INFO Current price: 0.000000065846 - Current percentage: 27.69% - Max: 39.36% - Min: -10.61% - Market Cap 12830 - Trading time: 00:00:05
07-09-2025 22:13:13.550 INFO Current price: 0.000000060409 - Current percentage: 17.29% - Max: 39.36% - Min: -10.61% - Market Cap 11786 - Trading time: 00:00:05
07-09-2025 22:13:13.872 INFO Current price: 0.000000057084 - Current percentage: 14.02% - Max: 39.36% - Min: -10.61% - Market Cap 11456 - Trading time: 00:00:06
07-09-2025 22:13:14.966 INFO Current price: 0.000000056591 - Current percentage: 14.12% - Max: 39.36% - Min: -10.61% - Market Cap 11467 - Trading time: 00:00:07
07-09-2025 22:13:15.310 INFO Current price: 0.000000054568 - Current percentage: 7.08% - Max: 39.36% - Min: -10.61% - Market Cap 10760 - Trading time: 00:00:07
07-09-2025 22:13:15.466 INFO Current price: 0.000000053376 - Current percentage: 8.10% - Max: 39.36% - Min: -10.61% - Market Cap 10862 - Trading time: 00:00:07
07-09-2025 22:13:15.557 INFO Current price: 0.000000051093 - Current percentage: -0.89% - Max: 39.36% - Min: -10.61% - Market Cap 9959 - Trading time: 00:00:07
07-09-2025 22:13:15.561 INFO Current price: 0.000000047344 - Current percentage: -7.18% - Max: 39.36% - Min: -10.61% - Market Cap 9326 - Trading time: 00:00:07
07-09-2025 22:13:16.640 INFO Current price: 0.000000049557 - Current percentage: 7.51% - Max: 39.36% - Min: -10.61% - Market Cap 10802 - Trading time: 00:00:08
07-09-2025 22:13:17.942 INFO Current price: 0.000000049596 - Current percentage: -6.10% - Max: 39.36% - Min: -10.61% - Market Cap 9435 - Trading time: 00:00:10
07-09-2025 22:13:18.649 INFO Current price: 0.000000040570 - Current percentage: -28.06% - Max: 39.36% - Min: -28.06% - Market Cap 7228 - Trading time: 00:00:10
07-09-2025 22:13:19.155 INFO Current price: 0.000000034466 - Current percentage: -32.23% - Max: 39.36% - Min: -32.23% - Market Cap 6810 - Trading time: 00:00:11
07-09-2025 22:13:19.159 INFO Current price: 0.000000032361 - Current percentage: -36.58% - Max: 39.36% - Min: -36.58% - Market Cap 6372 - Trading time: 00:00:11
07-09-2025 22:13:19.404 INFO Current price: 0.000000029708 - Current percentage: -42.89% - Max: 39.36% - Min: -42.89% - Market Cap 5739 - Trading time: 00:00:11
07-09-2025 22:13:20.992 INFO Current price: 0.000000028149 - Current percentage: -43.06% - Max: 39.36% - Min: -43.06% - Market Cap 5721 - Trading time: 00:00:13
07-09-2025 22:13:21.309 INFO Current price: 0.000000028096 - Current percentage: -43.10% - Max: 39.36% - Min: -43.10% - Market Cap 5717 - Trading time: 00:00:13
07-09-2025 22:13:25.528 INFO Current price: 0.000000030187 - Current percentage: -34.93% - Max: 39.36% - Min: -43.10% - Market Cap 6538 - Trading time: 00:00:17
07-09-2025 22:13:25.532 INFO Current price: 0.000000034297 - Current percentage: -26.55% - Max: 39.36% - Min: -43.10% - Market Cap 7380 - Trading time: 00:00:17
07-09-2025 22:13:25.538 INFO Current price: 0.000000038318 - Current percentage: -18.78% - Max: 39.36% - Min: -43.10% - Market Cap 8161 - Trading time: 00:00:17
07-09-2025 22:13:27.488 INFO Current price: 0.000000040086 - Current percentage: -18.80% - Max: 39.36% - Min: -43.10% - Market Cap 8159 - Trading time: 00:00:19
07-09-2025 22:13:28.044 INFO Current price: 0.000000039917 - Current percentage: -19.46% - Max: 39.36% - Min: -43.10% - Market Cap 8092 - Trading time: 00:00:20
07-09-2025 22:13:29.405 INFO Current price: 0.000000043224 - Current percentage: -5.74% - Max: 39.36% - Min: -43.10% - Market Cap 9471 - Trading time: 00:00:21
07-09-2025 22:13:33.195 INFO Current price: 0.000000043007 - Current percentage: -19.46% - Max: 39.36% - Min: -43.10% - Market Cap 8092 - Trading time: 00:00:25
07-09-2025 22:13:36.872 INFO Current price: 0.000000042134 - Current percentage: -10.44% - Max: 39.36% - Min: -43.10% - Market Cap 8999 - Trading time: 00:00:29
07-09-2025 22:13:38.451 INFO Current price: 0.000000044663 - Current percentage: -9.51% - Max: 39.36% - Min: -43.10% - Market Cap 9093 - Trading time: 00:00:30
07-09-2025 22:13:40.176 INFO Current price: 0.000000041955 - Current percentage: -20.17% - Max: 39.36% - Min: -43.10% - Market Cap 8021 - Trading time: 00:00:32
07-09-2025 22:13:41.816 INFO Current price: 0.000000040147 - Current percentage: -17.97% - Max: 39.36% - Min: -43.10% - Market Cap 8243 - Trading time: 00:00:34
07-09-2025 22:13:42.208 INFO Current price: 0.000000040917 - Current percentage: -17.08% - Max: 39.36% - Min: -43.10% - Market Cap 8332 - Trading time: 00:00:34
07-09-2025 22:13:45.413 INFO Current price: 0.000000037862 - Current percentage: -29.05% - Max: 39.36% - Min: -43.10% - Market Cap 7129 - Trading time: 00:00:37
07-09-2025 22:13:45.428 INFO Current price: 0.000000032657 - Current percentage: -38.31% - Max: 39.36% - Min: -43.10% - Market Cap 6199 - Trading time: 00:00:37
07-09-2025 22:13:45.428 INFO Current price: 0.000000029142 - Current percentage: -43.50% - Max: 39.36% - Min: -43.50% - Market Cap 5677 - Trading time: 00:00:37






07-09-2025 22:23:45.431 INFO {"type":"summary","reason":"inactivity","startedAt":"2025-09-07T20:13:07.783Z","endedAt":"2025-09-07T20:23:45.431Z","durationSec":637,"entryPrice":5.300168786205563e-8,"entryMarketCapSol":49.482370425162266,"entryMarketCapUsd":10047.89013853345,"minPct":-43.499757829452044,"maxPct":39.35750515908127,"buyCount":19,"sellCount":25,"tradeCount":44,"entryRecorded":true,"noPostThresholdTrades":false,"triggerAt":"2025-09-07T20:13:07.782Z","ageAtTriggerSec":8,"preTotalTrades":8,"preBuys":7,"preSells":1,"preUniqueTraders":7,"preEntryTotalTrades":9,"preEntryBuys":8,"preEntrySells":1,"preEntryUniqueTraders":8,"preEntryMinMcUsd":8139.535538896763,"preEntryMaxMcUsd":12352.248714501842,"thresholdMcSol":49.482370425162266,"thresholdMcUsd":10047.89013853345,"thresholdPrice":5.300168786205563e-8}
