07-09-2025 22:33:21.326 INFO Entry price: 0.000000061133386907 - Entry market cap: 10971 - Buys 19 - Sells 6 - Ratio: 1:0.32 - Min MarketCap: 8667 - Max MarketCap: 18478
07-09-2025 22:33:21.326 INFO Current price: 0.000000061133 - Current percentage: 0.00% - Max: 0.00% - Min: 0.00% - Market Cap 10971 - Trading time: 00:00:02
07-09-2025 22:33:21.387 INFO Current price: 0.000000061290 - Current percentage: 12.39% - Max: 12.39% - Min: 0.00% - Market Cap 12331 - Trading time: 00:00:02
07-09-2025 22:33:22.358 INFO Current price: 0.000000060535 - Current percentage: 11.32% - Max: 12.39% - Min: 0.00% - Market Cap 12214 - Trading time: 00:00:03
07-09-2025 22:33:24.624 INFO Current price: 0.000000057336 - Current percentage: 0.83% - Max: 12.39% - Min: 0.00% - Market Cap 11062 - Trading time: 00:00:05
07-09-2025 22:33:25.981 INFO Current price: 0.000000053751 - Current percentage: -2.16% - Max: 12.39% - Min: -2.16% - Market Cap 10734 - Trading time: 00:00:06
07-09-2025 22:33:26.315 INFO Current price: 0.000000051498 - Current percentage: -7.45% - Max: 12.39% - Min: -7.45% - Market Cap 10154 - Trading time: 00:00:06
07-09-2025 22:33:30.359 INFO Current price: 0.000000050082 - Current percentage: -7.47% - Max: 12.39% - Min: -7.47% - Market Cap 10152 - Trading time: 00:00:11
07-09-2025 22:33:31.778 INFO Current price: 0.000000049447 - Current percentage: -9.78% - Max: 12.39% - Min: -9.78% - Market Cap 9898 - Trading time: 00:00:12
07-09-2025 22:33:34.242 INFO Current price: 0.000000048837 - Current percentage: -9.74% - Max: 12.39% - Min: -9.78% - Market Cap 9903 - Trading time: 00:00:14
07-09-2025 22:33:40.357 INFO Current price: 0.000000048837 - Current percentage: -9.78% - Max: 12.39% - Min: -9.78% - Market Cap 9898 - Trading time: 00:00:21
07-09-2025 22:33:41.312 INFO Current price: 0.000000050029 - Current percentage: -5.28% - Max: 12.39% - Min: -9.78% - Market Cap 10393 - Trading time: 00:00:21
07-09-2025 22:33:41.337 INFO Current price: 0.000000052521 - Current percentage: -0.57% - Max: 12.39% - Min: -9.78% - Market Cap 10909 - Trading time: 00:00:22
07-09-2025 22:33:42.027 INFO Current price: 0.000000053937 - Current percentage: -0.10% - Max: 12.39% - Min: -9.78% - Market Cap 10960 - Trading time: 00:00:22
07-09-2025 22:33:42.121 INFO Current price: 0.000000054191 - Current percentage: 0.37% - Max: 12.39% - Min: -9.78% - Market Cap 11012 - Trading time: 00:00:22
07-09-2025 22:33:43.413 INFO Current price: 0.000000054572 - Current percentage: 1.31% - Max: 12.39% - Min: -9.78% - Market Cap 11115 - Trading time: 00:00:24
07-09-2025 22:33:45.706 INFO Current price: 0.000000054892 - Current percentage: 1.55% - Max: 12.39% - Min: -9.78% - Market Cap 11142 - Trading time: 00:00:26
07-09-2025 22:33:49.583 INFO Current price: 0.000000054233 - Current percentage: -1.11% - Max: 12.39% - Min: -9.78% - Market Cap 10850 - Trading time: 00:00:30
07-09-2025 22:33:50.785 INFO Current price: 0.000000053394 - Current percentage: -1.57% - Max: 12.39% - Min: -9.78% - Market Cap 10799 - Trading time: 00:00:31
07-09-2025 22:33:51.681 INFO Current price: 0.000000051963 - Current percentage: -6.34% - Max: 12.39% - Min: -9.78% - Market Cap 10276 - Trading time: 00:00:32
07-09-2025 22:33:51.765 INFO Current price: 0.000000049509 - Current percentage: -10.65% - Max: 12.39% - Min: -10.65% - Market Cap 9803 - Trading time: 00:00:32
07-09-2025 22:33:55.033 INFO Current price: 0.000000048216 - Current percentage: -11.17% - Max: 12.39% - Min: -11.17% - Market Cap 9746 - Trading time: 00:00:35
07-09-2025 22:33:59.551 INFO Current price: 0.000000048087 - Current percentage: -11.12% - Max: 12.39% - Min: -11.17% - Market Cap 9751 - Trading time: 00:00:40
07-09-2025 22:34:01.482 INFO Current price: 0.000000047199 - Current percentage: -14.42% - Max: 12.39% - Min: -14.42% - Market Cap 9390 - Trading time: 00:00:42
07-09-2025 22:34:01.775 INFO Current price: 0.000000046307 - Current percentage: -14.45% - Max: 12.39% - Min: -14.45% - Market Cap 9386 - Trading time: 00:00:42
07-09-2025 22:34:01.792 INFO Current price: 0.000000046290 - Current percentage: -14.48% - Max: 12.39% - Min: -14.48% - Market Cap 9383 - Trading time: 00:00:42
07-09-2025 22:34:07.319 INFO Current price: 0.000000047228 - Current percentage: -10.95% - Max: 12.39% - Min: -14.48% - Market Cap 9771 - Trading time: 00:00:47
07-09-2025 22:34:10.963 INFO Current price: 0.000000046102 - Current percentage: -18.51% - Max: 12.39% - Min: -18.51% - Market Cap 8940 - Trading time: 00:00:51
07-09-2025 22:34:25.689 INFO Current price: 0.000000044090 - Current percentage: -18.55% - Max: 12.39% - Min: -18.55% - Market Cap 8936 - Trading time: 00:01:06
07-09-2025 22:34:27.149 INFO Current price: 0.000000035886 - Current percentage: -46.01% - Max: 12.39% - Min: -46.01% - Market Cap 5923 - Trading time: 00:01:07
07-09-2025 22:34:28.123 INFO Current price: 0.000000029221 - Current percentage: -46.00% - Max: 12.39% - Min: -46.01% - Market Cap 5925 - Trading time: 00:01:08
07-09-2025 22:34:29.380 INFO Current price: 0.000000029221 - Current percentage: -46.01% - Max: 12.39% - Min: -46.01% - Market Cap 5923 - Trading time: 00:01:10
07-09-2025 22:34:37.354 INFO Current price: 0.000000029191 - Current percentage: -46.11% - Max: 12.39% - Min: -46.11% - Market Cap 5913 - Trading time: 00:01:18
07-09-2025 22:34:38.694 INFO Current price: 0.000000029116 - Current percentage: -46.29% - Max: 12.39% - Min: -46.29% - Market Cap 5892 - Trading time: 00:01:19
07-09-2025 22:35:21.834 INFO Current price: 0.000000028611 - Current percentage: -47.96% - Max: 12.39% - Min: -47.96% - Market Cap 5710 - Trading time: 00:02:02
07-09-2025 22:35:22.367 INFO Current price: 0.000000028069 - Current percentage: -48.31% - Max: 12.39% - Min: -48.31% - Market Cap 5671 - Trading time: 00:02:03
07-09-2025 22:36:56.623 INFO Current price: 0.000000027970 - Current percentage: -48.33% - Max: 12.39% - Min: -48.33% - Market Cap 5669 - Trading time: 00:03:37






07-09-2025 22:46:56.625 INFO {"type":"summary","reason":"inactivity","startedAt":"2025-09-07T20:33:19.326Z","endedAt":"2025-09-07T20:46:56.625Z","durationSec":817,"entryPrice":6.113338690685828e-8,"entryMarketCapSol":54.11867982711941,"entryMarketCapUsd":10971.479961351917,"minPct":-48.32689547537715,"maxPct":12.394086199455373,"buyCount":18,"sellCount":26,"tradeCount":44,"entryRecorded":true,"noPostThresholdTrades":false,"triggerAt":"2025-09-07T20:33:19.325Z","ageAtTriggerSec":11,"preTotalTrades":16,"preBuys":11,"preSells":5,"preUniqueTraders":11,"preEntryTotalTrades":25,"preEntryBuys":19,"preEntrySells":6,"preEntryUniqueTraders":19,"preEntryMinMcUsd":8667.189965099802,"preEntryMaxMcUsd":18477.57532268455,"thresholdMcSol":54.11867982711941,"thresholdMcUsd":10971.479961351917,"thresholdPrice":6.113338690685828e-8}
