08-09-2025 07:26:03.304 INFO Entry price: 0.000000110259235357 - Entry market cap: 20937 - Buys 85 - Sells 31 - Ratio: 1:0.36 - Min MarketCap: 13077 - Max MarketCap: 38331
08-09-2025 07:26:03.304 INFO Current price: 0.000000110259 - Current percentage: 0.00% - Max: 0.00% - Min: 0.00% - Market Cap 20937 - Trading time: 00:00:02
08-09-2025 07:26:17.710 INFO Current price: 0.000000099853 - Current percentage: -1.20% - Max: 0.00% - Min: -1.20% - Market Cap 20685 - Trading time: 00:00:16
08-09-2025 07:26:18.177 INFO Current price: 0.000000100409 - Current percentage: 0.20% - Max: 0.20% - Min: -1.20% - Market Cap 20978 - Trading time: 00:00:16
08-09-2025 07:26:20.543 INFO Current price: 0.000000105471 - Current percentage: 9.01% - Max: 9.01% - Min: -1.20% - Market Cap 22823 - Trading time: 00:00:19
08-09-2025 07:26:23.672 INFO Current price: 0.000000114141 - Current percentage: 17.35% - Max: 17.35% - Min: -1.20% - Market Cap 24569 - Trading time: 00:00:22
08-09-2025 07:26:29.095 INFO Current price: 0.000000124142 - Current percentage: 28.95% - Max: 28.95% - Min: -1.20% - Market Cap 26998 - Trading time: 00:00:27
08-09-2025 07:26:30.200 INFO Current price: 0.000000131742 - Current percentage: 32.16% - Max: 32.16% - Min: -1.20% - Market Cap 27669 - Trading time: 00:00:28
08-09-2025 07:26:33.647 INFO Current price: 0.000000135406 - Current percentage: 36.22% - Max: 36.22% - Min: -1.20% - Market Cap 28520 - Trading time: 00:00:32
08-09-2025 07:26:34.256 INFO Current price: 0.000000123748 - Current percentage: 10.38% - Max: 36.22% - Min: -1.20% - Market Cap 23110 - Trading time: 00:00:32
08-09-2025 07:26:36.015 INFO Current price: 0.000000111920 - Current percentage: 11.42% - Max: 36.22% - Min: -1.20% - Market Cap 23329 - Trading time: 00:00:34
08-09-2025 07:26:36.111 INFO Current price: 0.000000112917 - Current percentage: 12.36% - Max: 36.22% - Min: -1.20% - Market Cap 23523 - Trading time: 00:00:34
08-09-2025 07:26:40.907 INFO Current price: 0.000000114783 - Current percentage: 15.14% - Max: 36.22% - Min: -1.20% - Market Cap 24106 - Trading time: 00:00:39
08-09-2025 07:26:43.228 INFO Current price: 0.000000117274 - Current percentage: 17.29% - Max: 36.22% - Min: -1.20% - Market Cap 24556 - Trading time: 00:00:41
08-09-2025 07:26:44.003 INFO Current price: 0.000000120281 - Current percentage: 21.12% - Max: 36.22% - Min: -1.20% - Market Cap 25358 - Trading time: 00:00:42
08-09-2025 07:26:46.357 INFO Current price: 0.000000127018 - Current percentage: 30.79% - Max: 36.22% - Min: -1.20% - Market Cap 27383 - Trading time: 00:00:45
08-09-2025 07:26:49.081 INFO Current price: 0.000000133696 - Current percentage: 34.19% - Max: 36.22% - Min: -1.20% - Market Cap 28094 - Trading time: 00:00:47
08-09-2025 07:26:52.253 INFO Current price: 0.000000138129 - Current percentage: 39.61% - Max: 39.61% - Min: -1.20% - Market Cap 29229 - Trading time: 00:00:50
08-09-2025 07:26:53.932 INFO Current price: 0.000000142982 - Current percentage: 43.78% - Max: 43.78% - Min: -1.20% - Market Cap 30104 - Trading time: 00:00:52
08-09-2025 07:26:55.828 INFO Current price: 0.000000145918 - Current percentage: 45.40% - Max: 45.40% - Min: -1.20% - Market Cap 30442 - Trading time: 00:00:54
08-09-2025 07:26:57.074 INFO Current price: 0.000000146458 - Current percentage: 44.85% - Max: 45.40% - Min: -1.20% - Market Cap 30327 - Trading time: 00:00:55
08-09-2025 07:27:01.575 INFO Current price: 0.000000139494 - Current percentage: 31.90% - Max: 45.40% - Min: -1.20% - Market Cap 27615 - Trading time: 00:01:00
08-09-2025 07:27:01.800 INFO Current price: 0.000000133014 - Current percentage: 31.71% - Max: 45.40% - Min: -1.20% - Market Cap 27575 - Trading time: 00:01:00
08-09-2025 07:27:01.801 INFO Current price: 0.000000132806 - Current percentage: 31.49% - Max: 45.40% - Min: -1.20% - Market Cap 27529 - Trading time: 00:01:00
08-09-2025 07:27:02.371 INFO Current price: 0.000000134113 - Current percentage: 34.31% - Max: 45.40% - Min: -1.20% - Market Cap 28120 - Trading time: 00:01:01
08-09-2025 07:27:03.817 INFO Current price: 0.000000133329 - Current percentage: 29.95% - Max: 45.40% - Min: -1.20% - Market Cap 27208 - Trading time: 00:01:02
08-09-2025 07:27:06.239 INFO Current price: 0.000000131036 - Current percentage: 29.73% - Max: 45.40% - Min: -1.20% - Market Cap 27161 - Trading time: 00:01:04
08-09-2025 07:27:06.425 INFO Current price: 0.000000131929 - Current percentage: 31.73% - Max: 45.40% - Min: -1.20% - Market Cap 27580 - Trading time: 00:01:05
08-09-2025 07:27:07.773 INFO Current price: 0.000000131461 - Current percentage: 28.81% - Max: 45.40% - Min: -1.20% - Market Cap 26969 - Trading time: 00:01:06
08-09-2025 07:27:08.226 INFO Current price: 0.000000131984 - Current percentage: 32.78% - Max: 45.40% - Min: -1.20% - Market Cap 27800 - Trading time: 00:01:06
08-09-2025 07:27:10.492 INFO Current price: 0.000000135636 - Current percentage: 36.04% - Max: 45.40% - Min: -1.20% - Market Cap 28482 - Trading time: 00:01:09
08-09-2025 07:27:10.999 INFO Current price: 0.000000137052 - Current percentage: 33.58% - Max: 45.40% - Min: -1.20% - Market Cap 27967 - Trading time: 00:01:09
08-09-2025 07:27:13.473 INFO Current price: 0.000000136855 - Current percentage: 37.67% - Max: 45.40% - Min: -1.20% - Market Cap 28823 - Trading time: 00:01:12
08-09-2025 07:27:13.473 INFO Current price: 0.000000134231 - Current percentage: 28.51% - Max: 45.40% - Min: -1.20% - Market Cap 26905 - Trading time: 00:01:12
08-09-2025 07:27:16.474 INFO Current price: 0.000000130927 - Current percentage: 30.97% - Max: 45.40% - Min: -1.20% - Market Cap 27421 - Trading time: 00:01:15
08-09-2025 07:27:19.855 INFO Current price: 0.000000127712 - Current percentage: 22.27% - Max: 45.40% - Min: -1.20% - Market Cap 25600 - Trading time: 00:01:18
08-09-2025 07:27:20.460 INFO Current price: 0.000000124959 - Current percentage: 25.39% - Max: 45.40% - Min: -1.20% - Market Cap 26252 - Trading time: 00:01:19
08-09-2025 07:27:20.853 INFO Current price: 0.000000122851 - Current percentage: 18.18% - Max: 45.40% - Min: -1.20% - Market Cap 24744 - Trading time: 00:01:19
08-09-2025 07:27:21.637 INFO Current price: 0.000000119365 - Current percentage: 18.37% - Max: 45.40% - Min: -1.20% - Market Cap 24783 - Trading time: 00:01:20
08-09-2025 07:27:22.989 INFO Current price: 0.000000124191 - Current percentage: 27.93% - Max: 45.40% - Min: -1.20% - Market Cap 26785 - Trading time: 00:01:21
08-09-2025 07:27:24.140 INFO Current price: 0.000000130237 - Current percentage: 30.18% - Max: 45.40% - Min: -1.20% - Market Cap 27255 - Trading time: 00:01:22
08-09-2025 07:27:30.673 INFO Current price: 0.000000136512 - Current percentage: 40.56% - Max: 45.40% - Min: -1.20% - Market Cap 29428 - Trading time: 00:01:29
08-09-2025 07:27:32.930 INFO Current price: 0.000000148121 - Current percentage: 53.26% - Max: 53.26% - Min: -1.20% - Market Cap 32088 - Trading time: 00:01:31
08-09-2025 07:27:34.470 INFO Current price: 0.000000149550 - Current percentage: 43.28% - Max: 53.26% - Min: -1.20% - Market Cap 29999 - Trading time: 00:01:33
08-09-2025 07:27:34.619 INFO Current price: 0.000000145989 - Current percentage: 46.05% - Max: 53.26% - Min: -1.20% - Market Cap 30577 - Trading time: 00:01:33
08-09-2025 07:27:36.081 INFO Current price: 0.000000147299 - Current percentage: 45.87% - Max: 53.26% - Min: -1.20% - Market Cap 30540 - Trading time: 00:01:34
08-09-2025 07:27:37.135 INFO Current price: 0.000000140021 - Current percentage: 31.97% - Max: 53.26% - Min: -1.20% - Market Cap 27630 - Trading time: 00:01:35
08-09-2025 07:27:41.711 INFO Current price: 0.000000134144 - Current percentage: 33.82% - Max: 53.26% - Min: -1.20% - Market Cap 28017 - Trading time: 00:01:40
08-09-2025 07:27:43.319 INFO Current price: 0.000000140075 - Current percentage: 43.83% - Max: 53.26% - Min: -1.20% - Market Cap 30113 - Trading time: 00:01:42
08-09-2025 07:27:44.990 INFO Current price: 0.000000146708 - Current percentage: 46.79% - Max: 53.26% - Min: -1.20% - Market Cap 30733 - Trading time: 00:01:43
08-09-2025 07:27:46.301 INFO Current price: 0.000000143355 - Current percentage: 37.33% - Max: 53.26% - Min: -1.20% - Market Cap 28752 - Trading time: 00:01:44
08-09-2025 07:27:49.751 INFO Current price: 0.000000137908 - Current percentage: 35.85% - Max: 53.26% - Min: -1.20% - Market Cap 28442 - Trading time: 00:01:48
08-09-2025 07:27:50.073 INFO Current price: 0.000000138386 - Current percentage: 38.28% - Max: 53.26% - Min: -1.20% - Market Cap 28952 - Trading time: 00:01:48
08-09-2025 07:27:54.411 INFO Current price: 0.000000141705 - Current percentage: 42.44% - Max: 53.26% - Min: -1.20% - Market Cap 29822 - Trading time: 00:01:53
08-09-2025 07:28:01.632 INFO Current price: 0.000000148046 - Current percentage: 50.94% - Max: 53.26% - Min: -1.20% - Market Cap 31601 - Trading time: 00:02:00
08-09-2025 07:28:03.366 INFO Current price: 0.000000147666 - Current percentage: 41.71% - Max: 53.26% - Min: -1.20% - Market Cap 29669 - Trading time: 00:02:02
08-09-2025 07:28:08.366 INFO Current price: 0.000000144748 - Current percentage: 45.03% - Max: 53.26% - Min: -1.20% - Market Cap 30365 - Trading time: 00:02:07
08-09-2025 07:28:10.933 INFO Current price: 0.000000148435 - Current percentage: 49.02% - Max: 53.26% - Min: -1.20% - Market Cap 31200 - Trading time: 00:02:09
08-09-2025 07:28:14.368 INFO Current price: 0.000000152624 - Current percentage: 53.33% - Max: 53.33% - Min: -1.20% - Market Cap 32103 - Trading time: 00:02:13
08-09-2025 07:28:20.573 INFO Current price: 0.000000154677 - Current percentage: 53.05% - Max: 53.33% - Min: -1.20% - Market Cap 32045 - Trading time: 00:02:19
08-09-2025 07:28:21.692 INFO Current price: 0.000000156728 - Current percentage: 57.43% - Max: 57.43% - Min: -1.20% - Market Cap 32960 - Trading time: 00:02:20
08-09-2025 07:28:23.496 INFO Current price: 0.000000159092 - Current percentage: 57.71% - Max: 57.71% - Min: -1.20% - Market Cap 33019 - Trading time: 00:02:22
08-09-2025 07:28:23.507 INFO Current price: 0.000000159359 - Current percentage: 57.95% - Max: 57.95% - Min: -1.20% - Market Cap 33070 - Trading time: 00:02:22
08-09-2025 07:28:26.527 INFO Current price: 0.000000164950 - Current percentage: 68.97% - Max: 68.97% - Min: -1.20% - Market Cap 35376 - Trading time: 00:02:25
08-09-2025 07:28:27.949 INFO Current price: 0.000000172906 - Current percentage: 73.56% - Max: 73.56% - Min: -1.20% - Market Cap 36338 - Trading time: 00:02:26
08-09-2025 07:28:29.633 INFO Current price: 0.000000181639 - Current percentage: 86.47% - Max: 86.47% - Min: -1.20% - Market Cap 39040 - Trading time: 00:02:28
08-09-2025 07:28:31.826 INFO Current price: 0.000000193944 - Current percentage: 97.87% - Max: 97.87% - Min: -1.20% - Market Cap 41428 - Trading time: 00:02:30
08-09-2025 07:28:31.983 INFO Current price: 0.000000198687 - Current percentage: 95.70% - Max: 97.87% - Min: -1.20% - Market Cap 40973 - Trading time: 00:02:30
08-09-2025 07:28:32.871 INFO Current price: 0.000000197606 - Current percentage: 95.72% - Max: 97.87% - Min: -1.20% - Market Cap 40978 - Trading time: 00:02:31
08-09-2025 07:28:33.173 INFO Current price: 0.000000191024 - Current percentage: 82.88% - Max: 97.87% - Min: -1.20% - Market Cap 38289 - Trading time: 00:02:31
08-09-2025 07:28:34.892 INFO Current price: 0.000000176474 - Current percentage: 67.04% - Max: 97.87% - Min: -1.20% - Market Cap 34973 - Trading time: 00:02:33
08-09-2025 07:28:37.267 INFO Current price: 0.000000170377 - Current percentage: 70.46% - Max: 97.87% - Min: -1.20% - Market Cap 35689 - Trading time: 00:02:35
08-09-2025 07:28:37.650 INFO Current price: 0.000000164443 - Current percentage: 55.61% - Max: 97.87% - Min: -1.20% - Market Cap 32580 - Trading time: 00:02:36
08-09-2025 07:28:38.401 INFO Current price: 0.000000159326 - Current percentage: 60.02% - Max: 97.87% - Min: -1.20% - Market Cap 33502 - Trading time: 00:02:37
08-09-2025 07:28:38.564 INFO Current price: 0.000000162262 - Current percentage: 61.40% - Max: 97.87% - Min: -1.20% - Market Cap 33792 - Trading time: 00:02:37
08-09-2025 07:28:39.799 INFO Current price: 0.000000163181 - Current percentage: 61.83% - Max: 97.87% - Min: -1.20% - Market Cap 33883 - Trading time: 00:02:38
08-09-2025 07:28:42.867 INFO Current price: 0.000000163392 - Current percentage: 61.82% - Max: 97.87% - Min: -1.20% - Market Cap 33879 - Trading time: 00:02:41
08-09-2025 07:28:43.760 INFO Current price: 0.000000156802 - Current percentage: 49.04% - Max: 97.87% - Min: -1.20% - Market Cap 31205 - Trading time: 00:02:42
08-09-2025 07:28:49.119 INFO Current price: 0.000000152649 - Current percentage: 53.36% - Max: 97.87% - Min: -1.20% - Market Cap 32108 - Trading time: 00:02:47
08-09-2025 07:28:49.752 INFO Current price: 0.000000155856 - Current percentage: 55.37% - Max: 97.87% - Min: -1.20% - Market Cap 32530 - Trading time: 00:02:48
08-09-2025 07:28:55.619 INFO Current price: 0.000000158863 - Current percentage: 59.33% - Max: 97.87% - Min: -1.20% - Market Cap 33359 - Trading time: 00:02:54
08-09-2025 07:29:00.172 INFO Current price: 0.000000163007 - Current percentage: 63.58% - Max: 97.87% - Min: -1.20% - Market Cap 34249 - Trading time: 00:02:58
08-09-2025 07:29:06.502 INFO Current price: 0.000000166299 - Current percentage: 65.83% - Max: 97.87% - Min: -1.20% - Market Cap 34720 - Trading time: 00:03:05
08-09-2025 07:29:09.122 INFO Current price: 0.000000169720 - Current percentage: 70.38% - Max: 97.87% - Min: -1.20% - Market Cap 35673 - Trading time: 00:03:07
08-09-2025 07:29:13.113 INFO Current price: 0.000000178403 - Current percentage: 83.24% - Max: 97.87% - Min: -1.20% - Market Cap 38364 - Trading time: 00:03:11
08-09-2025 07:29:15.307 INFO Current price: 0.000000184745 - Current percentage: 82.71% - Max: 97.87% - Min: -1.20% - Market Cap 38254 - Trading time: 00:03:14
08-09-2025 07:29:16.467 INFO Current price: 0.000000184492 - Current percentage: 82.73% - Max: 97.87% - Min: -1.20% - Market Cap 38259 - Trading time: 00:03:15
08-09-2025 07:29:17.710 INFO Current price: 0.000000190369 - Current percentage: 94.54% - Max: 97.87% - Min: -1.20% - Market Cap 40730 - Trading time: 00:03:16
08-09-2025 07:29:18.438 INFO Current price: 0.000000197409 - Current percentage: 96.50% - Max: 97.87% - Min: -1.20% - Market Cap 41141 - Trading time: 00:03:17
08-09-2025 07:29:21.239 INFO Current price: 0.000000205542 - Current percentage: 110.90% - Max: 110.90% - Min: -1.20% - Market Cap 44155 - Trading time: 00:03:19
08-09-2025 07:29:22.969 INFO Current price: 0.000000205084 - Current percentage: 95.63% - Max: 110.90% - Min: -1.20% - Market Cap 40958 - Trading time: 00:03:21
08-09-2025 07:29:23.018 INFO Current price: 0.000000199357 - Current percentage: 99.28% - Max: 110.90% - Min: -1.20% - Market Cap 41723 - Trading time: 00:03:21
08-09-2025 07:29:23.154 INFO Current price: 0.000000192871 - Current percentage: 83.10% - Max: 110.90% - Min: -1.20% - Market Cap 38336 - Trading time: 00:03:21
08-09-2025 07:29:24.081 INFO Current price: 0.000000184840 - Current percentage: 83.03% - Max: 110.90% - Min: -1.20% - Market Cap 38321 - Trading time: 00:03:22
08-09-2025 07:29:24.083 INFO Current price: 0.000000184773 - Current percentage: 82.97% - Max: 110.90% - Min: -1.20% - Market Cap 38308 - Trading time: 00:03:22
08-09-2025 07:29:24.853 INFO Current price: 0.000000178292 - Current percentage: 70.42% - Max: 110.90% - Min: -1.20% - Market Cap 35680 - Trading time: 00:03:23
08-09-2025 07:29:26.093 INFO Current price: 0.000000168441 - Current percentage: 63.31% - Max: 110.90% - Min: -1.20% - Market Cap 34192 - Trading time: 00:03:24
08-09-2025 07:29:26.512 INFO Current price: 0.000000164957 - Current percentage: 63.44% - Max: 110.90% - Min: -1.20% - Market Cap 34219 - Trading time: 00:03:25
08-09-2025 07:29:28.710 INFO Current price: 0.000000171787 - Current percentage: 77.11% - Max: 110.90% - Min: -1.20% - Market Cap 37082 - Trading time: 00:03:27
08-09-2025 07:29:29.753 INFO Current price: 0.000000179652 - Current percentage: 78.75% - Max: 110.90% - Min: -1.20% - Market Cap 37424 - Trading time: 00:03:28
08-09-2025 07:29:33.623 INFO Current price: 0.000000186033 - Current percentage: 89.92% - Max: 110.90% - Min: -1.20% - Market Cap 39763 - Trading time: 00:03:32
08-09-2025 07:29:34.495 INFO Current price: 0.000000194197 - Current percentage: 94.78% - Max: 110.90% - Min: -1.20% - Market Cap 40781 - Trading time: 00:03:33
08-09-2025 07:29:34.754 INFO Current price: 0.000000195743 - Current percentage: 92.95% - Max: 110.90% - Min: -1.20% - Market Cap 40398 - Trading time: 00:03:33
08-09-2025 07:29:37.535 INFO Current price: 0.000000200665 - Current percentage: 104.70% - Max: 110.90% - Min: -1.20% - Market Cap 42858 - Trading time: 00:03:36
08-09-2025 07:29:40.470 INFO Current price: 0.000000206591 - Current percentage: 104.52% - Max: 110.90% - Min: -1.20% - Market Cap 42819 - Trading time: 00:03:39
08-09-2025 07:29:41.471 INFO Current price: 0.000000213704 - Current percentage: 119.04% - Max: 119.04% - Min: -1.20% - Market Cap 45860 - Trading time: 00:03:40
08-09-2025 07:29:42.262 INFO Current price: 0.000000222114 - Current percentage: 120.93% - Max: 120.93% - Min: -1.20% - Market Cap 46256 - Trading time: 00:03:40
08-09-2025 07:29:44.969 INFO Current price: 0.000000212033 - Current percentage: 99.61% - Max: 120.93% - Min: -1.20% - Market Cap 41792 - Trading time: 00:03:43
08-09-2025 07:29:54.701 INFO Current price: 0.000000201665 - Current percentage: 99.85% - Max: 120.93% - Min: -1.20% - Market Cap 41843 - Trading time: 00:03:53
08-09-2025 07:29:56.480 INFO Current price: 0.000000202539 - Current percentage: 101.34% - Max: 120.93% - Min: -1.20% - Market Cap 42155 - Trading time: 00:03:55
08-09-2025 07:30:02.690 INFO Current price: 0.000000192055 - Current percentage: 79.70% - Max: 120.93% - Min: -1.20% - Market Cap 37623 - Trading time: 00:04:01
08-09-2025 07:30:03.350 INFO Current price: 0.000000183811 - Current percentage: 84.43% - Max: 120.93% - Min: -1.20% - Market Cap 38614 - Trading time: 00:04:02
08-09-2025 07:30:07.722 INFO Current price: 0.000000186338 - Current percentage: 84.67% - Max: 120.93% - Min: -1.20% - Market Cap 38664 - Trading time: 00:04:06
08-09-2025 07:30:07.735 INFO Current price: 0.000000186942 - Current percentage: 85.63% - Max: 120.93% - Min: -1.20% - Market Cap 38864 - Trading time: 00:04:06
08-09-2025 07:30:10.539 INFO Current price: 0.000000193088 - Current percentage: 97.02% - Max: 120.93% - Min: -1.20% - Market Cap 41249 - Trading time: 00:04:09
08-09-2025 07:30:14.314 INFO Current price: 0.000000199645 - Current percentage: 98.45% - Max: 120.93% - Min: -1.20% - Market Cap 41549 - Trading time: 00:04:13
08-09-2025 07:30:14.326 INFO Current price: 0.000000207293 - Current percentage: 112.40% - Max: 120.93% - Min: -1.20% - Market Cap 44469 - Trading time: 00:04:13
08-09-2025 07:30:14.327 INFO Current price: 0.000000213650 - Current percentage: 110.81% - Max: 120.93% - Min: -1.20% - Market Cap 44137 - Trading time: 00:04:13
08-09-2025 07:30:17.242 INFO Current price: 0.000000220217 - Current percentage: 125.66% - Max: 125.66% - Min: -1.20% - Market Cap 47245 - Trading time: 00:04:15
08-09-2025 07:30:20.735 INFO Current price: 0.000000228833 - Current percentage: 127.63% - Max: 127.63% - Min: -1.20% - Market Cap 47657 - Trading time: 00:04:19
08-09-2025 07:30:22.673 INFO Current price: 0.000000222637 - Current percentage: 113.60% - Max: 127.63% - Min: -1.20% - Market Cap 44721 - Trading time: 00:04:21
08-09-2025 07:30:22.689 INFO Current price: 0.000000208716 - Current percentage: 100.05% - Max: 127.63% - Min: -1.20% - Market Cap 41884 - Trading time: 00:04:21
08-09-2025 07:30:24.859 INFO Current price: 0.000000202680 - Current percentage: 101.43% - Max: 127.63% - Min: -1.20% - Market Cap 42172 - Trading time: 00:04:23
08-09-2025 07:30:24.861 INFO Current price: 0.000000194859 - Current percentage: 84.91% - Max: 127.63% - Min: -1.20% - Market Cap 38714 - Trading time: 00:04:23
08-09-2025 07:30:27.195 INFO Current price: 0.000000186720 - Current percentage: 84.95% - Max: 127.63% - Min: -1.20% - Market Cap 38723 - Trading time: 00:04:25
08-09-2025 07:30:30.830 INFO Current price: 0.000000186882 - Current percentage: 85.23% - Max: 127.63% - Min: -1.20% - Market Cap 38781 - Trading time: 00:04:29
08-09-2025 07:30:30.837 INFO Current price: 0.000000187171 - Current percentage: 85.52% - Max: 127.63% - Min: -1.20% - Market Cap 38843 - Trading time: 00:04:29
08-09-2025 07:30:32.546 INFO Current price: 0.000000187916 - Current percentage: 86.71% - Max: 127.63% - Min: -1.20% - Market Cap 39090 - Trading time: 00:04:31
08-09-2025 07:30:40.366 INFO Current price: 0.000000189659 - Current percentage: 88.98% - Max: 127.63% - Min: -1.20% - Market Cap 39567 - Trading time: 00:04:39
08-09-2025 07:30:48.520 INFO Current price: 0.000000183896 - Current percentage: 75.53% - Max: 127.63% - Min: -1.20% - Market Cap 36750 - Trading time: 00:04:47
08-09-2025 07:30:52.172 INFO Current price: 0.000000177300 - Current percentage: 75.67% - Max: 127.63% - Min: -1.20% - Market Cap 36780 - Trading time: 00:04:50
08-09-2025 07:30:52.464 INFO Current price: 0.000000177258 - Current percentage: 75.45% - Max: 127.63% - Min: -1.20% - Market Cap 36733 - Trading time: 00:04:51
08-09-2025 07:30:52.838 INFO Current price: 0.000000178174 - Current percentage: 77.49% - Max: 127.63% - Min: -1.20% - Market Cap 37161 - Trading time: 00:04:51
08-09-2025 07:31:08.702 INFO Current price: 0.000000181569 - Current percentage: 82.20% - Max: 127.63% - Min: -1.20% - Market Cap 38146 - Trading time: 00:05:07
08-09-2025 07:31:15.380 INFO Current price: 0.000000183978 - Current percentage: 82.23% - Max: 127.63% - Min: -1.20% - Market Cap 38154 - Trading time: 00:05:14
08-09-2025 07:31:16.699 INFO Current price: 0.000000184965 - Current percentage: 84.16% - Max: 127.63% - Min: -1.20% - Market Cap 38556 - Trading time: 00:05:15
08-09-2025 07:31:22.088 INFO Current price: 0.000000189304 - Current percentage: 90.88% - Max: 127.63% - Min: -1.20% - Market Cap 39964 - Trading time: 00:05:20
08-09-2025 07:31:27.052 INFO Current price: 0.000000193504 - Current percentage: 92.42% - Max: 127.63% - Min: -1.20% - Market Cap 40286 - Trading time: 00:05:25
08-09-2025 07:31:31.404 INFO Current price: 0.000000194853 - Current percentage: 93.55% - Max: 127.63% - Min: -1.20% - Market Cap 40524 - Trading time: 00:05:30
08-09-2025 07:31:38.966 INFO Current price: 0.000000196534 - Current percentage: 95.75% - Max: 127.63% - Min: -1.20% - Market Cap 40985 - Trading time: 00:05:37
08-09-2025 07:31:42.160 INFO Current price: 0.000000197554 - Current percentage: 95.57% - Max: 127.63% - Min: -1.20% - Market Cap 40945 - Trading time: 00:05:40
08-09-2025 07:31:42.414 INFO Current price: 0.000000197371 - Current percentage: 95.39% - Max: 127.63% - Min: -1.20% - Market Cap 40909 - Trading time: 00:05:41
08-09-2025 07:31:53.447 INFO Current price: 0.000000198274 - Current percentage: 97.36% - Max: 127.63% - Min: -1.20% - Market Cap 41321 - Trading time: 00:05:52
08-09-2025 07:31:59.362 INFO Current price: 0.000000193569 - Current percentage: 86.23% - Max: 127.63% - Min: -1.20% - Market Cap 38990 - Trading time: 00:05:58
08-09-2025 07:32:00.895 INFO Current price: 0.000000189843 - Current percentage: 89.84% - Max: 127.63% - Min: -1.20% - Market Cap 39745 - Trading time: 00:05:59
08-09-2025 07:32:02.403 INFO Current price: 0.000000184728 - Current percentage: 76.33% - Max: 127.63% - Min: -1.20% - Market Cap 36917 - Trading time: 00:06:01
08-09-2025 07:32:07.192 INFO Current price: 0.000000180387 - Current percentage: 81.02% - Max: 127.63% - Min: -1.20% - Market Cap 37899 - Trading time: 00:06:05
08-09-2025 07:32:09.325 INFO Current price: 0.000000189072 - Current percentage: 93.72% - Max: 127.63% - Min: -1.20% - Market Cap 40558 - Trading time: 00:06:08
08-09-2025 07:32:10.114 INFO Current price: 0.000000196824 - Current percentage: 96.17% - Max: 127.63% - Min: -1.20% - Market Cap 41071 - Trading time: 00:06:08
08-09-2025 07:32:12.360 INFO Current price: 0.000000204874 - Current percentage: 109.89% - Max: 127.63% - Min: -1.20% - Market Cap 43943 - Trading time: 00:06:11
08-09-2025 07:32:17.428 INFO Current price: 0.000000217654 - Current percentage: 121.40% - Max: 127.63% - Min: -1.20% - Market Cap 46355 - Trading time: 00:06:16
08-09-2025 07:32:18.603 INFO Current price: 0.000000231110 - Current percentage: 136.64% - Max: 136.64% - Min: -1.20% - Market Cap 49544 - Trading time: 00:06:17
08-09-2025 07:32:19.675 INFO Current price: 0.000000239882 - Current percentage: 138.53% - Max: 138.53% - Min: -1.20% - Market Cap 49940 - Trading time: 00:06:18
08-09-2025 07:32:22.781 INFO Current price: 0.000000248143 - Current percentage: 153.22% - Max: 153.22% - Min: -1.20% - Market Cap 53015 - Trading time: 00:06:21
08-09-2025 07:32:26.475 INFO Current price: 0.000000262882 - Current percentage: 167.71% - Max: 167.71% - Min: -1.20% - Market Cap 56050 - Trading time: 00:06:25
08-09-2025 07:32:27.283 INFO Current price: 0.000000272068 - Current percentage: 171.22% - Max: 171.22% - Min: -1.20% - Market Cap 56785 - Trading time: 00:06:25
08-09-2025 07:32:27.485 INFO Current price: 0.000000273885 - Current percentage: 171.30% - Max: 171.30% - Min: -1.20% - Market Cap 56800 - Trading time: 00:06:26
08-09-2025 07:32:28.362 INFO Current price: 0.000000273811 - Current percentage: 171.08% - Max: 171.30% - Min: -1.20% - Market Cap 56754 - Trading time: 00:06:27
08-09-2025 07:32:31.022 INFO Current price: 0.000000263996 - Current percentage: 152.20% - Max: 171.30% - Min: -1.20% - Market Cap 52802 - Trading time: 00:06:29
08-09-2025 07:32:31.532 INFO Current price: 0.000000257387 - Current percentage: 157.67% - Max: 171.30% - Min: -1.20% - Market Cap 53948 - Trading time: 00:06:30
08-09-2025 07:32:31.981 INFO Current price: 0.000000261048 - Current percentage: 159.42% - Max: 171.30% - Min: -1.20% - Market Cap 54314 - Trading time: 00:06:30
08-09-2025 07:32:34.825 INFO Current price: 0.000000252350 - Current percentage: 140.79% - Max: 171.30% - Min: -1.20% - Market Cap 50413 - Trading time: 00:06:33
08-09-2025 07:32:35.092 INFO Current price: 0.000000243660 - Current percentage: 141.86% - Max: 171.30% - Min: -1.20% - Market Cap 50638 - Trading time: 00:06:33
08-09-2025 07:32:35.097 INFO Current price: 0.000000236293 - Current percentage: 126.45% - Max: 171.30% - Min: -1.20% - Market Cap 47410 - Trading time: 00:06:33
08-09-2025 07:32:35.144 INFO Current price: 0.000000229954 - Current percentage: 129.06% - Max: 171.30% - Min: -1.20% - Market Cap 47958 - Trading time: 00:06:33
08-09-2025 07:32:35.222 INFO Current price: 0.000000232866 - Current percentage: 132.22% - Max: 171.30% - Min: -1.20% - Market Cap 48619 - Trading time: 00:06:33
08-09-2025 07:32:35.285 INFO Current price: 0.000000234450 - Current percentage: 132.19% - Max: 171.30% - Min: -1.20% - Market Cap 48613 - Trading time: 00:06:33
08-09-2025 07:32:36.642 INFO Current price: 0.000000233375 - Current percentage: 130.09% - Max: 171.30% - Min: -1.20% - Market Cap 48174 - Trading time: 00:06:35
08-09-2025 07:32:38.698 INFO Current price: 0.000000229295 - Current percentage: 124.14% - Max: 171.30% - Min: -1.20% - Market Cap 46927 - Trading time: 00:06:37
08-09-2025 07:32:38.953 INFO Current price: 0.000000223927 - Current percentage: 119.44% - Max: 171.30% - Min: -1.20% - Market Cap 45945 - Trading time: 00:06:37
08-09-2025 07:32:42.873 INFO Current price: 0.000000222094 - Current percentage: 120.49% - Max: 171.30% - Min: -1.20% - Market Cap 46162 - Trading time: 00:06:41
08-09-2025 07:32:46.590 INFO Current price: 0.000000215051 - Current percentage: 105.75% - Max: 171.30% - Min: -1.20% - Market Cap 43077 - Trading time: 00:06:45
08-09-2025 07:32:48.083 INFO Current price: 0.000000210223 - Current percentage: 110.70% - Max: 171.30% - Min: -1.20% - Market Cap 44113 - Trading time: 00:06:46
08-09-2025 07:32:48.668 INFO Current price: 0.000000212788 - Current percentage: 110.80% - Max: 171.30% - Min: -1.20% - Market Cap 44134 - Trading time: 00:06:47
08-09-2025 07:32:50.693 INFO Current price: 0.000000205950 - Current percentage: 97.37% - Max: 171.30% - Min: -1.20% - Market Cap 41323 - Trading time: 00:06:49
08-09-2025 07:32:51.231 INFO Current price: 0.000000192579 - Current percentage: 84.32% - Max: 171.30% - Min: -1.20% - Market Cap 38590 - Trading time: 00:06:49
08-09-2025 07:32:51.340 INFO Current price: 0.000000186911 - Current percentage: 85.93% - Max: 171.30% - Min: -1.20% - Market Cap 38927 - Trading time: 00:06:50
08-09-2025 07:32:51.852 INFO Current price: 0.000000187519 - Current percentage: 85.52% - Max: 171.30% - Min: -1.20% - Market Cap 38841 - Trading time: 00:06:50
08-09-2025 07:32:51.908 INFO Current price: 0.000000187125 - Current percentage: 85.15% - Max: 171.30% - Min: -1.20% - Market Cap 38763 - Trading time: 00:06:50
08-09-2025 07:32:52.138 INFO Current price: 0.000000186814 - Current percentage: 84.90% - Max: 171.30% - Min: -1.20% - Market Cap 38712 - Trading time: 00:06:50
08-09-2025 07:32:53.209 INFO Current price: 0.000000186809 - Current percentage: 85.13% - Max: 171.30% - Min: -1.20% - Market Cap 38761 - Trading time: 00:06:51
08-09-2025 07:32:53.926 INFO Current price: 0.000000192577 - Current percentage: 96.50% - Max: 171.30% - Min: -1.20% - Market Cap 41140 - Trading time: 00:06:52
08-09-2025 07:32:58.263 INFO Current price: 0.000000203677 - Current percentage: 107.09% - Max: 171.30% - Min: -1.20% - Market Cap 43358 - Trading time: 00:06:56
08-09-2025 07:32:58.550 INFO Current price: 0.000000210158 - Current percentage: 109.20% - Max: 171.30% - Min: -1.20% - Market Cap 43800 - Trading time: 00:06:57
08-09-2025 07:32:59.871 INFO Current price: 0.000000203919 - Current percentage: 94.98% - Max: 171.30% - Min: -1.20% - Market Cap 40822 - Trading time: 00:06:58
08-09-2025 07:33:00.162 INFO Current price: 0.000000190550 - Current percentage: 82.67% - Max: 171.30% - Min: -1.20% - Market Cap 38245 - Trading time: 00:06:58
08-09-2025 07:33:01.285 INFO Current price: 0.000000185396 - Current percentage: 84.57% - Max: 171.30% - Min: -1.20% - Market Cap 38643 - Trading time: 00:06:59
08-09-2025 07:33:02.395 INFO Current price: 0.000000188219 - Current percentage: 88.28% - Max: 171.30% - Min: -1.20% - Market Cap 39419 - Trading time: 00:07:01
08-09-2025 07:33:07.447 INFO Current price: 0.000000190949 - Current percentage: 89.96% - Max: 171.30% - Min: -1.20% - Market Cap 39772 - Trading time: 00:07:06
08-09-2025 07:33:07.837 INFO Current price: 0.000000191681 - Current percentage: 89.72% - Max: 171.30% - Min: -1.20% - Market Cap 39722 - Trading time: 00:07:06
08-09-2025 07:33:09.086 INFO Current price: 0.000000191800 - Current percentage: 90.20% - Max: 171.30% - Min: -1.20% - Market Cap 39822 - Trading time: 00:07:07
08-09-2025 07:33:13.362 INFO Current price: 0.000000193136 - Current percentage: 92.37% - Max: 171.30% - Min: -1.20% - Market Cap 40277 - Trading time: 00:07:12
08-09-2025 07:33:20.267 INFO Current price: 0.000000189456 - Current percentage: 83.02% - Max: 171.30% - Min: -1.20% - Market Cap 38319 - Trading time: 00:07:18
08-09-2025 07:33:20.445 INFO Current price: 0.000000179453 - Current percentage: 72.60% - Max: 171.30% - Min: -1.20% - Market Cap 36136 - Trading time: 00:07:19
08-09-2025 07:33:21.272 INFO Current price: 0.000000174270 - Current percentage: 72.60% - Max: 171.30% - Min: -1.20% - Market Cap 36137 - Trading time: 00:07:19
08-09-2025 07:33:25.843 INFO Current price: 0.000000174970 - Current percentage: 73.99% - Max: 171.30% - Min: -1.20% - Market Cap 36427 - Trading time: 00:07:24
08-09-2025 07:33:29.659 INFO Current price: 0.000000177865 - Current percentage: 78.36% - Max: 171.30% - Min: -1.20% - Market Cap 37343 - Trading time: 00:07:28
08-09-2025 07:33:31.889 INFO Current price: 0.000000180559 - Current percentage: 79.30% - Max: 171.30% - Min: -1.20% - Market Cap 37539 - Trading time: 00:07:30
08-09-2025 07:33:38.540 INFO Current price: 0.000000181982 - Current percentage: 81.18% - Max: 171.30% - Min: -1.20% - Market Cap 37934 - Trading time: 00:07:37
08-09-2025 07:33:39.190 INFO Current price: 0.000000184848 - Current percentage: 84.99% - Max: 171.30% - Min: -1.20% - Market Cap 38731 - Trading time: 00:07:37
08-09-2025 07:33:39.554 INFO Current price: 0.000000186803 - Current percentage: 85.04% - Max: 171.30% - Min: -1.20% - Market Cap 38740 - Trading time: 00:07:38
08-09-2025 07:33:44.839 INFO Current price: 0.000000186006 - Current percentage: 83.41% - Max: 171.30% - Min: -1.20% - Market Cap 38401 - Trading time: 00:07:43
08-09-2025 07:33:45.214 INFO Current price: 0.000000184235 - Current percentage: 81.53% - Max: 171.30% - Min: -1.20% - Market Cap 38006 - Trading time: 00:07:43
08-09-2025 07:33:49.077 INFO Current price: 0.000000184121 - Current percentage: 83.19% - Max: 171.30% - Min: -1.20% - Market Cap 38353 - Trading time: 00:07:47
08-09-2025 07:33:52.788 INFO Current price: 0.000000190581 - Current percentage: 94.49% - Max: 171.30% - Min: -1.20% - Market Cap 40720 - Trading time: 00:07:51
08-09-2025 07:33:53.475 INFO Current price: 0.000000198692 - Current percentage: 99.11% - Max: 171.30% - Min: -1.20% - Market Cap 41687 - Trading time: 00:07:52
08-09-2025 07:33:55.432 INFO Current price: 0.000000207894 - Current percentage: 112.92% - Max: 171.30% - Min: -1.20% - Market Cap 44579 - Trading time: 00:07:54
08-09-2025 07:33:58.622 INFO Current price: 0.000000221043 - Current percentage: 125.09% - Max: 171.30% - Min: -1.20% - Market Cap 47127 - Trading time: 00:07:57
08-09-2025 07:33:59.511 INFO Current price: 0.000000220956 - Current percentage: 112.75% - Max: 171.30% - Min: -1.20% - Market Cap 44544 - Trading time: 00:07:58
08-09-2025 07:33:59.708 INFO Current price: 0.000000209543 - Current percentage: 102.44% - Max: 171.30% - Min: -1.20% - Market Cap 42385 - Trading time: 00:07:58
08-09-2025 07:34:02.067 INFO Current price: 0.000000198316 - Current percentage: 90.57% - Max: 171.30% - Min: -1.20% - Market Cap 39899 - Trading time: 00:08:00
08-09-2025 07:34:05.099 INFO Current price: 0.000000193512 - Current percentage: 92.75% - Max: 171.30% - Min: -1.20% - Market Cap 40356 - Trading time: 00:08:03
08-09-2025 07:34:06.792 INFO Current price: 0.000000197077 - Current percentage: 97.65% - Max: 171.30% - Min: -1.20% - Market Cap 41382 - Trading time: 00:08:05
08-09-2025 07:34:09.980 INFO Current price: 0.000000200190 - Current percentage: 98.89% - Max: 171.30% - Min: -1.20% - Market Cap 41641 - Trading time: 00:08:08
08-09-2025 07:34:21.110 INFO Current price: 0.000000201938 - Current percentage: 101.12% - Max: 171.30% - Min: -1.20% - Market Cap 42108 - Trading time: 00:08:19
08-09-2025 07:34:25.264 INFO Current price: 0.000000203206 - Current percentage: 101.39% - Max: 171.30% - Min: -1.20% - Market Cap 42166 - Trading time: 00:08:23
08-09-2025 07:34:26.106 INFO Current price: 0.000000204224 - Current percentage: 103.14% - Max: 171.30% - Min: -1.20% - Market Cap 42531 - Trading time: 00:08:24
08-09-2025 07:34:30.362 INFO Current price: 0.000000207410 - Current percentage: 107.73% - Max: 171.30% - Min: -1.20% - Market Cap 43491 - Trading time: 00:08:29
08-09-2025 07:34:32.215 INFO Current price: 0.000000210504 - Current percentage: 109.25% - Max: 171.30% - Min: -1.20% - Market Cap 43809 - Trading time: 00:08:30
08-09-2025 07:34:33.011 INFO Current price: 0.000000205770 - Current percentage: 98.49% - Max: 171.30% - Min: -1.20% - Market Cap 41557 - Trading time: 00:08:31
08-09-2025 07:34:33.229 INFO Current price: 0.000000194441 - Current percentage: 86.84% - Max: 171.30% - Min: -1.20% - Market Cap 39118 - Trading time: 00:08:31
08-09-2025 07:34:35.502 INFO Current price: 0.000000194784 - Current percentage: 99.19% - Max: 171.30% - Min: -1.20% - Market Cap 41704 - Trading time: 00:08:34
08-09-2025 07:34:36.461 INFO Current price: 0.000000200044 - Current percentage: 97.07% - Max: 171.30% - Min: -1.20% - Market Cap 41260 - Trading time: 00:08:35
08-09-2025 07:34:40.027 INFO Current price: 0.000000199467 - Current percentage: 98.04% - Max: 171.30% - Min: -1.20% - Market Cap 41463 - Trading time: 00:08:38
08-09-2025 07:34:40.052 INFO Current price: 0.000000206829 - Current percentage: 111.89% - Max: 171.30% - Min: -1.20% - Market Cap 44362 - Trading time: 00:08:38
08-09-2025 07:34:41.919 INFO Current price: 0.000000214179 - Current percentage: 112.37% - Max: 171.30% - Min: -1.20% - Market Cap 44462 - Trading time: 00:08:40
08-09-2025 07:34:43.143 INFO Current price: 0.000000220474 - Current percentage: 124.52% - Max: 171.30% - Min: -1.20% - Market Cap 47008 - Trading time: 00:08:41
08-09-2025 07:34:45.892 INFO Current price: 0.000000233703 - Current percentage: 138.62% - Max: 171.30% - Min: -1.20% - Market Cap 49958 - Trading time: 00:08:44
08-09-2025 07:34:47.054 INFO Current price: 0.000000243661 - Current percentage: 144.07% - Max: 171.30% - Min: -1.20% - Market Cap 51099 - Trading time: 00:08:45
08-09-2025 07:34:47.822 INFO Current price: 0.000000237748 - Current percentage: 127.18% - Max: 171.30% - Min: -1.20% - Market Cap 47563 - Trading time: 00:08:46
08-09-2025 07:34:47.833 INFO Current price: 0.000000221677 - Current percentage: 112.18% - Max: 171.30% - Min: -1.20% - Market Cap 44424 - Trading time: 00:08:46
08-09-2025 07:34:50.332 INFO Current price: 0.000000215269 - Current percentage: 114.23% - Max: 171.30% - Min: -1.20% - Market Cap 44853 - Trading time: 00:08:49
08-09-2025 07:34:50.546 INFO Current price: 0.000000210516 - Current percentage: 102.92% - Max: 171.30% - Min: -1.20% - Market Cap 42484 - Trading time: 00:08:49
08-09-2025 07:34:54.296 INFO Current price: 0.000000210798 - Current percentage: 114.81% - Max: 171.30% - Min: -1.20% - Market Cap 44973 - Trading time: 00:08:52
08-09-2025 07:34:54.498 INFO Current price: 0.000000217434 - Current percentage: 115.89% - Max: 171.30% - Min: -1.20% - Market Cap 45201 - Trading time: 00:08:53
08-09-2025 07:35:00.860 INFO Current price: 0.000000209615 - Current percentage: 100.66% - Max: 171.30% - Min: -1.20% - Market Cap 42012 - Trading time: 00:08:59
08-09-2025 07:35:01.005 INFO Current price: 0.000000197339 - Current percentage: 90.37% - Max: 171.30% - Min: -1.20% - Market Cap 39857 - Trading time: 00:08:59
08-09-2025 07:35:01.588 INFO Current price: 0.000000192470 - Current percentage: 90.88% - Max: 171.30% - Min: -1.20% - Market Cap 39965 - Trading time: 00:09:00
08-09-2025 07:35:02.089 INFO Current price: 0.000000192755 - Current percentage: 90.93% - Max: 171.30% - Min: -1.20% - Market Cap 39975 - Trading time: 00:09:00
08-09-2025 07:35:03.531 INFO Current price: 0.000000199764 - Current percentage: 105.02% - Max: 171.30% - Min: -1.20% - Market Cap 42924 - Trading time: 00:09:02
08-09-2025 07:35:03.806 INFO Current price: 0.000000207229 - Current percentage: 105.47% - Max: 171.30% - Min: -1.20% - Market Cap 43018 - Trading time: 00:09:02
08-09-2025 07:35:08.178 INFO Current price: 0.000000208600 - Current percentage: 107.74% - Max: 171.30% - Min: -1.20% - Market Cap 43494 - Trading time: 00:09:06
08-09-2025 07:35:08.180 INFO Current price: 0.000000203870 - Current percentage: 96.26% - Max: 171.30% - Min: -1.20% - Market Cap 41090 - Trading time: 00:09:06
08-09-2025 07:35:08.879 INFO Current price: 0.000000198181 - Current percentage: 96.31% - Max: 171.30% - Min: -1.20% - Market Cap 41100 - Trading time: 00:09:07
08-09-2025 07:35:09.922 INFO Current price: 0.000000205040 - Current percentage: 110.08% - Max: 171.30% - Min: -1.20% - Market Cap 43983 - Trading time: 00:09:08
08-09-2025 07:35:10.543 INFO Current price: 0.000000212314 - Current percentage: 110.48% - Max: 171.30% - Min: -1.20% - Market Cap 44068 - Trading time: 00:09:09
08-09-2025 07:35:13.087 INFO Current price: 0.000000213933 - Current percentage: 113.29% - Max: 171.30% - Min: -1.20% - Market Cap 44656 - Trading time: 00:09:11
08-09-2025 07:35:14.135 INFO Current price: 0.000000215408 - Current percentage: 113.39% - Max: 171.30% - Min: -1.20% - Market Cap 44678 - Trading time: 00:09:12
08-09-2025 07:35:14.711 INFO Current price: 0.000000221461 - Current percentage: 125.45% - Max: 171.30% - Min: -1.20% - Market Cap 47202 - Trading time: 00:09:13
08-09-2025 07:35:15.122 INFO Current price: 0.000000227790 - Current percentage: 125.76% - Max: 171.30% - Min: -1.20% - Market Cap 47268 - Trading time: 00:09:13
08-09-2025 07:35:15.132 INFO Current price: 0.000000225807 - Current percentage: 121.54% - Max: 171.30% - Min: -1.20% - Market Cap 46383 - Trading time: 00:09:13
08-09-2025 07:35:15.722 INFO Current price: 0.000000223790 - Current percentage: 121.75% - Max: 171.30% - Min: -1.20% - Market Cap 46427 - Trading time: 00:09:14
08-09-2025 07:35:18.095 INFO Current price: 0.000000229792 - Current percentage: 133.58% - Max: 171.30% - Min: -1.20% - Market Cap 48905 - Trading time: 00:09:16
08-09-2025 07:35:22.706 INFO Current price: 0.000000242974 - Current percentage: 147.92% - Max: 171.30% - Min: -1.20% - Market Cap 51906 - Trading time: 00:09:21
08-09-2025 07:35:23.597 INFO Current price: 0.000000242788 - Current percentage: 133.22% - Max: 171.30% - Min: -1.20% - Market Cap 48830 - Trading time: 00:09:22
08-09-2025 07:35:23.790 INFO Current price: 0.000000226722 - Current percentage: 116.19% - Max: 171.30% - Min: -1.20% - Market Cap 45264 - Trading time: 00:09:22
08-09-2025 07:35:24.988 INFO Current price: 0.000000218389 - Current percentage: 116.40% - Max: 171.30% - Min: -1.20% - Market Cap 45306 - Trading time: 00:09:23
08-09-2025 07:35:25.657 INFO Current price: 0.000000221098 - Current percentage: 121.59% - Max: 171.30% - Min: -1.20% - Market Cap 46394 - Trading time: 00:09:24
08-09-2025 07:35:26.612 INFO Current price: 0.000000224944 - Current percentage: 123.99% - Max: 171.30% - Min: -1.20% - Market Cap 46896 - Trading time: 00:09:25
08-09-2025 07:35:29.463 INFO Current price: 0.000000228808 - Current percentage: 129.27% - Max: 171.30% - Min: -1.20% - Market Cap 48002 - Trading time: 00:09:28
08-09-2025 07:35:30.197 INFO Current price: 0.000000233635 - Current percentage: 133.54% - Max: 171.30% - Min: -1.20% - Market Cap 48896 - Trading time: 00:09:28
08-09-2025 07:35:36.592 INFO Current price: 0.000000236748 - Current percentage: 135.42% - Max: 171.30% - Min: -1.20% - Market Cap 49289 - Trading time: 00:09:35
08-09-2025 07:35:39.687 INFO Current price: 0.000000237806 - Current percentage: 135.63% - Max: 171.30% - Min: -1.20% - Market Cap 49334 - Trading time: 00:09:38
08-09-2025 07:35:43.324 INFO Current price: 0.000000239840 - Current percentage: 139.46% - Max: 171.30% - Min: -1.20% - Market Cap 50136 - Trading time: 00:09:42
08-09-2025 07:35:44.004 INFO Current price: 0.000000239800 - Current percentage: 135.55% - Max: 171.30% - Min: -1.20% - Market Cap 49317 - Trading time: 00:09:42
08-09-2025 07:35:47.924 INFO Current price: 0.000000238651 - Current percentage: 137.17% - Max: 171.30% - Min: -1.20% - Market Cap 49656 - Trading time: 00:09:46
08-09-2025 07:35:51.428 INFO Current price: 0.000000239533 - Current percentage: 137.30% - Max: 171.30% - Min: -1.20% - Market Cap 49683 - Trading time: 00:09:50
08-09-2025 07:35:53.063 INFO Current price: 0.000000236557 - Current percentage: 131.32% - Max: 171.30% - Min: -1.20% - Market Cap 48430 - Trading time: 00:09:51
08-09-2025 07:35:57.836 INFO Current price: 0.000000226855 - Current percentage: 117.74% - Max: 171.30% - Min: -1.20% - Market Cap 45587 - Trading time: 00:09:56
08-09-2025 07:35:59.009 INFO Current price: 0.000000212392 - Current percentage: 103.22% - Max: 171.30% - Min: -1.20% - Market Cap 42548 - Trading time: 00:09:57
08-09-2025 07:35:59.344 INFO Current price: 0.000000205097 - Current percentage: 103.04% - Max: 171.30% - Min: -1.20% - Market Cap 42510 - Trading time: 00:09:58
08-09-2025 07:35:59.447 INFO Current price: 0.000000199724 - Current percentage: 92.71% - Max: 171.30% - Min: -1.20% - Market Cap 40348 - Trading time: 00:09:58
08-09-2025 07:36:02.007 INFO Current price: 0.000000196704 - Current percentage: 96.94% - Max: 171.30% - Min: -1.20% - Market Cap 41234 - Trading time: 00:10:00
08-09-2025 07:36:03.102 INFO Current price: 0.000000199970 - Current percentage: 99.17% - Max: 171.30% - Min: -1.20% - Market Cap 41699 - Trading time: 00:10:01
08-09-2025 07:36:16.682 INFO Current price: 0.000000201719 - Current percentage: 100.41% - Max: 171.30% - Min: -1.20% - Market Cap 41959 - Trading time: 00:10:15
08-09-2025 07:36:19.359 INFO Current price: 0.000000202798 - Current percentage: 101.30% - Max: 171.30% - Min: -1.20% - Market Cap 42146 - Trading time: 00:10:18
08-09-2025 07:36:19.594 INFO Current price: 0.000000204259 - Current percentage: 103.31% - Max: 171.30% - Min: -1.20% - Market Cap 42566 - Trading time: 00:10:18
08-09-2025 07:36:23.823 INFO Current price: 0.000000205348 - Current percentage: 103.45% - Max: 171.30% - Min: -1.20% - Market Cap 42596 - Trading time: 00:10:22
08-09-2025 07:36:26.242 INFO Current price: 0.000000204110 - Current percentage: 100.86% - Max: 171.30% - Min: -1.20% - Market Cap 42054 - Trading time: 00:10:24
08-09-2025 07:36:26.266 INFO Current price: 0.000000203055 - Current percentage: 101.35% - Max: 171.30% - Min: -1.20% - Market Cap 42157 - Trading time: 00:10:24
08-09-2025 07:36:26.918 INFO Current price: 0.000000203097 - Current percentage: 100.95% - Max: 171.30% - Min: -1.20% - Market Cap 42071 - Trading time: 00:10:25
08-09-2025 07:36:28.492 INFO Current price: 0.000000202644 - Current percentage: 100.46% - Max: 171.30% - Min: -1.20% - Market Cap 41969 - Trading time: 00:10:27
08-09-2025 07:36:29.675 INFO Current price: 0.000000209273 - Current percentage: 114.31% - Max: 171.30% - Min: -1.20% - Market Cap 44869 - Trading time: 00:10:28
08-09-2025 07:36:32.869 INFO Current price: 0.000000217678 - Current percentage: 116.88% - Max: 171.30% - Min: -1.20% - Market Cap 45408 - Trading time: 00:10:31
08-09-2025 07:36:36.056 INFO Current price: 0.000000224814 - Current percentage: 128.59% - Max: 171.30% - Min: -1.20% - Market Cap 47859 - Trading time: 00:10:34
08-09-2025 07:36:38.145 INFO Current price: 0.000000224941 - Current percentage: 117.13% - Max: 171.30% - Min: -1.20% - Market Cap 45459 - Trading time: 00:10:36
08-09-2025 07:36:38.506 INFO Current price: 0.000000213197 - Current percentage: 105.34% - Max: 171.30% - Min: -1.20% - Market Cap 42992 - Trading time: 00:10:37
08-09-2025 07:36:40.666 INFO Current price: 0.000000209052 - Current percentage: 108.77% - Max: 171.30% - Min: -1.20% - Market Cap 43709 - Trading time: 00:10:39
08-09-2025 07:36:45.448 INFO Current price: 0.000000213333 - Current percentage: 113.84% - Max: 171.30% - Min: -1.20% - Market Cap 44771 - Trading time: 00:10:44
08-09-2025 07:36:49.327 INFO Current price: 0.000000215891 - Current percentage: 113.80% - Max: 171.30% - Min: -1.20% - Market Cap 44763 - Trading time: 00:10:48
08-09-2025 07:37:00.755 INFO Current price: 0.000000217977 - Current percentage: 117.99% - Max: 171.30% - Min: -1.20% - Market Cap 45641 - Trading time: 00:10:59
08-09-2025 07:37:03.125 INFO Current price: 0.000000221709 - Current percentage: 121.18% - Max: 171.30% - Min: -1.20% - Market Cap 46309 - Trading time: 00:11:01
08-09-2025 07:37:05.139 INFO Current price: 0.000000225960 - Current percentage: 126.43% - Max: 171.30% - Min: -1.20% - Market Cap 47408 - Trading time: 00:11:03
08-09-2025 07:37:06.825 INFO Current price: 0.000000230890 - Current percentage: 130.94% - Max: 171.30% - Min: -1.20% - Market Cap 48352 - Trading time: 00:11:05
08-09-2025 07:37:07.910 INFO Current price: 0.000000232903 - Current percentage: 130.40% - Max: 171.30% - Min: -1.20% - Market Cap 48238 - Trading time: 00:11:06
08-09-2025 07:37:08.749 INFO Current price: 0.000000232893 - Current percentage: 130.92% - Max: 171.30% - Min: -1.20% - Market Cap 48348 - Trading time: 00:11:07
08-09-2025 07:37:11.602 INFO Current price: 0.000000230049 - Current percentage: 124.81% - Max: 171.30% - Min: -1.20% - Market Cap 47067 - Trading time: 00:11:10
08-09-2025 07:37:12.158 INFO Current price: 0.000000225782 - Current percentage: 122.44% - Max: 171.30% - Min: -1.20% - Market Cap 46571 - Trading time: 00:11:10
08-09-2025 07:37:13.432 INFO Current price: 0.000000225513 - Current percentage: 124.27% - Max: 171.30% - Min: -1.20% - Market Cap 46955 - Trading time: 00:11:12
08-09-2025 07:37:16.310 INFO Current price: 0.000000228653 - Current percentage: 128.67% - Max: 171.30% - Min: -1.20% - Market Cap 47877 - Trading time: 00:11:15
08-09-2025 07:37:20.532 INFO Current price: 0.000000231252 - Current percentage: 129.40% - Max: 171.30% - Min: -1.20% - Market Cap 48028 - Trading time: 00:11:19
08-09-2025 07:37:24.381 INFO Current price: 0.000000231374 - Current percentage: 128.91% - Max: 171.30% - Min: -1.20% - Market Cap 47927 - Trading time: 00:11:23
08-09-2025 07:37:26.427 INFO Current price: 0.000000231985 - Current percentage: 130.61% - Max: 171.30% - Min: -1.20% - Market Cap 48282 - Trading time: 00:11:25
08-09-2025 07:37:28.530 INFO Current price: 0.000000229713 - Current percentage: 124.45% - Max: 171.30% - Min: -1.20% - Market Cap 46993 - Trading time: 00:11:27
08-09-2025 07:37:28.947 INFO Current price: 0.000000223791 - Current percentage: 118.87% - Max: 171.30% - Min: -1.20% - Market Cap 45825 - Trading time: 00:11:27
08-09-2025 07:37:32.514 INFO Current price: 0.000000228791 - Current percentage: 134.59% - Max: 171.30% - Min: -1.20% - Market Cap 49116 - Trading time: 00:11:31
08-09-2025 07:37:32.514 INFO Current price: 0.000000229838 - Current percentage: 120.88% - Max: 171.30% - Min: -1.20% - Market Cap 46245 - Trading time: 00:11:31
08-09-2025 07:37:35.219 INFO Current price: 0.000000229192 - Current percentage: 133.28% - Max: 171.30% - Min: -1.20% - Market Cap 48841 - Trading time: 00:11:33
08-09-2025 07:37:39.857 INFO Current price: 0.000000235941 - Current percentage: 133.75% - Max: 171.30% - Min: -1.20% - Market Cap 48940 - Trading time: 00:11:38
08-09-2025 07:37:41.866 INFO Current price: 0.000000242701 - Current percentage: 146.49% - Max: 171.30% - Min: -1.20% - Market Cap 51607 - Trading time: 00:11:40
08-09-2025 07:37:45.949 INFO Current price: 0.000000257507 - Current percentage: 163.14% - Max: 171.30% - Min: -1.20% - Market Cap 55094 - Trading time: 00:11:44
08-09-2025 07:37:47.297 INFO Current price: 0.000000256404 - Current percentage: 144.38% - Max: 171.30% - Min: -1.20% - Market Cap 51166 - Trading time: 00:11:45
08-09-2025 07:37:47.539 INFO Current price: 0.000000240469 - Current percentage: 131.45% - Max: 171.30% - Min: -1.20% - Market Cap 48459 - Trading time: 00:11:46
08-09-2025 07:37:49.482 INFO Current price: 0.000000236717 - Current percentage: 136.82% - Max: 171.30% - Min: -1.20% - Market Cap 49582 - Trading time: 00:11:48
08-09-2025 07:37:53.677 INFO Current price: 0.000000245540 - Current percentage: 149.03% - Max: 171.30% - Min: -1.20% - Market Cap 52138 - Trading time: 00:11:52
08-09-2025 07:37:57.057 INFO Current price: 0.000000258349 - Current percentage: 162.17% - Max: 171.30% - Min: -1.20% - Market Cap 54890 - Trading time: 00:11:55
08-09-2025 07:37:58.263 INFO Current price: 0.000000265058 - Current percentage: 162.13% - Max: 171.30% - Min: -1.20% - Market Cap 54881 - Trading time: 00:11:56
08-09-2025 07:38:01.037 INFO Current price: 0.000000273233 - Current percentage: 178.59% - Max: 178.59% - Min: -1.20% - Market Cap 58328 - Trading time: 00:11:59
08-09-2025 07:38:01.432 INFO Current price: 0.000000281614 - Current percentage: 178.46% - Max: 178.59% - Min: -1.20% - Market Cap 58300 - Trading time: 00:12:00
08-09-2025 07:38:02.142 INFO Current price: 0.000000280054 - Current percentage: 175.51% - Max: 178.59% - Min: -1.20% - Market Cap 57683 - Trading time: 00:12:00
08-09-2025 07:38:05.331 INFO Current price: 0.000000286965 - Current percentage: 192.37% - Max: 192.37% - Min: -1.20% - Market Cap 61213 - Trading time: 00:12:04
08-09-2025 07:38:06.198 INFO Current price: 0.000000297583 - Current percentage: 196.28% - Max: 196.28% - Min: -1.20% - Market Cap 62031 - Trading time: 00:12:04
08-09-2025 07:38:09.866 INFO Current price: 0.000000306720 - Current percentage: 210.60% - Max: 210.60% - Min: -1.20% - Market Cap 65029 - Trading time: 00:12:08
08-09-2025 07:38:10.983 INFO Current price: 0.000000315294 - Current percentage: 213.07% - Max: 213.07% - Min: -1.20% - Market Cap 65548 - Trading time: 00:12:09
08-09-2025 07:38:11.102 INFO Current price: 0.000000304142 - Current percentage: 189.02% - Max: 213.07% - Min: -1.20% - Market Cap 60510 - Trading time: 00:12:09
08-09-2025 07:38:11.370 INFO Current price: 0.000000283483 - Current percentage: 171.99% - Max: 213.07% - Min: -1.20% - Market Cap 56945 - Trading time: 00:12:10
08-09-2025 07:38:15.816 INFO Current price: 0.000000276467 - Current percentage: 174.89% - Max: 213.07% - Min: -1.20% - Market Cap 57552 - Trading time: 00:12:14
08-09-2025 07:38:17.549 INFO Current price: 0.000000273254 - Current percentage: 165.70% - Max: 213.07% - Min: -1.20% - Market Cap 55630 - Trading time: 00:12:16
08-09-2025 07:38:17.714 INFO Current price: 0.000000269829 - Current percentage: 168.04% - Max: 213.07% - Min: -1.20% - Market Cap 56118 - Trading time: 00:12:16
08-09-2025 07:38:18.135 INFO Current price: 0.000000267426 - Current percentage: 160.99% - Max: 213.07% - Min: -1.20% - Market Cap 54644 - Trading time: 00:12:16
08-09-2025 07:38:21.250 INFO Current price: 0.000000255437 - Current percentage: 144.54% - Max: 213.07% - Min: -1.20% - Market Cap 51199 - Trading time: 00:12:19
08-09-2025 07:38:21.502 INFO Current price: 0.000000240807 - Current percentage: 131.95% - Max: 213.07% - Min: -1.20% - Market Cap 48563 - Trading time: 00:12:20
08-09-2025 07:38:21.537 INFO Current price: 0.000000235486 - Current percentage: 133.85% - Max: 213.07% - Min: -1.20% - Market Cap 48962 - Trading time: 00:12:20
08-09-2025 07:38:24.373 INFO Current price: 0.000000239015 - Current percentage: 138.96% - Max: 213.07% - Min: -1.20% - Market Cap 50030 - Trading time: 00:12:23
08-09-2025 07:38:26.625 INFO Current price: 0.000000243242 - Current percentage: 142.20% - Max: 213.07% - Min: -1.20% - Market Cap 50709 - Trading time: 00:12:25
08-09-2025 07:38:26.799 INFO Current price: 0.000000246062 - Current percentage: 144.53% - Max: 213.07% - Min: -1.20% - Market Cap 51197 - Trading time: 00:12:25
08-09-2025 07:38:28.566 INFO Current price: 0.000000247409 - Current percentage: 144.86% - Max: 213.07% - Min: -1.20% - Market Cap 51265 - Trading time: 00:12:27
08-09-2025 07:38:28.600 INFO Current price: 0.000000250352 - Current percentage: 150.38% - Max: 213.07% - Min: -1.20% - Market Cap 52422 - Trading time: 00:12:27
08-09-2025 07:38:29.866 INFO Current price: 0.000000253271 - Current percentage: 150.60% - Max: 213.07% - Min: -1.20% - Market Cap 52468 - Trading time: 00:12:28
08-09-2025 07:38:32.622 INFO Current price: 0.000000253663 - Current percentage: 151.16% - Max: 213.07% - Min: -1.20% - Market Cap 52584 - Trading time: 00:12:31
08-09-2025 07:38:32.662 INFO Current price: 0.000000263556 - Current percentage: 170.53% - Max: 213.07% - Min: -1.20% - Market Cap 56640 - Trading time: 00:12:31
08-09-2025 07:38:34.543 INFO Current price: 0.000000266481 - Current percentage: 156.76% - Max: 213.07% - Min: -1.20% - Market Cap 53758 - Trading time: 00:12:33
08-09-2025 07:38:34.939 INFO Current price: 0.000000253070 - Current percentage: 143.99% - Max: 213.07% - Min: -1.20% - Market Cap 51083 - Trading time: 00:12:33
08-09-2025 07:38:36.395 INFO Current price: 0.000000243888 - Current percentage: 138.47% - Max: 213.07% - Min: -1.20% - Market Cap 49928 - Trading time: 00:12:35
08-09-2025 07:38:36.658 INFO Current price: 0.000000236323 - Current percentage: 129.08% - Max: 213.07% - Min: -1.20% - Market Cap 47963 - Trading time: 00:12:35
08-09-2025 07:38:38.819 INFO Current price: 0.000000225309 - Current percentage: 116.76% - Max: 213.07% - Min: -1.20% - Market Cap 45382 - Trading time: 00:12:37
08-09-2025 07:38:39.221 INFO Current price: 0.000000220151 - Current percentage: 118.72% - Max: 213.07% - Min: -1.20% - Market Cap 45792 - Trading time: 00:12:37
08-09-2025 07:38:39.566 INFO Current price: 0.000000215525 - Current percentage: 107.74% - Max: 213.07% - Min: -1.20% - Market Cap 43495 - Trading time: 00:12:38
08-09-2025 07:38:40.576 INFO Current price: 0.000000206026 - Current percentage: 99.86% - Max: 213.07% - Min: -1.20% - Market Cap 41845 - Trading time: 00:12:39
08-09-2025 07:38:44.181 INFO Current price: 0.000000203332 - Current percentage: 102.35% - Max: 213.07% - Min: -1.20% - Market Cap 42365 - Trading time: 00:12:42
08-09-2025 07:38:45.809 INFO Current price: 0.000000206723 - Current percentage: 106.58% - Max: 213.07% - Min: -1.20% - Market Cap 43252 - Trading time: 00:12:44
08-09-2025 07:38:47.747 INFO Current price: 0.000000211366 - Current percentage: 111.54% - Max: 213.07% - Min: -1.20% - Market Cap 44289 - Trading time: 00:12:46
08-09-2025 07:38:48.125 INFO Current price: 0.000000217667 - Current percentage: 119.08% - Max: 213.07% - Min: -1.20% - Market Cap 45869 - Trading time: 00:12:46
08-09-2025 07:38:49.771 INFO Current price: 0.000000221606 - Current percentage: 119.27% - Max: 213.07% - Min: -1.20% - Market Cap 45907 - Trading time: 00:12:48
08-09-2025 07:38:52.021 INFO Current price: 0.000000211869 - Current percentage: 100.25% - Max: 213.07% - Min: -1.20% - Market Cap 41927 - Trading time: 00:12:50
08-09-2025 07:38:52.024 INFO Current price: 0.000000200026 - Current percentage: 95.44% - Max: 213.07% - Min: -1.20% - Market Cap 40918 - Trading time: 00:12:50
08-09-2025 07:38:52.609 INFO Current price: 0.000000194966 - Current percentage: 90.25% - Max: 213.07% - Min: -1.20% - Market Cap 39832 - Trading time: 00:12:51
08-09-2025 07:38:54.613 INFO Current price: 0.000000193568 - Current percentage: 92.65% - Max: 213.07% - Min: -1.20% - Market Cap 40334 - Trading time: 00:12:53
08-09-2025 07:38:55.051 INFO Current price: 0.000000194667 - Current percentage: 92.42% - Max: 213.07% - Min: -1.20% - Market Cap 40286 - Trading time: 00:12:53
08-09-2025 07:38:56.674 INFO Current price: 0.000000195289 - Current percentage: 93.88% - Max: 213.07% - Min: -1.20% - Market Cap 40592 - Trading time: 00:12:55
08-09-2025 07:38:58.493 INFO Current price: 0.000000197848 - Current percentage: 97.49% - Max: 213.07% - Min: -1.20% - Market Cap 41348 - Trading time: 00:12:57
08-09-2025 07:39:01.917 INFO Current price: 0.000000196848 - Current percentage: 91.92% - Max: 213.07% - Min: -1.20% - Market Cap 40182 - Trading time: 00:13:00
08-09-2025 07:39:02.083 INFO Current price: 0.000000195007 - Current percentage: 93.82% - Max: 213.07% - Min: -1.20% - Market Cap 40579 - Trading time: 00:13:00
08-09-2025 07:39:07.777 INFO Current price: 0.000000196087 - Current percentage: 93.96% - Max: 213.07% - Min: -1.20% - Market Cap 40609 - Trading time: 00:13:06
08-09-2025 07:39:08.079 INFO Current price: 0.000000201630 - Current percentage: 105.03% - Max: 213.07% - Min: -1.20% - Market Cap 42926 - Trading time: 00:13:06
08-09-2025 07:39:08.486 INFO Current price: 0.000000208644 - Current percentage: 107.69% - Max: 213.07% - Min: -1.20% - Market Cap 43484 - Trading time: 00:13:07
08-09-2025 07:39:11.349 INFO Current price: 0.000000216722 - Current percentage: 121.21% - Max: 213.07% - Min: -1.20% - Market Cap 46314 - Trading time: 00:13:10
08-09-2025 07:39:13.430 INFO Current price: 0.000000220444 - Current percentage: 114.88% - Max: 213.07% - Min: -1.20% - Market Cap 44990 - Trading time: 00:13:12
08-09-2025 07:39:14.213 INFO Current price: 0.000000206756 - Current percentage: 94.59% - Max: 213.07% - Min: -1.20% - Market Cap 40741 - Trading time: 00:13:12
08-09-2025 07:39:14.214 INFO Current price: 0.000000197311 - Current percentage: 95.70% - Max: 213.07% - Min: -1.20% - Market Cap 40973 - Trading time: 00:13:12
08-09-2025 07:39:15.788 INFO Current price: 0.000000190552 - Current percentage: 81.49% - Max: 213.07% - Min: -1.20% - Market Cap 37998 - Trading time: 00:13:14
08-09-2025 07:39:16.267 INFO Current price: 0.000000183480 - Current percentage: 81.45% - Max: 213.07% - Min: -1.20% - Market Cap 37989 - Trading time: 00:13:14
08-09-2025 07:39:18.298 INFO Current price: 0.000000183317 - Current percentage: 81.17% - Max: 213.07% - Min: -1.20% - Market Cap 37930 - Trading time: 00:13:16
08-09-2025 07:39:19.437 INFO Current price: 0.000000184249 - Current percentage: 83.30% - Max: 213.07% - Min: -1.20% - Market Cap 38376 - Trading time: 00:13:18
08-09-2025 07:39:22.596 INFO Current price: 0.000000187443 - Current percentage: 87.50% - Max: 213.07% - Min: -1.20% - Market Cap 39257 - Trading time: 00:13:21
08-09-2025 07:39:24.101 INFO Current price: 0.000000189646 - Current percentage: 87.63% - Max: 213.07% - Min: -1.20% - Market Cap 39283 - Trading time: 00:13:22
08-09-2025 07:39:24.103 INFO Current price: 0.000000189777 - Current percentage: 87.76% - Max: 213.07% - Min: -1.20% - Market Cap 39311 - Trading time: 00:13:22
08-09-2025 07:39:24.548 INFO Current price: 0.000000189818 - Current percentage: 87.71% - Max: 213.07% - Min: -1.20% - Market Cap 39301 - Trading time: 00:13:23
08-09-2025 07:39:25.618 INFO Current price: 0.000000190963 - Current percentage: 90.03% - Max: 213.07% - Min: -1.20% - Market Cap 39786 - Trading time: 00:13:24
08-09-2025 07:39:26.640 INFO Current price: 0.000000188682 - Current percentage: 83.25% - Max: 213.07% - Min: -1.20% - Market Cap 38367 - Trading time: 00:13:25
08-09-2025 07:39:27.254 INFO Current price: 0.000000186966 - Current percentage: 86.59% - Max: 213.07% - Min: -1.20% - Market Cap 39066 - Trading time: 00:13:25
08-09-2025 07:39:30.036 INFO Current price: 0.000000188685 - Current percentage: 86.64% - Max: 213.07% - Min: -1.20% - Market Cap 39076 - Trading time: 00:13:28
08-09-2025 07:39:30.777 INFO Current price: 0.000000188022 - Current percentage: 85.28% - Max: 213.07% - Min: -1.20% - Market Cap 38792 - Trading time: 00:13:29
08-09-2025 07:39:31.462 INFO Current price: 0.000000185087 - Current percentage: 80.86% - Max: 213.07% - Min: -1.20% - Market Cap 37866 - Trading time: 00:13:30
08-09-2025 07:39:31.902 INFO Current price: 0.000000187772 - Current percentage: 90.70% - Max: 213.07% - Min: -1.20% - Market Cap 39926 - Trading time: 00:13:30
08-09-2025 07:39:34.676 INFO Current price: 0.000000192996 - Current percentage: 91.06% - Max: 213.07% - Min: -1.20% - Market Cap 40002 - Trading time: 00:13:33
08-09-2025 07:39:34.902 INFO Current price: 0.000000198935 - Current percentage: 102.61% - Max: 213.07% - Min: -1.20% - Market Cap 42421 - Trading time: 00:13:33
08-09-2025 07:39:36.532 INFO Current price: 0.000000206095 - Current percentage: 105.06% - Max: 213.07% - Min: -1.20% - Market Cap 42933 - Trading time: 00:13:35
08-09-2025 07:39:37.046 INFO Current price: 0.000000201661 - Current percentage: 93.99% - Max: 213.07% - Min: -1.20% - Market Cap 40615 - Trading time: 00:13:35
08-09-2025 07:39:37.269 INFO Current price: 0.000000190429 - Current percentage: 82.85% - Max: 213.07% - Min: -1.20% - Market Cap 38284 - Trading time: 00:13:35
08-09-2025 07:39:39.386 INFO Current price: 0.000000191434 - Current percentage: 96.04% - Max: 213.07% - Min: -1.20% - Market Cap 41045 - Trading time: 00:13:38
08-09-2025 07:39:39.737 INFO Current price: 0.000000200211 - Current percentage: 100.00% - Max: 213.07% - Min: -1.20% - Market Cap 41874 - Trading time: 00:13:38
08-09-2025 07:39:40.814 INFO Current price: 0.000000200938 - Current percentage: 97.47% - Max: 213.07% - Min: -1.20% - Market Cap 41344 - Trading time: 00:13:39
08-09-2025 07:39:46.453 INFO Current price: 0.000000079062 - Current percentage: -69.04% - Max: 213.07% - Min: -69.04% - Market Cap 6483 - Trading time: 00:13:45
08-09-2025 07:39:46.563 INFO Current price: 0.000000031261 - Current percentage: -69.13% - Max: 213.07% - Min: -69.13% - Market Cap 6464 - Trading time: 00:13:45
08-09-2025 07:39:47.055 INFO Current price: 0.000000031198 - Current percentage: -69.16% - Max: 213.07% - Min: -69.16% - Market Cap 6457 - Trading time: 00:13:45
08-09-2025 07:39:48.081 INFO Current price: 0.000000031105 - Current percentage: -69.31% - Max: 213.07% - Min: -69.31% - Market Cap 6425 - Trading time: 00:13:46
08-09-2025 07:39:50.909 INFO Current price: 0.000000030438 - Current percentage: -70.47% - Max: 213.07% - Min: -70.47% - Market Cap 6183 - Trading time: 00:13:49
08-09-2025 07:39:51.094 INFO Current price: 0.000000029835 - Current percentage: -70.52% - Max: 213.07% - Min: -70.52% - Market Cap 6173 - Trading time: 00:13:49
08-09-2025 07:39:54.107 INFO Current price: 0.000000029806 - Current percentage: -70.52% - Max: 213.07% - Min: -70.52% - Market Cap 6171 - Trading time: 00:13:52
08-09-2025 07:39:55.747 INFO Current price: 0.000000029640 - Current percentage: -70.85% - Max: 213.07% - Min: -70.85% - Market Cap 6104 - Trading time: 00:13:54
08-09-2025 07:39:56.219 INFO Current price: 0.000000029113 - Current percentage: -71.56% - Max: 213.07% - Min: -71.56% - Market Cap 5954 - Trading time: 00:13:54
08-09-2025 07:39:57.480 INFO Current price: 0.000000028750 - Current percentage: -71.57% - Max: 213.07% - Min: -71.57% - Market Cap 5953 - Trading time: 00:13:56
08-09-2025 07:39:59.029 INFO Current price: 0.000000028743 - Current percentage: -71.58% - Max: 213.07% - Min: -71.58% - Market Cap 5951 - Trading time: 00:13:57
08-09-2025 07:40:03.425 INFO Current price: 0.000000028924 - Current percentage: -71.39% - Max: 213.07% - Min: -71.58% - Market Cap 5989 - Trading time: 00:14:02
08-09-2025 07:40:04.429 INFO Current price: 0.000000028870 - Current percentage: -71.50% - Max: 213.07% - Min: -71.58% - Market Cap 5967 - Trading time: 00:14:03
08-09-2025 07:40:06.751 INFO Current price: 0.000000028789 - Current percentage: -71.55% - Max: 213.07% - Min: -71.58% - Market Cap 5956 - Trading time: 00:14:05
08-09-2025 07:40:08.067 INFO Current price: 0.000000028751 - Current percentage: -71.58% - Max: 213.07% - Min: -71.58% - Market Cap 5951 - Trading time: 00:14:06
08-09-2025 07:40:12.021 INFO Current price: 0.000000028736 - Current percentage: -71.58% - Max: 213.07% - Min: -71.58% - Market Cap 5950 - Trading time: 00:14:10
08-09-2025 07:40:12.022 INFO Current price: 0.000000028728 - Current percentage: -71.59% - Max: 213.07% - Min: -71.59% - Market Cap 5948 - Trading time: 00:14:10
08-09-2025 07:40:12.022 INFO Current price: 0.000000028714 - Current percentage: -71.61% - Max: 213.07% - Min: -71.61% - Market Cap 5944 - Trading time: 00:14:10
08-09-2025 07:40:12.100 INFO Current price: 0.000000028694 - Current percentage: -71.63% - Max: 213.07% - Min: -71.63% - Market Cap 5940 - Trading time: 00:14:10
08-09-2025 07:40:22.572 INFO Current price: 0.000000029629 - Current percentage: -69.73% - Max: 213.07% - Min: -71.63% - Market Cap 6337 - Trading time: 00:14:21
08-09-2025 07:40:36.188 INFO Current price: 0.000000030580 - Current percentage: -69.78% - Max: 213.07% - Min: -71.63% - Market Cap 6327 - Trading time: 00:14:34
08-09-2025 07:40:36.878 INFO Current price: 0.000000029583 - Current percentage: -71.67% - Max: 213.07% - Min: -71.67% - Market Cap 5931 - Trading time: 00:14:35
08-09-2025 07:41:16.600 INFO Current price: 0.000000028576 - Current percentage: -71.77% - Max: 213.07% - Min: -71.77% - Market Cap 5910 - Trading time: 00:15:15
08-09-2025 07:41:54.417 INFO Current price: 0.000000028449 - Current percentage: -71.95% - Max: 213.07% - Min: -71.95% - Market Cap 5872 - Trading time: 00:15:53
08-09-2025 07:41:59.886 INFO Current price: 0.000000028348 - Current percentage: -71.97% - Max: 213.07% - Min: -71.97% - Market Cap 5868 - Trading time: 00:15:58
08-09-2025 07:45:33.525 INFO Current price: 0.000000028331 - Current percentage: -71.99% - Max: 213.07% - Min: -71.99% - Market Cap 5865 - Trading time: 00:19:32






08-09-2025 07:46:01.309 INFO {"type":"summary","reason":"max_window","startedAt":"2025-09-08T05:26:01.304Z","endedAt":"2025-09-08T05:46:01.309Z","durationSec":1200,"entryPrice":1.1025923535673217e-7,"entryMarketCapSol":100.91938387577281,"entryMarketCapUsd":20936.735378867827,"minPct":-71.98635725292114,"maxPct":213.07449312533552,"buyCount":256,"sellCount":164,"tradeCount":420,"entryRecorded":true,"noPostThresholdTrades":false,"triggerAt":"2025-09-08T05:26:01.281Z","ageAtTriggerSec":177,"preTotalTrades":113,"preBuys":85,"preSells":28,"preUniqueTraders":81,"preEntryTotalTrades":116,"preEntryBuys":85,"preEntrySells":31,"preEntryUniqueTraders":81,"preEntryMinMcUsd":13077.420331121612,"preEntryMaxMcUsd":38331.345704996194,"thresholdMcSol":100.91938387577281,"thresholdMcUsd":20936.735378867827,"thresholdPrice":1.1025923535673217e-7}
