07-09-2025 21:20:28.168 INFO Entry price: 0.000000044695645891 - Entry market cap: 8857 - Buys 44 - Sells 25 - Ratio: 1:0.57 - Min MarketCap: 6813 - Max MarketCap: 11350
07-09-2025 21:20:28.168 INFO Current price: 0.000000044696 - Current percentage: 0.00% - Max: 0.00% - Min: 0.00% - Market Cap 8857 - Trading time: 00:00:02
07-09-2025 21:20:29.955 INFO Current price: 0.000000046156 - Current percentage: 8.00% - Max: 8.00% - Min: 0.00% - Market Cap 9566 - Trading time: 00:00:03
07-09-2025 21:20:31.884 INFO Current price: 0.000000049235 - Current percentage: 16.83% - Max: 16.83% - Min: 0.00% - Market Cap 10348 - Trading time: 00:00:05
07-09-2025 21:20:33.409 INFO Current price: 0.000000051271 - Current percentage: 17.12% - Max: 17.12% - Min: 0.00% - Market Cap 10373 - Trading time: 00:00:07
07-09-2025 21:20:33.487 INFO Current price: 0.000000051395 - Current percentage: 17.40% - Max: 17.40% - Min: 0.00% - Market Cap 10398 - Trading time: 00:00:07
07-09-2025 21:20:33.612 INFO Current price: 0.000000051292 - Current percentage: 16.65% - Max: 17.40% - Min: 0.00% - Market Cap 10331 - Trading time: 00:00:07
07-09-2025 21:20:33.699 INFO Current price: 0.000000049940 - Current percentage: 11.29% - Max: 17.40% - Min: 0.00% - Market Cap 9857 - Trading time: 00:00:07
07-09-2025 21:20:33.724 INFO Current price: 0.000000048730 - Current percentage: 11.06% - Max: 17.40% - Min: 0.00% - Market Cap 9837 - Trading time: 00:00:07
07-09-2025 21:20:33.737 INFO Current price: 0.000000048622 - Current percentage: 10.80% - Max: 17.40% - Min: 0.00% - Market Cap 9813 - Trading time: 00:00:07
07-09-2025 21:20:34.579 INFO Current price: 0.000000048695 - Current percentage: 11.40% - Max: 17.40% - Min: 0.00% - Market Cap 9866 - Trading time: 00:00:08
07-09-2025 21:20:35.658 INFO Current price: 0.000000048838 - Current percentage: 11.45% - Max: 17.40% - Min: 0.00% - Market Cap 9871 - Trading time: 00:00:09
07-09-2025 21:20:37.592 INFO Current price: 0.000000048318 - Current percentage: 9.04% - Max: 17.40% - Min: 0.00% - Market Cap 9657 - Trading time: 00:00:11
07-09-2025 21:20:42.073 INFO Current price: 0.000000046011 - Current percentage: 1.06% - Max: 17.40% - Min: 0.00% - Market Cap 8951 - Trading time: 00:00:15
07-09-2025 21:20:42.271 INFO Current price: 0.000000043159 - Current percentage: -4.06% - Max: 17.40% - Min: -4.06% - Market Cap 8497 - Trading time: 00:00:16
07-09-2025 21:20:43.189 INFO Current price: 0.000000042276 - Current percentage: -3.03% - Max: 17.40% - Min: -4.06% - Market Cap 8588 - Trading time: 00:00:17
07-09-2025 21:20:43.305 INFO Current price: 0.000000042700 - Current percentage: -2.13% - Max: 17.40% - Min: -4.06% - Market Cap 8669 - Trading time: 00:00:17
07-09-2025 21:20:44.549 INFO Current price: 0.000000045198 - Current percentage: 3.15% - Max: 17.40% - Min: -4.06% - Market Cap 9136 - Trading time: 00:00:18
07-09-2025 21:20:48.051 INFO Current price: 0.000000045442 - Current percentage: 4.21% - Max: 17.40% - Min: -4.06% - Market Cap 9229 - Trading time: 00:00:21
07-09-2025 21:20:48.180 INFO Current price: 0.000000045084 - Current percentage: 1.53% - Max: 17.40% - Min: -4.06% - Market Cap 8992 - Trading time: 00:00:22
07-09-2025 21:20:50.660 INFO Current price: 0.000000042683 - Current percentage: -6.60% - Max: 17.40% - Min: -6.60% - Market Cap 8273 - Trading time: 00:00:24
07-09-2025 21:20:52.580 INFO Current price: 0.000000042487 - Current percentage: 0.60% - Max: 17.40% - Min: -6.60% - Market Cap 8910 - Trading time: 00:00:26
07-09-2025 21:20:52.580 INFO Current price: 0.000000045920 - Current percentage: 9.11% - Max: 17.40% - Min: -6.60% - Market Cap 9663 - Trading time: 00:00:26
07-09-2025 21:20:53.061 INFO Current price: 0.000000047941 - Current percentage: 9.65% - Max: 17.40% - Min: -6.60% - Market Cap 9712 - Trading time: 00:00:26
07-09-2025 21:20:55.258 INFO Current price: 0.000000046908 - Current percentage: 4.19% - Max: 17.40% - Min: -6.60% - Market Cap 9228 - Trading time: 00:00:29
07-09-2025 21:20:57.292 INFO Current price: 0.000000045679 - Current percentage: 4.24% - Max: 17.40% - Min: -6.60% - Market Cap 9233 - Trading time: 00:00:31
07-09-2025 21:20:57.563 INFO Current price: 0.000000045702 - Current percentage: 4.30% - Max: 17.40% - Min: -6.60% - Market Cap 9237 - Trading time: 00:00:31
07-09-2025 21:21:01.419 INFO Current price: 0.000000044268 - Current percentage: -2.20% - Max: 17.40% - Min: -6.60% - Market Cap 8662 - Trading time: 00:00:35
07-09-2025 21:21:04.911 INFO Current price: 0.000000043318 - Current percentage: -0.13% - Max: 17.40% - Min: -6.60% - Market Cap 8845 - Trading time: 00:00:38
07-09-2025 21:21:09.280 INFO Current price: 0.000000044938 - Current percentage: 5.19% - Max: 17.40% - Min: -6.60% - Market Cap 9317 - Trading time: 00:00:43
07-09-2025 21:21:19.236 INFO Current price: 0.000000046471 - Current percentage: 5.93% - Max: 17.40% - Min: -6.60% - Market Cap 9382 - Trading time: 00:00:53
07-09-2025 21:21:19.237 INFO Current price: 0.000000046386 - Current percentage: 5.72% - Max: 17.40% - Min: -6.60% - Market Cap 9364 - Trading time: 00:00:53
07-09-2025 21:21:23.302 INFO Current price: 0.000000045843 - Current percentage: 3.47% - Max: 17.40% - Min: -6.60% - Market Cap 9164 - Trading time: 00:00:57
07-09-2025 21:21:23.322 INFO Current price: 0.000000045810 - Current percentage: 5.57% - Max: 17.40% - Min: -6.60% - Market Cap 9350 - Trading time: 00:00:57
07-09-2025 21:21:33.799 INFO Current price: 0.000000045682 - Current percentage: 2.89% - Max: 17.40% - Min: -6.60% - Market Cap 9113 - Trading time: 00:01:07
07-09-2025 21:21:38.129 INFO Current price: 0.000000044792 - Current percentage: 1.74% - Max: 17.40% - Min: -6.60% - Market Cap 9011 - Trading time: 00:01:11
07-09-2025 21:21:38.545 INFO Current price: 0.000000044558 - Current percentage: 1.57% - Max: 17.40% - Min: -6.60% - Market Cap 8996 - Trading time: 00:01:12
07-09-2025 21:21:39.654 INFO Current price: 0.000000044414 - Current percentage: 1.09% - Max: 17.40% - Min: -6.60% - Market Cap 8953 - Trading time: 00:01:13
07-09-2025 21:21:52.122 INFO Current price: 0.000000043205 - Current percentage: -3.88% - Max: 17.40% - Min: -6.60% - Market Cap 8513 - Trading time: 00:01:25
07-09-2025 21:21:52.346 INFO Current price: 0.000000042194 - Current percentage: -3.59% - Max: 17.40% - Min: -6.60% - Market Cap 8539 - Trading time: 00:01:26
07-09-2025 21:21:53.584 INFO Current price: 0.000000042249 - Current percentage: -3.63% - Max: 17.40% - Min: -6.60% - Market Cap 8535 - Trading time: 00:01:27
07-09-2025 21:22:00.601 INFO Current price: 0.000000041242 - Current percentage: -8.13% - Max: 17.40% - Min: -8.13% - Market Cap 8137 - Trading time: 00:01:34
07-09-2025 21:22:00.713 INFO Current price: 0.000000040288 - Current percentage: -8.08% - Max: 17.40% - Min: -8.13% - Market Cap 8141 - Trading time: 00:01:34
07-09-2025 21:22:01.483 INFO Current price: 0.000000040398 - Current percentage: -7.58% - Max: 17.40% - Min: -8.13% - Market Cap 8185 - Trading time: 00:01:35
07-09-2025 21:22:02.930 INFO Current price: 0.000000040947 - Current percentage: -5.57% - Max: 17.40% - Min: -8.13% - Market Cap 8364 - Trading time: 00:01:36
07-09-2025 21:22:03.726 INFO Current price: 0.000000041514 - Current percentage: -5.00% - Max: 17.40% - Min: -8.13% - Market Cap 8414 - Trading time: 00:01:37
07-09-2025 21:22:06.140 INFO Current price: 0.000000041783 - Current percentage: -4.34% - Max: 17.40% - Min: -8.13% - Market Cap 8473 - Trading time: 00:01:39
07-09-2025 21:22:08.401 INFO Current price: 0.000000041708 - Current percentage: -5.34% - Max: 17.40% - Min: -8.13% - Market Cap 8384 - Trading time: 00:01:42
07-09-2025 21:22:08.524 INFO Current price: 0.000000041299 - Current percentage: -6.21% - Max: 17.40% - Min: -8.13% - Market Cap 8307 - Trading time: 00:01:42
07-09-2025 21:22:10.754 INFO Current price: 0.000000040893 - Current percentage: -7.19% - Max: 17.40% - Min: -8.13% - Market Cap 8220 - Trading time: 00:01:44
07-09-2025 21:22:10.759 INFO Current price: 0.000000040496 - Current percentage: -8.02% - Max: 17.40% - Min: -8.13% - Market Cap 8146 - Trading time: 00:01:44
07-09-2025 21:22:26.608 INFO Current price: 0.000000039889 - Current percentage: -9.96% - Max: 17.40% - Min: -9.96% - Market Cap 7975 - Trading time: 00:02:00
07-09-2025 21:22:29.445 INFO Current price: 0.000000038908 - Current percentage: -12.49% - Max: 17.40% - Min: -12.49% - Market Cap 7751 - Trading time: 00:02:03
07-09-2025 21:22:31.131 INFO Current price: 0.000000036985 - Current percentage: -18.64% - Max: 17.40% - Min: -18.64% - Market Cap 7206 - Trading time: 00:02:04
07-09-2025 21:22:31.208 INFO Current price: 0.000000034489 - Current percentage: -23.90% - Max: 17.40% - Min: -23.90% - Market Cap 6740 - Trading time: 00:02:05
07-09-2025 21:22:32.232 INFO Current price: 0.000000033355 - Current percentage: -23.90% - Max: 17.40% - Min: -23.90% - Market Cap 6740 - Trading time: 00:02:06
07-09-2025 21:22:32.312 INFO Current price: 0.000000032819 - Current percentage: -26.33% - Max: 17.40% - Min: -26.33% - Market Cap 6525 - Trading time: 00:02:06
07-09-2025 21:22:32.318 INFO Current price: 0.000000031725 - Current percentage: -28.89% - Max: 17.40% - Min: -28.89% - Market Cap 6298 - Trading time: 00:02:06
07-09-2025 21:22:34.073 INFO Current price: 0.000000031138 - Current percentage: -29.03% - Max: 17.40% - Min: -29.03% - Market Cap 6286 - Trading time: 00:02:07
07-09-2025 21:22:34.250 INFO Current price: 0.000000031015 - Current percentage: -29.45% - Max: 17.40% - Min: -29.45% - Market Cap 6249 - Trading time: 00:02:08
07-09-2025 21:22:41.498 INFO Current price: 0.000000030894 - Current percentage: -29.58% - Max: 17.40% - Min: -29.58% - Market Cap 6237 - Trading time: 00:02:15
07-09-2025 21:22:42.075 INFO Current price: 0.000000030495 - Current percentage: -31.26% - Max: 17.40% - Min: -31.26% - Market Cap 6088 - Trading time: 00:02:15
07-09-2025 21:22:43.384 INFO Current price: 0.000000030059 - Current percentage: -31.58% - Max: 17.40% - Min: -31.58% - Market Cap 6060 - Trading time: 00:02:17
07-09-2025 21:22:44.327 INFO Current price: 0.000000029671 - Current percentage: -33.02% - Max: 17.40% - Min: -33.02% - Market Cap 5932 - Trading time: 00:02:18
07-09-2025 21:22:46.572 INFO Current price: 0.000000029223 - Current percentage: -33.63% - Max: 17.40% - Min: -33.63% - Market Cap 5878 - Trading time: 00:02:20
07-09-2025 21:23:11.041 INFO Current price: 0.000000029039 - Current percentage: -33.83% - Max: 17.40% - Min: -33.83% - Market Cap 5861 - Trading time: 00:02:44
07-09-2025 21:23:33.033 INFO Current price: 0.000000028772 - Current percentage: -34.88% - Max: 17.40% - Min: -34.88% - Market Cap 5768 - Trading time: 00:03:06
07-09-2025 21:27:04.305 INFO Current price: 0.000000028172 - Current percentage: -36.13% - Max: 17.40% - Min: -36.13% - Market Cap 5657 - Trading time: 00:06:38






07-09-2025 21:37:04.309 INFO {"type":"summary","reason":"inactivity","startedAt":"2025-09-07T19:20:26.166Z","endedAt":"2025-09-07T19:37:04.309Z","durationSec":998,"entryPrice":4.469564589139453e-8,"entryMarketCapSol":43.83136053419916,"entryMarketCapUsd":8857.003023145624,"minPct":-36.130452222284944,"maxPct":17.397209622018664,"buyCount":26,"sellCount":42,"tradeCount":68,"entryRecorded":true,"noPostThresholdTrades":false,"triggerAt":"2025-09-07T19:20:26.165Z","ageAtTriggerSec":28,"preTotalTrades":67,"preBuys":42,"preSells":25,"preUniqueTraders":40,"preEntryTotalTrades":69,"preEntryBuys":44,"preEntrySells":25,"preEntryUniqueTraders":42,"preEntryMinMcUsd":6812.969624449584,"preEntryMaxMcUsd":11349.624050980376,"thresholdMcSol":43.83136053419916,"thresholdMcUsd":8857.003023145624,"thresholdPrice":4.469564589139453e-8}
