08-09-2025 07:30:46.685 INFO Entry price: 0.000000056800588699 - Entry market cap: 11047 - Buys 32 - Sells 13 - Ratio: 1:0.41 - Min MarketCap: 7253 - Max MarketCap: 12775
08-09-2025 07:30:46.685 INFO Current price: 0.000000056801 - Current percentage: 0.00% - Max: 0.00% - Min: 0.00% - Market Cap 11047 - Trading time: 00:00:02
08-09-2025 07:30:47.101 INFO Current price: 0.000000059669 - Current percentage: 8.55% - Max: 8.55% - Min: 0.00% - Market Cap 11992 - Trading time: 00:00:02
08-09-2025 07:30:47.102 INFO Current price: 0.000000056090 - Current percentage: 2.11% - Max: 8.55% - Min: 0.00% - Market Cap 11281 - Trading time: 00:00:02
08-09-2025 07:30:47.260 INFO Current price: 0.000000054530 - Current percentage: 2.59% - Max: 8.55% - Min: 0.00% - Market Cap 11334 - Trading time: 00:00:02
08-09-2025 07:30:48.249 INFO Current price: 0.000000054848 - Current percentage: 3.31% - Max: 8.55% - Min: 0.00% - Market Cap 11413 - Trading time: 00:00:03
08-09-2025 07:30:48.571 INFO Current price: 0.000000055079 - Current percentage: 3.45% - Max: 8.55% - Min: 0.00% - Market Cap 11429 - Trading time: 00:00:03
08-09-2025 07:30:49.195 INFO Current price: 0.000000055130 - Current percentage: 3.50% - Max: 8.55% - Min: 0.00% - Market Cap 11434 - Trading time: 00:00:04
08-09-2025 07:30:50.568 INFO Current price: 0.000000055178 - Current percentage: 3.63% - Max: 8.55% - Min: 0.00% - Market Cap 11449 - Trading time: 00:00:05
08-09-2025 07:30:51.353 INFO Current price: 0.000000056493 - Current percentage: 8.50% - Max: 8.55% - Min: 0.00% - Market Cap 11986 - Trading time: 00:00:06
08-09-2025 07:30:52.676 INFO Current price: 0.000000057621 - Current percentage: 7.81% - Max: 8.55% - Min: 0.00% - Market Cap 11911 - Trading time: 00:00:07
08-09-2025 07:30:53.263 INFO Current price: 0.000000057494 - Current percentage: 8.02% - Max: 8.55% - Min: 0.00% - Market Cap 11933 - Trading time: 00:00:08
08-09-2025 07:30:53.393 INFO Current price: 0.000000057589 - Current percentage: 8.17% - Max: 8.55% - Min: 0.00% - Market Cap 11950 - Trading time: 00:00:08
08-09-2025 07:30:54.320 INFO Current price: 0.000000055907 - Current percentage: 1.80% - Max: 8.55% - Min: 0.00% - Market Cap 11247 - Trading time: 00:00:09
08-09-2025 07:30:54.321 INFO Current price: 0.000000052657 - Current percentage: -4.05% - Max: 8.55% - Min: -4.05% - Market Cap 10601 - Trading time: 00:00:09
08-09-2025 07:30:54.939 INFO Current price: 0.000000053586 - Current percentage: 5.43% - Max: 8.55% - Min: -4.05% - Market Cap 11647 - Trading time: 00:00:10
08-09-2025 07:30:55.584 INFO Current price: 0.000000056815 - Current percentage: 7.87% - Max: 8.55% - Min: -4.05% - Market Cap 11917 - Trading time: 00:00:10
08-09-2025 07:30:57.923 INFO Current price: 0.000000057263 - Current percentage: 7.10% - Max: 8.55% - Min: -4.05% - Market Cap 11832 - Trading time: 00:00:13
08-09-2025 07:30:59.472 INFO Current price: 0.000000056365 - Current percentage: 4.51% - Max: 8.55% - Min: -4.05% - Market Cap 11546 - Trading time: 00:00:14
08-09-2025 07:30:59.999 INFO Current price: 0.000000055243 - Current percentage: 2.88% - Max: 8.55% - Min: -4.05% - Market Cap 11365 - Trading time: 00:00:15
08-09-2025 07:31:02.035 INFO Current price: 0.000000052679 - Current percentage: -4.96% - Max: 8.55% - Min: -4.96% - Market Cap 10499 - Trading time: 00:00:17
08-09-2025 07:31:03.918 INFO Current price: 0.000000047563 - Current percentage: -16.13% - Max: 8.55% - Min: -16.13% - Market Cap 9265 - Trading time: 00:00:19
08-09-2025 07:31:04.261 INFO Current price: 0.000000044232 - Current percentage: -17.81% - Max: 8.55% - Min: -17.81% - Market Cap 9080 - Trading time: 00:00:19
08-09-2025 07:31:04.691 INFO Current price: 0.000000042922 - Current percentage: -21.03% - Max: 8.55% - Min: -21.03% - Market Cap 8724 - Trading time: 00:00:20
08-09-2025 07:31:05.144 INFO Current price: 0.000000042184 - Current percentage: -20.61% - Max: 8.55% - Min: -21.03% - Market Cap 8771 - Trading time: 00:00:20
08-09-2025 07:31:06.420 INFO Current price: 0.000000043417 - Current percentage: -16.35% - Max: 8.55% - Min: -21.03% - Market Cap 9242 - Trading time: 00:00:21
08-09-2025 07:31:06.890 INFO Current price: 0.000000043775 - Current percentage: -19.29% - Max: 8.55% - Min: -21.03% - Market Cap 8916 - Trading time: 00:00:22
08-09-2025 07:31:06.945 INFO Current price: 0.000000043042 - Current percentage: -19.12% - Max: 8.55% - Min: -21.03% - Market Cap 8935 - Trading time: 00:00:22
08-09-2025 07:31:07.213 INFO Current price: 0.000000043370 - Current percentage: -18.06% - Max: 8.55% - Min: -21.03% - Market Cap 9052 - Trading time: 00:00:22
08-09-2025 07:31:08.101 INFO Current price: 0.000000041875 - Current percentage: -24.60% - Max: 8.55% - Min: -24.60% - Market Cap 8329 - Trading time: 00:00:23
08-09-2025 07:31:08.430 INFO Current price: 0.000000040278 - Current percentage: -24.19% - Max: 8.55% - Min: -24.60% - Market Cap 8375 - Trading time: 00:00:23
08-09-2025 07:31:09.052 INFO Current price: 0.000000040042 - Current percentage: -25.48% - Max: 8.55% - Min: -25.48% - Market Cap 8232 - Trading time: 00:00:24
08-09-2025 07:31:11.121 INFO Current price: 0.000000039809 - Current percentage: -25.07% - Max: 8.55% - Min: -25.48% - Market Cap 8277 - Trading time: 00:00:26
08-09-2025 07:31:11.317 INFO Current price: 0.000000039092 - Current percentage: -28.14% - Max: 8.55% - Min: -28.14% - Market Cap 7938 - Trading time: 00:00:26
08-09-2025 07:31:12.095 INFO Current price: 0.000000038288 - Current percentage: -28.12% - Max: 8.55% - Min: -28.14% - Market Cap 7941 - Trading time: 00:00:27
08-09-2025 07:31:13.085 INFO Current price: 0.000000038272 - Current percentage: -28.21% - Max: 8.55% - Min: -28.21% - Market Cap 7931 - Trading time: 00:00:28
08-09-2025 07:31:14.424 INFO Current price: 0.000000038153 - Current percentage: -28.57% - Max: 8.55% - Min: -28.57% - Market Cap 7891 - Trading time: 00:00:29
08-09-2025 07:31:15.876 INFO Current price: 0.000000036031 - Current percentage: -35.97% - Max: 8.55% - Min: -35.97% - Market Cap 7074 - Trading time: 00:00:31
08-09-2025 07:31:16.305 INFO Current price: 0.000000032042 - Current percentage: -43.51% - Max: 8.55% - Min: -43.51% - Market Cap 6241 - Trading time: 00:00:31
08-09-2025 07:31:16.381 INFO Current price: 0.000000030191 - Current percentage: -43.15% - Max: 8.55% - Min: -43.51% - Market Cap 6280 - Trading time: 00:00:31
08-09-2025 07:31:17.013 INFO Current price: 0.000000030878 - Current percentage: -40.91% - Max: 8.55% - Min: -43.51% - Market Cap 6528 - Trading time: 00:00:32
08-09-2025 07:31:17.016 INFO Current price: 0.000000032214 - Current percentage: -38.13% - Max: 8.55% - Min: -43.51% - Market Cap 6835 - Trading time: 00:00:32
08-09-2025 07:31:17.137 INFO Current price: 0.000000032934 - Current percentage: -38.24% - Max: 8.55% - Min: -43.51% - Market Cap 6823 - Trading time: 00:00:32
08-09-2025 07:31:17.416 INFO Current price: 0.000000032717 - Current percentage: -38.94% - Max: 8.55% - Min: -43.51% - Market Cap 6746 - Trading time: 00:00:32
08-09-2025 07:31:17.846 INFO Current price: 0.000000032516 - Current percentage: -39.00% - Max: 8.55% - Min: -43.51% - Market Cap 6739 - Trading time: 00:00:33
08-09-2025 07:31:23.429 INFO Current price: 0.000000031868 - Current percentage: -41.35% - Max: 8.55% - Min: -43.51% - Market Cap 6480 - Trading time: 00:00:38
08-09-2025 07:31:23.432 INFO Current price: 0.000000030555 - Current percentage: -43.92% - Max: 8.55% - Min: -43.92% - Market Cap 6195 - Trading time: 00:00:38
08-09-2025 07:31:24.538 INFO Current price: 0.000000029884 - Current percentage: -43.90% - Max: 8.55% - Min: -43.92% - Market Cap 6198 - Trading time: 00:00:39
08-09-2025 07:31:24.962 INFO Current price: 0.000000029885 - Current percentage: -43.92% - Max: 8.55% - Min: -43.92% - Market Cap 6196 - Trading time: 00:00:40
08-09-2025 07:31:25.238 INFO Current price: 0.000000029834 - Current percentage: -44.09% - Max: 8.55% - Min: -44.09% - Market Cap 6177 - Trading time: 00:00:40
08-09-2025 07:31:25.565 INFO Current price: 0.000000029774 - Current percentage: -44.14% - Max: 8.55% - Min: -44.14% - Market Cap 6171 - Trading time: 00:00:40
08-09-2025 07:31:26.072 INFO Current price: 0.000000029764 - Current percentage: -44.12% - Max: 8.55% - Min: -44.14% - Market Cap 6173 - Trading time: 00:00:41
08-09-2025 07:31:34.102 INFO Current price: 0.000000030097 - Current percentage: -42.88% - Max: 8.55% - Min: -44.14% - Market Cap 6310 - Trading time: 00:00:49
08-09-2025 07:31:34.184 INFO Current price: 0.000000030715 - Current percentage: -41.81% - Max: 8.55% - Min: -44.14% - Market Cap 6429 - Trading time: 00:00:49
08-09-2025 07:31:37.297 INFO Current price: 0.000000030982 - Current percentage: -41.89% - Max: 8.55% - Min: -44.14% - Market Cap 6420 - Trading time: 00:00:52
08-09-2025 07:31:40.813 INFO Current price: 0.000000030989 - Current percentage: -41.78% - Max: 8.55% - Min: -44.14% - Market Cap 6432 - Trading time: 00:00:56
08-09-2025 07:31:50.234 INFO Current price: 0.000000030675 - Current percentage: -43.06% - Max: 8.55% - Min: -44.14% - Market Cap 6291 - Trading time: 00:01:05
08-09-2025 07:31:50.235 INFO Current price: 0.000000030058 - Current percentage: -44.10% - Max: 8.55% - Min: -44.14% - Market Cap 6176 - Trading time: 00:01:05
08-09-2025 07:31:57.869 INFO Current price: 0.000000029773 - Current percentage: -44.13% - Max: 8.55% - Min: -44.14% - Market Cap 6172 - Trading time: 00:01:13
08-09-2025 07:32:37.221 INFO Current price: 0.000000029734 - Current percentage: -44.25% - Max: 8.55% - Min: -44.25% - Market Cap 6159 - Trading time: 00:01:52
08-09-2025 07:32:37.223 INFO Current price: 0.000000029676 - Current percentage: -44.35% - Max: 8.55% - Min: -44.35% - Market Cap 6148 - Trading time: 00:01:52
08-09-2025 07:32:40.480 INFO Current price: 0.000000028802 - Current percentage: -47.48% - Max: 8.55% - Min: -47.48% - Market Cap 5802 - Trading time: 00:01:55
08-09-2025 07:32:40.790 INFO Current price: 0.000000028107 - Current percentage: -47.00% - Max: 8.55% - Min: -47.48% - Market Cap 5855 - Trading time: 00:01:56
08-09-2025 07:32:46.993 INFO Current price: 0.000000030315 - Current percentage: -38.91% - Max: 8.55% - Min: -47.48% - Market Cap 6749 - Trading time: 00:02:02
08-09-2025 07:32:46.995 INFO Current price: 0.000000034658 - Current percentage: -30.73% - Max: 8.55% - Min: -47.48% - Market Cap 7653 - Trading time: 00:02:02
08-09-2025 07:32:46.998 INFO Current price: 0.000000039038 - Current percentage: -22.50% - Max: 8.55% - Min: -47.48% - Market Cap 8562 - Trading time: 00:02:02
08-09-2025 07:32:47.007 INFO Current price: 0.000000043217 - Current percentage: -15.10% - Max: 8.55% - Min: -47.48% - Market Cap 9379 - Trading time: 00:02:02
08-09-2025 07:32:47.007 INFO Current price: 0.000000047437 - Current percentage: -6.62% - Max: 8.55% - Min: -47.48% - Market Cap 10316 - Trading time: 00:02:02
08-09-2025 07:32:47.155 INFO Current price: 0.000000049900 - Current percentage: -6.06% - Max: 8.55% - Min: -47.48% - Market Cap 10378 - Trading time: 00:02:02
08-09-2025 07:32:47.160 INFO Current price: 0.000000050232 - Current percentage: -5.37% - Max: 8.55% - Min: -47.48% - Market Cap 10454 - Trading time: 00:02:02
08-09-2025 07:32:47.180 INFO Current price: 0.000000050567 - Current percentage: -4.80% - Max: 8.55% - Min: -47.48% - Market Cap 10517 - Trading time: 00:02:02
08-09-2025 07:32:47.494 INFO Current price: 0.000000051082 - Current percentage: -3.44% - Max: 8.55% - Min: -47.48% - Market Cap 10668 - Trading time: 00:02:02
08-09-2025 07:32:47.497 INFO Current price: 0.000000051784 - Current percentage: -2.17% - Max: 8.55% - Min: -47.48% - Market Cap 10808 - Trading time: 00:02:02
08-09-2025 07:32:47.572 INFO Current price: 0.000000052261 - Current percentage: -1.65% - Max: 8.55% - Min: -47.48% - Market Cap 10866 - Trading time: 00:02:02
08-09-2025 07:32:47.935 INFO Current price: 0.000000052597 - Current percentage: -0.90% - Max: 8.55% - Min: -47.48% - Market Cap 10948 - Trading time: 00:02:03
08-09-2025 07:32:47.968 INFO Current price: 0.000000054486 - Current percentage: 5.55% - Max: 8.55% - Min: -47.48% - Market Cap 11660 - Trading time: 00:02:03
08-09-2025 07:32:48.071 INFO Current price: 0.000000056400 - Current percentage: 6.18% - Max: 8.55% - Min: -47.48% - Market Cap 11730 - Trading time: 00:02:03
08-09-2025 07:32:48.341 INFO Current price: 0.000000056573 - Current percentage: 6.19% - Max: 8.55% - Min: -47.48% - Market Cap 11732 - Trading time: 00:02:03
08-09-2025 07:32:48.660 INFO Current price: 0.000000058319 - Current percentage: 12.83% - Max: 12.83% - Min: -47.48% - Market Cap 12465 - Trading time: 00:02:03
08-09-2025 07:32:48.983 INFO Current price: 0.000000059916 - Current percentage: 12.09% - Max: 12.83% - Min: -47.48% - Market Cap 12383 - Trading time: 00:02:04
08-09-2025 07:32:49.221 INFO Current price: 0.000000059522 - Current percentage: 11.36% - Max: 12.83% - Min: -47.48% - Market Cap 12302 - Trading time: 00:02:04
08-09-2025 07:32:49.311 INFO Current price: 0.000000060936 - Current percentage: 17.48% - Max: 17.48% - Min: -47.48% - Market Cap 12978 - Trading time: 00:02:04
08-09-2025 07:32:49.657 INFO Current price: 0.000000062167 - Current percentage: 15.90% - Max: 17.48% - Min: -47.48% - Market Cap 12804 - Trading time: 00:02:04
08-09-2025 07:32:50.552 INFO Current price: 0.000000056967 - Current percentage: -1.35% - Max: 17.48% - Min: -47.48% - Market Cap 10898 - Trading time: 00:02:05
08-09-2025 07:32:50.666 INFO Current price: 0.000000052814 - Current percentage: -1.13% - Max: 17.48% - Min: -47.48% - Market Cap 10922 - Trading time: 00:02:05
08-09-2025 07:32:50.708 INFO Current price: 0.000000052932 - Current percentage: -0.16% - Max: 17.48% - Min: -47.48% - Market Cap 11030 - Trading time: 00:02:06
08-09-2025 07:32:51.358 INFO Current price: 0.000000055206 - Current percentage: 7.55% - Max: 17.48% - Min: -47.48% - Market Cap 11881 - Trading time: 00:02:06
08-09-2025 07:32:51.781 INFO Current price: 0.000000058982 - Current percentage: 13.96% - Max: 17.48% - Min: -47.48% - Market Cap 12590 - Trading time: 00:02:07
08-09-2025 07:32:52.510 INFO Current price: 0.000000060701 - Current percentage: 13.91% - Max: 17.48% - Min: -47.48% - Market Cap 12584 - Trading time: 00:02:07
08-09-2025 07:32:53.644 INFO Current price: 0.000000055143 - Current percentage: -5.95% - Max: 17.48% - Min: -47.48% - Market Cap 10390 - Trading time: 00:02:08
08-09-2025 07:32:54.935 INFO Current price: 0.000000051796 - Current percentage: 0.50% - Max: 17.48% - Min: -47.48% - Market Cap 11103 - Trading time: 00:02:10
08-09-2025 07:32:55.298 INFO Current price: 0.000000055363 - Current percentage: 7.45% - Max: 17.48% - Min: -47.48% - Market Cap 11870 - Trading time: 00:02:10
08-09-2025 07:32:57.338 INFO Current price: 0.000000053600 - Current percentage: -5.80% - Max: 17.48% - Min: -47.48% - Market Cap 10407 - Trading time: 00:02:12
08-09-2025 07:32:57.562 INFO Current price: 0.000000050007 - Current percentage: -6.47% - Max: 17.48% - Min: -47.48% - Market Cap 10332 - Trading time: 00:02:12
08-09-2025 07:32:58.208 INFO Current price: 0.000000051631 - Current percentage: 0.42% - Max: 17.48% - Min: -47.48% - Market Cap 11094 - Trading time: 00:02:13
08-09-2025 07:32:59.011 INFO Current price: 0.000000056070 - Current percentage: 10.30% - Max: 17.48% - Min: -47.48% - Market Cap 12185 - Trading time: 00:02:14
08-09-2025 07:32:59.621 INFO Current price: 0.000000058829 - Current percentage: 10.55% - Max: 17.48% - Min: -47.48% - Market Cap 12212 - Trading time: 00:02:14
08-09-2025 07:33:00.909 INFO Current price: 0.000000055920 - Current percentage: -0.34% - Max: 17.48% - Min: -47.48% - Market Cap 11010 - Trading time: 00:02:16
08-09-2025 07:33:01.928 INFO Current price: 0.000000054900 - Current percentage: 6.55% - Max: 17.48% - Min: -47.48% - Market Cap 11771 - Trading time: 00:02:17
08-09-2025 07:33:03.009 INFO Current price: 0.000000058427 - Current percentage: 12.87% - Max: 17.48% - Min: -47.48% - Market Cap 12470 - Trading time: 00:02:18
08-09-2025 07:33:04.024 INFO Current price: 0.000000062434 - Current percentage: 21.67% - Max: 21.67% - Min: -47.48% - Market Cap 13441 - Trading time: 00:02:19
08-09-2025 07:33:04.750 INFO Current price: 0.000000066790 - Current percentage: 29.17% - Max: 29.17% - Min: -47.48% - Market Cap 14270 - Trading time: 00:02:20
08-09-2025 07:33:06.153 INFO Current price: 0.000000065087 - Current percentage: 15.54% - Max: 29.17% - Min: -47.48% - Market Cap 12765 - Trading time: 00:02:21
08-09-2025 07:33:09.552 INFO Current price: 0.000000063839 - Current percentage: 24.27% - Max: 29.17% - Min: -47.48% - Market Cap 13728 - Trading time: 00:02:24
08-09-2025 07:33:12.325 INFO Current price: 0.000000064235 - Current percentage: 16.98% - Max: 29.17% - Min: -47.48% - Market Cap 12923 - Trading time: 00:02:27
08-09-2025 07:33:13.195 INFO Current price: 0.000000060132 - Current percentage: 8.90% - Max: 29.17% - Min: -47.48% - Market Cap 12031 - Trading time: 00:02:28
08-09-2025 07:33:15.311 INFO Current price: 0.000000058281 - Current percentage: 9.89% - Max: 29.17% - Min: -47.48% - Market Cap 12140 - Trading time: 00:02:30
08-09-2025 07:33:15.316 INFO Current price: 0.000000060968 - Current percentage: 19.17% - Max: 29.17% - Min: -47.48% - Market Cap 13165 - Trading time: 00:02:30
08-09-2025 07:33:15.379 INFO Current price: 0.000000063290 - Current percentage: 18.42% - Max: 29.17% - Min: -47.48% - Market Cap 13082 - Trading time: 00:02:30
08-09-2025 07:33:17.059 INFO Current price: 0.000000064047 - Current percentage: 22.04% - Max: 29.17% - Min: -47.48% - Market Cap 13482 - Trading time: 00:02:32
08-09-2025 07:33:19.471 INFO Current price: 0.000000067377 - Current percentage: 31.05% - Max: 31.05% - Min: -47.48% - Market Cap 14478 - Trading time: 00:02:34
08-09-2025 07:33:21.898 INFO Current price: 0.000000067688 - Current percentage: 23.17% - Max: 31.05% - Min: -47.48% - Market Cap 13607 - Trading time: 00:02:37
08-09-2025 07:33:22.123 INFO Current price: 0.000000063306 - Current percentage: 14.63% - Max: 31.05% - Min: -47.48% - Market Cap 12664 - Trading time: 00:02:37
08-09-2025 07:33:24.248 INFO Current price: 0.000000062822 - Current percentage: 21.29% - Max: 31.05% - Min: -47.48% - Market Cap 13400 - Trading time: 00:02:39
08-09-2025 07:33:25.362 INFO Current price: 0.000000066336 - Current percentage: 27.81% - Max: 31.05% - Min: -47.48% - Market Cap 14120 - Trading time: 00:02:40
08-09-2025 07:33:27.241 INFO Current price: 0.000000068241 - Current percentage: 28.36% - Max: 31.05% - Min: -47.48% - Market Cap 14181 - Trading time: 00:02:42
08-09-2025 07:33:28.936 INFO Current price: 0.000000071477 - Current percentage: 40.22% - Max: 40.22% - Min: -47.48% - Market Cap 15491 - Trading time: 00:02:44
08-09-2025 07:33:29.265 INFO Current price: 0.000000074070 - Current percentage: 37.85% - Max: 40.22% - Min: -47.48% - Market Cap 15228 - Trading time: 00:02:44
08-09-2025 07:33:29.554 INFO Current price: 0.000000073114 - Current percentage: 36.63% - Max: 40.22% - Min: -47.48% - Market Cap 15094 - Trading time: 00:02:44
08-09-2025 07:33:31.009 INFO Current price: 0.000000070585 - Current percentage: 28.47% - Max: 40.22% - Min: -47.48% - Market Cap 14193 - Trading time: 00:02:46
08-09-2025 07:33:31.228 INFO Current price: 0.000000065961 - Current percentage: 19.31% - Max: 40.22% - Min: -47.48% - Market Cap 13181 - Trading time: 00:02:46
08-09-2025 07:33:32.696 INFO Current price: 0.000000061369 - Current percentage: 11.21% - Max: 40.22% - Min: -47.48% - Market Cap 12286 - Trading time: 00:02:48
08-09-2025 07:33:34.422 INFO Current price: 0.000000059315 - Current percentage: 11.46% - Max: 40.22% - Min: -47.48% - Market Cap 12313 - Trading time: 00:02:49
08-09-2025 07:33:37.090 INFO Current price: 0.000000061079 - Current percentage: 17.92% - Max: 40.22% - Min: -47.48% - Market Cap 13027 - Trading time: 00:02:52
08-09-2025 07:33:40.023 INFO Current price: 0.000000065017 - Current percentage: 26.30% - Max: 40.22% - Min: -47.48% - Market Cap 13952 - Trading time: 00:02:55
08-09-2025 07:33:42.743 INFO Current price: 0.000000066961 - Current percentage: 25.08% - Max: 40.22% - Min: -47.48% - Market Cap 13818 - Trading time: 00:02:58
08-09-2025 07:33:42.793 INFO Current price: 0.000000068387 - Current percentage: 31.73% - Max: 40.22% - Min: -47.48% - Market Cap 14553 - Trading time: 00:02:58
08-09-2025 07:33:43.109 INFO Current price: 0.000000073185 - Current percentage: 43.24% - Max: 43.24% - Min: -47.48% - Market Cap 15825 - Trading time: 00:02:58
08-09-2025 07:33:44.827 INFO Current price: 0.000000076691 - Current percentage: 44.66% - Max: 44.66% - Min: -47.48% - Market Cap 15981 - Trading time: 00:03:00
08-09-2025 07:33:47.379 INFO Current price: 0.000000078926 - Current percentage: 51.71% - Max: 51.71% - Min: -47.48% - Market Cap 16760 - Trading time: 00:03:02
08-09-2025 07:33:48.463 INFO Current price: 0.000000080905 - Current percentage: 52.00% - Max: 52.00% - Min: -47.48% - Market Cap 16793 - Trading time: 00:03:03
08-09-2025 07:33:51.733 INFO Current price: 0.000000080930 - Current percentage: 51.81% - Max: 52.00% - Min: -47.48% - Market Cap 16771 - Trading time: 00:03:07
08-09-2025 07:33:51.796 INFO Current price: 0.000000083425 - Current percentage: 61.52% - Max: 61.52% - Min: -47.48% - Market Cap 17844 - Trading time: 00:03:07
08-09-2025 07:33:51.980 INFO Current price: 0.000000089595 - Current percentage: 75.09% - Max: 75.09% - Min: -47.48% - Market Cap 19343 - Trading time: 00:03:07
08-09-2025 07:33:52.702 INFO Current price: 0.000000092472 - Current percentage: 72.06% - Max: 75.09% - Min: -47.48% - Market Cap 19008 - Trading time: 00:03:08
08-09-2025 07:33:53.106 INFO Current price: 0.000000091660 - Current percentage: 72.03% - Max: 75.09% - Min: -47.48% - Market Cap 19005 - Trading time: 00:03:08
08-09-2025 07:33:53.329 INFO Current price: 0.000000087996 - Current percentage: 58.58% - Max: 75.09% - Min: -47.48% - Market Cap 17519 - Trading time: 00:03:08
08-09-2025 07:33:53.624 INFO Current price: 0.000000081807 - Current percentage: 48.68% - Max: 75.09% - Min: -47.48% - Market Cap 16426 - Trading time: 00:03:08
08-09-2025 07:33:54.295 INFO Current price: 0.000000075691 - Current percentage: 35.76% - Max: 75.09% - Min: -47.48% - Market Cap 14997 - Trading time: 00:03:09
08-09-2025 07:33:56.858 INFO Current price: 0.000000074958 - Current percentage: 45.82% - Max: 75.09% - Min: -47.48% - Market Cap 16109 - Trading time: 00:03:12
08-09-2025 07:34:00.358 INFO Current price: 0.000000079566 - Current percentage: 52.96% - Max: 75.09% - Min: -47.48% - Market Cap 16898 - Trading time: 00:03:15
08-09-2025 07:34:00.525 INFO Current price: 0.000000081658 - Current percentage: 53.58% - Max: 75.09% - Min: -47.48% - Market Cap 16967 - Trading time: 00:03:15
08-09-2025 07:34:02.422 INFO Current price: 0.000000081840 - Current percentage: 53.64% - Max: 75.09% - Min: -47.48% - Market Cap 16974 - Trading time: 00:03:17
08-09-2025 07:34:06.326 INFO Current price: 0.000000083770 - Current percentage: 60.91% - Max: 75.09% - Min: -47.48% - Market Cap 17777 - Trading time: 00:03:21
08-09-2025 07:34:09.134 INFO Current price: 0.000000088634 - Current percentage: 72.00% - Max: 75.09% - Min: -47.48% - Market Cap 19002 - Trading time: 00:03:24
08-09-2025 07:34:11.319 INFO Current price: 0.000000087297 - Current percentage: 56.10% - Max: 75.09% - Min: -47.48% - Market Cap 17245 - Trading time: 00:03:26
08-09-2025 07:34:12.471 INFO Current price: 0.000000078668 - Current percentage: 39.68% - Max: 75.09% - Min: -47.48% - Market Cap 15431 - Trading time: 00:03:27
08-09-2025 07:34:14.558 INFO Current price: 0.000000077603 - Current percentage: 51.90% - Max: 75.09% - Min: -47.48% - Market Cap 16781 - Trading time: 00:03:29
08-09-2025 07:34:16.257 INFO Current price: 0.000000081081 - Current percentage: 52.48% - Max: 75.09% - Min: -47.48% - Market Cap 16845 - Trading time: 00:03:31
08-09-2025 07:34:19.109 INFO Current price: 0.000000081260 - Current percentage: 52.57% - Max: 75.09% - Min: -47.48% - Market Cap 16855 - Trading time: 00:03:34
08-09-2025 07:34:20.519 INFO Current price: 0.000000081095 - Current percentage: 51.86% - Max: 75.09% - Min: -47.48% - Market Cap 16777 - Trading time: 00:03:35
08-09-2025 07:34:21.785 INFO Current price: 0.000000083348 - Current percentage: 61.17% - Max: 75.09% - Min: -47.48% - Market Cap 17805 - Trading time: 00:03:37
08-09-2025 07:34:25.901 INFO Current price: 0.000000082816 - Current percentage: 49.93% - Max: 75.09% - Min: -47.48% - Market Cap 16563 - Trading time: 00:03:41
08-09-2025 07:34:26.109 INFO Current price: 0.000000077502 - Current percentage: 41.15% - Max: 75.09% - Min: -47.48% - Market Cap 15593 - Trading time: 00:03:41
08-09-2025 07:34:26.655 INFO Current price: 0.000000072069 - Current percentage: 29.64% - Max: 75.09% - Min: -47.48% - Market Cap 14322 - Trading time: 00:03:41
08-09-2025 07:34:27.764 INFO Current price: 0.000000066703 - Current percentage: 20.91% - Max: 75.09% - Min: -47.48% - Market Cap 13358 - Trading time: 00:03:43
08-09-2025 07:34:27.909 INFO Current price: 0.000000064694 - Current percentage: 21.95% - Max: 75.09% - Min: -47.48% - Market Cap 13473 - Trading time: 00:03:43
08-09-2025 07:34:28.948 INFO Current price: 0.000000064861 - Current percentage: 21.53% - Max: 75.09% - Min: -47.48% - Market Cap 13426 - Trading time: 00:03:44
08-09-2025 07:34:29.438 INFO Current price: 0.000000064891 - Current percentage: 22.07% - Max: 75.09% - Min: -47.48% - Market Cap 13485 - Trading time: 00:03:44
08-09-2025 07:34:30.556 INFO Current price: 0.000000066880 - Current percentage: 29.10% - Max: 75.09% - Min: -47.48% - Market Cap 14262 - Trading time: 00:03:45
08-09-2025 07:34:33.157 INFO Current price: 0.000000071090 - Current percentage: 37.92% - Max: 75.09% - Min: -47.48% - Market Cap 15236 - Trading time: 00:03:48
08-09-2025 07:34:36.094 INFO Current price: 0.000000072497 - Current percentage: 35.46% - Max: 75.09% - Min: -47.48% - Market Cap 14965 - Trading time: 00:03:51
08-09-2025 07:34:38.430 INFO Current price: 0.000000075073 - Current percentage: 46.58% - Max: 75.09% - Min: -47.48% - Market Cap 16194 - Trading time: 00:03:53
08-09-2025 07:34:40.990 INFO Current price: 0.000000080881 - Current percentage: 57.23% - Max: 75.09% - Min: -47.48% - Market Cap 17370 - Trading time: 00:03:56
08-09-2025 07:34:42.551 INFO Current price: 0.000000083924 - Current percentage: 57.82% - Max: 75.09% - Min: -47.48% - Market Cap 17435 - Trading time: 00:03:57
08-09-2025 07:34:43.425 INFO Current price: 0.000000085188 - Current percentage: 62.00% - Max: 75.09% - Min: -47.48% - Market Cap 17897 - Trading time: 00:03:58
08-09-2025 07:34:45.049 INFO Current price: 0.000000086223 - Current percentage: 61.68% - Max: 75.09% - Min: -47.48% - Market Cap 17862 - Trading time: 00:04:00
08-09-2025 07:34:47.248 INFO Current price: 0.000000085691 - Current percentage: 60.01% - Max: 75.09% - Min: -47.48% - Market Cap 17677 - Trading time: 00:04:02
08-09-2025 07:34:47.494 INFO Current price: 0.000000087216 - Current percentage: 67.49% - Max: 75.09% - Min: -47.48% - Market Cap 18503 - Trading time: 00:04:02
08-09-2025 07:34:48.761 INFO Current price: 0.000000089475 - Current percentage: 68.40% - Max: 75.09% - Min: -47.48% - Market Cap 18604 - Trading time: 00:04:04
08-09-2025 07:34:50.048 INFO Current price: 0.000000093394 - Current percentage: 82.48% - Max: 82.48% - Min: -47.48% - Market Cap 20159 - Trading time: 00:04:05
08-09-2025 07:34:50.346 INFO Current price: 0.000000095446 - Current percentage: 75.88% - Max: 82.48% - Min: -47.48% - Market Cap 19431 - Trading time: 00:04:05
08-09-2025 07:34:50.440 INFO Current price: 0.000000097258 - Current percentage: 89.47% - Max: 89.47% - Min: -47.48% - Market Cap 20932 - Trading time: 00:04:05
08-09-2025 07:34:50.966 INFO Current price: 0.000000100270 - Current percentage: 86.95% - Max: 89.47% - Min: -47.48% - Market Cap 20653 - Trading time: 00:04:06
08-09-2025 07:34:51.536 INFO Current price: 0.000000095657 - Current percentage: 72.44% - Max: 89.47% - Min: -47.48% - Market Cap 19050 - Trading time: 00:04:06
08-09-2025 07:34:51.847 INFO Current price: 0.000000094838 - Current percentage: 83.76% - Max: 89.47% - Min: -47.48% - Market Cap 20301 - Trading time: 00:04:07
08-09-2025 07:34:52.221 INFO Current price: 0.000000095371 - Current percentage: 74.39% - Max: 89.47% - Min: -47.48% - Market Cap 19265 - Trading time: 00:04:07
08-09-2025 07:34:52.728 INFO Current price: 0.000000090699 - Current percentage: 66.20% - Max: 89.47% - Min: -47.48% - Market Cap 18360 - Trading time: 00:04:08
08-09-2025 07:34:54.974 INFO Current price: 0.000000086365 - Current percentage: 58.12% - Max: 89.47% - Min: -47.48% - Market Cap 17468 - Trading time: 00:04:10
08-09-2025 07:34:56.737 INFO Current price: 0.000000081076 - Current percentage: 46.46% - Max: 89.47% - Min: -47.48% - Market Cap 16180 - Trading time: 00:04:12
08-09-2025 07:34:59.249 INFO Current price: 0.000000080427 - Current percentage: 55.60% - Max: 89.47% - Min: -47.48% - Market Cap 17190 - Trading time: 00:04:14
08-09-2025 07:34:59.865 INFO Current price: 0.000000084488 - Current percentage: 58.61% - Max: 89.47% - Min: -47.48% - Market Cap 17522 - Trading time: 00:04:15
08-09-2025 07:35:00.437 INFO Current price: 0.000000084661 - Current percentage: 59.21% - Max: 89.47% - Min: -47.48% - Market Cap 17589 - Trading time: 00:04:15
08-09-2025 07:35:00.694 INFO Current price: 0.000000085229 - Current percentage: 60.74% - Max: 89.47% - Min: -47.48% - Market Cap 17758 - Trading time: 00:04:16
08-09-2025 07:35:03.762 INFO Current price: 0.000000087596 - Current percentage: 68.17% - Max: 89.47% - Min: -47.48% - Market Cap 18579 - Trading time: 00:04:19
08-09-2025 07:35:05.636 INFO Current price: 0.000000089926 - Current percentage: 68.79% - Max: 89.47% - Min: -47.48% - Market Cap 18647 - Trading time: 00:04:20
08-09-2025 07:35:05.867 INFO Current price: 0.000000092046 - Current percentage: 76.84% - Max: 89.47% - Min: -47.48% - Market Cap 19536 - Trading time: 00:04:21
08-09-2025 07:35:06.801 INFO Current price: 0.000000090886 - Current percentage: 64.57% - Max: 89.47% - Min: -47.48% - Market Cap 18180 - Trading time: 00:04:22
08-09-2025 07:35:07.653 INFO Current price: 0.000000084089 - Current percentage: 51.38% - Max: 89.47% - Min: -47.48% - Market Cap 16723 - Trading time: 00:04:22
08-09-2025 07:35:08.148 INFO Current price: 0.000000078242 - Current percentage: 42.48% - Max: 89.47% - Min: -47.48% - Market Cap 15740 - Trading time: 00:04:23
08-09-2025 07:35:10.112 INFO Current price: 0.000000077408 - Current percentage: 48.17% - Max: 89.47% - Min: -47.48% - Market Cap 16369 - Trading time: 00:04:25
08-09-2025 07:35:11.003 INFO Current price: 0.000000075744 - Current percentage: 36.42% - Max: 89.47% - Min: -47.48% - Market Cap 15071 - Trading time: 00:04:26
08-09-2025 07:35:11.006 INFO Current price: 0.000000072752 - Current percentage: 36.69% - Max: 89.47% - Min: -47.48% - Market Cap 15101 - Trading time: 00:04:26
08-09-2025 07:35:11.235 INFO Current price: 0.000000069874 - Current percentage: 25.84% - Max: 89.47% - Min: -47.48% - Market Cap 13902 - Trading time: 00:04:26
08-09-2025 07:35:11.442 INFO Current price: 0.000000067056 - Current percentage: 25.89% - Max: 89.47% - Min: -47.48% - Market Cap 13908 - Trading time: 00:04:26
08-09-2025 07:35:12.835 INFO Current price: 0.000000069328 - Current percentage: 34.51% - Max: 89.47% - Min: -47.48% - Market Cap 14860 - Trading time: 00:04:28
08-09-2025 07:35:16.501 INFO Current price: 0.000000071736 - Current percentage: 34.79% - Max: 89.47% - Min: -47.48% - Market Cap 14891 - Trading time: 00:04:31
08-09-2025 07:35:18.028 INFO Current price: 0.000000073603 - Current percentage: 41.60% - Max: 89.47% - Min: -47.48% - Market Cap 15643 - Trading time: 00:04:33
08-09-2025 07:35:21.042 INFO Current price: 0.000000075517 - Current percentage: 41.89% - Max: 89.47% - Min: -47.48% - Market Cap 15675 - Trading time: 00:04:36
08-09-2025 07:35:24.662 INFO Current price: 0.000000073588 - Current percentage: 34.46% - Max: 89.47% - Min: -47.48% - Market Cap 14854 - Trading time: 00:04:39
08-09-2025 07:35:24.663 INFO Current price: 0.000000069514 - Current percentage: 26.61% - Max: 89.47% - Min: -47.48% - Market Cap 13987 - Trading time: 00:04:39
08-09-2025 07:35:24.672 INFO Current price: 0.000000065719 - Current percentage: 20.18% - Max: 89.47% - Min: -47.48% - Market Cap 13277 - Trading time: 00:04:39
08-09-2025 07:35:24.741 INFO Current price: 0.000000061615 - Current percentage: 11.29% - Max: 89.47% - Min: -47.48% - Market Cap 12295 - Trading time: 00:04:40
08-09-2025 07:35:24.743 INFO Current price: 0.000000057780 - Current percentage: 5.69% - Max: 89.47% - Min: -47.48% - Market Cap 11676 - Trading time: 00:04:40
08-09-2025 07:35:24.815 INFO Current price: 0.000000054563 - Current percentage: -0.76% - Max: 89.47% - Min: -47.48% - Market Cap 10964 - Trading time: 00:04:40
08-09-2025 07:35:24.867 INFO Current price: 0.000000051647 - Current percentage: -5.31% - Max: 89.47% - Min: -47.48% - Market Cap 10461 - Trading time: 00:04:40
08-09-2025 07:35:24.985 INFO Current price: 0.000000049213 - Current percentage: -9.89% - Max: 89.47% - Min: -47.48% - Market Cap 9954 - Trading time: 00:04:40
08-09-2025 07:35:25.064 INFO Current price: 0.000000046473 - Current percentage: -15.56% - Max: 89.47% - Min: -47.48% - Market Cap 9329 - Trading time: 00:04:40
08-09-2025 07:35:25.066 INFO Current price: 0.000000043837 - Current percentage: -19.82% - Max: 89.47% - Min: -47.48% - Market Cap 8857 - Trading time: 00:04:40
08-09-2025 07:35:25.068 INFO Current price: 0.000000041825 - Current percentage: -23.13% - Max: 89.47% - Min: -47.48% - Market Cap 8492 - Trading time: 00:04:40
08-09-2025 07:35:25.131 INFO Current price: 0.000000039957 - Current percentage: -26.83% - Max: 89.47% - Min: -47.48% - Market Cap 8084 - Trading time: 00:04:40
08-09-2025 07:35:25.183 INFO Current price: 0.000000038398 - Current percentage: -29.01% - Max: 89.47% - Min: -47.48% - Market Cap 7842 - Trading time: 00:04:40
08-09-2025 07:35:25.233 INFO Current price: 0.000000036879 - Current percentage: -32.50% - Max: 89.47% - Min: -47.48% - Market Cap 7457 - Trading time: 00:04:40
08-09-2025 07:35:25.334 INFO Current price: 0.000000035247 - Current percentage: -35.15% - Max: 89.47% - Min: -47.48% - Market Cap 7164 - Trading time: 00:04:40
08-09-2025 07:35:25.552 INFO Current price: 0.000000033759 - Current percentage: -38.08% - Max: 89.47% - Min: -47.48% - Market Cap 6840 - Trading time: 00:04:40
08-09-2025 07:35:25.554 INFO Current price: 0.000000032534 - Current percentage: -39.77% - Max: 89.47% - Min: -47.48% - Market Cap 6654 - Trading time: 00:04:40
08-09-2025 07:35:25.557 INFO Current price: 0.000000031654 - Current percentage: -41.39% - Max: 89.47% - Min: -47.48% - Market Cap 6475 - Trading time: 00:04:40
08-09-2025 07:35:26.767 INFO Current price: 0.000000030733 - Current percentage: -43.23% - Max: 89.47% - Min: -47.48% - Market Cap 6272 - Trading time: 00:04:42
08-09-2025 07:35:28.235 INFO Current price: 0.000000030122 - Current percentage: -43.70% - Max: 89.47% - Min: -47.48% - Market Cap 6220 - Trading time: 00:04:43
08-09-2025 07:35:30.911 INFO Current price: 0.000000029961 - Current percentage: -43.83% - Max: 89.47% - Min: -47.48% - Market Cap 6205 - Trading time: 00:04:46
08-09-2025 07:35:31.857 INFO Current price: 0.000000029917 - Current percentage: -43.86% - Max: 89.47% - Min: -47.48% - Market Cap 6202 - Trading time: 00:04:47
08-09-2025 07:35:32.774 INFO Current price: 0.000000029890 - Current percentage: -43.93% - Max: 89.47% - Min: -47.48% - Market Cap 6194 - Trading time: 00:04:48
08-09-2025 07:35:39.084 INFO Current price: 0.000000029288 - Current percentage: -46.10% - Max: 89.47% - Min: -47.48% - Market Cap 5955 - Trading time: 00:04:54
08-09-2025 07:35:41.969 INFO Current price: 0.000000028640 - Current percentage: -46.38% - Max: 89.47% - Min: -47.48% - Market Cap 5923 - Trading time: 00:04:57
08-09-2025 07:35:59.561 INFO Current price: 0.000000028489 - Current percentage: -46.67% - Max: 89.47% - Min: -47.48% - Market Cap 5892 - Trading time: 00:05:14
08-09-2025 07:36:30.052 INFO Current price: 0.000000028385 - Current percentage: -46.78% - Max: 89.47% - Min: -47.48% - Market Cap 5880 - Trading time: 00:05:45
08-09-2025 07:42:42.760 INFO Current price: 0.000000028489 - Current percentage: -46.35% - Max: 89.47% - Min: -47.48% - Market Cap 5927 - Trading time: 00:11:58
08-09-2025 07:43:57.582 INFO Current price: 0.000000028667 - Current percentage: -46.18% - Max: 89.47% - Min: -47.48% - Market Cap 5945 - Trading time: 00:13:12
08-09-2025 07:44:03.996 INFO Current price: 0.000000028811 - Current percentage: -45.81% - Max: 89.47% - Min: -47.48% - Market Cap 5986 - Trading time: 00:13:19
08-09-2025 07:44:09.126 INFO Current price: 0.000000028932 - Current percentage: -45.73% - Max: 89.47% - Min: -47.48% - Market Cap 5996 - Trading time: 00:13:24
08-09-2025 07:44:16.880 INFO Current price: 0.000000029013 - Current percentage: -45.51% - Max: 89.47% - Min: -47.48% - Market Cap 6020 - Trading time: 00:13:32
08-09-2025 07:44:26.790 INFO Current price: 0.000000029103 - Current percentage: -45.39% - Max: 89.47% - Min: -47.48% - Market Cap 6033 - Trading time: 00:13:42
08-09-2025 07:44:48.861 INFO Current price: 0.000000029269 - Current percentage: -44.88% - Max: 89.47% - Min: -47.48% - Market Cap 6089 - Trading time: 00:14:04
08-09-2025 07:44:56.192 INFO Current price: 0.000000029460 - Current percentage: -44.68% - Max: 89.47% - Min: -47.48% - Market Cap 6111 - Trading time: 00:14:11
08-09-2025 07:45:11.859 INFO Current price: 0.000000029537 - Current percentage: -44.59% - Max: 89.47% - Min: -47.48% - Market Cap 6121 - Trading time: 00:14:27






08-09-2025 07:50:44.692 INFO {"type":"summary","reason":"max_window","startedAt":"2025-09-08T05:30:44.685Z","endedAt":"2025-09-08T05:50:44.692Z","durationSec":1200,"entryPrice":5.6800588699466707e-8,"entryMarketCapSol":53.27663300189568,"entryMarketCapUsd":11047.44261927309,"minPct":-47.482463102426756,"maxPct":89.47407443578874,"buyCount":124,"sellCount":115,"tradeCount":239,"entryRecorded":true,"noPostThresholdTrades":false,"triggerAt":"2025-09-08T05:30:44.683Z","ageAtTriggerSec":19,"preTotalTrades":39,"preBuys":28,"preSells":11,"preUniqueTraders":21,"preEntryTotalTrades":45,"preEntryBuys":32,"preEntrySells":13,"preEntryUniqueTraders":24,"preEntryMinMcUsd":7253.213776174064,"preEntryMaxMcUsd":12774.511610196767,"thresholdMcSol":53.27663300189568,"thresholdMcUsd":11047.44261927309,"thresholdPrice":5.6800588699466707e-8}
