07-09-2025 20:59:40.478 INFO Entry price: 0.000000048580006363 - Entry market cap: 9068 - Buys 15 - Sells 3 - Ratio: 1:0.20 - Min MarketCap: 6818 - Max MarketCap: 10673
07-09-2025 20:59:40.478 INFO Current price: 0.000000048580 - Current percentage: 0.00% - Max: 0.00% - Min: 0.00% - Market Cap 9068 - Trading time: 00:00:02
07-09-2025 20:59:40.934 INFO Current price: 0.000000048953 - Current percentage: 10.12% - Max: 10.12% - Min: 0.00% - Market Cap 9986 - Trading time: 00:00:02
07-09-2025 20:59:41.232 INFO Current price: 0.000000050655 - Current percentage: 15.04% - Max: 15.04% - Min: 0.00% - Market Cap 10432 - Trading time: 00:00:02
07-09-2025 20:59:41.249 INFO Current price: 0.000000053136 - Current percentage: 21.17% - Max: 21.17% - Min: 0.00% - Market Cap 10988 - Trading time: 00:00:02
07-09-2025 20:59:41.592 INFO Current price: 0.000000049815 - Current percentage: 2.13% - Max: 21.17% - Min: 0.00% - Market Cap 9261 - Trading time: 00:00:03
07-09-2025 20:59:41.596 INFO Current price: 0.000000046046 - Current percentage: 2.49% - Max: 21.17% - Min: 0.00% - Market Cap 9294 - Trading time: 00:00:03
07-09-2025 20:59:41.870 INFO Current price: 0.000000046363 - Current percentage: 3.54% - Max: 21.17% - Min: 0.00% - Market Cap 9389 - Trading time: 00:00:03
07-09-2025 20:59:43.529 INFO Current price: 0.000000045248 - Current percentage: -1.39% - Max: 21.17% - Min: -1.39% - Market Cap 8942 - Trading time: 00:00:05
07-09-2025 20:59:44.077 INFO Current price: 0.000000043275 - Current percentage: -5.30% - Max: 21.17% - Min: -5.30% - Market Cap 8588 - Trading time: 00:00:05
07-09-2025 20:59:44.078 INFO Current price: 0.000000041443 - Current percentage: -9.56% - Max: 21.17% - Min: -9.56% - Market Cap 8202 - Trading time: 00:00:05
07-09-2025 20:59:44.802 INFO Current price: 0.000000040579 - Current percentage: -9.81% - Max: 21.17% - Min: -9.81% - Market Cap 8178 - Trading time: 00:00:06
07-09-2025 20:59:45.806 INFO Current price: 0.000000041782 - Current percentage: -4.43% - Max: 21.17% - Min: -9.81% - Market Cap 8666 - Trading time: 00:00:07
07-09-2025 20:59:45.810 INFO Current price: 0.000000044044 - Current percentage: 0.22% - Max: 21.17% - Min: -9.81% - Market Cap 9088 - Trading time: 00:00:07
07-09-2025 20:59:47.114 INFO Current price: 0.000000044352 - Current percentage: -2.11% - Max: 21.17% - Min: -9.81% - Market Cap 8877 - Trading time: 00:00:08
07-09-2025 20:59:49.360 INFO Current price: 0.000000040171 - Current percentage: -17.79% - Max: 21.17% - Min: -17.79% - Market Cap 7455 - Trading time: 00:00:10
07-09-2025 20:59:49.743 INFO Current price: 0.000000037033 - Current percentage: -17.65% - Max: 21.17% - Min: -17.79% - Market Cap 7468 - Trading time: 00:00:11
07-09-2025 20:59:50.576 INFO Current price: 0.000000036795 - Current percentage: -18.02% - Max: 21.17% - Min: -18.02% - Market Cap 7434 - Trading time: 00:00:12
07-09-2025 20:59:50.738 INFO Current price: 0.000000036688 - Current percentage: -18.12% - Max: 21.17% - Min: -18.12% - Market Cap 7425 - Trading time: 00:00:12
07-09-2025 20:59:50.846 INFO Current price: 0.000000036579 - Current percentage: -18.50% - Max: 21.17% - Min: -18.50% - Market Cap 7390 - Trading time: 00:00:12
07-09-2025 20:59:51.986 INFO Current price: 0.000000036932 - Current percentage: -17.37% - Max: 21.17% - Min: -18.50% - Market Cap 7493 - Trading time: 00:00:13
07-09-2025 20:59:52.780 INFO Current price: 0.000000037561 - Current percentage: -16.25% - Max: 21.17% - Min: -18.50% - Market Cap 7594 - Trading time: 00:00:14
07-09-2025 20:59:52.782 INFO Current price: 0.000000037833 - Current percentage: -15.62% - Max: 21.17% - Min: -18.50% - Market Cap 7652 - Trading time: 00:00:14
07-09-2025 20:59:52.864 INFO Current price: 0.000000039039 - Current percentage: -10.83% - Max: 21.17% - Min: -18.50% - Market Cap 8086 - Trading time: 00:00:14
07-09-2025 20:59:52.963 INFO Current price: 0.000000040271 - Current percentage: -10.21% - Max: 21.17% - Min: -18.50% - Market Cap 8142 - Trading time: 00:00:14
07-09-2025 20:59:53.959 INFO Current price: 0.000000041653 - Current percentage: -4.60% - Max: 21.17% - Min: -18.50% - Market Cap 8651 - Trading time: 00:00:15
07-09-2025 20:59:53.963 INFO Current price: 0.000000044138 - Current percentage: 0.82% - Max: 21.17% - Min: -18.50% - Market Cap 9143 - Trading time: 00:00:15
07-09-2025 20:59:54.583 INFO Current price: 0.000000045415 - Current percentage: 1.00% - Max: 21.17% - Min: -18.50% - Market Cap 9159 - Trading time: 00:00:16
07-09-2025 20:59:54.913 INFO Current price: 0.000000046035 - Current percentage: 3.60% - Max: 21.17% - Min: -18.50% - Market Cap 9394 - Trading time: 00:00:16
07-09-2025 20:59:55.015 INFO Current price: 0.000000047888 - Current percentage: 9.29% - Max: 21.17% - Min: -18.50% - Market Cap 9910 - Trading time: 00:00:16
07-09-2025 20:59:55.015 INFO Current price: 0.000000050306 - Current percentage: 14.33% - Max: 21.17% - Min: -18.50% - Market Cap 10367 - Trading time: 00:00:16
07-09-2025 20:59:55.143 INFO Current price: 0.000000051540 - Current percentage: 14.71% - Max: 21.17% - Min: -18.50% - Market Cap 10402 - Trading time: 00:00:16
07-09-2025 20:59:55.800 INFO Current price: 0.000000051629 - Current percentage: 14.71% - Max: 21.17% - Min: -18.50% - Market Cap 10402 - Trading time: 00:00:17
07-09-2025 20:59:58.990 INFO Current price: 0.000000051340 - Current percentage: 14.59% - Max: 21.17% - Min: -18.50% - Market Cap 10391 - Trading time: 00:00:20
07-09-2025 20:59:59.051 INFO Current price: 0.000000049638 - Current percentage: 7.24% - Max: 21.17% - Min: -18.50% - Market Cap 9724 - Trading time: 00:00:20
07-09-2025 20:59:59.054 INFO Current price: 0.000000046669 - Current percentage: 1.29% - Max: 21.17% - Min: -18.50% - Market Cap 9185 - Trading time: 00:00:20
07-09-2025 21:00:01.008 INFO Current price: 0.000000045891 - Current percentage: 2.65% - Max: 21.17% - Min: -18.50% - Market Cap 9308 - Trading time: 00:00:22
07-09-2025 21:00:01.020 INFO Current price: 0.000000046477 - Current percentage: 3.89% - Max: 21.17% - Min: -18.50% - Market Cap 9421 - Trading time: 00:00:22
07-09-2025 21:00:02.031 INFO Current price: 0.000000047075 - Current percentage: 5.31% - Max: 21.17% - Min: -18.50% - Market Cap 9550 - Trading time: 00:00:23
07-09-2025 21:00:02.032 INFO Current price: 0.000000047669 - Current percentage: 6.53% - Max: 21.17% - Min: -18.50% - Market Cap 9660 - Trading time: 00:00:23
07-09-2025 21:00:02.282 INFO Current price: 0.000000050115 - Current percentage: 16.39% - Max: 21.17% - Min: -18.50% - Market Cap 10555 - Trading time: 00:00:23
07-09-2025 21:00:05.556 INFO Current price: 0.000000051301 - Current percentage: 12.76% - Max: 21.17% - Min: -18.50% - Market Cap 10225 - Trading time: 00:00:27
07-09-2025 21:00:05.794 INFO Current price: 0.000000051977 - Current percentage: 18.29% - Max: 21.17% - Min: -18.50% - Market Cap 10726 - Trading time: 00:00:27
07-09-2025 21:00:10.050 INFO Current price: 0.000000052509 - Current percentage: 17.15% - Max: 21.17% - Min: -18.50% - Market Cap 10624 - Trading time: 00:00:31
07-09-2025 21:00:10.087 INFO Current price: 0.000000052179 - Current percentage: 15.90% - Max: 21.17% - Min: -18.50% - Market Cap 10510 - Trading time: 00:00:31
07-09-2025 21:00:14.308 INFO Current price: 0.000000051088 - Current percentage: 12.30% - Max: 21.17% - Min: -18.50% - Market Cap 10183 - Trading time: 00:00:35
07-09-2025 21:00:15.535 INFO Current price: 0.000000049645 - Current percentage: 9.45% - Max: 21.17% - Min: -18.50% - Market Cap 9925 - Trading time: 00:00:37
07-09-2025 21:00:15.544 INFO Current price: 0.000000048398 - Current percentage: 6.72% - Max: 21.17% - Min: -18.50% - Market Cap 9678 - Trading time: 00:00:37
07-09-2025 21:00:15.545 INFO Current price: 0.000000047172 - Current percentage: 3.98% - Max: 21.17% - Min: -18.50% - Market Cap 9429 - Trading time: 00:00:37
07-09-2025 21:00:15.556 INFO Current price: 0.000000046548 - Current percentage: 3.98% - Max: 21.17% - Min: -18.50% - Market Cap 9429 - Trading time: 00:00:37
07-09-2025 21:00:15.655 INFO Current price: 0.000000044423 - Current percentage: -5.36% - Max: 21.17% - Min: -18.50% - Market Cap 8582 - Trading time: 00:00:37
07-09-2025 21:00:16.942 INFO Current price: 0.000000042576 - Current percentage: -5.15% - Max: 21.17% - Min: -18.50% - Market Cap 8601 - Trading time: 00:00:38
07-09-2025 21:00:17.887 INFO Current price: 0.000000043609 - Current percentage: -1.02% - Max: 21.17% - Min: -18.50% - Market Cap 8976 - Trading time: 00:00:39
07-09-2025 21:00:17.914 INFO Current price: 0.000000045373 - Current percentage: 2.68% - Max: 21.17% - Min: -18.50% - Market Cap 9311 - Trading time: 00:00:39
07-09-2025 21:00:17.918 INFO Current price: 0.000000047053 - Current percentage: 6.45% - Max: 21.17% - Min: -18.50% - Market Cap 9653 - Trading time: 00:00:39
07-09-2025 21:00:17.935 INFO Current price: 0.000000048804 - Current percentage: 10.47% - Max: 21.17% - Min: -18.50% - Market Cap 10017 - Trading time: 00:00:39
07-09-2025 21:00:18.944 INFO Current price: 0.000000049326 - Current percentage: 9.84% - Max: 21.17% - Min: -18.50% - Market Cap 9960 - Trading time: 00:00:40
07-09-2025 21:00:19.114 INFO Current price: 0.000000050077 - Current percentage: 12.72% - Max: 21.17% - Min: -18.50% - Market Cap 10221 - Trading time: 00:00:40
07-09-2025 21:00:19.114 INFO Current price: 0.000000051338 - Current percentage: 15.44% - Max: 21.17% - Min: -18.50% - Market Cap 10468 - Trading time: 00:00:40
07-09-2025 21:00:19.195 INFO Current price: 0.000000052569 - Current percentage: 18.18% - Max: 21.17% - Min: -18.50% - Market Cap 10717 - Trading time: 00:00:40
07-09-2025 21:00:19.196 INFO Current price: 0.000000053793 - Current percentage: 20.88% - Max: 21.17% - Min: -18.50% - Market Cap 10961 - Trading time: 00:00:40
07-09-2025 21:00:26.138 INFO Current price: 0.000000053928 - Current percentage: 19.98% - Max: 21.17% - Min: -18.50% - Market Cap 10880 - Trading time: 00:00:47
07-09-2025 21:00:26.138 INFO Current price: 0.000000053521 - Current percentage: 19.06% - Max: 21.17% - Min: -18.50% - Market Cap 10796 - Trading time: 00:00:47
07-09-2025 21:00:26.139 INFO Current price: 0.000000053118 - Current percentage: 18.18% - Max: 21.17% - Min: -18.50% - Market Cap 10717 - Trading time: 00:00:47
07-09-2025 21:00:29.026 INFO Current price: 0.000000054907 - Current percentage: 25.94% - Max: 25.94% - Min: -18.50% - Market Cap 11420 - Trading time: 00:00:50
07-09-2025 21:00:29.026 INFO Current price: 0.000000058802 - Current percentage: 35.55% - Max: 35.55% - Min: -18.50% - Market Cap 12291 - Trading time: 00:00:50
07-09-2025 21:00:29.535 INFO Current price: 0.000000061004 - Current percentage: 35.55% - Max: 35.55% - Min: -18.50% - Market Cap 12292 - Trading time: 00:00:51
07-09-2025 21:00:29.535 INFO Current price: 0.000000061019 - Current percentage: 35.61% - Max: 35.61% - Min: -18.50% - Market Cap 12297 - Trading time: 00:00:51
07-09-2025 21:00:29.683 INFO Current price: 0.000000061047 - Current percentage: 35.67% - Max: 35.67% - Min: -18.50% - Market Cap 12303 - Trading time: 00:00:51
07-09-2025 21:00:30.102 INFO Current price: 0.000000061330 - Current percentage: 36.87% - Max: 36.87% - Min: -18.50% - Market Cap 12412 - Trading time: 00:00:51
07-09-2025 21:00:31.834 INFO Current price: 0.000000063413 - Current percentage: 45.05% - Max: 45.05% - Min: -18.50% - Market Cap 13153 - Trading time: 00:00:53
07-09-2025 21:00:31.836 INFO Current price: 0.000000066896 - Current percentage: 52.32% - Max: 52.32% - Min: -18.50% - Market Cap 13813 - Trading time: 00:00:53
07-09-2025 21:00:32.581 INFO Current price: 0.000000068767 - Current percentage: 53.27% - Max: 53.27% - Min: -18.50% - Market Cap 13899 - Trading time: 00:00:54
07-09-2025 21:00:32.826 INFO Current price: 0.000000069011 - Current percentage: 53.40% - Max: 53.40% - Min: -18.50% - Market Cap 13911 - Trading time: 00:00:54
07-09-2025 21:00:33.170 INFO Current price: 0.000000069111 - Current percentage: 53.72% - Max: 53.72% - Min: -18.50% - Market Cap 13940 - Trading time: 00:00:54
07-09-2025 21:00:38.678 INFO Current price: 0.000000068266 - Current percentage: 51.19% - Max: 53.72% - Min: -18.50% - Market Cap 13710 - Trading time: 00:01:00
07-09-2025 21:00:38.689 INFO Current price: 0.000000067147 - Current percentage: 48.72% - Max: 53.72% - Min: -18.50% - Market Cap 13486 - Trading time: 00:01:00
07-09-2025 21:00:38.706 INFO Current price: 0.000000066033 - Current percentage: 46.21% - Max: 53.72% - Min: -18.50% - Market Cap 13259 - Trading time: 00:01:00
07-09-2025 21:00:43.364 INFO Current price: 0.000000064499 - Current percentage: 41.89% - Max: 53.72% - Min: -18.50% - Market Cap 12867 - Trading time: 00:01:04
07-09-2025 21:00:43.364 INFO Current price: 0.000000062609 - Current percentage: 37.77% - Max: 53.72% - Min: -18.50% - Market Cap 12493 - Trading time: 00:01:04
07-09-2025 21:00:43.365 INFO Current price: 0.000000060765 - Current percentage: 33.66% - Max: 53.72% - Min: -18.50% - Market Cap 12120 - Trading time: 00:01:04
07-09-2025 21:00:43.442 INFO Current price: 0.000000059794 - Current percentage: 33.40% - Max: 53.72% - Min: -18.50% - Market Cap 12097 - Trading time: 00:01:04
07-09-2025 21:00:44.578 INFO Current price: 0.000000060705 - Current percentage: 36.38% - Max: 53.72% - Min: -18.50% - Market Cap 12368 - Trading time: 00:01:06
07-09-2025 21:00:44.947 INFO Current price: 0.000000061045 - Current percentage: 36.26% - Max: 53.72% - Min: -18.50% - Market Cap 12357 - Trading time: 00:01:06
07-09-2025 21:00:45.321 INFO Current price: 0.000000061662 - Current percentage: 37.76% - Max: 53.72% - Min: -18.50% - Market Cap 12492 - Trading time: 00:01:06
07-09-2025 21:00:45.323 INFO Current price: 0.000000062340 - Current percentage: 39.28% - Max: 53.72% - Min: -18.50% - Market Cap 12630 - Trading time: 00:01:06
07-09-2025 21:00:46.658 INFO Current price: 0.000000062711 - Current percentage: 39.40% - Max: 53.72% - Min: -18.50% - Market Cap 12641 - Trading time: 00:01:08
07-09-2025 21:00:46.661 INFO Current price: 0.000000062875 - Current percentage: 40.01% - Max: 53.72% - Min: -18.50% - Market Cap 12696 - Trading time: 00:01:08
07-09-2025 21:00:48.397 INFO Current price: 0.000000062417 - Current percentage: 38.77% - Max: 53.72% - Min: -18.50% - Market Cap 12584 - Trading time: 00:01:09
07-09-2025 21:00:55.574 INFO Current price: 0.000000062636 - Current percentage: 39.57% - Max: 53.72% - Min: -18.50% - Market Cap 12657 - Trading time: 00:01:17
07-09-2025 21:00:55.578 INFO Current price: 0.000000060747 - Current percentage: 31.85% - Max: 53.72% - Min: -18.50% - Market Cap 11956 - Trading time: 00:01:17
07-09-2025 21:00:55.582 INFO Current price: 0.000000057712 - Current percentage: 25.98% - Max: 53.72% - Min: -18.50% - Market Cap 11424 - Trading time: 00:01:17
07-09-2025 21:00:55.975 INFO Current price: 0.000000056762 - Current percentage: 26.27% - Max: 53.72% - Min: -18.50% - Market Cap 11450 - Trading time: 00:01:17
07-09-2025 21:00:56.939 INFO Current price: 0.000000056654 - Current percentage: 26.52% - Max: 53.72% - Min: -18.50% - Market Cap 11473 - Trading time: 00:01:18
07-09-2025 21:00:56.979 INFO Current price: 0.000000057058 - Current percentage: 27.04% - Max: 53.72% - Min: -18.50% - Market Cap 11520 - Trading time: 00:01:18
07-09-2025 21:00:56.989 INFO Current price: 0.000000057318 - Current percentage: 27.67% - Max: 53.72% - Min: -18.50% - Market Cap 11578 - Trading time: 00:01:18
07-09-2025 21:01:00.451 INFO Current price: 0.000000055423 - Current percentage: 19.98% - Max: 53.72% - Min: -18.50% - Market Cap 10880 - Trading time: 00:01:21
07-09-2025 21:01:00.451 INFO Current price: 0.000000051990 - Current percentage: 12.35% - Max: 53.72% - Min: -18.50% - Market Cap 10188 - Trading time: 00:01:21
07-09-2025 21:01:00.452 INFO Current price: 0.000000048616 - Current percentage: 4.92% - Max: 53.72% - Min: -18.50% - Market Cap 9514 - Trading time: 00:01:21
07-09-2025 21:01:00.534 INFO Current price: 0.000000045641 - Current percentage: -0.98% - Max: 53.72% - Min: -18.50% - Market Cap 8979 - Trading time: 00:01:22
07-09-2025 21:01:01.486 INFO Current price: 0.000000044133 - Current percentage: -1.90% - Max: 53.72% - Min: -18.50% - Market Cap 8895 - Trading time: 00:01:23
07-09-2025 21:01:01.838 INFO Current price: 0.000000043817 - Current percentage: -2.39% - Max: 53.72% - Min: -18.50% - Market Cap 8851 - Trading time: 00:01:23
07-09-2025 21:01:02.872 INFO Current price: 0.000000044329 - Current percentage: -0.86% - Max: 53.72% - Min: -18.50% - Market Cap 8990 - Trading time: 00:01:24
07-09-2025 21:01:02.888 INFO Current price: 0.000000045225 - Current percentage: 1.86% - Max: 53.72% - Min: -18.50% - Market Cap 9237 - Trading time: 00:01:24
07-09-2025 21:01:02.899 INFO Current price: 0.000000046393 - Current percentage: 4.32% - Max: 53.72% - Min: -18.50% - Market Cap 9460 - Trading time: 00:01:24
07-09-2025 21:01:03.234 INFO Current price: 0.000000047896 - Current percentage: 8.56% - Max: 53.72% - Min: -18.50% - Market Cap 9845 - Trading time: 00:01:24
07-09-2025 21:01:03.809 INFO Current price: 0.000000048884 - Current percentage: 8.67% - Max: 53.72% - Min: -18.50% - Market Cap 9854 - Trading time: 00:01:25
07-09-2025 21:01:05.434 INFO Current price: 0.000000047559 - Current percentage: 3.80% - Max: 53.72% - Min: -18.50% - Market Cap 9413 - Trading time: 00:01:26
07-09-2025 21:01:05.719 INFO Current price: 0.000000046437 - Current percentage: 3.60% - Max: 53.72% - Min: -18.50% - Market Cap 9395 - Trading time: 00:01:27
07-09-2025 21:01:08.170 INFO Current price: 0.000000045684 - Current percentage: 0.46% - Max: 53.72% - Min: -18.50% - Market Cap 9110 - Trading time: 00:01:29
07-09-2025 21:01:08.170 INFO Current price: 0.000000044256 - Current percentage: -2.77% - Max: 53.72% - Min: -18.50% - Market Cap 8817 - Trading time: 00:01:29
07-09-2025 21:01:08.326 INFO Current price: 0.000000042200 - Current percentage: -8.66% - Max: 53.72% - Min: -18.50% - Market Cap 8283 - Trading time: 00:01:29
07-09-2025 21:01:08.328 INFO Current price: 0.000000039808 - Current percentage: -13.48% - Max: 53.72% - Min: -18.50% - Market Cap 7846 - Trading time: 00:01:29
07-09-2025 21:01:09.445 INFO Current price: 0.000000040460 - Current percentage: -6.59% - Max: 53.72% - Min: -18.50% - Market Cap 8471 - Trading time: 00:01:30
07-09-2025 21:01:11.708 INFO Current price: 0.000000041063 - Current percentage: -9.98% - Max: 53.72% - Min: -18.50% - Market Cap 8163 - Trading time: 00:01:33
07-09-2025 21:01:12.779 INFO Current price: 0.000000039949 - Current percentage: -11.59% - Max: 53.72% - Min: -18.50% - Market Cap 8018 - Trading time: 00:01:34
07-09-2025 21:01:13.231 INFO Current price: 0.000000040057 - Current percentage: -10.40% - Max: 53.72% - Min: -18.50% - Market Cap 8125 - Trading time: 00:01:34
07-09-2025 21:01:13.251 INFO Current price: 0.000000040605 - Current percentage: -9.15% - Max: 53.72% - Min: -18.50% - Market Cap 8238 - Trading time: 00:01:34
07-09-2025 21:01:13.998 INFO Current price: 0.000000042206 - Current percentage: -3.20% - Max: 53.72% - Min: -18.50% - Market Cap 8778 - Trading time: 00:01:35
07-09-2025 21:01:21.041 INFO Current price: 0.000000043827 - Current percentage: -2.04% - Max: 53.72% - Min: -18.50% - Market Cap 8883 - Trading time: 00:01:42
07-09-2025 21:01:21.045 INFO Current price: 0.000000044399 - Current percentage: -0.65% - Max: 53.72% - Min: -18.50% - Market Cap 9009 - Trading time: 00:01:42
07-09-2025 21:01:21.048 INFO Current price: 0.000000044884 - Current percentage: 0.11% - Max: 53.72% - Min: -18.50% - Market Cap 9078 - Trading time: 00:01:42
07-09-2025 21:01:22.278 INFO Current price: 0.000000045079 - Current percentage: 0.21% - Max: 53.72% - Min: -18.50% - Market Cap 9088 - Trading time: 00:01:43
07-09-2025 21:01:33.853 INFO Current price: 0.000000043498 - Current percentage: -5.84% - Max: 53.72% - Min: -18.50% - Market Cap 8538 - Trading time: 00:01:55
07-09-2025 21:01:33.856 INFO Current price: 0.000000040968 - Current percentage: -11.11% - Max: 53.72% - Min: -18.50% - Market Cap 8061 - Trading time: 00:01:55
07-09-2025 21:01:41.674 INFO Current price: 0.000000040062 - Current percentage: -10.86% - Max: 53.72% - Min: -18.50% - Market Cap 8083 - Trading time: 00:02:03
07-09-2025 21:01:42.029 INFO Current price: 0.000000038876 - Current percentage: -15.44% - Max: 53.72% - Min: -18.50% - Market Cap 7668 - Trading time: 00:02:03
07-09-2025 21:01:42.031 INFO Current price: 0.000000036820 - Current percentage: -20.04% - Max: 53.72% - Min: -20.04% - Market Cap 7251 - Trading time: 00:02:03
07-09-2025 21:01:46.450 INFO Current price: 0.000000035597 - Current percentage: -20.97% - Max: 53.72% - Min: -20.97% - Market Cap 7167 - Trading time: 00:02:07
07-09-2025 21:01:49.007 INFO Current price: 0.000000034118 - Current percentage: -26.55% - Max: 53.72% - Min: -26.55% - Market Cap 6661 - Trading time: 00:02:10
07-09-2025 21:01:49.445 INFO Current price: 0.000000031789 - Current percentage: -31.39% - Max: 53.72% - Min: -31.39% - Market Cap 6222 - Trading time: 00:02:10
07-09-2025 21:01:50.454 INFO Current price: 0.000000029912 - Current percentage: -34.97% - Max: 53.72% - Min: -34.97% - Market Cap 5897 - Trading time: 00:02:11
07-09-2025 21:01:58.244 INFO Current price: 0.000000029030 - Current percentage: -35.27% - Max: 53.72% - Min: -35.27% - Market Cap 5870 - Trading time: 00:02:19
07-09-2025 21:02:02.696 INFO Current price: 0.000000028948 - Current percentage: -35.44% - Max: 53.72% - Min: -35.44% - Market Cap 5854 - Trading time: 00:02:24
07-09-2025 21:02:12.721 INFO Current price: 0.000000028587 - Current percentage: -36.87% - Max: 53.72% - Min: -36.87% - Market Cap 5725 - Trading time: 00:02:34
07-09-2025 21:02:24.631 INFO Current price: 0.000000028214 - Current percentage: -37.11% - Max: 53.72% - Min: -37.11% - Market Cap 5703 - Trading time: 00:02:46






07-09-2025 21:12:24.638 INFO {"type":"summary","reason":"inactivity","startedAt":"2025-09-07T18:59:38.477Z","endedAt":"2025-09-07T19:12:24.638Z","durationSec":766,"entryPrice":4.8580006362820367e-8,"entryMarketCapSol":44.88958288814572,"entryMarketCapUsd":9068.144639234317,"minPct":-37.11465490398304,"maxPct":53.72019815416776,"buyCount":77,"sellCount":65,"tradeCount":142,"entryRecorded":true,"noPostThresholdTrades":false,"triggerAt":"2025-09-07T18:59:38.476Z","ageAtTriggerSec":7,"preTotalTrades":10,"preBuys":9,"preSells":1,"preUniqueTraders":9,"preEntryTotalTrades":18,"preEntryBuys":15,"preEntrySells":3,"preEntryUniqueTraders":15,"preEntryMinMcUsd":6817.571551602589,"preEntryMaxMcUsd":10672.623833231926,"thresholdMcSol":44.88958288814572,"thresholdMcUsd":9068.144639234317,"thresholdPrice":4.8580006362820367e-8}
