08-09-2025 19:46:57.403 INFO Entry price: 0.000000051426984711 - Entry market cap: 10627 - Buys 22 - Sells 9 - Ratio: 1:0.41 - Min MarketCap: 7936 - Max MarketCap: 12970
08-09-2025 19:46:57.403 INFO Current price: 0.000000051427 - Current percentage: 0.00% - Max: 0.00% - Min: 0.00% - Market Cap 10627 - Trading time: 00:00:02
08-09-2025 19:47:01.671 INFO Current price: 0.000000048971 - Current percentage: -1.03% - Max: 0.00% - Min: -1.03% - Market Cap 10517 - Trading time: 00:00:06
08-09-2025 19:47:02.358 INFO Current price: 0.000000048898 - Current percentage: -0.30% - Max: 0.00% - Min: -1.03% - Market Cap 10595 - Trading time: 00:00:06
08-09-2025 19:47:02.479 INFO Current price: 0.000000048825 - Current percentage: -1.33% - Max: 0.00% - Min: -1.33% - Market Cap 10486 - Trading time: 00:00:07
08-09-2025 19:47:02.550 INFO Current price: 0.000000048548 - Current percentage: -1.43% - Max: 0.00% - Min: -1.43% - Market Cap 10475 - Trading time: 00:00:07
08-09-2025 19:47:07.059 INFO Current price: 0.000000049501 - Current percentage: 2.59% - Max: 2.59% - Min: -1.43% - Market Cap 10902 - Trading time: 00:00:11
08-09-2025 19:47:07.062 INFO Current price: 0.000000051338 - Current percentage: 6.03% - Max: 6.03% - Min: -1.43% - Market Cap 11267 - Trading time: 00:00:11
08-09-2025 19:47:07.892 INFO Current price: 0.000000052565 - Current percentage: 7.55% - Max: 7.55% - Min: -1.43% - Market Cap 11429 - Trading time: 00:00:12
08-09-2025 19:47:12.331 INFO Current price: 0.000000051706 - Current percentage: 2.59% - Max: 7.55% - Min: -1.43% - Market Cap 10902 - Trading time: 00:00:16
08-09-2025 19:47:16.069 INFO Current price: 0.000000051751 - Current percentage: 7.74% - Max: 7.74% - Min: -1.43% - Market Cap 11449 - Trading time: 00:00:20
08-09-2025 19:47:16.076 INFO Current price: 0.000000054383 - Current percentage: 13.29% - Max: 13.29% - Min: -1.43% - Market Cap 12039 - Trading time: 00:00:20
08-09-2025 19:47:27.827 INFO Current price: 0.000000054825 - Current percentage: 9.49% - Max: 13.29% - Min: -1.43% - Market Cap 11636 - Trading time: 00:00:32
08-09-2025 19:47:27.831 INFO Current price: 0.000000052799 - Current percentage: 5.07% - Max: 13.29% - Min: -1.43% - Market Cap 11166 - Trading time: 00:00:32
08-09-2025 19:47:28.166 INFO Current price: 0.000000049960 - Current percentage: -1.97% - Max: 13.29% - Min: -1.97% - Market Cap 10418 - Trading time: 00:00:32
08-09-2025 19:47:29.474 INFO Current price: 0.000000049482 - Current percentage: 3.07% - Max: 13.29% - Min: -1.97% - Market Cap 10953 - Trading time: 00:00:34
08-09-2025 19:47:29.582 INFO Current price: 0.000000052059 - Current percentage: 8.51% - Max: 13.29% - Min: -1.97% - Market Cap 11531 - Trading time: 00:00:34
08-09-2025 19:47:29.687 INFO Current price: 0.000000053414 - Current percentage: 8.51% - Max: 13.29% - Min: -1.97% - Market Cap 11531 - Trading time: 00:00:34
08-09-2025 19:47:36.536 INFO Current price: 0.000000052279 - Current percentage: 3.95% - Max: 13.29% - Min: -1.97% - Market Cap 11046 - Trading time: 00:00:41
08-09-2025 19:47:36.538 INFO Current price: 0.000000049947 - Current percentage: -0.96% - Max: 13.29% - Min: -1.97% - Market Cap 10525 - Trading time: 00:00:41
08-09-2025 19:47:37.677 INFO Current price: 0.000000048755 - Current percentage: -0.95% - Max: 13.29% - Min: -1.97% - Market Cap 10525 - Trading time: 00:00:42
08-09-2025 19:47:46.658 INFO Current price: 0.000000047195 - Current percentage: -7.20% - Max: 13.29% - Min: -7.20% - Market Cap 9862 - Trading time: 00:00:51
08-09-2025 19:47:46.732 INFO Current price: 0.000000044751 - Current percentage: -10.95% - Max: 13.29% - Min: -10.95% - Market Cap 9464 - Trading time: 00:00:51
08-09-2025 19:47:46.775 INFO Current price: 0.000000043051 - Current percentage: -14.11% - Max: 13.29% - Min: -14.11% - Market Cap 9127 - Trading time: 00:00:51
08-09-2025 19:47:46.847 INFO Current price: 0.000000041278 - Current percentage: -18.13% - Max: 13.29% - Min: -18.13% - Market Cap 8700 - Trading time: 00:00:51
08-09-2025 19:47:46.851 INFO Current price: 0.000000039653 - Current percentage: -20.74% - Max: 13.29% - Min: -20.74% - Market Cap 8422 - Trading time: 00:00:51
08-09-2025 19:47:47.628 INFO Current price: 0.000000038115 - Current percentage: -24.36% - Max: 13.29% - Min: -24.36% - Market Cap 8039 - Trading time: 00:00:52
08-09-2025 19:47:47.818 INFO Current price: 0.000000035806 - Current percentage: -30.05% - Max: 13.29% - Min: -30.05% - Market Cap 7433 - Trading time: 00:00:52
08-09-2025 19:47:47.848 INFO Current price: 0.000000033726 - Current percentage: -32.89% - Max: 13.29% - Min: -32.89% - Market Cap 7132 - Trading time: 00:00:52
08-09-2025 19:47:47.849 INFO Current price: 0.000000032401 - Current percentage: -35.44% - Max: 13.29% - Min: -35.44% - Market Cap 6861 - Trading time: 00:00:52
08-09-2025 19:47:47.900 INFO Current price: 0.000000031181 - Current percentage: -37.85% - Max: 13.29% - Min: -37.85% - Market Cap 6604 - Trading time: 00:00:52
08-09-2025 19:47:47.953 INFO Current price: 0.000000030593 - Current percentage: -37.85% - Max: 13.29% - Min: -37.85% - Market Cap 6604 - Trading time: 00:00:52
08-09-2025 19:47:49.080 INFO Current price: 0.000000029966 - Current percentage: -40.37% - Max: 13.29% - Min: -40.37% - Market Cap 6337 - Trading time: 00:00:53
08-09-2025 19:48:02.510 INFO Current price: 0.000000029198 - Current percentage: -41.00% - Max: 13.29% - Min: -41.00% - Market Cap 6270 - Trading time: 00:01:07
08-09-2025 19:48:05.793 INFO Current price: 0.000000028496 - Current percentage: -43.20% - Max: 13.29% - Min: -43.20% - Market Cap 6036 - Trading time: 00:01:10
08-09-2025 19:50:15.872 INFO Current price: 0.000000000000 - Current percentage: -43.20% - Max: 13.29% - Min: -43.20% - Market Cap 6036 - Trading time: 00:03:20






08-09-2025 20:00:15.876 INFO {"type":"summary","reason":"inactivity","startedAt":"2025-09-08T17:46:55.403Z","endedAt":"2025-09-08T18:00:15.876Z","durationSec":800,"entryPrice":5.142698471108958e-8,"entryMarketCapSol":49.2257578359579,"entryMarketCapUsd":10626.85660162659,"minPct":-43.20233773229566,"maxPct":13.287552460386806,"buyCount":9,"sellCount":25,"tradeCount":34,"entryRecorded":true,"noPostThresholdTrades":false,"triggerAt":"2025-09-08T17:46:55.401Z","ageAtTriggerSec":27,"preTotalTrades":31,"preBuys":22,"preSells":9,"preUniqueTraders":22,"preEntryTotalTrades":31,"preEntryBuys":22,"preEntrySells":9,"preEntryUniqueTraders":22,"preEntryMinMcUsd":7935.66028177013,"preEntryMaxMcUsd":12970.058942863787,"thresholdMcSol":49.2257578359579,"thresholdMcUsd":10626.85660162659,"thresholdPrice":5.142698471108958e-8}
