08-09-2025 18:14:24.891 INFO Entry price: 0.000000036106298643 - Entry market cap: 7404 - Buys 10 - Sells 2 - Ratio: 1:0.20 - Min MarketCap: 7078 - Max MarketCap: 8130
08-09-2025 18:14:24.891 INFO Current price: 0.000000036106 - Current percentage: 0.00% - Max: 0.00% - Min: 0.00% - Market Cap 7404 - Trading time: 00:00:02
08-09-2025 18:14:26.985 INFO Current price: 0.000000034268 - Current percentage: -1.10% - Max: 0.00% - Min: -1.10% - Market Cap 7323 - Trading time: 00:00:04
08-09-2025 18:14:28.382 INFO Current price: 0.000000034285 - Current percentage: 0.10% - Max: 0.10% - Min: -1.10% - Market Cap 7412 - Trading time: 00:00:05
08-09-2025 18:14:34.354 INFO Current price: 0.000000034481 - Current percentage: 0.04% - Max: 0.10% - Min: -1.10% - Market Cap 7407 - Trading time: 00:00:11
08-09-2025 18:14:38.429 INFO Current price: 0.000000034774 - Current percentage: 1.81% - Max: 1.81% - Min: -1.10% - Market Cap 7538 - Trading time: 00:00:15
08-09-2025 18:14:45.182 INFO Current price: 0.000000035182 - Current percentage: 2.11% - Max: 2.11% - Min: -1.10% - Market Cap 7560 - Trading time: 00:00:22
08-09-2025 18:14:47.195 INFO Current price: 0.000000035245 - Current percentage: 2.47% - Max: 2.47% - Min: -1.10% - Market Cap 7587 - Trading time: 00:00:24
08-09-2025 18:14:53.046 INFO Current price: 0.000000034178 - Current percentage: -3.99% - Max: 2.47% - Min: -3.99% - Market Cap 7109 - Trading time: 00:00:30
08-09-2025 18:14:54.357 INFO Current price: 0.000000033084 - Current percentage: -3.99% - Max: 2.47% - Min: -3.99% - Market Cap 7109 - Trading time: 00:00:31
08-09-2025 18:14:54.513 INFO Current price: 0.000000033183 - Current percentage: -3.41% - Max: 2.47% - Min: -3.99% - Market Cap 7152 - Trading time: 00:00:31
08-09-2025 18:15:09.330 INFO Current price: 0.000000033314 - Current percentage: -3.22% - Max: 2.47% - Min: -3.99% - Market Cap 7165 - Trading time: 00:00:46
08-09-2025 18:15:32.491 INFO Current price: 0.000000033299 - Current percentage: -3.50% - Max: 2.47% - Min: -3.99% - Market Cap 7145 - Trading time: 00:01:09
08-09-2025 18:15:40.225 INFO Current price: 0.000000033253 - Current percentage: -3.49% - Max: 2.47% - Min: -3.99% - Market Cap 7146 - Trading time: 00:01:17
08-09-2025 18:16:26.159 INFO Current price: 0.000000034295 - Current percentage: 2.43% - Max: 2.47% - Min: -3.99% - Market Cap 7584 - Trading time: 00:02:03
08-09-2025 18:16:26.167 INFO Current price: 0.000000036345 - Current percentage: 8.16% - Max: 8.16% - Min: -3.99% - Market Cap 8009 - Trading time: 00:02:03
08-09-2025 18:16:26.265 INFO Current price: 0.000000037359 - Current percentage: 8.22% - Max: 8.22% - Min: -3.99% - Market Cap 8013 - Trading time: 00:02:03
08-09-2025 18:16:26.267 INFO Current price: 0.000000037673 - Current percentage: 9.99% - Max: 9.99% - Min: -3.99% - Market Cap 8144 - Trading time: 00:02:03
08-09-2025 18:16:51.449 INFO Current price: 0.000000037969 - Current percentage: 9.93% - Max: 9.99% - Min: -3.99% - Market Cap 8139 - Trading time: 00:02:28
08-09-2025 18:16:53.899 INFO Current price: 0.000000038064 - Current percentage: 10.54% - Max: 10.54% - Min: -3.99% - Market Cap 8185 - Trading time: 00:02:31
08-09-2025 18:17:03.297 INFO Current price: 0.000000038181 - Current percentage: 10.61% - Max: 10.61% - Min: -3.99% - Market Cap 8189 - Trading time: 00:02:40
08-09-2025 18:17:22.307 INFO Current price: 0.000000038203 - Current percentage: 10.67% - Max: 10.67% - Min: -3.99% - Market Cap 8194 - Trading time: 00:02:59
08-09-2025 18:17:25.067 INFO Current price: 0.000000037135 - Current percentage: 4.51% - Max: 10.67% - Min: -3.99% - Market Cap 7738 - Trading time: 00:03:02
08-09-2025 18:18:30.647 INFO Current price: 0.000000036108 - Current percentage: 4.63% - Max: 10.67% - Min: -3.99% - Market Cap 7747 - Trading time: 00:04:07
08-09-2025 18:18:47.837 INFO Current price: 0.000000036124 - Current percentage: 4.60% - Max: 10.67% - Min: -3.99% - Market Cap 7745 - Trading time: 00:04:24
08-09-2025 18:19:18.713 INFO Current price: 0.000000035030 - Current percentage: -1.61% - Max: 10.67% - Min: -3.99% - Market Cap 7285 - Trading time: 00:04:55
08-09-2025 18:19:27.983 INFO Current price: 0.000000032962 - Current percentage: -7.38% - Max: 10.67% - Min: -7.38% - Market Cap 6858 - Trading time: 00:05:05
08-09-2025 18:19:28.194 INFO Current price: 0.000000031788 - Current percentage: -8.49% - Max: 10.67% - Min: -8.49% - Market Cap 6775 - Trading time: 00:05:05
08-09-2025 18:19:41.545 INFO Current price: 0.000000032565 - Current percentage: -2.80% - Max: 10.67% - Min: -8.49% - Market Cap 7197 - Trading time: 00:05:18
08-09-2025 18:19:41.706 INFO Current price: 0.000000033870 - Current percentage: -1.02% - Max: 10.67% - Min: -8.49% - Market Cap 7329 - Trading time: 00:05:18
08-09-2025 18:19:41.707 INFO Current price: 0.000000034388 - Current percentage: 0.20% - Max: 10.67% - Min: -8.49% - Market Cap 7419 - Trading time: 00:05:18
08-09-2025 18:19:41.713 INFO Current price: 0.000000034918 - Current percentage: 2.06% - Max: 10.67% - Min: -8.49% - Market Cap 7557 - Trading time: 00:05:18
08-09-2025 18:19:41.812 INFO Current price: 0.000000035390 - Current percentage: 2.92% - Max: 10.67% - Min: -8.49% - Market Cap 7621 - Trading time: 00:05:18
08-09-2025 18:19:41.814 INFO Current price: 0.000000035540 - Current percentage: 2.93% - Max: 10.67% - Min: -8.49% - Market Cap 7621 - Trading time: 00:05:18
08-09-2025 18:19:42.580 INFO Current price: 0.000000035754 - Current percentage: 4.16% - Max: 10.67% - Min: -8.49% - Market Cap 7712 - Trading time: 00:05:19
08-09-2025 18:20:00.473 INFO Current price: 0.000000035967 - Current percentage: 4.16% - Max: 10.67% - Min: -8.49% - Market Cap 7712 - Trading time: 00:05:37
08-09-2025 18:20:02.106 INFO Current price: 0.000000035634 - Current percentage: 2.24% - Max: 10.67% - Min: -8.49% - Market Cap 7570 - Trading time: 00:05:39
08-09-2025 18:20:02.106 INFO Current price: 0.000000035087 - Current percentage: 0.99% - Max: 10.67% - Min: -8.49% - Market Cap 7477 - Trading time: 00:05:39
08-09-2025 18:20:02.107 INFO Current price: 0.000000034553 - Current percentage: -0.84% - Max: 10.67% - Min: -8.49% - Market Cap 7342 - Trading time: 00:05:39
08-09-2025 18:20:02.143 INFO Current price: 0.000000034097 - Current percentage: -1.66% - Max: 10.67% - Min: -8.49% - Market Cap 7281 - Trading time: 00:05:39
08-09-2025 18:20:02.151 INFO Current price: 0.000000033955 - Current percentage: -1.67% - Max: 10.67% - Min: -8.49% - Market Cap 7281 - Trading time: 00:05:39
08-09-2025 18:20:09.834 INFO Current price: 0.000000033945 - Current percentage: -1.72% - Max: 10.67% - Min: -8.49% - Market Cap 7277 - Trading time: 00:05:46
08-09-2025 18:20:27.203 INFO Current price: 0.000000033740 - Current percentage: -2.85% - Max: 10.67% - Min: -8.49% - Market Cap 7193 - Trading time: 00:06:04
08-09-2025 18:20:48.997 INFO Current price: 0.000000033445 - Current percentage: -3.43% - Max: 10.67% - Min: -8.49% - Market Cap 7150 - Trading time: 00:06:26
08-09-2025 18:30:08.260 INFO Current price: 0.000000033327 - Current percentage: -3.53% - Max: 10.67% - Min: -8.49% - Market Cap 7143 - Trading time: 00:15:45






08-09-2025 18:34:22.891 INFO {"type":"summary","reason":"max_window","startedAt":"2025-09-08T16:14:22.891Z","endedAt":"2025-09-08T16:34:22.891Z","durationSec":1200,"entryPrice":3.610629864297865e-8,"entryMarketCapSol":34.457304470947015,"entryMarketCapUsd":7404.185584717095,"minPct":-8.49412908952543,"maxPct":10.668815866222673,"buyCount":22,"sellCount":21,"tradeCount":43,"entryRecorded":true,"noPostThresholdTrades":false,"triggerAt":"2025-09-08T16:14:22.887Z","ageAtTriggerSec":16,"preTotalTrades":12,"preBuys":10,"preSells":2,"preUniqueTraders":10,"preEntryTotalTrades":12,"preEntryBuys":10,"preEntrySells":2,"preEntryUniqueTraders":10,"preEntryMinMcUsd":7077.7312555128,"preEntryMaxMcUsd":8129.814477427306,"thresholdMcSol":34.457304470947015,"thresholdMcUsd":7404.185584717095,"thresholdPrice":3.610629864297865e-8}
