08-09-2025 19:47:56.017 INFO Entry price: 0.000000047335642403 - Entry market cap: 8955 - Buys 5 - Sells 0 - Ratio: 1:0.00 - Min MarketCap: 8956 - Max MarketCap: 11718
08-09-2025 19:47:56.017 INFO Current price: 0.000000047336 - Current percentage: 0.00% - Max: 0.00% - Min: 0.00% - Market Cap 8955 - Trading time: 00:00:02
08-09-2025 19:47:57.117 INFO Current price: 0.000000041817 - Current percentage: 0.54% - Max: 0.54% - Min: 0.00% - Market Cap 9004 - Trading time: 00:00:03
08-09-2025 19:47:57.789 INFO Current price: 0.000000042375 - Current percentage: 3.24% - Max: 3.24% - Min: 0.00% - Market Cap 9246 - Trading time: 00:00:03
08-09-2025 19:47:58.141 INFO Current price: 0.000000046329 - Current percentage: 20.19% - Max: 20.19% - Min: 0.00% - Market Cap 10763 - Trading time: 00:00:04
08-09-2025 19:47:59.647 INFO Current price: 0.000000049031 - Current percentage: 16.80% - Max: 20.19% - Min: 0.00% - Market Cap 10460 - Trading time: 00:00:05
08-09-2025 19:47:59.975 INFO Current price: 0.000000048603 - Current percentage: 16.92% - Max: 20.19% - Min: 0.00% - Market Cap 10471 - Trading time: 00:00:05
08-09-2025 19:48:00.072 INFO Current price: 0.000000048382 - Current percentage: 16.92% - Max: 20.19% - Min: 0.00% - Market Cap 10470 - Trading time: 00:00:06
08-09-2025 19:48:00.083 INFO Current price: 0.000000044887 - Current percentage: 0.63% - Max: 20.19% - Min: 0.00% - Market Cap 9012 - Trading time: 00:00:06
08-09-2025 19:48:00.309 INFO Current price: 0.000000041860 - Current percentage: 0.66% - Max: 20.19% - Min: 0.00% - Market Cap 9015 - Trading time: 00:00:06
08-09-2025 19:48:01.427 INFO Current price: 0.000000041867 - Current percentage: 0.67% - Max: 20.19% - Min: 0.00% - Market Cap 9015 - Trading time: 00:00:07
08-09-2025 19:48:01.533 INFO Current price: 0.000000042147 - Current percentage: 2.01% - Max: 20.19% - Min: 0.00% - Market Cap 9136 - Trading time: 00:00:07
08-09-2025 19:48:01.582 INFO Current price: 0.000000042450 - Current percentage: 2.12% - Max: 20.19% - Min: 0.00% - Market Cap 9145 - Trading time: 00:00:07
08-09-2025 19:48:02.155 INFO Current price: 0.000000042556 - Current percentage: 2.52% - Max: 20.19% - Min: 0.00% - Market Cap 9181 - Trading time: 00:00:08
08-09-2025 19:48:02.157 INFO Current price: 0.000000042718 - Current percentage: 2.90% - Max: 20.19% - Min: 0.00% - Market Cap 9215 - Trading time: 00:00:08
08-09-2025 19:48:02.157 INFO Current price: 0.000000042882 - Current percentage: 3.31% - Max: 20.19% - Min: 0.00% - Market Cap 9252 - Trading time: 00:00:08
08-09-2025 19:48:02.214 INFO Current price: 0.000000043025 - Current percentage: 3.58% - Max: 20.19% - Min: 0.00% - Market Cap 9276 - Trading time: 00:00:08
08-09-2025 19:48:02.438 INFO Current price: 0.000000043138 - Current percentage: 3.86% - Max: 20.19% - Min: 0.00% - Market Cap 9301 - Trading time: 00:00:08
08-09-2025 19:48:03.097 INFO Current price: 0.000000043234 - Current percentage: 4.05% - Max: 20.19% - Min: 0.00% - Market Cap 9318 - Trading time: 00:00:09
08-09-2025 19:48:04.123 INFO Current price: 0.000000043308 - Current percentage: 4.21% - Max: 20.19% - Min: 0.00% - Market Cap 9333 - Trading time: 00:00:10
08-09-2025 19:48:04.232 INFO Current price: 0.000000043910 - Current percentage: 6.96% - Max: 20.19% - Min: 0.00% - Market Cap 9579 - Trading time: 00:00:10
08-09-2025 19:48:04.238 INFO Current price: 0.000000044600 - Current percentage: 7.51% - Max: 20.19% - Min: 0.00% - Market Cap 9628 - Trading time: 00:00:10
08-09-2025 19:48:04.238 INFO Current price: 0.000000044743 - Current percentage: 7.65% - Max: 20.19% - Min: 0.00% - Market Cap 9640 - Trading time: 00:00:10
08-09-2025 19:48:04.348 INFO Current price: 0.000000044801 - Current percentage: 7.79% - Max: 20.19% - Min: 0.00% - Market Cap 9653 - Trading time: 00:00:10
08-09-2025 19:48:04.711 INFO Current price: 0.000000045119 - Current percentage: 9.18% - Max: 20.19% - Min: 0.00% - Market Cap 9778 - Trading time: 00:00:10
08-09-2025 19:48:05.092 INFO Current price: 0.000000045121 - Current percentage: 8.89% - Max: 20.19% - Min: 0.00% - Market Cap 9751 - Trading time: 00:00:11
08-09-2025 19:48:05.225 INFO Current price: 0.000000045403 - Current percentage: 9.45% - Max: 20.19% - Min: 0.00% - Market Cap 9801 - Trading time: 00:00:11
08-09-2025 19:48:05.793 INFO Current price: 0.000000045520 - Current percentage: 9.45% - Max: 20.19% - Min: 0.00% - Market Cap 9802 - Trading time: 00:00:11
08-09-2025 19:48:06.031 INFO Current price: 0.000000045532 - Current percentage: 9.51% - Max: 20.19% - Min: 0.00% - Market Cap 9807 - Trading time: 00:00:12
08-09-2025 19:48:06.821 INFO Current price: 0.000000045314 - Current percentage: 9.50% - Max: 20.19% - Min: 0.00% - Market Cap 9806 - Trading time: 00:00:12
08-09-2025 19:48:07.559 INFO Current price: 0.000000043601 - Current percentage: 1.38% - Max: 20.19% - Min: 0.00% - Market Cap 9079 - Trading time: 00:00:13
08-09-2025 19:48:07.572 INFO Current price: 0.000000040617 - Current percentage: -4.98% - Max: 20.19% - Min: -4.98% - Market Cap 8510 - Trading time: 00:00:13
08-09-2025 19:48:07.997 INFO Current price: 0.000000038263 - Current percentage: -10.03% - Max: 20.19% - Min: -10.03% - Market Cap 8057 - Trading time: 00:00:13
08-09-2025 19:48:07.997 INFO Current price: 0.000000036304 - Current percentage: -14.46% - Max: 20.19% - Min: -14.46% - Market Cap 7661 - Trading time: 00:00:13
08-09-2025 19:48:08.013 INFO Current price: 0.000000034583 - Current percentage: -18.35% - Max: 20.19% - Min: -18.35% - Market Cap 7312 - Trading time: 00:00:13
08-09-2025 19:48:08.241 INFO Current price: 0.000000034459 - Current percentage: -15.92% - Max: 20.19% - Min: -18.35% - Market Cap 7530 - Trading time: 00:00:14
08-09-2025 19:48:08.511 INFO Current price: 0.000000034394 - Current percentage: -17.84% - Max: 20.19% - Min: -18.35% - Market Cap 7358 - Trading time: 00:00:14
08-09-2025 19:48:08.580 INFO Current price: 0.000000034196 - Current percentage: -17.72% - Max: 20.19% - Min: -18.35% - Market Cap 7369 - Trading time: 00:00:14
08-09-2025 19:48:08.716 INFO Current price: 0.000000034272 - Current percentage: -17.48% - Max: 20.19% - Min: -18.35% - Market Cap 7390 - Trading time: 00:00:14
08-09-2025 19:48:09.240 INFO Current price: 0.000000034071 - Current percentage: -17.86% - Max: 20.19% - Min: -18.35% - Market Cap 7356 - Trading time: 00:00:15
08-09-2025 19:48:09.251 INFO Current price: 0.000000034418 - Current percentage: -16.63% - Max: 20.19% - Min: -18.35% - Market Cap 7466 - Trading time: 00:00:15
08-09-2025 19:48:09.405 INFO Current price: 0.000000034422 - Current percentage: -17.01% - Max: 20.19% - Min: -18.35% - Market Cap 7432 - Trading time: 00:00:15
08-09-2025 19:48:09.532 INFO Current price: 0.000000034152 - Current percentage: -17.93% - Max: 20.19% - Min: -18.35% - Market Cap 7350 - Trading time: 00:00:15
08-09-2025 19:48:09.981 INFO Current price: 0.000000033472 - Current percentage: -20.28% - Max: 20.19% - Min: -20.28% - Market Cap 7139 - Trading time: 00:00:15
08-09-2025 19:48:10.455 INFO Current price: 0.000000032976 - Current percentage: -20.34% - Max: 20.19% - Min: -20.34% - Market Cap 7133 - Trading time: 00:00:16
08-09-2025 19:48:10.544 INFO Current price: 0.000000032956 - Current percentage: -20.38% - Max: 20.19% - Min: -20.38% - Market Cap 7130 - Trading time: 00:00:16
08-09-2025 19:48:10.756 INFO Current price: 0.000000032945 - Current percentage: -20.40% - Max: 20.19% - Min: -20.40% - Market Cap 7129 - Trading time: 00:00:16
08-09-2025 19:48:10.956 INFO Current price: 0.000000032007 - Current percentage: -24.85% - Max: 20.19% - Min: -24.85% - Market Cap 6730 - Trading time: 00:00:16
08-09-2025 19:48:10.962 INFO Current price: 0.000000030120 - Current percentage: -29.51% - Max: 20.19% - Min: -29.51% - Market Cap 6313 - Trading time: 00:00:16
08-09-2025 19:48:11.196 INFO Current price: 0.000000029140 - Current percentage: -29.66% - Max: 20.19% - Min: -29.66% - Market Cap 6299 - Trading time: 00:00:17
08-09-2025 19:48:11.322 INFO Current price: 0.000000029090 - Current percentage: -29.75% - Max: 20.19% - Min: -29.75% - Market Cap 6291 - Trading time: 00:00:17
08-09-2025 19:48:11.790 INFO Current price: 0.000000029032 - Current percentage: -29.94% - Max: 20.19% - Min: -29.94% - Market Cap 6274 - Trading time: 00:00:17
08-09-2025 19:48:11.945 INFO Current price: 0.000000028992 - Current percentage: -29.94% - Max: 20.19% - Min: -29.94% - Market Cap 6274 - Trading time: 00:00:17
08-09-2025 19:48:12.060 INFO Current price: 0.000000029370 - Current percentage: -28.82% - Max: 20.19% - Min: -29.94% - Market Cap 6375 - Trading time: 00:00:18
08-09-2025 19:48:14.286 INFO Current price: 0.000000029434 - Current percentage: -28.93% - Max: 20.19% - Min: -29.94% - Market Cap 6365 - Trading time: 00:00:20
08-09-2025 19:48:14.662 INFO Current price: 0.000000030029 - Current percentage: -26.65% - Max: 20.19% - Min: -29.94% - Market Cap 6568 - Trading time: 00:00:20
08-09-2025 19:48:15.410 INFO Current price: 0.000000030336 - Current percentage: -26.73% - Max: 20.19% - Min: -29.94% - Market Cap 6562 - Trading time: 00:00:21
08-09-2025 19:48:15.415 INFO Current price: 0.000000030304 - Current percentage: -26.81% - Max: 20.19% - Min: -29.94% - Market Cap 6555 - Trading time: 00:00:21
08-09-2025 19:48:15.427 INFO Current price: 0.000000030488 - Current percentage: -26.58% - Max: 20.19% - Min: -29.94% - Market Cap 6575 - Trading time: 00:00:21
08-09-2025 19:48:15.705 INFO Current price: 0.000000030382 - Current percentage: -26.58% - Max: 20.19% - Min: -29.94% - Market Cap 6575 - Trading time: 00:00:21
08-09-2025 19:48:19.819 INFO Current price: 0.000000030368 - Current percentage: -26.65% - Max: 20.19% - Min: -29.94% - Market Cap 6569 - Trading time: 00:00:25
08-09-2025 19:48:22.917 INFO Current price: 0.000000030746 - Current percentage: -25.50% - Max: 20.19% - Min: -29.94% - Market Cap 6672 - Trading time: 00:00:28
08-09-2025 19:48:23.246 INFO Current price: 0.000000030566 - Current percentage: -26.77% - Max: 20.19% - Min: -29.94% - Market Cap 6558 - Trading time: 00:00:29
08-09-2025 19:48:24.643 INFO Current price: 0.000000030241 - Current percentage: -27.07% - Max: 20.19% - Min: -29.94% - Market Cap 6531 - Trading time: 00:00:30
08-09-2025 19:48:26.710 INFO Current price: 0.000000029094 - Current percentage: -32.22% - Max: 20.19% - Min: -32.22% - Market Cap 6070 - Trading time: 00:00:32
08-09-2025 19:48:28.228 INFO Current price: 0.000000029733 - Current percentage: -24.60% - Max: 20.19% - Min: -32.22% - Market Cap 6752 - Trading time: 00:00:34
08-09-2025 19:48:28.228 INFO Current price: 0.000000033046 - Current percentage: -16.27% - Max: 20.19% - Min: -32.22% - Market Cap 7498 - Trading time: 00:00:34
08-09-2025 19:48:28.254 INFO Current price: 0.000000036177 - Current percentage: -9.64% - Max: 20.19% - Min: -32.22% - Market Cap 8092 - Trading time: 00:00:34
08-09-2025 19:48:28.254 INFO Current price: 0.000000039204 - Current percentage: -1.67% - Max: 20.19% - Min: -32.22% - Market Cap 8806 - Trading time: 00:00:34
08-09-2025 19:48:28.255 INFO Current price: 0.000000042903 - Current percentage: 8.21% - Max: 20.19% - Min: -32.22% - Market Cap 9691 - Trading time: 00:00:34
08-09-2025 19:48:28.739 INFO Current price: 0.000000045202 - Current percentage: 9.16% - Max: 20.19% - Min: -32.22% - Market Cap 9776 - Trading time: 00:00:34
08-09-2025 19:48:28.920 INFO Current price: 0.000000045596 - Current percentage: 10.11% - Max: 20.19% - Min: -32.22% - Market Cap 9861 - Trading time: 00:00:34
08-09-2025 19:48:28.931 INFO Current price: 0.000000045993 - Current percentage: 11.06% - Max: 20.19% - Min: -32.22% - Market Cap 9946 - Trading time: 00:00:34
08-09-2025 19:48:29.080 INFO Current price: 0.000000046375 - Current percentage: 11.95% - Max: 20.19% - Min: -32.22% - Market Cap 10025 - Trading time: 00:00:35
08-09-2025 19:48:29.241 INFO Current price: 0.000000046794 - Current percentage: 13.08% - Max: 20.19% - Min: -32.22% - Market Cap 10127 - Trading time: 00:00:35
08-09-2025 19:48:29.242 INFO Current price: 0.000000047216 - Current percentage: 13.97% - Max: 20.19% - Min: -32.22% - Market Cap 10207 - Trading time: 00:00:35
08-09-2025 19:48:29.588 INFO Current price: 0.000000049004 - Current percentage: 21.81% - Max: 21.81% - Min: -32.22% - Market Cap 10908 - Trading time: 00:00:35
08-09-2025 19:48:30.079 INFO Current price: 0.000000052371 - Current percentage: 30.17% - Max: 30.17% - Min: -32.22% - Market Cap 11658 - Trading time: 00:00:36
08-09-2025 19:48:30.844 INFO Current price: 0.000000055871 - Current percentage: 38.63% - Max: 38.63% - Min: -32.22% - Market Cap 12415 - Trading time: 00:00:36
08-09-2025 19:48:32.374 INFO Current price: 0.000000055449 - Current percentage: 29.51% - Max: 38.63% - Min: -32.22% - Market Cap 11598 - Trading time: 00:00:38
08-09-2025 19:48:33.817 INFO Current price: 0.000000055590 - Current percentage: 37.94% - Max: 38.63% - Min: -32.22% - Market Cap 12353 - Trading time: 00:00:39
08-09-2025 19:48:33.980 INFO Current price: 0.000000059706 - Current percentage: 49.40% - Max: 49.40% - Min: -32.22% - Market Cap 13379 - Trading time: 00:00:39
08-09-2025 19:48:34.887 INFO Current price: 0.000000062816 - Current percentage: 52.69% - Max: 52.69% - Min: -32.22% - Market Cap 13674 - Trading time: 00:00:40
08-09-2025 19:48:36.550 INFO Current price: 0.000000062229 - Current percentage: 48.11% - Max: 52.69% - Min: -32.22% - Market Cap 13264 - Trading time: 00:00:42
08-09-2025 19:48:36.889 INFO Current price: 0.000000063349 - Current percentage: 56.65% - Max: 56.65% - Min: -32.22% - Market Cap 14028 - Trading time: 00:00:42
08-09-2025 19:48:37.270 INFO Current price: 0.000000064225 - Current percentage: 53.77% - Max: 56.65% - Min: -32.22% - Market Cap 13771 - Trading time: 00:00:43
08-09-2025 19:48:40.248 INFO Current price: 0.000000056110 - Current percentage: 39.08% - Max: 56.65% - Min: -32.22% - Market Cap 12455 - Trading time: 00:00:46
08-09-2025 19:48:40.750 INFO Current price: 0.000000059435 - Current percentage: 46.83% - Max: 56.65% - Min: -32.22% - Market Cap 13149 - Trading time: 00:00:46
08-09-2025 19:48:40.937 INFO Current price: 0.000000061137 - Current percentage: 47.16% - Max: 56.65% - Min: -32.22% - Market Cap 13179 - Trading time: 00:00:46
08-09-2025 19:48:41.041 INFO Current price: 0.000000061318 - Current percentage: 47.70% - Max: 56.65% - Min: -32.22% - Market Cap 13228 - Trading time: 00:00:47
08-09-2025 19:48:41.972 INFO Current price: 0.000000063640 - Current percentage: 58.52% - Max: 58.52% - Min: -32.22% - Market Cap 14196 - Trading time: 00:00:47
08-09-2025 19:48:44.196 INFO Current price: 0.000000061319 - Current percentage: 47.47% - Max: 58.52% - Min: -32.22% - Market Cap 13206 - Trading time: 00:00:50
08-09-2025 19:48:44.771 INFO Current price: 0.000000063597 - Current percentage: 58.56% - Max: 58.56% - Min: -32.22% - Market Cap 14199 - Trading time: 00:00:50
08-09-2025 19:48:45.797 INFO Current price: 0.000000067996 - Current percentage: 68.57% - Max: 68.57% - Min: -32.22% - Market Cap 15096 - Trading time: 00:00:51
08-09-2025 19:48:45.811 INFO Current price: 0.000000070256 - Current percentage: 69.27% - Max: 69.27% - Min: -32.22% - Market Cap 15159 - Trading time: 00:00:51
08-09-2025 19:48:48.253 INFO Current price: 0.000000065279 - Current percentage: 61.42% - Max: 69.27% - Min: -32.22% - Market Cap 14456 - Trading time: 00:00:54
08-09-2025 19:48:50.345 INFO Current price: 0.000000066055 - Current percentage: 57.85% - Max: 69.27% - Min: -32.22% - Market Cap 14136 - Trading time: 00:00:56
08-09-2025 19:48:52.841 INFO Current price: 0.000000065791 - Current percentage: 58.53% - Max: 69.27% - Min: -32.22% - Market Cap 14197 - Trading time: 00:00:58
08-09-2025 19:48:53.139 INFO Current price: 0.000000067793 - Current percentage: 67.60% - Max: 69.27% - Min: -32.22% - Market Cap 15009 - Trading time: 00:00:59
08-09-2025 19:48:56.878 INFO Current price: 0.000000062600 - Current percentage: 50.84% - Max: 69.27% - Min: -32.22% - Market Cap 13509 - Trading time: 00:01:02
08-09-2025 19:48:57.253 INFO Current price: 0.000000059521 - Current percentage: 43.14% - Max: 69.27% - Min: -32.22% - Market Cap 12819 - Trading time: 00:01:03
08-09-2025 19:48:57.277 INFO Current price: 0.000000059548 - Current percentage: 43.21% - Max: 69.27% - Min: -32.22% - Market Cap 12825 - Trading time: 00:01:03
08-09-2025 19:48:57.837 INFO Current price: 0.000000062344 - Current percentage: 56.90% - Max: 69.27% - Min: -32.22% - Market Cap 14051 - Trading time: 00:01:03
08-09-2025 19:48:58.450 INFO Current price: 0.000000067325 - Current percentage: 67.01% - Max: 69.27% - Min: -32.22% - Market Cap 14956 - Trading time: 00:01:04
08-09-2025 19:48:59.981 INFO Current price: 0.000000069818 - Current percentage: 68.74% - Max: 69.27% - Min: -32.22% - Market Cap 15111 - Trading time: 00:01:05
08-09-2025 19:49:01.008 INFO Current price: 0.000000070324 - Current percentage: 69.43% - Max: 69.43% - Min: -32.22% - Market Cap 15174 - Trading time: 00:01:06
08-09-2025 19:49:02.379 INFO Current price: 0.000000071916 - Current percentage: 76.47% - Max: 76.47% - Min: -32.22% - Market Cap 15803 - Trading time: 00:01:08
08-09-2025 19:49:02.786 INFO Current price: 0.000000073498 - Current percentage: 76.97% - Max: 76.97% - Min: -32.22% - Market Cap 15848 - Trading time: 00:01:08
08-09-2025 19:49:02.788 INFO Current price: 0.000000073661 - Current percentage: 77.25% - Max: 77.25% - Min: -32.22% - Market Cap 15873 - Trading time: 00:01:08
08-09-2025 19:49:02.966 INFO Current price: 0.000000073773 - Current percentage: 77.51% - Max: 77.51% - Min: -32.22% - Market Cap 15897 - Trading time: 00:01:08
08-09-2025 19:49:03.476 INFO Current price: 0.000000076264 - Current percentage: 89.42% - Max: 89.42% - Min: -32.22% - Market Cap 16963 - Trading time: 00:01:09
08-09-2025 19:49:05.576 INFO Current price: 0.000000078244 - Current percentage: 88.74% - Max: 89.42% - Min: -32.22% - Market Cap 16902 - Trading time: 00:01:11
08-09-2025 19:49:08.817 INFO Current price: 0.000000068483 - Current percentage: 65.15% - Max: 89.42% - Min: -32.22% - Market Cap 14790 - Trading time: 00:01:14
08-09-2025 19:49:09.816 INFO Current price: 0.000000068294 - Current percentage: 64.92% - Max: 89.42% - Min: -32.22% - Market Cap 14769 - Trading time: 00:01:15
08-09-2025 19:49:09.847 INFO Current price: 0.000000068152 - Current percentage: 64.46% - Max: 89.42% - Min: -32.22% - Market Cap 14729 - Trading time: 00:01:15
08-09-2025 19:49:09.953 INFO Current price: 0.000000068007 - Current percentage: 64.21% - Max: 89.42% - Min: -32.22% - Market Cap 14706 - Trading time: 00:01:15
08-09-2025 19:49:10.019 INFO Current price: 0.000000069723 - Current percentage: 71.14% - Max: 89.42% - Min: -32.22% - Market Cap 15326 - Trading time: 00:01:16
08-09-2025 19:49:10.169 INFO Current price: 0.000000073058 - Current percentage: 80.30% - Max: 89.42% - Min: -32.22% - Market Cap 16147 - Trading time: 00:01:16
08-09-2025 19:49:11.075 INFO Current price: 0.000000074826 - Current percentage: 80.81% - Max: 89.42% - Min: -32.22% - Market Cap 16192 - Trading time: 00:01:17
08-09-2025 19:49:11.425 INFO Current price: 0.000000070715 - Current percentage: 71.78% - Max: 89.42% - Min: -32.22% - Market Cap 15384 - Trading time: 00:01:17
08-09-2025 19:49:11.442 INFO Current price: 0.000000071590 - Current percentage: 72.48% - Max: 89.42% - Min: -32.22% - Market Cap 15446 - Trading time: 00:01:17
08-09-2025 19:49:12.583 INFO Current price: 0.000000071253 - Current percentage: 71.89% - Max: 89.42% - Min: -32.22% - Market Cap 15393 - Trading time: 00:01:18
08-09-2025 19:49:13.035 INFO Current price: 0.000000071504 - Current percentage: 71.96% - Max: 89.42% - Min: -32.22% - Market Cap 15400 - Trading time: 00:01:19
08-09-2025 19:49:13.222 INFO Current price: 0.000000069745 - Current percentage: 65.19% - Max: 89.42% - Min: -32.22% - Market Cap 14794 - Trading time: 00:01:19
08-09-2025 19:49:16.441 INFO Current price: 0.000000070732 - Current percentage: 75.09% - Max: 89.42% - Min: -32.22% - Market Cap 15680 - Trading time: 00:01:22
08-09-2025 19:49:17.325 INFO Current price: 0.000000074675 - Current percentage: 84.12% - Max: 89.42% - Min: -32.22% - Market Cap 16489 - Trading time: 00:01:23
08-09-2025 19:49:17.888 INFO Current price: 0.000000076591 - Current percentage: 84.19% - Max: 89.42% - Min: -32.22% - Market Cap 16495 - Trading time: 00:01:23
08-09-2025 19:49:18.114 INFO Current price: 0.000000076833 - Current percentage: 85.28% - Max: 89.42% - Min: -32.22% - Market Cap 16593 - Trading time: 00:01:24
08-09-2025 19:49:18.744 INFO Current price: 0.000000076287 - Current percentage: 83.42% - Max: 89.42% - Min: -32.22% - Market Cap 16426 - Trading time: 00:01:24
08-09-2025 19:49:19.507 INFO Current price: 0.000000078507 - Current percentage: 94.26% - Max: 94.26% - Min: -32.22% - Market Cap 17397 - Trading time: 00:01:25
08-09-2025 19:49:22.996 INFO Current price: 0.000000064389 - Current percentage: 55.56% - Max: 94.26% - Min: -32.22% - Market Cap 13931 - Trading time: 00:01:28
08-09-2025 19:49:24.199 INFO Current price: 0.000000064837 - Current percentage: 56.23% - Max: 94.26% - Min: -32.22% - Market Cap 13991 - Trading time: 00:01:30
08-09-2025 19:49:24.360 INFO Current price: 0.000000064475 - Current percentage: 55.38% - Max: 94.26% - Min: -32.22% - Market Cap 13915 - Trading time: 00:01:30
08-09-2025 19:49:25.238 INFO Current price: 0.000000060672 - Current percentage: 46.43% - Max: 94.26% - Min: -32.22% - Market Cap 13113 - Trading time: 00:01:31
08-09-2025 19:49:25.856 INFO Current price: 0.000000062887 - Current percentage: 56.13% - Max: 94.26% - Min: -32.22% - Market Cap 13983 - Trading time: 00:01:31
08-09-2025 19:49:26.363 INFO Current price: 0.000000064951 - Current percentage: 56.20% - Max: 94.26% - Min: -32.22% - Market Cap 13989 - Trading time: 00:01:32
08-09-2025 19:49:26.623 INFO Current price: 0.000000066928 - Current percentage: 65.78% - Max: 94.26% - Min: -32.22% - Market Cap 14846 - Trading time: 00:01:32
08-09-2025 19:49:26.676 INFO Current price: 0.000000069093 - Current percentage: 66.47% - Max: 94.26% - Min: -32.22% - Market Cap 14908 - Trading time: 00:01:32
08-09-2025 19:49:27.773 INFO Current price: 0.000000069381 - Current percentage: 67.17% - Max: 94.26% - Min: -32.22% - Market Cap 14971 - Trading time: 00:01:33
08-09-2025 19:49:28.585 INFO Current price: 0.000000069555 - Current percentage: 67.31% - Max: 94.26% - Min: -32.22% - Market Cap 14983 - Trading time: 00:01:34
08-09-2025 19:49:30.485 INFO Current price: 0.000000071342 - Current percentage: 75.87% - Max: 94.26% - Min: -32.22% - Market Cap 15750 - Trading time: 00:01:36
08-09-2025 19:49:31.327 INFO Current price: 0.000000073159 - Current percentage: 75.94% - Max: 94.26% - Min: -32.22% - Market Cap 15756 - Trading time: 00:01:37
08-09-2025 19:49:33.539 INFO Current price: 0.000000076496 - Current percentage: 92.28% - Max: 94.26% - Min: -32.22% - Market Cap 17219 - Trading time: 00:01:39
08-09-2025 19:49:35.711 INFO Current price: 0.000000080484 - Current percentage: 94.76% - Max: 94.76% - Min: -32.22% - Market Cap 17441 - Trading time: 00:01:41
08-09-2025 19:49:35.895 INFO Current price: 0.000000083963 - Current percentage: 109.26% - Max: 109.26% - Min: -32.22% - Market Cap 18740 - Trading time: 00:01:41
08-09-2025 19:49:36.733 INFO Current price: 0.000000087193 - Current percentage: 110.03% - Max: 110.03% - Min: -32.22% - Market Cap 18809 - Trading time: 00:01:42
08-09-2025 19:49:37.176 INFO Current price: 0.000000087370 - Current percentage: 110.11% - Max: 110.11% - Min: -32.22% - Market Cap 18816 - Trading time: 00:01:43
08-09-2025 19:49:37.305 INFO Current price: 0.000000087402 - Current percentage: 110.19% - Max: 110.19% - Min: -32.22% - Market Cap 18823 - Trading time: 00:01:43
08-09-2025 19:49:37.390 INFO Current price: 0.000000087420 - Current percentage: 110.20% - Max: 110.20% - Min: -32.22% - Market Cap 18824 - Trading time: 00:01:43
08-09-2025 19:49:39.156 INFO Current price: 0.000000080301 - Current percentage: 93.45% - Max: 110.20% - Min: -32.22% - Market Cap 17324 - Trading time: 00:01:45
08-09-2025 19:49:39.900 INFO Current price: 0.000000081075 - Current percentage: 96.43% - Max: 110.20% - Min: -32.22% - Market Cap 17591 - Trading time: 00:01:45
08-09-2025 19:49:40.062 INFO Current price: 0.000000081714 - Current percentage: 96.51% - Max: 110.20% - Min: -32.22% - Market Cap 17598 - Trading time: 00:01:46
08-09-2025 19:49:40.241 INFO Current price: 0.000000082509 - Current percentage: 100.28% - Max: 110.20% - Min: -32.22% - Market Cap 17936 - Trading time: 00:01:46
08-09-2025 19:49:40.793 INFO Current price: 0.000000070974 - Current percentage: 71.00% - Max: 110.20% - Min: -32.22% - Market Cap 15314 - Trading time: 00:01:46
08-09-2025 19:49:41.071 INFO Current price: 0.000000071163 - Current percentage: 71.21% - Max: 110.20% - Min: -32.22% - Market Cap 15333 - Trading time: 00:01:47
08-09-2025 19:49:43.258 INFO Current price: 0.000000071280 - Current percentage: 71.56% - Max: 110.20% - Min: -32.22% - Market Cap 15364 - Trading time: 00:01:49
08-09-2025 19:49:44.021 INFO Current price: 0.000000072824 - Current percentage: 78.71% - Max: 110.20% - Min: -32.22% - Market Cap 16004 - Trading time: 00:01:50
08-09-2025 19:49:45.084 INFO Current price: 0.000000076175 - Current percentage: 87.71% - Max: 110.20% - Min: -32.22% - Market Cap 16810 - Trading time: 00:01:51
08-09-2025 19:49:46.350 INFO Current price: 0.000000078424 - Current percentage: 89.42% - Max: 110.20% - Min: -32.22% - Market Cap 16963 - Trading time: 00:01:52
08-09-2025 19:49:49.002 INFO Current price: 0.000000032192 - Current percentage: -22.21% - Max: 110.20% - Min: -32.22% - Market Cap 6967 - Trading time: 00:01:54
08-09-2025 19:49:49.140 INFO Current price: 0.000000032186 - Current percentage: -22.23% - Max: 110.20% - Min: -32.22% - Market Cap 6964 - Trading time: 00:01:55
08-09-2025 19:49:49.254 INFO Current price: 0.000000032172 - Current percentage: -22.28% - Max: 110.20% - Min: -32.22% - Market Cap 6960 - Trading time: 00:01:55
08-09-2025 19:49:49.275 INFO Current price: 0.000000032149 - Current percentage: -22.34% - Max: 110.20% - Min: -32.22% - Market Cap 6955 - Trading time: 00:01:55
08-09-2025 19:49:49.662 INFO Current price: 0.000000032496 - Current percentage: -21.39% - Max: 110.20% - Min: -32.22% - Market Cap 7040 - Trading time: 00:01:55
08-09-2025 19:49:50.069 INFO Current price: 0.000000032508 - Current percentage: -21.50% - Max: 110.20% - Min: -32.22% - Market Cap 7030 - Trading time: 00:01:56
08-09-2025 19:49:50.069 INFO Current price: 0.000000032895 - Current percentage: -20.31% - Max: 110.20% - Min: -32.22% - Market Cap 7136 - Trading time: 00:01:56
08-09-2025 19:49:50.936 INFO Current price: 0.000000033242 - Current percentage: -19.83% - Max: 110.20% - Min: -32.22% - Market Cap 7179 - Trading time: 00:01:56
08-09-2025 19:49:51.112 INFO Current price: 0.000000033357 - Current percentage: -19.76% - Max: 110.20% - Min: -32.22% - Market Cap 7186 - Trading time: 00:01:57
08-09-2025 19:49:51.315 INFO Current price: 0.000000033163 - Current percentage: -19.96% - Max: 110.20% - Min: -32.22% - Market Cap 7168 - Trading time: 00:01:57
08-09-2025 19:49:51.720 INFO Current price: 0.000000032923 - Current percentage: -20.92% - Max: 110.20% - Min: -32.22% - Market Cap 7082 - Trading time: 00:01:57
08-09-2025 19:49:51.733 INFO Current price: 0.000000032593 - Current percentage: -21.56% - Max: 110.20% - Min: -32.22% - Market Cap 7025 - Trading time: 00:01:57
08-09-2025 19:49:52.318 INFO Current price: 0.000000032370 - Current percentage: -21.99% - Max: 110.20% - Min: -32.22% - Market Cap 6986 - Trading time: 00:01:58
08-09-2025 19:49:52.754 INFO Current price: 0.000000032237 - Current percentage: -22.21% - Max: 110.20% - Min: -32.22% - Market Cap 6967 - Trading time: 00:01:58
08-09-2025 19:49:53.071 INFO Current price: 0.000000032148 - Current percentage: -22.42% - Max: 110.20% - Min: -32.22% - Market Cap 6948 - Trading time: 00:01:59
08-09-2025 19:49:55.046 INFO Current price: 0.000000032511 - Current percentage: -21.24% - Max: 110.20% - Min: -32.22% - Market Cap 7053 - Trading time: 00:02:01
08-09-2025 19:49:56.290 INFO Current price: 0.000000032478 - Current percentage: -21.79% - Max: 110.20% - Min: -32.22% - Market Cap 7004 - Trading time: 00:02:02
08-09-2025 19:49:56.750 INFO Current price: 0.000000032537 - Current percentage: -21.74% - Max: 110.20% - Min: -32.22% - Market Cap 7008 - Trading time: 00:02:02
08-09-2025 19:49:59.718 INFO Current price: 0.000000032557 - Current percentage: -21.70% - Max: 110.20% - Min: -32.22% - Market Cap 7012 - Trading time: 00:02:05
08-09-2025 19:50:00.277 INFO Current price: 0.000000032813 - Current percentage: -20.51% - Max: 110.20% - Min: -32.22% - Market Cap 7119 - Trading time: 00:02:06
08-09-2025 19:50:01.687 INFO Current price: 0.000000032449 - Current percentage: -22.65% - Max: 110.20% - Min: -32.22% - Market Cap 6927 - Trading time: 00:02:07
08-09-2025 19:50:02.029 INFO Current price: 0.000000032952 - Current percentage: -18.84% - Max: 110.20% - Min: -32.22% - Market Cap 7268 - Trading time: 00:02:08
08-09-2025 19:50:02.035 INFO Current price: 0.000000032783 - Current percentage: -22.67% - Max: 110.20% - Min: -32.22% - Market Cap 6925 - Trading time: 00:02:08
08-09-2025 19:50:03.587 INFO Current price: 0.000000032163 - Current percentage: -22.67% - Max: 110.20% - Min: -32.22% - Market Cap 6926 - Trading time: 00:02:09
08-09-2025 19:50:03.703 INFO Current price: 0.000000031957 - Current percentage: -22.88% - Max: 110.20% - Min: -32.22% - Market Cap 6906 - Trading time: 00:02:09
08-09-2025 19:50:03.967 INFO Current price: 0.000000032074 - Current percentage: -22.88% - Max: 110.20% - Min: -32.22% - Market Cap 6906 - Trading time: 00:02:09
08-09-2025 19:50:04.032 INFO Current price: 0.000000032075 - Current percentage: -22.88% - Max: 110.20% - Min: -32.22% - Market Cap 6907 - Trading time: 00:02:10
08-09-2025 19:50:04.112 INFO Current price: 0.000000032076 - Current percentage: -22.88% - Max: 110.20% - Min: -32.22% - Market Cap 6907 - Trading time: 00:02:10
08-09-2025 19:50:04.349 INFO Current price: 0.000000032077 - Current percentage: -22.87% - Max: 110.20% - Min: -32.22% - Market Cap 6907 - Trading time: 00:02:10
08-09-2025 19:50:04.760 INFO Current price: 0.000000032078 - Current percentage: -22.87% - Max: 110.20% - Min: -32.22% - Market Cap 6907 - Trading time: 00:02:10
08-09-2025 19:50:08.190 INFO Current price: 0.000000031896 - Current percentage: -22.98% - Max: 110.20% - Min: -32.22% - Market Cap 6898 - Trading time: 00:02:14
08-09-2025 19:50:09.204 INFO Current price: 0.000000031849 - Current percentage: -23.10% - Max: 110.20% - Min: -32.22% - Market Cap 6887 - Trading time: 00:02:15
08-09-2025 19:50:09.532 INFO Current price: 0.000000031780 - Current percentage: -23.31% - Max: 110.20% - Min: -32.22% - Market Cap 6868 - Trading time: 00:02:15
08-09-2025 19:50:09.732 INFO Current price: 0.000000031736 - Current percentage: -23.31% - Max: 110.20% - Min: -32.22% - Market Cap 6868 - Trading time: 00:02:15
08-09-2025 19:50:09.817 INFO Current price: 0.000000031735 - Current percentage: -23.31% - Max: 110.20% - Min: -32.22% - Market Cap 6868 - Trading time: 00:02:15
08-09-2025 19:50:09.850 INFO Current price: 0.000000031735 - Current percentage: -23.31% - Max: 110.20% - Min: -32.22% - Market Cap 6868 - Trading time: 00:02:15
08-09-2025 19:50:09.946 INFO Current price: 0.000000031735 - Current percentage: -23.31% - Max: 110.20% - Min: -32.22% - Market Cap 6868 - Trading time: 00:02:15
08-09-2025 19:50:10.108 INFO Current price: 0.000000031734 - Current percentage: -23.31% - Max: 110.20% - Min: -32.22% - Market Cap 6868 - Trading time: 00:02:16
08-09-2025 19:50:10.272 INFO Current price: 0.000000031734 - Current percentage: -23.31% - Max: 110.20% - Min: -32.22% - Market Cap 6867 - Trading time: 00:02:16
08-09-2025 19:50:11.871 INFO Current price: 0.000000031001 - Current percentage: -26.82% - Max: 110.20% - Min: -32.22% - Market Cap 6554 - Trading time: 00:02:17
08-09-2025 19:50:14.559 INFO Current price: 0.000000030284 - Current percentage: -26.82% - Max: 110.20% - Min: -32.22% - Market Cap 6554 - Trading time: 00:02:20
08-09-2025 19:50:14.915 INFO Current price: 0.000000030284 - Current percentage: -26.82% - Max: 110.20% - Min: -32.22% - Market Cap 6554 - Trading time: 00:02:20
08-09-2025 19:50:15.242 INFO Current price: 0.000000030284 - Current percentage: -26.82% - Max: 110.20% - Min: -32.22% - Market Cap 6554 - Trading time: 00:02:21
08-09-2025 19:50:16.480 INFO Current price: 0.000000030283 - Current percentage: -26.82% - Max: 110.20% - Min: -32.22% - Market Cap 6554 - Trading time: 00:02:22
08-09-2025 19:50:16.487 INFO Current price: 0.000000030283 - Current percentage: -26.82% - Max: 110.20% - Min: -32.22% - Market Cap 6554 - Trading time: 00:02:22
08-09-2025 19:50:16.490 INFO Current price: 0.000000030283 - Current percentage: -26.82% - Max: 110.20% - Min: -32.22% - Market Cap 6553 - Trading time: 00:02:22
08-09-2025 19:50:17.563 INFO Current price: 0.000000030673 - Current percentage: -25.67% - Max: 110.20% - Min: -32.22% - Market Cap 6656 - Trading time: 00:02:23
08-09-2025 19:50:21.812 INFO Current price: 0.000000031009 - Current percentage: -25.21% - Max: 110.20% - Min: -32.22% - Market Cap 6698 - Trading time: 00:02:27
08-09-2025 19:50:23.094 INFO Current price: 0.000000030948 - Current percentage: -25.21% - Max: 110.20% - Min: -32.22% - Market Cap 6698 - Trading time: 00:02:29
08-09-2025 19:50:23.149 INFO Current price: 0.000000030948 - Current percentage: -25.21% - Max: 110.20% - Min: -32.22% - Market Cap 6697 - Trading time: 00:02:29
08-09-2025 19:50:23.150 INFO Current price: 0.000000030947 - Current percentage: -25.21% - Max: 110.20% - Min: -32.22% - Market Cap 6697 - Trading time: 00:02:29
08-09-2025 19:50:23.151 INFO Current price: 0.000000030947 - Current percentage: -25.22% - Max: 110.20% - Min: -32.22% - Market Cap 6697 - Trading time: 00:02:29
08-09-2025 19:50:23.153 INFO Current price: 0.000000030947 - Current percentage: -25.22% - Max: 110.20% - Min: -32.22% - Market Cap 6697 - Trading time: 00:02:29
08-09-2025 19:50:23.154 INFO Current price: 0.000000030946 - Current percentage: -25.22% - Max: 110.20% - Min: -32.22% - Market Cap 6697 - Trading time: 00:02:29
08-09-2025 19:50:28.112 INFO Current price: 0.000000031343 - Current percentage: -24.06% - Max: 110.20% - Min: -32.22% - Market Cap 6801 - Trading time: 00:02:34
08-09-2025 19:50:29.992 INFO Current price: 0.000000031828 - Current percentage: -22.89% - Max: 110.20% - Min: -32.22% - Market Cap 6906 - Trading time: 00:02:35
08-09-2025 19:50:35.451 INFO Current price: 0.000000032316 - Current percentage: -21.71% - Max: 110.20% - Min: -32.22% - Market Cap 7011 - Trading time: 00:02:41
08-09-2025 19:50:40.386 INFO Current price: 0.000000032379 - Current percentage: -21.80% - Max: 110.20% - Min: -32.22% - Market Cap 7003 - Trading time: 00:02:46
08-09-2025 19:50:41.580 INFO Current price: 0.000000032127 - Current percentage: -22.92% - Max: 110.20% - Min: -32.22% - Market Cap 6903 - Trading time: 00:02:47
08-09-2025 19:50:44.387 INFO Current price: 0.000000060535 - Current percentage: 46.01% - Max: 110.20% - Min: -32.22% - Market Cap 13076 - Trading time: 00:02:50
08-09-2025 19:50:48.533 INFO Current price: 0.000000031775 - Current percentage: -23.44% - Max: 110.20% - Min: -32.22% - Market Cap 6857 - Trading time: 00:02:54
08-09-2025 19:51:19.663 INFO Current price: 0.000000030085 - Current percentage: -30.97% - Max: 110.20% - Min: -32.22% - Market Cap 6182 - Trading time: 00:03:25
08-09-2025 19:51:44.842 INFO Current price: 0.000000028524 - Current percentage: -31.17% - Max: 110.20% - Min: -32.22% - Market Cap 6164 - Trading time: 00:03:50






08-09-2025 20:01:44.844 INFO {"type":"summary","reason":"inactivity","startedAt":"2025-09-08T17:47:54.015Z","endedAt":"2025-09-08T18:01:44.844Z","durationSec":830,"entryPrice":4.733564240269106e-8,"entryMarketCapSol":41.48338284887012,"entryMarketCapUsd":8955.432689414081,"minPct":-32.218027526093366,"maxPct":110.1957382513216,"buyCount":133,"sellCount":88,"tradeCount":221,"entryRecorded":true,"noPostThresholdTrades":false,"triggerAt":"2025-09-08T17:47:54.010Z","ageAtTriggerSec":6,"preTotalTrades":4,"preBuys":4,"preSells":0,"preUniqueTraders":4,"preEntryTotalTrades":5,"preEntryBuys":5,"preEntrySells":0,"preEntryUniqueTraders":5,"preEntryMinMcUsd":8955.911600004682,"preEntryMaxMcUsd":11717.732101085669,"thresholdMcSol":41.48338284887012,"thresholdMcUsd":8955.432689414081,"thresholdPrice":4.733564240269106e-8}
