08-09-2025 20:51:19.877 INFO Entry price: 0.000000049876207183 - Entry market cap: 9537 - Buys 31 - Sells 14 - Ratio: 1:0.45 - Min MarketCap: 7910 - Max MarketCap: 12255
08-09-2025 20:51:19.877 INFO Current price: 0.000000049876 - Current percentage: 0.00% - Max: 0.00% - Min: 0.00% - Market Cap 9537 - Trading time: 00:00:02
08-09-2025 20:51:19.921 INFO Current price: 0.000000041027 - Current percentage: -7.85% - Max: 0.00% - Min: -7.85% - Market Cap 8789 - Trading time: 00:00:02
08-09-2025 20:51:19.965 INFO Current price: 0.000000040998 - Current percentage: -6.79% - Max: 0.00% - Min: -7.85% - Market Cap 8890 - Trading time: 00:00:02
08-09-2025 20:51:19.967 INFO Current price: 0.000000041459 - Current percentage: -5.76% - Max: 0.00% - Min: -7.85% - Market Cap 8988 - Trading time: 00:00:02
08-09-2025 20:51:19.969 INFO Current price: 0.000000041904 - Current percentage: -4.78% - Max: 0.00% - Min: -7.85% - Market Cap 9082 - Trading time: 00:00:02
08-09-2025 20:51:19.971 INFO Current price: 0.000000042338 - Current percentage: -3.80% - Max: 0.00% - Min: -7.85% - Market Cap 9175 - Trading time: 00:00:02
08-09-2025 20:51:19.979 INFO Current price: 0.000000042774 - Current percentage: -2.81% - Max: 0.00% - Min: -7.85% - Market Cap 9270 - Trading time: 00:00:02
08-09-2025 20:51:20.323 INFO Current price: 0.000000046950 - Current percentage: 15.90% - Max: 15.90% - Min: -7.85% - Market Cap 11053 - Trading time: 00:00:02
08-09-2025 20:51:20.509 INFO Current price: 0.000000050647 - Current percentage: 13.10% - Max: 15.90% - Min: -7.85% - Market Cap 10787 - Trading time: 00:00:02
08-09-2025 20:51:21.418 INFO Current price: 0.000000049719 - Current percentage: 11.69% - Max: 15.90% - Min: -7.85% - Market Cap 10652 - Trading time: 00:00:03
08-09-2025 20:51:21.423 INFO Current price: 0.000000049136 - Current percentage: 10.46% - Max: 15.90% - Min: -7.85% - Market Cap 10536 - Trading time: 00:00:03
08-09-2025 20:51:21.428 INFO Current price: 0.000000048594 - Current percentage: 9.24% - Max: 15.90% - Min: -7.85% - Market Cap 10418 - Trading time: 00:00:03
08-09-2025 20:51:21.484 INFO Current price: 0.000000048060 - Current percentage: 8.05% - Max: 15.90% - Min: -7.85% - Market Cap 10306 - Trading time: 00:00:03
08-09-2025 20:51:21.486 INFO Current price: 0.000000047520 - Current percentage: 6.79% - Max: 15.90% - Min: -7.85% - Market Cap 10185 - Trading time: 00:00:03
08-09-2025 20:51:21.594 INFO Current price: 0.000000044665 - Current percentage: -4.54% - Max: 15.90% - Min: -7.85% - Market Cap 9104 - Trading time: 00:00:03
08-09-2025 20:51:21.840 INFO Current price: 0.000000042630 - Current percentage: -2.71% - Max: 15.90% - Min: -7.85% - Market Cap 9279 - Trading time: 00:00:03
08-09-2025 20:51:22.181 INFO Current price: 0.000000042950 - Current percentage: -3.11% - Max: 15.90% - Min: -7.85% - Market Cap 9241 - Trading time: 00:00:04
08-09-2025 20:51:22.574 INFO Current price: 0.000000042860 - Current percentage: -3.12% - Max: 15.90% - Min: -7.85% - Market Cap 9240 - Trading time: 00:00:04
08-09-2025 20:51:22.576 INFO Current price: 0.000000042856 - Current percentage: -3.12% - Max: 15.90% - Min: -7.85% - Market Cap 9240 - Trading time: 00:00:04
08-09-2025 20:51:22.705 INFO Current price: 0.000000042912 - Current percentage: -2.87% - Max: 15.90% - Min: -7.85% - Market Cap 9264 - Trading time: 00:00:04
08-09-2025 20:51:22.710 INFO Current price: 0.000000042968 - Current percentage: -2.87% - Max: 15.90% - Min: -7.85% - Market Cap 9264 - Trading time: 00:00:04
08-09-2025 20:51:22.710 INFO Current price: 0.000000042967 - Current percentage: -2.87% - Max: 15.90% - Min: -7.85% - Market Cap 9264 - Trading time: 00:00:04
08-09-2025 20:51:23.083 INFO Current price: 0.000000043537 - Current percentage: -0.28% - Max: 15.90% - Min: -7.85% - Market Cap 9511 - Trading time: 00:00:05
08-09-2025 20:51:23.591 INFO Current price: 0.000000044115 - Current percentage: -0.28% - Max: 15.90% - Min: -7.85% - Market Cap 9511 - Trading time: 00:00:05
08-09-2025 20:51:24.989 INFO Current price: 0.000000044143 - Current percentage: -0.15% - Max: 15.90% - Min: -7.85% - Market Cap 9523 - Trading time: 00:00:07
08-09-2025 20:51:25.072 INFO Current price: 0.000000042547 - Current percentage: -7.36% - Max: 15.90% - Min: -7.85% - Market Cap 8835 - Trading time: 00:00:07
08-09-2025 20:51:25.080 INFO Current price: 0.000000041009 - Current percentage: -7.24% - Max: 15.90% - Min: -7.85% - Market Cap 8847 - Trading time: 00:00:07
08-09-2025 20:51:25.289 INFO Current price: 0.000000041064 - Current percentage: -7.11% - Max: 15.90% - Min: -7.85% - Market Cap 8859 - Trading time: 00:00:07
08-09-2025 20:51:27.070 INFO Current price: 0.000000041091 - Current percentage: -7.11% - Max: 15.90% - Min: -7.85% - Market Cap 8859 - Trading time: 00:00:09
08-09-2025 20:51:27.074 INFO Current price: 0.000000041088 - Current percentage: -7.13% - Max: 15.90% - Min: -7.85% - Market Cap 8858 - Trading time: 00:00:09
08-09-2025 20:51:27.076 INFO Current price: 0.000000041084 - Current percentage: -7.13% - Max: 15.90% - Min: -7.85% - Market Cap 8858 - Trading time: 00:00:09
08-09-2025 20:51:27.124 INFO Current price: 0.000000041083 - Current percentage: -7.13% - Max: 15.90% - Min: -7.85% - Market Cap 8857 - Trading time: 00:00:09
08-09-2025 20:51:27.131 INFO Current price: 0.000000041083 - Current percentage: -7.13% - Max: 15.90% - Min: -7.85% - Market Cap 8857 - Trading time: 00:00:09
08-09-2025 20:51:28.471 INFO Current price: 0.000000037957 - Current percentage: -20.72% - Max: 15.90% - Min: -20.72% - Market Cap 7561 - Trading time: 00:00:10
08-09-2025 20:51:28.926 INFO Current price: 0.000000035273 - Current percentage: -19.80% - Max: 15.90% - Min: -20.72% - Market Cap 7649 - Trading time: 00:00:11
08-09-2025 20:51:29.362 INFO Current price: 0.000000035446 - Current percentage: -19.95% - Max: 15.90% - Min: -20.72% - Market Cap 7635 - Trading time: 00:00:11
08-09-2025 20:51:29.615 INFO Current price: 0.000000034997 - Current percentage: -21.82% - Max: 15.90% - Min: -21.82% - Market Cap 7457 - Trading time: 00:00:11
08-09-2025 20:51:29.651 INFO Current price: 0.000000034399 - Current percentage: -22.66% - Max: 15.90% - Min: -22.66% - Market Cap 7376 - Trading time: 00:00:11
08-09-2025 20:51:30.031 INFO Current price: 0.000000034414 - Current percentage: -21.75% - Max: 15.90% - Min: -22.66% - Market Cap 7463 - Trading time: 00:00:12
08-09-2025 20:51:30.370 INFO Current price: 0.000000034722 - Current percentage: -21.27% - Max: 15.90% - Min: -22.66% - Market Cap 7509 - Trading time: 00:00:12
08-09-2025 20:51:30.683 INFO Current price: 0.000000034663 - Current percentage: -22.01% - Max: 15.90% - Min: -22.66% - Market Cap 7438 - Trading time: 00:00:12
08-09-2025 20:51:30.786 INFO Current price: 0.000000034438 - Current percentage: -22.29% - Max: 15.90% - Min: -22.66% - Market Cap 7411 - Trading time: 00:00:12
08-09-2025 20:51:31.211 INFO Current price: 0.000000033802 - Current percentage: -24.86% - Max: 15.90% - Min: -24.86% - Market Cap 7166 - Trading time: 00:00:13
08-09-2025 20:51:31.593 INFO Current price: 0.000000033278 - Current percentage: -24.68% - Max: 15.90% - Min: -24.86% - Market Cap 7183 - Trading time: 00:00:13
08-09-2025 20:51:32.012 INFO Current price: 0.000000033323 - Current percentage: -24.66% - Max: 15.90% - Min: -24.86% - Market Cap 7185 - Trading time: 00:00:14
08-09-2025 20:51:32.409 INFO Current price: 0.000000033149 - Current percentage: -25.47% - Max: 15.90% - Min: -25.47% - Market Cap 7109 - Trading time: 00:00:14
08-09-2025 20:51:33.624 INFO Current price: 0.000000032996 - Current percentage: -25.36% - Max: 15.90% - Min: -25.47% - Market Cap 7119 - Trading time: 00:00:15
08-09-2025 20:51:33.702 INFO Current price: 0.000000033045 - Current percentage: -25.24% - Max: 15.90% - Min: -25.47% - Market Cap 7130 - Trading time: 00:00:15
08-09-2025 20:51:33.928 INFO Current price: 0.000000033095 - Current percentage: -25.13% - Max: 15.90% - Min: -25.47% - Market Cap 7141 - Trading time: 00:00:16
08-09-2025 20:51:34.011 INFO Current price: 0.000000033144 - Current percentage: -25.02% - Max: 15.90% - Min: -25.47% - Market Cap 7151 - Trading time: 00:00:16
08-09-2025 20:51:34.073 INFO Current price: 0.000000032992 - Current percentage: -25.82% - Max: 15.90% - Min: -25.82% - Market Cap 7075 - Trading time: 00:00:16
08-09-2025 20:51:34.202 INFO Current price: 0.000000032633 - Current percentage: -26.64% - Max: 15.90% - Min: -26.64% - Market Cap 6997 - Trading time: 00:00:16
08-09-2025 20:51:35.334 INFO Current price: 0.000000031925 - Current percentage: -29.00% - Max: 15.90% - Min: -29.00% - Market Cap 6772 - Trading time: 00:00:17
08-09-2025 20:51:35.412 INFO Current price: 0.000000031232 - Current percentage: -29.79% - Max: 15.90% - Min: -29.79% - Market Cap 6696 - Trading time: 00:00:17
08-09-2025 20:51:42.794 INFO Current price: 0.000000031023 - Current percentage: -29.95% - Max: 15.90% - Min: -29.95% - Market Cap 6681 - Trading time: 00:00:24
08-09-2025 20:51:44.585 INFO Current price: 0.000000031037 - Current percentage: -29.73% - Max: 15.90% - Min: -29.95% - Market Cap 6702 - Trading time: 00:00:26
08-09-2025 20:51:46.533 INFO Current price: 0.000000030939 - Current percentage: -30.39% - Max: 15.90% - Min: -30.39% - Market Cap 6639 - Trading time: 00:00:28
08-09-2025 20:52:09.769 INFO Current price: 0.000000030746 - Current percentage: -30.60% - Max: 15.90% - Min: -30.60% - Market Cap 6619 - Trading time: 00:00:51
08-09-2025 20:52:15.792 INFO Current price: 0.000000030136 - Current percentage: -33.13% - Max: 15.90% - Min: -33.13% - Market Cap 6378 - Trading time: 00:00:57
08-09-2025 20:52:19.747 INFO Current price: 0.000000029550 - Current percentage: -33.28% - Max: 15.90% - Min: -33.28% - Market Cap 6364 - Trading time: 00:01:01
08-09-2025 20:52:25.465 INFO Current price: 0.000000029516 - Current percentage: -33.28% - Max: 15.90% - Min: -33.28% - Market Cap 6364 - Trading time: 00:01:07
08-09-2025 20:53:22.934 INFO Current price: 0.000000029395 - Current percentage: -33.82% - Max: 15.90% - Min: -33.82% - Market Cap 6312 - Trading time: 00:02:05
08-09-2025 20:53:43.565 INFO Current price: 0.000000029144 - Current percentage: -34.41% - Max: 15.90% - Min: -34.41% - Market Cap 6255 - Trading time: 00:02:25
08-09-2025 20:54:18.480 INFO Current price: 0.000000029010 - Current percentage: -34.43% - Max: 15.90% - Min: -34.43% - Market Cap 6254 - Trading time: 00:03:00






08-09-2025 21:04:18.489 INFO {"type":"summary","reason":"inactivity","startedAt":"2025-09-08T18:51:17.877Z","endedAt":"2025-09-08T19:04:18.489Z","durationSec":780,"entryPrice":4.987620718262355e-8,"entryMarketCapSol":44.23690946050689,"entryMarketCapUsd":9537.477679685284,"minPct":-34.43151008823688,"maxPct":15.895229958482378,"buyCount":29,"sellCount":45,"tradeCount":74,"entryRecorded":true,"noPostThresholdTrades":false,"triggerAt":"2025-09-08T18:51:17.873Z","ageAtTriggerSec":6,"preTotalTrades":34,"preBuys":24,"preSells":10,"preUniqueTraders":24,"preEntryTotalTrades":45,"preEntryBuys":31,"preEntrySells":14,"preEntryUniqueTraders":31,"preEntryMinMcUsd":7909.889062625685,"preEntryMaxMcUsd":12254.74304812276,"thresholdMcSol":44.23690946050689,"thresholdMcUsd":9537.477679685284,"thresholdPrice":4.987620718262355e-8}
