08-09-2025 19:15:46.888 INFO Entry price: 0.000000035557376922 - Entry market cap: 7361 - Buys 11 - Sells 10 - Ratio: 1:0.91 - Min MarketCap: 6839 - Max MarketCap: 9518
08-09-2025 19:15:46.888 INFO Current price: 0.000000035557 - Current percentage: 0.00% - Max: 0.00% - Min: 0.00% - Market Cap 7361 - Trading time: 00:00:02
08-09-2025 19:15:50.480 INFO Current price: 0.000000033101 - Current percentage: -5.37% - Max: 0.00% - Min: -5.37% - Market Cap 6965 - Trading time: 00:00:05
08-09-2025 19:15:53.463 INFO Current price: 0.000000032742 - Current percentage: -3.94% - Max: 0.00% - Min: -5.37% - Market Cap 7070 - Trading time: 00:00:08
08-09-2025 19:15:53.467 INFO Current price: 0.000000033234 - Current percentage: -2.51% - Max: 0.00% - Min: -5.37% - Market Cap 7176 - Trading time: 00:00:08
08-09-2025 19:15:53.475 INFO Current price: 0.000000033739 - Current percentage: -1.00% - Max: 0.00% - Min: -5.37% - Market Cap 7287 - Trading time: 00:00:08
08-09-2025 19:15:53.478 INFO Current price: 0.000000034245 - Current percentage: 0.44% - Max: 0.44% - Min: -5.37% - Market Cap 7393 - Trading time: 00:00:08
08-09-2025 19:15:53.601 INFO Current price: 0.000000036045 - Current percentage: 9.68% - Max: 9.68% - Min: -5.37% - Market Cap 8073 - Trading time: 00:00:08
08-09-2025 19:15:53.605 INFO Current price: 0.000000038966 - Current percentage: 17.37% - Max: 17.37% - Min: -5.37% - Market Cap 8639 - Trading time: 00:00:08
08-09-2025 19:15:53.606 INFO Current price: 0.000000041135 - Current percentage: 22.24% - Max: 22.24% - Min: -5.37% - Market Cap 8997 - Trading time: 00:00:08
08-09-2025 19:15:53.781 INFO Current price: 0.000000042036 - Current percentage: 22.57% - Max: 22.57% - Min: -5.37% - Market Cap 9022 - Trading time: 00:00:08
08-09-2025 19:15:53.783 INFO Current price: 0.000000042105 - Current percentage: 22.64% - Max: 22.64% - Min: -5.37% - Market Cap 9027 - Trading time: 00:00:08
08-09-2025 19:15:53.904 INFO Current price: 0.000000042127 - Current percentage: 22.70% - Max: 22.70% - Min: -5.37% - Market Cap 9032 - Trading time: 00:00:09
08-09-2025 19:15:53.907 INFO Current price: 0.000000042208 - Current percentage: 23.10% - Max: 23.10% - Min: -5.37% - Market Cap 9061 - Trading time: 00:00:09
08-09-2025 19:15:53.920 INFO Current price: 0.000000042321 - Current percentage: 23.36% - Max: 23.36% - Min: -5.37% - Market Cap 9080 - Trading time: 00:00:09
08-09-2025 19:15:53.937 INFO Current price: 0.000000042411 - Current percentage: 23.62% - Max: 23.62% - Min: -5.37% - Market Cap 9099 - Trading time: 00:00:09
08-09-2025 19:15:53.938 INFO Current price: 0.000000042512 - Current percentage: 23.95% - Max: 23.95% - Min: -5.37% - Market Cap 9124 - Trading time: 00:00:09
08-09-2025 19:15:53.942 INFO Current price: 0.000000042569 - Current percentage: 23.96% - Max: 23.96% - Min: -5.37% - Market Cap 9124 - Trading time: 00:00:09
08-09-2025 19:15:53.948 INFO Current price: 0.000000042600 - Current percentage: 24.13% - Max: 24.13% - Min: -5.37% - Market Cap 9137 - Trading time: 00:00:09
08-09-2025 19:15:54.022 INFO Current price: 0.000000042688 - Current percentage: 24.47% - Max: 24.47% - Min: -5.37% - Market Cap 9162 - Trading time: 00:00:09
08-09-2025 19:15:54.024 INFO Current price: 0.000000042815 - Current percentage: 24.87% - Max: 24.87% - Min: -5.37% - Market Cap 9191 - Trading time: 00:00:09
08-09-2025 19:15:54.154 INFO Current price: 0.000000042902 - Current percentage: 24.87% - Max: 24.87% - Min: -5.37% - Market Cap 9191 - Trading time: 00:00:09
08-09-2025 19:15:54.939 INFO Current price: 0.000000043117 - Current percentage: 26.23% - Max: 26.23% - Min: -5.37% - Market Cap 9291 - Trading time: 00:00:10
08-09-2025 19:15:54.940 INFO Current price: 0.000000043590 - Current percentage: 27.63% - Max: 27.63% - Min: -5.37% - Market Cap 9394 - Trading time: 00:00:10
08-09-2025 19:15:55.048 INFO Current price: 0.000000043846 - Current percentage: 27.71% - Max: 27.71% - Min: -5.37% - Market Cap 9400 - Trading time: 00:00:10
08-09-2025 19:15:55.245 INFO Current price: 0.000000043860 - Current percentage: 27.71% - Max: 27.71% - Min: -5.37% - Market Cap 9400 - Trading time: 00:00:10
08-09-2025 19:15:55.873 INFO Current price: 0.000000044088 - Current percentage: 29.05% - Max: 29.05% - Min: -5.37% - Market Cap 9499 - Trading time: 00:00:10
08-09-2025 19:15:56.289 INFO Current price: 0.000000043639 - Current percentage: 25.12% - Max: 29.05% - Min: -5.37% - Market Cap 9210 - Trading time: 00:00:11
08-09-2025 19:15:56.291 INFO Current price: 0.000000042363 - Current percentage: 21.61% - Max: 29.05% - Min: -5.37% - Market Cap 8952 - Trading time: 00:00:11
08-09-2025 19:15:57.069 INFO Current price: 0.000000041411 - Current percentage: 19.56% - Max: 29.05% - Min: -5.37% - Market Cap 8800 - Trading time: 00:00:12
08-09-2025 19:15:57.070 INFO Current price: 0.000000040724 - Current percentage: 17.62% - Max: 29.05% - Min: -5.37% - Market Cap 8657 - Trading time: 00:00:12
08-09-2025 19:15:57.102 INFO Current price: 0.000000039045 - Current percentage: 9.90% - Max: 29.05% - Min: -5.37% - Market Cap 8089 - Trading time: 00:00:12
08-09-2025 19:15:57.103 INFO Current price: 0.000000037023 - Current percentage: 5.75% - Max: 29.05% - Min: -5.37% - Market Cap 7784 - Trading time: 00:00:12
08-09-2025 19:15:57.166 INFO Current price: 0.000000034780 - Current percentage: -3.01% - Max: 29.05% - Min: -5.37% - Market Cap 7139 - Trading time: 00:00:12
08-09-2025 19:15:57.273 INFO Current price: 0.000000033298 - Current percentage: -3.07% - Max: 29.05% - Min: -5.37% - Market Cap 7135 - Trading time: 00:00:12
08-09-2025 19:15:57.815 INFO Current price: 0.000000033248 - Current percentage: -3.30% - Max: 29.05% - Min: -5.37% - Market Cap 7118 - Trading time: 00:00:12
08-09-2025 19:15:57.860 INFO Current price: 0.000000033200 - Current percentage: -3.35% - Max: 29.05% - Min: -5.37% - Market Cap 7114 - Trading time: 00:00:12
08-09-2025 19:15:57.865 INFO Current price: 0.000000033191 - Current percentage: -3.35% - Max: 29.05% - Min: -5.37% - Market Cap 7114 - Trading time: 00:00:12
08-09-2025 19:15:57.869 INFO Current price: 0.000000033183 - Current percentage: -3.40% - Max: 29.05% - Min: -5.37% - Market Cap 7110 - Trading time: 00:00:12
08-09-2025 19:15:57.911 INFO Current price: 0.000000033144 - Current percentage: -3.58% - Max: 29.05% - Min: -5.37% - Market Cap 7097 - Trading time: 00:00:13
08-09-2025 19:15:57.914 INFO Current price: 0.000000033073 - Current percentage: -3.81% - Max: 29.05% - Min: -5.37% - Market Cap 7080 - Trading time: 00:00:13
08-09-2025 19:15:57.918 INFO Current price: 0.000000032996 - Current percentage: -4.03% - Max: 29.05% - Min: -5.37% - Market Cap 7064 - Trading time: 00:00:13
08-09-2025 19:15:57.918 INFO Current price: 0.000000032937 - Current percentage: -4.15% - Max: 29.05% - Min: -5.37% - Market Cap 7055 - Trading time: 00:00:13
08-09-2025 19:15:57.920 INFO Current price: 0.000000032886 - Current percentage: -4.33% - Max: 29.05% - Min: -5.37% - Market Cap 7042 - Trading time: 00:00:13
08-09-2025 19:15:57.922 INFO Current price: 0.000000032808 - Current percentage: -4.60% - Max: 29.05% - Min: -5.37% - Market Cap 7022 - Trading time: 00:00:13
08-09-2025 19:15:58.034 INFO Current price: 0.000000032715 - Current percentage: -4.87% - Max: 29.05% - Min: -5.37% - Market Cap 7002 - Trading time: 00:00:13
08-09-2025 19:16:03.263 INFO Current price: 0.000000031806 - Current percentage: -9.83% - Max: 29.05% - Min: -9.83% - Market Cap 6637 - Trading time: 00:00:18
08-09-2025 19:16:03.264 INFO Current price: 0.000000030220 - Current percentage: -14.12% - Max: 29.05% - Min: -14.12% - Market Cap 6321 - Trading time: 00:00:18
08-09-2025 19:16:03.556 INFO Current price: 0.000000030428 - Current percentage: -8.59% - Max: 29.05% - Min: -14.12% - Market Cap 6729 - Trading time: 00:00:18
08-09-2025 19:16:03.807 INFO Current price: 0.000000031788 - Current percentage: -6.27% - Max: 29.05% - Min: -14.12% - Market Cap 6899 - Trading time: 00:00:18
08-09-2025 19:16:04.224 INFO Current price: 0.000000032203 - Current percentage: -6.27% - Max: 29.05% - Min: -14.12% - Market Cap 6899 - Trading time: 00:00:19
08-09-2025 19:16:04.227 INFO Current price: 0.000000032163 - Current percentage: -6.27% - Max: 29.05% - Min: -14.12% - Market Cap 6899 - Trading time: 00:00:19
08-09-2025 19:16:08.848 INFO Current price: 0.000000031951 - Current percentage: -7.65% - Max: 29.05% - Min: -14.12% - Market Cap 6797 - Trading time: 00:00:23
08-09-2025 19:16:08.854 INFO Current price: 0.000000031497 - Current percentage: -8.92% - Max: 29.05% - Min: -14.12% - Market Cap 6704 - Trading time: 00:00:23
08-09-2025 19:16:24.144 INFO Current price: 0.000000031135 - Current percentage: -9.76% - Max: 29.05% - Min: -14.12% - Market Cap 6642 - Trading time: 00:00:39
08-09-2025 19:16:30.825 INFO Current price: 0.000000030849 - Current percentage: -10.58% - Max: 29.05% - Min: -14.12% - Market Cap 6582 - Trading time: 00:00:45
08-09-2025 19:17:00.483 INFO Current price: 0.000000030335 - Current percentage: -12.74% - Max: 29.05% - Min: -14.12% - Market Cap 6423 - Trading time: 00:01:15
08-09-2025 19:17:06.140 INFO Current price: 0.000000029066 - Current percentage: -17.91% - Max: 29.05% - Min: -17.91% - Market Cap 6042 - Trading time: 00:01:21
08-09-2025 19:18:43.291 INFO Current price: 0.000000028075 - Current percentage: -18.59% - Max: 29.05% - Min: -18.59% - Market Cap 5992 - Trading time: 00:02:58






08-09-2025 19:28:43.296 INFO {"type":"summary","reason":"inactivity","startedAt":"2025-09-08T17:15:44.887Z","endedAt":"2025-09-08T17:28:43.296Z","durationSec":778,"entryPrice":3.555737692247244e-8,"entryMarketCapSol":34.30208290598585,"entryMarketCapUsd":7360.540949966444,"minPct":-18.58681158768995,"maxPct":29.047038055802844,"buyCount":26,"sellCount":32,"tradeCount":58,"entryRecorded":true,"noPostThresholdTrades":false,"triggerAt":"2025-09-08T17:15:44.880Z","ageAtTriggerSec":6,"preTotalTrades":20,"preBuys":11,"preSells":9,"preUniqueTraders":11,"preEntryTotalTrades":21,"preEntryBuys":11,"preEntrySells":10,"preEntryUniqueTraders":11,"preEntryMinMcUsd":6838.785031903447,"preEntryMaxMcUsd":9517.703195290549,"thresholdMcSol":34.30208290598585,"thresholdMcUsd":7360.540949966444,"thresholdPrice":3.555737692247244e-8}
