08-09-2025 19:18:07.066 INFO Entry price: 0.000000054725938378 - Entry market cap: 11115 - Buys 31 - Sells 15 - Ratio: 1:0.48 - Min MarketCap: 7526 - Max MarketCap: 12906
08-09-2025 19:18:07.066 INFO Current price: 0.000000054726 - Current percentage: 0.00% - Max: 0.00% - Min: 0.00% - Market Cap 11115 - Trading time: 00:00:02
08-09-2025 19:18:08.151 INFO Current price: 0.000000054815 - Current percentage: 13.34% - Max: 13.34% - Min: 0.00% - Market Cap 12598 - Trading time: 00:00:03
08-09-2025 19:18:08.313 INFO Current price: 0.000000056172 - Current percentage: 3.51% - Max: 13.34% - Min: 0.00% - Market Cap 11505 - Trading time: 00:00:03
08-09-2025 19:18:08.315 INFO Current price: 0.000000058099 - Current percentage: 21.26% - Max: 21.26% - Min: 0.00% - Market Cap 13478 - Trading time: 00:00:03
08-09-2025 19:18:08.334 INFO Current price: 0.000000067358 - Current percentage: 39.13% - Max: 39.13% - Min: 0.00% - Market Cap 15464 - Trading time: 00:00:03
08-09-2025 19:18:08.365 INFO Current price: 0.000000068859 - Current percentage: 26.72% - Max: 39.13% - Min: 0.00% - Market Cap 14085 - Trading time: 00:00:03
08-09-2025 19:18:08.365 INFO Current price: 0.000000062780 - Current percentage: 15.65% - Max: 39.13% - Min: 0.00% - Market Cap 12854 - Trading time: 00:00:03
08-09-2025 19:18:08.526 INFO Current price: 0.000000058517 - Current percentage: 10.10% - Max: 39.13% - Min: 0.00% - Market Cap 12237 - Trading time: 00:00:03
08-09-2025 19:18:08.548 INFO Current price: 0.000000057085 - Current percentage: 10.10% - Max: 39.13% - Min: 0.00% - Market Cap 12237 - Trading time: 00:00:03
08-09-2025 19:18:09.505 INFO Current price: 0.000000057753 - Current percentage: 12.65% - Max: 39.13% - Min: 0.00% - Market Cap 12521 - Trading time: 00:00:04
08-09-2025 19:18:09.644 INFO Current price: 0.000000058681 - Current percentage: 13.66% - Max: 39.13% - Min: 0.00% - Market Cap 12634 - Trading time: 00:00:04
08-09-2025 19:18:10.696 INFO Current price: 0.000000060269 - Current percentage: 18.82% - Max: 39.13% - Min: 0.00% - Market Cap 13207 - Trading time: 00:00:05
08-09-2025 19:18:10.867 INFO Current price: 0.000000062975 - Current percentage: 24.10% - Max: 39.13% - Min: 0.00% - Market Cap 13794 - Trading time: 00:00:05
08-09-2025 19:18:11.050 INFO Current price: 0.000000061510 - Current percentage: 13.36% - Max: 39.13% - Min: 0.00% - Market Cap 12600 - Trading time: 00:00:05
08-09-2025 19:18:11.055 INFO Current price: 0.000000056357 - Current percentage: 4.17% - Max: 39.13% - Min: 0.00% - Market Cap 11579 - Trading time: 00:00:05
08-09-2025 19:18:11.056 INFO Current price: 0.000000051723 - Current percentage: -4.51% - Max: 39.13% - Min: -4.51% - Market Cap 10613 - Trading time: 00:00:05
08-09-2025 19:18:11.234 INFO Current price: 0.000000049531 - Current percentage: -4.47% - Max: 39.13% - Min: -4.51% - Market Cap 10619 - Trading time: 00:00:06
08-09-2025 19:18:11.907 INFO Current price: 0.000000049579 - Current percentage: -4.33% - Max: 39.13% - Min: -4.51% - Market Cap 10634 - Trading time: 00:00:06
08-09-2025 19:18:12.358 INFO Current price: 0.000000049980 - Current percentage: -2.92% - Max: 39.13% - Min: -4.51% - Market Cap 10791 - Trading time: 00:00:07
08-09-2025 19:18:12.650 INFO Current price: 0.000000050460 - Current percentage: -2.48% - Max: 39.13% - Min: -4.51% - Market Cap 10839 - Trading time: 00:00:07
08-09-2025 19:18:12.651 INFO Current price: 0.000000047394 - Current percentage: -14.35% - Max: 39.13% - Min: -14.35% - Market Cap 9520 - Trading time: 00:00:07
08-09-2025 19:18:13.386 INFO Current price: 0.000000043974 - Current percentage: -16.05% - Max: 39.13% - Min: -16.05% - Market Cap 9331 - Trading time: 00:00:08
08-09-2025 19:18:13.425 INFO Current price: 0.000000041255 - Current percentage: -24.62% - Max: 39.13% - Min: -24.62% - Market Cap 8379 - Trading time: 00:00:08
08-09-2025 19:18:13.448 INFO Current price: 0.000000039082 - Current percentage: -24.66% - Max: 39.13% - Min: -24.66% - Market Cap 8374 - Trading time: 00:00:08
08-09-2025 19:18:13.463 INFO Current price: 0.000000037837 - Current percentage: -29.34% - Max: 39.13% - Min: -29.34% - Market Cap 7854 - Trading time: 00:00:08
08-09-2025 19:18:13.482 INFO Current price: 0.000000036675 - Current percentage: -29.22% - Max: 39.13% - Min: -29.34% - Market Cap 7867 - Trading time: 00:00:08
08-09-2025 19:18:13.513 INFO Current price: 0.000000036576 - Current percentage: -29.72% - Max: 39.13% - Min: -29.72% - Market Cap 7812 - Trading time: 00:00:08
08-09-2025 19:18:13.609 INFO Current price: 0.000000036404 - Current percentage: -29.72% - Max: 39.13% - Min: -29.72% - Market Cap 7812 - Trading time: 00:00:08
08-09-2025 19:18:14.107 INFO Current price: 0.000000036488 - Current percentage: -29.56% - Max: 39.13% - Min: -29.72% - Market Cap 7829 - Trading time: 00:00:09
08-09-2025 19:18:14.425 INFO Current price: 0.000000036790 - Current percentage: -28.55% - Max: 39.13% - Min: -29.72% - Market Cap 7941 - Trading time: 00:00:09
08-09-2025 19:18:14.721 INFO Current price: 0.000000033768 - Current percentage: -40.66% - Max: 39.13% - Min: -40.66% - Market Cap 6596 - Trading time: 00:00:09
08-09-2025 19:18:14.878 INFO Current price: 0.000000030757 - Current percentage: -40.73% - Max: 39.13% - Min: -40.73% - Market Cap 6588 - Trading time: 00:00:09
08-09-2025 19:18:14.945 INFO Current price: 0.000000030978 - Current percentage: -39.80% - Max: 39.13% - Min: -40.73% - Market Cap 6691 - Trading time: 00:00:09
08-09-2025 19:18:15.508 INFO Current price: 0.000000033626 - Current percentage: -30.16% - Max: 39.13% - Min: -40.73% - Market Cap 7763 - Trading time: 00:00:10
08-09-2025 19:18:16.307 INFO Current price: 0.000000035592 - Current percentage: -32.56% - Max: 39.13% - Min: -40.73% - Market Cap 7496 - Trading time: 00:00:11
08-09-2025 19:18:16.954 INFO Current price: 0.000000034871 - Current percentage: -32.96% - Max: 39.13% - Min: -40.73% - Market Cap 7452 - Trading time: 00:00:11
08-09-2025 19:18:17.232 INFO Current price: 0.000000034777 - Current percentage: -32.92% - Max: 39.13% - Min: -40.73% - Market Cap 7456 - Trading time: 00:00:12
08-09-2025 19:18:17.529 INFO Current price: 0.000000034576 - Current percentage: -33.73% - Max: 39.13% - Min: -40.73% - Market Cap 7366 - Trading time: 00:00:12
08-09-2025 19:18:18.697 INFO Current price: 0.000000031966 - Current percentage: -42.67% - Max: 39.13% - Min: -42.67% - Market Cap 6373 - Trading time: 00:00:13
08-09-2025 19:18:19.446 INFO Current price: 0.000000029544 - Current percentage: -43.39% - Max: 39.13% - Min: -43.39% - Market Cap 6292 - Trading time: 00:00:14
08-09-2025 19:18:19.447 INFO Current price: 0.000000029137 - Current percentage: -44.24% - Max: 39.13% - Min: -44.24% - Market Cap 6198 - Trading time: 00:00:14
08-09-2025 19:18:19.730 INFO Current price: 0.000000028906 - Current percentage: -44.29% - Max: 39.13% - Min: -44.29% - Market Cap 6193 - Trading time: 00:00:14
08-09-2025 19:18:20.096 INFO Current price: 0.000000029755 - Current percentage: -40.91% - Max: 39.13% - Min: -44.29% - Market Cap 6568 - Trading time: 00:00:15
08-09-2025 19:18:20.112 INFO Current price: 0.000000031663 - Current percentage: -36.91% - Max: 39.13% - Min: -44.29% - Market Cap 7012 - Trading time: 00:00:15
08-09-2025 19:18:20.158 INFO Current price: 0.000000033703 - Current percentage: -33.05% - Max: 39.13% - Min: -44.29% - Market Cap 7441 - Trading time: 00:00:15
08-09-2025 19:18:20.162 INFO Current price: 0.000000035733 - Current percentage: -29.08% - Max: 39.13% - Min: -44.29% - Market Cap 7883 - Trading time: 00:00:15
08-09-2025 19:18:20.184 INFO Current price: 0.000000037912 - Current percentage: -24.64% - Max: 39.13% - Min: -44.29% - Market Cap 8376 - Trading time: 00:00:15
08-09-2025 19:18:20.579 INFO Current price: 0.000000039166 - Current percentage: -24.31% - Max: 39.13% - Min: -44.29% - Market Cap 8413 - Trading time: 00:00:15
08-09-2025 19:18:21.085 INFO Current price: 0.000000040062 - Current percentage: -21.15% - Max: 39.13% - Min: -44.29% - Market Cap 8764 - Trading time: 00:00:16
08-09-2025 19:18:21.124 INFO Current price: 0.000000041556 - Current percentage: -18.56% - Max: 39.13% - Min: -44.29% - Market Cap 9052 - Trading time: 00:00:16
08-09-2025 19:18:21.528 INFO Current price: 0.000000042795 - Current percentage: -16.38% - Max: 39.13% - Min: -44.29% - Market Cap 9294 - Trading time: 00:00:16
08-09-2025 19:18:21.726 INFO Current price: 0.000000043365 - Current percentage: -16.38% - Max: 39.13% - Min: -44.29% - Market Cap 9295 - Trading time: 00:00:16
08-09-2025 19:18:21.828 INFO Current price: 0.000000043378 - Current percentage: -16.33% - Max: 39.13% - Min: -44.29% - Market Cap 9300 - Trading time: 00:00:16
08-09-2025 19:18:21.955 INFO Current price: 0.000000043617 - Current percentage: -15.45% - Max: 39.13% - Min: -44.29% - Market Cap 9397 - Trading time: 00:00:16
08-09-2025 19:18:22.052 INFO Current price: 0.000000043901 - Current percentage: -15.24% - Max: 39.13% - Min: -44.29% - Market Cap 9421 - Trading time: 00:00:16
08-09-2025 19:18:22.169 INFO Current price: 0.000000042516 - Current percentage: -20.71% - Max: 39.13% - Min: -44.29% - Market Cap 8814 - Trading time: 00:00:17
08-09-2025 19:18:22.174 INFO Current price: 0.000000039888 - Current percentage: -25.39% - Max: 39.13% - Min: -44.29% - Market Cap 8293 - Trading time: 00:00:17
08-09-2025 19:18:22.188 INFO Current price: 0.000000037540 - Current percentage: -29.76% - Max: 39.13% - Min: -44.29% - Market Cap 7807 - Trading time: 00:00:17
08-09-2025 19:18:22.222 INFO Current price: 0.000000035880 - Current percentage: -31.85% - Max: 39.13% - Min: -44.29% - Market Cap 7575 - Trading time: 00:00:17
08-09-2025 19:18:22.470 INFO Current price: 0.000000035354 - Current percentage: -31.81% - Max: 39.13% - Min: -44.29% - Market Cap 7580 - Trading time: 00:00:17
08-09-2025 19:18:22.748 INFO Current price: 0.000000035467 - Current percentage: -31.41% - Max: 39.13% - Min: -44.29% - Market Cap 7624 - Trading time: 00:00:17
08-09-2025 19:18:24.347 INFO Current price: 0.000000036340 - Current percentage: -28.41% - Max: 39.13% - Min: -44.29% - Market Cap 7958 - Trading time: 00:00:19
08-09-2025 19:18:24.886 INFO Current price: 0.000000037128 - Current percentage: -28.40% - Max: 39.13% - Min: -44.29% - Market Cap 7958 - Trading time: 00:00:19
08-09-2025 19:18:24.888 INFO Current price: 0.000000037132 - Current percentage: -28.39% - Max: 39.13% - Min: -44.29% - Market Cap 7959 - Trading time: 00:00:19
08-09-2025 19:18:25.164 INFO Current price: 0.000000037398 - Current percentage: -27.38% - Max: 39.13% - Min: -44.29% - Market Cap 8072 - Trading time: 00:00:20
08-09-2025 19:18:25.214 INFO Current price: 0.000000037663 - Current percentage: -27.37% - Max: 39.13% - Min: -44.29% - Market Cap 8072 - Trading time: 00:00:20
08-09-2025 19:18:25.216 INFO Current price: 0.000000037664 - Current percentage: -27.37% - Max: 39.13% - Min: -44.29% - Market Cap 8073 - Trading time: 00:00:20
08-09-2025 19:18:25.217 INFO Current price: 0.000000037668 - Current percentage: -27.36% - Max: 39.13% - Min: -44.29% - Market Cap 8074 - Trading time: 00:00:20
08-09-2025 19:18:25.373 INFO Current price: 0.000000037676 - Current percentage: -27.34% - Max: 39.13% - Min: -44.29% - Market Cap 8076 - Trading time: 00:00:20
08-09-2025 19:18:25.374 INFO Current price: 0.000000037680 - Current percentage: -27.34% - Max: 39.13% - Min: -44.29% - Market Cap 8076 - Trading time: 00:00:20
08-09-2025 19:18:25.794 INFO Current price: 0.000000037680 - Current percentage: -27.34% - Max: 39.13% - Min: -44.29% - Market Cap 8076 - Trading time: 00:00:20
08-09-2025 19:18:25.804 INFO Current price: 0.000000037681 - Current percentage: -27.34% - Max: 39.13% - Min: -44.29% - Market Cap 8076 - Trading time: 00:00:20
08-09-2025 19:18:25.998 INFO Current price: 0.000000037787 - Current percentage: -26.93% - Max: 39.13% - Min: -44.29% - Market Cap 8122 - Trading time: 00:00:20
08-09-2025 19:18:26.518 INFO Current price: 0.000000037895 - Current percentage: -26.92% - Max: 39.13% - Min: -44.29% - Market Cap 8122 - Trading time: 00:00:21
08-09-2025 19:18:27.877 INFO Current price: 0.000000037895 - Current percentage: -26.93% - Max: 39.13% - Min: -44.29% - Market Cap 8122 - Trading time: 00:00:22
08-09-2025 19:18:28.073 INFO Current price: 0.000000037882 - Current percentage: -26.97% - Max: 39.13% - Min: -44.29% - Market Cap 8117 - Trading time: 00:00:23
08-09-2025 19:18:29.781 INFO Current price: 0.000000037133 - Current percentage: -29.79% - Max: 39.13% - Min: -44.29% - Market Cap 7804 - Trading time: 00:00:24
08-09-2025 19:18:30.085 INFO Current price: 0.000000036410 - Current percentage: -29.79% - Max: 39.13% - Min: -44.29% - Market Cap 7804 - Trading time: 00:00:25
08-09-2025 19:18:30.169 INFO Current price: 0.000000036409 - Current percentage: -29.80% - Max: 39.13% - Min: -44.29% - Market Cap 7803 - Trading time: 00:00:25
08-09-2025 19:18:30.395 INFO Current price: 0.000000036418 - Current percentage: -29.75% - Max: 39.13% - Min: -44.29% - Market Cap 7808 - Trading time: 00:00:25
08-09-2025 19:18:30.552 INFO Current price: 0.000000036352 - Current percentage: -30.05% - Max: 39.13% - Min: -44.29% - Market Cap 7775 - Trading time: 00:00:25
08-09-2025 19:18:30.629 INFO Current price: 0.000000036274 - Current percentage: -30.05% - Max: 39.13% - Min: -44.29% - Market Cap 7775 - Trading time: 00:00:25
08-09-2025 19:18:30.938 INFO Current price: 0.000000036274 - Current percentage: -30.05% - Max: 39.13% - Min: -44.29% - Market Cap 7775 - Trading time: 00:00:25
08-09-2025 19:18:30.943 INFO Current price: 0.000000036274 - Current percentage: -30.05% - Max: 39.13% - Min: -44.29% - Market Cap 7775 - Trading time: 00:00:25
08-09-2025 19:18:30.947 INFO Current price: 0.000000036274 - Current percentage: -30.05% - Max: 39.13% - Min: -44.29% - Market Cap 7774 - Trading time: 00:00:25
08-09-2025 19:18:31.088 INFO Current price: 0.000000035969 - Current percentage: -31.22% - Max: 39.13% - Min: -44.29% - Market Cap 7645 - Trading time: 00:00:26
08-09-2025 19:18:31.385 INFO Current price: 0.000000035666 - Current percentage: -31.23% - Max: 39.13% - Min: -44.29% - Market Cap 7644 - Trading time: 00:00:26
08-09-2025 19:18:31.613 INFO Current price: 0.000000035664 - Current percentage: -31.23% - Max: 39.13% - Min: -44.29% - Market Cap 7644 - Trading time: 00:00:26
08-09-2025 19:18:31.867 INFO Current price: 0.000000035664 - Current percentage: -31.23% - Max: 39.13% - Min: -44.29% - Market Cap 7644 - Trading time: 00:00:26
08-09-2025 19:18:32.142 INFO Current price: 0.000000036693 - Current percentage: -27.20% - Max: 39.13% - Min: -44.29% - Market Cap 8091 - Trading time: 00:00:27
08-09-2025 19:18:32.384 INFO Current price: 0.000000037750 - Current percentage: -27.21% - Max: 39.13% - Min: -44.29% - Market Cap 8091 - Trading time: 00:00:27
08-09-2025 19:18:34.988 INFO Current price: 0.000000037749 - Current percentage: -27.21% - Max: 39.13% - Min: -44.29% - Market Cap 8091 - Trading time: 00:00:29
08-09-2025 19:18:35.179 INFO Current price: 0.000000037748 - Current percentage: -27.21% - Max: 39.13% - Min: -44.29% - Market Cap 8090 - Trading time: 00:00:30
08-09-2025 19:18:35.442 INFO Current price: 0.000000037746 - Current percentage: -27.21% - Max: 39.13% - Min: -44.29% - Market Cap 8090 - Trading time: 00:00:30
08-09-2025 19:18:35.493 INFO Current price: 0.000000037745 - Current percentage: -27.22% - Max: 39.13% - Min: -44.29% - Market Cap 8090 - Trading time: 00:00:30
08-09-2025 19:18:35.526 INFO Current price: 0.000000036936 - Current percentage: -30.30% - Max: 39.13% - Min: -44.29% - Market Cap 7747 - Trading time: 00:00:30
08-09-2025 19:18:35.825 INFO Current price: 0.000000036146 - Current percentage: -30.30% - Max: 39.13% - Min: -44.29% - Market Cap 7747 - Trading time: 00:00:30
08-09-2025 19:18:35.844 INFO Current price: 0.000000036146 - Current percentage: -30.30% - Max: 39.13% - Min: -44.29% - Market Cap 7747 - Trading time: 00:00:30
08-09-2025 19:18:36.260 INFO Current price: 0.000000036146 - Current percentage: -30.30% - Max: 39.13% - Min: -44.29% - Market Cap 7747 - Trading time: 00:00:31
08-09-2025 19:18:36.618 INFO Current price: 0.000000036146 - Current percentage: -30.30% - Max: 39.13% - Min: -44.29% - Market Cap 7747 - Trading time: 00:00:31
08-09-2025 19:18:36.922 INFO Current price: 0.000000036145 - Current percentage: -30.30% - Max: 39.13% - Min: -44.29% - Market Cap 7747 - Trading time: 00:00:31
08-09-2025 19:18:37.097 INFO Current price: 0.000000036143 - Current percentage: -30.31% - Max: 39.13% - Min: -44.29% - Market Cap 7746 - Trading time: 00:00:32
08-09-2025 19:18:39.524 INFO Current price: 0.000000036153 - Current percentage: -30.27% - Max: 39.13% - Min: -44.29% - Market Cap 7751 - Trading time: 00:00:34
08-09-2025 19:18:40.067 INFO Current price: 0.000000036162 - Current percentage: -30.27% - Max: 39.13% - Min: -44.29% - Market Cap 7750 - Trading time: 00:00:35
08-09-2025 19:18:40.068 INFO Current price: 0.000000036160 - Current percentage: -30.27% - Max: 39.13% - Min: -44.29% - Market Cap 7750 - Trading time: 00:00:35
08-09-2025 19:18:40.628 INFO Current price: 0.000000036160 - Current percentage: -30.27% - Max: 39.13% - Min: -44.29% - Market Cap 7750 - Trading time: 00:00:35
08-09-2025 19:18:40.847 INFO Current price: 0.000000036160 - Current percentage: -30.27% - Max: 39.13% - Min: -44.29% - Market Cap 7750 - Trading time: 00:00:35
08-09-2025 19:18:41.138 INFO Current price: 0.000000036160 - Current percentage: -30.27% - Max: 39.13% - Min: -44.29% - Market Cap 7750 - Trading time: 00:00:36
08-09-2025 19:18:41.138 INFO Current price: 0.000000036158 - Current percentage: -30.28% - Max: 39.13% - Min: -44.29% - Market Cap 7750 - Trading time: 00:00:36
08-09-2025 19:18:41.261 INFO Current price: 0.000000036157 - Current percentage: -30.28% - Max: 39.13% - Min: -44.29% - Market Cap 7750 - Trading time: 00:00:36
08-09-2025 19:18:41.999 INFO Current price: 0.000000036156 - Current percentage: -30.28% - Max: 39.13% - Min: -44.29% - Market Cap 7749 - Trading time: 00:00:36
08-09-2025 19:18:42.025 INFO Current price: 0.000000036156 - Current percentage: -30.28% - Max: 39.13% - Min: -44.29% - Market Cap 7749 - Trading time: 00:00:36
08-09-2025 19:18:42.026 INFO Current price: 0.000000036155 - Current percentage: -30.29% - Max: 39.13% - Min: -44.29% - Market Cap 7749 - Trading time: 00:00:36
08-09-2025 19:18:43.291 INFO Current price: 0.000000036143 - Current percentage: -30.33% - Max: 39.13% - Min: -44.29% - Market Cap 7744 - Trading time: 00:00:38
08-09-2025 19:18:43.603 INFO Current price: 0.000000036114 - Current percentage: -30.40% - Max: 39.13% - Min: -44.29% - Market Cap 7736 - Trading time: 00:00:38
08-09-2025 19:18:44.960 INFO Current price: 0.000000035847 - Current percentage: -31.35% - Max: 39.13% - Min: -44.29% - Market Cap 7630 - Trading time: 00:00:39
08-09-2025 19:18:46.127 INFO Current price: 0.000000035560 - Current percentage: -31.51% - Max: 39.13% - Min: -44.29% - Market Cap 7613 - Trading time: 00:00:41
08-09-2025 19:18:46.755 INFO Current price: 0.000000036336 - Current percentage: -28.33% - Max: 39.13% - Min: -44.29% - Market Cap 7967 - Trading time: 00:00:41
08-09-2025 19:18:50.287 INFO Current price: 0.000000037275 - Current percentage: -27.92% - Max: 39.13% - Min: -44.29% - Market Cap 8012 - Trading time: 00:00:45
08-09-2025 19:18:52.923 INFO Current price: 0.000000038434 - Current percentage: -23.80% - Max: 39.13% - Min: -44.29% - Market Cap 8470 - Trading time: 00:00:47
08-09-2025 19:18:53.726 INFO Current price: 0.000000039470 - Current percentage: -23.98% - Max: 39.13% - Min: -44.29% - Market Cap 8449 - Trading time: 00:00:48
08-09-2025 19:18:53.800 INFO Current price: 0.000000039538 - Current percentage: -23.53% - Max: 39.13% - Min: -44.29% - Market Cap 8499 - Trading time: 00:00:48
08-09-2025 19:18:53.889 INFO Current price: 0.000000040970 - Current percentage: -18.38% - Max: 39.13% - Min: -44.29% - Market Cap 9072 - Trading time: 00:00:48
08-09-2025 19:18:57.406 INFO Current price: 0.000000042335 - Current percentage: -18.36% - Max: 39.13% - Min: -44.29% - Market Cap 9075 - Trading time: 00:00:52
08-09-2025 19:18:58.298 INFO Current price: 0.000000043462 - Current percentage: -13.97% - Max: 39.13% - Min: -44.29% - Market Cap 9562 - Trading time: 00:00:53
08-09-2025 19:18:59.023 INFO Current price: 0.000000046339 - Current percentage: -7.19% - Max: 39.13% - Min: -44.29% - Market Cap 10316 - Trading time: 00:00:53
08-09-2025 19:19:04.282 INFO Current price: 0.000000048133 - Current percentage: -7.19% - Max: 39.13% - Min: -44.29% - Market Cap 10316 - Trading time: 00:00:59
08-09-2025 19:19:07.229 INFO Current price: 0.000000049329 - Current percentage: -2.52% - Max: 39.13% - Min: -44.29% - Market Cap 10835 - Trading time: 00:01:02
08-09-2025 19:19:12.463 INFO Current price: 0.000000050471 - Current percentage: -2.84% - Max: 39.13% - Min: -44.29% - Market Cap 10800 - Trading time: 00:01:07
08-09-2025 19:19:14.589 INFO Current price: 0.000000050400 - Current percentage: -2.79% - Max: 39.13% - Min: -44.29% - Market Cap 10805 - Trading time: 00:01:09
08-09-2025 19:19:15.499 INFO Current price: 0.000000050131 - Current percentage: -3.87% - Max: 39.13% - Min: -44.29% - Market Cap 10685 - Trading time: 00:01:10
08-09-2025 19:19:15.595 INFO Current price: 0.000000049153 - Current percentage: -6.55% - Max: 39.13% - Min: -44.29% - Market Cap 10387 - Trading time: 00:01:10
08-09-2025 19:19:15.603 INFO Current price: 0.000000049064 - Current percentage: -4.22% - Max: 39.13% - Min: -44.29% - Market Cap 10646 - Trading time: 00:01:10
08-09-2025 19:19:15.677 INFO Current price: 0.000000050260 - Current percentage: -1.93% - Max: 39.13% - Min: -44.29% - Market Cap 10900 - Trading time: 00:01:10
08-09-2025 19:19:16.294 INFO Current price: 0.000000050907 - Current percentage: -1.74% - Max: 39.13% - Min: -44.29% - Market Cap 10922 - Trading time: 00:01:11
08-09-2025 19:19:18.000 INFO Current price: 0.000000052187 - Current percentage: 3.06% - Max: 39.13% - Min: -44.29% - Market Cap 11455 - Trading time: 00:01:12
08-09-2025 19:19:18.218 INFO Current price: 0.000000053661 - Current percentage: 3.89% - Max: 39.13% - Min: -44.29% - Market Cap 11547 - Trading time: 00:01:13
08-09-2025 19:19:18.826 INFO Current price: 0.000000053872 - Current percentage: 3.87% - Max: 39.13% - Min: -44.29% - Market Cap 11546 - Trading time: 00:01:13
08-09-2025 19:19:22.231 INFO Current price: 0.000000054121 - Current percentage: 4.85% - Max: 39.13% - Min: -44.29% - Market Cap 11654 - Trading time: 00:01:17
08-09-2025 19:19:22.844 INFO Current price: 0.000000055265 - Current percentage: 8.31% - Max: 39.13% - Min: -44.29% - Market Cap 12039 - Trading time: 00:01:17
08-09-2025 19:19:24.064 INFO Current price: 0.000000056815 - Current percentage: 10.82% - Max: 39.13% - Min: -44.29% - Market Cap 12317 - Trading time: 00:01:19
08-09-2025 19:19:24.169 INFO Current price: 0.000000057481 - Current percentage: 10.87% - Max: 39.13% - Min: -44.29% - Market Cap 12323 - Trading time: 00:01:19
08-09-2025 19:19:24.949 INFO Current price: 0.000000057821 - Current percentage: 12.13% - Max: 39.13% - Min: -44.29% - Market Cap 12463 - Trading time: 00:01:19
08-09-2025 19:19:26.630 INFO Current price: 0.000000058236 - Current percentage: 12.46% - Max: 39.13% - Min: -44.29% - Market Cap 12500 - Trading time: 00:01:21
08-09-2025 19:19:29.263 INFO Current price: 0.000000056608 - Current percentage: 5.95% - Max: 39.13% - Min: -44.29% - Market Cap 11776 - Trading time: 00:01:24
08-09-2025 19:19:33.584 INFO Current price: 0.000000055011 - Current percentage: 6.20% - Max: 39.13% - Min: -44.29% - Market Cap 11804 - Trading time: 00:01:28
08-09-2025 19:19:33.794 INFO Current price: 0.000000054978 - Current percentage: 5.83% - Max: 39.13% - Min: -44.29% - Market Cap 11763 - Trading time: 00:01:28
08-09-2025 19:19:34.370 INFO Current price: 0.000000054582 - Current percentage: 4.67% - Max: 39.13% - Min: -44.29% - Market Cap 11634 - Trading time: 00:01:29
08-09-2025 19:19:34.370 INFO Current price: 0.000000055602 - Current percentage: 9.82% - Max: 39.13% - Min: -44.29% - Market Cap 12207 - Trading time: 00:01:29
08-09-2025 19:19:34.863 INFO Current price: 0.000000056893 - Current percentage: 9.59% - Max: 39.13% - Min: -44.29% - Market Cap 12181 - Trading time: 00:01:29
08-09-2025 19:19:35.030 INFO Current price: 0.000000056846 - Current percentage: 9.64% - Max: 39.13% - Min: -44.29% - Market Cap 12187 - Trading time: 00:01:29
08-09-2025 19:19:37.765 INFO Current price: 0.000000056873 - Current percentage: 9.69% - Max: 39.13% - Min: -44.29% - Market Cap 12192 - Trading time: 00:01:32
08-09-2025 19:19:44.481 INFO Current price: 0.000000056736 - Current percentage: 9.11% - Max: 39.13% - Min: -44.29% - Market Cap 12128 - Trading time: 00:01:39
08-09-2025 19:19:44.612 INFO Current price: 0.000000055004 - Current percentage: 3.10% - Max: 39.13% - Min: -44.29% - Market Cap 11459 - Trading time: 00:01:39
08-09-2025 19:19:48.221 INFO Current price: 0.000000052039 - Current percentage: -2.33% - Max: 39.13% - Min: -44.29% - Market Cap 10856 - Trading time: 00:01:43
08-09-2025 19:19:48.225 INFO Current price: 0.000000049575 - Current percentage: -6.43% - Max: 39.13% - Min: -44.29% - Market Cap 10400 - Trading time: 00:01:43
08-09-2025 19:19:49.094 INFO Current price: 0.000000048513 - Current percentage: -6.47% - Max: 39.13% - Min: -44.29% - Market Cap 10396 - Trading time: 00:01:44
08-09-2025 19:19:49.482 INFO Current price: 0.000000046219 - Current percentage: -15.07% - Max: 39.13% - Min: -44.29% - Market Cap 9440 - Trading time: 00:01:44
08-09-2025 19:19:49.814 INFO Current price: 0.000000044614 - Current percentage: -12.85% - Max: 39.13% - Min: -44.29% - Market Cap 9686 - Trading time: 00:01:44
08-09-2025 19:19:51.934 INFO Current price: 0.000000045191 - Current percentage: -12.87% - Max: 39.13% - Min: -44.29% - Market Cap 9685 - Trading time: 00:01:46
08-09-2025 19:19:56.204 INFO Current price: 0.000000045199 - Current percentage: -12.82% - Max: 39.13% - Min: -44.29% - Market Cap 9690 - Trading time: 00:01:51
08-09-2025 19:19:57.757 INFO Current price: 0.000000045326 - Current percentage: -12.37% - Max: 39.13% - Min: -44.29% - Market Cap 9740 - Trading time: 00:01:52
08-09-2025 19:20:00.099 INFO Current price: 0.000000045475 - Current percentage: -12.25% - Max: 39.13% - Min: -44.29% - Market Cap 9754 - Trading time: 00:01:55
08-09-2025 19:20:03.667 INFO Current price: 0.000000044923 - Current percentage: -14.49% - Max: 39.13% - Min: -44.29% - Market Cap 9504 - Trading time: 00:01:58
08-09-2025 19:20:04.325 INFO Current price: 0.000000043832 - Current percentage: -16.46% - Max: 39.13% - Min: -44.29% - Market Cap 9286 - Trading time: 00:01:59
08-09-2025 19:20:04.343 INFO Current price: 0.000000042084 - Current percentage: -21.18% - Max: 39.13% - Min: -44.29% - Market Cap 8761 - Trading time: 00:01:59
08-09-2025 19:20:05.187 INFO Current price: 0.000000040850 - Current percentage: -21.28% - Max: 39.13% - Min: -44.29% - Market Cap 8750 - Trading time: 00:02:00
08-09-2025 19:20:07.258 INFO Current price: 0.000000040658 - Current percentage: -21.92% - Max: 39.13% - Min: -44.29% - Market Cap 8679 - Trading time: 00:02:02
08-09-2025 19:20:07.833 INFO Current price: 0.000000041042 - Current percentage: -19.79% - Max: 39.13% - Min: -44.29% - Market Cap 8916 - Trading time: 00:02:02
08-09-2025 19:20:11.504 INFO Current price: 0.000000042174 - Current percentage: -17.55% - Max: 39.13% - Min: -44.29% - Market Cap 9165 - Trading time: 00:02:06
08-09-2025 19:20:11.740 INFO Current price: 0.000000043020 - Current percentage: -16.54% - Max: 39.13% - Min: -44.29% - Market Cap 9277 - Trading time: 00:02:06
08-09-2025 19:20:11.846 INFO Current price: 0.000000043403 - Current percentage: -16.07% - Max: 39.13% - Min: -44.29% - Market Cap 9328 - Trading time: 00:02:06
08-09-2025 19:20:11.847 INFO Current price: 0.000000043782 - Current percentage: -15.07% - Max: 39.13% - Min: -44.29% - Market Cap 9440 - Trading time: 00:02:06
08-09-2025 19:20:11.932 INFO Current price: 0.000000044044 - Current percentage: -15.07% - Max: 39.13% - Min: -44.29% - Market Cap 9440 - Trading time: 00:02:06
08-09-2025 19:20:12.796 INFO Current price: 0.000000044161 - Current percentage: -14.62% - Max: 39.13% - Min: -44.29% - Market Cap 9490 - Trading time: 00:02:07
08-09-2025 19:20:20.206 INFO Current price: 0.000000044164 - Current percentage: -15.05% - Max: 39.13% - Min: -44.29% - Market Cap 9442 - Trading time: 00:02:15
08-09-2025 19:20:20.278 INFO Current price: 0.000000043792 - Current percentage: -16.05% - Max: 39.13% - Min: -44.29% - Market Cap 9331 - Trading time: 00:02:15
08-09-2025 19:20:25.724 INFO Current price: 0.000000043706 - Current percentage: -15.39% - Max: 39.13% - Min: -44.29% - Market Cap 9405 - Trading time: 00:02:20
08-09-2025 19:20:26.090 INFO Current price: 0.000000043254 - Current percentage: -17.78% - Max: 39.13% - Min: -44.29% - Market Cap 9138 - Trading time: 00:02:21
08-09-2025 19:20:27.270 INFO Current price: 0.000000042852 - Current percentage: -16.95% - Max: 39.13% - Min: -44.29% - Market Cap 9231 - Trading time: 00:02:22
08-09-2025 19:20:29.604 INFO Current price: 0.000000043091 - Current percentage: -16.86% - Max: 39.13% - Min: -44.29% - Market Cap 9241 - Trading time: 00:02:24
08-09-2025 19:20:31.418 INFO Current price: 0.000000043135 - Current percentage: -16.78% - Max: 39.13% - Min: -44.29% - Market Cap 9250 - Trading time: 00:02:26
08-09-2025 19:20:33.493 INFO Current price: 0.000000043101 - Current percentage: -16.99% - Max: 39.13% - Min: -44.29% - Market Cap 9226 - Trading time: 00:02:28
08-09-2025 19:20:44.280 INFO Current price: 0.000000043057 - Current percentage: -16.95% - Max: 39.13% - Min: -44.29% - Market Cap 9231 - Trading time: 00:02:39
08-09-2025 19:20:49.563 INFO Current price: 0.000000041993 - Current percentage: -21.05% - Max: 39.13% - Min: -44.29% - Market Cap 8775 - Trading time: 00:02:44
08-09-2025 19:20:49.996 INFO Current price: 0.000000040702 - Current percentage: -21.98% - Max: 39.13% - Min: -44.29% - Market Cap 8672 - Trading time: 00:02:44
08-09-2025 19:20:50.070 INFO Current price: 0.000000040460 - Current percentage: -21.99% - Max: 39.13% - Min: -44.29% - Market Cap 8671 - Trading time: 00:02:45
08-09-2025 19:20:55.111 INFO Current price: 0.000000040305 - Current percentage: -22.57% - Max: 39.13% - Min: -44.29% - Market Cap 8606 - Trading time: 00:02:50
08-09-2025 19:20:55.243 INFO Current price: 0.000000040014 - Current percentage: -23.11% - Max: 39.13% - Min: -44.29% - Market Cap 8547 - Trading time: 00:02:50
08-09-2025 19:20:59.792 INFO Current price: 0.000000042052 - Current percentage: -14.48% - Max: 39.13% - Min: -44.29% - Market Cap 9505 - Trading time: 00:02:54
08-09-2025 19:21:00.121 INFO Current price: 0.000000044641 - Current percentage: -13.35% - Max: 39.13% - Min: -44.29% - Market Cap 9631 - Trading time: 00:02:55
08-09-2025 19:21:00.169 INFO Current price: 0.000000045021 - Current percentage: -13.02% - Max: 39.13% - Min: -44.29% - Market Cap 9667 - Trading time: 00:02:55
08-09-2025 19:21:08.508 INFO Current price: 0.000000045221 - Current percentage: -12.58% - Max: 39.13% - Min: -44.29% - Market Cap 9717 - Trading time: 00:03:03
08-09-2025 19:21:10.177 INFO Current price: 0.000000043152 - Current percentage: -17.33% - Max: 39.13% - Min: -44.29% - Market Cap 9189 - Trading time: 00:03:05
08-09-2025 19:21:11.154 INFO Current price: 0.000000042795 - Current percentage: -17.63% - Max: 39.13% - Min: -44.29% - Market Cap 9155 - Trading time: 00:03:06
08-09-2025 19:21:11.415 INFO Current price: 0.000000043022 - Current percentage: -16.45% - Max: 39.13% - Min: -44.29% - Market Cap 9287 - Trading time: 00:03:06
08-09-2025 19:21:11.434 INFO Current price: 0.000000043590 - Current percentage: -15.44% - Max: 39.13% - Min: -44.29% - Market Cap 9398 - Trading time: 00:03:06
08-09-2025 19:21:12.266 INFO Current price: 0.000000043964 - Current percentage: -15.00% - Max: 39.13% - Min: -44.29% - Market Cap 9447 - Trading time: 00:03:07
08-09-2025 19:21:12.542 INFO Current price: 0.000000044342 - Current percentage: -13.99% - Max: 39.13% - Min: -44.29% - Market Cap 9561 - Trading time: 00:03:07
08-09-2025 19:21:12.990 INFO Current price: 0.000000044719 - Current percentage: -13.55% - Max: 39.13% - Min: -44.29% - Market Cap 9609 - Trading time: 00:03:07
08-09-2025 19:21:13.229 INFO Current price: 0.000000044834 - Current percentage: -13.54% - Max: 39.13% - Min: -44.29% - Market Cap 9610 - Trading time: 00:03:08
08-09-2025 19:21:14.647 INFO Current price: 0.000000045009 - Current percentage: -12.87% - Max: 39.13% - Min: -44.29% - Market Cap 9684 - Trading time: 00:03:09
08-09-2025 19:21:16.188 INFO Current price: 0.000000045195 - Current percentage: -12.83% - Max: 39.13% - Min: -44.29% - Market Cap 9689 - Trading time: 00:03:11
08-09-2025 19:21:22.626 INFO Current price: 0.000000043629 - Current percentage: -18.81% - Max: 39.13% - Min: -44.29% - Market Cap 9025 - Trading time: 00:03:17
08-09-2025 19:21:22.630 INFO Current price: 0.000000040832 - Current percentage: -23.65% - Max: 39.13% - Min: -44.29% - Market Cap 8487 - Trading time: 00:03:17
08-09-2025 19:21:22.741 INFO Current price: 0.000000039595 - Current percentage: -23.65% - Max: 39.13% - Min: -44.29% - Market Cap 8486 - Trading time: 00:03:17
08-09-2025 19:21:25.739 INFO Current price: 0.000000041784 - Current percentage: -14.97% - Max: 39.13% - Min: -44.29% - Market Cap 9451 - Trading time: 00:03:20
08-09-2025 19:21:25.843 INFO Current price: 0.000000044178 - Current percentage: -14.65% - Max: 39.13% - Min: -44.29% - Market Cap 9486 - Trading time: 00:03:20
08-09-2025 19:21:25.845 INFO Current price: 0.000000044552 - Current percentage: -13.52% - Max: 39.13% - Min: -44.29% - Market Cap 9612 - Trading time: 00:03:20
08-09-2025 19:21:26.588 INFO Current price: 0.000000044951 - Current percentage: -13.12% - Max: 39.13% - Min: -44.29% - Market Cap 9657 - Trading time: 00:03:21
08-09-2025 19:21:28.441 INFO Current price: 0.000000045889 - Current percentage: -11.28% - Max: 39.13% - Min: -44.29% - Market Cap 9861 - Trading time: 00:03:23
08-09-2025 19:21:30.698 INFO Current price: 0.000000046280 - Current percentage: -10.23% - Max: 39.13% - Min: -44.29% - Market Cap 9978 - Trading time: 00:03:25
08-09-2025 19:21:33.210 INFO Current price: 0.000000045889 - Current percentage: -12.77% - Max: 39.13% - Min: -44.29% - Market Cap 9695 - Trading time: 00:03:28
08-09-2025 19:21:33.370 INFO Current price: 0.000000045150 - Current percentage: -13.10% - Max: 39.13% - Min: -44.29% - Market Cap 9659 - Trading time: 00:03:28
08-09-2025 19:21:35.058 INFO Current price: 0.000000044950 - Current percentage: -13.54% - Max: 39.13% - Min: -44.29% - Market Cap 9610 - Trading time: 00:03:29
08-09-2025 19:21:41.870 INFO Current price: 0.000000044811 - Current percentage: -13.64% - Max: 39.13% - Min: -44.29% - Market Cap 9599 - Trading time: 00:03:36
08-09-2025 19:21:44.300 INFO Current price: 0.000000044616 - Current percentage: -14.30% - Max: 39.13% - Min: -44.29% - Market Cap 9526 - Trading time: 00:03:39
08-09-2025 19:21:49.973 INFO Current price: 0.000000044142 - Current percentage: -15.46% - Max: 39.13% - Min: -44.29% - Market Cap 9397 - Trading time: 00:03:44
08-09-2025 19:21:52.101 INFO Current price: 0.000000044994 - Current percentage: -10.96% - Max: 39.13% - Min: -44.29% - Market Cap 9897 - Trading time: 00:03:47
08-09-2025 19:21:52.333 INFO Current price: 0.000000046154 - Current percentage: -11.04% - Max: 39.13% - Min: -44.29% - Market Cap 9888 - Trading time: 00:03:47
08-09-2025 19:21:56.018 INFO Current price: 0.000000047328 - Current percentage: -6.37% - Max: 39.13% - Min: -44.29% - Market Cap 10407 - Trading time: 00:03:50
08-09-2025 19:21:56.347 INFO Current price: 0.000000048568 - Current percentage: -6.32% - Max: 39.13% - Min: -44.29% - Market Cap 10412 - Trading time: 00:03:51
08-09-2025 19:22:01.777 INFO Current price: 0.000000048700 - Current percentage: -5.86% - Max: 39.13% - Min: -44.29% - Market Cap 10464 - Trading time: 00:03:56
08-09-2025 19:22:02.314 INFO Current price: 0.000000048932 - Current percentage: -5.43% - Max: 39.13% - Min: -44.29% - Market Cap 10512 - Trading time: 00:03:57
08-09-2025 19:22:07.352 INFO Current price: 0.000000049007 - Current percentage: -5.57% - Max: 39.13% - Min: -44.29% - Market Cap 10496 - Trading time: 00:04:02
08-09-2025 19:22:08.703 INFO Current price: 0.000000048983 - Current percentage: -5.52% - Max: 39.13% - Min: -44.29% - Market Cap 10501 - Trading time: 00:04:03
08-09-2025 19:22:11.153 INFO Current price: 0.000000047703 - Current percentage: -10.44% - Max: 39.13% - Min: -44.29% - Market Cap 9955 - Trading time: 00:04:06
08-09-2025 19:22:11.219 INFO Current price: 0.000000046136 - Current percentage: -11.63% - Max: 39.13% - Min: -44.29% - Market Cap 9822 - Trading time: 00:04:06
08-09-2025 19:22:13.389 INFO Current price: 0.000000047559 - Current percentage: -8.06% - Max: 39.13% - Min: -44.29% - Market Cap 10219 - Trading time: 00:04:08
08-09-2025 19:22:13.555 INFO Current price: 0.000000047764 - Current percentage: -7.73% - Max: 39.13% - Min: -44.29% - Market Cap 10256 - Trading time: 00:04:08
08-09-2025 19:22:13.625 INFO Current price: 0.000000048158 - Current percentage: -6.54% - Max: 39.13% - Min: -44.29% - Market Cap 10388 - Trading time: 00:04:08
08-09-2025 19:22:24.770 INFO Current price: 0.000000049667 - Current percentage: -1.86% - Max: 39.13% - Min: -44.29% - Market Cap 10909 - Trading time: 00:04:19
08-09-2025 19:22:26.997 INFO Current price: 0.000000050933 - Current percentage: -1.71% - Max: 39.13% - Min: -44.29% - Market Cap 10924 - Trading time: 00:04:21
08-09-2025 19:22:30.089 INFO Current price: 0.000000051004 - Current percentage: -1.59% - Max: 39.13% - Min: -44.29% - Market Cap 10939 - Trading time: 00:04:25
08-09-2025 19:22:30.497 INFO Current price: 0.000000050723 - Current percentage: -2.79% - Max: 39.13% - Min: -44.29% - Market Cap 10805 - Trading time: 00:04:25
08-09-2025 19:22:30.852 INFO Current price: 0.000000052859 - Current percentage: 6.87% - Max: 39.13% - Min: -44.29% - Market Cap 11879 - Trading time: 00:04:25
08-09-2025 19:22:32.081 INFO Current price: 0.000000055553 - Current percentage: 7.37% - Max: 39.13% - Min: -44.29% - Market Cap 11934 - Trading time: 00:04:27
08-09-2025 19:22:33.959 INFO Current price: 0.000000056003 - Current percentage: 8.61% - Max: 39.13% - Min: -44.29% - Market Cap 12072 - Trading time: 00:04:28
08-09-2025 19:22:34.328 INFO Current price: 0.000000056456 - Current percentage: 9.11% - Max: 39.13% - Min: -44.29% - Market Cap 12128 - Trading time: 00:04:29
08-09-2025 19:22:34.513 INFO Current price: 0.000000056850 - Current percentage: 10.14% - Max: 39.13% - Min: -44.29% - Market Cap 12242 - Trading time: 00:04:29
08-09-2025 19:22:35.422 INFO Current price: 0.000000057768 - Current percentage: 12.66% - Max: 39.13% - Min: -44.29% - Market Cap 12523 - Trading time: 00:04:30
08-09-2025 19:22:35.917 INFO Current price: 0.000000058690 - Current percentage: 13.68% - Max: 39.13% - Min: -44.29% - Market Cap 12636 - Trading time: 00:04:30
08-09-2025 19:22:36.759 INFO Current price: 0.000000058778 - Current percentage: 13.00% - Max: 39.13% - Min: -44.29% - Market Cap 12560 - Trading time: 00:04:31
08-09-2025 19:22:37.100 INFO Current price: 0.000000058733 - Current percentage: 13.51% - Max: 39.13% - Min: -44.29% - Market Cap 12617 - Trading time: 00:04:32
08-09-2025 19:22:42.668 INFO Current price: 0.000000059126 - Current percentage: 14.52% - Max: 39.13% - Min: -44.29% - Market Cap 12729 - Trading time: 00:04:37
08-09-2025 19:22:47.112 INFO Current price: 0.000000062044 - Current percentage: 24.99% - Max: 39.13% - Min: -44.29% - Market Cap 13893 - Trading time: 00:04:42
08-09-2025 19:22:48.133 INFO Current price: 0.000000064888 - Current percentage: 25.26% - Max: 39.13% - Min: -44.29% - Market Cap 13922 - Trading time: 00:04:43
08-09-2025 19:22:50.841 INFO Current price: 0.000000065652 - Current percentage: 27.95% - Max: 39.13% - Min: -44.29% - Market Cap 14222 - Trading time: 00:04:45
08-09-2025 19:22:57.343 INFO Current price: 0.000000070565 - Current percentage: 36.77% - Max: 39.13% - Min: -44.29% - Market Cap 15202 - Trading time: 00:04:52
08-09-2025 19:23:01.479 INFO Current price: 0.000000070047 - Current percentage: 33.40% - Max: 39.13% - Min: -44.29% - Market Cap 14827 - Trading time: 00:04:56
08-09-2025 19:23:01.729 INFO Current price: 0.000000069028 - Current percentage: 32.82% - Max: 39.13% - Min: -44.29% - Market Cap 14763 - Trading time: 00:04:56
08-09-2025 19:23:01.774 INFO Current price: 0.000000069308 - Current percentage: 34.48% - Max: 39.13% - Min: -44.29% - Market Cap 14947 - Trading time: 00:04:56
08-09-2025 19:23:05.720 INFO Current price: 0.000000069884 - Current percentage: 35.03% - Max: 39.13% - Min: -44.29% - Market Cap 15009 - Trading time: 00:05:00
08-09-2025 19:23:06.797 INFO Current price: 0.000000070114 - Current percentage: 35.37% - Max: 39.13% - Min: -44.29% - Market Cap 15046 - Trading time: 00:05:01
08-09-2025 19:23:10.031 INFO Current price: 0.000000070437 - Current percentage: 36.28% - Max: 39.13% - Min: -44.29% - Market Cap 15148 - Trading time: 00:05:04
08-09-2025 19:23:10.856 INFO Current price: 0.000000070703 - Current percentage: 36.39% - Max: 39.13% - Min: -44.29% - Market Cap 15160 - Trading time: 00:05:05
08-09-2025 19:23:11.911 INFO Current price: 0.000000070672 - Current percentage: 36.16% - Max: 39.13% - Min: -44.29% - Market Cap 15134 - Trading time: 00:05:06
08-09-2025 19:23:14.999 INFO Current price: 0.000000070858 - Current percentage: 37.11% - Max: 39.13% - Min: -44.29% - Market Cap 15240 - Trading time: 00:05:09
08-09-2025 19:23:16.046 INFO Current price: 0.000000071250 - Current percentage: 37.67% - Max: 39.13% - Min: -44.29% - Market Cap 15302 - Trading time: 00:05:10
08-09-2025 19:23:18.420 INFO Current price: 0.000000070935 - Current percentage: 35.90% - Max: 39.13% - Min: -44.29% - Market Cap 15105 - Trading time: 00:05:13
08-09-2025 19:23:23.227 INFO Current price: 0.000000070621 - Current percentage: 36.46% - Max: 39.13% - Min: -44.29% - Market Cap 15167 - Trading time: 00:05:18
08-09-2025 19:23:36.997 INFO Current price: 0.000000070007 - Current percentage: 34.58% - Max: 39.13% - Min: -44.29% - Market Cap 14959 - Trading time: 00:05:31
08-09-2025 19:23:44.412 INFO Current price: 0.000000069261 - Current percentage: 32.53% - Max: 39.13% - Min: -44.29% - Market Cap 14731 - Trading time: 00:05:39
08-09-2025 19:23:47.918 INFO Current price: 0.000000067796 - Current percentage: 28.95% - Max: 39.13% - Min: -44.29% - Market Cap 14333 - Trading time: 00:05:42
08-09-2025 19:23:48.136 INFO Current price: 0.000000069432 - Current percentage: 33.95% - Max: 39.13% - Min: -44.29% - Market Cap 14889 - Trading time: 00:05:43
08-09-2025 19:23:50.589 INFO Current price: 0.000000069327 - Current percentage: 33.41% - Max: 39.13% - Min: -44.29% - Market Cap 14829 - Trading time: 00:05:45
08-09-2025 19:23:58.355 INFO Current price: 0.000000069921 - Current percentage: 36.26% - Max: 39.13% - Min: -44.29% - Market Cap 15145 - Trading time: 00:05:53
08-09-2025 19:24:13.128 INFO Current price: 0.000000071198 - Current percentage: 37.05% - Max: 39.13% - Min: -44.29% - Market Cap 15233 - Trading time: 00:06:08
08-09-2025 19:24:17.853 INFO Current price: 0.000000064504 - Current percentage: 12.89% - Max: 39.13% - Min: -44.29% - Market Cap 12548 - Trading time: 00:06:12
08-09-2025 19:24:21.039 INFO Current price: 0.000000058676 - Current percentage: 13.40% - Max: 39.13% - Min: -44.29% - Market Cap 12604 - Trading time: 00:06:15
08-09-2025 19:24:24.279 INFO Current price: 0.000000058222 - Current percentage: 11.15% - Max: 39.13% - Min: -44.29% - Market Cap 12354 - Trading time: 00:06:19
08-09-2025 19:24:28.452 INFO Current price: 0.000000057591 - Current percentage: 10.95% - Max: 39.13% - Min: -44.29% - Market Cap 12333 - Trading time: 00:06:23
08-09-2025 19:24:28.518 INFO Current price: 0.000000056989 - Current percentage: 8.84% - Max: 39.13% - Min: -44.29% - Market Cap 12097 - Trading time: 00:06:23
08-09-2025 19:24:29.636 INFO Current price: 0.000000056387 - Current percentage: 8.62% - Max: 39.13% - Min: -44.29% - Market Cap 12073 - Trading time: 00:06:24
08-09-2025 19:24:30.505 INFO Current price: 0.000000056630 - Current percentage: 9.78% - Max: 39.13% - Min: -44.29% - Market Cap 12202 - Trading time: 00:06:25
08-09-2025 19:24:31.564 INFO Current price: 0.000000057256 - Current percentage: 11.04% - Max: 39.13% - Min: -44.29% - Market Cap 12342 - Trading time: 00:06:26
08-09-2025 19:24:33.297 INFO Current price: 0.000000057609 - Current percentage: 11.14% - Max: 39.13% - Min: -44.29% - Market Cap 12353 - Trading time: 00:06:28
08-09-2025 19:24:36.298 INFO Current price: 0.000000058290 - Current percentage: 13.68% - Max: 39.13% - Min: -44.29% - Market Cap 12635 - Trading time: 00:06:31
08-09-2025 19:24:36.627 INFO Current price: 0.000000059349 - Current percentage: 15.22% - Max: 39.13% - Min: -44.29% - Market Cap 12806 - Trading time: 00:06:31
08-09-2025 19:24:36.668 INFO Current price: 0.000000057657 - Current percentage: 7.28% - Max: 39.13% - Min: -44.29% - Market Cap 11925 - Trading time: 00:06:31
08-09-2025 19:24:36.675 INFO Current price: 0.000000053486 - Current percentage: -0.85% - Max: 39.13% - Min: -44.29% - Market Cap 11020 - Trading time: 00:06:31
08-09-2025 19:24:36.702 INFO Current price: 0.000000049358 - Current percentage: -8.63% - Max: 39.13% - Min: -44.29% - Market Cap 10155 - Trading time: 00:06:31
08-09-2025 19:24:36.809 INFO Current price: 0.000000047441 - Current percentage: -8.41% - Max: 39.13% - Min: -44.29% - Market Cap 10181 - Trading time: 00:06:31
08-09-2025 19:24:36.812 INFO Current price: 0.000000047512 - Current percentage: -8.36% - Max: 39.13% - Min: -44.29% - Market Cap 10186 - Trading time: 00:06:31
08-09-2025 19:24:36.837 INFO Current price: 0.000000047585 - Current percentage: -8.12% - Max: 39.13% - Min: -44.29% - Market Cap 10212 - Trading time: 00:06:31
08-09-2025 19:24:36.883 INFO Current price: 0.000000047694 - Current percentage: -7.94% - Max: 39.13% - Min: -44.29% - Market Cap 10232 - Trading time: 00:06:31
08-09-2025 19:24:37.146 INFO Current price: 0.000000047860 - Current percentage: -7.48% - Max: 39.13% - Min: -44.29% - Market Cap 10283 - Trading time: 00:06:32
08-09-2025 19:24:37.236 INFO Current price: 0.000000048053 - Current percentage: -7.20% - Max: 39.13% - Min: -44.29% - Market Cap 10315 - Trading time: 00:06:32
08-09-2025 19:24:37.237 INFO Current price: 0.000000048201 - Current percentage: -6.91% - Max: 39.13% - Min: -44.29% - Market Cap 10347 - Trading time: 00:06:32
08-09-2025 19:24:37.692 INFO Current price: 0.000000048264 - Current percentage: -6.96% - Max: 39.13% - Min: -44.29% - Market Cap 10342 - Trading time: 00:06:32
08-09-2025 19:24:37.806 INFO Current price: 0.000000048001 - Current percentage: -7.92% - Max: 39.13% - Min: -44.29% - Market Cap 10234 - Trading time: 00:06:32
08-09-2025 19:24:40.609 INFO Current price: 0.000000047268 - Current percentage: -9.77% - Max: 39.13% - Min: -44.29% - Market Cap 10029 - Trading time: 00:06:35
08-09-2025 19:24:40.696 INFO Current price: 0.000000046512 - Current percentage: -10.84% - Max: 39.13% - Min: -44.29% - Market Cap 9910 - Trading time: 00:06:35
08-09-2025 19:24:42.141 INFO Current price: 0.000000046159 - Current percentage: -11.14% - Max: 39.13% - Min: -44.29% - Market Cap 9877 - Trading time: 00:06:37
08-09-2025 19:24:42.194 INFO Current price: 0.000000046024 - Current percentage: -11.36% - Max: 39.13% - Min: -44.29% - Market Cap 9852 - Trading time: 00:06:37
08-09-2025 19:24:42.198 INFO Current price: 0.000000045954 - Current percentage: -11.41% - Max: 39.13% - Min: -44.29% - Market Cap 9847 - Trading time: 00:06:37
08-09-2025 19:24:42.198 INFO Current price: 0.000000045886 - Current percentage: -11.63% - Max: 39.13% - Min: -44.29% - Market Cap 9823 - Trading time: 00:06:37
08-09-2025 19:24:42.203 INFO Current price: 0.000000045785 - Current percentage: -11.80% - Max: 39.13% - Min: -44.29% - Market Cap 9804 - Trading time: 00:06:37
08-09-2025 19:24:42.274 INFO Current price: 0.000000046919 - Current percentage: -7.19% - Max: 39.13% - Min: -44.29% - Market Cap 10315 - Trading time: 00:06:37
08-09-2025 19:24:42.393 INFO Current price: 0.000000048215 - Current percentage: -6.86% - Max: 39.13% - Min: -44.29% - Market Cap 10352 - Trading time: 00:06:37
08-09-2025 19:24:42.394 INFO Current price: 0.000000048637 - Current percentage: -5.56% - Max: 39.13% - Min: -44.29% - Market Cap 10497 - Trading time: 00:06:37
08-09-2025 19:24:42.396 INFO Current price: 0.000000048900 - Current percentage: -5.85% - Max: 39.13% - Min: -44.29% - Market Cap 10464 - Trading time: 00:06:37
08-09-2025 19:24:42.548 INFO Current price: 0.000000048748 - Current percentage: -6.14% - Max: 39.13% - Min: -44.29% - Market Cap 10432 - Trading time: 00:06:37
08-09-2025 19:24:42.939 INFO Current price: 0.000000047523 - Current percentage: -10.53% - Max: 39.13% - Min: -44.29% - Market Cap 9945 - Trading time: 00:06:37
08-09-2025 19:24:43.137 INFO Current price: 0.000000046087 - Current percentage: -11.73% - Max: 39.13% - Min: -44.29% - Market Cap 9811 - Trading time: 00:06:38
08-09-2025 19:24:43.279 INFO Current price: 0.000000045653 - Current percentage: -12.20% - Max: 39.13% - Min: -44.29% - Market Cap 9758 - Trading time: 00:06:38
08-09-2025 19:24:43.350 INFO Current price: 0.000000045451 - Current percentage: -12.51% - Max: 39.13% - Min: -44.29% - Market Cap 9725 - Trading time: 00:06:38
08-09-2025 19:24:48.089 INFO Current price: 0.000000045399 - Current percentage: -12.41% - Max: 39.13% - Min: -44.29% - Market Cap 9736 - Trading time: 00:06:43
08-09-2025 19:24:49.509 INFO Current price: 0.000000045336 - Current percentage: -12.75% - Max: 39.13% - Min: -44.29% - Market Cap 9698 - Trading time: 00:06:44
08-09-2025 19:24:49.860 INFO Current price: 0.000000044142 - Current percentage: -16.96% - Max: 39.13% - Min: -44.29% - Market Cap 9230 - Trading time: 00:06:44
08-09-2025 19:24:50.207 INFO Current price: 0.000000042890 - Current percentage: -17.63% - Max: 39.13% - Min: -44.29% - Market Cap 9155 - Trading time: 00:06:45
08-09-2025 19:24:50.349 INFO Current price: 0.000000042773 - Current percentage: -17.41% - Max: 39.13% - Min: -44.29% - Market Cap 9180 - Trading time: 00:06:45
08-09-2025 19:24:50.979 INFO Current price: 0.000000042743 - Current percentage: -17.75% - Max: 39.13% - Min: -44.29% - Market Cap 9143 - Trading time: 00:06:45
08-09-2025 19:24:56.767 INFO Current price: 0.000000042542 - Current percentage: -18.19% - Max: 39.13% - Min: -44.29% - Market Cap 9093 - Trading time: 00:06:51
08-09-2025 19:24:57.527 INFO Current price: 0.000000040243 - Current percentage: -26.39% - Max: 39.13% - Min: -44.29% - Market Cap 8181 - Trading time: 00:06:52
08-09-2025 19:24:57.572 INFO Current price: 0.000000039236 - Current percentage: -22.23% - Max: 39.13% - Min: -44.29% - Market Cap 8644 - Trading time: 00:06:52
08-09-2025 19:24:57.902 INFO Current price: 0.000000040409 - Current percentage: -21.93% - Max: 39.13% - Min: -44.29% - Market Cap 8678 - Trading time: 00:06:52
08-09-2025 19:24:57.948 INFO Current price: 0.000000040720 - Current percentage: -21.03% - Max: 39.13% - Min: -44.29% - Market Cap 8777 - Trading time: 00:06:52
08-09-2025 19:25:00.427 INFO Current price: 0.000000040953 - Current percentage: -21.03% - Max: 39.13% - Min: -44.29% - Market Cap 8778 - Trading time: 00:06:55
08-09-2025 19:25:00.481 INFO Current price: 0.000000040954 - Current percentage: -21.03% - Max: 39.13% - Min: -44.29% - Market Cap 8778 - Trading time: 00:06:55
08-09-2025 19:25:00.493 INFO Current price: 0.000000040626 - Current percentage: -22.29% - Max: 39.13% - Min: -44.29% - Market Cap 8638 - Trading time: 00:06:55
08-09-2025 19:25:00.648 INFO Current price: 0.000000040301 - Current percentage: -22.29% - Max: 39.13% - Min: -44.29% - Market Cap 8638 - Trading time: 00:06:55
08-09-2025 19:25:00.755 INFO Current price: 0.000000040301 - Current percentage: -22.29% - Max: 39.13% - Min: -44.29% - Market Cap 8638 - Trading time: 00:06:55
08-09-2025 19:25:01.638 INFO Current price: 0.000000040301 - Current percentage: -22.29% - Max: 39.13% - Min: -44.29% - Market Cap 8638 - Trading time: 00:06:56
08-09-2025 19:25:01.875 INFO Current price: 0.000000040302 - Current percentage: -22.29% - Max: 39.13% - Min: -44.29% - Market Cap 8638 - Trading time: 00:06:56
08-09-2025 19:25:01.891 INFO Current price: 0.000000040302 - Current percentage: -22.29% - Max: 39.13% - Min: -44.29% - Market Cap 8638 - Trading time: 00:06:56
08-09-2025 19:25:04.593 INFO Current price: 0.000000040240 - Current percentage: -22.53% - Max: 39.13% - Min: -44.29% - Market Cap 8611 - Trading time: 00:06:59
08-09-2025 19:25:04.905 INFO Current price: 0.000000039973 - Current percentage: -23.31% - Max: 39.13% - Min: -44.29% - Market Cap 8524 - Trading time: 00:06:59
08-09-2025 19:25:05.126 INFO Current price: 0.000000039717 - Current percentage: -23.52% - Max: 39.13% - Min: -44.29% - Market Cap 8501 - Trading time: 00:07:00
08-09-2025 19:25:06.110 INFO Current price: 0.000000039881 - Current percentage: -22.68% - Max: 39.13% - Min: -44.29% - Market Cap 8595 - Trading time: 00:07:01
08-09-2025 19:25:06.508 INFO Current price: 0.000000040100 - Current percentage: -22.68% - Max: 39.13% - Min: -44.29% - Market Cap 8595 - Trading time: 00:07:01
08-09-2025 19:25:06.692 INFO Current price: 0.000000040100 - Current percentage: -22.68% - Max: 39.13% - Min: -44.29% - Market Cap 8595 - Trading time: 00:07:01
08-09-2025 19:25:06.800 INFO Current price: 0.000000040100 - Current percentage: -22.67% - Max: 39.13% - Min: -44.29% - Market Cap 8595 - Trading time: 00:07:01
08-09-2025 19:25:06.948 INFO Current price: 0.000000040100 - Current percentage: -22.67% - Max: 39.13% - Min: -44.29% - Market Cap 8595 - Trading time: 00:07:01
08-09-2025 19:25:07.133 INFO Current price: 0.000000040101 - Current percentage: -22.67% - Max: 39.13% - Min: -44.29% - Market Cap 8595 - Trading time: 00:07:02
08-09-2025 19:25:07.335 INFO Current price: 0.000000040210 - Current percentage: -22.25% - Max: 39.13% - Min: -44.29% - Market Cap 8642 - Trading time: 00:07:02
08-09-2025 19:25:08.486 INFO Current price: 0.000000040319 - Current percentage: -22.25% - Max: 39.13% - Min: -44.29% - Market Cap 8642 - Trading time: 00:07:03
08-09-2025 19:25:08.750 INFO Current price: 0.000000040320 - Current percentage: -22.25% - Max: 39.13% - Min: -44.29% - Market Cap 8642 - Trading time: 00:07:03
08-09-2025 19:25:08.940 INFO Current price: 0.000000040320 - Current percentage: -22.25% - Max: 39.13% - Min: -44.29% - Market Cap 8642 - Trading time: 00:07:03
08-09-2025 19:25:12.250 INFO Current price: 0.000000039790 - Current percentage: -24.28% - Max: 39.13% - Min: -44.29% - Market Cap 8416 - Trading time: 00:07:07
08-09-2025 19:25:12.342 INFO Current price: 0.000000039047 - Current percentage: -25.13% - Max: 39.13% - Min: -44.29% - Market Cap 8322 - Trading time: 00:07:07
08-09-2025 19:25:13.085 INFO Current price: 0.000000037951 - Current percentage: -28.48% - Max: 39.13% - Min: -44.29% - Market Cap 7950 - Trading time: 00:07:08
08-09-2025 19:25:13.085 INFO Current price: 0.000000035940 - Current percentage: -32.85% - Max: 39.13% - Min: -44.29% - Market Cap 7464 - Trading time: 00:07:08
08-09-2025 19:25:13.431 INFO Current price: 0.000000034761 - Current percentage: -33.09% - Max: 39.13% - Min: -44.29% - Market Cap 7437 - Trading time: 00:07:08
08-09-2025 19:25:14.146 INFO Current price: 0.000000034568 - Current percentage: -33.50% - Max: 39.13% - Min: -44.29% - Market Cap 7392 - Trading time: 00:07:09
08-09-2025 19:25:14.650 INFO Current price: 0.000000034347 - Current percentage: -34.04% - Max: 39.13% - Min: -44.29% - Market Cap 7331 - Trading time: 00:07:09
08-09-2025 19:25:17.836 INFO Current price: 0.000000034378 - Current percentage: -33.37% - Max: 39.13% - Min: -44.29% - Market Cap 7406 - Trading time: 00:07:12
08-09-2025 19:25:18.715 INFO Current price: 0.000000034534 - Current percentage: -33.44% - Max: 39.13% - Min: -44.29% - Market Cap 7398 - Trading time: 00:07:13
08-09-2025 19:25:22.130 INFO Current price: 0.000000034335 - Current percentage: -34.14% - Max: 39.13% - Min: -44.29% - Market Cap 7321 - Trading time: 00:07:17
08-09-2025 19:25:25.538 INFO Current price: 0.000000033658 - Current percentage: -36.04% - Max: 39.13% - Min: -44.29% - Market Cap 7109 - Trading time: 00:07:20
08-09-2025 19:25:28.465 INFO Current price: 0.000000033128 - Current percentage: -36.19% - Max: 39.13% - Min: -44.29% - Market Cap 7092 - Trading time: 00:07:23
08-09-2025 19:25:31.904 INFO Current price: 0.000000031723 - Current percentage: -39.03% - Max: 39.13% - Min: -44.29% - Market Cap 6777 - Trading time: 00:07:26
08-09-2025 19:25:36.051 INFO Current price: 0.000000031647 - Current percentage: -38.92% - Max: 39.13% - Min: -44.29% - Market Cap 6789 - Trading time: 00:07:30
08-09-2025 19:25:39.666 INFO Current price: 0.000000031600 - Current percentage: -39.21% - Max: 39.13% - Min: -44.29% - Market Cap 6756 - Trading time: 00:07:34
08-09-2025 19:25:39.781 INFO Current price: 0.000000031461 - Current percentage: -39.45% - Max: 39.13% - Min: -44.29% - Market Cap 6730 - Trading time: 00:07:34
08-09-2025 19:25:40.050 INFO Current price: 0.000000031366 - Current percentage: -39.58% - Max: 39.13% - Min: -44.29% - Market Cap 6716 - Trading time: 00:07:34
08-09-2025 19:25:44.949 INFO Current price: 0.000000031217 - Current percentage: -40.03% - Max: 39.13% - Min: -44.29% - Market Cap 6666 - Trading time: 00:07:39
08-09-2025 19:25:52.652 INFO Current price: 0.000000030536 - Current percentage: -41.00% - Max: 39.13% - Min: -44.29% - Market Cap 6557 - Trading time: 00:07:47
08-09-2025 19:25:53.007 INFO Current price: 0.000000030338 - Current percentage: -41.10% - Max: 39.13% - Min: -44.29% - Market Cap 6547 - Trading time: 00:07:47
08-09-2025 19:26:13.018 INFO Current price: 0.000000030305 - Current percentage: -41.13% - Max: 39.13% - Min: -44.29% - Market Cap 6543 - Trading time: 00:08:07
08-09-2025 19:26:15.478 INFO Current price: 0.000000030141 - Current percentage: -41.74% - Max: 39.13% - Min: -44.29% - Market Cap 6476 - Trading time: 00:08:10
08-09-2025 19:26:24.310 INFO Current price: 0.000000029900 - Current percentage: -42.07% - Max: 39.13% - Min: -44.29% - Market Cap 6439 - Trading time: 00:08:19
08-09-2025 19:26:38.648 INFO Current price: 0.000000030023 - Current percentage: -41.25% - Max: 39.13% - Min: -44.29% - Market Cap 6530 - Trading time: 00:08:33
08-09-2025 19:26:48.243 INFO Current price: 0.000000030139 - Current percentage: -41.62% - Max: 39.13% - Min: -44.29% - Market Cap 6489 - Trading time: 00:08:43
08-09-2025 19:26:57.730 INFO Current price: 0.000000029903 - Current percentage: -42.17% - Max: 39.13% - Min: -44.29% - Market Cap 6428 - Trading time: 00:08:52
08-09-2025 19:26:58.260 INFO Current price: 0.000000029701 - Current percentage: -42.41% - Max: 39.13% - Min: -44.29% - Market Cap 6401 - Trading time: 00:08:53
08-09-2025 19:27:11.169 INFO Current price: 0.000000029591 - Current percentage: -42.60% - Max: 39.13% - Min: -44.29% - Market Cap 6380 - Trading time: 00:09:06
08-09-2025 19:27:17.879 INFO Current price: 0.000000000000 - Current percentage: -42.60% - Max: 39.13% - Min: -44.29% - Market Cap 6380 - Trading time: 00:09:12
08-09-2025 19:28:49.599 INFO Current price: 0.000000029530 - Current percentage: -42.65% - Max: 39.13% - Min: -44.29% - Market Cap 6375 - Trading time: 00:10:44
08-09-2025 19:29:54.877 INFO Current price: 0.000000029380 - Current percentage: -42.92% - Max: 39.13% - Min: -44.29% - Market Cap 6344 - Trading time: 00:11:49
08-09-2025 19:35:16.616 INFO Current price: 0.000000029334 - Current percentage: -43.08% - Max: 39.13% - Min: -44.29% - Market Cap 6326 - Trading time: 00:17:11
08-09-2025 19:36:51.653 INFO Current price: 0.000000029079 - Current percentage: -43.78% - Max: 39.13% - Min: -44.29% - Market Cap 6249 - Trading time: 00:18:46






08-09-2025 19:38:05.063 INFO {"type":"summary","reason":"max_window","startedAt":"2025-09-08T17:18:05.063Z","endedAt":"2025-09-08T17:38:05.063Z","durationSec":1200,"entryPrice":5.472593837837808e-8,"entryMarketCapSol":51.85930310466777,"entryMarketCapUsd":11115.004434423443,"minPct":-44.2864989227982,"maxPct":39.12990503099043,"buyCount":188,"sellCount":187,"tradeCount":375,"entryRecorded":true,"noPostThresholdTrades":false,"triggerAt":"2025-09-08T17:18:05.058Z","ageAtTriggerSec":10,"preTotalTrades":42,"preBuys":28,"preSells":14,"preUniqueTraders":19,"preEntryTotalTrades":46,"preEntryBuys":31,"preEntrySells":15,"preEntryUniqueTraders":21,"preEntryMinMcUsd":7526.139641517981,"preEntryMaxMcUsd":12906.351429331871,"thresholdMcSol":51.85930310466777,"thresholdMcUsd":11115.004434423443,"thresholdPrice":5.472593837837808e-8}
