08-09-2025 19:11:29.613 INFO Entry price: 0.000000060363336708 - Entry market cap: 11230 - Buys 27 - Sells 10 - Ratio: 1:0.37 - Min MarketCap: 7602 - Max MarketCap: 17305
08-09-2025 19:11:29.613 INFO Current price: 0.000000060363 - Current percentage: 0.00% - Max: 0.00% - Min: 0.00% - Market Cap 11230 - Trading time: 00:00:02
08-09-2025 19:11:29.755 INFO Current price: 0.000000070447 - Current percentage: 33.29% - Max: 33.29% - Min: 0.00% - Market Cap 14969 - Trading time: 00:00:02
08-09-2025 19:11:29.789 INFO Current price: 0.000000071199 - Current percentage: 38.85% - Max: 38.85% - Min: 0.00% - Market Cap 15593 - Trading time: 00:00:02
08-09-2025 19:11:29.910 INFO Current price: 0.000000070888 - Current percentage: 32.13% - Max: 38.85% - Min: 0.00% - Market Cap 14838 - Trading time: 00:00:02
08-09-2025 19:11:29.912 INFO Current price: 0.000000067486 - Current percentage: 25.84% - Max: 38.85% - Min: 0.00% - Market Cap 14133 - Trading time: 00:00:02
08-09-2025 19:11:29.919 INFO Current price: 0.000000064249 - Current percentage: 19.76% - Max: 38.85% - Min: 0.00% - Market Cap 13449 - Trading time: 00:00:02
08-09-2025 19:11:29.972 INFO Current price: 0.000000061612 - Current percentage: 15.73% - Max: 38.85% - Min: 0.00% - Market Cap 12996 - Trading time: 00:00:02
08-09-2025 19:11:30.391 INFO Current price: 0.000000063053 - Current percentage: 25.42% - Max: 38.85% - Min: 0.00% - Market Cap 14085 - Trading time: 00:00:02
08-09-2025 19:11:30.392 INFO Current price: 0.000000068638 - Current percentage: 37.14% - Max: 38.85% - Min: 0.00% - Market Cap 15401 - Trading time: 00:00:02
08-09-2025 19:11:30.890 INFO Current price: 0.000000068838 - Current percentage: 26.16% - Max: 38.85% - Min: 0.00% - Market Cap 14168 - Trading time: 00:00:03
08-09-2025 19:11:32.162 INFO Current price: 0.000000061174 - Current percentage: 8.30% - Max: 38.85% - Min: 0.00% - Market Cap 12162 - Trading time: 00:00:04
08-09-2025 19:11:32.251 INFO Current price: 0.000000056370 - Current percentage: 7.12% - Max: 38.85% - Min: 0.00% - Market Cap 12030 - Trading time: 00:00:04
08-09-2025 19:11:32.698 INFO Current price: 0.000000054616 - Current percentage: 1.67% - Max: 38.85% - Min: 0.00% - Market Cap 11417 - Trading time: 00:00:05
08-09-2025 19:11:32.699 INFO Current price: 0.000000051805 - Current percentage: -3.62% - Max: 38.85% - Min: -3.62% - Market Cap 10823 - Trading time: 00:00:05
08-09-2025 19:11:32.701 INFO Current price: 0.000000049196 - Current percentage: -8.32% - Max: 38.85% - Min: -8.32% - Market Cap 10296 - Trading time: 00:00:05
08-09-2025 19:11:33.093 INFO Current price: 0.000000047720 - Current percentage: -9.32% - Max: 38.85% - Min: -9.32% - Market Cap 10184 - Trading time: 00:00:05
08-09-2025 19:11:33.446 INFO Current price: 0.000000046681 - Current percentage: -12.27% - Max: 38.85% - Min: -12.27% - Market Cap 9853 - Trading time: 00:00:05
08-09-2025 19:11:34.095 INFO Current price: 0.000000045821 - Current percentage: -12.63% - Max: 38.85% - Min: -12.63% - Market Cap 9812 - Trading time: 00:00:06
08-09-2025 19:11:34.239 INFO Current price: 0.000000044067 - Current percentage: -18.86% - Max: 38.85% - Min: -18.86% - Market Cap 9113 - Trading time: 00:00:06
08-09-2025 19:11:34.240 INFO Current price: 0.000000041040 - Current percentage: -24.22% - Max: 38.85% - Min: -24.22% - Market Cap 8510 - Trading time: 00:00:06
08-09-2025 19:11:34.243 INFO Current price: 0.000000038378 - Current percentage: -29.04% - Max: 38.85% - Min: -29.04% - Market Cap 7969 - Trading time: 00:00:06
08-09-2025 19:11:34.247 INFO Current price: 0.000000039260 - Current percentage: -20.70% - Max: 38.85% - Min: -29.04% - Market Cap 8906 - Trading time: 00:00:06
08-09-2025 19:11:34.248 INFO Current price: 0.000000043745 - Current percentage: -11.90% - Max: 38.85% - Min: -29.04% - Market Cap 9894 - Trading time: 00:00:06
08-09-2025 19:11:34.254 INFO Current price: 0.000000048472 - Current percentage: -2.63% - Max: 38.85% - Min: -29.04% - Market Cap 10934 - Trading time: 00:00:06
08-09-2025 19:11:34.360 INFO Current price: 0.000000055729 - Current percentage: 16.46% - Max: 38.85% - Min: -29.04% - Market Cap 13078 - Trading time: 00:00:06
08-09-2025 19:11:34.441 INFO Current price: 0.000000061488 - Current percentage: 18.53% - Max: 38.85% - Min: -29.04% - Market Cap 13311 - Trading time: 00:00:06
08-09-2025 19:11:34.691 INFO Current price: 0.000000059507 - Current percentage: 9.07% - Max: 38.85% - Min: -29.04% - Market Cap 12249 - Trading time: 00:00:07
08-09-2025 19:11:34.692 INFO Current price: 0.000000054980 - Current percentage: 1.18% - Max: 38.85% - Min: -29.04% - Market Cap 11362 - Trading time: 00:00:07
08-09-2025 19:11:35.020 INFO Current price: 0.000000052968 - Current percentage: 1.24% - Max: 38.85% - Min: -29.04% - Market Cap 11369 - Trading time: 00:00:07
08-09-2025 19:11:35.021 INFO Current price: 0.000000052999 - Current percentage: 1.30% - Max: 38.85% - Min: -29.04% - Market Cap 11376 - Trading time: 00:00:07
08-09-2025 19:11:35.021 INFO Current price: 0.000000053031 - Current percentage: 1.36% - Max: 38.85% - Min: -29.04% - Market Cap 11383 - Trading time: 00:00:07
08-09-2025 19:11:35.023 INFO Current price: 0.000000053050 - Current percentage: 1.37% - Max: 38.85% - Min: -29.04% - Market Cap 11384 - Trading time: 00:00:07
08-09-2025 19:11:35.032 INFO Current price: 0.000000053069 - Current percentage: 1.43% - Max: 38.85% - Min: -29.04% - Market Cap 11391 - Trading time: 00:00:07
08-09-2025 19:11:35.250 INFO Current price: 0.000000054182 - Current percentage: 5.67% - Max: 38.85% - Min: -29.04% - Market Cap 11867 - Trading time: 00:00:07
08-09-2025 19:11:35.309 INFO Current price: 0.000000055302 - Current percentage: 5.67% - Max: 38.85% - Min: -29.04% - Market Cap 11867 - Trading time: 00:00:07
08-09-2025 19:11:35.871 INFO Current price: 0.000000059148 - Current percentage: 20.87% - Max: 38.85% - Min: -29.04% - Market Cap 13574 - Trading time: 00:00:08
08-09-2025 19:11:35.890 INFO Current price: 0.000000063278 - Current percentage: 20.94% - Max: 38.85% - Min: -29.04% - Market Cap 13582 - Trading time: 00:00:08
08-09-2025 19:11:35.953 INFO Current price: 0.000000067409 - Current percentage: 37.17% - Max: 38.85% - Min: -29.04% - Market Cap 15405 - Trading time: 00:00:08
08-09-2025 19:11:36.064 INFO Current price: 0.000000073980 - Current percentage: 45.67% - Max: 45.67% - Min: -29.04% - Market Cap 16359 - Trading time: 00:00:08
08-09-2025 19:11:36.291 INFO Current price: 0.000000076238 - Current percentage: 45.67% - Max: 45.67% - Min: -29.04% - Market Cap 16359 - Trading time: 00:00:08
08-09-2025 19:11:36.292 INFO Current price: 0.000000076262 - Current percentage: 45.76% - Max: 45.76% - Min: -29.04% - Market Cap 16369 - Trading time: 00:00:08
08-09-2025 19:11:37.259 INFO Current price: 0.000000076300 - Current percentage: 45.82% - Max: 45.82% - Min: -29.04% - Market Cap 16376 - Trading time: 00:00:09
08-09-2025 19:11:37.562 INFO Current price: 0.000000076315 - Current percentage: 45.82% - Max: 45.82% - Min: -29.04% - Market Cap 16376 - Trading time: 00:00:09
08-09-2025 19:11:37.716 INFO Current price: 0.000000076469 - Current percentage: 46.41% - Max: 46.41% - Min: -29.04% - Market Cap 16442 - Trading time: 00:00:10
08-09-2025 19:11:38.229 INFO Current price: 0.000000075266 - Current percentage: 41.27% - Max: 46.41% - Min: -29.04% - Market Cap 15865 - Trading time: 00:00:10
08-09-2025 19:11:38.565 INFO Current price: 0.000000076778 - Current percentage: 52.35% - Max: 52.35% - Min: -29.04% - Market Cap 17109 - Trading time: 00:00:10
08-09-2025 19:11:38.566 INFO Current price: 0.000000082996 - Current percentage: 65.08% - Max: 65.08% - Min: -29.04% - Market Cap 18538 - Trading time: 00:00:10
08-09-2025 19:11:38.684 INFO Current price: 0.000000087595 - Current percentage: 69.70% - Max: 69.70% - Min: -29.04% - Market Cap 19058 - Trading time: 00:00:11
08-09-2025 19:11:38.798 INFO Current price: 0.000000088866 - Current percentage: 69.70% - Max: 69.70% - Min: -29.04% - Market Cap 19058 - Trading time: 00:00:11
08-09-2025 19:11:38.812 INFO Current price: 0.000000078142 - Current percentage: 31.37% - Max: 69.70% - Min: -29.04% - Market Cap 14753 - Trading time: 00:00:11
08-09-2025 19:11:38.999 INFO Current price: 0.000000071254 - Current percentage: 41.10% - Max: 69.70% - Min: -29.04% - Market Cap 15846 - Trading time: 00:00:11
08-09-2025 19:11:39.055 INFO Current price: 0.000000073994 - Current percentage: 41.67% - Max: 69.70% - Min: -29.04% - Market Cap 15909 - Trading time: 00:00:11
08-09-2025 19:11:39.380 INFO Current price: 0.000000074217 - Current percentage: 41.95% - Max: 69.70% - Min: -29.04% - Market Cap 15941 - Trading time: 00:00:11
08-09-2025 19:11:39.414 INFO Current price: 0.000000076222 - Current percentage: 49.43% - Max: 69.70% - Min: -29.04% - Market Cap 16781 - Trading time: 00:00:11
08-09-2025 19:11:39.453 INFO Current price: 0.000000078661 - Current percentage: 51.18% - Max: 69.70% - Min: -29.04% - Market Cap 16978 - Trading time: 00:00:11
08-09-2025 19:11:39.909 INFO Current price: 0.000000079113 - Current percentage: 51.15% - Max: 69.70% - Min: -29.04% - Market Cap 16974 - Trading time: 00:00:12
08-09-2025 19:11:39.911 INFO Current price: 0.000000079094 - Current percentage: 51.11% - Max: 69.70% - Min: -29.04% - Market Cap 16970 - Trading time: 00:00:12
08-09-2025 19:11:40.511 INFO Current price: 0.000000079083 - Current percentage: 51.10% - Max: 69.70% - Min: -29.04% - Market Cap 16969 - Trading time: 00:00:12
08-09-2025 19:11:40.682 INFO Current price: 0.000000073223 - Current percentage: 29.55% - Max: 69.70% - Min: -29.04% - Market Cap 14548 - Trading time: 00:00:13
08-09-2025 19:11:40.960 INFO Current price: 0.000000067799 - Current percentage: 29.54% - Max: 69.70% - Min: -29.04% - Market Cap 14548 - Trading time: 00:00:13
08-09-2025 19:11:41.072 INFO Current price: 0.000000067790 - Current percentage: 29.52% - Max: 69.70% - Min: -29.04% - Market Cap 14545 - Trading time: 00:00:13
08-09-2025 19:11:41.073 INFO Current price: 0.000000067776 - Current percentage: 29.49% - Max: 69.70% - Min: -29.04% - Market Cap 14542 - Trading time: 00:00:13
08-09-2025 19:11:41.075 INFO Current price: 0.000000067761 - Current percentage: 29.46% - Max: 69.70% - Min: -29.04% - Market Cap 14539 - Trading time: 00:00:13
08-09-2025 19:11:41.517 INFO Current price: 0.000000068179 - Current percentage: 31.09% - Max: 69.70% - Min: -29.04% - Market Cap 14722 - Trading time: 00:00:13
08-09-2025 19:11:41.802 INFO Current price: 0.000000068609 - Current percentage: 31.10% - Max: 69.70% - Min: -29.04% - Market Cap 14722 - Trading time: 00:00:14
08-09-2025 19:11:41.808 INFO Current price: 0.000000068753 - Current percentage: 31.64% - Max: 69.70% - Min: -29.04% - Market Cap 14784 - Trading time: 00:00:14
08-09-2025 19:11:41.918 INFO Current price: 0.000000068889 - Current percentage: 31.62% - Max: 69.70% - Min: -29.04% - Market Cap 14781 - Trading time: 00:00:14
08-09-2025 19:11:41.919 INFO Current price: 0.000000068882 - Current percentage: 31.62% - Max: 69.70% - Min: -29.04% - Market Cap 14781 - Trading time: 00:00:14
08-09-2025 19:11:41.933 INFO Current price: 0.000000069025 - Current percentage: 32.16% - Max: 69.70% - Min: -29.04% - Market Cap 14842 - Trading time: 00:00:14
08-09-2025 19:11:41.970 INFO Current price: 0.000000068330 - Current percentage: 28.98% - Max: 69.70% - Min: -29.04% - Market Cap 14484 - Trading time: 00:00:14
08-09-2025 19:11:41.998 INFO Current price: 0.000000068917 - Current percentage: 34.45% - Max: 69.70% - Min: -29.04% - Market Cap 15098 - Trading time: 00:00:14
08-09-2025 19:11:42.156 INFO Current price: 0.000000070377 - Current percentage: 34.50% - Max: 69.70% - Min: -29.04% - Market Cap 15105 - Trading time: 00:00:14
08-09-2025 19:11:43.011 INFO Current price: 0.000000068664 - Current percentage: 27.98% - Max: 69.70% - Min: -29.04% - Market Cap 14372 - Trading time: 00:00:15
08-09-2025 19:11:43.074 INFO Current price: 0.000000059939 - Current percentage: 2.49% - Max: 69.70% - Min: -29.04% - Market Cap 11510 - Trading time: 00:00:15
08-09-2025 19:11:43.315 INFO Current price: 0.000000053589 - Current percentage: 2.49% - Max: 69.70% - Min: -29.04% - Market Cap 11510 - Trading time: 00:00:15
08-09-2025 19:11:43.319 INFO Current price: 0.000000053688 - Current percentage: 2.49% - Max: 69.70% - Min: -29.04% - Market Cap 11510 - Trading time: 00:00:15
08-09-2025 19:11:43.403 INFO Current price: 0.000000053381 - Current percentage: 1.51% - Max: 69.70% - Min: -29.04% - Market Cap 11400 - Trading time: 00:00:15
08-09-2025 19:11:43.699 INFO Current price: 0.000000051535 - Current percentage: -4.48% - Max: 69.70% - Min: -29.04% - Market Cap 10727 - Trading time: 00:00:16
08-09-2025 19:11:43.718 INFO Current price: 0.000000048787 - Current percentage: -9.03% - Max: 69.70% - Min: -29.04% - Market Cap 10216 - Trading time: 00:00:16
08-09-2025 19:11:44.068 INFO Current price: 0.000000048088 - Current percentage: -7.20% - Max: 69.70% - Min: -29.04% - Market Cap 10422 - Trading time: 00:00:16
08-09-2025 19:11:44.362 INFO Current price: 0.000000048561 - Current percentage: -7.23% - Max: 69.70% - Min: -29.04% - Market Cap 10419 - Trading time: 00:00:16
08-09-2025 19:11:44.493 INFO Current price: 0.000000048673 - Current percentage: -6.77% - Max: 69.70% - Min: -29.04% - Market Cap 10470 - Trading time: 00:00:16
08-09-2025 19:11:44.721 INFO Current price: 0.000000048789 - Current percentage: -6.78% - Max: 69.70% - Min: -29.04% - Market Cap 10468 - Trading time: 00:00:17
08-09-2025 19:11:44.723 INFO Current price: 0.000000048781 - Current percentage: -6.80% - Max: 69.70% - Min: -29.04% - Market Cap 10466 - Trading time: 00:00:17
08-09-2025 19:11:44.725 INFO Current price: 0.000000048772 - Current percentage: -6.82% - Max: 69.70% - Min: -29.04% - Market Cap 10464 - Trading time: 00:00:17
08-09-2025 19:11:45.636 INFO Current price: 0.000000048767 - Current percentage: -6.82% - Max: 69.70% - Min: -29.04% - Market Cap 10464 - Trading time: 00:00:18
08-09-2025 19:11:45.695 INFO Current price: 0.000000048766 - Current percentage: -6.82% - Max: 69.70% - Min: -29.04% - Market Cap 10464 - Trading time: 00:00:18
08-09-2025 19:11:45.800 INFO Current price: 0.000000048761 - Current percentage: -6.84% - Max: 69.70% - Min: -29.04% - Market Cap 10462 - Trading time: 00:00:18
08-09-2025 19:11:46.031 INFO Current price: 0.000000048751 - Current percentage: -6.86% - Max: 69.70% - Min: -29.04% - Market Cap 10460 - Trading time: 00:00:18
08-09-2025 19:11:47.052 INFO Current price: 0.000000048742 - Current percentage: -6.87% - Max: 69.70% - Min: -29.04% - Market Cap 10458 - Trading time: 00:00:19
08-09-2025 19:11:47.054 INFO Current price: 0.000000047758 - Current percentage: -10.58% - Max: 69.70% - Min: -29.04% - Market Cap 10042 - Trading time: 00:00:19
08-09-2025 19:11:47.470 INFO Current price: 0.000000046798 - Current percentage: -10.58% - Max: 69.70% - Min: -29.04% - Market Cap 10042 - Trading time: 00:00:19
08-09-2025 19:11:49.677 INFO Current price: 0.000000046556 - Current percentage: -11.50% - Max: 69.70% - Min: -29.04% - Market Cap 9938 - Trading time: 00:00:22
08-09-2025 19:11:50.042 INFO Current price: 0.000000046312 - Current percentage: -11.52% - Max: 69.70% - Min: -29.04% - Market Cap 9937 - Trading time: 00:00:22
08-09-2025 19:11:50.051 INFO Current price: 0.000000046304 - Current percentage: -11.53% - Max: 69.70% - Min: -29.04% - Market Cap 9935 - Trading time: 00:00:22
08-09-2025 19:11:50.068 INFO Current price: 0.000000046299 - Current percentage: -11.54% - Max: 69.70% - Min: -29.04% - Market Cap 9935 - Trading time: 00:00:22
08-09-2025 19:11:50.817 INFO Current price: 0.000000046294 - Current percentage: -11.55% - Max: 69.70% - Min: -29.04% - Market Cap 9933 - Trading time: 00:00:23
08-09-2025 19:11:50.817 INFO Current price: 0.000000046289 - Current percentage: -11.55% - Max: 69.70% - Min: -29.04% - Market Cap 9933 - Trading time: 00:00:23
08-09-2025 19:11:50.819 INFO Current price: 0.000000046288 - Current percentage: -11.56% - Max: 69.70% - Min: -29.04% - Market Cap 9932 - Trading time: 00:00:23
08-09-2025 19:11:50.914 INFO Current price: 0.000000046284 - Current percentage: -11.57% - Max: 69.70% - Min: -29.04% - Market Cap 9931 - Trading time: 00:00:23
08-09-2025 19:11:50.967 INFO Current price: 0.000000046275 - Current percentage: -11.59% - Max: 69.70% - Min: -29.04% - Market Cap 9929 - Trading time: 00:00:23
08-09-2025 19:11:51.622 INFO Current price: 0.000000046270 - Current percentage: -11.59% - Max: 69.70% - Min: -29.04% - Market Cap 9929 - Trading time: 00:00:24
08-09-2025 19:11:51.679 INFO Current price: 0.000000046266 - Current percentage: -11.60% - Max: 69.70% - Min: -29.04% - Market Cap 9927 - Trading time: 00:00:24
08-09-2025 19:11:51.943 INFO Current price: 0.000000046380 - Current percentage: -11.16% - Max: 69.70% - Min: -29.04% - Market Cap 9977 - Trading time: 00:00:24
08-09-2025 19:11:54.557 INFO Current price: 0.000000046418 - Current percentage: -11.46% - Max: 69.70% - Min: -29.04% - Market Cap 9944 - Trading time: 00:00:26
08-09-2025 19:11:55.159 INFO Current price: 0.000000046261 - Current percentage: -11.76% - Max: 69.70% - Min: -29.04% - Market Cap 9910 - Trading time: 00:00:27
08-09-2025 19:11:58.648 INFO Current price: 0.000000046066 - Current percentage: -12.20% - Max: 69.70% - Min: -29.04% - Market Cap 9860 - Trading time: 00:00:31
08-09-2025 19:11:58.866 INFO Current price: 0.000000045924 - Current percentage: -12.30% - Max: 69.70% - Min: -29.04% - Market Cap 9849 - Trading time: 00:00:31
08-09-2025 19:11:58.984 INFO Current price: 0.000000043298 - Current percentage: -21.96% - Max: 69.70% - Min: -29.04% - Market Cap 8764 - Trading time: 00:00:31
08-09-2025 19:11:58.989 INFO Current price: 0.000000038867 - Current percentage: -29.33% - Max: 69.70% - Min: -29.33% - Market Cap 7937 - Trading time: 00:00:31
08-09-2025 19:11:58.999 INFO Current price: 0.000000035439 - Current percentage: -35.12% - Max: 69.70% - Min: -35.12% - Market Cap 7286 - Trading time: 00:00:31
08-09-2025 19:11:59.027 INFO Current price: 0.000000033674 - Current percentage: -36.19% - Max: 69.70% - Min: -36.19% - Market Cap 7166 - Trading time: 00:00:31
08-09-2025 19:11:59.037 INFO Current price: 0.000000033179 - Current percentage: -37.01% - Max: 69.70% - Min: -37.01% - Market Cap 7074 - Trading time: 00:00:31
08-09-2025 19:11:59.430 INFO Current price: 0.000000032984 - Current percentage: -36.94% - Max: 69.70% - Min: -37.01% - Market Cap 7082 - Trading time: 00:00:31
08-09-2025 19:11:59.973 INFO Current price: 0.000000032207 - Current percentage: -39.95% - Max: 69.70% - Min: -39.95% - Market Cap 6744 - Trading time: 00:00:32
08-09-2025 19:12:00.012 INFO Current price: 0.000000030672 - Current percentage: -42.81% - Max: 69.70% - Min: -42.81% - Market Cap 6423 - Trading time: 00:00:32
08-09-2025 19:12:00.235 INFO Current price: 0.000000029913 - Current percentage: -42.88% - Max: 69.70% - Min: -42.88% - Market Cap 6415 - Trading time: 00:00:32
08-09-2025 19:12:00.501 INFO Current price: 0.000000029837 - Current percentage: -43.10% - Max: 69.70% - Min: -43.10% - Market Cap 6390 - Trading time: 00:00:32
08-09-2025 19:12:02.390 INFO Current price: 0.000000029741 - Current percentage: -43.24% - Max: 69.70% - Min: -43.24% - Market Cap 6374 - Trading time: 00:00:34
08-09-2025 19:12:06.873 INFO Current price: 0.000000029855 - Current percentage: -42.66% - Max: 69.70% - Min: -43.24% - Market Cap 6439 - Trading time: 00:00:39
08-09-2025 19:12:10.523 INFO Current price: 0.000000030004 - Current percentage: -42.68% - Max: 69.70% - Min: -43.24% - Market Cap 6437 - Trading time: 00:00:42
08-09-2025 19:12:11.946 INFO Current price: 0.000000029595 - Current percentage: -44.22% - Max: 69.70% - Min: -44.22% - Market Cap 6265 - Trading time: 00:00:44
08-09-2025 19:12:29.440 INFO Current price: 0.000000029049 - Current percentage: -44.77% - Max: 69.70% - Min: -44.77% - Market Cap 6202 - Trading time: 00:01:01
08-09-2025 19:13:13.565 INFO Current price: 0.000000028887 - Current percentage: -44.84% - Max: 69.70% - Min: -44.84% - Market Cap 6195 - Trading time: 00:01:45






08-09-2025 19:23:13.573 INFO {"type":"summary","reason":"inactivity","startedAt":"2025-09-08T17:11:27.613Z","endedAt":"2025-09-08T17:23:13.573Z","durationSec":705,"entryPrice":6.036333670760752e-8,"entryMarketCapSol":52.33576932857079,"entryMarketCapUsd":11230.209382524721,"minPct":-44.835834592270615,"maxPct":69.69949717745882,"buyCount":53,"sellCount":82,"tradeCount":135,"entryRecorded":true,"noPostThresholdTrades":false,"triggerAt":"2025-09-08T17:11:27.608Z","ageAtTriggerSec":5,"preTotalTrades":25,"preBuys":18,"preSells":7,"preUniqueTraders":12,"preEntryTotalTrades":37,"preEntryBuys":27,"preEntrySells":10,"preEntryUniqueTraders":21,"preEntryMinMcUsd":7602.330505932815,"preEntryMaxMcUsd":17304.68205184801,"thresholdMcSol":52.33576932857079,"thresholdMcUsd":11230.209382524721,"thresholdPrice":6.036333670760752e-8}
