08-09-2025 19:24:44.009 INFO Entry price: 0.000000034939630604 - Entry market cap: 6083 - Buys 8 - Sells 6 - Ratio: 1:0.75 - Min MarketCap: 5993 - Max MarketCap: 10760
08-09-2025 19:24:44.009 INFO Current price: 0.000000034940 - Current percentage: 0.00% - Max: 0.00% - Min: 0.00% - Market Cap 6083 - Trading time: 00:00:02
08-09-2025 19:24:48.245 INFO Current price: 0.000000029326 - Current percentage: 8.37% - Max: 8.37% - Min: 0.00% - Market Cap 6593 - Trading time: 00:00:06
08-09-2025 19:24:48.311 INFO Current price: 0.000000038082 - Current percentage: 66.11% - Max: 66.11% - Min: 0.00% - Market Cap 10105 - Trading time: 00:00:06
08-09-2025 19:24:49.914 INFO Current price: 0.000000047146 - Current percentage: 66.11% - Max: 66.11% - Min: 0.00% - Market Cap 10105 - Trading time: 00:00:07
08-09-2025 19:24:52.149 INFO Current price: 0.000000047442 - Current percentage: 68.20% - Max: 68.20% - Min: 0.00% - Market Cap 10232 - Trading time: 00:00:10
08-09-2025 19:24:52.242 INFO Current price: 0.000000048038 - Current percentage: 70.30% - Max: 70.30% - Min: 0.00% - Market Cap 10360 - Trading time: 00:00:10
08-09-2025 19:24:53.436 INFO Current price: 0.000000044776 - Current percentage: 46.13% - Max: 70.30% - Min: 0.00% - Market Cap 8890 - Trading time: 00:00:11
08-09-2025 19:24:55.504 INFO Current price: 0.000000040133 - Current percentage: 36.81% - Max: 70.30% - Min: 0.00% - Market Cap 8323 - Trading time: 00:00:13
08-09-2025 19:24:56.032 INFO Current price: 0.000000038833 - Current percentage: 36.82% - Max: 70.30% - Min: 0.00% - Market Cap 8323 - Trading time: 00:00:14
08-09-2025 19:24:57.531 INFO Current price: 0.000000037616 - Current percentage: 28.37% - Max: 70.30% - Min: 0.00% - Market Cap 7809 - Trading time: 00:00:15
08-09-2025 19:24:58.683 INFO Current price: 0.000000036539 - Current percentage: 29.10% - Max: 70.30% - Min: 0.00% - Market Cap 7854 - Trading time: 00:00:16
08-09-2025 19:24:59.187 INFO Current price: 0.000000034606 - Current percentage: 15.15% - Max: 70.30% - Min: 0.00% - Market Cap 7005 - Trading time: 00:00:17
08-09-2025 19:24:59.254 INFO Current price: 0.000000032516 - Current percentage: 13.98% - Max: 70.30% - Min: 0.00% - Market Cap 6934 - Trading time: 00:00:17
08-09-2025 19:24:59.351 INFO Current price: 0.000000032840 - Current percentage: 17.46% - Max: 70.30% - Min: 0.00% - Market Cap 7145 - Trading time: 00:00:17
08-09-2025 19:24:59.403 INFO Current price: 0.000000032366 - Current percentage: 10.71% - Max: 70.30% - Min: 0.00% - Market Cap 6735 - Trading time: 00:00:17
08-09-2025 19:25:00.316 INFO Current price: 0.000000031520 - Current percentage: 11.40% - Max: 70.30% - Min: 0.00% - Market Cap 6777 - Trading time: 00:00:18
08-09-2025 19:25:00.729 INFO Current price: 0.000000031623 - Current percentage: 11.43% - Max: 70.30% - Min: 0.00% - Market Cap 6779 - Trading time: 00:00:18
08-09-2025 19:25:00.813 INFO Current price: 0.000000031651 - Current percentage: 11.60% - Max: 70.30% - Min: 0.00% - Market Cap 6789 - Trading time: 00:00:18
08-09-2025 19:25:01.423 INFO Current price: 0.000000030774 - Current percentage: 5.34% - Max: 70.30% - Min: 0.00% - Market Cap 6408 - Trading time: 00:00:19
08-09-2025 19:25:02.868 INFO Current price: 0.000000029894 - Current percentage: 5.31% - Max: 70.30% - Min: 0.00% - Market Cap 6406 - Trading time: 00:00:20
08-09-2025 19:25:03.515 INFO Current price: 0.000000029499 - Current percentage: 2.57% - Max: 70.30% - Min: 0.00% - Market Cap 6240 - Trading time: 00:00:21
08-09-2025 19:25:03.851 INFO Current price: 0.000000028706 - Current percentage: -0.27% - Max: 70.30% - Min: -0.27% - Market Cap 6067 - Trading time: 00:00:21
08-09-2025 19:25:10.554 INFO Current price: 0.000000028222 - Current percentage: -0.86% - Max: 70.30% - Min: -0.86% - Market Cap 6031 - Trading time: 00:00:28
08-09-2025 19:25:15.622 INFO Current price: 0.000000028711 - Current percentage: 3.21% - Max: 70.30% - Min: -0.86% - Market Cap 6279 - Trading time: 00:00:33
08-09-2025 19:25:30.450 INFO Current price: 0.000000030064 - Current percentage: 8.71% - Max: 70.30% - Min: -0.86% - Market Cap 6613 - Trading time: 00:00:48
08-09-2025 19:25:55.693 INFO Current price: 0.000000031492 - Current percentage: 14.11% - Max: 70.30% - Min: -0.86% - Market Cap 6942 - Trading time: 00:01:13
08-09-2025 19:25:56.082 INFO Current price: 0.000000032058 - Current percentage: 13.51% - Max: 70.30% - Min: -0.86% - Market Cap 6905 - Trading time: 00:01:14
08-09-2025 19:26:04.129 INFO Current price: 0.000000031904 - Current percentage: 13.03% - Max: 70.30% - Min: -0.86% - Market Cap 6876 - Trading time: 00:01:22
08-09-2025 19:26:04.676 INFO Current price: 0.000000031836 - Current percentage: 13.02% - Max: 70.30% - Min: -0.86% - Market Cap 6875 - Trading time: 00:01:22
08-09-2025 19:26:12.548 INFO Current price: 0.000000032074 - Current percentage: 14.72% - Max: 70.30% - Min: -0.86% - Market Cap 6979 - Trading time: 00:01:30
08-09-2025 19:26:12.715 INFO Current price: 0.000000032551 - Current percentage: 16.41% - Max: 70.30% - Min: -0.86% - Market Cap 7082 - Trading time: 00:01:30
08-09-2025 19:26:16.059 INFO Current price: 0.000000032867 - Current percentage: 16.96% - Max: 70.30% - Min: -0.86% - Market Cap 7115 - Trading time: 00:01:34
08-09-2025 19:26:16.994 INFO Current price: 0.000000033044 - Current percentage: 17.66% - Max: 70.30% - Min: -0.86% - Market Cap 7158 - Trading time: 00:01:34
08-09-2025 19:26:32.750 INFO Current price: 0.000000033044 - Current percentage: 16.96% - Max: 70.30% - Min: -0.86% - Market Cap 7115 - Trading time: 00:01:50
08-09-2025 19:26:54.602 INFO Current price: 0.000000033190 - Current percentage: 18.70% - Max: 70.30% - Min: -0.86% - Market Cap 7221 - Trading time: 00:02:12
08-09-2025 19:27:12.748 INFO Current price: 0.000000033497 - Current percentage: 19.13% - Max: 70.30% - Min: -0.86% - Market Cap 7247 - Trading time: 00:02:30
08-09-2025 19:28:12.062 INFO Current price: 0.000000033441 - Current percentage: 18.31% - Max: 70.30% - Min: -0.86% - Market Cap 7197 - Trading time: 00:03:30
08-09-2025 19:28:14.897 INFO Current price: 0.000000033221 - Current percentage: 17.57% - Max: 70.30% - Min: -0.86% - Market Cap 7152 - Trading time: 00:03:32
08-09-2025 19:28:42.559 INFO Current price: 0.000000033329 - Current percentage: 19.08% - Max: 70.30% - Min: -0.86% - Market Cap 7244 - Trading time: 00:04:00
08-09-2025 19:28:43.147 INFO Current price: 0.000000033765 - Current percentage: 20.67% - Max: 70.30% - Min: -0.86% - Market Cap 7341 - Trading time: 00:04:01
08-09-2025 19:28:49.993 INFO Current price: 0.000000034227 - Current percentage: 22.36% - Max: 70.30% - Min: -0.86% - Market Cap 7444 - Trading time: 00:04:07
08-09-2025 19:28:58.987 INFO Current price: 0.000000034404 - Current percentage: 21.92% - Max: 70.30% - Min: -0.86% - Market Cap 7417 - Trading time: 00:04:16
08-09-2025 19:30:00.657 INFO Current price: 0.000000034341 - Current percentage: 21.92% - Max: 70.30% - Min: -0.86% - Market Cap 7417 - Trading time: 00:05:18
08-09-2025 19:30:36.996 INFO Current price: 0.000000034519 - Current percentage: 23.19% - Max: 70.30% - Min: -0.86% - Market Cap 7494 - Trading time: 00:05:54
08-09-2025 19:34:04.735 INFO Current price: 0.000000034674 - Current percentage: 23.01% - Max: 70.30% - Min: -0.86% - Market Cap 7483 - Trading time: 00:09:22
08-09-2025 19:34:04.958 INFO Current price: 0.000000034625 - Current percentage: 22.84% - Max: 70.30% - Min: -0.86% - Market Cap 7473 - Trading time: 00:09:22
08-09-2025 19:34:08.871 INFO Current price: 0.000000034587 - Current percentage: 22.74% - Max: 70.30% - Min: -0.86% - Market Cap 7467 - Trading time: 00:09:26
08-09-2025 19:34:12.377 INFO Current price: 0.000000034536 - Current percentage: 22.48% - Max: 70.30% - Min: -0.86% - Market Cap 7451 - Trading time: 00:09:30
08-09-2025 19:34:15.609 INFO Current price: 0.000000034450 - Current percentage: 22.13% - Max: 70.30% - Min: -0.86% - Market Cap 7429 - Trading time: 00:09:33
08-09-2025 19:34:18.753 INFO Current price: 0.000000034388 - Current percentage: 22.04% - Max: 70.30% - Min: -0.86% - Market Cap 7424 - Trading time: 00:09:36
08-09-2025 19:34:40.586 INFO Current price: 0.000000031001 - Current percentage: -0.74% - Max: 70.30% - Min: -0.86% - Market Cap 6038 - Trading time: 00:09:58






08-09-2025 19:44:40.587 INFO {"type":"summary","reason":"inactivity","startedAt":"2025-09-08T17:24:42.007Z","endedAt":"2025-09-08T17:44:40.587Z","durationSec":1198,"entryPrice":3.4939630604350426e-8,"entryMarketCapSol":28.383167497742765,"entryMarketCapUsd":6083.364289791207,"minPct":-0.8581311642529343,"maxPct":70.30211225591343,"buyCount":25,"sellCount":28,"tradeCount":53,"entryRecorded":true,"noPostThresholdTrades":false,"triggerAt":"2025-09-08T17:24:42.004Z","ageAtTriggerSec":6,"preTotalTrades":11,"preBuys":6,"preSells":5,"preUniqueTraders":6,"preEntryTotalTrades":14,"preEntryBuys":8,"preEntrySells":6,"preEntryUniqueTraders":8,"preEntryMinMcUsd":5992.5282181410275,"preEntryMaxMcUsd":10759.728497514754,"thresholdMcSol":28.383167497742765,"thresholdMcUsd":6083.364289791207,"thresholdPrice":3.4939630604350426e-8}
