08-09-2025 17:23:35.533 INFO Entry price: 0.000000089692559955 - Entry market cap: 17259 - Buys 37 - Sells 21 - Ratio: 1:0.57 - Min MarketCap: 7260 - Max MarketCap: 21532
08-09-2025 17:23:35.533 INFO Current price: 0.000000089693 - Current percentage: 0.00% - Max: 0.00% - Min: 0.00% - Market Cap 17259 - Trading time: 00:00:02
08-09-2025 17:23:35.606 INFO Current price: 0.000000060093 - Current percentage: -27.61% - Max: 0.00% - Min: -27.61% - Market Cap 12494 - Trading time: 00:00:02
08-09-2025 17:23:35.634 INFO Current price: 0.000000057809 - Current percentage: -28.41% - Max: 0.00% - Min: -28.41% - Market Cap 12356 - Trading time: 00:00:02
08-09-2025 17:23:35.648 INFO Current price: 0.000000057166 - Current percentage: -29.21% - Max: 0.00% - Min: -29.21% - Market Cap 12218 - Trading time: 00:00:02
08-09-2025 17:23:35.953 INFO Current price: 0.000000057495 - Current percentage: -27.58% - Max: 0.00% - Min: -29.21% - Market Cap 12499 - Trading time: 00:00:02
08-09-2025 17:23:36.053 INFO Current price: 0.000000058151 - Current percentage: -27.58% - Max: 0.00% - Min: -29.21% - Market Cap 12499 - Trading time: 00:00:02
08-09-2025 17:23:36.254 INFO Current price: 0.000000058409 - Current percentage: -26.94% - Max: 0.00% - Min: -29.21% - Market Cap 12610 - Trading time: 00:00:02
08-09-2025 17:23:36.400 INFO Current price: 0.000000059328 - Current percentage: -25.29% - Max: 0.00% - Min: -29.21% - Market Cap 12895 - Trading time: 00:00:02
08-09-2025 17:23:36.403 INFO Current price: 0.000000060009 - Current percentage: -25.25% - Max: 0.00% - Min: -29.21% - Market Cap 12901 - Trading time: 00:00:02
08-09-2025 17:23:36.534 INFO Current price: 0.000000060690 - Current percentage: -23.58% - Max: 0.00% - Min: -29.21% - Market Cap 13189 - Trading time: 00:00:03
08-09-2025 17:23:36.549 INFO Current price: 0.000000061366 - Current percentage: -23.58% - Max: 0.00% - Min: -29.21% - Market Cap 13190 - Trading time: 00:00:03
08-09-2025 17:23:36.610 INFO Current price: 0.000000061395 - Current percentage: -23.51% - Max: 0.00% - Min: -29.21% - Market Cap 13201 - Trading time: 00:00:03
08-09-2025 17:23:36.860 INFO Current price: 0.000000061557 - Current percentage: -23.17% - Max: 0.00% - Min: -29.21% - Market Cap 13260 - Trading time: 00:00:03
08-09-2025 17:23:36.921 INFO Current price: 0.000000061694 - Current percentage: -23.17% - Max: 0.00% - Min: -29.21% - Market Cap 13260 - Trading time: 00:00:03
08-09-2025 17:23:37.702 INFO Current price: 0.000000061299 - Current percentage: -24.15% - Max: 0.00% - Min: -29.21% - Market Cap 13090 - Trading time: 00:00:04
08-09-2025 17:23:37.836 INFO Current price: 0.000000060889 - Current percentage: -24.20% - Max: 0.00% - Min: -29.21% - Market Cap 13083 - Trading time: 00:00:04
08-09-2025 17:23:38.016 INFO Current price: 0.000000060899 - Current percentage: -24.13% - Max: 0.00% - Min: -29.21% - Market Cap 13095 - Trading time: 00:00:04
08-09-2025 17:23:38.590 INFO Current price: 0.000000061060 - Current percentage: -23.79% - Max: 0.00% - Min: -29.21% - Market Cap 13153 - Trading time: 00:00:05
08-09-2025 17:23:39.108 INFO Current price: 0.000000060523 - Current percentage: -25.46% - Max: 0.00% - Min: -29.21% - Market Cap 12865 - Trading time: 00:00:05
08-09-2025 17:23:39.680 INFO Current price: 0.000000061192 - Current percentage: -22.10% - Max: 0.00% - Min: -29.21% - Market Cap 13445 - Trading time: 00:00:06
08-09-2025 17:23:39.835 INFO Current price: 0.000000062589 - Current percentage: -22.01% - Max: 0.00% - Min: -29.21% - Market Cap 13460 - Trading time: 00:00:06
08-09-2025 17:23:39.946 INFO Current price: 0.000000062764 - Current percentage: -21.67% - Max: 0.00% - Min: -29.21% - Market Cap 13520 - Trading time: 00:00:06
08-09-2025 17:23:40.398 INFO Current price: 0.000000065637 - Current percentage: -14.71% - Max: 0.00% - Min: -29.21% - Market Cap 14721 - Trading time: 00:00:06
08-09-2025 17:23:40.533 INFO Current price: 0.000000068632 - Current percentage: -14.35% - Max: 0.00% - Min: -29.21% - Market Cap 14782 - Trading time: 00:00:07
08-09-2025 17:23:41.044 INFO Current price: 0.000000068527 - Current percentage: -14.97% - Max: 0.00% - Min: -29.21% - Market Cap 14675 - Trading time: 00:00:07
08-09-2025 17:23:41.250 INFO Current price: 0.000000068308 - Current percentage: -14.90% - Max: 0.00% - Min: -29.21% - Market Cap 14688 - Trading time: 00:00:07
08-09-2025 17:23:41.708 INFO Current price: 0.000000068479 - Current percentage: -14.55% - Max: 0.00% - Min: -29.21% - Market Cap 14749 - Trading time: 00:00:08
08-09-2025 17:23:41.893 INFO Current price: 0.000000068765 - Current percentage: -14.19% - Max: 0.00% - Min: -29.21% - Market Cap 14810 - Trading time: 00:00:08
08-09-2025 17:23:42.357 INFO Current price: 0.000000068525 - Current percentage: -15.14% - Max: 0.00% - Min: -29.21% - Market Cap 14646 - Trading time: 00:00:08
08-09-2025 17:23:42.487 INFO Current price: 0.000000068287 - Current percentage: -14.78% - Max: 0.00% - Min: -29.21% - Market Cap 14708 - Trading time: 00:00:08
08-09-2025 17:23:42.636 INFO Current price: 0.000000069856 - Current percentage: -11.20% - Max: 0.00% - Min: -29.21% - Market Cap 15327 - Trading time: 00:00:09
08-09-2025 17:23:42.848 INFO Current price: 0.000000072766 - Current percentage: -7.54% - Max: 0.00% - Min: -29.21% - Market Cap 15959 - Trading time: 00:00:09
08-09-2025 17:23:42.852 INFO Current price: 0.000000074291 - Current percentage: -7.44% - Max: 0.00% - Min: -29.21% - Market Cap 15976 - Trading time: 00:00:09
08-09-2025 17:23:42.926 INFO Current price: 0.000000074604 - Current percentage: -6.75% - Max: 0.00% - Min: -29.21% - Market Cap 16094 - Trading time: 00:00:09
08-09-2025 17:23:42.939 INFO Current price: 0.000000075386 - Current percentage: -5.49% - Max: 0.00% - Min: -29.21% - Market Cap 16313 - Trading time: 00:00:09
08-09-2025 17:23:43.522 INFO Current price: 0.000000075250 - Current percentage: -7.09% - Max: 0.00% - Min: -29.21% - Market Cap 16036 - Trading time: 00:00:09
08-09-2025 17:23:43.689 INFO Current price: 0.000000073979 - Current percentage: -8.65% - Max: 0.00% - Min: -29.21% - Market Cap 15766 - Trading time: 00:00:10
08-09-2025 17:23:44.578 INFO Current price: 0.000000073453 - Current percentage: -8.41% - Max: 0.00% - Min: -29.21% - Market Cap 15808 - Trading time: 00:00:11
08-09-2025 17:23:44.721 INFO Current price: 0.000000074298 - Current percentage: -6.54% - Max: 0.00% - Min: -29.21% - Market Cap 16131 - Trading time: 00:00:11
08-09-2025 17:23:44.987 INFO Current price: 0.000000075454 - Current percentage: -5.54% - Max: 0.00% - Min: -29.21% - Market Cap 16304 - Trading time: 00:00:11
08-09-2025 17:23:45.144 INFO Current price: 0.000000075902 - Current percentage: -5.42% - Max: 0.00% - Min: -29.21% - Market Cap 16323 - Trading time: 00:00:11
08-09-2025 17:23:45.369 INFO Current price: 0.000000076098 - Current percentage: -5.05% - Max: 0.00% - Min: -29.21% - Market Cap 16388 - Trading time: 00:00:11
08-09-2025 17:23:45.819 INFO Current price: 0.000000076293 - Current percentage: -4.94% - Max: 0.00% - Min: -29.21% - Market Cap 16407 - Trading time: 00:00:12
08-09-2025 17:23:46.074 INFO Current price: 0.000000077941 - Current percentage: -0.90% - Max: 0.00% - Min: -29.21% - Market Cap 17103 - Trading time: 00:00:12
08-09-2025 17:23:46.075 INFO Current price: 0.000000081015 - Current percentage: 2.71% - Max: 2.71% - Min: -29.21% - Market Cap 17727 - Trading time: 00:00:12
08-09-2025 17:23:46.324 INFO Current price: 0.000000080327 - Current percentage: -2.58% - Max: 2.71% - Min: -29.21% - Market Cap 16814 - Trading time: 00:00:12
08-09-2025 17:23:46.491 INFO Current price: 0.000000078688 - Current percentage: -1.44% - Max: 2.71% - Min: -29.21% - Market Cap 17011 - Trading time: 00:00:12
08-09-2025 17:23:46.850 INFO Current price: 0.000000073337 - Current percentage: -15.38% - Max: 2.71% - Min: -29.21% - Market Cap 14605 - Trading time: 00:00:13
08-09-2025 17:23:46.906 INFO Current price: 0.000000070083 - Current percentage: -9.99% - Max: 2.71% - Min: -29.21% - Market Cap 15535 - Trading time: 00:00:13
08-09-2025 17:23:46.968 INFO Current price: 0.000000073013 - Current percentage: -8.16% - Max: 2.71% - Min: -29.21% - Market Cap 15852 - Trading time: 00:00:13
08-09-2025 17:23:47.119 INFO Current price: 0.000000072313 - Current percentage: -11.71% - Max: 2.71% - Min: -29.21% - Market Cap 15239 - Trading time: 00:00:13
08-09-2025 17:23:47.678 INFO Current price: 0.000000071052 - Current percentage: -11.33% - Max: 2.71% - Min: -29.21% - Market Cap 15304 - Trading time: 00:00:14
08-09-2025 17:23:47.680 INFO Current price: 0.000000071276 - Current percentage: -11.15% - Max: 2.71% - Min: -29.21% - Market Cap 15335 - Trading time: 00:00:14
08-09-2025 17:23:47.728 INFO Current price: 0.000000073686 - Current percentage: -5.23% - Max: 2.71% - Min: -29.21% - Market Cap 16356 - Trading time: 00:00:14
08-09-2025 17:23:47.737 INFO Current price: 0.000000078197 - Current percentage: 0.06% - Max: 2.71% - Min: -29.21% - Market Cap 17270 - Trading time: 00:00:14
08-09-2025 17:23:48.106 INFO Current price: 0.000000080650 - Current percentage: 0.81% - Max: 2.71% - Min: -29.21% - Market Cap 17399 - Trading time: 00:00:14
08-09-2025 17:23:49.006 INFO Current price: 0.000000080950 - Current percentage: 0.80% - Max: 2.71% - Min: -29.21% - Market Cap 17398 - Trading time: 00:00:15
08-09-2025 17:23:49.340 INFO Current price: 0.000000078348 - Current percentage: -5.57% - Max: 2.71% - Min: -29.21% - Market Cap 16298 - Trading time: 00:00:15
08-09-2025 17:23:49.893 INFO Current price: 0.000000074265 - Current percentage: -9.43% - Max: 2.71% - Min: -29.21% - Market Cap 15632 - Trading time: 00:00:16
08-09-2025 17:23:49.896 INFO Current price: 0.000000072252 - Current percentage: -10.62% - Max: 2.71% - Min: -29.21% - Market Cap 15427 - Trading time: 00:00:16
08-09-2025 17:23:49.965 INFO Current price: 0.000000071624 - Current percentage: -11.00% - Max: 2.71% - Min: -29.21% - Market Cap 15361 - Trading time: 00:00:16
08-09-2025 17:23:50.204 INFO Current price: 0.000000071895 - Current percentage: -9.94% - Max: 2.71% - Min: -29.21% - Market Cap 15544 - Trading time: 00:00:16
08-09-2025 17:23:50.501 INFO Current price: 0.000000075253 - Current percentage: -2.49% - Max: 2.71% - Min: -29.21% - Market Cap 16830 - Trading time: 00:00:16
08-09-2025 17:23:50.561 INFO Current price: 0.000000078473 - Current percentage: -2.07% - Max: 2.71% - Min: -29.21% - Market Cap 16903 - Trading time: 00:00:17
08-09-2025 17:23:51.266 INFO Current price: 0.000000074515 - Current percentage: -12.08% - Max: 2.71% - Min: -29.21% - Market Cap 15175 - Trading time: 00:00:17
08-09-2025 17:23:51.404 INFO Current price: 0.000000071327 - Current percentage: -10.27% - Max: 2.71% - Min: -29.21% - Market Cap 15488 - Trading time: 00:00:17
08-09-2025 17:23:51.569 INFO Current price: 0.000000072134 - Current percentage: -10.08% - Max: 2.71% - Min: -29.21% - Market Cap 15520 - Trading time: 00:00:18
08-09-2025 17:23:52.225 INFO Current price: 0.000000072950 - Current percentage: -8.23% - Max: 2.71% - Min: -29.21% - Market Cap 15840 - Trading time: 00:00:18
08-09-2025 17:23:52.781 INFO Current price: 0.000000073919 - Current percentage: -7.67% - Max: 2.71% - Min: -29.21% - Market Cap 15935 - Trading time: 00:00:19
08-09-2025 17:23:52.850 INFO Current price: 0.000000074512 - Current percentage: -6.75% - Max: 2.71% - Min: -29.21% - Market Cap 16095 - Trading time: 00:00:19
08-09-2025 17:23:52.851 INFO Current price: 0.000000073759 - Current percentage: -9.53% - Max: 2.71% - Min: -29.21% - Market Cap 15615 - Trading time: 00:00:19
08-09-2025 17:23:52.860 INFO Current price: 0.000000070645 - Current percentage: -14.45% - Max: 2.71% - Min: -29.21% - Market Cap 14765 - Trading time: 00:00:19
08-09-2025 17:23:52.997 INFO Current price: 0.000000063596 - Current percentage: -26.68% - Max: 2.71% - Min: -29.21% - Market Cap 12654 - Trading time: 00:00:19
08-09-2025 17:23:53.166 INFO Current price: 0.000000059140 - Current percentage: -26.02% - Max: 2.71% - Min: -29.21% - Market Cap 12768 - Trading time: 00:00:19
08-09-2025 17:23:53.203 INFO Current price: 0.000000055963 - Current percentage: -34.35% - Max: 2.71% - Min: -34.35% - Market Cap 11331 - Trading time: 00:00:19
08-09-2025 17:23:53.205 INFO Current price: 0.000000052696 - Current percentage: -34.41% - Max: 2.71% - Min: -34.41% - Market Cap 11321 - Trading time: 00:00:19
08-09-2025 17:23:53.206 INFO Current price: 0.000000052645 - Current percentage: -34.47% - Max: 2.71% - Min: -34.47% - Market Cap 11309 - Trading time: 00:00:19
08-09-2025 17:23:53.295 INFO Current price: 0.000000052456 - Current percentage: -34.88% - Max: 2.71% - Min: -34.88% - Market Cap 11240 - Trading time: 00:00:19
08-09-2025 17:23:53.623 INFO Current price: 0.000000052200 - Current percentage: -35.11% - Max: 2.71% - Min: -35.11% - Market Cap 11199 - Trading time: 00:00:20
08-09-2025 17:23:54.877 INFO Current price: 0.000000051664 - Current percentage: -36.21% - Max: 2.71% - Min: -36.21% - Market Cap 11010 - Trading time: 00:00:21
08-09-2025 17:23:54.994 INFO Current price: 0.000000050988 - Current percentage: -36.80% - Max: 2.71% - Min: -36.80% - Market Cap 10908 - Trading time: 00:00:21
08-09-2025 17:23:55.581 INFO Current price: 0.000000050895 - Current percentage: -36.44% - Max: 2.71% - Min: -36.80% - Market Cap 10970 - Trading time: 00:00:22
08-09-2025 17:23:55.815 INFO Current price: 0.000000051039 - Current percentage: -36.44% - Max: 2.71% - Min: -36.80% - Market Cap 10970 - Trading time: 00:00:22
08-09-2025 17:23:55.872 INFO Current price: 0.000000049421 - Current percentage: -40.41% - Max: 2.71% - Min: -40.41% - Market Cap 10285 - Trading time: 00:00:22
08-09-2025 17:23:56.057 INFO Current price: 0.000000047867 - Current percentage: -40.38% - Max: 2.71% - Min: -40.41% - Market Cap 10291 - Trading time: 00:00:22
08-09-2025 17:23:56.317 INFO Current price: 0.000000045280 - Current percentage: -46.67% - Max: 2.71% - Min: -46.67% - Market Cap 9204 - Trading time: 00:00:22
08-09-2025 17:23:56.525 INFO Current price: 0.000000042879 - Current percentage: -46.53% - Max: 2.71% - Min: -46.67% - Market Cap 9228 - Trading time: 00:00:22
08-09-2025 17:23:56.788 INFO Current price: 0.000000044064 - Current percentage: -43.68% - Max: 2.71% - Min: -46.67% - Market Cap 9720 - Trading time: 00:00:23
08-09-2025 17:23:56.806 INFO Current price: 0.000000045571 - Current percentage: -42.81% - Max: 2.71% - Min: -46.67% - Market Cap 9870 - Trading time: 00:00:23
08-09-2025 17:23:56.870 INFO Current price: 0.000000045934 - Current percentage: -42.78% - Max: 2.71% - Min: -46.67% - Market Cap 9875 - Trading time: 00:00:23
08-09-2025 17:23:56.924 INFO Current price: 0.000000046694 - Current percentage: -40.91% - Max: 2.71% - Min: -46.67% - Market Cap 10199 - Trading time: 00:00:23
08-09-2025 17:23:56.926 INFO Current price: 0.000000048335 - Current percentage: -38.69% - Max: 2.71% - Min: -46.67% - Market Cap 10582 - Trading time: 00:00:23
08-09-2025 17:23:56.928 INFO Current price: 0.000000048278 - Current percentage: -41.04% - Max: 2.71% - Min: -46.67% - Market Cap 10175 - Trading time: 00:00:23
08-09-2025 17:23:56.962 INFO Current price: 0.000000047303 - Current percentage: -41.14% - Max: 2.71% - Min: -46.67% - Market Cap 10158 - Trading time: 00:00:23
08-09-2025 17:23:57.161 INFO Current price: 0.000000047171 - Current percentage: -41.37% - Max: 2.71% - Min: -46.67% - Market Cap 10119 - Trading time: 00:00:23
08-09-2025 17:23:57.198 INFO Current price: 0.000000047042 - Current percentage: -41.47% - Max: 2.71% - Min: -46.67% - Market Cap 10102 - Trading time: 00:00:23
08-09-2025 17:23:57.256 INFO Current price: 0.000000046370 - Current percentage: -43.03% - Max: 2.71% - Min: -46.67% - Market Cap 9832 - Trading time: 00:00:23
08-09-2025 17:23:57.258 INFO Current price: 0.000000045029 - Current percentage: -44.80% - Max: 2.71% - Min: -46.67% - Market Cap 9526 - Trading time: 00:00:23
08-09-2025 17:23:57.485 INFO Current price: 0.000000045471 - Current percentage: -41.91% - Max: 2.71% - Min: -46.67% - Market Cap 10026 - Trading time: 00:00:23
08-09-2025 17:23:57.589 INFO Current price: 0.000000046767 - Current percentage: -41.61% - Max: 2.71% - Min: -46.67% - Market Cap 10077 - Trading time: 00:00:24
08-09-2025 17:23:57.665 INFO Current price: 0.000000046898 - Current percentage: -41.58% - Max: 2.71% - Min: -46.67% - Market Cap 10082 - Trading time: 00:00:24
08-09-2025 17:23:57.688 INFO Current price: 0.000000047263 - Current percentage: -40.70% - Max: 2.71% - Min: -46.67% - Market Cap 10235 - Trading time: 00:00:24
08-09-2025 17:23:57.699 INFO Current price: 0.000000047822 - Current percentage: -40.19% - Max: 2.71% - Min: -46.67% - Market Cap 10322 - Trading time: 00:00:24
08-09-2025 17:23:57.763 INFO Current price: 0.000000048149 - Current percentage: -39.88% - Max: 2.71% - Min: -46.67% - Market Cap 10375 - Trading time: 00:00:24
08-09-2025 17:23:58.212 INFO Current price: 0.000000048260 - Current percentage: -39.92% - Max: 2.71% - Min: -46.67% - Market Cap 10370 - Trading time: 00:00:24
08-09-2025 17:23:58.299 INFO Current price: 0.000000048488 - Current percentage: -39.32% - Max: 2.71% - Min: -46.67% - Market Cap 10474 - Trading time: 00:00:24
08-09-2025 17:23:58.712 INFO Current price: 0.000000048863 - Current percentage: -38.99% - Max: 2.71% - Min: -46.67% - Market Cap 10531 - Trading time: 00:00:25
08-09-2025 17:23:59.012 INFO Current price: 0.000000049237 - Current percentage: -38.38% - Max: 2.71% - Min: -46.67% - Market Cap 10635 - Trading time: 00:00:25
08-09-2025 17:23:59.665 INFO Current price: 0.000000050704 - Current percentage: -35.30% - Max: 2.71% - Min: -46.67% - Market Cap 11168 - Trading time: 00:00:26
08-09-2025 17:23:59.768 INFO Current price: 0.000000051973 - Current percentage: -35.26% - Max: 2.71% - Min: -46.67% - Market Cap 11173 - Trading time: 00:00:26
08-09-2025 17:23:59.878 INFO Current price: 0.000000051959 - Current percentage: -35.26% - Max: 2.71% - Min: -46.67% - Market Cap 11173 - Trading time: 00:00:26
08-09-2025 17:24:00.032 INFO Current price: 0.000000051116 - Current percentage: -37.41% - Max: 2.71% - Min: -46.67% - Market Cap 10802 - Trading time: 00:00:26
08-09-2025 17:24:00.061 INFO Current price: 0.000000049335 - Current percentage: -39.69% - Max: 2.71% - Min: -46.67% - Market Cap 10408 - Trading time: 00:00:26
08-09-2025 17:24:00.745 INFO Current price: 0.000000047182 - Current percentage: -42.75% - Max: 2.71% - Min: -46.67% - Market Cap 9880 - Trading time: 00:00:27
08-09-2025 17:24:01.035 INFO Current price: 0.000000045958 - Current percentage: -42.78% - Max: 2.71% - Min: -46.67% - Market Cap 9875 - Trading time: 00:00:27
08-09-2025 17:24:02.473 INFO Current price: 0.000000046017 - Current percentage: -42.61% - Max: 2.71% - Min: -46.67% - Market Cap 9905 - Trading time: 00:00:28
08-09-2025 17:24:02.898 INFO Current price: 0.000000046204 - Current percentage: -42.32% - Max: 2.71% - Min: -46.67% - Market Cap 9956 - Trading time: 00:00:29
08-09-2025 17:24:03.986 INFO Current price: 0.000000046345 - Current percentage: -42.26% - Max: 2.71% - Min: -46.67% - Market Cap 9966 - Trading time: 00:00:30
08-09-2025 17:24:04.102 INFO Current price: 0.000000045990 - Current percentage: -43.20% - Max: 2.71% - Min: -46.67% - Market Cap 9804 - Trading time: 00:00:30
08-09-2025 17:24:04.510 INFO Current price: 0.000000045594 - Current percentage: -43.25% - Max: 2.71% - Min: -46.67% - Market Cap 9795 - Trading time: 00:00:30
08-09-2025 17:24:04.719 INFO Current price: 0.000000044401 - Current percentage: -46.13% - Max: 2.71% - Min: -46.67% - Market Cap 9298 - Trading time: 00:00:31
08-09-2025 17:24:04.993 INFO Current price: 0.000000043026 - Current percentage: -46.71% - Max: 2.71% - Min: -46.71% - Market Cap 9198 - Trading time: 00:00:31
08-09-2025 17:24:05.189 INFO Current price: 0.000000044462 - Current percentage: -42.47% - Max: 2.71% - Min: -46.71% - Market Cap 9929 - Trading time: 00:00:31
08-09-2025 17:24:05.193 INFO Current price: 0.000000047976 - Current percentage: -37.95% - Max: 2.71% - Min: -46.71% - Market Cap 10709 - Trading time: 00:00:31
08-09-2025 17:24:05.212 INFO Current price: 0.000000049887 - Current percentage: -37.80% - Max: 2.71% - Min: -46.71% - Market Cap 10735 - Trading time: 00:00:31
08-09-2025 17:24:05.245 INFO Current price: 0.000000049937 - Current percentage: -37.83% - Max: 2.71% - Min: -46.71% - Market Cap 10731 - Trading time: 00:00:31
08-09-2025 17:24:05.274 INFO Current price: 0.000000049723 - Current percentage: -38.33% - Max: 2.71% - Min: -46.71% - Market Cap 10643 - Trading time: 00:00:31
08-09-2025 17:24:05.318 INFO Current price: 0.000000048852 - Current percentage: -39.98% - Max: 2.71% - Min: -46.71% - Market Cap 10358 - Trading time: 00:00:31
08-09-2025 17:24:05.455 INFO Current price: 0.000000047961 - Current percentage: -40.56% - Max: 2.71% - Min: -46.71% - Market Cap 10258 - Trading time: 00:00:31
08-09-2025 17:24:05.701 INFO Current price: 0.000000048205 - Current percentage: -39.37% - Max: 2.71% - Min: -46.71% - Market Cap 10464 - Trading time: 00:00:32
08-09-2025 17:24:06.265 INFO Current price: 0.000000048926 - Current percentage: -38.77% - Max: 2.71% - Min: -46.71% - Market Cap 10568 - Trading time: 00:00:32
08-09-2025 17:24:06.759 INFO Current price: 0.000000049204 - Current percentage: -38.68% - Max: 2.71% - Min: -46.71% - Market Cap 10583 - Trading time: 00:00:33
08-09-2025 17:24:06.761 INFO Current price: 0.000000049543 - Current percentage: -37.93% - Max: 2.71% - Min: -46.71% - Market Cap 10714 - Trading time: 00:00:33
08-09-2025 17:24:07.351 INFO Current price: 0.000000049859 - Current percentage: -37.90% - Max: 2.71% - Min: -46.71% - Market Cap 10719 - Trading time: 00:00:33
08-09-2025 17:24:07.530 INFO Current price: 0.000000050054 - Current percentage: -37.44% - Max: 2.71% - Min: -46.71% - Market Cap 10797 - Trading time: 00:00:33
08-09-2025 17:24:08.107 INFO Current price: 0.000000050105 - Current percentage: -37.77% - Max: 2.71% - Min: -46.71% - Market Cap 10741 - Trading time: 00:00:34
08-09-2025 17:24:08.328 INFO Current price: 0.000000049902 - Current percentage: -37.94% - Max: 2.71% - Min: -46.71% - Market Cap 10710 - Trading time: 00:00:34
08-09-2025 17:24:10.926 INFO Current price: 0.000000048008 - Current percentage: -42.40% - Max: 2.71% - Min: -46.71% - Market Cap 9941 - Trading time: 00:00:37
08-09-2025 17:24:11.065 INFO Current price: 0.000000045910 - Current percentage: -43.25% - Max: 2.71% - Min: -46.71% - Market Cap 9794 - Trading time: 00:00:37
08-09-2025 17:24:12.097 INFO Current price: 0.000000045522 - Current percentage: -43.37% - Max: 2.71% - Min: -46.71% - Market Cap 9774 - Trading time: 00:00:38
08-09-2025 17:24:12.301 INFO Current price: 0.000000040546 - Current percentage: -54.98% - Max: 2.71% - Min: -54.98% - Market Cap 7770 - Trading time: 00:00:38
08-09-2025 17:24:12.446 INFO Current price: 0.000000035843 - Current percentage: -55.74% - Max: 2.71% - Min: -55.74% - Market Cap 7638 - Trading time: 00:00:38
08-09-2025 17:24:12.546 INFO Current price: 0.000000035450 - Current percentage: -55.96% - Max: 2.71% - Min: -55.96% - Market Cap 7600 - Trading time: 00:00:39
08-09-2025 17:24:12.627 INFO Current price: 0.000000035342 - Current percentage: -55.96% - Max: 2.71% - Min: -55.96% - Market Cap 7600 - Trading time: 00:00:39
08-09-2025 17:24:13.268 INFO Current price: 0.000000035281 - Current percentage: -56.17% - Max: 2.71% - Min: -56.17% - Market Cap 7566 - Trading time: 00:00:39
08-09-2025 17:24:13.377 INFO Current price: 0.000000035092 - Current percentage: -56.43% - Max: 2.71% - Min: -56.43% - Market Cap 7519 - Trading time: 00:00:39
08-09-2025 17:24:13.848 INFO Current price: 0.000000034859 - Current percentage: -56.75% - Max: 2.71% - Min: -56.75% - Market Cap 7465 - Trading time: 00:00:40
08-09-2025 17:24:14.064 INFO Current price: 0.000000033988 - Current percentage: -58.58% - Max: 2.71% - Min: -58.58% - Market Cap 7148 - Trading time: 00:00:40
08-09-2025 17:24:14.066 INFO Current price: 0.000000033248 - Current percentage: -58.61% - Max: 2.71% - Min: -58.61% - Market Cap 7144 - Trading time: 00:00:40
08-09-2025 17:24:14.066 INFO Current price: 0.000000033224 - Current percentage: -58.64% - Max: 2.71% - Min: -58.64% - Market Cap 7138 - Trading time: 00:00:40
08-09-2025 17:24:14.478 INFO Current price: 0.000000033101 - Current percentage: -58.92% - Max: 2.71% - Min: -58.92% - Market Cap 7091 - Trading time: 00:00:40
08-09-2025 17:24:14.874 INFO Current price: 0.000000032777 - Current percentage: -59.45% - Max: 2.71% - Min: -59.45% - Market Cap 6999 - Trading time: 00:00:41
08-09-2025 17:24:14.918 INFO Current price: 0.000000034103 - Current percentage: -55.53% - Max: 2.71% - Min: -59.45% - Market Cap 7676 - Trading time: 00:00:41
08-09-2025 17:24:14.930 INFO Current price: 0.000000037193 - Current percentage: -51.77% - Max: 2.71% - Min: -59.45% - Market Cap 8325 - Trading time: 00:00:41
08-09-2025 17:24:15.086 INFO Current price: 0.000000038679 - Current percentage: -51.90% - Max: 2.71% - Min: -59.45% - Market Cap 8302 - Trading time: 00:00:41
08-09-2025 17:24:15.552 INFO Current price: 0.000000038536 - Current percentage: -52.12% - Max: 2.71% - Min: -59.45% - Market Cap 8263 - Trading time: 00:00:42
08-09-2025 17:24:16.412 INFO Current price: 0.000000038479 - Current percentage: -52.04% - Max: 2.71% - Min: -59.45% - Market Cap 8277 - Trading time: 00:00:42
08-09-2025 17:24:18.623 INFO Current price: 0.000000038457 - Current percentage: -52.18% - Max: 2.71% - Min: -59.45% - Market Cap 8254 - Trading time: 00:00:45
08-09-2025 17:24:20.675 INFO Current price: 0.000000038238 - Current percentage: -52.59% - Max: 2.71% - Min: -59.45% - Market Cap 8183 - Trading time: 00:00:47
08-09-2025 17:24:21.046 INFO Current price: 0.000000038084 - Current percentage: -52.56% - Max: 2.71% - Min: -59.45% - Market Cap 8188 - Trading time: 00:00:47
08-09-2025 17:24:21.609 INFO Current price: 0.000000037656 - Current percentage: -53.65% - Max: 2.71% - Min: -59.45% - Market Cap 8000 - Trading time: 00:00:48
08-09-2025 17:24:26.473 INFO Current price: 0.000000035769 - Current percentage: -57.19% - Max: 2.71% - Min: -59.45% - Market Cap 7388 - Trading time: 00:00:52
08-09-2025 17:24:26.528 INFO Current price: 0.000000032852 - Current percentage: -60.90% - Max: 2.71% - Min: -60.90% - Market Cap 6748 - Trading time: 00:00:52
08-09-2025 17:24:26.604 INFO Current price: 0.000000031324 - Current percentage: -61.08% - Max: 2.71% - Min: -61.08% - Market Cap 6717 - Trading time: 00:00:53
08-09-2025 17:24:27.263 INFO Current price: 0.000000031255 - Current percentage: -61.07% - Max: 2.71% - Min: -61.08% - Market Cap 6719 - Trading time: 00:00:53
08-09-2025 17:24:28.251 INFO Current price: 0.000000031255 - Current percentage: -61.08% - Max: 2.71% - Min: -61.08% - Market Cap 6717 - Trading time: 00:00:54
08-09-2025 17:24:30.838 INFO Current price: 0.000000031074 - Current percentage: -61.52% - Max: 2.71% - Min: -61.52% - Market Cap 6641 - Trading time: 00:00:57
08-09-2025 17:24:31.179 INFO Current price: 0.000000030779 - Current percentage: -61.82% - Max: 2.71% - Min: -61.82% - Market Cap 6589 - Trading time: 00:00:57
08-09-2025 17:24:33.593 INFO Current price: 0.000000030457 - Current percentage: -62.32% - Max: 2.71% - Min: -62.32% - Market Cap 6503 - Trading time: 00:01:00
08-09-2025 17:24:34.714 INFO Current price: 0.000000030240 - Current percentage: -62.36% - Max: 2.71% - Min: -62.36% - Market Cap 6496 - Trading time: 00:01:01
08-09-2025 17:24:36.103 INFO Current price: 0.000000030181 - Current percentage: -62.47% - Max: 2.71% - Min: -62.47% - Market Cap 6478 - Trading time: 00:01:02
08-09-2025 17:24:36.104 INFO Current price: 0.000000030130 - Current percentage: -62.49% - Max: 2.71% - Min: -62.49% - Market Cap 6474 - Trading time: 00:01:02
08-09-2025 17:24:39.951 INFO Current price: 0.000000030093 - Current percentage: -62.56% - Max: 2.71% - Min: -62.56% - Market Cap 6462 - Trading time: 00:01:06
08-09-2025 17:24:40.632 INFO Current price: 0.000000030013 - Current percentage: -62.69% - Max: 2.71% - Min: -62.69% - Market Cap 6439 - Trading time: 00:01:07
08-09-2025 17:24:41.096 INFO Current price: 0.000000030054 - Current percentage: -62.46% - Max: 2.71% - Min: -62.69% - Market Cap 6480 - Trading time: 00:01:07
08-09-2025 17:24:41.450 INFO Current price: 0.000000030204 - Current percentage: -62.32% - Max: 2.71% - Min: -62.69% - Market Cap 6503 - Trading time: 00:01:07
08-09-2025 17:24:47.668 INFO Current price: 0.000000030212 - Current percentage: -62.44% - Max: 2.71% - Min: -62.69% - Market Cap 6483 - Trading time: 00:01:14
08-09-2025 17:24:51.367 INFO Current price: 0.000000029607 - Current percentage: -63.81% - Max: 2.71% - Min: -63.81% - Market Cap 6246 - Trading time: 00:01:17
08-09-2025 17:24:56.648 INFO Current price: 0.000000029054 - Current percentage: -63.83% - Max: 2.71% - Min: -63.83% - Market Cap 6243 - Trading time: 00:01:23
08-09-2025 17:24:57.050 INFO Current price: 0.000000029043 - Current percentage: -63.84% - Max: 2.71% - Min: -63.84% - Market Cap 6241 - Trading time: 00:01:23
08-09-2025 17:25:00.903 INFO Current price: 0.000000028947 - Current percentage: -64.06% - Max: 2.71% - Min: -64.06% - Market Cap 6202 - Trading time: 00:01:27
08-09-2025 17:25:20.693 INFO Current price: 0.000000029043 - Current percentage: -63.60% - Max: 2.71% - Min: -64.06% - Market Cap 6283 - Trading time: 00:01:47
08-09-2025 17:25:22.988 INFO Current price: 0.000000029360 - Current percentage: -63.28% - Max: 2.71% - Min: -64.06% - Market Cap 6338 - Trading time: 00:01:49
08-09-2025 17:25:24.056 INFO Current price: 0.000000029535 - Current percentage: -63.16% - Max: 2.71% - Min: -64.06% - Market Cap 6357 - Trading time: 00:01:50
08-09-2025 17:25:25.570 INFO Current price: 0.000000029635 - Current percentage: -63.03% - Max: 2.71% - Min: -64.06% - Market Cap 6382 - Trading time: 00:01:52
08-09-2025 17:25:27.647 INFO Current price: 0.000000030011 - Current percentage: -62.22% - Max: 2.71% - Min: -64.06% - Market Cap 6520 - Trading time: 00:01:54
08-09-2025 17:25:27.757 INFO Current price: 0.000000030337 - Current percentage: -62.22% - Max: 2.71% - Min: -64.06% - Market Cap 6521 - Trading time: 00:01:54
08-09-2025 17:25:29.316 INFO Current price: 0.000000030790 - Current percentage: -61.09% - Max: 2.71% - Min: -64.06% - Market Cap 6716 - Trading time: 00:01:55
08-09-2025 17:25:30.975 INFO Current price: 0.000000031652 - Current percentage: -60.08% - Max: 2.71% - Min: -64.06% - Market Cap 6891 - Trading time: 00:01:57
08-09-2025 17:25:32.980 INFO Current price: 0.000000032374 - Current percentage: -59.29% - Max: 2.71% - Min: -64.06% - Market Cap 7026 - Trading time: 00:01:59
08-09-2025 17:25:33.167 INFO Current price: 0.000000032693 - Current percentage: -59.28% - Max: 2.71% - Min: -64.06% - Market Cap 7027 - Trading time: 00:01:59
08-09-2025 17:25:35.468 INFO Current price: 0.000000032897 - Current percentage: -58.78% - Max: 2.71% - Min: -64.06% - Market Cap 7114 - Trading time: 00:02:01
08-09-2025 17:25:35.669 INFO Current price: 0.000000033243 - Current percentage: -58.42% - Max: 2.71% - Min: -64.06% - Market Cap 7176 - Trading time: 00:02:02
08-09-2025 17:25:38.171 INFO Current price: 0.000000033620 - Current percentage: -57.84% - Max: 2.71% - Min: -64.06% - Market Cap 7277 - Trading time: 00:02:04
08-09-2025 17:25:39.874 INFO Current price: 0.000000034119 - Current percentage: -57.18% - Max: 2.71% - Min: -64.06% - Market Cap 7390 - Trading time: 00:02:06
08-09-2025 17:25:42.111 INFO Current price: 0.000000034493 - Current percentage: -56.91% - Max: 2.71% - Min: -64.06% - Market Cap 7437 - Trading time: 00:02:08
08-09-2025 17:25:44.110 INFO Current price: 0.000000035006 - Current percentage: -55.90% - Max: 2.71% - Min: -64.06% - Market Cap 7612 - Trading time: 00:02:10
08-09-2025 17:25:46.020 INFO Current price: 0.000000035836 - Current percentage: -54.84% - Max: 2.71% - Min: -64.06% - Market Cap 7794 - Trading time: 00:02:12
08-09-2025 17:25:47.810 INFO Current price: 0.000000036471 - Current percentage: -54.32% - Max: 2.71% - Min: -64.06% - Market Cap 7884 - Trading time: 00:02:14
08-09-2025 17:25:48.258 INFO Current price: 0.000000036733 - Current percentage: -54.19% - Max: 2.71% - Min: -64.06% - Market Cap 7906 - Trading time: 00:02:14
08-09-2025 17:25:49.860 INFO Current price: 0.000000037187 - Current percentage: -53.00% - Max: 2.71% - Min: -64.06% - Market Cap 8111 - Trading time: 00:02:16
08-09-2025 17:25:51.474 INFO Current price: 0.000000037722 - Current percentage: -52.68% - Max: 2.71% - Min: -64.06% - Market Cap 8167 - Trading time: 00:02:17
08-09-2025 17:25:53.489 INFO Current price: 0.000000037689 - Current percentage: -53.09% - Max: 2.71% - Min: -64.06% - Market Cap 8097 - Trading time: 00:02:19
08-09-2025 17:25:53.556 INFO Current price: 0.000000037747 - Current percentage: -52.53% - Max: 2.71% - Min: -64.06% - Market Cap 8192 - Trading time: 00:02:20
08-09-2025 17:25:54.414 INFO Current price: 0.000000038022 - Current percentage: -52.40% - Max: 2.71% - Min: -64.06% - Market Cap 8216 - Trading time: 00:02:20
08-09-2025 17:25:55.645 INFO Current price: 0.000000038550 - Current percentage: -51.21% - Max: 2.71% - Min: -64.06% - Market Cap 8422 - Trading time: 00:02:22
08-09-2025 17:25:58.362 INFO Current price: 0.000000039137 - Current percentage: -50.94% - Max: 2.71% - Min: -64.06% - Market Cap 8468 - Trading time: 00:02:24
08-09-2025 17:25:59.480 INFO Current price: 0.000000039294 - Current percentage: -50.81% - Max: 2.71% - Min: -64.06% - Market Cap 8489 - Trading time: 00:02:25
08-09-2025 17:26:00.394 INFO Current price: 0.000000039738 - Current percentage: -49.82% - Max: 2.71% - Min: -64.06% - Market Cap 8660 - Trading time: 00:02:26
08-09-2025 17:26:02.479 INFO Current price: 0.000000040295 - Current percentage: -49.43% - Max: 2.71% - Min: -64.06% - Market Cap 8729 - Trading time: 00:02:28
08-09-2025 17:26:02.597 INFO Current price: 0.000000040464 - Current percentage: -49.40% - Max: 2.71% - Min: -64.06% - Market Cap 8733 - Trading time: 00:02:29
08-09-2025 17:26:03.742 INFO Current price: 0.000000040486 - Current percentage: -49.37% - Max: 2.71% - Min: -64.06% - Market Cap 8738 - Trading time: 00:02:30
08-09-2025 17:26:04.161 INFO Current price: 0.000000040572 - Current percentage: -49.19% - Max: 2.71% - Min: -64.06% - Market Cap 8770 - Trading time: 00:02:30
08-09-2025 17:26:06.018 INFO Current price: 0.000000041061 - Current percentage: -48.14% - Max: 2.71% - Min: -64.06% - Market Cap 8950 - Trading time: 00:02:32
08-09-2025 17:26:07.455 INFO Current price: 0.000000041406 - Current percentage: -48.33% - Max: 2.71% - Min: -64.06% - Market Cap 8918 - Trading time: 00:02:33
08-09-2025 17:26:07.857 INFO Current price: 0.000000041783 - Current percentage: -47.19% - Max: 2.71% - Min: -64.06% - Market Cap 9114 - Trading time: 00:02:34
08-09-2025 17:26:08.153 INFO Current price: 0.000000042485 - Current percentage: -46.58% - Max: 2.71% - Min: -64.06% - Market Cap 9220 - Trading time: 00:02:34
08-09-2025 17:26:08.812 INFO Current price: 0.000000042744 - Current percentage: -46.55% - Max: 2.71% - Min: -64.06% - Market Cap 9226 - Trading time: 00:02:35
08-09-2025 17:26:09.522 INFO Current price: 0.000000043203 - Current percentage: -45.42% - Max: 2.71% - Min: -64.06% - Market Cap 9419 - Trading time: 00:02:35
08-09-2025 17:26:14.010 INFO Current price: 0.000000043501 - Current percentage: -45.81% - Max: 2.71% - Min: -64.06% - Market Cap 9353 - Trading time: 00:02:40
08-09-2025 17:26:17.522 INFO Current price: 0.000000043400 - Current percentage: -45.68% - Max: 2.71% - Min: -64.06% - Market Cap 9376 - Trading time: 00:02:43
08-09-2025 17:26:17.540 INFO Current price: 0.000000043199 - Current percentage: -46.31% - Max: 2.71% - Min: -64.06% - Market Cap 9267 - Trading time: 00:02:44
08-09-2025 17:26:18.871 INFO Current price: 0.000000042910 - Current percentage: -46.40% - Max: 2.71% - Min: -64.06% - Market Cap 9250 - Trading time: 00:02:45
08-09-2025 17:26:19.054 INFO Current price: 0.000000042806 - Current percentage: -46.57% - Max: 2.71% - Min: -64.06% - Market Cap 9222 - Trading time: 00:02:45
08-09-2025 17:26:19.804 INFO Current price: 0.000000043355 - Current percentage: -45.02% - Max: 2.71% - Min: -64.06% - Market Cap 9489 - Trading time: 00:02:46
08-09-2025 17:26:21.397 INFO Current price: 0.000000043822 - Current percentage: -45.41% - Max: 2.71% - Min: -64.06% - Market Cap 9422 - Trading time: 00:02:47
08-09-2025 17:26:21.648 INFO Current price: 0.000000044216 - Current percentage: -44.03% - Max: 2.71% - Min: -64.06% - Market Cap 9660 - Trading time: 00:02:48
08-09-2025 17:26:21.850 INFO Current price: 0.000000045046 - Current percentage: -43.34% - Max: 2.71% - Min: -64.06% - Market Cap 9779 - Trading time: 00:02:48
08-09-2025 17:26:22.254 INFO Current price: 0.000000045324 - Current percentage: -43.34% - Max: 2.71% - Min: -64.06% - Market Cap 9780 - Trading time: 00:02:48
08-09-2025 17:26:23.685 INFO Current price: 0.000000045984 - Current percentage: -41.68% - Max: 2.71% - Min: -64.06% - Market Cap 10066 - Trading time: 00:02:50
08-09-2025 17:26:24.718 INFO Current price: 0.000000047327 - Current percentage: -39.98% - Max: 2.71% - Min: -64.06% - Market Cap 10359 - Trading time: 00:02:51
08-09-2025 17:26:25.898 INFO Current price: 0.000000048482 - Current percentage: -38.79% - Max: 2.71% - Min: -64.06% - Market Cap 10564 - Trading time: 00:02:52
08-09-2025 17:26:28.552 INFO Current price: 0.000000049740 - Current percentage: -36.82% - Max: 2.71% - Min: -64.06% - Market Cap 10904 - Trading time: 00:02:55
08-09-2025 17:26:31.315 INFO Current price: 0.000000051125 - Current percentage: -35.34% - Max: 2.71% - Min: -64.06% - Market Cap 11160 - Trading time: 00:02:57
08-09-2025 17:26:33.961 INFO Current price: 0.000000052226 - Current percentage: -34.07% - Max: 2.71% - Min: -64.06% - Market Cap 11379 - Trading time: 00:03:00
08-09-2025 17:26:35.150 INFO Current price: 0.000000053361 - Current percentage: -32.50% - Max: 2.71% - Min: -64.06% - Market Cap 11650 - Trading time: 00:03:01
08-09-2025 17:26:35.198 INFO Current price: 0.000000054375 - Current percentage: -31.54% - Max: 2.71% - Min: -64.06% - Market Cap 11815 - Trading time: 00:03:01
08-09-2025 17:26:35.262 INFO Current price: 0.000000054887 - Current percentage: -31.22% - Max: 2.71% - Min: -64.06% - Market Cap 11871 - Trading time: 00:03:01
08-09-2025 17:26:35.407 INFO Current price: 0.000000055080 - Current percentage: -31.06% - Max: 2.71% - Min: -64.06% - Market Cap 11899 - Trading time: 00:03:01
08-09-2025 17:26:35.455 INFO Current price: 0.000000055224 - Current percentage: -30.86% - Max: 2.71% - Min: -64.06% - Market Cap 11933 - Trading time: 00:03:01
08-09-2025 17:26:35.495 INFO Current price: 0.000000055354 - Current percentage: -30.73% - Max: 2.71% - Min: -64.06% - Market Cap 11955 - Trading time: 00:03:01
08-09-2025 17:26:35.500 INFO Current price: 0.000000055418 - Current percentage: -30.70% - Max: 2.71% - Min: -64.06% - Market Cap 11960 - Trading time: 00:03:01
08-09-2025 17:26:35.526 INFO Current price: 0.000000055496 - Current percentage: -30.54% - Max: 2.71% - Min: -64.06% - Market Cap 11988 - Trading time: 00:03:01
08-09-2025 17:26:35.581 INFO Current price: 0.000000055639 - Current percentage: -30.34% - Max: 2.71% - Min: -64.06% - Market Cap 12022 - Trading time: 00:03:02
08-09-2025 17:26:36.127 INFO Current price: 0.000000056529 - Current percentage: -28.30% - Max: 2.71% - Min: -64.06% - Market Cap 12375 - Trading time: 00:03:02
08-09-2025 17:26:38.203 INFO Current price: 0.000000057764 - Current percentage: -27.27% - Max: 2.71% - Min: -64.06% - Market Cap 12553 - Trading time: 00:03:04
08-09-2025 17:26:40.043 INFO Current price: 0.000000058945 - Current percentage: -25.34% - Max: 2.71% - Min: -64.06% - Market Cap 12886 - Trading time: 00:03:06
08-09-2025 17:26:41.965 INFO Current price: 0.000000060430 - Current percentage: -23.56% - Max: 2.71% - Min: -64.06% - Market Cap 13194 - Trading time: 00:03:08
08-09-2025 17:26:43.399 INFO Current price: 0.000000061160 - Current percentage: -23.52% - Max: 2.71% - Min: -64.06% - Market Cap 13199 - Trading time: 00:03:09
08-09-2025 17:26:43.889 INFO Current price: 0.000000061187 - Current percentage: -23.49% - Max: 2.71% - Min: -64.06% - Market Cap 13205 - Trading time: 00:03:10
08-09-2025 17:26:44.032 INFO Current price: 0.000000062214 - Current percentage: -20.93% - Max: 2.71% - Min: -64.06% - Market Cap 13646 - Trading time: 00:03:10
08-09-2025 17:26:44.486 INFO Current price: 0.000000063382 - Current percentage: -20.59% - Max: 2.71% - Min: -64.06% - Market Cap 13706 - Trading time: 00:03:10
08-09-2025 17:26:48.284 INFO Current price: 0.000000063533 - Current percentage: -20.56% - Max: 2.71% - Min: -64.06% - Market Cap 13712 - Trading time: 00:03:14
08-09-2025 17:26:48.691 INFO Current price: 0.000000063569 - Current percentage: -20.50% - Max: 2.71% - Min: -64.06% - Market Cap 13721 - Trading time: 00:03:15
08-09-2025 17:26:49.645 INFO Current price: 0.000000063605 - Current percentage: -20.47% - Max: 2.71% - Min: -64.06% - Market Cap 13727 - Trading time: 00:03:16
08-09-2025 17:26:50.258 INFO Current price: 0.000000063654 - Current percentage: -20.38% - Max: 2.71% - Min: -64.06% - Market Cap 13742 - Trading time: 00:03:16
08-09-2025 17:26:56.308 INFO Current price: 0.000000063250 - Current percentage: -21.47% - Max: 2.71% - Min: -64.06% - Market Cap 13553 - Trading time: 00:03:22
08-09-2025 17:26:57.207 INFO Current price: 0.000000062799 - Current percentage: -21.51% - Max: 2.71% - Min: -64.06% - Market Cap 13547 - Trading time: 00:03:23
08-09-2025 17:27:03.782 INFO Current price: 0.000000063226 - Current percentage: -20.40% - Max: 2.71% - Min: -64.06% - Market Cap 13738 - Trading time: 00:03:30
08-09-2025 17:27:12.037 INFO Current price: 0.000000063812 - Current percentage: -20.05% - Max: 2.71% - Min: -64.06% - Market Cap 13799 - Trading time: 00:03:38
08-09-2025 17:27:16.693 INFO Current price: 0.000000063954 - Current percentage: -20.05% - Max: 2.71% - Min: -64.06% - Market Cap 13800 - Trading time: 00:03:43
08-09-2025 17:27:19.991 INFO Current price: 0.000000063956 - Current percentage: -20.04% - Max: 2.71% - Min: -64.06% - Market Cap 13800 - Trading time: 00:03:46
08-09-2025 17:27:29.931 INFO Current price: 0.000000063956 - Current percentage: -20.05% - Max: 2.71% - Min: -64.06% - Market Cap 13800 - Trading time: 00:03:56
08-09-2025 17:27:33.003 INFO Current price: 0.000000063140 - Current percentage: -22.07% - Max: 2.71% - Min: -64.06% - Market Cap 13450 - Trading time: 00:03:59
08-09-2025 17:27:33.263 INFO Current price: 0.000000061869 - Current percentage: -23.23% - Max: 2.71% - Min: -64.06% - Market Cap 13250 - Trading time: 00:03:59
08-09-2025 17:27:33.296 INFO Current price: 0.000000060972 - Current percentage: -24.31% - Max: 2.71% - Min: -64.06% - Market Cap 13063 - Trading time: 00:03:59
08-09-2025 17:27:33.444 INFO Current price: 0.000000060392 - Current percentage: -24.68% - Max: 2.71% - Min: -64.06% - Market Cap 12999 - Trading time: 00:03:59
08-09-2025 17:27:33.565 INFO Current price: 0.000000060222 - Current percentage: -24.74% - Max: 2.71% - Min: -64.06% - Market Cap 12989 - Trading time: 00:04:00
08-09-2025 17:27:34.027 INFO Current price: 0.000000060195 - Current percentage: -24.75% - Max: 2.71% - Min: -64.06% - Market Cap 12987 - Trading time: 00:04:00
08-09-2025 17:27:34.120 INFO Current price: 0.000000060185 - Current percentage: -24.77% - Max: 2.71% - Min: -64.06% - Market Cap 12985 - Trading time: 00:04:00
08-09-2025 17:27:38.361 INFO Current price: 0.000000060027 - Current percentage: -25.15% - Max: 2.71% - Min: -64.06% - Market Cap 12919 - Trading time: 00:04:04
08-09-2025 17:27:42.995 INFO Current price: 0.000000059695 - Current percentage: -25.59% - Max: 2.71% - Min: -64.06% - Market Cap 12842 - Trading time: 00:04:09
08-09-2025 17:27:46.485 INFO Current price: 0.000000059653 - Current percentage: -25.25% - Max: 2.71% - Min: -64.06% - Market Cap 12901 - Trading time: 00:04:12
08-09-2025 17:28:23.605 INFO Current price: 0.000000059803 - Current percentage: -25.22% - Max: 2.71% - Min: -64.06% - Market Cap 12907 - Trading time: 00:04:50
08-09-2025 17:28:37.550 INFO Current price: 0.000000059942 - Current percentage: -24.93% - Max: 2.71% - Min: -64.06% - Market Cap 12957 - Trading time: 00:05:04
08-09-2025 17:28:39.544 INFO Current price: 0.000000060044 - Current percentage: -24.94% - Max: 2.71% - Min: -64.06% - Market Cap 12954 - Trading time: 00:05:06
08-09-2025 17:28:42.865 INFO Current price: 0.000000060170 - Current percentage: -24.61% - Max: 2.71% - Min: -64.06% - Market Cap 13012 - Trading time: 00:05:09
08-09-2025 17:29:19.011 INFO Current price: 0.000000060285 - Current percentage: -24.66% - Max: 2.71% - Min: -64.06% - Market Cap 13004 - Trading time: 00:05:45
08-09-2025 17:29:39.885 INFO Current price: 0.000000060976 - Current percentage: -22.87% - Max: 2.71% - Min: -64.06% - Market Cap 13312 - Trading time: 00:06:06
08-09-2025 17:29:42.092 INFO Current price: 0.000000062658 - Current percentage: -20.45% - Max: 2.71% - Min: -64.06% - Market Cap 13731 - Trading time: 00:06:08
08-09-2025 17:29:43.878 INFO Current price: 0.000000064160 - Current percentage: -19.13% - Max: 2.71% - Min: -64.06% - Market Cap 13958 - Trading time: 00:06:10
08-09-2025 17:29:46.516 INFO Current price: 0.000000065385 - Current percentage: -17.38% - Max: 2.71% - Min: -64.06% - Market Cap 14260 - Trading time: 00:06:12
08-09-2025 17:29:48.690 INFO Current price: 0.000000066829 - Current percentage: -15.52% - Max: 2.71% - Min: -64.06% - Market Cap 14581 - Trading time: 00:06:15
08-09-2025 17:29:50.453 INFO Current price: 0.000000068276 - Current percentage: -13.76% - Max: 2.71% - Min: -64.06% - Market Cap 14884 - Trading time: 00:06:16
08-09-2025 17:29:50.454 INFO Current price: 0.000000069707 - Current percentage: -11.94% - Max: 2.71% - Min: -64.06% - Market Cap 15199 - Trading time: 00:06:16
08-09-2025 17:29:50.457 INFO Current price: 0.000000071290 - Current percentage: -9.80% - Max: 2.71% - Min: -64.06% - Market Cap 15568 - Trading time: 00:06:16
08-09-2025 17:29:50.817 INFO Current price: 0.000000072165 - Current percentage: -9.76% - Max: 2.71% - Min: -64.06% - Market Cap 15574 - Trading time: 00:06:17
08-09-2025 17:29:50.899 INFO Current price: 0.000000072234 - Current percentage: -9.63% - Max: 2.71% - Min: -64.06% - Market Cap 15598 - Trading time: 00:06:17
08-09-2025 17:29:52.372 INFO Current price: 0.000000073080 - Current percentage: -7.64% - Max: 2.71% - Min: -64.06% - Market Cap 15941 - Trading time: 00:06:18
08-09-2025 17:29:54.157 INFO Current price: 0.000000074454 - Current percentage: -6.20% - Max: 2.71% - Min: -64.06% - Market Cap 16190 - Trading time: 00:06:20
08-09-2025 17:29:56.716 INFO Current price: 0.000000075062 - Current percentage: -6.12% - Max: 2.71% - Min: -64.06% - Market Cap 16203 - Trading time: 00:06:23
08-09-2025 17:29:56.923 INFO Current price: 0.000000075394 - Current percentage: -5.37% - Max: 2.71% - Min: -64.06% - Market Cap 16333 - Trading time: 00:06:23
08-09-2025 17:29:57.684 INFO Current price: 0.000000076767 - Current percentage: -2.67% - Max: 2.71% - Min: -64.06% - Market Cap 16798 - Trading time: 00:06:24
08-09-2025 17:29:57.724 INFO Current price: 0.000000079047 - Current percentage: 0.34% - Max: 2.71% - Min: -64.06% - Market Cap 17318 - Trading time: 00:06:24
08-09-2025 17:29:57.833 INFO Current price: 0.000000081260 - Current percentage: 2.85% - Max: 2.85% - Min: -64.06% - Market Cap 17751 - Trading time: 00:06:24
08-09-2025 17:29:59.827 INFO Current price: 0.000000083468 - Current percentage: 5.87% - Max: 5.87% - Min: -64.06% - Market Cap 18272 - Trading time: 00:06:26
08-09-2025 17:30:01.237 INFO Current price: 0.000000085235 - Current percentage: 7.25% - Max: 7.25% - Min: -64.06% - Market Cap 18511 - Trading time: 00:06:27
08-09-2025 17:30:03.511 INFO Current price: 0.000000086781 - Current percentage: 9.74% - Max: 9.74% - Min: -64.06% - Market Cap 18941 - Trading time: 00:06:29
08-09-2025 17:30:04.196 INFO Current price: 0.000000087864 - Current percentage: 9.95% - Max: 9.95% - Min: -64.06% - Market Cap 18976 - Trading time: 00:06:30
08-09-2025 17:30:04.420 INFO Current price: 0.000000087919 - Current percentage: 9.88% - Max: 9.95% - Min: -64.06% - Market Cap 18965 - Trading time: 00:06:30
08-09-2025 17:30:04.421 INFO Current price: 0.000000087761 - Current percentage: 9.55% - Max: 9.95% - Min: -64.06% - Market Cap 18908 - Trading time: 00:06:30
08-09-2025 17:30:04.421 INFO Current price: 0.000000087528 - Current percentage: 9.30% - Max: 9.95% - Min: -64.06% - Market Cap 18864 - Trading time: 00:06:30
08-09-2025 17:30:04.481 INFO Current price: 0.000000087270 - Current percentage: 8.91% - Max: 9.95% - Min: -64.06% - Market Cap 18797 - Trading time: 00:06:30
08-09-2025 17:30:06.549 INFO Current price: 0.000000087162 - Current percentage: 9.03% - Max: 9.95% - Min: -64.06% - Market Cap 18817 - Trading time: 00:06:33
08-09-2025 17:30:16.300 INFO Current price: 0.000000086927 - Current percentage: 8.32% - Max: 9.95% - Min: -64.06% - Market Cap 18695 - Trading time: 00:06:42
08-09-2025 17:30:17.290 INFO Current price: 0.000000086565 - Current percentage: 8.12% - Max: 9.95% - Min: -64.06% - Market Cap 18661 - Trading time: 00:06:43
08-09-2025 17:30:26.749 INFO Current price: 0.000000086486 - Current percentage: 8.12% - Max: 9.95% - Min: -64.06% - Market Cap 18661 - Trading time: 00:06:53
08-09-2025 17:30:27.527 INFO Current price: 0.000000086486 - Current percentage: 8.12% - Max: 9.95% - Min: -64.06% - Market Cap 18661 - Trading time: 00:06:53
08-09-2025 17:30:27.559 INFO Current price: 0.000000086421 - Current percentage: 7.96% - Max: 9.95% - Min: -64.06% - Market Cap 18633 - Trading time: 00:06:54
08-09-2025 17:30:28.139 INFO Current price: 0.000000086356 - Current percentage: 7.96% - Max: 9.95% - Min: -64.06% - Market Cap 18633 - Trading time: 00:06:54
08-09-2025 17:30:28.625 INFO Current price: 0.000000086357 - Current percentage: 7.96% - Max: 9.95% - Min: -64.06% - Market Cap 18633 - Trading time: 00:06:55
08-09-2025 17:30:28.755 INFO Current price: 0.000000085002 - Current percentage: 4.60% - Max: 9.95% - Min: -64.06% - Market Cap 18053 - Trading time: 00:06:55
08-09-2025 17:30:28.785 INFO Current price: 0.000000082461 - Current percentage: 1.60% - Max: 9.95% - Min: -64.06% - Market Cap 17536 - Trading time: 00:06:55
08-09-2025 17:30:29.082 INFO Current price: 0.000000081271 - Current percentage: 1.60% - Max: 9.95% - Min: -64.06% - Market Cap 17536 - Trading time: 00:06:55
08-09-2025 17:30:29.432 INFO Current price: 0.000000081271 - Current percentage: 1.60% - Max: 9.95% - Min: -64.06% - Market Cap 17536 - Trading time: 00:06:55
08-09-2025 17:30:29.820 INFO Current price: 0.000000081271 - Current percentage: 1.60% - Max: 9.95% - Min: -64.06% - Market Cap 17536 - Trading time: 00:06:56
08-09-2025 17:30:30.214 INFO Current price: 0.000000081271 - Current percentage: 1.60% - Max: 9.95% - Min: -64.06% - Market Cap 17536 - Trading time: 00:06:56
08-09-2025 17:30:30.522 INFO Current price: 0.000000081272 - Current percentage: 1.60% - Max: 9.95% - Min: -64.06% - Market Cap 17536 - Trading time: 00:06:56
08-09-2025 17:30:30.854 INFO Current price: 0.000000081272 - Current percentage: 1.60% - Max: 9.95% - Min: -64.06% - Market Cap 17536 - Trading time: 00:06:57
08-09-2025 17:30:31.248 INFO Current price: 0.000000081272 - Current percentage: 1.60% - Max: 9.95% - Min: -64.06% - Market Cap 17536 - Trading time: 00:06:57
08-09-2025 17:30:32.549 INFO Current price: 0.000000081273 - Current percentage: 1.60% - Max: 9.95% - Min: -64.06% - Market Cap 17536 - Trading time: 00:06:59
08-09-2025 17:30:32.969 INFO Current price: 0.000000081273 - Current percentage: 1.60% - Max: 9.95% - Min: -64.06% - Market Cap 17536 - Trading time: 00:06:59
08-09-2025 17:30:33.145 INFO Current price: 0.000000080936 - Current percentage: 0.76% - Max: 9.95% - Min: -64.06% - Market Cap 17391 - Trading time: 00:06:59
08-09-2025 17:30:33.645 INFO Current price: 0.000000080600 - Current percentage: 0.76% - Max: 9.95% - Min: -64.06% - Market Cap 17391 - Trading time: 00:07:00
08-09-2025 17:30:34.444 INFO Current price: 0.000000080601 - Current percentage: 0.76% - Max: 9.95% - Min: -64.06% - Market Cap 17391 - Trading time: 00:07:00
08-09-2025 17:30:34.702 INFO Current price: 0.000000080601 - Current percentage: 0.76% - Max: 9.95% - Min: -64.06% - Market Cap 17391 - Trading time: 00:07:01
08-09-2025 17:30:35.049 INFO Current price: 0.000000080601 - Current percentage: 0.76% - Max: 9.95% - Min: -64.06% - Market Cap 17391 - Trading time: 00:07:01
08-09-2025 17:30:39.387 INFO Current price: 0.000000080599 - Current percentage: 0.76% - Max: 9.95% - Min: -64.06% - Market Cap 17390 - Trading time: 00:07:05
08-09-2025 17:30:47.760 INFO Current price: 0.000000080570 - Current percentage: 0.69% - Max: 9.95% - Min: -64.06% - Market Cap 17379 - Trading time: 00:07:14
08-09-2025 17:31:04.471 INFO Current price: 0.000000080431 - Current percentage: 0.41% - Max: 9.95% - Min: -64.06% - Market Cap 17330 - Trading time: 00:07:30
08-09-2025 17:31:04.706 INFO Current price: 0.000000080182 - Current percentage: 0.07% - Max: 9.95% - Min: -64.06% - Market Cap 17271 - Trading time: 00:07:31
08-09-2025 17:31:43.270 INFO Current price: 0.000000080061 - Current percentage: 0.11% - Max: 9.95% - Min: -64.06% - Market Cap 17278 - Trading time: 00:08:09
08-09-2025 17:31:48.214 INFO Current price: 0.000000080067 - Current percentage: 0.08% - Max: 9.95% - Min: -64.06% - Market Cap 17274 - Trading time: 00:08:14
08-09-2025 17:32:17.754 INFO Current price: 0.000000080014 - Current percentage: -0.02% - Max: 9.95% - Min: -64.06% - Market Cap 17256 - Trading time: 00:08:44
08-09-2025 17:32:37.081 INFO Current price: 0.000000078912 - Current percentage: -2.65% - Max: 9.95% - Min: -64.06% - Market Cap 16801 - Trading time: 00:09:03
08-09-2025 17:32:37.126 INFO Current price: 0.000000076767 - Current percentage: -5.38% - Max: 9.95% - Min: -64.06% - Market Cap 16330 - Trading time: 00:09:03
08-09-2025 17:32:37.188 INFO Current price: 0.000000074283 - Current percentage: -8.85% - Max: 9.95% - Min: -64.06% - Market Cap 15731 - Trading time: 00:09:03
08-09-2025 17:32:37.194 INFO Current price: 0.000000071634 - Current percentage: -12.01% - Max: 9.95% - Min: -64.06% - Market Cap 15186 - Trading time: 00:09:03
08-09-2025 17:32:37.197 INFO Current price: 0.000000069563 - Current percentage: -14.05% - Max: 9.95% - Min: -64.06% - Market Cap 14835 - Trading time: 00:09:03
08-09-2025 17:32:37.212 INFO Current price: 0.000000068174 - Current percentage: -15.49% - Max: 9.95% - Min: -64.06% - Market Cap 14586 - Trading time: 00:09:03
08-09-2025 17:32:37.236 INFO Current price: 0.000000066665 - Current percentage: -17.81% - Max: 9.95% - Min: -64.06% - Market Cap 14185 - Trading time: 00:09:03
08-09-2025 17:32:37.546 INFO Current price: 0.000000064717 - Current percentage: -20.36% - Max: 9.95% - Min: -64.06% - Market Cap 13746 - Trading time: 00:09:04
08-09-2025 17:32:37.559 INFO Current price: 0.000000063031 - Current percentage: -22.04% - Max: 9.95% - Min: -64.06% - Market Cap 13456 - Trading time: 00:09:04
08-09-2025 17:32:37.559 INFO Current price: 0.000000061624 - Current percentage: -23.87% - Max: 9.95% - Min: -64.06% - Market Cap 13139 - Trading time: 00:09:04
08-09-2025 17:32:37.563 INFO Current price: 0.000000059899 - Current percentage: -26.34% - Max: 9.95% - Min: -64.06% - Market Cap 12713 - Trading time: 00:09:04
08-09-2025 17:32:37.615 INFO Current price: 0.000000058063 - Current percentage: -28.47% - Max: 9.95% - Min: -64.06% - Market Cap 12346 - Trading time: 00:09:04
08-09-2025 17:32:37.674 INFO Current price: 0.000000056262 - Current percentage: -30.84% - Max: 9.95% - Min: -64.06% - Market Cap 11937 - Trading time: 00:09:04
08-09-2025 17:32:37.689 INFO Current price: 0.000000054559 - Current percentage: -32.73% - Max: 9.95% - Min: -64.06% - Market Cap 11610 - Trading time: 00:09:04
08-09-2025 17:32:37.691 INFO Current price: 0.000000053438 - Current percentage: -33.65% - Max: 9.95% - Min: -64.06% - Market Cap 11451 - Trading time: 00:09:04
08-09-2025 17:32:38.196 INFO Current price: 0.000000053038 - Current percentage: -33.74% - Max: 9.95% - Min: -64.06% - Market Cap 11437 - Trading time: 00:09:04
08-09-2025 17:32:38.197 INFO Current price: 0.000000052995 - Current percentage: -33.76% - Max: 9.95% - Min: -64.06% - Market Cap 11433 - Trading time: 00:09:04
08-09-2025 17:32:38.527 INFO Current price: 0.000000052194 - Current percentage: -35.72% - Max: 9.95% - Min: -64.06% - Market Cap 11094 - Trading time: 00:09:04
08-09-2025 17:32:39.228 INFO Current price: 0.000000050895 - Current percentage: -37.01% - Max: 9.95% - Min: -64.06% - Market Cap 10871 - Trading time: 00:09:05
08-09-2025 17:32:39.347 INFO Current price: 0.000000049900 - Current percentage: -38.21% - Max: 9.95% - Min: -64.06% - Market Cap 10664 - Trading time: 00:09:05
08-09-2025 17:32:39.351 INFO Current price: 0.000000048966 - Current percentage: -39.35% - Max: 9.95% - Min: -64.06% - Market Cap 10468 - Trading time: 00:09:05
08-09-2025 17:32:39.414 INFO Current price: 0.000000047986 - Current percentage: -40.66% - Max: 9.95% - Min: -64.06% - Market Cap 10241 - Trading time: 00:09:05
08-09-2025 17:32:39.563 INFO Current price: 0.000000047049 - Current percentage: -41.69% - Max: 9.95% - Min: -64.06% - Market Cap 10063 - Trading time: 00:09:06
08-09-2025 17:32:39.889 INFO Current price: 0.000000046417 - Current percentage: -42.25% - Max: 9.95% - Min: -64.06% - Market Cap 9968 - Trading time: 00:09:06
08-09-2025 17:32:40.258 INFO Current price: 0.000000045915 - Current percentage: -42.95% - Max: 9.95% - Min: -64.06% - Market Cap 9847 - Trading time: 00:09:06
08-09-2025 17:32:40.333 INFO Current price: 0.000000045219 - Current percentage: -43.99% - Max: 9.95% - Min: -64.06% - Market Cap 9667 - Trading time: 00:09:06
08-09-2025 17:32:40.338 INFO Current price: 0.000000044437 - Current percentage: -44.90% - Max: 9.95% - Min: -64.06% - Market Cap 9510 - Trading time: 00:09:06
08-09-2025 17:32:48.176 INFO Current price: 0.000000043508 - Current percentage: -46.31% - Max: 9.95% - Min: -64.06% - Market Cap 9267 - Trading time: 00:09:14
08-09-2025 17:32:48.180 INFO Current price: 0.000000042616 - Current percentage: -47.14% - Max: 9.95% - Min: -64.06% - Market Cap 9124 - Trading time: 00:09:14
08-09-2025 17:32:48.185 INFO Current price: 0.000000042138 - Current percentage: -47.50% - Max: 9.95% - Min: -64.06% - Market Cap 9061 - Trading time: 00:09:14
08-09-2025 17:32:48.187 INFO Current price: 0.000000041666 - Current percentage: -48.31% - Max: 9.95% - Min: -64.06% - Market Cap 8921 - Trading time: 00:09:14
08-09-2025 17:32:56.459 INFO Current price: 0.000000041331 - Current percentage: -48.34% - Max: 9.95% - Min: -64.06% - Market Cap 8915 - Trading time: 00:09:22
08-09-2025 17:32:59.824 INFO Current price: 0.000000040989 - Current percentage: -49.17% - Max: 9.95% - Min: -64.06% - Market Cap 8774 - Trading time: 00:09:26
08-09-2025 17:32:59.825 INFO Current price: 0.000000040341 - Current percentage: -49.96% - Max: 9.95% - Min: -64.06% - Market Cap 8636 - Trading time: 00:09:26
08-09-2025 17:33:06.498 INFO Current price: 0.000000039794 - Current percentage: -50.54% - Max: 9.95% - Min: -64.06% - Market Cap 8537 - Trading time: 00:09:32
08-09-2025 17:33:58.497 INFO Current price: 0.000000039495 - Current percentage: -50.71% - Max: 9.95% - Min: -64.06% - Market Cap 8507 - Trading time: 00:10:24
08-09-2025 17:34:04.206 INFO Current price: 0.000000039225 - Current percentage: -51.21% - Max: 9.95% - Min: -64.06% - Market Cap 8421 - Trading time: 00:10:30
08-09-2025 17:34:08.471 INFO Current price: 0.000000040129 - Current percentage: -48.42% - Max: 9.95% - Min: -64.06% - Market Cap 8903 - Trading time: 00:10:34
08-09-2025 17:34:08.618 INFO Current price: 0.000000041341 - Current percentage: -48.22% - Max: 9.95% - Min: -64.06% - Market Cap 8937 - Trading time: 00:10:35
08-09-2025 17:34:08.619 INFO Current price: 0.000000041666 - Current percentage: -47.60% - Max: 9.95% - Min: -64.06% - Market Cap 9043 - Trading time: 00:10:35
08-09-2025 17:34:08.728 INFO Current price: 0.000000042154 - Current percentage: -47.00% - Max: 9.95% - Min: -64.06% - Market Cap 9148 - Trading time: 00:10:35
08-09-2025 17:34:08.854 INFO Current price: 0.000000042400 - Current percentage: -46.99% - Max: 9.95% - Min: -64.06% - Market Cap 9149 - Trading time: 00:10:35
08-09-2025 17:34:08.856 INFO Current price: 0.000000042724 - Current percentage: -46.18% - Max: 9.95% - Min: -64.06% - Market Cap 9289 - Trading time: 00:10:35
08-09-2025 17:34:09.014 INFO Current price: 0.000000043051 - Current percentage: -46.18% - Max: 9.95% - Min: -64.06% - Market Cap 9290 - Trading time: 00:10:35
08-09-2025 17:34:15.414 INFO Current price: 0.000000043041 - Current percentage: -46.21% - Max: 9.95% - Min: -64.06% - Market Cap 9284 - Trading time: 00:10:41
08-09-2025 17:35:04.471 INFO Current price: 0.000000041824 - Current percentage: -49.18% - Max: 9.95% - Min: -64.06% - Market Cap 8772 - Trading time: 00:11:30
08-09-2025 17:35:04.525 INFO Current price: 0.000000040424 - Current percentage: -49.75% - Max: 9.95% - Min: -64.06% - Market Cap 8673 - Trading time: 00:11:30
08-09-2025 17:35:04.525 INFO Current price: 0.000000039965 - Current percentage: -50.33% - Max: 9.95% - Min: -64.06% - Market Cap 8574 - Trading time: 00:11:30
08-09-2025 17:35:04.530 INFO Current price: 0.000000039733 - Current percentage: -50.33% - Max: 9.95% - Min: -64.06% - Market Cap 8573 - Trading time: 00:11:30
08-09-2025 17:35:04.594 INFO Current price: 0.000000039656 - Current percentage: -50.52% - Max: 9.95% - Min: -64.06% - Market Cap 8540 - Trading time: 00:11:31
08-09-2025 17:35:04.625 INFO Current price: 0.000000039579 - Current percentage: -50.52% - Max: 9.95% - Min: -64.06% - Market Cap 8540 - Trading time: 00:11:31
08-09-2025 17:35:06.385 INFO Current price: 0.000000039588 - Current percentage: -50.49% - Max: 9.95% - Min: -64.06% - Market Cap 8544 - Trading time: 00:11:32
08-09-2025 17:35:17.230 INFO Current price: 0.000000039160 - Current percentage: -51.59% - Max: 9.95% - Min: -64.06% - Market Cap 8356 - Trading time: 00:11:43
08-09-2025 17:35:17.363 INFO Current price: 0.000000038095 - Current percentage: -53.15% - Max: 9.95% - Min: -64.06% - Market Cap 8086 - Trading time: 00:11:43
08-09-2025 17:35:17.368 INFO Current price: 0.000000036959 - Current percentage: -54.43% - Max: 9.95% - Min: -64.06% - Market Cap 7865 - Trading time: 00:11:43
08-09-2025 17:35:17.436 INFO Current price: 0.000000036020 - Current percentage: -55.50% - Max: 9.95% - Min: -64.06% - Market Cap 7681 - Trading time: 00:11:43
08-09-2025 17:35:17.478 INFO Current price: 0.000000035395 - Current percentage: -56.00% - Max: 9.95% - Min: -64.06% - Market Cap 7594 - Trading time: 00:11:43
08-09-2025 17:35:17.520 INFO Current price: 0.000000035026 - Current percentage: -56.42% - Max: 9.95% - Min: -64.06% - Market Cap 7521 - Trading time: 00:11:43
08-09-2025 17:35:17.885 INFO Current price: 0.000000034704 - Current percentage: -56.80% - Max: 9.95% - Min: -64.06% - Market Cap 7455 - Trading time: 00:11:44
08-09-2025 17:35:17.886 INFO Current price: 0.000000034158 - Current percentage: -57.78% - Max: 9.95% - Min: -64.06% - Market Cap 7286 - Trading time: 00:11:44
08-09-2025 17:35:17.886 INFO Current price: 0.000000033436 - Current percentage: -58.61% - Max: 9.95% - Min: -64.06% - Market Cap 7143 - Trading time: 00:11:44
08-09-2025 17:35:17.906 INFO Current price: 0.000000033023 - Current percentage: -58.82% - Max: 9.95% - Min: -64.06% - Market Cap 7108 - Trading time: 00:11:44
08-09-2025 17:35:17.906 INFO Current price: 0.000000032875 - Current percentage: -58.98% - Max: 9.95% - Min: -64.06% - Market Cap 7079 - Trading time: 00:11:44
08-09-2025 17:35:17.906 INFO Current price: 0.000000032705 - Current percentage: -59.24% - Max: 9.95% - Min: -64.06% - Market Cap 7034 - Trading time: 00:11:44
08-09-2025 17:35:17.907 INFO Current price: 0.000000032355 - Current percentage: -59.85% - Max: 9.95% - Min: -64.06% - Market Cap 6929 - Trading time: 00:11:44
08-09-2025 17:35:17.907 INFO Current price: 0.000000031940 - Current percentage: -60.28% - Max: 9.95% - Min: -64.06% - Market Cap 6855 - Trading time: 00:11:44
08-09-2025 17:35:18.072 INFO Current price: 0.000000031416 - Current percentage: -61.16% - Max: 9.95% - Min: -64.06% - Market Cap 6703 - Trading time: 00:11:44
08-09-2025 17:35:19.436 INFO Current price: 0.000000030795 - Current percentage: -61.84% - Max: 9.95% - Min: -64.06% - Market Cap 6587 - Trading time: 00:11:45
08-09-2025 17:35:19.438 INFO Current price: 0.000000030261 - Current percentage: -62.50% - Max: 9.95% - Min: -64.06% - Market Cap 6473 - Trading time: 00:11:45
08-09-2025 17:35:19.438 INFO Current price: 0.000000029952 - Current percentage: -62.61% - Max: 9.95% - Min: -64.06% - Market Cap 6452 - Trading time: 00:11:45
08-09-2025 17:35:19.439 INFO Current price: 0.000000029803 - Current percentage: -62.87% - Max: 9.95% - Min: -64.06% - Market Cap 6409 - Trading time: 00:11:45
08-09-2025 17:35:19.542 INFO Current price: 0.000000029449 - Current percentage: -63.50% - Max: 9.95% - Min: -64.06% - Market Cap 6300 - Trading time: 00:11:46
08-09-2025 17:35:20.683 INFO Current price: 0.000000028935 - Current percentage: -64.15% - Max: 9.95% - Min: -64.15% - Market Cap 6187 - Trading time: 00:11:47
08-09-2025 17:35:56.913 INFO Current price: 0.000000028662 - Current percentage: -64.10% - Max: 9.95% - Min: -64.15% - Market Cap 6196 - Trading time: 00:12:23
08-09-2025 17:36:51.366 INFO Current price: 0.000000028564 - Current percentage: -64.31% - Max: 9.95% - Min: -64.31% - Market Cap 6159 - Trading time: 00:13:17
08-09-2025 17:37:02.557 INFO Current price: 0.000000028428 - Current percentage: -64.44% - Max: 9.95% - Min: -64.44% - Market Cap 6137 - Trading time: 00:13:29
08-09-2025 17:38:17.553 INFO Current price: 0.000000028374 - Current percentage: -64.45% - Max: 9.95% - Min: -64.45% - Market Cap 6136 - Trading time: 00:14:44
08-09-2025 17:38:55.894 INFO Current price: 0.000000028367 - Current percentage: -64.46% - Max: 9.95% - Min: -64.46% - Market Cap 6134 - Trading time: 00:15:22
08-09-2025 17:43:03.216 INFO Current price: 0.000000028409 - Current percentage: -64.34% - Max: 9.95% - Min: -64.46% - Market Cap 6154 - Trading time: 00:19:29






08-09-2025 17:43:33.533 INFO {"type":"summary","reason":"max_window","startedAt":"2025-09-08T15:23:33.533Z","endedAt":"2025-09-08T15:43:33.533Z","durationSec":1200,"entryPrice":8.969255995535325e-8,"entryMarketCapSol":80.30225407068292,"entryMarketCapUsd":17259.36346741188,"minPct":-64.4600672319224,"maxPct":9.945285703778817,"buyCount":221,"sellCount":211,"tradeCount":432,"entryRecorded":true,"noPostThresholdTrades":false,"triggerAt":"2025-09-08T15:23:33.512Z","ageAtTriggerSec":3,"preTotalTrades":38,"preBuys":30,"preSells":8,"preUniqueTraders":30,"preEntryTotalTrades":58,"preEntryBuys":37,"preEntrySells":21,"preEntryUniqueTraders":36,"preEntryMinMcUsd":7260.287192444284,"preEntryMaxMcUsd":21531.88947469736,"thresholdMcSol":80.30225407068292,"thresholdMcUsd":17259.36346741188,"thresholdPrice":8.969255995535325e-8}
