08-09-2025 17:24:56.338 INFO Entry price: 0.000000036280185045 - Entry market cap: 7268 - Buys 4 - Sells 4 - Ratio: 1:1.00 - Min MarketCap: 6009 - Max MarketCap: 10317
08-09-2025 17:24:56.338 INFO Current price: 0.000000036280 - Current percentage: 0.00% - Max: 0.00% - Min: 0.00% - Market Cap 7268 - Trading time: 00:00:02
08-09-2025 17:24:56.551 INFO Current price: 0.000000028158 - Current percentage: -16.13% - Max: 0.00% - Min: -16.13% - Market Cap 6095 - Trading time: 00:00:02
08-09-2025 17:24:56.554 INFO Current price: 0.000000028578 - Current percentage: -14.84% - Max: 0.00% - Min: -16.13% - Market Cap 6190 - Trading time: 00:00:02
08-09-2025 17:24:56.620 INFO Current price: 0.000000029733 - Current percentage: -9.22% - Max: 0.00% - Min: -16.13% - Market Cap 6598 - Trading time: 00:00:02
08-09-2025 17:24:56.620 INFO Current price: 0.000000031711 - Current percentage: -3.13% - Max: 0.00% - Min: -16.13% - Market Cap 7041 - Trading time: 00:00:02
08-09-2025 17:24:56.621 INFO Current price: 0.000000033671 - Current percentage: 2.35% - Max: 2.35% - Min: -16.13% - Market Cap 7439 - Trading time: 00:00:02
08-09-2025 17:24:56.624 INFO Current price: 0.000000035626 - Current percentage: 8.45% - Max: 8.45% - Min: -16.13% - Market Cap 7882 - Trading time: 00:00:02
08-09-2025 17:24:58.379 INFO Current price: 0.000000036377 - Current percentage: 6.71% - Max: 8.45% - Min: -16.13% - Market Cap 7756 - Trading time: 00:00:04
08-09-2025 17:24:58.381 INFO Current price: 0.000000035775 - Current percentage: 4.89% - Max: 8.45% - Min: -16.13% - Market Cap 7623 - Trading time: 00:00:04
08-09-2025 17:25:00.460 INFO Current price: 0.000000036963 - Current percentage: 13.91% - Max: 13.91% - Min: -16.13% - Market Cap 8279 - Trading time: 00:00:06
08-09-2025 17:25:00.460 INFO Current price: 0.000000040172 - Current percentage: 23.89% - Max: 23.89% - Min: -16.13% - Market Cap 9005 - Trading time: 00:00:06
08-09-2025 17:25:00.634 INFO Current price: 0.000000042032 - Current percentage: 24.71% - Max: 24.71% - Min: -16.13% - Market Cap 9064 - Trading time: 00:00:06
08-09-2025 17:25:00.674 INFO Current price: 0.000000042309 - Current percentage: 25.53% - Max: 25.53% - Min: -16.13% - Market Cap 9123 - Trading time: 00:00:06
08-09-2025 17:25:00.819 INFO Current price: 0.000000042450 - Current percentage: 25.54% - Max: 25.54% - Min: -16.13% - Market Cap 9124 - Trading time: 00:00:06
08-09-2025 17:25:04.870 INFO Current price: 0.000000042509 - Current percentage: 25.87% - Max: 25.87% - Min: -16.13% - Market Cap 9148 - Trading time: 00:00:10
08-09-2025 17:25:06.544 INFO Current price: 0.000000047062 - Current percentage: 53.88% - Max: 53.88% - Min: -16.13% - Market Cap 11184 - Trading time: 00:00:12
08-09-2025 17:25:07.501 INFO Current price: 0.000000052679 - Current percentage: 56.52% - Max: 56.52% - Min: -16.13% - Market Cap 11376 - Trading time: 00:00:13
08-09-2025 17:25:08.896 INFO Current price: 0.000000053556 - Current percentage: 60.25% - Max: 60.25% - Min: -16.13% - Market Cap 11647 - Trading time: 00:00:14
08-09-2025 17:25:08.958 INFO Current price: 0.000000054825 - Current percentage: 64.03% - Max: 64.03% - Min: -16.13% - Market Cap 11921 - Trading time: 00:00:14
08-09-2025 17:25:09.215 INFO Current price: 0.000000058034 - Current percentage: 79.56% - Max: 79.56% - Min: -16.13% - Market Cap 13050 - Trading time: 00:00:14
08-09-2025 17:25:10.179 INFO Current price: 0.000000060481 - Current percentage: 78.16% - Max: 79.56% - Min: -16.13% - Market Cap 12948 - Trading time: 00:00:15
08-09-2025 17:25:10.183 INFO Current price: 0.000000060009 - Current percentage: 76.77% - Max: 79.56% - Min: -16.13% - Market Cap 12848 - Trading time: 00:00:15
08-09-2025 17:25:12.036 INFO Current price: 0.000000058130 - Current percentage: 67.17% - Max: 79.56% - Min: -16.13% - Market Cap 12150 - Trading time: 00:00:17
08-09-2025 17:25:13.025 INFO Current price: 0.000000055386 - Current percentage: 60.47% - Max: 79.56% - Min: -16.13% - Market Cap 11663 - Trading time: 00:00:18
08-09-2025 17:25:16.686 INFO Current price: 0.000000054005 - Current percentage: 58.94% - Max: 79.56% - Min: -16.13% - Market Cap 11552 - Trading time: 00:00:22
08-09-2025 17:25:16.851 INFO Current price: 0.000000054975 - Current percentage: 66.30% - Max: 79.56% - Min: -16.13% - Market Cap 12086 - Trading time: 00:00:22
08-09-2025 17:25:16.855 INFO Current price: 0.000000057560 - Current percentage: 74.24% - Max: 79.56% - Min: -16.13% - Market Cap 12663 - Trading time: 00:00:22
08-09-2025 17:25:17.060 INFO Current price: 0.000000060371 - Current percentage: 82.93% - Max: 82.93% - Min: -16.13% - Market Cap 13295 - Trading time: 00:00:22
08-09-2025 17:25:17.108 INFO Current price: 0.000000063082 - Current percentage: 90.23% - Max: 90.23% - Min: -16.13% - Market Cap 13826 - Trading time: 00:00:22
08-09-2025 17:25:18.916 INFO Current price: 0.000000064776 - Current percentage: 92.89% - Max: 92.89% - Min: -16.13% - Market Cap 14019 - Trading time: 00:00:24
08-09-2025 17:25:19.027 INFO Current price: 0.000000065370 - Current percentage: 93.73% - Max: 93.73% - Min: -16.13% - Market Cap 14081 - Trading time: 00:00:24
08-09-2025 17:25:19.654 INFO Current price: 0.000000065568 - Current percentage: 94.07% - Max: 94.07% - Min: -16.13% - Market Cap 14105 - Trading time: 00:00:25
08-09-2025 17:25:19.768 INFO Current price: 0.000000065169 - Current percentage: 91.38% - Max: 94.07% - Min: -16.13% - Market Cap 13910 - Trading time: 00:00:25
08-09-2025 17:25:20.835 INFO Current price: 0.000000060694 - Current percentage: 68.33% - Max: 94.07% - Min: -16.13% - Market Cap 12234 - Trading time: 00:00:26
08-09-2025 17:25:20.934 INFO Current price: 0.000000056864 - Current percentage: 67.99% - Max: 94.07% - Min: -16.13% - Market Cap 12209 - Trading time: 00:00:26
08-09-2025 17:25:25.721 INFO Current price: 0.000000052313 - Current percentage: 42.47% - Max: 94.07% - Min: -16.13% - Market Cap 10354 - Trading time: 00:00:31
08-09-2025 17:25:31.216 INFO Current price: 0.000000043429 - Current percentage: 15.78% - Max: 94.07% - Min: -16.13% - Market Cap 8415 - Trading time: 00:00:36
08-09-2025 17:25:31.218 INFO Current price: 0.000000037997 - Current percentage: 9.06% - Max: 94.07% - Min: -16.13% - Market Cap 7926 - Trading time: 00:00:36
08-09-2025 17:25:31.221 INFO Current price: 0.000000035847 - Current percentage: 3.04% - Max: 94.07% - Min: -16.13% - Market Cap 7489 - Trading time: 00:00:36
08-09-2025 17:25:31.228 INFO Current price: 0.000000032366 - Current percentage: -11.09% - Max: 94.07% - Min: -16.13% - Market Cap 6462 - Trading time: 00:00:36
08-09-2025 17:25:31.258 INFO Current price: 0.000000030042 - Current percentage: -11.23% - Max: 94.07% - Min: -16.13% - Market Cap 6452 - Trading time: 00:00:36
08-09-2025 17:25:31.264 INFO Current price: 0.000000030018 - Current percentage: -11.23% - Max: 94.07% - Min: -16.13% - Market Cap 6452 - Trading time: 00:00:36
08-09-2025 17:25:33.792 INFO Current price: 0.000000028934 - Current percentage: -17.05% - Max: 94.07% - Min: -17.05% - Market Cap 6029 - Trading time: 00:00:39
08-09-2025 17:25:40.847 INFO Current price: 0.000000028087 - Current percentage: -16.83% - Max: 94.07% - Min: -17.05% - Market Cap 6045 - Trading time: 00:00:46
08-09-2025 17:25:51.437 INFO Current price: 0.000000028041 - Current percentage: -17.00% - Max: 94.07% - Min: -17.05% - Market Cap 6033 - Trading time: 00:00:57






08-09-2025 17:35:51.440 INFO {"type":"summary","reason":"inactivity","startedAt":"2025-09-08T15:24:54.337Z","endedAt":"2025-09-08T15:35:51.440Z","durationSec":657,"entryPrice":3.628018504482427e-8,"entryMarketCapSol":33.81536079575811,"entryMarketCapUsd":7267.935495832291,"minPct":-17.04750610033752,"maxPct":94.0667477558072,"buyCount":25,"sellCount":20,"tradeCount":45,"entryRecorded":true,"noPostThresholdTrades":false,"triggerAt":"2025-09-08T15:24:54.335Z","ageAtTriggerSec":15,"preTotalTrades":7,"preBuys":4,"preSells":3,"preUniqueTraders":4,"preEntryTotalTrades":8,"preEntryBuys":4,"preEntrySells":4,"preEntryUniqueTraders":4,"preEntryMinMcUsd":6009.226467847157,"preEntryMaxMcUsd":10316.96939789932,"thresholdMcSol":33.81536079575811,"thresholdMcUsd":7267.935495832291,"thresholdPrice":3.628018504482427e-8}
