08-09-2025 21:09:28.566 INFO Entry price: 0.000000041345989040 - Entry market cap: 8305 - Buys 4 - Sells 1 - Ratio: 1:0.25 - Min MarketCap: 7139 - Max MarketCap: 9668
08-09-2025 21:09:28.566 INFO Current price: 0.000000041346 - Current percentage: 0.00% - Max: 0.00% - Min: 0.00% - Market Cap 8305 - Trading time: 00:00:02
08-09-2025 21:09:29.657 INFO Current price: 0.000000040938 - Current percentage: 5.82% - Max: 5.82% - Min: 0.00% - Market Cap 8788 - Trading time: 00:00:03
08-09-2025 21:09:30.160 INFO Current price: 0.000000038045 - Current percentage: -6.85% - Max: 5.82% - Min: -6.85% - Market Cap 7736 - Trading time: 00:00:03
08-09-2025 21:09:30.162 INFO Current price: 0.000000034000 - Current percentage: -15.49% - Max: 5.82% - Min: -15.49% - Market Cap 7019 - Trading time: 00:00:03
08-09-2025 21:09:31.763 INFO Current price: 0.000000030091 - Current percentage: -27.04% - Max: 5.82% - Min: -27.04% - Market Cap 6060 - Trading time: 00:00:05
08-09-2025 21:09:32.563 INFO Current price: 0.000000028006 - Current percentage: -26.80% - Max: 5.82% - Min: -27.04% - Market Cap 6080 - Trading time: 00:00:05
08-09-2025 21:09:32.842 INFO Current price: 0.000000028057 - Current percentage: -26.77% - Max: 5.82% - Min: -27.04% - Market Cap 6082 - Trading time: 00:00:06
08-09-2025 21:09:36.733 INFO Current price: 0.000000030001 - Current percentage: -16.30% - Max: 5.82% - Min: -27.04% - Market Cap 6951 - Trading time: 00:00:10
08-09-2025 21:09:36.813 INFO Current price: 0.000000034091 - Current percentage: -5.44% - Max: 5.82% - Min: -27.04% - Market Cap 7853 - Trading time: 00:00:10
08-09-2025 21:09:36.815 INFO Current price: 0.000000038112 - Current percentage: 4.61% - Max: 5.82% - Min: -27.04% - Market Cap 8688 - Trading time: 00:00:10
08-09-2025 21:09:37.816 INFO Current price: 0.000000040078 - Current percentage: 4.57% - Max: 5.82% - Min: -27.04% - Market Cap 8684 - Trading time: 00:00:11
08-09-2025 21:09:41.011 INFO Current price: 0.000000040210 - Current percentage: 5.30% - Max: 5.82% - Min: -27.04% - Market Cap 8745 - Trading time: 00:00:14
08-09-2025 21:09:41.014 INFO Current price: 0.000000040492 - Current percentage: 6.03% - Max: 6.03% - Min: -27.04% - Market Cap 8806 - Trading time: 00:00:14
08-09-2025 21:09:42.104 INFO Current price: 0.000000042830 - Current percentage: 17.81% - Max: 17.81% - Min: -27.04% - Market Cap 9784 - Trading time: 00:00:15
08-09-2025 21:09:42.155 INFO Current price: 0.000000045051 - Current percentage: 17.31% - Max: 17.81% - Min: -27.04% - Market Cap 9743 - Trading time: 00:00:15
08-09-2025 21:09:46.891 INFO Current price: 0.000000045533 - Current percentage: 20.35% - Max: 20.35% - Min: -27.04% - Market Cap 9995 - Trading time: 00:00:20
08-09-2025 21:09:49.331 INFO Current price: 0.000000046038 - Current percentage: 19.93% - Max: 20.35% - Min: -27.04% - Market Cap 9960 - Trading time: 00:00:22
08-09-2025 21:09:49.332 INFO Current price: 0.000000045877 - Current percentage: 19.51% - Max: 20.35% - Min: -27.04% - Market Cap 9926 - Trading time: 00:00:22
08-09-2025 21:09:51.390 INFO Current price: 0.000000046963 - Current percentage: 25.67% - Max: 25.67% - Min: -27.04% - Market Cap 10438 - Trading time: 00:00:24
08-09-2025 21:09:54.567 INFO Current price: 0.000000052943 - Current percentage: 51.88% - Max: 51.88% - Min: -27.04% - Market Cap 12614 - Trading time: 00:00:28
08-09-2025 21:09:56.272 INFO Current price: 0.000000058074 - Current percentage: 51.21% - Max: 51.88% - Min: -27.04% - Market Cap 12559 - Trading time: 00:00:29
08-09-2025 21:09:56.276 INFO Current price: 0.000000057817 - Current percentage: 50.54% - Max: 51.88% - Min: -27.04% - Market Cap 12503 - Trading time: 00:00:29
08-09-2025 21:09:56.812 INFO Current price: 0.000000055134 - Current percentage: 37.50% - Max: 51.88% - Min: -27.04% - Market Cap 11420 - Trading time: 00:00:30
08-09-2025 21:10:01.445 INFO Current price: 0.000000050457 - Current percentage: 26.09% - Max: 51.88% - Min: -27.04% - Market Cap 10472 - Trading time: 00:00:34
08-09-2025 21:10:05.284 INFO Current price: 0.000000050002 - Current percentage: 35.03% - Max: 51.88% - Min: -27.04% - Market Cap 11215 - Trading time: 00:00:38
08-09-2025 21:10:05.296 INFO Current price: 0.000000053721 - Current percentage: 45.54% - Max: 51.88% - Min: -27.04% - Market Cap 12087 - Trading time: 00:00:38
08-09-2025 21:10:12.019 INFO Current price: 0.000000058783 - Current percentage: 60.45% - Max: 60.45% - Min: -27.04% - Market Cap 13326 - Trading time: 00:00:45
08-09-2025 21:10:14.990 INFO Current price: 0.000000056830 - Current percentage: 37.07% - Max: 60.45% - Min: -27.04% - Market Cap 11384 - Trading time: 00:00:48
08-09-2025 21:10:15.010 INFO Current price: 0.000000052627 - Current percentage: 37.59% - Max: 60.45% - Min: -27.04% - Market Cap 11428 - Trading time: 00:00:48
08-09-2025 21:10:19.034 INFO Current price: 0.000000050934 - Current percentage: 28.39% - Max: 60.45% - Min: -27.04% - Market Cap 10663 - Trading time: 00:00:52
08-09-2025 21:10:19.037 INFO Current price: 0.000000047499 - Current percentage: 19.66% - Max: 60.45% - Min: -27.04% - Market Cap 9938 - Trading time: 00:00:52
08-09-2025 21:10:24.838 INFO Current price: 0.000000042139 - Current percentage: 1.05% - Max: 60.45% - Min: -27.04% - Market Cap 8393 - Trading time: 00:00:58
08-09-2025 21:10:33.664 INFO Current price: 0.000000036651 - Current percentage: -8.91% - Max: 60.45% - Min: -27.04% - Market Cap 7566 - Trading time: 00:01:07
08-09-2025 21:10:33.666 INFO Current price: 0.000000033379 - Current percentage: -16.71% - Max: 60.45% - Min: -27.04% - Market Cap 6917 - Trading time: 00:01:07
08-09-2025 21:10:34.083 INFO Current price: 0.000000030506 - Current percentage: -23.91% - Max: 60.45% - Min: -27.04% - Market Cap 6320 - Trading time: 00:01:07
08-09-2025 21:10:34.196 INFO Current price: 0.000000028592 - Current percentage: -26.84% - Max: 60.45% - Min: -27.04% - Market Cap 6076 - Trading time: 00:01:07
08-09-2025 21:10:41.813 INFO Current price: 0.000000027998 - Current percentage: -27.04% - Max: 60.45% - Min: -27.04% - Market Cap 6060 - Trading time: 00:01:15






08-09-2025 21:20:41.815 INFO {"type":"summary","reason":"inactivity","startedAt":"2025-09-08T19:09:26.566Z","endedAt":"2025-09-08T19:20:41.815Z","durationSec":675,"entryPrice":4.134598904007517e-8,"entryMarketCapSol":38.32068338251774,"entryMarketCapUsd":8305.24170949307,"minPct":-27.03941838106673,"maxPct":60.44919339165883,"buyCount":17,"sellCount":22,"tradeCount":39,"entryRecorded":true,"noPostThresholdTrades":false,"triggerAt":"2025-09-08T19:09:26.562Z","ageAtTriggerSec":2,"preTotalTrades":2,"preBuys":2,"preSells":0,"preUniqueTraders":2,"preEntryTotalTrades":5,"preEntryBuys":4,"preEntrySells":1,"preEntryUniqueTraders":4,"preEntryMinMcUsd":7139.348346854807,"preEntryMaxMcUsd":9668.354277275244,"thresholdMcSol":38.32068338251774,"thresholdMcUsd":8305.24170949307,"thresholdPrice":4.134598904007517e-8}
