07-09-2025 18:03:28.100 INFO Entry price: 0.000000042193881049 - Entry market cap: 7741 - Buys 23 - Sells 12 - Ratio: 1:0.52 - Min MarketCap: 7113 - Max MarketCap: 9824
07-09-2025 18:03:28.100 INFO Current price: 0.000000042194 - Current percentage: 0.00% - Max: 0.00% - Min: 0.00% - Market Cap 7741 - Trading time: 00:00:02
07-09-2025 18:03:28.313 INFO Current price: 0.000000043961 - Current percentage: 22.71% - Max: 22.71% - Min: 0.00% - Market Cap 9498 - Trading time: 00:00:02
07-09-2025 18:03:28.677 INFO Current price: 0.000000046341 - Current percentage: 22.89% - Max: 22.89% - Min: 0.00% - Market Cap 9513 - Trading time: 00:00:02
07-09-2025 18:03:29.765 INFO Current price: 0.000000044026 - Current percentage: 10.75% - Max: 22.89% - Min: 0.00% - Market Cap 8573 - Trading time: 00:00:03
07-09-2025 18:03:29.769 INFO Current price: 0.000000041995 - Current percentage: 11.82% - Max: 22.89% - Min: 0.00% - Market Cap 8656 - Trading time: 00:00:03
07-09-2025 18:03:29.960 INFO Current price: 0.000000042232 - Current percentage: 12.00% - Max: 22.89% - Min: 0.00% - Market Cap 8670 - Trading time: 00:00:03
07-09-2025 18:03:30.096 INFO Current price: 0.000000042348 - Current percentage: 12.44% - Max: 22.89% - Min: 0.00% - Market Cap 8703 - Trading time: 00:00:04
07-09-2025 18:03:30.109 INFO Current price: 0.000000042516 - Current percentage: 12.89% - Max: 22.89% - Min: 0.00% - Market Cap 8738 - Trading time: 00:00:04
07-09-2025 18:03:30.110 INFO Current price: 0.000000042681 - Current percentage: 13.31% - Max: 22.89% - Min: 0.00% - Market Cap 8771 - Trading time: 00:00:04
07-09-2025 18:03:30.571 INFO Current price: 0.000000043042 - Current percentage: 14.81% - Max: 22.89% - Min: 0.00% - Market Cap 8887 - Trading time: 00:00:04
07-09-2025 18:03:30.960 INFO Current price: 0.000000045594 - Current percentage: 27.15% - Max: 27.15% - Min: 0.00% - Market Cap 9842 - Trading time: 00:00:04
07-09-2025 18:03:31.548 INFO Current price: 0.000000048053 - Current percentage: 27.53% - Max: 27.53% - Min: 0.00% - Market Cap 9871 - Trading time: 00:00:05
07-09-2025 18:03:31.661 INFO Current price: 0.000000048364 - Current percentage: 28.80% - Max: 28.80% - Min: 0.00% - Market Cap 9970 - Trading time: 00:00:05
07-09-2025 18:03:32.872 INFO Current price: 0.000000048724 - Current percentage: 29.43% - Max: 29.43% - Min: 0.00% - Market Cap 10019 - Trading time: 00:00:06
07-09-2025 18:03:32.960 INFO Current price: 0.000000048381 - Current percentage: 26.99% - Max: 29.43% - Min: 0.00% - Market Cap 9830 - Trading time: 00:00:06
07-09-2025 18:03:32.962 INFO Current price: 0.000000047344 - Current percentage: 23.95% - Max: 29.43% - Min: 0.00% - Market Cap 9594 - Trading time: 00:00:06
07-09-2025 18:03:32.964 INFO Current price: 0.000000046341 - Current percentage: 21.66% - Max: 29.43% - Min: 0.00% - Market Cap 9417 - Trading time: 00:00:06
07-09-2025 18:03:32.976 INFO Current price: 0.000000046028 - Current percentage: 22.28% - Max: 29.43% - Min: 0.00% - Market Cap 9465 - Trading time: 00:00:06
07-09-2025 18:03:33.055 INFO Current price: 0.000000046262 - Current percentage: 22.90% - Max: 29.43% - Min: 0.00% - Market Cap 9513 - Trading time: 00:00:06
07-09-2025 18:03:33.203 INFO Current price: 0.000000046497 - Current percentage: 23.52% - Max: 29.43% - Min: 0.00% - Market Cap 9562 - Trading time: 00:00:07
07-09-2025 18:03:33.412 INFO Current price: 0.000000046183 - Current percentage: 21.25% - Max: 29.43% - Min: 0.00% - Market Cap 9385 - Trading time: 00:00:07
07-09-2025 18:03:33.417 INFO Current price: 0.000000045334 - Current percentage: 19.03% - Max: 29.43% - Min: 0.00% - Market Cap 9213 - Trading time: 00:00:07
07-09-2025 18:03:33.417 INFO Current price: 0.000000044394 - Current percentage: 16.27% - Max: 29.43% - Min: 0.00% - Market Cap 9000 - Trading time: 00:00:07
07-09-2025 18:03:33.585 INFO Current price: 0.000000045018 - Current percentage: 22.40% - Max: 29.43% - Min: 0.00% - Market Cap 9474 - Trading time: 00:00:07
07-09-2025 18:03:33.829 INFO Current price: 0.000000047360 - Current percentage: 28.68% - Max: 29.43% - Min: 0.00% - Market Cap 9961 - Trading time: 00:00:07
07-09-2025 18:03:34.208 INFO Current price: 0.000000048561 - Current percentage: 28.68% - Max: 29.43% - Min: 0.00% - Market Cap 9961 - Trading time: 00:00:08
07-09-2025 18:03:34.611 INFO Current price: 0.000000048225 - Current percentage: 26.91% - Max: 29.43% - Min: 0.00% - Market Cap 9823 - Trading time: 00:00:08
07-09-2025 18:03:34.641 INFO Current price: 0.000000046998 - Current percentage: 22.22% - Max: 29.43% - Min: 0.00% - Market Cap 9460 - Trading time: 00:00:08
07-09-2025 18:03:34.644 INFO Current price: 0.000000045045 - Current percentage: 16.58% - Max: 29.43% - Min: 0.00% - Market Cap 9024 - Trading time: 00:00:08
07-09-2025 18:03:34.644 INFO Current price: 0.000000043209 - Current percentage: 12.46% - Max: 29.43% - Min: 0.00% - Market Cap 8705 - Trading time: 00:00:08
07-09-2025 18:03:34.774 INFO Current price: 0.000000041910 - Current percentage: 9.68% - Max: 29.43% - Min: 0.00% - Market Cap 8490 - Trading time: 00:00:08
07-09-2025 18:03:34.870 INFO Current price: 0.000000041500 - Current percentage: 10.26% - Max: 29.43% - Min: 0.00% - Market Cap 8535 - Trading time: 00:00:08
07-09-2025 18:03:34.968 INFO Current price: 0.000000041098 - Current percentage: 7.56% - Max: 29.43% - Min: 0.00% - Market Cap 8326 - Trading time: 00:00:08
07-09-2025 18:03:35.136 INFO Current price: 0.000000040097 - Current percentage: 4.96% - Max: 29.43% - Min: 0.00% - Market Cap 8125 - Trading time: 00:00:09
07-09-2025 18:03:36.270 INFO Current price: 0.000000038459 - Current percentage: -1.05% - Max: 29.43% - Min: -1.05% - Market Cap 7660 - Trading time: 00:00:10
07-09-2025 18:03:36.273 INFO Current price: 0.000000036339 - Current percentage: -6.29% - Max: 29.43% - Min: -6.29% - Market Cap 7253 - Trading time: 00:00:10
07-09-2025 18:03:36.280 INFO Current price: 0.000000034333 - Current percentage: -11.67% - Max: 29.43% - Min: -11.67% - Market Cap 6837 - Trading time: 00:00:10
07-09-2025 18:03:36.337 INFO Current price: 0.000000033326 - Current percentage: -11.71% - Max: 29.43% - Min: -11.71% - Market Cap 6834 - Trading time: 00:00:10
07-09-2025 18:03:36.407 INFO Current price: 0.000000033419 - Current percentage: -11.18% - Max: 29.43% - Min: -11.71% - Market Cap 6875 - Trading time: 00:00:10
07-09-2025 18:03:36.498 INFO Current price: 0.000000033530 - Current percentage: -11.18% - Max: 29.43% - Min: -11.71% - Market Cap 6875 - Trading time: 00:00:10
07-09-2025 18:03:36.537 INFO Current price: 0.000000033618 - Current percentage: -10.65% - Max: 29.43% - Min: -11.71% - Market Cap 6916 - Trading time: 00:00:10
07-09-2025 18:03:37.018 INFO Current price: 0.000000033719 - Current percentage: -10.65% - Max: 29.43% - Min: -11.71% - Market Cap 6916 - Trading time: 00:00:10
07-09-2025 18:03:37.048 INFO Current price: 0.000000033820 - Current percentage: -10.11% - Max: 29.43% - Min: -11.71% - Market Cap 6958 - Trading time: 00:00:10
07-09-2025 18:03:37.517 INFO Current price: 0.000000034006 - Current percentage: -9.66% - Max: 29.43% - Min: -11.71% - Market Cap 6993 - Trading time: 00:00:11
07-09-2025 18:03:37.828 INFO Current price: 0.000000034106 - Current percentage: -9.58% - Max: 29.43% - Min: -11.71% - Market Cap 6999 - Trading time: 00:00:11
07-09-2025 18:03:38.083 INFO Current price: 0.000000034046 - Current percentage: -9.98% - Max: 29.43% - Min: -11.71% - Market Cap 6968 - Trading time: 00:00:11
07-09-2025 18:03:38.213 INFO Current price: 0.000000032045 - Current percentage: -19.90% - Max: 29.43% - Min: -19.90% - Market Cap 6200 - Trading time: 00:00:12
07-09-2025 18:03:38.516 INFO Current price: 0.000000030255 - Current percentage: -19.75% - Max: 29.43% - Min: -19.90% - Market Cap 6212 - Trading time: 00:00:12
07-09-2025 18:03:38.562 INFO Current price: 0.000000030263 - Current percentage: -19.86% - Max: 29.43% - Min: -19.90% - Market Cap 6203 - Trading time: 00:00:12
07-09-2025 18:03:38.651 INFO Current price: 0.000000030157 - Current percentage: -20.31% - Max: 29.43% - Min: -20.31% - Market Cap 6168 - Trading time: 00:00:12
07-09-2025 18:03:38.995 INFO Current price: 0.000000031074 - Current percentage: -14.91% - Max: 29.43% - Min: -20.31% - Market Cap 6586 - Trading time: 00:00:12
07-09-2025 18:03:39.094 INFO Current price: 0.000000032072 - Current percentage: -15.11% - Max: 29.43% - Min: -20.31% - Market Cap 6571 - Trading time: 00:00:13
07-09-2025 18:03:39.204 INFO Current price: 0.000000032133 - Current percentage: -14.59% - Max: 29.43% - Min: -20.31% - Market Cap 6611 - Trading time: 00:00:13
07-09-2025 18:03:39.208 INFO Current price: 0.000000033557 - Current percentage: -7.42% - Max: 29.43% - Min: -20.31% - Market Cap 7166 - Trading time: 00:00:13
07-09-2025 18:03:39.241 INFO Current price: 0.000000035665 - Current percentage: -3.52% - Max: 29.43% - Min: -20.31% - Market Cap 7468 - Trading time: 00:00:13
07-09-2025 18:03:39.421 INFO Current price: 0.000000037471 - Current percentage: 2.20% - Max: 29.43% - Min: -20.31% - Market Cap 7911 - Trading time: 00:00:13
07-09-2025 18:03:39.474 INFO Current price: 0.000000038577 - Current percentage: 2.25% - Max: 29.43% - Min: -20.31% - Market Cap 7915 - Trading time: 00:00:13
07-09-2025 18:03:39.635 INFO Current price: 0.000000039683 - Current percentage: 8.14% - Max: 29.43% - Min: -20.31% - Market Cap 8371 - Trading time: 00:00:13
07-09-2025 18:03:39.846 INFO Current price: 0.000000040790 - Current percentage: 8.14% - Max: 29.43% - Min: -20.31% - Market Cap 8371 - Trading time: 00:00:13
07-09-2025 18:03:40.136 INFO Current price: 0.000000041034 - Current percentage: 9.34% - Max: 29.43% - Min: -20.31% - Market Cap 8463 - Trading time: 00:00:14
07-09-2025 18:03:40.380 INFO Current price: 0.000000041283 - Current percentage: 9.45% - Max: 29.43% - Min: -20.31% - Market Cap 8473 - Trading time: 00:00:14
07-09-2025 18:03:41.197 INFO Current price: 0.000000041415 - Current percentage: 10.04% - Max: 29.43% - Min: -20.31% - Market Cap 8518 - Trading time: 00:00:15
07-09-2025 18:03:41.419 INFO Current price: 0.000000041527 - Current percentage: 10.05% - Max: 29.43% - Min: -20.31% - Market Cap 8518 - Trading time: 00:00:15
07-09-2025 18:03:41.421 INFO Current price: 0.000000040013 - Current percentage: 2.16% - Max: 29.43% - Min: -20.31% - Market Cap 7908 - Trading time: 00:00:15
07-09-2025 18:03:41.528 INFO Current price: 0.000000037744 - Current percentage: -2.08% - Max: 29.43% - Min: -20.31% - Market Cap 7580 - Trading time: 00:00:15
07-09-2025 18:03:41.533 INFO Current price: 0.000000036836 - Current percentage: -2.69% - Max: 29.43% - Min: -20.31% - Market Cap 7532 - Trading time: 00:00:15
07-09-2025 18:03:41.539 INFO Current price: 0.000000036683 - Current percentage: -2.89% - Max: 29.43% - Min: -20.31% - Market Cap 7517 - Trading time: 00:00:15
07-09-2025 18:03:41.626 INFO Current price: 0.000000035164 - Current percentage: -10.59% - Max: 29.43% - Min: -20.31% - Market Cap 6921 - Trading time: 00:00:15
07-09-2025 18:03:41.928 INFO Current price: 0.000000033279 - Current percentage: -13.03% - Max: 29.43% - Min: -20.31% - Market Cap 6732 - Trading time: 00:00:15
07-09-2025 18:03:42.121 INFO Current price: 0.000000032820 - Current percentage: -13.03% - Max: 29.43% - Min: -20.31% - Market Cap 6732 - Trading time: 00:00:16
07-09-2025 18:03:42.414 INFO Current price: 0.000000032810 - Current percentage: -13.08% - Max: 29.43% - Min: -20.31% - Market Cap 6728 - Trading time: 00:00:16
07-09-2025 18:03:42.848 INFO Current price: 0.000000032821 - Current percentage: -12.97% - Max: 29.43% - Min: -20.31% - Market Cap 6736 - Trading time: 00:00:16
07-09-2025 18:03:43.412 INFO Current price: 0.000000032942 - Current percentage: -12.44% - Max: 29.43% - Min: -20.31% - Market Cap 6778 - Trading time: 00:00:17
07-09-2025 18:03:43.414 INFO Current price: 0.000000033140 - Current percentage: -11.92% - Max: 29.43% - Min: -20.31% - Market Cap 6818 - Trading time: 00:00:17
07-09-2025 18:03:43.941 INFO Current price: 0.000000033334 - Current percentage: -11.66% - Max: 29.43% - Min: -20.31% - Market Cap 6838 - Trading time: 00:00:17
07-09-2025 18:03:44.992 INFO Current price: 0.000000033195 - Current percentage: -12.41% - Max: 29.43% - Min: -20.31% - Market Cap 6780 - Trading time: 00:00:18
07-09-2025 18:03:45.239 INFO Current price: 0.000000034034 - Current percentage: -7.14% - Max: 29.43% - Min: -20.31% - Market Cap 7188 - Trading time: 00:00:19
07-09-2025 18:03:45.312 INFO Current price: 0.000000036074 - Current percentage: -1.60% - Max: 29.43% - Min: -20.31% - Market Cap 7617 - Trading time: 00:00:19
07-09-2025 18:03:45.315 INFO Current price: 0.000000038217 - Current percentage: 4.22% - Max: 29.43% - Min: -20.31% - Market Cap 8067 - Trading time: 00:00:19
07-09-2025 18:03:45.612 INFO Current price: 0.000000039330 - Current percentage: 4.22% - Max: 29.43% - Min: -20.31% - Market Cap 8067 - Trading time: 00:00:19
07-09-2025 18:03:45.790 INFO Current price: 0.000000039447 - Current percentage: 4.84% - Max: 29.43% - Min: -20.31% - Market Cap 8116 - Trading time: 00:00:19
07-09-2025 18:03:46.524 INFO Current price: 0.000000039432 - Current percentage: 4.14% - Max: 29.43% - Min: -20.31% - Market Cap 8061 - Trading time: 00:00:20
07-09-2025 18:03:46.530 INFO Current price: 0.000000039175 - Current percentage: 3.48% - Max: 29.43% - Min: -20.31% - Market Cap 8010 - Trading time: 00:00:20
07-09-2025 18:03:46.901 INFO Current price: 0.000000038925 - Current percentage: 2.82% - Max: 29.43% - Min: -20.31% - Market Cap 7959 - Trading time: 00:00:20
07-09-2025 18:03:47.452 INFO Current price: 0.000000038774 - Current percentage: 2.67% - Max: 29.43% - Min: -20.31% - Market Cap 7948 - Trading time: 00:00:21
07-09-2025 18:03:47.498 INFO Current price: 0.000000037658 - Current percentage: -3.02% - Max: 29.43% - Min: -20.31% - Market Cap 7507 - Trading time: 00:00:21
07-09-2025 18:03:47.537 INFO Current price: 0.000000035522 - Current percentage: -8.64% - Max: 29.43% - Min: -20.31% - Market Cap 7072 - Trading time: 00:00:21
07-09-2025 18:03:47.540 INFO Current price: 0.000000033527 - Current percentage: -13.60% - Max: 29.43% - Min: -20.31% - Market Cap 6688 - Trading time: 00:00:21
07-09-2025 18:03:47.818 INFO Current price: 0.000000032605 - Current percentage: -13.60% - Max: 29.43% - Min: -20.31% - Market Cap 6688 - Trading time: 00:00:21
07-09-2025 18:03:47.861 INFO Current price: 0.000000032588 - Current percentage: -13.69% - Max: 29.43% - Min: -20.31% - Market Cap 6681 - Trading time: 00:00:21
07-09-2025 18:03:48.647 INFO Current price: 0.000000032472 - Current percentage: -14.22% - Max: 29.43% - Min: -20.31% - Market Cap 6640 - Trading time: 00:00:22
07-09-2025 18:03:51.690 INFO Current price: 0.000000032391 - Current percentage: -14.11% - Max: 29.43% - Min: -20.31% - Market Cap 6648 - Trading time: 00:00:25
07-09-2025 18:03:53.427 INFO Current price: 0.000000032324 - Current percentage: -14.58% - Max: 29.43% - Min: -20.31% - Market Cap 6612 - Trading time: 00:00:27
07-09-2025 18:03:55.022 INFO Current price: 0.000000032214 - Current percentage: -14.58% - Max: 29.43% - Min: -20.31% - Market Cap 6612 - Trading time: 00:00:28
07-09-2025 18:03:55.457 INFO Current price: 0.000000031444 - Current percentage: -18.73% - Max: 29.43% - Min: -20.31% - Market Cap 6291 - Trading time: 00:00:29
07-09-2025 18:03:56.211 INFO Current price: 0.000000030653 - Current percentage: -18.82% - Max: 29.43% - Min: -20.31% - Market Cap 6284 - Trading time: 00:00:30
07-09-2025 18:03:56.263 INFO Current price: 0.000000030515 - Current percentage: -19.46% - Max: 29.43% - Min: -20.31% - Market Cap 6235 - Trading time: 00:00:30
07-09-2025 18:03:56.344 INFO Current price: 0.000000030382 - Current percentage: -19.52% - Max: 29.43% - Min: -20.31% - Market Cap 6229 - Trading time: 00:00:30
07-09-2025 18:03:56.677 INFO Current price: 0.000000030300 - Current percentage: -19.89% - Max: 29.43% - Min: -20.31% - Market Cap 6201 - Trading time: 00:00:30
07-09-2025 18:03:56.683 INFO Current price: 0.000000030163 - Current percentage: -20.25% - Max: 29.43% - Min: -20.31% - Market Cap 6173 - Trading time: 00:00:30
07-09-2025 18:03:57.082 INFO Current price: 0.000000030059 - Current percentage: -20.44% - Max: 29.43% - Min: -20.44% - Market Cap 6158 - Trading time: 00:00:30
07-09-2025 18:03:57.093 INFO Current price: 0.000000030112 - Current percentage: -19.97% - Max: 29.43% - Min: -20.44% - Market Cap 6195 - Trading time: 00:00:31
07-09-2025 18:03:59.356 INFO Current price: 0.000000030183 - Current percentage: -20.06% - Max: 29.43% - Min: -20.44% - Market Cap 6188 - Trading time: 00:00:33
07-09-2025 18:04:09.486 INFO Current price: 0.000000030644 - Current percentage: -17.51% - Max: 29.43% - Min: -20.44% - Market Cap 6385 - Trading time: 00:00:43
07-09-2025 18:04:24.497 INFO Current price: 0.000000030981 - Current percentage: -18.30% - Max: 29.43% - Min: -20.44% - Market Cap 6324 - Trading time: 00:00:58
07-09-2025 18:04:51.051 INFO Current price: 0.000000030195 - Current percentage: -21.64% - Max: 29.43% - Min: -21.64% - Market Cap 6065 - Trading time: 00:01:24
07-09-2025 18:05:52.020 INFO Current price: 0.000000028832 - Current percentage: -25.50% - Max: 29.43% - Min: -25.50% - Market Cap 5767 - Trading time: 00:02:25
07-09-2025 18:15:13.287 INFO Current price: 0.000000028754 - Current percentage: -22.05% - Max: 29.43% - Min: -25.50% - Market Cap 6034 - Trading time: 00:11:47
07-09-2025 18:20:09.224 INFO Current price: 0.000000029370 - Current percentage: -22.38% - Max: 29.43% - Min: -25.50% - Market Cap 6009 - Trading time: 00:16:43






07-09-2025 18:23:26.096 INFO {"type":"summary","reason":"max_window","startedAt":"2025-09-07T16:03:26.092Z","endedAt":"2025-09-07T16:23:26.096Z","durationSec":1200,"entryPrice":4.219388104939446e-8,"entryMarketCapSol":37.73749741078582,"entryMarketCapUsd":7740.715468900387,"minPct":-25.503022591535583,"maxPct":29.43333381915405,"buyCount":55,"sellCount":65,"tradeCount":120,"entryRecorded":true,"noPostThresholdTrades":false,"triggerAt":"2025-09-07T16:03:26.092Z","ageAtTriggerSec":6,"preTotalTrades":23,"preBuys":18,"preSells":5,"preUniqueTraders":18,"preEntryTotalTrades":35,"preEntryBuys":23,"preEntrySells":12,"preEntryUniqueTraders":23,"preEntryMinMcUsd":7113.384531813411,"preEntryMaxMcUsd":9824.045964442728,"thresholdMcSol":37.73749741078582,"thresholdMcUsd":7740.715468900387,"thresholdPrice":4.219388104939446e-8}
