07-09-2025 18:30:24.035 INFO Entry price: 0.000000080305962031 - Entry market cap: 15553 - Buys 66 - Sells 19 - Ratio: 1:0.29 - Min MarketCap: 6276 - Max MarketCap: 18667
07-09-2025 18:30:24.035 INFO Current price: 0.000000080306 - Current percentage: 0.00% - Max: 0.00% - Min: 0.00% - Market Cap 15553 - Trading time: 00:00:02
07-09-2025 18:30:24.058 INFO Current price: 0.000000084702 - Current percentage: 3.26% - Max: 3.26% - Min: 0.00% - Market Cap 16060 - Trading time: 00:00:02
07-09-2025 18:30:24.062 INFO Current price: 0.000000074359 - Current percentage: -7.50% - Max: 3.26% - Min: -7.50% - Market Cap 14387 - Trading time: 00:00:02
07-09-2025 18:30:24.468 INFO Current price: 0.000000068933 - Current percentage: -11.26% - Max: 3.26% - Min: -11.26% - Market Cap 13802 - Trading time: 00:00:02
07-09-2025 18:30:24.730 INFO Current price: 0.000000067588 - Current percentage: -11.07% - Max: 3.26% - Min: -11.26% - Market Cap 13831 - Trading time: 00:00:02
07-09-2025 18:30:24.737 INFO Current price: 0.000000067477 - Current percentage: -11.55% - Max: 3.26% - Min: -11.55% - Market Cap 13757 - Trading time: 00:00:02
07-09-2025 18:30:24.860 INFO Current price: 0.000000068710 - Current percentage: -7.79% - Max: 3.26% - Min: -11.55% - Market Cap 14341 - Trading time: 00:00:02
07-09-2025 18:30:25.059 INFO Current price: 0.000000073040 - Current percentage: -0.05% - Max: 3.26% - Min: -11.55% - Market Cap 15545 - Trading time: 00:00:03
07-09-2025 18:30:25.068 INFO Current price: 0.000000076421 - Current percentage: 0.94% - Max: 3.26% - Min: -11.55% - Market Cap 15699 - Trading time: 00:00:03
07-09-2025 18:30:25.827 INFO Current price: 0.000000079064 - Current percentage: 6.98% - Max: 6.98% - Min: -11.55% - Market Cap 16639 - Trading time: 00:00:03
07-09-2025 18:30:26.007 INFO Current price: 0.000000078073 - Current percentage: -1.58% - Max: 6.98% - Min: -11.55% - Market Cap 15308 - Trading time: 00:00:03
07-09-2025 18:30:26.264 INFO Current price: 0.000000074500 - Current percentage: -2.58% - Max: 6.98% - Min: -11.55% - Market Cap 15151 - Trading time: 00:00:04
07-09-2025 18:30:26.463 INFO Current price: 0.000000071832 - Current percentage: -8.50% - Max: 6.98% - Min: -11.55% - Market Cap 14231 - Trading time: 00:00:04
07-09-2025 18:30:26.464 INFO Current price: 0.000000067109 - Current percentage: -14.97% - Max: 6.98% - Min: -14.97% - Market Cap 13224 - Trading time: 00:00:04
07-09-2025 18:30:26.464 INFO Current price: 0.000000064564 - Current percentage: -15.31% - Max: 6.98% - Min: -15.31% - Market Cap 13172 - Trading time: 00:00:04
07-09-2025 18:30:26.490 INFO Current price: 0.000000064576 - Current percentage: -14.94% - Max: 6.98% - Min: -15.31% - Market Cap 13229 - Trading time: 00:00:04
07-09-2025 18:30:26.693 INFO Current price: 0.000000063229 - Current percentage: -18.80% - Max: 6.98% - Min: -18.80% - Market Cap 12629 - Trading time: 00:00:04
07-09-2025 18:30:26.700 INFO Current price: 0.000000060323 - Current percentage: -22.58% - Max: 6.98% - Min: -22.58% - Market Cap 12041 - Trading time: 00:00:04
07-09-2025 18:30:26.888 INFO Current price: 0.000000056402 - Current percentage: -29.02% - Max: 6.98% - Min: -29.02% - Market Cap 11040 - Trading time: 00:00:04
07-09-2025 18:30:26.940 INFO Current price: 0.000000054135 - Current percentage: -28.68% - Max: 6.98% - Min: -29.02% - Market Cap 11093 - Trading time: 00:00:04
07-09-2025 18:30:26.941 INFO Current price: 0.000000054390 - Current percentage: -28.35% - Max: 6.98% - Min: -29.02% - Market Cap 11144 - Trading time: 00:00:04
07-09-2025 18:30:26.945 INFO Current price: 0.000000054386 - Current percentage: -28.69% - Max: 6.98% - Min: -29.02% - Market Cap 11091 - Trading time: 00:00:04
07-09-2025 18:30:26.948 INFO Current price: 0.000000053389 - Current percentage: -30.95% - Max: 6.98% - Min: -30.95% - Market Cap 10740 - Trading time: 00:00:04
07-09-2025 18:30:26.953 INFO Current price: 0.000000052545 - Current percentage: -30.95% - Max: 6.98% - Min: -30.95% - Market Cap 10740 - Trading time: 00:00:04
07-09-2025 18:30:26.954 INFO Current price: 0.000000051927 - Current percentage: -32.54% - Max: 6.98% - Min: -32.54% - Market Cap 10491 - Trading time: 00:00:04
07-09-2025 18:30:26.954 INFO Current price: 0.000000051330 - Current percentage: -32.54% - Max: 6.98% - Min: -32.54% - Market Cap 10491 - Trading time: 00:00:04
07-09-2025 18:30:26.967 INFO Current price: 0.000000051447 - Current percentage: -32.22% - Max: 6.98% - Min: -32.54% - Market Cap 10542 - Trading time: 00:00:04
07-09-2025 18:30:27.213 INFO Current price: 0.000000051563 - Current percentage: -32.24% - Max: 6.98% - Min: -32.54% - Market Cap 10539 - Trading time: 00:00:05
07-09-2025 18:30:27.384 INFO Current price: 0.000000048975 - Current percentage: -38.85% - Max: 6.98% - Min: -38.85% - Market Cap 9510 - Trading time: 00:00:05
07-09-2025 18:30:27.490 INFO Current price: 0.000000046763 - Current percentage: -38.22% - Max: 6.98% - Min: -38.85% - Market Cap 9609 - Trading time: 00:00:05
07-09-2025 18:30:27.580 INFO Current price: 0.000000047141 - Current percentage: -37.86% - Max: 6.98% - Min: -38.85% - Market Cap 9664 - Trading time: 00:00:05
07-09-2025 18:30:27.582 INFO Current price: 0.000000047437 - Current percentage: -37.44% - Max: 6.98% - Min: -38.85% - Market Cap 9730 - Trading time: 00:00:05
07-09-2025 18:30:27.671 INFO Current price: 0.000000047752 - Current percentage: -37.03% - Max: 6.98% - Min: -38.85% - Market Cap 9793 - Trading time: 00:00:05
07-09-2025 18:30:27.679 INFO Current price: 0.000000047870 - Current percentage: -37.13% - Max: 6.98% - Min: -38.85% - Market Cap 9778 - Trading time: 00:00:05
07-09-2025 18:30:27.811 INFO Current price: 0.000000049047 - Current percentage: -33.90% - Max: 6.98% - Min: -38.85% - Market Cap 10281 - Trading time: 00:00:05
07-09-2025 18:30:28.128 INFO Current price: 0.000000050381 - Current percentage: -33.67% - Max: 6.98% - Min: -38.85% - Market Cap 10316 - Trading time: 00:00:06
07-09-2025 18:30:28.136 INFO Current price: 0.000000050590 - Current percentage: -33.35% - Max: 6.98% - Min: -38.85% - Market Cap 10367 - Trading time: 00:00:06
07-09-2025 18:30:28.804 INFO Current price: 0.000000049657 - Current percentage: -36.09% - Max: 6.98% - Min: -38.85% - Market Cap 9940 - Trading time: 00:00:06
07-09-2025 18:30:28.809 INFO Current price: 0.000000047580 - Current percentage: -38.80% - Max: 6.98% - Min: -38.85% - Market Cap 9518 - Trading time: 00:00:06
07-09-2025 18:30:28.813 INFO Current price: 0.000000046679 - Current percentage: -38.49% - Max: 6.98% - Min: -38.85% - Market Cap 9566 - Trading time: 00:00:06
07-09-2025 18:30:28.833 INFO Current price: 0.000000046827 - Current percentage: -38.41% - Max: 6.98% - Min: -38.85% - Market Cap 9578 - Trading time: 00:00:06
07-09-2025 18:30:29.079 INFO Current price: 0.000000046975 - Current percentage: -38.10% - Max: 6.98% - Min: -38.85% - Market Cap 9627 - Trading time: 00:00:07
07-09-2025 18:30:29.086 INFO Current price: 0.000000047211 - Current percentage: -37.79% - Max: 6.98% - Min: -38.85% - Market Cap 9675 - Trading time: 00:00:07
07-09-2025 18:30:29.090 INFO Current price: 0.000000047449 - Current percentage: -37.48% - Max: 6.98% - Min: -38.85% - Market Cap 9724 - Trading time: 00:00:07
07-09-2025 18:30:29.214 INFO Current price: 0.000000048162 - Current percentage: -35.91% - Max: 6.98% - Min: -38.85% - Market Cap 9968 - Trading time: 00:00:07
07-09-2025 18:30:29.334 INFO Current price: 0.000000049124 - Current percentage: -34.96% - Max: 6.98% - Min: -38.85% - Market Cap 10116 - Trading time: 00:00:07
07-09-2025 18:30:29.380 INFO Current price: 0.000000049293 - Current percentage: -35.47% - Max: 6.98% - Min: -38.85% - Market Cap 10037 - Trading time: 00:00:07
07-09-2025 18:30:29.566 INFO Current price: 0.000000048902 - Current percentage: -35.98% - Max: 6.98% - Min: -38.85% - Market Cap 9957 - Trading time: 00:00:07
07-09-2025 18:30:29.566 INFO Current price: 0.000000048800 - Current percentage: -35.74% - Max: 6.98% - Min: -38.85% - Market Cap 9995 - Trading time: 00:00:07
07-09-2025 18:30:30.561 INFO Current price: 0.000000048918 - Current percentage: -35.67% - Max: 6.98% - Min: -38.85% - Market Cap 10005 - Trading time: 00:00:08
07-09-2025 18:30:30.857 INFO Current price: 0.000000048921 - Current percentage: -35.73% - Max: 6.98% - Min: -38.85% - Market Cap 9996 - Trading time: 00:00:08
07-09-2025 18:30:31.012 INFO Current price: 0.000000048817 - Current percentage: -35.95% - Max: 6.98% - Min: -38.85% - Market Cap 9962 - Trading time: 00:00:08
07-09-2025 18:30:31.014 INFO Current price: 0.000000048662 - Current percentage: -36.14% - Max: 6.98% - Min: -38.85% - Market Cap 9933 - Trading time: 00:00:08
07-09-2025 18:30:31.053 INFO Current price: 0.000000048515 - Current percentage: -36.33% - Max: 6.98% - Min: -38.85% - Market Cap 9902 - Trading time: 00:00:09
07-09-2025 18:30:31.182 INFO Current price: 0.000000048463 - Current percentage: -36.27% - Max: 6.98% - Min: -38.85% - Market Cap 9912 - Trading time: 00:00:09
07-09-2025 18:30:31.282 INFO Current price: 0.000000048515 - Current percentage: -36.20% - Max: 6.98% - Min: -38.85% - Market Cap 9923 - Trading time: 00:00:09
07-09-2025 18:30:31.312 INFO Current price: 0.000000048575 - Current percentage: -36.11% - Max: 6.98% - Min: -38.85% - Market Cap 9936 - Trading time: 00:00:09
07-09-2025 18:30:31.456 INFO Current price: 0.000000048301 - Current percentage: -36.92% - Max: 6.98% - Min: -38.85% - Market Cap 9812 - Trading time: 00:00:09
07-09-2025 18:30:31.680 INFO Current price: 0.000000050284 - Current percentage: -34.08% - Max: 6.98% - Min: -38.85% - Market Cap 10253 - Trading time: 00:00:09
07-09-2025 18:30:31.914 INFO Current price: 0.000000050024 - Current percentage: -34.42% - Max: 6.98% - Min: -38.85% - Market Cap 10199 - Trading time: 00:00:09
07-09-2025 18:30:32.128 INFO Current price: 0.000000049801 - Current percentage: -34.67% - Max: 6.98% - Min: -38.85% - Market Cap 10161 - Trading time: 00:00:10
07-09-2025 18:30:32.707 INFO Current price: 0.000000049674 - Current percentage: -34.76% - Max: 6.98% - Min: -38.85% - Market Cap 10148 - Trading time: 00:00:10
07-09-2025 18:30:32.739 INFO Current price: 0.000000049612 - Current percentage: -34.83% - Max: 6.98% - Min: -38.85% - Market Cap 10136 - Trading time: 00:00:10
07-09-2025 18:30:32.790 INFO Current price: 0.000000051375 - Current percentage: -30.03% - Max: 6.98% - Min: -38.85% - Market Cap 10882 - Trading time: 00:00:10
07-09-2025 18:30:32.804 INFO Current price: 0.000000055185 - Current percentage: -24.81% - Max: 6.98% - Min: -38.85% - Market Cap 11695 - Trading time: 00:00:10
07-09-2025 18:30:33.826 INFO Current price: 0.000000057064 - Current percentage: -25.19% - Max: 6.98% - Min: -38.85% - Market Cap 11636 - Trading time: 00:00:11
07-09-2025 18:30:34.032 INFO Current price: 0.000000057245 - Current percentage: -24.33% - Max: 6.98% - Min: -38.85% - Market Cap 11769 - Trading time: 00:00:11
07-09-2025 18:30:34.034 INFO Current price: 0.000000057704 - Current percentage: -23.98% - Max: 6.98% - Min: -38.85% - Market Cap 11823 - Trading time: 00:00:11
07-09-2025 18:30:34.034 INFO Current price: 0.000000059802 - Current percentage: -18.73% - Max: 6.98% - Min: -38.85% - Market Cap 12640 - Trading time: 00:00:11
07-09-2025 18:30:34.062 INFO Current price: 0.000000061971 - Current percentage: -18.37% - Max: 6.98% - Min: -38.85% - Market Cap 12696 - Trading time: 00:00:12
07-09-2025 18:30:34.158 INFO Current price: 0.000000063465 - Current percentage: -14.76% - Max: 6.98% - Min: -38.85% - Market Cap 13257 - Trading time: 00:00:12
07-09-2025 18:30:34.294 INFO Current price: 0.000000064852 - Current percentage: -14.76% - Max: 6.98% - Min: -38.85% - Market Cap 13257 - Trading time: 00:00:12
07-09-2025 18:30:34.353 INFO Current price: 0.000000064991 - Current percentage: -14.40% - Max: 6.98% - Min: -38.85% - Market Cap 13314 - Trading time: 00:00:12
07-09-2025 18:30:34.439 INFO Current price: 0.000000063914 - Current percentage: -17.56% - Max: 6.98% - Min: -38.85% - Market Cap 12821 - Trading time: 00:00:12
07-09-2025 18:30:34.441 INFO Current price: 0.000000061534 - Current percentage: -20.65% - Max: 6.98% - Min: -38.85% - Market Cap 12341 - Trading time: 00:00:12
07-09-2025 18:30:34.893 INFO Current price: 0.000000060110 - Current percentage: -21.33% - Max: 6.98% - Min: -38.85% - Market Cap 12235 - Trading time: 00:00:12
07-09-2025 18:30:35.182 INFO Current price: 0.000000059985 - Current percentage: -20.98% - Max: 6.98% - Min: -38.85% - Market Cap 12289 - Trading time: 00:00:13
07-09-2025 18:30:35.185 INFO Current price: 0.000000060006 - Current percentage: -21.28% - Max: 6.98% - Min: -38.85% - Market Cap 12244 - Trading time: 00:00:13
07-09-2025 18:30:35.519 INFO Current price: 0.000000059677 - Current percentage: -21.85% - Max: 6.98% - Min: -38.85% - Market Cap 12155 - Trading time: 00:00:13
07-09-2025 18:30:35.569 INFO Current price: 0.000000059463 - Current percentage: -21.85% - Max: 6.98% - Min: -38.85% - Market Cap 12155 - Trading time: 00:00:13
07-09-2025 18:30:35.744 INFO Current price: 0.000000059463 - Current percentage: -21.85% - Max: 6.98% - Min: -38.85% - Market Cap 12155 - Trading time: 00:00:13
07-09-2025 18:30:36.411 INFO Current price: 0.000000056400 - Current percentage: -29.69% - Max: 6.98% - Min: -38.85% - Market Cap 10936 - Trading time: 00:00:14
07-09-2025 18:30:36.656 INFO Current price: 0.000000053117 - Current percentage: -30.68% - Max: 6.98% - Min: -38.85% - Market Cap 10781 - Trading time: 00:00:14
07-09-2025 18:30:36.998 INFO Current price: 0.000000052863 - Current percentage: -30.36% - Max: 6.98% - Min: -38.85% - Market Cap 10831 - Trading time: 00:00:14
07-09-2025 18:30:37.004 INFO Current price: 0.000000053105 - Current percentage: -30.04% - Max: 6.98% - Min: -38.85% - Market Cap 10880 - Trading time: 00:00:14
07-09-2025 18:30:37.030 INFO Current price: 0.000000053359 - Current percentage: -29.69% - Max: 6.98% - Min: -38.85% - Market Cap 10935 - Trading time: 00:00:14
07-09-2025 18:30:37.079 INFO Current price: 0.000000053496 - Current percentage: -29.69% - Max: 6.98% - Min: -38.85% - Market Cap 10935 - Trading time: 00:00:15
07-09-2025 18:30:37.332 INFO Current price: 0.000000054103 - Current percentage: -28.08% - Max: 6.98% - Min: -38.85% - Market Cap 11186 - Trading time: 00:00:15
07-09-2025 18:30:37.333 INFO Current price: 0.000000055378 - Current percentage: -26.34% - Max: 6.98% - Min: -38.85% - Market Cap 11457 - Trading time: 00:00:15
07-09-2025 18:30:38.262 INFO Current price: 0.000000056175 - Current percentage: -26.00% - Max: 6.98% - Min: -38.85% - Market Cap 11510 - Trading time: 00:00:16
07-09-2025 18:30:38.511 INFO Current price: 0.000000056629 - Current percentage: -25.14% - Max: 6.98% - Min: -38.85% - Market Cap 11643 - Trading time: 00:00:16
07-09-2025 18:30:39.025 INFO Current price: 0.000000056858 - Current percentage: -25.40% - Max: 6.98% - Min: -38.85% - Market Cap 11603 - Trading time: 00:00:16
07-09-2025 18:30:39.267 INFO Current price: 0.000000056775 - Current percentage: -25.36% - Max: 6.98% - Min: -38.85% - Market Cap 11609 - Trading time: 00:00:17
07-09-2025 18:30:39.360 INFO Current price: 0.000000056674 - Current percentage: -25.66% - Max: 6.98% - Min: -38.85% - Market Cap 11562 - Trading time: 00:00:17
07-09-2025 18:30:40.092 INFO Current price: 0.000000057857 - Current percentage: -22.21% - Max: 6.98% - Min: -38.85% - Market Cap 12098 - Trading time: 00:00:18
07-09-2025 18:30:40.094 INFO Current price: 0.000000058980 - Current percentage: -22.75% - Max: 6.98% - Min: -38.85% - Market Cap 12015 - Trading time: 00:00:18
07-09-2025 18:30:40.149 INFO Current price: 0.000000058908 - Current percentage: -22.40% - Max: 6.98% - Min: -38.85% - Market Cap 12069 - Trading time: 00:00:18
07-09-2025 18:30:40.321 INFO Current price: 0.000000058946 - Current percentage: -22.65% - Max: 6.98% - Min: -38.85% - Market Cap 12031 - Trading time: 00:00:18
07-09-2025 18:30:40.641 INFO Current price: 0.000000058919 - Current percentage: -22.47% - Max: 6.98% - Min: -38.85% - Market Cap 12058 - Trading time: 00:00:18
07-09-2025 18:30:40.750 INFO Current price: 0.000000058764 - Current percentage: -23.05% - Max: 6.98% - Min: -38.85% - Market Cap 11967 - Trading time: 00:00:18
07-09-2025 18:30:40.754 INFO Current price: 0.000000058356 - Current percentage: -23.55% - Max: 6.98% - Min: -38.85% - Market Cap 11891 - Trading time: 00:00:18
07-09-2025 18:30:40.819 INFO Current price: 0.000000058300 - Current percentage: -23.20% - Max: 6.98% - Min: -38.85% - Market Cap 11945 - Trading time: 00:00:18
07-09-2025 18:30:40.969 INFO Current price: 0.000000058445 - Current percentage: -23.17% - Max: 6.98% - Min: -38.85% - Market Cap 11950 - Trading time: 00:00:18
07-09-2025 18:30:41.307 INFO Current price: 0.000000058632 - Current percentage: -22.71% - Max: 6.98% - Min: -38.85% - Market Cap 12021 - Trading time: 00:00:19
07-09-2025 18:30:41.321 INFO Current price: 0.000000058644 - Current percentage: -23.14% - Max: 6.98% - Min: -38.85% - Market Cap 11955 - Trading time: 00:00:19
07-09-2025 18:30:41.494 INFO Current price: 0.000000059799 - Current percentage: -19.63% - Max: 6.98% - Min: -38.85% - Market Cap 12500 - Trading time: 00:00:19
07-09-2025 18:30:41.604 INFO Current price: 0.000000060557 - Current percentage: -21.18% - Max: 6.98% - Min: -38.85% - Market Cap 12260 - Trading time: 00:00:19
07-09-2025 18:30:41.727 INFO Current price: 0.000000059986 - Current percentage: -21.14% - Max: 6.98% - Min: -38.85% - Market Cap 12265 - Trading time: 00:00:19
07-09-2025 18:30:42.682 INFO Current price: 0.000000060013 - Current percentage: -21.11% - Max: 6.98% - Min: -38.85% - Market Cap 12271 - Trading time: 00:00:20
07-09-2025 18:30:42.875 INFO Current price: 0.000000060066 - Current percentage: -21.00% - Max: 6.98% - Min: -38.85% - Market Cap 12287 - Trading time: 00:00:20
07-09-2025 18:30:43.236 INFO Current price: 0.000000060160 - Current percentage: -20.86% - Max: 6.98% - Min: -38.85% - Market Cap 12309 - Trading time: 00:00:21
07-09-2025 18:30:43.899 INFO Current price: 0.000000060485 - Current percentage: -20.15% - Max: 6.98% - Min: -38.85% - Market Cap 12420 - Trading time: 00:00:21
07-09-2025 18:30:45.487 INFO Current price: 0.000000059378 - Current percentage: -23.73% - Max: 6.98% - Min: -38.85% - Market Cap 11863 - Trading time: 00:00:23
07-09-2025 18:30:46.086 INFO Current price: 0.000000057670 - Current percentage: -24.67% - Max: 6.98% - Min: -38.85% - Market Cap 11716 - Trading time: 00:00:24
07-09-2025 18:30:46.292 INFO Current price: 0.000000057050 - Current percentage: -25.36% - Max: 6.98% - Min: -38.85% - Market Cap 11609 - Trading time: 00:00:24
07-09-2025 18:30:46.418 INFO Current price: 0.000000056645 - Current percentage: -25.74% - Max: 6.98% - Min: -38.85% - Market Cap 11550 - Trading time: 00:00:24
07-09-2025 18:30:46.878 INFO Current price: 0.000000056493 - Current percentage: -25.76% - Max: 6.98% - Min: -38.85% - Market Cap 11546 - Trading time: 00:00:24
07-09-2025 18:30:47.316 INFO Current price: 0.000000059073 - Current percentage: -18.80% - Max: 6.98% - Min: -38.85% - Market Cap 12630 - Trading time: 00:00:25
07-09-2025 18:30:47.864 INFO Current price: 0.000000062646 - Current percentage: -16.51% - Max: 6.98% - Min: -38.85% - Market Cap 12985 - Trading time: 00:00:25
07-09-2025 18:30:47.870 INFO Current price: 0.000000064380 - Current percentage: -14.24% - Max: 6.98% - Min: -38.85% - Market Cap 13338 - Trading time: 00:00:25
07-09-2025 18:30:47.984 INFO Current price: 0.000000065257 - Current percentage: -14.22% - Max: 6.98% - Min: -38.85% - Market Cap 13341 - Trading time: 00:00:25
07-09-2025 18:30:49.709 INFO Current price: 0.000000065960 - Current percentage: -12.38% - Max: 6.98% - Min: -38.85% - Market Cap 13627 - Trading time: 00:00:27
07-09-2025 18:30:50.883 INFO Current price: 0.000000066513 - Current percentage: -12.78% - Max: 6.98% - Min: -38.85% - Market Cap 13566 - Trading time: 00:00:28
07-09-2025 18:30:50.945 INFO Current price: 0.000000065822 - Current percentage: -14.19% - Max: 6.98% - Min: -38.85% - Market Cap 13346 - Trading time: 00:00:28
07-09-2025 18:30:51.512 INFO Current price: 0.000000062932 - Current percentage: -20.27% - Max: 6.98% - Min: -38.85% - Market Cap 12401 - Trading time: 00:00:29
07-09-2025 18:30:52.610 INFO Current price: 0.000000060170 - Current percentage: -21.56% - Max: 6.98% - Min: -38.85% - Market Cap 12200 - Trading time: 00:00:30
07-09-2025 18:30:52.641 INFO Current price: 0.000000059687 - Current percentage: -21.54% - Max: 6.98% - Min: -38.85% - Market Cap 12203 - Trading time: 00:00:30
07-09-2025 18:30:52.713 INFO Current price: 0.000000059546 - Current percentage: -21.93% - Max: 6.98% - Min: -38.85% - Market Cap 12142 - Trading time: 00:00:30
07-09-2025 18:30:53.512 INFO Current price: 0.000000059267 - Current percentage: -22.28% - Max: 6.98% - Min: -38.85% - Market Cap 12089 - Trading time: 00:00:31
07-09-2025 18:30:54.267 INFO Current price: 0.000000059202 - Current percentage: -22.10% - Max: 6.98% - Min: -38.85% - Market Cap 12116 - Trading time: 00:00:32
07-09-2025 18:30:54.521 INFO Current price: 0.000000059404 - Current percentage: -21.74% - Max: 6.98% - Min: -38.85% - Market Cap 12171 - Trading time: 00:00:32
07-09-2025 18:30:54.903 INFO Current price: 0.000000059562 - Current percentage: -21.69% - Max: 6.98% - Min: -38.85% - Market Cap 12180 - Trading time: 00:00:32
07-09-2025 18:30:55.371 INFO Current price: 0.000000059650 - Current percentage: -21.51% - Max: 6.98% - Min: -38.85% - Market Cap 12207 - Trading time: 00:00:33
07-09-2025 18:30:55.426 INFO Current price: 0.000000060116 - Current percentage: -20.46% - Max: 6.98% - Min: -38.85% - Market Cap 12371 - Trading time: 00:00:33
07-09-2025 18:30:55.784 INFO Current price: 0.000000060126 - Current percentage: -21.49% - Max: 6.98% - Min: -38.85% - Market Cap 12211 - Trading time: 00:00:33
07-09-2025 18:30:55.931 INFO Current price: 0.000000057159 - Current percentage: -28.12% - Max: 6.98% - Min: -38.85% - Market Cap 11180 - Trading time: 00:00:33
07-09-2025 18:30:56.464 INFO Current price: 0.000000054711 - Current percentage: -28.07% - Max: 6.98% - Min: -38.85% - Market Cap 11188 - Trading time: 00:00:34
07-09-2025 18:30:57.169 INFO Current price: 0.000000054858 - Current percentage: -27.73% - Max: 6.98% - Min: -38.85% - Market Cap 11240 - Trading time: 00:00:35
07-09-2025 18:30:57.979 INFO Current price: 0.000000054974 - Current percentage: -27.76% - Max: 6.98% - Min: -38.85% - Market Cap 11235 - Trading time: 00:00:35
07-09-2025 18:30:58.122 INFO Current price: 0.000000055026 - Current percentage: -27.59% - Max: 6.98% - Min: -38.85% - Market Cap 11261 - Trading time: 00:00:36
07-09-2025 18:30:58.326 INFO Current price: 0.000000055410 - Current percentage: -26.75% - Max: 6.98% - Min: -38.85% - Market Cap 11393 - Trading time: 00:00:36
07-09-2025 18:30:58.958 INFO Current price: 0.000000055991 - Current percentage: -26.07% - Max: 6.98% - Min: -38.85% - Market Cap 11499 - Trading time: 00:00:36
07-09-2025 18:30:59.352 INFO Current price: 0.000000056330 - Current percentage: -25.86% - Max: 6.98% - Min: -38.85% - Market Cap 11531 - Trading time: 00:00:37
07-09-2025 18:30:59.949 INFO Current price: 0.000000056395 - Current percentage: -25.90% - Max: 6.98% - Min: -38.85% - Market Cap 11526 - Trading time: 00:00:37
07-09-2025 18:31:00.970 INFO Current price: 0.000000056320 - Current percentage: -26.06% - Max: 6.98% - Min: -38.85% - Market Cap 11500 - Trading time: 00:00:38
07-09-2025 18:31:01.323 INFO Current price: 0.000000056134 - Current percentage: -26.38% - Max: 6.98% - Min: -38.85% - Market Cap 11450 - Trading time: 00:00:39
07-09-2025 18:31:01.531 INFO Current price: 0.000000056332 - Current percentage: -25.53% - Max: 6.98% - Min: -38.85% - Market Cap 11582 - Trading time: 00:00:39
07-09-2025 18:31:02.573 INFO Current price: 0.000000058603 - Current percentage: -20.33% - Max: 6.98% - Min: -38.85% - Market Cap 12391 - Trading time: 00:00:40
07-09-2025 18:31:02.788 INFO Current price: 0.000000061957 - Current percentage: -16.76% - Max: 6.98% - Min: -38.85% - Market Cap 12946 - Trading time: 00:00:40
07-09-2025 18:31:04.252 INFO Current price: 0.000000063538 - Current percentage: -16.21% - Max: 6.98% - Min: -38.85% - Market Cap 13031 - Trading time: 00:00:42
07-09-2025 18:31:04.253 INFO Current price: 0.000000063978 - Current percentage: -15.61% - Max: 6.98% - Min: -38.85% - Market Cap 13125 - Trading time: 00:00:42
07-09-2025 18:31:04.263 INFO Current price: 0.000000064457 - Current percentage: -14.95% - Max: 6.98% - Min: -38.85% - Market Cap 13227 - Trading time: 00:00:42
07-09-2025 18:31:04.520 INFO Current price: 0.000000064777 - Current percentage: -14.77% - Max: 6.98% - Min: -38.85% - Market Cap 13256 - Trading time: 00:00:42
07-09-2025 18:31:06.315 INFO Current price: 0.000000061206 - Current percentage: -19.73% - Max: 6.98% - Min: -38.85% - Market Cap 12485 - Trading time: 00:00:44
07-09-2025 18:31:06.374 INFO Current price: 0.000000060349 - Current percentage: -21.62% - Max: 6.98% - Min: -38.85% - Market Cap 12190 - Trading time: 00:00:44
07-09-2025 18:31:06.380 INFO Current price: 0.000000058900 - Current percentage: -23.54% - Max: 6.98% - Min: -38.85% - Market Cap 11893 - Trading time: 00:00:44
07-09-2025 18:31:06.401 INFO Current price: 0.000000057409 - Current percentage: -25.54% - Max: 6.98% - Min: -38.85% - Market Cap 11581 - Trading time: 00:00:44
07-09-2025 18:31:06.402 INFO Current price: 0.000000055163 - Current percentage: -29.40% - Max: 6.98% - Min: -38.85% - Market Cap 10980 - Trading time: 00:00:44
07-09-2025 18:31:06.466 INFO Current price: 0.000000053064 - Current percentage: -31.10% - Max: 6.98% - Min: -38.85% - Market Cap 10716 - Trading time: 00:00:44
07-09-2025 18:31:06.467 INFO Current price: 0.000000050606 - Current percentage: -35.79% - Max: 6.98% - Min: -38.85% - Market Cap 9987 - Trading time: 00:00:44
07-09-2025 18:31:06.467 INFO Current price: 0.000000047252 - Current percentage: -39.93% - Max: 6.98% - Min: -39.93% - Market Cap 9343 - Trading time: 00:00:44
07-09-2025 18:31:06.507 INFO Current price: 0.000000045471 - Current percentage: -40.54% - Max: 6.98% - Min: -40.54% - Market Cap 9248 - Trading time: 00:00:44
07-09-2025 18:31:06.567 INFO Current price: 0.000000043153 - Current percentage: -45.90% - Max: 6.98% - Min: -45.90% - Market Cap 8414 - Trading time: 00:00:44
07-09-2025 18:31:06.914 INFO Current price: 0.000000040998 - Current percentage: -46.33% - Max: 6.98% - Min: -46.33% - Market Cap 8348 - Trading time: 00:00:44
07-09-2025 18:31:07.066 INFO Current price: 0.000000040836 - Current percentage: -46.33% - Max: 6.98% - Min: -46.33% - Market Cap 8348 - Trading time: 00:00:45
07-09-2025 18:31:07.182 INFO Current price: 0.000000040812 - Current percentage: -46.39% - Max: 6.98% - Min: -46.39% - Market Cap 8338 - Trading time: 00:00:45
07-09-2025 18:31:07.286 INFO Current price: 0.000000041010 - Current percentage: -45.81% - Max: 6.98% - Min: -46.39% - Market Cap 8429 - Trading time: 00:00:45
07-09-2025 18:31:07.411 INFO Current price: 0.000000041240 - Current percentage: -45.79% - Max: 6.98% - Min: -46.39% - Market Cap 8431 - Trading time: 00:00:45
07-09-2025 18:31:07.418 INFO Current price: 0.000000041257 - Current percentage: -45.76% - Max: 6.98% - Min: -46.39% - Market Cap 8436 - Trading time: 00:00:45
07-09-2025 18:31:07.699 INFO Current price: 0.000000041491 - Current percentage: -45.17% - Max: 6.98% - Min: -46.39% - Market Cap 8528 - Trading time: 00:00:45
07-09-2025 18:31:07.954 INFO Current price: 0.000000041607 - Current percentage: -45.46% - Max: 6.98% - Min: -46.39% - Market Cap 8483 - Trading time: 00:00:45
07-09-2025 18:31:08.710 INFO Current price: 0.000000041491 - Current percentage: -45.48% - Max: 6.98% - Min: -46.39% - Market Cap 8480 - Trading time: 00:00:46
07-09-2025 18:31:08.736 INFO Current price: 0.000000040626 - Current percentage: -47.71% - Max: 6.98% - Min: -47.71% - Market Cap 8133 - Trading time: 00:00:46
07-09-2025 18:31:08.922 INFO Current price: 0.000000039667 - Current percentage: -48.02% - Max: 6.98% - Min: -48.02% - Market Cap 8084 - Trading time: 00:00:46
07-09-2025 18:31:08.923 INFO Current price: 0.000000039435 - Current percentage: -48.31% - Max: 6.98% - Min: -48.31% - Market Cap 8039 - Trading time: 00:00:46
07-09-2025 18:31:08.925 INFO Current price: 0.000000039222 - Current percentage: -48.58% - Max: 6.98% - Min: -48.58% - Market Cap 7997 - Trading time: 00:00:46
07-09-2025 18:31:09.537 INFO Current price: 0.000000039172 - Current percentage: -48.45% - Max: 6.98% - Min: -48.58% - Market Cap 8018 - Trading time: 00:00:47
07-09-2025 18:31:09.603 INFO Current price: 0.000000039203 - Current percentage: -48.50% - Max: 6.98% - Min: -48.58% - Market Cap 8010 - Trading time: 00:00:47
07-09-2025 18:31:09.741 INFO Current price: 0.000000038385 - Current percentage: -50.58% - Max: 6.98% - Min: -50.58% - Market Cap 7687 - Trading time: 00:00:47
07-09-2025 18:31:09.763 INFO Current price: 0.000000037578 - Current percentage: -50.64% - Max: 6.98% - Min: -50.64% - Market Cap 7676 - Trading time: 00:00:47
07-09-2025 18:31:10.671 INFO Current price: 0.000000037360 - Current percentage: -51.15% - Max: 6.98% - Min: -51.15% - Market Cap 7598 - Trading time: 00:00:48
07-09-2025 18:31:10.782 INFO Current price: 0.000000037432 - Current percentage: -50.45% - Max: 6.98% - Min: -51.15% - Market Cap 7706 - Trading time: 00:00:48
07-09-2025 18:31:10.987 INFO Current price: 0.000000037174 - Current percentage: -51.82% - Max: 6.98% - Min: -51.82% - Market Cap 7494 - Trading time: 00:00:48
07-09-2025 18:31:11.438 INFO Current price: 0.000000036656 - Current percentage: -51.83% - Max: 6.98% - Min: -51.83% - Market Cap 7492 - Trading time: 00:00:49
07-09-2025 18:31:11.622 INFO Current price: 0.000000036524 - Current percentage: -52.16% - Max: 6.98% - Min: -52.16% - Market Cap 7440 - Trading time: 00:00:49
07-09-2025 18:31:11.643 INFO Current price: 0.000000036391 - Current percentage: -52.18% - Max: 6.98% - Min: -52.18% - Market Cap 7438 - Trading time: 00:00:49
07-09-2025 18:31:11.677 INFO Current price: 0.000000036380 - Current percentage: -52.19% - Max: 6.98% - Min: -52.19% - Market Cap 7436 - Trading time: 00:00:49
07-09-2025 18:31:11.853 INFO Current price: 0.000000036351 - Current percentage: -52.25% - Max: 6.98% - Min: -52.25% - Market Cap 7426 - Trading time: 00:00:49
07-09-2025 18:31:12.177 INFO Current price: 0.000000036326 - Current percentage: -52.25% - Max: 6.98% - Min: -52.25% - Market Cap 7426 - Trading time: 00:00:50
07-09-2025 18:31:12.185 INFO Current price: 0.000000036847 - Current percentage: -50.88% - Max: 6.98% - Min: -52.25% - Market Cap 7640 - Trading time: 00:00:50
07-09-2025 18:31:12.811 INFO Current price: 0.000000037335 - Current percentage: -50.98% - Max: 6.98% - Min: -52.25% - Market Cap 7624 - Trading time: 00:00:50
07-09-2025 18:31:12.984 INFO Current price: 0.000000037254 - Current percentage: -51.09% - Max: 6.98% - Min: -52.25% - Market Cap 7607 - Trading time: 00:00:50
07-09-2025 18:31:13.689 INFO Current price: 0.000000037142 - Current percentage: -51.28% - Max: 6.98% - Min: -52.25% - Market Cap 7578 - Trading time: 00:00:51
07-09-2025 18:31:14.384 INFO Current price: 0.000000037041 - Current percentage: -51.35% - Max: 6.98% - Min: -52.25% - Market Cap 7566 - Trading time: 00:00:52
07-09-2025 18:31:15.697 INFO Current price: 0.000000037017 - Current percentage: -51.34% - Max: 6.98% - Min: -52.25% - Market Cap 7568 - Trading time: 00:00:53
07-09-2025 18:31:15.751 INFO Current price: 0.000000036940 - Current percentage: -51.56% - Max: 6.98% - Min: -52.25% - Market Cap 7534 - Trading time: 00:00:53
07-09-2025 18:31:16.644 INFO Current price: 0.000000036908 - Current percentage: -51.42% - Max: 6.98% - Min: -52.25% - Market Cap 7556 - Trading time: 00:00:54
07-09-2025 18:31:16.721 INFO Current price: 0.000000036874 - Current percentage: -51.65% - Max: 6.98% - Min: -52.25% - Market Cap 7520 - Trading time: 00:00:54
07-09-2025 18:31:16.836 INFO Current price: 0.000000036348 - Current percentage: -52.80% - Max: 6.98% - Min: -52.80% - Market Cap 7342 - Trading time: 00:00:54
07-09-2025 18:31:17.043 INFO Current price: 0.000000035841 - Current percentage: -52.99% - Max: 6.98% - Min: -52.99% - Market Cap 7311 - Trading time: 00:00:55
07-09-2025 18:31:17.051 INFO Current price: 0.000000035699 - Current percentage: -53.17% - Max: 6.98% - Min: -53.17% - Market Cap 7284 - Trading time: 00:00:55
07-09-2025 18:31:17.053 INFO Current price: 0.000000035565 - Current percentage: -53.34% - Max: 6.98% - Min: -53.34% - Market Cap 7257 - Trading time: 00:00:55
07-09-2025 18:31:17.106 INFO Current price: 0.000000034900 - Current percentage: -54.90% - Max: 6.98% - Min: -54.90% - Market Cap 7014 - Trading time: 00:00:55
07-09-2025 18:31:17.117 INFO Current price: 0.000000033442 - Current percentage: -57.16% - Max: 6.98% - Min: -57.16% - Market Cap 6663 - Trading time: 00:00:55
07-09-2025 18:31:17.319 INFO Current price: 0.000000032456 - Current percentage: -57.52% - Max: 6.98% - Min: -57.52% - Market Cap 6606 - Trading time: 00:00:55
07-09-2025 18:31:17.945 INFO Current price: 0.000000032290 - Current percentage: -57.59% - Max: 6.98% - Min: -57.59% - Market Cap 6595 - Trading time: 00:00:55
07-09-2025 18:31:18.050 INFO Current price: 0.000000033160 - Current percentage: -55.21% - Max: 6.98% - Min: -57.59% - Market Cap 6967 - Trading time: 00:00:56
07-09-2025 18:31:18.131 INFO Current price: 0.000000033927 - Current percentage: -55.61% - Max: 6.98% - Min: -57.59% - Market Cap 6904 - Trading time: 00:00:56
07-09-2025 18:31:18.145 INFO Current price: 0.000000034774 - Current percentage: -52.94% - Max: 6.98% - Min: -57.59% - Market Cap 7319 - Trading time: 00:00:56
07-09-2025 18:31:18.146 INFO Current price: 0.000000036924 - Current percentage: -49.95% - Max: 6.98% - Min: -57.59% - Market Cap 7784 - Trading time: 00:00:56
07-09-2025 18:31:19.716 INFO Current price: 0.000000037877 - Current percentage: -50.48% - Max: 6.98% - Min: -57.59% - Market Cap 7702 - Trading time: 00:00:57
07-09-2025 18:31:19.852 INFO Current price: 0.000000037268 - Current percentage: -51.55% - Max: 6.98% - Min: -57.59% - Market Cap 7535 - Trading time: 00:00:57
07-09-2025 18:31:20.294 INFO Current price: 0.000000036960 - Current percentage: -51.29% - Max: 6.98% - Min: -57.59% - Market Cap 7575 - Trading time: 00:00:58
07-09-2025 18:31:22.910 INFO Current price: 0.000000036538 - Current percentage: -52.65% - Max: 6.98% - Min: -57.59% - Market Cap 7364 - Trading time: 00:01:00
07-09-2025 18:31:24.441 INFO Current price: 0.000000036067 - Current percentage: -52.54% - Max: 6.98% - Min: -57.59% - Market Cap 7382 - Trading time: 00:01:02
07-09-2025 18:31:25.803 INFO Current price: 0.000000036242 - Current percentage: -52.19% - Max: 6.98% - Min: -57.59% - Market Cap 7436 - Trading time: 00:01:03
07-09-2025 18:31:25.938 INFO Current price: 0.000000037438 - Current percentage: -49.36% - Max: 6.98% - Min: -57.59% - Market Cap 7877 - Trading time: 00:01:03
07-09-2025 18:31:25.957 INFO Current price: 0.000000038259 - Current percentage: -50.07% - Max: 6.98% - Min: -57.59% - Market Cap 7765 - Trading time: 00:01:03
07-09-2025 18:31:25.994 INFO Current price: 0.000000037998 - Current percentage: -50.04% - Max: 6.98% - Min: -57.59% - Market Cap 7770 - Trading time: 00:01:03
07-09-2025 18:31:26.130 INFO Current price: 0.000000037705 - Current percentage: -50.84% - Max: 6.98% - Min: -57.59% - Market Cap 7646 - Trading time: 00:01:04
07-09-2025 18:31:26.636 INFO Current price: 0.000000037562 - Current percentage: -50.42% - Max: 6.98% - Min: -57.59% - Market Cap 7711 - Trading time: 00:01:04
07-09-2025 18:31:27.645 INFO Current price: 0.000000037564 - Current percentage: -50.83% - Max: 6.98% - Min: -57.59% - Market Cap 7647 - Trading time: 00:01:05
07-09-2025 18:31:28.784 INFO Current price: 0.000000037515 - Current percentage: -50.55% - Max: 6.98% - Min: -57.59% - Market Cap 7691 - Trading time: 00:01:06
07-09-2025 18:31:29.306 INFO Current price: 0.000000037729 - Current percentage: -50.27% - Max: 6.98% - Min: -57.59% - Market Cap 7734 - Trading time: 00:01:07
07-09-2025 18:31:30.714 INFO Current price: 0.000000038101 - Current percentage: -49.57% - Max: 6.98% - Min: -57.59% - Market Cap 7843 - Trading time: 00:01:08
07-09-2025 18:31:34.130 INFO Current price: 0.000000038205 - Current percentage: -50.00% - Max: 6.98% - Min: -57.59% - Market Cap 7777 - Trading time: 00:01:12
07-09-2025 18:31:34.131 INFO Current price: 0.000000036969 - Current percentage: -52.78% - Max: 6.98% - Min: -57.59% - Market Cap 7344 - Trading time: 00:01:12
07-09-2025 18:31:35.410 INFO Current price: 0.000000035858 - Current percentage: -52.96% - Max: 6.98% - Min: -57.59% - Market Cap 7316 - Trading time: 00:01:13
07-09-2025 18:31:37.794 INFO Current price: 0.000000035628 - Current percentage: -53.39% - Max: 6.98% - Min: -57.59% - Market Cap 7250 - Trading time: 00:01:15
07-09-2025 18:31:38.798 INFO Current price: 0.000000036479 - Current percentage: -50.69% - Max: 6.98% - Min: -57.59% - Market Cap 7670 - Trading time: 00:01:16
07-09-2025 18:31:40.967 INFO Current price: 0.000000037408 - Current percentage: -50.98% - Max: 6.98% - Min: -57.59% - Market Cap 7624 - Trading time: 00:01:18
07-09-2025 18:31:41.712 INFO Current price: 0.000000037190 - Current percentage: -51.26% - Max: 6.98% - Min: -57.59% - Market Cap 7581 - Trading time: 00:01:19
07-09-2025 18:31:42.407 INFO Current price: 0.000000037138 - Current percentage: -51.12% - Max: 6.98% - Min: -57.59% - Market Cap 7603 - Trading time: 00:01:20
07-09-2025 18:31:43.379 INFO Current price: 0.000000037187 - Current percentage: -51.13% - Max: 6.98% - Min: -57.59% - Market Cap 7601 - Trading time: 00:01:21
07-09-2025 18:31:44.855 INFO Current price: 0.000000037176 - Current percentage: -51.15% - Max: 6.98% - Min: -57.59% - Market Cap 7598 - Trading time: 00:01:22
07-09-2025 18:31:49.558 INFO Current price: 0.000000037141 - Current percentage: -51.22% - Max: 6.98% - Min: -57.59% - Market Cap 7586 - Trading time: 00:01:27
07-09-2025 18:31:51.753 INFO Current price: 0.000000039211 - Current percentage: -45.55% - Max: 6.98% - Min: -57.59% - Market Cap 8469 - Trading time: 00:01:29
07-09-2025 18:31:52.052 INFO Current price: 0.000000041493 - Current percentage: -45.38% - Max: 6.98% - Min: -57.59% - Market Cap 8495 - Trading time: 00:01:30
07-09-2025 18:31:53.690 INFO Current price: 0.000000041590 - Current percentage: -45.29% - Max: 6.98% - Min: -57.59% - Market Cap 8509 - Trading time: 00:01:31
07-09-2025 18:31:55.485 INFO Current price: 0.000000043291 - Current percentage: -40.82% - Max: 6.98% - Min: -57.59% - Market Cap 9204 - Trading time: 00:01:33
07-09-2025 18:31:56.220 INFO Current price: 0.000000045026 - Current percentage: -40.82% - Max: 6.98% - Min: -57.59% - Market Cap 9204 - Trading time: 00:01:34
07-09-2025 18:31:58.329 INFO Current price: 0.000000044373 - Current percentage: -42.53% - Max: 6.98% - Min: -57.59% - Market Cap 8939 - Trading time: 00:01:36
07-09-2025 18:31:58.694 INFO Current price: 0.000000043711 - Current percentage: -42.57% - Max: 6.98% - Min: -57.59% - Market Cap 8932 - Trading time: 00:01:36
07-09-2025 18:32:01.004 INFO Current price: 0.000000045402 - Current percentage: -37.99% - Max: 6.98% - Min: -57.59% - Market Cap 9644 - Trading time: 00:01:38
07-09-2025 18:32:12.493 INFO Current price: 0.000000047073 - Current percentage: -38.27% - Max: 6.98% - Min: -57.59% - Market Cap 9601 - Trading time: 00:01:50
07-09-2025 18:32:13.258 INFO Current price: 0.000000045484 - Current percentage: -42.11% - Max: 6.98% - Min: -57.59% - Market Cap 9004 - Trading time: 00:01:51
07-09-2025 18:32:13.260 INFO Current price: 0.000000042616 - Current percentage: -45.81% - Max: 6.98% - Min: -57.59% - Market Cap 8428 - Trading time: 00:01:51
07-09-2025 18:32:13.264 INFO Current price: 0.000000039959 - Current percentage: -49.10% - Max: 6.98% - Min: -57.59% - Market Cap 7917 - Trading time: 00:01:51
07-09-2025 18:32:14.221 INFO Current price: 0.000000038672 - Current percentage: -49.25% - Max: 6.98% - Min: -57.59% - Market Cap 7894 - Trading time: 00:01:52
07-09-2025 18:32:15.332 INFO Current price: 0.000000038586 - Current percentage: -49.32% - Max: 6.98% - Min: -57.59% - Market Cap 7882 - Trading time: 00:01:53
07-09-2025 18:32:17.979 INFO Current price: 0.000000038877 - Current percentage: -48.48% - Max: 6.98% - Min: -57.59% - Market Cap 8013 - Trading time: 00:01:55
07-09-2025 18:32:21.090 INFO Current price: 0.000000040280 - Current percentage: -45.60% - Max: 6.98% - Min: -57.59% - Market Cap 8461 - Trading time: 00:01:59
07-09-2025 18:32:21.129 INFO Current price: 0.000000039926 - Current percentage: -49.38% - Max: 6.98% - Min: -57.59% - Market Cap 7873 - Trading time: 00:01:59
07-09-2025 18:32:21.132 INFO Current price: 0.000000037002 - Current percentage: -53.28% - Max: 6.98% - Min: -57.59% - Market Cap 7267 - Trading time: 00:01:59
07-09-2025 18:32:21.169 INFO Current price: 0.000000034325 - Current percentage: -56.44% - Max: 6.98% - Min: -57.59% - Market Cap 6776 - Trading time: 00:01:59
07-09-2025 18:32:21.673 INFO Current price: 0.000000033111 - Current percentage: -56.53% - Max: 6.98% - Min: -57.59% - Market Cap 6762 - Trading time: 00:01:59
07-09-2025 18:32:25.163 INFO Current price: 0.000000033121 - Current percentage: -56.41% - Max: 6.98% - Min: -57.59% - Market Cap 6780 - Trading time: 00:02:03
07-09-2025 18:32:32.520 INFO Current price: 0.000000032367 - Current percentage: -58.48% - Max: 6.98% - Min: -58.48% - Market Cap 6457 - Trading time: 00:02:10
07-09-2025 18:32:34.169 INFO Current price: 0.000000031355 - Current percentage: -59.09% - Max: 6.98% - Min: -59.09% - Market Cap 6362 - Trading time: 00:02:12
07-09-2025 18:32:34.588 INFO Current price: 0.000000031110 - Current percentage: -59.13% - Max: 6.98% - Min: -59.13% - Market Cap 6357 - Trading time: 00:02:12
07-09-2025 18:32:41.281 INFO Current price: 0.000000031061 - Current percentage: -59.22% - Max: 6.98% - Min: -59.22% - Market Cap 6342 - Trading time: 00:02:19
07-09-2025 18:32:41.413 INFO Current price: 0.000000031017 - Current percentage: -59.24% - Max: 6.98% - Min: -59.24% - Market Cap 6339 - Trading time: 00:02:19
07-09-2025 18:32:58.841 INFO Current price: 0.000000031106 - Current percentage: -58.99% - Max: 6.98% - Min: -59.24% - Market Cap 6378 - Trading time: 00:02:36
07-09-2025 18:33:00.317 INFO Current price: 0.000000031186 - Current percentage: -59.03% - Max: 6.98% - Min: -59.24% - Market Cap 6372 - Trading time: 00:02:38
07-09-2025 18:33:30.820 INFO Current price: 0.000000031458 - Current percentage: -58.27% - Max: 6.98% - Min: -59.24% - Market Cap 6490 - Trading time: 00:03:08
07-09-2025 18:33:53.277 INFO Current price: 0.000000031732 - Current percentage: -58.32% - Max: 6.98% - Min: -59.24% - Market Cap 6483 - Trading time: 00:03:31
07-09-2025 18:34:12.425 INFO Current price: 0.000000031689 - Current percentage: -58.38% - Max: 6.98% - Min: -59.24% - Market Cap 6473 - Trading time: 00:03:50
07-09-2025 18:34:12.851 INFO Current price: 0.000000031650 - Current percentage: -58.42% - Max: 6.98% - Min: -59.24% - Market Cap 6467 - Trading time: 00:03:50
07-09-2025 18:34:21.766 INFO Current price: 0.000000031530 - Current percentage: -58.70% - Max: 6.98% - Min: -59.24% - Market Cap 6423 - Trading time: 00:03:59
07-09-2025 18:34:31.401 INFO Current price: 0.000000031519 - Current percentage: -58.45% - Max: 6.98% - Min: -59.24% - Market Cap 6463 - Trading time: 00:04:09
07-09-2025 18:35:02.880 INFO Current price: 0.000000031596 - Current percentage: -58.50% - Max: 6.98% - Min: -59.24% - Market Cap 6455 - Trading time: 00:04:40
07-09-2025 18:35:19.841 INFO Current price: 0.000000030869 - Current percentage: -60.34% - Max: 6.98% - Min: -60.34% - Market Cap 6169 - Trading time: 00:04:57
07-09-2025 18:36:43.873 INFO Current price: 0.000000029423 - Current percentage: -62.29% - Max: 6.98% - Min: -62.29% - Market Cap 5864 - Trading time: 00:06:21
07-09-2025 18:37:02.308 INFO Current price: 0.000000028603 - Current percentage: -62.52% - Max: 6.98% - Min: -62.52% - Market Cap 5830 - Trading time: 00:06:40
07-09-2025 18:37:23.450 INFO Current price: 0.000000028512 - Current percentage: -62.53% - Max: 6.98% - Min: -62.53% - Market Cap 5827 - Trading time: 00:07:01
07-09-2025 18:38:05.290 INFO Current price: 0.000000028470 - Current percentage: -62.63% - Max: 6.98% - Min: -62.63% - Market Cap 5813 - Trading time: 00:07:43
07-09-2025 18:38:15.011 INFO Current price: 0.000000028431 - Current percentage: -62.64% - Max: 6.98% - Min: -62.64% - Market Cap 5811 - Trading time: 00:07:52
07-09-2025 18:38:45.047 INFO Current price: 0.000000028426 - Current percentage: -62.70% - Max: 6.98% - Min: -62.70% - Market Cap 5801 - Trading time: 00:08:23






07-09-2025 18:48:45.049 INFO {"type":"summary","reason":"inactivity","startedAt":"2025-09-07T16:30:22.035Z","endedAt":"2025-09-07T16:48:45.049Z","durationSec":1103,"entryPrice":8.030596203138297e-8,"entryMarketCapSol":76.08366294857309,"entryMarketCapUsd":15553.022379947311,"minPct":-62.69880377329729,"maxPct":6.982988389897547,"buyCount":136,"sellCount":164,"tradeCount":300,"entryRecorded":true,"noPostThresholdTrades":false,"triggerAt":"2025-09-07T16:30:22.032Z","ageAtTriggerSec":15,"preTotalTrades":62,"preBuys":49,"preSells":13,"preUniqueTraders":48,"preEntryTotalTrades":85,"preEntryBuys":66,"preEntrySells":19,"preEntryUniqueTraders":65,"preEntryMinMcUsd":6275.680901072029,"preEntryMaxMcUsd":18667.28626990923,"thresholdMcSol":76.08366294857309,"thresholdMcUsd":15553.022379947311,"thresholdPrice":8.030596203138297e-8}
