08-09-2025 09:48:19.032 INFO Entry price: 0.000000088187934014 - Entry market cap: 16986 - Buys 28 - Sells 9 - Ratio: 1:0.32 - Min MarketCap: 11044 - Max MarketCap: 20160
08-09-2025 09:48:19.032 INFO Current price: 0.000000088188 - Current percentage: 0.00% - Max: 0.00% - Min: 0.00% - Market Cap 16986 - Trading time: 00:00:02
08-09-2025 09:48:19.356 INFO Current price: 0.000000062938 - Current percentage: -22.78% - Max: 0.00% - Min: -22.78% - Market Cap 13117 - Trading time: 00:00:02
08-09-2025 09:48:19.357 INFO Current price: 0.000000063047 - Current percentage: -22.46% - Max: 0.00% - Min: -22.78% - Market Cap 13171 - Trading time: 00:00:02
08-09-2025 09:48:19.754 INFO Current price: 0.000000063501 - Current percentage: -21.66% - Max: 0.00% - Min: -22.78% - Market Cap 13306 - Trading time: 00:00:02
08-09-2025 09:48:20.401 INFO Current price: 0.000000063861 - Current percentage: -21.58% - Max: 0.00% - Min: -22.78% - Market Cap 13321 - Trading time: 00:00:03
08-09-2025 09:48:21.022 INFO Current price: 0.000000063909 - Current percentage: -21.54% - Max: 0.00% - Min: -22.78% - Market Cap 13327 - Trading time: 00:00:04
08-09-2025 09:48:21.048 INFO Current price: 0.000000063958 - Current percentage: -21.46% - Max: 0.00% - Min: -22.78% - Market Cap 13341 - Trading time: 00:00:04
08-09-2025 09:48:23.326 INFO Current price: 0.000000066450 - Current percentage: -15.31% - Max: 0.00% - Min: -22.78% - Market Cap 14386 - Trading time: 00:00:06
08-09-2025 09:48:24.228 INFO Current price: 0.000000069398 - Current percentage: -14.34% - Max: 0.00% - Min: -22.78% - Market Cap 14551 - Trading time: 00:00:07
08-09-2025 09:48:24.916 INFO Current price: 0.000000070311 - Current percentage: -13.07% - Max: 0.00% - Min: -22.78% - Market Cap 14767 - Trading time: 00:00:07
08-09-2025 09:48:30.989 INFO Current price: 0.000000072954 - Current percentage: -7.77% - Max: 0.00% - Min: -22.78% - Market Cap 15666 - Trading time: 00:00:13
08-09-2025 09:48:34.670 INFO Current price: 0.000000075263 - Current percentage: -7.48% - Max: 0.00% - Min: -22.78% - Market Cap 15716 - Trading time: 00:00:17
08-09-2025 09:48:35.573 INFO Current price: 0.000000075997 - Current percentage: -5.97% - Max: 0.00% - Min: -22.78% - Market Cap 15972 - Trading time: 00:00:18
08-09-2025 09:48:36.587 INFO Current price: 0.000000077231 - Current percentage: -4.45% - Max: 0.00% - Min: -22.78% - Market Cap 16231 - Trading time: 00:00:19
08-09-2025 09:48:37.365 INFO Current price: 0.000000080360 - Current percentage: 1.81% - Max: 1.81% - Min: -22.78% - Market Cap 17293 - Trading time: 00:00:20
08-09-2025 09:48:38.415 INFO Current price: 0.000000082947 - Current percentage: 1.81% - Max: 1.81% - Min: -22.78% - Market Cap 17293 - Trading time: 00:00:21
08-09-2025 09:48:40.070 INFO Current price: 0.000000083830 - Current percentage: 3.98% - Max: 3.98% - Min: -22.78% - Market Cap 17663 - Trading time: 00:00:23
08-09-2025 09:48:40.832 INFO Current price: 0.000000084734 - Current percentage: 4.01% - Max: 4.01% - Min: -22.78% - Market Cap 17668 - Trading time: 00:00:23
08-09-2025 09:48:42.089 INFO Current price: 0.000000085153 - Current percentage: 5.02% - Max: 5.02% - Min: -22.78% - Market Cap 17838 - Trading time: 00:00:25
08-09-2025 09:48:42.960 INFO Current price: 0.000000088302 - Current percentage: 11.85% - Max: 11.85% - Min: -22.78% - Market Cap 18999 - Trading time: 00:00:25
08-09-2025 09:48:43.296 INFO Current price: 0.000000091344 - Current percentage: 12.38% - Max: 12.38% - Min: -22.78% - Market Cap 19088 - Trading time: 00:00:26
08-09-2025 09:48:44.787 INFO Current price: 0.000000091950 - Current percentage: 13.34% - Max: 13.34% - Min: -22.78% - Market Cap 19252 - Trading time: 00:00:27
08-09-2025 09:48:44.856 INFO Current price: 0.000000092526 - Current percentage: 13.79% - Max: 13.79% - Min: -22.78% - Market Cap 19328 - Trading time: 00:00:27
08-09-2025 09:48:45.289 INFO Current price: 0.000000092709 - Current percentage: 13.79% - Max: 13.79% - Min: -22.78% - Market Cap 19328 - Trading time: 00:00:28
08-09-2025 09:48:47.452 INFO Current price: 0.000000089124 - Current percentage: 5.16% - Max: 13.79% - Min: -22.78% - Market Cap 17862 - Trading time: 00:00:30
08-09-2025 09:48:50.426 INFO Current price: 0.000000086268 - Current percentage: 6.61% - Max: 13.79% - Min: -22.78% - Market Cap 18109 - Trading time: 00:00:33
08-09-2025 09:48:54.406 INFO Current price: 0.000000085039 - Current percentage: 2.18% - Max: 13.79% - Min: -22.78% - Market Cap 17357 - Trading time: 00:00:37
08-09-2025 09:48:55.410 INFO Current price: 0.000000084460 - Current percentage: 5.16% - Max: 13.79% - Min: -22.78% - Market Cap 17863 - Trading time: 00:00:38
08-09-2025 09:48:57.859 INFO Current price: 0.000000088531 - Current percentage: 12.27% - Max: 13.79% - Min: -22.78% - Market Cap 19070 - Trading time: 00:00:40
08-09-2025 09:48:58.755 INFO Current price: 0.000000092315 - Current percentage: 14.35% - Max: 14.35% - Min: -22.78% - Market Cap 19423 - Trading time: 00:00:41
08-09-2025 09:48:59.831 INFO Current price: 0.000000093312 - Current percentage: 14.71% - Max: 14.71% - Min: -22.78% - Market Cap 19484 - Trading time: 00:00:42
08-09-2025 09:49:01.029 INFO Current price: 0.000000093542 - Current percentage: 14.91% - Max: 14.91% - Min: -22.78% - Market Cap 19519 - Trading time: 00:00:44
08-09-2025 09:49:03.197 INFO Current price: 0.000000096053 - Current percentage: 20.95% - Max: 20.95% - Min: -22.78% - Market Cap 20544 - Trading time: 00:00:46
08-09-2025 09:49:03.317 INFO Current price: 0.000000098752 - Current percentage: 21.46% - Max: 21.46% - Min: -22.78% - Market Cap 20632 - Trading time: 00:00:46
08-09-2025 09:49:04.212 INFO Current price: 0.000000098716 - Current percentage: 20.86% - Max: 21.46% - Min: -22.78% - Market Cap 20529 - Trading time: 00:00:47
08-09-2025 09:49:07.318 INFO Current price: 0.000000091350 - Current percentage: 4.01% - Max: 21.46% - Min: -22.78% - Market Cap 17667 - Trading time: 00:00:50
08-09-2025 09:49:09.162 INFO Current price: 0.000000085334 - Current percentage: 5.46% - Max: 21.46% - Min: -22.78% - Market Cap 17914 - Trading time: 00:00:52
08-09-2025 09:49:09.352 INFO Current price: 0.000000086175 - Current percentage: 6.07% - Max: 21.46% - Min: -22.78% - Market Cap 18018 - Trading time: 00:00:52
08-09-2025 09:49:09.828 INFO Current price: 0.000000088446 - Current percentage: 11.09% - Max: 21.46% - Min: -22.78% - Market Cap 18871 - Trading time: 00:00:52
08-09-2025 09:49:13.242 INFO Current price: 0.000000090681 - Current percentage: 11.50% - Max: 21.46% - Min: -22.78% - Market Cap 18940 - Trading time: 00:00:56
08-09-2025 09:49:13.556 INFO Current price: 0.000000090980 - Current percentage: 11.83% - Max: 21.46% - Min: -22.78% - Market Cap 18995 - Trading time: 00:00:56
08-09-2025 09:49:15.440 INFO Current price: 0.000000092998 - Current percentage: 16.50% - Max: 21.46% - Min: -22.78% - Market Cap 19789 - Trading time: 00:00:58
08-09-2025 09:49:15.909 INFO Current price: 0.000000095091 - Current percentage: 16.92% - Max: 21.46% - Min: -22.78% - Market Cap 19860 - Trading time: 00:00:58
08-09-2025 09:49:18.554 INFO Current price: 0.000000089223 - Current percentage: 2.57% - Max: 21.46% - Min: -22.78% - Market Cap 17422 - Trading time: 00:01:01
08-09-2025 09:49:18.614 INFO Current price: 0.000000083708 - Current percentage: 2.91% - Max: 21.46% - Min: -22.78% - Market Cap 17481 - Trading time: 00:01:01
08-09-2025 09:49:18.733 INFO Current price: 0.000000083684 - Current percentage: 2.51% - Max: 21.46% - Min: -22.78% - Market Cap 17412 - Trading time: 00:01:01
08-09-2025 09:49:19.157 INFO Current price: 0.000000083520 - Current percentage: 2.51% - Max: 21.46% - Min: -22.78% - Market Cap 17412 - Trading time: 00:01:02
08-09-2025 09:49:19.938 INFO Current price: 0.000000084567 - Current percentage: 5.09% - Max: 21.46% - Min: -22.78% - Market Cap 17852 - Trading time: 00:01:02
08-09-2025 09:49:20.689 INFO Current price: 0.000000085827 - Current percentage: 5.59% - Max: 21.46% - Min: -22.78% - Market Cap 17935 - Trading time: 00:01:03
08-09-2025 09:49:23.082 INFO Current price: 0.000000080858 - Current percentage: -6.72% - Max: 21.46% - Min: -22.78% - Market Cap 15844 - Trading time: 00:01:06
08-09-2025 09:49:24.251 INFO Current price: 0.000000076149 - Current percentage: -6.35% - Max: 21.46% - Min: -22.78% - Market Cap 15907 - Trading time: 00:01:07
08-09-2025 09:49:24.351 INFO Current price: 0.000000076763 - Current percentage: -5.21% - Max: 21.46% - Min: -22.78% - Market Cap 16101 - Trading time: 00:01:07
08-09-2025 09:49:27.581 INFO Current price: 0.000000077866 - Current percentage: -4.41% - Max: 21.46% - Min: -22.78% - Market Cap 16237 - Trading time: 00:01:10
08-09-2025 09:49:27.984 INFO Current price: 0.000000078004 - Current percentage: -4.11% - Max: 21.46% - Min: -22.78% - Market Cap 16288 - Trading time: 00:01:10
08-09-2025 09:49:30.718 INFO Current price: 0.000000078143 - Current percentage: -4.07% - Max: 21.46% - Min: -22.78% - Market Cap 16294 - Trading time: 00:01:13
08-09-2025 09:49:30.856 INFO Current price: 0.000000081034 - Current percentage: 3.12% - Max: 21.46% - Min: -22.78% - Market Cap 17516 - Trading time: 00:01:13
08-09-2025 09:49:32.072 INFO Current price: 0.000000084824 - Current percentage: 5.11% - Max: 21.46% - Min: -22.78% - Market Cap 17854 - Trading time: 00:01:15
08-09-2025 09:49:32.903 INFO Current price: 0.000000083333 - Current percentage: -0.48% - Max: 21.46% - Min: -22.78% - Market Cap 16905 - Trading time: 00:01:15
08-09-2025 09:49:33.211 INFO Current price: 0.000000078679 - Current percentage: -6.30% - Max: 21.46% - Min: -22.78% - Market Cap 15916 - Trading time: 00:01:16
08-09-2025 09:49:35.397 INFO Current price: 0.000000076418 - Current percentage: -6.11% - Max: 21.46% - Min: -22.78% - Market Cap 15948 - Trading time: 00:01:18
08-09-2025 09:49:36.464 INFO Current price: 0.000000077035 - Current percentage: -4.78% - Max: 21.46% - Min: -22.78% - Market Cap 16173 - Trading time: 00:01:19
08-09-2025 09:49:40.340 INFO Current price: 0.000000079959 - Current percentage: 1.15% - Max: 21.46% - Min: -22.78% - Market Cap 17182 - Trading time: 00:01:23
08-09-2025 09:49:41.952 INFO Current price: 0.000000083134 - Current percentage: 2.93% - Max: 21.46% - Min: -22.78% - Market Cap 17483 - Trading time: 00:01:24
08-09-2025 09:49:42.716 INFO Current price: 0.000000083861 - Current percentage: 2.93% - Max: 21.46% - Min: -22.78% - Market Cap 17484 - Trading time: 00:01:25
08-09-2025 09:49:42.809 INFO Current price: 0.000000083688 - Current percentage: 2.50% - Max: 21.46% - Min: -22.78% - Market Cap 17411 - Trading time: 00:01:25
08-09-2025 09:49:43.812 INFO Current price: 0.000000081055 - Current percentage: -3.45% - Max: 21.46% - Min: -22.78% - Market Cap 16401 - Trading time: 00:01:26
08-09-2025 09:49:44.001 INFO Current price: 0.000000075568 - Current percentage: -10.90% - Max: 21.46% - Min: -22.78% - Market Cap 15134 - Trading time: 00:01:26
08-09-2025 09:49:44.086 INFO Current price: 0.000000072694 - Current percentage: -10.65% - Max: 21.46% - Min: -22.78% - Market Cap 15177 - Trading time: 00:01:27
08-09-2025 09:49:44.391 INFO Current price: 0.000000070710 - Current percentage: -15.70% - Max: 21.46% - Min: -22.78% - Market Cap 14319 - Trading time: 00:01:27
08-09-2025 09:49:44.834 INFO Current price: 0.000000068682 - Current percentage: -15.70% - Max: 21.46% - Min: -22.78% - Market Cap 14319 - Trading time: 00:01:27
08-09-2025 09:49:47.093 INFO Current price: 0.000000069065 - Current percentage: -14.76% - Max: 21.46% - Min: -22.78% - Market Cap 14479 - Trading time: 00:01:30
08-09-2025 09:49:48.071 INFO Current price: 0.000000072190 - Current percentage: -7.90% - Max: 21.46% - Min: -22.78% - Market Cap 15644 - Trading time: 00:01:31
08-09-2025 09:49:48.195 INFO Current price: 0.000000075116 - Current percentage: -7.71% - Max: 21.46% - Min: -22.78% - Market Cap 15676 - Trading time: 00:01:31
08-09-2025 09:49:52.068 INFO Current price: 0.000000075268 - Current percentage: -7.53% - Max: 21.46% - Min: -22.78% - Market Cap 15708 - Trading time: 00:01:35
08-09-2025 09:49:53.180 INFO Current price: 0.000000077064 - Current percentage: -3.25% - Max: 21.46% - Min: -22.78% - Market Cap 16433 - Trading time: 00:01:36
08-09-2025 09:49:56.508 INFO Current price: 0.000000076426 - Current percentage: -9.05% - Max: 21.46% - Min: -22.78% - Market Cap 15448 - Trading time: 00:01:39
08-09-2025 09:49:56.790 INFO Current price: 0.000000072021 - Current percentage: -14.08% - Max: 21.46% - Min: -22.78% - Market Cap 14594 - Trading time: 00:01:39
08-09-2025 09:49:58.748 INFO Current price: 0.000000070664 - Current percentage: -12.45% - Max: 21.46% - Min: -22.78% - Market Cap 14872 - Trading time: 00:01:41
08-09-2025 09:49:59.817 INFO Current price: 0.000000071341 - Current percentage: -12.43% - Max: 21.46% - Min: -22.78% - Market Cap 14875 - Trading time: 00:01:42
08-09-2025 09:50:03.488 INFO Current price: 0.000000073797 - Current percentage: -6.32% - Max: 21.46% - Min: -22.78% - Market Cap 15913 - Trading time: 00:01:46
08-09-2025 09:50:04.663 INFO Current price: 0.000000078486 - Current percentage: -0.95% - Max: 21.46% - Min: -22.78% - Market Cap 16825 - Trading time: 00:01:47
08-09-2025 09:50:06.908 INFO Current price: 0.000000082656 - Current percentage: 3.91% - Max: 21.46% - Min: -22.78% - Market Cap 17649 - Trading time: 00:01:49
08-09-2025 09:50:08.539 INFO Current price: 0.000000082035 - Current percentage: -2.43% - Max: 21.46% - Min: -22.78% - Market Cap 16573 - Trading time: 00:01:51
08-09-2025 09:50:08.880 INFO Current price: 0.000000077686 - Current percentage: -6.82% - Max: 21.46% - Min: -22.78% - Market Cap 15827 - Trading time: 00:01:51
08-09-2025 09:50:09.565 INFO Current price: 0.000000076725 - Current percentage: -4.83% - Max: 21.46% - Min: -22.78% - Market Cap 16165 - Trading time: 00:01:52
08-09-2025 09:50:11.070 INFO Current price: 0.000000075896 - Current percentage: -8.82% - Max: 21.46% - Min: -22.78% - Market Cap 15487 - Trading time: 00:01:54
08-09-2025 09:50:11.590 INFO Current price: 0.000000074312 - Current percentage: -8.76% - Max: 21.46% - Min: -22.78% - Market Cap 15498 - Trading time: 00:01:54
08-09-2025 09:50:15.375 INFO Current price: 0.000000076330 - Current percentage: -3.80% - Max: 21.46% - Min: -22.78% - Market Cap 16340 - Trading time: 00:01:58
08-09-2025 09:50:17.967 INFO Current price: 0.000000078533 - Current percentage: -3.42% - Max: 21.46% - Min: -22.78% - Market Cap 16405 - Trading time: 00:02:00
08-09-2025 09:50:21.639 INFO Current price: 0.000000079260 - Current percentage: -2.01% - Max: 21.46% - Min: -22.78% - Market Cap 16644 - Trading time: 00:02:04
08-09-2025 09:50:22.232 INFO Current price: 0.000000075718 - Current percentage: -11.86% - Max: 21.46% - Min: -22.78% - Market Cap 14971 - Trading time: 00:02:05
08-09-2025 09:50:22.233 INFO Current price: 0.000000071840 - Current percentage: -11.79% - Max: 21.46% - Min: -22.78% - Market Cap 14983 - Trading time: 00:02:05
08-09-2025 09:50:22.998 INFO Current price: 0.000000071925 - Current percentage: -11.65% - Max: 21.46% - Min: -22.78% - Market Cap 15007 - Trading time: 00:02:05
08-09-2025 09:50:23.085 INFO Current price: 0.000000072656 - Current percentage: -9.99% - Max: 21.46% - Min: -22.78% - Market Cap 15289 - Trading time: 00:02:06
08-09-2025 09:50:23.523 INFO Current price: 0.000000073308 - Current percentage: -10.06% - Max: 21.46% - Min: -22.78% - Market Cap 15277 - Trading time: 00:02:06
08-09-2025 09:50:28.490 INFO Current price: 0.000000073733 - Current percentage: -8.94% - Max: 21.46% - Min: -22.78% - Market Cap 15467 - Trading time: 00:02:11
08-09-2025 09:50:35.312 INFO Current price: 0.000000072835 - Current percentage: -12.24% - Max: 21.46% - Min: -22.78% - Market Cap 14908 - Trading time: 00:02:18
08-09-2025 09:50:35.318 INFO Current price: 0.000000072312 - Current percentage: -10.25% - Max: 21.46% - Min: -22.78% - Market Cap 15245 - Trading time: 00:02:18
08-09-2025 09:50:38.670 INFO Current price: 0.000000073068 - Current percentage: -10.39% - Max: 21.46% - Min: -22.78% - Market Cap 15221 - Trading time: 00:02:21
08-09-2025 09:50:41.666 INFO Current price: 0.000000073966 - Current percentage: -8.03% - Max: 21.46% - Min: -22.78% - Market Cap 15622 - Trading time: 00:02:24
08-09-2025 09:50:45.189 INFO Current price: 0.000000075238 - Current percentage: -7.28% - Max: 21.46% - Min: -22.78% - Market Cap 15749 - Trading time: 00:02:28
08-09-2025 09:50:45.264 INFO Current price: 0.000000075735 - Current percentage: -6.81% - Max: 21.46% - Min: -22.78% - Market Cap 15829 - Trading time: 00:02:28
08-09-2025 09:50:49.157 INFO Current price: 0.000000075489 - Current percentage: -7.88% - Max: 21.46% - Min: -22.78% - Market Cap 15647 - Trading time: 00:02:32
08-09-2025 09:50:49.903 INFO Current price: 0.000000056400 - Current percentage: -47.57% - Max: 21.46% - Min: -47.57% - Market Cap 8906 - Trading time: 00:02:32
08-09-2025 09:50:50.049 INFO Current price: 0.000000042689 - Current percentage: -47.64% - Max: 21.46% - Min: -47.64% - Market Cap 8894 - Trading time: 00:02:33
08-09-2025 09:50:50.069 INFO Current price: 0.000000042580 - Current percentage: -47.84% - Max: 21.46% - Min: -47.84% - Market Cap 8860 - Trading time: 00:02:33
08-09-2025 09:50:50.510 INFO Current price: 0.000000042322 - Current percentage: -48.27% - Max: 21.46% - Min: -48.27% - Market Cap 8787 - Trading time: 00:02:33
08-09-2025 09:50:51.206 INFO Current price: 0.000000042028 - Current percentage: -48.56% - Max: 21.46% - Min: -48.56% - Market Cap 8737 - Trading time: 00:02:34
08-09-2025 09:50:51.414 INFO Current price: 0.000000041910 - Current percentage: -48.56% - Max: 21.46% - Min: -48.56% - Market Cap 8737 - Trading time: 00:02:34
08-09-2025 09:50:51.593 INFO Current price: 0.000000041903 - Current percentage: -48.58% - Max: 21.46% - Min: -48.58% - Market Cap 8734 - Trading time: 00:02:34
08-09-2025 09:50:52.069 INFO Current price: 0.000000041769 - Current percentage: -48.89% - Max: 21.46% - Min: -48.89% - Market Cap 8682 - Trading time: 00:02:35
08-09-2025 09:50:52.250 INFO Current price: 0.000000035094 - Current percentage: -63.70% - Max: 21.46% - Min: -63.70% - Market Cap 6166 - Trading time: 00:02:35
08-09-2025 09:50:53.051 INFO Current price: 0.000000029493 - Current percentage: -63.90% - Max: 21.46% - Min: -63.90% - Market Cap 6132 - Trading time: 00:02:36
08-09-2025 09:50:53.053 INFO Current price: 0.000000029376 - Current percentage: -63.99% - Max: 21.46% - Min: -63.99% - Market Cap 6117 - Trading time: 00:02:36
08-09-2025 09:50:53.446 INFO Current price: 0.000000029252 - Current percentage: -64.21% - Max: 21.46% - Min: -64.21% - Market Cap 6080 - Trading time: 00:02:36
08-09-2025 09:50:53.461 INFO Current price: 0.000000029153 - Current percentage: -64.23% - Max: 21.46% - Min: -64.23% - Market Cap 6076 - Trading time: 00:02:36
08-09-2025 09:50:53.464 INFO Current price: 0.000000029132 - Current percentage: -64.26% - Max: 21.46% - Min: -64.26% - Market Cap 6071 - Trading time: 00:02:36
08-09-2025 09:50:56.420 INFO Current price: 0.000000028990 - Current percentage: -64.58% - Max: 21.46% - Min: -64.58% - Market Cap 6017 - Trading time: 00:02:39
08-09-2025 09:50:57.562 INFO Current price: 0.000000028842 - Current percentage: -64.62% - Max: 21.46% - Min: -64.62% - Market Cap 6009 - Trading time: 00:02:40
08-09-2025 09:50:57.935 INFO Current price: 0.000000028699 - Current percentage: -64.93% - Max: 21.46% - Min: -64.93% - Market Cap 5957 - Trading time: 00:02:40
08-09-2025 09:50:59.184 INFO Current price: 0.000000028543 - Current percentage: -65.01% - Max: 21.46% - Min: -65.01% - Market Cap 5944 - Trading time: 00:02:42
08-09-2025 09:51:03.664 INFO Current price: 0.000000028493 - Current percentage: -65.05% - Max: 21.46% - Min: -65.05% - Market Cap 5936 - Trading time: 00:02:46
08-09-2025 09:51:12.461 INFO Current price: 0.000000028468 - Current percentage: -65.07% - Max: 21.46% - Min: -65.07% - Market Cap 5934 - Trading time: 00:02:55
08-09-2025 09:51:16.577 INFO Current price: 0.000000028405 - Current percentage: -65.21% - Max: 21.46% - Min: -65.21% - Market Cap 5910 - Trading time: 00:02:59
08-09-2025 09:51:47.267 INFO Current price: 0.000000028210 - Current percentage: -65.53% - Max: 21.46% - Min: -65.53% - Market Cap 5855 - Trading time: 00:03:30
08-09-2025 09:55:47.047 INFO Current price: 0.000000028069 - Current percentage: -65.63% - Max: 21.46% - Min: -65.63% - Market Cap 5838 - Trading time: 00:07:30
08-09-2025 09:56:07.511 INFO Current price: 0.000000028028 - Current percentage: -65.70% - Max: 21.46% - Min: -65.70% - Market Cap 5826 - Trading time: 00:07:50






08-09-2025 10:06:07.513 INFO {"type":"summary","reason":"inactivity","startedAt":"2025-09-08T07:48:17.002Z","endedAt":"2025-09-08T08:06:07.513Z","durationSec":1070,"entryPrice":8.818793401354584e-8,"entryMarketCapSol":81.47579162407109,"entryMarketCapUsd":16986.07303778634,"minPct":-65.69889630079577,"maxPct":21.462811433067237,"buyCount":79,"sellCount":55,"tradeCount":134,"entryRecorded":true,"noPostThresholdTrades":false,"triggerAt":"2025-09-08T07:48:17.000Z","ageAtTriggerSec":29,"preTotalTrades":29,"preBuys":24,"preSells":5,"preUniqueTraders":23,"preEntryTotalTrades":37,"preEntryBuys":28,"preEntrySells":9,"preEntryUniqueTraders":28,"preEntryMinMcUsd":11043.996774472904,"preEntryMaxMcUsd":20160.29583736676,"thresholdMcSol":81.47579162407109,"thresholdMcUsd":16986.07303778634,"thresholdPrice":8.818793401354584e-8}
