08-09-2025 08:58:08.742 INFO Entry price: 0.000000052644983601 - Entry market cap: 10262 - Buys 19 - Sells 7 - Ratio: 1:0.37 - Min MarketCap: 8672 - Max MarketCap: 11598
08-09-2025 08:58:08.742 INFO Current price: 0.000000052645 - Current percentage: 0.00% - Max: 0.00% - Min: 0.00% - Market Cap 10262 - Trading time: 00:00:02
08-09-2025 08:58:10.789 INFO Current price: 0.000000049081 - Current percentage: -1.36% - Max: 0.00% - Min: -1.36% - Market Cap 10123 - Trading time: 00:00:04
08-09-2025 08:58:11.322 INFO Current price: 0.000000048945 - Current percentage: -0.97% - Max: 0.00% - Min: -1.36% - Market Cap 10163 - Trading time: 00:00:04
08-09-2025 08:58:11.994 INFO Current price: 0.000000048873 - Current percentage: -1.65% - Max: 0.00% - Min: -1.65% - Market Cap 10093 - Trading time: 00:00:05
08-09-2025 08:58:12.925 INFO Current price: 0.000000050498 - Current percentage: 5.73% - Max: 5.73% - Min: -1.65% - Market Cap 10850 - Trading time: 00:00:06
08-09-2025 08:58:13.999 INFO Current price: 0.000000052470 - Current percentage: 6.19% - Max: 6.19% - Min: -1.65% - Market Cap 10897 - Trading time: 00:00:07
08-09-2025 08:58:18.141 INFO Current price: 0.000000049295 - Current percentage: -6.68% - Max: 6.19% - Min: -6.68% - Market Cap 9576 - Trading time: 00:00:11
08-09-2025 08:58:19.723 INFO Current price: 0.000000046223 - Current percentage: -6.64% - Max: 6.19% - Min: -6.68% - Market Cap 9581 - Trading time: 00:00:12
08-09-2025 08:58:20.146 INFO Current price: 0.000000048223 - Current percentage: 1.57% - Max: 6.19% - Min: -6.68% - Market Cap 10423 - Trading time: 00:00:13
08-09-2025 08:58:23.030 INFO Current price: 0.000000050209 - Current percentage: 1.21% - Max: 6.19% - Min: -6.68% - Market Cap 10387 - Trading time: 00:00:16
08-09-2025 08:58:28.733 INFO Current price: 0.000000051801 - Current percentage: 8.11% - Max: 8.11% - Min: -6.68% - Market Cap 11094 - Trading time: 00:00:21
08-09-2025 08:58:32.902 INFO Current price: 0.000000053731 - Current percentage: 8.89% - Max: 8.89% - Min: -6.68% - Market Cap 11175 - Trading time: 00:00:26
08-09-2025 08:58:32.902 INFO Current price: 0.000000056215 - Current percentage: 18.34% - Max: 18.34% - Min: -6.68% - Market Cap 12144 - Trading time: 00:00:26
08-09-2025 08:58:32.904 INFO Current price: 0.000000058381 - Current percentage: 17.45% - Max: 18.34% - Min: -6.68% - Market Cap 12053 - Trading time: 00:00:26
08-09-2025 08:58:32.908 INFO Current price: 0.000000058282 - Current percentage: 17.94% - Max: 18.34% - Min: -6.68% - Market Cap 12103 - Trading time: 00:00:26
08-09-2025 08:58:36.509 INFO Current price: 0.000000058399 - Current percentage: 17.92% - Max: 18.34% - Min: -6.68% - Market Cap 12101 - Trading time: 00:00:29
08-09-2025 08:58:39.762 INFO Current price: 0.000000056762 - Current percentage: 11.42% - Max: 18.34% - Min: -6.68% - Market Cap 11434 - Trading time: 00:00:33
08-09-2025 08:58:40.119 INFO Current price: 0.000000057629 - Current percentage: 21.55% - Max: 21.55% - Min: -6.68% - Market Cap 12474 - Trading time: 00:00:33
08-09-2025 08:58:42.604 INFO Current price: 0.000000061906 - Current percentage: 28.57% - Max: 28.57% - Min: -6.68% - Market Cap 13194 - Trading time: 00:00:35
08-09-2025 08:58:45.349 INFO Current price: 0.000000065982 - Current percentage: 38.08% - Max: 38.08% - Min: -6.68% - Market Cap 14170 - Trading time: 00:00:38
08-09-2025 08:58:50.299 INFO Current price: 0.000000064523 - Current percentage: 22.94% - Max: 38.08% - Min: -6.68% - Market Cap 12617 - Trading time: 00:00:43
08-09-2025 08:58:50.302 INFO Current price: 0.000000058528 - Current percentage: 13.61% - Max: 38.08% - Min: -6.68% - Market Cap 11659 - Trading time: 00:00:43
08-09-2025 08:58:50.890 INFO Current price: 0.000000058751 - Current percentage: 22.94% - Max: 38.08% - Min: -6.68% - Market Cap 12617 - Trading time: 00:00:44
08-09-2025 08:58:53.037 INFO Current price: 0.000000061017 - Current percentage: 23.49% - Max: 38.08% - Min: -6.68% - Market Cap 12672 - Trading time: 00:00:46
08-09-2025 08:58:56.655 INFO Current price: 0.000000063005 - Current percentage: 31.09% - Max: 38.08% - Min: -6.68% - Market Cap 13452 - Trading time: 00:00:49
08-09-2025 08:59:00.593 INFO Current price: 0.000000061703 - Current percentage: 18.43% - Max: 38.08% - Min: -6.68% - Market Cap 12154 - Trading time: 00:00:53
08-09-2025 08:59:00.662 INFO Current price: 0.000000058630 - Current percentage: 18.35% - Max: 38.08% - Min: -6.68% - Market Cap 12146 - Trading time: 00:00:53
08-09-2025 08:59:02.580 INFO Current price: 0.000000058650 - Current percentage: 18.51% - Max: 38.08% - Min: -6.68% - Market Cap 12162 - Trading time: 00:00:55
08-09-2025 08:59:02.821 INFO Current price: 0.000000056297 - Current percentage: 9.05% - Max: 38.08% - Min: -6.68% - Market Cap 11191 - Trading time: 00:00:56
08-09-2025 08:59:02.951 INFO Current price: 0.000000052244 - Current percentage: 2.06% - Max: 38.08% - Min: -6.68% - Market Cap 10474 - Trading time: 00:00:56
08-09-2025 08:59:05.276 INFO Current price: 0.000000052239 - Current percentage: 9.03% - Max: 38.08% - Min: -6.68% - Market Cap 11189 - Trading time: 00:00:58
08-09-2025 08:59:09.793 INFO Current price: 0.000000056267 - Current percentage: 18.41% - Max: 38.08% - Min: -6.68% - Market Cap 12151 - Trading time: 00:01:03
08-09-2025 08:59:10.595 INFO Current price: 0.000000058658 - Current percentage: 18.49% - Max: 38.08% - Min: -6.68% - Market Cap 12160 - Trading time: 00:01:03
08-09-2025 08:59:11.865 INFO Current price: 0.000000058693 - Current percentage: 18.55% - Max: 38.08% - Min: -6.68% - Market Cap 12166 - Trading time: 00:01:05
08-09-2025 08:59:14.175 INFO Current price: 0.000000059727 - Current percentage: 22.71% - Max: 38.08% - Min: -6.68% - Market Cap 12592 - Trading time: 00:01:07
08-09-2025 08:59:17.081 INFO Current price: 0.000000061940 - Current percentage: 27.49% - Max: 38.08% - Min: -6.68% - Market Cap 13084 - Trading time: 00:01:10
08-09-2025 08:59:19.473 INFO Current price: 0.000000064467 - Current percentage: 32.92% - Max: 38.08% - Min: -6.68% - Market Cap 13641 - Trading time: 00:01:12
08-09-2025 08:59:20.770 INFO Current price: 0.000000063156 - Current percentage: 22.36% - Max: 38.08% - Min: -6.68% - Market Cap 12557 - Trading time: 00:01:14
08-09-2025 08:59:22.199 INFO Current price: 0.000000057454 - Current percentage: 10.01% - Max: 38.08% - Min: -6.68% - Market Cap 11289 - Trading time: 00:01:15
08-09-2025 08:59:24.556 INFO Current price: 0.000000055326 - Current percentage: 13.47% - Max: 38.08% - Min: -6.68% - Market Cap 11644 - Trading time: 00:01:17
08-09-2025 08:59:24.921 INFO Current price: 0.000000056283 - Current percentage: 13.84% - Max: 38.08% - Min: -6.68% - Market Cap 11683 - Trading time: 00:01:18
08-09-2025 08:59:28.127 INFO Current price: 0.000000056356 - Current percentage: 13.76% - Max: 38.08% - Min: -6.68% - Market Cap 11675 - Trading time: 00:01:21
08-09-2025 08:59:29.314 INFO Current price: 0.000000057561 - Current percentage: 18.76% - Max: 38.08% - Min: -6.68% - Market Cap 12188 - Trading time: 00:01:22
08-09-2025 08:59:31.510 INFO Current price: 0.000000056432 - Current percentage: 9.34% - Max: 38.08% - Min: -6.68% - Market Cap 11221 - Trading time: 00:01:24
08-09-2025 08:59:31.765 INFO Current price: 0.000000052387 - Current percentage: 2.35% - Max: 38.08% - Min: -6.68% - Market Cap 10503 - Trading time: 00:01:25
08-09-2025 08:59:31.825 INFO Current price: 0.000000050603 - Current percentage: 2.03% - Max: 38.08% - Min: -6.68% - Market Cap 10470 - Trading time: 00:01:25
08-09-2025 08:59:31.965 INFO Current price: 0.000000049208 - Current percentage: -3.22% - Max: 38.08% - Min: -6.68% - Market Cap 9932 - Trading time: 00:01:25
08-09-2025 08:59:33.851 INFO Current price: 0.000000047833 - Current percentage: -3.60% - Max: 38.08% - Min: -6.68% - Market Cap 9893 - Trading time: 00:01:27
08-09-2025 08:59:34.122 INFO Current price: 0.000000047770 - Current percentage: -3.48% - Max: 38.08% - Min: -6.68% - Market Cap 9906 - Trading time: 00:01:27
08-09-2025 08:59:34.618 INFO Current price: 0.000000047803 - Current percentage: -3.46% - Max: 38.08% - Min: -6.68% - Market Cap 9907 - Trading time: 00:01:27
08-09-2025 08:59:35.692 INFO Current price: 0.000000048701 - Current percentage: 0.18% - Max: 38.08% - Min: -6.68% - Market Cap 10281 - Trading time: 00:01:28
08-09-2025 08:59:35.763 INFO Current price: 0.000000049699 - Current percentage: 0.54% - Max: 38.08% - Min: -6.68% - Market Cap 10317 - Trading time: 00:01:29
08-09-2025 08:59:41.732 INFO Current price: 0.000000051323 - Current percentage: 6.84% - Max: 38.08% - Min: -6.68% - Market Cap 10964 - Trading time: 00:01:34
08-09-2025 08:59:45.840 INFO Current price: 0.000000050671 - Current percentage: -2.00% - Max: 38.08% - Min: -6.68% - Market Cap 10057 - Trading time: 00:01:39
08-09-2025 08:59:46.343 INFO Current price: 0.000000048447 - Current percentage: -2.34% - Max: 38.08% - Min: -6.68% - Market Cap 10022 - Trading time: 00:01:39
08-09-2025 08:59:46.464 INFO Current price: 0.000000046711 - Current percentage: -8.90% - Max: 38.08% - Min: -8.90% - Market Cap 9349 - Trading time: 00:01:39
08-09-2025 08:59:47.379 INFO Current price: 0.000000043442 - Current percentage: -15.53% - Max: 38.08% - Min: -15.53% - Market Cap 8669 - Trading time: 00:01:40
08-09-2025 08:59:49.349 INFO Current price: 0.000000041480 - Current percentage: -16.39% - Max: 38.08% - Min: -16.39% - Market Cap 8580 - Trading time: 00:01:42
08-09-2025 08:59:49.440 INFO Current price: 0.000000040201 - Current percentage: -21.18% - Max: 38.08% - Min: -21.18% - Market Cap 8089 - Trading time: 00:01:42
08-09-2025 08:59:49.442 INFO Current price: 0.000000038182 - Current percentage: -24.58% - Max: 38.08% - Min: -24.58% - Market Cap 7740 - Trading time: 00:01:42
08-09-2025 08:59:49.444 INFO Current price: 0.000000036373 - Current percentage: -28.47% - Max: 38.08% - Min: -28.47% - Market Cap 7340 - Trading time: 00:01:42
08-09-2025 08:59:50.123 INFO Current price: 0.000000035419 - Current percentage: -28.48% - Max: 38.08% - Min: -28.48% - Market Cap 7340 - Trading time: 00:01:43
08-09-2025 08:59:50.886 INFO Current price: 0.000000035559 - Current percentage: -27.91% - Max: 38.08% - Min: -28.48% - Market Cap 7398 - Trading time: 00:01:44
08-09-2025 08:59:52.254 INFO Current price: 0.000000035749 - Current percentage: -27.81% - Max: 38.08% - Min: -28.48% - Market Cap 7409 - Trading time: 00:01:45
08-09-2025 08:59:59.196 INFO Current price: 0.000000035743 - Current percentage: -27.84% - Max: 38.08% - Min: -28.48% - Market Cap 7405 - Trading time: 00:01:52
08-09-2025 09:00:03.988 INFO Current price: 0.000000035711 - Current percentage: -27.94% - Max: 38.08% - Min: -28.48% - Market Cap 7395 - Trading time: 00:01:57
08-09-2025 09:00:09.653 INFO Current price: 0.000000035525 - Current percentage: -28.59% - Max: 38.08% - Min: -28.59% - Market Cap 7328 - Trading time: 00:02:02
08-09-2025 09:00:12.952 INFO Current price: 0.000000036370 - Current percentage: -24.47% - Max: 38.08% - Min: -28.59% - Market Cap 7751 - Trading time: 00:02:06
08-09-2025 09:00:13.097 INFO Current price: 0.000000037481 - Current percentage: -24.16% - Max: 38.08% - Min: -28.59% - Market Cap 7783 - Trading time: 00:02:06
08-09-2025 09:00:22.099 INFO Current price: 0.000000038273 - Current percentage: -21.24% - Max: 38.08% - Min: -28.59% - Market Cap 8083 - Trading time: 00:02:15
08-09-2025 09:00:27.613 INFO Current price: 0.000000039948 - Current percentage: -17.38% - Max: 38.08% - Min: -28.59% - Market Cap 8479 - Trading time: 00:02:20
08-09-2025 09:01:16.969 INFO Current price: 0.000000041655 - Current percentage: -14.36% - Max: 38.08% - Min: -28.59% - Market Cap 8788 - Trading time: 00:03:10
08-09-2025 09:01:19.802 INFO Current price: 0.000000042317 - Current percentage: -14.73% - Max: 38.08% - Min: -28.59% - Market Cap 8751 - Trading time: 00:03:13
08-09-2025 09:01:23.632 INFO Current price: 0.000000042281 - Current percentage: -14.51% - Max: 38.08% - Min: -28.59% - Market Cap 8773 - Trading time: 00:03:16
08-09-2025 09:01:28.372 INFO Current price: 0.000000042490 - Current percentage: -13.89% - Max: 38.08% - Min: -28.59% - Market Cap 8837 - Trading time: 00:03:21
08-09-2025 09:01:28.374 INFO Current price: 0.000000043792 - Current percentage: -9.19% - Max: 38.08% - Min: -28.59% - Market Cap 9319 - Trading time: 00:03:21
08-09-2025 09:01:28.374 INFO Current price: 0.000000044803 - Current percentage: -9.86% - Max: 38.08% - Min: -28.59% - Market Cap 9250 - Trading time: 00:03:21
08-09-2025 09:01:33.942 INFO Current price: 0.000000044646 - Current percentage: -9.83% - Max: 38.08% - Min: -28.59% - Market Cap 9254 - Trading time: 00:03:27
08-09-2025 09:01:34.686 INFO Current price: 0.000000045821 - Current percentage: -5.05% - Max: 38.08% - Min: -28.59% - Market Cap 9744 - Trading time: 00:03:27
08-09-2025 09:01:36.995 INFO Current price: 0.000000047077 - Current percentage: -4.82% - Max: 38.08% - Min: -28.59% - Market Cap 9768 - Trading time: 00:03:30
08-09-2025 09:01:44.945 INFO Current price: 0.000000046311 - Current percentage: -8.12% - Max: 38.08% - Min: -28.59% - Market Cap 9429 - Trading time: 00:03:38
08-09-2025 09:01:48.808 INFO Current price: 0.000000045550 - Current percentage: -7.92% - Max: 38.08% - Min: -28.59% - Market Cap 9450 - Trading time: 00:03:42
08-09-2025 09:01:49.297 INFO Current price: 0.000000044863 - Current percentage: -10.87% - Max: 38.08% - Min: -28.59% - Market Cap 9147 - Trading time: 00:03:42
08-09-2025 09:01:53.778 INFO Current price: 0.000000044144 - Current percentage: -10.85% - Max: 38.08% - Min: -28.59% - Market Cap 9149 - Trading time: 00:03:47
08-09-2025 09:01:53.823 INFO Current price: 0.000000042938 - Current percentage: -15.67% - Max: 38.08% - Min: -28.59% - Market Cap 8654 - Trading time: 00:03:47
08-09-2025 09:01:59.761 INFO Current price: 0.000000042889 - Current percentage: -11.05% - Max: 38.08% - Min: -28.59% - Market Cap 9128 - Trading time: 00:03:53
08-09-2025 09:02:00.133 INFO Current price: 0.000000044740 - Current percentage: -8.23% - Max: 38.08% - Min: -28.59% - Market Cap 9417 - Trading time: 00:03:53
08-09-2025 09:02:00.190 INFO Current price: 0.000000045531 - Current percentage: -7.88% - Max: 38.08% - Min: -28.59% - Market Cap 9453 - Trading time: 00:03:53
08-09-2025 09:02:01.443 INFO Current price: 0.000000045412 - Current percentage: -8.71% - Max: 38.08% - Min: -28.59% - Market Cap 9369 - Trading time: 00:03:54
08-09-2025 09:02:02.006 INFO Current price: 0.000000045035 - Current percentage: -9.41% - Max: 38.08% - Min: -28.59% - Market Cap 9297 - Trading time: 00:03:55
08-09-2025 09:02:02.789 INFO Current price: 0.000000044824 - Current percentage: -9.56% - Max: 38.08% - Min: -28.59% - Market Cap 9281 - Trading time: 00:03:56
08-09-2025 09:02:05.838 INFO Current price: 0.000000028732 - Current percentage: -42.70% - Max: 38.08% - Min: -42.70% - Market Cap 5880 - Trading time: 00:03:59
08-09-2025 09:02:05.958 INFO Current price: 0.000000028333 - Current percentage: -42.87% - Max: 38.08% - Min: -42.87% - Market Cap 5863 - Trading time: 00:03:59
08-09-2025 09:02:06.730 INFO Current price: 0.000000028248 - Current percentage: -43.04% - Max: 38.08% - Min: -43.04% - Market Cap 5845 - Trading time: 00:03:59
08-09-2025 09:02:12.442 INFO Current price: 0.000000028201 - Current percentage: -43.06% - Max: 38.08% - Min: -43.06% - Market Cap 5843 - Trading time: 00:04:05
08-09-2025 09:02:17.455 INFO Current price: 0.000000028182 - Current percentage: -43.12% - Max: 38.08% - Min: -43.12% - Market Cap 5837 - Trading time: 00:04:10
08-09-2025 09:02:17.926 INFO Current price: 0.000000028141 - Current percentage: -43.23% - Max: 38.08% - Min: -43.23% - Market Cap 5826 - Trading time: 00:04:11
08-09-2025 09:02:18.655 INFO Current price: 0.000000028176 - Current percentage: -42.98% - Max: 38.08% - Min: -43.23% - Market Cap 5852 - Trading time: 00:04:11
08-09-2025 09:02:21.887 INFO Current price: 0.000000028211 - Current percentage: -43.09% - Max: 38.08% - Min: -43.23% - Market Cap 5841 - Trading time: 00:04:15
08-09-2025 09:03:33.437 INFO Current price: 0.000000028193 - Current percentage: -43.05% - Max: 38.08% - Min: -43.23% - Market Cap 5844 - Trading time: 00:05:26
08-09-2025 09:05:03.142 INFO Current price: 0.000000028189 - Current percentage: -43.10% - Max: 38.08% - Min: -43.23% - Market Cap 5839 - Trading time: 00:06:56
08-09-2025 09:14:52.012 INFO Current price: 0.000000028172 - Current percentage: -43.11% - Max: 38.08% - Min: -43.23% - Market Cap 5838 - Trading time: 00:16:45
08-09-2025 09:14:53.799 INFO Current price: 0.000000028156 - Current percentage: -43.17% - Max: 38.08% - Min: -43.23% - Market Cap 5832 - Trading time: 00:16:47






08-09-2025 09:18:06.743 INFO {"type":"summary","reason":"max_window","startedAt":"2025-09-08T06:58:06.741Z","endedAt":"2025-09-08T07:18:06.743Z","durationSec":1200,"entryPrice":5.264498360107351e-8,"entryMarketCapSol":49.52113492615729,"entryMarketCapUsd":10262.264790747575,"minPct":-43.228187292646275,"maxPct":38.08179327317396,"buyCount":54,"sellCount":55,"tradeCount":109,"entryRecorded":true,"noPostThresholdTrades":false,"triggerAt":"2025-09-08T06:58:06.741Z","ageAtTriggerSec":18,"preTotalTrades":19,"preBuys":16,"preSells":3,"preUniqueTraders":15,"preEntryTotalTrades":26,"preEntryBuys":19,"preEntrySells":7,"preEntryUniqueTraders":18,"preEntryMinMcUsd":8671.507446798008,"preEntryMaxMcUsd":11597.811002230319,"thresholdMcSol":49.52113492615729,"thresholdMcUsd":10262.264790747575,"thresholdPrice":5.264498360107351e-8}
