08-09-2025 21:17:18.661 INFO Entry price: 0.000000038597166609 - Entry market cap: 7899 - Buys 13 - Sells 3 - Ratio: 1:0.23 - Min MarketCap: 6659 - Max MarketCap: 8823
08-09-2025 21:17:18.661 INFO Current price: 0.000000038597 - Current percentage: 0.00% - Max: 0.00% - Min: 0.00% - Market Cap 7899 - Trading time: 00:00:02
08-09-2025 21:17:32.890 INFO Current price: 0.000000035881 - Current percentage: -3.47% - Max: 0.00% - Min: -3.47% - Market Cap 7625 - Trading time: 00:00:16
08-09-2025 21:18:00.067 INFO Current price: 0.000000035070 - Current percentage: -4.47% - Max: 0.00% - Min: -4.47% - Market Cap 7546 - Trading time: 00:00:43
08-09-2025 21:18:03.559 INFO Current price: 0.000000035545 - Current percentage: -0.84% - Max: 0.00% - Min: -4.47% - Market Cap 7833 - Trading time: 00:00:46
08-09-2025 21:18:03.568 INFO Current price: 0.000000036873 - Current percentage: 2.80% - Max: 2.80% - Min: -4.47% - Market Cap 8121 - Trading time: 00:00:46
08-09-2025 21:18:03.581 INFO Current price: 0.000000038305 - Current percentage: 7.00% - Max: 7.00% - Min: -4.47% - Market Cap 8453 - Trading time: 00:00:46
08-09-2025 21:18:04.067 INFO Current price: 0.000000039080 - Current percentage: 7.01% - Max: 7.01% - Min: -4.47% - Market Cap 8453 - Trading time: 00:00:47
08-09-2025 21:18:04.322 INFO Current price: 0.000000039081 - Current percentage: 7.01% - Max: 7.01% - Min: -4.47% - Market Cap 8453 - Trading time: 00:00:47
08-09-2025 21:18:04.323 INFO Current price: 0.000000039081 - Current percentage: 7.01% - Max: 7.01% - Min: -4.47% - Market Cap 8453 - Trading time: 00:00:47
08-09-2025 21:18:04.488 INFO Current price: 0.000000039083 - Current percentage: 7.01% - Max: 7.01% - Min: -4.47% - Market Cap 8453 - Trading time: 00:00:47
08-09-2025 21:18:04.915 INFO Current price: 0.000000039084 - Current percentage: 7.02% - Max: 7.02% - Min: -4.47% - Market Cap 8454 - Trading time: 00:00:48
08-09-2025 21:18:09.465 INFO Current price: 0.000000039084 - Current percentage: 7.02% - Max: 7.02% - Min: -4.47% - Market Cap 8453 - Trading time: 00:00:52
08-09-2025 21:18:09.502 INFO Current price: 0.000000039084 - Current percentage: 7.02% - Max: 7.02% - Min: -4.47% - Market Cap 8453 - Trading time: 00:00:52
08-09-2025 21:18:09.699 INFO Current price: 0.000000039084 - Current percentage: 7.02% - Max: 7.02% - Min: -4.47% - Market Cap 8453 - Trading time: 00:00:53
08-09-2025 21:18:10.141 INFO Current price: 0.000000039083 - Current percentage: 7.01% - Max: 7.02% - Min: -4.47% - Market Cap 8453 - Trading time: 00:00:53
08-09-2025 21:18:11.556 INFO Current price: 0.000000039083 - Current percentage: 7.01% - Max: 7.02% - Min: -4.47% - Market Cap 8453 - Trading time: 00:00:54
08-09-2025 21:18:14.245 INFO Current price: 0.000000039082 - Current percentage: 7.01% - Max: 7.02% - Min: -4.47% - Market Cap 8453 - Trading time: 00:00:57
08-09-2025 21:18:14.613 INFO Current price: 0.000000039082 - Current percentage: 7.01% - Max: 7.02% - Min: -4.47% - Market Cap 8453 - Trading time: 00:00:57
08-09-2025 21:18:14.793 INFO Current price: 0.000000039082 - Current percentage: 7.01% - Max: 7.02% - Min: -4.47% - Market Cap 8453 - Trading time: 00:00:58
08-09-2025 21:18:15.055 INFO Current price: 0.000000039082 - Current percentage: 7.01% - Max: 7.02% - Min: -4.47% - Market Cap 8453 - Trading time: 00:00:58
08-09-2025 21:18:15.162 INFO Current price: 0.000000039081 - Current percentage: 7.01% - Max: 7.02% - Min: -4.47% - Market Cap 8453 - Trading time: 00:00:58
08-09-2025 21:18:19.173 INFO Current price: 0.000000039081 - Current percentage: 7.01% - Max: 7.02% - Min: -4.47% - Market Cap 8453 - Trading time: 00:01:02
08-09-2025 21:18:19.219 INFO Current price: 0.000000039081 - Current percentage: 7.01% - Max: 7.02% - Min: -4.47% - Market Cap 8453 - Trading time: 00:01:02
08-09-2025 21:18:19.865 INFO Current price: 0.000000039081 - Current percentage: 7.01% - Max: 7.02% - Min: -4.47% - Market Cap 8453 - Trading time: 00:01:03
08-09-2025 21:18:19.866 INFO Current price: 0.000000039080 - Current percentage: 7.01% - Max: 7.02% - Min: -4.47% - Market Cap 8453 - Trading time: 00:01:03
08-09-2025 21:18:19.978 INFO Current price: 0.000000039080 - Current percentage: 7.00% - Max: 7.02% - Min: -4.47% - Market Cap 8453 - Trading time: 00:01:03
08-09-2025 21:18:22.855 INFO Current price: 0.000000039155 - Current percentage: 7.42% - Max: 7.42% - Min: -4.47% - Market Cap 8485 - Trading time: 00:01:06
08-09-2025 21:19:01.692 INFO Current price: 0.000000038682 - Current percentage: 4.43% - Max: 7.42% - Min: -4.47% - Market Cap 8249 - Trading time: 00:01:45
08-09-2025 21:19:02.477 INFO Current price: 0.000000038068 - Current percentage: 4.04% - Max: 7.42% - Min: -4.47% - Market Cap 8218 - Trading time: 00:01:45
08-09-2025 21:19:03.356 INFO Current price: 0.000000037514 - Current percentage: 1.42% - Max: 7.42% - Min: -4.47% - Market Cap 8011 - Trading time: 00:01:46
08-09-2025 21:19:05.660 INFO Current price: 0.000000036553 - Current percentage: -1.23% - Max: 7.42% - Min: -4.47% - Market Cap 7802 - Trading time: 00:01:49
08-09-2025 21:19:24.926 INFO Current price: 0.000000037107 - Current percentage: 4.52% - Max: 7.42% - Min: -4.47% - Market Cap 8256 - Trading time: 00:02:08
08-09-2025 21:19:33.240 INFO Current price: 0.000000039077 - Current percentage: 9.53% - Max: 9.53% - Min: -4.47% - Market Cap 8652 - Trading time: 00:02:16
08-09-2025 21:19:33.243 INFO Current price: 0.000000040949 - Current percentage: 14.77% - Max: 14.77% - Min: -4.47% - Market Cap 9066 - Trading time: 00:02:16
08-09-2025 21:19:33.298 INFO Current price: 0.000000042158 - Current percentage: 16.10% - Max: 16.10% - Min: -4.47% - Market Cap 9171 - Trading time: 00:02:16
08-09-2025 21:19:34.809 INFO Current price: 0.000000042516 - Current percentage: 16.72% - Max: 16.72% - Min: -4.47% - Market Cap 9220 - Trading time: 00:02:18
08-09-2025 21:19:37.463 INFO Current price: 0.000000044919 - Current percentage: 23.03% - Max: 23.03% - Min: -4.47% - Market Cap 9718 - Trading time: 00:02:20
08-09-2025 21:19:37.678 INFO Current price: 0.000000046177 - Current percentage: 29.95% - Max: 29.95% - Min: -4.47% - Market Cap 10265 - Trading time: 00:02:21
08-09-2025 21:19:37.806 INFO Current price: 0.000000047474 - Current percentage: 30.04% - Max: 30.04% - Min: -4.47% - Market Cap 10272 - Trading time: 00:02:21
08-09-2025 21:19:37.856 INFO Current price: 0.000000047732 - Current percentage: 31.36% - Max: 31.36% - Min: -4.47% - Market Cap 10377 - Trading time: 00:02:21
08-09-2025 21:19:38.315 INFO Current price: 0.000000048106 - Current percentage: 32.08% - Max: 32.08% - Min: -4.47% - Market Cap 10433 - Trading time: 00:02:21
08-09-2025 21:19:49.433 INFO Current price: 0.000000048609 - Current percentage: 34.12% - Max: 34.12% - Min: -4.47% - Market Cap 10595 - Trading time: 00:02:32
08-09-2025 21:19:57.924 INFO Current price: 0.000000048732 - Current percentage: 32.75% - Max: 34.12% - Min: -4.47% - Market Cap 10486 - Trading time: 00:02:41
08-09-2025 21:19:59.244 INFO Current price: 0.000000046964 - Current percentage: 24.57% - Max: 34.12% - Min: -4.47% - Market Cap 9840 - Trading time: 00:02:42
08-09-2025 21:20:00.494 INFO Current price: 0.000000045494 - Current percentage: 24.57% - Max: 34.12% - Min: -4.47% - Market Cap 9840 - Trading time: 00:02:43
08-09-2025 21:20:00.538 INFO Current price: 0.000000045497 - Current percentage: 24.58% - Max: 34.12% - Min: -4.47% - Market Cap 9841 - Trading time: 00:02:43
08-09-2025 21:20:01.883 INFO Current price: 0.000000045608 - Current percentage: 25.18% - Max: 34.12% - Min: -4.47% - Market Cap 9888 - Trading time: 00:02:45
08-09-2025 21:20:03.096 INFO Current price: 0.000000046314 - Current percentage: 28.47% - Max: 34.12% - Min: -4.47% - Market Cap 10148 - Trading time: 00:02:46
08-09-2025 21:20:03.131 INFO Current price: 0.000000046978 - Current percentage: 28.80% - Max: 34.12% - Min: -4.47% - Market Cap 10174 - Trading time: 00:02:46
08-09-2025 21:20:07.809 INFO Current price: 0.000000047642 - Current percentage: 32.09% - Max: 34.12% - Min: -4.47% - Market Cap 10434 - Trading time: 00:02:51
08-09-2025 21:20:07.960 INFO Current price: 0.000000049205 - Current percentage: 37.42% - Max: 37.42% - Min: -4.47% - Market Cap 10855 - Trading time: 00:02:51
08-09-2025 21:20:08.154 INFO Current price: 0.000000050189 - Current percentage: 37.42% - Max: 37.42% - Min: -4.47% - Market Cap 10855 - Trading time: 00:02:51
08-09-2025 21:20:11.763 INFO Current price: 0.000000050677 - Current percentage: 40.11% - Max: 40.11% - Min: -4.47% - Market Cap 11068 - Trading time: 00:02:55
08-09-2025 21:20:12.561 INFO Current price: 0.000000051213 - Current percentage: 40.34% - Max: 40.34% - Min: -4.47% - Market Cap 11086 - Trading time: 00:02:55
08-09-2025 21:20:13.361 INFO Current price: 0.000000051502 - Current percentage: 41.70% - Max: 41.70% - Min: -4.47% - Market Cap 11193 - Trading time: 00:02:56
08-09-2025 21:20:14.194 INFO Current price: 0.000000053018 - Current percentage: 48.73% - Max: 48.73% - Min: -4.47% - Market Cap 11748 - Trading time: 00:02:57
08-09-2025 21:20:15.916 INFO Current price: 0.000000054964 - Current percentage: 52.26% - Max: 52.26% - Min: -4.47% - Market Cap 12027 - Trading time: 00:02:59
08-09-2025 21:20:16.067 INFO Current price: 0.000000057234 - Current percentage: 61.30% - Max: 61.30% - Min: -4.47% - Market Cap 12741 - Trading time: 00:02:59
08-09-2025 21:20:16.932 INFO Current price: 0.000000061060 - Current percentage: 73.30% - Max: 73.30% - Min: -4.47% - Market Cap 13689 - Trading time: 00:03:00
08-09-2025 21:20:17.758 INFO Current price: 0.000000063290 - Current percentage: 73.30% - Max: 73.30% - Min: -4.47% - Market Cap 13689 - Trading time: 00:03:01
08-09-2025 21:20:18.425 INFO Current price: 0.000000063288 - Current percentage: 73.28% - Max: 73.30% - Min: -4.47% - Market Cap 13688 - Trading time: 00:03:01
08-09-2025 21:20:18.471 INFO Current price: 0.000000063284 - Current percentage: 73.27% - Max: 73.30% - Min: -4.47% - Market Cap 13687 - Trading time: 00:03:01
08-09-2025 21:20:19.098 INFO Current price: 0.000000064684 - Current percentage: 81.04% - Max: 81.04% - Min: -4.47% - Market Cap 14301 - Trading time: 00:03:02
08-09-2025 21:20:19.313 INFO Current price: 0.000000066131 - Current percentage: 81.12% - Max: 81.12% - Min: -4.47% - Market Cap 14307 - Trading time: 00:03:02
08-09-2025 21:20:19.316 INFO Current price: 0.000000066434 - Current percentage: 82.70% - Max: 82.70% - Min: -4.47% - Market Cap 14432 - Trading time: 00:03:02
08-09-2025 21:20:19.320 INFO Current price: 0.000000067012 - Current percentage: 84.28% - Max: 84.28% - Min: -4.47% - Market Cap 14557 - Trading time: 00:03:02
08-09-2025 21:20:19.321 INFO Current price: 0.000000067742 - Current percentage: 86.70% - Max: 86.70% - Min: -4.47% - Market Cap 14748 - Trading time: 00:03:02
08-09-2025 21:20:19.324 INFO Current price: 0.000000068634 - Current percentage: 89.16% - Max: 89.16% - Min: -4.47% - Market Cap 14942 - Trading time: 00:03:02
08-09-2025 21:20:19.329 INFO Current price: 0.000000069162 - Current percentage: 89.58% - Max: 89.58% - Min: -4.47% - Market Cap 14976 - Trading time: 00:03:02
08-09-2025 21:20:19.431 INFO Current price: 0.000000068089 - Current percentage: 83.34% - Max: 89.58% - Min: -4.47% - Market Cap 14482 - Trading time: 00:03:02
08-09-2025 21:20:19.504 INFO Current price: 0.000000071285 - Current percentage: 107.80% - Max: 107.80% - Min: -4.47% - Market Cap 16414 - Trading time: 00:03:02
08-09-2025 21:20:19.660 INFO Current price: 0.000000076239 - Current percentage: 109.71% - Max: 109.71% - Min: -4.47% - Market Cap 16565 - Trading time: 00:03:03
08-09-2025 21:20:19.703 INFO Current price: 0.000000079152 - Current percentage: 123.98% - Max: 123.98% - Min: -4.47% - Market Cap 17693 - Trading time: 00:03:03
08-09-2025 21:20:19.792 INFO Current price: 0.000000081886 - Current percentage: 124.44% - Max: 124.44% - Min: -4.47% - Market Cap 17729 - Trading time: 00:03:03
08-09-2025 21:20:20.315 INFO Current price: 0.000000081973 - Current percentage: 124.46% - Max: 124.46% - Min: -4.47% - Market Cap 17731 - Trading time: 00:03:03
08-09-2025 21:20:20.646 INFO Current price: 0.000000081976 - Current percentage: 124.46% - Max: 124.46% - Min: -4.47% - Market Cap 17731 - Trading time: 00:03:03
08-09-2025 21:20:20.783 INFO Current price: 0.000000082014 - Current percentage: 124.67% - Max: 124.67% - Min: -4.47% - Market Cap 17747 - Trading time: 00:03:04
08-09-2025 21:20:21.976 INFO Current price: 0.000000079165 - Current percentage: 109.14% - Max: 124.67% - Min: -4.47% - Market Cap 16520 - Trading time: 00:03:05
08-09-2025 21:20:22.363 INFO Current price: 0.000000076098 - Current percentage: 107.60% - Max: 124.67% - Min: -4.47% - Market Cap 16399 - Trading time: 00:03:05
08-09-2025 21:20:22.484 INFO Current price: 0.000000072591 - Current percentage: 90.31% - Max: 124.67% - Min: -4.47% - Market Cap 15033 - Trading time: 00:03:05
08-09-2025 21:20:23.590 INFO Current price: 0.000000070005 - Current percentage: 93.07% - Max: 124.67% - Min: -4.47% - Market Cap 15251 - Trading time: 00:03:06
08-09-2025 21:20:23.882 INFO Current price: 0.000000070938 - Current percentage: 93.88% - Max: 124.67% - Min: -4.47% - Market Cap 15315 - Trading time: 00:03:07
08-09-2025 21:20:24.310 INFO Current price: 0.000000070807 - Current percentage: 93.88% - Max: 124.67% - Min: -4.47% - Market Cap 15315 - Trading time: 00:03:07
08-09-2025 21:20:24.365 INFO Current price: 0.000000071170 - Current percentage: 95.87% - Max: 124.67% - Min: -4.47% - Market Cap 15472 - Trading time: 00:03:07
08-09-2025 21:20:25.652 INFO Current price: 0.000000071600 - Current percentage: 96.05% - Max: 124.67% - Min: -4.47% - Market Cap 15487 - Trading time: 00:03:08
08-09-2025 21:20:25.839 INFO Current price: 0.000000073094 - Current percentage: 104.31% - Max: 124.67% - Min: -4.47% - Market Cap 16139 - Trading time: 00:03:09
08-09-2025 21:20:26.254 INFO Current price: 0.000000074708 - Current percentage: 104.80% - Max: 124.67% - Min: -4.47% - Market Cap 16178 - Trading time: 00:03:09
08-09-2025 21:20:27.960 INFO Current price: 0.000000071940 - Current percentage: 89.46% - Max: 124.67% - Min: -4.47% - Market Cap 14966 - Trading time: 00:03:11
08-09-2025 21:20:30.301 INFO Current price: 0.000000069770 - Current percentage: 91.05% - Max: 124.67% - Min: -4.47% - Market Cap 15091 - Trading time: 00:03:13
08-09-2025 21:20:30.653 INFO Current price: 0.000000069768 - Current percentage: 91.05% - Max: 124.67% - Min: -4.47% - Market Cap 15091 - Trading time: 00:03:13
08-09-2025 21:20:30.906 INFO Current price: 0.000000068394 - Current percentage: 83.57% - Max: 124.67% - Min: -4.47% - Market Cap 14501 - Trading time: 00:03:14
08-09-2025 21:20:31.421 INFO Current price: 0.000000067192 - Current percentage: 83.99% - Max: 124.67% - Min: -4.47% - Market Cap 14534 - Trading time: 00:03:14
08-09-2025 21:20:32.040 INFO Current price: 0.000000067196 - Current percentage: 83.99% - Max: 124.67% - Min: -4.47% - Market Cap 14534 - Trading time: 00:03:15
08-09-2025 21:20:32.971 INFO Current price: 0.000000067549 - Current percentage: 85.93% - Max: 124.67% - Min: -4.47% - Market Cap 14687 - Trading time: 00:03:16
08-09-2025 21:20:33.521 INFO Current price: 0.000000068259 - Current percentage: 87.88% - Max: 124.67% - Min: -4.47% - Market Cap 14841 - Trading time: 00:03:16
08-09-2025 21:20:34.247 INFO Current price: 0.000000068973 - Current percentage: 89.84% - Max: 124.67% - Min: -4.47% - Market Cap 14996 - Trading time: 00:03:17
08-09-2025 21:20:34.589 INFO Current price: 0.000000069475 - Current percentage: 90.62% - Max: 124.67% - Min: -4.47% - Market Cap 15058 - Trading time: 00:03:17
08-09-2025 21:20:35.371 INFO Current price: 0.000000070345 - Current percentage: 94.62% - Max: 124.67% - Min: -4.47% - Market Cap 15374 - Trading time: 00:03:18
08-09-2025 21:20:35.577 INFO Current price: 0.000000071805 - Current percentage: 98.62% - Max: 124.67% - Min: -4.47% - Market Cap 15689 - Trading time: 00:03:18
08-09-2025 21:20:37.634 INFO Current price: 0.000000068229 - Current percentage: 75.72% - Max: 124.67% - Min: -4.47% - Market Cap 13880 - Trading time: 00:03:20
08-09-2025 21:20:38.511 INFO Current price: 0.000000063848 - Current percentage: 73.94% - Max: 124.67% - Min: -4.47% - Market Cap 13740 - Trading time: 00:03:21
08-09-2025 21:20:39.743 INFO Current price: 0.000000063125 - Current percentage: 71.76% - Max: 124.67% - Min: -4.47% - Market Cap 13568 - Trading time: 00:03:23
08-09-2025 21:20:39.745 INFO Current price: 0.000000062469 - Current percentage: 70.33% - Max: 124.67% - Min: -4.47% - Market Cap 13455 - Trading time: 00:03:23
08-09-2025 21:20:39.747 INFO Current price: 0.000000062196 - Current percentage: 70.26% - Max: 124.67% - Min: -4.47% - Market Cap 13449 - Trading time: 00:03:23
08-09-2025 21:20:39.749 INFO Current price: 0.000000061797 - Current percentage: 68.16% - Max: 124.67% - Min: -4.47% - Market Cap 13283 - Trading time: 00:03:23
08-09-2025 21:20:40.341 INFO Current price: 0.000000061111 - Current percentage: 66.51% - Max: 124.67% - Min: -4.47% - Market Cap 13153 - Trading time: 00:03:23
08-09-2025 21:20:40.520 INFO Current price: 0.000000060747 - Current percentage: 66.16% - Max: 124.67% - Min: -4.47% - Market Cap 13125 - Trading time: 00:03:23
08-09-2025 21:20:45.978 INFO Current price: 0.000000060750 - Current percentage: 66.52% - Max: 124.67% - Min: -4.47% - Market Cap 13154 - Trading time: 00:03:29
08-09-2025 21:20:46.081 INFO Current price: 0.000000060398 - Current percentage: 64.24% - Max: 124.67% - Min: -4.47% - Market Cap 12974 - Trading time: 00:03:29
08-09-2025 21:20:46.711 INFO Current price: 0.000000060130 - Current percentage: 65.05% - Max: 124.67% - Min: -4.47% - Market Cap 13037 - Trading time: 00:03:30
08-09-2025 21:20:46.995 INFO Current price: 0.000000060965 - Current percentage: 68.84% - Max: 124.67% - Min: -4.47% - Market Cap 13337 - Trading time: 00:03:30
08-09-2025 21:20:48.371 INFO Current price: 0.000000061999 - Current percentage: 70.69% - Max: 124.67% - Min: -4.47% - Market Cap 13483 - Trading time: 00:03:31
08-09-2025 21:20:48.530 INFO Current price: 0.000000062478 - Current percentage: 71.45% - Max: 124.67% - Min: -4.47% - Market Cap 13543 - Trading time: 00:03:31
08-09-2025 21:20:49.685 INFO Current price: 0.000000063311 - Current percentage: 75.28% - Max: 124.67% - Min: -4.47% - Market Cap 13846 - Trading time: 00:03:33
08-09-2025 21:20:51.747 INFO Current price: 0.000000064275 - Current percentage: 76.14% - Max: 124.67% - Min: -4.47% - Market Cap 13914 - Trading time: 00:03:35
08-09-2025 21:20:52.337 INFO Current price: 0.000000064469 - Current percentage: 76.53% - Max: 124.67% - Min: -4.47% - Market Cap 13944 - Trading time: 00:03:35
08-09-2025 21:20:55.943 INFO Current price: 0.000000064567 - Current percentage: 77.06% - Max: 124.67% - Min: -4.47% - Market Cap 13986 - Trading time: 00:03:39
08-09-2025 21:20:56.414 INFO Current price: 0.000000065996 - Current percentage: 84.43% - Max: 124.67% - Min: -4.47% - Market Cap 14568 - Trading time: 00:03:39
08-09-2025 21:20:56.415 INFO Current price: 0.000000068825 - Current percentage: 92.56% - Max: 124.67% - Min: -4.47% - Market Cap 15211 - Trading time: 00:03:39
08-09-2025 21:20:56.830 INFO Current price: 0.000000070341 - Current percentage: 92.64% - Max: 124.67% - Min: -4.47% - Market Cap 15217 - Trading time: 00:03:40
08-09-2025 21:20:57.649 INFO Current price: 0.000000070399 - Current percentage: 92.88% - Max: 124.67% - Min: -4.47% - Market Cap 15236 - Trading time: 00:03:40
08-09-2025 21:21:04.904 INFO Current price: 0.000000069389 - Current percentage: 87.16% - Max: 124.67% - Min: -4.47% - Market Cap 14784 - Trading time: 00:03:48
08-09-2025 21:21:04.979 INFO Current price: 0.000000066793 - Current percentage: 78.72% - Max: 124.67% - Min: -4.47% - Market Cap 14117 - Trading time: 00:03:48
08-09-2025 21:21:05.314 INFO Current price: 0.000000065468 - Current percentage: 79.80% - Max: 124.67% - Min: -4.47% - Market Cap 14203 - Trading time: 00:03:48
08-09-2025 21:21:05.758 INFO Current price: 0.000000065653 - Current percentage: 79.73% - Max: 124.67% - Min: -4.47% - Market Cap 14197 - Trading time: 00:03:49
08-09-2025 21:21:05.885 INFO Current price: 0.000000065059 - Current percentage: 76.57% - Max: 124.67% - Min: -4.47% - Market Cap 13947 - Trading time: 00:03:49
08-09-2025 21:21:10.595 INFO Current price: 0.000000064692 - Current percentage: 77.71% - Max: 124.67% - Min: -4.47% - Market Cap 14037 - Trading time: 00:03:53
08-09-2025 21:21:15.427 INFO Current price: 0.000000064998 - Current percentage: 78.01% - Max: 124.67% - Min: -4.47% - Market Cap 14061 - Trading time: 00:03:58
08-09-2025 21:21:18.960 INFO Current price: 0.000000063128 - Current percentage: 67.85% - Max: 124.67% - Min: -4.47% - Market Cap 13258 - Trading time: 00:04:02
08-09-2025 21:21:19.764 INFO Current price: 0.000000060076 - Current percentage: 61.21% - Max: 124.67% - Min: -4.47% - Market Cap 12735 - Trading time: 00:04:03
08-09-2025 21:21:19.816 INFO Current price: 0.000000057765 - Current percentage: 55.18% - Max: 124.67% - Min: -4.47% - Market Cap 12258 - Trading time: 00:04:03
08-09-2025 21:21:19.860 INFO Current price: 0.000000056624 - Current percentage: 54.91% - Max: 124.67% - Min: -4.47% - Market Cap 12237 - Trading time: 00:04:03
08-09-2025 21:21:19.947 INFO Current price: 0.000000054999 - Current percentage: 46.40% - Max: 124.67% - Min: -4.47% - Market Cap 11564 - Trading time: 00:04:03
08-09-2025 21:21:20.004 INFO Current price: 0.000000053259 - Current percentage: 45.26% - Max: 124.67% - Min: -4.47% - Market Cap 11475 - Trading time: 00:04:03
08-09-2025 21:21:20.867 INFO Current price: 0.000000053050 - Current percentage: 45.25% - Max: 124.67% - Min: -4.47% - Market Cap 11474 - Trading time: 00:04:04
08-09-2025 21:21:22.857 INFO Current price: 0.000000052847 - Current percentage: 44.15% - Max: 124.67% - Min: -4.47% - Market Cap 11387 - Trading time: 00:04:06
08-09-2025 21:21:23.212 INFO Current price: 0.000000052120 - Current percentage: 41.29% - Max: 124.67% - Min: -4.47% - Market Cap 11160 - Trading time: 00:04:06
08-09-2025 21:21:24.029 INFO Current price: 0.000000050180 - Current percentage: 33.62% - Max: 124.67% - Min: -4.47% - Market Cap 10555 - Trading time: 00:04:07
08-09-2025 21:21:24.475 INFO Current price: 0.000000048783 - Current percentage: 33.53% - Max: 124.67% - Min: -4.47% - Market Cap 10548 - Trading time: 00:04:07
08-09-2025 21:21:24.477 INFO Current price: 0.000000048633 - Current percentage: 32.80% - Max: 124.67% - Min: -4.47% - Market Cap 10490 - Trading time: 00:04:07
08-09-2025 21:21:25.537 INFO Current price: 0.000000049700 - Current percentage: 39.45% - Max: 124.67% - Min: -4.47% - Market Cap 11016 - Trading time: 00:04:08
08-09-2025 21:21:25.778 INFO Current price: 0.000000051299 - Current percentage: 41.48% - Max: 124.67% - Min: -4.47% - Market Cap 11176 - Trading time: 00:04:09
08-09-2025 21:21:26.675 INFO Current price: 0.000000051918 - Current percentage: 42.84% - Max: 124.67% - Min: -4.47% - Market Cap 11283 - Trading time: 00:04:10
08-09-2025 21:21:26.778 INFO Current price: 0.000000052292 - Current percentage: 43.52% - Max: 124.67% - Min: -4.47% - Market Cap 11337 - Trading time: 00:04:10
08-09-2025 21:21:27.947 INFO Current price: 0.000000053041 - Current percentage: 46.96% - Max: 124.67% - Min: -4.47% - Market Cap 11609 - Trading time: 00:04:11
08-09-2025 21:21:28.190 INFO Current price: 0.000000054099 - Current percentage: 49.31% - Max: 124.67% - Min: -4.47% - Market Cap 11794 - Trading time: 00:04:11
08-09-2025 21:21:32.043 INFO Current price: 0.000000054252 - Current percentage: 47.79% - Max: 124.67% - Min: -4.47% - Market Cap 11674 - Trading time: 00:04:15
08-09-2025 21:21:33.459 INFO Current price: 0.000000054102 - Current percentage: 48.49% - Max: 124.67% - Min: -4.47% - Market Cap 11729 - Trading time: 00:04:16
08-09-2025 21:21:34.257 INFO Current price: 0.000000054870 - Current percentage: 52.02% - Max: 124.67% - Min: -4.47% - Market Cap 12008 - Trading time: 00:04:17
08-09-2025 21:21:35.730 INFO Current price: 0.000000055711 - Current percentage: 53.07% - Max: 124.67% - Min: -4.47% - Market Cap 12091 - Trading time: 00:04:19
08-09-2025 21:21:36.858 INFO Current price: 0.000000055457 - Current percentage: 50.63% - Max: 124.67% - Min: -4.47% - Market Cap 11899 - Trading time: 00:04:20
08-09-2025 21:21:36.906 INFO Current price: 0.000000055205 - Current percentage: 51.68% - Max: 124.67% - Min: -4.47% - Market Cap 11982 - Trading time: 00:04:20
08-09-2025 21:21:37.125 INFO Current price: 0.000000055423 - Current percentage: 51.82% - Max: 124.67% - Min: -4.47% - Market Cap 11993 - Trading time: 00:04:20
08-09-2025 21:21:37.681 INFO Current price: 0.000000055461 - Current percentage: 51.89% - Max: 124.67% - Min: -4.47% - Market Cap 11998 - Trading time: 00:04:21
08-09-2025 21:21:37.725 INFO Current price: 0.000000054077 - Current percentage: 44.34% - Max: 124.67% - Min: -4.47% - Market Cap 11402 - Trading time: 00:04:21
08-09-2025 21:21:37.800 INFO Current price: 0.000000052333 - Current percentage: 42.25% - Max: 124.67% - Min: -4.47% - Market Cap 11237 - Trading time: 00:04:21
08-09-2025 21:21:39.207 INFO Current price: 0.000000051989 - Current percentage: 42.45% - Max: 124.67% - Min: -4.47% - Market Cap 11252 - Trading time: 00:04:22
08-09-2025 21:21:42.115 INFO Current price: 0.000000052152 - Current percentage: 43.14% - Max: 124.67% - Min: -4.47% - Market Cap 11307 - Trading time: 00:04:25
08-09-2025 21:21:42.407 INFO Current price: 0.000000052339 - Current percentage: 43.48% - Max: 124.67% - Min: -4.47% - Market Cap 11334 - Trading time: 00:04:25
08-09-2025 21:21:46.530 INFO Current price: 0.000000053283 - Current percentage: 48.35% - Max: 124.67% - Min: -4.47% - Market Cap 11719 - Trading time: 00:04:29
08-09-2025 21:21:46.586 INFO Current price: 0.000000054585 - Current percentage: 50.58% - Max: 124.67% - Min: -4.47% - Market Cap 11895 - Trading time: 00:04:29
08-09-2025 21:21:47.703 INFO Current price: 0.000000055058 - Current percentage: 50.93% - Max: 124.67% - Min: -4.47% - Market Cap 11922 - Trading time: 00:04:31
08-09-2025 21:21:47.903 INFO Current price: 0.000000055315 - Current percentage: 51.99% - Max: 124.67% - Min: -4.47% - Market Cap 12006 - Trading time: 00:04:31
08-09-2025 21:21:50.288 INFO Current price: 0.000000054002 - Current percentage: 43.85% - Max: 124.67% - Min: -4.47% - Market Cap 11363 - Trading time: 00:04:33
08-09-2025 21:21:50.358 INFO Current price: 0.000000051181 - Current percentage: 36.53% - Max: 124.67% - Min: -4.47% - Market Cap 10785 - Trading time: 00:04:33
08-09-2025 21:21:50.397 INFO Current price: 0.000000049510 - Current percentage: 34.61% - Max: 124.67% - Min: -4.47% - Market Cap 10633 - Trading time: 00:04:33
08-09-2025 21:21:51.906 INFO Current price: 0.000000051093 - Current percentage: 45.40% - Max: 124.67% - Min: -4.47% - Market Cap 11486 - Trading time: 00:04:35
08-09-2025 21:21:51.963 INFO Current price: 0.000000053504 - Current percentage: 47.61% - Max: 124.67% - Min: -4.47% - Market Cap 11660 - Trading time: 00:04:35
08-09-2025 21:21:52.763 INFO Current price: 0.000000054287 - Current percentage: 49.69% - Max: 124.67% - Min: -4.47% - Market Cap 11824 - Trading time: 00:04:36
08-09-2025 21:21:54.438 INFO Current price: 0.000000056581 - Current percentage: 60.34% - Max: 124.67% - Min: -4.47% - Market Cap 12666 - Trading time: 00:04:37
08-09-2025 21:21:54.816 INFO Current price: 0.000000058830 - Current percentage: 61.83% - Max: 124.67% - Min: -4.47% - Market Cap 12783 - Trading time: 00:04:38
08-09-2025 21:21:54.919 INFO Current price: 0.000000059541 - Current percentage: 64.24% - Max: 124.67% - Min: -4.47% - Market Cap 12974 - Trading time: 00:04:38
08-09-2025 21:21:54.919 INFO Current price: 0.000000060430 - Current percentage: 66.70% - Max: 124.67% - Min: -4.47% - Market Cap 13168 - Trading time: 00:04:38
08-09-2025 21:21:55.038 INFO Current price: 0.000000060897 - Current percentage: 66.79% - Max: 124.67% - Min: -4.47% - Market Cap 13175 - Trading time: 00:04:38
08-09-2025 21:21:55.185 INFO Current price: 0.000000060167 - Current percentage: 62.73% - Max: 124.67% - Min: -4.47% - Market Cap 12854 - Trading time: 00:04:38
08-09-2025 21:21:55.941 INFO Current price: 0.000000058356 - Current percentage: 56.89% - Max: 124.67% - Min: -4.47% - Market Cap 12393 - Trading time: 00:04:39
08-09-2025 21:21:56.069 INFO Current price: 0.000000056857 - Current percentage: 54.48% - Max: 124.67% - Min: -4.47% - Market Cap 12203 - Trading time: 00:04:39
08-09-2025 21:21:56.523 INFO Current price: 0.000000056741 - Current percentage: 56.26% - Max: 124.67% - Min: -4.47% - Market Cap 12343 - Trading time: 00:04:39
08-09-2025 21:21:59.853 INFO Current price: 0.000000057132 - Current percentage: 56.61% - Max: 124.67% - Min: -4.47% - Market Cap 12371 - Trading time: 00:04:43
08-09-2025 21:22:01.823 INFO Current price: 0.000000057718 - Current percentage: 59.48% - Max: 124.67% - Min: -4.47% - Market Cap 12598 - Trading time: 00:04:45
08-09-2025 21:22:02.654 INFO Current price: 0.000000058336 - Current percentage: 59.98% - Max: 124.67% - Min: -4.47% - Market Cap 12637 - Trading time: 00:04:45
08-09-2025 21:22:06.124 INFO Current price: 0.000000058560 - Current percentage: 60.71% - Max: 124.67% - Min: -4.47% - Market Cap 12695 - Trading time: 00:04:49
08-09-2025 21:22:06.771 INFO Current price: 0.000000060026 - Current percentage: 68.09% - Max: 124.67% - Min: -4.47% - Market Cap 13278 - Trading time: 00:04:50
08-09-2025 21:22:06.933 INFO Current price: 0.000000061458 - Current percentage: 68.47% - Max: 124.67% - Min: -4.47% - Market Cap 13308 - Trading time: 00:04:50
08-09-2025 21:22:08.632 INFO Current price: 0.000000061661 - Current percentage: 69.21% - Max: 124.67% - Min: -4.47% - Market Cap 13366 - Trading time: 00:04:51
08-09-2025 21:22:08.686 INFO Current price: 0.000000061824 - Current percentage: 69.36% - Max: 124.67% - Min: -4.47% - Market Cap 13378 - Trading time: 00:04:52
08-09-2025 21:22:11.331 INFO Current price: 0.000000064079 - Current percentage: 79.39% - Max: 124.67% - Min: -4.47% - Market Cap 14170 - Trading time: 00:04:54
08-09-2025 21:22:11.804 INFO Current price: 0.000000065265 - Current percentage: 78.02% - Max: 124.67% - Min: -4.47% - Market Cap 14063 - Trading time: 00:04:55
08-09-2025 21:22:12.379 INFO Current price: 0.000000065090 - Current percentage: 78.42% - Max: 124.67% - Min: -4.47% - Market Cap 14094 - Trading time: 00:04:55
08-09-2025 21:22:12.612 INFO Current price: 0.000000065123 - Current percentage: 78.21% - Max: 124.67% - Min: -4.47% - Market Cap 14077 - Trading time: 00:04:55
08-09-2025 21:22:14.867 INFO Current price: 0.000000065011 - Current percentage: 77.81% - Max: 124.67% - Min: -4.47% - Market Cap 14045 - Trading time: 00:04:58
08-09-2025 21:22:15.150 INFO Current price: 0.000000064441 - Current percentage: 75.10% - Max: 124.67% - Min: -4.47% - Market Cap 13831 - Trading time: 00:04:58
08-09-2025 21:22:15.153 INFO Current price: 0.000000063461 - Current percentage: 72.44% - Max: 124.67% - Min: -4.47% - Market Cap 13622 - Trading time: 00:04:58
08-09-2025 21:22:15.873 INFO Current price: 0.000000062820 - Current percentage: 71.58% - Max: 124.67% - Min: -4.47% - Market Cap 13553 - Trading time: 00:04:59
08-09-2025 21:22:16.056 INFO Current price: 0.000000062646 - Current percentage: 71.49% - Max: 124.67% - Min: -4.47% - Market Cap 13546 - Trading time: 00:04:59
08-09-2025 21:22:18.926 INFO Current price: 0.000000062044 - Current percentage: 68.29% - Max: 124.67% - Min: -4.47% - Market Cap 13294 - Trading time: 00:05:02
08-09-2025 21:22:24.117 INFO Current price: 0.000000060714 - Current percentage: 64.15% - Max: 124.67% - Min: -4.47% - Market Cap 12967 - Trading time: 00:05:07
08-09-2025 21:22:25.056 INFO Current price: 0.000000059921 - Current percentage: 63.99% - Max: 124.67% - Min: -4.47% - Market Cap 12954 - Trading time: 00:05:08
08-09-2025 21:22:25.423 INFO Current price: 0.000000059919 - Current percentage: 64.14% - Max: 124.67% - Min: -4.47% - Market Cap 12966 - Trading time: 00:05:08
08-09-2025 21:22:27.425 INFO Current price: 0.000000060083 - Current percentage: 64.89% - Max: 124.67% - Min: -4.47% - Market Cap 13025 - Trading time: 00:05:10
08-09-2025 21:22:28.250 INFO Current price: 0.000000060147 - Current percentage: 64.49% - Max: 124.67% - Min: -4.47% - Market Cap 12993 - Trading time: 00:05:11
08-09-2025 21:22:28.434 INFO Current price: 0.000000060608 - Current percentage: 67.43% - Max: 124.67% - Min: -4.47% - Market Cap 13225 - Trading time: 00:05:11
08-09-2025 21:22:30.598 INFO Current price: 0.000000060250 - Current percentage: 62.55% - Max: 124.67% - Min: -4.47% - Market Cap 12841 - Trading time: 00:05:13
08-09-2025 21:22:31.088 INFO Current price: 0.000000059281 - Current percentage: 62.09% - Max: 124.67% - Min: -4.47% - Market Cap 12803 - Trading time: 00:05:14
08-09-2025 21:22:31.227 INFO Current price: 0.000000059197 - Current percentage: 62.09% - Max: 124.67% - Min: -4.47% - Market Cap 12804 - Trading time: 00:05:14
08-09-2025 21:22:32.289 INFO Current price: 0.000000059164 - Current percentage: 61.91% - Max: 124.67% - Min: -4.47% - Market Cap 12789 - Trading time: 00:05:15
08-09-2025 21:22:37.397 INFO Current price: 0.000000058426 - Current percentage: 58.07% - Max: 124.67% - Min: -4.47% - Market Cap 12486 - Trading time: 00:05:20
08-09-2025 21:22:39.297 INFO Current price: 0.000000057743 - Current percentage: 58.14% - Max: 124.67% - Min: -4.47% - Market Cap 12492 - Trading time: 00:05:22
08-09-2025 21:22:39.301 INFO Current price: 0.000000056566 - Current percentage: 51.69% - Max: 124.67% - Min: -4.47% - Market Cap 11983 - Trading time: 00:05:22
08-09-2025 21:22:41.544 INFO Current price: 0.000000055379 - Current percentage: 51.58% - Max: 124.67% - Min: -4.47% - Market Cap 11973 - Trading time: 00:05:24
08-09-2025 21:22:47.255 INFO Current price: 0.000000054893 - Current percentage: 49.04% - Max: 124.67% - Min: -4.47% - Market Cap 11773 - Trading time: 00:05:30
08-09-2025 21:22:50.983 INFO Current price: 0.000000054247 - Current percentage: 48.03% - Max: 124.67% - Min: -4.47% - Market Cap 11693 - Trading time: 00:05:34
08-09-2025 21:22:53.234 INFO Current price: 0.000000054744 - Current percentage: 51.69% - Max: 124.67% - Min: -4.47% - Market Cap 11982 - Trading time: 00:05:36
08-09-2025 21:22:54.052 INFO Current price: 0.000000055425 - Current percentage: 51.83% - Max: 124.67% - Min: -4.47% - Market Cap 11994 - Trading time: 00:05:37
08-09-2025 21:22:54.396 INFO Current price: 0.000000056734 - Current percentage: 58.94% - Max: 124.67% - Min: -4.47% - Market Cap 12555 - Trading time: 00:05:37
08-09-2025 21:22:54.628 INFO Current price: 0.000000058179 - Current percentage: 59.66% - Max: 124.67% - Min: -4.47% - Market Cap 12612 - Trading time: 00:05:37
08-09-2025 21:22:54.770 INFO Current price: 0.000000058445 - Current percentage: 60.40% - Max: 124.67% - Min: -4.47% - Market Cap 12670 - Trading time: 00:05:38
08-09-2025 21:23:00.830 INFO Current price: 0.000000058310 - Current percentage: 58.92% - Max: 124.67% - Min: -4.47% - Market Cap 12554 - Trading time: 00:05:44
08-09-2025 21:23:05.660 INFO Current price: 0.000000057980 - Current percentage: 58.59% - Max: 124.67% - Min: -4.47% - Market Cap 12527 - Trading time: 00:05:49
08-09-2025 21:23:06.312 INFO Current price: 0.000000057537 - Current percentage: 56.51% - Max: 124.67% - Min: -4.47% - Market Cap 12363 - Trading time: 00:05:49
08-09-2025 21:23:07.053 INFO Current price: 0.000000057293 - Current percentage: 56.88% - Max: 124.67% - Min: -4.47% - Market Cap 12392 - Trading time: 00:05:50
08-09-2025 21:23:09.679 INFO Current price: 0.000000058187 - Current percentage: 59.68% - Max: 124.67% - Min: -4.47% - Market Cap 12614 - Trading time: 00:05:53
08-09-2025 21:23:11.599 INFO Current price: 0.000000058351 - Current percentage: 59.86% - Max: 124.67% - Min: -4.47% - Market Cap 12628 - Trading time: 00:05:54
08-09-2025 21:23:12.723 INFO Current price: 0.000000059701 - Current percentage: 67.16% - Max: 124.67% - Min: -4.47% - Market Cap 13204 - Trading time: 00:05:56
08-09-2025 21:23:14.746 INFO Current price: 0.000000061182 - Current percentage: 67.89% - Max: 124.67% - Min: -4.47% - Market Cap 13262 - Trading time: 00:05:58
08-09-2025 21:23:16.916 INFO Current price: 0.000000061999 - Current percentage: 71.65% - Max: 124.67% - Min: -4.47% - Market Cap 13559 - Trading time: 00:06:00
08-09-2025 21:23:17.123 INFO Current price: 0.000000063651 - Current percentage: 76.96% - Max: 124.67% - Min: -4.47% - Market Cap 13978 - Trading time: 00:06:00
08-09-2025 21:23:17.702 INFO Current price: 0.000000064836 - Current percentage: 78.10% - Max: 124.67% - Min: -4.47% - Market Cap 14068 - Trading time: 00:06:01
08-09-2025 21:23:20.806 INFO Current price: 0.000000065482 - Current percentage: 80.50% - Max: 124.67% - Min: -4.47% - Market Cap 14258 - Trading time: 00:06:04
08-09-2025 21:23:21.822 INFO Current price: 0.000000065417 - Current percentage: 77.75% - Max: 124.67% - Min: -4.47% - Market Cap 14040 - Trading time: 00:06:05
08-09-2025 21:23:23.539 INFO Current price: 0.000000067636 - Current percentage: 85.20% - Max: 124.67% - Min: -4.47% - Market Cap 14630 - Trading time: 00:06:06
08-09-2025 21:23:24.849 INFO Current price: 0.000000069087 - Current percentage: 93.22% - Max: 124.67% - Min: -4.47% - Market Cap 15263 - Trading time: 00:06:08
08-09-2025 21:23:33.594 INFO Current price: 0.000000070225 - Current percentage: 91.36% - Max: 124.67% - Min: -4.47% - Market Cap 15116 - Trading time: 00:06:16
08-09-2025 21:23:39.426 INFO Current price: 0.000000069849 - Current percentage: 91.16% - Max: 124.67% - Min: -4.47% - Market Cap 15100 - Trading time: 00:06:22
08-09-2025 21:23:45.492 INFO Current price: 0.000000069958 - Current percentage: 91.95% - Max: 124.67% - Min: -4.47% - Market Cap 15163 - Trading time: 00:06:28
08-09-2025 21:23:49.678 INFO Current price: 0.000000070157 - Current percentage: 92.24% - Max: 124.67% - Min: -4.47% - Market Cap 15186 - Trading time: 00:06:33
08-09-2025 21:23:52.010 INFO Current price: 0.000000070325 - Current percentage: 92.88% - Max: 124.67% - Min: -4.47% - Market Cap 15236 - Trading time: 00:06:35
08-09-2025 21:23:59.690 INFO Current price: 0.000000070514 - Current percentage: 93.28% - Max: 124.67% - Min: -4.47% - Market Cap 15267 - Trading time: 00:06:43
08-09-2025 21:24:02.501 INFO Current price: 0.000000070603 - Current percentage: 93.36% - Max: 124.67% - Min: -4.47% - Market Cap 15274 - Trading time: 00:06:45
08-09-2025 21:24:02.627 INFO Current price: 0.000000070692 - Current percentage: 93.77% - Max: 124.67% - Min: -4.47% - Market Cap 15306 - Trading time: 00:06:45
08-09-2025 21:24:07.267 INFO Current price: 0.000000070927 - Current percentage: 94.65% - Max: 124.67% - Min: -4.47% - Market Cap 15376 - Trading time: 00:06:50
08-09-2025 21:24:10.397 INFO Current price: 0.000000069962 - Current percentage: 88.53% - Max: 124.67% - Min: -4.47% - Market Cap 14892 - Trading time: 00:06:53
08-09-2025 21:24:20.639 INFO Current price: 0.000000068823 - Current percentage: 87.97% - Max: 124.67% - Min: -4.47% - Market Cap 14848 - Trading time: 00:07:03
08-09-2025 21:24:29.351 INFO Current price: 0.000000067981 - Current percentage: 85.76% - Max: 124.67% - Min: -4.47% - Market Cap 14674 - Trading time: 00:07:12
08-09-2025 21:24:34.999 INFO Current price: 0.000000067028 - Current percentage: 83.84% - Max: 124.67% - Min: -4.47% - Market Cap 14522 - Trading time: 00:07:18
08-09-2025 21:24:35.651 INFO Current price: 0.000000064717 - Current percentage: 70.81% - Max: 124.67% - Min: -4.47% - Market Cap 13493 - Trading time: 00:07:18
08-09-2025 21:24:35.900 INFO Current price: 0.000000062518 - Current percentage: 71.56% - Max: 124.67% - Min: -4.47% - Market Cap 13551 - Trading time: 00:07:19
08-09-2025 21:24:36.619 INFO Current price: 0.000000062508 - Current percentage: 70.75% - Max: 124.67% - Min: -4.47% - Market Cap 13488 - Trading time: 00:07:19
08-09-2025 21:24:39.181 INFO Current price: 0.000000062325 - Current percentage: 70.55% - Max: 124.67% - Min: -4.47% - Market Cap 13472 - Trading time: 00:07:22
08-09-2025 21:24:42.237 INFO Current price: 0.000000061831 - Current percentage: 68.06% - Max: 124.67% - Min: -4.47% - Market Cap 13275 - Trading time: 00:07:25
08-09-2025 21:24:42.238 INFO Current price: 0.000000060914 - Current percentage: 65.53% - Max: 124.67% - Min: -4.47% - Market Cap 13076 - Trading time: 00:07:25
08-09-2025 21:24:42.242 INFO Current price: 0.000000060037 - Current percentage: 63.26% - Max: 124.67% - Min: -4.47% - Market Cap 12896 - Trading time: 00:07:25
08-09-2025 21:24:47.178 INFO Current price: 0.000000059441 - Current percentage: 62.26% - Max: 124.67% - Min: -4.47% - Market Cap 12817 - Trading time: 00:07:30
08-09-2025 21:24:48.692 INFO Current price: 0.000000058041 - Current percentage: 55.66% - Max: 124.67% - Min: -4.47% - Market Cap 12296 - Trading time: 00:07:32
08-09-2025 21:25:02.840 INFO Current price: 0.000000056979 - Current percentage: 56.37% - Max: 124.67% - Min: -4.47% - Market Cap 12352 - Trading time: 00:07:46
08-09-2025 21:25:03.251 INFO Current price: 0.000000056850 - Current percentage: 54.96% - Max: 124.67% - Min: -4.47% - Market Cap 12240 - Trading time: 00:07:46
08-09-2025 21:25:05.884 INFO Current price: 0.000000056487 - Current percentage: 54.38% - Max: 124.67% - Min: -4.47% - Market Cap 12195 - Trading time: 00:07:49
08-09-2025 21:25:07.618 INFO Current price: 0.000000057675 - Current percentage: 61.55% - Max: 124.67% - Min: -4.47% - Market Cap 12761 - Trading time: 00:07:50
08-09-2025 21:25:09.069 INFO Current price: 0.000000059501 - Current percentage: 63.05% - Max: 124.67% - Min: -4.47% - Market Cap 12880 - Trading time: 00:07:52
08-09-2025 21:25:11.556 INFO Current price: 0.000000059681 - Current percentage: 63.78% - Max: 124.67% - Min: -4.47% - Market Cap 12937 - Trading time: 00:07:54
08-09-2025 21:25:12.592 INFO Current price: 0.000000059814 - Current percentage: 63.78% - Max: 124.67% - Min: -4.47% - Market Cap 12937 - Trading time: 00:07:55
08-09-2025 21:25:12.661 INFO Current price: 0.000000059814 - Current percentage: 63.78% - Max: 124.67% - Min: -4.47% - Market Cap 12937 - Trading time: 00:07:56
08-09-2025 21:25:19.726 INFO Current price: 0.000000060081 - Current percentage: 65.24% - Max: 124.67% - Min: -4.47% - Market Cap 13053 - Trading time: 00:08:03
08-09-2025 21:25:20.290 INFO Current price: 0.000000060349 - Current percentage: 65.24% - Max: 124.67% - Min: -4.47% - Market Cap 13053 - Trading time: 00:08:03
08-09-2025 21:25:20.293 INFO Current price: 0.000000060349 - Current percentage: 65.24% - Max: 124.67% - Min: -4.47% - Market Cap 13053 - Trading time: 00:08:03
08-09-2025 21:25:21.013 INFO Current price: 0.000000063070 - Current percentage: 72.73% - Max: 124.67% - Min: -4.47% - Market Cap 13644 - Trading time: 00:08:04
08-09-2025 21:25:22.534 INFO Current price: 0.000000063084 - Current percentage: 72.73% - Max: 124.67% - Min: -4.47% - Market Cap 13644 - Trading time: 00:08:05
08-09-2025 21:25:22.865 INFO Current price: 0.000000063084 - Current percentage: 72.73% - Max: 124.67% - Min: -4.47% - Market Cap 13645 - Trading time: 00:08:06
08-09-2025 21:25:23.688 INFO Current price: 0.000000063098 - Current percentage: 72.81% - Max: 124.67% - Min: -4.47% - Market Cap 13650 - Trading time: 00:08:07
08-09-2025 21:25:24.869 INFO Current price: 0.000000063112 - Current percentage: 72.81% - Max: 124.67% - Min: -4.47% - Market Cap 13651 - Trading time: 00:08:08
08-09-2025 21:25:24.995 INFO Current price: 0.000000063112 - Current percentage: 72.81% - Max: 124.67% - Min: -4.47% - Market Cap 13651 - Trading time: 00:08:08
08-09-2025 21:25:32.391 INFO Current price: 0.000000063455 - Current percentage: 74.69% - Max: 124.67% - Min: -4.47% - Market Cap 13799 - Trading time: 00:08:15
08-09-2025 21:25:34.234 INFO Current price: 0.000000063799 - Current percentage: 74.69% - Max: 124.67% - Min: -4.47% - Market Cap 13799 - Trading time: 00:08:17
08-09-2025 21:25:34.405 INFO Current price: 0.000000063799 - Current percentage: 74.69% - Max: 124.67% - Min: -4.47% - Market Cap 13799 - Trading time: 00:08:17
08-09-2025 21:25:35.268 INFO Current price: 0.000000064006 - Current percentage: 75.82% - Max: 124.67% - Min: -4.47% - Market Cap 13889 - Trading time: 00:08:18
08-09-2025 21:25:35.389 INFO Current price: 0.000000063057 - Current percentage: 69.55% - Max: 124.67% - Min: -4.47% - Market Cap 13393 - Trading time: 00:08:18
08-09-2025 21:25:36.196 INFO Current price: 0.000000061923 - Current percentage: 69.55% - Max: 124.67% - Min: -4.47% - Market Cap 13393 - Trading time: 00:08:19
08-09-2025 21:25:36.494 INFO Current price: 0.000000061923 - Current percentage: 69.55% - Max: 124.67% - Min: -4.47% - Market Cap 13393 - Trading time: 00:08:19
08-09-2025 21:25:36.983 INFO Current price: 0.000000061923 - Current percentage: 69.55% - Max: 124.67% - Min: -4.47% - Market Cap 13393 - Trading time: 00:08:20
08-09-2025 21:25:36.984 INFO Current price: 0.000000061923 - Current percentage: 69.56% - Max: 124.67% - Min: -4.47% - Market Cap 13393 - Trading time: 00:08:20
08-09-2025 21:25:38.448 INFO Current price: 0.000000061924 - Current percentage: 69.56% - Max: 124.67% - Min: -4.47% - Market Cap 13394 - Trading time: 00:08:21
08-09-2025 21:25:47.926 INFO Current price: 0.000000061493 - Current percentage: 67.20% - Max: 124.67% - Min: -4.47% - Market Cap 13208 - Trading time: 00:08:31
08-09-2025 21:25:49.125 INFO Current price: 0.000000061064 - Current percentage: 67.20% - Max: 124.67% - Min: -4.47% - Market Cap 13208 - Trading time: 00:08:32
08-09-2025 21:25:49.687 INFO Current price: 0.000000060590 - Current percentage: 65.65% - Max: 124.67% - Min: -4.47% - Market Cap 13085 - Trading time: 00:08:33
08-09-2025 21:25:49.779 INFO Current price: 0.000000060591 - Current percentage: 65.65% - Max: 124.67% - Min: -4.47% - Market Cap 13085 - Trading time: 00:08:33
08-09-2025 21:25:50.499 INFO Current price: 0.000000060591 - Current percentage: 65.65% - Max: 124.67% - Min: -4.47% - Market Cap 13085 - Trading time: 00:08:33
08-09-2025 21:25:51.951 INFO Current price: 0.000000060614 - Current percentage: 65.78% - Max: 124.67% - Min: -4.47% - Market Cap 13095 - Trading time: 00:08:35
08-09-2025 21:25:53.629 INFO Current price: 0.000000060638 - Current percentage: 65.78% - Max: 124.67% - Min: -4.47% - Market Cap 13095 - Trading time: 00:08:36
08-09-2025 21:25:53.760 INFO Current price: 0.000000060638 - Current percentage: 65.78% - Max: 124.67% - Min: -4.47% - Market Cap 13095 - Trading time: 00:08:37
08-09-2025 21:25:53.916 INFO Current price: 0.000000060638 - Current percentage: 65.78% - Max: 124.67% - Min: -4.47% - Market Cap 13096 - Trading time: 00:08:37
08-09-2025 21:25:56.165 INFO Current price: 0.000000060755 - Current percentage: 66.42% - Max: 124.67% - Min: -4.47% - Market Cap 13146 - Trading time: 00:08:39
08-09-2025 21:25:56.209 INFO Current price: 0.000000061469 - Current percentage: 69.70% - Max: 124.67% - Min: -4.47% - Market Cap 13405 - Trading time: 00:08:39
08-09-2025 21:25:56.323 INFO Current price: 0.000000062087 - Current percentage: 69.78% - Max: 124.67% - Min: -4.47% - Market Cap 13411 - Trading time: 00:08:39
08-09-2025 21:25:57.615 INFO Current price: 0.000000062584 - Current percentage: 71.10% - Max: 124.67% - Min: -4.47% - Market Cap 13516 - Trading time: 00:08:40
08-09-2025 21:25:57.767 INFO Current price: 0.000000062585 - Current percentage: 71.10% - Max: 124.67% - Min: -4.47% - Market Cap 13516 - Trading time: 00:08:41
08-09-2025 21:26:10.938 INFO Current price: 0.000000062597 - Current percentage: 71.17% - Max: 124.67% - Min: -4.47% - Market Cap 13521 - Trading time: 00:08:54
08-09-2025 21:26:12.261 INFO Current price: 0.000000062126 - Current percentage: 69.85% - Max: 124.67% - Min: -4.47% - Market Cap 13417 - Trading time: 00:08:55
08-09-2025 21:26:12.633 INFO Current price: 0.000000062127 - Current percentage: 69.85% - Max: 124.67% - Min: -4.47% - Market Cap 13417 - Trading time: 00:08:55
08-09-2025 21:26:12.881 INFO Current price: 0.000000061447 - Current percentage: 66.15% - Max: 124.67% - Min: -4.47% - Market Cap 13125 - Trading time: 00:08:56
08-09-2025 21:26:13.414 INFO Current price: 0.000000060774 - Current percentage: 66.15% - Max: 124.67% - Min: -4.47% - Market Cap 13125 - Trading time: 00:08:56
08-09-2025 21:26:13.695 INFO Current price: 0.000000060775 - Current percentage: 66.16% - Max: 124.67% - Min: -4.47% - Market Cap 13125 - Trading time: 00:08:57
08-09-2025 21:26:14.264 INFO Current price: 0.000000060775 - Current percentage: 66.16% - Max: 124.67% - Min: -4.47% - Market Cap 13125 - Trading time: 00:08:57
08-09-2025 21:26:14.571 INFO Current price: 0.000000060775 - Current percentage: 66.16% - Max: 124.67% - Min: -4.47% - Market Cap 13125 - Trading time: 00:08:57
08-09-2025 21:26:14.726 INFO Current price: 0.000000060776 - Current percentage: 66.16% - Max: 124.67% - Min: -4.47% - Market Cap 13125 - Trading time: 00:08:58
08-09-2025 21:26:14.895 INFO Current price: 0.000000060776 - Current percentage: 66.16% - Max: 124.67% - Min: -4.47% - Market Cap 13125 - Trading time: 00:08:58
08-09-2025 21:26:16.535 INFO Current price: 0.000000060762 - Current percentage: 66.08% - Max: 124.67% - Min: -4.47% - Market Cap 13119 - Trading time: 00:08:59
08-09-2025 21:26:17.419 INFO Current price: 0.000000059506 - Current percentage: 59.36% - Max: 124.67% - Min: -4.47% - Market Cap 12588 - Trading time: 00:09:00
08-09-2025 21:26:18.387 INFO Current price: 0.000000057026 - Current percentage: 52.53% - Max: 124.67% - Min: -4.47% - Market Cap 12049 - Trading time: 00:09:01
08-09-2025 21:26:18.437 INFO Current price: 0.000000054553 - Current percentage: 45.84% - Max: 124.67% - Min: -4.47% - Market Cap 11520 - Trading time: 00:09:01
08-09-2025 21:26:18.711 INFO Current price: 0.000000053226 - Current percentage: 45.20% - Max: 124.67% - Min: -4.47% - Market Cap 11469 - Trading time: 00:09:02
08-09-2025 21:26:19.970 INFO Current price: 0.000000052953 - Current percentage: 44.35% - Max: 124.67% - Min: -4.47% - Market Cap 11402 - Trading time: 00:09:03
08-09-2025 21:26:29.971 INFO Current price: 0.000000052787 - Current percentage: 44.29% - Max: 124.67% - Min: -4.47% - Market Cap 11398 - Trading time: 00:09:13
08-09-2025 21:26:32.305 INFO Current price: 0.000000051818 - Current percentage: 39.09% - Max: 124.67% - Min: -4.47% - Market Cap 10987 - Trading time: 00:09:15
08-09-2025 21:26:34.573 INFO Current price: 0.000000050839 - Current percentage: 38.89% - Max: 124.67% - Min: -4.47% - Market Cap 10971 - Trading time: 00:09:17
08-09-2025 21:26:37.978 INFO Current price: 0.000000050703 - Current percentage: 38.35% - Max: 124.67% - Min: -4.47% - Market Cap 10928 - Trading time: 00:09:21
08-09-2025 21:26:40.157 INFO Current price: 0.000000050615 - Current percentage: 38.41% - Max: 124.67% - Min: -4.47% - Market Cap 10934 - Trading time: 00:09:23
08-09-2025 21:26:42.315 INFO Current price: 0.000000050882 - Current percentage: 39.45% - Max: 124.67% - Min: -4.47% - Market Cap 11015 - Trading time: 00:09:25
08-09-2025 21:26:42.419 INFO Current price: 0.000000051348 - Current percentage: 41.33% - Max: 124.67% - Min: -4.47% - Market Cap 11164 - Trading time: 00:09:25
08-09-2025 21:26:43.367 INFO Current price: 0.000000053328 - Current percentage: 49.28% - Max: 124.67% - Min: -4.47% - Market Cap 11792 - Trading time: 00:09:26
08-09-2025 21:26:43.658 INFO Current price: 0.000000055014 - Current percentage: 51.54% - Max: 124.67% - Min: -4.47% - Market Cap 11971 - Trading time: 00:09:26
08-09-2025 21:26:43.661 INFO Current price: 0.000000055562 - Current percentage: 52.26% - Max: 124.67% - Min: -4.47% - Market Cap 12027 - Trading time: 00:09:27
08-09-2025 21:26:52.647 INFO Current price: 0.000000055757 - Current percentage: 52.61% - Max: 124.67% - Min: -4.47% - Market Cap 12055 - Trading time: 00:09:35
08-09-2025 21:26:57.214 INFO Current price: 0.000000054469 - Current percentage: 45.31% - Max: 124.67% - Min: -4.47% - Market Cap 11478 - Trading time: 00:09:40
08-09-2025 21:26:57.363 INFO Current price: 0.000000052758 - Current percentage: 43.18% - Max: 124.67% - Min: -4.47% - Market Cap 11310 - Trading time: 00:09:40
08-09-2025 21:26:58.265 INFO Current price: 0.000000050793 - Current percentage: 35.70% - Max: 124.67% - Min: -4.47% - Market Cap 10719 - Trading time: 00:09:41
08-09-2025 21:26:58.478 INFO Current price: 0.000000049526 - Current percentage: 35.10% - Max: 124.67% - Min: -4.47% - Market Cap 10672 - Trading time: 00:09:41
08-09-2025 21:26:59.327 INFO Current price: 0.000000047609 - Current percentage: 25.40% - Max: 124.67% - Min: -4.47% - Market Cap 9906 - Trading time: 00:09:42
08-09-2025 21:27:22.504 INFO Current price: 0.000000045744 - Current percentage: 24.72% - Max: 124.67% - Min: -4.47% - Market Cap 9852 - Trading time: 00:10:05
08-09-2025 21:27:22.639 INFO Current price: 0.000000045333 - Current percentage: 23.16% - Max: 124.67% - Min: -4.47% - Market Cap 9729 - Trading time: 00:10:05
08-09-2025 21:27:25.179 INFO Current price: 0.000000044800 - Current percentage: 21.80% - Max: 124.67% - Min: -4.47% - Market Cap 9621 - Trading time: 00:10:08
08-09-2025 21:27:30.326 INFO Current price: 0.000000044413 - Current percentage: 21.05% - Max: 124.67% - Min: -4.47% - Market Cap 9562 - Trading time: 00:10:13
08-09-2025 21:27:30.605 INFO Current price: 0.000000044850 - Current percentage: 24.21% - Max: 124.67% - Min: -4.47% - Market Cap 9812 - Trading time: 00:10:13
08-09-2025 21:27:30.673 INFO Current price: 0.000000045715 - Current percentage: 25.76% - Max: 124.67% - Min: -4.47% - Market Cap 9934 - Trading time: 00:10:14
08-09-2025 21:27:30.982 INFO Current price: 0.000000046111 - Current percentage: 26.37% - Max: 124.67% - Min: -4.47% - Market Cap 9982 - Trading time: 00:10:14
08-09-2025 21:27:42.933 INFO Current price: 0.000000046340 - Current percentage: 27.01% - Max: 124.67% - Min: -4.47% - Market Cap 10033 - Trading time: 00:10:26
08-09-2025 21:27:57.197 INFO Current price: 0.000000046548 - Current percentage: 27.51% - Max: 124.67% - Min: -4.47% - Market Cap 10072 - Trading time: 00:10:40
08-09-2025 21:28:12.411 INFO Current price: 0.000000046524 - Current percentage: 26.88% - Max: 124.67% - Min: -4.47% - Market Cap 10023 - Trading time: 00:10:55
08-09-2025 21:28:12.478 INFO Current price: 0.000000046123 - Current percentage: 25.32% - Max: 124.67% - Min: -4.47% - Market Cap 9899 - Trading time: 00:10:55
08-09-2025 21:28:26.244 INFO Current price: 0.000000045830 - Current percentage: 25.28% - Max: 124.67% - Min: -4.47% - Market Cap 9896 - Trading time: 00:11:09
08-09-2025 21:28:32.216 INFO Current price: 0.000000045231 - Current percentage: 22.07% - Max: 124.67% - Min: -4.47% - Market Cap 9642 - Trading time: 00:11:15
08-09-2025 21:28:35.884 INFO Current price: 0.000000044543 - Current percentage: 21.49% - Max: 124.67% - Min: -4.47% - Market Cap 9597 - Trading time: 00:11:19
08-09-2025 21:29:20.660 INFO Current price: 0.000000044380 - Current percentage: 21.17% - Max: 124.67% - Min: -4.47% - Market Cap 9572 - Trading time: 00:12:04
08-09-2025 21:29:47.748 INFO Current price: 0.000000043513 - Current percentage: 16.79% - Max: 124.67% - Min: -4.47% - Market Cap 9226 - Trading time: 00:12:31
08-09-2025 21:29:47.755 INFO Current price: 0.000000042431 - Current percentage: 15.22% - Max: 124.67% - Min: -4.47% - Market Cap 9102 - Trading time: 00:12:31
08-09-2025 21:30:15.981 INFO Current price: 0.000000044018 - Current percentage: 21.10% - Max: 124.67% - Min: -4.47% - Market Cap 9566 - Trading time: 00:12:59
08-09-2025 21:30:23.676 INFO Current price: 0.000000044409 - Current percentage: 21.73% - Max: 124.67% - Min: -4.47% - Market Cap 9615 - Trading time: 00:13:07
08-09-2025 21:30:24.051 INFO Current price: 0.000000044847 - Current percentage: 23.50% - Max: 124.67% - Min: -4.47% - Market Cap 9755 - Trading time: 00:13:07
08-09-2025 21:30:24.289 INFO Current price: 0.000000045451 - Current percentage: 25.03% - Max: 124.67% - Min: -4.47% - Market Cap 9876 - Trading time: 00:13:07
08-09-2025 21:30:26.886 INFO Current price: 0.000000045761 - Current percentage: 25.19% - Max: 124.67% - Min: -4.47% - Market Cap 9889 - Trading time: 00:13:10
08-09-2025 21:30:32.584 INFO Current price: 0.000000045907 - Current percentage: 25.83% - Max: 124.67% - Min: -4.47% - Market Cap 9939 - Trading time: 00:13:15
08-09-2025 21:30:38.551 INFO Current price: 0.000000046141 - Current percentage: 26.47% - Max: 124.67% - Min: -4.47% - Market Cap 9990 - Trading time: 00:13:21
08-09-2025 21:30:50.920 INFO Current price: 0.000000046720 - Current percentage: 28.05% - Max: 124.67% - Min: -4.47% - Market Cap 10115 - Trading time: 00:13:34
08-09-2025 21:31:01.445 INFO Current price: 0.000000046679 - Current percentage: 27.18% - Max: 124.67% - Min: -4.47% - Market Cap 10047 - Trading time: 00:13:44
08-09-2025 21:31:01.750 INFO Current price: 0.000000046638 - Current percentage: 27.51% - Max: 124.67% - Min: -4.47% - Market Cap 10072 - Trading time: 00:13:45
08-09-2025 21:31:04.766 INFO Current price: 0.000000047230 - Current percentage: 30.76% - Max: 124.67% - Min: -4.47% - Market Cap 10329 - Trading time: 00:13:48
08-09-2025 21:31:36.657 INFO Current price: 0.000000048429 - Current percentage: 33.39% - Max: 124.67% - Min: -4.47% - Market Cap 10537 - Trading time: 00:14:19
08-09-2025 21:31:37.688 INFO Current price: 0.000000048910 - Current percentage: 34.05% - Max: 124.67% - Min: -4.47% - Market Cap 10589 - Trading time: 00:14:21
08-09-2025 21:32:03.542 INFO Current price: 0.000000048409 - Current percentage: 30.67% - Max: 124.67% - Min: -4.47% - Market Cap 10322 - Trading time: 00:14:46
08-09-2025 21:32:03.627 INFO Current price: 0.000000047495 - Current percentage: 29.04% - Max: 124.67% - Min: -4.47% - Market Cap 10193 - Trading time: 00:14:46
08-09-2025 21:33:06.880 INFO Current price: 0.000000047351 - Current percentage: 29.88% - Max: 124.67% - Min: -4.47% - Market Cap 10259 - Trading time: 00:15:50
08-09-2025 21:33:24.737 INFO Current price: 0.000000049288 - Current percentage: 39.80% - Max: 124.67% - Min: -4.47% - Market Cap 11043 - Trading time: 00:16:08
08-09-2025 21:33:24.818 INFO Current price: 0.000000051480 - Current percentage: 41.69% - Max: 124.67% - Min: -4.47% - Market Cap 11193 - Trading time: 00:16:08
08-09-2025 21:33:29.359 INFO Current price: 0.000000051852 - Current percentage: 41.83% - Max: 124.67% - Min: -4.47% - Market Cap 11203 - Trading time: 00:16:12
08-09-2025 21:33:34.224 INFO Current price: 0.000000052274 - Current percentage: 44.01% - Max: 124.67% - Min: -4.47% - Market Cap 11376 - Trading time: 00:16:17
08-09-2025 21:33:35.066 INFO Current price: 0.000000052725 - Current percentage: 44.29% - Max: 124.67% - Min: -4.47% - Market Cap 11397 - Trading time: 00:16:18
08-09-2025 21:33:40.730 INFO Current price: 0.000000052849 - Current percentage: 44.69% - Max: 124.67% - Min: -4.47% - Market Cap 11429 - Trading time: 00:16:24
08-09-2025 21:33:41.615 INFO Current price: 0.000000052938 - Current percentage: 44.77% - Max: 124.67% - Min: -4.47% - Market Cap 11435 - Trading time: 00:16:24
08-09-2025 21:33:41.729 INFO Current price: 0.000000053144 - Current percentage: 45.82% - Max: 124.67% - Min: -4.47% - Market Cap 11519 - Trading time: 00:16:25
08-09-2025 21:33:41.798 INFO Current price: 0.000000053339 - Current percentage: 45.83% - Max: 124.67% - Min: -4.47% - Market Cap 11519 - Trading time: 00:16:25
08-09-2025 21:33:43.774 INFO Current price: 0.000000053397 - Current percentage: 46.14% - Max: 124.67% - Min: -4.47% - Market Cap 11544 - Trading time: 00:16:27
08-09-2025 21:33:53.339 INFO Current price: 0.000000054217 - Current percentage: 50.34% - Max: 124.67% - Min: -4.47% - Market Cap 11876 - Trading time: 00:16:36
08-09-2025 21:34:59.849 INFO Current price: 0.000000054993 - Current percentage: 50.35% - Max: 124.67% - Min: -4.47% - Market Cap 11877 - Trading time: 00:17:43
08-09-2025 21:34:59.936 INFO Current price: 0.000000054615 - Current percentage: 48.29% - Max: 124.67% - Min: -4.47% - Market Cap 11714 - Trading time: 00:17:43
08-09-2025 21:35:01.797 INFO Current price: 0.000000053821 - Current percentage: 46.01% - Max: 124.67% - Min: -4.47% - Market Cap 11534 - Trading time: 00:17:45
08-09-2025 21:35:02.229 INFO Current price: 0.000000053407 - Current percentage: 46.02% - Max: 124.67% - Min: -4.47% - Market Cap 11534 - Trading time: 00:17:45
08-09-2025 21:35:02.930 INFO Current price: 0.000000053410 - Current percentage: 46.02% - Max: 124.67% - Min: -4.47% - Market Cap 11535 - Trading time: 00:17:46
08-09-2025 21:35:03.857 INFO Current price: 0.000000053409 - Current percentage: 46.01% - Max: 124.67% - Min: -4.47% - Market Cap 11534 - Trading time: 00:17:47
08-09-2025 21:35:05.594 INFO Current price: 0.000000053408 - Current percentage: 46.02% - Max: 124.67% - Min: -4.47% - Market Cap 11534 - Trading time: 00:17:48
08-09-2025 21:35:05.887 INFO Current price: 0.000000053410 - Current percentage: 46.02% - Max: 124.67% - Min: -4.47% - Market Cap 11535 - Trading time: 00:17:49
08-09-2025 21:35:07.741 INFO Current price: 0.000000053413 - Current percentage: 46.03% - Max: 124.67% - Min: -4.47% - Market Cap 11535 - Trading time: 00:17:51
08-09-2025 21:35:08.392 INFO Current price: 0.000000053411 - Current percentage: 46.02% - Max: 124.67% - Min: -4.47% - Market Cap 11534 - Trading time: 00:17:51
08-09-2025 21:35:11.767 INFO Current price: 0.000000053406 - Current percentage: 46.00% - Max: 124.67% - Min: -4.47% - Market Cap 11533 - Trading time: 00:17:55
08-09-2025 21:35:11.771 INFO Current price: 0.000000053405 - Current percentage: 46.01% - Max: 124.67% - Min: -4.47% - Market Cap 11534 - Trading time: 00:17:55
08-09-2025 21:35:12.164 INFO Current price: 0.000000053408 - Current percentage: 46.02% - Max: 124.67% - Min: -4.47% - Market Cap 11534 - Trading time: 00:17:55
08-09-2025 21:35:13.189 INFO Current price: 0.000000053410 - Current percentage: 46.02% - Max: 124.67% - Min: -4.47% - Market Cap 11535 - Trading time: 00:17:56
08-09-2025 21:35:13.568 INFO Current price: 0.000000053413 - Current percentage: 46.03% - Max: 124.67% - Min: -4.47% - Market Cap 11535 - Trading time: 00:17:56
08-09-2025 21:35:14.809 INFO Current price: 0.000000053411 - Current percentage: 46.02% - Max: 124.67% - Min: -4.47% - Market Cap 11534 - Trading time: 00:17:58
08-09-2025 21:35:14.815 INFO Current price: 0.000000053406 - Current percentage: 46.00% - Max: 124.67% - Min: -4.47% - Market Cap 11533 - Trading time: 00:17:58
08-09-2025 21:35:16.762 INFO Current price: 0.000000053405 - Current percentage: 46.01% - Max: 124.67% - Min: -4.47% - Market Cap 11534 - Trading time: 00:18:00
08-09-2025 21:35:17.966 INFO Current price: 0.000000053408 - Current percentage: 46.02% - Max: 124.67% - Min: -4.47% - Market Cap 11534 - Trading time: 00:18:01
08-09-2025 21:35:18.027 INFO Current price: 0.000000053410 - Current percentage: 46.02% - Max: 124.67% - Min: -4.47% - Market Cap 11535 - Trading time: 00:18:01
08-09-2025 21:35:21.014 INFO Current price: 0.000000053410 - Current percentage: 46.02% - Max: 124.67% - Min: -4.47% - Market Cap 11534 - Trading time: 00:18:04
08-09-2025 21:35:21.016 INFO Current price: 0.000000053406 - Current percentage: 46.00% - Max: 124.67% - Min: -4.47% - Market Cap 11533 - Trading time: 00:18:04
08-09-2025 21:35:24.215 INFO Current price: 0.000000055964 - Current percentage: 53.04% - Max: 124.67% - Min: -4.47% - Market Cap 12089 - Trading time: 00:18:07
08-09-2025 21:36:10.998 INFO Current price: 0.000000054030 - Current percentage: 46.25% - Max: 124.67% - Min: -4.47% - Market Cap 11553 - Trading time: 00:18:54
08-09-2025 21:36:39.386 INFO Current price: 0.000000052808 - Current percentage: 41.94% - Max: 124.67% - Min: -4.47% - Market Cap 11212 - Trading time: 00:19:22
08-09-2025 21:37:14.405 INFO Current price: 0.000000052064 - Current percentage: 41.89% - Max: 124.67% - Min: -4.47% - Market Cap 11208 - Trading time: 00:19:57






08-09-2025 21:37:16.662 INFO {"type":"summary","reason":"max_window","startedAt":"2025-09-08T19:17:16.659Z","endedAt":"2025-09-08T19:37:16.662Z","durationSec":1200,"entryPrice":3.8597166609111654e-8,"entryMarketCapSol":36.521256337316636,"entryMarketCapUsd":7899.1825331982145,"minPct":-4.46946095825995,"maxPct":124.67041623498261,"buyCount":242,"sellCount":154,"tradeCount":396,"entryRecorded":true,"noPostThresholdTrades":false,"triggerAt":"2025-09-08T19:17:16.658Z","ageAtTriggerSec":35,"preTotalTrades":16,"preBuys":13,"preSells":3,"preUniqueTraders":13,"preEntryTotalTrades":16,"preEntryBuys":13,"preEntrySells":3,"preEntryUniqueTraders":13,"preEntryMinMcUsd":6659.257170973436,"preEntryMaxMcUsd":8822.701398700241,"thresholdMcSol":36.521256337316636,"thresholdMcUsd":7899.1825331982145,"thresholdPrice":3.8597166609111654e-8}
