07-09-2025 00:34:03.522 INFO Entry price: 0.000000039130722382 - Entry market cap: 7344 - Buys 16 - Sells 8 - Ratio: 1:0.50 - Min MarketCap: 6309 - Max MarketCap: 9346
07-09-2025 00:34:03.522 INFO Current price: 0.000000039131 - Current percentage: 0.00% - Max: 0.00% - Min: 0.00% - Market Cap 7344 - Trading time: 00:00:02
07-09-2025 00:34:04.107 INFO Current price: 0.000000035897 - Current percentage: -1.26% - Max: 0.00% - Min: -1.26% - Market Cap 7251 - Trading time: 00:00:02
07-09-2025 00:34:04.638 INFO Current price: 0.000000036231 - Current percentage: -0.68% - Max: 0.00% - Min: -1.26% - Market Cap 7294 - Trading time: 00:00:03
07-09-2025 00:34:07.381 INFO Current price: 0.000000036376 - Current percentage: -0.47% - Max: 0.00% - Min: -1.26% - Market Cap 7309 - Trading time: 00:00:05
07-09-2025 00:34:08.804 INFO Current price: 0.000000037258 - Current percentage: 4.19% - Max: 4.19% - Min: -1.26% - Market Cap 7651 - Trading time: 00:00:07
07-09-2025 00:34:08.896 INFO Current price: 0.000000038773 - Current percentage: 7.79% - Max: 7.79% - Min: -1.26% - Market Cap 7916 - Trading time: 00:00:07
07-09-2025 00:34:12.224 INFO Current price: 0.000000039603 - Current percentage: 8.70% - Max: 8.70% - Min: -1.26% - Market Cap 7983 - Trading time: 00:00:10
07-09-2025 00:34:13.748 INFO Current price: 0.000000039507 - Current percentage: 7.26% - Max: 8.70% - Min: -1.26% - Market Cap 7877 - Trading time: 00:00:12
07-09-2025 00:34:14.013 INFO Current price: 0.000000039126 - Current percentage: 6.61% - Max: 8.70% - Min: -1.26% - Market Cap 7829 - Trading time: 00:00:12
07-09-2025 00:34:29.251 INFO Current price: 0.000000038845 - Current percentage: 5.73% - Max: 8.70% - Min: -1.26% - Market Cap 7765 - Trading time: 00:00:27
07-09-2025 00:34:39.227 INFO Current price: 0.000000037803 - Current percentage: 0.97% - Max: 8.70% - Min: -1.26% - Market Cap 7415 - Trading time: 00:00:37
07-09-2025 00:34:39.228 INFO Current price: 0.000000036340 - Current percentage: -2.30% - Max: 8.70% - Min: -2.30% - Market Cap 7175 - Trading time: 00:00:37
07-09-2025 00:34:41.397 INFO Current price: 0.000000035974 - Current percentage: -1.05% - Max: 8.70% - Min: -2.30% - Market Cap 7266 - Trading time: 00:00:39
07-09-2025 00:34:41.691 INFO Current price: 0.000000036308 - Current percentage: -0.47% - Max: 8.70% - Min: -2.30% - Market Cap 7309 - Trading time: 00:00:40
07-09-2025 00:34:44.992 INFO Current price: 0.000000037465 - Current percentage: 5.35% - Max: 8.70% - Min: -2.30% - Market Cap 7737 - Trading time: 00:00:43
07-09-2025 00:34:45.777 INFO Current price: 0.000000038748 - Current percentage: 6.46% - Max: 8.70% - Min: -2.30% - Market Cap 7818 - Trading time: 00:00:44
07-09-2025 00:34:51.792 INFO Current price: 0.000000038834 - Current percentage: 5.82% - Max: 8.70% - Min: -2.30% - Market Cap 7771 - Trading time: 00:00:50
07-09-2025 00:34:52.645 INFO Current price: 0.000000039686 - Current percentage: 11.18% - Max: 11.18% - Min: -2.30% - Market Cap 8165 - Trading time: 00:00:51
07-09-2025 00:34:52.837 INFO Current price: 0.000000040848 - Current percentage: 12.11% - Max: 12.11% - Min: -2.30% - Market Cap 8233 - Trading time: 00:00:51
07-09-2025 00:34:59.795 INFO Current price: 0.000000042466 - Current percentage: 20.17% - Max: 20.17% - Min: -2.30% - Market Cap 8825 - Trading time: 00:00:58
07-09-2025 00:34:59.846 INFO Current price: 0.000000044635 - Current percentage: 23.85% - Max: 23.85% - Min: -2.30% - Market Cap 9095 - Trading time: 00:00:58
07-09-2025 00:35:00.081 INFO Current price: 0.000000045316 - Current percentage: 23.87% - Max: 23.87% - Min: -2.30% - Market Cap 9096 - Trading time: 00:00:58
07-09-2025 00:35:00.177 INFO Current price: 0.000000045123 - Current percentage: 22.79% - Max: 23.87% - Min: -2.30% - Market Cap 9018 - Trading time: 00:00:58
07-09-2025 00:35:01.945 INFO Current price: 0.000000044612 - Current percentage: 21.08% - Max: 23.87% - Min: -2.30% - Market Cap 8892 - Trading time: 00:01:00
07-09-2025 00:35:06.141 INFO Current price: 0.000000042884 - Current percentage: 13.47% - Max: 23.87% - Min: -2.30% - Market Cap 8333 - Trading time: 00:01:04
07-09-2025 00:35:06.292 INFO Current price: 0.000000041291 - Current percentage: 12.25% - Max: 23.87% - Min: -2.30% - Market Cap 8243 - Trading time: 00:01:04
07-09-2025 00:35:18.468 INFO Current price: 0.000000041179 - Current percentage: 12.85% - Max: 23.87% - Min: -2.30% - Market Cap 8288 - Trading time: 00:01:16
07-09-2025 00:35:42.141 INFO Current price: 0.000000042408 - Current percentage: 19.05% - Max: 23.87% - Min: -2.30% - Market Cap 8743 - Trading time: 00:01:40
07-09-2025 00:35:51.629 INFO Current price: 0.000000045051 - Current percentage: 27.35% - Max: 27.35% - Min: -2.30% - Market Cap 9353 - Trading time: 00:01:50
07-09-2025 00:35:51.920 INFO Current price: 0.000000046776 - Current percentage: 28.34% - Max: 28.34% - Min: -2.30% - Market Cap 9425 - Trading time: 00:01:50
07-09-2025 00:35:53.910 INFO Current price: 0.000000046899 - Current percentage: 28.03% - Max: 28.34% - Min: -2.30% - Market Cap 9402 - Trading time: 00:01:52
07-09-2025 00:35:58.487 INFO Current price: 0.000000045236 - Current percentage: 19.40% - Max: 28.34% - Min: -2.30% - Market Cap 8769 - Trading time: 00:01:56
07-09-2025 00:35:58.942 INFO Current price: 0.000000043682 - Current percentage: 19.38% - Max: 28.34% - Min: -2.30% - Market Cap 8767 - Trading time: 00:01:57
07-09-2025 00:36:41.012 INFO Current price: 0.000000043558 - Current percentage: 18.72% - Max: 28.34% - Min: -2.30% - Market Cap 8719 - Trading time: 00:02:39
07-09-2025 00:37:01.711 INFO Current price: 0.000000043277 - Current percentage: 17.85% - Max: 28.34% - Min: -2.30% - Market Cap 8654 - Trading time: 00:03:00
07-09-2025 00:37:08.021 INFO Current price: 0.000000044259 - Current percentage: 24.18% - Max: 28.34% - Min: -2.30% - Market Cap 9119 - Trading time: 00:03:06
07-09-2025 00:37:08.185 INFO Current price: 0.000000045714 - Current percentage: 25.72% - Max: 28.34% - Min: -2.30% - Market Cap 9233 - Trading time: 00:03:06
07-09-2025 00:37:08.228 INFO Current price: 0.000000046588 - Current percentage: 28.97% - Max: 28.97% - Min: -2.30% - Market Cap 9471 - Trading time: 00:03:06
07-09-2025 00:37:13.856 INFO Current price: 0.000000047146 - Current percentage: 28.75% - Max: 28.97% - Min: -2.30% - Market Cap 9455 - Trading time: 00:03:12
07-09-2025 00:37:27.479 INFO Current price: 0.000000046510 - Current percentage: 25.51% - Max: 28.97% - Min: -2.30% - Market Cap 9217 - Trading time: 00:03:25
07-09-2025 00:37:56.837 INFO Current price: 0.000000047690 - Current percentage: 35.37% - Max: 35.37% - Min: -2.30% - Market Cap 9941 - Trading time: 00:03:55
07-09-2025 00:37:57.927 INFO Current price: 0.000000049528 - Current percentage: 35.37% - Max: 35.37% - Min: -2.30% - Market Cap 9941 - Trading time: 00:03:56
07-09-2025 00:38:03.896 INFO Current price: 0.000000050446 - Current percentage: 40.44% - Max: 40.44% - Min: -2.30% - Market Cap 10313 - Trading time: 00:04:02
07-09-2025 00:38:14.921 INFO Current price: 0.000000051482 - Current percentage: 40.99% - Max: 40.99% - Min: -2.30% - Market Cap 10354 - Trading time: 00:04:13
07-09-2025 00:38:15.065 INFO Current price: 0.000000052838 - Current percentage: 47.93% - Max: 47.93% - Min: -2.30% - Market Cap 10864 - Trading time: 00:04:13
07-09-2025 00:38:23.772 INFO Current price: 0.000000054276 - Current percentage: 48.76% - Max: 48.76% - Min: -2.30% - Market Cap 10925 - Trading time: 00:04:22
07-09-2025 00:38:45.108 INFO Current price: 0.000000054557 - Current percentage: 49.47% - Max: 49.47% - Min: -2.30% - Market Cap 10977 - Trading time: 00:04:43
07-09-2025 00:38:54.859 INFO Current price: 0.000000055176 - Current percentage: 51.16% - Max: 51.16% - Min: -2.30% - Market Cap 11101 - Trading time: 00:04:53
07-09-2025 00:38:59.693 INFO Current price: 0.000000057376 - Current percentage: 62.69% - Max: 62.69% - Min: -2.30% - Market Cap 11948 - Trading time: 00:04:58
07-09-2025 00:39:09.603 INFO Current price: 0.000000059435 - Current percentage: 59.07% - Max: 62.69% - Min: -2.30% - Market Cap 11682 - Trading time: 00:05:08
07-09-2025 00:39:15.851 INFO Current price: 0.000000056916 - Current percentage: 51.66% - Max: 62.69% - Min: -2.30% - Market Cap 11138 - Trading time: 00:05:14
07-09-2025 00:39:59.666 INFO Current price: 0.000000055098 - Current percentage: 49.07% - Max: 62.69% - Min: -2.30% - Market Cap 10947 - Trading time: 00:05:58
07-09-2025 00:39:59.666 INFO Current price: 0.000000054258 - Current percentage: 47.08% - Max: 62.69% - Min: -2.30% - Market Cap 10801 - Trading time: 00:05:58
07-09-2025 00:40:17.405 INFO Current price: 0.000000054277 - Current percentage: 49.18% - Max: 62.69% - Min: -2.30% - Market Cap 10955 - Trading time: 00:06:15
07-09-2025 00:40:27.728 INFO Current price: 0.000000054899 - Current percentage: 50.11% - Max: 62.69% - Min: -2.30% - Market Cap 11024 - Trading time: 00:06:26
07-09-2025 00:40:55.927 INFO Current price: 0.000000056298 - Current percentage: 57.24% - Max: 62.69% - Min: -2.30% - Market Cap 11547 - Trading time: 00:06:54
07-09-2025 00:40:56.226 INFO Current price: 0.000000058032 - Current percentage: 59.51% - Max: 62.69% - Min: -2.30% - Market Cap 11714 - Trading time: 00:06:54
07-09-2025 00:41:23.508 INFO Current price: 0.000000059114 - Current percentage: 63.16% - Max: 63.16% - Min: -2.30% - Market Cap 11982 - Trading time: 00:07:21
07-09-2025 00:41:29.511 INFO Current price: 0.000000059920 - Current percentage: 63.89% - Max: 63.89% - Min: -2.30% - Market Cap 12035 - Trading time: 00:07:27
07-09-2025 00:41:37.266 INFO Current price: 0.000000062482 - Current percentage: 77.41% - Max: 77.41% - Min: -2.30% - Market Cap 13028 - Trading time: 00:07:35
07-09-2025 00:41:38.287 INFO Current price: 0.000000064316 - Current percentage: 73.65% - Max: 77.41% - Min: -2.30% - Market Cap 12752 - Trading time: 00:07:36
07-09-2025 00:41:46.576 INFO Current price: 0.000000063673 - Current percentage: 73.87% - Max: 77.41% - Min: -2.30% - Market Cap 12769 - Trading time: 00:07:45
07-09-2025 00:42:28.995 INFO Current price: 0.000000063753 - Current percentage: 74.09% - Max: 77.41% - Min: -2.30% - Market Cap 12785 - Trading time: 00:08:27
07-09-2025 00:42:34.356 INFO Current price: 0.000000066576 - Current percentage: 89.62% - Max: 89.62% - Min: -2.30% - Market Cap 13925 - Trading time: 00:08:32
07-09-2025 00:42:47.772 INFO Current price: 0.000000068851 - Current percentage: 86.18% - Max: 89.62% - Min: -2.30% - Market Cap 13673 - Trading time: 00:08:46
07-09-2025 00:42:52.991 INFO Current price: 0.000000068246 - Current percentage: 86.30% - Max: 89.62% - Min: -2.30% - Market Cap 13681 - Trading time: 00:08:51
07-09-2025 00:42:59.438 INFO Current price: 0.000000066356 - Current percentage: 76.02% - Max: 89.62% - Min: -2.30% - Market Cap 12926 - Trading time: 00:08:57
07-09-2025 00:43:13.357 INFO Current price: 0.000000064513 - Current percentage: 76.09% - Max: 89.62% - Min: -2.30% - Market Cap 12932 - Trading time: 00:09:11
07-09-2025 00:43:13.860 INFO Current price: 0.000000064032 - Current percentage: 73.40% - Max: 89.62% - Min: -2.30% - Market Cap 12734 - Trading time: 00:09:12
07-09-2025 00:43:47.597 INFO Current price: 0.000000065761 - Current percentage: 85.73% - Max: 89.62% - Min: -2.30% - Market Cap 13640 - Trading time: 00:09:46
07-09-2025 00:43:51.062 INFO Current price: 0.000000069598 - Current percentage: 94.23% - Max: 94.23% - Min: -2.30% - Market Cap 14264 - Trading time: 00:09:49
07-09-2025 00:43:56.309 INFO Current price: 0.000000071290 - Current percentage: 94.87% - Max: 94.87% - Min: -2.30% - Market Cap 14311 - Trading time: 00:09:54
07-09-2025 00:44:20.180 INFO Current price: 0.000000071235 - Current percentage: 93.93% - Max: 94.87% - Min: -2.30% - Market Cap 14242 - Trading time: 00:10:18
07-09-2025 00:44:21.947 INFO Current price: 0.000000071046 - Current percentage: 93.84% - Max: 94.87% - Min: -2.30% - Market Cap 14235 - Trading time: 00:10:20
07-09-2025 00:45:11.261 INFO Current price: 0.000000071763 - Current percentage: 97.86% - Max: 97.86% - Min: -2.30% - Market Cap 14531 - Trading time: 00:11:09
07-09-2025 00:45:30.176 INFO Current price: 0.000000072523 - Current percentage: 97.97% - Max: 97.97% - Min: -2.30% - Market Cap 14538 - Trading time: 00:11:28
07-09-2025 00:46:04.037 INFO Current price: 0.000000072838 - Current percentage: 98.78% - Max: 98.78% - Min: -2.30% - Market Cap 14598 - Trading time: 00:12:02
07-09-2025 00:46:09.784 INFO Current price: 0.000000074644 - Current percentage: 108.75% - Max: 108.75% - Min: -2.30% - Market Cap 15330 - Trading time: 00:12:08
07-09-2025 00:46:43.191 INFO Current price: 0.000000076509 - Current percentage: 108.83% - Max: 108.83% - Min: -2.30% - Market Cap 15336 - Trading time: 00:12:41
07-09-2025 00:46:57.164 INFO Current price: 0.000000074673 - Current percentage: 98.85% - Max: 108.83% - Min: -2.30% - Market Cap 14603 - Trading time: 00:12:55
07-09-2025 00:46:57.261 INFO Current price: 0.000000072288 - Current percentage: 95.70% - Max: 108.83% - Min: -2.30% - Market Cap 14372 - Trading time: 00:12:55
07-09-2025 00:47:04.984 INFO Current price: 0.000000071728 - Current percentage: 95.78% - Max: 108.83% - Min: -2.30% - Market Cap 14378 - Trading time: 00:13:03
07-09-2025 00:47:10.059 INFO Current price: 0.000000071772 - Current percentage: 95.95% - Max: 108.83% - Min: -2.30% - Market Cap 14390 - Trading time: 00:13:08
07-09-2025 00:47:21.482 INFO Current price: 0.000000069934 - Current percentage: 85.65% - Max: 108.83% - Min: -2.30% - Market Cap 13634 - Trading time: 00:13:19
07-09-2025 00:47:29.663 INFO Current price: 0.000000066787 - Current percentage: 78.93% - Max: 108.83% - Min: -2.30% - Market Cap 13140 - Trading time: 00:13:28
07-09-2025 00:47:31.952 INFO Current price: 0.000000065596 - Current percentage: 79.09% - Max: 108.83% - Min: -2.30% - Market Cap 13152 - Trading time: 00:13:30
07-09-2025 00:47:35.046 INFO Current price: 0.000000065973 - Current percentage: 81.00% - Max: 108.83% - Min: -2.30% - Market Cap 13292 - Trading time: 00:13:33
07-09-2025 00:47:50.045 INFO Current price: 0.000000066338 - Current percentage: 81.07% - Max: 108.83% - Min: -2.30% - Market Cap 13298 - Trading time: 00:13:48
07-09-2025 00:48:08.190 INFO Current price: 0.000000066224 - Current percentage: 80.38% - Max: 108.83% - Min: -2.30% - Market Cap 13246 - Trading time: 00:14:06
07-09-2025 00:48:15.264 INFO Current price: 0.000000066043 - Current percentage: 84.03% - Max: 108.83% - Min: -2.30% - Market Cap 13515 - Trading time: 00:14:13
07-09-2025 00:48:15.776 INFO Current price: 0.000000067952 - Current percentage: 86.86% - Max: 108.83% - Min: -2.30% - Market Cap 13723 - Trading time: 00:14:14
07-09-2025 00:48:24.347 INFO Current price: 0.000000070345 - Current percentage: 97.22% - Max: 108.83% - Min: -2.30% - Market Cap 14483 - Trading time: 00:14:22
07-09-2025 00:48:24.347 INFO Current price: 0.000000072425 - Current percentage: 98.07% - Max: 108.83% - Min: -2.30% - Market Cap 14546 - Trading time: 00:14:22
07-09-2025 00:48:44.102 INFO Current price: 0.000000074385 - Current percentage: 103.03% - Max: 108.83% - Min: -2.30% - Market Cap 14910 - Trading time: 00:14:42
07-09-2025 00:48:58.629 INFO Current price: 0.000000074424 - Current percentage: 103.17% - Max: 108.83% - Min: -2.30% - Market Cap 14920 - Trading time: 00:14:57
07-09-2025 00:49:05.328 INFO Current price: 0.000000074522 - Current percentage: 103.42% - Max: 108.83% - Min: -2.30% - Market Cap 14939 - Trading time: 00:15:03
07-09-2025 00:49:07.656 INFO Current price: 0.000000074470 - Current percentage: 102.73% - Max: 108.83% - Min: -2.30% - Market Cap 14888 - Trading time: 00:15:06
07-09-2025 00:49:14.286 INFO Current price: 0.000000078097 - Current percentage: 123.72% - Max: 123.72% - Min: -2.30% - Market Cap 16429 - Trading time: 00:15:12
07-09-2025 00:49:16.333 INFO Current price: 0.000000081979 - Current percentage: 123.39% - Max: 123.72% - Min: -2.30% - Market Cap 16405 - Trading time: 00:15:14
07-09-2025 00:49:23.291 INFO Current price: 0.000000081891 - Current percentage: 123.24% - Max: 123.72% - Min: -2.30% - Market Cap 16394 - Trading time: 00:15:21
07-09-2025 00:49:23.521 INFO Current price: 0.000000078733 - Current percentage: 106.49% - Max: 123.72% - Min: -2.30% - Market Cap 15164 - Trading time: 00:15:22
07-09-2025 00:49:23.580 INFO Current price: 0.000000075638 - Current percentage: 106.03% - Max: 123.72% - Min: -2.30% - Market Cap 15131 - Trading time: 00:15:22
07-09-2025 00:49:41.958 INFO Current price: 0.000000077825 - Current percentage: 118.60% - Max: 123.72% - Min: -2.30% - Market Cap 16053 - Trading time: 00:15:40
07-09-2025 00:49:42.084 INFO Current price: 0.000000080738 - Current percentage: 121.75% - Max: 123.72% - Min: -2.30% - Market Cap 16285 - Trading time: 00:15:40
07-09-2025 00:49:43.555 INFO Current price: 0.000000081784 - Current percentage: 124.30% - Max: 124.30% - Min: -2.30% - Market Cap 16472 - Trading time: 00:15:42
07-09-2025 00:50:02.875 INFO Current price: 0.000000082256 - Current percentage: 124.32% - Max: 124.32% - Min: -2.30% - Market Cap 16473 - Trading time: 00:16:01
07-09-2025 00:50:03.094 INFO Current price: 0.000000081669 - Current percentage: 121.11% - Max: 124.32% - Min: -2.30% - Market Cap 16238 - Trading time: 00:16:01
07-09-2025 00:50:51.357 INFO Current price: 0.000000080504 - Current percentage: 118.25% - Max: 124.32% - Min: -2.30% - Market Cap 16028 - Trading time: 00:16:49
07-09-2025 00:50:51.443 INFO Current price: 0.000000079377 - Current percentage: 114.68% - Max: 124.32% - Min: -2.30% - Market Cap 15766 - Trading time: 00:16:49
07-09-2025 00:50:55.735 INFO Current price: 0.000000079477 - Current percentage: 118.80% - Max: 124.32% - Min: -2.30% - Market Cap 16068 - Trading time: 00:16:54
07-09-2025 00:51:10.509 INFO Current price: 0.000000080391 - Current percentage: 119.65% - Max: 124.32% - Min: -2.30% - Market Cap 16130 - Trading time: 00:17:08
07-09-2025 00:51:14.120 INFO Current price: 0.000000080555 - Current percentage: 119.69% - Max: 124.32% - Min: -2.30% - Market Cap 16134 - Trading time: 00:17:12
07-09-2025 00:51:19.137 INFO Current price: 0.000000082126 - Current percentage: 128.30% - Max: 128.30% - Min: -2.30% - Market Cap 16766 - Trading time: 00:17:17
07-09-2025 00:51:29.433 INFO Current price: 0.000000084516 - Current percentage: 132.66% - Max: 132.66% - Min: -2.30% - Market Cap 17086 - Trading time: 00:17:27
07-09-2025 00:51:29.489 INFO Current price: 0.000000086019 - Current percentage: 136.49% - Max: 136.49% - Min: -2.30% - Market Cap 17367 - Trading time: 00:17:27
07-09-2025 00:51:41.359 INFO Current price: 0.000000087973 - Current percentage: 143.35% - Max: 143.35% - Min: -2.30% - Market Cap 17871 - Trading time: 00:17:39
07-09-2025 00:51:50.373 INFO Current price: 0.000000089732 - Current percentage: 146.05% - Max: 146.05% - Min: -2.30% - Market Cap 18069 - Trading time: 00:17:48
07-09-2025 00:51:51.522 INFO Current price: 0.000000090392 - Current percentage: 146.94% - Max: 146.94% - Min: -2.30% - Market Cap 18135 - Trading time: 00:17:50
07-09-2025 00:51:56.726 INFO Current price: 0.000000092047 - Current percentage: 155.14% - Max: 155.14% - Min: -2.30% - Market Cap 18737 - Trading time: 00:17:55
07-09-2025 00:52:19.407 INFO Current price: 0.000000095267 - Current percentage: 164.52% - Max: 164.52% - Min: -2.30% - Market Cap 19426 - Trading time: 00:18:17
07-09-2025 00:52:27.223 INFO Current price: 0.000000095267 - Current percentage: 155.14% - Max: 164.52% - Min: -2.30% - Market Cap 18737 - Trading time: 00:18:25
07-09-2025 00:52:36.022 INFO Current price: 0.000000093646 - Current percentage: 155.59% - Max: 164.52% - Min: -2.30% - Market Cap 18770 - Trading time: 00:18:34
07-09-2025 00:52:47.363 INFO Current price: 0.000000091332 - Current percentage: 142.79% - Max: 164.52% - Min: -2.30% - Market Cap 17830 - Trading time: 00:18:45
07-09-2025 00:53:00.313 INFO Current price: 0.000000088861 - Current percentage: 141.72% - Max: 164.52% - Min: -2.30% - Market Cap 17751 - Trading time: 00:18:58
07-09-2025 00:53:20.915 INFO Current price: 0.000000088836 - Current percentage: 142.69% - Max: 164.52% - Min: -2.30% - Market Cap 17823 - Trading time: 00:19:19
07-09-2025 00:53:23.162 INFO Current price: 0.000000089030 - Current percentage: 142.86% - Max: 164.52% - Min: -2.30% - Market Cap 17835 - Trading time: 00:19:21
07-09-2025 00:53:31.009 INFO Current price: 0.000000090725 - Current percentage: 152.02% - Max: 164.52% - Min: -2.30% - Market Cap 18508 - Trading time: 00:19:29
07-09-2025 00:53:31.263 INFO Current price: 0.000000093075 - Current percentage: 155.61% - Max: 164.52% - Min: -2.30% - Market Cap 18772 - Trading time: 00:19:29
07-09-2025 00:53:49.856 INFO Current price: 0.000000093712 - Current percentage: 155.48% - Max: 164.52% - Min: -2.30% - Market Cap 18762 - Trading time: 00:19:48
07-09-2025 00:53:50.727 INFO Current price: 0.000000093029 - Current percentage: 151.90% - Max: 164.52% - Min: -2.30% - Market Cap 18499 - Trading time: 00:19:49
07-09-2025 00:53:59.492 INFO Current price: 0.000000094067 - Current percentage: 161.22% - Max: 164.52% - Min: -2.30% - Market Cap 19183 - Trading time: 00:19:57
07-09-2025 00:53:59.492 INFO Current price: 0.000000096470 - Current percentage: 164.93% - Max: 164.93% - Min: -2.30% - Market Cap 19456 - Trading time: 00:19:57






07-09-2025 00:54:01.523 INFO {"type":"summary","reason":"max_window","startedAt":"2025-09-06T22:34:01.521Z","endedAt":"2025-09-06T22:54:01.523Z","durationSec":1200,"entryPrice":3.913072238216797e-8,"entryMarketCapSol":36.58712127500637,"entryMarketCapUsd":7343.766982319278,"minPct":-2.2955419258494087,"maxPct":164.93088690417034,"buyCount":85,"sellCount":47,"tradeCount":132,"entryRecorded":true,"noPostThresholdTrades":false,"triggerAt":"2025-09-06T22:34:01.521Z","ageAtTriggerSec":108,"preTotalTrades":23,"preBuys":16,"preSells":7,"preUniqueTraders":17,"preEntryTotalTrades":24,"preEntryBuys":16,"preEntrySells":8,"preEntryUniqueTraders":17,"preEntryMinMcUsd":6308.501560436875,"preEntryMaxMcUsd":9346.37517513532,"thresholdMcSol":36.58712127500637,"thresholdMcUsd":7343.766982319278,"thresholdPrice":3.913072238216797e-8}
