06-09-2025 20:58:16.869 INFO Entry price: 0.000000037010966902 - Entry market cap: 6676 - Buys 8 - Sells 3 - Ratio: 1:0.38 - Min MarketCap: 6639 - Max MarketCap: 8209
06-09-2025 20:58:16.869 INFO Current price: 0.000000037011 - Current percentage: 0.00% - Max: 0.00% - Min: 0.00% - Market Cap 6676 - Trading time: 00:00:02
06-09-2025 20:58:17.979 INFO Current price: 0.000000033152 - Current percentage: -0.79% - Max: 0.00% - Min: -0.79% - Market Cap 6623 - Trading time: 00:00:03
06-09-2025 20:58:19.553 INFO Current price: 0.000000032951 - Current percentage: -1.75% - Max: 0.00% - Min: -1.75% - Market Cap 6559 - Trading time: 00:00:04
06-09-2025 20:58:25.148 INFO Current price: 0.000000032989 - Current percentage: -0.57% - Max: 0.00% - Min: -1.75% - Market Cap 6638 - Trading time: 00:00:10
06-09-2025 20:58:34.268 INFO Current price: 0.000000033197 - Current percentage: -0.51% - Max: 0.00% - Min: -1.75% - Market Cap 6642 - Trading time: 00:00:19
06-09-2025 20:58:34.269 INFO Current price: 0.000000033217 - Current percentage: -0.45% - Max: 0.00% - Min: -1.75% - Market Cap 6646 - Trading time: 00:00:19
06-09-2025 20:58:34.554 INFO Current price: 0.000000033237 - Current percentage: -0.39% - Max: 0.00% - Min: -1.75% - Market Cap 6650 - Trading time: 00:00:19
06-09-2025 20:58:36.451 INFO Current price: 0.000000033257 - Current percentage: -0.33% - Max: 0.00% - Min: -1.75% - Market Cap 6654 - Trading time: 00:00:21
06-09-2025 20:58:36.611 INFO Current price: 0.000000033277 - Current percentage: -0.27% - Max: 0.00% - Min: -1.75% - Market Cap 6658 - Trading time: 00:00:21
06-09-2025 20:58:36.765 INFO Current price: 0.000000033297 - Current percentage: -0.21% - Max: 0.00% - Min: -1.75% - Market Cap 6662 - Trading time: 00:00:21
06-09-2025 20:58:38.135 INFO Current price: 0.000000033317 - Current percentage: -0.15% - Max: 0.00% - Min: -1.75% - Market Cap 6666 - Trading time: 00:00:23
06-09-2025 20:58:38.797 INFO Current price: 0.000000033336 - Current percentage: -0.09% - Max: 0.00% - Min: -1.75% - Market Cap 6670 - Trading time: 00:00:23
06-09-2025 20:58:40.012 INFO Current price: 0.000000033356 - Current percentage: -0.03% - Max: 0.00% - Min: -1.75% - Market Cap 6674 - Trading time: 00:00:25
06-09-2025 20:58:41.206 INFO Current price: 0.000000033376 - Current percentage: 0.03% - Max: 0.03% - Min: -1.75% - Market Cap 6678 - Trading time: 00:00:26
06-09-2025 20:58:42.858 INFO Current price: 0.000000033486 - Current percentage: 0.63% - Max: 0.63% - Min: -1.75% - Market Cap 6718 - Trading time: 00:00:27
06-09-2025 20:58:42.994 INFO Current price: 0.000000033485 - Current percentage: 0.03% - Max: 0.63% - Min: -1.75% - Market Cap 6678 - Trading time: 00:00:28
06-09-2025 20:58:59.424 INFO Current price: 0.000000032018 - Current percentage: -8.00% - Max: 0.63% - Min: -8.00% - Market Cap 6142 - Trading time: 00:00:44
06-09-2025 20:58:59.424 INFO Current price: 0.000000029638 - Current percentage: -14.29% - Max: 0.63% - Min: -14.29% - Market Cap 5722 - Trading time: 00:00:44
06-09-2025 20:59:09.552 INFO Current price: 0.000000028528 - Current percentage: -14.76% - Max: 0.63% - Min: -14.76% - Market Cap 5690 - Trading time: 00:00:54
06-09-2025 20:59:10.881 INFO Current price: 0.000000028436 - Current percentage: -14.84% - Max: 0.63% - Min: -14.84% - Market Cap 5685 - Trading time: 00:00:56
06-09-2025 20:59:51.101 INFO Current price: 0.000000028447 - Current percentage: -14.70% - Max: 0.63% - Min: -14.84% - Market Cap 5695 - Trading time: 00:01:36
06-09-2025 21:00:29.873 INFO Current price: 0.000000028447 - Current percentage: -14.84% - Max: 0.63% - Min: -14.84% - Market Cap 5685 - Trading time: 00:02:15
06-09-2025 21:02:59.394 INFO Current price: 0.000000028266 - Current percentage: -15.78% - Max: 0.63% - Min: -15.78% - Market Cap 5622 - Trading time: 00:04:44
06-09-2025 21:10:01.846 INFO Current price: 0.000000028034 - Current percentage: -16.23% - Max: 0.63% - Min: -16.23% - Market Cap 5592 - Trading time: 00:11:46






06-09-2025 21:18:14.869 INFO {"type":"summary","reason":"max_window","startedAt":"2025-09-06T18:58:14.868Z","endedAt":"2025-09-06T19:18:14.869Z","durationSec":1200,"entryPrice":3.701096690237354e-8,"entryMarketCapSol":33.376108524364135,"entryMarketCapUsd":6675.889227043314,"minPct":-16.230515678716614,"maxPct":0.6278731359795374,"buyCount":13,"sellCount":12,"tradeCount":25,"entryRecorded":true,"noPostThresholdTrades":false,"triggerAt":"2025-09-06T18:58:14.867Z","ageAtTriggerSec":13,"preTotalTrades":9,"preBuys":8,"preSells":1,"preUniqueTraders":8,"preEntryTotalTrades":11,"preEntryBuys":8,"preEntrySells":3,"preEntryUniqueTraders":9,"preEntryMinMcUsd":6639.05705189102,"preEntryMaxMcUsd":8209.157464501599,"thresholdMcSol":33.376108524364135,"thresholdMcUsd":6675.889227043314,"thresholdPrice":3.701096690237354e-8}
