08-09-2025 08:49:58.427 INFO Entry price: 0.000000052222537060 - Entry market cap: 10194 - Buys 18 - Sells 6 - Ratio: 1:0.33 - Min MarketCap: 8662 - Max MarketCap: 11515
08-09-2025 08:49:58.427 INFO Current price: 0.000000052223 - Current percentage: 0.00% - Max: 0.00% - Min: 0.00% - Market Cap 10194 - Trading time: 00:00:02
08-09-2025 08:50:00.375 INFO Current price: 0.000000048750 - Current percentage: -0.61% - Max: 0.00% - Min: -0.61% - Market Cap 10131 - Trading time: 00:00:03
08-09-2025 08:50:05.801 INFO Current price: 0.000000050970 - Current percentage: 8.27% - Max: 8.27% - Min: -0.61% - Market Cap 11037 - Trading time: 00:00:09
08-09-2025 08:50:08.958 INFO Current price: 0.000000055571 - Current percentage: 18.14% - Max: 18.14% - Min: -0.61% - Market Cap 12043 - Trading time: 00:00:12
08-09-2025 08:50:11.430 INFO Current price: 0.000000058180 - Current percentage: 18.67% - Max: 18.67% - Min: -0.61% - Market Cap 12097 - Trading time: 00:00:15
08-09-2025 08:50:12.304 INFO Current price: 0.000000059595 - Current percentage: 23.95% - Max: 23.95% - Min: -0.61% - Market Cap 12636 - Trading time: 00:00:15
08-09-2025 08:50:12.898 INFO Current price: 0.000000061122 - Current percentage: 24.83% - Max: 24.83% - Min: -0.61% - Market Cap 12725 - Trading time: 00:00:16
08-09-2025 08:50:15.637 INFO Current price: 0.000000062240 - Current percentage: 28.53% - Max: 28.53% - Min: -0.61% - Market Cap 13102 - Trading time: 00:00:19
08-09-2025 08:50:17.318 INFO Current price: 0.000000059724 - Current percentage: 14.95% - Max: 28.53% - Min: -0.61% - Market Cap 11717 - Trading time: 00:00:20
08-09-2025 08:50:19.234 INFO Current price: 0.000000056481 - Current percentage: 14.95% - Max: 28.53% - Min: -0.61% - Market Cap 11718 - Trading time: 00:00:22
08-09-2025 08:50:19.711 INFO Current price: 0.000000056562 - Current percentage: 15.28% - Max: 28.53% - Min: -0.61% - Market Cap 11751 - Trading time: 00:00:23
08-09-2025 08:50:19.711 INFO Current price: 0.000000056721 - Current percentage: 15.60% - Max: 28.53% - Min: -0.61% - Market Cap 11784 - Trading time: 00:00:23
08-09-2025 08:50:25.522 INFO Current price: 0.000000055880 - Current percentage: 11.88% - Max: 28.53% - Min: -0.61% - Market Cap 11405 - Trading time: 00:00:29
08-09-2025 08:50:25.937 INFO Current price: 0.000000055126 - Current percentage: 12.50% - Max: 28.53% - Min: -0.61% - Market Cap 11468 - Trading time: 00:00:29
08-09-2025 08:50:27.849 INFO Current price: 0.000000053973 - Current percentage: 7.25% - Max: 28.53% - Min: -0.61% - Market Cap 10933 - Trading time: 00:00:31
08-09-2025 08:50:28.917 INFO Current price: 0.000000052725 - Current percentage: 7.35% - Max: 28.53% - Min: -0.61% - Market Cap 10943 - Trading time: 00:00:32
08-09-2025 08:50:30.203 INFO Current price: 0.000000052577 - Current percentage: 6.65% - Max: 28.53% - Min: -0.61% - Market Cap 10872 - Trading time: 00:00:33
08-09-2025 08:50:37.603 INFO Current price: 0.000000053124 - Current percentage: 9.60% - Max: 28.53% - Min: -0.61% - Market Cap 11172 - Trading time: 00:00:41
08-09-2025 08:50:39.061 INFO Current price: 0.000000053854 - Current percentage: 9.61% - Max: 28.53% - Min: -0.61% - Market Cap 11173 - Trading time: 00:00:42
08-09-2025 08:50:39.942 INFO Current price: 0.000000054871 - Current percentage: 13.78% - Max: 28.53% - Min: -0.61% - Market Cap 11598 - Trading time: 00:00:43
08-09-2025 08:50:42.702 INFO Current price: 0.000000052308 - Current percentage: -0.40% - Max: 28.53% - Min: -0.61% - Market Cap 10153 - Trading time: 00:00:46
08-09-2025 08:50:43.837 INFO Current price: 0.000000048839 - Current percentage: -0.81% - Max: 28.53% - Min: -0.81% - Market Cap 10111 - Trading time: 00:00:47
08-09-2025 08:50:44.982 INFO Current price: 0.000000049788 - Current percentage: 3.51% - Max: 28.53% - Min: -0.81% - Market Cap 10552 - Trading time: 00:00:48
08-09-2025 08:50:50.453 INFO Current price: 0.000000052093 - Current percentage: 8.59% - Max: 28.53% - Min: -0.81% - Market Cap 11069 - Trading time: 00:00:54
08-09-2025 08:50:54.627 INFO Current price: 0.000000052543 - Current percentage: 5.31% - Max: 28.53% - Min: -0.81% - Market Cap 10735 - Trading time: 00:00:58
08-09-2025 08:50:56.520 INFO Current price: 0.000000050635 - Current percentage: 0.84% - Max: 28.53% - Min: -0.81% - Market Cap 10280 - Trading time: 00:01:00
08-09-2025 08:51:00.815 INFO Current price: 0.000000051220 - Current percentage: 7.75% - Max: 28.53% - Min: -0.81% - Market Cap 10984 - Trading time: 00:01:04
08-09-2025 08:51:04.639 INFO Current price: 0.000000054446 - Current percentage: 13.95% - Max: 28.53% - Min: -0.81% - Market Cap 11616 - Trading time: 00:01:08
08-09-2025 08:51:05.141 INFO Current price: 0.000000055883 - Current percentage: 13.52% - Max: 28.53% - Min: -0.81% - Market Cap 11571 - Trading time: 00:01:08
08-09-2025 08:51:05.168 INFO Current price: 0.000000055676 - Current percentage: 13.11% - Max: 28.53% - Min: -0.81% - Market Cap 11530 - Trading time: 00:01:08
08-09-2025 08:51:06.380 INFO Current price: 0.000000054059 - Current percentage: 7.02% - Max: 28.53% - Min: -0.81% - Market Cap 10909 - Trading time: 00:01:09
08-09-2025 08:51:10.057 INFO Current price: 0.000000053845 - Current percentage: 12.22% - Max: 28.53% - Min: -0.81% - Market Cap 11439 - Trading time: 00:01:13
08-09-2025 08:51:11.157 INFO Current price: 0.000000055038 - Current percentage: 11.81% - Max: 28.53% - Min: -0.81% - Market Cap 11397 - Trading time: 00:01:14
08-09-2025 08:51:12.755 INFO Current price: 0.000000054982 - Current percentage: 11.99% - Max: 28.53% - Min: -0.81% - Market Cap 11416 - Trading time: 00:01:16
08-09-2025 08:51:13.803 INFO Current price: 0.000000054856 - Current percentage: 11.29% - Max: 28.53% - Min: -0.81% - Market Cap 11345 - Trading time: 00:01:17
08-09-2025 08:51:14.345 INFO Current price: 0.000000052363 - Current percentage: 2.04% - Max: 28.53% - Min: -0.81% - Market Cap 10402 - Trading time: 00:01:17
08-09-2025 08:51:15.317 INFO Current price: 0.000000050080 - Current percentage: 1.80% - Max: 28.53% - Min: -0.81% - Market Cap 10377 - Trading time: 00:01:18
08-09-2025 08:51:15.522 INFO Current price: 0.000000049963 - Current percentage: 1.57% - Max: 28.53% - Min: -0.81% - Market Cap 10353 - Trading time: 00:01:19
08-09-2025 08:51:16.651 INFO Current price: 0.000000049775 - Current percentage: 1.04% - Max: 28.53% - Min: -0.81% - Market Cap 10299 - Trading time: 00:01:20
08-09-2025 08:51:16.870 INFO Current price: 0.000000050580 - Current percentage: 4.88% - Max: 28.53% - Min: -0.81% - Market Cap 10691 - Trading time: 00:01:20
08-09-2025 08:51:17.022 INFO Current price: 0.000000049454 - Current percentage: -3.41% - Max: 28.53% - Min: -3.41% - Market Cap 9846 - Trading time: 00:01:20
08-09-2025 08:51:17.147 INFO Current price: 0.000000047539 - Current percentage: -3.09% - Max: 28.53% - Min: -3.41% - Market Cap 9879 - Trading time: 00:01:20
08-09-2025 08:51:21.809 INFO Current price: 0.000000047678 - Current percentage: -2.85% - Max: 28.53% - Min: -3.41% - Market Cap 9904 - Trading time: 00:01:25
08-09-2025 08:51:22.091 INFO Current price: 0.000000048779 - Current percentage: 1.44% - Max: 28.53% - Min: -3.41% - Market Cap 10341 - Trading time: 00:01:25
08-09-2025 08:51:25.186 INFO Current price: 0.000000048871 - Current percentage: -2.48% - Max: 28.53% - Min: -3.41% - Market Cap 9941 - Trading time: 00:01:28
08-09-2025 08:51:25.300 INFO Current price: 0.000000047311 - Current percentage: -4.93% - Max: 28.53% - Min: -4.93% - Market Cap 9691 - Trading time: 00:01:28
08-09-2025 08:51:25.370 INFO Current price: 0.000000046636 - Current percentage: -5.24% - Max: 28.53% - Min: -5.24% - Market Cap 9659 - Trading time: 00:01:28
08-09-2025 08:51:29.494 INFO Current price: 0.000000046665 - Current percentage: -4.81% - Max: 28.53% - Min: -5.24% - Market Cap 9703 - Trading time: 00:01:33
08-09-2025 08:51:33.119 INFO Current price: 0.000000048173 - Current percentage: 0.98% - Max: 28.53% - Min: -5.24% - Market Cap 10294 - Trading time: 00:01:36
08-09-2025 08:51:41.041 INFO Current price: 0.000000048049 - Current percentage: -5.30% - Max: 28.53% - Min: -5.30% - Market Cap 9653 - Trading time: 00:01:44
08-09-2025 08:51:44.334 INFO Current price: 0.000000047547 - Current percentage: -1.12% - Max: 28.53% - Min: -5.30% - Market Cap 10079 - Trading time: 00:01:47
08-09-2025 08:51:44.538 INFO Current price: 0.000000048672 - Current percentage: -0.77% - Max: 28.53% - Min: -5.30% - Market Cap 10115 - Trading time: 00:01:48
08-09-2025 08:51:47.966 INFO Current price: 0.000000049315 - Current percentage: 1.51% - Max: 28.53% - Min: -5.30% - Market Cap 10348 - Trading time: 00:01:51
08-09-2025 08:51:53.645 INFO Current price: 0.000000050621 - Current percentage: 4.56% - Max: 28.53% - Min: -5.30% - Market Cap 10658 - Trading time: 00:01:57
08-09-2025 08:51:57.407 INFO Current price: 0.000000051309 - Current percentage: 4.29% - Max: 28.53% - Min: -5.30% - Market Cap 10631 - Trading time: 00:02:00
08-09-2025 08:52:00.815 INFO Current price: 0.000000051818 - Current percentage: 6.64% - Max: 28.53% - Min: -5.30% - Market Cap 10871 - Trading time: 00:02:04
08-09-2025 08:52:02.377 INFO Current price: 0.000000051002 - Current percentage: 1.03% - Max: 28.53% - Min: -5.30% - Market Cap 10298 - Trading time: 00:02:05
08-09-2025 08:52:02.775 INFO Current price: 0.000000049552 - Current percentage: 0.67% - Max: 28.53% - Min: -5.30% - Market Cap 10262 - Trading time: 00:02:06
08-09-2025 08:52:06.036 INFO Current price: 0.000000050517 - Current percentage: 5.00% - Max: 28.53% - Min: -5.30% - Market Cap 10703 - Trading time: 00:02:09
08-09-2025 08:52:06.077 INFO Current price: 0.000000051682 - Current percentage: 5.36% - Max: 28.53% - Min: -5.30% - Market Cap 10740 - Trading time: 00:02:09
08-09-2025 08:52:10.788 INFO Current price: 0.000000029608 - Current percentage: -39.82% - Max: 28.53% - Min: -39.82% - Market Cap 6134 - Trading time: 00:02:14
08-09-2025 08:52:11.138 INFO Current price: 0.000000029523 - Current percentage: -40.01% - Max: 28.53% - Min: -40.01% - Market Cap 6115 - Trading time: 00:02:14
08-09-2025 08:52:12.085 INFO Current price: 0.000000029355 - Current percentage: -40.50% - Max: 28.53% - Min: -40.50% - Market Cap 6065 - Trading time: 00:02:15
08-09-2025 08:52:12.215 INFO Current price: 0.000000029234 - Current percentage: -40.50% - Max: 28.53% - Min: -40.50% - Market Cap 6065 - Trading time: 00:02:15
08-09-2025 08:52:12.462 INFO Current price: 0.000000029229 - Current percentage: -40.52% - Max: 28.53% - Min: -40.52% - Market Cap 6063 - Trading time: 00:02:16
08-09-2025 08:52:14.474 INFO Current price: 0.000000029317 - Current percentage: -40.14% - Max: 28.53% - Min: -40.52% - Market Cap 6102 - Trading time: 00:02:18
08-09-2025 08:52:14.775 INFO Current price: 0.000000029394 - Current percentage: -40.21% - Max: 28.53% - Min: -40.52% - Market Cap 6095 - Trading time: 00:02:18
08-09-2025 08:52:15.505 INFO Current price: 0.000000029325 - Current percentage: -40.43% - Max: 28.53% - Min: -40.52% - Market Cap 6073 - Trading time: 00:02:19
08-09-2025 08:52:19.470 INFO Current price: 0.000000028769 - Current percentage: -42.46% - Max: 28.53% - Min: -42.46% - Market Cap 5866 - Trading time: 00:02:23
08-09-2025 08:52:25.761 INFO Current price: 0.000000028186 - Current percentage: -42.81% - Max: 28.53% - Min: -42.81% - Market Cap 5829 - Trading time: 00:02:29
08-09-2025 08:53:10.686 INFO Current price: 0.000000028098 - Current percentage: -42.82% - Max: 28.53% - Min: -42.82% - Market Cap 5829 - Trading time: 00:03:14
08-09-2025 08:53:38.358 INFO Current price: 0.000000028088 - Current percentage: -42.86% - Max: 28.53% - Min: -42.86% - Market Cap 5825 - Trading time: 00:03:41






08-09-2025 09:03:38.369 INFO {"type":"summary","reason":"inactivity","startedAt":"2025-09-08T06:49:56.426Z","endedAt":"2025-09-08T07:03:38.369Z","durationSec":821,"entryPrice":5.222253706024153e-8,"entryMarketCapSol":49.13583415238981,"entryMarketCapUsd":10193.720153254792,"minPct":-42.85671946582541,"maxPct":28.53153515305885,"buyCount":38,"sellCount":41,"tradeCount":79,"entryRecorded":true,"noPostThresholdTrades":false,"triggerAt":"2025-09-08T06:49:56.425Z","ageAtTriggerSec":14,"preTotalTrades":16,"preBuys":15,"preSells":1,"preUniqueTraders":15,"preEntryTotalTrades":24,"preEntryBuys":18,"preEntrySells":6,"preEntryUniqueTraders":18,"preEntryMinMcUsd":8662.13031193175,"preEntryMaxMcUsd":11514.68267289599,"thresholdMcSol":49.13583415238981,"thresholdMcUsd":10193.720153254792,"thresholdPrice":5.222253706024153e-8}
