08-09-2025 16:30:55.635 INFO Entry price: 0.000000054160478888 - Entry market cap: 10918 - Buys 17 - Sells 4 - Ratio: 1:0.24 - Min MarketCap: 7378 - Max MarketCap: 12374
08-09-2025 16:30:55.635 INFO Current price: 0.000000054160 - Current percentage: 0.00% - Max: 0.00% - Min: 0.00% - Market Cap 10918 - Trading time: 00:00:02
08-09-2025 16:30:55.911 INFO Current price: 0.000000048352 - Current percentage: -5.34% - Max: 0.00% - Min: -5.34% - Market Cap 10335 - Trading time: 00:00:02
08-09-2025 16:30:57.203 INFO Current price: 0.000000048540 - Current percentage: -4.79% - Max: 0.00% - Min: -5.34% - Market Cap 10395 - Trading time: 00:00:03
08-09-2025 16:30:57.208 INFO Current price: 0.000000048837 - Current percentage: -4.18% - Max: 0.00% - Min: -5.34% - Market Cap 10462 - Trading time: 00:00:03
08-09-2025 16:30:57.527 INFO Current price: 0.000000049596 - Current percentage: -1.81% - Max: 0.00% - Min: -5.34% - Market Cap 10720 - Trading time: 00:00:03
08-09-2025 16:30:57.530 INFO Current price: 0.000000050818 - Current percentage: 0.60% - Max: 0.60% - Min: -5.34% - Market Cap 10983 - Trading time: 00:00:03
08-09-2025 16:31:00.976 INFO Current price: 0.000000052974 - Current percentage: 6.70% - Max: 6.70% - Min: -5.34% - Market Cap 11649 - Trading time: 00:00:07
08-09-2025 16:31:00.978 INFO Current price: 0.000000056415 - Current percentage: 14.09% - Max: 14.09% - Min: -5.34% - Market Cap 12457 - Trading time: 00:00:07
08-09-2025 16:31:01.021 INFO Current price: 0.000000060048 - Current percentage: 20.88% - Max: 20.88% - Min: -5.34% - Market Cap 13198 - Trading time: 00:00:07
08-09-2025 16:31:02.558 INFO Current price: 0.000000062036 - Current percentage: 21.77% - Max: 21.77% - Min: -5.34% - Market Cap 13295 - Trading time: 00:00:08
08-09-2025 16:31:02.696 INFO Current price: 0.000000062483 - Current percentage: 22.63% - Max: 22.63% - Min: -5.34% - Market Cap 13389 - Trading time: 00:00:09
08-09-2025 16:31:02.698 INFO Current price: 0.000000062936 - Current percentage: 23.54% - Max: 23.54% - Min: -5.34% - Market Cap 13489 - Trading time: 00:00:09
08-09-2025 16:31:03.035 INFO Current price: 0.000000062694 - Current percentage: 22.92% - Max: 23.54% - Min: -5.34% - Market Cap 13420 - Trading time: 00:00:09
08-09-2025 16:31:03.037 INFO Current price: 0.000000062363 - Current percentage: 22.24% - Max: 23.54% - Min: -5.34% - Market Cap 13346 - Trading time: 00:00:09
08-09-2025 16:31:04.172 INFO Current price: 0.000000058110 - Current percentage: 6.73% - Max: 23.54% - Min: -5.34% - Market Cap 11652 - Trading time: 00:00:10
08-09-2025 16:31:07.068 INFO Current price: 0.000000054634 - Current percentage: 6.97% - Max: 23.54% - Min: -5.34% - Market Cap 11680 - Trading time: 00:00:13
08-09-2025 16:31:07.418 INFO Current price: 0.000000056787 - Current percentage: 15.30% - Max: 23.54% - Min: -5.34% - Market Cap 12589 - Trading time: 00:00:13
08-09-2025 16:31:07.423 INFO Current price: 0.000000060759 - Current percentage: 22.46% - Max: 23.54% - Min: -5.34% - Market Cap 13371 - Trading time: 00:00:13
08-09-2025 16:31:07.673 INFO Current price: 0.000000063883 - Current percentage: 27.46% - Max: 27.46% - Min: -5.34% - Market Cap 13917 - Trading time: 00:00:14
08-09-2025 16:31:07.674 INFO Current price: 0.000000066667 - Current percentage: 33.37% - Max: 33.37% - Min: -5.34% - Market Cap 14561 - Trading time: 00:00:14
08-09-2025 16:31:07.848 INFO Current price: 0.000000069697 - Current percentage: 39.31% - Max: 39.31% - Min: -5.34% - Market Cap 15210 - Trading time: 00:00:14
08-09-2025 16:31:07.852 INFO Current price: 0.000000072608 - Current percentage: 44.74% - Max: 44.74% - Min: -5.34% - Market Cap 15803 - Trading time: 00:00:14
08-09-2025 16:31:09.318 INFO Current price: 0.000000073381 - Current percentage: 43.74% - Max: 44.74% - Min: -5.34% - Market Cap 15693 - Trading time: 00:00:15
08-09-2025 16:31:09.320 INFO Current price: 0.000000072849 - Current percentage: 42.65% - Max: 44.74% - Min: -5.34% - Market Cap 15575 - Trading time: 00:00:15
08-09-2025 16:31:09.733 INFO Current price: 0.000000071596 - Current percentage: 38.83% - Max: 44.74% - Min: -5.34% - Market Cap 15158 - Trading time: 00:00:16
08-09-2025 16:31:09.734 INFO Current price: 0.000000069787 - Current percentage: 35.53% - Max: 44.74% - Min: -5.34% - Market Cap 14797 - Trading time: 00:00:16
08-09-2025 16:31:11.288 INFO Current price: 0.000000070647 - Current percentage: 40.85% - Max: 44.74% - Min: -5.34% - Market Cap 15379 - Trading time: 00:00:17
08-09-2025 16:31:11.291 INFO Current price: 0.000000073574 - Current percentage: 46.99% - Max: 46.99% - Min: -5.34% - Market Cap 16049 - Trading time: 00:00:17
08-09-2025 16:31:12.324 INFO Current price: 0.000000074681 - Current percentage: 46.59% - Max: 46.99% - Min: -5.34% - Market Cap 16005 - Trading time: 00:00:18
08-09-2025 16:31:12.781 INFO Current price: 0.000000074377 - Current percentage: 45.80% - Max: 46.99% - Min: -5.34% - Market Cap 15919 - Trading time: 00:00:19
08-09-2025 16:31:12.793 INFO Current price: 0.000000074010 - Current percentage: 45.15% - Max: 46.99% - Min: -5.34% - Market Cap 15847 - Trading time: 00:00:19
08-09-2025 16:31:14.001 INFO Current price: 0.000000072282 - Current percentage: 39.07% - Max: 46.99% - Min: -5.34% - Market Cap 15184 - Trading time: 00:00:20
08-09-2025 16:31:14.003 INFO Current price: 0.000000069195 - Current percentage: 33.01% - Max: 46.99% - Min: -5.34% - Market Cap 14523 - Trading time: 00:00:20
08-09-2025 16:31:17.786 INFO Current price: 0.000000063547 - Current percentage: 17.29% - Max: 46.99% - Min: -5.34% - Market Cap 12806 - Trading time: 00:00:24
08-09-2025 16:31:20.782 INFO Current price: 0.000000055599 - Current percentage: 1.82% - Max: 46.99% - Min: -5.34% - Market Cap 11117 - Trading time: 00:00:27
08-09-2025 16:31:21.814 INFO Current price: 0.000000049920 - Current percentage: -2.18% - Max: 46.99% - Min: -5.34% - Market Cap 10680 - Trading time: 00:00:28
08-09-2025 16:31:21.828 INFO Current price: 0.000000049577 - Current percentage: -2.92% - Max: 46.99% - Min: -5.34% - Market Cap 10599 - Trading time: 00:00:28
08-09-2025 16:31:21.952 INFO Current price: 0.000000049231 - Current percentage: -3.54% - Max: 46.99% - Min: -5.34% - Market Cap 10531 - Trading time: 00:00:28
08-09-2025 16:31:22.297 INFO Current price: 0.000000049024 - Current percentage: -3.73% - Max: 46.99% - Min: -5.34% - Market Cap 10510 - Trading time: 00:00:28
08-09-2025 16:31:23.837 INFO Current price: 0.000000048804 - Current percentage: -4.41% - Max: 46.99% - Min: -5.34% - Market Cap 10437 - Trading time: 00:00:30
08-09-2025 16:31:24.047 INFO Current price: 0.000000049999 - Current percentage: 0.02% - Max: 46.99% - Min: -5.34% - Market Cap 10921 - Trading time: 00:00:30
08-09-2025 16:31:24.048 INFO Current price: 0.000000052465 - Current percentage: 5.26% - Max: 46.99% - Min: -5.34% - Market Cap 11492 - Trading time: 00:00:30
08-09-2025 16:31:25.614 INFO Current price: 0.000000054164 - Current percentage: 6.61% - Max: 46.99% - Min: -5.34% - Market Cap 11639 - Trading time: 00:00:31
08-09-2025 16:31:25.614 INFO Current price: 0.000000054800 - Current percentage: 7.75% - Max: 46.99% - Min: -5.34% - Market Cap 11764 - Trading time: 00:00:31
08-09-2025 16:31:29.049 INFO Current price: 0.000000051445 - Current percentage: -5.10% - Max: 46.99% - Min: -5.34% - Market Cap 10361 - Trading time: 00:00:35
08-09-2025 16:31:29.124 INFO Current price: 0.000000045558 - Current percentage: -15.50% - Max: 46.99% - Min: -15.50% - Market Cap 9226 - Trading time: 00:00:35
08-09-2025 16:31:29.126 INFO Current price: 0.000000041166 - Current percentage: -22.52% - Max: 46.99% - Min: -22.52% - Market Cap 8460 - Trading time: 00:00:35
08-09-2025 16:31:31.285 INFO Current price: 0.000000037176 - Current percentage: -31.09% - Max: 46.99% - Min: -31.09% - Market Cap 7524 - Trading time: 00:00:37
08-09-2025 16:31:31.344 INFO Current price: 0.000000033467 - Current percentage: -37.20% - Max: 46.99% - Min: -37.20% - Market Cap 6856 - Trading time: 00:00:37
08-09-2025 16:31:31.345 INFO Current price: 0.000000031151 - Current percentage: -40.30% - Max: 46.99% - Min: -40.30% - Market Cap 6519 - Trading time: 00:00:37
08-09-2025 16:31:31.346 INFO Current price: 0.000000029163 - Current percentage: -44.97% - Max: 46.99% - Min: -44.97% - Market Cap 6009 - Trading time: 00:00:37
08-09-2025 16:32:06.153 INFO Current price: 0.000000027944 - Current percentage: -45.18% - Max: 46.99% - Min: -45.18% - Market Cap 5985 - Trading time: 00:01:12






08-09-2025 16:42:06.158 INFO {"type":"summary","reason":"inactivity","startedAt":"2025-09-08T14:30:53.634Z","endedAt":"2025-09-08T14:42:06.158Z","durationSec":672,"entryPrice":5.416047888787495e-8,"entryMarketCapSol":50.99973188465816,"entryMarketCapUsd":10918.02260186762,"minPct":-45.18077235156051,"maxPct":46.99483441917245,"buyCount":24,"sellCount":28,"tradeCount":52,"entryRecorded":true,"noPostThresholdTrades":false,"triggerAt":"2025-09-08T14:30:53.632Z","ageAtTriggerSec":11,"preTotalTrades":20,"preBuys":17,"preSells":3,"preUniqueTraders":15,"preEntryTotalTrades":21,"preEntryBuys":17,"preEntrySells":4,"preEntryUniqueTraders":15,"preEntryMinMcUsd":7378.024752844245,"preEntryMaxMcUsd":12373.767857408146,"thresholdMcSol":50.99973188465816,"thresholdMcUsd":10918.02260186762,"thresholdPrice":5.416047888787495e-8}
