06-09-2025 14:16:52.495 INFO Entry price: 0.000000043661279713 - Entry market cap: 6323 - Buys 63 - Sells 47 - Ratio: 1:0.75 - Min MarketCap: 6282 - Max MarketCap: 14159
06-09-2025 14:16:52.495 INFO Current price: 0.000000043661 - Current percentage: 0.00% - Max: 0.00% - Min: 0.00% - Market Cap 6323 - Trading time: 00:00:02
06-09-2025 14:16:53.433 INFO Current price: 0.000000030979 - Current percentage: -0.87% - Max: 0.00% - Min: -0.87% - Market Cap 6268 - Trading time: 00:00:02
06-09-2025 14:16:55.303 INFO Current price: 0.000000030936 - Current percentage: -0.87% - Max: 0.00% - Min: -0.87% - Market Cap 6268 - Trading time: 00:00:04
06-09-2025 14:16:55.306 INFO Current price: 0.000000030936 - Current percentage: -0.87% - Max: 0.00% - Min: -0.87% - Market Cap 6268 - Trading time: 00:00:04
06-09-2025 14:16:55.314 INFO Current price: 0.000000030933 - Current percentage: -0.87% - Max: 0.00% - Min: -0.87% - Market Cap 6268 - Trading time: 00:00:04
06-09-2025 14:16:55.314 INFO Current price: 0.000000030951 - Current percentage: -0.87% - Max: 0.00% - Min: -0.87% - Market Cap 6268 - Trading time: 00:00:04
06-09-2025 14:17:00.132 INFO Current price: 0.000000030925 - Current percentage: -0.94% - Max: 0.00% - Min: -0.94% - Market Cap 6263 - Trading time: 00:00:09
06-09-2025 14:17:01.517 INFO Current price: 0.000000030912 - Current percentage: -0.95% - Max: 0.00% - Min: -0.95% - Market Cap 6263 - Trading time: 00:00:11
06-09-2025 14:17:02.805 INFO Current price: 0.000000031394 - Current percentage: 2.17% - Max: 2.17% - Min: -0.95% - Market Cap 6460 - Trading time: 00:00:12
06-09-2025 14:17:08.602 INFO Current price: 0.000000031895 - Current percentage: 2.24% - Max: 2.24% - Min: -0.95% - Market Cap 6464 - Trading time: 00:00:18
06-09-2025 14:17:09.938 INFO Current price: 0.000000031916 - Current percentage: 2.31% - Max: 2.31% - Min: -0.95% - Market Cap 6469 - Trading time: 00:00:19
06-09-2025 14:17:09.963 INFO Current price: 0.000000032517 - Current percentage: 4.21% - Max: 4.21% - Min: -0.95% - Market Cap 6589 - Trading time: 00:00:19
06-09-2025 14:17:10.076 INFO Current price: 0.000000032969 - Current percentage: 7.10% - Max: 7.10% - Min: -0.95% - Market Cap 6772 - Trading time: 00:00:19
06-09-2025 14:17:10.152 INFO Current price: 0.000000034229 - Current percentage: 12.32% - Max: 12.32% - Min: -0.95% - Market Cap 7102 - Trading time: 00:00:19
06-09-2025 14:17:10.157 INFO Current price: 0.000000035548 - Current percentage: 15.52% - Max: 15.52% - Min: -0.95% - Market Cap 7304 - Trading time: 00:00:19
06-09-2025 14:17:10.212 INFO Current price: 0.000000036061 - Current percentage: 15.59% - Max: 15.59% - Min: -0.95% - Market Cap 7309 - Trading time: 00:00:19
06-09-2025 14:17:10.327 INFO Current price: 0.000000036073 - Current percentage: 15.59% - Max: 15.59% - Min: -0.95% - Market Cap 7309 - Trading time: 00:00:19
06-09-2025 14:17:15.146 INFO Current price: 0.000000036126 - Current percentage: 15.93% - Max: 15.93% - Min: -0.95% - Market Cap 7330 - Trading time: 00:00:24
06-09-2025 14:17:25.000 INFO Current price: 0.000000036183 - Current percentage: 15.96% - Max: 15.96% - Min: -0.95% - Market Cap 7332 - Trading time: 00:00:34
06-09-2025 14:17:25.334 INFO Current price: 0.000000036395 - Current percentage: 17.29% - Max: 17.29% - Min: -0.95% - Market Cap 7416 - Trading time: 00:00:34
06-09-2025 14:17:25.958 INFO Current price: 0.000000036614 - Current percentage: 17.29% - Max: 17.29% - Min: -0.95% - Market Cap 7416 - Trading time: 00:00:35
06-09-2025 14:17:26.746 INFO Current price: 0.000000036269 - Current percentage: 15.16% - Max: 17.29% - Min: -0.95% - Market Cap 7281 - Trading time: 00:00:36
06-09-2025 14:17:26.861 INFO Current price: 0.000000035802 - Current percentage: 14.29% - Max: 17.29% - Min: -0.95% - Market Cap 7227 - Trading time: 00:00:36
06-09-2025 14:17:26.991 INFO Current price: 0.000000035612 - Current percentage: 13.94% - Max: 17.29% - Min: -0.95% - Market Cap 7204 - Trading time: 00:00:36
06-09-2025 14:17:27.054 INFO Current price: 0.000000035491 - Current percentage: 13.52% - Max: 17.29% - Min: -0.95% - Market Cap 7177 - Trading time: 00:00:36
06-09-2025 14:17:30.495 INFO Current price: 0.000000035413 - Current percentage: 13.44% - Max: 17.29% - Min: -0.95% - Market Cap 7173 - Trading time: 00:00:40
06-09-2025 14:17:34.475 INFO Current price: 0.000000034914 - Current percentage: 10.33% - Max: 17.29% - Min: -0.95% - Market Cap 6976 - Trading time: 00:00:43
06-09-2025 14:17:35.073 INFO Current price: 0.000000034587 - Current percentage: 11.33% - Max: 17.29% - Min: -0.95% - Market Cap 7039 - Trading time: 00:00:44
06-09-2025 14:18:14.623 INFO Current price: 0.000000034261 - Current percentage: 8.29% - Max: 17.29% - Min: -0.95% - Market Cap 6847 - Trading time: 00:01:24
06-09-2025 14:18:15.687 INFO Current price: 0.000000033006 - Current percentage: 3.35% - Max: 17.29% - Min: -0.95% - Market Cap 6534 - Trading time: 00:01:25
06-09-2025 14:18:25.794 INFO Current price: 0.000000032071 - Current percentage: 2.24% - Max: 17.29% - Min: -0.95% - Market Cap 6465 - Trading time: 00:01:35
06-09-2025 14:18:37.656 INFO Current price: 0.000000031889 - Current percentage: 2.18% - Max: 17.29% - Min: -0.95% - Market Cap 6461 - Trading time: 00:01:47
06-09-2025 14:18:47.115 INFO Current price: 0.000000031837 - Current percentage: 1.91% - Max: 17.29% - Min: -0.95% - Market Cap 6444 - Trading time: 00:01:56
06-09-2025 14:18:55.065 INFO Current price: 0.000000031791 - Current percentage: 1.88% - Max: 17.29% - Min: -0.95% - Market Cap 6442 - Trading time: 00:02:04
06-09-2025 14:19:03.724 INFO Current price: 0.000000031771 - Current percentage: 1.78% - Max: 17.29% - Min: -0.95% - Market Cap 6435 - Trading time: 00:02:13
06-09-2025 14:19:09.000 INFO Current price: 0.000000031619 - Current percentage: 0.91% - Max: 17.29% - Min: -0.95% - Market Cap 6380 - Trading time: 00:02:18
06-09-2025 14:19:23.740 INFO Current price: 0.000000031480 - Current percentage: 0.89% - Max: 17.29% - Min: -0.95% - Market Cap 6379 - Trading time: 00:02:33
06-09-2025 14:19:37.568 INFO Current price: 0.000000031459 - Current percentage: 0.77% - Max: 17.29% - Min: -0.95% - Market Cap 6372 - Trading time: 00:02:47
06-09-2025 14:19:47.822 INFO Current price: 0.000000031540 - Current percentage: 1.41% - Max: 17.29% - Min: -0.95% - Market Cap 6412 - Trading time: 00:02:57
06-09-2025 14:19:59.196 INFO Current price: 0.000000030957 - Current percentage: -2.92% - Max: 17.29% - Min: -2.92% - Market Cap 6138 - Trading time: 00:03:08
06-09-2025 14:20:08.505 INFO Current price: 0.000000030242 - Current percentage: -3.22% - Max: 17.29% - Min: -3.22% - Market Cap 6119 - Trading time: 00:03:18
06-09-2025 14:20:09.154 INFO Current price: 0.000000030137 - Current percentage: -3.59% - Max: 17.29% - Min: -3.59% - Market Cap 6096 - Trading time: 00:03:18
06-09-2025 14:20:55.979 INFO Current price: 0.000000029386 - Current percentage: -7.99% - Max: 17.29% - Min: -7.99% - Market Cap 5818 - Trading time: 00:04:05
06-09-2025 14:21:14.228 INFO Current price: 0.000000028621 - Current percentage: -8.54% - Max: 17.29% - Min: -8.54% - Market Cap 5783 - Trading time: 00:04:23
06-09-2025 14:24:05.310 INFO Current price: 0.000000028498 - Current percentage: -8.78% - Max: 17.29% - Min: -8.78% - Market Cap 5768 - Trading time: 00:07:14
06-09-2025 14:32:52.006 INFO Current price: 0.000000028220 - Current percentage: -10.29% - Max: 17.29% - Min: -10.29% - Market Cap 5672 - Trading time: 00:16:01
06-09-2025 14:36:15.012 INFO Current price: 0.000000027976 - Current percentage: -10.32% - Max: 17.29% - Min: -10.32% - Market Cap 5670 - Trading time: 00:19:24






06-09-2025 14:36:50.494 INFO {"type":"summary","reason":"max_window","startedAt":"2025-09-06T12:16:50.494Z","endedAt":"2025-09-06T12:36:50.494Z","durationSec":1200,"entryPrice":4.366127971349672e-8,"entryMarketCapSol":31.20719453444672,"entryMarketCapUsd":6322.889684624251,"minPct":-10.321097898203597,"maxPct":17.290549022452723,"buyCount":19,"sellCount":35,"tradeCount":54,"entryRecorded":true,"noPostThresholdTrades":false,"triggerAt":"2025-09-06T12:16:50.494Z","ageAtTriggerSec":76,"preTotalTrades":102,"preBuys":60,"preSells":42,"preUniqueTraders":61,"preEntryTotalTrades":110,"preEntryBuys":63,"preEntrySells":47,"preEntryUniqueTraders":63,"preEntryMinMcUsd":6281.55060763731,"preEntryMaxMcUsd":14159.015409888803,"thresholdMcSol":31.20719453444672,"thresholdMcUsd":6322.889684624251,"thresholdPrice":4.366127971349672e-8}
