06-09-2025 10:53:49.821 INFO Entry price: 0.000000051434321208 - Entry market cap: 9610 - Buys 12 - Sells 9 - Ratio: 1:0.75 - Min MarketCap: 7832 - Max MarketCap: 11385
06-09-2025 10:53:49.821 INFO Current price: 0.000000051434 - Current percentage: 0.00% - Max: 0.00% - Min: 0.00% - Market Cap 9610 - Trading time: 00:00:02
06-09-2025 10:53:49.967 INFO Current price: 0.000000048121 - Current percentage: 4.39% - Max: 4.39% - Min: 0.00% - Market Cap 10033 - Trading time: 00:00:02
06-09-2025 10:53:51.305 INFO Current price: 0.000000051256 - Current percentage: 12.70% - Max: 12.70% - Min: 0.00% - Market Cap 10831 - Trading time: 00:00:03
06-09-2025 10:53:51.310 INFO Current price: 0.000000055029 - Current percentage: 20.33% - Max: 20.33% - Min: 0.00% - Market Cap 11564 - Trading time: 00:00:03
06-09-2025 10:53:51.421 INFO Current price: 0.000000060799 - Current percentage: 37.57% - Max: 37.57% - Min: 0.00% - Market Cap 13221 - Trading time: 00:00:03
06-09-2025 10:53:51.606 INFO Current price: 0.000000066430 - Current percentage: 43.65% - Max: 43.65% - Min: 0.00% - Market Cap 13805 - Trading time: 00:00:03
06-09-2025 10:53:51.884 INFO Current price: 0.000000068025 - Current percentage: 44.25% - Max: 44.25% - Min: 0.00% - Market Cap 13863 - Trading time: 00:00:04
06-09-2025 10:53:52.352 INFO Current price: 0.000000068196 - Current percentage: 44.37% - Max: 44.37% - Min: 0.00% - Market Cap 13875 - Trading time: 00:00:04
06-09-2025 10:53:52.580 INFO Current price: 0.000000068281 - Current percentage: 44.62% - Max: 44.62% - Min: 0.00% - Market Cap 13898 - Trading time: 00:00:04
06-09-2025 10:53:52.798 INFO Current price: 0.000000070334 - Current percentage: 53.19% - Max: 53.19% - Min: 0.00% - Market Cap 14722 - Trading time: 00:00:04
06-09-2025 10:53:52.805 INFO Current price: 0.000000072426 - Current percentage: 53.19% - Max: 53.19% - Min: 0.00% - Market Cap 14722 - Trading time: 00:00:04
06-09-2025 10:53:53.193 INFO Current price: 0.000000072535 - Current percentage: 53.81% - Max: 53.81% - Min: 0.00% - Market Cap 14781 - Trading time: 00:00:05
06-09-2025 10:53:53.657 INFO Current price: 0.000000073417 - Current percentage: 56.93% - Max: 56.93% - Min: 0.00% - Market Cap 15082 - Trading time: 00:00:05
06-09-2025 10:53:54.347 INFO Current price: 0.000000074161 - Current percentage: 56.94% - Max: 56.94% - Min: 0.00% - Market Cap 15082 - Trading time: 00:00:06
06-09-2025 10:53:55.994 INFO Current price: 0.000000074310 - Current percentage: 57.57% - Max: 57.57% - Min: 0.00% - Market Cap 15143 - Trading time: 00:00:08
06-09-2025 10:53:57.300 INFO Current price: 0.000000075946 - Current percentage: 63.93% - Max: 63.93% - Min: 0.00% - Market Cap 15754 - Trading time: 00:00:09
06-09-2025 10:53:57.460 INFO Current price: 0.000000075191 - Current percentage: 54.45% - Max: 63.93% - Min: 0.00% - Market Cap 14843 - Trading time: 00:00:09
06-09-2025 10:53:57.760 INFO Current price: 0.000000073059 - Current percentage: 54.76% - Max: 63.93% - Min: 0.00% - Market Cap 14873 - Trading time: 00:00:09
06-09-2025 10:53:59.246 INFO Current price: 0.000000073207 - Current percentage: 55.07% - Max: 63.93% - Min: 0.00% - Market Cap 14903 - Trading time: 00:00:11
06-09-2025 10:53:59.295 INFO Current price: 0.000000073354 - Current percentage: 55.39% - Max: 63.93% - Min: 0.00% - Market Cap 14933 - Trading time: 00:00:11
06-09-2025 10:54:01.066 INFO Current price: 0.000000074905 - Current percentage: 61.70% - Max: 63.93% - Min: 0.00% - Market Cap 15540 - Trading time: 00:00:13
06-09-2025 10:54:01.169 INFO Current price: 0.000000076410 - Current percentage: 61.69% - Max: 63.93% - Min: 0.00% - Market Cap 15539 - Trading time: 00:00:13
06-09-2025 10:54:01.912 INFO Current price: 0.000000076438 - Current percentage: 61.82% - Max: 63.93% - Min: 0.00% - Market Cap 15551 - Trading time: 00:00:14
06-09-2025 10:54:02.729 INFO Current price: 0.000000077975 - Current percentage: 68.26% - Max: 68.26% - Min: 0.00% - Market Cap 16170 - Trading time: 00:00:14
06-09-2025 10:54:02.797 INFO Current price: 0.000000079820 - Current percentage: 69.56% - Max: 69.56% - Min: 0.00% - Market Cap 16296 - Trading time: 00:00:14
06-09-2025 10:54:03.286 INFO Current price: 0.000000080159 - Current percentage: 69.70% - Max: 69.70% - Min: 0.00% - Market Cap 16308 - Trading time: 00:00:15
06-09-2025 10:54:03.709 INFO Current price: 0.000000081733 - Current percentage: 76.29% - Max: 76.29% - Min: 0.00% - Market Cap 16942 - Trading time: 00:00:15
06-09-2025 10:54:04.388 INFO Current price: 0.000000083322 - Current percentage: 76.36% - Max: 76.36% - Min: 0.00% - Market Cap 16948 - Trading time: 00:00:16
06-09-2025 10:54:05.730 INFO Current price: 0.000000083495 - Current percentage: 77.02% - Max: 77.02% - Min: 0.00% - Market Cap 17012 - Trading time: 00:00:17
06-09-2025 10:54:05.842 INFO Current price: 0.000000083654 - Current percentage: 77.03% - Max: 77.03% - Min: 0.00% - Market Cap 17013 - Trading time: 00:00:18
06-09-2025 10:54:05.976 INFO Current price: 0.000000082308 - Current percentage: 71.37% - Max: 77.03% - Min: 0.00% - Market Cap 16469 - Trading time: 00:00:18
06-09-2025 10:54:05.984 INFO Current price: 0.000000081136 - Current percentage: 72.03% - Max: 77.03% - Min: 0.00% - Market Cap 16532 - Trading time: 00:00:18
06-09-2025 10:54:06.096 INFO Current price: 0.000000081447 - Current percentage: 72.69% - Max: 77.03% - Min: 0.00% - Market Cap 16596 - Trading time: 00:00:18
06-09-2025 10:54:06.292 INFO Current price: 0.000000081758 - Current percentage: 73.35% - Max: 77.03% - Min: 0.00% - Market Cap 16659 - Trading time: 00:00:18
06-09-2025 10:54:06.461 INFO Current price: 0.000000082070 - Current percentage: 74.01% - Max: 77.03% - Min: 0.00% - Market Cap 16722 - Trading time: 00:00:18
06-09-2025 10:54:06.481 INFO Current price: 0.000000082195 - Current percentage: 73.87% - Max: 77.03% - Min: 0.00% - Market Cap 16709 - Trading time: 00:00:18
06-09-2025 10:54:06.984 INFO Current price: 0.000000082241 - Current percentage: 74.20% - Max: 77.03% - Min: 0.00% - Market Cap 16742 - Trading time: 00:00:19
06-09-2025 10:54:08.378 INFO Current price: 0.000000081790 - Current percentage: 71.97% - Max: 77.03% - Min: 0.00% - Market Cap 16527 - Trading time: 00:00:20
06-09-2025 10:54:08.381 INFO Current price: 0.000000080901 - Current percentage: 70.44% - Max: 77.03% - Min: 0.00% - Market Cap 16380 - Trading time: 00:00:20
06-09-2025 10:54:08.384 INFO Current price: 0.000000080153 - Current percentage: 68.80% - Max: 77.03% - Min: 0.00% - Market Cap 16222 - Trading time: 00:00:20
06-09-2025 10:54:08.462 INFO Current price: 0.000000079263 - Current percentage: 66.67% - Max: 77.03% - Min: 0.00% - Market Cap 16018 - Trading time: 00:00:20
06-09-2025 10:54:08.469 INFO Current price: 0.000000078320 - Current percentage: 64.81% - Max: 77.03% - Min: 0.00% - Market Cap 15839 - Trading time: 00:00:20
06-09-2025 10:54:08.647 INFO Current price: 0.000000076330 - Current percentage: 58.31% - Max: 77.03% - Min: 0.00% - Market Cap 15214 - Trading time: 00:00:20
06-09-2025 10:54:09.433 INFO Current price: 0.000000076336 - Current percentage: 64.83% - Max: 77.03% - Min: 0.00% - Market Cap 15841 - Trading time: 00:00:21
06-09-2025 10:54:09.552 INFO Current price: 0.000000077811 - Current percentage: 64.49% - Max: 77.03% - Min: 0.00% - Market Cap 15808 - Trading time: 00:00:21
06-09-2025 10:54:09.730 INFO Current price: 0.000000079342 - Current percentage: 71.38% - Max: 77.03% - Min: 0.00% - Market Cap 16470 - Trading time: 00:00:21
06-09-2025 10:54:09.741 INFO Current price: 0.000000082444 - Current percentage: 77.60% - Max: 77.60% - Min: 0.00% - Market Cap 17068 - Trading time: 00:00:21
06-09-2025 10:54:10.139 INFO Current price: 0.000000084516 - Current percentage: 80.11% - Max: 80.11% - Min: 0.00% - Market Cap 17309 - Trading time: 00:00:22
06-09-2025 10:54:10.855 INFO Current price: 0.000000085189 - Current percentage: 80.44% - Max: 80.44% - Min: 0.00% - Market Cap 17341 - Trading time: 00:00:23
06-09-2025 10:54:11.075 INFO Current price: 0.000000085292 - Current percentage: 80.54% - Max: 80.54% - Min: 0.00% - Market Cap 17350 - Trading time: 00:00:23
06-09-2025 10:54:11.169 INFO Current price: 0.000000084925 - Current percentage: 78.90% - Max: 80.54% - Min: 0.00% - Market Cap 17192 - Trading time: 00:00:23
06-09-2025 10:54:11.293 INFO Current price: 0.000000086191 - Current percentage: 85.96% - Max: 85.96% - Min: 0.00% - Market Cap 17871 - Trading time: 00:00:23
06-09-2025 10:54:11.296 INFO Current price: 0.000000089422 - Current percentage: 92.56% - Max: 92.56% - Min: 0.00% - Market Cap 18506 - Trading time: 00:00:23
06-09-2025 10:54:11.874 INFO Current price: 0.000000093461 - Current percentage: 103.14% - Max: 103.14% - Min: 0.00% - Market Cap 19522 - Trading time: 00:00:24
06-09-2025 10:54:11.974 INFO Current price: 0.000000100215 - Current percentage: 121.40% - Max: 121.40% - Min: 0.00% - Market Cap 21277 - Trading time: 00:00:24
06-09-2025 10:54:12.114 INFO Current price: 0.000000104619 - Current percentage: 121.39% - Max: 121.40% - Min: 0.00% - Market Cap 21276 - Trading time: 00:00:24
06-09-2025 10:54:12.345 INFO Current price: 0.000000104661 - Current percentage: 121.57% - Max: 121.57% - Min: 0.00% - Market Cap 21294 - Trading time: 00:00:24
06-09-2025 10:54:12.347 INFO Current price: 0.000000104846 - Current percentage: 122.17% - Max: 122.17% - Min: 0.00% - Market Cap 21351 - Trading time: 00:00:24
06-09-2025 10:54:12.447 INFO Current price: 0.000000102767 - Current percentage: 112.87% - Max: 122.17% - Min: 0.00% - Market Cap 20458 - Trading time: 00:00:24
06-09-2025 10:54:12.450 INFO Current price: 0.000000100611 - Current percentage: 112.95% - Max: 122.17% - Min: 0.00% - Market Cap 20465 - Trading time: 00:00:24
06-09-2025 10:54:12.454 INFO Current price: 0.000000100698 - Current percentage: 113.24% - Max: 122.17% - Min: 0.00% - Market Cap 20493 - Trading time: 00:00:24
06-09-2025 10:54:12.463 INFO Current price: 0.000000100737 - Current percentage: 113.24% - Max: 122.17% - Min: 0.00% - Market Cap 20493 - Trading time: 00:00:24
06-09-2025 10:54:12.680 INFO Current price: 0.000000101113 - Current percentage: 114.71% - Max: 122.17% - Min: 0.00% - Market Cap 20634 - Trading time: 00:00:24
06-09-2025 10:54:13.137 INFO Current price: 0.000000101547 - Current percentage: 115.07% - Max: 122.17% - Min: 0.00% - Market Cap 20669 - Trading time: 00:00:25
06-09-2025 10:54:13.490 INFO Current price: 0.000000101750 - Current percentage: 115.57% - Max: 122.17% - Min: 0.00% - Market Cap 20717 - Trading time: 00:00:25
06-09-2025 10:54:14.121 INFO Current price: 0.000000099644 - Current percentage: 106.26% - Max: 122.17% - Min: 0.00% - Market Cap 19822 - Trading time: 00:00:26
06-09-2025 10:54:14.238 INFO Current price: 0.000000098661 - Current percentage: 111.33% - Max: 122.17% - Min: 0.00% - Market Cap 20310 - Trading time: 00:00:26
06-09-2025 10:54:14.367 INFO Current price: 0.000000100727 - Current percentage: 114.99% - Max: 122.17% - Min: 0.00% - Market Cap 20662 - Trading time: 00:00:26
06-09-2025 10:54:14.532 INFO Current price: 0.000000101943 - Current percentage: 116.47% - Max: 122.17% - Min: 0.00% - Market Cap 20803 - Trading time: 00:00:26
06-09-2025 10:54:14.597 INFO Current price: 0.000000101875 - Current percentage: 114.71% - Max: 122.17% - Min: 0.00% - Market Cap 20634 - Trading time: 00:00:26
06-09-2025 10:54:14.610 INFO Current price: 0.000000101081 - Current percentage: 113.11% - Max: 122.17% - Min: 0.00% - Market Cap 20480 - Trading time: 00:00:26
06-09-2025 10:54:14.612 INFO Current price: 0.000000100165 - Current percentage: 110.83% - Max: 122.17% - Min: 0.00% - Market Cap 20262 - Trading time: 00:00:26
06-09-2025 10:54:14.632 INFO Current price: 0.000000099158 - Current percentage: 108.84% - Max: 122.17% - Min: 0.00% - Market Cap 20070 - Trading time: 00:00:26
06-09-2025 10:54:14.637 INFO Current price: 0.000000098167 - Current percentage: 106.64% - Max: 122.17% - Min: 0.00% - Market Cap 19859 - Trading time: 00:00:26
06-09-2025 10:54:14.711 INFO Current price: 0.000000098159 - Current percentage: 108.81% - Max: 122.17% - Min: 0.00% - Market Cap 20067 - Trading time: 00:00:26
06-09-2025 10:54:15.022 INFO Current price: 0.000000098758 - Current percentage: 109.17% - Max: 122.17% - Min: 0.00% - Market Cap 20102 - Trading time: 00:00:27
06-09-2025 10:54:15.273 INFO Current price: 0.000000099015 - Current percentage: 109.90% - Max: 122.17% - Min: 0.00% - Market Cap 20172 - Trading time: 00:00:27
06-09-2025 10:54:15.914 INFO Current price: 0.000000099616 - Current percentage: 111.72% - Max: 122.17% - Min: 0.00% - Market Cap 20347 - Trading time: 00:00:28
06-09-2025 10:54:16.048 INFO Current price: 0.000000099443 - Current percentage: 109.17% - Max: 122.17% - Min: 0.00% - Market Cap 20102 - Trading time: 00:00:28
06-09-2025 10:54:16.050 INFO Current price: 0.000000098298 - Current percentage: 106.87% - Max: 122.17% - Min: 0.00% - Market Cap 19881 - Trading time: 00:00:28
06-09-2025 10:54:16.052 INFO Current price: 0.000000096985 - Current percentage: 103.62% - Max: 122.17% - Min: 0.00% - Market Cap 19568 - Trading time: 00:00:28
06-09-2025 10:54:16.132 INFO Current price: 0.000000095550 - Current percentage: 100.79% - Max: 122.17% - Min: 0.00% - Market Cap 19297 - Trading time: 00:00:28
06-09-2025 10:54:16.137 INFO Current price: 0.000000094149 - Current percentage: 97.69% - Max: 122.17% - Min: 0.00% - Market Cap 18999 - Trading time: 00:00:28
06-09-2025 10:54:16.308 INFO Current price: 0.000000095085 - Current percentage: 104.80% - Max: 122.17% - Min: 0.00% - Market Cap 19682 - Trading time: 00:00:28
06-09-2025 10:54:16.694 INFO Current price: 0.000000096600 - Current percentage: 104.04% - Max: 122.17% - Min: 0.00% - Market Cap 19609 - Trading time: 00:00:28
06-09-2025 10:54:16.786 INFO Current price: 0.000000096589 - Current percentage: 104.76% - Max: 122.17% - Min: 0.00% - Market Cap 19678 - Trading time: 00:00:28
06-09-2025 10:54:17.251 INFO Current price: 0.000000096785 - Current percentage: 104.87% - Max: 122.17% - Min: 0.00% - Market Cap 19689 - Trading time: 00:00:29
06-09-2025 10:54:17.324 INFO Current price: 0.000000098507 - Current percentage: 112.11% - Max: 122.17% - Min: 0.00% - Market Cap 20384 - Trading time: 00:00:29
06-09-2025 10:54:17.650 INFO Current price: 0.000000100405 - Current percentage: 112.84% - Max: 122.17% - Min: 0.00% - Market Cap 20455 - Trading time: 00:00:29
06-09-2025 10:54:17.830 INFO Current price: 0.000000101442 - Current percentage: 116.51% - Max: 122.17% - Min: 0.00% - Market Cap 20808 - Trading time: 00:00:30
06-09-2025 10:54:18.201 INFO Current price: 0.000000102366 - Current percentage: 116.74% - Max: 122.17% - Min: 0.00% - Market Cap 20829 - Trading time: 00:00:30
06-09-2025 10:54:20.101 INFO Current price: 0.000000101794 - Current percentage: 114.10% - Max: 122.17% - Min: 0.00% - Market Cap 20575 - Trading time: 00:00:32
06-09-2025 10:54:20.106 INFO Current price: 0.000000100608 - Current percentage: 111.72% - Max: 122.17% - Min: 0.00% - Market Cap 20346 - Trading time: 00:00:32
06-09-2025 10:54:20.110 INFO Current price: 0.000000099248 - Current percentage: 108.35% - Max: 122.17% - Min: 0.00% - Market Cap 20023 - Trading time: 00:00:32
06-09-2025 10:54:20.136 INFO Current price: 0.000000097763 - Current percentage: 105.43% - Max: 122.17% - Min: 0.00% - Market Cap 19742 - Trading time: 00:00:32
06-09-2025 10:54:20.139 INFO Current price: 0.000000096313 - Current percentage: 102.22% - Max: 122.17% - Min: 0.00% - Market Cap 19434 - Trading time: 00:00:32
06-09-2025 10:54:20.238 INFO Current price: 0.000000095728 - Current percentage: 102.94% - Max: 122.17% - Min: 0.00% - Market Cap 19503 - Trading time: 00:00:32
06-09-2025 10:54:20.321 INFO Current price: 0.000000093778 - Current percentage: 94.06% - Max: 122.17% - Min: 0.00% - Market Cap 18650 - Trading time: 00:00:32
06-09-2025 10:54:20.321 INFO Current price: 0.000000085627 - Current percentage: 69.19% - Max: 122.17% - Min: 0.00% - Market Cap 16260 - Trading time: 00:00:32
06-09-2025 10:54:20.325 INFO Current price: 0.000000075429 - Current percentage: 50.59% - Max: 122.17% - Min: 0.00% - Market Cap 14472 - Trading time: 00:00:32
06-09-2025 10:54:20.437 INFO Current price: 0.000000070706 - Current percentage: 48.67% - Max: 122.17% - Min: 0.00% - Market Cap 14288 - Trading time: 00:00:32
06-09-2025 10:54:20.554 INFO Current price: 0.000000070279 - Current percentage: 48.67% - Max: 122.17% - Min: 0.00% - Market Cap 14288 - Trading time: 00:00:32
06-09-2025 10:54:20.656 INFO Current price: 0.000000070293 - Current percentage: 48.67% - Max: 122.17% - Min: 0.00% - Market Cap 14288 - Trading time: 00:00:32
06-09-2025 10:54:20.954 INFO Current price: 0.000000069118 - Current percentage: 43.90% - Max: 122.17% - Min: 0.00% - Market Cap 13829 - Trading time: 00:00:33
06-09-2025 10:54:20.961 INFO Current price: 0.000000066731 - Current percentage: 38.58% - Max: 122.17% - Min: 0.00% - Market Cap 13318 - Trading time: 00:00:33
06-09-2025 10:54:20.991 INFO Current price: 0.000000065426 - Current percentage: 38.33% - Max: 122.17% - Min: 0.00% - Market Cap 13293 - Trading time: 00:00:33
06-09-2025 10:54:21.816 INFO Current price: 0.000000065714 - Current percentage: 39.80% - Max: 122.17% - Min: 0.00% - Market Cap 13436 - Trading time: 00:00:33
06-09-2025 10:54:21.818 INFO Current price: 0.000000066037 - Current percentage: 39.69% - Max: 122.17% - Min: 0.00% - Market Cap 13425 - Trading time: 00:00:33
06-09-2025 10:54:22.063 INFO Current price: 0.000000066080 - Current percentage: 39.99% - Max: 122.17% - Min: 0.00% - Market Cap 13453 - Trading time: 00:00:34
06-09-2025 10:54:22.233 INFO Current price: 0.000000066057 - Current percentage: 39.59% - Max: 122.17% - Min: 0.00% - Market Cap 13415 - Trading time: 00:00:34
06-09-2025 10:54:22.249 INFO Current price: 0.000000065984 - Current percentage: 39.68% - Max: 122.17% - Min: 0.00% - Market Cap 13424 - Trading time: 00:00:34
06-09-2025 10:54:22.284 INFO Current price: 0.000000066706 - Current percentage: 42.66% - Max: 122.17% - Min: 0.00% - Market Cap 13710 - Trading time: 00:00:34
06-09-2025 10:54:22.337 INFO Current price: 0.000000067318 - Current percentage: 42.26% - Max: 122.17% - Min: 0.00% - Market Cap 13671 - Trading time: 00:00:34
06-09-2025 10:54:22.475 INFO Current price: 0.000000067036 - Current percentage: 41.46% - Max: 122.17% - Min: 0.00% - Market Cap 13595 - Trading time: 00:00:34
06-09-2025 10:54:22.715 INFO Current price: 0.000000067131 - Current percentage: 42.66% - Max: 122.17% - Min: 0.00% - Market Cap 13710 - Trading time: 00:00:34
06-09-2025 10:54:22.778 INFO Current price: 0.000000067358 - Current percentage: 42.42% - Max: 122.17% - Min: 0.00% - Market Cap 13687 - Trading time: 00:00:34
06-09-2025 10:54:22.911 INFO Current price: 0.000000067247 - Current percentage: 42.19% - Max: 122.17% - Min: 0.00% - Market Cap 13665 - Trading time: 00:00:35
06-09-2025 10:54:23.073 INFO Current price: 0.000000067219 - Current percentage: 42.31% - Max: 122.17% - Min: 0.00% - Market Cap 13676 - Trading time: 00:00:35
06-09-2025 10:54:23.076 INFO Current price: 0.000000064424 - Current percentage: 30.61% - Max: 122.17% - Min: 0.00% - Market Cap 12552 - Trading time: 00:00:35
06-09-2025 10:54:23.099 INFO Current price: 0.000000059649 - Current percentage: 21.99% - Max: 122.17% - Min: 0.00% - Market Cap 11724 - Trading time: 00:00:35
06-09-2025 10:54:23.399 INFO Current price: 0.000000057537 - Current percentage: 21.52% - Max: 122.17% - Min: 0.00% - Market Cap 11679 - Trading time: 00:00:35
06-09-2025 10:54:23.597 INFO Current price: 0.000000056248 - Current percentage: 16.59% - Max: 122.17% - Min: 0.00% - Market Cap 11204 - Trading time: 00:00:35
06-09-2025 10:54:23.601 INFO Current price: 0.000000054652 - Current percentage: 14.73% - Max: 122.17% - Min: 0.00% - Market Cap 11025 - Trading time: 00:00:35
06-09-2025 10:54:23.791 INFO Current price: 0.000000053508 - Current percentage: 11.76% - Max: 122.17% - Min: 0.00% - Market Cap 10740 - Trading time: 00:00:35
06-09-2025 10:54:23.915 INFO Current price: 0.000000053062 - Current percentage: 12.82% - Max: 122.17% - Min: 0.00% - Market Cap 10842 - Trading time: 00:00:36
06-09-2025 10:54:24.023 INFO Current price: 0.000000052606 - Current percentage: 9.84% - Max: 122.17% - Min: 0.00% - Market Cap 10556 - Trading time: 00:00:36
06-09-2025 10:54:24.026 INFO Current price: 0.000000051138 - Current percentage: 6.62% - Max: 122.17% - Min: 0.00% - Market Cap 10246 - Trading time: 00:00:36
06-09-2025 10:54:24.090 INFO Current price: 0.000000048889 - Current percentage: 0.39% - Max: 122.17% - Min: 0.00% - Market Cap 9648 - Trading time: 00:00:36
06-09-2025 10:54:24.097 INFO Current price: 0.000000047679 - Current percentage: 1.40% - Max: 122.17% - Min: 0.00% - Market Cap 9745 - Trading time: 00:00:36
06-09-2025 10:54:24.244 INFO Current price: 0.000000047889 - Current percentage: 1.28% - Max: 122.17% - Min: 0.00% - Market Cap 9733 - Trading time: 00:00:36
06-09-2025 10:54:24.358 INFO Current price: 0.000000047821 - Current percentage: 1.11% - Max: 122.17% - Min: 0.00% - Market Cap 9717 - Trading time: 00:00:36
06-09-2025 10:54:24.364 INFO Current price: 0.000000047776 - Current percentage: 1.09% - Max: 122.17% - Min: 0.00% - Market Cap 9715 - Trading time: 00:00:36
06-09-2025 10:54:24.364 INFO Current price: 0.000000047872 - Current percentage: 1.52% - Max: 122.17% - Min: 0.00% - Market Cap 9756 - Trading time: 00:00:36
06-09-2025 10:54:24.724 INFO Current price: 0.000000047694 - Current percentage: 0.34% - Max: 122.17% - Min: 0.00% - Market Cap 9643 - Trading time: 00:00:36
06-09-2025 10:54:24.757 INFO Current price: 0.000000047476 - Current percentage: 0.59% - Max: 122.17% - Min: 0.00% - Market Cap 9667 - Trading time: 00:00:36
06-09-2025 10:54:24.808 INFO Current price: 0.000000047363 - Current percentage: -0.13% - Max: 122.17% - Min: -0.13% - Market Cap 9597 - Trading time: 00:00:36
06-09-2025 10:54:25.874 INFO Current price: 0.000000047251 - Current percentage: 0.12% - Max: 122.17% - Min: -0.13% - Market Cap 9622 - Trading time: 00:00:38
06-09-2025 10:54:26.010 INFO Current price: 0.000000046749 - Current percentage: -2.25% - Max: 122.17% - Min: -2.25% - Market Cap 9394 - Trading time: 00:00:38
06-09-2025 10:54:26.041 INFO Current price: 0.000000045812 - Current percentage: -3.85% - Max: 122.17% - Min: -3.85% - Market Cap 9240 - Trading time: 00:00:38
06-09-2025 10:54:26.213 INFO Current price: 0.000000045395 - Current percentage: -4.02% - Max: 122.17% - Min: -4.02% - Market Cap 9224 - Trading time: 00:00:38
06-09-2025 10:54:26.913 INFO Current price: 0.000000044999 - Current percentage: -5.52% - Max: 122.17% - Min: -5.52% - Market Cap 9080 - Trading time: 00:00:39
06-09-2025 10:54:28.182 INFO Current price: 0.000000044592 - Current percentage: -5.75% - Max: 122.17% - Min: -5.75% - Market Cap 9058 - Trading time: 00:00:40
06-09-2025 10:54:28.360 INFO Current price: 0.000000048563 - Current percentage: 12.06% - Max: 122.17% - Min: -5.75% - Market Cap 10769 - Trading time: 00:00:40
06-09-2025 10:54:28.412 INFO Current price: 0.000000056799 - Current percentage: 28.93% - Max: 122.17% - Min: -5.75% - Market Cap 12390 - Trading time: 00:00:40
06-09-2025 10:54:28.763 INFO Current price: 0.000000060965 - Current percentage: 29.10% - Max: 122.17% - Min: -5.75% - Market Cap 12407 - Trading time: 00:00:40
06-09-2025 10:54:29.195 INFO Current price: 0.000000061053 - Current percentage: 29.30% - Max: 122.17% - Min: -5.75% - Market Cap 12426 - Trading time: 00:00:41
06-09-2025 10:54:29.349 INFO Current price: 0.000000065545 - Current percentage: 48.80% - Max: 122.17% - Min: -5.75% - Market Cap 14300 - Trading time: 00:00:41
06-09-2025 10:54:31.596 INFO Current price: 0.000000071386 - Current percentage: 53.37% - Max: 122.17% - Min: -5.75% - Market Cap 14739 - Trading time: 00:00:43
06-09-2025 10:54:31.841 INFO Current price: 0.000000072455 - Current percentage: 53.29% - Max: 122.17% - Min: -5.75% - Market Cap 14732 - Trading time: 00:00:44
06-09-2025 10:54:31.961 INFO Current price: 0.000000072962 - Current percentage: 55.52% - Max: 122.17% - Min: -5.75% - Market Cap 14946 - Trading time: 00:00:44
06-09-2025 10:54:32.578 INFO Current price: 0.000000073860 - Current percentage: 57.09% - Max: 122.17% - Min: -5.75% - Market Cap 15096 - Trading time: 00:00:44
06-09-2025 10:54:32.699 INFO Current price: 0.000000077943 - Current percentage: 73.19% - Max: 122.17% - Min: -5.75% - Market Cap 16644 - Trading time: 00:00:44
06-09-2025 10:54:32.845 INFO Current price: 0.000000081834 - Current percentage: 73.16% - Max: 122.17% - Min: -5.75% - Market Cap 16641 - Trading time: 00:00:45
06-09-2025 10:54:34.157 INFO Current price: 0.000000082607 - Current percentage: 76.48% - Max: 122.17% - Min: -5.75% - Market Cap 16960 - Trading time: 00:00:46
06-09-2025 10:54:34.381 INFO Current price: 0.000000083355 - Current percentage: 76.31% - Max: 122.17% - Min: -5.75% - Market Cap 16944 - Trading time: 00:00:46
06-09-2025 10:54:34.513 INFO Current price: 0.000000081719 - Current percentage: 69.62% - Max: 122.17% - Min: -5.75% - Market Cap 16301 - Trading time: 00:00:46
06-09-2025 10:54:34.716 INFO Current price: 0.000000080092 - Current percentage: 69.36% - Max: 122.17% - Min: -5.75% - Market Cap 16276 - Trading time: 00:00:46
06-09-2025 10:54:34.744 INFO Current price: 0.000000079789 - Current percentage: 68.34% - Max: 122.17% - Min: -5.75% - Market Cap 16178 - Trading time: 00:00:46
06-09-2025 10:54:35.635 INFO Current price: 0.000000079344 - Current percentage: 67.47% - Max: 122.17% - Min: -5.75% - Market Cap 16094 - Trading time: 00:00:47
06-09-2025 10:54:36.052 INFO Current price: 0.000000077850 - Current percentage: 62.06% - Max: 122.17% - Min: -5.75% - Market Cap 15575 - Trading time: 00:00:48
06-09-2025 10:54:36.819 INFO Current price: 0.000000075673 - Current percentage: 58.24% - Max: 122.17% - Min: -5.75% - Market Cap 15207 - Trading time: 00:00:48
06-09-2025 10:54:36.921 INFO Current price: 0.000000074233 - Current percentage: 55.95% - Max: 122.17% - Min: -5.75% - Market Cap 14987 - Trading time: 00:00:49
06-09-2025 10:54:38.093 INFO Current price: 0.000000072536 - Current percentage: 51.08% - Max: 122.17% - Min: -5.75% - Market Cap 14520 - Trading time: 00:00:50
06-09-2025 10:54:38.118 INFO Current price: 0.000000071662 - Current percentage: 52.22% - Max: 122.17% - Min: -5.75% - Market Cap 14628 - Trading time: 00:00:50
06-09-2025 10:54:38.605 INFO Current price: 0.000000072003 - Current percentage: 52.53% - Max: 122.17% - Min: -5.75% - Market Cap 14658 - Trading time: 00:00:50
06-09-2025 10:54:39.140 INFO Current price: 0.000000073540 - Current percentage: 58.78% - Max: 122.17% - Min: -5.75% - Market Cap 15259 - Trading time: 00:00:51
06-09-2025 10:54:39.825 INFO Current price: 0.000000076526 - Current percentage: 65.16% - Max: 122.17% - Min: -5.75% - Market Cap 15873 - Trading time: 00:00:52
06-09-2025 10:54:40.061 INFO Current price: 0.000000076786 - Current percentage: 59.86% - Max: 122.17% - Min: -5.75% - Market Cap 15363 - Trading time: 00:00:52
06-09-2025 10:54:41.002 INFO Current price: 0.000000075559 - Current percentage: 59.93% - Max: 122.17% - Min: -5.75% - Market Cap 15369 - Trading time: 00:00:53
06-09-2025 10:54:41.034 INFO Current price: 0.000000075604 - Current percentage: 60.05% - Max: 122.17% - Min: -5.75% - Market Cap 15382 - Trading time: 00:00:53
06-09-2025 10:54:41.352 INFO Current price: 0.000000075784 - Current percentage: 60.69% - Max: 122.17% - Min: -5.75% - Market Cap 15443 - Trading time: 00:00:53
06-09-2025 10:54:41.353 INFO Current price: 0.000000075964 - Current percentage: 60.82% - Max: 122.17% - Min: -5.75% - Market Cap 15455 - Trading time: 00:00:53
06-09-2025 10:54:41.446 INFO Current price: 0.000000076129 - Current percentage: 61.39% - Max: 122.17% - Min: -5.75% - Market Cap 15510 - Trading time: 00:00:53
06-09-2025 10:54:41.559 INFO Current price: 0.000000076385 - Current percentage: 61.90% - Max: 122.17% - Min: -5.75% - Market Cap 15559 - Trading time: 00:00:53
06-09-2025 10:54:41.967 INFO Current price: 0.000000076521 - Current percentage: 61.96% - Max: 122.17% - Min: -5.75% - Market Cap 15565 - Trading time: 00:00:54
06-09-2025 10:54:42.088 INFO Current price: 0.000000075310 - Current percentage: 56.81% - Max: 122.17% - Min: -5.75% - Market Cap 15070 - Trading time: 00:00:54
06-09-2025 10:54:43.645 INFO Current price: 0.000000073987 - Current percentage: 56.33% - Max: 122.17% - Min: -5.75% - Market Cap 15023 - Trading time: 00:00:55
06-09-2025 10:54:43.876 INFO Current price: 0.000000073946 - Current percentage: 56.64% - Max: 122.17% - Min: -5.75% - Market Cap 15053 - Trading time: 00:00:56
06-09-2025 10:54:44.085 INFO Current price: 0.000000072854 - Current percentage: 51.74% - Max: 122.17% - Min: -5.75% - Market Cap 14583 - Trading time: 00:00:56
06-09-2025 10:54:44.208 INFO Current price: 0.000000068234 - Current percentage: 37.41% - Max: 122.17% - Min: -5.75% - Market Cap 13205 - Trading time: 00:00:56
06-09-2025 10:54:46.599 INFO Current price: 0.000000065209 - Current percentage: 38.58% - Max: 122.17% - Min: -5.75% - Market Cap 13318 - Trading time: 00:00:58
06-09-2025 10:54:47.441 INFO Current price: 0.000000065560 - Current percentage: 38.89% - Max: 122.17% - Min: -5.75% - Market Cap 13348 - Trading time: 00:00:59
06-09-2025 10:54:47.945 INFO Current price: 0.000000065571 - Current percentage: 38.63% - Max: 122.17% - Min: -5.75% - Market Cap 13323 - Trading time: 00:01:00
06-09-2025 10:54:48.176 INFO Current price: 0.000000066918 - Current percentage: 44.65% - Max: 122.17% - Min: -5.75% - Market Cap 13902 - Trading time: 00:01:00
06-09-2025 10:54:48.370 INFO Current price: 0.000000068499 - Current percentage: 45.26% - Max: 122.17% - Min: -5.75% - Market Cap 13960 - Trading time: 00:01:00
06-09-2025 10:54:48.458 INFO Current price: 0.000000068785 - Current percentage: 45.86% - Max: 122.17% - Min: -5.75% - Market Cap 14018 - Trading time: 00:01:00
06-09-2025 10:54:49.030 INFO Current price: 0.000000070359 - Current percentage: 51.98% - Max: 122.17% - Min: -5.75% - Market Cap 14606 - Trading time: 00:01:01
06-09-2025 10:54:51.072 INFO Current price: 0.000000064979 - Current percentage: 24.41% - Max: 122.17% - Min: -5.75% - Market Cap 11956 - Trading time: 00:01:03
06-09-2025 10:54:51.189 INFO Current price: 0.000000058554 - Current percentage: 23.41% - Max: 122.17% - Min: -5.75% - Market Cap 11860 - Trading time: 00:01:03
06-09-2025 10:54:52.239 INFO Current price: 0.000000058309 - Current percentage: 23.37% - Max: 122.17% - Min: -5.75% - Market Cap 11857 - Trading time: 00:01:04
06-09-2025 10:54:52.513 INFO Current price: 0.000000062248 - Current percentage: 40.65% - Max: 122.17% - Min: -5.75% - Market Cap 13517 - Trading time: 00:01:04
06-09-2025 10:54:52.547 INFO Current price: 0.000000066956 - Current percentage: 42.74% - Max: 122.17% - Min: -5.75% - Market Cap 13718 - Trading time: 00:01:04
06-09-2025 10:54:52.822 INFO Current price: 0.000000067314 - Current percentage: 42.15% - Max: 122.17% - Min: -5.75% - Market Cap 13661 - Trading time: 00:01:05
06-09-2025 10:54:53.091 INFO Current price: 0.000000070000 - Current percentage: 54.36% - Max: 122.17% - Min: -5.75% - Market Cap 14835 - Trading time: 00:01:05
06-09-2025 10:54:53.142 INFO Current price: 0.000000072981 - Current percentage: 54.52% - Max: 122.17% - Min: -5.75% - Market Cap 14850 - Trading time: 00:01:05
06-09-2025 10:54:53.153 INFO Current price: 0.000000073032 - Current percentage: 54.58% - Max: 122.17% - Min: -5.75% - Market Cap 14856 - Trading time: 00:01:05
06-09-2025 10:54:53.189 INFO Current price: 0.000000072488 - Current percentage: 52.22% - Max: 122.17% - Min: -5.75% - Market Cap 14629 - Trading time: 00:01:05
06-09-2025 10:54:53.497 INFO Current price: 0.000000071929 - Current percentage: 52.21% - Max: 122.17% - Min: -5.75% - Market Cap 14628 - Trading time: 00:01:05
06-09-2025 10:54:53.773 INFO Current price: 0.000000073387 - Current percentage: 58.46% - Max: 122.17% - Min: -5.75% - Market Cap 15228 - Trading time: 00:01:05
06-09-2025 10:54:53.888 INFO Current price: 0.000000074953 - Current percentage: 58.77% - Max: 122.17% - Min: -5.75% - Market Cap 15258 - Trading time: 00:01:06
06-09-2025 10:54:54.082 INFO Current price: 0.000000075025 - Current percentage: 58.76% - Max: 122.17% - Min: -5.75% - Market Cap 15257 - Trading time: 00:01:06
06-09-2025 10:54:55.016 INFO Current price: 0.000000075058 - Current percentage: 58.92% - Max: 122.17% - Min: -5.75% - Market Cap 15272 - Trading time: 00:01:07
06-09-2025 10:54:55.248 INFO Current price: 0.000000077336 - Current percentage: 68.54% - Max: 122.17% - Min: -5.75% - Market Cap 16197 - Trading time: 00:01:07
06-09-2025 10:54:55.424 INFO Current price: 0.000000079797 - Current percentage: 69.19% - Max: 122.17% - Min: -5.75% - Market Cap 16260 - Trading time: 00:01:07
06-09-2025 10:54:55.787 INFO Current price: 0.000000080427 - Current percentage: 71.21% - Max: 122.17% - Min: -5.75% - Market Cap 16454 - Trading time: 00:01:07
06-09-2025 10:54:56.802 INFO Current price: 0.000000080930 - Current percentage: 71.31% - Max: 122.17% - Min: -5.75% - Market Cap 16464 - Trading time: 00:01:08
06-09-2025 10:54:57.457 INFO Current price: 0.000000080985 - Current percentage: 71.44% - Max: 122.17% - Min: -5.75% - Market Cap 16476 - Trading time: 00:01:09
06-09-2025 10:54:57.628 INFO Current price: 0.000000081062 - Current percentage: 71.64% - Max: 122.17% - Min: -5.75% - Market Cap 16495 - Trading time: 00:01:09
06-09-2025 10:54:57.899 INFO Current price: 0.000000081186 - Current percentage: 71.97% - Max: 122.17% - Min: -5.75% - Market Cap 16527 - Trading time: 00:01:10
06-09-2025 10:54:59.612 INFO Current price: 0.000000081730 - Current percentage: 73.95% - Max: 122.17% - Min: -5.75% - Market Cap 16717 - Trading time: 00:01:11
06-09-2025 10:55:02.058 INFO Current price: 0.000000076443 - Current percentage: 50.44% - Max: 122.17% - Min: -5.75% - Market Cap 14457 - Trading time: 00:01:14
06-09-2025 10:55:02.557 INFO Current price: 0.000000070783 - Current percentage: 49.14% - Max: 122.17% - Min: -5.75% - Market Cap 14333 - Trading time: 00:01:14
06-09-2025 10:55:04.930 INFO Current price: 0.000000070451 - Current percentage: 49.03% - Max: 122.17% - Min: -5.75% - Market Cap 14322 - Trading time: 00:01:17
06-09-2025 10:55:05.045 INFO Current price: 0.000000070497 - Current percentage: 49.34% - Max: 122.17% - Min: -5.75% - Market Cap 14352 - Trading time: 00:01:17
06-09-2025 10:55:05.624 INFO Current price: 0.000000066357 - Current percentage: 32.04% - Max: 122.17% - Min: -5.75% - Market Cap 12690 - Trading time: 00:01:17
06-09-2025 10:55:05.626 INFO Current price: 0.000000060685 - Current percentage: 24.90% - Max: 122.17% - Min: -5.75% - Market Cap 12003 - Trading time: 00:01:17
06-09-2025 10:55:05.941 INFO Current price: 0.000000059047 - Current percentage: 25.01% - Max: 122.17% - Min: -5.75% - Market Cap 12014 - Trading time: 00:01:18
06-09-2025 10:55:06.233 INFO Current price: 0.000000058960 - Current percentage: 24.53% - Max: 122.17% - Min: -5.75% - Market Cap 11968 - Trading time: 00:01:18
06-09-2025 10:55:06.594 INFO Current price: 0.000000058039 - Current percentage: 21.14% - Max: 122.17% - Min: -5.75% - Market Cap 11642 - Trading time: 00:01:18
06-09-2025 10:55:06.956 INFO Current price: 0.000000056958 - Current percentage: 19.93% - Max: 122.17% - Min: -5.75% - Market Cap 11526 - Trading time: 00:01:19
06-09-2025 10:55:07.321 INFO Current price: 0.000000056660 - Current percentage: 19.87% - Max: 122.17% - Min: -5.75% - Market Cap 11520 - Trading time: 00:01:19
06-09-2025 10:55:07.797 INFO Current price: 0.000000056776 - Current percentage: 20.42% - Max: 122.17% - Min: -5.75% - Market Cap 11573 - Trading time: 00:01:19
06-09-2025 10:55:07.801 INFO Current price: 0.000000056901 - Current percentage: 20.40% - Max: 122.17% - Min: -5.75% - Market Cap 11571 - Trading time: 00:01:19
06-09-2025 10:55:08.281 INFO Current price: 0.000000054619 - Current percentage: 10.96% - Max: 122.17% - Min: -5.75% - Market Cap 10663 - Trading time: 00:01:20
06-09-2025 10:55:08.335 INFO Current price: 0.000000052557 - Current percentage: 11.49% - Max: 122.17% - Min: -5.75% - Market Cap 10714 - Trading time: 00:01:20
06-09-2025 10:55:08.375 INFO Current price: 0.000000052514 - Current percentage: 10.78% - Max: 122.17% - Min: -5.75% - Market Cap 10646 - Trading time: 00:01:20
06-09-2025 10:55:08.396 INFO Current price: 0.000000052583 - Current percentage: 11.77% - Max: 122.17% - Min: -5.75% - Market Cap 10742 - Trading time: 00:01:20
06-09-2025 10:55:08.869 INFO Current price: 0.000000052596 - Current percentage: 10.83% - Max: 122.17% - Min: -5.75% - Market Cap 10651 - Trading time: 00:01:21
06-09-2025 10:55:08.953 INFO Current price: 0.000000052686 - Current percentage: 12.16% - Max: 122.17% - Min: -5.75% - Market Cap 10779 - Trading time: 00:01:21
06-09-2025 10:55:09.020 INFO Current price: 0.000000052930 - Current percentage: 11.86% - Max: 122.17% - Min: -5.75% - Market Cap 10750 - Trading time: 00:01:21
06-09-2025 10:55:09.086 INFO Current price: 0.000000052838 - Current percentage: 11.77% - Max: 122.17% - Min: -5.75% - Market Cap 10741 - Trading time: 00:01:21
06-09-2025 10:55:09.635 INFO Current price: 0.000000052878 - Current percentage: 12.03% - Max: 122.17% - Min: -5.75% - Market Cap 10767 - Trading time: 00:01:21
06-09-2025 10:55:10.249 INFO Current price: 0.000000053574 - Current percentage: 14.73% - Max: 122.17% - Min: -5.75% - Market Cap 11026 - Trading time: 00:01:22
06-09-2025 10:55:10.290 INFO Current price: 0.000000053964 - Current percentage: 13.67% - Max: 122.17% - Min: -5.75% - Market Cap 10924 - Trading time: 00:01:22
06-09-2025 10:55:10.687 INFO Current price: 0.000000053840 - Current percentage: 14.20% - Max: 122.17% - Min: -5.75% - Market Cap 10975 - Trading time: 00:01:22
06-09-2025 10:55:10.859 INFO Current price: 0.000000054093 - Current percentage: 14.74% - Max: 122.17% - Min: -5.75% - Market Cap 11027 - Trading time: 00:01:23
06-09-2025 10:55:11.272 INFO Current price: 0.000000055108 - Current percentage: 18.53% - Max: 122.17% - Min: -5.75% - Market Cap 11391 - Trading time: 00:01:23
06-09-2025 10:55:11.567 INFO Current price: 0.000000056075 - Current percentage: 18.80% - Max: 122.17% - Min: -5.75% - Market Cap 11417 - Trading time: 00:01:23
06-09-2025 10:55:12.154 INFO Current price: 0.000000055171 - Current percentage: 14.74% - Max: 122.17% - Min: -5.75% - Market Cap 11027 - Trading time: 00:01:24
06-09-2025 10:55:12.358 INFO Current price: 0.000000054854 - Current percentage: 17.44% - Max: 122.17% - Min: -5.75% - Market Cap 11286 - Trading time: 00:01:24
06-09-2025 10:55:12.365 INFO Current price: 0.000000055624 - Current percentage: 17.98% - Max: 122.17% - Min: -5.75% - Market Cap 11338 - Trading time: 00:01:24
06-09-2025 10:55:12.718 INFO Current price: 0.000000055881 - Current percentage: 18.53% - Max: 122.17% - Min: -5.75% - Market Cap 11391 - Trading time: 00:01:24
06-09-2025 10:55:13.260 INFO Current price: 0.000000058590 - Current percentage: 29.70% - Max: 122.17% - Min: -5.75% - Market Cap 12464 - Trading time: 00:01:25
06-09-2025 10:55:13.464 INFO Current price: 0.000000060065 - Current percentage: 24.57% - Max: 122.17% - Min: -5.75% - Market Cap 11972 - Trading time: 00:01:25
06-09-2025 10:55:13.733 INFO Current price: 0.000000058980 - Current percentage: 25.05% - Max: 122.17% - Min: -5.75% - Market Cap 12018 - Trading time: 00:01:25
06-09-2025 10:55:14.711 INFO Current price: 0.000000059225 - Current percentage: 25.61% - Max: 122.17% - Min: -5.75% - Market Cap 12072 - Trading time: 00:01:26
06-09-2025 10:55:15.573 INFO Current price: 0.000000059491 - Current percentage: 26.17% - Max: 122.17% - Min: -5.75% - Market Cap 12126 - Trading time: 00:01:27
06-09-2025 10:55:15.781 INFO Current price: 0.000000059757 - Current percentage: 26.74% - Max: 122.17% - Min: -5.75% - Market Cap 12180 - Trading time: 00:01:27
06-09-2025 10:55:16.003 INFO Current price: 0.000000059889 - Current percentage: 26.73% - Max: 122.17% - Min: -5.75% - Market Cap 12179 - Trading time: 00:01:28
06-09-2025 10:55:17.314 INFO Current price: 0.000000060022 - Current percentage: 27.30% - Max: 122.17% - Min: -5.75% - Market Cap 12234 - Trading time: 00:01:29
06-09-2025 10:55:17.500 INFO Current price: 0.000000060289 - Current percentage: 27.87% - Max: 122.17% - Min: -5.75% - Market Cap 12288 - Trading time: 00:01:29
06-09-2025 10:55:17.501 INFO Current price: 0.000000060281 - Current percentage: 27.26% - Max: 122.17% - Min: -5.75% - Market Cap 12230 - Trading time: 00:01:29
06-09-2025 10:55:17.653 INFO Current price: 0.000000060306 - Current percentage: 27.97% - Max: 122.17% - Min: -5.75% - Market Cap 12298 - Trading time: 00:01:29
06-09-2025 10:55:19.050 INFO Current price: 0.000000060607 - Current percentage: 28.54% - Max: 122.17% - Min: -5.75% - Market Cap 12353 - Trading time: 00:01:31
06-09-2025 10:55:19.141 INFO Current price: 0.000000060782 - Current percentage: 28.71% - Max: 122.17% - Min: -5.75% - Market Cap 12369 - Trading time: 00:01:31
06-09-2025 10:55:19.452 INFO Current price: 0.000000060881 - Current percentage: 28.96% - Max: 122.17% - Min: -5.75% - Market Cap 12394 - Trading time: 00:01:31
06-09-2025 10:55:20.630 INFO Current price: 0.000000061075 - Current percentage: 29.53% - Max: 122.17% - Min: -5.75% - Market Cap 12448 - Trading time: 00:01:32
06-09-2025 10:55:20.772 INFO Current price: 0.000000061346 - Current percentage: 30.11% - Max: 122.17% - Min: -5.75% - Market Cap 12504 - Trading time: 00:01:32
06-09-2025 10:55:21.424 INFO Current price: 0.000000061753 - Current percentage: 31.26% - Max: 122.17% - Min: -5.75% - Market Cap 12614 - Trading time: 00:01:33
06-09-2025 10:55:22.827 INFO Current price: 0.000000062161 - Current percentage: 31.83% - Max: 122.17% - Min: -5.75% - Market Cap 12669 - Trading time: 00:01:35
06-09-2025 10:55:22.995 INFO Current price: 0.000000062433 - Current percentage: 32.41% - Max: 122.17% - Min: -5.75% - Market Cap 12725 - Trading time: 00:01:35
06-09-2025 10:55:23.359 INFO Current price: 0.000000062167 - Current percentage: 30.71% - Max: 122.17% - Min: -5.75% - Market Cap 12562 - Trading time: 00:01:35
06-09-2025 10:55:23.899 INFO Current price: 0.000000061788 - Current percentage: 30.80% - Max: 122.17% - Min: -5.75% - Market Cap 12570 - Trading time: 00:01:36
06-09-2025 10:55:24.347 INFO Current price: 0.000000060226 - Current percentage: 24.18% - Max: 122.17% - Min: -5.75% - Market Cap 11934 - Trading time: 00:01:36
06-09-2025 10:55:24.582 INFO Current price: 0.000000058947 - Current percentage: 25.30% - Max: 122.17% - Min: -5.75% - Market Cap 12042 - Trading time: 00:01:36
06-09-2025 10:55:25.156 INFO Current price: 0.000000056661 - Current percentage: 14.74% - Max: 122.17% - Min: -5.75% - Market Cap 11027 - Trading time: 00:01:37
06-09-2025 10:55:29.270 INFO Current price: 0.000000053328 - Current percentage: 11.00% - Max: 122.17% - Min: -5.75% - Market Cap 10667 - Trading time: 00:01:41
06-09-2025 10:55:29.619 INFO Current price: 0.000000052430 - Current percentage: 10.90% - Max: 122.17% - Min: -5.75% - Market Cap 10658 - Trading time: 00:01:41
06-09-2025 10:55:30.953 INFO Current price: 0.000000053655 - Current percentage: 16.25% - Max: 122.17% - Min: -5.75% - Market Cap 11172 - Trading time: 00:01:43
06-09-2025 10:55:31.077 INFO Current price: 0.000000054994 - Current percentage: 16.51% - Max: 122.17% - Min: -5.75% - Market Cap 11197 - Trading time: 00:01:43
06-09-2025 10:55:31.329 INFO Current price: 0.000000052753 - Current percentage: 6.96% - Max: 122.17% - Min: -5.75% - Market Cap 10280 - Trading time: 00:01:43
06-09-2025 10:55:31.761 INFO Current price: 0.000000050669 - Current percentage: 7.48% - Max: 122.17% - Min: -5.75% - Market Cap 10329 - Trading time: 00:01:43
06-09-2025 10:55:32.698 INFO Current price: 0.000000050128 - Current percentage: 4.69% - Max: 122.17% - Min: -5.75% - Market Cap 10061 - Trading time: 00:01:44
06-09-2025 10:55:32.729 INFO Current price: 0.000000049498 - Current percentage: 4.80% - Max: 122.17% - Min: -5.75% - Market Cap 10071 - Trading time: 00:01:44
06-09-2025 10:55:33.133 INFO Current price: 0.000000049558 - Current percentage: 4.95% - Max: 122.17% - Min: -5.75% - Market Cap 10086 - Trading time: 00:01:45
06-09-2025 10:55:33.472 INFO Current price: 0.000000049298 - Current percentage: 3.70% - Max: 122.17% - Min: -5.75% - Market Cap 9966 - Trading time: 00:01:45
06-09-2025 10:55:35.255 INFO Current price: 0.000000049304 - Current percentage: 4.98% - Max: 122.17% - Min: -5.75% - Market Cap 10089 - Trading time: 00:01:47
06-09-2025 10:55:35.428 INFO Current price: 0.000000048990 - Current percentage: 2.38% - Max: 122.17% - Min: -5.75% - Market Cap 9839 - Trading time: 00:01:47
06-09-2025 10:55:35.489 INFO Current price: 0.000000048260 - Current percentage: 1.87% - Max: 122.17% - Min: -5.75% - Market Cap 9790 - Trading time: 00:01:47
06-09-2025 10:55:35.706 INFO Current price: 0.000000048108 - Current percentage: 1.73% - Max: 122.17% - Min: -5.75% - Market Cap 9777 - Trading time: 00:01:47
06-09-2025 10:55:36.413 INFO Current price: 0.000000048025 - Current percentage: 1.52% - Max: 122.17% - Min: -5.75% - Market Cap 9757 - Trading time: 00:01:48
06-09-2025 10:55:36.574 INFO Current price: 0.000000048036 - Current percentage: 1.77% - Max: 122.17% - Min: -5.75% - Market Cap 9780 - Trading time: 00:01:48
06-09-2025 10:55:37.073 INFO Current price: 0.000000048093 - Current percentage: 1.77% - Max: 122.17% - Min: -5.75% - Market Cap 9781 - Trading time: 00:01:49
06-09-2025 10:55:37.102 INFO Current price: 0.000000047991 - Current percentage: 1.34% - Max: 122.17% - Min: -5.75% - Market Cap 9739 - Trading time: 00:01:49
06-09-2025 10:55:38.300 INFO Current price: 0.000000047947 - Current percentage: 1.59% - Max: 122.17% - Min: -5.75% - Market Cap 9763 - Trading time: 00:01:50
06-09-2025 10:55:38.359 INFO Current price: 0.000000048019 - Current percentage: 1.64% - Max: 122.17% - Min: -5.75% - Market Cap 9768 - Trading time: 00:01:50
06-09-2025 10:55:38.401 INFO Current price: 0.000000046019 - Current percentage: -6.70% - Max: 122.17% - Min: -6.70% - Market Cap 8967 - Trading time: 00:01:50
06-09-2025 10:55:38.451 INFO Current price: 0.000000044001 - Current percentage: -7.08% - Max: 122.17% - Min: -7.08% - Market Cap 8930 - Trading time: 00:01:50
06-09-2025 10:55:38.918 INFO Current price: 0.000000043877 - Current percentage: -7.22% - Max: 122.17% - Min: -7.22% - Market Cap 8917 - Trading time: 00:01:51
06-09-2025 10:55:39.015 INFO Current price: 0.000000043834 - Current percentage: -7.26% - Max: 122.17% - Min: -7.26% - Market Cap 8912 - Trading time: 00:01:51
06-09-2025 10:55:39.215 INFO Current price: 0.000000042612 - Current percentage: -12.32% - Max: 122.17% - Min: -12.32% - Market Cap 8427 - Trading time: 00:01:51
06-09-2025 10:55:39.246 INFO Current price: 0.000000040320 - Current percentage: -16.97% - Max: 122.17% - Min: -16.97% - Market Cap 7979 - Trading time: 00:01:51
06-09-2025 10:55:39.431 INFO Current price: 0.000000039192 - Current percentage: -17.16% - Max: 122.17% - Min: -17.16% - Market Cap 7962 - Trading time: 00:01:51
06-09-2025 10:55:39.568 INFO Current price: 0.000000039138 - Current percentage: -17.20% - Max: 122.17% - Min: -17.20% - Market Cap 7957 - Trading time: 00:01:51
06-09-2025 10:55:40.280 INFO Current price: 0.000000039181 - Current percentage: -16.97% - Max: 122.17% - Min: -17.20% - Market Cap 7979 - Trading time: 00:01:52
06-09-2025 10:55:40.397 INFO Current price: 0.000000040045 - Current percentage: -13.51% - Max: 122.17% - Min: -17.20% - Market Cap 8312 - Trading time: 00:01:52
06-09-2025 10:55:40.501 INFO Current price: 0.000000041092 - Current percentage: -12.57% - Max: 122.17% - Min: -17.20% - Market Cap 8402 - Trading time: 00:01:52
06-09-2025 10:55:40.551 INFO Current price: 0.000000041566 - Current percentage: -11.50% - Max: 122.17% - Min: -17.20% - Market Cap 8505 - Trading time: 00:01:52
06-09-2025 10:55:41.205 INFO Current price: 0.000000042717 - Current percentage: -7.67% - Max: 122.17% - Min: -17.20% - Market Cap 8873 - Trading time: 00:01:53
06-09-2025 10:55:41.210 INFO Current price: 0.000000044424 - Current percentage: -4.28% - Max: 122.17% - Min: -17.20% - Market Cap 9199 - Trading time: 00:01:53
06-09-2025 10:55:41.210 INFO Current price: 0.000000045244 - Current percentage: -4.23% - Max: 122.17% - Min: -17.20% - Market Cap 9204 - Trading time: 00:01:53
06-09-2025 10:55:41.461 INFO Current price: 0.000000045995 - Current percentage: -1.08% - Max: 122.17% - Min: -17.20% - Market Cap 9506 - Trading time: 00:01:53
06-09-2025 10:55:41.702 INFO Current price: 0.000000046756 - Current percentage: -1.03% - Max: 122.17% - Min: -17.20% - Market Cap 9511 - Trading time: 00:01:53
06-09-2025 10:55:42.959 INFO Current price: 0.000000046865 - Current percentage: -0.62% - Max: 122.17% - Min: -17.20% - Market Cap 9551 - Trading time: 00:01:55
06-09-2025 10:55:42.959 INFO Current price: 0.000000047198 - Current percentage: 0.38% - Max: 122.17% - Min: -17.20% - Market Cap 9647 - Trading time: 00:01:55
06-09-2025 10:55:44.411 INFO Current price: 0.000000047447 - Current percentage: 0.43% - Max: 122.17% - Min: -17.20% - Market Cap 9652 - Trading time: 00:01:56
06-09-2025 10:55:46.065 INFO Current price: 0.000000046933 - Current percentage: -1.78% - Max: 122.17% - Min: -17.20% - Market Cap 9439 - Trading time: 00:01:58
06-09-2025 10:55:46.854 INFO Current price: 0.000000046344 - Current percentage: -2.07% - Max: 122.17% - Min: -17.20% - Market Cap 9411 - Trading time: 00:01:59
06-09-2025 10:55:49.095 INFO Current price: 0.000000046287 - Current percentage: -2.02% - Max: 122.17% - Min: -17.20% - Market Cap 9416 - Trading time: 00:02:01
06-09-2025 10:55:51.574 INFO Current price: 0.000000046477 - Current percentage: -1.27% - Max: 122.17% - Min: -17.20% - Market Cap 9488 - Trading time: 00:02:03
06-09-2025 10:55:53.454 INFO Current price: 0.000000049456 - Current percentage: 10.94% - Max: 122.17% - Min: -17.20% - Market Cap 10662 - Trading time: 00:02:05
06-09-2025 10:55:53.458 INFO Current price: 0.000000055695 - Current percentage: 25.21% - Max: 122.17% - Min: -17.20% - Market Cap 12033 - Trading time: 00:02:05
06-09-2025 10:55:54.075 INFO Current price: 0.000000058839 - Current percentage: 23.82% - Max: 122.17% - Min: -17.20% - Market Cap 11899 - Trading time: 00:02:06
06-09-2025 10:55:54.080 INFO Current price: 0.000000058358 - Current percentage: 23.18% - Max: 122.17% - Min: -17.20% - Market Cap 11838 - Trading time: 00:02:06
06-09-2025 10:55:54.090 INFO Current price: 0.000000058188 - Current percentage: 23.10% - Max: 122.17% - Min: -17.20% - Market Cap 11830 - Trading time: 00:02:06
06-09-2025 10:55:54.932 INFO Current price: 0.000000058182 - Current percentage: 23.15% - Max: 122.17% - Min: -17.20% - Market Cap 11835 - Trading time: 00:02:07
06-09-2025 10:55:57.203 INFO Current price: 0.000000058461 - Current percentage: 24.28% - Max: 122.17% - Min: -17.20% - Market Cap 11944 - Trading time: 00:02:09
06-09-2025 10:55:57.250 INFO Current price: 0.000000058337 - Current percentage: 22.63% - Max: 122.17% - Min: -17.20% - Market Cap 11785 - Trading time: 00:02:09
06-09-2025 10:55:58.147 INFO Current price: 0.000000056802 - Current percentage: 17.82% - Max: 122.17% - Min: -17.20% - Market Cap 11323 - Trading time: 00:02:10
06-09-2025 10:55:58.231 INFO Current price: 0.000000055287 - Current percentage: 16.18% - Max: 122.17% - Min: -17.20% - Market Cap 11165 - Trading time: 00:02:10
06-09-2025 10:55:58.868 INFO Current price: 0.000000054897 - Current percentage: 16.16% - Max: 122.17% - Min: -17.20% - Market Cap 11164 - Trading time: 00:02:11
06-09-2025 10:55:59.486 INFO Current price: 0.000000056183 - Current percentage: 21.69% - Max: 122.17% - Min: -17.20% - Market Cap 11694 - Trading time: 00:02:11
06-09-2025 10:56:00.471 INFO Current price: 0.000000057635 - Current percentage: 22.25% - Max: 122.17% - Min: -17.20% - Market Cap 11748 - Trading time: 00:02:12
06-09-2025 10:56:04.030 INFO Current price: 0.000000057783 - Current percentage: 22.31% - Max: 122.17% - Min: -17.20% - Market Cap 11755 - Trading time: 00:02:16
06-09-2025 10:56:06.441 INFO Current price: 0.000000057897 - Current percentage: 22.73% - Max: 122.17% - Min: -17.20% - Market Cap 11795 - Trading time: 00:02:18
06-09-2025 10:56:06.884 INFO Current price: 0.000000058009 - Current percentage: 22.78% - Max: 122.17% - Min: -17.20% - Market Cap 11800 - Trading time: 00:02:19
06-09-2025 10:56:08.265 INFO Current price: 0.000000057985 - Current percentage: 22.63% - Max: 122.17% - Min: -17.20% - Market Cap 11785 - Trading time: 00:02:20
06-09-2025 10:56:10.157 INFO Current price: 0.000000057960 - Current percentage: 22.68% - Max: 122.17% - Min: -17.20% - Market Cap 11790 - Trading time: 00:02:22
06-09-2025 10:56:12.678 INFO Current price: 0.000000057878 - Current percentage: 22.28% - Max: 122.17% - Min: -17.20% - Market Cap 11751 - Trading time: 00:02:24
06-09-2025 10:56:14.016 INFO Current price: 0.000000056837 - Current percentage: 18.31% - Max: 122.17% - Min: -17.20% - Market Cap 11370 - Trading time: 00:02:26
06-09-2025 10:56:14.280 INFO Current price: 0.000000054596 - Current percentage: 12.82% - Max: 122.17% - Min: -17.20% - Market Cap 10843 - Trading time: 00:02:26
06-09-2025 10:56:16.544 INFO Current price: 0.000000053328 - Current percentage: 12.88% - Max: 122.17% - Min: -17.20% - Market Cap 10848 - Trading time: 00:02:28
06-09-2025 10:56:16.794 INFO Current price: 0.000000053353 - Current percentage: 12.93% - Max: 122.17% - Min: -17.20% - Market Cap 10853 - Trading time: 00:02:28
06-09-2025 10:56:24.189 INFO Current price: 0.000000053390 - Current percentage: 13.03% - Max: 122.17% - Min: -17.20% - Market Cap 10863 - Trading time: 00:02:36
06-09-2025 10:56:24.192 INFO Current price: 0.000000053437 - Current percentage: 13.13% - Max: 122.17% - Min: -17.20% - Market Cap 10872 - Trading time: 00:02:36
06-09-2025 10:56:24.197 INFO Current price: 0.000000053487 - Current percentage: 13.24% - Max: 122.17% - Min: -17.20% - Market Cap 10883 - Trading time: 00:02:36
06-09-2025 10:56:24.228 INFO Current price: 0.000000053538 - Current percentage: 13.35% - Max: 122.17% - Min: -17.20% - Market Cap 10893 - Trading time: 00:02:36
06-09-2025 10:56:24.291 INFO Current price: 0.000000053590 - Current percentage: 13.46% - Max: 122.17% - Min: -17.20% - Market Cap 10904 - Trading time: 00:02:36
06-09-2025 10:56:24.572 INFO Current price: 0.000000053649 - Current percentage: 13.60% - Max: 122.17% - Min: -17.20% - Market Cap 10917 - Trading time: 00:02:36
06-09-2025 10:56:25.826 INFO Current price: 0.000000053693 - Current percentage: 13.65% - Max: 122.17% - Min: -17.20% - Market Cap 10922 - Trading time: 00:02:38
06-09-2025 10:56:28.388 INFO Current price: 0.000000054982 - Current percentage: 19.11% - Max: 122.17% - Min: -17.20% - Market Cap 11447 - Trading time: 00:02:40
06-09-2025 10:56:29.706 INFO Current price: 0.000000056404 - Current percentage: 19.61% - Max: 122.17% - Min: -17.20% - Market Cap 11495 - Trading time: 00:02:41
06-09-2025 10:56:30.624 INFO Current price: 0.000000056844 - Current percentage: 20.98% - Max: 122.17% - Min: -17.20% - Market Cap 11627 - Trading time: 00:02:42
06-09-2025 10:56:30.634 INFO Current price: 0.000000058603 - Current percentage: 27.12% - Max: 122.17% - Min: -17.20% - Market Cap 12217 - Trading time: 00:02:42
06-09-2025 10:56:30.983 INFO Current price: 0.000000060512 - Current percentage: 28.99% - Max: 122.17% - Min: -17.20% - Market Cap 12396 - Trading time: 00:02:43
06-09-2025 10:56:31.200 INFO Current price: 0.000000061323 - Current percentage: 30.55% - Max: 122.17% - Min: -17.20% - Market Cap 12546 - Trading time: 00:02:43
06-09-2025 10:56:35.633 INFO Current price: 0.000000064400 - Current percentage: 42.26% - Max: 122.17% - Min: -17.20% - Market Cap 13672 - Trading time: 00:02:47
06-09-2025 10:56:35.755 INFO Current price: 0.000000067839 - Current percentage: 44.87% - Max: 122.17% - Min: -17.20% - Market Cap 13922 - Trading time: 00:02:47
06-09-2025 10:56:35.760 INFO Current price: 0.000000068635 - Current percentage: 45.62% - Max: 122.17% - Min: -17.20% - Market Cap 13995 - Trading time: 00:02:47
06-09-2025 10:56:35.763 INFO Current price: 0.000000068831 - Current percentage: 45.69% - Max: 122.17% - Min: -17.20% - Market Cap 14002 - Trading time: 00:02:47
06-09-2025 10:56:36.802 INFO Current price: 0.000000068862 - Current percentage: 45.75% - Max: 122.17% - Min: -17.20% - Market Cap 14007 - Trading time: 00:02:48
06-09-2025 10:56:38.098 INFO Current price: 0.000000068912 - Current percentage: 45.91% - Max: 122.17% - Min: -17.20% - Market Cap 14022 - Trading time: 00:02:50
06-09-2025 10:56:38.894 INFO Current price: 0.000000068882 - Current percentage: 45.63% - Max: 122.17% - Min: -17.20% - Market Cap 13995 - Trading time: 00:02:51
06-09-2025 10:56:41.348 INFO Current price: 0.000000068839 - Current percentage: 45.72% - Max: 122.17% - Min: -17.20% - Market Cap 14005 - Trading time: 00:02:53
06-09-2025 10:56:41.747 INFO Current price: 0.000000068877 - Current percentage: 45.79% - Max: 122.17% - Min: -17.20% - Market Cap 14010 - Trading time: 00:02:53
06-09-2025 10:56:42.534 INFO Current price: 0.000000068877 - Current percentage: 45.72% - Max: 122.17% - Min: -17.20% - Market Cap 14005 - Trading time: 00:02:54
06-09-2025 10:56:42.646 INFO Current price: 0.000000068809 - Current percentage: 45.50% - Max: 122.17% - Min: -17.20% - Market Cap 13983 - Trading time: 00:02:54
06-09-2025 10:56:43.309 INFO Current price: 0.000000065833 - Current percentage: 33.40% - Max: 122.17% - Min: -17.20% - Market Cap 12820 - Trading time: 00:02:55
06-09-2025 10:56:44.831 INFO Current price: 0.000000062970 - Current percentage: 33.12% - Max: 122.17% - Min: -17.20% - Market Cap 12793 - Trading time: 00:02:57
06-09-2025 10:56:45.222 INFO Current price: 0.000000063041 - Current percentage: 33.70% - Max: 122.17% - Min: -17.20% - Market Cap 12849 - Trading time: 00:02:57
06-09-2025 10:56:46.512 INFO Current price: 0.000000063147 - Current percentage: 33.56% - Max: 122.17% - Min: -17.20% - Market Cap 12836 - Trading time: 00:02:58
06-09-2025 10:56:46.745 INFO Current price: 0.000000064380 - Current percentage: 38.97% - Max: 122.17% - Min: -17.20% - Market Cap 13355 - Trading time: 00:02:58
06-09-2025 10:56:46.745 INFO Current price: 0.000000067173 - Current percentage: 45.40% - Max: 122.17% - Min: -17.20% - Market Cap 13974 - Trading time: 00:02:58
06-09-2025 10:56:51.299 INFO Current price: 0.000000068853 - Current percentage: 46.01% - Max: 122.17% - Min: -17.20% - Market Cap 14032 - Trading time: 00:03:03
06-09-2025 10:56:51.526 INFO Current price: 0.000000069139 - Current percentage: 46.61% - Max: 122.17% - Min: -17.20% - Market Cap 14090 - Trading time: 00:03:03
06-09-2025 10:56:51.627 INFO Current price: 0.000000069426 - Current percentage: 47.22% - Max: 122.17% - Min: -17.20% - Market Cap 14148 - Trading time: 00:03:03
06-09-2025 10:56:53.172 INFO Current price: 0.000000069584 - Current percentage: 47.28% - Max: 122.17% - Min: -17.20% - Market Cap 14154 - Trading time: 00:03:05
06-09-2025 10:56:54.920 INFO Current price: 0.000000068068 - Current percentage: 40.87% - Max: 122.17% - Min: -17.20% - Market Cap 13538 - Trading time: 00:03:07
06-09-2025 10:56:54.927 INFO Current price: 0.000000065106 - Current percentage: 34.75% - Max: 122.17% - Min: -17.20% - Market Cap 12949 - Trading time: 00:03:07
06-09-2025 10:56:56.084 INFO Current price: 0.000000063660 - Current percentage: 34.68% - Max: 122.17% - Min: -17.20% - Market Cap 12943 - Trading time: 00:03:08
06-09-2025 10:56:56.138 INFO Current price: 0.000000064341 - Current percentage: 37.64% - Max: 122.17% - Min: -17.20% - Market Cap 13228 - Trading time: 00:03:08
06-09-2025 10:56:56.142 INFO Current price: 0.000000065731 - Current percentage: 40.57% - Max: 122.17% - Min: -17.20% - Market Cap 13509 - Trading time: 00:03:08
06-09-2025 10:56:56.561 INFO Current price: 0.000000066277 - Current percentage: 39.94% - Max: 122.17% - Min: -17.20% - Market Cap 13449 - Trading time: 00:03:08
06-09-2025 10:56:56.846 INFO Current price: 0.000000066139 - Current percentage: 39.98% - Max: 122.17% - Min: -17.20% - Market Cap 13453 - Trading time: 00:03:09
06-09-2025 10:56:59.210 INFO Current price: 0.000000066162 - Current percentage: 40.04% - Max: 122.17% - Min: -17.20% - Market Cap 13458 - Trading time: 00:03:11
06-09-2025 10:57:01.511 INFO Current price: 0.000000065795 - Current percentage: 38.43% - Max: 122.17% - Min: -17.20% - Market Cap 13304 - Trading time: 00:03:13
06-09-2025 10:57:02.146 INFO Current price: 0.000000066222 - Current percentage: 41.86% - Max: 122.17% - Min: -17.20% - Market Cap 13633 - Trading time: 00:03:14
06-09-2025 10:57:02.146 INFO Current price: 0.000000067893 - Current percentage: 45.51% - Max: 122.17% - Min: -17.20% - Market Cap 13984 - Trading time: 00:03:14
06-09-2025 10:57:02.152 INFO Current price: 0.000000069538 - Current percentage: 48.82% - Max: 122.17% - Min: -17.20% - Market Cap 14302 - Trading time: 00:03:14
06-09-2025 10:57:02.193 INFO Current price: 0.000000071265 - Current percentage: 52.83% - Max: 122.17% - Min: -17.20% - Market Cap 14687 - Trading time: 00:03:14
06-09-2025 10:57:02.196 INFO Current price: 0.000000073128 - Current percentage: 56.70% - Max: 122.17% - Min: -17.20% - Market Cap 15059 - Trading time: 00:03:14
06-09-2025 10:57:04.683 INFO Current price: 0.000000074196 - Current percentage: 57.33% - Max: 122.17% - Min: -17.20% - Market Cap 15119 - Trading time: 00:03:16
06-09-2025 10:57:05.169 INFO Current price: 0.000000074586 - Current percentage: 58.35% - Max: 122.17% - Min: -17.20% - Market Cap 15218 - Trading time: 00:03:17
06-09-2025 10:57:13.240 INFO Current price: 0.000000074864 - Current percentage: 58.50% - Max: 122.17% - Min: -17.20% - Market Cap 15233 - Trading time: 00:03:25
06-09-2025 10:57:13.245 INFO Current price: 0.000000074936 - Current percentage: 58.65% - Max: 122.17% - Min: -17.20% - Market Cap 15247 - Trading time: 00:03:25
06-09-2025 10:57:13.248 INFO Current price: 0.000000075010 - Current percentage: 58.82% - Max: 122.17% - Min: -17.20% - Market Cap 15263 - Trading time: 00:03:25
06-09-2025 10:57:13.248 INFO Current price: 0.000000075087 - Current percentage: 58.98% - Max: 122.17% - Min: -17.20% - Market Cap 15278 - Trading time: 00:03:25
06-09-2025 10:57:13.254 INFO Current price: 0.000000074930 - Current percentage: 58.15% - Max: 122.17% - Min: -17.20% - Market Cap 15199 - Trading time: 00:03:25
06-09-2025 10:57:13.602 INFO Current price: 0.000000074808 - Current percentage: 58.46% - Max: 122.17% - Min: -17.20% - Market Cap 15229 - Trading time: 00:03:25
06-09-2025 10:57:15.403 INFO Current price: 0.000000074877 - Current percentage: 58.45% - Max: 122.17% - Min: -17.20% - Market Cap 15227 - Trading time: 00:03:27
06-09-2025 10:57:15.780 INFO Current price: 0.000000076365 - Current percentage: 64.82% - Max: 122.17% - Min: -17.20% - Market Cap 15840 - Trading time: 00:03:27
06-09-2025 10:57:16.612 INFO Current price: 0.000000078318 - Current percentage: 66.65% - Max: 122.17% - Min: -17.20% - Market Cap 16016 - Trading time: 00:03:28
06-09-2025 10:57:16.614 INFO Current price: 0.000000079192 - Current percentage: 68.52% - Max: 122.17% - Min: -17.20% - Market Cap 16195 - Trading time: 00:03:28
06-09-2025 10:57:16.616 INFO Current price: 0.000000080073 - Current percentage: 70.38% - Max: 122.17% - Min: -17.20% - Market Cap 16374 - Trading time: 00:03:28
06-09-2025 10:57:16.654 INFO Current price: 0.000000081015 - Current percentage: 72.51% - Max: 122.17% - Min: -17.20% - Market Cap 16578 - Trading time: 00:03:28
06-09-2025 10:57:16.655 INFO Current price: 0.000000082015 - Current percentage: 74.62% - Max: 122.17% - Min: -17.20% - Market Cap 16781 - Trading time: 00:03:28
06-09-2025 10:57:17.690 INFO Current price: 0.000000082828 - Current percentage: 75.94% - Max: 122.17% - Min: -17.20% - Market Cap 16909 - Trading time: 00:03:29
06-09-2025 10:57:20.470 INFO Current price: 0.000000082874 - Current percentage: 74.81% - Max: 122.17% - Min: -17.20% - Market Cap 16800 - Trading time: 00:03:32
06-09-2025 10:57:20.779 INFO Current price: 0.000000082766 - Current percentage: 75.49% - Max: 122.17% - Min: -17.20% - Market Cap 16865 - Trading time: 00:03:32
06-09-2025 10:57:23.129 INFO Current price: 0.000000082706 - Current percentage: 74.55% - Max: 122.17% - Min: -17.20% - Market Cap 16775 - Trading time: 00:03:35
06-09-2025 10:57:24.629 INFO Current price: 0.000000082385 - Current percentage: 74.13% - Max: 122.17% - Min: -17.20% - Market Cap 16734 - Trading time: 00:03:36
06-09-2025 10:57:25.024 INFO Current price: 0.000000082027 - Current percentage: 73.04% - Max: 122.17% - Min: -17.20% - Market Cap 16630 - Trading time: 00:03:37
06-09-2025 10:57:26.014 INFO Current price: 0.000000081752 - Current percentage: 72.96% - Max: 122.17% - Min: -17.20% - Market Cap 16622 - Trading time: 00:03:38
06-09-2025 10:57:27.779 INFO Current price: 0.000000081587 - Current percentage: 72.34% - Max: 122.17% - Min: -17.20% - Market Cap 16563 - Trading time: 00:03:39
06-09-2025 10:57:27.921 INFO Current price: 0.000000081339 - Current percentage: 71.91% - Max: 122.17% - Min: -17.20% - Market Cap 16521 - Trading time: 00:03:40
06-09-2025 10:57:29.576 INFO Current price: 0.000000080934 - Current percentage: 70.63% - Max: 122.17% - Min: -17.20% - Market Cap 16398 - Trading time: 00:03:41
06-09-2025 10:57:32.697 INFO Current price: 0.000000080604 - Current percentage: 70.52% - Max: 122.17% - Min: -17.20% - Market Cap 16387 - Trading time: 00:03:44
06-09-2025 10:57:38.523 INFO Current price: 0.000000080618 - Current percentage: 70.69% - Max: 122.17% - Min: -17.20% - Market Cap 16404 - Trading time: 00:03:50
06-09-2025 10:57:38.541 INFO Current price: 0.000000080701 - Current percentage: 70.87% - Max: 122.17% - Min: -17.20% - Market Cap 16421 - Trading time: 00:03:50
06-09-2025 10:57:38.541 INFO Current price: 0.000000080779 - Current percentage: 71.02% - Max: 122.17% - Min: -17.20% - Market Cap 16435 - Trading time: 00:03:50
06-09-2025 10:57:38.541 INFO Current price: 0.000000080851 - Current percentage: 71.17% - Max: 122.17% - Min: -17.20% - Market Cap 16450 - Trading time: 00:03:50
06-09-2025 10:57:42.958 INFO Current price: 0.000000076573 - Current percentage: 53.40% - Max: 122.17% - Min: -17.20% - Market Cap 14742 - Trading time: 00:03:55
06-09-2025 10:57:44.151 INFO Current price: 0.000000072571 - Current percentage: 53.11% - Max: 122.17% - Min: -17.20% - Market Cap 14714 - Trading time: 00:03:56
06-09-2025 10:57:45.689 INFO Current price: 0.000000070989 - Current percentage: 47.40% - Max: 122.17% - Min: -17.20% - Market Cap 14165 - Trading time: 00:03:57
06-09-2025 10:57:46.241 INFO Current price: 0.000000070012 - Current percentage: 48.92% - Max: 122.17% - Min: -17.20% - Market Cap 14312 - Trading time: 00:03:58
06-09-2025 10:57:46.948 INFO Current price: 0.000000070742 - Current percentage: 50.49% - Max: 122.17% - Min: -17.20% - Market Cap 14462 - Trading time: 00:03:59
06-09-2025 10:57:47.161 INFO Current price: 0.000000070938 - Current percentage: 49.75% - Max: 122.17% - Min: -17.20% - Market Cap 14391 - Trading time: 00:03:59
06-09-2025 10:57:53.387 INFO Current price: 0.000000070908 - Current percentage: 50.40% - Max: 122.17% - Min: -17.20% - Market Cap 14454 - Trading time: 00:04:05
06-09-2025 10:57:53.584 INFO Current price: 0.000000071198 - Current percentage: 51.02% - Max: 122.17% - Min: -17.20% - Market Cap 14513 - Trading time: 00:04:05
06-09-2025 10:57:54.054 INFO Current price: 0.000000070975 - Current percentage: 49.46% - Max: 122.17% - Min: -17.20% - Market Cap 14364 - Trading time: 00:04:06
06-09-2025 10:57:54.191 INFO Current price: 0.000000070606 - Current percentage: 49.46% - Max: 122.17% - Min: -17.20% - Market Cap 14363 - Trading time: 00:04:06
06-09-2025 10:57:54.296 INFO Current price: 0.000000070550 - Current percentage: 49.22% - Max: 122.17% - Min: -17.20% - Market Cap 14341 - Trading time: 00:04:06
06-09-2025 10:57:54.485 INFO Current price: 0.000000069945 - Current percentage: 46.90% - Max: 122.17% - Min: -17.20% - Market Cap 14118 - Trading time: 00:04:06
06-09-2025 10:57:56.081 INFO Current price: 0.000000066829 - Current percentage: 36.23% - Max: 122.17% - Min: -17.20% - Market Cap 13092 - Trading time: 00:04:08
06-09-2025 10:57:58.565 INFO Current price: 0.000000064493 - Current percentage: 36.81% - Max: 122.17% - Min: -17.20% - Market Cap 13148 - Trading time: 00:04:10
06-09-2025 10:57:58.650 INFO Current price: 0.000000064770 - Current percentage: 37.40% - Max: 122.17% - Min: -17.20% - Market Cap 13204 - Trading time: 00:04:10
06-09-2025 10:57:59.130 INFO Current price: 0.000000063894 - Current percentage: 33.13% - Max: 122.17% - Min: -17.20% - Market Cap 12795 - Trading time: 00:04:11
06-09-2025 10:57:59.132 INFO Current price: 0.000000061837 - Current percentage: 28.70% - Max: 122.17% - Min: -17.20% - Market Cap 12368 - Trading time: 00:04:11
06-09-2025 10:57:59.136 INFO Current price: 0.000000059805 - Current percentage: 24.53% - Max: 122.17% - Min: -17.20% - Market Cap 11968 - Trading time: 00:04:11
06-09-2025 10:57:59.153 INFO Current price: 0.000000057882 - Current percentage: 20.55% - Max: 122.17% - Min: -17.20% - Market Cap 11585 - Trading time: 00:04:11
06-09-2025 10:57:59.155 INFO Current price: 0.000000055994 - Current percentage: 16.54% - Max: 122.17% - Min: -17.20% - Market Cap 11199 - Trading time: 00:04:11
06-09-2025 10:57:59.445 INFO Current price: 0.000000054607 - Current percentage: 14.65% - Max: 122.17% - Min: -17.20% - Market Cap 11019 - Trading time: 00:04:11
06-09-2025 10:57:59.447 INFO Current price: 0.000000054039 - Current percentage: 14.13% - Max: 122.17% - Min: -17.20% - Market Cap 10968 - Trading time: 00:04:11
06-09-2025 10:58:01.338 INFO Current price: 0.000000053920 - Current percentage: 14.15% - Max: 122.17% - Min: -17.20% - Market Cap 10970 - Trading time: 00:04:13
06-09-2025 10:58:04.355 INFO Current price: 0.000000053917 - Current percentage: 14.11% - Max: 122.17% - Min: -17.20% - Market Cap 10967 - Trading time: 00:04:16
06-09-2025 10:58:06.094 INFO Current price: 0.000000054228 - Current percentage: 15.47% - Max: 122.17% - Min: -17.20% - Market Cap 11097 - Trading time: 00:04:18
06-09-2025 10:58:07.843 INFO Current price: 0.000000053460 - Current percentage: 10.90% - Max: 122.17% - Min: -17.20% - Market Cap 10658 - Trading time: 00:04:20
06-09-2025 10:58:07.844 INFO Current price: 0.000000051470 - Current percentage: 7.04% - Max: 122.17% - Min: -17.20% - Market Cap 10286 - Trading time: 00:04:20
06-09-2025 10:58:08.534 INFO Current price: 0.000000050687 - Current percentage: 7.55% - Max: 122.17% - Min: -17.20% - Market Cap 10336 - Trading time: 00:04:20
06-09-2025 10:58:08.534 INFO Current price: 0.000000052051 - Current percentage: 12.87% - Max: 122.17% - Min: -17.20% - Market Cap 10847 - Trading time: 00:04:20
06-09-2025 10:58:08.534 INFO Current price: 0.000000053231 - Current percentage: 12.49% - Max: 122.17% - Min: -17.20% - Market Cap 10811 - Trading time: 00:04:20
06-09-2025 10:58:08.535 INFO Current price: 0.000000052849 - Current percentage: 11.26% - Max: 122.17% - Min: -17.20% - Market Cap 10692 - Trading time: 00:04:20
06-09-2025 10:58:08.535 INFO Current price: 0.000000052477 - Current percentage: 10.91% - Max: 122.17% - Min: -17.20% - Market Cap 10659 - Trading time: 00:04:20
06-09-2025 10:58:08.639 INFO Current price: 0.000000052396 - Current percentage: 10.91% - Max: 122.17% - Min: -17.20% - Market Cap 10659 - Trading time: 00:04:20
06-09-2025 10:58:09.152 INFO Current price: 0.000000052398 - Current percentage: 10.92% - Max: 122.17% - Min: -17.20% - Market Cap 10660 - Trading time: 00:04:21
06-09-2025 10:58:10.103 INFO Current price: 0.000000052302 - Current percentage: 10.51% - Max: 122.17% - Min: -17.20% - Market Cap 10620 - Trading time: 00:04:22
06-09-2025 10:58:14.131 INFO Current price: 0.000000053463 - Current percentage: 15.90% - Max: 122.17% - Min: -17.20% - Market Cap 11138 - Trading time: 00:04:26
06-09-2025 10:58:14.218 INFO Current price: 0.000000055179 - Current percentage: 17.72% - Max: 122.17% - Min: -17.20% - Market Cap 11313 - Trading time: 00:04:26
06-09-2025 10:58:15.017 INFO Current price: 0.000000055932 - Current percentage: 19.08% - Max: 122.17% - Min: -17.20% - Market Cap 11444 - Trading time: 00:04:27
06-09-2025 10:58:15.232 INFO Current price: 0.000000056266 - Current percentage: 19.12% - Max: 122.17% - Min: -17.20% - Market Cap 11448 - Trading time: 00:04:27
06-09-2025 10:58:15.432 INFO Current price: 0.000000056405 - Current percentage: 19.67% - Max: 122.17% - Min: -17.20% - Market Cap 11501 - Trading time: 00:04:27
06-09-2025 10:58:15.876 INFO Current price: 0.000000056548 - Current percentage: 19.73% - Max: 122.17% - Min: -17.20% - Market Cap 11506 - Trading time: 00:04:28
06-09-2025 10:58:17.828 INFO Current price: 0.000000056563 - Current percentage: 19.74% - Max: 122.17% - Min: -17.20% - Market Cap 11507 - Trading time: 00:04:30
06-09-2025 10:58:22.628 INFO Current price: 0.000000053890 - Current percentage: 8.68% - Max: 122.17% - Min: -17.20% - Market Cap 10444 - Trading time: 00:04:34
06-09-2025 10:58:22.681 INFO Current price: 0.000000050958 - Current percentage: 7.06% - Max: 122.17% - Min: -17.20% - Market Cap 10289 - Trading time: 00:04:34
06-09-2025 10:58:23.175 INFO Current price: 0.000000051804 - Current percentage: 12.32% - Max: 122.17% - Min: -17.20% - Market Cap 10794 - Trading time: 00:04:35
06-09-2025 10:58:23.206 INFO Current price: 0.000000053467 - Current percentage: 14.05% - Max: 122.17% - Min: -17.20% - Market Cap 10960 - Trading time: 00:04:35
06-09-2025 10:58:23.263 INFO Current price: 0.000000054252 - Current percentage: 15.64% - Max: 122.17% - Min: -17.20% - Market Cap 11113 - Trading time: 00:04:35
06-09-2025 10:58:23.550 INFO Current price: 0.000000054319 - Current percentage: 14.33% - Max: 122.17% - Min: -17.20% - Market Cap 10988 - Trading time: 00:04:35
06-09-2025 10:58:25.663 INFO Current price: 0.000000053957 - Current percentage: 14.10% - Max: 122.17% - Min: -17.20% - Market Cap 10966 - Trading time: 00:04:37
06-09-2025 10:58:30.237 INFO Current price: 0.000000053905 - Current percentage: 14.11% - Max: 122.17% - Min: -17.20% - Market Cap 10966 - Trading time: 00:04:42
06-09-2025 10:58:31.344 INFO Current price: 0.000000054032 - Current percentage: 14.64% - Max: 122.17% - Min: -17.20% - Market Cap 11018 - Trading time: 00:04:43
06-09-2025 10:58:31.556 INFO Current price: 0.000000054286 - Current percentage: 15.18% - Max: 122.17% - Min: -17.20% - Market Cap 11069 - Trading time: 00:04:43
06-09-2025 10:58:31.774 INFO Current price: 0.000000055055 - Current percentage: 17.92% - Max: 122.17% - Min: -17.20% - Market Cap 11332 - Trading time: 00:04:43
06-09-2025 10:58:31.810 INFO Current price: 0.000000055706 - Current percentage: 17.92% - Max: 122.17% - Min: -17.20% - Market Cap 11333 - Trading time: 00:04:43
06-09-2025 10:58:33.561 INFO Current price: 0.000000055716 - Current percentage: 17.96% - Max: 122.17% - Min: -17.20% - Market Cap 11336 - Trading time: 00:04:45
06-09-2025 10:58:33.893 INFO Current price: 0.000000055698 - Current percentage: 17.85% - Max: 122.17% - Min: -17.20% - Market Cap 11325 - Trading time: 00:04:46
06-09-2025 10:58:34.254 INFO Current price: 0.000000056986 - Current percentage: 23.47% - Max: 122.17% - Min: -17.20% - Market Cap 11866 - Trading time: 00:04:46
06-09-2025 10:58:34.328 INFO Current price: 0.000000059660 - Current percentage: 29.17% - Max: 122.17% - Min: -17.20% - Market Cap 12413 - Trading time: 00:04:46
06-09-2025 10:58:35.701 INFO Current price: 0.000000061087 - Current percentage: 29.45% - Max: 122.17% - Min: -17.20% - Market Cap 12441 - Trading time: 00:04:47
06-09-2025 10:58:36.510 INFO Current price: 0.000000061182 - Current percentage: 29.57% - Max: 122.17% - Min: -17.20% - Market Cap 12452 - Trading time: 00:04:48
06-09-2025 10:58:40.341 INFO Current price: 0.000000060926 - Current percentage: 28.37% - Max: 122.17% - Min: -17.20% - Market Cap 12337 - Trading time: 00:04:52
06-09-2025 10:58:40.341 INFO Current price: 0.000000060513 - Current percentage: 27.82% - Max: 122.17% - Min: -17.20% - Market Cap 12284 - Trading time: 00:04:52
06-09-2025 10:58:40.844 INFO Current price: 0.000000060372 - Current percentage: 27.77% - Max: 122.17% - Min: -17.20% - Market Cap 12279 - Trading time: 00:04:53
06-09-2025 10:58:45.949 INFO Current price: 0.000000060329 - Current percentage: 27.64% - Max: 122.17% - Min: -17.20% - Market Cap 12266 - Trading time: 00:04:58
06-09-2025 10:58:46.633 INFO Current price: 0.000000060298 - Current percentage: 27.64% - Max: 122.17% - Min: -17.20% - Market Cap 12267 - Trading time: 00:04:58
06-09-2025 10:58:46.908 INFO Current price: 0.000000060301 - Current percentage: 27.65% - Max: 122.17% - Min: -17.20% - Market Cap 12267 - Trading time: 00:04:59
06-09-2025 10:58:47.202 INFO Current price: 0.000000060304 - Current percentage: 27.65% - Max: 122.17% - Min: -17.20% - Market Cap 12268 - Trading time: 00:04:59
06-09-2025 10:58:47.387 INFO Current price: 0.000000060306 - Current percentage: 27.66% - Max: 122.17% - Min: -17.20% - Market Cap 12268 - Trading time: 00:04:59
06-09-2025 10:58:47.659 INFO Current price: 0.000000060309 - Current percentage: 27.67% - Max: 122.17% - Min: -17.20% - Market Cap 12269 - Trading time: 00:04:59
06-09-2025 10:58:47.772 INFO Current price: 0.000000060312 - Current percentage: 27.67% - Max: 122.17% - Min: -17.20% - Market Cap 12270 - Trading time: 00:04:59
06-09-2025 10:58:49.410 INFO Current price: 0.000000060247 - Current percentage: 27.39% - Max: 122.17% - Min: -17.20% - Market Cap 12243 - Trading time: 00:05:01
06-09-2025 10:59:00.063 INFO Current price: 0.000000060085 - Current percentage: 26.98% - Max: 122.17% - Min: -17.20% - Market Cap 12204 - Trading time: 00:05:12
06-09-2025 10:59:00.095 INFO Current price: 0.000000059556 - Current percentage: 25.16% - Max: 122.17% - Min: -17.20% - Market Cap 12028 - Trading time: 00:05:12
06-09-2025 10:59:00.769 INFO Current price: 0.000000056834 - Current percentage: 15.64% - Max: 122.17% - Min: -17.20% - Market Cap 11114 - Trading time: 00:05:12
06-09-2025 10:59:00.836 INFO Current price: 0.000000054211 - Current percentage: 13.87% - Max: 122.17% - Min: -17.20% - Market Cap 10943 - Trading time: 00:05:13
06-09-2025 10:59:01.648 INFO Current price: 0.000000054464 - Current percentage: 16.72% - Max: 122.17% - Min: -17.20% - Market Cap 11218 - Trading time: 00:05:13
06-09-2025 10:59:01.655 INFO Current price: 0.000000055744 - Current percentage: 19.29% - Max: 122.17% - Min: -17.20% - Market Cap 11464 - Trading time: 00:05:13
06-09-2025 10:59:02.413 INFO Current price: 0.000000057646 - Current percentage: 24.83% - Max: 122.17% - Min: -17.20% - Market Cap 11996 - Trading time: 00:05:14
06-09-2025 10:59:02.469 INFO Current price: 0.000000059397 - Current percentage: 26.64% - Max: 122.17% - Min: -17.20% - Market Cap 12171 - Trading time: 00:05:14
06-09-2025 10:59:03.188 INFO Current price: 0.000000059838 - Current percentage: 26.69% - Max: 122.17% - Min: -17.20% - Market Cap 12175 - Trading time: 00:05:15
06-09-2025 10:59:05.875 INFO Current price: 0.000000059850 - Current percentage: 26.69% - Max: 122.17% - Min: -17.20% - Market Cap 12176 - Trading time: 00:05:18
06-09-2025 10:59:06.155 INFO Current price: 0.000000059853 - Current percentage: 26.70% - Max: 122.17% - Min: -17.20% - Market Cap 12176 - Trading time: 00:05:18
06-09-2025 10:59:06.486 INFO Current price: 0.000000059856 - Current percentage: 26.71% - Max: 122.17% - Min: -17.20% - Market Cap 12177 - Trading time: 00:05:18
06-09-2025 10:59:06.628 INFO Current price: 0.000000059858 - Current percentage: 26.71% - Max: 122.17% - Min: -17.20% - Market Cap 12177 - Trading time: 00:05:18
06-09-2025 10:59:06.868 INFO Current price: 0.000000059861 - Current percentage: 26.72% - Max: 122.17% - Min: -17.20% - Market Cap 12178 - Trading time: 00:05:19
06-09-2025 10:59:06.970 INFO Current price: 0.000000059876 - Current percentage: 26.77% - Max: 122.17% - Min: -17.20% - Market Cap 12183 - Trading time: 00:05:19
06-09-2025 10:59:07.078 INFO Current price: 0.000000059890 - Current percentage: 26.78% - Max: 122.17% - Min: -17.20% - Market Cap 12184 - Trading time: 00:05:19
06-09-2025 10:59:07.270 INFO Current price: 0.000000059893 - Current percentage: 26.78% - Max: 122.17% - Min: -17.20% - Market Cap 12184 - Trading time: 00:05:19
06-09-2025 10:59:07.537 INFO Current price: 0.000000059908 - Current percentage: 26.84% - Max: 122.17% - Min: -17.20% - Market Cap 12190 - Trading time: 00:05:19
06-09-2025 10:59:08.229 INFO Current price: 0.000000060286 - Current percentage: 28.39% - Max: 122.17% - Min: -17.20% - Market Cap 12339 - Trading time: 00:05:20
06-09-2025 10:59:08.233 INFO Current price: 0.000000060957 - Current percentage: 29.68% - Max: 122.17% - Min: -17.20% - Market Cap 12463 - Trading time: 00:05:20
06-09-2025 10:59:11.966 INFO Current price: 0.000000061251 - Current percentage: 29.63% - Max: 122.17% - Min: -17.20% - Market Cap 12458 - Trading time: 00:05:24
06-09-2025 10:59:13.623 INFO Current price: 0.000000061242 - Current percentage: 29.64% - Max: 122.17% - Min: -17.20% - Market Cap 12459 - Trading time: 00:05:25
06-09-2025 10:59:14.864 INFO Current price: 0.000000061211 - Current percentage: 29.50% - Max: 122.17% - Min: -17.20% - Market Cap 12446 - Trading time: 00:05:27
06-09-2025 10:59:16.169 INFO Current price: 0.000000061094 - Current percentage: 29.15% - Max: 122.17% - Min: -17.20% - Market Cap 12411 - Trading time: 00:05:28
06-09-2025 10:59:16.171 INFO Current price: 0.000000060927 - Current percentage: 28.80% - Max: 122.17% - Min: -17.20% - Market Cap 12378 - Trading time: 00:05:28
06-09-2025 10:59:21.952 INFO Current price: 0.000000059458 - Current percentage: 22.99% - Max: 122.17% - Min: -17.20% - Market Cap 11820 - Trading time: 00:05:34
06-09-2025 10:59:22.280 INFO Current price: 0.000000057691 - Current percentage: 21.25% - Max: 122.17% - Min: -17.20% - Market Cap 11653 - Trading time: 00:05:34
06-09-2025 10:59:23.590 INFO Current price: 0.000000057901 - Current percentage: 23.89% - Max: 122.17% - Min: -17.20% - Market Cap 11906 - Trading time: 00:05:35
06-09-2025 10:59:27.012 INFO Current price: 0.000000060506 - Current percentage: 32.41% - Max: 122.17% - Min: -17.20% - Market Cap 12725 - Trading time: 00:05:39
06-09-2025 10:59:27.108 INFO Current price: 0.000000063015 - Current percentage: 34.38% - Max: 122.17% - Min: -17.20% - Market Cap 12915 - Trading time: 00:05:39
06-09-2025 10:59:27.925 INFO Current price: 0.000000063495 - Current percentage: 34.43% - Max: 122.17% - Min: -17.20% - Market Cap 12919 - Trading time: 00:05:40
06-09-2025 10:59:34.260 INFO Current price: 0.000000063224 - Current percentage: 33.24% - Max: 122.17% - Min: -17.20% - Market Cap 12805 - Trading time: 00:05:46
06-09-2025 10:59:34.580 INFO Current price: 0.000000063628 - Current percentage: 36.15% - Max: 122.17% - Min: -17.20% - Market Cap 13084 - Trading time: 00:05:46
06-09-2025 10:59:35.224 INFO Current price: 0.000000064308 - Current percentage: 36.10% - Max: 122.17% - Min: -17.20% - Market Cap 13080 - Trading time: 00:05:47
06-09-2025 10:59:39.171 INFO Current price: 0.000000064436 - Current percentage: 36.69% - Max: 122.17% - Min: -17.20% - Market Cap 13137 - Trading time: 00:05:51
06-09-2025 10:59:45.162 INFO Current price: 0.000000063011 - Current percentage: 30.15% - Max: 122.17% - Min: -17.20% - Market Cap 12508 - Trading time: 00:05:57
06-09-2025 10:59:45.292 INFO Current price: 0.000000061037 - Current percentage: 28.26% - Max: 122.17% - Min: -17.20% - Market Cap 12327 - Trading time: 00:05:57
06-09-2025 10:59:45.336 INFO Current price: 0.000000059248 - Current percentage: 22.63% - Max: 122.17% - Min: -17.20% - Market Cap 11785 - Trading time: 00:05:57
06-09-2025 10:59:47.960 INFO Current price: 0.000000056543 - Current percentage: 16.82% - Max: 122.17% - Min: -17.20% - Market Cap 11227 - Trading time: 00:06:00
06-09-2025 10:59:52.491 INFO Current price: 0.000000054546 - Current percentage: 14.12% - Max: 122.17% - Min: -17.20% - Market Cap 10968 - Trading time: 00:06:04
06-09-2025 10:59:54.357 INFO Current price: 0.000000051809 - Current percentage: 5.39% - Max: 122.17% - Min: -17.20% - Market Cap 10128 - Trading time: 00:06:06
06-09-2025 10:59:55.820 INFO Current price: 0.000000048331 - Current percentage: -0.69% - Max: 122.17% - Min: -17.20% - Market Cap 9544 - Trading time: 00:06:07
06-09-2025 10:59:58.306 INFO Current price: 0.000000046901 - Current percentage: -0.75% - Max: 122.17% - Min: -17.20% - Market Cap 9538 - Trading time: 00:06:10
06-09-2025 10:59:59.116 INFO Current price: 0.000000044926 - Current percentage: -8.88% - Max: 122.17% - Min: -17.20% - Market Cap 8757 - Trading time: 00:06:11
06-09-2025 10:59:59.119 INFO Current price: 0.000000041326 - Current percentage: -16.02% - Max: 122.17% - Min: -17.20% - Market Cap 8071 - Trading time: 00:06:11
06-09-2025 10:59:59.511 INFO Current price: 0.000000039663 - Current percentage: -16.06% - Max: 122.17% - Min: -17.20% - Market Cap 8067 - Trading time: 00:06:11
06-09-2025 11:00:02.002 INFO Current price: 0.000000039639 - Current percentage: -16.12% - Max: 122.17% - Min: -17.20% - Market Cap 8061 - Trading time: 00:06:14
06-09-2025 11:00:02.758 INFO Current price: 0.000000038813 - Current percentage: -19.53% - Max: 122.17% - Min: -19.53% - Market Cap 7734 - Trading time: 00:06:14
06-09-2025 11:00:04.751 INFO Current price: 0.000000036768 - Current percentage: -24.73% - Max: 122.17% - Min: -24.73% - Market Cap 7234 - Trading time: 00:06:16
06-09-2025 11:00:04.754 INFO Current price: 0.000000034289 - Current percentage: -30.01% - Max: 122.17% - Min: -30.01% - Market Cap 6726 - Trading time: 00:06:16
06-09-2025 11:00:04.784 INFO Current price: 0.000000032616 - Current percentage: -31.89% - Max: 122.17% - Min: -31.89% - Market Cap 6545 - Trading time: 00:06:16
06-09-2025 11:00:05.813 INFO Current price: 0.000000032119 - Current percentage: -32.13% - Max: 122.17% - Min: -32.13% - Market Cap 6523 - Trading time: 00:06:17
06-09-2025 11:00:05.919 INFO Current price: 0.000000031985 - Current percentage: -32.46% - Max: 122.17% - Min: -32.46% - Market Cap 6491 - Trading time: 00:06:18
06-09-2025 11:00:06.960 INFO Current price: 0.000000031853 - Current percentage: -32.69% - Max: 122.17% - Min: -32.69% - Market Cap 6469 - Trading time: 00:06:19
06-09-2025 11:00:10.128 INFO Current price: 0.000000031773 - Current percentage: -32.80% - Max: 122.17% - Min: -32.80% - Market Cap 6458 - Trading time: 00:06:22
06-09-2025 11:00:10.184 INFO Current price: 0.000000031681 - Current percentage: -33.08% - Max: 122.17% - Min: -33.08% - Market Cap 6431 - Trading time: 00:06:22
06-09-2025 11:00:11.764 INFO Current price: 0.000000031604 - Current percentage: -33.12% - Max: 122.17% - Min: -33.12% - Market Cap 6427 - Trading time: 00:06:23
06-09-2025 11:00:15.281 INFO Current price: 0.000000031583 - Current percentage: -33.17% - Max: 122.17% - Min: -33.17% - Market Cap 6423 - Trading time: 00:06:27
06-09-2025 11:00:16.202 INFO Current price: 0.000000031529 - Current percentage: -33.35% - Max: 122.17% - Min: -33.35% - Market Cap 6405 - Trading time: 00:06:28
06-09-2025 11:00:17.659 INFO Current price: 0.000000031479 - Current percentage: -33.38% - Max: 122.17% - Min: -33.38% - Market Cap 6403 - Trading time: 00:06:29
06-09-2025 11:00:19.780 INFO Current price: 0.000000031466 - Current percentage: -33.41% - Max: 122.17% - Min: -33.41% - Market Cap 6399 - Trading time: 00:06:31
06-09-2025 11:00:20.833 INFO Current price: 0.000000031462 - Current percentage: -33.39% - Max: 122.17% - Min: -33.41% - Market Cap 6401 - Trading time: 00:06:33
06-09-2025 11:00:23.884 INFO Current price: 0.000000031416 - Current percentage: -33.60% - Max: 122.17% - Min: -33.60% - Market Cap 6381 - Trading time: 00:06:36
06-09-2025 11:00:29.422 INFO Current price: 0.000000031340 - Current percentage: -33.72% - Max: 122.17% - Min: -33.72% - Market Cap 6370 - Trading time: 00:06:41
06-09-2025 11:00:33.863 INFO Current price: 0.000000031277 - Current percentage: -33.87% - Max: 122.17% - Min: -33.87% - Market Cap 6355 - Trading time: 00:06:46
06-09-2025 11:00:36.195 INFO Current price: 0.000000031338 - Current percentage: -33.46% - Max: 122.17% - Min: -33.87% - Market Cap 6395 - Trading time: 00:06:48
06-09-2025 11:00:36.288 INFO Current price: 0.000000031054 - Current percentage: -35.06% - Max: 122.17% - Min: -35.06% - Market Cap 6241 - Trading time: 00:06:48
06-09-2025 11:00:38.040 INFO Current price: 0.000000030656 - Current percentage: -35.15% - Max: 122.17% - Min: -35.15% - Market Cap 6232 - Trading time: 00:06:50
06-09-2025 11:00:43.521 INFO Current price: 0.000000030627 - Current percentage: -35.18% - Max: 122.17% - Min: -35.18% - Market Cap 6229 - Trading time: 00:06:55
06-09-2025 11:00:48.936 INFO Current price: 0.000000030219 - Current percentage: -36.87% - Max: 122.17% - Min: -36.87% - Market Cap 6067 - Trading time: 00:07:01
06-09-2025 11:01:02.127 INFO Current price: 0.000000029819 - Current percentage: -36.89% - Max: 122.17% - Min: -36.89% - Market Cap 6065 - Trading time: 00:07:14
06-09-2025 11:01:02.815 INFO Current price: 0.000000029795 - Current percentage: -36.97% - Max: 122.17% - Min: -36.97% - Market Cap 6057 - Trading time: 00:07:14
06-09-2025 11:01:05.329 INFO Current price: 0.000000029760 - Current percentage: -37.08% - Max: 122.17% - Min: -37.08% - Market Cap 6047 - Trading time: 00:07:17
06-09-2025 11:01:14.100 INFO Current price: 0.000000029576 - Current percentage: -37.71% - Max: 122.17% - Min: -37.71% - Market Cap 5986 - Trading time: 00:07:26
06-09-2025 11:01:16.776 INFO Current price: 0.000000029286 - Current percentage: -38.31% - Max: 122.17% - Min: -38.31% - Market Cap 5929 - Trading time: 00:07:28
06-09-2025 11:01:43.854 INFO Current price: 0.000000028796 - Current percentage: -39.77% - Max: 122.17% - Min: -39.77% - Market Cap 5788 - Trading time: 00:07:56
06-09-2025 11:03:16.348 INFO Current price: 0.000000028451 - Current percentage: -39.78% - Max: 122.17% - Min: -39.78% - Market Cap 5787 - Trading time: 00:09:28
06-09-2025 11:03:49.043 INFO Current price: 0.000000028439 - Current percentage: -39.82% - Max: 122.17% - Min: -39.82% - Market Cap 5783 - Trading time: 00:10:01
06-09-2025 11:05:58.849 INFO Current price: 0.000000028428 - Current percentage: -39.82% - Max: 122.17% - Min: -39.82% - Market Cap 5783 - Trading time: 00:12:11






06-09-2025 11:13:47.822 INFO {"type":"summary","reason":"max_window","startedAt":"2025-09-06T08:53:47.821Z","endedAt":"2025-09-06T09:13:47.822Z","durationSec":1200,"entryPrice":5.1434321207829283e-8,"entryMarketCapSol":47.25508849993269,"entryMarketCapUsd":9610.267348231311,"minPct":-39.82437043378465,"maxPct":122.17204580028897,"buyCount":312,"sellCount":257,"tradeCount":569,"entryRecorded":true,"noPostThresholdTrades":false,"triggerAt":"2025-09-06T08:53:47.821Z","ageAtTriggerSec":12,"preTotalTrades":12,"preBuys":8,"preSells":4,"preUniqueTraders":9,"preEntryTotalTrades":21,"preEntryBuys":12,"preEntrySells":9,"preEntryUniqueTraders":13,"preEntryMinMcUsd":7831.511244680802,"preEntryMaxMcUsd":11385.296186174171,"thresholdMcSol":47.25508849993269,"thresholdMcUsd":9610.267348231311,"thresholdPrice":5.1434321207829283e-8}
