05-09-2025 23:06:47.667 INFO Entry price: 0.000000041771120746 - Entry market cap: 8244 - Buys 2 - Sells 0 - Ratio: 1:0.00 - Min MarketCap: 8819 - Max MarketCap: 8920
05-09-2025 23:06:47.667 INFO Current price: 0.000000041771 - Current percentage: 0.00% - Max: 0.00% - Min: 0.00% - Market Cap 8244 - Trading time: 00:00:02
05-09-2025 23:06:47.675 INFO Current price: 0.000000044510 - Current percentage: 14.85% - Max: 14.85% - Min: 0.00% - Market Cap 9468 - Trading time: 00:00:02
05-09-2025 23:06:47.677 INFO Current price: 0.000000047716 - Current percentage: 22.94% - Max: 22.94% - Min: 0.00% - Market Cap 10135 - Trading time: 00:00:02
05-09-2025 23:06:47.766 INFO Current price: 0.000000055001 - Current percentage: 52.60% - Max: 52.60% - Min: 0.00% - Market Cap 12580 - Trading time: 00:00:02
05-09-2025 23:06:47.835 INFO Current price: 0.000000060715 - Current percentage: 49.81% - Max: 52.60% - Min: 0.00% - Market Cap 12350 - Trading time: 00:00:02
05-09-2025 23:06:48.052 INFO Current price: 0.000000060290 - Current percentage: 50.47% - Max: 52.60% - Min: 0.00% - Market Cap 12405 - Trading time: 00:00:02
05-09-2025 23:06:49.078 INFO Current price: 0.000000056848 - Current percentage: 33.19% - Max: 52.60% - Min: 0.00% - Market Cap 10980 - Trading time: 00:00:03
05-09-2025 23:06:49.334 INFO Current price: 0.000000049727 - Current percentage: 15.14% - Max: 52.60% - Min: 0.00% - Market Cap 9492 - Trading time: 00:00:03
05-09-2025 23:06:50.675 INFO Current price: 0.000000045424 - Current percentage: 11.13% - Max: 52.60% - Min: 0.00% - Market Cap 9162 - Trading time: 00:00:05
05-09-2025 23:06:51.004 INFO Current price: 0.000000044543 - Current percentage: 10.71% - Max: 52.60% - Min: 0.00% - Market Cap 9127 - Trading time: 00:00:05
05-09-2025 23:06:52.350 INFO Current price: 0.000000041177 - Current percentage: -5.03% - Max: 52.60% - Min: -5.03% - Market Cap 7830 - Trading time: 00:00:06
05-09-2025 23:06:52.403 INFO Current price: 0.000000039266 - Current percentage: 0.68% - Max: 52.60% - Min: -5.03% - Market Cap 8300 - Trading time: 00:00:06
05-09-2025 23:06:52.404 INFO Current price: 0.000000041481 - Current percentage: 5.99% - Max: 52.60% - Min: -5.03% - Market Cap 8738 - Trading time: 00:00:06
05-09-2025 23:06:52.417 INFO Current price: 0.000000043661 - Current percentage: 11.54% - Max: 52.60% - Min: -5.03% - Market Cap 9195 - Trading time: 00:00:06
05-09-2025 23:06:53.298 INFO Current price: 0.000000041535 - Current percentage: -4.08% - Max: 52.60% - Min: -5.03% - Market Cap 7908 - Trading time: 00:00:07
05-09-2025 23:06:53.663 INFO Current price: 0.000000038528 - Current percentage: -4.03% - Max: 52.60% - Min: -5.03% - Market Cap 7912 - Trading time: 00:00:07
05-09-2025 23:06:53.667 INFO Current price: 0.000000038568 - Current percentage: -3.88% - Max: 52.60% - Min: -5.03% - Market Cap 7924 - Trading time: 00:00:08
05-09-2025 23:06:56.695 INFO Current price: 0.000000038597 - Current percentage: -3.88% - Max: 52.60% - Min: -5.03% - Market Cap 7924 - Trading time: 00:00:11
05-09-2025 23:07:00.041 INFO Current price: 0.000000036363 - Current percentage: -14.69% - Max: 52.60% - Min: -14.69% - Market Cap 7033 - Trading time: 00:00:14
05-09-2025 23:07:00.044 INFO Current price: 0.000000032488 - Current percentage: -23.28% - Max: 52.60% - Min: -23.28% - Market Cap 6325 - Trading time: 00:00:14
05-09-2025 23:07:00.102 INFO Current price: 0.000000029375 - Current percentage: -30.25% - Max: 52.60% - Min: -30.25% - Market Cap 5750 - Trading time: 00:00:14
05-09-2025 23:07:01.930 INFO Current price: 0.000000028002 - Current percentage: -30.28% - Max: 52.60% - Min: -30.28% - Market Cap 5747 - Trading time: 00:00:16
05-09-2025 23:07:01.946 INFO Current price: 0.000000027977 - Current percentage: -30.37% - Max: 52.60% - Min: -30.37% - Market Cap 5740 - Trading time: 00:00:16
05-09-2025 23:07:05.437 INFO Current price: 0.000000027959 - Current percentage: -30.37% - Max: 52.60% - Min: -30.37% - Market Cap 5740 - Trading time: 00:00:19
05-09-2025 23:07:07.642 INFO Current price: 0.000000028033 - Current percentage: -30.01% - Max: 52.60% - Min: -30.37% - Market Cap 5770 - Trading time: 00:00:21
05-09-2025 23:07:14.050 INFO Current price: 0.000000028198 - Current percentage: -29.55% - Max: 52.60% - Min: -30.37% - Market Cap 5808 - Trading time: 00:00:28
05-09-2025 23:07:30.216 INFO Current price: 0.000000028198 - Current percentage: -30.01% - Max: 52.60% - Min: -30.37% - Market Cap 5770 - Trading time: 00:00:44
05-09-2025 23:07:40.291 INFO Current price: 0.000000028033 - Current percentage: -30.37% - Max: 52.60% - Min: -30.37% - Market Cap 5740 - Trading time: 00:00:54






05-09-2025 23:09:40.291 INFO {"type":"summary","reason":"inactivity","startedAt":"2025-09-05T21:06:45.666Z","endedAt":"2025-09-05T21:09:40.291Z","durationSec":174,"entryPrice":4.177112074557249e-8,"entryMarketCapSol":40.15627742825421,"entryMarketCapUsd":8244.08375602059,"minPct":-30.37453851097579,"maxPct":52.59757652971252,"buyCount":13,"sellCount":15,"tradeCount":28,"entryRecorded":true,"noPostThresholdTrades":false,"triggerAt":"2025-09-05T21:06:45.666Z","ageAtTriggerSec":5,"preTotalTrades":1,"preBuys":1,"preSells":0,"preUniqueTraders":1,"preEntryTotalTrades":2,"preEntryBuys":2,"preEntrySells":0,"preEntryUniqueTraders":2,"preEntryMinMcUsd":8819.319114810825,"preEntryMaxMcUsd":8920.470452159112,"thresholdMcSol":40.15627742825421,"thresholdMcUsd":8244.08375602059,"thresholdPrice":4.177112074557249e-8}
