06-09-2025 07:04:19.962 INFO Entry price: 0.000000051678799668 - Entry market cap: 9294 - Buys 31 - Sells 15 - Ratio: 1:0.48 - Min MarketCap: 7107 - Max MarketCap: 11898
06-09-2025 07:04:19.962 INFO Current price: 0.000000051679 - Current percentage: 0.00% - Max: 0.00% - Min: 0.00% - Market Cap 9294 - Trading time: 00:00:02
06-09-2025 07:04:20.509 INFO Current price: 0.000000049624 - Current percentage: 14.10% - Max: 14.10% - Min: 0.00% - Market Cap 10604 - Trading time: 00:00:02
06-09-2025 07:04:22.105 INFO Current price: 0.000000051760 - Current percentage: 12.56% - Max: 14.10% - Min: 0.00% - Market Cap 10461 - Trading time: 00:00:04
06-09-2025 07:04:22.181 INFO Current price: 0.000000051079 - Current percentage: 11.11% - Max: 14.10% - Min: 0.00% - Market Cap 10327 - Trading time: 00:00:04
06-09-2025 07:04:22.250 INFO Current price: 0.000000050480 - Current percentage: 9.93% - Max: 14.10% - Min: 0.00% - Market Cap 10217 - Trading time: 00:00:04
06-09-2025 07:04:22.392 INFO Current price: 0.000000049482 - Current percentage: 6.76% - Max: 14.10% - Min: 0.00% - Market Cap 9922 - Trading time: 00:00:04
06-09-2025 07:04:22.396 INFO Current price: 0.000000048054 - Current percentage: 3.68% - Max: 14.10% - Min: 0.00% - Market Cap 9636 - Trading time: 00:00:04
06-09-2025 07:04:22.422 INFO Current price: 0.000000046682 - Current percentage: 0.76% - Max: 14.10% - Min: 0.00% - Market Cap 9364 - Trading time: 00:00:04
06-09-2025 07:04:22.432 INFO Current price: 0.000000045437 - Current percentage: -1.78% - Max: 14.10% - Min: -1.78% - Market Cap 9129 - Trading time: 00:00:04
06-09-2025 07:04:23.306 INFO Current price: 0.000000047223 - Current percentage: 8.83% - Max: 14.10% - Min: -1.78% - Market Cap 10115 - Trading time: 00:00:05
06-09-2025 07:04:23.309 INFO Current price: 0.000000052194 - Current percentage: 19.99% - Max: 19.99% - Min: -1.78% - Market Cap 11151 - Trading time: 00:00:05
06-09-2025 07:04:24.282 INFO Current price: 0.000000054804 - Current percentage: 19.99% - Max: 19.99% - Min: -1.78% - Market Cap 11152 - Trading time: 00:00:06
06-09-2025 07:04:24.284 INFO Current price: 0.000000054805 - Current percentage: 19.99% - Max: 19.99% - Min: -1.78% - Market Cap 11152 - Trading time: 00:00:06
06-09-2025 07:04:24.418 INFO Current price: 0.000000054807 - Current percentage: 20.00% - Max: 20.00% - Min: -1.78% - Market Cap 11152 - Trading time: 00:00:06
06-09-2025 07:04:24.429 INFO Current price: 0.000000054810 - Current percentage: 20.01% - Max: 20.01% - Min: -1.78% - Market Cap 11153 - Trading time: 00:00:06
06-09-2025 07:04:24.432 INFO Current price: 0.000000054813 - Current percentage: 20.01% - Max: 20.01% - Min: -1.78% - Market Cap 11154 - Trading time: 00:00:06
06-09-2025 07:04:24.437 INFO Current price: 0.000000054815 - Current percentage: 20.02% - Max: 20.02% - Min: -1.78% - Market Cap 11154 - Trading time: 00:00:06
06-09-2025 07:04:24.438 INFO Current price: 0.000000054818 - Current percentage: 20.02% - Max: 20.02% - Min: -1.78% - Market Cap 11155 - Trading time: 00:00:06
06-09-2025 07:04:24.442 INFO Current price: 0.000000054821 - Current percentage: 20.03% - Max: 20.03% - Min: -1.78% - Market Cap 11155 - Trading time: 00:00:06
06-09-2025 07:04:24.442 INFO Current price: 0.000000054822 - Current percentage: 20.03% - Max: 20.03% - Min: -1.78% - Market Cap 11155 - Trading time: 00:00:06
06-09-2025 07:04:24.444 INFO Current price: 0.000000054824 - Current percentage: 20.04% - Max: 20.04% - Min: -1.78% - Market Cap 11156 - Trading time: 00:00:06
06-09-2025 07:04:25.064 INFO Current price: 0.000000056372 - Current percentage: 26.90% - Max: 26.90% - Min: -1.78% - Market Cap 11794 - Trading time: 00:00:07
06-09-2025 07:04:25.194 INFO Current price: 0.000000058312 - Current percentage: 28.44% - Max: 28.44% - Min: -1.78% - Market Cap 11937 - Trading time: 00:00:07
06-09-2025 07:04:25.194 INFO Current price: 0.000000058287 - Current percentage: 26.79% - Max: 28.44% - Min: -1.78% - Market Cap 11784 - Trading time: 00:00:07
06-09-2025 07:04:25.197 INFO Current price: 0.000000057547 - Current percentage: 25.20% - Max: 28.44% - Min: -1.78% - Market Cap 11636 - Trading time: 00:00:07
06-09-2025 07:04:25.200 INFO Current price: 0.000000056825 - Current percentage: 23.63% - Max: 28.44% - Min: -1.78% - Market Cap 11490 - Trading time: 00:00:07
06-09-2025 07:04:25.200 INFO Current price: 0.000000056149 - Current percentage: 22.24% - Max: 28.44% - Min: -1.78% - Market Cap 11361 - Trading time: 00:00:07
06-09-2025 07:04:25.205 INFO Current price: 0.000000056133 - Current percentage: 23.56% - Max: 28.44% - Min: -1.78% - Market Cap 11483 - Trading time: 00:00:07
06-09-2025 07:04:25.248 INFO Current price: 0.000000056823 - Current percentage: 25.27% - Max: 28.44% - Min: -1.78% - Market Cap 11642 - Trading time: 00:00:07
06-09-2025 07:04:26.570 INFO Current price: 0.000000057227 - Current percentage: 25.32% - Max: 28.44% - Min: -1.78% - Market Cap 11647 - Trading time: 00:00:08
06-09-2025 07:04:26.570 INFO Current price: 0.000000057292 - Current percentage: 25.55% - Max: 28.44% - Min: -1.78% - Market Cap 11668 - Trading time: 00:00:08
06-09-2025 07:04:27.699 INFO Current price: 0.000000056698 - Current percentage: 22.73% - Max: 28.44% - Min: -1.78% - Market Cap 11407 - Trading time: 00:00:09
06-09-2025 07:04:27.702 INFO Current price: 0.000000055437 - Current percentage: 20.03% - Max: 28.44% - Min: -1.78% - Market Cap 11155 - Trading time: 00:00:09
06-09-2025 07:04:27.704 INFO Current price: 0.000000054211 - Current percentage: 17.37% - Max: 28.44% - Min: -1.78% - Market Cap 10908 - Trading time: 00:00:09
06-09-2025 07:04:27.753 INFO Current price: 0.000000053077 - Current percentage: 15.06% - Max: 28.44% - Min: -1.78% - Market Cap 10694 - Trading time: 00:00:09
06-09-2025 07:04:28.430 INFO Current price: 0.000000052804 - Current percentage: 16.16% - Max: 28.44% - Min: -1.78% - Market Cap 10796 - Trading time: 00:00:10
06-09-2025 07:04:28.772 INFO Current price: 0.000000054339 - Current percentage: 21.85% - Max: 28.44% - Min: -1.78% - Market Cap 11324 - Trading time: 00:00:10
06-09-2025 07:04:28.819 INFO Current price: 0.000000055653 - Current percentage: 21.85% - Max: 28.44% - Min: -1.78% - Market Cap 11324 - Trading time: 00:00:10
06-09-2025 07:04:28.819 INFO Current price: 0.000000055653 - Current percentage: 21.85% - Max: 28.44% - Min: -1.78% - Market Cap 11324 - Trading time: 00:00:10
06-09-2025 07:04:28.819 INFO Current price: 0.000000055652 - Current percentage: 21.85% - Max: 28.44% - Min: -1.78% - Market Cap 11324 - Trading time: 00:00:10
06-09-2025 07:04:28.819 INFO Current price: 0.000000055651 - Current percentage: 21.84% - Max: 28.44% - Min: -1.78% - Market Cap 11324 - Trading time: 00:00:10
06-09-2025 07:04:28.819 INFO Current price: 0.000000055650 - Current percentage: 21.84% - Max: 28.44% - Min: -1.78% - Market Cap 11324 - Trading time: 00:00:10
06-09-2025 07:04:28.821 INFO Current price: 0.000000055650 - Current percentage: 21.84% - Max: 28.44% - Min: -1.78% - Market Cap 11324 - Trading time: 00:00:10
06-09-2025 07:04:28.828 INFO Current price: 0.000000055649 - Current percentage: 21.84% - Max: 28.44% - Min: -1.78% - Market Cap 11323 - Trading time: 00:00:10
06-09-2025 07:04:28.901 INFO Current price: 0.000000055649 - Current percentage: 21.84% - Max: 28.44% - Min: -1.78% - Market Cap 11323 - Trading time: 00:00:10
06-09-2025 07:04:29.497 INFO Current price: 0.000000055648 - Current percentage: 21.84% - Max: 28.44% - Min: -1.78% - Market Cap 11323 - Trading time: 00:00:11
06-09-2025 07:04:29.499 INFO Current price: 0.000000055647 - Current percentage: 21.83% - Max: 28.44% - Min: -1.78% - Market Cap 11323 - Trading time: 00:00:11
06-09-2025 07:04:29.853 INFO Current price: 0.000000056315 - Current percentage: 24.78% - Max: 28.44% - Min: -1.78% - Market Cap 11597 - Trading time: 00:00:11
06-09-2025 07:04:29.907 INFO Current price: 0.000000057043 - Current percentage: 25.01% - Max: 28.44% - Min: -1.78% - Market Cap 11618 - Trading time: 00:00:11
06-09-2025 07:04:30.517 INFO Current price: 0.000000056757 - Current percentage: 23.53% - Max: 28.44% - Min: -1.78% - Market Cap 11481 - Trading time: 00:00:12
06-09-2025 07:04:30.537 INFO Current price: 0.000000056119 - Current percentage: 22.21% - Max: 28.44% - Min: -1.78% - Market Cap 11358 - Trading time: 00:00:12
06-09-2025 07:04:30.537 INFO Current price: 0.000000055948 - Current percentage: 22.78% - Max: 28.44% - Min: -1.78% - Market Cap 11411 - Trading time: 00:00:12
06-09-2025 07:04:31.050 INFO Current price: 0.000000055575 - Current percentage: 20.59% - Max: 28.44% - Min: -1.78% - Market Cap 11207 - Trading time: 00:00:13
06-09-2025 07:04:31.055 INFO Current price: 0.000000054593 - Current percentage: 18.47% - Max: 28.44% - Min: -1.78% - Market Cap 11011 - Trading time: 00:00:13
06-09-2025 07:04:31.057 INFO Current price: 0.000000053631 - Current percentage: 16.38% - Max: 28.44% - Min: -1.78% - Market Cap 10816 - Trading time: 00:00:13
06-09-2025 07:04:31.065 INFO Current price: 0.000000052736 - Current percentage: 14.55% - Max: 28.44% - Min: -1.78% - Market Cap 10646 - Trading time: 00:00:13
06-09-2025 07:04:32.380 INFO Current price: 0.000000054871 - Current percentage: 25.99% - Max: 28.44% - Min: -1.78% - Market Cap 11709 - Trading time: 00:00:14
06-09-2025 07:04:32.440 INFO Current price: 0.000000062225 - Current percentage: 47.32% - Max: 47.32% - Min: -1.78% - Market Cap 13691 - Trading time: 00:00:14
06-09-2025 07:04:32.659 INFO Current price: 0.000000067285 - Current percentage: 47.32% - Max: 47.32% - Min: -1.78% - Market Cap 13691 - Trading time: 00:00:14
06-09-2025 07:04:34.076 INFO Current price: 0.000000067285 - Current percentage: 47.31% - Max: 47.32% - Min: -1.78% - Market Cap 13691 - Trading time: 00:00:16
06-09-2025 07:04:34.145 INFO Current price: 0.000000067284 - Current percentage: 47.31% - Max: 47.32% - Min: -1.78% - Market Cap 13691 - Trading time: 00:00:16
06-09-2025 07:04:34.149 INFO Current price: 0.000000067283 - Current percentage: 47.31% - Max: 47.32% - Min: -1.78% - Market Cap 13691 - Trading time: 00:00:16
06-09-2025 07:04:34.152 INFO Current price: 0.000000067282 - Current percentage: 47.31% - Max: 47.32% - Min: -1.78% - Market Cap 13690 - Trading time: 00:00:16
06-09-2025 07:04:34.152 INFO Current price: 0.000000067281 - Current percentage: 47.31% - Max: 47.32% - Min: -1.78% - Market Cap 13690 - Trading time: 00:00:16
06-09-2025 07:04:34.154 INFO Current price: 0.000000067280 - Current percentage: 47.30% - Max: 47.32% - Min: -1.78% - Market Cap 13690 - Trading time: 00:00:16
06-09-2025 07:04:34.156 INFO Current price: 0.000000067279 - Current percentage: 47.30% - Max: 47.32% - Min: -1.78% - Market Cap 13690 - Trading time: 00:00:16
06-09-2025 07:04:34.159 INFO Current price: 0.000000067277 - Current percentage: 47.30% - Max: 47.32% - Min: -1.78% - Market Cap 13690 - Trading time: 00:00:16
06-09-2025 07:04:34.160 INFO Current price: 0.000000067277 - Current percentage: 47.30% - Max: 47.32% - Min: -1.78% - Market Cap 13689 - Trading time: 00:00:16
06-09-2025 07:04:34.636 INFO Current price: 0.000000067276 - Current percentage: 47.29% - Max: 47.32% - Min: -1.78% - Market Cap 13689 - Trading time: 00:00:16
06-09-2025 07:04:35.472 INFO Current price: 0.000000067434 - Current percentage: 47.99% - Max: 47.99% - Min: -1.78% - Market Cap 13754 - Trading time: 00:00:17
06-09-2025 07:04:35.479 INFO Current price: 0.000000067753 - Current percentage: 48.69% - Max: 48.69% - Min: -1.78% - Market Cap 13819 - Trading time: 00:00:17
06-09-2025 07:04:35.584 INFO Current price: 0.000000066288 - Current percentage: 41.66% - Max: 48.69% - Min: -1.78% - Market Cap 13166 - Trading time: 00:00:17
06-09-2025 07:04:35.595 INFO Current price: 0.000000064858 - Current percentage: 42.34% - Max: 48.69% - Min: -1.78% - Market Cap 13229 - Trading time: 00:00:17
06-09-2025 07:04:35.597 INFO Current price: 0.000000066404 - Current percentage: 48.49% - Max: 48.69% - Min: -1.78% - Market Cap 13801 - Trading time: 00:00:17
06-09-2025 07:04:36.321 INFO Current price: 0.000000068178 - Current percentage: 50.05% - Max: 50.05% - Min: -1.78% - Market Cap 13945 - Trading time: 00:00:18
06-09-2025 07:04:36.718 INFO Current price: 0.000000071388 - Current percentage: 62.81% - Max: 62.81% - Min: -1.78% - Market Cap 15131 - Trading time: 00:00:18
06-09-2025 07:04:36.779 INFO Current price: 0.000000075133 - Current percentage: 66.21% - Max: 66.21% - Min: -1.78% - Market Cap 15447 - Trading time: 00:00:18
06-09-2025 07:04:37.127 INFO Current price: 0.000000075930 - Current percentage: 66.28% - Max: 66.28% - Min: -1.78% - Market Cap 15453 - Trading time: 00:00:19
06-09-2025 07:04:37.497 INFO Current price: 0.000000076246 - Current percentage: 67.59% - Max: 67.59% - Min: -1.78% - Market Cap 15576 - Trading time: 00:00:19
06-09-2025 07:04:37.499 INFO Current price: 0.000000076623 - Current percentage: 67.93% - Max: 67.93% - Min: -1.78% - Market Cap 15607 - Trading time: 00:00:19
06-09-2025 07:04:37.551 INFO Current price: 0.000000076849 - Current percentage: 68.59% - Max: 68.59% - Min: -1.78% - Market Cap 15668 - Trading time: 00:00:19
06-09-2025 07:04:38.724 INFO Current price: 0.000000077303 - Current percentage: 69.91% - Max: 69.91% - Min: -1.78% - Market Cap 15791 - Trading time: 00:00:20
06-09-2025 07:04:38.747 INFO Current price: 0.000000077606 - Current percentage: 69.91% - Max: 69.91% - Min: -1.78% - Market Cap 15791 - Trading time: 00:00:20
06-09-2025 07:04:38.747 INFO Current price: 0.000000077605 - Current percentage: 69.91% - Max: 69.91% - Min: -1.78% - Market Cap 15791 - Trading time: 00:00:20
06-09-2025 07:04:38.837 INFO Current price: 0.000000077603 - Current percentage: 69.91% - Max: 69.91% - Min: -1.78% - Market Cap 15791 - Trading time: 00:00:20
06-09-2025 07:04:38.847 INFO Current price: 0.000000077602 - Current percentage: 69.90% - Max: 69.91% - Min: -1.78% - Market Cap 15790 - Trading time: 00:00:20
06-09-2025 07:04:38.847 INFO Current price: 0.000000077601 - Current percentage: 69.90% - Max: 69.91% - Min: -1.78% - Market Cap 15790 - Trading time: 00:00:20
06-09-2025 07:04:38.847 INFO Current price: 0.000000077599 - Current percentage: 69.90% - Max: 69.91% - Min: -1.78% - Market Cap 15790 - Trading time: 00:00:20
06-09-2025 07:04:38.900 INFO Current price: 0.000000077750 - Current percentage: 70.56% - Max: 70.56% - Min: -1.78% - Market Cap 15852 - Trading time: 00:00:20
06-09-2025 07:04:39.002 INFO Current price: 0.000000077902 - Current percentage: 70.56% - Max: 70.56% - Min: -1.78% - Market Cap 15851 - Trading time: 00:00:21
06-09-2025 07:04:39.002 INFO Current price: 0.000000077901 - Current percentage: 70.56% - Max: 70.56% - Min: -1.78% - Market Cap 15851 - Trading time: 00:00:21
06-09-2025 07:04:39.094 INFO Current price: 0.000000078052 - Current percentage: 71.22% - Max: 71.22% - Min: -1.78% - Market Cap 15913 - Trading time: 00:00:21
06-09-2025 07:04:39.123 INFO Current price: 0.000000078204 - Current percentage: 71.22% - Max: 71.22% - Min: -1.78% - Market Cap 15913 - Trading time: 00:00:21
06-09-2025 07:04:39.127 INFO Current price: 0.000000078203 - Current percentage: 71.22% - Max: 71.22% - Min: -1.78% - Market Cap 15913 - Trading time: 00:00:21
06-09-2025 07:04:39.183 INFO Current price: 0.000000078355 - Current percentage: 71.89% - Max: 71.89% - Min: -1.78% - Market Cap 15975 - Trading time: 00:00:21
06-09-2025 07:04:39.365 INFO Current price: 0.000000078170 - Current percentage: 70.41% - Max: 71.89% - Min: -1.78% - Market Cap 15838 - Trading time: 00:00:21
06-09-2025 07:04:39.461 INFO Current price: 0.000000077506 - Current percentage: 68.98% - Max: 71.89% - Min: -1.78% - Market Cap 15705 - Trading time: 00:00:21
06-09-2025 07:04:39.461 INFO Current price: 0.000000076854 - Current percentage: 67.56% - Max: 71.89% - Min: -1.78% - Market Cap 15572 - Trading time: 00:00:21
06-09-2025 07:04:39.518 INFO Current price: 0.000000076240 - Current percentage: 66.29% - Max: 71.89% - Min: -1.78% - Market Cap 15454 - Trading time: 00:00:21
06-09-2025 07:04:39.523 INFO Current price: 0.000000075535 - Current percentage: 64.47% - Max: 71.89% - Min: -1.78% - Market Cap 15286 - Trading time: 00:00:21
06-09-2025 07:04:39.526 INFO Current price: 0.000000079602 - Current percentage: 84.68% - Max: 84.68% - Min: -1.78% - Market Cap 17164 - Trading time: 00:00:21
06-09-2025 07:04:39.911 INFO Current price: 0.000000087516 - Current percentage: 98.80% - Max: 98.80% - Min: -1.78% - Market Cap 18476 - Trading time: 00:00:21
06-09-2025 07:04:40.439 INFO Current price: 0.000000090979 - Current percentage: 99.58% - Max: 99.58% - Min: -1.78% - Market Cap 18549 - Trading time: 00:00:22
06-09-2025 07:04:40.441 INFO Current price: 0.000000091308 - Current percentage: 100.24% - Max: 100.24% - Min: -1.78% - Market Cap 18610 - Trading time: 00:00:22
06-09-2025 07:04:40.589 INFO Current price: 0.000000091460 - Current percentage: 100.24% - Max: 100.24% - Min: -1.78% - Market Cap 18610 - Trading time: 00:00:22
06-09-2025 07:04:40.748 INFO Current price: 0.000000091623 - Current percentage: 100.96% - Max: 100.96% - Min: -1.78% - Market Cap 18677 - Trading time: 00:00:22
06-09-2025 07:04:40.832 INFO Current price: 0.000000091775 - Current percentage: 100.91% - Max: 100.96% - Min: -1.78% - Market Cap 18672 - Trading time: 00:00:22
06-09-2025 07:04:41.048 INFO Current price: 0.000000092101 - Current percentage: 102.39% - Max: 102.39% - Min: -1.78% - Market Cap 18810 - Trading time: 00:00:23
06-09-2025 07:04:41.071 INFO Current price: 0.000000092444 - Current percentage: 102.41% - Max: 102.41% - Min: -1.78% - Market Cap 18811 - Trading time: 00:00:23
06-09-2025 07:04:41.125 INFO Current price: 0.000000093276 - Current percentage: 106.05% - Max: 106.05% - Min: -1.78% - Market Cap 19150 - Trading time: 00:00:23
06-09-2025 07:04:41.386 INFO Current price: 0.000000093713 - Current percentage: 104.31% - Max: 106.05% - Min: -1.78% - Market Cap 18988 - Trading time: 00:00:23
06-09-2025 07:04:41.389 INFO Current price: 0.000000092926 - Current percentage: 102.61% - Max: 106.05% - Min: -1.78% - Market Cap 18830 - Trading time: 00:00:23
06-09-2025 07:04:41.393 INFO Current price: 0.000000092156 - Current percentage: 100.94% - Max: 106.05% - Min: -1.78% - Market Cap 18674 - Trading time: 00:00:23
06-09-2025 07:04:41.406 INFO Current price: 0.000000091433 - Current percentage: 99.44% - Max: 106.05% - Min: -1.78% - Market Cap 18535 - Trading time: 00:00:23
06-09-2025 07:04:41.954 INFO Current price: 0.000000091256 - Current percentage: 100.16% - Max: 106.05% - Min: -1.78% - Market Cap 18602 - Trading time: 00:00:23
06-09-2025 07:04:42.192 INFO Current price: 0.000000092245 - Current percentage: 103.78% - Max: 106.05% - Min: -1.78% - Market Cap 18939 - Trading time: 00:00:24
06-09-2025 07:04:42.475 INFO Current price: 0.000000092559 - Current percentage: 101.52% - Max: 106.05% - Min: -1.78% - Market Cap 18729 - Trading time: 00:00:24
06-09-2025 07:04:42.731 INFO Current price: 0.000000091535 - Current percentage: 99.30% - Max: 106.05% - Min: -1.78% - Market Cap 18523 - Trading time: 00:00:24
06-09-2025 07:04:43.096 INFO Current price: 0.000000091194 - Current percentage: 100.02% - Max: 106.05% - Min: -1.78% - Market Cap 18590 - Trading time: 00:00:25
06-09-2025 07:04:43.367 INFO Current price: 0.000000091441 - Current percentage: 100.38% - Max: 106.05% - Min: -1.78% - Market Cap 18623 - Trading time: 00:00:25
06-09-2025 07:04:43.512 INFO Current price: 0.000000091313 - Current percentage: 99.46% - Max: 106.05% - Min: -1.78% - Market Cap 18538 - Trading time: 00:00:25
06-09-2025 07:04:43.516 INFO Current price: 0.000000090835 - Current percentage: 98.29% - Max: 106.05% - Min: -1.78% - Market Cap 18429 - Trading time: 00:00:25
06-09-2025 07:04:44.237 INFO Current price: 0.000000090230 - Current percentage: 96.81% - Max: 106.05% - Min: -1.78% - Market Cap 18291 - Trading time: 00:00:26
06-09-2025 07:04:44.310 INFO Current price: 0.000000089560 - Current percentage: 95.36% - Max: 106.05% - Min: -1.78% - Market Cap 18157 - Trading time: 00:00:26
06-09-2025 07:04:44.310 INFO Current price: 0.000000088934 - Current percentage: 94.07% - Max: 106.05% - Min: -1.78% - Market Cap 18036 - Trading time: 00:00:26
06-09-2025 07:04:44.313 INFO Current price: 0.000000088316 - Current percentage: 92.66% - Max: 106.05% - Min: -1.78% - Market Cap 17905 - Trading time: 00:00:26
06-09-2025 07:04:44.419 INFO Current price: 0.000000088011 - Current percentage: 92.73% - Max: 106.05% - Min: -1.78% - Market Cap 17912 - Trading time: 00:00:26
06-09-2025 07:04:44.605 INFO Current price: 0.000000085098 - Current percentage: 80.11% - Max: 106.05% - Min: -1.78% - Market Cap 16739 - Trading time: 00:00:26
06-09-2025 07:04:44.701 INFO Current price: 0.000000080457 - Current percentage: 72.28% - Max: 106.05% - Min: -1.78% - Market Cap 16011 - Trading time: 00:00:26
06-09-2025 07:04:45.071 INFO Current price: 0.000000078671 - Current percentage: 72.21% - Max: 106.05% - Min: -1.78% - Market Cap 16005 - Trading time: 00:00:27
06-09-2025 07:04:45.511 INFO Current price: 0.000000079419 - Current percentage: 75.57% - Max: 106.05% - Min: -1.78% - Market Cap 16317 - Trading time: 00:00:27
06-09-2025 07:04:45.681 INFO Current price: 0.000000082432 - Current percentage: 85.52% - Max: 106.05% - Min: -1.78% - Market Cap 17242 - Trading time: 00:00:27
06-09-2025 07:04:45.706 INFO Current price: 0.000000087191 - Current percentage: 96.43% - Max: 106.05% - Min: -1.78% - Market Cap 18256 - Trading time: 00:00:27
06-09-2025 07:04:45.739 INFO Current price: 0.000000092982 - Current percentage: 110.99% - Max: 110.99% - Min: -1.78% - Market Cap 19609 - Trading time: 00:00:27
06-09-2025 07:04:45.859 INFO Current price: 0.000000098286 - Current percentage: 119.48% - Max: 119.48% - Min: -1.78% - Market Cap 20398 - Trading time: 00:00:27
06-09-2025 07:04:45.861 INFO Current price: 0.000000102204 - Current percentage: 128.14% - Max: 128.14% - Min: -1.78% - Market Cap 21203 - Trading time: 00:00:27
06-09-2025 07:04:45.863 INFO Current price: 0.000000106198 - Current percentage: 136.97% - Max: 136.97% - Min: -1.78% - Market Cap 22023 - Trading time: 00:00:27
06-09-2025 07:04:46.300 INFO Current price: 0.000000107734 - Current percentage: 134.79% - Max: 136.97% - Min: -1.78% - Market Cap 21820 - Trading time: 00:00:28
06-09-2025 07:04:46.531 INFO Current price: 0.000000107575 - Current percentage: 136.27% - Max: 136.97% - Min: -1.78% - Market Cap 21959 - Trading time: 00:00:28
06-09-2025 07:04:46.619 INFO Current price: 0.000000108095 - Current percentage: 137.06% - Max: 137.06% - Min: -1.78% - Market Cap 22032 - Trading time: 00:00:28
06-09-2025 07:04:46.989 INFO Current price: 0.000000108633 - Current percentage: 138.63% - Max: 138.63% - Min: -1.78% - Market Cap 22178 - Trading time: 00:00:29
06-09-2025 07:04:47.535 INFO Current price: 0.000000111691 - Current percentage: 150.59% - Max: 150.59% - Min: -1.78% - Market Cap 23290 - Trading time: 00:00:29
06-09-2025 07:04:47.885 INFO Current price: 0.000000113144 - Current percentage: 144.88% - Max: 150.59% - Min: -1.78% - Market Cap 22758 - Trading time: 00:00:29
06-09-2025 07:04:47.889 INFO Current price: 0.000000112036 - Current percentage: 145.71% - Max: 150.59% - Min: -1.78% - Market Cap 22836 - Trading time: 00:00:29
06-09-2025 07:04:47.889 INFO Current price: 0.000000112401 - Current percentage: 146.48% - Max: 150.59% - Min: -1.78% - Market Cap 22907 - Trading time: 00:00:29
06-09-2025 07:04:47.912 INFO Current price: 0.000000112152 - Current percentage: 144.63% - Max: 150.59% - Min: -1.78% - Market Cap 22735 - Trading time: 00:00:29
06-09-2025 07:04:47.988 INFO Current price: 0.000000111318 - Current percentage: 142.82% - Max: 150.59% - Min: -1.78% - Market Cap 22567 - Trading time: 00:00:30
06-09-2025 07:04:47.992 INFO Current price: 0.000000110499 - Current percentage: 141.04% - Max: 150.59% - Min: -1.78% - Market Cap 22402 - Trading time: 00:00:30
06-09-2025 07:04:48.016 INFO Current price: 0.000000109729 - Current percentage: 139.45% - Max: 150.59% - Min: -1.78% - Market Cap 22254 - Trading time: 00:00:30
06-09-2025 07:04:48.572 INFO Current price: 0.000000109726 - Current percentage: 141.03% - Max: 150.59% - Min: -1.78% - Market Cap 22401 - Trading time: 00:00:30
06-09-2025 07:04:48.824 INFO Current price: 0.000000109870 - Current percentage: 140.08% - Max: 150.59% - Min: -1.78% - Market Cap 22312 - Trading time: 00:00:30
06-09-2025 07:04:48.857 INFO Current price: 0.000000109672 - Current percentage: 140.16% - Max: 150.59% - Min: -1.78% - Market Cap 22320 - Trading time: 00:00:30
06-09-2025 07:04:49.396 INFO Current price: 0.000000109699 - Current percentage: 140.20% - Max: 150.59% - Min: -1.78% - Market Cap 22323 - Trading time: 00:00:31
06-09-2025 07:04:49.445 INFO Current price: 0.000000111513 - Current percentage: 148.17% - Max: 150.59% - Min: -1.78% - Market Cap 23064 - Trading time: 00:00:31
06-09-2025 07:04:49.894 INFO Current price: 0.000000112970 - Current percentage: 146.51% - Max: 150.59% - Min: -1.78% - Market Cap 22910 - Trading time: 00:00:31
06-09-2025 07:04:49.899 INFO Current price: 0.000000112217 - Current percentage: 144.87% - Max: 150.59% - Min: -1.78% - Market Cap 22757 - Trading time: 00:00:31
06-09-2025 07:04:49.899 INFO Current price: 0.000000111464 - Current percentage: 143.22% - Max: 150.59% - Min: -1.78% - Market Cap 22604 - Trading time: 00:00:31
06-09-2025 07:04:49.949 INFO Current price: 0.000000110755 - Current percentage: 141.76% - Max: 150.59% - Min: -1.78% - Market Cap 22469 - Trading time: 00:00:31
06-09-2025 07:04:50.159 INFO Current price: 0.000000112234 - Current percentage: 149.76% - Max: 150.59% - Min: -1.78% - Market Cap 23212 - Trading time: 00:00:32
06-09-2025 07:04:50.437 INFO Current price: 0.000000114995 - Current percentage: 153.80% - Max: 153.80% - Min: -1.78% - Market Cap 23588 - Trading time: 00:00:32
06-09-2025 07:04:50.479 INFO Current price: 0.000000112910 - Current percentage: 140.78% - Max: 153.80% - Min: -1.78% - Market Cap 22378 - Trading time: 00:00:32
06-09-2025 07:04:50.860 INFO Current price: 0.000000109757 - Current percentage: 139.83% - Max: 153.80% - Min: -1.78% - Market Cap 22289 - Trading time: 00:00:32
06-09-2025 07:04:51.531 INFO Current price: 0.000000109630 - Current percentage: 140.23% - Max: 153.80% - Min: -1.78% - Market Cap 22326 - Trading time: 00:00:33
06-09-2025 07:04:51.894 INFO Current price: 0.000000109901 - Current percentage: 141.02% - Max: 153.80% - Min: -1.78% - Market Cap 22399 - Trading time: 00:00:33
06-09-2025 07:04:51.929 INFO Current price: 0.000000110100 - Current percentage: 141.10% - Max: 153.80% - Min: -1.78% - Market Cap 22407 - Trading time: 00:00:33
06-09-2025 07:04:52.039 INFO Current price: 0.000000109607 - Current percentage: 138.86% - Max: 153.80% - Min: -1.78% - Market Cap 22199 - Trading time: 00:00:34
06-09-2025 07:04:52.197 INFO Current price: 0.000000108593 - Current percentage: 136.66% - Max: 153.80% - Min: -1.78% - Market Cap 21994 - Trading time: 00:00:34
06-09-2025 07:04:52.239 INFO Current price: 0.000000108180 - Current percentage: 137.05% - Max: 153.80% - Min: -1.78% - Market Cap 22031 - Trading time: 00:00:34
06-09-2025 07:04:52.687 INFO Current price: 0.000000109203 - Current percentage: 141.15% - Max: 153.80% - Min: -1.78% - Market Cap 22412 - Trading time: 00:00:34
06-09-2025 07:04:52.874 INFO Current price: 0.000000110036 - Current percentage: 140.68% - Max: 153.80% - Min: -1.78% - Market Cap 22369 - Trading time: 00:00:34
06-09-2025 07:04:52.939 INFO Current price: 0.000000109277 - Current percentage: 137.84% - Max: 153.80% - Min: -1.78% - Market Cap 22104 - Trading time: 00:00:34
06-09-2025 07:04:52.939 INFO Current price: 0.000000107992 - Current percentage: 135.06% - Max: 153.80% - Min: -1.78% - Market Cap 21845 - Trading time: 00:00:34
06-09-2025 07:04:53.024 INFO Current price: 0.000000106722 - Current percentage: 132.28% - Max: 153.80% - Min: -1.78% - Market Cap 21587 - Trading time: 00:00:35
06-09-2025 07:04:53.029 INFO Current price: 0.000000105531 - Current percentage: 129.84% - Max: 153.80% - Min: -1.78% - Market Cap 21360 - Trading time: 00:00:35
06-09-2025 07:04:53.504 INFO Current price: 0.000000102885 - Current percentage: 120.77% - Max: 153.80% - Min: -1.78% - Market Cap 20518 - Trading time: 00:00:35
06-09-2025 07:04:53.947 INFO Current price: 0.000000102256 - Current percentage: 123.87% - Max: 153.80% - Min: -1.78% - Market Cap 20806 - Trading time: 00:00:35
06-09-2025 07:04:54.128 INFO Current price: 0.000000102658 - Current percentage: 125.66% - Max: 153.80% - Min: -1.78% - Market Cap 20972 - Trading time: 00:00:36
06-09-2025 07:04:54.617 INFO Current price: 0.000000103418 - Current percentage: 127.20% - Max: 153.80% - Min: -1.78% - Market Cap 21115 - Trading time: 00:00:36
06-09-2025 07:04:54.658 INFO Current price: 0.000000103945 - Current percentage: 127.97% - Max: 153.80% - Min: -1.78% - Market Cap 21187 - Trading time: 00:00:36
06-09-2025 07:04:55.384 INFO Current price: 0.000000104156 - Current percentage: 128.12% - Max: 153.80% - Min: -1.78% - Market Cap 21201 - Trading time: 00:00:37
06-09-2025 07:04:55.527 INFO Current price: 0.000000104632 - Current percentage: 130.05% - Max: 153.80% - Min: -1.78% - Market Cap 21380 - Trading time: 00:00:37
06-09-2025 07:04:55.640 INFO Current price: 0.000000101462 - Current percentage: 114.51% - Max: 153.80% - Min: -1.78% - Market Cap 19936 - Trading time: 00:00:37
06-09-2025 07:04:57.012 INFO Current price: 0.000000096498 - Current percentage: 108.09% - Max: 153.80% - Min: -1.78% - Market Cap 19340 - Trading time: 00:00:39
06-09-2025 07:04:57.902 INFO Current price: 0.000000095086 - Current percentage: 108.28% - Max: 153.80% - Min: -1.78% - Market Cap 19357 - Trading time: 00:00:39
06-09-2025 07:04:58.735 INFO Current price: 0.000000094702 - Current percentage: 106.42% - Max: 153.80% - Min: -1.78% - Market Cap 19184 - Trading time: 00:00:40
06-09-2025 07:04:58.738 INFO Current price: 0.000000093864 - Current percentage: 104.60% - Max: 153.80% - Min: -1.78% - Market Cap 19015 - Trading time: 00:00:40
06-09-2025 07:04:58.802 INFO Current price: 0.000000093043 - Current percentage: 102.82% - Max: 153.80% - Min: -1.78% - Market Cap 18850 - Trading time: 00:00:40
06-09-2025 07:04:58.805 INFO Current price: 0.000000092273 - Current percentage: 101.23% - Max: 153.80% - Min: -1.78% - Market Cap 18702 - Trading time: 00:00:40
06-09-2025 07:04:58.970 INFO Current price: 0.000000091182 - Current percentage: 98.06% - Max: 153.80% - Min: -1.78% - Market Cap 18407 - Trading time: 00:00:41
06-09-2025 07:04:59.023 INFO Current price: 0.000000091281 - Current percentage: 101.66% - Max: 153.80% - Min: -1.78% - Market Cap 18742 - Trading time: 00:00:41
06-09-2025 07:04:59.090 INFO Current price: 0.000000092191 - Current percentage: 102.03% - Max: 153.80% - Min: -1.78% - Market Cap 18776 - Trading time: 00:00:41
06-09-2025 07:04:59.108 INFO Current price: 0.000000092310 - Current percentage: 102.19% - Max: 153.80% - Min: -1.78% - Market Cap 18791 - Trading time: 00:00:41
06-09-2025 07:04:59.293 INFO Current price: 0.000000092007 - Current percentage: 100.70% - Max: 153.80% - Min: -1.78% - Market Cap 18653 - Trading time: 00:00:41
06-09-2025 07:04:59.396 INFO Current price: 0.000000091308 - Current percentage: 99.13% - Max: 153.80% - Min: -1.78% - Market Cap 18506 - Trading time: 00:00:41
06-09-2025 07:05:00.043 INFO Current price: 0.000000090646 - Current percentage: 97.80% - Max: 153.80% - Min: -1.78% - Market Cap 18383 - Trading time: 00:00:42
06-09-2025 07:05:00.043 INFO Current price: 0.000000090057 - Current percentage: 96.55% - Max: 153.80% - Min: -1.78% - Market Cap 18267 - Trading time: 00:00:42
06-09-2025 07:05:01.720 INFO Current price: 0.000000088232 - Current percentage: 89.86% - Max: 153.80% - Min: -1.78% - Market Cap 17645 - Trading time: 00:00:43
06-09-2025 07:05:01.720 INFO Current price: 0.000000085280 - Current percentage: 83.62% - Max: 153.80% - Min: -1.78% - Market Cap 17065 - Trading time: 00:00:43
06-09-2025 07:05:01.727 INFO Current price: 0.000000082490 - Current percentage: 77.64% - Max: 153.80% - Min: -1.78% - Market Cap 16510 - Trading time: 00:00:43
06-09-2025 07:05:01.801 INFO Current price: 0.000000079952 - Current percentage: 72.49% - Max: 153.80% - Min: -1.78% - Market Cap 16031 - Trading time: 00:00:43
06-09-2025 07:05:02.311 INFO Current price: 0.000000078757 - Current percentage: 72.49% - Max: 153.80% - Min: -1.78% - Market Cap 16031 - Trading time: 00:00:44
06-09-2025 07:05:02.311 INFO Current price: 0.000000078747 - Current percentage: 72.49% - Max: 153.80% - Min: -1.78% - Market Cap 16031 - Trading time: 00:00:44
06-09-2025 07:05:02.577 INFO Current price: 0.000000079397 - Current percentage: 75.18% - Max: 153.80% - Min: -1.78% - Market Cap 16281 - Trading time: 00:00:44
06-09-2025 07:05:02.588 INFO Current price: 0.000000083097 - Current percentage: 88.94% - Max: 153.80% - Min: -1.78% - Market Cap 17560 - Trading time: 00:00:44
06-09-2025 07:05:02.718 INFO Current price: 0.000000086236 - Current percentage: 88.67% - Max: 153.80% - Min: -1.78% - Market Cap 17534 - Trading time: 00:00:44
06-09-2025 07:05:03.065 INFO Current price: 0.000000086373 - Current percentage: 89.55% - Max: 153.80% - Min: -1.78% - Market Cap 17616 - Trading time: 00:00:45
06-09-2025 07:05:03.329 INFO Current price: 0.000000087383 - Current percentage: 93.11% - Max: 153.80% - Min: -1.78% - Market Cap 17947 - Trading time: 00:00:45
06-09-2025 07:05:03.709 INFO Current price: 0.000000089414 - Current percentage: 98.46% - Max: 153.80% - Min: -1.78% - Market Cap 18444 - Trading time: 00:00:45
06-09-2025 07:05:03.936 INFO Current price: 0.000000088277 - Current percentage: 88.23% - Max: 153.80% - Min: -1.78% - Market Cap 17493 - Trading time: 00:00:45
06-09-2025 07:05:04.110 INFO Current price: 0.000000086131 - Current percentage: 88.93% - Max: 153.80% - Min: -1.78% - Market Cap 17558 - Trading time: 00:00:46
06-09-2025 07:05:04.482 INFO Current price: 0.000000083090 - Current percentage: 75.17% - Max: 153.80% - Min: -1.78% - Market Cap 16280 - Trading time: 00:00:46
06-09-2025 07:05:04.677 INFO Current price: 0.000000080161 - Current percentage: 75.84% - Max: 153.80% - Min: -1.78% - Market Cap 16343 - Trading time: 00:00:46
06-09-2025 07:05:04.677 INFO Current price: 0.000000080393 - Current percentage: 76.18% - Max: 153.80% - Min: -1.78% - Market Cap 16374 - Trading time: 00:00:46
06-09-2025 07:05:05.427 INFO Current price: 0.000000079848 - Current percentage: 73.47% - Max: 153.80% - Min: -1.78% - Market Cap 16122 - Trading time: 00:00:47
06-09-2025 07:05:05.515 INFO Current price: 0.000000080765 - Current percentage: 80.25% - Max: 153.80% - Min: -1.78% - Market Cap 16752 - Trading time: 00:00:47
06-09-2025 07:05:05.944 INFO Current price: 0.000000082505 - Current percentage: 81.02% - Max: 153.80% - Min: -1.78% - Market Cap 16824 - Trading time: 00:00:47
06-09-2025 07:05:06.116 INFO Current price: 0.000000082759 - Current percentage: 81.37% - Max: 153.80% - Min: -1.78% - Market Cap 16856 - Trading time: 00:00:48
06-09-2025 07:05:06.383 INFO Current price: 0.000000083151 - Current percentage: 82.74% - Max: 153.80% - Min: -1.78% - Market Cap 16984 - Trading time: 00:00:48
06-09-2025 07:05:06.707 INFO Current price: 0.000000083513 - Current percentage: 82.95% - Max: 153.80% - Min: -1.78% - Market Cap 17003 - Trading time: 00:00:48
06-09-2025 07:05:06.721 INFO Current price: 0.000000083843 - Current percentage: 84.19% - Max: 153.80% - Min: -1.78% - Market Cap 17118 - Trading time: 00:00:48
06-09-2025 07:05:06.724 INFO Current price: 0.000000084384 - Current percentage: 85.32% - Max: 153.80% - Min: -1.78% - Market Cap 17223 - Trading time: 00:00:48
06-09-2025 07:05:06.731 INFO Current price: 0.000000084892 - Current percentage: 86.42% - Max: 153.80% - Min: -1.78% - Market Cap 17325 - Trading time: 00:00:48
06-09-2025 07:05:07.275 INFO Current price: 0.000000084948 - Current percentage: 85.56% - Max: 153.80% - Min: -1.78% - Market Cap 17246 - Trading time: 00:00:49
06-09-2025 07:05:08.040 INFO Current price: 0.000000084912 - Current percentage: 86.26% - Max: 153.80% - Min: -1.78% - Market Cap 17310 - Trading time: 00:00:50
06-09-2025 07:05:08.319 INFO Current price: 0.000000084336 - Current percentage: 83.05% - Max: 153.80% - Min: -1.78% - Market Cap 17013 - Trading time: 00:00:50
06-09-2025 07:05:08.888 INFO Current price: 0.000000083376 - Current percentage: 82.04% - Max: 153.80% - Min: -1.78% - Market Cap 16918 - Trading time: 00:00:50
06-09-2025 07:05:09.317 INFO Current price: 0.000000083002 - Current percentage: 81.41% - Max: 153.80% - Min: -1.78% - Market Cap 16860 - Trading time: 00:00:51
06-09-2025 07:05:09.780 INFO Current price: 0.000000083085 - Current percentage: 82.41% - Max: 153.80% - Min: -1.78% - Market Cap 16953 - Trading time: 00:00:51
06-09-2025 07:05:09.783 INFO Current price: 0.000000083472 - Current percentage: 83.10% - Max: 153.80% - Min: -1.78% - Market Cap 17017 - Trading time: 00:00:51
06-09-2025 07:05:09.979 INFO Current price: 0.000000083647 - Current percentage: 83.17% - Max: 153.80% - Min: -1.78% - Market Cap 17024 - Trading time: 00:00:52
06-09-2025 07:05:10.086 INFO Current price: 0.000000083533 - Current percentage: 82.61% - Max: 153.80% - Min: -1.78% - Market Cap 16971 - Trading time: 00:00:52
06-09-2025 07:05:10.149 INFO Current price: 0.000000081809 - Current percentage: 75.69% - Max: 153.80% - Min: -1.78% - Market Cap 16328 - Trading time: 00:00:52
06-09-2025 07:05:10.354 INFO Current price: 0.000000080247 - Current percentage: 75.70% - Max: 153.80% - Min: -1.78% - Market Cap 16329 - Trading time: 00:00:52
06-09-2025 07:05:10.746 INFO Current price: 0.000000078124 - Current percentage: 66.52% - Max: 153.80% - Min: -1.78% - Market Cap 15476 - Trading time: 00:00:52
06-09-2025 07:05:10.749 INFO Current price: 0.000000074079 - Current percentage: 57.98% - Max: 153.80% - Min: -1.78% - Market Cap 14682 - Trading time: 00:00:52
06-09-2025 07:05:10.849 INFO Current price: 0.000000068865 - Current percentage: 43.90% - Max: 153.80% - Min: -1.78% - Market Cap 13374 - Trading time: 00:00:52
06-09-2025 07:05:11.321 INFO Current price: 0.000000066006 - Current percentage: 45.13% - Max: 153.80% - Min: -1.78% - Market Cap 13488 - Trading time: 00:00:53
06-09-2025 07:05:11.323 INFO Current price: 0.000000065468 - Current percentage: 41.57% - Max: 153.80% - Min: -1.78% - Market Cap 13157 - Trading time: 00:00:53
06-09-2025 07:05:11.460 INFO Current price: 0.000000064190 - Current percentage: 39.52% - Max: 153.80% - Min: -1.78% - Market Cap 12967 - Trading time: 00:00:53
06-09-2025 07:05:11.767 INFO Current price: 0.000000063793 - Current percentage: 39.82% - Max: 153.80% - Min: -1.78% - Market Cap 12995 - Trading time: 00:00:53
06-09-2025 07:05:11.782 INFO Current price: 0.000000063972 - Current percentage: 40.30% - Max: 153.80% - Min: -1.78% - Market Cap 13039 - Trading time: 00:00:53
06-09-2025 07:05:11.839 INFO Current price: 0.000000064220 - Current percentage: 40.91% - Max: 153.80% - Min: -1.78% - Market Cap 13096 - Trading time: 00:00:53
06-09-2025 07:05:12.299 INFO Current price: 0.000000065755 - Current percentage: 47.09% - Max: 153.80% - Min: -1.78% - Market Cap 13670 - Trading time: 00:00:54
06-09-2025 07:05:12.682 INFO Current price: 0.000000067210 - Current percentage: 47.21% - Max: 153.80% - Min: -1.78% - Market Cap 13682 - Trading time: 00:00:54
06-09-2025 07:05:12.998 INFO Current price: 0.000000067450 - Current percentage: 48.14% - Max: 153.80% - Min: -1.78% - Market Cap 13768 - Trading time: 00:00:55
06-09-2025 07:05:13.800 INFO Current price: 0.000000067802 - Current percentage: 48.75% - Max: 153.80% - Min: -1.78% - Market Cap 13825 - Trading time: 00:00:55
06-09-2025 07:05:14.116 INFO Current price: 0.000000064488 - Current percentage: 34.02% - Max: 153.80% - Min: -1.78% - Market Cap 12455 - Trading time: 00:00:56
06-09-2025 07:05:14.862 INFO Current price: 0.000000061308 - Current percentage: 34.44% - Max: 153.80% - Min: -1.78% - Market Cap 12495 - Trading time: 00:00:56
06-09-2025 07:05:14.904 INFO Current price: 0.000000061188 - Current percentage: 33.49% - Max: 153.80% - Min: -1.78% - Market Cap 12407 - Trading time: 00:00:56
06-09-2025 07:05:15.794 INFO Current price: 0.000000061645 - Current percentage: 36.46% - Max: 153.80% - Min: -1.78% - Market Cap 12682 - Trading time: 00:00:57
06-09-2025 07:05:15.796 INFO Current price: 0.000000062279 - Current percentage: 36.25% - Max: 153.80% - Min: -1.78% - Market Cap 12663 - Trading time: 00:00:57
06-09-2025 07:05:15.850 INFO Current price: 0.000000066312 - Current percentage: 54.70% - Max: 153.80% - Min: -1.78% - Market Cap 14377 - Trading time: 00:00:57
06-09-2025 07:05:16.249 INFO Current price: 0.000000070071 - Current percentage: 52.14% - Max: 153.80% - Min: -1.78% - Market Cap 14140 - Trading time: 00:00:58
06-09-2025 07:05:16.657 INFO Current price: 0.000000069633 - Current percentage: 52.77% - Max: 153.80% - Min: -1.78% - Market Cap 14198 - Trading time: 00:00:58
06-09-2025 07:05:16.658 INFO Current price: 0.000000067810 - Current percentage: 44.28% - Max: 153.80% - Min: -1.78% - Market Cap 13409 - Trading time: 00:00:58
06-09-2025 07:05:17.074 INFO Current price: 0.000000065159 - Current percentage: 41.06% - Max: 153.80% - Min: -1.78% - Market Cap 13110 - Trading time: 00:00:59
06-09-2025 07:05:17.088 INFO Current price: 0.000000064525 - Current percentage: 41.48% - Max: 153.80% - Min: -1.78% - Market Cap 13149 - Trading time: 00:00:59
06-09-2025 07:05:17.287 INFO Current price: 0.000000062802 - Current percentage: 33.63% - Max: 153.80% - Min: -1.78% - Market Cap 12419 - Trading time: 00:00:59
06-09-2025 07:05:18.203 INFO Current price: 0.000000061168 - Current percentage: 34.22% - Max: 153.80% - Min: -1.78% - Market Cap 12474 - Trading time: 00:01:00
06-09-2025 07:05:19.383 INFO Current price: 0.000000061438 - Current percentage: 34.81% - Max: 153.80% - Min: -1.78% - Market Cap 12529 - Trading time: 00:01:01
06-09-2025 07:05:19.890 INFO Current price: 0.000000061641 - Current percentage: 35.11% - Max: 153.80% - Min: -1.78% - Market Cap 12556 - Trading time: 00:01:01
06-09-2025 07:05:20.153 INFO Current price: 0.000000063062 - Current percentage: 41.10% - Max: 153.80% - Min: -1.78% - Market Cap 13113 - Trading time: 00:01:02
06-09-2025 07:05:20.538 INFO Current price: 0.000000064742 - Current percentage: 42.40% - Max: 153.80% - Min: -1.78% - Market Cap 13234 - Trading time: 00:01:02
06-09-2025 07:05:20.625 INFO Current price: 0.000000065123 - Current percentage: 42.76% - Max: 153.80% - Min: -1.78% - Market Cap 13268 - Trading time: 00:01:02
06-09-2025 07:05:20.672 INFO Current price: 0.000000063841 - Current percentage: 36.85% - Max: 153.80% - Min: -1.78% - Market Cap 12719 - Trading time: 00:01:02
06-09-2025 07:05:21.342 INFO Current price: 0.000000062641 - Current percentage: 37.45% - Max: 153.80% - Min: -1.78% - Market Cap 12774 - Trading time: 00:01:03
06-09-2025 07:05:21.592 INFO Current price: 0.000000062792 - Current percentage: 37.51% - Max: 153.80% - Min: -1.78% - Market Cap 12780 - Trading time: 00:01:03
06-09-2025 07:05:21.756 INFO Current price: 0.000000063010 - Current percentage: 38.41% - Max: 153.80% - Min: -1.78% - Market Cap 12863 - Trading time: 00:01:03
06-09-2025 07:05:21.815 INFO Current price: 0.000000063029 - Current percentage: 37.59% - Max: 153.80% - Min: -1.78% - Market Cap 12787 - Trading time: 00:01:03
06-09-2025 07:05:23.086 INFO Current price: 0.000000062797 - Current percentage: 37.39% - Max: 153.80% - Min: -1.78% - Market Cap 12768 - Trading time: 00:01:05
06-09-2025 07:05:24.999 INFO Current price: 0.000000062746 - Current percentage: 37.37% - Max: 153.80% - Min: -1.78% - Market Cap 12767 - Trading time: 00:01:07
06-09-2025 07:05:25.751 INFO Current price: 0.000000062260 - Current percentage: 36.77% - Max: 153.80% - Min: -1.78% - Market Cap 12711 - Trading time: 00:01:07
06-09-2025 07:05:25.766 INFO Current price: 0.000000062454 - Current percentage: 36.71% - Max: 153.80% - Min: -1.78% - Market Cap 12706 - Trading time: 00:01:07
06-09-2025 07:05:26.058 INFO Current price: 0.000000062476 - Current percentage: 36.86% - Max: 153.80% - Min: -1.78% - Market Cap 12719 - Trading time: 00:01:08
06-09-2025 07:05:26.126 INFO Current price: 0.000000062374 - Current percentage: 36.27% - Max: 153.80% - Min: -1.78% - Market Cap 12664 - Trading time: 00:01:08
06-09-2025 07:05:26.177 INFO Current price: 0.000000062036 - Current percentage: 35.38% - Max: 153.80% - Min: -1.78% - Market Cap 12582 - Trading time: 00:01:08
06-09-2025 07:05:26.432 INFO Current price: 0.000000061847 - Current percentage: 35.44% - Max: 153.80% - Min: -1.78% - Market Cap 12588 - Trading time: 00:01:08
06-09-2025 07:05:26.529 INFO Current price: 0.000000062481 - Current percentage: 38.17% - Max: 153.80% - Min: -1.78% - Market Cap 12841 - Trading time: 00:01:08
06-09-2025 07:05:26.534 INFO Current price: 0.000000063850 - Current percentage: 41.44% - Max: 153.80% - Min: -1.78% - Market Cap 13145 - Trading time: 00:01:08
06-09-2025 07:05:27.316 INFO Current price: 0.000000064740 - Current percentage: 42.05% - Max: 153.80% - Min: -1.78% - Market Cap 13202 - Trading time: 00:01:09
06-09-2025 07:05:27.320 INFO Current price: 0.000000061532 - Current percentage: 27.77% - Max: 153.80% - Min: -1.78% - Market Cap 11875 - Trading time: 00:01:09
06-09-2025 07:05:27.322 INFO Current price: 0.000000055209 - Current percentage: 14.36% - Max: 153.80% - Min: -1.78% - Market Cap 10628 - Trading time: 00:01:09
06-09-2025 07:05:27.325 INFO Current price: 0.000000049534 - Current percentage: 2.85% - Max: 153.80% - Min: -1.78% - Market Cap 9559 - Trading time: 00:01:09
06-09-2025 07:05:27.985 INFO Current price: 0.000000047036 - Current percentage: 3.11% - Max: 153.80% - Min: -1.78% - Market Cap 9583 - Trading time: 00:01:10
06-09-2025 07:05:27.991 INFO Current price: 0.000000047570 - Current percentage: 5.20% - Max: 153.80% - Min: -1.78% - Market Cap 9777 - Trading time: 00:01:10
06-09-2025 07:05:28.024 INFO Current price: 0.000000047156 - Current percentage: 1.32% - Max: 153.80% - Min: -1.78% - Market Cap 9417 - Trading time: 00:01:10
06-09-2025 07:05:28.380 INFO Current price: 0.000000046865 - Current percentage: 3.91% - Max: 153.80% - Min: -1.78% - Market Cap 9657 - Trading time: 00:01:10
06-09-2025 07:05:28.385 INFO Current price: 0.000000047407 - Current percentage: 3.68% - Max: 153.80% - Min: -1.78% - Market Cap 9636 - Trading time: 00:01:10
06-09-2025 07:05:28.787 INFO Current price: 0.000000047253 - Current percentage: 3.23% - Max: 153.80% - Min: -1.78% - Market Cap 9594 - Trading time: 00:01:10
06-09-2025 07:05:28.836 INFO Current price: 0.000000047032 - Current percentage: 2.71% - Max: 153.80% - Min: -1.78% - Market Cap 9546 - Trading time: 00:01:10
06-09-2025 07:05:28.883 INFO Current price: 0.000000046811 - Current percentage: 2.26% - Max: 153.80% - Min: -1.78% - Market Cap 9504 - Trading time: 00:01:10
06-09-2025 07:05:28.883 INFO Current price: 0.000000046602 - Current percentage: 1.80% - Max: 153.80% - Min: -1.78% - Market Cap 9461 - Trading time: 00:01:10
06-09-2025 07:05:28.943 INFO Current price: 0.000000046495 - Current percentage: 1.80% - Max: 153.80% - Min: -1.78% - Market Cap 9461 - Trading time: 00:01:10
06-09-2025 07:05:29.260 INFO Current price: 0.000000045872 - Current percentage: -0.91% - Max: 153.80% - Min: -1.78% - Market Cap 9209 - Trading time: 00:01:11
06-09-2025 07:05:29.262 INFO Current price: 0.000000044682 - Current percentage: -3.42% - Max: 153.80% - Min: -3.42% - Market Cap 8976 - Trading time: 00:01:11
06-09-2025 07:05:29.272 INFO Current price: 0.000000043581 - Current percentage: -5.74% - Max: 153.80% - Min: -5.74% - Market Cap 8761 - Trading time: 00:01:11
06-09-2025 07:05:29.364 INFO Current price: 0.000000043046 - Current percentage: -5.77% - Max: 153.80% - Min: -5.77% - Market Cap 8757 - Trading time: 00:01:11
06-09-2025 07:05:29.367 INFO Current price: 0.000000042867 - Current percentage: -6.52% - Max: 153.80% - Min: -6.52% - Market Cap 8688 - Trading time: 00:01:11
06-09-2025 07:05:29.431 INFO Current price: 0.000000042438 - Current percentage: -7.65% - Max: 153.80% - Min: -7.65% - Market Cap 8583 - Trading time: 00:01:11
06-09-2025 07:05:29.493 INFO Current price: 0.000000044084 - Current percentage: 0.87% - Max: 153.80% - Min: -7.65% - Market Cap 9375 - Trading time: 00:01:11
06-09-2025 07:05:29.860 INFO Current price: 0.000000046056 - Current percentage: 0.80% - Max: 153.80% - Min: -7.65% - Market Cap 9368 - Trading time: 00:01:11
06-09-2025 07:05:29.894 INFO Current price: 0.000000046015 - Current percentage: 0.69% - Max: 153.80% - Min: -7.65% - Market Cap 9358 - Trading time: 00:01:11
06-09-2025 07:05:30.349 INFO Current price: 0.000000046344 - Current percentage: 2.25% - Max: 153.80% - Min: -7.65% - Market Cap 9503 - Trading time: 00:01:12
06-09-2025 07:05:30.509 INFO Current price: 0.000000046838 - Current percentage: 2.85% - Max: 153.80% - Min: -7.65% - Market Cap 9558 - Trading time: 00:01:12
06-09-2025 07:05:30.584 INFO Current price: 0.000000047133 - Current percentage: 3.54% - Max: 153.80% - Min: -7.65% - Market Cap 9623 - Trading time: 00:01:12
06-09-2025 07:05:30.617 INFO Current price: 0.000000047339 - Current percentage: 3.75% - Max: 153.80% - Min: -7.65% - Market Cap 9642 - Trading time: 00:01:12
06-09-2025 07:05:31.612 INFO Current price: 0.000000048573 - Current percentage: 9.01% - Max: 153.80% - Min: -7.65% - Market Cap 10131 - Trading time: 00:01:13
06-09-2025 07:05:32.342 INFO Current price: 0.000000048153 - Current percentage: 1.96% - Max: 153.80% - Min: -7.65% - Market Cap 9476 - Trading time: 00:01:14
06-09-2025 07:05:32.366 INFO Current price: 0.000000044825 - Current percentage: -5.54% - Max: 153.80% - Min: -7.65% - Market Cap 8779 - Trading time: 00:01:14
06-09-2025 07:05:32.381 INFO Current price: 0.000000043257 - Current percentage: -5.04% - Max: 153.80% - Min: -7.65% - Market Cap 8825 - Trading time: 00:01:14
06-09-2025 07:05:32.966 INFO Current price: 0.000000043300 - Current percentage: -5.35% - Max: 153.80% - Min: -7.65% - Market Cap 8796 - Trading time: 00:01:15
06-09-2025 07:05:33.236 INFO Current price: 0.000000043068 - Current percentage: -6.06% - Max: 153.80% - Min: -7.65% - Market Cap 8731 - Trading time: 00:01:15
06-09-2025 07:05:33.330 INFO Current price: 0.000000043099 - Current percentage: -5.22% - Max: 153.80% - Min: -7.65% - Market Cap 8809 - Trading time: 00:01:15
06-09-2025 07:05:34.363 INFO Current price: 0.000000043405 - Current percentage: -4.72% - Max: 153.80% - Min: -7.65% - Market Cap 8855 - Trading time: 00:01:16
06-09-2025 07:05:34.775 INFO Current price: 0.000000043507 - Current percentage: -4.77% - Max: 153.80% - Min: -7.65% - Market Cap 8850 - Trading time: 00:01:16
06-09-2025 07:05:35.166 INFO Current price: 0.000000043488 - Current percentage: -4.80% - Max: 153.80% - Min: -7.65% - Market Cap 8847 - Trading time: 00:01:17
06-09-2025 07:05:35.385 INFO Current price: 0.000000043481 - Current percentage: -4.80% - Max: 153.80% - Min: -7.65% - Market Cap 8847 - Trading time: 00:01:17
06-09-2025 07:05:35.442 INFO Current price: 0.000000043481 - Current percentage: -4.80% - Max: 153.80% - Min: -7.65% - Market Cap 8847 - Trading time: 00:01:17
06-09-2025 07:05:36.098 INFO Current price: 0.000000044617 - Current percentage: 0.24% - Max: 153.80% - Min: -7.65% - Market Cap 9316 - Trading time: 00:01:18
06-09-2025 07:05:36.682 INFO Current price: 0.000000045773 - Current percentage: 0.19% - Max: 153.80% - Min: -7.65% - Market Cap 9312 - Trading time: 00:01:18
06-09-2025 07:05:36.792 INFO Current price: 0.000000045752 - Current percentage: 0.15% - Max: 153.80% - Min: -7.65% - Market Cap 9307 - Trading time: 00:01:18
06-09-2025 07:05:36.908 INFO Current price: 0.000000045975 - Current percentage: 1.17% - Max: 153.80% - Min: -7.65% - Market Cap 9403 - Trading time: 00:01:18
06-09-2025 07:05:37.009 INFO Current price: 0.000000046198 - Current percentage: 1.12% - Max: 153.80% - Min: -7.65% - Market Cap 9398 - Trading time: 00:01:19
06-09-2025 07:05:37.156 INFO Current price: 0.000000046177 - Current percentage: 1.08% - Max: 153.80% - Min: -7.65% - Market Cap 9394 - Trading time: 00:01:19
06-09-2025 07:05:38.666 INFO Current price: 0.000000045816 - Current percentage: -0.45% - Max: 153.80% - Min: -7.65% - Market Cap 9252 - Trading time: 00:01:20
06-09-2025 07:05:38.809 INFO Current price: 0.000000045468 - Current percentage: -0.45% - Max: 153.80% - Min: -7.65% - Market Cap 9252 - Trading time: 00:01:20
06-09-2025 07:05:38.937 INFO Current price: 0.000000045366 - Current percentage: -0.90% - Max: 153.80% - Min: -7.65% - Market Cap 9210 - Trading time: 00:01:20
06-09-2025 07:05:38.995 INFO Current price: 0.000000043327 - Current percentage: -9.20% - Max: 153.80% - Min: -9.20% - Market Cap 8439 - Trading time: 00:01:21
06-09-2025 07:05:39.467 INFO Current price: 0.000000041342 - Current percentage: -9.77% - Max: 153.80% - Min: -9.77% - Market Cap 8386 - Trading time: 00:01:21
06-09-2025 07:05:39.485 INFO Current price: 0.000000041100 - Current percentage: -10.26% - Max: 153.80% - Min: -10.26% - Market Cap 8340 - Trading time: 00:01:21
06-09-2025 07:05:39.604 INFO Current price: 0.000000041042 - Current percentage: -10.02% - Max: 153.80% - Min: -10.26% - Market Cap 8363 - Trading time: 00:01:21
06-09-2025 07:05:40.070 INFO Current price: 0.000000041650 - Current percentage: -7.58% - Max: 153.80% - Min: -10.26% - Market Cap 8589 - Trading time: 00:01:22
06-09-2025 07:05:40.107 INFO Current price: 0.000000042105 - Current percentage: -8.04% - Max: 153.80% - Min: -10.26% - Market Cap 8546 - Trading time: 00:01:22
06-09-2025 07:05:40.390 INFO Current price: 0.000000041797 - Current percentage: -8.93% - Max: 153.80% - Min: -10.26% - Market Cap 8464 - Trading time: 00:01:22
06-09-2025 07:05:40.439 INFO Current price: 0.000000041579 - Current percentage: -9.00% - Max: 153.80% - Min: -10.26% - Market Cap 8457 - Trading time: 00:01:22
06-09-2025 07:05:41.195 INFO Current price: 0.000000041562 - Current percentage: -9.00% - Max: 153.80% - Min: -10.26% - Market Cap 8457 - Trading time: 00:01:23
06-09-2025 07:05:41.261 INFO Current price: 0.000000041507 - Current percentage: -9.25% - Max: 153.80% - Min: -10.26% - Market Cap 8434 - Trading time: 00:01:23
06-09-2025 07:05:41.265 INFO Current price: 0.000000041423 - Current percentage: -9.37% - Max: 153.80% - Min: -10.26% - Market Cap 8423 - Trading time: 00:01:23
06-09-2025 07:05:41.310 INFO Current price: 0.000000041395 - Current percentage: -9.37% - Max: 153.80% - Min: -10.26% - Market Cap 8423 - Trading time: 00:01:23
06-09-2025 07:05:41.572 INFO Current price: 0.000000041395 - Current percentage: -9.37% - Max: 153.80% - Min: -10.26% - Market Cap 8423 - Trading time: 00:01:23
06-09-2025 07:05:42.455 INFO Current price: 0.000000041621 - Current percentage: -8.38% - Max: 153.80% - Min: -10.26% - Market Cap 8515 - Trading time: 00:01:24
06-09-2025 07:05:42.532 INFO Current price: 0.000000041665 - Current percentage: -9.18% - Max: 153.80% - Min: -10.26% - Market Cap 8441 - Trading time: 00:01:24
06-09-2025 07:05:43.708 INFO Current price: 0.000000041481 - Current percentage: -9.18% - Max: 153.80% - Min: -10.26% - Market Cap 8441 - Trading time: 00:01:25
06-09-2025 07:05:44.326 INFO Current price: 0.000000041301 - Current percentage: -9.97% - Max: 153.80% - Min: -10.26% - Market Cap 8367 - Trading time: 00:01:26
06-09-2025 07:05:44.693 INFO Current price: 0.000000041050 - Current percentage: -10.28% - Max: 153.80% - Min: -10.28% - Market Cap 8339 - Trading time: 00:01:26
06-09-2025 07:05:46.032 INFO Current price: 0.000000000000 - Current percentage: -10.28% - Max: 153.80% - Min: -10.28% - Market Cap 8339 - Trading time: 00:01:28
06-09-2025 07:05:47.635 INFO Current price: 0.000000040979 - Current percentage: -10.28% - Max: 153.80% - Min: -10.28% - Market Cap 8338 - Trading time: 00:01:29
06-09-2025 07:05:48.177 INFO Current price: 0.000000040842 - Current percentage: -10.88% - Max: 153.80% - Min: -10.88% - Market Cap 8283 - Trading time: 00:01:30
06-09-2025 07:05:48.818 INFO Current price: 0.000000040624 - Current percentage: -11.24% - Max: 153.80% - Min: -11.24% - Market Cap 8249 - Trading time: 00:01:30
06-09-2025 07:05:49.080 INFO Current price: 0.000000040628 - Current percentage: -10.87% - Max: 153.80% - Min: -11.24% - Market Cap 8284 - Trading time: 00:01:31
06-09-2025 07:05:49.382 INFO Current price: 0.000000040711 - Current percentage: -10.87% - Max: 153.80% - Min: -11.24% - Market Cap 8284 - Trading time: 00:01:31
06-09-2025 07:05:49.459 INFO Current price: 0.000000040673 - Current percentage: -11.03% - Max: 153.80% - Min: -11.24% - Market Cap 8269 - Trading time: 00:01:31
06-09-2025 07:05:49.542 INFO Current price: 0.000000040636 - Current percentage: -11.03% - Max: 153.80% - Min: -11.24% - Market Cap 8269 - Trading time: 00:01:31
06-09-2025 07:05:51.218 INFO Current price: 0.000000041745 - Current percentage: -6.11% - Max: 153.80% - Min: -11.24% - Market Cap 8726 - Trading time: 00:01:33
06-09-2025 07:05:52.016 INFO Current price: 0.000000043111 - Current percentage: -5.12% - Max: 153.80% - Min: -11.24% - Market Cap 8818 - Trading time: 00:01:34
06-09-2025 07:05:52.103 INFO Current price: 0.000000043519 - Current percentage: -4.32% - Max: 153.80% - Min: -11.24% - Market Cap 8892 - Trading time: 00:01:34
06-09-2025 07:05:52.183 INFO Current price: 0.000000044852 - Current percentage: 0.79% - Max: 153.80% - Min: -11.24% - Market Cap 9367 - Trading time: 00:01:34
06-09-2025 07:05:52.709 INFO Current price: 0.000000045396 - Current percentage: -1.98% - Max: 153.80% - Min: -11.24% - Market Cap 9109 - Trading time: 00:01:34
06-09-2025 07:06:01.085 INFO Current price: 0.000000044768 - Current percentage: -1.98% - Max: 153.80% - Min: -11.24% - Market Cap 9109 - Trading time: 00:01:43
06-09-2025 07:06:01.316 INFO Current price: 0.000000044768 - Current percentage: -1.98% - Max: 153.80% - Min: -11.24% - Market Cap 9109 - Trading time: 00:01:43
06-09-2025 07:06:03.548 INFO Current price: 0.000000044768 - Current percentage: -1.98% - Max: 153.80% - Min: -11.24% - Market Cap 9109 - Trading time: 00:01:45
06-09-2025 07:06:04.761 INFO Current price: 0.000000044755 - Current percentage: -2.04% - Max: 153.80% - Min: -11.24% - Market Cap 9104 - Trading time: 00:01:46
06-09-2025 07:06:05.202 INFO Current price: 0.000000043659 - Current percentage: -6.72% - Max: 153.80% - Min: -11.24% - Market Cap 8669 - Trading time: 00:01:47
06-09-2025 07:06:05.313 INFO Current price: 0.000000042428 - Current percentage: -7.49% - Max: 153.80% - Min: -11.24% - Market Cap 8598 - Trading time: 00:01:47
06-09-2025 07:06:06.006 INFO Current price: 0.000000041213 - Current percentage: -11.99% - Max: 153.80% - Min: -11.99% - Market Cap 8180 - Trading time: 00:01:48
06-09-2025 07:06:06.366 INFO Current price: 0.000000040199 - Current percentage: -11.99% - Max: 153.80% - Min: -11.99% - Market Cap 8180 - Trading time: 00:01:48
06-09-2025 07:06:08.344 INFO Current price: 0.000000040254 - Current percentage: -11.75% - Max: 153.80% - Min: -11.99% - Market Cap 8202 - Trading time: 00:01:50
06-09-2025 07:06:08.880 INFO Current price: 0.000000040309 - Current percentage: -11.75% - Max: 153.80% - Min: -11.99% - Market Cap 8202 - Trading time: 00:01:50
06-09-2025 07:06:09.093 INFO Current price: 0.000000040309 - Current percentage: -11.75% - Max: 153.80% - Min: -11.99% - Market Cap 8202 - Trading time: 00:01:51
06-09-2025 07:06:09.343 INFO Current price: 0.000000040309 - Current percentage: -11.75% - Max: 153.80% - Min: -11.99% - Market Cap 8202 - Trading time: 00:01:51
06-09-2025 07:06:09.761 INFO Current price: 0.000000039726 - Current percentage: -14.40% - Max: 153.80% - Min: -14.40% - Market Cap 7955 - Trading time: 00:01:51
06-09-2025 07:06:09.787 INFO Current price: 0.000000039096 - Current percentage: -14.64% - Max: 153.80% - Min: -14.64% - Market Cap 7933 - Trading time: 00:01:51
06-09-2025 07:06:09.945 INFO Current price: 0.000000039041 - Current percentage: -14.64% - Max: 153.80% - Min: -14.64% - Market Cap 7933 - Trading time: 00:01:51
06-09-2025 07:06:10.165 INFO Current price: 0.000000039041 - Current percentage: -14.64% - Max: 153.80% - Min: -14.64% - Market Cap 7933 - Trading time: 00:01:52
06-09-2025 07:06:10.489 INFO Current price: 0.000000039041 - Current percentage: -14.64% - Max: 153.80% - Min: -14.64% - Market Cap 7933 - Trading time: 00:01:52
06-09-2025 07:06:10.657 INFO Current price: 0.000000039042 - Current percentage: -14.64% - Max: 153.80% - Min: -14.64% - Market Cap 7933 - Trading time: 00:01:52
06-09-2025 07:06:10.924 INFO Current price: 0.000000039042 - Current percentage: -14.64% - Max: 153.80% - Min: -14.64% - Market Cap 7933 - Trading time: 00:01:52
06-09-2025 07:06:11.023 INFO Current price: 0.000000039042 - Current percentage: -14.64% - Max: 153.80% - Min: -14.64% - Market Cap 7933 - Trading time: 00:01:53
06-09-2025 07:06:11.237 INFO Current price: 0.000000039042 - Current percentage: -14.64% - Max: 153.80% - Min: -14.64% - Market Cap 7933 - Trading time: 00:01:53
06-09-2025 07:06:11.432 INFO Current price: 0.000000039042 - Current percentage: -14.64% - Max: 153.80% - Min: -14.64% - Market Cap 7933 - Trading time: 00:01:53
06-09-2025 07:06:11.693 INFO Current price: 0.000000039043 - Current percentage: -14.64% - Max: 153.80% - Min: -14.64% - Market Cap 7933 - Trading time: 00:01:53
06-09-2025 07:06:11.776 INFO Current price: 0.000000039043 - Current percentage: -14.64% - Max: 153.80% - Min: -14.64% - Market Cap 7934 - Trading time: 00:01:53
06-09-2025 07:06:11.999 INFO Current price: 0.000000039043 - Current percentage: -14.64% - Max: 153.80% - Min: -14.64% - Market Cap 7934 - Trading time: 00:01:54
06-09-2025 07:06:12.166 INFO Current price: 0.000000039043 - Current percentage: -14.63% - Max: 153.80% - Min: -14.64% - Market Cap 7934 - Trading time: 00:01:54
06-09-2025 07:06:12.376 INFO Current price: 0.000000039044 - Current percentage: -14.63% - Max: 153.80% - Min: -14.64% - Market Cap 7934 - Trading time: 00:01:54
06-09-2025 07:06:12.505 INFO Current price: 0.000000039055 - Current percentage: -14.59% - Max: 153.80% - Min: -14.64% - Market Cap 7938 - Trading time: 00:01:54
06-09-2025 07:06:12.566 INFO Current price: 0.000000039065 - Current percentage: -14.59% - Max: 153.80% - Min: -14.64% - Market Cap 7938 - Trading time: 00:01:54
06-09-2025 07:06:12.687 INFO Current price: 0.000000039066 - Current percentage: -14.59% - Max: 153.80% - Min: -14.64% - Market Cap 7938 - Trading time: 00:01:54
06-09-2025 07:06:12.944 INFO Current price: 0.000000039066 - Current percentage: -14.59% - Max: 153.80% - Min: -14.64% - Market Cap 7938 - Trading time: 00:01:54
06-09-2025 07:06:13.918 INFO Current price: 0.000000039020 - Current percentage: -14.78% - Max: 153.80% - Min: -14.78% - Market Cap 7920 - Trading time: 00:01:55
06-09-2025 07:06:14.855 INFO Current price: 0.000000038997 - Current percentage: -14.69% - Max: 153.80% - Min: -14.78% - Market Cap 7929 - Trading time: 00:01:56
06-09-2025 07:06:16.638 INFO Current price: 0.000000039127 - Current percentage: -14.22% - Max: 153.80% - Min: -14.78% - Market Cap 7972 - Trading time: 00:01:58
06-09-2025 07:06:30.656 INFO Current price: 0.000000038880 - Current percentage: -15.76% - Max: 153.80% - Min: -15.76% - Market Cap 7829 - Trading time: 00:02:12
06-09-2025 07:06:31.179 INFO Current price: 0.000000037699 - Current percentage: -19.35% - Max: 153.80% - Min: -19.35% - Market Cap 7495 - Trading time: 00:02:13
06-09-2025 07:06:31.480 INFO Current price: 0.000000036174 - Current percentage: -22.44% - Max: 153.80% - Min: -22.44% - Market Cap 7209 - Trading time: 00:02:13
06-09-2025 07:06:31.788 INFO Current price: 0.000000035387 - Current percentage: -22.82% - Max: 153.80% - Min: -22.82% - Market Cap 7173 - Trading time: 00:02:13
06-09-2025 07:06:31.835 INFO Current price: 0.000000035236 - Current percentage: -23.10% - Max: 153.80% - Min: -23.10% - Market Cap 7147 - Trading time: 00:02:13
06-09-2025 07:06:32.022 INFO Current price: 0.000000035115 - Current percentage: -23.35% - Max: 153.80% - Min: -23.35% - Market Cap 7124 - Trading time: 00:02:14
06-09-2025 07:06:32.150 INFO Current price: 0.000000035046 - Current percentage: -23.40% - Max: 153.80% - Min: -23.40% - Market Cap 7119 - Trading time: 00:02:14
06-09-2025 07:06:32.307 INFO Current price: 0.000000033745 - Current percentage: -28.94% - Max: 153.80% - Min: -28.94% - Market Cap 6605 - Trading time: 00:02:14
06-09-2025 07:06:33.624 INFO Current price: 0.000000032429 - Current percentage: -29.26% - Max: 153.80% - Min: -29.26% - Market Cap 6575 - Trading time: 00:02:15
06-09-2025 07:06:33.772 INFO Current price: 0.000000032280 - Current percentage: -29.59% - Max: 153.80% - Min: -29.59% - Market Cap 6544 - Trading time: 00:02:15
06-09-2025 07:06:37.147 INFO Current price: 0.000000032133 - Current percentage: -29.90% - Max: 153.80% - Min: -29.90% - Market Cap 6515 - Trading time: 00:02:19
06-09-2025 07:06:42.035 INFO Current price: 0.000000031322 - Current percentage: -33.10% - Max: 153.80% - Min: -33.10% - Market Cap 6218 - Trading time: 00:02:24
06-09-2025 07:06:57.613 INFO Current price: 0.000000030592 - Current percentage: -33.13% - Max: 153.80% - Min: -33.13% - Market Cap 6215 - Trading time: 00:02:39
06-09-2025 07:06:57.616 INFO Current price: 0.000000030554 - Current percentage: -33.26% - Max: 153.80% - Min: -33.26% - Market Cap 6202 - Trading time: 00:02:39
06-09-2025 07:07:04.359 INFO Current price: 0.000000030216 - Current percentage: -34.60% - Max: 153.80% - Min: -34.60% - Market Cap 6078 - Trading time: 00:02:46
06-09-2025 07:07:04.846 INFO Current price: 0.000000029847 - Current percentage: -34.88% - Max: 153.80% - Min: -34.88% - Market Cap 6052 - Trading time: 00:02:46
06-09-2025 07:07:04.885 INFO Current price: 0.000000029549 - Current percentage: -35.90% - Max: 153.80% - Min: -35.90% - Market Cap 5957 - Trading time: 00:02:46
06-09-2025 07:07:05.648 INFO Current price: 0.000000029313 - Current percentage: -35.92% - Max: 153.80% - Min: -35.92% - Market Cap 5955 - Trading time: 00:02:47
06-09-2025 07:07:06.545 INFO Current price: 0.000000029238 - Current percentage: -36.23% - Max: 153.80% - Min: -36.23% - Market Cap 5927 - Trading time: 00:02:48
06-09-2025 07:07:11.974 INFO Current price: 0.000000029108 - Current percentage: -36.49% - Max: 153.80% - Min: -36.49% - Market Cap 5903 - Trading time: 00:02:54
06-09-2025 07:07:17.515 INFO Current price: 0.000000029034 - Current percentage: -36.55% - Max: 153.80% - Min: -36.55% - Market Cap 5897 - Trading time: 00:02:59
06-09-2025 07:07:22.222 INFO Current price: 0.000000000000 - Current percentage: -36.55% - Max: 153.80% - Min: -36.55% - Market Cap 5897 - Trading time: 00:03:04
06-09-2025 07:07:55.927 INFO Current price: 0.000000029010 - Current percentage: -36.60% - Max: 153.80% - Min: -36.60% - Market Cap 5893 - Trading time: 00:03:37
06-09-2025 07:08:04.051 INFO Current price: 0.000000028998 - Current percentage: -36.60% - Max: 153.80% - Min: -36.60% - Market Cap 5892 - Trading time: 00:03:46
06-09-2025 07:08:22.675 INFO Current price: 0.000000028996 - Current percentage: -36.60% - Max: 153.80% - Min: -36.60% - Market Cap 5892 - Trading time: 00:04:04
06-09-2025 07:08:26.412 INFO Current price: 0.000000028991 - Current percentage: -36.62% - Max: 153.80% - Min: -36.62% - Market Cap 5890 - Trading time: 00:04:08
06-09-2025 07:09:06.216 INFO Current price: 0.000000028943 - Current percentage: -36.81% - Max: 153.80% - Min: -36.81% - Market Cap 5872 - Trading time: 00:04:48






06-09-2025 07:09:17.963 INFO {"type":"summary","reason":"max_window","startedAt":"2025-09-06T05:04:17.962Z","endedAt":"2025-09-06T05:09:17.963Z","durationSec":300,"entryPrice":5.167879966822024e-8,"entryMarketCapSol":45.67406529743149,"entryMarketCapUsd":9293.758806721358,"minPct":-36.8139663012766,"maxPct":153.80380576871767,"buyCount":198,"sellCount":224,"tradeCount":422,"entryRecorded":true,"noPostThresholdTrades":false,"triggerAt":"2025-09-06T05:04:17.962Z","ageAtTriggerSec":7,"preTotalTrades":42,"preBuys":28,"preSells":14,"preUniqueTraders":22,"preEntryTotalTrades":46,"preEntryBuys":31,"preEntrySells":15,"preEntryUniqueTraders":25,"preEntryMinMcUsd":7107.097063957041,"preEntryMaxMcUsd":11898.080315973544,"thresholdMcSol":45.67406529743149,"thresholdMcUsd":9293.758806721358,"thresholdPrice":5.167879966822024e-8}
