06-09-2025 14:33:04.505 INFO Entry price: 0.000000036376570107 - Entry market cap: 7360 - Buys 9 - Sells 2 - Ratio: 1:0.22 - Min MarketCap: 5687 - Max MarketCap: 7388
06-09-2025 14:33:04.505 INFO Current price: 0.000000036377 - Current percentage: 0.00% - Max: 0.00% - Min: 0.00% - Market Cap 7360 - Trading time: 00:00:02
06-09-2025 14:33:05.008 INFO Current price: 0.000000034173 - Current percentage: -8.71% - Max: 0.00% - Min: -8.71% - Market Cap 6720 - Trading time: 00:00:02
06-09-2025 14:33:11.774 INFO Current price: 0.000000033151 - Current percentage: -8.71% - Max: 0.00% - Min: -8.71% - Market Cap 6720 - Trading time: 00:00:09
06-09-2025 14:33:24.219 INFO Current price: 0.000000033346 - Current percentage: -7.61% - Max: 0.00% - Min: -8.71% - Market Cap 6800 - Trading time: 00:00:21
06-09-2025 14:33:30.897 INFO Current price: 0.000000033845 - Current percentage: -5.95% - Max: 0.00% - Min: -8.71% - Market Cap 6922 - Trading time: 00:00:28
06-09-2025 14:33:34.348 INFO Current price: 0.000000035154 - Current percentage: -0.32% - Max: 0.00% - Min: -8.71% - Market Cap 7337 - Trading time: 00:00:31
06-09-2025 14:33:47.245 INFO Current price: 0.000000036610 - Current percentage: 2.00% - Max: 2.00% - Min: -8.71% - Market Cap 7507 - Trading time: 00:00:44
06-09-2025 14:33:49.914 INFO Current price: 0.000000036987 - Current percentage: 1.74% - Max: 2.00% - Min: -8.71% - Market Cap 7488 - Trading time: 00:00:47
06-09-2025 14:34:18.199 INFO Current price: 0.000000036518 - Current percentage: -0.57% - Max: 2.00% - Min: -8.71% - Market Cap 7318 - Trading time: 00:01:15
06-09-2025 14:34:28.052 INFO Current price: 0.000000034828 - Current percentage: -7.46% - Max: 2.00% - Min: -8.71% - Market Cap 6811 - Trading time: 00:01:25
06-09-2025 14:34:28.325 INFO Current price: 0.000000032730 - Current percentage: -12.19% - Max: 2.00% - Min: -12.19% - Market Cap 6463 - Trading time: 00:01:25
06-09-2025 14:34:28.908 INFO Current price: 0.000000031609 - Current percentage: -13.69% - Max: 2.00% - Min: -13.69% - Market Cap 6353 - Trading time: 00:01:26
06-09-2025 14:34:29.880 INFO Current price: 0.000000030501 - Current percentage: -18.24% - Max: 2.00% - Min: -18.24% - Market Cap 6018 - Trading time: 00:01:27
06-09-2025 14:34:37.399 INFO Current price: 0.000000029286 - Current percentage: -20.43% - Max: 2.00% - Min: -20.43% - Market Cap 5857 - Trading time: 00:01:34
06-09-2025 14:34:37.773 INFO Current price: 0.000000028650 - Current percentage: -21.75% - Max: 2.00% - Min: -21.75% - Market Cap 5760 - Trading time: 00:01:35
06-09-2025 14:34:39.866 INFO Current price: 0.000000028256 - Current percentage: -22.60% - Max: 2.00% - Min: -22.60% - Market Cap 5697 - Trading time: 00:01:37
06-09-2025 14:34:43.469 INFO Current price: 0.000000028030 - Current percentage: -23.00% - Max: 2.00% - Min: -23.00% - Market Cap 5668 - Trading time: 00:01:40
06-09-2025 14:35:42.561 INFO Current price: 0.000000027961 - Current percentage: -22.98% - Max: 2.00% - Min: -23.00% - Market Cap 5669 - Trading time: 00:02:40






06-09-2025 14:45:42.563 INFO {"type":"summary","reason":"inactivity","startedAt":"2025-09-06T12:33:02.505Z","endedAt":"2025-09-06T12:45:42.563Z","durationSec":760,"entryPrice":3.637657010715121e-8,"entryMarketCapSol":36.308445384654725,"entryMarketCapUsd":7360.448048377206,"minPct":-22.995894811703106,"maxPct":1.9966611034815456,"buyCount":5,"sellCount":13,"tradeCount":18,"entryRecorded":true,"noPostThresholdTrades":false,"triggerAt":"2025-09-06T12:33:02.505Z","ageAtTriggerSec":45,"preTotalTrades":10,"preBuys":9,"preSells":1,"preUniqueTraders":10,"preEntryTotalTrades":11,"preEntryBuys":9,"preEntrySells":2,"preEntryUniqueTraders":10,"preEntryMinMcUsd":5686.522094281275,"preEntryMaxMcUsd":7388.094414468963,"thresholdMcSol":36.308445384654725,"thresholdMcUsd":7360.448048377206,"thresholdPrice":3.637657010715121e-8}
