06-09-2025 13:52:46.786 INFO Entry price: 0.000000036578096156 - Entry market cap: 6940 - Buys 10 - Sells 5 - Ratio: 1:0.50 - Min MarketCap: 7012 - Max MarketCap: 8179
06-09-2025 13:52:46.786 INFO Current price: 0.000000036578 - Current percentage: 0.00% - Max: 0.00% - Min: 0.00% - Market Cap 6940 - Trading time: 00:00:02
06-09-2025 13:52:48.374 INFO Current price: 0.000000034110 - Current percentage: -1.24% - Max: 0.00% - Min: -1.24% - Market Cap 6854 - Trading time: 00:00:03
06-09-2025 13:52:48.376 INFO Current price: 0.000000033676 - Current percentage: -2.53% - Max: 0.00% - Min: -2.53% - Market Cap 6764 - Trading time: 00:00:03
06-09-2025 13:52:49.370 INFO Current price: 0.000000033455 - Current percentage: -2.53% - Max: 0.00% - Min: -2.53% - Market Cap 6764 - Trading time: 00:00:04
06-09-2025 13:52:53.092 INFO Current price: 0.000000033254 - Current percentage: -3.70% - Max: 0.00% - Min: -3.70% - Market Cap 6683 - Trading time: 00:00:08
06-09-2025 13:52:53.095 INFO Current price: 0.000000032863 - Current percentage: -4.81% - Max: 0.00% - Min: -4.81% - Market Cap 6606 - Trading time: 00:00:08
06-09-2025 13:52:59.623 INFO Current price: 0.000000033453 - Current percentage: -0.21% - Max: 0.00% - Min: -4.81% - Market Cap 6925 - Trading time: 00:00:14
06-09-2025 13:52:59.626 INFO Current price: 0.000000034966 - Current percentage: 4.00% - Max: 4.00% - Min: -4.81% - Market Cap 7217 - Trading time: 00:00:14
06-09-2025 13:53:01.764 INFO Current price: 0.000000035798 - Current percentage: 4.60% - Max: 4.60% - Min: -4.81% - Market Cap 7259 - Trading time: 00:00:16
06-09-2025 13:53:02.042 INFO Current price: 0.000000035923 - Current percentage: 4.72% - Max: 4.72% - Min: -4.81% - Market Cap 7267 - Trading time: 00:00:17
06-09-2025 13:53:02.045 INFO Current price: 0.000000035965 - Current percentage: 4.85% - Max: 4.85% - Min: -4.81% - Market Cap 7276 - Trading time: 00:00:17
06-09-2025 13:53:05.639 INFO Current price: 0.000000035816 - Current percentage: 3.85% - Max: 4.85% - Min: -4.81% - Market Cap 7207 - Trading time: 00:00:20
06-09-2025 13:53:10.896 INFO Current price: 0.000000035903 - Current percentage: 5.36% - Max: 5.36% - Min: -4.81% - Market Cap 7312 - Trading time: 00:00:26
06-09-2025 13:53:17.089 INFO Current price: 0.000000036162 - Current percentage: 5.36% - Max: 5.36% - Min: -4.81% - Market Cap 7312 - Trading time: 00:00:32
06-09-2025 13:53:21.630 INFO Current price: 0.000000036172 - Current percentage: 5.42% - Max: 5.42% - Min: -4.81% - Market Cap 7316 - Trading time: 00:00:36
06-09-2025 13:53:26.525 INFO Current price: 0.000000035984 - Current percentage: 4.27% - Max: 5.42% - Min: -4.81% - Market Cap 7236 - Trading time: 00:00:41
06-09-2025 13:53:26.895 INFO Current price: 0.000000035739 - Current percentage: 3.99% - Max: 5.42% - Min: -4.81% - Market Cap 7216 - Trading time: 00:00:42
06-09-2025 13:53:26.930 INFO Current price: 0.000000035643 - Current percentage: 3.71% - Max: 5.42% - Min: -4.81% - Market Cap 7197 - Trading time: 00:00:42
06-09-2025 13:53:27.057 INFO Current price: 0.000000035574 - Current percentage: 3.58% - Max: 5.42% - Min: -4.81% - Market Cap 7188 - Trading time: 00:00:42
06-09-2025 13:53:27.060 INFO Current price: 0.000000035531 - Current percentage: 3.46% - Max: 5.42% - Min: -4.81% - Market Cap 7180 - Trading time: 00:00:42
06-09-2025 13:53:30.274 INFO Current price: 0.000000036240 - Current percentage: 7.75% - Max: 7.75% - Min: -4.81% - Market Cap 7478 - Trading time: 00:00:45
06-09-2025 13:53:30.648 INFO Current price: 0.000000036876 - Current percentage: 7.12% - Max: 7.75% - Min: -4.81% - Market Cap 7434 - Trading time: 00:00:45
06-09-2025 13:53:31.099 INFO Current price: 0.000000036758 - Current percentage: 7.07% - Max: 7.75% - Min: -4.81% - Market Cap 7430 - Trading time: 00:00:46
06-09-2025 13:53:33.618 INFO Current price: 0.000000037256 - Current percentage: 10.05% - Max: 10.05% - Min: -4.81% - Market Cap 7637 - Trading time: 00:00:48
06-09-2025 13:53:34.833 INFO Current price: 0.000000037823 - Current percentage: 10.35% - Max: 10.35% - Min: -4.81% - Market Cap 7658 - Trading time: 00:00:50
06-09-2025 13:53:44.164 INFO Current price: 0.000000038226 - Current percentage: 12.40% - Max: 12.40% - Min: -4.81% - Market Cap 7800 - Trading time: 00:00:59
06-09-2025 13:53:44.221 INFO Current price: 0.000000039205 - Current percentage: 16.08% - Max: 16.08% - Min: -4.81% - Market Cap 8055 - Trading time: 00:00:59
06-09-2025 13:53:44.224 INFO Current price: 0.000000040663 - Current percentage: 20.92% - Max: 20.92% - Min: -4.81% - Market Cap 8391 - Trading time: 00:00:59
06-09-2025 13:53:44.234 INFO Current price: 0.000000042008 - Current percentage: 23.89% - Max: 23.89% - Min: -4.81% - Market Cap 8597 - Trading time: 00:00:59
06-09-2025 13:53:44.240 INFO Current price: 0.000000043427 - Current percentage: 29.22% - Max: 29.22% - Min: -4.81% - Market Cap 8967 - Trading time: 00:00:59
06-09-2025 13:53:44.265 INFO Current price: 0.000000044908 - Current percentage: 32.48% - Max: 32.48% - Min: -4.81% - Market Cap 9194 - Trading time: 00:00:59
06-09-2025 13:53:44.410 INFO Current price: 0.000000045458 - Current percentage: 32.48% - Max: 32.48% - Min: -4.81% - Market Cap 9194 - Trading time: 00:00:59
06-09-2025 13:53:45.118 INFO Current price: 0.000000045471 - Current percentage: 32.48% - Max: 32.48% - Min: -4.81% - Market Cap 9194 - Trading time: 00:01:00
06-09-2025 13:53:45.226 INFO Current price: 0.000000045472 - Current percentage: 32.48% - Max: 32.48% - Min: -4.81% - Market Cap 9194 - Trading time: 00:01:00
06-09-2025 13:53:45.229 INFO Current price: 0.000000045472 - Current percentage: 32.48% - Max: 32.48% - Min: -4.81% - Market Cap 9194 - Trading time: 00:01:00
06-09-2025 13:53:46.046 INFO Current price: 0.000000045472 - Current percentage: 32.48% - Max: 32.48% - Min: -4.81% - Market Cap 9194 - Trading time: 00:01:01
06-09-2025 13:53:47.236 INFO Current price: 0.000000045704 - Current percentage: 33.84% - Max: 33.84% - Min: -4.81% - Market Cap 9288 - Trading time: 00:01:02
06-09-2025 13:53:48.114 INFO Current price: 0.000000045938 - Current percentage: 33.84% - Max: 33.84% - Min: -4.81% - Market Cap 9288 - Trading time: 00:01:03
06-09-2025 13:53:49.114 INFO Current price: 0.000000045961 - Current percentage: 33.98% - Max: 33.98% - Min: -4.81% - Market Cap 9298 - Trading time: 00:01:04
06-09-2025 13:53:49.327 INFO Current price: 0.000000045721 - Current percentage: 32.44% - Max: 33.98% - Min: -4.81% - Market Cap 9191 - Trading time: 00:01:04
06-09-2025 13:53:50.664 INFO Current price: 0.000000044690 - Current percentage: 28.00% - Max: 33.98% - Min: -4.81% - Market Cap 8883 - Trading time: 00:01:05
06-09-2025 13:53:51.477 INFO Current price: 0.000000043934 - Current percentage: 28.00% - Max: 33.98% - Min: -4.81% - Market Cap 8883 - Trading time: 00:01:06
06-09-2025 13:53:51.626 INFO Current price: 0.000000044024 - Current percentage: 28.52% - Max: 33.98% - Min: -4.81% - Market Cap 8919 - Trading time: 00:01:06
06-09-2025 13:53:53.059 INFO Current price: 0.000000043422 - Current percentage: 24.53% - Max: 33.98% - Min: -4.81% - Market Cap 8642 - Trading time: 00:01:08
06-09-2025 13:53:56.482 INFO Current price: 0.000000042754 - Current percentage: 24.60% - Max: 33.98% - Min: -4.81% - Market Cap 8647 - Trading time: 00:01:11
06-09-2025 13:53:59.625 INFO Current price: 0.000000042776 - Current percentage: 24.60% - Max: 33.98% - Min: -4.81% - Market Cap 8647 - Trading time: 00:01:14
06-09-2025 13:54:00.186 INFO Current price: 0.000000042776 - Current percentage: 24.66% - Max: 33.98% - Min: -4.81% - Market Cap 8651 - Trading time: 00:01:15
06-09-2025 13:54:00.476 INFO Current price: 0.000000042799 - Current percentage: 24.73% - Max: 33.98% - Min: -4.81% - Market Cap 8656 - Trading time: 00:01:15
06-09-2025 13:54:02.112 INFO Current price: 0.000000042600 - Current percentage: 23.51% - Max: 33.98% - Min: -4.81% - Market Cap 8571 - Trading time: 00:01:17
06-09-2025 13:54:02.506 INFO Current price: 0.000000041883 - Current percentage: 20.57% - Max: 33.98% - Min: -4.81% - Market Cap 8367 - Trading time: 00:01:17
06-09-2025 13:54:03.202 INFO Current price: 0.000000041321 - Current percentage: 20.21% - Max: 33.98% - Min: -4.81% - Market Cap 8343 - Trading time: 00:01:18
06-09-2025 13:54:05.527 INFO Current price: 0.000000040993 - Current percentage: 18.66% - Max: 33.98% - Min: -4.81% - Market Cap 8234 - Trading time: 00:01:20
06-09-2025 13:54:05.533 INFO Current price: 0.000000040508 - Current percentage: 17.39% - Max: 33.98% - Min: -4.81% - Market Cap 8146 - Trading time: 00:01:20
06-09-2025 13:54:09.888 INFO Current price: 0.000000040271 - Current percentage: 17.28% - Max: 33.98% - Min: -4.81% - Market Cap 8139 - Trading time: 00:01:25
06-09-2025 13:54:11.285 INFO Current price: 0.000000040635 - Current percentage: 19.52% - Max: 33.98% - Min: -4.81% - Market Cap 8294 - Trading time: 00:01:26
06-09-2025 13:54:12.260 INFO Current price: 0.000000042136 - Current percentage: 26.10% - Max: 33.98% - Min: -4.81% - Market Cap 8751 - Trading time: 00:01:27
06-09-2025 13:54:18.150 INFO Current price: 0.000000042136 - Current percentage: 19.52% - Max: 33.98% - Min: -4.81% - Market Cap 8294 - Trading time: 00:01:33
06-09-2025 13:54:32.981 INFO Current price: 0.000000041032 - Current percentage: 19.58% - Max: 33.98% - Min: -4.81% - Market Cap 8299 - Trading time: 00:01:48
06-09-2025 13:54:33.173 INFO Current price: 0.000000041054 - Current percentage: 19.64% - Max: 33.98% - Min: -4.81% - Market Cap 8303 - Trading time: 00:01:48
06-09-2025 13:54:40.406 INFO Current price: 0.000000040284 - Current percentage: 15.14% - Max: 33.98% - Min: -4.81% - Market Cap 7990 - Trading time: 00:01:55
06-09-2025 13:54:40.409 INFO Current price: 0.000000038752 - Current percentage: 10.72% - Max: 33.98% - Min: -4.81% - Market Cap 7683 - Trading time: 00:01:55
06-09-2025 13:54:45.604 INFO Current price: 0.000000037144 - Current percentage: 5.78% - Max: 33.98% - Min: -4.81% - Market Cap 7341 - Trading time: 00:02:00
06-09-2025 13:54:45.605 INFO Current price: 0.000000035649 - Current percentage: 1.98% - Max: 33.98% - Min: -4.81% - Market Cap 7077 - Trading time: 00:02:00
06-09-2025 13:54:45.605 INFO Current price: 0.000000034487 - Current percentage: -1.00% - Max: 33.98% - Min: -4.81% - Market Cap 6870 - Trading time: 00:02:00
06-09-2025 13:54:45.723 INFO Current price: 0.000000033355 - Current percentage: -4.60% - Max: 33.98% - Min: -4.81% - Market Cap 6621 - Trading time: 00:02:00
06-09-2025 13:54:45.726 INFO Current price: 0.000000032156 - Current percentage: -8.00% - Max: 33.98% - Min: -8.00% - Market Cap 6385 - Trading time: 00:02:00
06-09-2025 13:54:45.906 INFO Current price: 0.000000031128 - Current percentage: -10.60% - Max: 33.98% - Min: -10.60% - Market Cap 6204 - Trading time: 00:02:01
06-09-2025 13:54:46.077 INFO Current price: 0.000000030371 - Current percentage: -12.42% - Max: 33.98% - Min: -12.42% - Market Cap 6078 - Trading time: 00:02:01
06-09-2025 13:54:46.891 INFO Current price: 0.000000029862 - Current percentage: -13.56% - Max: 33.98% - Min: -13.56% - Market Cap 5998 - Trading time: 00:02:02
06-09-2025 13:54:47.722 INFO Current price: 0.000000029195 - Current percentage: -16.30% - Max: 33.98% - Min: -16.30% - Market Cap 5809 - Trading time: 00:02:02
06-09-2025 13:54:49.689 INFO Current price: 0.000000028387 - Current percentage: -18.28% - Max: 33.98% - Min: -18.28% - Market Cap 5671 - Trading time: 00:02:04
06-09-2025 13:55:48.935 INFO Current price: 0.000000028059 - Current percentage: -18.22% - Max: 33.98% - Min: -18.28% - Market Cap 5675 - Trading time: 00:03:04
06-09-2025 13:56:50.619 INFO Current price: 0.000000028270 - Current percentage: -17.04% - Max: 33.98% - Min: -18.28% - Market Cap 5757 - Trading time: 00:04:05
06-09-2025 14:05:21.038 INFO Current price: 0.000000028579 - Current percentage: -16.33% - Max: 33.98% - Min: -18.28% - Market Cap 5807 - Trading time: 00:12:36
06-09-2025 14:08:34.956 INFO Current price: 0.000000028604 - Current percentage: -16.73% - Max: 33.98% - Min: -18.28% - Market Cap 5779 - Trading time: 00:15:50






06-09-2025 14:12:44.786 INFO {"type":"summary","reason":"max_window","startedAt":"2025-09-06T11:52:44.785Z","endedAt":"2025-09-06T12:12:44.786Z","durationSec":1200,"entryPrice":3.657809615584821e-8,"entryMarketCapSol":34.32271160903401,"entryMarketCapUsd":6939.709060230586,"minPct":-18.276913153174913,"maxPct":33.976177665254696,"buyCount":34,"sellCount":40,"tradeCount":74,"entryRecorded":true,"noPostThresholdTrades":false,"triggerAt":"2025-09-06T11:52:44.785Z","ageAtTriggerSec":9,"preTotalTrades":15,"preBuys":10,"preSells":5,"preUniqueTraders":13,"preEntryTotalTrades":15,"preEntryBuys":10,"preEntrySells":5,"preEntryUniqueTraders":13,"preEntryMinMcUsd":7012.375349465326,"preEntryMaxMcUsd":8178.695966044359,"thresholdMcSol":34.32271160903401,"thresholdMcUsd":6939.709060230586,"thresholdPrice":3.657809615584821e-8}
