06-09-2025 12:46:42.147 INFO Entry price: 0.000000046470485920 - Entry market cap: 8691 - Buys 16 - Sells 6 - Ratio: 1:0.38 - Min MarketCap: 7743 - Max MarketCap: 10287
06-09-2025 12:46:42.147 INFO Current price: 0.000000046470 - Current percentage: 0.00% - Max: 0.00% - Min: 0.00% - Market Cap 8691 - Trading time: 00:00:02
06-09-2025 12:46:42.494 INFO Current price: 0.000000046927 - Current percentage: 9.37% - Max: 9.37% - Min: 0.00% - Market Cap 9505 - Trading time: 00:00:02
06-09-2025 12:46:42.779 INFO Current price: 0.000000048071 - Current percentage: 14.94% - Max: 14.94% - Min: 0.00% - Market Cap 9990 - Trading time: 00:00:02
06-09-2025 12:46:43.273 INFO Current price: 0.000000049402 - Current percentage: 15.51% - Max: 15.51% - Min: 0.00% - Market Cap 10039 - Trading time: 00:00:03
06-09-2025 12:46:44.514 INFO Current price: 0.000000049829 - Current percentage: 16.94% - Max: 16.94% - Min: 0.00% - Market Cap 10163 - Trading time: 00:00:04
06-09-2025 12:46:45.337 INFO Current price: 0.000000050320 - Current percentage: 17.80% - Max: 17.80% - Min: 0.00% - Market Cap 10238 - Trading time: 00:00:05
06-09-2025 12:46:46.243 INFO Current price: 0.000000047020 - Current percentage: 2.10% - Max: 17.80% - Min: 0.00% - Market Cap 8874 - Trading time: 00:00:06
06-09-2025 12:46:46.369 INFO Current price: 0.000000043579 - Current percentage: 1.19% - Max: 17.80% - Min: 0.00% - Market Cap 8794 - Trading time: 00:00:06
06-09-2025 12:46:47.064 INFO Current price: 0.000000043270 - Current percentage: 0.66% - Max: 17.80% - Min: 0.00% - Market Cap 8748 - Trading time: 00:00:06
06-09-2025 12:46:47.668 INFO Current price: 0.000000043304 - Current percentage: 1.35% - Max: 17.80% - Min: 0.00% - Market Cap 8808 - Trading time: 00:00:07
06-09-2025 12:46:47.845 INFO Current price: 0.000000044588 - Current percentage: 6.72% - Max: 17.80% - Min: 0.00% - Market Cap 9275 - Trading time: 00:00:07
06-09-2025 12:46:47.974 INFO Current price: 0.000000046469 - Current percentage: 10.08% - Max: 17.80% - Min: 0.00% - Market Cap 9567 - Trading time: 00:00:07
06-09-2025 12:46:50.623 INFO Current price: 0.000000044881 - Current percentage: -0.45% - Max: 17.80% - Min: -0.45% - Market Cap 8652 - Trading time: 00:00:10
06-09-2025 12:46:53.539 INFO Current price: 0.000000039967 - Current percentage: -12.70% - Max: 17.80% - Min: -12.70% - Market Cap 7587 - Trading time: 00:00:13
06-09-2025 12:46:53.543 INFO Current price: 0.000000035905 - Current percentage: -19.66% - Max: 17.80% - Min: -19.66% - Market Cap 6982 - Trading time: 00:00:13
06-09-2025 12:46:53.570 INFO Current price: 0.000000033991 - Current percentage: -21.76% - Max: 17.80% - Min: -21.76% - Market Cap 6799 - Trading time: 00:00:13
06-09-2025 12:46:54.009 INFO Current price: 0.000000033542 - Current percentage: -21.76% - Max: 17.80% - Min: -21.76% - Market Cap 6799 - Trading time: 00:00:13
06-09-2025 12:46:54.508 INFO Current price: 0.000000032861 - Current percentage: -24.91% - Max: 17.80% - Min: -24.91% - Market Cap 6526 - Trading time: 00:00:14
06-09-2025 12:46:54.803 INFO Current price: 0.000000032129 - Current percentage: -25.21% - Max: 17.80% - Min: -25.21% - Market Cap 6500 - Trading time: 00:00:14
06-09-2025 12:46:56.438 INFO Current price: 0.000000031878 - Current percentage: -26.08% - Max: 17.80% - Min: -26.08% - Market Cap 6424 - Trading time: 00:00:16
06-09-2025 12:46:57.353 INFO Current price: 0.000000031602 - Current percentage: -26.50% - Max: 17.80% - Min: -26.50% - Market Cap 6387 - Trading time: 00:00:17
06-09-2025 12:46:59.543 INFO Current price: 0.000000030841 - Current percentage: -29.59% - Max: 17.80% - Min: -29.59% - Market Cap 6119 - Trading time: 00:00:19
06-09-2025 12:47:00.492 INFO Current price: 0.000000030101 - Current percentage: -29.99% - Max: 17.80% - Min: -29.99% - Market Cap 6084 - Trading time: 00:00:20
06-09-2025 12:47:02.531 INFO Current price: 0.000000029873 - Current percentage: -30.66% - Max: 17.80% - Min: -30.66% - Market Cap 6027 - Trading time: 00:00:22
06-09-2025 12:47:06.978 INFO Current price: 0.000000030670 - Current percentage: -26.20% - Max: 17.80% - Min: -30.66% - Market Cap 6414 - Trading time: 00:00:26
06-09-2025 12:47:20.465 INFO Current price: 0.000000033017 - Current percentage: -19.69% - Max: 17.80% - Min: -30.66% - Market Cap 6980 - Trading time: 00:00:40
06-09-2025 12:47:24.825 INFO Current price: 0.000000034463 - Current percentage: -19.55% - Max: 17.80% - Min: -30.66% - Market Cap 6992 - Trading time: 00:00:44
06-09-2025 12:47:48.157 INFO Current price: 0.000000034524 - Current percentage: -19.40% - Max: 17.80% - Min: -30.66% - Market Cap 7005 - Trading time: 00:01:08
06-09-2025 12:47:52.161 INFO Current price: 0.000000034659 - Current percentage: -18.81% - Max: 17.80% - Min: -30.66% - Market Cap 7056 - Trading time: 00:01:12
06-09-2025 12:47:53.090 INFO Current price: 0.000000034769 - Current percentage: -18.78% - Max: 17.80% - Min: -30.66% - Market Cap 7058 - Trading time: 00:01:12
06-09-2025 12:47:56.045 INFO Current price: 0.000000034804 - Current percentage: -18.65% - Max: 17.80% - Min: -30.66% - Market Cap 7070 - Trading time: 00:01:15
06-09-2025 12:48:00.686 INFO Current price: 0.000000035029 - Current percentage: -17.73% - Max: 17.80% - Min: -30.66% - Market Cap 7150 - Trading time: 00:01:20
06-09-2025 12:48:42.749 INFO Current price: 0.000000035119 - Current percentage: -18.23% - Max: 17.80% - Min: -30.66% - Market Cap 7107 - Trading time: 00:02:02
06-09-2025 12:49:11.366 INFO Current price: 0.000000035002 - Current percentage: -18.28% - Max: 17.80% - Min: -30.66% - Market Cap 7102 - Trading time: 00:02:31
06-09-2025 12:49:36.981 INFO Current price: 0.000000034959 - Current percentage: -18.42% - Max: 17.80% - Min: -30.66% - Market Cap 7090 - Trading time: 00:02:56
06-09-2025 12:49:44.646 INFO Current price: 0.000000035064 - Current percentage: -17.79% - Max: 17.80% - Min: -30.66% - Market Cap 7145 - Trading time: 00:03:04
06-09-2025 12:49:57.477 INFO Current price: 0.000000035005 - Current percentage: -18.70% - Max: 17.80% - Min: -30.66% - Market Cap 7066 - Trading time: 00:03:17
06-09-2025 12:51:43.095 INFO Current price: 0.000000035174 - Current percentage: -16.99% - Max: 17.80% - Min: -30.66% - Market Cap 7214 - Trading time: 00:05:02
06-09-2025 12:51:43.211 INFO Current price: 0.000000036372 - Current percentage: -13.07% - Max: 17.80% - Min: -30.66% - Market Cap 7555 - Trading time: 00:05:03
06-09-2025 12:51:51.886 INFO Current price: 0.000000037751 - Current percentage: -11.82% - Max: 17.80% - Min: -30.66% - Market Cap 7663 - Trading time: 00:05:11
06-09-2025 12:52:34.977 INFO Current price: 0.000000037862 - Current percentage: -11.32% - Max: 17.80% - Min: -30.66% - Market Cap 7707 - Trading time: 00:05:54
06-09-2025 12:52:54.708 INFO Current price: 0.000000038080 - Current percentage: -10.81% - Max: 17.80% - Min: -30.66% - Market Cap 7752 - Trading time: 00:06:14
06-09-2025 12:53:06.474 INFO Current price: 0.000000037919 - Current percentage: -12.06% - Max: 17.80% - Min: -30.66% - Market Cap 7643 - Trading time: 00:06:26
06-09-2025 12:53:13.893 INFO Current price: 0.000000036788 - Current percentage: -16.05% - Max: 17.80% - Min: -30.66% - Market Cap 7296 - Trading time: 00:06:33
06-09-2025 12:56:30.043 INFO Current price: 0.000000035938 - Current percentage: -16.08% - Max: 17.80% - Min: -30.66% - Market Cap 7293 - Trading time: 00:09:49
06-09-2025 12:57:07.484 INFO Current price: 0.000000036975 - Current percentage: -11.14% - Max: 17.80% - Min: -30.66% - Market Cap 7723 - Trading time: 00:10:27
06-09-2025 12:57:07.556 INFO Current price: 0.000000038670 - Current percentage: -8.21% - Max: 17.80% - Min: -30.66% - Market Cap 7977 - Trading time: 00:10:27
06-09-2025 12:57:07.558 INFO Current price: 0.000000039556 - Current percentage: -7.02% - Max: 17.80% - Min: -30.66% - Market Cap 8081 - Trading time: 00:10:27
06-09-2025 12:57:07.568 INFO Current price: 0.000000040690 - Current percentage: -2.87% - Max: 17.80% - Min: -30.66% - Market Cap 8442 - Trading time: 00:10:27
06-09-2025 12:57:07.568 INFO Current price: 0.000000042127 - Current percentage: -0.34% - Max: 17.80% - Min: -30.66% - Market Cap 8662 - Trading time: 00:10:27
06-09-2025 12:57:08.405 INFO Current price: 0.000000042672 - Current percentage: -0.34% - Max: 17.80% - Min: -30.66% - Market Cap 8662 - Trading time: 00:10:28
06-09-2025 12:57:08.447 INFO Current price: 0.000000042673 - Current percentage: -0.34% - Max: 17.80% - Min: -30.66% - Market Cap 8662 - Trading time: 00:10:28
06-09-2025 12:57:08.560 INFO Current price: 0.000000042685 - Current percentage: -0.28% - Max: 17.80% - Min: -30.66% - Market Cap 8667 - Trading time: 00:10:28
06-09-2025 12:57:08.572 INFO Current price: 0.000000042698 - Current percentage: -0.28% - Max: 17.80% - Min: -30.66% - Market Cap 8667 - Trading time: 00:10:28
06-09-2025 12:57:09.274 INFO Current price: 0.000000042698 - Current percentage: -0.28% - Max: 17.80% - Min: -30.66% - Market Cap 8667 - Trading time: 00:10:29
06-09-2025 12:57:11.654 INFO Current price: 0.000000042698 - Current percentage: -0.28% - Max: 17.80% - Min: -30.66% - Market Cap 8667 - Trading time: 00:10:31
06-09-2025 12:57:14.224 INFO Current price: 0.000000046639 - Current percentage: 18.98% - Max: 18.98% - Min: -30.66% - Market Cap 10341 - Trading time: 00:10:34
06-09-2025 12:57:14.567 INFO Current price: 0.000000050944 - Current percentage: 18.98% - Max: 18.98% - Min: -30.66% - Market Cap 10341 - Trading time: 00:10:34
06-09-2025 12:57:17.757 INFO Current price: 0.000000050928 - Current percentage: 18.90% - Max: 18.98% - Min: -30.66% - Market Cap 10334 - Trading time: 00:10:37
06-09-2025 12:57:19.393 INFO Current price: 0.000000046610 - Current percentage: -0.34% - Max: 18.98% - Min: -30.66% - Market Cap 8662 - Trading time: 00:10:39
06-09-2025 12:57:19.601 INFO Current price: 0.000000042389 - Current percentage: -1.66% - Max: 18.98% - Min: -30.66% - Market Cap 8547 - Trading time: 00:10:39
06-09-2025 12:57:19.750 INFO Current price: 0.000000041192 - Current percentage: -5.88% - Max: 18.98% - Min: -30.66% - Market Cap 8180 - Trading time: 00:10:39
06-09-2025 12:57:19.772 INFO Current price: 0.000000039796 - Current percentage: -8.21% - Max: 18.98% - Min: -30.66% - Market Cap 7977 - Trading time: 00:10:39
06-09-2025 12:57:32.951 INFO Current price: 0.000000039637 - Current percentage: -6.64% - Max: 18.98% - Min: -30.66% - Market Cap 8114 - Trading time: 00:10:52
06-09-2025 12:57:33.044 INFO Current price: 0.000000040085 - Current percentage: -6.12% - Max: 18.98% - Min: -30.66% - Market Cap 8159 - Trading time: 00:10:52
06-09-2025 12:57:33.118 INFO Current price: 0.000000040330 - Current percentage: -5.49% - Max: 18.98% - Min: -30.66% - Market Cap 8213 - Trading time: 00:10:52
06-09-2025 12:57:33.435 INFO Current price: 0.000000040464 - Current percentage: -5.49% - Max: 18.98% - Min: -30.66% - Market Cap 8213 - Trading time: 00:10:53
06-09-2025 12:57:37.282 INFO Current price: 0.000000041560 - Current percentage: -0.30% - Max: 18.98% - Min: -30.66% - Market Cap 8664 - Trading time: 00:10:57
06-09-2025 12:57:37.552 INFO Current price: 0.000000042687 - Current percentage: -0.30% - Max: 18.98% - Min: -30.66% - Market Cap 8665 - Trading time: 00:10:57
06-09-2025 12:57:43.149 INFO Current price: 0.000000042568 - Current percentage: -0.86% - Max: 18.98% - Min: -30.66% - Market Cap 8616 - Trading time: 00:11:03
06-09-2025 12:57:43.246 INFO Current price: 0.000000042302 - Current percentage: -1.54% - Max: 18.98% - Min: -30.66% - Market Cap 8557 - Trading time: 00:11:03
06-09-2025 12:57:55.553 INFO Current price: 0.000000041053 - Current percentage: -6.69% - Max: 18.98% - Min: -30.66% - Market Cap 8110 - Trading time: 00:11:15
06-09-2025 12:57:55.789 INFO Current price: 0.000000039976 - Current percentage: -6.69% - Max: 18.98% - Min: -30.66% - Market Cap 8109 - Trading time: 00:11:15
06-09-2025 12:57:56.791 INFO Current price: 0.000000041089 - Current percentage: -1.42% - Max: 18.98% - Min: -30.66% - Market Cap 8568 - Trading time: 00:11:16
06-09-2025 12:59:38.542 INFO Current price: 0.000000041380 - Current percentage: -3.70% - Max: 18.98% - Min: -30.66% - Market Cap 8369 - Trading time: 00:12:58
06-09-2025 13:03:13.654 INFO Current price: 0.000000041313 - Current percentage: -3.44% - Max: 18.98% - Min: -30.66% - Market Cap 8392 - Trading time: 00:16:33
06-09-2025 13:03:18.429 INFO Current price: 0.000000042489 - Current percentage: 1.86% - Max: 18.98% - Min: -30.66% - Market Cap 8852 - Trading time: 00:16:38
06-09-2025 13:03:18.668 INFO Current price: 0.000000043966 - Current percentage: 3.39% - Max: 18.98% - Min: -30.66% - Market Cap 8986 - Trading time: 00:16:38
06-09-2025 13:03:18.838 INFO Current price: 0.000000044875 - Current percentage: 6.12% - Max: 18.98% - Min: -30.66% - Market Cap 9222 - Trading time: 00:16:38
06-09-2025 13:03:19.287 INFO Current price: 0.000000047809 - Current percentage: 17.36% - Max: 18.98% - Min: -30.66% - Market Cap 10199 - Trading time: 00:16:39
06-09-2025 13:03:20.393 INFO Current price: 0.000000050278 - Current percentage: 17.36% - Max: 18.98% - Min: -30.66% - Market Cap 10199 - Trading time: 00:16:40
06-09-2025 13:03:22.396 INFO Current price: 0.000000051512 - Current percentage: 23.19% - Max: 23.19% - Min: -30.66% - Market Cap 10706 - Trading time: 00:16:42
06-09-2025 13:03:22.503 INFO Current price: 0.000000053725 - Current percentage: 27.65% - Max: 27.65% - Min: -30.66% - Market Cap 11094 - Trading time: 00:16:42
06-09-2025 13:03:22.803 INFO Current price: 0.000000055211 - Current percentage: 30.10% - Max: 30.10% - Min: -30.66% - Market Cap 11307 - Trading time: 00:16:42
06-09-2025 13:03:22.806 INFO Current price: 0.000000056209 - Current percentage: 32.31% - Max: 32.31% - Min: -30.66% - Market Cap 11499 - Trading time: 00:16:42
06-09-2025 13:03:22.809 INFO Current price: 0.000000057172 - Current percentage: 34.60% - Max: 34.60% - Min: -30.66% - Market Cap 11698 - Trading time: 00:16:42
06-09-2025 13:03:22.811 INFO Current price: 0.000000057799 - Current percentage: 35.22% - Max: 35.22% - Min: -30.66% - Market Cap 11752 - Trading time: 00:16:42
06-09-2025 13:03:22.814 INFO Current price: 0.000000058134 - Current percentage: 36.16% - Max: 36.16% - Min: -30.66% - Market Cap 11834 - Trading time: 00:16:42
06-09-2025 13:03:22.814 INFO Current price: 0.000000058337 - Current percentage: 36.17% - Max: 36.17% - Min: -30.66% - Market Cap 11835 - Trading time: 00:16:42
06-09-2025 13:03:22.912 INFO Current price: 0.000000058352 - Current percentage: 36.23% - Max: 36.23% - Min: -30.66% - Market Cap 11840 - Trading time: 00:16:42
06-09-2025 13:03:24.345 INFO Current price: 0.000000058702 - Current percentage: 37.81% - Max: 37.81% - Min: -30.66% - Market Cap 11977 - Trading time: 00:16:44
06-09-2025 13:03:26.272 INFO Current price: 0.000000060395 - Current percentage: 44.20% - Max: 44.20% - Min: -30.66% - Market Cap 12533 - Trading time: 00:16:46
06-09-2025 13:03:42.434 INFO Current price: 0.000000061807 - Current percentage: 44.33% - Max: 44.33% - Min: -30.66% - Market Cap 12544 - Trading time: 00:17:02
06-09-2025 13:03:43.017 INFO Current price: 0.000000061820 - Current percentage: 44.26% - Max: 44.33% - Min: -30.66% - Market Cap 12538 - Trading time: 00:17:02
06-09-2025 13:03:44.780 INFO Current price: 0.000000061819 - Current percentage: 44.33% - Max: 44.33% - Min: -30.66% - Market Cap 12543 - Trading time: 00:17:04
06-09-2025 13:03:56.288 INFO Current price: 0.000000061763 - Current percentage: 44.00% - Max: 44.33% - Min: -30.66% - Market Cap 12515 - Trading time: 00:17:16
06-09-2025 13:03:56.487 INFO Current price: 0.000000061695 - Current percentage: 44.01% - Max: 44.33% - Min: -30.66% - Market Cap 12516 - Trading time: 00:17:16
06-09-2025 13:04:01.124 INFO Current price: 0.000000063052 - Current percentage: 50.40% - Max: 50.40% - Min: -30.66% - Market Cap 13071 - Trading time: 00:17:20
06-09-2025 13:04:01.427 INFO Current price: 0.000000065525 - Current percentage: 55.53% - Max: 55.53% - Min: -30.66% - Market Cap 13517 - Trading time: 00:17:21
06-09-2025 13:04:07.301 INFO Current price: 0.000000066650 - Current percentage: 55.61% - Max: 55.61% - Min: -30.66% - Market Cap 13524 - Trading time: 00:17:27
06-09-2025 13:04:07.336 INFO Current price: 0.000000066680 - Current percentage: 55.67% - Max: 55.67% - Min: -30.66% - Market Cap 13529 - Trading time: 00:17:27
06-09-2025 13:04:26.143 INFO Current price: 0.000000066694 - Current percentage: 55.67% - Max: 55.67% - Min: -30.66% - Market Cap 13530 - Trading time: 00:17:45
06-09-2025 13:04:29.563 INFO Current price: 0.000000066694 - Current percentage: 55.67% - Max: 55.67% - Min: -30.66% - Market Cap 13529 - Trading time: 00:17:49
06-09-2025 13:04:29.566 INFO Current price: 0.000000065238 - Current percentage: 48.95% - Max: 55.67% - Min: -30.66% - Market Cap 12945 - Trading time: 00:17:49
06-09-2025 13:04:29.766 INFO Current price: 0.000000062774 - Current percentage: 44.14% - Max: 55.67% - Min: -30.66% - Market Cap 12527 - Trading time: 00:17:49
06-09-2025 13:04:29.945 INFO Current price: 0.000000061752 - Current percentage: 44.14% - Max: 55.67% - Min: -30.66% - Market Cap 12527 - Trading time: 00:17:49
06-09-2025 13:04:49.184 INFO Current price: 0.000000062575 - Current percentage: 46.38% - Max: 55.67% - Min: -30.66% - Market Cap 12722 - Trading time: 00:18:09
06-09-2025 13:05:04.448 INFO Current price: 0.000000061296 - Current percentage: 39.84% - Max: 55.67% - Min: -30.66% - Market Cap 12154 - Trading time: 00:18:24
06-09-2025 13:05:21.527 INFO Current price: 0.000000059979 - Current percentage: 40.16% - Max: 55.67% - Min: -30.66% - Market Cap 12181 - Trading time: 00:18:41
06-09-2025 13:05:22.509 INFO Current price: 0.000000056839 - Current percentage: 25.59% - Max: 55.67% - Min: -30.66% - Market Cap 10915 - Trading time: 00:18:42
06-09-2025 13:05:44.266 INFO Current price: 0.000000052861 - Current percentage: 21.23% - Max: 55.67% - Min: -30.66% - Market Cap 10536 - Trading time: 00:19:04
06-09-2025 13:05:44.948 INFO Current price: 0.000000050701 - Current percentage: 15.53% - Max: 55.67% - Min: -30.66% - Market Cap 10041 - Trading time: 00:19:04
06-09-2025 13:05:45.330 INFO Current price: 0.000000049055 - Current percentage: 13.48% - Max: 55.67% - Min: -30.66% - Market Cap 9863 - Trading time: 00:19:05
06-09-2025 13:05:45.433 INFO Current price: 0.000000048515 - Current percentage: 13.00% - Max: 55.67% - Min: -30.66% - Market Cap 9821 - Trading time: 00:19:05
06-09-2025 13:05:45.433 INFO Current price: 0.000000048033 - Current percentage: 11.24% - Max: 55.67% - Min: -30.66% - Market Cap 9668 - Trading time: 00:19:05
06-09-2025 13:05:45.433 INFO Current price: 0.000000047291 - Current percentage: 9.53% - Max: 55.67% - Min: -30.66% - Market Cap 9520 - Trading time: 00:19:05
06-09-2025 13:05:45.501 INFO Current price: 0.000000046781 - Current percentage: 8.85% - Max: 55.67% - Min: -30.66% - Market Cap 9461 - Trading time: 00:19:05
06-09-2025 13:05:45.503 INFO Current price: 0.000000046635 - Current percentage: 8.85% - Max: 55.67% - Min: -30.66% - Market Cap 9460 - Trading time: 00:19:05
06-09-2025 13:05:46.990 INFO Current price: 0.000000046646 - Current percentage: 8.91% - Max: 55.67% - Min: -30.66% - Market Cap 9465 - Trading time: 00:19:06
06-09-2025 13:05:47.846 INFO Current price: 0.000000046420 - Current percentage: 7.80% - Max: 55.67% - Min: -30.66% - Market Cap 9369 - Trading time: 00:19:07
06-09-2025 13:05:50.153 INFO Current price: 0.000000047132 - Current percentage: 12.27% - Max: 55.67% - Min: -30.66% - Market Cap 9757 - Trading time: 00:19:10
06-09-2025 13:05:50.438 INFO Current price: 0.000000048445 - Current percentage: 13.89% - Max: 55.67% - Min: -30.66% - Market Cap 9898 - Trading time: 00:19:10
06-09-2025 13:06:20.769 INFO Current price: 0.000000050941 - Current percentage: 19.34% - Max: 55.67% - Min: -30.66% - Market Cap 10371 - Trading time: 00:19:40
06-09-2025 13:06:32.307 INFO Current price: 0.000000051249 - Current percentage: 19.91% - Max: 55.67% - Min: -30.66% - Market Cap 10422 - Trading time: 00:19:52
06-09-2025 13:06:37.802 INFO Current price: 0.000000050305 - Current percentage: 14.98% - Max: 55.67% - Min: -30.66% - Market Cap 9993 - Trading time: 00:19:57
06-09-2025 13:06:37.862 INFO Current price: 0.000000048907 - Current percentage: 13.34% - Max: 55.67% - Min: -30.66% - Market Cap 9850 - Trading time: 00:19:57






06-09-2025 13:06:40.147 INFO {"type":"summary","reason":"max_window","startedAt":"2025-09-06T10:46:40.147Z","endedAt":"2025-09-06T11:06:40.147Z","durationSec":1200,"entryPrice":4.6470485919850885e-8,"entryMarketCapSol":42.87387997216276,"entryMarketCapUsd":8690.964209157113,"minPct":-30.656456182137394,"maxPct":55.67329953339455,"buyCount":73,"sellCount":55,"tradeCount":128,"entryRecorded":true,"noPostThresholdTrades":false,"triggerAt":"2025-09-06T10:46:40.147Z","ageAtTriggerSec":7,"preTotalTrades":19,"preBuys":13,"preSells":6,"preUniqueTraders":11,"preEntryTotalTrades":22,"preEntryBuys":16,"preEntrySells":6,"preEntryUniqueTraders":14,"preEntryMinMcUsd":7743.484484616403,"preEntryMaxMcUsd":10286.713511424727,"thresholdMcSol":42.87387997216276,"thresholdMcUsd":8690.964209157113,"thresholdPrice":4.6470485919850885e-8}
