05-09-2025 23:35:06.304 INFO Entry price: 0.000000030888235831 - Entry market cap: 5764 - Buys 5 - Sells 4 - Ratio: 1:0.80 - Min MarketCap: 5764 - Max MarketCap: 7102
05-09-2025 23:35:06.304 INFO Current price: 0.000000030888 - Current percentage: 0.00% - Max: 0.00% - Min: 0.00% - Market Cap 5764 - Trading time: 00:00:02
05-09-2025 23:35:07.341 INFO Current price: 0.000000028200 - Current percentage: -0.27% - Max: 0.00% - Min: -0.27% - Market Cap 5749 - Trading time: 00:00:03
05-09-2025 23:35:14.037 INFO Current price: 0.000000029082 - Current percentage: 6.35% - Max: 6.35% - Min: -0.27% - Market Cap 6130 - Trading time: 00:00:09
05-09-2025 23:35:14.040 INFO Current price: 0.000000030994 - Current percentage: 13.27% - Max: 13.27% - Min: -0.27% - Market Cap 6529 - Trading time: 00:00:09
05-09-2025 23:35:14.693 INFO Current price: 0.000000033064 - Current percentage: 21.04% - Max: 21.04% - Min: -0.27% - Market Cap 6977 - Trading time: 00:00:10
05-09-2025 23:35:14.703 INFO Current price: 0.000000035390 - Current percentage: 29.77% - Max: 29.77% - Min: -0.27% - Market Cap 7480 - Trading time: 00:00:10
05-09-2025 23:35:15.521 INFO Current price: 0.000000037810 - Current percentage: 38.16% - Max: 38.16% - Min: -0.27% - Market Cap 7964 - Trading time: 00:00:11
05-09-2025 23:35:15.523 INFO Current price: 0.000000040093 - Current percentage: 45.91% - Max: 45.91% - Min: -0.27% - Market Cap 8410 - Trading time: 00:00:11
05-09-2025 23:35:16.288 INFO Current price: 0.000000042404 - Current percentage: 54.55% - Max: 54.55% - Min: -0.27% - Market Cap 8908 - Trading time: 00:00:11
05-09-2025 23:35:16.295 INFO Current price: 0.000000044878 - Current percentage: 63.43% - Max: 63.43% - Min: -0.27% - Market Cap 9420 - Trading time: 00:00:11
05-09-2025 23:35:17.221 INFO Current price: 0.000000047376 - Current percentage: 72.23% - Max: 72.23% - Min: -0.27% - Market Cap 9927 - Trading time: 00:00:12
05-09-2025 23:35:17.699 INFO Current price: 0.000000048636 - Current percentage: 72.23% - Max: 72.23% - Min: -0.27% - Market Cap 9927 - Trading time: 00:00:13
05-09-2025 23:35:17.827 INFO Current price: 0.000000048546 - Current percentage: 71.60% - Max: 72.23% - Min: -0.27% - Market Cap 9891 - Trading time: 00:00:13
05-09-2025 23:35:20.623 INFO Current price: 0.000000048456 - Current percentage: 71.60% - Max: 72.23% - Min: -0.27% - Market Cap 9891 - Trading time: 00:00:16
05-09-2025 23:35:24.898 INFO Current price: 0.000000049018 - Current percentage: 75.60% - Max: 75.60% - Min: -0.27% - Market Cap 10121 - Trading time: 00:00:20
05-09-2025 23:35:26.097 INFO Current price: 0.000000050283 - Current percentage: 80.57% - Max: 80.57% - Min: -0.27% - Market Cap 10408 - Trading time: 00:00:21
05-09-2025 23:35:26.869 INFO Current price: 0.000000051573 - Current percentage: 84.72% - Max: 84.72% - Min: -0.27% - Market Cap 10647 - Trading time: 00:00:22
05-09-2025 23:35:27.814 INFO Current price: 0.000000052868 - Current percentage: 89.75% - Max: 89.75% - Min: -0.27% - Market Cap 10937 - Trading time: 00:00:23
05-09-2025 23:35:28.609 INFO Current price: 0.000000053521 - Current percentage: 89.32% - Max: 89.75% - Min: -0.27% - Market Cap 10912 - Trading time: 00:00:24
05-09-2025 23:35:28.792 INFO Current price: 0.000000054131 - Current percentage: 94.10% - Max: 94.10% - Min: -0.27% - Market Cap 11188 - Trading time: 00:00:24
05-09-2025 23:35:30.072 INFO Current price: 0.000000055432 - Current percentage: 98.52% - Max: 98.52% - Min: -0.27% - Market Cap 11443 - Trading time: 00:00:25
05-09-2025 23:35:33.645 INFO Current price: 0.000000057856 - Current percentage: 111.45% - Max: 111.45% - Min: -0.27% - Market Cap 12188 - Trading time: 00:00:29
05-09-2025 23:35:34.280 INFO Current price: 0.000000059589 - Current percentage: 110.59% - Max: 111.45% - Min: -0.27% - Market Cap 12139 - Trading time: 00:00:29
05-09-2025 23:35:36.689 INFO Current price: 0.000000061288 - Current percentage: 123.68% - Max: 123.68% - Min: -0.27% - Market Cap 12893 - Trading time: 00:00:32
05-09-2025 23:35:39.825 INFO Current price: 0.000000064970 - Current percentage: 136.65% - Max: 136.65% - Min: -0.27% - Market Cap 13641 - Trading time: 00:00:35
05-09-2025 23:35:42.690 INFO Current price: 0.000000068741 - Current percentage: 150.40% - Max: 150.40% - Min: -0.27% - Market Cap 14433 - Trading time: 00:00:38
05-09-2025 23:35:44.070 INFO Current price: 0.000000070855 - Current percentage: 151.43% - Max: 151.43% - Min: -0.27% - Market Cap 14493 - Trading time: 00:00:39
05-09-2025 23:35:44.685 INFO Current price: 0.000000071030 - Current percentage: 151.64% - Max: 151.64% - Min: -0.27% - Market Cap 14505 - Trading time: 00:00:40
05-09-2025 23:35:45.767 INFO Current price: 0.000000072939 - Current percentage: 165.13% - Max: 165.13% - Min: -0.27% - Market Cap 15282 - Trading time: 00:00:41
05-09-2025 23:35:48.713 INFO Current price: 0.000000076938 - Current percentage: 180.00% - Max: 180.00% - Min: -0.27% - Market Cap 16139 - Trading time: 00:00:44
05-09-2025 23:35:49.826 INFO Current price: 0.000000079105 - Current percentage: 180.27% - Max: 180.27% - Min: -0.27% - Market Cap 16155 - Trading time: 00:00:45
05-09-2025 23:35:56.673 INFO Current price: 0.000000078974 - Current percentage: 179.06% - Max: 180.27% - Min: -0.27% - Market Cap 16085 - Trading time: 00:00:52
05-09-2025 23:35:59.656 INFO Current price: 0.000000075392 - Current percentage: 155.43% - Max: 180.27% - Min: -0.27% - Market Cap 14723 - Trading time: 00:00:55
05-09-2025 23:36:08.010 INFO Current price: 0.000000072721 - Current percentage: 159.64% - Max: 180.27% - Min: -0.27% - Market Cap 14966 - Trading time: 00:01:03
05-09-2025 23:36:18.987 INFO Current price: 0.000000073675 - Current percentage: 162.48% - Max: 180.27% - Min: -0.27% - Market Cap 15129 - Trading time: 00:01:14
05-09-2025 23:36:27.012 INFO Current price: 0.000000071684 - Current percentage: 146.07% - Max: 180.27% - Min: -0.27% - Market Cap 14183 - Trading time: 00:01:22
05-09-2025 23:36:30.417 INFO Current price: 0.000000068505 - Current percentage: 139.71% - Max: 180.27% - Min: -0.27% - Market Cap 13817 - Trading time: 00:01:26
05-09-2025 23:36:35.313 INFO Current price: 0.000000064509 - Current percentage: 118.20% - Max: 180.27% - Min: -0.27% - Market Cap 12577 - Trading time: 00:01:31
05-09-2025 23:36:42.146 INFO Current price: 0.000000059597 - Current percentage: 104.60% - Max: 180.27% - Min: -0.27% - Market Cap 11793 - Trading time: 00:01:37
05-09-2025 23:36:45.686 INFO Current price: 0.000000057853 - Current percentage: 105.62% - Max: 180.27% - Min: -0.27% - Market Cap 11852 - Trading time: 00:01:41
05-09-2025 23:36:47.636 INFO Current price: 0.000000055480 - Current percentage: 88.15% - Max: 180.27% - Min: -0.27% - Market Cap 10845 - Trading time: 00:01:43
05-09-2025 23:36:51.998 INFO Current price: 0.000000051753 - Current percentage: 78.92% - Max: 180.27% - Min: -0.27% - Market Cap 10313 - Trading time: 00:01:47
05-09-2025 23:36:58.322 INFO Current price: 0.000000051147 - Current percentage: 83.77% - Max: 180.27% - Min: -0.27% - Market Cap 10593 - Trading time: 00:01:54
05-09-2025 23:36:58.871 INFO Current price: 0.000000052552 - Current percentage: 88.89% - Max: 180.27% - Min: -0.27% - Market Cap 10887 - Trading time: 00:01:54
05-09-2025 23:36:59.333 INFO Current price: 0.000000053949 - Current percentage: 93.67% - Max: 180.27% - Min: -0.27% - Market Cap 11163 - Trading time: 00:01:55
05-09-2025 23:36:59.784 INFO Current price: 0.000000055358 - Current percentage: 98.88% - Max: 180.27% - Min: -0.27% - Market Cap 11464 - Trading time: 00:01:55
05-09-2025 23:37:00.258 INFO Current price: 0.000000056237 - Current percentage: 99.87% - Max: 180.27% - Min: -0.27% - Market Cap 11521 - Trading time: 00:01:55
05-09-2025 23:37:01.216 INFO Current price: 0.000000056513 - Current percentage: 100.84% - Max: 180.27% - Min: -0.27% - Market Cap 11576 - Trading time: 00:01:56
05-09-2025 23:37:03.022 INFO Current price: 0.000000056663 - Current percentage: 100.93% - Max: 180.27% - Min: -0.27% - Market Cap 11582 - Trading time: 00:01:58
05-09-2025 23:37:11.733 INFO Current price: 0.000000054959 - Current percentage: 88.95% - Max: 180.27% - Min: -0.27% - Market Cap 10891 - Trading time: 00:02:07
05-09-2025 23:37:16.994 INFO Current price: 0.000000051180 - Current percentage: 74.25% - Max: 180.27% - Min: -0.27% - Market Cap 10043 - Trading time: 00:02:12
05-09-2025 23:37:17.322 INFO Current price: 0.000000049131 - Current percentage: 74.12% - Max: 180.27% - Min: -0.27% - Market Cap 10037 - Trading time: 00:02:13
05-09-2025 23:37:28.908 INFO Current price: 0.000000049139 - Current percentage: 74.30% - Max: 180.27% - Min: -0.27% - Market Cap 10047 - Trading time: 00:02:24
05-09-2025 23:37:43.336 INFO Current price: 0.000000049051 - Current percentage: 73.50% - Max: 180.27% - Min: -0.27% - Market Cap 10001 - Trading time: 00:02:39
05-09-2025 23:37:47.279 INFO Current price: 0.000000047471 - Current percentage: 63.25% - Max: 180.27% - Min: -0.27% - Market Cap 9410 - Trading time: 00:02:42
05-09-2025 23:37:49.631 INFO Current price: 0.000000046031 - Current percentage: 63.13% - Max: 180.27% - Min: -0.27% - Market Cap 9403 - Trading time: 00:02:45
05-09-2025 23:37:50.017 INFO Current price: 0.000000044707 - Current percentage: 54.00% - Max: 180.27% - Min: -0.27% - Market Cap 8876 - Trading time: 00:02:45
05-09-2025 23:37:52.475 INFO Current price: 0.000000041847 - Current percentage: 42.93% - Max: 180.27% - Min: -0.27% - Market Cap 8238 - Trading time: 00:02:48
05-09-2025 23:38:00.728 INFO Current price: 0.000000040231 - Current percentage: 42.33% - Max: 180.27% - Min: -0.27% - Market Cap 8204 - Trading time: 00:02:56
05-09-2025 23:38:32.280 INFO Current price: 0.000000039682 - Current percentage: 39.05% - Max: 180.27% - Min: -0.27% - Market Cap 8015 - Trading time: 00:03:27
05-09-2025 23:38:34.459 INFO Current price: 0.000000038822 - Current percentage: 36.23% - Max: 180.27% - Min: -0.27% - Market Cap 7852 - Trading time: 00:03:30
05-09-2025 23:38:36.821 INFO Current price: 0.000000038350 - Current percentage: 35.69% - Max: 180.27% - Min: -0.27% - Market Cap 7821 - Trading time: 00:03:32
05-09-2025 23:38:43.998 INFO Current price: 0.000000037916 - Current percentage: 33.17% - Max: 180.27% - Min: -0.27% - Market Cap 7676 - Trading time: 00:03:39
05-09-2025 23:38:54.407 INFO Current price: 0.000000037174 - Current percentage: 30.43% - Max: 180.27% - Min: -0.27% - Market Cap 7518 - Trading time: 00:03:50
05-09-2025 23:38:54.610 INFO Current price: 0.000000036396 - Current percentage: 27.65% - Max: 180.27% - Min: -0.27% - Market Cap 7358 - Trading time: 00:03:50
05-09-2025 23:38:54.614 INFO Current price: 0.000000035586 - Current percentage: 24.69% - Max: 180.27% - Min: -0.27% - Market Cap 7187 - Trading time: 00:03:50
05-09-2025 23:38:54.614 INFO Current price: 0.000000034385 - Current percentage: 19.18% - Max: 180.27% - Min: -0.27% - Market Cap 6870 - Trading time: 00:03:50
05-09-2025 23:38:54.619 INFO Current price: 0.000000032966 - Current percentage: 14.61% - Max: 180.27% - Min: -0.27% - Market Cap 6606 - Trading time: 00:03:50
05-09-2025 23:38:54.706 INFO Current price: 0.000000031766 - Current percentage: 10.66% - Max: 180.27% - Min: -0.27% - Market Cap 6378 - Trading time: 00:03:50
05-09-2025 23:38:54.710 INFO Current price: 0.000000030887 - Current percentage: 8.36% - Max: 180.27% - Min: -0.27% - Market Cap 6246 - Trading time: 00:03:50
05-09-2025 23:38:54.712 INFO Current price: 0.000000030310 - Current percentage: 6.57% - Max: 180.27% - Min: -0.27% - Market Cap 6142 - Trading time: 00:03:50
05-09-2025 23:38:54.713 INFO Current price: 0.000000029781 - Current percentage: 4.61% - Max: 180.27% - Min: -0.27% - Market Cap 6030 - Trading time: 00:03:50
05-09-2025 23:38:54.715 INFO Current price: 0.000000029210 - Current percentage: 2.52% - Max: 180.27% - Min: -0.27% - Market Cap 5909 - Trading time: 00:03:50
05-09-2025 23:38:54.717 INFO Current price: 0.000000028449 - Current percentage: -0.77% - Max: 180.27% - Min: -0.77% - Market Cap 5720 - Trading time: 00:03:50
05-09-2025 23:39:17.302 INFO Current price: 0.000000027998 - Current percentage: -0.71% - Max: 180.27% - Min: -0.77% - Market Cap 5723 - Trading time: 00:04:12
05-09-2025 23:39:37.737 INFO Current price: 0.000000028003 - Current percentage: -0.74% - Max: 180.27% - Min: -0.77% - Market Cap 5721 - Trading time: 00:04:33






05-09-2025 23:40:04.303 INFO {"type":"summary","reason":"max_window","startedAt":"2025-09-05T21:35:04.304Z","endedAt":"2025-09-05T21:40:04.303Z","durationSec":299,"entryPrice":3.0888235831447465e-8,"entryMarketCapSol":28.238297424123957,"entryMarketCapUsd":5764.001270212182,"minPct":-0.7708214654252562,"maxPct":180.2737234665202,"buyCount":37,"sellCount":39,"tradeCount":76,"entryRecorded":true,"noPostThresholdTrades":false,"triggerAt":"2025-09-05T21:35:04.304Z","ageAtTriggerSec":5,"preTotalTrades":8,"preBuys":5,"preSells":3,"preUniqueTraders":7,"preEntryTotalTrades":9,"preEntryBuys":5,"preEntrySells":4,"preEntryUniqueTraders":7,"preEntryMinMcUsd":5763.970421785685,"preEntryMaxMcUsd":7101.7192209342165,"thresholdMcSol":28.238297424123957,"thresholdMcUsd":5764.001270212182,"thresholdPrice":3.0888235831447465e-8}
