06-09-2025 02:19:17.182 INFO Entry price: 0.000000043008765274 - Entry market cap: 8424 - Buys 34 - Sells 15 - Ratio: 1:0.44 - Min MarketCap: 6539 - Max MarketCap: 11318
06-09-2025 02:19:17.182 INFO Current price: 0.000000043009 - Current percentage: 0.00% - Max: 0.00% - Min: 0.00% - Market Cap 8424 - Trading time: 00:00:02
06-09-2025 02:19:17.233 INFO Current price: 0.000000055592 - Current percentage: 34.96% - Max: 34.96% - Min: 0.00% - Market Cap 11370 - Trading time: 00:00:02
06-09-2025 02:19:17.240 INFO Current price: 0.000000055978 - Current percentage: 35.85% - Max: 35.85% - Min: 0.00% - Market Cap 11444 - Trading time: 00:00:02
06-09-2025 02:19:17.395 INFO Current price: 0.000000056291 - Current percentage: 36.47% - Max: 36.47% - Min: 0.00% - Market Cap 11497 - Trading time: 00:00:02
06-09-2025 02:19:17.674 INFO Current price: 0.000000056551 - Current percentage: 37.11% - Max: 37.11% - Min: 0.00% - Market Cap 11550 - Trading time: 00:00:02
06-09-2025 02:19:18.083 INFO Current price: 0.000000054927 - Current percentage: 28.75% - Max: 37.11% - Min: 0.00% - Market Cap 10846 - Trading time: 00:00:02
06-09-2025 02:19:18.174 INFO Current price: 0.000000053075 - Current percentage: 28.02% - Max: 37.11% - Min: 0.00% - Market Cap 10784 - Trading time: 00:00:02
06-09-2025 02:19:18.443 INFO Current price: 0.000000052922 - Current percentage: 28.01% - Max: 37.11% - Min: 0.00% - Market Cap 10784 - Trading time: 00:00:03
06-09-2025 02:19:18.490 INFO Current price: 0.000000051532 - Current percentage: 21.38% - Max: 37.11% - Min: 0.00% - Market Cap 10225 - Trading time: 00:00:03
06-09-2025 02:19:18.532 INFO Current price: 0.000000049849 - Current percentage: 19.78% - Max: 37.11% - Min: 0.00% - Market Cap 10091 - Trading time: 00:00:03
06-09-2025 02:19:18.534 INFO Current price: 0.000000048706 - Current percentage: 15.88% - Max: 37.11% - Min: 0.00% - Market Cap 9762 - Trading time: 00:00:03
06-09-2025 02:19:18.571 INFO Current price: 0.000000045668 - Current percentage: 5.30% - Max: 37.11% - Min: 0.00% - Market Cap 8871 - Trading time: 00:00:03
06-09-2025 02:19:18.662 INFO Current price: 0.000000043326 - Current percentage: 4.29% - Max: 37.11% - Min: 0.00% - Market Cap 8786 - Trading time: 00:00:03
06-09-2025 02:19:18.833 INFO Current price: 0.000000043231 - Current percentage: 4.84% - Max: 37.11% - Min: 0.00% - Market Cap 8832 - Trading time: 00:00:03
06-09-2025 02:19:19.027 INFO Current price: 0.000000043433 - Current percentage: 5.27% - Max: 37.11% - Min: 0.00% - Market Cap 8868 - Trading time: 00:00:03
06-09-2025 02:19:19.121 INFO Current price: 0.000000043215 - Current percentage: 3.79% - Max: 37.11% - Min: 0.00% - Market Cap 8744 - Trading time: 00:00:03
06-09-2025 02:19:19.178 INFO Current price: 0.000000043136 - Current percentage: 4.89% - Max: 37.11% - Min: 0.00% - Market Cap 8836 - Trading time: 00:00:03
06-09-2025 02:19:19.492 INFO Current price: 0.000000043265 - Current percentage: 4.41% - Max: 37.11% - Min: 0.00% - Market Cap 8796 - Trading time: 00:00:04
06-09-2025 02:19:19.492 INFO Current price: 0.000000043091 - Current percentage: 4.05% - Max: 37.11% - Min: 0.00% - Market Cap 8765 - Trading time: 00:00:04
06-09-2025 02:19:19.779 INFO Current price: 0.000000043355 - Current percentage: 5.70% - Max: 37.11% - Min: 0.00% - Market Cap 8904 - Trading time: 00:00:04
06-09-2025 02:19:20.822 INFO Current price: 0.000000043811 - Current percentage: 6.25% - Max: 37.11% - Min: 0.00% - Market Cap 8951 - Trading time: 00:00:05
06-09-2025 02:19:21.811 INFO Current price: 0.000000040372 - Current percentage: -10.24% - Max: 37.11% - Min: -10.24% - Market Cap 7561 - Trading time: 00:00:06
06-09-2025 02:19:21.846 INFO Current price: 0.000000036996 - Current percentage: -10.78% - Max: 37.11% - Min: -10.78% - Market Cap 7516 - Trading time: 00:00:06
06-09-2025 02:19:21.850 INFO Current price: 0.000000036789 - Current percentage: -11.25% - Max: 37.11% - Min: -11.25% - Market Cap 7477 - Trading time: 00:00:06
06-09-2025 02:19:21.893 INFO Current price: 0.000000036796 - Current percentage: -10.74% - Max: 37.11% - Min: -11.25% - Market Cap 7519 - Trading time: 00:00:06
06-09-2025 02:19:22.126 INFO Current price: 0.000000036889 - Current percentage: -10.74% - Max: 37.11% - Min: -11.25% - Market Cap 7519 - Trading time: 00:00:06
06-09-2025 02:19:22.126 INFO Current price: 0.000000036909 - Current percentage: -10.74% - Max: 37.11% - Min: -11.25% - Market Cap 7519 - Trading time: 00:00:06
06-09-2025 02:19:22.126 INFO Current price: 0.000000036890 - Current percentage: -10.74% - Max: 37.11% - Min: -11.25% - Market Cap 7519 - Trading time: 00:00:06
06-09-2025 02:19:22.126 INFO Current price: 0.000000036884 - Current percentage: -10.74% - Max: 37.11% - Min: -11.25% - Market Cap 7519 - Trading time: 00:00:06
06-09-2025 02:19:22.180 INFO Current price: 0.000000036635 - Current percentage: -12.02% - Max: 37.11% - Min: -12.02% - Market Cap 7411 - Trading time: 00:00:06
06-09-2025 02:19:22.514 INFO Current price: 0.000000036580 - Current percentage: -11.01% - Max: 37.11% - Min: -12.02% - Market Cap 7496 - Trading time: 00:00:07
06-09-2025 02:19:22.907 INFO Current price: 0.000000036720 - Current percentage: -11.35% - Max: 37.11% - Min: -12.02% - Market Cap 7468 - Trading time: 00:00:07
06-09-2025 02:19:23.864 INFO Current price: 0.000000036563 - Current percentage: -11.77% - Max: 37.11% - Min: -12.02% - Market Cap 7432 - Trading time: 00:00:08
06-09-2025 02:19:25.072 INFO Current price: 0.000000035998 - Current percentage: -14.06% - Max: 37.11% - Min: -14.06% - Market Cap 7239 - Trading time: 00:00:09
06-09-2025 02:19:25.166 INFO Current price: 0.000000035884 - Current percentage: -12.33% - Max: 37.11% - Min: -14.06% - Market Cap 7385 - Trading time: 00:00:09
06-09-2025 02:19:25.166 INFO Current price: 0.000000036603 - Current percentage: -10.59% - Max: 37.11% - Min: -14.06% - Market Cap 7533 - Trading time: 00:00:09
06-09-2025 02:19:25.171 INFO Current price: 0.000000037287 - Current percentage: -9.02% - Max: 37.11% - Min: -14.06% - Market Cap 7664 - Trading time: 00:00:09
06-09-2025 02:19:25.201 INFO Current price: 0.000000037646 - Current percentage: -8.85% - Max: 37.11% - Min: -14.06% - Market Cap 7678 - Trading time: 00:00:10
06-09-2025 02:19:25.482 INFO Current price: 0.000000037590 - Current percentage: -9.29% - Max: 37.11% - Min: -14.06% - Market Cap 7641 - Trading time: 00:00:10
06-09-2025 02:19:26.876 INFO Current price: 0.000000038027 - Current percentage: -6.72% - Max: 37.11% - Min: -14.06% - Market Cap 7858 - Trading time: 00:00:11
06-09-2025 02:19:27.340 INFO Current price: 0.000000038444 - Current percentage: -7.30% - Max: 37.11% - Min: -14.06% - Market Cap 7810 - Trading time: 00:00:12
06-09-2025 02:19:27.735 INFO Current price: 0.000000038389 - Current percentage: -6.99% - Max: 37.11% - Min: -14.06% - Market Cap 7836 - Trading time: 00:00:12
06-09-2025 02:19:29.116 INFO Current price: 0.000000038560 - Current percentage: -6.47% - Max: 37.11% - Min: -14.06% - Market Cap 7879 - Trading time: 00:00:13
06-09-2025 02:19:29.389 INFO Current price: 0.000000038594 - Current percentage: -6.83% - Max: 37.11% - Min: -14.06% - Market Cap 7849 - Trading time: 00:00:14
06-09-2025 02:19:33.148 INFO Current price: 0.000000038787 - Current percentage: -5.53% - Max: 37.11% - Min: -14.06% - Market Cap 7959 - Trading time: 00:00:17
06-09-2025 02:19:34.908 INFO Current price: 0.000000038828 - Current percentage: -6.63% - Max: 37.11% - Min: -14.06% - Market Cap 7866 - Trading time: 00:00:19
06-09-2025 02:19:35.450 INFO Current price: 0.000000038305 - Current percentage: -8.06% - Max: 37.11% - Min: -14.06% - Market Cap 7746 - Trading time: 00:00:20
06-09-2025 02:19:35.725 INFO Current price: 0.000000037825 - Current percentage: -8.96% - Max: 37.11% - Min: -14.06% - Market Cap 7670 - Trading time: 00:00:20
06-09-2025 02:19:35.805 INFO Current price: 0.000000037123 - Current percentage: -11.43% - Max: 37.11% - Min: -14.06% - Market Cap 7461 - Trading time: 00:00:20
06-09-2025 02:19:36.327 INFO Current price: 0.000000036547 - Current percentage: -11.76% - Max: 37.11% - Min: -14.06% - Market Cap 7433 - Trading time: 00:00:21
06-09-2025 02:19:37.258 INFO Current price: 0.000000036160 - Current percentage: -13.30% - Max: 37.11% - Min: -14.06% - Market Cap 7304 - Trading time: 00:00:22
06-09-2025 02:19:41.148 INFO Current price: 0.000000036876 - Current percentage: -8.23% - Max: 37.11% - Min: -14.06% - Market Cap 7731 - Trading time: 00:00:25
06-09-2025 02:19:42.070 INFO Current price: 0.000000037991 - Current percentage: -7.98% - Max: 37.11% - Min: -14.06% - Market Cap 7752 - Trading time: 00:00:26
06-09-2025 02:19:42.076 INFO Current price: 0.000000038108 - Current percentage: -7.67% - Max: 37.11% - Min: -14.06% - Market Cap 7778 - Trading time: 00:00:26
06-09-2025 02:19:53.717 INFO Current price: 0.000000038118 - Current percentage: -7.93% - Max: 37.11% - Min: -14.06% - Market Cap 7756 - Trading time: 00:00:38
06-09-2025 02:19:54.879 INFO Current price: 0.000000037938 - Current percentage: -8.54% - Max: 37.11% - Min: -14.06% - Market Cap 7705 - Trading time: 00:00:39
06-09-2025 02:19:56.072 INFO Current price: 0.000000037704 - Current percentage: -9.06% - Max: 37.11% - Min: -14.06% - Market Cap 7661 - Trading time: 00:00:40
06-09-2025 02:20:00.151 INFO Current price: 0.000000037701 - Current percentage: -8.55% - Max: 37.11% - Min: -14.06% - Market Cap 7704 - Trading time: 00:00:44
06-09-2025 02:20:05.689 INFO Current price: 0.000000037550 - Current percentage: -9.79% - Max: 37.11% - Min: -14.06% - Market Cap 7600 - Trading time: 00:00:50
06-09-2025 02:20:07.816 INFO Current price: 0.000000037261 - Current percentage: -9.95% - Max: 37.11% - Min: -14.06% - Market Cap 7586 - Trading time: 00:00:52
06-09-2025 02:20:08.650 INFO Current price: 0.000000035673 - Current percentage: -17.31% - Max: 37.11% - Min: -17.31% - Market Cap 6966 - Trading time: 00:00:53
06-09-2025 02:20:08.849 INFO Current price: 0.000000032970 - Current percentage: -23.09% - Max: 37.11% - Min: -23.09% - Market Cap 6479 - Trading time: 00:00:53
06-09-2025 02:20:08.860 INFO Current price: 0.000000030724 - Current percentage: -28.19% - Max: 37.11% - Min: -28.19% - Market Cap 6049 - Trading time: 00:00:53
06-09-2025 02:20:12.546 INFO Current price: 0.000000028949 - Current percentage: -31.72% - Max: 37.11% - Min: -31.72% - Market Cap 5752 - Trading time: 00:00:57
06-09-2025 02:20:19.295 INFO Current price: 0.000000029188 - Current percentage: -27.12% - Max: 37.11% - Min: -31.72% - Market Cap 6139 - Trading time: 00:01:04
06-09-2025 02:20:19.295 INFO Current price: 0.000000031014 - Current percentage: -22.78% - Max: 37.11% - Min: -31.72% - Market Cap 6505 - Trading time: 00:01:04
06-09-2025 02:20:19.374 INFO Current price: 0.000000032966 - Current percentage: -17.66% - Max: 37.11% - Min: -31.72% - Market Cap 6937 - Trading time: 00:01:04
06-09-2025 02:20:19.562 INFO Current price: 0.000000034151 - Current percentage: -17.13% - Max: 37.11% - Min: -31.72% - Market Cap 6981 - Trading time: 00:01:04
06-09-2025 02:20:21.383 INFO Current price: 0.000000036279 - Current percentage: -7.08% - Max: 37.11% - Min: -31.72% - Market Cap 7828 - Trading time: 00:01:06
06-09-2025 02:20:22.032 INFO Current price: 0.000000038416 - Current percentage: -7.07% - Max: 37.11% - Min: -31.72% - Market Cap 7828 - Trading time: 00:01:06
06-09-2025 02:20:22.754 INFO Current price: 0.000000038838 - Current percentage: -5.03% - Max: 37.11% - Min: -31.72% - Market Cap 8001 - Trading time: 00:01:07
06-09-2025 02:20:22.773 INFO Current price: 0.000000039648 - Current percentage: -3.16% - Max: 37.11% - Min: -31.72% - Market Cap 8158 - Trading time: 00:01:07
06-09-2025 02:20:25.484 INFO Current price: 0.000000039923 - Current percentage: -3.70% - Max: 37.11% - Min: -31.72% - Market Cap 8112 - Trading time: 00:01:10
06-09-2025 02:20:25.586 INFO Current price: 0.000000040138 - Current percentage: -2.11% - Max: 37.11% - Min: -31.72% - Market Cap 8246 - Trading time: 00:01:10
06-09-2025 02:20:25.616 INFO Current price: 0.000000040524 - Current percentage: -1.84% - Max: 37.11% - Min: -31.72% - Market Cap 8269 - Trading time: 00:01:10
06-09-2025 02:20:26.949 INFO Current price: 0.000000040670 - Current percentage: -1.41% - Max: 37.11% - Min: -31.72% - Market Cap 8306 - Trading time: 00:01:11
06-09-2025 02:20:28.608 INFO Current price: 0.000000041210 - Current percentage: 0.78% - Max: 37.11% - Min: -31.72% - Market Cap 8490 - Trading time: 00:01:13
06-09-2025 02:20:29.366 INFO Current price: 0.000000040142 - Current percentage: -6.45% - Max: 37.11% - Min: -31.72% - Market Cap 7881 - Trading time: 00:01:14
06-09-2025 02:20:29.426 INFO Current price: 0.000000037463 - Current percentage: -12.22% - Max: 37.11% - Min: -31.72% - Market Cap 7395 - Trading time: 00:01:14
06-09-2025 02:20:29.431 INFO Current price: 0.000000035108 - Current percentage: -17.84% - Max: 37.11% - Min: -31.72% - Market Cap 6921 - Trading time: 00:01:14
06-09-2025 02:20:29.763 INFO Current price: 0.000000033922 - Current percentage: -18.05% - Max: 37.11% - Min: -31.72% - Market Cap 6903 - Trading time: 00:01:14
06-09-2025 02:20:29.873 INFO Current price: 0.000000033770 - Current percentage: -18.58% - Max: 37.11% - Min: -31.72% - Market Cap 6859 - Trading time: 00:01:14
06-09-2025 02:20:30.600 INFO Current price: 0.000000033783 - Current percentage: -17.99% - Max: 37.11% - Min: -31.72% - Market Cap 6909 - Trading time: 00:01:15
06-09-2025 02:20:33.363 INFO Current price: 0.000000034852 - Current percentage: -13.34% - Max: 37.11% - Min: -31.72% - Market Cap 7300 - Trading time: 00:01:18
06-09-2025 02:20:33.375 INFO Current price: 0.000000036833 - Current percentage: -8.40% - Max: 37.11% - Min: -31.72% - Market Cap 7717 - Trading time: 00:01:18
06-09-2025 02:20:33.434 INFO Current price: 0.000000039014 - Current percentage: -2.78% - Max: 37.11% - Min: -31.72% - Market Cap 8190 - Trading time: 00:01:18
06-09-2025 02:20:33.645 INFO Current price: 0.000000040313 - Current percentage: -2.20% - Max: 37.11% - Min: -31.72% - Market Cap 8239 - Trading time: 00:01:18
06-09-2025 02:20:37.651 INFO Current price: 0.000000040795 - Current percentage: -0.44% - Max: 37.11% - Min: -31.72% - Market Cap 8387 - Trading time: 00:01:22
06-09-2025 02:20:37.930 INFO Current price: 0.000000041504 - Current percentage: 1.23% - Max: 37.11% - Min: -31.72% - Market Cap 8528 - Trading time: 00:01:22
06-09-2025 02:20:38.055 INFO Current price: 0.000000041966 - Current percentage: 1.79% - Max: 37.11% - Min: -31.72% - Market Cap 8575 - Trading time: 00:01:22
06-09-2025 02:20:38.254 INFO Current price: 0.000000042484 - Current percentage: 3.74% - Max: 37.11% - Min: -31.72% - Market Cap 8740 - Trading time: 00:01:23
06-09-2025 02:20:40.808 INFO Current price: 0.000000042981 - Current percentage: 4.19% - Max: 37.11% - Min: -31.72% - Market Cap 8777 - Trading time: 00:01:25
06-09-2025 02:20:41.696 INFO Current price: 0.000000042941 - Current percentage: 3.55% - Max: 37.11% - Min: -31.72% - Market Cap 8723 - Trading time: 00:01:26
06-09-2025 02:20:46.525 INFO Current price: 0.000000042843 - Current percentage: 3.71% - Max: 37.11% - Min: -31.72% - Market Cap 8737 - Trading time: 00:01:31
06-09-2025 02:20:49.063 INFO Current price: 0.000000042757 - Current percentage: 3.13% - Max: 37.11% - Min: -31.72% - Market Cap 8688 - Trading time: 00:01:33
06-09-2025 02:20:54.060 INFO Current price: 0.000000042750 - Current percentage: 3.68% - Max: 37.11% - Min: -31.72% - Market Cap 8734 - Trading time: 00:01:38
06-09-2025 02:20:54.370 INFO Current price: 0.000000042741 - Current percentage: 3.09% - Max: 37.11% - Min: -31.72% - Market Cap 8685 - Trading time: 00:01:39
06-09-2025 02:20:54.395 INFO Current price: 0.000000042512 - Current percentage: 2.57% - Max: 37.11% - Min: -31.72% - Market Cap 8641 - Trading time: 00:01:39
06-09-2025 02:20:55.755 INFO Current price: 0.000000041860 - Current percentage: -0.05% - Max: 37.11% - Min: -31.72% - Market Cap 8420 - Trading time: 00:01:40
06-09-2025 02:20:55.757 INFO Current price: 0.000000040814 - Current percentage: -2.49% - Max: 37.11% - Min: -31.72% - Market Cap 8215 - Trading time: 00:01:40
06-09-2025 02:20:55.762 INFO Current price: 0.000000039794 - Current percentage: -4.98% - Max: 37.11% - Min: -31.72% - Market Cap 8004 - Trading time: 00:01:40
06-09-2025 02:20:58.040 INFO Current price: 0.000000040373 - Current percentage: 0.37% - Max: 37.11% - Min: -31.72% - Market Cap 8455 - Trading time: 00:01:42
06-09-2025 02:20:59.287 INFO Current price: 0.000000041605 - Current percentage: 0.91% - Max: 37.11% - Min: -31.72% - Market Cap 8501 - Trading time: 00:01:44
06-09-2025 02:20:59.607 INFO Current price: 0.000000041828 - Current percentage: 1.44% - Max: 37.11% - Min: -31.72% - Market Cap 8546 - Trading time: 00:01:44
06-09-2025 02:21:04.397 INFO Current price: 0.000000042051 - Current percentage: 1.72% - Max: 37.11% - Min: -31.72% - Market Cap 8569 - Trading time: 00:01:49
06-09-2025 02:21:22.062 INFO Current price: 0.000000039611 - Current percentage: -9.75% - Max: 37.11% - Min: -31.72% - Market Cap 7603 - Trading time: 00:02:06
06-09-2025 02:21:22.953 INFO Current price: 0.000000037285 - Current percentage: -9.88% - Max: 37.11% - Min: -31.72% - Market Cap 7592 - Trading time: 00:02:07
06-09-2025 02:21:26.618 INFO Current price: 0.000000037268 - Current percentage: -9.83% - Max: 37.11% - Min: -31.72% - Market Cap 7596 - Trading time: 00:02:11
06-09-2025 02:21:33.917 INFO Current price: 0.000000037763 - Current percentage: -7.47% - Max: 37.11% - Min: -31.72% - Market Cap 7795 - Trading time: 00:02:18
06-09-2025 02:21:34.835 INFO Current price: 0.000000038787 - Current percentage: -4.87% - Max: 37.11% - Min: -31.72% - Market Cap 8014 - Trading time: 00:02:19
06-09-2025 02:21:34.875 INFO Current price: 0.000000039851 - Current percentage: -2.32% - Max: 37.11% - Min: -31.72% - Market Cap 8229 - Trading time: 00:02:19
06-09-2025 02:21:34.948 INFO Current price: 0.000000040606 - Current percentage: -1.24% - Max: 37.11% - Min: -31.72% - Market Cap 8320 - Trading time: 00:02:19
06-09-2025 02:21:35.229 INFO Current price: 0.000000040845 - Current percentage: -1.17% - Max: 37.11% - Min: -31.72% - Market Cap 8326 - Trading time: 00:02:20
06-09-2025 02:21:36.365 INFO Current price: 0.000000045266 - Current percentage: 21.30% - Max: 37.11% - Min: -31.72% - Market Cap 10219 - Trading time: 00:02:21
06-09-2025 02:21:36.435 INFO Current price: 0.000000049841 - Current percentage: 19.82% - Max: 37.11% - Min: -31.72% - Market Cap 10094 - Trading time: 00:02:21
06-09-2025 02:21:36.707 INFO Current price: 0.000000049518 - Current percentage: 19.73% - Max: 37.11% - Min: -31.72% - Market Cap 10086 - Trading time: 00:02:21
06-09-2025 02:21:37.037 INFO Current price: 0.000000049802 - Current percentage: 21.20% - Max: 37.11% - Min: -31.72% - Market Cap 10210 - Trading time: 00:02:21
06-09-2025 02:21:38.241 INFO Current price: 0.000000049961 - Current percentage: 20.50% - Max: 37.11% - Min: -31.72% - Market Cap 10151 - Trading time: 00:02:23
06-09-2025 02:21:38.420 INFO Current price: 0.000000048345 - Current percentage: 13.49% - Max: 37.11% - Min: -31.72% - Market Cap 9560 - Trading time: 00:02:23
06-09-2025 02:21:42.698 INFO Current price: 0.000000046787 - Current percentage: 12.86% - Max: 37.11% - Min: -31.72% - Market Cap 9507 - Trading time: 00:02:27
06-09-2025 02:21:49.129 INFO Current price: 0.000000045998 - Current percentage: 9.69% - Max: 37.11% - Min: -31.72% - Market Cap 9240 - Trading time: 00:02:33
06-09-2025 02:21:49.271 INFO Current price: 0.000000045259 - Current percentage: 9.26% - Max: 37.11% - Min: -31.72% - Market Cap 9204 - Trading time: 00:02:34
06-09-2025 02:21:49.271 INFO Current price: 0.000000045071 - Current percentage: 8.78% - Max: 37.11% - Min: -31.72% - Market Cap 9164 - Trading time: 00:02:34
06-09-2025 02:21:53.103 INFO Current price: 0.000000040805 - Current percentage: -10.45% - Max: 37.11% - Min: -31.72% - Market Cap 7544 - Trading time: 00:02:37
06-09-2025 02:21:53.133 INFO Current price: 0.000000036557 - Current percentage: -12.69% - Max: 37.11% - Min: -31.72% - Market Cap 7355 - Trading time: 00:02:37
06-09-2025 02:21:58.383 INFO Current price: 0.000000036573 - Current percentage: -10.37% - Max: 37.11% - Min: -31.72% - Market Cap 7551 - Trading time: 00:02:43
06-09-2025 02:22:06.545 INFO Current price: 0.000000036862 - Current percentage: -11.30% - Max: 37.11% - Min: -31.72% - Market Cap 7472 - Trading time: 00:02:51
06-09-2025 02:22:09.004 INFO Current price: 0.000000037713 - Current percentage: -6.18% - Max: 37.11% - Min: -31.72% - Market Cap 7903 - Trading time: 00:02:53
06-09-2025 02:22:09.550 INFO Current price: 0.000000038893 - Current percentage: -5.66% - Max: 37.11% - Min: -31.72% - Market Cap 7947 - Trading time: 00:02:54
06-09-2025 02:22:09.985 INFO Current price: 0.000000039270 - Current percentage: -4.36% - Max: 37.11% - Min: -31.72% - Market Cap 8057 - Trading time: 00:02:54
06-09-2025 02:22:11.118 INFO Current price: 0.000000040083 - Current percentage: -1.72% - Max: 37.11% - Min: -31.72% - Market Cap 8280 - Trading time: 00:02:55
06-09-2025 02:22:14.907 INFO Current price: 0.000000040742 - Current percentage: -1.19% - Max: 37.11% - Min: -31.72% - Market Cap 8324 - Trading time: 00:02:59
06-09-2025 02:22:18.562 INFO Current price: 0.000000041403 - Current percentage: 1.50% - Max: 37.11% - Min: -31.72% - Market Cap 8550 - Trading time: 00:03:03
06-09-2025 02:22:18.793 INFO Current price: 0.000000043091 - Current percentage: 7.04% - Max: 37.11% - Min: -31.72% - Market Cap 9017 - Trading time: 00:03:03
06-09-2025 02:22:18.960 INFO Current price: 0.000000044338 - Current percentage: 7.46% - Max: 37.11% - Min: -31.72% - Market Cap 9052 - Trading time: 00:03:03
06-09-2025 02:22:21.239 INFO Current price: 0.000000044293 - Current percentage: 6.82% - Max: 37.11% - Min: -31.72% - Market Cap 8999 - Trading time: 00:03:06
06-09-2025 02:22:21.659 INFO Current price: 0.000000044721 - Current percentage: 9.54% - Max: 37.11% - Min: -31.72% - Market Cap 9228 - Trading time: 00:03:06
06-09-2025 02:22:22.050 INFO Current price: 0.000000045310 - Current percentage: 9.65% - Max: 37.11% - Min: -31.72% - Market Cap 9238 - Trading time: 00:03:06
06-09-2025 02:22:22.768 INFO Current price: 0.000000044126 - Current percentage: 3.89% - Max: 37.11% - Min: -31.72% - Market Cap 8752 - Trading time: 00:03:07
06-09-2025 02:22:22.768 INFO Current price: 0.000000041874 - Current percentage: -1.25% - Max: 37.11% - Min: -31.72% - Market Cap 8319 - Trading time: 00:03:07
06-09-2025 02:22:22.768 INFO Current price: 0.000000039765 - Current percentage: -6.31% - Max: 37.11% - Min: -31.72% - Market Cap 7892 - Trading time: 00:03:07
06-09-2025 02:22:22.916 INFO Current price: 0.000000037780 - Current percentage: -10.86% - Max: 37.11% - Min: -31.72% - Market Cap 7509 - Trading time: 00:03:07
06-09-2025 02:22:27.765 INFO Current price: 0.000000036805 - Current percentage: -11.08% - Max: 37.11% - Min: -31.72% - Market Cap 7491 - Trading time: 00:03:12
06-09-2025 02:22:31.239 INFO Current price: 0.000000036302 - Current percentage: -13.29% - Max: 37.11% - Min: -31.72% - Market Cap 7305 - Trading time: 00:03:16
06-09-2025 02:22:31.524 INFO Current price: 0.000000035787 - Current percentage: -13.59% - Max: 37.11% - Min: -31.72% - Market Cap 7280 - Trading time: 00:03:16
06-09-2025 02:22:32.455 INFO Current price: 0.000000035328 - Current percentage: -15.50% - Max: 37.11% - Min: -31.72% - Market Cap 7119 - Trading time: 00:03:17
06-09-2025 02:22:33.470 INFO Current price: 0.000000034850 - Current percentage: -15.91% - Max: 37.11% - Min: -31.72% - Market Cap 7084 - Trading time: 00:03:18
06-09-2025 02:22:33.992 INFO Current price: 0.000000034867 - Current percentage: -15.42% - Max: 37.11% - Min: -31.72% - Market Cap 7126 - Trading time: 00:03:18
06-09-2025 02:22:36.866 INFO Current price: 0.000000035483 - Current percentage: -12.91% - Max: 37.11% - Min: -31.72% - Market Cap 7337 - Trading time: 00:03:21
06-09-2025 02:22:37.372 INFO Current price: 0.000000036201 - Current percentage: -11.96% - Max: 37.11% - Min: -31.72% - Market Cap 7417 - Trading time: 00:03:22
06-09-2025 02:22:37.889 INFO Current price: 0.000000036450 - Current percentage: -11.71% - Max: 37.11% - Min: -31.72% - Market Cap 7438 - Trading time: 00:03:22
06-09-2025 02:22:40.717 INFO Current price: 0.000000036606 - Current percentage: -11.20% - Max: 37.11% - Min: -31.72% - Market Cap 7481 - Trading time: 00:03:25
06-09-2025 02:22:46.167 INFO Current price: 0.000000036625 - Current percentage: -11.54% - Max: 37.11% - Min: -31.72% - Market Cap 7452 - Trading time: 00:03:30
06-09-2025 02:22:57.840 INFO Current price: 0.000000037347 - Current percentage: -9.94% - Max: 37.11% - Min: -31.72% - Market Cap 7587 - Trading time: 00:03:42
06-09-2025 02:23:02.520 INFO Current price: 0.000000038286 - Current percentage: -4.78% - Max: 37.11% - Min: -31.72% - Market Cap 8022 - Trading time: 00:03:47
06-09-2025 02:23:02.674 INFO Current price: 0.000000040031 - Current percentage: -1.54% - Max: 37.11% - Min: -31.72% - Market Cap 8295 - Trading time: 00:03:47
06-09-2025 02:23:02.678 INFO Current price: 0.000000040897 - Current percentage: -0.61% - Max: 37.11% - Min: -31.72% - Market Cap 8373 - Trading time: 00:03:47
06-09-2025 02:23:02.729 INFO Current price: 0.000000041101 - Current percentage: -0.55% - Max: 37.11% - Min: -31.72% - Market Cap 8378 - Trading time: 00:03:47
06-09-2025 02:23:02.876 INFO Current price: 0.000000041345 - Current percentage: 0.57% - Max: 37.11% - Min: -31.72% - Market Cap 8473 - Trading time: 00:03:47
06-09-2025 02:23:03.183 INFO Current price: 0.000000041593 - Current percentage: 0.64% - Max: 37.11% - Min: -31.72% - Market Cap 8478 - Trading time: 00:03:48
06-09-2025 02:23:03.931 INFO Current price: 0.000000041619 - Current percentage: 0.70% - Max: 37.11% - Min: -31.72% - Market Cap 8483 - Trading time: 00:03:48
06-09-2025 02:23:05.311 INFO Current price: 0.000000040982 - Current percentage: -2.41% - Max: 37.11% - Min: -31.72% - Market Cap 8221 - Trading time: 00:03:50
06-09-2025 02:23:05.311 INFO Current price: 0.000000040891 - Current percentage: 0.25% - Max: 37.11% - Min: -31.72% - Market Cap 8445 - Trading time: 00:03:50
06-09-2025 02:23:05.349 INFO Current price: 0.000000042000 - Current percentage: 2.95% - Max: 37.11% - Min: -31.72% - Market Cap 8673 - Trading time: 00:03:50
06-09-2025 02:23:05.355 INFO Current price: 0.000000043125 - Current percentage: 5.69% - Max: 37.11% - Min: -31.72% - Market Cap 8904 - Trading time: 00:03:50
06-09-2025 02:23:13.555 INFO Current price: 0.000000042745 - Current percentage: 1.15% - Max: 37.11% - Min: -31.72% - Market Cap 8521 - Trading time: 00:03:58
06-09-2025 02:23:13.802 INFO Current price: 0.000000041581 - Current percentage: 0.01% - Max: 37.11% - Min: -31.72% - Market Cap 8425 - Trading time: 00:03:58
06-09-2025 02:23:14.156 INFO Current price: 0.000000041332 - Current percentage: -0.06% - Max: 37.11% - Min: -31.72% - Market Cap 8419 - Trading time: 00:03:58
06-09-2025 02:23:17.464 INFO Current price: 0.000000041872 - Current percentage: 2.64% - Max: 37.11% - Min: -31.72% - Market Cap 8647 - Trading time: 00:04:02
06-09-2025 02:23:17.561 INFO Current price: 0.000000042978 - Current percentage: 5.29% - Max: 37.11% - Min: -31.72% - Market Cap 8870 - Trading time: 00:04:02
06-09-2025 02:23:17.561 INFO Current price: 0.000000043780 - Current percentage: 6.51% - Max: 37.11% - Min: -31.72% - Market Cap 8973 - Trading time: 00:04:02
06-09-2025 02:23:17.846 INFO Current price: 0.000000044047 - Current percentage: 6.58% - Max: 37.11% - Min: -31.72% - Market Cap 8978 - Trading time: 00:04:02
06-09-2025 02:23:17.949 INFO Current price: 0.000000044074 - Current percentage: 6.64% - Max: 37.11% - Min: -31.72% - Market Cap 8983 - Trading time: 00:04:02
06-09-2025 02:23:18.499 INFO Current price: 0.000000044374 - Current percentage: 8.04% - Max: 37.11% - Min: -31.72% - Market Cap 9101 - Trading time: 00:04:03
06-09-2025 02:23:20.320 INFO Current price: 0.000000045827 - Current percentage: 13.74% - Max: 37.11% - Min: -31.72% - Market Cap 9581 - Trading time: 00:04:05
06-09-2025 02:23:21.684 INFO Current price: 0.000000047612 - Current percentage: 16.61% - Max: 37.11% - Min: -31.72% - Market Cap 9824 - Trading time: 00:04:06
06-09-2025 02:23:21.728 INFO Current price: 0.000000050326 - Current percentage: 27.07% - Max: 37.11% - Min: -31.72% - Market Cap 10705 - Trading time: 00:04:06
06-09-2025 02:23:21.795 INFO Current price: 0.000000052164 - Current percentage: 25.29% - Max: 37.11% - Min: -31.72% - Market Cap 10555 - Trading time: 00:04:06
06-09-2025 02:23:22.822 INFO Current price: 0.000000051780 - Current percentage: 25.21% - Max: 37.11% - Min: -31.72% - Market Cap 10548 - Trading time: 00:04:07
06-09-2025 02:23:23.344 INFO Current price: 0.000000050991 - Current percentage: 21.50% - Max: 37.11% - Min: -31.72% - Market Cap 10235 - Trading time: 00:04:08
06-09-2025 02:23:23.344 INFO Current price: 0.000000049510 - Current percentage: 18.04% - Max: 37.11% - Min: -31.72% - Market Cap 9944 - Trading time: 00:04:08
06-09-2025 02:23:23.344 INFO Current price: 0.000000048128 - Current percentage: 14.81% - Max: 37.11% - Min: -31.72% - Market Cap 9672 - Trading time: 00:04:08
06-09-2025 02:23:23.394 INFO Current price: 0.000000047227 - Current percentage: 13.66% - Max: 37.11% - Min: -31.72% - Market Cap 9575 - Trading time: 00:04:08
06-09-2025 02:23:23.562 INFO Current price: 0.000000046701 - Current percentage: 12.27% - Max: 37.11% - Min: -31.72% - Market Cap 9458 - Trading time: 00:04:08
06-09-2025 02:23:24.133 INFO Current price: 0.000000046401 - Current percentage: 12.21% - Max: 37.11% - Min: -31.72% - Market Cap 9453 - Trading time: 00:04:08
06-09-2025 02:23:24.743 INFO Current price: 0.000000045747 - Current percentage: 9.13% - Max: 37.11% - Min: -31.72% - Market Cap 9193 - Trading time: 00:04:09
06-09-2025 02:23:24.790 INFO Current price: 0.000000044533 - Current percentage: 6.33% - Max: 37.11% - Min: -31.72% - Market Cap 8957 - Trading time: 00:04:09
06-09-2025 02:23:26.436 INFO Current price: 0.000000044893 - Current percentage: 10.90% - Max: 37.11% - Min: -31.72% - Market Cap 9342 - Trading time: 00:04:11
06-09-2025 02:23:32.858 INFO Current price: 0.000000045834 - Current percentage: 10.83% - Max: 37.11% - Min: -31.72% - Market Cap 9337 - Trading time: 00:04:17
06-09-2025 02:23:35.252 INFO Current price: 0.000000045833 - Current percentage: 10.89% - Max: 37.11% - Min: -31.72% - Market Cap 9342 - Trading time: 00:04:20
06-09-2025 02:23:36.582 INFO Current price: 0.000000045446 - Current percentage: 8.97% - Max: 37.11% - Min: -31.72% - Market Cap 9180 - Trading time: 00:04:21
06-09-2025 02:23:36.622 INFO Current price: 0.000000044790 - Current percentage: 7.71% - Max: 37.11% - Min: -31.72% - Market Cap 9074 - Trading time: 00:04:21
06-09-2025 02:23:36.933 INFO Current price: 0.000000044516 - Current percentage: 7.64% - Max: 37.11% - Min: -31.72% - Market Cap 9068 - Trading time: 00:04:21
06-09-2025 02:23:40.619 INFO Current price: 0.000000043999 - Current percentage: 5.23% - Max: 37.11% - Min: -31.72% - Market Cap 8864 - Trading time: 00:04:25
06-09-2025 02:23:40.781 INFO Current price: 0.000000042874 - Current percentage: 2.21% - Max: 37.11% - Min: -31.72% - Market Cap 8610 - Trading time: 00:04:25
06-09-2025 02:23:50.315 INFO Current price: 0.000000041352 - Current percentage: -2.11% - Max: 37.11% - Min: -31.72% - Market Cap 8246 - Trading time: 00:04:35
06-09-2025 02:23:59.003 INFO Current price: 0.000000041028 - Current percentage: 0.62% - Max: 37.11% - Min: -31.72% - Market Cap 8476 - Trading time: 00:04:43
06-09-2025 02:24:12.622 INFO Current price: 0.000000040423 - Current percentage: -4.98% - Max: 37.11% - Min: -31.72% - Market Cap 8005 - Trading time: 00:04:57
06-09-2025 02:24:12.721 INFO Current price: 0.000000038643 - Current percentage: -8.05% - Max: 37.11% - Min: -31.72% - Market Cap 7746 - Trading time: 00:04:57
06-09-2025 02:24:13.592 INFO Current price: 0.000000037594 - Current percentage: -10.07% - Max: 37.11% - Min: -31.72% - Market Cap 7576 - Trading time: 00:04:58
06-09-2025 02:24:13.657 INFO Current price: 0.000000035856 - Current percentage: -16.36% - Max: 37.11% - Min: -31.72% - Market Cap 7046 - Trading time: 00:04:58
06-09-2025 02:24:14.626 INFO Current price: 0.000000034484 - Current percentage: -16.82% - Max: 37.11% - Min: -31.72% - Market Cap 7007 - Trading time: 00:04:59






06-09-2025 02:24:15.182 INFO {"type":"summary","reason":"max_window","startedAt":"2025-09-06T00:19:15.182Z","endedAt":"2025-09-06T00:24:15.182Z","durationSec":300,"entryPrice":4.300876527358213e-8,"entryMarketCapSol":41.34187296010056,"entryMarketCapUsd":8424.23345307969,"minPct":-31.715490356505327,"maxPct":37.10550800185082,"buyCount":107,"sellCount":108,"tradeCount":215,"entryRecorded":true,"noPostThresholdTrades":false,"triggerAt":"2025-09-06T00:19:15.182Z","ageAtTriggerSec":8,"preTotalTrades":35,"preBuys":24,"preSells":11,"preUniqueTraders":24,"preEntryTotalTrades":49,"preEntryBuys":34,"preEntrySells":15,"preEntryUniqueTraders":33,"preEntryMinMcUsd":6538.606963313489,"preEntryMaxMcUsd":11318.365551800536,"thresholdMcSol":41.34187296010056,"thresholdMcUsd":8424.23345307969,"thresholdPrice":4.300876527358213e-8}
