06-09-2025 07:00:30.808 INFO Entry price: 0.000000035154168591 - Entry market cap: 6718 - Buys 1 - Sells 1 - Ratio: 1:1.00 - Min MarketCap: 5689 - Max MarketCap: 7616
06-09-2025 07:00:30.808 INFO Current price: 0.000000035154 - Current percentage: 0.00% - Max: 0.00% - Min: 0.00% - Market Cap 6718 - Trading time: 00:00:02
06-09-2025 07:00:31.101 INFO Current price: 0.000000027967 - Current percentage: -15.27% - Max: 0.00% - Min: -15.27% - Market Cap 5692 - Trading time: 00:00:02
06-09-2025 07:00:31.108 INFO Current price: 0.000000029798 - Current percentage: -3.87% - Max: 0.00% - Min: -15.27% - Market Cap 6458 - Trading time: 00:00:02
06-09-2025 07:00:32.069 INFO Current price: 0.000000032177 - Current percentage: -1.20% - Max: 0.00% - Min: -15.27% - Market Cap 6637 - Trading time: 00:00:03
06-09-2025 07:00:32.905 INFO Current price: 0.000000032679 - Current percentage: -0.85% - Max: 0.00% - Min: -15.27% - Market Cap 6661 - Trading time: 00:00:04
06-09-2025 07:00:35.380 INFO Current price: 0.000000032292 - Current percentage: -3.53% - Max: 0.00% - Min: -15.27% - Market Cap 6481 - Trading time: 00:00:06
06-09-2025 07:00:35.934 INFO Current price: 0.000000029901 - Current percentage: -14.99% - Max: 0.00% - Min: -15.27% - Market Cap 5711 - Trading time: 00:00:07
06-09-2025 07:00:38.355 INFO Current price: 0.000000028980 - Current percentage: -9.37% - Max: 0.00% - Min: -15.27% - Market Cap 6088 - Trading time: 00:00:09
06-09-2025 07:00:38.363 INFO Current price: 0.000000030866 - Current percentage: -3.57% - Max: 0.00% - Min: -15.27% - Market Cap 6479 - Trading time: 00:00:09
06-09-2025 07:00:38.367 INFO Current price: 0.000000031937 - Current percentage: -2.98% - Max: 0.00% - Min: -15.27% - Market Cap 6518 - Trading time: 00:00:09
06-09-2025 07:00:38.379 INFO Current price: 0.000000032434 - Current percentage: -0.54% - Max: 0.00% - Min: -15.27% - Market Cap 6682 - Trading time: 00:00:09
06-09-2025 07:00:38.416 INFO Current price: 0.000000033505 - Current percentage: 3.54% - Max: 3.54% - Min: -15.27% - Market Cap 6956 - Trading time: 00:00:09
06-09-2025 07:00:38.419 INFO Current price: 0.000000034396 - Current percentage: 4.82% - Max: 4.82% - Min: -15.27% - Market Cap 7042 - Trading time: 00:00:09
06-09-2025 07:00:38.466 INFO Current price: 0.000000034793 - Current percentage: 5.94% - Max: 5.94% - Min: -15.27% - Market Cap 7118 - Trading time: 00:00:09
06-09-2025 07:00:38.544 INFO Current price: 0.000000035001 - Current percentage: 6.07% - Max: 6.07% - Min: -15.27% - Market Cap 7126 - Trading time: 00:00:09
06-09-2025 07:00:38.592 INFO Current price: 0.000000035043 - Current percentage: 6.20% - Max: 6.20% - Min: -15.27% - Market Cap 7135 - Trading time: 00:00:09
06-09-2025 07:00:38.690 INFO Current price: 0.000000035104 - Current percentage: 6.45% - Max: 6.45% - Min: -15.27% - Market Cap 7151 - Trading time: 00:00:09
06-09-2025 07:00:38.734 INFO Current price: 0.000000035218 - Current percentage: 6.89% - Max: 6.89% - Min: -15.27% - Market Cap 7181 - Trading time: 00:00:09
06-09-2025 07:00:38.772 INFO Current price: 0.000000035302 - Current percentage: 6.95% - Max: 6.95% - Min: -15.27% - Market Cap 7185 - Trading time: 00:00:09
06-09-2025 07:00:38.843 INFO Current price: 0.000000035324 - Current percentage: 7.02% - Max: 7.02% - Min: -15.27% - Market Cap 7190 - Trading time: 00:00:10
06-09-2025 07:00:41.399 INFO Current price: 0.000000034199 - Current percentage: 0.25% - Max: 7.02% - Min: -15.27% - Market Cap 6735 - Trading time: 00:00:12
06-09-2025 07:00:41.402 INFO Current price: 0.000000032005 - Current percentage: -6.27% - Max: 7.02% - Min: -15.27% - Market Cap 6297 - Trading time: 00:00:12
06-09-2025 07:00:41.557 INFO Current price: 0.000000030577 - Current percentage: -8.50% - Max: 7.02% - Min: -15.27% - Market Cap 6147 - Trading time: 00:00:12
06-09-2025 07:00:41.559 INFO Current price: 0.000000029646 - Current percentage: -11.89% - Max: 7.02% - Min: -15.27% - Market Cap 5920 - Trading time: 00:00:12
06-09-2025 07:00:41.598 INFO Current price: 0.000000028927 - Current percentage: -12.88% - Max: 7.02% - Min: -15.27% - Market Cap 5853 - Trading time: 00:00:12
06-09-2025 07:00:41.722 INFO Current price: 0.000000028749 - Current percentage: -12.97% - Max: 7.02% - Min: -15.27% - Market Cap 5847 - Trading time: 00:00:12
06-09-2025 07:00:41.726 INFO Current price: 0.000000028718 - Current percentage: -13.07% - Max: 7.02% - Min: -15.27% - Market Cap 5840 - Trading time: 00:00:12
06-09-2025 07:00:41.739 INFO Current price: 0.000000028563 - Current percentage: -13.91% - Max: 7.02% - Min: -15.27% - Market Cap 5784 - Trading time: 00:00:12
06-09-2025 07:00:41.792 INFO Current price: 0.000000028431 - Current percentage: -13.87% - Max: 7.02% - Min: -15.27% - Market Cap 5786 - Trading time: 00:00:12
06-09-2025 07:00:42.026 INFO Current price: 0.000000028384 - Current percentage: -14.19% - Max: 7.02% - Min: -15.27% - Market Cap 5765 - Trading time: 00:00:13
06-09-2025 07:00:42.027 INFO Current price: 0.000000028324 - Current percentage: -14.24% - Max: 7.02% - Min: -15.27% - Market Cap 5762 - Trading time: 00:00:13
06-09-2025 07:00:42.029 INFO Current price: 0.000000028287 - Current percentage: -14.42% - Max: 7.02% - Min: -15.27% - Market Cap 5750 - Trading time: 00:00:13
06-09-2025 07:00:43.135 INFO Current price: 0.000000028504 - Current percentage: -12.91% - Max: 7.02% - Min: -15.27% - Market Cap 5851 - Trading time: 00:00:14
06-09-2025 07:00:43.139 INFO Current price: 0.000000029589 - Current percentage: -7.78% - Max: 7.02% - Min: -15.27% - Market Cap 6195 - Trading time: 00:00:14
06-09-2025 07:00:43.444 INFO Current price: 0.000000030448 - Current percentage: -7.78% - Max: 7.02% - Min: -15.27% - Market Cap 6196 - Trading time: 00:00:14
06-09-2025 07:00:43.495 INFO Current price: 0.000000030450 - Current percentage: -7.77% - Max: 7.02% - Min: -15.27% - Market Cap 6196 - Trading time: 00:00:14
06-09-2025 07:00:43.507 INFO Current price: 0.000000030451 - Current percentage: -7.77% - Max: 7.02% - Min: -15.27% - Market Cap 6196 - Trading time: 00:00:14
06-09-2025 07:00:43.548 INFO Current price: 0.000000030453 - Current percentage: -7.76% - Max: 7.02% - Min: -15.27% - Market Cap 6197 - Trading time: 00:00:14
06-09-2025 07:00:43.552 INFO Current price: 0.000000030455 - Current percentage: -7.76% - Max: 7.02% - Min: -15.27% - Market Cap 6197 - Trading time: 00:00:14
06-09-2025 07:00:43.556 INFO Current price: 0.000000030457 - Current percentage: -7.75% - Max: 7.02% - Min: -15.27% - Market Cap 6198 - Trading time: 00:00:14
06-09-2025 07:00:43.573 INFO Current price: 0.000000030459 - Current percentage: -7.74% - Max: 7.02% - Min: -15.27% - Market Cap 6198 - Trading time: 00:00:14
06-09-2025 07:00:43.579 INFO Current price: 0.000000030461 - Current percentage: -7.74% - Max: 7.02% - Min: -15.27% - Market Cap 6198 - Trading time: 00:00:14
06-09-2025 07:00:43.664 INFO Current price: 0.000000030463 - Current percentage: -7.74% - Max: 7.02% - Min: -15.27% - Market Cap 6199 - Trading time: 00:00:14
06-09-2025 07:00:43.667 INFO Current price: 0.000000030464 - Current percentage: -7.73% - Max: 7.02% - Min: -15.27% - Market Cap 6199 - Trading time: 00:00:14
06-09-2025 07:00:44.148 INFO Current price: 0.000000030466 - Current percentage: -7.72% - Max: 7.02% - Min: -15.27% - Market Cap 6200 - Trading time: 00:00:15
06-09-2025 07:00:44.148 INFO Current price: 0.000000030470 - Current percentage: -7.71% - Max: 7.02% - Min: -15.27% - Market Cap 6200 - Trading time: 00:00:15
06-09-2025 07:00:44.461 INFO Current price: 0.000000030490 - Current percentage: -7.60% - Max: 7.02% - Min: -15.27% - Market Cap 6208 - Trading time: 00:00:15
06-09-2025 07:00:45.311 INFO Current price: 0.000000030455 - Current percentage: -7.92% - Max: 7.02% - Min: -15.27% - Market Cap 6186 - Trading time: 00:00:16
06-09-2025 07:00:45.423 INFO Current price: 0.000000030393 - Current percentage: -7.97% - Max: 7.02% - Min: -15.27% - Market Cap 6183 - Trading time: 00:00:16
06-09-2025 07:00:45.835 INFO Current price: 0.000000029528 - Current percentage: -13.09% - Max: 7.02% - Min: -15.27% - Market Cap 5839 - Trading time: 00:00:17
06-09-2025 07:00:46.967 INFO Current price: 0.000000029605 - Current percentage: -7.49% - Max: 7.02% - Min: -15.27% - Market Cap 6215 - Trading time: 00:00:18
06-09-2025 07:00:46.969 INFO Current price: 0.000000031510 - Current percentage: -1.54% - Max: 7.02% - Min: -15.27% - Market Cap 6615 - Trading time: 00:00:18
06-09-2025 07:00:48.625 INFO Current price: 0.000000032507 - Current percentage: -1.55% - Max: 7.02% - Min: -15.27% - Market Cap 6614 - Trading time: 00:00:19
06-09-2025 07:00:48.658 INFO Current price: 0.000000032506 - Current percentage: -1.55% - Max: 7.02% - Min: -15.27% - Market Cap 6614 - Trading time: 00:00:19
06-09-2025 07:00:48.659 INFO Current price: 0.000000032506 - Current percentage: -1.55% - Max: 7.02% - Min: -15.27% - Market Cap 6614 - Trading time: 00:00:19
06-09-2025 07:00:48.662 INFO Current price: 0.000000032505 - Current percentage: -1.55% - Max: 7.02% - Min: -15.27% - Market Cap 6614 - Trading time: 00:00:19
06-09-2025 07:00:48.664 INFO Current price: 0.000000032504 - Current percentage: -1.55% - Max: 7.02% - Min: -15.27% - Market Cap 6614 - Trading time: 00:00:19
06-09-2025 07:00:48.666 INFO Current price: 0.000000032504 - Current percentage: -1.56% - Max: 7.02% - Min: -15.27% - Market Cap 6614 - Trading time: 00:00:19
06-09-2025 07:00:48.668 INFO Current price: 0.000000032503 - Current percentage: -1.56% - Max: 7.02% - Min: -15.27% - Market Cap 6614 - Trading time: 00:00:19
06-09-2025 07:00:48.670 INFO Current price: 0.000000032503 - Current percentage: -1.56% - Max: 7.02% - Min: -15.27% - Market Cap 6614 - Trading time: 00:00:19
06-09-2025 07:00:49.083 INFO Current price: 0.000000032502 - Current percentage: -1.56% - Max: 7.02% - Min: -15.27% - Market Cap 6613 - Trading time: 00:00:20
06-09-2025 07:00:49.085 INFO Current price: 0.000000032501 - Current percentage: -1.56% - Max: 7.02% - Min: -15.27% - Market Cap 6613 - Trading time: 00:00:20
06-09-2025 07:00:49.089 INFO Current price: 0.000000033975 - Current percentage: 7.57% - Max: 7.57% - Min: -15.27% - Market Cap 7227 - Trading time: 00:00:20
06-09-2025 07:00:49.962 INFO Current price: 0.000000035618 - Current percentage: 8.19% - Max: 8.19% - Min: -15.27% - Market Cap 7269 - Trading time: 00:00:21
06-09-2025 07:00:52.952 INFO Current price: 0.000000035697 - Current percentage: 8.04% - Max: 8.19% - Min: -15.27% - Market Cap 7259 - Trading time: 00:00:24
06-09-2025 07:00:53.664 INFO Current price: 0.000000035672 - Current percentage: 8.04% - Max: 8.19% - Min: -15.27% - Market Cap 7259 - Trading time: 00:00:24
06-09-2025 07:00:53.680 INFO Current price: 0.000000035672 - Current percentage: 8.04% - Max: 8.19% - Min: -15.27% - Market Cap 7258 - Trading time: 00:00:24
06-09-2025 07:00:53.747 INFO Current price: 0.000000035671 - Current percentage: 8.04% - Max: 8.19% - Min: -15.27% - Market Cap 7258 - Trading time: 00:00:24
06-09-2025 07:00:53.750 INFO Current price: 0.000000035671 - Current percentage: 8.04% - Max: 8.19% - Min: -15.27% - Market Cap 7258 - Trading time: 00:00:24
06-09-2025 07:00:53.768 INFO Current price: 0.000000035670 - Current percentage: 8.03% - Max: 8.19% - Min: -15.27% - Market Cap 7258 - Trading time: 00:00:24
06-09-2025 07:00:53.768 INFO Current price: 0.000000035669 - Current percentage: 8.03% - Max: 8.19% - Min: -15.27% - Market Cap 7258 - Trading time: 00:00:24
06-09-2025 07:00:53.768 INFO Current price: 0.000000035669 - Current percentage: 8.03% - Max: 8.19% - Min: -15.27% - Market Cap 7258 - Trading time: 00:00:24
06-09-2025 07:00:53.874 INFO Current price: 0.000000035668 - Current percentage: 8.03% - Max: 8.19% - Min: -15.27% - Market Cap 7258 - Trading time: 00:00:25
06-09-2025 07:00:53.892 INFO Current price: 0.000000035667 - Current percentage: 8.03% - Max: 8.19% - Min: -15.27% - Market Cap 7257 - Trading time: 00:00:25
06-09-2025 07:00:53.892 INFO Current price: 0.000000035666 - Current percentage: 8.02% - Max: 8.19% - Min: -15.27% - Market Cap 7257 - Trading time: 00:00:25
06-09-2025 07:00:53.892 INFO Current price: 0.000000036139 - Current percentage: 10.91% - Max: 10.91% - Min: -15.27% - Market Cap 7451 - Trading time: 00:00:25
06-09-2025 07:00:55.391 INFO Current price: 0.000000036723 - Current percentage: 11.55% - Max: 11.55% - Min: -15.27% - Market Cap 7494 - Trading time: 00:00:26
06-09-2025 07:00:56.123 INFO Current price: 0.000000036933 - Current percentage: 12.18% - Max: 12.18% - Min: -15.27% - Market Cap 7537 - Trading time: 00:00:27
06-09-2025 07:00:57.789 INFO Current price: 0.000000037143 - Current percentage: 12.82% - Max: 12.82% - Min: -15.27% - Market Cap 7579 - Trading time: 00:00:28
06-09-2025 07:00:58.145 INFO Current price: 0.000000038442 - Current percentage: 20.16% - Max: 20.16% - Min: -15.27% - Market Cap 8073 - Trading time: 00:00:29
06-09-2025 07:00:58.147 INFO Current price: 0.000000040907 - Current percentage: 27.75% - Max: 27.75% - Min: -15.27% - Market Cap 8582 - Trading time: 00:00:29
06-09-2025 07:00:58.149 INFO Current price: 0.000000043448 - Current percentage: 35.56% - Max: 35.56% - Min: -15.27% - Market Cap 9107 - Trading time: 00:00:29
06-09-2025 07:00:58.407 INFO Current price: 0.000000044755 - Current percentage: 35.55% - Max: 35.56% - Min: -15.27% - Market Cap 9106 - Trading time: 00:00:29
06-09-2025 07:00:58.612 INFO Current price: 0.000000044754 - Current percentage: 35.55% - Max: 35.56% - Min: -15.27% - Market Cap 9106 - Trading time: 00:00:29
06-09-2025 07:00:58.613 INFO Current price: 0.000000044755 - Current percentage: 35.55% - Max: 35.56% - Min: -15.27% - Market Cap 9106 - Trading time: 00:00:29
06-09-2025 07:00:58.794 INFO Current price: 0.000000044753 - Current percentage: 35.54% - Max: 35.56% - Min: -15.27% - Market Cap 9106 - Trading time: 00:00:29
06-09-2025 07:00:58.807 INFO Current price: 0.000000044752 - Current percentage: 35.54% - Max: 35.56% - Min: -15.27% - Market Cap 9106 - Trading time: 00:00:30
06-09-2025 07:00:58.811 INFO Current price: 0.000000044751 - Current percentage: 35.54% - Max: 35.56% - Min: -15.27% - Market Cap 9106 - Trading time: 00:00:30
06-09-2025 07:00:58.836 INFO Current price: 0.000000044750 - Current percentage: 35.53% - Max: 35.56% - Min: -15.27% - Market Cap 9106 - Trading time: 00:00:30
06-09-2025 07:00:58.839 INFO Current price: 0.000000044749 - Current percentage: 35.53% - Max: 35.56% - Min: -15.27% - Market Cap 9106 - Trading time: 00:00:30
06-09-2025 07:00:59.047 INFO Current price: 0.000000044733 - Current percentage: 35.44% - Max: 35.56% - Min: -15.27% - Market Cap 9099 - Trading time: 00:00:30
06-09-2025 07:01:00.151 INFO Current price: 0.000000046100 - Current percentage: 43.94% - Max: 43.94% - Min: -15.27% - Market Cap 9671 - Trading time: 00:00:31
06-09-2025 07:01:00.303 INFO Current price: 0.000000047525 - Current percentage: 43.94% - Max: 43.94% - Min: -15.27% - Market Cap 9670 - Trading time: 00:00:31
06-09-2025 07:01:00.306 INFO Current price: 0.000000047524 - Current percentage: 43.94% - Max: 43.94% - Min: -15.27% - Market Cap 9670 - Trading time: 00:00:31
06-09-2025 07:01:00.313 INFO Current price: 0.000000047523 - Current percentage: 43.93% - Max: 43.94% - Min: -15.27% - Market Cap 9670 - Trading time: 00:00:31
06-09-2025 07:01:00.356 INFO Current price: 0.000000047522 - Current percentage: 43.93% - Max: 43.94% - Min: -15.27% - Market Cap 9670 - Trading time: 00:00:31
06-09-2025 07:01:00.364 INFO Current price: 0.000000047521 - Current percentage: 43.93% - Max: 43.94% - Min: -15.27% - Market Cap 9669 - Trading time: 00:00:31
06-09-2025 07:01:03.678 INFO Current price: 0.000000046095 - Current percentage: 35.42% - Max: 43.94% - Min: -15.27% - Market Cap 9098 - Trading time: 00:00:34
06-09-2025 07:01:09.525 INFO Current price: 0.000000044573 - Current percentage: 34.58% - Max: 43.94% - Min: -15.27% - Market Cap 9041 - Trading time: 00:00:40
06-09-2025 07:01:09.796 INFO Current price: 0.000000044099 - Current percentage: 32.56% - Max: 43.94% - Min: -15.27% - Market Cap 8905 - Trading time: 00:00:40
06-09-2025 07:01:11.114 INFO Current price: 0.000000043768 - Current percentage: 32.56% - Max: 43.94% - Min: -15.27% - Market Cap 8905 - Trading time: 00:00:42
06-09-2025 07:01:15.046 INFO Current price: 0.000000043298 - Current percentage: 29.74% - Max: 43.94% - Min: -15.27% - Market Cap 8716 - Trading time: 00:00:46
06-09-2025 07:01:16.697 INFO Current price: 0.000000042847 - Current percentage: 29.81% - Max: 43.94% - Min: -15.27% - Market Cap 8721 - Trading time: 00:00:47
06-09-2025 07:01:16.861 INFO Current price: 0.000000042854 - Current percentage: 29.78% - Max: 43.94% - Min: -15.27% - Market Cap 8719 - Trading time: 00:00:48
06-09-2025 07:01:22.212 INFO Current price: 0.000000042689 - Current percentage: 28.80% - Max: 43.94% - Min: -15.27% - Market Cap 8653 - Trading time: 00:00:53
06-09-2025 07:01:27.066 INFO Current price: 0.000000042560 - Current percentage: 28.90% - Max: 43.94% - Min: -15.27% - Market Cap 8660 - Trading time: 00:00:58
06-09-2025 07:01:27.607 INFO Current price: 0.000000042432 - Current percentage: 28.13% - Max: 43.94% - Min: -15.27% - Market Cap 8608 - Trading time: 00:00:58
06-09-2025 07:01:30.447 INFO Current price: 0.000000042309 - Current percentage: 28.13% - Max: 43.94% - Min: -15.27% - Market Cap 8608 - Trading time: 00:01:01
06-09-2025 07:01:40.998 INFO Current price: 0.000000042174 - Current percentage: 27.34% - Max: 43.94% - Min: -15.27% - Market Cap 8555 - Trading time: 00:01:12
06-09-2025 07:01:43.426 INFO Current price: 0.000000041769 - Current percentage: 25.68% - Max: 43.94% - Min: -15.27% - Market Cap 8443 - Trading time: 00:01:14
06-09-2025 07:01:43.432 INFO Current price: 0.000000041241 - Current percentage: 24.14% - Max: 43.94% - Min: -15.27% - Market Cap 8340 - Trading time: 00:01:14
06-09-2025 07:01:43.436 INFO Current price: 0.000000040753 - Current percentage: 22.72% - Max: 43.94% - Min: -15.27% - Market Cap 8245 - Trading time: 00:01:14
06-09-2025 07:01:44.139 INFO Current price: 0.000000039496 - Current percentage: 16.60% - Max: 43.94% - Min: -15.27% - Market Cap 7834 - Trading time: 00:01:15
06-09-2025 07:01:44.143 INFO Current price: 0.000000037605 - Current percentage: 11.26% - Max: 43.94% - Min: -15.27% - Market Cap 7475 - Trading time: 00:01:15
06-09-2025 07:01:44.149 INFO Current price: 0.000000035949 - Current percentage: 6.55% - Max: 43.94% - Min: -15.27% - Market Cap 7159 - Trading time: 00:01:15
06-09-2025 07:01:44.421 INFO Current price: 0.000000035080 - Current percentage: 5.94% - Max: 43.94% - Min: -15.27% - Market Cap 7118 - Trading time: 00:01:15
06-09-2025 07:01:49.976 INFO Current price: 0.000000033691 - Current percentage: -1.72% - Max: 43.94% - Min: -15.27% - Market Cap 6603 - Trading time: 00:01:21
06-09-2025 07:02:18.147 INFO Current price: 0.000000033726 - Current percentage: 6.16% - Max: 43.94% - Min: -15.27% - Market Cap 7132 - Trading time: 00:01:49
06-09-2025 07:02:18.178 INFO Current price: 0.000000036096 - Current percentage: 12.58% - Max: 43.94% - Min: -15.27% - Market Cap 7563 - Trading time: 00:01:49
06-09-2025 07:02:18.569 INFO Current price: 0.000000037740 - Current percentage: 16.06% - Max: 43.94% - Min: -15.27% - Market Cap 7797 - Trading time: 00:01:49
06-09-2025 07:02:18.576 INFO Current price: 0.000000038320 - Current percentage: 16.06% - Max: 43.94% - Min: -15.27% - Market Cap 7798 - Trading time: 00:01:49
06-09-2025 07:02:18.584 INFO Current price: 0.000000038397 - Current percentage: 16.53% - Max: 43.94% - Min: -15.27% - Market Cap 7829 - Trading time: 00:01:49
06-09-2025 07:02:18.584 INFO Current price: 0.000000038517 - Current percentage: 16.79% - Max: 43.94% - Min: -15.27% - Market Cap 7846 - Trading time: 00:01:49
06-09-2025 07:02:18.584 INFO Current price: 0.000000038614 - Current percentage: 17.12% - Max: 43.94% - Min: -15.27% - Market Cap 7868 - Trading time: 00:01:49
06-09-2025 07:02:18.707 INFO Current price: 0.000000039226 - Current percentage: 20.52% - Max: 43.94% - Min: -15.27% - Market Cap 8097 - Trading time: 00:01:49
06-09-2025 07:02:20.074 INFO Current price: 0.000000039878 - Current percentage: 21.04% - Max: 43.94% - Min: -15.27% - Market Cap 8132 - Trading time: 00:01:51
06-09-2025 07:02:20.959 INFO Current price: 0.000000039396 - Current percentage: 17.62% - Max: 43.94% - Min: -15.27% - Market Cap 7902 - Trading time: 00:01:52
06-09-2025 07:02:21.266 INFO Current price: 0.000000039708 - Current percentage: 22.96% - Max: 43.94% - Min: -15.27% - Market Cap 8261 - Trading time: 00:01:52
06-09-2025 07:02:21.268 INFO Current price: 0.000000041355 - Current percentage: 27.58% - Max: 43.94% - Min: -15.27% - Market Cap 8571 - Trading time: 00:01:52
06-09-2025 07:02:21.315 INFO Current price: 0.000000040830 - Current percentage: 19.87% - Max: 43.94% - Min: -15.27% - Market Cap 8053 - Trading time: 00:01:52
06-09-2025 07:02:22.671 INFO Current price: 0.000000039685 - Current percentage: 20.52% - Max: 43.94% - Min: -15.27% - Market Cap 8097 - Trading time: 00:01:53
06-09-2025 07:02:24.099 INFO Current price: 0.000000040337 - Current percentage: 23.84% - Max: 43.94% - Min: -15.27% - Market Cap 8320 - Trading time: 00:01:55
06-09-2025 07:02:24.467 INFO Current price: 0.000000040932 - Current percentage: 24.11% - Max: 43.94% - Min: -15.27% - Market Cap 8338 - Trading time: 00:01:55
06-09-2025 07:02:26.079 INFO Current price: 0.000000042004 - Current percentage: 30.41% - Max: 43.94% - Min: -15.27% - Market Cap 8761 - Trading time: 00:01:57
06-09-2025 07:02:26.140 INFO Current price: 0.000000044265 - Current percentage: 37.83% - Max: 43.94% - Min: -15.27% - Market Cap 9260 - Trading time: 00:01:57
06-09-2025 07:02:28.270 INFO Current price: 0.000000044760 - Current percentage: 33.34% - Max: 43.94% - Min: -15.27% - Market Cap 8958 - Trading time: 00:01:59
06-09-2025 07:02:30.010 INFO Current price: 0.000000046311 - Current percentage: 47.55% - Max: 47.55% - Min: -15.27% - Market Cap 9913 - Trading time: 00:02:01
06-09-2025 07:02:30.149 INFO Current price: 0.000000048001 - Current percentage: 43.25% - Max: 47.55% - Min: -15.27% - Market Cap 9624 - Trading time: 00:02:01
06-09-2025 07:02:34.389 INFO Current price: 0.000000046177 - Current percentage: 36.55% - Max: 47.55% - Min: -15.27% - Market Cap 9174 - Trading time: 00:02:05
06-09-2025 07:02:34.389 INFO Current price: 0.000000044232 - Current percentage: 31.44% - Max: 47.55% - Min: -15.27% - Market Cap 8830 - Trading time: 00:02:05
06-09-2025 07:02:36.295 INFO Current price: 0.000000045296 - Current percentage: 43.19% - Max: 47.55% - Min: -15.27% - Market Cap 9620 - Trading time: 00:02:07
06-09-2025 07:02:36.302 INFO Current price: 0.000000048969 - Current percentage: 53.62% - Max: 53.62% - Min: -15.27% - Market Cap 10321 - Trading time: 00:02:07
06-09-2025 07:02:41.778 INFO Current price: 0.000000050722 - Current percentage: 53.62% - Max: 53.62% - Min: -15.27% - Market Cap 10321 - Trading time: 00:02:12
06-09-2025 07:02:41.780 INFO Current price: 0.000000050723 - Current percentage: 53.63% - Max: 53.63% - Min: -15.27% - Market Cap 10321 - Trading time: 00:02:12
06-09-2025 07:02:42.967 INFO Current price: 0.000000050760 - Current percentage: 53.85% - Max: 53.85% - Min: -15.27% - Market Cap 10336 - Trading time: 00:02:14
06-09-2025 07:02:49.388 INFO Current price: 0.000000050840 - Current percentage: 54.11% - Max: 54.11% - Min: -15.27% - Market Cap 10354 - Trading time: 00:02:20
06-09-2025 07:02:51.426 INFO Current price: 0.000000050901 - Current percentage: 54.22% - Max: 54.22% - Min: -15.27% - Market Cap 10361 - Trading time: 00:02:22
06-09-2025 07:02:54.029 INFO Current price: 0.000000050972 - Current percentage: 54.54% - Max: 54.54% - Min: -15.27% - Market Cap 10383 - Trading time: 00:02:25
06-09-2025 07:02:55.700 INFO Current price: 0.000000051212 - Current percentage: 55.68% - Max: 55.68% - Min: -15.27% - Market Cap 10459 - Trading time: 00:02:26
06-09-2025 07:02:57.629 INFO Current price: 0.000000051651 - Current percentage: 57.20% - Max: 57.20% - Min: -15.27% - Market Cap 10561 - Trading time: 00:02:28
06-09-2025 07:02:58.365 INFO Current price: 0.000000051627 - Current percentage: 55.53% - Max: 57.20% - Min: -15.27% - Market Cap 10449 - Trading time: 00:02:29
06-09-2025 07:03:03.856 INFO Current price: 0.000000051413 - Current percentage: 55.91% - Max: 57.20% - Min: -15.27% - Market Cap 10474 - Trading time: 00:02:35
06-09-2025 07:03:11.105 INFO Current price: 0.000000051371 - Current percentage: 55.02% - Max: 57.20% - Min: -15.27% - Market Cap 10415 - Trading time: 00:02:42
06-09-2025 07:03:24.708 INFO Current price: 0.000000051504 - Current percentage: 56.97% - Max: 57.20% - Min: -15.27% - Market Cap 10546 - Trading time: 00:02:55
06-09-2025 07:03:29.540 INFO Current price: 0.000000051827 - Current percentage: 56.97% - Max: 57.20% - Min: -15.27% - Market Cap 10546 - Trading time: 00:03:00
06-09-2025 07:03:29.542 INFO Current price: 0.000000051829 - Current percentage: 56.98% - Max: 57.20% - Min: -15.27% - Market Cap 10546 - Trading time: 00:03:00
06-09-2025 07:03:37.660 INFO Current price: 0.000000051841 - Current percentage: 57.05% - Max: 57.20% - Min: -15.27% - Market Cap 10551 - Trading time: 00:03:08
06-09-2025 07:03:38.543 INFO Current price: 0.000000051866 - Current percentage: 57.13% - Max: 57.20% - Min: -15.27% - Market Cap 10556 - Trading time: 00:03:09
06-09-2025 07:03:38.686 INFO Current price: 0.000000051941 - Current percentage: 57.50% - Max: 57.50% - Min: -15.27% - Market Cap 10582 - Trading time: 00:03:09
06-09-2025 07:03:40.502 INFO Current price: 0.000000052500 - Current percentage: 60.53% - Max: 60.53% - Min: -15.27% - Market Cap 10785 - Trading time: 00:03:11
06-09-2025 07:03:42.496 INFO Current price: 0.000000053224 - Current percentage: 61.88% - Max: 61.88% - Min: -15.27% - Market Cap 10875 - Trading time: 00:03:13
06-09-2025 07:03:49.456 INFO Current price: 0.000000053575 - Current percentage: 62.65% - Max: 62.65% - Min: -15.27% - Market Cap 10927 - Trading time: 00:03:20
06-09-2025 07:03:51.741 INFO Current price: 0.000000053869 - Current percentage: 63.67% - Max: 63.67% - Min: -15.27% - Market Cap 10996 - Trading time: 00:03:22
06-09-2025 07:04:04.319 INFO Current price: 0.000000054036 - Current percentage: 63.65% - Max: 63.67% - Min: -15.27% - Market Cap 10995 - Trading time: 00:03:35
06-09-2025 07:04:17.053 INFO Current price: 0.000000054059 - Current percentage: 63.81% - Max: 63.81% - Min: -15.27% - Market Cap 11005 - Trading time: 00:03:48
06-09-2025 07:04:19.097 INFO Current price: 0.000000054097 - Current percentage: 63.88% - Max: 63.88% - Min: -15.27% - Market Cap 11010 - Trading time: 00:03:50
06-09-2025 07:04:19.227 INFO Current price: 0.000000054302 - Current percentage: 65.05% - Max: 65.05% - Min: -15.27% - Market Cap 11089 - Trading time: 00:03:50
06-09-2025 07:04:19.885 INFO Current price: 0.000000054113 - Current percentage: 62.75% - Max: 65.05% - Min: -15.27% - Market Cap 10934 - Trading time: 00:03:51
06-09-2025 07:04:19.888 INFO Current price: 0.000000053439 - Current percentage: 60.96% - Max: 65.05% - Min: -15.27% - Market Cap 10814 - Trading time: 00:03:51
06-09-2025 07:04:20.708 INFO Current price: 0.000000053132 - Current percentage: 60.88% - Max: 65.05% - Min: -15.27% - Market Cap 10809 - Trading time: 00:03:51
06-09-2025 07:04:20.712 INFO Current price: 0.000000052986 - Current percentage: 60.08% - Max: 65.05% - Min: -15.27% - Market Cap 10754 - Trading time: 00:03:51
06-09-2025 07:04:39.363 INFO Current price: 0.000000050852 - Current percentage: 48.19% - Max: 65.05% - Min: -15.27% - Market Cap 9956 - Trading time: 00:04:10
06-09-2025 07:04:39.521 INFO Current price: 0.000000047507 - Current percentage: 39.71% - Max: 65.05% - Min: -15.27% - Market Cap 9386 - Trading time: 00:04:10
06-09-2025 07:04:41.229 INFO Current price: 0.000000046140 - Current percentage: 39.78% - Max: 65.05% - Min: -15.27% - Market Cap 9391 - Trading time: 00:04:12
06-09-2025 07:04:46.893 INFO Current price: 0.000000046210 - Current percentage: 40.14% - Max: 65.05% - Min: -15.27% - Market Cap 9415 - Trading time: 00:04:18
06-09-2025 07:04:52.303 INFO Current price: 0.000000045997 - Current percentage: 38.49% - Max: 65.05% - Min: -15.27% - Market Cap 9304 - Trading time: 00:04:23
06-09-2025 07:04:53.429 INFO Current price: 0.000000044798 - Current percentage: 32.93% - Max: 65.05% - Min: -15.27% - Market Cap 8930 - Trading time: 00:04:24
06-09-2025 07:04:53.432 INFO Current price: 0.000000042857 - Current percentage: 26.75% - Max: 65.05% - Min: -15.27% - Market Cap 8515 - Trading time: 00:04:24
06-09-2025 07:04:53.904 INFO Current price: 0.000000041801 - Current percentage: 26.46% - Max: 65.05% - Min: -15.27% - Market Cap 8496 - Trading time: 00:04:25
06-09-2025 07:04:53.950 INFO Current price: 0.000000041691 - Current percentage: 26.09% - Max: 65.05% - Min: -15.27% - Market Cap 8471 - Trading time: 00:04:25
06-09-2025 07:04:53.952 INFO Current price: 0.000000041544 - Current percentage: 25.56% - Max: 65.05% - Min: -15.27% - Market Cap 8436 - Trading time: 00:04:25
06-09-2025 07:04:54.982 INFO Current price: 0.000000041413 - Current percentage: 25.30% - Max: 65.05% - Min: -15.27% - Market Cap 8418 - Trading time: 00:04:26
06-09-2025 07:04:56.915 INFO Current price: 0.000000041254 - Current percentage: 24.60% - Max: 65.05% - Min: -15.27% - Market Cap 8371 - Trading time: 00:04:28
06-09-2025 07:04:57.744 INFO Current price: 0.000000041641 - Current percentage: 27.66% - Max: 65.05% - Min: -15.27% - Market Cap 8576 - Trading time: 00:04:28
06-09-2025 07:04:57.748 INFO Current price: 0.000000042759 - Current percentage: 31.39% - Max: 65.05% - Min: -15.27% - Market Cap 8827 - Trading time: 00:04:28
06-09-2025 07:04:58.057 INFO Current price: 0.000000043613 - Current percentage: 32.80% - Max: 65.05% - Min: -15.27% - Market Cap 8922 - Trading time: 00:04:29
06-09-2025 07:04:59.108 INFO Current price: 0.000000043860 - Current percentage: 32.87% - Max: 65.05% - Min: -15.27% - Market Cap 8927 - Trading time: 00:04:30
06-09-2025 07:05:04.222 INFO Current price: 0.000000043828 - Current percentage: 32.61% - Max: 65.05% - Min: -15.27% - Market Cap 8909 - Trading time: 00:04:35
06-09-2025 07:05:05.760 INFO Current price: 0.000000041941 - Current percentage: 21.68% - Max: 65.05% - Min: -15.27% - Market Cap 8175 - Trading time: 00:04:36
06-09-2025 07:05:06.046 INFO Current price: 0.000000039970 - Current percentage: 20.44% - Max: 65.05% - Min: -15.27% - Market Cap 8091 - Trading time: 00:04:37
06-09-2025 07:05:07.024 INFO Current price: 0.000000039754 - Current percentage: 20.38% - Max: 65.05% - Min: -15.27% - Market Cap 8087 - Trading time: 00:04:38
06-09-2025 07:05:07.118 INFO Current price: 0.000000039200 - Current percentage: 17.10% - Max: 65.05% - Min: -15.27% - Market Cap 7867 - Trading time: 00:04:38
06-09-2025 07:05:07.124 INFO Current price: 0.000000038217 - Current percentage: 14.41% - Max: 65.05% - Min: -15.27% - Market Cap 7687 - Trading time: 00:04:38
06-09-2025 07:05:07.979 INFO Current price: 0.000000037737 - Current percentage: 14.18% - Max: 65.05% - Min: -15.27% - Market Cap 7671 - Trading time: 00:04:39
06-09-2025 07:05:08.205 INFO Current price: 0.000000036457 - Current percentage: 6.78% - Max: 65.05% - Min: -15.27% - Market Cap 7174 - Trading time: 00:04:39
06-09-2025 07:05:08.208 INFO Current price: 0.000000034094 - Current percentage: -0.14% - Max: 65.05% - Min: -15.27% - Market Cap 6709 - Trading time: 00:04:39
06-09-2025 07:05:08.546 INFO Current price: 0.000000032939 - Current percentage: -0.33% - Max: 65.05% - Min: -15.27% - Market Cap 6696 - Trading time: 00:04:39
06-09-2025 07:05:08.890 INFO Current price: 0.000000032661 - Current percentage: -1.82% - Max: 65.05% - Min: -15.27% - Market Cap 6596 - Trading time: 00:04:40
06-09-2025 07:05:14.551 INFO Current price: 0.000000031667 - Current percentage: -6.31% - Max: 65.05% - Min: -15.27% - Market Cap 6295 - Trading time: 00:04:45
06-09-2025 07:05:14.551 INFO Current price: 0.000000030291 - Current percentage: -10.17% - Max: 65.05% - Min: -15.27% - Market Cap 6035 - Trading time: 00:04:45
06-09-2025 07:05:17.733 INFO Current price: 0.000000029630 - Current percentage: -10.35% - Max: 65.05% - Min: -15.27% - Market Cap 6023 - Trading time: 00:04:48
06-09-2025 07:05:17.938 INFO Current price: 0.000000029584 - Current percentage: -10.45% - Max: 65.05% - Min: -15.27% - Market Cap 6016 - Trading time: 00:04:49
06-09-2025 07:05:18.104 INFO Current price: 0.000000029560 - Current percentage: -10.49% - Max: 65.05% - Min: -15.27% - Market Cap 6013 - Trading time: 00:04:49
06-09-2025 07:05:18.829 INFO Current price: 0.000000029484 - Current percentage: -10.91% - Max: 65.05% - Min: -15.27% - Market Cap 5986 - Trading time: 00:04:50
06-09-2025 07:05:24.727 INFO Current price: 0.000000029070 - Current percentage: -12.99% - Max: 65.05% - Min: -15.27% - Market Cap 5846 - Trading time: 00:04:55
06-09-2025 07:05:27.406 INFO Current price: 0.000000028655 - Current percentage: -13.43% - Max: 65.05% - Min: -15.27% - Market Cap 5816 - Trading time: 00:04:58






06-09-2025 07:05:28.807 INFO {"type":"summary","reason":"max_window","startedAt":"2025-09-06T05:00:28.807Z","endedAt":"2025-09-06T05:05:28.807Z","durationSec":300,"entryPrice":3.515416859140677e-8,"entryMarketCapSol":33.01699982446756,"entryMarketCapUsd":6718.299124282659,"minPct":-15.271589296937101,"maxPct":65.0502683476546,"buyCount":96,"sellCount":110,"tradeCount":206,"entryRecorded":true,"noPostThresholdTrades":false,"triggerAt":"2025-09-06T05:00:28.807Z","ageAtTriggerSec":7,"preTotalTrades":1,"preBuys":1,"preSells":0,"preUniqueTraders":1,"preEntryTotalTrades":2,"preEntryBuys":1,"preEntrySells":1,"preEntryUniqueTraders":1,"preEntryMinMcUsd":5689.0959925442685,"preEntryMaxMcUsd":7616.190245237045,"thresholdMcSol":33.01699982446756,"thresholdMcUsd":6718.299124282659,"thresholdPrice":3.515416859140677e-8}
