06-09-2025 11:55:12.202 INFO Entry price: 0.000000034117217287 - Entry market cap: 6768 - Buys 10 - Sells 4 - Ratio: 1:0.40 - Min MarketCap: 6374 - Max MarketCap: 7396
06-09-2025 11:55:12.202 INFO Current price: 0.000000034117 - Current percentage: 0.00% - Max: 0.00% - Min: 0.00% - Market Cap 6768 - Trading time: 00:00:02
06-09-2025 11:55:13.634 INFO Current price: 0.000000033291 - Current percentage: -0.13% - Max: 0.00% - Min: -0.13% - Market Cap 6759 - Trading time: 00:00:03
06-09-2025 11:55:14.044 INFO Current price: 0.000000033997 - Current percentage: 4.28% - Max: 4.28% - Min: -0.13% - Market Cap 7058 - Trading time: 00:00:03
06-09-2025 11:55:14.075 INFO Current price: 0.000000035520 - Current percentage: 9.03% - Max: 9.03% - Min: -0.13% - Market Cap 7379 - Trading time: 00:00:03
06-09-2025 11:55:14.300 INFO Current price: 0.000000036185 - Current percentage: 8.22% - Max: 9.03% - Min: -0.13% - Market Cap 7325 - Trading time: 00:00:04
06-09-2025 11:55:14.640 INFO Current price: 0.000000036052 - Current percentage: 8.22% - Max: 9.03% - Min: -0.13% - Market Cap 7325 - Trading time: 00:00:04
06-09-2025 11:55:14.661 INFO Current price: 0.000000036053 - Current percentage: 8.23% - Max: 9.03% - Min: -0.13% - Market Cap 7325 - Trading time: 00:00:04
06-09-2025 11:55:14.661 INFO Current price: 0.000000036053 - Current percentage: 8.23% - Max: 9.03% - Min: -0.13% - Market Cap 7325 - Trading time: 00:00:04
06-09-2025 11:55:14.669 INFO Current price: 0.000000036054 - Current percentage: 8.23% - Max: 9.03% - Min: -0.13% - Market Cap 7325 - Trading time: 00:00:04
06-09-2025 11:55:14.669 INFO Current price: 0.000000036055 - Current percentage: 8.23% - Max: 9.03% - Min: -0.13% - Market Cap 7325 - Trading time: 00:00:04
06-09-2025 11:55:14.672 INFO Current price: 0.000000036056 - Current percentage: 8.24% - Max: 9.03% - Min: -0.13% - Market Cap 7326 - Trading time: 00:00:04
06-09-2025 11:55:14.673 INFO Current price: 0.000000036057 - Current percentage: 8.24% - Max: 9.03% - Min: -0.13% - Market Cap 7326 - Trading time: 00:00:04
06-09-2025 11:55:14.677 INFO Current price: 0.000000036058 - Current percentage: 8.24% - Max: 9.03% - Min: -0.13% - Market Cap 7326 - Trading time: 00:00:04
06-09-2025 11:55:16.359 INFO Current price: 0.000000036059 - Current percentage: 8.25% - Max: 9.03% - Min: -0.13% - Market Cap 7326 - Trading time: 00:00:06
06-09-2025 11:55:16.359 INFO Current price: 0.000000036060 - Current percentage: 8.25% - Max: 9.03% - Min: -0.13% - Market Cap 7326 - Trading time: 00:00:06
06-09-2025 11:55:16.366 INFO Current price: 0.000000036086 - Current percentage: 8.40% - Max: 9.03% - Min: -0.13% - Market Cap 7337 - Trading time: 00:00:06
06-09-2025 11:55:19.509 INFO Current price: 0.000000036112 - Current percentage: 8.40% - Max: 9.03% - Min: -0.13% - Market Cap 7337 - Trading time: 00:00:09
06-09-2025 11:55:19.641 INFO Current price: 0.000000036112 - Current percentage: 8.40% - Max: 9.03% - Min: -0.13% - Market Cap 7337 - Trading time: 00:00:09
06-09-2025 11:55:19.671 INFO Current price: 0.000000036112 - Current percentage: 8.40% - Max: 9.03% - Min: -0.13% - Market Cap 7337 - Trading time: 00:00:09
06-09-2025 11:55:19.702 INFO Current price: 0.000000036111 - Current percentage: 8.40% - Max: 9.03% - Min: -0.13% - Market Cap 7337 - Trading time: 00:00:09
06-09-2025 11:55:19.705 INFO Current price: 0.000000036111 - Current percentage: 8.40% - Max: 9.03% - Min: -0.13% - Market Cap 7337 - Trading time: 00:00:09
06-09-2025 11:55:19.708 INFO Current price: 0.000000036111 - Current percentage: 8.40% - Max: 9.03% - Min: -0.13% - Market Cap 7337 - Trading time: 00:00:09
06-09-2025 11:55:19.708 INFO Current price: 0.000000036110 - Current percentage: 8.40% - Max: 9.03% - Min: -0.13% - Market Cap 7336 - Trading time: 00:00:09
06-09-2025 11:55:19.710 INFO Current price: 0.000000036110 - Current percentage: 8.40% - Max: 9.03% - Min: -0.13% - Market Cap 7336 - Trading time: 00:00:09
06-09-2025 11:55:19.712 INFO Current price: 0.000000036110 - Current percentage: 8.40% - Max: 9.03% - Min: -0.13% - Market Cap 7336 - Trading time: 00:00:09
06-09-2025 11:55:20.707 INFO Current price: 0.000000036109 - Current percentage: 8.40% - Max: 9.03% - Min: -0.13% - Market Cap 7336 - Trading time: 00:00:10
06-09-2025 11:55:24.563 INFO Current price: 0.000000036109 - Current percentage: 8.39% - Max: 9.03% - Min: -0.13% - Market Cap 7336 - Trading time: 00:00:14
06-09-2025 11:55:24.565 INFO Current price: 0.000000036109 - Current percentage: 8.39% - Max: 9.03% - Min: -0.13% - Market Cap 7336 - Trading time: 00:00:14
06-09-2025 11:55:24.584 INFO Current price: 0.000000036109 - Current percentage: 8.39% - Max: 9.03% - Min: -0.13% - Market Cap 7336 - Trading time: 00:00:14
06-09-2025 11:55:24.587 INFO Current price: 0.000000036108 - Current percentage: 8.39% - Max: 9.03% - Min: -0.13% - Market Cap 7336 - Trading time: 00:00:14
06-09-2025 11:55:24.590 INFO Current price: 0.000000036108 - Current percentage: 8.39% - Max: 9.03% - Min: -0.13% - Market Cap 7336 - Trading time: 00:00:14
06-09-2025 11:55:24.815 INFO Current price: 0.000000036107 - Current percentage: 8.39% - Max: 9.03% - Min: -0.13% - Market Cap 7336 - Trading time: 00:00:14
06-09-2025 11:55:24.819 INFO Current price: 0.000000036107 - Current percentage: 8.39% - Max: 9.03% - Min: -0.13% - Market Cap 7336 - Trading time: 00:00:14
06-09-2025 11:55:24.819 INFO Current price: 0.000000036107 - Current percentage: 8.39% - Max: 9.03% - Min: -0.13% - Market Cap 7336 - Trading time: 00:00:14
06-09-2025 11:55:24.823 INFO Current price: 0.000000036107 - Current percentage: 8.39% - Max: 9.03% - Min: -0.13% - Market Cap 7336 - Trading time: 00:00:14
06-09-2025 11:55:24.824 INFO Current price: 0.000000036106 - Current percentage: 8.39% - Max: 9.03% - Min: -0.13% - Market Cap 7336 - Trading time: 00:00:14
06-09-2025 11:55:26.043 INFO Current price: 0.000000036313 - Current percentage: 9.63% - Max: 9.63% - Min: -0.13% - Market Cap 7420 - Trading time: 00:00:15
06-09-2025 11:55:27.023 INFO Current price: 0.000000036542 - Current percentage: 9.76% - Max: 9.76% - Min: -0.13% - Market Cap 7429 - Trading time: 00:00:16
06-09-2025 11:55:29.778 INFO Current price: 0.000000036563 - Current percentage: 9.76% - Max: 9.76% - Min: -0.13% - Market Cap 7428 - Trading time: 00:00:19
06-09-2025 11:55:29.793 INFO Current price: 0.000000036563 - Current percentage: 9.76% - Max: 9.76% - Min: -0.13% - Market Cap 7428 - Trading time: 00:00:19
06-09-2025 11:55:29.795 INFO Current price: 0.000000036563 - Current percentage: 9.76% - Max: 9.76% - Min: -0.13% - Market Cap 7428 - Trading time: 00:00:19
06-09-2025 11:55:29.799 INFO Current price: 0.000000036562 - Current percentage: 9.76% - Max: 9.76% - Min: -0.13% - Market Cap 7428 - Trading time: 00:00:19
06-09-2025 11:55:29.806 INFO Current price: 0.000000036562 - Current percentage: 9.75% - Max: 9.76% - Min: -0.13% - Market Cap 7428 - Trading time: 00:00:19
06-09-2025 11:55:29.806 INFO Current price: 0.000000036562 - Current percentage: 9.75% - Max: 9.76% - Min: -0.13% - Market Cap 7428 - Trading time: 00:00:19
06-09-2025 11:55:29.806 INFO Current price: 0.000000036561 - Current percentage: 9.75% - Max: 9.76% - Min: -0.13% - Market Cap 7428 - Trading time: 00:00:19
06-09-2025 11:55:29.806 INFO Current price: 0.000000036561 - Current percentage: 9.75% - Max: 9.76% - Min: -0.13% - Market Cap 7428 - Trading time: 00:00:19
06-09-2025 11:55:29.807 INFO Current price: 0.000000036561 - Current percentage: 9.75% - Max: 9.76% - Min: -0.13% - Market Cap 7428 - Trading time: 00:00:19
06-09-2025 11:55:29.848 INFO Current price: 0.000000036560 - Current percentage: 9.75% - Max: 9.76% - Min: -0.13% - Market Cap 7428 - Trading time: 00:00:19
06-09-2025 11:55:44.979 INFO Current price: 0.000000036351 - Current percentage: 8.50% - Max: 9.76% - Min: -0.13% - Market Cap 7343 - Trading time: 00:00:34
06-09-2025 11:55:49.041 INFO Current price: 0.000000036118 - Current percentage: 8.34% - Max: 9.76% - Min: -0.13% - Market Cap 7333 - Trading time: 00:00:38
06-09-2025 11:55:49.640 INFO Current price: 0.000000034936 - Current percentage: 1.51% - Max: 9.76% - Min: -0.13% - Market Cap 6871 - Trading time: 00:00:39
06-09-2025 11:55:49.640 INFO Current price: 0.000000032451 - Current percentage: -6.52% - Max: 9.76% - Min: -6.52% - Market Cap 6327 - Trading time: 00:00:39
06-09-2025 11:55:50.142 INFO Current price: 0.000000031124 - Current percentage: -6.62% - Max: 9.76% - Min: -6.62% - Market Cap 6320 - Trading time: 00:00:39
06-09-2025 11:55:51.864 INFO Current price: 0.000000030474 - Current percentage: -10.39% - Max: 9.76% - Min: -10.39% - Market Cap 6065 - Trading time: 00:00:41
06-09-2025 11:55:51.866 INFO Current price: 0.000000029260 - Current percentage: -13.91% - Max: 9.76% - Min: -13.91% - Market Cap 5827 - Trading time: 00:00:41
06-09-2025 11:55:52.157 INFO Current price: 0.000000028679 - Current percentage: -13.91% - Max: 9.76% - Min: -13.91% - Market Cap 5827 - Trading time: 00:00:41






06-09-2025 12:05:52.158 INFO {"type":"summary","reason":"inactivity","startedAt":"2025-09-06T09:55:10.202Z","endedAt":"2025-09-06T10:05:52.158Z","durationSec":641,"entryPrice":3.411721728728114e-8,"entryMarketCapSol":33.3123421169452,"entryMarketCapUsd":6768.068547899757,"minPct":-13.906845874476623,"maxPct":9.758802634578338,"buyCount":15,"sellCount":40,"tradeCount":55,"entryRecorded":true,"noPostThresholdTrades":false,"triggerAt":"2025-09-06T09:55:10.201Z","ageAtTriggerSec":7,"preTotalTrades":14,"preBuys":10,"preSells":4,"preUniqueTraders":12,"preEntryTotalTrades":14,"preEntryBuys":10,"preEntrySells":4,"preEntryUniqueTraders":12,"preEntryMinMcUsd":6373.617527313185,"preEntryMaxMcUsd":7396.292339081511,"thresholdMcSol":33.3123421169452,"thresholdMcUsd":6768.068547899757,"thresholdPrice":3.411721728728114e-8}
