05-09-2025 23:48:00.829 INFO Entry price: 0.000000031859457531 - Entry market cap: 6412 - Buys 442 - Sells 238 - Ratio: 1:0.54 - Min MarketCap: 6595 - Max MarketCap: 60054
05-09-2025 23:48:00.829 INFO Current price: 0.000000031859 - Current percentage: 0.00% - Max: 0.00% - Min: 0.00% - Market Cap 6412 - Trading time: 00:00:01
05-09-2025 23:48:01.611 INFO Current price: 0.000000030666 - Current percentage: -4.71% - Max: 0.00% - Min: -4.71% - Market Cap 6110 - Trading time: 00:00:02
05-09-2025 23:48:02.502 INFO Current price: 0.000000029910 - Current percentage: -4.87% - Max: 0.00% - Min: -4.87% - Market Cap 6100 - Trading time: 00:00:03
05-09-2025 23:48:04.899 INFO Current price: 0.000000029874 - Current percentage: -4.94% - Max: 0.00% - Min: -4.94% - Market Cap 6095 - Trading time: 00:00:06
05-09-2025 23:48:07.924 INFO Current price: 0.000000029852 - Current percentage: -5.01% - Max: 0.00% - Min: -5.01% - Market Cap 6091 - Trading time: 00:00:09
05-09-2025 23:48:12.225 INFO Current price: 0.000000029829 - Current percentage: -5.09% - Max: 0.00% - Min: -5.09% - Market Cap 6086 - Trading time: 00:00:13
05-09-2025 23:48:13.263 INFO Current price: 0.000000029807 - Current percentage: -5.15% - Max: 0.00% - Min: -5.15% - Market Cap 6082 - Trading time: 00:00:14
05-09-2025 23:48:14.497 INFO Current price: 0.000000029796 - Current percentage: -5.16% - Max: 0.00% - Min: -5.16% - Market Cap 6081 - Trading time: 00:00:15
05-09-2025 23:48:22.570 INFO Current price: 0.000000029792 - Current percentage: -5.17% - Max: 0.00% - Min: -5.17% - Market Cap 6080 - Trading time: 00:00:23
05-09-2025 23:48:24.126 INFO Current price: 0.000000029768 - Current percentage: -5.31% - Max: 0.00% - Min: -5.31% - Market Cap 6072 - Trading time: 00:00:25
05-09-2025 23:48:27.665 INFO Current price: 0.000000029744 - Current percentage: -5.33% - Max: 0.00% - Min: -5.33% - Market Cap 6070 - Trading time: 00:00:28
05-09-2025 23:48:28.656 INFO Current price: 0.000000029538 - Current percentage: -6.04% - Max: 0.00% - Min: -6.04% - Market Cap 6025 - Trading time: 00:00:29
05-09-2025 23:48:29.968 INFO Current price: 0.000000029469 - Current percentage: -6.35% - Max: 0.00% - Min: -6.35% - Market Cap 6005 - Trading time: 00:00:31
05-09-2025 23:48:57.525 INFO Current price: 0.000000029416 - Current percentage: -6.38% - Max: 0.00% - Min: -6.38% - Market Cap 6003 - Trading time: 00:00:58
05-09-2025 23:48:57.591 INFO Current price: 0.000000029406 - Current percentage: -6.41% - Max: 0.00% - Min: -6.41% - Market Cap 6001 - Trading time: 00:00:58
05-09-2025 23:48:59.853 INFO Current price: 0.000000029135 - Current percentage: -8.10% - Max: 0.00% - Min: -8.10% - Market Cap 5893 - Trading time: 00:01:01
05-09-2025 23:49:28.545 INFO Current price: 0.000000028863 - Current percentage: -8.15% - Max: 0.00% - Min: -8.15% - Market Cap 5889 - Trading time: 00:01:29
05-09-2025 23:49:30.731 INFO Current price: 0.000000029508 - Current percentage: -3.94% - Max: 0.00% - Min: -8.15% - Market Cap 6159 - Trading time: 00:01:31
05-09-2025 23:49:31.242 INFO Current price: 0.000000030655 - Current percentage: -0.87% - Max: 0.00% - Min: -8.15% - Market Cap 6356 - Trading time: 00:01:32
05-09-2025 23:49:35.667 INFO Current price: 0.000000031142 - Current percentage: -0.87% - Max: 0.00% - Min: -8.15% - Market Cap 6357 - Trading time: 00:01:36
05-09-2025 23:49:58.343 INFO Current price: 0.000000032114 - Current percentage: 5.41% - Max: 5.41% - Min: -8.15% - Market Cap 6759 - Trading time: 00:01:59
05-09-2025 23:50:03.750 INFO Current price: 0.000000033002 - Current percentage: 4.69% - Max: 5.41% - Min: -8.15% - Market Cap 6713 - Trading time: 00:02:04
05-09-2025 23:50:05.420 INFO Current price: 0.000000032876 - Current percentage: 4.61% - Max: 5.41% - Min: -8.15% - Market Cap 6708 - Trading time: 00:02:06
05-09-2025 23:50:07.899 INFO Current price: 0.000000032851 - Current percentage: 4.53% - Max: 5.41% - Min: -8.15% - Market Cap 6702 - Trading time: 00:02:09
05-09-2025 23:50:13.988 INFO Current price: 0.000000033037 - Current percentage: 5.80% - Max: 5.80% - Min: -8.15% - Market Cap 6784 - Trading time: 00:02:15
05-09-2025 23:50:18.871 INFO Current price: 0.000000034140 - Current percentage: 11.62% - Max: 11.62% - Min: -8.15% - Market Cap 7158 - Trading time: 00:02:20
05-09-2025 23:50:24.856 INFO Current price: 0.000000032482 - Current percentage: -4.23% - Max: 11.62% - Min: -8.15% - Market Cap 6141 - Trading time: 00:02:26
05-09-2025 23:50:26.152 INFO Current price: 0.000000031537 - Current percentage: 5.23% - Max: 11.62% - Min: -8.15% - Market Cap 6747 - Trading time: 00:02:27
05-09-2025 23:50:42.834 INFO Current price: 0.000000033562 - Current percentage: 8.44% - Max: 11.62% - Min: -8.15% - Market Cap 6953 - Trading time: 00:02:44
05-09-2025 23:50:55.750 INFO Current price: 0.000000034268 - Current percentage: 9.08% - Max: 11.62% - Min: -8.15% - Market Cap 6995 - Trading time: 00:02:56
05-09-2025 23:51:40.469 INFO Current price: 0.000000031019 - Current percentage: -5.77% - Max: 11.62% - Min: -8.15% - Market Cap 6042 - Trading time: 00:03:41
05-09-2025 23:52:01.376 INFO Current price: 0.000000029594 - Current percentage: -5.83% - Max: 11.62% - Min: -8.15% - Market Cap 6038 - Trading time: 00:04:02
05-09-2025 23:52:11.906 INFO Current price: 0.000000029589 - Current percentage: -5.80% - Max: 11.62% - Min: -8.15% - Market Cap 6040 - Trading time: 00:04:13






05-09-2025 23:52:58.830 INFO {"type":"summary","reason":"max_window","startedAt":"2025-09-05T21:47:58.830Z","endedAt":"2025-09-05T21:52:58.830Z","durationSec":300,"entryPrice":3.1859457531076196e-8,"entryMarketCapSol":31.415099223868136,"entryMarketCapUsd":6412.1359025837255,"minPct":-8.153668064471441,"maxPct":11.624636420538978,"buyCount":10,"sellCount":22,"tradeCount":32,"entryRecorded":true,"noPostThresholdTrades":false,"triggerAt":"2025-09-05T21:47:58.830Z","ageAtTriggerSec":977,"preTotalTrades":680,"preBuys":442,"preSells":238,"preUniqueTraders":343,"preEntryTotalTrades":680,"preEntryBuys":442,"preEntrySells":238,"preEntryUniqueTraders":343,"preEntryMinMcUsd":6594.81475388609,"preEntryMaxMcUsd":60053.946890359606,"thresholdMcSol":31.415099223868136,"thresholdMcUsd":6412.1359025837255,"thresholdPrice":3.1859457531076196e-8}
