06-09-2025 02:31:04.954 INFO Entry price: 0.000000040691380267 - Entry market cap: 7730 - Buys 25 - Sells 10 - Ratio: 1:0.40 - Min MarketCap: 7410 - Max MarketCap: 10109
06-09-2025 02:31:04.954 INFO Current price: 0.000000040691 - Current percentage: 0.00% - Max: 0.00% - Min: 0.00% - Market Cap 7730 - Trading time: 00:00:02
06-09-2025 02:31:05.286 INFO Current price: 0.000000047952 - Current percentage: 26.82% - Max: 26.82% - Min: 0.00% - Market Cap 9803 - Trading time: 00:00:02
06-09-2025 02:31:05.379 INFO Current price: 0.000000048191 - Current percentage: 27.46% - Max: 27.46% - Min: 0.00% - Market Cap 9852 - Trading time: 00:00:02
06-09-2025 02:31:05.497 INFO Current price: 0.000000047647 - Current percentage: 23.97% - Max: 27.46% - Min: 0.00% - Market Cap 9583 - Trading time: 00:00:02
06-09-2025 02:31:05.570 INFO Current price: 0.000000047003 - Current percentage: 24.04% - Max: 27.46% - Min: 0.00% - Market Cap 9588 - Trading time: 00:00:02
06-09-2025 02:31:06.015 INFO Current price: 0.000000044278 - Current percentage: 10.02% - Max: 27.46% - Min: 0.00% - Market Cap 8504 - Trading time: 00:00:03
06-09-2025 02:31:06.023 INFO Current price: 0.000000039715 - Current percentage: -0.21% - Max: 27.46% - Min: -0.21% - Market Cap 7713 - Trading time: 00:00:03
06-09-2025 02:31:06.023 INFO Current price: 0.000000036139 - Current percentage: -8.90% - Max: 27.46% - Min: -8.90% - Market Cap 7042 - Trading time: 00:00:03
06-09-2025 02:31:06.145 INFO Current price: 0.000000034127 - Current percentage: -11.01% - Max: 27.46% - Min: -11.01% - Market Cap 6878 - Trading time: 00:00:03
06-09-2025 02:31:06.479 INFO Current price: 0.000000033804 - Current percentage: -10.62% - Max: 27.46% - Min: -11.01% - Market Cap 6909 - Trading time: 00:00:03
06-09-2025 02:31:07.457 INFO Current price: 0.000000034030 - Current percentage: -9.82% - Max: 27.46% - Min: -11.01% - Market Cap 6971 - Trading time: 00:00:04
06-09-2025 02:31:07.656 INFO Current price: 0.000000034685 - Current percentage: -7.14% - Max: 27.46% - Min: -11.01% - Market Cap 7178 - Trading time: 00:00:04
06-09-2025 02:31:08.047 INFO Current price: 0.000000035298 - Current percentage: -6.60% - Max: 27.46% - Min: -11.01% - Market Cap 7219 - Trading time: 00:00:05
06-09-2025 02:31:08.758 INFO Current price: 0.000000035505 - Current percentage: -6.06% - Max: 27.46% - Min: -11.01% - Market Cap 7262 - Trading time: 00:00:05
06-09-2025 02:31:08.814 INFO Current price: 0.000000035619 - Current percentage: -6.00% - Max: 27.46% - Min: -11.01% - Market Cap 7266 - Trading time: 00:00:05
06-09-2025 02:31:09.270 INFO Current price: 0.000000036566 - Current percentage: -0.99% - Max: 27.46% - Min: -11.01% - Market Cap 7653 - Trading time: 00:00:06
06-09-2025 02:31:09.276 INFO Current price: 0.000000038599 - Current percentage: 4.74% - Max: 27.46% - Min: -11.01% - Market Cap 8096 - Trading time: 00:00:06
06-09-2025 02:31:09.278 INFO Current price: 0.000000040867 - Current percentage: 10.99% - Max: 27.46% - Min: -11.01% - Market Cap 8579 - Trading time: 00:00:06
06-09-2025 02:31:09.318 INFO Current price: 0.000000042610 - Current percentage: 13.86% - Max: 27.46% - Min: -11.01% - Market Cap 8801 - Trading time: 00:00:06
06-09-2025 02:31:09.392 INFO Current price: 0.000000043397 - Current percentage: 15.12% - Max: 27.46% - Min: -11.01% - Market Cap 8899 - Trading time: 00:00:06
06-09-2025 02:31:09.434 INFO Current price: 0.000000043526 - Current percentage: 14.54% - Max: 27.46% - Min: -11.01% - Market Cap 8854 - Trading time: 00:00:06
06-09-2025 02:31:09.746 INFO Current price: 0.000000043308 - Current percentage: 13.97% - Max: 27.46% - Min: -11.01% - Market Cap 8810 - Trading time: 00:00:06
06-09-2025 02:31:09.963 INFO Current price: 0.000000042506 - Current percentage: 10.34% - Max: 27.46% - Min: -11.01% - Market Cap 8529 - Trading time: 00:00:07
06-09-2025 02:31:09.972 INFO Current price: 0.000000041835 - Current percentage: 10.34% - Max: 27.46% - Min: -11.01% - Market Cap 8529 - Trading time: 00:00:07
06-09-2025 02:31:09.976 INFO Current price: 0.000000041816 - Current percentage: 10.34% - Max: 27.46% - Min: -11.01% - Market Cap 8529 - Trading time: 00:00:07
06-09-2025 02:31:10.059 INFO Current price: 0.000000041692 - Current percentage: 9.65% - Max: 27.46% - Min: -11.01% - Market Cap 8475 - Trading time: 00:00:07
06-09-2025 02:31:10.435 INFO Current price: 0.000000041560 - Current percentage: 9.64% - Max: 27.46% - Min: -11.01% - Market Cap 8475 - Trading time: 00:00:07
06-09-2025 02:31:10.468 INFO Current price: 0.000000040755 - Current percentage: 5.44% - Max: 27.46% - Min: -11.01% - Market Cap 8150 - Trading time: 00:00:07
06-09-2025 02:31:10.811 INFO Current price: 0.000000041054 - Current percentage: 11.26% - Max: 27.46% - Min: -11.01% - Market Cap 8600 - Trading time: 00:00:07
06-09-2025 02:31:11.467 INFO Current price: 0.000000042403 - Current percentage: 12.48% - Max: 27.46% - Min: -11.01% - Market Cap 8694 - Trading time: 00:00:08
06-09-2025 02:31:11.771 INFO Current price: 0.000000042861 - Current percentage: 13.68% - Max: 27.46% - Min: -11.01% - Market Cap 8787 - Trading time: 00:00:08
06-09-2025 02:31:11.881 INFO Current price: 0.000000043147 - Current percentage: 13.98% - Max: 27.46% - Min: -11.01% - Market Cap 8811 - Trading time: 00:00:08
06-09-2025 02:31:11.920 INFO Current price: 0.000000043190 - Current percentage: 13.91% - Max: 27.46% - Min: -11.01% - Market Cap 8805 - Trading time: 00:00:08
06-09-2025 02:31:12.125 INFO Current price: 0.000000043233 - Current percentage: 14.21% - Max: 27.46% - Min: -11.01% - Market Cap 8828 - Trading time: 00:00:09
06-09-2025 02:31:12.185 INFO Current price: 0.000000043516 - Current percentage: 15.41% - Max: 27.46% - Min: -11.01% - Market Cap 8921 - Trading time: 00:00:09
06-09-2025 02:31:12.482 INFO Current price: 0.000000043858 - Current percentage: 16.01% - Max: 27.46% - Min: -11.01% - Market Cap 8967 - Trading time: 00:00:09
06-09-2025 02:31:12.891 INFO Current price: 0.000000043752 - Current percentage: 14.85% - Max: 27.46% - Min: -11.01% - Market Cap 8878 - Trading time: 00:00:09
06-09-2025 02:31:13.322 INFO Current price: 0.000000043589 - Current percentage: 15.14% - Max: 27.46% - Min: -11.01% - Market Cap 8900 - Trading time: 00:00:10
06-09-2025 02:31:14.276 INFO Current price: 0.000000043418 - Current percentage: 13.95% - Max: 27.46% - Min: -11.01% - Market Cap 8808 - Trading time: 00:00:11
06-09-2025 02:31:14.879 INFO Current price: 0.000000040673 - Current percentage: 1.05% - Max: 27.46% - Min: -11.01% - Market Cap 7811 - Trading time: 00:00:11
06-09-2025 02:31:14.931 INFO Current price: 0.000000037959 - Current percentage: -0.75% - Max: 27.46% - Min: -11.01% - Market Cap 7672 - Trading time: 00:00:11
06-09-2025 02:31:14.980 INFO Current price: 0.000000037172 - Current percentage: -3.10% - Max: 27.46% - Min: -11.01% - Market Cap 7490 - Trading time: 00:00:12
06-09-2025 02:31:15.052 INFO Current price: 0.000000036686 - Current percentage: -3.33% - Max: 27.46% - Min: -11.01% - Market Cap 7472 - Trading time: 00:00:12
06-09-2025 02:31:16.052 INFO Current price: 0.000000036746 - Current percentage: -2.78% - Max: 27.46% - Min: -11.01% - Market Cap 7515 - Trading time: 00:00:13
06-09-2025 02:31:16.914 INFO Current price: 0.000000036903 - Current percentage: -2.50% - Max: 27.46% - Min: -11.01% - Market Cap 7536 - Trading time: 00:00:13
06-09-2025 02:31:17.888 INFO Current price: 0.000000038003 - Current percentage: 3.10% - Max: 27.46% - Min: -11.01% - Market Cap 7970 - Trading time: 00:00:14
06-09-2025 02:31:18.781 INFO Current price: 0.000000039619 - Current percentage: 5.96% - Max: 27.46% - Min: -11.01% - Market Cap 8191 - Trading time: 00:00:15
06-09-2025 02:31:18.936 INFO Current price: 0.000000040193 - Current percentage: 6.11% - Max: 27.46% - Min: -11.01% - Market Cap 8202 - Trading time: 00:00:15
06-09-2025 02:31:19.611 INFO Current price: 0.000000040493 - Current percentage: 7.56% - Max: 27.46% - Min: -11.01% - Market Cap 8314 - Trading time: 00:00:16
06-09-2025 02:31:20.248 INFO Current price: 0.000000040911 - Current percentage: 8.31% - Max: 27.46% - Min: -11.01% - Market Cap 8372 - Trading time: 00:00:17
06-09-2025 02:31:20.751 INFO Current price: 0.000000041166 - Current percentage: 8.90% - Max: 27.46% - Min: -11.01% - Market Cap 8418 - Trading time: 00:00:17
06-09-2025 02:31:20.975 INFO Current price: 0.000000040709 - Current percentage: 5.92% - Max: 27.46% - Min: -11.01% - Market Cap 8187 - Trading time: 00:00:18
06-09-2025 02:31:22.625 INFO Current price: 0.000000040142 - Current percentage: 5.92% - Max: 27.46% - Min: -11.01% - Market Cap 8187 - Trading time: 00:00:19
06-09-2025 02:31:22.823 INFO Current price: 0.000000040152 - Current percentage: 5.94% - Max: 27.46% - Min: -11.01% - Market Cap 8189 - Trading time: 00:00:19
06-09-2025 02:31:25.300 INFO Current price: 0.000000040173 - Current percentage: 5.94% - Max: 27.46% - Min: -11.01% - Market Cap 8189 - Trading time: 00:00:22
06-09-2025 02:31:27.646 INFO Current price: 0.000000040036 - Current percentage: 5.31% - Max: 27.46% - Min: -11.01% - Market Cap 8140 - Trading time: 00:00:24
06-09-2025 02:31:28.071 INFO Current price: 0.000000040026 - Current percentage: 5.89% - Max: 27.46% - Min: -11.01% - Market Cap 8185 - Trading time: 00:00:25
06-09-2025 02:31:28.471 INFO Current price: 0.000000040036 - Current percentage: 5.36% - Max: 27.46% - Min: -11.01% - Market Cap 8144 - Trading time: 00:00:25
06-09-2025 02:31:30.134 INFO Current price: 0.000000039980 - Current percentage: 5.59% - Max: 27.46% - Min: -11.01% - Market Cap 8162 - Trading time: 00:00:27
06-09-2025 02:31:34.851 INFO Current price: 0.000000039903 - Current percentage: 4.67% - Max: 27.46% - Min: -11.01% - Market Cap 8091 - Trading time: 00:00:31
06-09-2025 02:31:35.251 INFO Current price: 0.000000039466 - Current percentage: 3.58% - Max: 27.46% - Min: -11.01% - Market Cap 8006 - Trading time: 00:00:32
06-09-2025 02:31:35.845 INFO Current price: 0.000000038175 - Current percentage: -2.07% - Max: 27.46% - Min: -11.01% - Market Cap 7570 - Trading time: 00:00:32
06-09-2025 02:31:35.898 INFO Current price: 0.000000036195 - Current percentage: -6.89% - Max: 27.46% - Min: -11.01% - Market Cap 7197 - Trading time: 00:00:32
06-09-2025 02:31:37.330 INFO Current price: 0.000000035178 - Current percentage: -7.49% - Max: 27.46% - Min: -11.01% - Market Cap 7151 - Trading time: 00:00:34
06-09-2025 02:31:38.674 INFO Current price: 0.000000035056 - Current percentage: -7.53% - Max: 27.46% - Min: -11.01% - Market Cap 7147 - Trading time: 00:00:35
06-09-2025 02:31:39.766 INFO Current price: 0.000000034132 - Current percentage: -12.30% - Max: 27.46% - Min: -12.30% - Market Cap 6779 - Trading time: 00:00:36
06-09-2025 02:31:39.773 INFO Current price: 0.000000032437 - Current percentage: -16.49% - Max: 27.46% - Min: -16.49% - Market Cap 6455 - Trading time: 00:00:36
06-09-2025 02:31:39.777 INFO Current price: 0.000000030867 - Current percentage: -20.59% - Max: 27.46% - Min: -20.59% - Market Cap 6138 - Trading time: 00:00:36
06-09-2025 02:31:40.493 INFO Current price: 0.000000030083 - Current percentage: -20.68% - Max: 27.46% - Min: -20.68% - Market Cap 6131 - Trading time: 00:00:37
06-09-2025 02:31:41.786 INFO Current price: 0.000000030027 - Current percentage: -20.88% - Max: 27.46% - Min: -20.88% - Market Cap 6116 - Trading time: 00:00:38
06-09-2025 02:31:41.864 INFO Current price: 0.000000029852 - Current percentage: -21.60% - Max: 27.46% - Min: -21.60% - Market Cap 6060 - Trading time: 00:00:38
06-09-2025 02:31:42.234 INFO Current price: 0.000000029684 - Current percentage: -21.77% - Max: 27.46% - Min: -21.77% - Market Cap 6047 - Trading time: 00:00:39
06-09-2025 02:31:43.308 INFO Current price: 0.000000029619 - Current percentage: -21.94% - Max: 27.46% - Min: -21.94% - Market Cap 6034 - Trading time: 00:00:40
06-09-2025 02:31:46.612 INFO Current price: 0.000000029460 - Current percentage: -22.61% - Max: 27.46% - Min: -22.61% - Market Cap 5982 - Trading time: 00:00:43
06-09-2025 02:31:47.471 INFO Current price: 0.000000029331 - Current percentage: -22.62% - Max: 27.46% - Min: -22.62% - Market Cap 5981 - Trading time: 00:00:44
06-09-2025 02:31:54.541 INFO Current price: 0.000000029330 - Current percentage: -22.62% - Max: 27.46% - Min: -22.62% - Market Cap 5981 - Trading time: 00:00:51
06-09-2025 02:31:55.475 INFO Current price: 0.000000029298 - Current percentage: -22.79% - Max: 27.46% - Min: -22.79% - Market Cap 5969 - Trading time: 00:00:52
06-09-2025 02:31:56.587 INFO Current price: 0.000000029211 - Current percentage: -23.08% - Max: 27.46% - Min: -23.08% - Market Cap 5946 - Trading time: 00:00:53
06-09-2025 02:31:58.411 INFO Current price: 0.000000029027 - Current percentage: -23.75% - Max: 27.46% - Min: -23.75% - Market Cap 5894 - Trading time: 00:00:55
06-09-2025 02:31:58.953 INFO Current price: 0.000000028845 - Current percentage: -24.05% - Max: 27.46% - Min: -24.05% - Market Cap 5871 - Trading time: 00:00:55
06-09-2025 02:32:01.235 INFO Current price: 0.000000028713 - Current percentage: -24.27% - Max: 27.46% - Min: -24.27% - Market Cap 5854 - Trading time: 00:00:58
06-09-2025 02:32:16.910 INFO Current price: 0.000000028541 - Current percentage: -25.13% - Max: 27.46% - Min: -25.13% - Market Cap 5787 - Trading time: 00:01:13
06-09-2025 02:32:32.565 INFO Current price: 0.000000028258 - Current percentage: -25.77% - Max: 27.46% - Min: -25.77% - Market Cap 5738 - Trading time: 00:01:29
06-09-2025 02:32:36.133 INFO Current price: 0.000000028074 - Current percentage: -26.10% - Max: 27.46% - Min: -26.10% - Market Cap 5712 - Trading time: 00:01:33
06-09-2025 02:32:56.675 INFO Current price: 0.000000027985 - Current percentage: -26.24% - Max: 27.46% - Min: -26.24% - Market Cap 5702 - Trading time: 00:01:53






06-09-2025 02:34:56.674 INFO {"type":"summary","reason":"inactivity","startedAt":"2025-09-06T00:31:02.954Z","endedAt":"2025-09-06T00:34:56.674Z","durationSec":233,"entryPrice":4.0691380266542097e-8,"entryMarketCapSol":37.904377381040256,"entryMarketCapUsd":7729.83967931554,"minPct":-26.238088030909264,"maxPct":27.455056427062345,"buyCount":39,"sellCount":51,"tradeCount":90,"entryRecorded":true,"noPostThresholdTrades":false,"triggerAt":"2025-09-06T00:31:02.954Z","ageAtTriggerSec":13,"preTotalTrades":29,"preBuys":21,"preSells":8,"preUniqueTraders":19,"preEntryTotalTrades":35,"preEntryBuys":25,"preEntrySells":10,"preEntryUniqueTraders":23,"preEntryMinMcUsd":7410.2898563322815,"preEntryMaxMcUsd":10108.940398077886,"thresholdMcSol":37.904377381040256,"thresholdMcUsd":7729.83967931554,"thresholdPrice":4.0691380266542097e-8}
