06-09-2025 13:02:18.654 INFO Entry price: 0.000000034101046806 - Entry market cap: 6676 - Buys 15 - Sells 9 - Ratio: 1:0.60 - Min MarketCap: 6277 - Max MarketCap: 7316
06-09-2025 13:02:18.654 INFO Current price: 0.000000034101 - Current percentage: 0.00% - Max: 0.00% - Min: 0.00% - Market Cap 6676 - Trading time: 00:00:02
06-09-2025 13:02:20.178 INFO Current price: 0.000000032447 - Current percentage: -1.40% - Max: 0.00% - Min: -1.40% - Market Cap 6582 - Trading time: 00:00:03
06-09-2025 13:02:21.108 INFO Current price: 0.000000032933 - Current percentage: 1.57% - Max: 1.57% - Min: -1.40% - Market Cap 6781 - Trading time: 00:00:04
06-09-2025 13:02:21.110 INFO Current price: 0.000000033929 - Current percentage: 4.66% - Max: 4.66% - Min: -1.40% - Market Cap 6987 - Trading time: 00:00:04
06-09-2025 13:02:21.200 INFO Current price: 0.000000034310 - Current percentage: 3.87% - Max: 4.66% - Min: -1.40% - Market Cap 6934 - Trading time: 00:00:04
06-09-2025 13:02:21.423 INFO Current price: 0.000000034189 - Current percentage: 3.92% - Max: 4.66% - Min: -1.40% - Market Cap 6937 - Trading time: 00:00:04
06-09-2025 13:02:21.433 INFO Current price: 0.000000034198 - Current percentage: 3.92% - Max: 4.66% - Min: -1.40% - Market Cap 6937 - Trading time: 00:00:04
06-09-2025 13:02:21.440 INFO Current price: 0.000000034206 - Current percentage: 3.97% - Max: 4.66% - Min: -1.40% - Market Cap 6941 - Trading time: 00:00:04
06-09-2025 13:02:21.440 INFO Current price: 0.000000034215 - Current percentage: 3.97% - Max: 4.66% - Min: -1.40% - Market Cap 6941 - Trading time: 00:00:04
06-09-2025 13:02:21.440 INFO Current price: 0.000000034216 - Current percentage: 3.98% - Max: 4.66% - Min: -1.40% - Market Cap 6941 - Trading time: 00:00:04
06-09-2025 13:02:21.440 INFO Current price: 0.000000034217 - Current percentage: 3.98% - Max: 4.66% - Min: -1.40% - Market Cap 6941 - Trading time: 00:00:04
06-09-2025 13:02:21.447 INFO Current price: 0.000000034218 - Current percentage: 3.98% - Max: 4.66% - Min: -1.40% - Market Cap 6941 - Trading time: 00:00:04
06-09-2025 13:02:21.660 INFO Current price: 0.000000034219 - Current percentage: 3.99% - Max: 4.66% - Min: -1.40% - Market Cap 6942 - Trading time: 00:00:05
06-09-2025 13:02:21.872 INFO Current price: 0.000000034556 - Current percentage: 6.04% - Max: 6.04% - Min: -1.40% - Market Cap 7079 - Trading time: 00:00:05
06-09-2025 13:02:21.876 INFO Current price: 0.000000035269 - Current percentage: 8.32% - Max: 8.32% - Min: -1.40% - Market Cap 7231 - Trading time: 00:00:05
06-09-2025 13:02:21.986 INFO Current price: 0.000000035646 - Current percentage: 8.32% - Max: 8.32% - Min: -1.40% - Market Cap 7231 - Trading time: 00:00:05
06-09-2025 13:02:21.991 INFO Current price: 0.000000035646 - Current percentage: 8.32% - Max: 8.32% - Min: -1.40% - Market Cap 7231 - Trading time: 00:00:05
06-09-2025 13:02:23.376 INFO Current price: 0.000000035647 - Current percentage: 8.32% - Max: 8.32% - Min: -1.40% - Market Cap 7231 - Trading time: 00:00:06
06-09-2025 13:02:24.754 INFO Current price: 0.000000036367 - Current percentage: 12.75% - Max: 12.75% - Min: -1.40% - Market Cap 7526 - Trading time: 00:00:08
06-09-2025 13:02:27.018 INFO Current price: 0.000000037102 - Current percentage: 12.74% - Max: 12.75% - Min: -1.40% - Market Cap 7526 - Trading time: 00:00:10
06-09-2025 13:02:27.019 INFO Current price: 0.000000037098 - Current percentage: 12.73% - Max: 12.75% - Min: -1.40% - Market Cap 7525 - Trading time: 00:00:10
06-09-2025 13:02:27.021 INFO Current price: 0.000000037095 - Current percentage: 12.72% - Max: 12.75% - Min: -1.40% - Market Cap 7525 - Trading time: 00:00:10
06-09-2025 13:02:27.021 INFO Current price: 0.000000037095 - Current percentage: 12.72% - Max: 12.75% - Min: -1.40% - Market Cap 7525 - Trading time: 00:00:10
06-09-2025 13:02:27.023 INFO Current price: 0.000000037094 - Current percentage: 12.72% - Max: 12.75% - Min: -1.40% - Market Cap 7525 - Trading time: 00:00:10
06-09-2025 13:02:27.026 INFO Current price: 0.000000037094 - Current percentage: 12.72% - Max: 12.75% - Min: -1.40% - Market Cap 7525 - Trading time: 00:00:10
06-09-2025 13:02:27.028 INFO Current price: 0.000000037094 - Current percentage: 12.72% - Max: 12.75% - Min: -1.40% - Market Cap 7525 - Trading time: 00:00:10
06-09-2025 13:02:27.529 INFO Current price: 0.000000037093 - Current percentage: 12.72% - Max: 12.75% - Min: -1.40% - Market Cap 7525 - Trading time: 00:00:10
06-09-2025 13:02:27.891 INFO Current price: 0.000000037090 - Current percentage: 12.70% - Max: 12.75% - Min: -1.40% - Market Cap 7523 - Trading time: 00:00:11
06-09-2025 13:02:27.895 INFO Current price: 0.000000037087 - Current percentage: 12.70% - Max: 12.75% - Min: -1.40% - Market Cap 7523 - Trading time: 00:00:11
06-09-2025 13:02:30.877 INFO Current price: 0.000000037839 - Current percentage: 17.32% - Max: 17.32% - Min: -1.40% - Market Cap 7832 - Trading time: 00:00:14
06-09-2025 13:02:30.939 INFO Current price: 0.000000039445 - Current percentage: 22.47% - Max: 22.47% - Min: -1.40% - Market Cap 8176 - Trading time: 00:00:14
06-09-2025 13:02:31.616 INFO Current price: 0.000000040302 - Current percentage: 22.47% - Max: 22.47% - Min: -1.40% - Market Cap 8176 - Trading time: 00:00:14
06-09-2025 13:02:31.623 INFO Current price: 0.000000040301 - Current percentage: 22.47% - Max: 22.47% - Min: -1.40% - Market Cap 8176 - Trading time: 00:00:14
06-09-2025 13:02:31.623 INFO Current price: 0.000000040298 - Current percentage: 22.45% - Max: 22.47% - Min: -1.40% - Market Cap 8174 - Trading time: 00:00:14
06-09-2025 13:02:31.645 INFO Current price: 0.000000040294 - Current percentage: 22.45% - Max: 22.47% - Min: -1.40% - Market Cap 8174 - Trading time: 00:00:14
06-09-2025 13:02:31.647 INFO Current price: 0.000000040290 - Current percentage: 22.42% - Max: 22.47% - Min: -1.40% - Market Cap 8173 - Trading time: 00:00:14
06-09-2025 13:02:31.649 INFO Current price: 0.000000040287 - Current percentage: 22.42% - Max: 22.47% - Min: -1.40% - Market Cap 8172 - Trading time: 00:00:14
06-09-2025 13:02:31.651 INFO Current price: 0.000000040286 - Current percentage: 22.42% - Max: 22.47% - Min: -1.40% - Market Cap 8172 - Trading time: 00:00:14
06-09-2025 13:02:31.733 INFO Current price: 0.000000040286 - Current percentage: 22.42% - Max: 22.47% - Min: -1.40% - Market Cap 8172 - Trading time: 00:00:15
06-09-2025 13:02:32.343 INFO Current price: 0.000000040285 - Current percentage: 22.42% - Max: 22.47% - Min: -1.40% - Market Cap 8172 - Trading time: 00:00:15
06-09-2025 13:02:33.176 INFO Current price: 0.000000040285 - Current percentage: 22.42% - Max: 22.47% - Min: -1.40% - Market Cap 8172 - Trading time: 00:00:16
06-09-2025 13:02:33.515 INFO Current price: 0.000000038631 - Current percentage: 12.58% - Max: 22.47% - Min: -1.40% - Market Cap 7515 - Trading time: 00:00:16
06-09-2025 13:02:36.594 INFO Current price: 0.000000037583 - Current percentage: 15.87% - Max: 22.47% - Min: -1.40% - Market Cap 7735 - Trading time: 00:00:19
06-09-2025 13:02:36.602 INFO Current price: 0.000000038647 - Current percentage: 19.04% - Max: 22.47% - Min: -1.40% - Market Cap 7947 - Trading time: 00:00:19
06-09-2025 13:02:36.635 INFO Current price: 0.000000039170 - Current percentage: 19.02% - Max: 22.47% - Min: -1.40% - Market Cap 7945 - Trading time: 00:00:19
06-09-2025 13:02:36.638 INFO Current price: 0.000000039167 - Current percentage: 19.02% - Max: 22.47% - Min: -1.40% - Market Cap 7945 - Trading time: 00:00:19
06-09-2025 13:02:36.638 INFO Current price: 0.000000039166 - Current percentage: 19.02% - Max: 22.47% - Min: -1.40% - Market Cap 7945 - Trading time: 00:00:19
06-09-2025 13:02:36.644 INFO Current price: 0.000000039166 - Current percentage: 19.02% - Max: 22.47% - Min: -1.40% - Market Cap 7945 - Trading time: 00:00:19
06-09-2025 13:02:36.646 INFO Current price: 0.000000039166 - Current percentage: 19.02% - Max: 22.47% - Min: -1.40% - Market Cap 7945 - Trading time: 00:00:19
06-09-2025 13:02:36.666 INFO Current price: 0.000000039165 - Current percentage: 19.02% - Max: 22.47% - Min: -1.40% - Market Cap 7945 - Trading time: 00:00:20
06-09-2025 13:02:36.669 INFO Current price: 0.000000039165 - Current percentage: 19.01% - Max: 22.47% - Min: -1.40% - Market Cap 7945 - Trading time: 00:00:20
06-09-2025 13:02:36.925 INFO Current price: 0.000000039161 - Current percentage: 18.99% - Max: 22.47% - Min: -1.40% - Market Cap 7944 - Trading time: 00:00:20
06-09-2025 13:02:37.824 INFO Current price: 0.000000039158 - Current percentage: 18.99% - Max: 22.47% - Min: -1.40% - Market Cap 7943 - Trading time: 00:00:21
06-09-2025 13:02:38.461 INFO Current price: 0.000000037712 - Current percentage: 10.37% - Max: 22.47% - Min: -1.40% - Market Cap 7368 - Trading time: 00:00:21
06-09-2025 13:02:39.082 INFO Current price: 0.000000036319 - Current percentage: 10.37% - Max: 22.47% - Min: -1.40% - Market Cap 7368 - Trading time: 00:00:22
06-09-2025 13:02:42.155 INFO Current price: 0.000000036861 - Current percentage: 13.69% - Max: 22.47% - Min: -1.40% - Market Cap 7589 - Trading time: 00:00:25
06-09-2025 13:02:42.160 INFO Current price: 0.000000037915 - Current percentage: 16.77% - Max: 22.47% - Min: -1.40% - Market Cap 7795 - Trading time: 00:00:25
06-09-2025 13:02:42.843 INFO Current price: 0.000000038789 - Current percentage: 18.99% - Max: 22.47% - Min: -1.40% - Market Cap 7943 - Trading time: 00:00:26
06-09-2025 13:02:42.848 INFO Current price: 0.000000039544 - Current percentage: 21.36% - Max: 22.47% - Min: -1.40% - Market Cap 8101 - Trading time: 00:00:26
06-09-2025 13:02:46.108 INFO Current price: 0.000000040188 - Current percentage: 22.90% - Max: 22.90% - Min: -1.40% - Market Cap 8204 - Trading time: 00:00:29
06-09-2025 13:02:46.112 INFO Current price: 0.000000040736 - Current percentage: 24.69% - Max: 24.69% - Min: -1.40% - Market Cap 8324 - Trading time: 00:00:29
06-09-2025 13:02:48.693 INFO Current price: 0.000000039944 - Current percentage: 18.16% - Max: 24.69% - Min: -1.40% - Market Cap 7888 - Trading time: 00:00:32
06-09-2025 13:02:48.695 INFO Current price: 0.000000037856 - Current percentage: 12.00% - Max: 24.69% - Min: -1.40% - Market Cap 7476 - Trading time: 00:00:32
06-09-2025 13:02:53.038 INFO Current price: 0.000000036844 - Current percentage: 11.93% - Max: 24.69% - Min: -1.40% - Market Cap 7472 - Trading time: 00:00:36
06-09-2025 13:02:56.093 INFO Current price: 0.000000036117 - Current percentage: 7.62% - Max: 24.69% - Min: -1.40% - Market Cap 7184 - Trading time: 00:00:39
06-09-2025 13:02:56.096 INFO Current price: 0.000000034730 - Current percentage: 3.49% - Max: 24.69% - Min: -1.40% - Market Cap 6909 - Trading time: 00:00:39
06-09-2025 13:02:59.777 INFO Current price: 0.000000033391 - Current percentage: -0.52% - Max: 24.69% - Min: -1.40% - Market Cap 6641 - Trading time: 00:00:43
06-09-2025 13:02:59.777 INFO Current price: 0.000000032303 - Current percentage: -3.14% - Max: 24.69% - Min: -3.14% - Market Cap 6466 - Trading time: 00:00:43
06-09-2025 13:02:59.779 INFO Current price: 0.000000031488 - Current percentage: -5.48% - Max: 24.69% - Min: -5.48% - Market Cap 6310 - Trading time: 00:00:43
06-09-2025 13:02:59.847 INFO Current price: 0.000000030435 - Current percentage: -9.51% - Max: 24.69% - Min: -9.51% - Market Cap 6041 - Trading time: 00:00:43
06-09-2025 13:02:59.848 INFO Current price: 0.000000029596 - Current percentage: -10.62% - Max: 24.69% - Min: -10.62% - Market Cap 5967 - Trading time: 00:00:43
06-09-2025 13:02:59.923 INFO Current price: 0.000000028829 - Current percentage: -14.14% - Max: 24.69% - Min: -14.14% - Market Cap 5732 - Trading time: 00:00:43
06-09-2025 13:02:59.928 INFO Current price: 0.000000028107 - Current percentage: -15.04% - Max: 24.69% - Min: -15.04% - Market Cap 5672 - Trading time: 00:00:43
06-09-2025 13:03:00.693 INFO Current price: 0.000000028029 - Current percentage: -14.61% - Max: 24.69% - Min: -15.04% - Market Cap 5700 - Trading time: 00:00:44
06-09-2025 13:03:19.412 INFO Current price: 0.000000028029 - Current percentage: -15.04% - Max: 24.69% - Min: -15.04% - Market Cap 5672 - Trading time: 00:01:02
06-09-2025 13:04:02.186 INFO Current price: 0.000000028870 - Current percentage: -9.41% - Max: 24.69% - Min: -15.04% - Market Cap 6048 - Trading time: 00:01:45
06-09-2025 13:04:07.005 INFO Current price: 0.000000028870 - Current percentage: -15.04% - Max: 24.69% - Min: -15.04% - Market Cap 5672 - Trading time: 00:01:50






06-09-2025 13:14:07.004 INFO {"type":"summary","reason":"inactivity","startedAt":"2025-09-06T11:02:16.654Z","endedAt":"2025-09-06T11:14:07.004Z","durationSec":710,"entryPrice":3.4101046806150436e-8,"entryMarketCapSol":32.90762620122732,"entryMarketCapUsd":6675.641051180975,"minPct":-15.037951065604064,"maxPct":24.689373812429256,"buyCount":32,"sellCount":53,"tradeCount":85,"entryRecorded":true,"noPostThresholdTrades":false,"triggerAt":"2025-09-06T11:02:16.654Z","ageAtTriggerSec":6,"preTotalTrades":15,"preBuys":10,"preSells":5,"preUniqueTraders":10,"preEntryTotalTrades":24,"preEntryBuys":15,"preEntrySells":9,"preEntryUniqueTraders":15,"preEntryMinMcUsd":6277.172388577541,"preEntryMaxMcUsd":7316.019868800876,"thresholdMcSol":32.90762620122732,"thresholdMcUsd":6675.641051180975,"thresholdPrice":3.4101046806150436e-8}
