05-09-2025 23:32:17.850 INFO Entry price: 0.000000049828206975 - Entry market cap: 9208 - Buys 23 - Sells 10 - Ratio: 1:0.43 - Min MarketCap: 6803 - Max MarketCap: 11235
05-09-2025 23:32:17.850 INFO Current price: 0.000000049828 - Current percentage: 0.00% - Max: 0.00% - Min: 0.00% - Market Cap 9208 - Trading time: 00:00:02
05-09-2025 23:32:18.222 INFO Current price: 0.000000047283 - Current percentage: 3.51% - Max: 3.51% - Min: 0.00% - Market Cap 9531 - Trading time: 00:00:02
05-09-2025 23:32:19.526 INFO Current price: 0.000000046724 - Current percentage: 3.65% - Max: 3.65% - Min: 0.00% - Market Cap 9544 - Trading time: 00:00:03
05-09-2025 23:32:19.979 INFO Current price: 0.000000046872 - Current percentage: 4.17% - Max: 4.17% - Min: 0.00% - Market Cap 9592 - Trading time: 00:00:04
05-09-2025 23:32:20.767 INFO Current price: 0.000000046690 - Current percentage: 2.84% - Max: 4.17% - Min: 0.00% - Market Cap 9469 - Trading time: 00:00:04
05-09-2025 23:32:23.308 INFO Current price: 0.000000046509 - Current percentage: 3.36% - Max: 4.17% - Min: 0.00% - Market Cap 9517 - Trading time: 00:00:07
05-09-2025 23:32:23.854 INFO Current price: 0.000000046867 - Current percentage: 4.43% - Max: 4.43% - Min: 0.00% - Market Cap 9616 - Trading time: 00:00:08
05-09-2025 23:32:24.395 INFO Current price: 0.000000047351 - Current percentage: 5.51% - Max: 5.51% - Min: 0.00% - Market Cap 9715 - Trading time: 00:00:08
05-09-2025 23:32:24.829 INFO Current price: 0.000000048188 - Current percentage: 8.16% - Max: 8.16% - Min: 0.00% - Market Cap 9959 - Trading time: 00:00:08
05-09-2025 23:32:25.452 INFO Current price: 0.000000048851 - Current percentage: 8.43% - Max: 8.43% - Min: 0.00% - Market Cap 9984 - Trading time: 00:00:09
05-09-2025 23:32:25.577 INFO Current price: 0.000000049031 - Current percentage: 8.96% - Max: 8.96% - Min: 0.00% - Market Cap 10033 - Trading time: 00:00:09
05-09-2025 23:32:26.054 INFO Current price: 0.000000049213 - Current percentage: 9.23% - Max: 9.23% - Min: 0.00% - Market Cap 10058 - Trading time: 00:00:10
05-09-2025 23:32:26.303 INFO Current price: 0.000000049576 - Current percentage: 10.58% - Max: 10.58% - Min: 0.00% - Market Cap 10181 - Trading time: 00:00:10
05-09-2025 23:32:26.442 INFO Current price: 0.000000050002 - Current percentage: 11.12% - Max: 11.12% - Min: 0.00% - Market Cap 10231 - Trading time: 00:00:10
05-09-2025 23:32:28.753 INFO Current price: 0.000000049817 - Current percentage: 9.76% - Max: 11.12% - Min: 0.00% - Market Cap 10106 - Trading time: 00:00:12
05-09-2025 23:32:30.019 INFO Current price: 0.000000049634 - Current percentage: 10.30% - Max: 11.12% - Min: 0.00% - Market Cap 10156 - Trading time: 00:00:14
05-09-2025 23:32:30.765 INFO Current price: 0.000000049780 - Current percentage: 10.41% - Max: 11.12% - Min: 0.00% - Market Cap 10166 - Trading time: 00:00:14
05-09-2025 23:32:30.864 INFO Current price: 0.000000049926 - Current percentage: 10.95% - Max: 11.12% - Min: 0.00% - Market Cap 10216 - Trading time: 00:00:15
05-09-2025 23:32:32.667 INFO Current price: 0.000000051697 - Current percentage: 18.38% - Max: 18.38% - Min: 0.00% - Market Cap 10900 - Trading time: 00:00:16
05-09-2025 23:32:32.764 INFO Current price: 0.000000055475 - Current percentage: 27.76% - Max: 27.76% - Min: 0.00% - Market Cap 11764 - Trading time: 00:00:16
05-09-2025 23:32:32.792 INFO Current price: 0.000000057827 - Current percentage: 28.63% - Max: 28.63% - Min: 0.00% - Market Cap 11844 - Trading time: 00:00:16
05-09-2025 23:32:33.006 INFO Current price: 0.000000058005 - Current percentage: 28.63% - Max: 28.63% - Min: 0.00% - Market Cap 11844 - Trading time: 00:00:17
05-09-2025 23:32:33.103 INFO Current price: 0.000000058462 - Current percentage: 30.58% - Max: 30.58% - Min: 0.00% - Market Cap 12023 - Trading time: 00:00:17
05-09-2025 23:32:33.666 INFO Current price: 0.000000058824 - Current percentage: 30.23% - Max: 30.58% - Min: 0.00% - Market Cap 11991 - Trading time: 00:00:17
05-09-2025 23:32:33.927 INFO Current price: 0.000000058712 - Current percentage: 30.08% - Max: 30.58% - Min: 0.00% - Market Cap 11978 - Trading time: 00:00:18
05-09-2025 23:32:34.045 INFO Current price: 0.000000058091 - Current percentage: 27.48% - Max: 30.58% - Min: 0.00% - Market Cap 11738 - Trading time: 00:00:18
05-09-2025 23:32:34.060 INFO Current price: 0.000000057024 - Current percentage: 25.35% - Max: 30.58% - Min: 0.00% - Market Cap 11542 - Trading time: 00:00:18
05-09-2025 23:32:34.353 INFO Current price: 0.000000057853 - Current percentage: 31.22% - Max: 31.22% - Min: 0.00% - Market Cap 12082 - Trading time: 00:00:18
05-09-2025 23:32:34.614 INFO Current price: 0.000000058654 - Current percentage: 28.85% - Max: 31.22% - Min: 0.00% - Market Cap 11864 - Trading time: 00:00:18
05-09-2025 23:32:34.618 INFO Current price: 0.000000057678 - Current percentage: 26.89% - Max: 31.22% - Min: 0.00% - Market Cap 11684 - Trading time: 00:00:18
05-09-2025 23:32:34.904 INFO Current price: 0.000000057079 - Current percentage: 26.18% - Max: 31.22% - Min: 0.00% - Market Cap 11618 - Trading time: 00:00:19
05-09-2025 23:32:35.583 INFO Current price: 0.000000057086 - Current percentage: 26.92% - Max: 31.22% - Min: 0.00% - Market Cap 11686 - Trading time: 00:00:19
05-09-2025 23:32:35.893 INFO Current price: 0.000000056863 - Current percentage: 25.20% - Max: 31.22% - Min: 0.00% - Market Cap 11528 - Trading time: 00:00:20
05-09-2025 23:32:35.894 INFO Current price: 0.000000056024 - Current percentage: 23.20% - Max: 31.22% - Min: 0.00% - Market Cap 11344 - Trading time: 00:00:20
05-09-2025 23:32:37.146 INFO Current price: 0.000000055692 - Current percentage: 23.72% - Max: 31.22% - Min: 0.00% - Market Cap 11391 - Trading time: 00:00:21
05-09-2025 23:32:37.949 INFO Current price: 0.000000055148 - Current percentage: 20.81% - Max: 31.22% - Min: 0.00% - Market Cap 11124 - Trading time: 00:00:22
05-09-2025 23:32:38.111 INFO Current price: 0.000000054942 - Current percentage: 22.79% - Max: 31.22% - Min: 0.00% - Market Cap 11306 - Trading time: 00:00:22
05-09-2025 23:32:38.244 INFO Current price: 0.000000055519 - Current percentage: 23.36% - Max: 31.22% - Min: 0.00% - Market Cap 11359 - Trading time: 00:00:22
05-09-2025 23:32:38.927 INFO Current price: 0.000000055776 - Current percentage: 23.93% - Max: 31.22% - Min: 0.00% - Market Cap 11411 - Trading time: 00:00:23
05-09-2025 23:32:39.780 INFO Current price: 0.000000056295 - Current percentage: 25.08% - Max: 31.22% - Min: 0.00% - Market Cap 11517 - Trading time: 00:00:23
05-09-2025 23:32:40.364 INFO Current price: 0.000000056689 - Current percentage: 26.26% - Max: 31.22% - Min: 0.00% - Market Cap 11626 - Trading time: 00:00:24
05-09-2025 23:32:40.566 INFO Current price: 0.000000057026 - Current percentage: 26.57% - Max: 31.22% - Min: 0.00% - Market Cap 11655 - Trading time: 00:00:24
05-09-2025 23:32:40.664 INFO Current price: 0.000000058445 - Current percentage: 32.62% - Max: 32.62% - Min: 0.00% - Market Cap 12211 - Trading time: 00:00:24
05-09-2025 23:32:41.991 INFO Current price: 0.000000059958 - Current percentage: 33.21% - Max: 33.21% - Min: 0.00% - Market Cap 12266 - Trading time: 00:00:26
05-09-2025 23:32:43.266 INFO Current price: 0.000000059949 - Current percentage: 32.58% - Max: 33.21% - Min: 0.00% - Market Cap 12208 - Trading time: 00:00:27
05-09-2025 23:32:43.629 INFO Current price: 0.000000059941 - Current percentage: 33.17% - Max: 33.21% - Min: 0.00% - Market Cap 12262 - Trading time: 00:00:27
05-09-2025 23:32:44.966 INFO Current price: 0.000000060088 - Current percentage: 33.23% - Max: 33.23% - Min: 0.00% - Market Cap 12268 - Trading time: 00:00:29
05-09-2025 23:32:45.600 INFO Current price: 0.000000060114 - Current percentage: 33.29% - Max: 33.29% - Min: 0.00% - Market Cap 12273 - Trading time: 00:00:29
05-09-2025 23:32:45.749 INFO Current price: 0.000000060194 - Current percentage: 33.59% - Max: 33.59% - Min: 0.00% - Market Cap 12301 - Trading time: 00:00:29
05-09-2025 23:32:46.166 INFO Current price: 0.000000060170 - Current percentage: 33.18% - Max: 33.59% - Min: 0.00% - Market Cap 12263 - Trading time: 00:00:30
05-09-2025 23:32:47.400 INFO Current price: 0.000000062750 - Current percentage: 45.29% - Max: 45.29% - Min: 0.00% - Market Cap 13378 - Trading time: 00:00:31
05-09-2025 23:32:48.233 INFO Current price: 0.000000066238 - Current percentage: 48.40% - Max: 48.40% - Min: 0.00% - Market Cap 13664 - Trading time: 00:00:32
05-09-2025 23:32:50.894 INFO Current price: 0.000000068093 - Current percentage: 51.27% - Max: 51.27% - Min: 0.00% - Market Cap 13928 - Trading time: 00:00:35
05-09-2025 23:32:50.894 INFO Current price: 0.000000068966 - Current percentage: 54.52% - Max: 54.52% - Min: 0.00% - Market Cap 14228 - Trading time: 00:00:35
05-09-2025 23:32:50.983 INFO Current price: 0.000000070405 - Current percentage: 57.64% - Max: 57.64% - Min: 0.00% - Market Cap 14515 - Trading time: 00:00:35
05-09-2025 23:32:51.806 INFO Current price: 0.000000071403 - Current percentage: 58.94% - Max: 58.94% - Min: 0.00% - Market Cap 14634 - Trading time: 00:00:35
05-09-2025 23:32:53.715 INFO Current price: 0.000000072424 - Current percentage: 62.19% - Max: 62.19% - Min: 0.00% - Market Cap 14934 - Trading time: 00:00:37
05-09-2025 23:32:54.263 INFO Current price: 0.000000072481 - Current percentage: 59.18% - Max: 62.19% - Min: 0.00% - Market Cap 14657 - Trading time: 00:00:38
05-09-2025 23:32:54.374 INFO Current price: 0.000000071916 - Current percentage: 59.67% - Max: 62.19% - Min: 0.00% - Market Cap 14702 - Trading time: 00:00:38
05-09-2025 23:32:55.585 INFO Current price: 0.000000071850 - Current percentage: 58.89% - Max: 62.19% - Min: 0.00% - Market Cap 14630 - Trading time: 00:00:39
05-09-2025 23:32:56.215 INFO Current price: 0.000000071576 - Current percentage: 58.45% - Max: 62.19% - Min: 0.00% - Market Cap 14590 - Trading time: 00:00:40
05-09-2025 23:32:56.796 INFO Current price: 0.000000071490 - Current percentage: 58.51% - Max: 62.19% - Min: 0.00% - Market Cap 14596 - Trading time: 00:00:40
05-09-2025 23:32:57.103 INFO Current price: 0.000000071387 - Current percentage: 57.99% - Max: 62.19% - Min: 0.00% - Market Cap 14547 - Trading time: 00:00:41
05-09-2025 23:32:57.204 INFO Current price: 0.000000071283 - Current percentage: 58.05% - Max: 62.19% - Min: 0.00% - Market Cap 14553 - Trading time: 00:00:41
05-09-2025 23:32:57.882 INFO Current price: 0.000000071312 - Current percentage: 58.12% - Max: 62.19% - Min: 0.00% - Market Cap 14559 - Trading time: 00:00:42
05-09-2025 23:32:58.710 INFO Current price: 0.000000071341 - Current percentage: 58.18% - Max: 62.19% - Min: 0.00% - Market Cap 14565 - Trading time: 00:00:42
05-09-2025 23:32:59.830 INFO Current price: 0.000000070618 - Current percentage: 54.93% - Max: 62.19% - Min: 0.00% - Market Cap 14266 - Trading time: 00:00:43
05-09-2025 23:32:59.836 INFO Current price: 0.000000070036 - Current percentage: 55.59% - Max: 62.19% - Min: 0.00% - Market Cap 14326 - Trading time: 00:00:43
05-09-2025 23:33:00.412 INFO Current price: 0.000000067604 - Current percentage: 44.36% - Max: 62.19% - Min: 0.00% - Market Cap 13292 - Trading time: 00:00:44
05-09-2025 23:33:00.887 INFO Current price: 0.000000065261 - Current percentage: 44.99% - Max: 62.19% - Min: 0.00% - Market Cap 13350 - Trading time: 00:00:45
05-09-2025 23:33:02.299 INFO Current price: 0.000000062622 - Current percentage: 32.92% - Max: 62.19% - Min: 0.00% - Market Cap 12239 - Trading time: 00:00:46
05-09-2025 23:33:03.154 INFO Current price: 0.000000059926 - Current percentage: 32.77% - Max: 62.19% - Min: 0.00% - Market Cap 12225 - Trading time: 00:00:47
05-09-2025 23:33:03.688 INFO Current price: 0.000000059305 - Current percentage: 30.18% - Max: 62.19% - Min: 0.00% - Market Cap 11986 - Trading time: 00:00:47
05-09-2025 23:33:03.715 INFO Current price: 0.000000058191 - Current percentage: 27.83% - Max: 62.19% - Min: 0.00% - Market Cap 11770 - Trading time: 00:00:47
05-09-2025 23:33:03.909 INFO Current price: 0.000000057631 - Current percentage: 27.83% - Max: 62.19% - Min: 0.00% - Market Cap 11770 - Trading time: 00:00:48
05-09-2025 23:33:04.527 INFO Current price: 0.000000057543 - Current percentage: 27.29% - Max: 62.19% - Min: 0.00% - Market Cap 11721 - Trading time: 00:00:48
05-09-2025 23:33:05.253 INFO Current price: 0.000000057262 - Current percentage: 26.59% - Max: 62.19% - Min: 0.00% - Market Cap 11656 - Trading time: 00:00:49
05-09-2025 23:33:05.467 INFO Current price: 0.000000056895 - Current percentage: 25.67% - Max: 62.19% - Min: 0.00% - Market Cap 11571 - Trading time: 00:00:49
05-09-2025 23:33:06.835 INFO Current price: 0.000000056948 - Current percentage: 26.82% - Max: 62.19% - Min: 0.00% - Market Cap 11677 - Trading time: 00:00:50
05-09-2025 23:33:08.091 INFO Current price: 0.000000055936 - Current percentage: 21.24% - Max: 62.19% - Min: 0.00% - Market Cap 11164 - Trading time: 00:00:52
05-09-2025 23:33:08.483 INFO Current price: 0.000000054214 - Current percentage: 19.14% - Max: 62.19% - Min: 0.00% - Market Cap 10970 - Trading time: 00:00:52
05-09-2025 23:33:08.808 INFO Current price: 0.000000053670 - Current percentage: 18.82% - Max: 62.19% - Min: 0.00% - Market Cap 10941 - Trading time: 00:00:52
05-09-2025 23:33:11.091 INFO Current price: 0.000000053544 - Current percentage: 18.57% - Max: 62.19% - Min: 0.00% - Market Cap 10918 - Trading time: 00:00:55
05-09-2025 23:33:11.236 INFO Current price: 0.000000053313 - Current percentage: 17.80% - Max: 62.19% - Min: 0.00% - Market Cap 10847 - Trading time: 00:00:55
05-09-2025 23:33:12.085 INFO Current price: 0.000000052906 - Current percentage: 16.77% - Max: 62.19% - Min: 0.00% - Market Cap 10752 - Trading time: 00:00:56
05-09-2025 23:33:15.141 INFO Current price: 0.000000053925 - Current percentage: 22.38% - Max: 62.19% - Min: 0.00% - Market Cap 11268 - Trading time: 00:00:59
05-09-2025 23:33:17.510 INFO Current price: 0.000000055245 - Current percentage: 22.56% - Max: 62.19% - Min: 0.00% - Market Cap 11285 - Trading time: 00:01:01
05-09-2025 23:33:18.195 INFO Current price: 0.000000055417 - Current percentage: 23.14% - Max: 62.19% - Min: 0.00% - Market Cap 11338 - Trading time: 00:01:02
05-09-2025 23:33:18.570 INFO Current price: 0.000000056190 - Current percentage: 26.00% - Max: 62.19% - Min: 0.00% - Market Cap 11602 - Trading time: 00:01:02
05-09-2025 23:33:18.603 INFO Current price: 0.000000056970 - Current percentage: 26.58% - Max: 62.19% - Min: 0.00% - Market Cap 11655 - Trading time: 00:01:02
05-09-2025 23:33:19.344 INFO Current price: 0.000000057751 - Current percentage: 29.48% - Max: 62.19% - Min: 0.00% - Market Cap 11923 - Trading time: 00:01:03
05-09-2025 23:33:20.490 INFO Current price: 0.000000058476 - Current percentage: 29.78% - Max: 62.19% - Min: 0.00% - Market Cap 11950 - Trading time: 00:01:04
05-09-2025 23:33:20.524 INFO Current price: 0.000000058609 - Current percentage: 30.07% - Max: 62.19% - Min: 0.00% - Market Cap 11977 - Trading time: 00:01:04
05-09-2025 23:33:20.563 INFO Current price: 0.000000057994 - Current percentage: 27.07% - Max: 62.19% - Min: 0.00% - Market Cap 11700 - Trading time: 00:01:04
05-09-2025 23:33:22.415 INFO Current price: 0.000000057907 - Current percentage: 29.69% - Max: 62.19% - Min: 0.00% - Market Cap 11941 - Trading time: 00:01:06
05-09-2025 23:33:27.631 INFO Current price: 0.000000057105 - Current percentage: 23.57% - Max: 62.19% - Min: 0.00% - Market Cap 11378 - Trading time: 00:01:11
05-09-2025 23:33:33.826 INFO Current price: 0.000000055128 - Current percentage: 20.86% - Max: 62.19% - Min: 0.00% - Market Cap 11129 - Trading time: 00:01:17
05-09-2025 23:33:33.953 INFO Current price: 0.000000054651 - Current percentage: 21.44% - Max: 62.19% - Min: 0.00% - Market Cap 11182 - Trading time: 00:01:18
05-09-2025 23:33:34.583 INFO Current price: 0.000000054912 - Current percentage: 22.02% - Max: 62.19% - Min: 0.00% - Market Cap 11235 - Trading time: 00:01:18
05-09-2025 23:33:36.675 INFO Current price: 0.000000054828 - Current percentage: 21.07% - Max: 62.19% - Min: 0.00% - Market Cap 11148 - Trading time: 00:01:20
05-09-2025 23:33:39.626 INFO Current price: 0.000000053410 - Current percentage: 15.79% - Max: 62.19% - Min: 0.00% - Market Cap 10662 - Trading time: 00:01:23
05-09-2025 23:33:44.431 INFO Current price: 0.000000050807 - Current percentage: 9.56% - Max: 62.19% - Min: 0.00% - Market Cap 10088 - Trading time: 00:01:28
05-09-2025 23:33:44.433 INFO Current price: 0.000000048640 - Current percentage: 6.12% - Max: 62.19% - Min: 0.00% - Market Cap 9771 - Trading time: 00:01:28
05-09-2025 23:33:44.437 INFO Current price: 0.000000046960 - Current percentage: 2.12% - Max: 62.19% - Min: 0.00% - Market Cap 9403 - Trading time: 00:01:28
05-09-2025 23:33:44.574 INFO Current price: 0.000000045348 - Current percentage: -1.04% - Max: 62.19% - Min: -1.04% - Market Cap 9112 - Trading time: 00:01:28
05-09-2025 23:33:44.807 INFO Current price: 0.000000044596 - Current percentage: -1.24% - Max: 62.19% - Min: -1.24% - Market Cap 9094 - Trading time: 00:01:28
05-09-2025 23:33:44.807 INFO Current price: 0.000000044553 - Current percentage: -1.23% - Max: 62.19% - Min: -1.24% - Market Cap 9095 - Trading time: 00:01:28
05-09-2025 23:33:46.974 INFO Current price: 0.000000044511 - Current percentage: -1.42% - Max: 62.19% - Min: -1.42% - Market Cap 9077 - Trading time: 00:01:31
05-09-2025 23:33:47.745 INFO Current price: 0.000000044378 - Current percentage: -1.82% - Max: 62.19% - Min: -1.82% - Market Cap 9040 - Trading time: 00:01:31
05-09-2025 23:33:48.763 INFO Current price: 0.000000044823 - Current percentage: 0.56% - Max: 62.19% - Min: -1.82% - Market Cap 9260 - Trading time: 00:01:32
05-09-2025 23:33:48.778 INFO Current price: 0.000000046299 - Current percentage: 4.75% - Max: 62.19% - Min: -1.82% - Market Cap 9645 - Trading time: 00:01:32
05-09-2025 23:33:49.908 INFO Current price: 0.000000047846 - Current percentage: 7.40% - Max: 62.19% - Min: -1.82% - Market Cap 9889 - Trading time: 00:01:34
05-09-2025 23:33:52.388 INFO Current price: 0.000000048746 - Current percentage: 8.73% - Max: 62.19% - Min: -1.82% - Market Cap 10012 - Trading time: 00:01:36
05-09-2025 23:33:58.773 INFO Current price: 0.000000052668 - Current percentage: 25.38% - Max: 62.19% - Min: -1.82% - Market Cap 11544 - Trading time: 00:01:42
05-09-2025 23:34:00.447 INFO Current price: 0.000000056689 - Current percentage: 25.96% - Max: 62.19% - Min: -1.82% - Market Cap 11598 - Trading time: 00:01:44
05-09-2025 23:34:01.005 INFO Current price: 0.000000056955 - Current percentage: 26.55% - Max: 62.19% - Min: -1.82% - Market Cap 11653 - Trading time: 00:01:45
05-09-2025 23:34:01.135 INFO Current price: 0.000000057218 - Current percentage: 27.13% - Max: 62.19% - Min: -1.82% - Market Cap 11706 - Trading time: 00:01:45
05-09-2025 23:34:01.408 INFO Current price: 0.000000057482 - Current percentage: 27.72% - Max: 62.19% - Min: -1.82% - Market Cap 11761 - Trading time: 00:01:45
05-09-2025 23:34:01.647 INFO Current price: 0.000000057750 - Current percentage: 28.32% - Max: 62.19% - Min: -1.82% - Market Cap 11815 - Trading time: 00:01:45
05-09-2025 23:34:01.843 INFO Current price: 0.000000058018 - Current percentage: 28.91% - Max: 62.19% - Min: -1.82% - Market Cap 11870 - Trading time: 00:01:45
05-09-2025 23:34:13.340 INFO Current price: 0.000000059466 - Current percentage: 34.81% - Max: 62.19% - Min: -1.82% - Market Cap 12413 - Trading time: 00:01:57
05-09-2025 23:34:13.341 INFO Current price: 0.000000060920 - Current percentage: 35.29% - Max: 62.19% - Min: -1.82% - Market Cap 12458 - Trading time: 00:01:57
05-09-2025 23:34:13.681 INFO Current price: 0.000000060188 - Current percentage: 31.59% - Max: 62.19% - Min: -1.82% - Market Cap 12116 - Trading time: 00:01:57
05-09-2025 23:34:13.766 INFO Current price: 0.000000058017 - Current percentage: 25.71% - Max: 62.19% - Min: -1.82% - Market Cap 11575 - Trading time: 00:01:57
05-09-2025 23:34:21.063 INFO Current price: 0.000000056839 - Current percentage: 26.30% - Max: 62.19% - Min: -1.82% - Market Cap 11629 - Trading time: 00:02:05
05-09-2025 23:34:21.699 INFO Current price: 0.000000057105 - Current percentage: 26.89% - Max: 62.19% - Min: -1.82% - Market Cap 11684 - Trading time: 00:02:05
05-09-2025 23:34:24.878 INFO Current price: 0.000000057891 - Current percentage: 29.80% - Max: 62.19% - Min: -1.82% - Market Cap 11951 - Trading time: 00:02:09
05-09-2025 23:34:24.885 INFO Current price: 0.000000062474 - Current percentage: 47.77% - Max: 62.19% - Min: -1.82% - Market Cap 13607 - Trading time: 00:02:09
05-09-2025 23:34:24.891 INFO Current price: 0.000000070916 - Current percentage: 67.25% - Max: 67.25% - Min: -1.82% - Market Cap 15400 - Trading time: 00:02:09
05-09-2025 23:34:24.988 INFO Current price: 0.000000076209 - Current percentage: 70.66% - Max: 70.66% - Min: -1.82% - Market Cap 15714 - Trading time: 00:02:09
05-09-2025 23:34:24.992 INFO Current price: 0.000000077528 - Current percentage: 73.09% - Max: 73.09% - Min: -1.82% - Market Cap 15937 - Trading time: 00:02:09
05-09-2025 23:34:25.111 INFO Current price: 0.000000078824 - Current percentage: 76.41% - Max: 76.41% - Min: -1.82% - Market Cap 16243 - Trading time: 00:02:09
05-09-2025 23:34:25.111 INFO Current price: 0.000000079576 - Current percentage: 76.41% - Max: 76.41% - Min: -1.82% - Market Cap 16243 - Trading time: 00:02:09
05-09-2025 23:34:25.186 INFO Current price: 0.000000082721 - Current percentage: 90.63% - Max: 90.63% - Min: -1.82% - Market Cap 17552 - Trading time: 00:02:09
05-09-2025 23:34:25.248 INFO Current price: 0.000000086311 - Current percentage: 92.05% - Max: 92.05% - Min: -1.82% - Market Cap 17683 - Trading time: 00:02:09
05-09-2025 23:34:25.524 INFO Current price: 0.000000086355 - Current percentage: 90.82% - Max: 92.05% - Min: -1.82% - Market Cap 17570 - Trading time: 00:02:09
05-09-2025 23:34:25.530 INFO Current price: 0.000000086081 - Current percentage: 90.83% - Max: 92.05% - Min: -1.82% - Market Cap 17571 - Trading time: 00:02:09
05-09-2025 23:34:26.392 INFO Current price: 0.000000086098 - Current percentage: 90.90% - Max: 92.05% - Min: -1.82% - Market Cap 17578 - Trading time: 00:02:10
05-09-2025 23:34:26.395 INFO Current price: 0.000000086064 - Current percentage: 90.68% - Max: 92.05% - Min: -1.82% - Market Cap 17557 - Trading time: 00:02:10
05-09-2025 23:34:27.226 INFO Current price: 0.000000085101 - Current percentage: 86.65% - Max: 92.05% - Min: -1.82% - Market Cap 17186 - Trading time: 00:02:11
05-09-2025 23:34:27.863 INFO Current price: 0.000000083378 - Current percentage: 83.04% - Max: 92.05% - Min: -1.82% - Market Cap 16854 - Trading time: 00:02:12
05-09-2025 23:34:28.610 INFO Current price: 0.000000083331 - Current percentage: 86.44% - Max: 92.05% - Min: -1.82% - Market Cap 17167 - Trading time: 00:02:12
05-09-2025 23:34:28.767 INFO Current price: 0.000000084911 - Current percentage: 90.05% - Max: 92.05% - Min: -1.82% - Market Cap 17499 - Trading time: 00:02:12
05-09-2025 23:34:29.469 INFO Current price: 0.000000086526 - Current percentage: 93.60% - Max: 93.60% - Min: -1.82% - Market Cap 17826 - Trading time: 00:02:13
05-09-2025 23:34:29.495 INFO Current price: 0.000000087412 - Current percentage: 93.96% - Max: 93.96% - Min: -1.82% - Market Cap 17859 - Trading time: 00:02:13
05-09-2025 23:34:29.870 INFO Current price: 0.000000086697 - Current percentage: 90.44% - Max: 93.96% - Min: -1.82% - Market Cap 17536 - Trading time: 00:02:14
05-09-2025 23:34:29.871 INFO Current price: 0.000000085263 - Current percentage: 87.60% - Max: 93.96% - Min: -1.82% - Market Cap 17273 - Trading time: 00:02:14
05-09-2025 23:34:30.720 INFO Current price: 0.000000083941 - Current percentage: 84.58% - Max: 93.96% - Min: -1.82% - Market Cap 16996 - Trading time: 00:02:14
05-09-2025 23:34:30.721 INFO Current price: 0.000000082710 - Current percentage: 82.14% - Max: 93.96% - Min: -1.82% - Market Cap 16771 - Trading time: 00:02:14
05-09-2025 23:34:31.276 INFO Current price: 0.000000082707 - Current percentage: 84.57% - Max: 93.96% - Min: -1.82% - Market Cap 16994 - Trading time: 00:02:15
05-09-2025 23:34:31.280 INFO Current price: 0.000000082591 - Current percentage: 81.63% - Max: 93.96% - Min: -1.82% - Market Cap 16724 - Trading time: 00:02:15
05-09-2025 23:34:31.284 INFO Current price: 0.000000081390 - Current percentage: 79.24% - Max: 93.96% - Min: -1.82% - Market Cap 16504 - Trading time: 00:02:15
05-09-2025 23:34:31.701 INFO Current price: 0.000000080279 - Current percentage: 76.70% - Max: 93.96% - Min: -1.82% - Market Cap 16270 - Trading time: 00:02:15
05-09-2025 23:34:31.705 INFO Current price: 0.000000079241 - Current percentage: 74.64% - Max: 93.96% - Min: -1.82% - Market Cap 16080 - Trading time: 00:02:15
05-09-2025 23:34:31.886 INFO Current price: 0.000000078286 - Current percentage: 72.46% - Max: 93.96% - Min: -1.82% - Market Cap 15880 - Trading time: 00:02:16
05-09-2025 23:34:31.888 INFO Current price: 0.000000077397 - Current percentage: 70.69% - Max: 93.96% - Min: -1.82% - Market Cap 15717 - Trading time: 00:02:16
05-09-2025 23:34:32.532 INFO Current price: 0.000000076331 - Current percentage: 67.75% - Max: 93.96% - Min: -1.82% - Market Cap 15446 - Trading time: 00:02:16
05-09-2025 23:34:33.811 INFO Current price: 0.000000076419 - Current percentage: 71.09% - Max: 93.96% - Min: -1.82% - Market Cap 15753 - Trading time: 00:02:17
05-09-2025 23:34:34.573 INFO Current price: 0.000000077327 - Current percentage: 71.76% - Max: 93.96% - Min: -1.82% - Market Cap 15815 - Trading time: 00:02:18
05-09-2025 23:34:34.857 INFO Current price: 0.000000076797 - Current percentage: 68.75% - Max: 93.96% - Min: -1.82% - Market Cap 15538 - Trading time: 00:02:19
05-09-2025 23:34:34.857 INFO Current price: 0.000000075437 - Current percentage: 65.73% - Max: 93.96% - Min: -1.82% - Market Cap 15260 - Trading time: 00:02:19
05-09-2025 23:34:36.405 INFO Current price: 0.000000075064 - Current percentage: 67.08% - Max: 93.96% - Min: -1.82% - Market Cap 15384 - Trading time: 00:02:20
05-09-2025 23:34:36.989 INFO Current price: 0.000000075676 - Current percentage: 68.44% - Max: 93.96% - Min: -1.82% - Market Cap 15510 - Trading time: 00:02:21
05-09-2025 23:34:37.587 INFO Current price: 0.000000075998 - Current percentage: 68.51% - Max: 93.96% - Min: -1.82% - Market Cap 15516 - Trading time: 00:02:21
05-09-2025 23:34:37.613 INFO Current price: 0.000000076321 - Current percentage: 69.87% - Max: 93.96% - Min: -1.82% - Market Cap 15642 - Trading time: 00:02:21
05-09-2025 23:34:38.141 INFO Current price: 0.000000076938 - Current percentage: 71.25% - Max: 93.96% - Min: -1.82% - Market Cap 15768 - Trading time: 00:02:22
05-09-2025 23:34:38.311 INFO Current price: 0.000000077249 - Current percentage: 71.25% - Max: 93.96% - Min: -1.82% - Market Cap 15768 - Trading time: 00:02:22
05-09-2025 23:34:38.630 INFO Current price: 0.000000077560 - Current percentage: 72.63% - Max: 93.96% - Min: -1.82% - Market Cap 15895 - Trading time: 00:02:22
05-09-2025 23:34:38.666 INFO Current price: 0.000000077948 - Current percentage: 72.97% - Max: 93.96% - Min: -1.82% - Market Cap 15926 - Trading time: 00:02:22
05-09-2025 23:34:39.760 INFO Current price: 0.000000077215 - Current percentage: 69.40% - Max: 93.96% - Min: -1.82% - Market Cap 15598 - Trading time: 00:02:23
05-09-2025 23:34:39.762 INFO Current price: 0.000000075476 - Current percentage: 65.27% - Max: 93.96% - Min: -1.82% - Market Cap 15217 - Trading time: 00:02:23
05-09-2025 23:34:39.765 INFO Current price: 0.000000073810 - Current percentage: 62.00% - Max: 93.96% - Min: -1.82% - Market Cap 14917 - Trading time: 00:02:23
05-09-2025 23:34:40.283 INFO Current price: 0.000000072380 - Current percentage: 58.92% - Max: 93.96% - Min: -1.82% - Market Cap 14633 - Trading time: 00:02:24
05-09-2025 23:34:44.752 INFO Current price: 0.000000070752 - Current percentage: 54.16% - Max: 93.96% - Min: -1.82% - Market Cap 14195 - Trading time: 00:02:28
05-09-2025 23:34:44.753 INFO Current price: 0.000000068877 - Current percentage: 51.23% - Max: 93.96% - Min: -1.82% - Market Cap 13925 - Trading time: 00:02:28
05-09-2025 23:34:44.839 INFO Current price: 0.000000067444 - Current percentage: 47.81% - Max: 93.96% - Min: -1.82% - Market Cap 13610 - Trading time: 00:02:28
05-09-2025 23:34:45.388 INFO Current price: 0.000000066557 - Current percentage: 47.28% - Max: 93.96% - Min: -1.82% - Market Cap 13561 - Trading time: 00:02:29
05-09-2025 23:34:45.981 INFO Current price: 0.000000066425 - Current percentage: 47.23% - Max: 93.96% - Min: -1.82% - Market Cap 13556 - Trading time: 00:02:30
05-09-2025 23:34:46.009 INFO Current price: 0.000000066558 - Current percentage: 47.87% - Max: 93.96% - Min: -1.82% - Market Cap 13615 - Trading time: 00:02:30
05-09-2025 23:34:46.034 INFO Current price: 0.000000064458 - Current percentage: 38.09% - Max: 93.96% - Min: -1.82% - Market Cap 12715 - Trading time: 00:02:30
05-09-2025 23:34:46.096 INFO Current price: 0.000000062094 - Current percentage: 37.22% - Max: 93.96% - Min: -1.82% - Market Cap 12635 - Trading time: 00:02:30
05-09-2025 23:34:46.362 INFO Current price: 0.000000061893 - Current percentage: 37.22% - Max: 93.96% - Min: -1.82% - Market Cap 12635 - Trading time: 00:02:30
05-09-2025 23:34:46.585 INFO Current price: 0.000000062017 - Current percentage: 37.74% - Max: 93.96% - Min: -1.82% - Market Cap 12683 - Trading time: 00:02:30
05-09-2025 23:34:46.790 INFO Current price: 0.000000062815 - Current percentage: 40.77% - Max: 93.96% - Min: -1.82% - Market Cap 12962 - Trading time: 00:02:30
05-09-2025 23:34:46.970 INFO Current price: 0.000000064188 - Current percentage: 43.83% - Max: 93.96% - Min: -1.82% - Market Cap 13244 - Trading time: 00:02:31
05-09-2025 23:34:48.321 INFO Current price: 0.000000065299 - Current percentage: 45.69% - Max: 93.96% - Min: -1.82% - Market Cap 13414 - Trading time: 00:02:32
05-09-2025 23:34:48.459 INFO Current price: 0.000000063848 - Current percentage: 37.51% - Max: 93.96% - Min: -1.82% - Market Cap 12662 - Trading time: 00:02:32
05-09-2025 23:34:48.614 INFO Current price: 0.000000062170 - Current percentage: 38.13% - Max: 93.96% - Min: -1.82% - Market Cap 12719 - Trading time: 00:02:32
05-09-2025 23:34:48.700 INFO Current price: 0.000000062420 - Current percentage: 38.62% - Max: 93.96% - Min: -1.82% - Market Cap 12764 - Trading time: 00:02:32
05-09-2025 23:34:50.553 INFO Current price: 0.000000062669 - Current percentage: 39.24% - Max: 93.96% - Min: -1.82% - Market Cap 12821 - Trading time: 00:02:34
05-09-2025 23:34:51.217 INFO Current price: 0.000000062148 - Current percentage: 36.32% - Max: 93.96% - Min: -1.82% - Market Cap 12552 - Trading time: 00:02:35
05-09-2025 23:34:51.225 INFO Current price: 0.000000061631 - Current percentage: 36.93% - Max: 93.96% - Min: -1.82% - Market Cap 12608 - Trading time: 00:02:35
05-09-2025 23:34:57.675 INFO Current price: 0.000000061388 - Current percentage: 35.25% - Max: 93.96% - Min: -1.82% - Market Cap 12453 - Trading time: 00:02:41
05-09-2025 23:34:57.743 INFO Current price: 0.000000060628 - Current percentage: 33.57% - Max: 93.96% - Min: -1.82% - Market Cap 12298 - Trading time: 00:02:41
05-09-2025 23:35:01.168 INFO Current price: 0.000000060388 - Current percentage: 34.17% - Max: 93.96% - Min: -1.82% - Market Cap 12354 - Trading time: 00:02:45
05-09-2025 23:35:02.160 INFO Current price: 0.000000060662 - Current percentage: 34.78% - Max: 93.96% - Min: -1.82% - Market Cap 12410 - Trading time: 00:02:46
05-09-2025 23:35:05.002 INFO Current price: 0.000000060747 - Current percentage: 34.55% - Max: 93.96% - Min: -1.82% - Market Cap 12389 - Trading time: 00:02:49
05-09-2025 23:35:05.872 INFO Current price: 0.000000060705 - Current percentage: 34.60% - Max: 93.96% - Min: -1.82% - Market Cap 12393 - Trading time: 00:02:50
05-09-2025 23:35:06.620 INFO Current price: 0.000000060727 - Current percentage: 34.65% - Max: 93.96% - Min: -1.82% - Market Cap 12398 - Trading time: 00:02:50
05-09-2025 23:35:15.987 INFO Current price: 0.000000059139 - Current percentage: 27.65% - Max: 93.96% - Min: -1.82% - Market Cap 11754 - Trading time: 00:03:00
05-09-2025 23:35:15.989 INFO Current price: 0.000000055012 - Current percentage: 16.51% - Max: 93.96% - Min: -1.82% - Market Cap 10728 - Trading time: 00:03:00
05-09-2025 23:35:15.991 INFO Current price: 0.000000051014 - Current percentage: 9.77% - Max: 93.96% - Min: -1.82% - Market Cap 10107 - Trading time: 00:03:00
05-09-2025 23:35:16.060 INFO Current price: 0.000000048331 - Current percentage: 4.58% - Max: 93.96% - Min: -1.82% - Market Cap 9629 - Trading time: 00:03:00
05-09-2025 23:35:16.065 INFO Current price: 0.000000043026 - Current percentage: -13.01% - Max: 93.96% - Min: -13.01% - Market Cap 8010 - Trading time: 00:03:00
05-09-2025 23:35:16.068 INFO Current price: 0.000000037514 - Current percentage: -20.50% - Max: 93.96% - Min: -20.50% - Market Cap 7320 - Trading time: 00:03:00
05-09-2025 23:35:16.068 INFO Current price: 0.000000034970 - Current percentage: -24.41% - Max: 93.96% - Min: -24.41% - Market Cap 6960 - Trading time: 00:03:00
05-09-2025 23:35:16.072 INFO Current price: 0.000000033405 - Current percentage: -27.45% - Max: 93.96% - Min: -27.45% - Market Cap 6680 - Trading time: 00:03:00
05-09-2025 23:35:16.679 INFO Current price: 0.000000032192 - Current percentage: -29.80% - Max: 93.96% - Min: -29.80% - Market Cap 6464 - Trading time: 00:03:00
05-09-2025 23:35:17.246 INFO Current price: 0.000000031625 - Current percentage: -29.98% - Max: 93.96% - Min: -29.98% - Market Cap 6447 - Trading time: 00:03:01
05-09-2025 23:35:19.512 INFO Current price: 0.000000031579 - Current percentage: -30.00% - Max: 93.96% - Min: -30.00% - Market Cap 6445 - Trading time: 00:03:03
05-09-2025 23:35:21.680 INFO Current price: 0.000000031531 - Current percentage: -30.20% - Max: 93.96% - Min: -30.20% - Market Cap 6427 - Trading time: 00:03:05
05-09-2025 23:35:22.708 INFO Current price: 0.000000031171 - Current percentage: -31.59% - Max: 93.96% - Min: -31.59% - Market Cap 6299 - Trading time: 00:03:06
05-09-2025 23:35:26.411 INFO Current price: 0.000000030842 - Current percentage: -31.67% - Max: 93.96% - Min: -31.67% - Market Cap 6292 - Trading time: 00:03:10
05-09-2025 23:35:34.890 INFO Current price: 0.000000030292 - Current percentage: -33.34% - Max: 93.96% - Min: -33.34% - Market Cap 6138 - Trading time: 00:03:19
05-09-2025 23:35:38.106 INFO Current price: 0.000000030006 - Current percentage: -33.62% - Max: 93.96% - Min: -33.62% - Market Cap 6112 - Trading time: 00:03:22
05-09-2025 23:35:39.127 INFO Current price: 0.000000029893 - Current percentage: -33.84% - Max: 93.96% - Min: -33.84% - Market Cap 6092 - Trading time: 00:03:23
05-09-2025 23:35:40.092 INFO Current price: 0.000000029828 - Current percentage: -33.91% - Max: 93.96% - Min: -33.91% - Market Cap 6085 - Trading time: 00:03:24
05-09-2025 23:35:41.764 INFO Current price: 0.000000029766 - Current percentage: -34.12% - Max: 93.96% - Min: -34.12% - Market Cap 6066 - Trading time: 00:03:25
05-09-2025 23:36:15.152 INFO Current price: 0.000000029719 - Current percentage: -34.04% - Max: 93.96% - Min: -34.12% - Market Cap 6073 - Trading time: 00:03:59
05-09-2025 23:36:31.868 INFO Current price: 0.000000029683 - Current percentage: -34.20% - Max: 93.96% - Min: -34.20% - Market Cap 6058 - Trading time: 00:04:16
05-09-2025 23:37:09.289 INFO Current price: 0.000000029631 - Current percentage: -34.27% - Max: 93.96% - Min: -34.27% - Market Cap 6052 - Trading time: 00:04:53






05-09-2025 23:37:15.850 INFO {"type":"summary","reason":"max_window","startedAt":"2025-09-05T21:32:15.849Z","endedAt":"2025-09-05T21:37:15.850Z","durationSec":300,"entryPrice":4.9828206975e-8,"entryMarketCapSol":45.10933731744056,"entryMarketCapUsd":9207.717933235968,"minPct":-34.27394369313184,"maxPct":93.95693949877298,"buyCount":120,"sellCount":105,"tradeCount":225,"entryRecorded":true,"noPostThresholdTrades":false,"triggerAt":"2025-09-05T21:32:15.849Z","ageAtTriggerSec":22,"preTotalTrades":28,"preBuys":18,"preSells":10,"preUniqueTraders":16,"preEntryTotalTrades":33,"preEntryBuys":23,"preEntrySells":10,"preEntryUniqueTraders":19,"preEntryMinMcUsd":6802.975755009786,"preEntryMaxMcUsd":11234.910888753931,"thresholdMcSol":45.10933731744056,"thresholdMcUsd":9207.717933235968,"thresholdPrice":4.9828206975e-8}
