06-09-2025 04:11:15.649 INFO Entry price: 0.000000055244387372 - Entry market cap: 10855 - Buys 46 - Sells 21 - Ratio: 1:0.46 - Min MarketCap: 6380 - Max MarketCap: 11855
06-09-2025 04:11:15.649 INFO Current price: 0.000000055244 - Current percentage: 0.00% - Max: 0.00% - Min: 0.00% - Market Cap 10855 - Trading time: 00:00:02
06-09-2025 04:11:15.875 INFO Current price: 0.000000057391 - Current percentage: 8.70% - Max: 8.70% - Min: 0.00% - Market Cap 11799 - Trading time: 00:00:02
06-09-2025 04:11:16.757 INFO Current price: 0.000000057716 - Current percentage: 8.69% - Max: 8.70% - Min: 0.00% - Market Cap 11798 - Trading time: 00:00:03
06-09-2025 04:11:16.760 INFO Current price: 0.000000057711 - Current percentage: 8.68% - Max: 8.70% - Min: 0.00% - Market Cap 11797 - Trading time: 00:00:03
06-09-2025 04:11:16.762 INFO Current price: 0.000000057707 - Current percentage: 8.67% - Max: 8.70% - Min: 0.00% - Market Cap 11796 - Trading time: 00:00:03
06-09-2025 04:11:16.764 INFO Current price: 0.000000057704 - Current percentage: 8.67% - Max: 8.70% - Min: 0.00% - Market Cap 11796 - Trading time: 00:00:03
06-09-2025 04:11:16.922 INFO Current price: 0.000000057704 - Current percentage: 8.67% - Max: 8.70% - Min: 0.00% - Market Cap 11796 - Trading time: 00:00:03
06-09-2025 04:11:16.924 INFO Current price: 0.000000057701 - Current percentage: 8.66% - Max: 8.70% - Min: 0.00% - Market Cap 11795 - Trading time: 00:00:03
06-09-2025 04:11:16.931 INFO Current price: 0.000000057697 - Current percentage: 8.65% - Max: 8.70% - Min: 0.00% - Market Cap 11794 - Trading time: 00:00:03
06-09-2025 04:11:17.317 INFO Current price: 0.000000057734 - Current percentage: 8.80% - Max: 8.80% - Min: 0.00% - Market Cap 11810 - Trading time: 00:00:03
06-09-2025 04:11:17.382 INFO Current price: 0.000000057773 - Current percentage: 8.80% - Max: 8.80% - Min: 0.00% - Market Cap 11810 - Trading time: 00:00:03
06-09-2025 04:11:17.621 INFO Current price: 0.000000057358 - Current percentage: 7.24% - Max: 8.80% - Min: 0.00% - Market Cap 11641 - Trading time: 00:00:03
06-09-2025 04:11:18.145 INFO Current price: 0.000000056944 - Current percentage: 7.23% - Max: 8.80% - Min: 0.00% - Market Cap 11640 - Trading time: 00:00:04
06-09-2025 04:11:18.147 INFO Current price: 0.000000056940 - Current percentage: 7.23% - Max: 8.80% - Min: 0.00% - Market Cap 11639 - Trading time: 00:00:04
06-09-2025 04:11:18.332 INFO Current price: 0.000000057594 - Current percentage: 9.71% - Max: 9.71% - Min: 0.00% - Market Cap 11909 - Trading time: 00:00:04
06-09-2025 04:11:19.055 INFO Current price: 0.000000058272 - Current percentage: 9.76% - Max: 9.76% - Min: 0.00% - Market Cap 11915 - Trading time: 00:00:05
06-09-2025 04:11:20.295 INFO Current price: 0.000000057607 - Current percentage: 7.22% - Max: 9.76% - Min: 0.00% - Market Cap 11639 - Trading time: 00:00:06
06-09-2025 04:11:20.959 INFO Current price: 0.000000054046 - Current percentage: -3.39% - Max: 9.76% - Min: -3.39% - Market Cap 10487 - Trading time: 00:00:07
06-09-2025 04:11:21.190 INFO Current price: 0.000000051684 - Current percentage: -1.94% - Max: 9.76% - Min: -3.39% - Market Cap 10644 - Trading time: 00:00:07
06-09-2025 04:11:21.192 INFO Current price: 0.000000052004 - Current percentage: -2.19% - Max: 9.76% - Min: -3.39% - Market Cap 10617 - Trading time: 00:00:07
06-09-2025 04:11:21.407 INFO Current price: 0.000000051904 - Current percentage: -2.32% - Max: 9.76% - Min: -3.39% - Market Cap 10603 - Trading time: 00:00:07
06-09-2025 04:11:21.691 INFO Current price: 0.000000051995 - Current percentage: -1.85% - Max: 9.76% - Min: -3.39% - Market Cap 10654 - Trading time: 00:00:08
06-09-2025 04:11:21.895 INFO Current price: 0.000000052118 - Current percentage: -1.86% - Max: 9.76% - Min: -3.39% - Market Cap 10654 - Trading time: 00:00:08
06-09-2025 04:11:21.895 INFO Current price: 0.000000052114 - Current percentage: -1.86% - Max: 9.76% - Min: -3.39% - Market Cap 10653 - Trading time: 00:00:08
06-09-2025 04:11:22.049 INFO Current price: 0.000000052204 - Current percentage: -1.69% - Max: 9.76% - Min: -3.39% - Market Cap 10671 - Trading time: 00:00:08
06-09-2025 04:11:22.049 INFO Current price: 0.000000052200 - Current percentage: -1.70% - Max: 9.76% - Min: -3.39% - Market Cap 10670 - Trading time: 00:00:08
06-09-2025 04:11:22.049 INFO Current price: 0.000000052198 - Current percentage: -1.70% - Max: 9.76% - Min: -3.39% - Market Cap 10670 - Trading time: 00:00:08
06-09-2025 04:11:22.049 INFO Current price: 0.000000052196 - Current percentage: -1.71% - Max: 9.76% - Min: -3.39% - Market Cap 10669 - Trading time: 00:00:08
06-09-2025 04:11:22.099 INFO Current price: 0.000000052193 - Current percentage: -1.71% - Max: 9.76% - Min: -3.39% - Market Cap 10669 - Trading time: 00:00:08
06-09-2025 04:11:22.743 INFO Current price: 0.000000051537 - Current percentage: -4.16% - Max: 9.76% - Min: -4.16% - Market Cap 10403 - Trading time: 00:00:09
06-09-2025 04:11:22.889 INFO Current price: 0.000000050889 - Current percentage: -4.17% - Max: 9.76% - Min: -4.17% - Market Cap 10403 - Trading time: 00:00:09
06-09-2025 04:11:22.891 INFO Current price: 0.000000050887 - Current percentage: -4.17% - Max: 9.76% - Min: -4.17% - Market Cap 10402 - Trading time: 00:00:09
06-09-2025 04:11:22.893 INFO Current price: 0.000000050883 - Current percentage: -4.18% - Max: 9.76% - Min: -4.18% - Market Cap 10401 - Trading time: 00:00:09
06-09-2025 04:11:23.555 INFO Current price: 0.000000050874 - Current percentage: -4.18% - Max: 9.76% - Min: -4.18% - Market Cap 10401 - Trading time: 00:00:09
06-09-2025 04:11:26.046 INFO Current price: 0.000000050752 - Current percentage: -4.67% - Max: 9.76% - Min: -4.67% - Market Cap 10348 - Trading time: 00:00:12
06-09-2025 04:11:27.318 INFO Current price: 0.000000051243 - Current percentage: -2.32% - Max: 9.76% - Min: -4.67% - Market Cap 10603 - Trading time: 00:00:13
06-09-2025 04:11:27.382 INFO Current price: 0.000000051485 - Current percentage: -3.76% - Max: 9.76% - Min: -4.67% - Market Cap 10447 - Trading time: 00:00:13
06-09-2025 04:11:28.051 INFO Current price: 0.000000051291 - Current percentage: -3.06% - Max: 9.76% - Min: -4.67% - Market Cap 10523 - Trading time: 00:00:14
06-09-2025 04:11:28.267 INFO Current price: 0.000000052715 - Current percentage: 1.66% - Max: 9.76% - Min: -4.67% - Market Cap 11035 - Trading time: 00:00:14
06-09-2025 04:11:28.374 INFO Current price: 0.000000053611 - Current percentage: 0.27% - Max: 9.76% - Min: -4.67% - Market Cap 10884 - Trading time: 00:00:14
06-09-2025 04:11:28.376 INFO Current price: 0.000000052529 - Current percentage: -2.41% - Max: 9.76% - Min: -4.67% - Market Cap 10594 - Trading time: 00:00:14
06-09-2025 04:11:29.984 INFO Current price: 0.000000051828 - Current percentage: -2.39% - Max: 9.76% - Min: -4.67% - Market Cap 10595 - Trading time: 00:00:16
06-09-2025 04:11:30.979 INFO Current price: 0.000000053072 - Current percentage: 2.34% - Max: 9.76% - Min: -4.67% - Market Cap 11109 - Trading time: 00:00:17
06-09-2025 04:11:31.232 INFO Current price: 0.000000054271 - Current percentage: 2.07% - Max: 9.76% - Min: -4.67% - Market Cap 11079 - Trading time: 00:00:17
06-09-2025 04:11:31.252 INFO Current price: 0.000000056761 - Current percentage: 11.95% - Max: 11.95% - Min: -4.67% - Market Cap 12152 - Trading time: 00:00:17
06-09-2025 04:11:31.434 INFO Current price: 0.000000060125 - Current percentage: 14.52% - Max: 14.52% - Min: -4.67% - Market Cap 12431 - Trading time: 00:00:17
06-09-2025 04:11:31.726 INFO Current price: 0.000000060866 - Current percentage: 14.72% - Max: 14.72% - Min: -4.67% - Market Cap 12453 - Trading time: 00:00:18
06-09-2025 04:11:33.380 INFO Current price: 0.000000059404 - Current percentage: 9.09% - Max: 14.72% - Min: -4.67% - Market Cap 11841 - Trading time: 00:00:19
06-09-2025 04:11:33.652 INFO Current price: 0.000000057917 - Current percentage: 9.05% - Max: 14.72% - Min: -4.67% - Market Cap 11838 - Trading time: 00:00:20
06-09-2025 04:11:35.370 INFO Current price: 0.000000059249 - Current percentage: 14.16% - Max: 14.72% - Min: -4.67% - Market Cap 12392 - Trading time: 00:00:21
06-09-2025 04:11:36.656 INFO Current price: 0.000000060676 - Current percentage: 14.37% - Max: 14.72% - Min: -4.67% - Market Cap 12415 - Trading time: 00:00:23
06-09-2025 04:11:36.893 INFO Current price: 0.000000060839 - Current percentage: 14.77% - Max: 14.77% - Min: -4.67% - Market Cap 12459 - Trading time: 00:00:23
06-09-2025 04:11:40.871 INFO Current price: 0.000000061014 - Current percentage: 15.03% - Max: 15.03% - Min: -4.67% - Market Cap 12486 - Trading time: 00:00:27
06-09-2025 04:11:41.627 INFO Current price: 0.000000061175 - Current percentage: 15.38% - Max: 15.38% - Min: -4.67% - Market Cap 12525 - Trading time: 00:00:27
06-09-2025 04:11:46.661 INFO Current price: 0.000000061215 - Current percentage: 15.18% - Max: 15.38% - Min: -4.67% - Market Cap 12503 - Trading time: 00:00:33
06-09-2025 04:11:47.120 INFO Current price: 0.000000060588 - Current percentage: 13.03% - Max: 15.38% - Min: -4.67% - Market Cap 12269 - Trading time: 00:00:33
06-09-2025 04:11:47.493 INFO Current price: 0.000000061355 - Current percentage: 18.12% - Max: 18.12% - Min: -4.67% - Market Cap 12821 - Trading time: 00:00:33
06-09-2025 04:11:47.497 INFO Current price: 0.000000062789 - Current percentage: 18.37% - Max: 18.37% - Min: -4.67% - Market Cap 12849 - Trading time: 00:00:33
06-09-2025 04:11:50.795 INFO Current price: 0.000000062864 - Current percentage: 18.40% - Max: 18.40% - Min: -4.67% - Market Cap 12852 - Trading time: 00:00:37
06-09-2025 04:11:51.191 INFO Current price: 0.000000062378 - Current percentage: 16.55% - Max: 18.40% - Min: -4.67% - Market Cap 12651 - Trading time: 00:00:37
06-09-2025 04:11:51.571 INFO Current price: 0.000000061900 - Current percentage: 16.59% - Max: 18.40% - Min: -4.67% - Market Cap 12656 - Trading time: 00:00:37
06-09-2025 04:11:51.579 INFO Current price: 0.000000061815 - Current percentage: 16.23% - Max: 18.40% - Min: -4.67% - Market Cap 12617 - Trading time: 00:00:37
06-09-2025 04:11:52.349 INFO Current price: 0.000000063750 - Current percentage: 24.00% - Max: 24.00% - Min: -4.67% - Market Cap 13461 - Trading time: 00:00:38
06-09-2025 04:11:52.665 INFO Current price: 0.000000066197 - Current percentage: 25.32% - Max: 25.32% - Min: -4.67% - Market Cap 13604 - Trading time: 00:00:39
06-09-2025 04:11:53.253 INFO Current price: 0.000000066689 - Current percentage: 25.86% - Max: 25.86% - Min: -4.67% - Market Cap 13661 - Trading time: 00:00:39
06-09-2025 04:11:53.323 INFO Current price: 0.000000066900 - Current percentage: 26.12% - Max: 26.12% - Min: -4.67% - Market Cap 13690 - Trading time: 00:00:39
06-09-2025 04:11:55.784 INFO Current price: 0.000000066894 - Current percentage: 25.83% - Max: 26.12% - Min: -4.67% - Market Cap 13659 - Trading time: 00:00:42
06-09-2025 04:11:58.265 INFO Current price: 0.000000065979 - Current percentage: 22.69% - Max: 26.12% - Min: -4.67% - Market Cap 13318 - Trading time: 00:00:44
06-09-2025 04:11:58.275 INFO Current price: 0.000000064593 - Current percentage: 20.60% - Max: 26.12% - Min: -4.67% - Market Cap 13091 - Trading time: 00:00:44
06-09-2025 04:11:58.377 INFO Current price: 0.000000063626 - Current percentage: 19.05% - Max: 26.12% - Min: -4.67% - Market Cap 12922 - Trading time: 00:00:44
06-09-2025 04:11:58.381 INFO Current price: 0.000000062629 - Current percentage: 16.85% - Max: 26.12% - Min: -4.67% - Market Cap 12684 - Trading time: 00:00:44
06-09-2025 04:11:59.156 INFO Current price: 0.000000061953 - Current percentage: 16.49% - Max: 26.12% - Min: -4.67% - Market Cap 12645 - Trading time: 00:00:45
06-09-2025 04:11:59.418 INFO Current price: 0.000000061870 - Current percentage: 16.54% - Max: 26.12% - Min: -4.67% - Market Cap 12650 - Trading time: 00:00:45
06-09-2025 04:12:01.483 INFO Current price: 0.000000062011 - Current percentage: 17.02% - Max: 26.12% - Min: -4.67% - Market Cap 12702 - Trading time: 00:00:47
06-09-2025 04:12:01.722 INFO Current price: 0.000000061184 - Current percentage: 13.46% - Max: 26.12% - Min: -4.67% - Market Cap 12315 - Trading time: 00:00:48
06-09-2025 04:12:01.724 INFO Current price: 0.000000059615 - Current percentage: 11.09% - Max: 26.12% - Min: -4.67% - Market Cap 12059 - Trading time: 00:00:48
06-09-2025 04:12:05.477 INFO Current price: 0.000000058313 - Current percentage: 8.56% - Max: 26.12% - Min: -4.67% - Market Cap 11784 - Trading time: 00:00:51
06-09-2025 04:12:06.812 INFO Current price: 0.000000054842 - Current percentage: -1.74% - Max: 26.12% - Min: -4.67% - Market Cap 10666 - Trading time: 00:00:53
06-09-2025 04:12:06.812 INFO Current price: 0.000000050188 - Current percentage: -9.08% - Max: 26.12% - Min: -9.08% - Market Cap 9869 - Trading time: 00:00:53
06-09-2025 04:12:06.820 INFO Current price: 0.000000046518 - Current percentage: -15.59% - Max: 26.12% - Min: -15.59% - Market Cap 9163 - Trading time: 00:00:53
06-09-2025 04:12:06.820 INFO Current price: 0.000000043996 - Current percentage: -18.68% - Max: 26.12% - Min: -18.68% - Market Cap 8828 - Trading time: 00:00:53
06-09-2025 04:12:07.041 INFO Current price: 0.000000043180 - Current percentage: -18.68% - Max: 26.12% - Min: -18.68% - Market Cap 8828 - Trading time: 00:00:53
06-09-2025 04:12:07.667 INFO Current price: 0.000000043040 - Current percentage: -19.22% - Max: 26.12% - Min: -19.22% - Market Cap 8769 - Trading time: 00:00:54
06-09-2025 04:12:07.759 INFO Current price: 0.000000042824 - Current percentage: -19.49% - Max: 26.12% - Min: -19.49% - Market Cap 8739 - Trading time: 00:00:54
06-09-2025 04:12:07.959 INFO Current price: 0.000000042714 - Current percentage: -19.63% - Max: 26.12% - Min: -19.63% - Market Cap 8724 - Trading time: 00:00:54
06-09-2025 04:12:09.212 INFO Current price: 0.000000042251 - Current percentage: -21.22% - Max: 26.12% - Min: -21.22% - Market Cap 8551 - Trading time: 00:00:55
06-09-2025 04:12:09.840 INFO Current price: 0.000000041769 - Current percentage: -21.45% - Max: 26.12% - Min: -21.45% - Market Cap 8526 - Trading time: 00:00:56
06-09-2025 04:12:09.847 INFO Current price: 0.000000041684 - Current percentage: -21.55% - Max: 26.12% - Min: -21.55% - Market Cap 8516 - Trading time: 00:00:56
06-09-2025 04:12:12.090 INFO Current price: 0.000000041571 - Current percentage: -21.88% - Max: 26.12% - Min: -21.88% - Market Cap 8480 - Trading time: 00:00:58
06-09-2025 04:12:14.838 INFO Current price: 0.000000041094 - Current percentage: -23.33% - Max: 26.12% - Min: -23.33% - Market Cap 8322 - Trading time: 00:01:01
06-09-2025 04:12:17.093 INFO Current price: 0.000000041265 - Current percentage: -21.23% - Max: 26.12% - Min: -23.33% - Market Cap 8551 - Trading time: 00:01:03
06-09-2025 04:12:17.520 INFO Current price: 0.000000041995 - Current percentage: -20.60% - Max: 26.12% - Min: -23.33% - Market Cap 8619 - Trading time: 00:01:03
06-09-2025 04:12:18.661 INFO Current price: 0.000000042947 - Current percentage: -17.62% - Max: 26.12% - Min: -23.33% - Market Cap 8942 - Trading time: 00:01:05
06-09-2025 04:12:19.470 INFO Current price: 0.000000044884 - Current percentage: -13.27% - Max: 26.12% - Min: -23.33% - Market Cap 9414 - Trading time: 00:01:05
06-09-2025 04:12:21.917 INFO Current price: 0.000000046293 - Current percentage: -12.37% - Max: 26.12% - Min: -23.33% - Market Cap 9512 - Trading time: 00:01:08
06-09-2025 04:12:23.920 INFO Current price: 0.000000046575 - Current percentage: -12.21% - Max: 26.12% - Min: -23.33% - Market Cap 9529 - Trading time: 00:01:10
06-09-2025 04:12:25.676 INFO Current price: 0.000000046625 - Current percentage: -12.18% - Max: 26.12% - Min: -23.33% - Market Cap 9533 - Trading time: 00:01:12
06-09-2025 04:12:33.508 INFO Current price: 0.000000048064 - Current percentage: -7.18% - Max: 26.12% - Min: -23.33% - Market Cap 10075 - Trading time: 00:01:19
06-09-2025 04:12:33.930 INFO Current price: 0.000000049769 - Current percentage: -5.36% - Max: 26.12% - Min: -23.33% - Market Cap 10273 - Trading time: 00:01:20
06-09-2025 04:12:34.055 INFO Current price: 0.000000050357 - Current percentage: -4.98% - Max: 26.12% - Min: -23.33% - Market Cap 10315 - Trading time: 00:01:20
06-09-2025 04:12:34.933 INFO Current price: 0.000000050459 - Current percentage: -4.98% - Max: 26.12% - Min: -23.33% - Market Cap 10315 - Trading time: 00:01:21
06-09-2025 04:12:40.986 INFO Current price: 0.000000050471 - Current percentage: -4.93% - Max: 26.12% - Min: -23.33% - Market Cap 10320 - Trading time: 00:01:27
06-09-2025 04:12:44.213 INFO Current price: 0.000000051103 - Current percentage: -2.58% - Max: 26.12% - Min: -23.33% - Market Cap 10574 - Trading time: 00:01:30
06-09-2025 04:12:46.452 INFO Current price: 0.000000052216 - Current percentage: -0.74% - Max: 26.12% - Min: -23.33% - Market Cap 10774 - Trading time: 00:01:32
06-09-2025 04:12:46.460 INFO Current price: 0.000000052707 - Current percentage: -0.74% - Max: 26.12% - Min: -23.33% - Market Cap 10774 - Trading time: 00:01:32
06-09-2025 04:12:46.464 INFO Current price: 0.000000053154 - Current percentage: 0.95% - Max: 26.12% - Min: -23.33% - Market Cap 10958 - Trading time: 00:01:32
06-09-2025 04:12:47.244 INFO Current price: 0.000000053617 - Current percentage: 1.00% - Max: 26.12% - Min: -23.33% - Market Cap 10963 - Trading time: 00:01:33
06-09-2025 04:12:47.627 INFO Current price: 0.000000053616 - Current percentage: 0.94% - Max: 26.12% - Min: -23.33% - Market Cap 10957 - Trading time: 00:01:33
06-09-2025 04:12:54.448 INFO Current price: 0.000000053099 - Current percentage: -0.94% - Max: 26.12% - Min: -23.33% - Market Cap 10752 - Trading time: 00:01:40
06-09-2025 04:12:54.456 INFO Current price: 0.000000052161 - Current percentage: -2.59% - Max: 26.12% - Min: -23.33% - Market Cap 10574 - Trading time: 00:01:40
06-09-2025 04:12:59.904 INFO Current price: 0.000000051102 - Current percentage: -4.93% - Max: 26.12% - Min: -23.33% - Market Cap 10320 - Trading time: 00:01:46
06-09-2025 04:13:00.203 INFO Current price: 0.000000050384 - Current percentage: -5.31% - Max: 26.12% - Min: -23.33% - Market Cap 10279 - Trading time: 00:01:46
06-09-2025 04:13:00.247 INFO Current price: 0.000000050273 - Current percentage: -5.34% - Max: 26.12% - Min: -23.33% - Market Cap 10275 - Trading time: 00:01:46
06-09-2025 04:13:00.394 INFO Current price: 0.000000049225 - Current percentage: -9.21% - Max: 26.12% - Min: -23.33% - Market Cap 9855 - Trading time: 00:01:46
06-09-2025 04:13:01.433 INFO Current price: 0.000000048328 - Current percentage: -8.76% - Max: 26.12% - Min: -23.33% - Market Cap 9904 - Trading time: 00:01:47
06-09-2025 04:13:03.481 INFO Current price: 0.000000048448 - Current percentage: -8.76% - Max: 26.12% - Min: -23.33% - Market Cap 9904 - Trading time: 00:01:49
06-09-2025 04:13:05.882 INFO Current price: 0.000000048545 - Current percentage: -8.40% - Max: 26.12% - Min: -23.33% - Market Cap 9944 - Trading time: 00:01:52
06-09-2025 04:13:11.125 INFO Current price: 0.000000048639 - Current percentage: -8.41% - Max: 26.12% - Min: -23.33% - Market Cap 9942 - Trading time: 00:01:57
06-09-2025 04:13:16.923 INFO Current price: 0.000000048732 - Current percentage: -8.04% - Max: 26.12% - Min: -23.33% - Market Cap 9982 - Trading time: 00:02:03
06-09-2025 04:13:17.860 INFO Current price: 0.000000047357 - Current percentage: -13.51% - Max: 26.12% - Min: -23.33% - Market Cap 9389 - Trading time: 00:02:04
06-09-2025 04:13:19.200 INFO Current price: 0.000000045282 - Current percentage: -15.93% - Max: 26.12% - Min: -23.33% - Market Cap 9126 - Trading time: 00:02:05
06-09-2025 04:13:20.789 INFO Current price: 0.000000044954 - Current percentage: -15.34% - Max: 26.12% - Min: -23.33% - Market Cap 9190 - Trading time: 00:02:07
06-09-2025 04:13:23.594 INFO Current price: 0.000000045073 - Current percentage: -14.90% - Max: 26.12% - Min: -23.33% - Market Cap 9238 - Trading time: 00:02:09
06-09-2025 04:13:31.010 INFO Current price: 0.000000044774 - Current percentage: -16.46% - Max: 26.12% - Min: -23.33% - Market Cap 9069 - Trading time: 00:02:17
06-09-2025 04:13:33.557 INFO Current price: 0.000000045536 - Current percentage: -11.98% - Max: 26.12% - Min: -23.33% - Market Cap 9555 - Trading time: 00:02:19
06-09-2025 04:13:33.615 INFO Current price: 0.000000047336 - Current percentage: -9.72% - Max: 26.12% - Min: -23.33% - Market Cap 9800 - Trading time: 00:02:19
06-09-2025 04:13:33.617 INFO Current price: 0.000000049582 - Current percentage: -3.43% - Max: 26.12% - Min: -23.33% - Market Cap 10483 - Trading time: 00:02:19
06-09-2025 04:13:33.741 INFO Current price: 0.000000055595 - Current percentage: 7.61% - Max: 26.12% - Min: -23.33% - Market Cap 11681 - Trading time: 00:02:20
06-09-2025 04:13:33.741 INFO Current price: 0.000000057468 - Current percentage: 8.84% - Max: 26.12% - Min: -23.33% - Market Cap 11815 - Trading time: 00:02:20
06-09-2025 04:13:33.753 INFO Current price: 0.000000058181 - Current percentage: 10.30% - Max: 26.12% - Min: -23.33% - Market Cap 11973 - Trading time: 00:02:20
06-09-2025 04:13:34.059 INFO Current price: 0.000000058599 - Current percentage: 10.30% - Max: 26.12% - Min: -23.33% - Market Cap 11973 - Trading time: 00:02:20
06-09-2025 04:13:34.125 INFO Current price: 0.000000058585 - Current percentage: 10.36% - Max: 26.12% - Min: -23.33% - Market Cap 11979 - Trading time: 00:02:20
06-09-2025 04:13:34.304 INFO Current price: 0.000000056998 - Current percentage: 4.40% - Max: 26.12% - Min: -23.33% - Market Cap 11333 - Trading time: 00:02:20
06-09-2025 04:13:34.449 INFO Current price: 0.000000055082 - Current percentage: 3.06% - Max: 26.12% - Min: -23.33% - Market Cap 11187 - Trading time: 00:02:20
06-09-2025 04:13:34.582 INFO Current price: 0.000000054740 - Current percentage: 3.11% - Max: 26.12% - Min: -23.33% - Market Cap 11193 - Trading time: 00:02:20
06-09-2025 04:13:34.948 INFO Current price: 0.000000054765 - Current percentage: 3.16% - Max: 26.12% - Min: -23.33% - Market Cap 11198 - Trading time: 00:02:21
06-09-2025 04:13:35.862 INFO Current price: 0.000000053252 - Current percentage: -2.51% - Max: 26.12% - Min: -23.33% - Market Cap 10583 - Trading time: 00:02:22
06-09-2025 04:13:35.995 INFO Current price: 0.000000051093 - Current percentage: -5.04% - Max: 26.12% - Min: -23.33% - Market Cap 10308 - Trading time: 00:02:22
06-09-2025 04:13:36.006 INFO Current price: 0.000000048768 - Current percentage: -11.18% - Max: 26.12% - Min: -23.33% - Market Cap 9641 - Trading time: 00:02:22
06-09-2025 04:13:36.252 INFO Current price: 0.000000044861 - Current percentage: -15.53% - Max: 26.12% - Min: -23.33% - Market Cap 9169 - Trading time: 00:02:22
06-09-2025 04:13:37.862 INFO Current price: 0.000000044680 - Current percentage: -16.18% - Max: 26.12% - Min: -23.33% - Market Cap 9099 - Trading time: 00:02:24
06-09-2025 04:13:49.210 INFO Current price: 0.000000044528 - Current percentage: -16.18% - Max: 26.12% - Min: -23.33% - Market Cap 9099 - Trading time: 00:02:35
06-09-2025 04:13:51.832 INFO Current price: 0.000000044602 - Current percentage: -15.83% - Max: 26.12% - Min: -23.33% - Market Cap 9137 - Trading time: 00:02:38
06-09-2025 04:14:01.266 INFO Current price: 0.000000044513 - Current percentage: -16.52% - Max: 26.12% - Min: -23.33% - Market Cap 9062 - Trading time: 00:02:47
06-09-2025 04:14:01.561 INFO Current price: 0.000000044109 - Current percentage: -17.35% - Max: 26.12% - Min: -23.33% - Market Cap 8972 - Trading time: 00:02:47
06-09-2025 04:14:02.139 INFO Current price: 0.000000043877 - Current percentage: -17.39% - Max: 26.12% - Min: -23.33% - Market Cap 8967 - Trading time: 00:02:48
06-09-2025 04:14:02.593 INFO Current price: 0.000000043931 - Current percentage: -17.15% - Max: 26.12% - Min: -23.33% - Market Cap 8993 - Trading time: 00:02:48
06-09-2025 04:14:04.470 INFO Current price: 0.000000045149 - Current percentage: -12.74% - Max: 26.12% - Min: -23.33% - Market Cap 9472 - Trading time: 00:02:50
06-09-2025 04:14:04.598 INFO Current price: 0.000000046626 - Current percentage: -11.64% - Max: 26.12% - Min: -23.33% - Market Cap 9591 - Trading time: 00:02:50
06-09-2025 04:14:04.605 INFO Current price: 0.000000047199 - Current percentage: -10.59% - Max: 26.12% - Min: -23.33% - Market Cap 9706 - Trading time: 00:02:50
06-09-2025 04:14:04.607 INFO Current price: 0.000000047983 - Current percentage: -8.68% - Max: 26.12% - Min: -23.33% - Market Cap 9913 - Trading time: 00:02:50
06-09-2025 04:14:05.122 INFO Current price: 0.000000048507 - Current percentage: -8.62% - Max: 26.12% - Min: -23.33% - Market Cap 9919 - Trading time: 00:02:51
06-09-2025 04:14:06.888 INFO Current price: 0.000000048517 - Current percentage: -8.64% - Max: 26.12% - Min: -23.33% - Market Cap 9917 - Trading time: 00:02:53
06-09-2025 04:14:12.538 INFO Current price: 0.000000049119 - Current percentage: -6.34% - Max: 26.12% - Min: -23.33% - Market Cap 10166 - Trading time: 00:02:58
06-09-2025 04:14:14.290 INFO Current price: 0.000000049915 - Current percentage: -5.65% - Max: 26.12% - Min: -23.33% - Market Cap 10241 - Trading time: 00:03:00
06-09-2025 04:14:16.391 INFO Current price: 0.000000050281 - Current percentage: -4.96% - Max: 26.12% - Min: -23.33% - Market Cap 10316 - Trading time: 00:03:02
06-09-2025 04:14:23.346 INFO Current price: 0.000000050471 - Current percentage: -4.94% - Max: 26.12% - Min: -23.33% - Market Cap 10319 - Trading time: 00:03:09
06-09-2025 04:14:40.733 INFO Current price: 0.000000049260 - Current percentage: -9.47% - Max: 26.12% - Min: -23.33% - Market Cap 9827 - Trading time: 00:03:27
06-09-2025 04:14:40.847 INFO Current price: 0.000000047769 - Current percentage: -10.61% - Max: 26.12% - Min: -23.33% - Market Cap 9703 - Trading time: 00:03:27
06-09-2025 04:14:41.342 INFO Current price: 0.000000047451 - Current percentage: -10.67% - Max: 26.12% - Min: -23.33% - Market Cap 9697 - Trading time: 00:03:27
06-09-2025 04:14:43.852 INFO Current price: 0.000000047531 - Current percentage: -10.31% - Max: 26.12% - Min: -23.33% - Market Cap 9736 - Trading time: 00:03:30
06-09-2025 04:14:45.273 INFO Current price: 0.000000047745 - Current percentage: -9.86% - Max: 26.12% - Min: -23.33% - Market Cap 9784 - Trading time: 00:03:31
06-09-2025 04:14:46.370 INFO Current price: 0.000000047984 - Current percentage: -9.41% - Max: 26.12% - Min: -23.33% - Market Cap 9833 - Trading time: 00:03:32
06-09-2025 04:14:48.507 INFO Current price: 0.000000051021 - Current percentage: 1.91% - Max: 26.12% - Min: -23.33% - Market Cap 11062 - Trading time: 00:03:34
06-09-2025 04:14:48.507 INFO Current price: 0.000000057360 - Current percentage: 14.50% - Max: 26.12% - Min: -23.33% - Market Cap 12428 - Trading time: 00:03:34
06-09-2025 04:14:48.660 INFO Current price: 0.000000061197 - Current percentage: 16.00% - Max: 26.12% - Min: -23.33% - Market Cap 12592 - Trading time: 00:03:35
06-09-2025 04:14:49.125 INFO Current price: 0.000000061616 - Current percentage: 16.07% - Max: 26.12% - Min: -23.33% - Market Cap 12599 - Trading time: 00:03:35
06-09-2025 04:14:50.125 INFO Current price: 0.000000058737 - Current percentage: 5.41% - Max: 26.12% - Min: -23.33% - Market Cap 11443 - Trading time: 00:03:36
06-09-2025 04:14:50.178 INFO Current price: 0.000000053234 - Current percentage: -4.66% - Max: 26.12% - Min: -23.33% - Market Cap 10349 - Trading time: 00:03:36
06-09-2025 04:14:50.390 INFO Current price: 0.000000049273 - Current percentage: -9.69% - Max: 26.12% - Min: -23.33% - Market Cap 9803 - Trading time: 00:03:36
06-09-2025 04:14:50.392 INFO Current price: 0.000000047672 - Current percentage: -10.76% - Max: 26.12% - Min: -23.33% - Market Cap 9687 - Trading time: 00:03:36
06-09-2025 04:14:50.400 INFO Current price: 0.000000047067 - Current percentage: -11.96% - Max: 26.12% - Min: -23.33% - Market Cap 9556 - Trading time: 00:03:36
06-09-2025 04:14:50.697 INFO Current price: 0.000000046483 - Current percentage: -12.96% - Max: 26.12% - Min: -23.33% - Market Cap 9448 - Trading time: 00:03:37
06-09-2025 04:14:50.792 INFO Current price: 0.000000046336 - Current percentage: -12.52% - Max: 26.12% - Min: -23.33% - Market Cap 9496 - Trading time: 00:03:37
06-09-2025 04:14:51.218 INFO Current price: 0.000000046442 - Current percentage: -12.56% - Max: 26.12% - Min: -23.33% - Market Cap 9491 - Trading time: 00:03:37
06-09-2025 04:14:53.162 INFO Current price: 0.000000046443 - Current percentage: -12.52% - Max: 26.12% - Min: -23.33% - Market Cap 9496 - Trading time: 00:03:39
06-09-2025 04:14:53.165 INFO Current price: 0.000000046631 - Current percentage: -11.85% - Max: 26.12% - Min: -23.33% - Market Cap 9568 - Trading time: 00:03:39
06-09-2025 04:14:53.175 INFO Current price: 0.000000047397 - Current percentage: -9.62% - Max: 26.12% - Min: -23.33% - Market Cap 9811 - Trading time: 00:03:39
06-09-2025 04:14:53.243 INFO Current price: 0.000000048304 - Current percentage: -8.45% - Max: 26.12% - Min: -23.33% - Market Cap 9938 - Trading time: 00:03:39
06-09-2025 04:14:53.355 INFO Current price: 0.000000049849 - Current percentage: -3.74% - Max: 26.12% - Min: -23.33% - Market Cap 10449 - Trading time: 00:03:39
06-09-2025 04:14:53.456 INFO Current price: 0.000000051445 - Current percentage: -2.49% - Max: 26.12% - Min: -23.33% - Market Cap 10585 - Trading time: 00:03:39
06-09-2025 04:14:53.566 INFO Current price: 0.000000051795 - Current percentage: -2.43% - Max: 26.12% - Min: -23.33% - Market Cap 10591 - Trading time: 00:03:39
06-09-2025 04:14:55.220 INFO Current price: 0.000000052679 - Current percentage: 0.87% - Max: 26.12% - Min: -23.33% - Market Cap 10949 - Trading time: 00:03:41
06-09-2025 04:14:59.031 INFO Current price: 0.000000053417 - Current percentage: 0.32% - Max: 26.12% - Min: -23.33% - Market Cap 10890 - Trading time: 00:03:45
06-09-2025 04:15:03.519 INFO Current price: 0.000000051820 - Current percentage: -5.07% - Max: 26.12% - Min: -23.33% - Market Cap 10304 - Trading time: 00:03:49
06-09-2025 04:15:03.783 INFO Current price: 0.000000050077 - Current percentage: -6.31% - Max: 26.12% - Min: -23.33% - Market Cap 10170 - Trading time: 00:03:50
06-09-2025 04:15:03.840 INFO Current price: 0.000000049435 - Current percentage: -7.49% - Max: 26.12% - Min: -23.33% - Market Cap 10042 - Trading time: 00:03:50
06-09-2025 04:15:04.225 INFO Current price: 0.000000049108 - Current percentage: -7.55% - Max: 26.12% - Min: -23.33% - Market Cap 10036 - Trading time: 00:03:50
06-09-2025 04:15:05.157 INFO Current price: 0.000000049214 - Current percentage: -7.09% - Max: 26.12% - Min: -23.33% - Market Cap 10085 - Trading time: 00:03:51
06-09-2025 04:15:06.640 INFO Current price: 0.000000049396 - Current percentage: -6.86% - Max: 26.12% - Min: -23.33% - Market Cap 10110 - Trading time: 00:03:52
06-09-2025 04:15:37.973 INFO Current price: 0.000000049566 - Current percentage: -6.54% - Max: 26.12% - Min: -23.33% - Market Cap 10144 - Trading time: 00:04:24
06-09-2025 04:15:44.232 INFO Current price: 0.000000049549 - Current percentage: -6.83% - Max: 26.12% - Min: -23.33% - Market Cap 10113 - Trading time: 00:04:30
06-09-2025 04:15:45.064 INFO Current price: 0.000000049570 - Current percentage: -6.47% - Max: 26.12% - Min: -23.33% - Market Cap 10153 - Trading time: 00:04:31
06-09-2025 04:15:45.556 INFO Current price: 0.000000049675 - Current percentage: -6.44% - Max: 26.12% - Min: -23.33% - Market Cap 10156 - Trading time: 00:04:31
06-09-2025 04:15:51.715 INFO Current price: 0.000000049338 - Current percentage: -7.73% - Max: 26.12% - Min: -23.33% - Market Cap 10016 - Trading time: 00:04:38
06-09-2025 04:15:52.069 INFO Current price: 0.000000048936 - Current percentage: -7.95% - Max: 26.12% - Min: -23.33% - Market Cap 9991 - Trading time: 00:04:38
06-09-2025 04:15:52.901 INFO Current price: 0.000000048778 - Current percentage: -8.33% - Max: 26.12% - Min: -23.33% - Market Cap 9951 - Trading time: 00:04:39
06-09-2025 04:15:58.988 INFO Current price: 0.000000046635 - Current percentage: -15.86% - Max: 26.12% - Min: -23.33% - Market Cap 9133 - Trading time: 00:04:45
06-09-2025 04:15:58.990 INFO Current price: 0.000000042711 - Current percentage: -23.11% - Max: 26.12% - Min: -23.33% - Market Cap 8347 - Trading time: 00:04:45
06-09-2025 04:15:59.191 INFO Current price: 0.000000039927 - Current percentage: -26.48% - Max: 26.12% - Min: -26.48% - Market Cap 7981 - Trading time: 00:04:45
06-09-2025 04:15:59.429 INFO Current price: 0.000000038674 - Current percentage: -27.85% - Max: 26.12% - Min: -27.85% - Market Cap 7831 - Trading time: 00:04:45
06-09-2025 04:16:01.597 INFO Current price: 0.000000038225 - Current percentage: -28.17% - Max: 26.12% - Min: -28.17% - Market Cap 7797 - Trading time: 00:04:47
06-09-2025 04:16:03.418 INFO Current price: 0.000000038074 - Current percentage: -28.42% - Max: 26.12% - Min: -28.42% - Market Cap 7770 - Trading time: 00:04:49
06-09-2025 04:16:03.858 INFO Current price: 0.000000037888 - Current percentage: -28.87% - Max: 26.12% - Min: -28.87% - Market Cap 7721 - Trading time: 00:04:50
06-09-2025 04:16:05.308 INFO Current price: 0.000000037864 - Current percentage: -28.51% - Max: 26.12% - Min: -28.87% - Market Cap 7760 - Trading time: 00:04:51
06-09-2025 04:16:06.035 INFO Current price: 0.000000037539 - Current percentage: -30.09% - Max: 26.12% - Min: -30.09% - Market Cap 7589 - Trading time: 00:04:52
06-09-2025 04:16:07.376 INFO Current price: 0.000000036004 - Current percentage: -34.24% - Max: 26.12% - Min: -34.24% - Market Cap 7138 - Trading time: 00:04:53
06-09-2025 04:16:07.988 INFO Current price: 0.000000034840 - Current percentage: -34.54% - Max: 26.12% - Min: -34.54% - Market Cap 7106 - Trading time: 00:04:54
06-09-2025 04:16:09.904 INFO Current price: 0.000000034737 - Current percentage: -34.76% - Max: 26.12% - Min: -34.76% - Market Cap 7082 - Trading time: 00:04:56
06-09-2025 04:16:11.275 INFO Current price: 0.000000034558 - Current percentage: -35.34% - Max: 26.12% - Min: -35.34% - Market Cap 7019 - Trading time: 00:04:57
06-09-2025 04:16:11.686 INFO Current price: 0.000000034299 - Current percentage: -35.73% - Max: 26.12% - Min: -35.73% - Market Cap 6976 - Trading time: 00:04:58
06-09-2025 04:16:12.207 INFO Current price: 0.000000034169 - Current percentage: -35.83% - Max: 26.12% - Min: -35.83% - Market Cap 6966 - Trading time: 00:04:58
06-09-2025 04:16:13.569 INFO Current price: 0.000000034137 - Current percentage: -35.85% - Max: 26.12% - Min: -35.85% - Market Cap 6963 - Trading time: 00:04:59






06-09-2025 04:16:13.648 INFO {"type":"summary","reason":"max_window","startedAt":"2025-09-06T02:11:13.648Z","endedAt":"2025-09-06T02:16:13.648Z","durationSec":300,"entryPrice":5.524438737193967e-8,"entryMarketCapSol":53.10080043995546,"entryMarketCapUsd":10854.865625935694,"minPct":-35.85356747758717,"maxPct":26.120485889925817,"buyCount":96,"sellCount":118,"tradeCount":214,"entryRecorded":true,"noPostThresholdTrades":false,"triggerAt":"2025-09-06T02:11:13.648Z","ageAtTriggerSec":11,"preTotalTrades":65,"preBuys":44,"preSells":21,"preUniqueTraders":44,"preEntryTotalTrades":67,"preEntryBuys":46,"preEntrySells":21,"preEntryUniqueTraders":46,"preEntryMinMcUsd":6380.070075095019,"preEntryMaxMcUsd":11855.058914865123,"thresholdMcSol":53.10080043995546,"thresholdMcUsd":10854.865625935694,"thresholdPrice":5.524438737193967e-8}
