06-09-2025 06:30:33.465 INFO Entry price: 0.000000057457250660 - Entry market cap: 11171 - Buys 97 - Sells 74 - Ratio: 1:0.76 - Min MarketCap: 7717 - Max MarketCap: 13975
06-09-2025 06:30:33.465 INFO Current price: 0.000000057457 - Current percentage: 0.00% - Max: 0.00% - Min: 0.00% - Market Cap 11171 - Trading time: 00:00:02
06-09-2025 06:30:35.988 INFO Current price: 0.000000060046 - Current percentage: 9.09% - Max: 9.09% - Min: 0.00% - Market Cap 12187 - Trading time: 00:00:04
06-09-2025 06:30:37.796 INFO Current price: 0.000000060014 - Current percentage: 9.58% - Max: 9.58% - Min: 0.00% - Market Cap 12241 - Trading time: 00:00:06
06-09-2025 06:30:38.285 INFO Current price: 0.000000058719 - Current percentage: 4.43% - Max: 9.58% - Min: 0.00% - Market Cap 11667 - Trading time: 00:00:06
06-09-2025 06:30:38.864 INFO Current price: 0.000000057517 - Current percentage: 5.13% - Max: 9.58% - Min: 0.00% - Market Cap 11745 - Trading time: 00:00:07
06-09-2025 06:30:55.317 INFO Current price: 0.000000056115 - Current percentage: -0.59% - Max: 9.58% - Min: -0.59% - Market Cap 11105 - Trading time: 00:00:23
06-09-2025 06:30:56.597 INFO Current price: 0.000000054553 - Current percentage: -0.64% - Max: 9.58% - Min: -0.64% - Market Cap 11100 - Trading time: 00:00:25
06-09-2025 06:30:56.764 INFO Current price: 0.000000054356 - Current percentage: -1.31% - Max: 9.58% - Min: -1.31% - Market Cap 11025 - Trading time: 00:00:25
06-09-2025 06:30:56.915 INFO Current price: 0.000000053955 - Current percentage: -2.10% - Max: 9.58% - Min: -2.10% - Market Cap 10937 - Trading time: 00:00:25
06-09-2025 06:30:56.924 INFO Current price: 0.000000053560 - Current percentage: -2.75% - Max: 9.58% - Min: -2.75% - Market Cap 10864 - Trading time: 00:00:25
06-09-2025 06:31:06.713 INFO Current price: 0.000000053191 - Current percentage: -3.44% - Max: 9.58% - Min: -3.44% - Market Cap 10787 - Trading time: 00:00:35
06-09-2025 06:31:13.615 INFO Current price: 0.000000052887 - Current percentage: -3.86% - Max: 9.58% - Min: -3.86% - Market Cap 10740 - Trading time: 00:00:42
06-09-2025 06:31:19.102 INFO Current price: 0.000000051652 - Current percentage: -7.90% - Max: 9.58% - Min: -7.90% - Market Cap 10289 - Trading time: 00:00:47
06-09-2025 06:31:19.622 INFO Current price: 0.000000050399 - Current percentage: -8.47% - Max: 9.58% - Min: -8.47% - Market Cap 10226 - Trading time: 00:00:48
06-09-2025 06:31:19.681 INFO Current price: 0.000000049497 - Current percentage: -11.17% - Max: 9.58% - Min: -11.17% - Market Cap 9924 - Trading time: 00:00:48
06-09-2025 06:31:19.685 INFO Current price: 0.000000047857 - Current percentage: -14.43% - Max: 9.58% - Min: -14.43% - Market Cap 9560 - Trading time: 00:00:48
06-09-2025 06:31:19.852 INFO Current price: 0.000000046036 - Current percentage: -17.80% - Max: 9.58% - Min: -17.80% - Market Cap 9183 - Trading time: 00:00:48
06-09-2025 06:31:20.008 INFO Current price: 0.000000046277 - Current percentage: -13.53% - Max: 9.58% - Min: -17.80% - Market Cap 9660 - Trading time: 00:00:48
06-09-2025 06:31:20.105 INFO Current price: 0.000000047752 - Current percentage: -12.48% - Max: 9.58% - Min: -17.80% - Market Cap 9777 - Trading time: 00:00:48
06-09-2025 06:31:20.547 INFO Current price: 0.000000048054 - Current percentage: -12.43% - Max: 9.58% - Min: -17.80% - Market Cap 9782 - Trading time: 00:00:49
06-09-2025 06:31:34.499 INFO Current price: 0.000000047622 - Current percentage: -14.04% - Max: 9.58% - Min: -17.80% - Market Cap 9603 - Trading time: 00:01:03
06-09-2025 06:31:37.733 INFO Current price: 0.000000047169 - Current percentage: -14.09% - Max: 9.58% - Min: -17.80% - Market Cap 9597 - Trading time: 00:01:06
06-09-2025 06:31:40.338 INFO Current price: 0.000000046510 - Current percentage: -16.43% - Max: 9.58% - Min: -17.80% - Market Cap 9336 - Trading time: 00:01:08
06-09-2025 06:31:40.342 INFO Current price: 0.000000045170 - Current percentage: -18.97% - Max: 9.58% - Min: -18.97% - Market Cap 9052 - Trading time: 00:01:08
06-09-2025 06:31:40.351 INFO Current price: 0.000000043796 - Current percentage: -21.44% - Max: 9.58% - Min: -21.44% - Market Cap 8777 - Trading time: 00:01:08
06-09-2025 06:31:40.402 INFO Current price: 0.000000042878 - Current percentage: -22.33% - Max: 9.58% - Min: -22.33% - Market Cap 8677 - Trading time: 00:01:08
06-09-2025 06:31:40.589 INFO Current price: 0.000000042451 - Current percentage: -22.99% - Max: 9.58% - Min: -22.99% - Market Cap 8603 - Trading time: 00:01:09
06-09-2025 06:31:40.794 INFO Current price: 0.000000040996 - Current percentage: -27.57% - Max: 9.58% - Min: -27.57% - Market Cap 8092 - Trading time: 00:01:09
06-09-2025 06:31:41.229 INFO Current price: 0.000000039750 - Current percentage: -27.60% - Max: 9.58% - Min: -27.60% - Market Cap 8088 - Trading time: 00:01:09
06-09-2025 06:31:46.028 INFO Current price: 0.000000039631 - Current percentage: -28.00% - Max: 9.58% - Min: -28.00% - Market Cap 8043 - Trading time: 00:01:14
06-09-2025 06:31:46.231 INFO Current price: 0.000000039449 - Current percentage: -28.26% - Max: 9.58% - Min: -28.26% - Market Cap 8014 - Trading time: 00:01:14
06-09-2025 06:31:50.392 INFO Current price: 0.000000038478 - Current percentage: -31.50% - Max: 9.58% - Min: -31.50% - Market Cap 7652 - Trading time: 00:01:18
06-09-2025 06:31:55.098 INFO Current price: 0.000000037652 - Current percentage: -31.31% - Max: 9.58% - Min: -31.50% - Market Cap 7674 - Trading time: 00:01:23
06-09-2025 06:32:11.214 INFO Current price: 0.000000037657 - Current percentage: -31.48% - Max: 9.58% - Min: -31.50% - Market Cap 7654 - Trading time: 00:01:39
06-09-2025 06:32:15.826 INFO Current price: 0.000000037711 - Current percentage: -31.11% - Max: 9.58% - Min: -31.50% - Market Cap 7696 - Trading time: 00:01:44
06-09-2025 06:32:15.921 INFO Current price: 0.000000038084 - Current percentage: -30.13% - Max: 9.58% - Min: -31.50% - Market Cap 7805 - Trading time: 00:01:44
06-09-2025 06:32:17.880 INFO Current price: 0.000000038856 - Current percentage: -28.28% - Max: 9.58% - Min: -31.50% - Market Cap 8012 - Trading time: 00:01:46
06-09-2025 06:32:17.887 INFO Current price: 0.000000039938 - Current percentage: -26.19% - Max: 9.58% - Min: -31.50% - Market Cap 8246 - Trading time: 00:01:46
06-09-2025 06:32:18.000 INFO Current price: 0.000000040711 - Current percentage: -25.48% - Max: 9.58% - Min: -31.50% - Market Cap 8325 - Trading time: 00:01:46
06-09-2025 06:32:18.067 INFO Current price: 0.000000041124 - Current percentage: -24.68% - Max: 9.58% - Min: -31.50% - Market Cap 8414 - Trading time: 00:01:46
06-09-2025 06:32:19.306 INFO Current price: 0.000000041354 - Current percentage: -24.64% - Max: 9.58% - Min: -31.50% - Market Cap 8419 - Trading time: 00:01:47
06-09-2025 06:32:19.352 INFO Current price: 0.000000042474 - Current percentage: -20.55% - Max: 9.58% - Min: -31.50% - Market Cap 8876 - Trading time: 00:01:47
06-09-2025 06:32:23.540 INFO Current price: 0.000000043190 - Current percentage: -22.08% - Max: 9.58% - Min: -31.50% - Market Cap 8705 - Trading time: 00:01:52
06-09-2025 06:32:23.994 INFO Current price: 0.000000042543 - Current percentage: -22.91% - Max: 9.58% - Min: -31.50% - Market Cap 8612 - Trading time: 00:01:52
06-09-2025 06:32:24.647 INFO Current price: 0.000000042595 - Current percentage: -21.89% - Max: 9.58% - Min: -31.50% - Market Cap 8726 - Trading time: 00:01:53
06-09-2025 06:32:24.756 INFO Current price: 0.000000043160 - Current percentage: -20.86% - Max: 9.58% - Min: -31.50% - Market Cap 8842 - Trading time: 00:01:53
06-09-2025 06:32:25.469 INFO Current price: 0.000000042518 - Current percentage: -24.19% - Max: 9.58% - Min: -31.50% - Market Cap 8469 - Trading time: 00:01:54
06-09-2025 06:32:25.473 INFO Current price: 0.000000040605 - Current percentage: -27.82% - Max: 9.58% - Min: -31.50% - Market Cap 8064 - Trading time: 00:01:54
06-09-2025 06:32:25.593 INFO Current price: 0.000000039434 - Current percentage: -28.50% - Max: 9.58% - Min: -31.50% - Market Cap 7988 - Trading time: 00:01:54
06-09-2025 06:32:26.196 INFO Current price: 0.000000039237 - Current percentage: -28.54% - Max: 9.58% - Min: -31.50% - Market Cap 7983 - Trading time: 00:01:54
06-09-2025 06:32:28.718 INFO Current price: 0.000000038255 - Current percentage: -32.04% - Max: 9.58% - Min: -32.04% - Market Cap 7593 - Trading time: 00:01:57
06-09-2025 06:32:29.917 INFO Current price: 0.000000036854 - Current percentage: -33.67% - Max: 9.58% - Min: -33.67% - Market Cap 7410 - Trading time: 00:01:58
06-09-2025 06:32:31.173 INFO Current price: 0.000000035915 - Current percentage: -35.46% - Max: 9.58% - Min: -35.46% - Market Cap 7210 - Trading time: 00:01:59
06-09-2025 06:32:31.176 INFO Current price: 0.000000034992 - Current percentage: -37.04% - Max: 9.58% - Min: -37.04% - Market Cap 7034 - Trading time: 00:01:59
06-09-2025 06:32:32.341 INFO Current price: 0.000000034455 - Current percentage: -37.42% - Max: 9.58% - Min: -37.42% - Market Cap 6991 - Trading time: 00:02:00
06-09-2025 06:32:34.135 INFO Current price: 0.000000033475 - Current percentage: -40.57% - Max: 9.58% - Min: -40.57% - Market Cap 6639 - Trading time: 00:02:02
06-09-2025 06:32:35.078 INFO Current price: 0.000000031929 - Current percentage: -43.07% - Max: 9.58% - Min: -43.07% - Market Cap 6360 - Trading time: 00:02:03
06-09-2025 06:32:37.273 INFO Current price: 0.000000032235 - Current percentage: -39.42% - Max: 9.58% - Min: -43.07% - Market Cap 6767 - Trading time: 00:02:05
06-09-2025 06:32:37.397 INFO Current price: 0.000000033415 - Current percentage: -38.83% - Max: 9.58% - Min: -43.07% - Market Cap 6834 - Trading time: 00:02:05
06-09-2025 06:32:37.703 INFO Current price: 0.000000033589 - Current percentage: -38.79% - Max: 9.58% - Min: -43.07% - Market Cap 6838 - Trading time: 00:02:06
06-09-2025 06:32:43.962 INFO Current price: 0.000000034599 - Current percentage: -35.09% - Max: 9.58% - Min: -43.07% - Market Cap 7251 - Trading time: 00:02:12
06-09-2025 06:33:12.284 INFO Current price: 0.000000036656 - Current percentage: -31.29% - Max: 9.58% - Min: -43.07% - Market Cap 7676 - Trading time: 00:02:40
06-09-2025 06:33:34.814 INFO Current price: 0.000000037767 - Current percentage: -31.10% - Max: 9.58% - Min: -43.07% - Market Cap 7697 - Trading time: 00:03:03
06-09-2025 06:33:40.202 INFO Current price: 0.000000037808 - Current percentage: -31.14% - Max: 9.58% - Min: -43.07% - Market Cap 7692 - Trading time: 00:03:08
06-09-2025 06:34:03.930 INFO Current price: 0.000000037902 - Current percentage: -30.76% - Max: 9.58% - Min: -43.07% - Market Cap 7735 - Trading time: 00:03:32
06-09-2025 06:34:06.990 INFO Current price: 0.000000038029 - Current percentage: -30.68% - Max: 9.58% - Min: -43.07% - Market Cap 7744 - Trading time: 00:03:35
06-09-2025 06:34:17.507 INFO Current price: 0.000000038072 - Current percentage: -30.60% - Max: 9.58% - Min: -43.07% - Market Cap 7753 - Trading time: 00:03:46
06-09-2025 06:34:29.234 INFO Current price: 0.000000039157 - Current percentage: -26.67% - Max: 9.58% - Min: -43.07% - Market Cap 8192 - Trading time: 00:03:57
06-09-2025 06:34:29.586 INFO Current price: 0.000000040427 - Current percentage: -26.03% - Max: 9.58% - Min: -43.07% - Market Cap 8264 - Trading time: 00:03:58
06-09-2025 06:34:29.801 INFO Current price: 0.000000040761 - Current percentage: -25.46% - Max: 9.58% - Min: -43.07% - Market Cap 8327 - Trading time: 00:03:58
06-09-2025 06:34:30.315 INFO Current price: 0.000000041446 - Current percentage: -23.52% - Max: 9.58% - Min: -43.07% - Market Cap 8544 - Trading time: 00:03:58
06-09-2025 06:34:30.318 INFO Current price: 0.000000041984 - Current percentage: -23.51% - Max: 9.58% - Min: -43.07% - Market Cap 8545 - Trading time: 00:03:58
06-09-2025 06:34:30.618 INFO Current price: 0.000000041988 - Current percentage: -23.51% - Max: 9.58% - Min: -43.07% - Market Cap 8546 - Trading time: 00:03:59
06-09-2025 06:34:31.019 INFO Current price: 0.000000042261 - Current percentage: -22.51% - Max: 9.58% - Min: -43.07% - Market Cap 8657 - Trading time: 00:03:59
06-09-2025 06:34:31.591 INFO Current price: 0.000000042769 - Current percentage: -21.66% - Max: 9.58% - Min: -43.07% - Market Cap 8752 - Trading time: 00:04:00
06-09-2025 06:34:38.200 INFO Current price: 0.000000043234 - Current percentage: -20.81% - Max: 9.58% - Min: -43.07% - Market Cap 8846 - Trading time: 00:04:06
06-09-2025 06:34:39.255 INFO Current price: 0.000000044046 - Current percentage: -18.69% - Max: 9.58% - Min: -43.07% - Market Cap 9084 - Trading time: 00:04:07
06-09-2025 06:34:39.256 INFO Current price: 0.000000045198 - Current percentage: -16.62% - Max: 9.58% - Min: -43.07% - Market Cap 9315 - Trading time: 00:04:07
06-09-2025 06:34:40.149 INFO Current price: 0.000000047451 - Current percentage: -10.65% - Max: 9.58% - Min: -43.07% - Market Cap 9981 - Trading time: 00:04:08
06-09-2025 06:34:40.159 INFO Current price: 0.000000050469 - Current percentage: -5.38% - Max: 9.58% - Min: -43.07% - Market Cap 10570 - Trading time: 00:04:08
06-09-2025 06:34:42.907 INFO Current price: 0.000000052190 - Current percentage: -4.46% - Max: 9.58% - Min: -43.07% - Market Cap 10674 - Trading time: 00:04:11
06-09-2025 06:34:44.872 INFO Current price: 0.000000052508 - Current percentage: -4.23% - Max: 9.58% - Min: -43.07% - Market Cap 10699 - Trading time: 00:04:13
06-09-2025 06:34:45.850 INFO Current price: 0.000000053133 - Current percentage: -2.17% - Max: 9.58% - Min: -43.07% - Market Cap 10930 - Trading time: 00:04:14
06-09-2025 06:34:45.872 INFO Current price: 0.000000054396 - Current percentage: 0.38% - Max: 9.58% - Min: -43.07% - Market Cap 11214 - Trading time: 00:04:14
06-09-2025 06:34:45.936 INFO Current price: 0.000000055227 - Current percentage: 0.84% - Max: 9.58% - Min: -43.07% - Market Cap 11266 - Trading time: 00:04:14
06-09-2025 06:34:46.638 INFO Current price: 0.000000055998 - Current percentage: 3.20% - Max: 9.58% - Min: -43.07% - Market Cap 11529 - Trading time: 00:04:15
06-09-2025 06:34:46.640 INFO Current price: 0.000000057295 - Current percentage: 5.57% - Max: 9.58% - Min: -43.07% - Market Cap 11794 - Trading time: 00:04:15
06-09-2025 06:34:46.703 INFO Current price: 0.000000058212 - Current percentage: 6.53% - Max: 9.58% - Min: -43.07% - Market Cap 11901 - Trading time: 00:04:15
06-09-2025 06:34:50.321 INFO Current price: 0.000000058774 - Current percentage: 7.31% - Max: 9.58% - Min: -43.07% - Market Cap 11989 - Trading time: 00:04:18
06-09-2025 06:34:50.677 INFO Current price: 0.000000058904 - Current percentage: 7.31% - Max: 9.58% - Min: -43.07% - Market Cap 11988 - Trading time: 00:04:19
06-09-2025 06:34:54.197 INFO Current price: 0.000000059173 - Current percentage: 8.30% - Max: 9.58% - Min: -43.07% - Market Cap 12098 - Trading time: 00:04:22
06-09-2025 06:34:55.591 INFO Current price: 0.000000059578 - Current percentage: 8.78% - Max: 9.58% - Min: -43.07% - Market Cap 12152 - Trading time: 00:04:24
06-09-2025 06:35:01.576 INFO Current price: 0.000000058804 - Current percentage: 5.50% - Max: 9.58% - Min: -43.07% - Market Cap 11786 - Trading time: 00:04:30
06-09-2025 06:35:01.576 INFO Current price: 0.000000057476 - Current percentage: 3.92% - Max: 9.58% - Min: -43.07% - Market Cap 11610 - Trading time: 00:04:30
06-09-2025 06:35:01.836 INFO Current price: 0.000000057298 - Current percentage: 4.85% - Max: 9.58% - Min: -43.07% - Market Cap 11713 - Trading time: 00:04:30
06-09-2025 06:35:03.685 INFO Current price: 0.000000057821 - Current percentage: 5.83% - Max: 9.58% - Min: -43.07% - Market Cap 11822 - Trading time: 00:04:32
06-09-2025 06:35:03.811 INFO Current price: 0.000000059403 - Current percentage: 10.67% - Max: 10.67% - Min: -43.07% - Market Cap 12363 - Trading time: 00:04:32
06-09-2025 06:35:03.882 INFO Current price: 0.000000060813 - Current percentage: 10.91% - Max: 10.91% - Min: -43.07% - Market Cap 12390 - Trading time: 00:04:32
06-09-2025 06:35:04.378 INFO Current price: 0.000000062212 - Current percentage: 15.81% - Max: 15.81% - Min: -43.07% - Market Cap 12938 - Trading time: 00:04:32
06-09-2025 06:35:16.531 INFO Current price: 0.000000063090 - Current percentage: 14.06% - Max: 15.81% - Min: -43.07% - Market Cap 12743 - Trading time: 00:04:45
06-09-2025 06:35:17.157 INFO Current price: 0.000000062825 - Current percentage: 14.46% - Max: 15.81% - Min: -43.07% - Market Cap 12786 - Trading time: 00:04:45
06-09-2025 06:35:17.471 INFO Current price: 0.000000062908 - Current percentage: 14.76% - Max: 15.81% - Min: -43.07% - Market Cap 12820 - Trading time: 00:04:46
06-09-2025 06:35:22.920 INFO Current price: 0.000000062647 - Current percentage: 13.51% - Max: 15.81% - Min: -43.07% - Market Cap 12680 - Trading time: 00:04:51
06-09-2025 06:35:24.194 INFO Current price: 0.000000062577 - Current percentage: 14.50% - Max: 15.81% - Min: -43.07% - Market Cap 12791 - Trading time: 00:04:52
06-09-2025 06:35:25.946 INFO Current price: 0.000000062717 - Current percentage: 14.02% - Max: 15.81% - Min: -43.07% - Market Cap 12737 - Trading time: 00:04:54
06-09-2025 06:35:26.164 INFO Current price: 0.000000063675 - Current percentage: 18.02% - Max: 18.02% - Min: -43.07% - Market Cap 13185 - Trading time: 00:04:54
06-09-2025 06:35:27.105 INFO Current price: 0.000000067587 - Current percentage: 28.45% - Max: 28.45% - Min: -43.07% - Market Cap 14350 - Trading time: 00:04:55
06-09-2025 06:35:31.102 INFO Current price: 0.000000070989 - Current percentage: 30.20% - Max: 30.20% - Min: -43.07% - Market Cap 14546 - Trading time: 00:04:59






06-09-2025 06:35:31.465 INFO {"type":"summary","reason":"max_window","startedAt":"2025-09-06T04:30:31.464Z","endedAt":"2025-09-06T04:35:31.465Z","durationSec":300,"entryPrice":5.745725066000754e-8,"entryMarketCapSol":54.891278088397854,"entryMarketCapUsd":11171.472916550732,"minPct":-43.069224361321794,"maxPct":30.204469258276767,"buyCount":62,"sellCount":47,"tradeCount":109,"entryRecorded":true,"noPostThresholdTrades":false,"triggerAt":"2025-09-06T04:30:31.464Z","ageAtTriggerSec":91,"preTotalTrades":169,"preBuys":95,"preSells":74,"preUniqueTraders":73,"preEntryTotalTrades":171,"preEntryBuys":97,"preEntrySells":74,"preEntryUniqueTraders":75,"preEntryMinMcUsd":7717.452981707397,"preEntryMaxMcUsd":13975.49549674379,"thresholdMcSol":54.891278088397854,"thresholdMcUsd":11171.472916550732,"thresholdPrice":5.745725066000754e-8}
