06-09-2025 02:50:23.974 INFO Entry price: 0.000000050378344800 - Entry market cap: 9653 - Buys 50 - Sells 38 - Ratio: 1:0.76 - Min MarketCap: 8091 - Max MarketCap: 15764
06-09-2025 02:50:23.974 INFO Current price: 0.000000050378 - Current percentage: 0.00% - Max: 0.00% - Min: 0.00% - Market Cap 9653 - Trading time: 00:00:01
06-09-2025 02:50:25.620 INFO Current price: 0.000000045049 - Current percentage: -4.56% - Max: 0.00% - Min: -4.56% - Market Cap 9213 - Trading time: 00:00:03
06-09-2025 02:50:25.822 INFO Current price: 0.000000042860 - Current percentage: -14.06% - Max: 0.00% - Min: -14.06% - Market Cap 8296 - Trading time: 00:00:03
06-09-2025 02:50:26.886 INFO Current price: 0.000000040782 - Current percentage: -13.59% - Max: 0.00% - Min: -14.06% - Market Cap 8341 - Trading time: 00:00:04
06-09-2025 02:50:27.010 INFO Current price: 0.000000041003 - Current percentage: -13.12% - Max: 0.00% - Min: -14.06% - Market Cap 8386 - Trading time: 00:00:05
06-09-2025 02:50:27.221 INFO Current price: 0.000000041448 - Current percentage: -11.70% - Max: 0.00% - Min: -14.06% - Market Cap 8523 - Trading time: 00:00:05
06-09-2025 02:50:27.961 INFO Current price: 0.000000041897 - Current percentage: -11.23% - Max: 0.00% - Min: -14.06% - Market Cap 8569 - Trading time: 00:00:05
06-09-2025 02:50:28.565 INFO Current price: 0.000000042344 - Current percentage: -9.81% - Max: 0.00% - Min: -14.06% - Market Cap 8706 - Trading time: 00:00:06
06-09-2025 02:50:28.873 INFO Current price: 0.000000039991 - Current percentage: -20.82% - Max: 0.00% - Min: -20.82% - Market Cap 7643 - Trading time: 00:00:06
06-09-2025 02:50:29.572 INFO Current price: 0.000000037411 - Current percentage: -21.07% - Max: 0.00% - Min: -21.07% - Market Cap 7619 - Trading time: 00:00:07
06-09-2025 02:50:29.818 INFO Current price: 0.000000037345 - Current percentage: -21.10% - Max: 0.00% - Min: -21.10% - Market Cap 7616 - Trading time: 00:00:07
06-09-2025 02:50:29.920 INFO Current price: 0.000000037654 - Current percentage: -19.76% - Max: 0.00% - Min: -21.10% - Market Cap 7746 - Trading time: 00:00:07
06-09-2025 02:50:30.376 INFO Current price: 0.000000038079 - Current percentage: -19.31% - Max: 0.00% - Min: -21.10% - Market Cap 7789 - Trading time: 00:00:08
06-09-2025 02:50:30.492 INFO Current price: 0.000000036717 - Current percentage: -25.40% - Max: 0.00% - Min: -25.40% - Market Cap 7202 - Trading time: 00:00:08
06-09-2025 02:50:30.515 INFO Current price: 0.000000034080 - Current percentage: -30.49% - Max: 0.00% - Min: -30.49% - Market Cap 6710 - Trading time: 00:00:08
06-09-2025 02:50:30.519 INFO Current price: 0.000000032985 - Current percentage: -30.11% - Max: 0.00% - Min: -30.49% - Market Cap 6746 - Trading time: 00:00:08
06-09-2025 02:50:30.525 INFO Current price: 0.000000033081 - Current percentage: -30.11% - Max: 0.00% - Min: -30.49% - Market Cap 6746 - Trading time: 00:00:08
06-09-2025 02:50:30.880 INFO Current price: 0.000000033082 - Current percentage: -30.07% - Max: 0.00% - Min: -30.49% - Market Cap 6750 - Trading time: 00:00:08
06-09-2025 02:50:31.290 INFO Current price: 0.000000033390 - Current percentage: -28.81% - Max: 0.00% - Min: -30.49% - Market Cap 6872 - Trading time: 00:00:09
06-09-2025 02:50:31.295 INFO Current price: 0.000000034990 - Current percentage: -23.21% - Max: 0.00% - Min: -30.49% - Market Cap 7413 - Trading time: 00:00:09
06-09-2025 02:50:31.666 INFO Current price: 0.000000038419 - Current percentage: -14.18% - Max: 0.00% - Min: -30.49% - Market Cap 8285 - Trading time: 00:00:09
06-09-2025 02:50:31.691 INFO Current price: 0.000000040626 - Current percentage: -14.13% - Max: 0.00% - Min: -30.49% - Market Cap 8289 - Trading time: 00:00:09
06-09-2025 02:50:32.049 INFO Current price: 0.000000040630 - Current percentage: -14.16% - Max: 0.00% - Min: -30.49% - Market Cap 8286 - Trading time: 00:00:10
06-09-2025 02:50:32.054 INFO Current price: 0.000000041662 - Current percentage: -9.71% - Max: 0.00% - Min: -30.49% - Market Cap 8716 - Trading time: 00:00:10
06-09-2025 02:50:32.056 INFO Current price: 0.000000043915 - Current percentage: -4.63% - Max: 0.00% - Min: -30.49% - Market Cap 9207 - Trading time: 00:00:10
06-09-2025 02:50:32.156 INFO Current price: 0.000000045074 - Current percentage: -4.89% - Max: 0.00% - Min: -30.49% - Market Cap 9182 - Trading time: 00:00:10
06-09-2025 02:50:32.535 INFO Current price: 0.000000045071 - Current percentage: -4.64% - Max: 0.00% - Min: -30.49% - Market Cap 9205 - Trading time: 00:00:10
06-09-2025 02:50:32.976 INFO Current price: 0.000000045141 - Current percentage: -4.59% - Max: 0.00% - Min: -30.49% - Market Cap 9210 - Trading time: 00:00:11
06-09-2025 02:50:33.544 INFO Current price: 0.000000045216 - Current percentage: -4.32% - Max: 0.00% - Min: -30.49% - Market Cap 9236 - Trading time: 00:00:11
06-09-2025 02:50:33.775 INFO Current price: 0.000000044899 - Current percentage: -5.92% - Max: 0.00% - Min: -30.49% - Market Cap 9082 - Trading time: 00:00:11
06-09-2025 02:50:33.989 INFO Current price: 0.000000043326 - Current percentage: -10.91% - Max: 0.00% - Min: -30.49% - Market Cap 8600 - Trading time: 00:00:12
06-09-2025 02:50:34.152 INFO Current price: 0.000000041118 - Current percentage: -15.27% - Max: 0.00% - Min: -30.49% - Market Cap 8179 - Trading time: 00:00:12
06-09-2025 02:50:36.174 INFO Current price: 0.000000040110 - Current percentage: -15.22% - Max: 0.00% - Min: -30.49% - Market Cap 8184 - Trading time: 00:00:14
06-09-2025 02:50:36.850 INFO Current price: 0.000000040131 - Current percentage: -15.18% - Max: 0.00% - Min: -30.49% - Market Cap 8188 - Trading time: 00:00:14
06-09-2025 02:50:37.647 INFO Current price: 0.000000040153 - Current percentage: -15.13% - Max: 0.00% - Min: -30.49% - Market Cap 8193 - Trading time: 00:00:15
06-09-2025 02:50:38.031 INFO Current price: 0.000000040164 - Current percentage: -15.13% - Max: 0.00% - Min: -30.49% - Market Cap 8193 - Trading time: 00:00:16
06-09-2025 02:50:38.370 INFO Current price: 0.000000040164 - Current percentage: -15.13% - Max: 0.00% - Min: -30.49% - Market Cap 8193 - Trading time: 00:00:16
06-09-2025 02:50:38.526 INFO Current price: 0.000000040219 - Current percentage: -14.90% - Max: 0.00% - Min: -30.49% - Market Cap 8215 - Trading time: 00:00:16
06-09-2025 02:50:38.834 INFO Current price: 0.000000040274 - Current percentage: -14.90% - Max: 0.00% - Min: -30.49% - Market Cap 8215 - Trading time: 00:00:16
06-09-2025 02:50:39.562 INFO Current price: 0.000000040356 - Current percentage: -14.55% - Max: 0.00% - Min: -30.49% - Market Cap 8249 - Trading time: 00:00:17
06-09-2025 02:50:39.701 INFO Current price: 0.000000039614 - Current percentage: -18.00% - Max: 0.00% - Min: -30.49% - Market Cap 7916 - Trading time: 00:00:17
06-09-2025 02:50:40.381 INFO Current price: 0.000000036753 - Current percentage: -26.45% - Max: 0.00% - Min: -30.49% - Market Cap 7100 - Trading time: 00:00:18
06-09-2025 02:50:40.385 INFO Current price: 0.000000034592 - Current percentage: -27.36% - Max: 0.00% - Min: -30.49% - Market Cap 7012 - Trading time: 00:00:18
06-09-2025 02:50:41.243 INFO Current price: 0.000000035345 - Current percentage: -23.21% - Max: 0.00% - Min: -30.49% - Market Cap 7413 - Trading time: 00:00:19
06-09-2025 02:50:41.248 INFO Current price: 0.000000037423 - Current percentage: -18.56% - Max: 0.00% - Min: -30.49% - Market Cap 7861 - Trading time: 00:00:19
06-09-2025 02:50:43.064 INFO Current price: 0.000000037573 - Current percentage: -22.60% - Max: 0.00% - Min: -30.49% - Market Cap 7472 - Trading time: 00:00:21
06-09-2025 02:50:43.341 INFO Current price: 0.000000035962 - Current percentage: -25.40% - Max: 0.00% - Min: -30.49% - Market Cap 7202 - Trading time: 00:00:21
06-09-2025 02:50:43.555 INFO Current price: 0.000000035307 - Current percentage: -25.39% - Max: 0.00% - Min: -30.49% - Market Cap 7202 - Trading time: 00:00:21
06-09-2025 02:50:44.559 INFO Current price: 0.000000035211 - Current percentage: -25.80% - Max: 0.00% - Min: -30.49% - Market Cap 7163 - Trading time: 00:00:22
06-09-2025 02:50:44.768 INFO Current price: 0.000000035095 - Current percentage: -25.88% - Max: 0.00% - Min: -30.49% - Market Cap 7155 - Trading time: 00:00:22
06-09-2025 02:50:45.427 INFO Current price: 0.000000034948 - Current percentage: -26.42% - Max: 0.00% - Min: -30.49% - Market Cap 7103 - Trading time: 00:00:23
06-09-2025 02:50:45.477 INFO Current price: 0.000000034755 - Current percentage: -26.70% - Max: 0.00% - Min: -30.49% - Market Cap 7076 - Trading time: 00:00:23
06-09-2025 02:50:46.153 INFO Current price: 0.000000034644 - Current percentage: -26.89% - Max: 0.00% - Min: -30.49% - Market Cap 7058 - Trading time: 00:00:24
06-09-2025 02:50:46.902 INFO Current price: 0.000000033345 - Current percentage: -32.10% - Max: 0.00% - Min: -32.10% - Market Cap 6555 - Trading time: 00:00:24
06-09-2025 02:50:47.038 INFO Current price: 0.000000033307 - Current percentage: -27.05% - Max: 0.00% - Min: -32.10% - Market Cap 7042 - Trading time: 00:00:25
06-09-2025 02:50:47.143 INFO Current price: 0.000000034833 - Current percentage: -25.73% - Max: 0.00% - Min: -32.10% - Market Cap 7169 - Trading time: 00:00:25
06-09-2025 02:50:47.203 INFO Current price: 0.000000035331 - Current percentage: -24.95% - Max: 0.00% - Min: -32.10% - Market Cap 7245 - Trading time: 00:00:25
06-09-2025 02:50:47.919 INFO Current price: 0.000000036974 - Current percentage: -18.67% - Max: 0.00% - Min: -32.10% - Market Cap 7851 - Trading time: 00:00:25
06-09-2025 02:50:47.923 INFO Current price: 0.000000040182 - Current percentage: -11.36% - Max: 0.00% - Min: -32.10% - Market Cap 8556 - Trading time: 00:00:25
06-09-2025 02:50:51.910 INFO Current price: 0.000000041858 - Current percentage: -11.74% - Max: 0.00% - Min: -32.10% - Market Cap 8520 - Trading time: 00:00:29
06-09-2025 02:50:52.127 INFO Current price: 0.000000041723 - Current percentage: -11.93% - Max: 0.00% - Min: -32.10% - Market Cap 8501 - Trading time: 00:00:30
06-09-2025 02:50:56.387 INFO Current price: 0.000000041574 - Current percentage: -12.37% - Max: 0.00% - Min: -32.10% - Market Cap 8459 - Trading time: 00:00:34
06-09-2025 02:50:56.966 INFO Current price: 0.000000041582 - Current percentage: -11.90% - Max: 0.00% - Min: -32.10% - Market Cap 8505 - Trading time: 00:00:34
06-09-2025 02:51:01.469 INFO Current price: 0.000000043363 - Current percentage: -4.70% - Max: 0.00% - Min: -32.10% - Market Cap 9199 - Trading time: 00:00:39
06-09-2025 02:51:03.819 INFO Current price: 0.000000045330 - Current percentage: -3.72% - Max: 0.00% - Min: -32.10% - Market Cap 9294 - Trading time: 00:00:41
06-09-2025 02:51:04.809 INFO Current price: 0.000000046448 - Current percentage: 0.05% - Max: 0.05% - Min: -32.10% - Market Cap 9658 - Trading time: 00:00:42
06-09-2025 02:51:04.813 INFO Current price: 0.000000048345 - Current percentage: 4.30% - Max: 4.30% - Min: -32.10% - Market Cap 10069 - Trading time: 00:00:42
06-09-2025 02:51:04.981 INFO Current price: 0.000000049482 - Current percentage: 4.82% - Max: 4.82% - Min: -32.10% - Market Cap 10118 - Trading time: 00:00:43
06-09-2025 02:51:05.779 INFO Current price: 0.000000050848 - Current percentage: 10.14% - Max: 10.14% - Min: -32.10% - Market Cap 10632 - Trading time: 00:00:43
06-09-2025 02:51:08.083 INFO Current price: 0.000000052248 - Current percentage: 10.67% - Max: 10.67% - Min: -32.10% - Market Cap 10683 - Trading time: 00:00:46
06-09-2025 02:51:08.193 INFO Current price: 0.000000052213 - Current percentage: 9.99% - Max: 10.67% - Min: -32.10% - Market Cap 10618 - Trading time: 00:00:46
06-09-2025 02:51:08.354 INFO Current price: 0.000000051898 - Current percentage: 9.34% - Max: 10.67% - Min: -32.10% - Market Cap 10555 - Trading time: 00:00:46
06-09-2025 02:51:08.465 INFO Current price: 0.000000051806 - Current percentage: 9.60% - Max: 10.67% - Min: -32.10% - Market Cap 10580 - Trading time: 00:00:46
06-09-2025 02:51:10.885 INFO Current price: 0.000000054350 - Current percentage: 20.34% - Max: 20.34% - Min: -32.10% - Market Cap 11617 - Trading time: 00:00:48
06-09-2025 02:51:11.069 INFO Current price: 0.000000058268 - Current percentage: 25.97% - Max: 25.97% - Min: -32.10% - Market Cap 12160 - Trading time: 00:00:49
06-09-2025 02:51:12.040 INFO Current price: 0.000000059655 - Current percentage: 26.14% - Max: 26.14% - Min: -32.10% - Market Cap 12177 - Trading time: 00:00:50
06-09-2025 02:51:12.146 INFO Current price: 0.000000059943 - Current percentage: 27.19% - Max: 27.19% - Min: -32.10% - Market Cap 12278 - Trading time: 00:00:50
06-09-2025 02:51:13.525 INFO Current price: 0.000000061529 - Current percentage: 32.91% - Max: 32.91% - Min: -32.10% - Market Cap 12830 - Trading time: 00:00:51
06-09-2025 02:51:14.881 INFO Current price: 0.000000062082 - Current percentage: 29.49% - Max: 32.91% - Min: -32.10% - Market Cap 12500 - Trading time: 00:00:52
06-09-2025 02:51:15.064 INFO Current price: 0.000000061261 - Current percentage: 29.41% - Max: 32.91% - Min: -32.10% - Market Cap 12492 - Trading time: 00:00:53
06-09-2025 02:51:15.137 INFO Current price: 0.000000061309 - Current percentage: 29.69% - Max: 32.91% - Min: -32.10% - Market Cap 12520 - Trading time: 00:00:53
06-09-2025 02:51:16.273 INFO Current price: 0.000000061424 - Current percentage: 29.90% - Max: 32.91% - Min: -32.10% - Market Cap 12539 - Trading time: 00:00:54
06-09-2025 02:51:18.808 INFO Current price: 0.000000061607 - Current percentage: 30.47% - Max: 32.91% - Min: -32.10% - Market Cap 12594 - Trading time: 00:00:56
06-09-2025 02:51:20.366 INFO Current price: 0.000000059427 - Current percentage: 20.86% - Max: 32.91% - Min: -32.10% - Market Cap 11667 - Trading time: 00:00:58
06-09-2025 02:51:20.370 INFO Current price: 0.000000057156 - Current percentage: 20.69% - Max: 32.91% - Min: -32.10% - Market Cap 11650 - Trading time: 00:00:58
06-09-2025 02:51:22.884 INFO Current price: 0.000000057766 - Current percentage: 23.46% - Max: 32.91% - Min: -32.10% - Market Cap 11917 - Trading time: 00:01:00
06-09-2025 02:51:23.966 INFO Current price: 0.000000061059 - Current percentage: 34.84% - Max: 34.84% - Min: -32.10% - Market Cap 13016 - Trading time: 00:01:01
06-09-2025 02:51:26.520 INFO Current price: 0.000000063858 - Current percentage: 35.03% - Max: 35.03% - Min: -32.10% - Market Cap 13035 - Trading time: 00:01:04
06-09-2025 02:51:27.270 INFO Current price: 0.000000064043 - Current percentage: 35.62% - Max: 35.62% - Min: -32.10% - Market Cap 13092 - Trading time: 00:01:05
06-09-2025 02:51:30.021 INFO Current price: 0.000000062763 - Current percentage: 29.69% - Max: 35.62% - Min: -32.10% - Market Cap 12519 - Trading time: 00:01:08
06-09-2025 02:51:30.025 INFO Current price: 0.000000059969 - Current percentage: 23.82% - Max: 35.62% - Min: -32.10% - Market Cap 11952 - Trading time: 00:01:08
06-09-2025 02:51:30.420 INFO Current price: 0.000000057923 - Current percentage: 20.99% - Max: 35.62% - Min: -32.10% - Market Cap 11679 - Trading time: 00:01:08
06-09-2025 02:51:30.545 INFO Current price: 0.000000056878 - Current percentage: 19.39% - Max: 35.62% - Min: -32.10% - Market Cap 11525 - Trading time: 00:01:08
06-09-2025 02:51:31.699 INFO Current price: 0.000000056459 - Current percentage: 19.22% - Max: 35.62% - Min: -32.10% - Market Cap 11508 - Trading time: 00:01:09
06-09-2025 02:51:33.931 INFO Current price: 0.000000055793 - Current percentage: 16.59% - Max: 35.62% - Min: -32.10% - Market Cap 11255 - Trading time: 00:01:11
06-09-2025 02:51:35.045 INFO Current price: 0.000000055303 - Current percentage: 17.13% - Max: 35.62% - Min: -32.10% - Market Cap 11307 - Trading time: 00:01:13
06-09-2025 02:51:35.387 INFO Current price: 0.000000055298 - Current percentage: 16.57% - Max: 35.62% - Min: -32.10% - Market Cap 11253 - Trading time: 00:01:13
06-09-2025 02:51:36.137 INFO Current price: 0.000000055293 - Current percentage: 17.11% - Max: 35.62% - Min: -32.10% - Market Cap 11305 - Trading time: 00:01:14
06-09-2025 02:51:36.416 INFO Current price: 0.000000055678 - Current percentage: 18.20% - Max: 35.62% - Min: -32.10% - Market Cap 11410 - Trading time: 00:01:14
06-09-2025 02:51:36.637 INFO Current price: 0.000000057225 - Current percentage: 23.71% - Max: 35.62% - Min: -32.10% - Market Cap 11942 - Trading time: 00:01:14
06-09-2025 02:51:37.039 INFO Current price: 0.000000058876 - Current percentage: 25.12% - Max: 35.62% - Min: -32.10% - Market Cap 12078 - Trading time: 00:01:15
06-09-2025 02:51:37.218 INFO Current price: 0.000000059310 - Current percentage: 25.54% - Max: 35.62% - Min: -32.10% - Market Cap 12118 - Trading time: 00:01:15
06-09-2025 02:51:37.547 INFO Current price: 0.000000059543 - Current percentage: 26.10% - Max: 35.62% - Min: -32.10% - Market Cap 12173 - Trading time: 00:01:15
06-09-2025 02:51:37.855 INFO Current price: 0.000000060342 - Current percentage: 28.93% - Max: 35.62% - Min: -32.10% - Market Cap 12446 - Trading time: 00:01:15
06-09-2025 02:51:38.880 INFO Current price: 0.000000058438 - Current percentage: 18.27% - Max: 35.62% - Min: -32.10% - Market Cap 11417 - Trading time: 00:01:16
06-09-2025 02:51:39.579 INFO Current price: 0.000000054082 - Current percentage: 10.42% - Max: 35.62% - Min: -32.10% - Market Cap 10660 - Trading time: 00:01:17
06-09-2025 02:51:39.752 INFO Current price: 0.000000051150 - Current percentage: 5.79% - Max: 35.62% - Min: -32.10% - Market Cap 10213 - Trading time: 00:01:17
06-09-2025 02:51:40.159 INFO Current price: 0.000000050310 - Current percentage: 6.83% - Max: 35.62% - Min: -32.10% - Market Cap 10312 - Trading time: 00:01:18
06-09-2025 02:51:40.807 INFO Current price: 0.000000050580 - Current percentage: 6.93% - Max: 35.62% - Min: -32.10% - Market Cap 10322 - Trading time: 00:01:18
06-09-2025 02:51:41.600 INFO Current price: 0.000000050849 - Current percentage: 7.97% - Max: 35.62% - Min: -32.10% - Market Cap 10423 - Trading time: 00:01:19
06-09-2025 02:51:41.606 INFO Current price: 0.000000051109 - Current percentage: 8.02% - Max: 35.62% - Min: -32.10% - Market Cap 10428 - Trading time: 00:01:19
06-09-2025 02:51:43.358 INFO Current price: 0.000000051146 - Current percentage: 8.13% - Max: 35.62% - Min: -32.10% - Market Cap 10438 - Trading time: 00:01:21
06-09-2025 02:51:43.492 INFO Current price: 0.000000051183 - Current percentage: 8.18% - Max: 35.62% - Min: -32.10% - Market Cap 10443 - Trading time: 00:01:21
06-09-2025 02:51:43.795 INFO Current price: 0.000000051195 - Current percentage: 8.18% - Max: 35.62% - Min: -32.10% - Market Cap 10443 - Trading time: 00:01:21
06-09-2025 02:51:43.870 INFO Current price: 0.000000052041 - Current percentage: 11.78% - Max: 35.62% - Min: -32.10% - Market Cap 10790 - Trading time: 00:01:21
06-09-2025 02:51:43.872 INFO Current price: 0.000000053677 - Current percentage: 15.09% - Max: 35.62% - Min: -32.10% - Market Cap 11110 - Trading time: 00:01:21
06-09-2025 02:51:45.174 INFO Current price: 0.000000054479 - Current percentage: 15.12% - Max: 35.62% - Min: -32.10% - Market Cap 11113 - Trading time: 00:01:23
06-09-2025 02:51:46.177 INFO Current price: 0.000000054505 - Current percentage: 15.23% - Max: 35.62% - Min: -32.10% - Market Cap 11123 - Trading time: 00:01:24
06-09-2025 02:51:46.323 INFO Current price: 0.000000054575 - Current percentage: 15.42% - Max: 35.62% - Min: -32.10% - Market Cap 11141 - Trading time: 00:01:24
06-09-2025 02:51:46.357 INFO Current price: 0.000000054826 - Current percentage: 16.29% - Max: 35.62% - Min: -32.10% - Market Cap 11226 - Trading time: 00:01:24
06-09-2025 02:51:48.951 INFO Current price: 0.000000055020 - Current percentage: 16.23% - Max: 35.62% - Min: -32.10% - Market Cap 11220 - Trading time: 00:01:26
06-09-2025 02:51:49.648 INFO Current price: 0.000000055326 - Current percentage: 17.59% - Max: 35.62% - Min: -32.10% - Market Cap 11351 - Trading time: 00:01:27
06-09-2025 02:51:50.980 INFO Current price: 0.000000057576 - Current percentage: 25.88% - Max: 35.62% - Min: -32.10% - Market Cap 12151 - Trading time: 00:01:29
06-09-2025 02:51:51.429 INFO Current price: 0.000000059471 - Current percentage: 25.46% - Max: 35.62% - Min: -32.10% - Market Cap 12110 - Trading time: 00:01:29
06-09-2025 02:51:51.431 INFO Current price: 0.000000059397 - Current percentage: 25.57% - Max: 35.62% - Min: -32.10% - Market Cap 12121 - Trading time: 00:01:29
06-09-2025 02:51:51.723 INFO Current price: 0.000000059286 - Current percentage: 24.98% - Max: 35.62% - Min: -32.10% - Market Cap 12065 - Trading time: 00:01:29
06-09-2025 02:51:51.932 INFO Current price: 0.000000060473 - Current percentage: 30.65% - Max: 35.62% - Min: -32.10% - Market Cap 12612 - Trading time: 00:01:29
06-09-2025 02:51:52.596 INFO Current price: 0.000000061855 - Current percentage: 30.76% - Max: 35.62% - Min: -32.10% - Market Cap 12623 - Trading time: 00:01:30
06-09-2025 02:51:53.009 INFO Current price: 0.000000064594 - Current percentage: 42.47% - Max: 42.47% - Min: -32.10% - Market Cap 13753 - Trading time: 00:01:31
06-09-2025 02:51:53.901 INFO Current price: 0.000000067376 - Current percentage: 42.27% - Max: 42.47% - Min: -32.10% - Market Cap 13734 - Trading time: 00:01:31
06-09-2025 02:51:54.602 INFO Current price: 0.000000067174 - Current percentage: 41.62% - Max: 42.47% - Min: -32.10% - Market Cap 13671 - Trading time: 00:01:32
06-09-2025 02:51:55.303 INFO Current price: 0.000000066985 - Current percentage: 41.47% - Max: 42.47% - Min: -32.10% - Market Cap 13656 - Trading time: 00:01:33
06-09-2025 02:51:58.346 INFO Current price: 0.000000067655 - Current percentage: 44.47% - Max: 44.47% - Min: -32.10% - Market Cap 13946 - Trading time: 00:01:36
06-09-2025 02:51:58.628 INFO Current price: 0.000000065029 - Current percentage: 30.70% - Max: 44.47% - Min: -32.10% - Market Cap 12617 - Trading time: 00:01:36
06-09-2025 02:51:58.705 INFO Current price: 0.000000061477 - Current percentage: 29.12% - Max: 44.47% - Min: -32.10% - Market Cap 12464 - Trading time: 00:01:36
06-09-2025 02:51:59.867 INFO Current price: 0.000000061115 - Current percentage: 29.17% - Max: 44.47% - Min: -32.10% - Market Cap 12469 - Trading time: 00:01:37
06-09-2025 02:52:00.028 INFO Current price: 0.000000062488 - Current percentage: 34.98% - Max: 44.47% - Min: -32.10% - Market Cap 13030 - Trading time: 00:01:38
06-09-2025 02:52:00.251 INFO Current price: 0.000000063901 - Current percentage: 35.07% - Max: 44.47% - Min: -32.10% - Market Cap 13039 - Trading time: 00:01:38
06-09-2025 02:52:01.932 INFO Current price: 0.000000061308 - Current percentage: 24.25% - Max: 44.47% - Min: -32.10% - Market Cap 11994 - Trading time: 00:01:39
06-09-2025 02:52:02.523 INFO Current price: 0.000000058839 - Current percentage: 24.42% - Max: 44.47% - Min: -32.10% - Market Cap 12010 - Trading time: 00:01:40
06-09-2025 02:52:02.852 INFO Current price: 0.000000059011 - Current percentage: 24.98% - Max: 44.47% - Min: -32.10% - Market Cap 12064 - Trading time: 00:01:40
06-09-2025 02:52:03.010 INFO Current price: 0.000000061795 - Current percentage: 36.43% - Max: 44.47% - Min: -32.10% - Market Cap 13170 - Trading time: 00:01:41
06-09-2025 02:52:04.286 INFO Current price: 0.000000065257 - Current percentage: 39.37% - Max: 44.47% - Min: -32.10% - Market Cap 13454 - Trading time: 00:01:42
06-09-2025 02:52:06.101 INFO Current price: 0.000000066628 - Current percentage: 42.23% - Max: 44.47% - Min: -32.10% - Market Cap 13729 - Trading time: 00:01:44
06-09-2025 02:52:06.106 INFO Current price: 0.000000068042 - Current percentage: 45.35% - Max: 45.35% - Min: -32.10% - Market Cap 14031 - Trading time: 00:01:44
06-09-2025 02:52:06.456 INFO Current price: 0.000000068828 - Current percentage: 45.53% - Max: 45.53% - Min: -32.10% - Market Cap 14048 - Trading time: 00:01:44
06-09-2025 02:52:07.414 INFO Current price: 0.000000069014 - Current percentage: 46.14% - Max: 46.14% - Min: -32.10% - Market Cap 14107 - Trading time: 00:01:45
06-09-2025 02:52:08.009 INFO Current price: 0.000000070447 - Current percentage: 51.64% - Max: 51.64% - Min: -32.10% - Market Cap 14638 - Trading time: 00:01:46
06-09-2025 02:52:09.772 INFO Current price: 0.000000071776 - Current percentage: 51.70% - Max: 51.70% - Min: -32.10% - Market Cap 14644 - Trading time: 00:01:47
06-09-2025 02:52:10.096 INFO Current price: 0.000000071936 - Current percentage: 52.32% - Max: 52.32% - Min: -32.10% - Market Cap 14703 - Trading time: 00:01:48
06-09-2025 02:52:10.453 INFO Current price: 0.000000072042 - Current percentage: 52.14% - Max: 52.32% - Min: -32.10% - Market Cap 14687 - Trading time: 00:01:48
06-09-2025 02:52:10.908 INFO Current price: 0.000000072015 - Current percentage: 52.20% - Max: 52.32% - Min: -32.10% - Market Cap 14693 - Trading time: 00:01:48
06-09-2025 02:52:11.215 INFO Current price: 0.000000072393 - Current percentage: 53.74% - Max: 53.74% - Min: -32.10% - Market Cap 14841 - Trading time: 00:01:49
06-09-2025 02:52:12.147 INFO Current price: 0.000000071721 - Current percentage: 49.39% - Max: 53.74% - Min: -32.10% - Market Cap 14421 - Trading time: 00:01:50
06-09-2025 02:52:13.904 INFO Current price: 0.000000070397 - Current percentage: 48.12% - Max: 53.74% - Min: -32.10% - Market Cap 14298 - Trading time: 00:01:51
06-09-2025 02:52:18.921 INFO Current price: 0.000000070088 - Current percentage: 47.47% - Max: 53.74% - Min: -32.10% - Market Cap 14236 - Trading time: 00:01:56
06-09-2025 02:52:18.993 INFO Current price: 0.000000071474 - Current percentage: 54.67% - Max: 54.67% - Min: -32.10% - Market Cap 14931 - Trading time: 00:01:57
06-09-2025 02:52:18.995 INFO Current price: 0.000000074997 - Current percentage: 62.37% - Max: 62.37% - Min: -32.10% - Market Cap 15674 - Trading time: 00:01:57
06-09-2025 02:52:18.997 INFO Current price: 0.000000078793 - Current percentage: 70.73% - Max: 70.73% - Min: -32.10% - Market Cap 16481 - Trading time: 00:01:57
06-09-2025 02:52:19.001 INFO Current price: 0.000000082837 - Current percentage: 79.46% - Max: 79.46% - Min: -32.10% - Market Cap 17324 - Trading time: 00:01:57
06-09-2025 02:52:19.989 INFO Current price: 0.000000084958 - Current percentage: 79.58% - Max: 79.58% - Min: -32.10% - Market Cap 17336 - Trading time: 00:01:58
06-09-2025 02:52:21.313 INFO Current price: 0.000000083690 - Current percentage: 74.15% - Max: 79.58% - Min: -32.10% - Market Cap 16811 - Trading time: 00:01:59
06-09-2025 02:52:21.807 INFO Current price: 0.000000082387 - Current percentage: 74.04% - Max: 79.58% - Min: -32.10% - Market Cap 16800 - Trading time: 00:01:59
06-09-2025 02:52:22.132 INFO Current price: 0.000000082449 - Current percentage: 74.41% - Max: 79.58% - Min: -32.10% - Market Cap 16836 - Trading time: 00:02:00
06-09-2025 02:52:22.175 INFO Current price: 0.000000082453 - Current percentage: 74.06% - Max: 79.58% - Min: -32.10% - Market Cap 16802 - Trading time: 00:02:00
06-09-2025 02:52:22.220 INFO Current price: 0.000000082683 - Current percentage: 75.38% - Max: 79.58% - Min: -32.10% - Market Cap 16930 - Trading time: 00:02:00
06-09-2025 02:52:22.542 INFO Current price: 0.000000082913 - Current percentage: 75.03% - Max: 79.58% - Min: -32.10% - Market Cap 16896 - Trading time: 00:02:00
06-09-2025 02:52:22.626 INFO Current price: 0.000000082704 - Current percentage: 74.49% - Max: 79.58% - Min: -32.10% - Market Cap 16844 - Trading time: 00:02:00
06-09-2025 02:52:23.091 INFO Current price: 0.000000082719 - Current percentage: 75.09% - Max: 79.58% - Min: -32.10% - Market Cap 16902 - Trading time: 00:02:01
06-09-2025 02:52:23.538 INFO Current price: 0.000000082876 - Current percentage: 75.16% - Max: 79.58% - Min: -32.10% - Market Cap 16908 - Trading time: 00:02:01
06-09-2025 02:52:23.664 INFO Current price: 0.000000083666 - Current percentage: 78.45% - Max: 79.58% - Min: -32.10% - Market Cap 17226 - Trading time: 00:02:01
06-09-2025 02:52:23.667 INFO Current price: 0.000000085243 - Current percentage: 81.82% - Max: 81.82% - Min: -32.10% - Market Cap 17551 - Trading time: 00:02:01
06-09-2025 02:52:23.667 INFO Current price: 0.000000086802 - Current percentage: 85.04% - Max: 85.04% - Min: -32.10% - Market Cap 17862 - Trading time: 00:02:01
06-09-2025 02:52:23.808 INFO Current price: 0.000000088423 - Current percentage: 88.67% - Max: 88.67% - Min: -32.10% - Market Cap 18213 - Trading time: 00:02:01
06-09-2025 02:52:25.059 INFO Current price: 0.000000088236 - Current percentage: 84.26% - Max: 88.67% - Min: -32.10% - Market Cap 17786 - Trading time: 00:02:03
06-09-2025 02:52:25.380 INFO Current price: 0.000000086718 - Current percentage: 82.24% - Max: 88.67% - Min: -32.10% - Market Cap 17592 - Trading time: 00:02:03
06-09-2025 02:52:25.477 INFO Current price: 0.000000086180 - Current percentage: 81.98% - Max: 88.67% - Min: -32.10% - Market Cap 17566 - Trading time: 00:02:03
06-09-2025 02:52:25.993 INFO Current price: 0.000000086278 - Current percentage: 82.65% - Max: 88.67% - Min: -32.10% - Market Cap 17632 - Trading time: 00:02:04
06-09-2025 02:52:26.404 INFO Current price: 0.000000086470 - Current percentage: 82.79% - Max: 88.67% - Min: -32.10% - Market Cap 17645 - Trading time: 00:02:04
06-09-2025 02:52:30.212 INFO Current price: 0.000000086551 - Current percentage: 82.99% - Max: 88.67% - Min: -32.10% - Market Cap 17665 - Trading time: 00:02:08
06-09-2025 02:52:30.425 INFO Current price: 0.000000086682 - Current percentage: 83.34% - Max: 88.67% - Min: -32.10% - Market Cap 17698 - Trading time: 00:02:08
06-09-2025 02:52:30.427 INFO Current price: 0.000000083812 - Current percentage: 71.08% - Max: 88.67% - Min: -32.10% - Market Cap 16514 - Trading time: 00:02:08
06-09-2025 02:52:30.627 INFO Current price: 0.000000081116 - Current percentage: 71.73% - Max: 88.67% - Min: -32.10% - Market Cap 16578 - Trading time: 00:02:08
06-09-2025 02:52:30.796 INFO Current price: 0.000000081854 - Current percentage: 74.21% - Max: 88.67% - Min: -32.10% - Market Cap 16816 - Trading time: 00:02:08
06-09-2025 02:52:31.197 INFO Current price: 0.000000082130 - Current percentage: 72.89% - Max: 88.67% - Min: -32.10% - Market Cap 16690 - Trading time: 00:02:09
06-09-2025 02:52:31.928 INFO Current price: 0.000000081877 - Current percentage: 73.13% - Max: 88.67% - Min: -32.10% - Market Cap 16713 - Trading time: 00:02:09
06-09-2025 02:52:32.887 INFO Current price: 0.000000081733 - Current percentage: 72.28% - Max: 88.67% - Min: -32.10% - Market Cap 16631 - Trading time: 00:02:10
06-09-2025 02:52:33.637 INFO Current price: 0.000000081688 - Current percentage: 72.94% - Max: 88.67% - Min: -32.10% - Market Cap 16694 - Trading time: 00:02:11
06-09-2025 02:52:37.617 INFO Current price: 0.000000081289 - Current percentage: 70.61% - Max: 88.67% - Min: -32.10% - Market Cap 16469 - Trading time: 00:02:15
06-09-2025 02:52:38.453 INFO Current price: 0.000000079825 - Current percentage: 66.77% - Max: 88.67% - Min: -32.10% - Market Cap 16099 - Trading time: 00:02:16
06-09-2025 02:52:40.528 INFO Current price: 0.000000079077 - Current percentage: 67.42% - Max: 88.67% - Min: -32.10% - Market Cap 16161 - Trading time: 00:02:18
06-09-2025 02:52:40.702 INFO Current price: 0.000000078854 - Current percentage: 65.83% - Max: 88.67% - Min: -32.10% - Market Cap 16008 - Trading time: 00:02:18
06-09-2025 02:52:44.017 INFO Current price: 0.000000078462 - Current percentage: 65.76% - Max: 88.67% - Min: -32.10% - Market Cap 16001 - Trading time: 00:02:22
06-09-2025 02:52:44.120 INFO Current price: 0.000000078445 - Current percentage: 65.76% - Max: 88.67% - Min: -32.10% - Market Cap 16001 - Trading time: 00:02:22
06-09-2025 02:52:44.339 INFO Current price: 0.000000078445 - Current percentage: 65.76% - Max: 88.67% - Min: -32.10% - Market Cap 16001 - Trading time: 00:02:22
06-09-2025 02:52:44.929 INFO Current price: 0.000000078445 - Current percentage: 65.76% - Max: 88.67% - Min: -32.10% - Market Cap 16001 - Trading time: 00:02:22
06-09-2025 02:52:45.397 INFO Current price: 0.000000078446 - Current percentage: 65.76% - Max: 88.67% - Min: -32.10% - Market Cap 16001 - Trading time: 00:02:23
06-09-2025 02:52:45.697 INFO Current price: 0.000000078599 - Current percentage: 66.41% - Max: 88.67% - Min: -32.10% - Market Cap 16064 - Trading time: 00:02:23
06-09-2025 02:52:47.228 INFO Current price: 0.000000078828 - Current percentage: 66.73% - Max: 88.67% - Min: -32.10% - Market Cap 16095 - Trading time: 00:02:25
06-09-2025 02:52:50.500 INFO Current price: 0.000000078874 - Current percentage: 66.60% - Max: 88.67% - Min: -32.10% - Market Cap 16083 - Trading time: 00:02:28
06-09-2025 02:52:50.788 INFO Current price: 0.000000078295 - Current percentage: 64.29% - Max: 88.67% - Min: -32.10% - Market Cap 15859 - Trading time: 00:02:28
06-09-2025 02:52:51.772 INFO Current price: 0.000000077749 - Current percentage: 64.29% - Max: 88.67% - Min: -32.10% - Market Cap 15859 - Trading time: 00:02:29
06-09-2025 02:52:56.192 INFO Current price: 0.000000077748 - Current percentage: 64.29% - Max: 88.67% - Min: -32.10% - Market Cap 15859 - Trading time: 00:02:34
06-09-2025 02:52:56.452 INFO Current price: 0.000000077748 - Current percentage: 64.29% - Max: 88.67% - Min: -32.10% - Market Cap 15859 - Trading time: 00:02:34
06-09-2025 02:52:56.532 INFO Current price: 0.000000077900 - Current percentage: 64.93% - Max: 88.67% - Min: -32.10% - Market Cap 15921 - Trading time: 00:02:34
06-09-2025 02:52:58.494 INFO Current price: 0.000000075508 - Current percentage: 54.35% - Max: 88.67% - Min: -32.10% - Market Cap 14900 - Trading time: 00:02:36
06-09-2025 02:52:58.668 INFO Current price: 0.000000073159 - Current percentage: 54.60% - Max: 88.67% - Min: -32.10% - Market Cap 14924 - Trading time: 00:02:36
06-09-2025 02:52:58.928 INFO Current price: 0.000000073162 - Current percentage: 54.60% - Max: 88.67% - Min: -32.10% - Market Cap 14924 - Trading time: 00:02:36
06-09-2025 02:52:59.503 INFO Current price: 0.000000073162 - Current percentage: 54.60% - Max: 88.67% - Min: -32.10% - Market Cap 14924 - Trading time: 00:02:37
06-09-2025 02:52:59.622 INFO Current price: 0.000000074636 - Current percentage: 60.89% - Max: 88.67% - Min: -32.10% - Market Cap 15531 - Trading time: 00:02:37
06-09-2025 02:52:59.928 INFO Current price: 0.000000076140 - Current percentage: 60.89% - Max: 88.67% - Min: -32.10% - Market Cap 15531 - Trading time: 00:02:37
06-09-2025 02:53:01.555 INFO Current price: 0.000000076141 - Current percentage: 60.89% - Max: 88.67% - Min: -32.10% - Market Cap 15531 - Trading time: 00:02:39
06-09-2025 02:53:02.816 INFO Current price: 0.000000076141 - Current percentage: 60.89% - Max: 88.67% - Min: -32.10% - Market Cap 15531 - Trading time: 00:02:40
06-09-2025 02:53:03.432 INFO Current price: 0.000000076141 - Current percentage: 60.89% - Max: 88.67% - Min: -32.10% - Market Cap 15531 - Trading time: 00:02:41
06-09-2025 02:53:03.763 INFO Current price: 0.000000076142 - Current percentage: 60.89% - Max: 88.67% - Min: -32.10% - Market Cap 15531 - Trading time: 00:02:41
06-09-2025 02:53:03.784 INFO Current price: 0.000000076219 - Current percentage: 61.22% - Max: 88.67% - Min: -32.10% - Market Cap 15563 - Trading time: 00:02:41
06-09-2025 02:53:05.187 INFO Current price: 0.000000076446 - Current percentage: 61.86% - Max: 88.67% - Min: -32.10% - Market Cap 15624 - Trading time: 00:02:43
06-09-2025 02:53:06.783 INFO Current price: 0.000000073507 - Current percentage: 49.06% - Max: 88.67% - Min: -32.10% - Market Cap 14389 - Trading time: 00:02:44
06-09-2025 02:53:07.743 INFO Current price: 0.000000070542 - Current percentage: 49.06% - Max: 88.67% - Min: -32.10% - Market Cap 14389 - Trading time: 00:02:45
06-09-2025 02:53:07.964 INFO Current price: 0.000000070687 - Current percentage: 49.67% - Max: 88.67% - Min: -32.10% - Market Cap 14448 - Trading time: 00:02:45
06-09-2025 02:53:08.325 INFO Current price: 0.000000070832 - Current percentage: 49.67% - Max: 88.67% - Min: -32.10% - Market Cap 14448 - Trading time: 00:02:46
06-09-2025 02:53:08.415 INFO Current price: 0.000000000000 - Current percentage: 49.67% - Max: 88.67% - Min: -32.10% - Market Cap 14448 - Trading time: 00:02:46
06-09-2025 02:53:08.901 INFO Current price: 0.000000070832 - Current percentage: 49.68% - Max: 88.67% - Min: -32.10% - Market Cap 14448 - Trading time: 00:02:46
06-09-2025 02:53:09.342 INFO Current price: 0.000000070820 - Current percentage: 49.62% - Max: 88.67% - Min: -32.10% - Market Cap 14443 - Trading time: 00:02:47
06-09-2025 02:53:10.247 INFO Current price: 0.000000070808 - Current percentage: 49.62% - Max: 88.67% - Min: -32.10% - Market Cap 14443 - Trading time: 00:02:48
06-09-2025 02:53:10.671 INFO Current price: 0.000000070808 - Current percentage: 49.62% - Max: 88.67% - Min: -32.10% - Market Cap 14443 - Trading time: 00:02:48
06-09-2025 02:53:11.087 INFO Current price: 0.000000070808 - Current percentage: 49.62% - Max: 88.67% - Min: -32.10% - Market Cap 14443 - Trading time: 00:02:49
06-09-2025 02:53:11.496 INFO Current price: 0.000000070808 - Current percentage: 49.62% - Max: 88.67% - Min: -32.10% - Market Cap 14444 - Trading time: 00:02:49
06-09-2025 02:53:11.592 INFO Current price: 0.000000076609 - Current percentage: 75.14% - Max: 88.67% - Min: -32.10% - Market Cap 16907 - Trading time: 00:02:49
06-09-2025 02:53:13.102 INFO Current price: 0.000000083278 - Current percentage: 76.81% - Max: 88.67% - Min: -32.10% - Market Cap 17067 - Trading time: 00:02:51
06-09-2025 02:53:13.873 INFO Current price: 0.000000083994 - Current percentage: 78.17% - Max: 88.67% - Min: -32.10% - Market Cap 17199 - Trading time: 00:02:51
06-09-2025 02:53:18.946 INFO Current price: 0.000000084478 - Current percentage: 78.85% - Max: 88.67% - Min: -32.10% - Market Cap 17264 - Trading time: 00:02:56
06-09-2025 02:53:21.549 INFO Current price: 0.000000084553 - Current percentage: 78.49% - Max: 88.67% - Min: -32.10% - Market Cap 17230 - Trading time: 00:02:59
06-09-2025 02:53:22.921 INFO Current price: 0.000000084118 - Current percentage: 77.01% - Max: 88.67% - Min: -32.10% - Market Cap 17087 - Trading time: 00:03:00
06-09-2025 02:53:22.924 INFO Current price: 0.000000081361 - Current percentage: 66.98% - Max: 88.67% - Min: -32.10% - Market Cap 16119 - Trading time: 00:03:00
06-09-2025 02:53:23.638 INFO Current price: 0.000000078192 - Current percentage: 63.49% - Max: 88.67% - Min: -32.10% - Market Cap 15782 - Trading time: 00:03:01
06-09-2025 02:53:24.443 INFO Current price: 0.000000075005 - Current percentage: 53.65% - Max: 88.67% - Min: -32.10% - Market Cap 14832 - Trading time: 00:03:02
06-09-2025 02:53:25.538 INFO Current price: 0.000000070987 - Current percentage: 46.44% - Max: 88.67% - Min: -32.10% - Market Cap 14136 - Trading time: 00:03:03
06-09-2025 02:53:26.655 INFO Current price: 0.000000069317 - Current percentage: 46.50% - Max: 88.67% - Min: -32.10% - Market Cap 14142 - Trading time: 00:03:04
06-09-2025 02:53:27.601 INFO Current price: 0.000000069833 - Current percentage: 48.63% - Max: 88.67% - Min: -32.10% - Market Cap 14348 - Trading time: 00:03:05
06-09-2025 02:53:31.383 INFO Current price: 0.000000070339 - Current percentage: 48.63% - Max: 88.67% - Min: -32.10% - Market Cap 14348 - Trading time: 00:03:09
06-09-2025 02:53:31.905 INFO Current price: 0.000000068989 - Current percentage: 42.98% - Max: 88.67% - Min: -32.10% - Market Cap 13802 - Trading time: 00:03:09
06-09-2025 02:53:32.600 INFO Current price: 0.000000067548 - Current percentage: 42.49% - Max: 88.67% - Min: -32.10% - Market Cap 13754 - Trading time: 00:03:10
06-09-2025 02:53:32.965 INFO Current price: 0.000000067431 - Current percentage: 42.49% - Max: 88.67% - Min: -32.10% - Market Cap 13755 - Trading time: 00:03:10
06-09-2025 02:53:32.966 INFO Current price: 0.000000067188 - Current percentage: 41.46% - Max: 88.67% - Min: -32.10% - Market Cap 13656 - Trading time: 00:03:10
06-09-2025 02:53:33.701 INFO Current price: 0.000000066947 - Current percentage: 41.46% - Max: 88.67% - Min: -32.10% - Market Cap 13656 - Trading time: 00:03:11
06-09-2025 02:53:34.208 INFO Current price: 0.000000066947 - Current percentage: 41.46% - Max: 88.67% - Min: -32.10% - Market Cap 13656 - Trading time: 00:03:12
06-09-2025 02:53:34.458 INFO Current price: 0.000000066953 - Current percentage: 41.49% - Max: 88.67% - Min: -32.10% - Market Cap 13658 - Trading time: 00:03:12
06-09-2025 02:53:34.587 INFO Current price: 0.000000066958 - Current percentage: 41.49% - Max: 88.67% - Min: -32.10% - Market Cap 13658 - Trading time: 00:03:12
06-09-2025 02:53:38.470 INFO Current price: 0.000000062366 - Current percentage: 22.75% - Max: 88.67% - Min: -32.10% - Market Cap 11849 - Trading time: 00:03:16
06-09-2025 02:53:39.260 INFO Current price: 0.000000057464 - Current percentage: 20.12% - Max: 88.67% - Min: -32.10% - Market Cap 11595 - Trading time: 00:03:17
06-09-2025 02:53:39.304 INFO Current price: 0.000000056975 - Current percentage: 20.67% - Max: 88.67% - Min: -32.10% - Market Cap 11648 - Trading time: 00:03:17
06-09-2025 02:53:40.303 INFO Current price: 0.000000058407 - Current percentage: 26.23% - Max: 88.67% - Min: -32.10% - Market Cap 12186 - Trading time: 00:03:18
06-09-2025 02:53:40.679 INFO Current price: 0.000000059740 - Current percentage: 26.24% - Max: 88.67% - Min: -32.10% - Market Cap 12186 - Trading time: 00:03:18
06-09-2025 02:53:40.862 INFO Current price: 0.000000059740 - Current percentage: 26.24% - Max: 88.67% - Min: -32.10% - Market Cap 12186 - Trading time: 00:03:18
06-09-2025 02:53:41.157 INFO Current price: 0.000000059992 - Current percentage: 27.30% - Max: 88.67% - Min: -32.10% - Market Cap 12289 - Trading time: 00:03:19
06-09-2025 02:53:41.439 INFO Current price: 0.000000060647 - Current percentage: 29.01% - Max: 88.67% - Min: -32.10% - Market Cap 12453 - Trading time: 00:03:19
06-09-2025 02:53:42.211 INFO Current price: 0.000000061120 - Current percentage: 29.30% - Max: 88.67% - Min: -32.10% - Market Cap 12481 - Trading time: 00:03:20
06-09-2025 02:53:43.374 INFO Current price: 0.000000061256 - Current percentage: 29.58% - Max: 88.67% - Min: -32.10% - Market Cap 12509 - Trading time: 00:03:21
06-09-2025 02:53:44.689 INFO Current price: 0.000000060917 - Current percentage: 27.87% - Max: 88.67% - Min: -32.10% - Market Cap 12343 - Trading time: 00:03:22
06-09-2025 02:53:44.918 INFO Current price: 0.000000060258 - Current percentage: 26.79% - Max: 88.67% - Min: -32.10% - Market Cap 12240 - Trading time: 00:03:22
06-09-2025 02:53:45.167 INFO Current price: 0.000000060031 - Current percentage: 26.91% - Max: 88.67% - Min: -32.10% - Market Cap 12251 - Trading time: 00:03:23
06-09-2025 02:53:48.409 INFO Current price: 0.000000059863 - Current percentage: 26.08% - Max: 88.67% - Min: -32.10% - Market Cap 12171 - Trading time: 00:03:26
06-09-2025 02:53:50.889 INFO Current price: 0.000000059802 - Current percentage: 26.65% - Max: 88.67% - Min: -32.10% - Market Cap 12226 - Trading time: 00:03:28
06-09-2025 02:53:51.151 INFO Current price: 0.000000059831 - Current percentage: 26.21% - Max: 88.67% - Min: -32.10% - Market Cap 12183 - Trading time: 00:03:29
06-09-2025 02:53:52.746 INFO Current price: 0.000000056936 - Current percentage: 14.69% - Max: 88.67% - Min: -32.10% - Market Cap 11071 - Trading time: 00:03:30
06-09-2025 02:53:53.104 INFO Current price: 0.000000054338 - Current percentage: 14.95% - Max: 88.67% - Min: -32.10% - Market Cap 11097 - Trading time: 00:03:31
06-09-2025 02:53:53.154 INFO Current price: 0.000000053894 - Current percentage: 12.82% - Max: 88.67% - Min: -32.10% - Market Cap 10891 - Trading time: 00:03:31
06-09-2025 02:53:53.378 INFO Current price: 0.000000051697 - Current percentage: 5.77% - Max: 88.67% - Min: -32.10% - Market Cap 10210 - Trading time: 00:03:31
06-09-2025 02:53:53.858 INFO Current price: 0.000000049287 - Current percentage: 2.55% - Max: 88.67% - Min: -32.10% - Market Cap 9899 - Trading time: 00:03:31
06-09-2025 02:53:53.861 INFO Current price: 0.000000048088 - Current percentage: 0.69% - Max: 88.67% - Min: -32.10% - Market Cap 9720 - Trading time: 00:03:31
06-09-2025 02:53:54.112 INFO Current price: 0.000000047642 - Current percentage: 0.66% - Max: 88.67% - Min: -32.10% - Market Cap 9716 - Trading time: 00:03:32
06-09-2025 02:53:54.690 INFO Current price: 0.000000047465 - Current percentage: -0.06% - Max: 88.67% - Min: -32.10% - Market Cap 9647 - Trading time: 00:03:32
06-09-2025 02:53:55.508 INFO Current price: 0.000000047475 - Current percentage: 0.70% - Max: 88.67% - Min: -32.10% - Market Cap 9721 - Trading time: 00:03:33
06-09-2025 02:53:56.023 INFO Current price: 0.000000048250 - Current percentage: 3.23% - Max: 88.67% - Min: -32.10% - Market Cap 9965 - Trading time: 00:03:34
06-09-2025 02:53:56.025 INFO Current price: 0.000000049454 - Current percentage: 5.79% - Max: 88.67% - Min: -32.10% - Market Cap 10212 - Trading time: 00:03:34
06-09-2025 02:53:56.699 INFO Current price: 0.000000050301 - Current percentage: 6.79% - Max: 88.67% - Min: -32.10% - Market Cap 10309 - Trading time: 00:03:34
06-09-2025 02:53:59.184 INFO Current price: 0.000000049329 - Current percentage: 2.10% - Max: 88.67% - Min: -32.10% - Market Cap 9856 - Trading time: 00:03:37
06-09-2025 02:53:59.667 INFO Current price: 0.000000048095 - Current percentage: 1.16% - Max: 88.67% - Min: -32.10% - Market Cap 9765 - Trading time: 00:03:37
06-09-2025 02:54:00.184 INFO Current price: 0.000000047866 - Current percentage: 1.13% - Max: 88.67% - Min: -32.10% - Market Cap 9762 - Trading time: 00:03:38
06-09-2025 02:54:00.729 INFO Current price: 0.000000046081 - Current percentage: -6.25% - Max: 88.67% - Min: -32.10% - Market Cap 9050 - Trading time: 00:03:38
06-09-2025 02:54:01.788 INFO Current price: 0.000000044369 - Current percentage: -6.24% - Max: 88.67% - Min: -32.10% - Market Cap 9050 - Trading time: 00:03:39
06-09-2025 02:54:02.279 INFO Current price: 0.000000044369 - Current percentage: -6.24% - Max: 88.67% - Min: -32.10% - Market Cap 9050 - Trading time: 00:03:40
06-09-2025 02:54:02.694 INFO Current price: 0.000000044369 - Current percentage: -6.24% - Max: 88.67% - Min: -32.10% - Market Cap 9050 - Trading time: 00:03:40
06-09-2025 02:54:02.708 INFO Current price: 0.000000044369 - Current percentage: -6.24% - Max: 88.67% - Min: -32.10% - Market Cap 9051 - Trading time: 00:03:40
06-09-2025 02:54:02.907 INFO Current price: 0.000000044309 - Current percentage: -6.50% - Max: 88.67% - Min: -32.10% - Market Cap 9026 - Trading time: 00:03:40
06-09-2025 02:54:03.071 INFO Current price: 0.000000044248 - Current percentage: -6.50% - Max: 88.67% - Min: -32.10% - Market Cap 9026 - Trading time: 00:03:41
06-09-2025 02:54:03.387 INFO Current price: 0.000000044248 - Current percentage: -6.50% - Max: 88.67% - Min: -32.10% - Market Cap 9026 - Trading time: 00:03:41
06-09-2025 02:54:03.814 INFO Current price: 0.000000044249 - Current percentage: -6.50% - Max: 88.67% - Min: -32.10% - Market Cap 9026 - Trading time: 00:03:41
06-09-2025 02:54:04.260 INFO Current price: 0.000000044249 - Current percentage: -6.50% - Max: 88.67% - Min: -32.10% - Market Cap 9026 - Trading time: 00:03:42
06-09-2025 02:54:04.533 INFO Current price: 0.000000043170 - Current percentage: -11.00% - Max: 88.67% - Min: -32.10% - Market Cap 8591 - Trading time: 00:03:42
06-09-2025 02:54:04.535 INFO Current price: 0.000000041118 - Current percentage: -15.18% - Max: 88.67% - Min: -32.10% - Market Cap 8188 - Trading time: 00:03:42
06-09-2025 02:54:04.538 INFO Current price: 0.000000039190 - Current percentage: -19.15% - Max: 88.67% - Min: -32.10% - Market Cap 7805 - Trading time: 00:03:42
06-09-2025 02:54:04.588 INFO Current price: 0.000000038261 - Current percentage: -19.15% - Max: 88.67% - Min: -32.10% - Market Cap 7805 - Trading time: 00:03:42
06-09-2025 02:54:04.641 INFO Current price: 0.000000037368 - Current percentage: -22.88% - Max: 88.67% - Min: -32.10% - Market Cap 7445 - Trading time: 00:03:42
06-09-2025 02:54:04.941 INFO Current price: 0.000000036496 - Current percentage: -22.88% - Max: 88.67% - Min: -32.10% - Market Cap 7445 - Trading time: 00:03:42
06-09-2025 02:54:05.237 INFO Current price: 0.000000036465 - Current percentage: -23.01% - Max: 88.67% - Min: -32.10% - Market Cap 7432 - Trading time: 00:03:43
06-09-2025 02:54:05.271 INFO Current price: 0.000000036433 - Current percentage: -23.01% - Max: 88.67% - Min: -32.10% - Market Cap 7432 - Trading time: 00:03:43
06-09-2025 02:54:05.362 INFO Current price: 0.000000036313 - Current percentage: -23.52% - Max: 88.67% - Min: -32.10% - Market Cap 7383 - Trading time: 00:03:43
06-09-2025 02:54:05.604 INFO Current price: 0.000000035817 - Current percentage: -25.10% - Max: 88.67% - Min: -32.10% - Market Cap 7230 - Trading time: 00:03:43
06-09-2025 02:54:05.648 INFO Current price: 0.000000035072 - Current percentage: -26.67% - Max: 88.67% - Min: -32.10% - Market Cap 7079 - Trading time: 00:03:43
06-09-2025 02:54:05.655 INFO Current price: 0.000000034704 - Current percentage: -26.67% - Max: 88.67% - Min: -32.10% - Market Cap 7079 - Trading time: 00:03:43
06-09-2025 02:54:07.139 INFO Current price: 0.000000035719 - Current percentage: -22.31% - Max: 88.67% - Min: -32.10% - Market Cap 7499 - Trading time: 00:03:45
06-09-2025 02:54:07.340 INFO Current price: 0.000000036935 - Current percentage: -21.59% - Max: 88.67% - Min: -32.10% - Market Cap 7569 - Trading time: 00:03:45
06-09-2025 02:54:07.538 INFO Current price: 0.000000036964 - Current percentage: -22.19% - Max: 88.67% - Min: -32.10% - Market Cap 7511 - Trading time: 00:03:45
06-09-2025 02:54:08.032 INFO Current price: 0.000000036800 - Current percentage: -22.29% - Max: 88.67% - Min: -32.10% - Market Cap 7502 - Trading time: 00:03:46
06-09-2025 02:54:08.343 INFO Current price: 0.000000036788 - Current percentage: -22.24% - Max: 88.67% - Min: -32.10% - Market Cap 7506 - Trading time: 00:03:46
06-09-2025 02:54:09.011 INFO Current price: 0.000000036762 - Current percentage: -22.40% - Max: 88.67% - Min: -32.10% - Market Cap 7491 - Trading time: 00:03:47
06-09-2025 02:54:14.544 INFO Current price: 0.000000036700 - Current percentage: -22.50% - Max: 88.67% - Min: -32.10% - Market Cap 7481 - Trading time: 00:03:52
06-09-2025 02:54:26.796 INFO Current price: 0.000000035633 - Current percentage: -26.84% - Max: 88.67% - Min: -32.10% - Market Cap 7062 - Trading time: 00:04:04
06-09-2025 02:54:26.902 INFO Current price: 0.000000034466 - Current percentage: -27.50% - Max: 88.67% - Min: -32.10% - Market Cap 6999 - Trading time: 00:04:04
06-09-2025 02:54:27.387 INFO Current price: 0.000000034270 - Current percentage: -27.67% - Max: 88.67% - Min: -32.10% - Market Cap 6982 - Trading time: 00:04:05
06-09-2025 02:54:28.041 INFO Current price: 0.000000034218 - Current percentage: -27.71% - Max: 88.67% - Min: -32.10% - Market Cap 6978 - Trading time: 00:04:06
06-09-2025 02:54:28.131 INFO Current price: 0.000000033650 - Current percentage: -30.06% - Max: 88.67% - Min: -32.10% - Market Cap 6752 - Trading time: 00:04:06
06-09-2025 02:54:28.766 INFO Current price: 0.000000033064 - Current percentage: -30.21% - Max: 88.67% - Min: -32.10% - Market Cap 6737 - Trading time: 00:04:06
06-09-2025 02:54:29.345 INFO Current price: 0.000000032466 - Current percentage: -32.56% - Max: 88.67% - Min: -32.56% - Market Cap 6510 - Trading time: 00:04:07
06-09-2025 02:54:30.199 INFO Current price: 0.000000031904 - Current percentage: -32.61% - Max: 88.67% - Min: -32.61% - Market Cap 6506 - Trading time: 00:04:08
06-09-2025 02:54:39.379 INFO Current price: 0.000000031873 - Current percentage: -32.69% - Max: 88.67% - Min: -32.69% - Market Cap 6497 - Trading time: 00:04:17
06-09-2025 02:54:41.189 INFO Current price: 0.000000031731 - Current percentage: -33.21% - Max: 88.67% - Min: -33.21% - Market Cap 6448 - Trading time: 00:04:19
06-09-2025 02:54:44.992 INFO Current price: 0.000000031456 - Current percentage: -33.85% - Max: 88.67% - Min: -33.85% - Market Cap 6385 - Trading time: 00:04:23
06-09-2025 02:54:45.271 INFO Current price: 0.000000031277 - Current percentage: -33.97% - Max: 88.67% - Min: -33.97% - Market Cap 6374 - Trading time: 00:04:23
06-09-2025 02:54:58.717 INFO Current price: 0.000000031242 - Current percentage: -34.00% - Max: 88.67% - Min: -34.00% - Market Cap 6371 - Trading time: 00:04:36
06-09-2025 02:55:06.768 INFO Current price: 0.000000031231 - Current percentage: -34.01% - Max: 88.67% - Min: -34.01% - Market Cap 6370 - Trading time: 00:04:44
06-09-2025 02:55:09.143 INFO Current price: 0.000000031185 - Current percentage: -34.19% - Max: 88.67% - Min: -34.19% - Market Cap 6353 - Trading time: 00:04:47
06-09-2025 02:55:11.434 INFO Current price: 0.000000030664 - Current percentage: -36.20% - Max: 88.67% - Min: -36.20% - Market Cap 6159 - Trading time: 00:04:49






06-09-2025 02:55:21.974 INFO {"type":"summary","reason":"max_window","startedAt":"2025-09-06T00:50:21.975Z","endedAt":"2025-09-06T00:55:21.974Z","durationSec":299,"entryPrice":5.03783448e-8,"entryMarketCapSol":47.324163019439844,"entryMarketCapUsd":9653.182772705339,"minPct":-36.20167017623263,"maxPct":88.67008636129323,"buyCount":198,"sellCount":138,"tradeCount":336,"entryRecorded":true,"noPostThresholdTrades":false,"triggerAt":"2025-09-06T00:50:21.975Z","ageAtTriggerSec":13,"preTotalTrades":76,"preBuys":44,"preSells":32,"preUniqueTraders":49,"preEntryTotalTrades":88,"preEntryBuys":50,"preEntrySells":38,"preEntryUniqueTraders":54,"preEntryMinMcUsd":8090.83887057123,"preEntryMaxMcUsd":15764.242256737012,"thresholdMcSol":47.324163019439844,"thresholdMcUsd":9653.182772705339,"thresholdPrice":5.03783448e-8}
