06-09-2025 11:12:29.263 INFO Entry price: 0.000000043458183085 - Entry market cap: 8183 - Buys 20 - Sells 5 - Ratio: 1:0.25 - Min MarketCap: 6500 - Max MarketCap: 9546
06-09-2025 11:12:29.263 INFO Current price: 0.000000043458 - Current percentage: 0.00% - Max: 0.00% - Min: 0.00% - Market Cap 8183 - Trading time: 00:00:02
06-09-2025 11:12:29.666 INFO Current price: 0.000000046648 - Current percentage: 16.22% - Max: 16.22% - Min: 0.00% - Market Cap 9511 - Trading time: 00:00:02
06-09-2025 11:12:29.771 INFO Current price: 0.000000046789 - Current percentage: 16.34% - Max: 16.34% - Min: 0.00% - Market Cap 9520 - Trading time: 00:00:02
06-09-2025 11:12:29.873 INFO Current price: 0.000000046800 - Current percentage: 16.28% - Max: 16.34% - Min: 0.00% - Market Cap 9515 - Trading time: 00:00:02
06-09-2025 11:12:29.912 INFO Current price: 0.000000046787 - Current percentage: 16.27% - Max: 16.34% - Min: 0.00% - Market Cap 9515 - Trading time: 00:00:02
06-09-2025 11:12:29.931 INFO Current price: 0.000000045263 - Current percentage: 8.83% - Max: 16.34% - Min: 0.00% - Market Cap 8906 - Trading time: 00:00:02
06-09-2025 11:12:29.933 INFO Current price: 0.000000043801 - Current percentage: 8.88% - Max: 16.34% - Min: 0.00% - Market Cap 8910 - Trading time: 00:00:02
06-09-2025 11:12:30.059 INFO Current price: 0.000000043547 - Current percentage: 7.57% - Max: 16.34% - Min: 0.00% - Market Cap 8803 - Trading time: 00:00:02
06-09-2025 11:12:31.082 INFO Current price: 0.000000043290 - Current percentage: 7.60% - Max: 16.34% - Min: 0.00% - Market Cap 8805 - Trading time: 00:00:03
06-09-2025 11:12:31.464 INFO Current price: 0.000000043510 - Current percentage: 8.67% - Max: 16.34% - Min: 0.00% - Market Cap 8892 - Trading time: 00:00:04
06-09-2025 11:12:31.850 INFO Current price: 0.000000043760 - Current percentage: 8.84% - Max: 16.34% - Min: 0.00% - Market Cap 8906 - Trading time: 00:00:04
06-09-2025 11:12:31.902 INFO Current price: 0.000000043851 - Current percentage: 9.12% - Max: 16.34% - Min: 0.00% - Market Cap 8930 - Trading time: 00:00:04
06-09-2025 11:12:32.062 INFO Current price: 0.000000043967 - Current percentage: 9.42% - Max: 16.34% - Min: 0.00% - Market Cap 8954 - Trading time: 00:00:04
06-09-2025 11:12:32.067 INFO Current price: 0.000000044053 - Current percentage: 9.55% - Max: 16.34% - Min: 0.00% - Market Cap 8965 - Trading time: 00:00:04
06-09-2025 11:12:33.679 INFO Current price: 0.000000041994 - Current percentage: -0.57% - Max: 16.34% - Min: -0.57% - Market Cap 8136 - Trading time: 00:00:06
06-09-2025 11:12:33.683 INFO Current price: 0.000000040224 - Current percentage: 0.51% - Max: 16.34% - Min: -0.57% - Market Cap 8225 - Trading time: 00:00:06
06-09-2025 11:12:33.790 INFO Current price: 0.000000040455 - Current percentage: 0.57% - Max: 16.34% - Min: -0.57% - Market Cap 8229 - Trading time: 00:00:06
06-09-2025 11:12:34.144 INFO Current price: 0.000000040707 - Current percentage: 1.77% - Max: 16.34% - Min: -0.57% - Market Cap 8328 - Trading time: 00:00:06
06-09-2025 11:12:34.148 INFO Current price: 0.000000040478 - Current percentage: -0.56% - Max: 16.34% - Min: -0.57% - Market Cap 8137 - Trading time: 00:00:06
06-09-2025 11:12:34.583 INFO Current price: 0.000000039918 - Current percentage: -1.03% - Max: 16.34% - Min: -1.03% - Market Cap 8099 - Trading time: 00:00:07
06-09-2025 11:12:35.493 INFO Current price: 0.000000040368 - Current percentage: 1.69% - Max: 16.34% - Min: -1.03% - Market Cap 8322 - Trading time: 00:00:08
06-09-2025 11:12:36.154 INFO Current price: 0.000000041251 - Current percentage: 3.35% - Max: 16.34% - Min: -1.03% - Market Cap 8457 - Trading time: 00:00:08
06-09-2025 11:12:37.148 INFO Current price: 0.000000041663 - Current percentage: 3.74% - Max: 16.34% - Min: -1.03% - Market Cap 8489 - Trading time: 00:00:09
06-09-2025 11:12:37.956 INFO Current price: 0.000000041763 - Current percentage: 3.85% - Max: 16.34% - Min: -1.03% - Market Cap 8498 - Trading time: 00:00:10
06-09-2025 11:12:38.034 INFO Current price: 0.000000042899 - Current percentage: 9.46% - Max: 16.34% - Min: -1.03% - Market Cap 8957 - Trading time: 00:00:10
06-09-2025 11:12:38.530 INFO Current price: 0.000000043794 - Current percentage: 8.22% - Max: 16.34% - Min: -1.03% - Market Cap 8856 - Trading time: 00:00:11
06-09-2025 11:12:38.884 INFO Current price: 0.000000043548 - Current percentage: 8.23% - Max: 16.34% - Min: -1.03% - Market Cap 8857 - Trading time: 00:00:11
06-09-2025 11:12:39.350 INFO Current price: 0.000000043554 - Current percentage: 8.26% - Max: 16.34% - Min: -1.03% - Market Cap 8859 - Trading time: 00:00:12
06-09-2025 11:12:39.536 INFO Current price: 0.000000043901 - Current percentage: 9.96% - Max: 16.34% - Min: -1.03% - Market Cap 8998 - Trading time: 00:00:12
06-09-2025 11:12:39.644 INFO Current price: 0.000000043973 - Current percentage: 8.61% - Max: 16.34% - Min: -1.03% - Market Cap 8888 - Trading time: 00:00:12
06-09-2025 11:12:40.139 INFO Current price: 0.000000043615 - Current percentage: 8.18% - Max: 16.34% - Min: -1.03% - Market Cap 8852 - Trading time: 00:00:12
06-09-2025 11:12:40.923 INFO Current price: 0.000000042160 - Current percentage: 1.49% - Max: 16.34% - Min: -1.03% - Market Cap 8305 - Trading time: 00:00:13
06-09-2025 11:12:41.469 INFO Current price: 0.000000040584 - Current percentage: 0.24% - Max: 16.34% - Min: -1.03% - Market Cap 8203 - Trading time: 00:00:14
06-09-2025 11:12:41.968 INFO Current price: 0.000000040552 - Current percentage: 1.33% - Max: 16.34% - Min: -1.03% - Market Cap 8292 - Trading time: 00:00:14
06-09-2025 11:12:42.100 INFO Current price: 0.000000042423 - Current percentage: 9.70% - Max: 16.34% - Min: -1.03% - Market Cap 8977 - Trading time: 00:00:14
06-09-2025 11:12:42.307 INFO Current price: 0.000000044248 - Current percentage: 10.23% - Max: 16.34% - Min: -1.03% - Market Cap 9020 - Trading time: 00:00:15
06-09-2025 11:12:42.699 INFO Current price: 0.000000045503 - Current percentage: 16.01% - Max: 16.34% - Min: -1.03% - Market Cap 9493 - Trading time: 00:00:15
06-09-2025 11:12:42.920 INFO Current price: 0.000000049059 - Current percentage: 28.13% - Max: 28.13% - Min: -1.03% - Market Cap 10485 - Trading time: 00:00:15
06-09-2025 11:12:43.226 INFO Current price: 0.000000052824 - Current percentage: 34.50% - Max: 34.50% - Min: -1.03% - Market Cap 11006 - Trading time: 00:00:15
06-09-2025 11:12:43.482 INFO Current price: 0.000000054380 - Current percentage: 35.79% - Max: 35.79% - Min: -1.03% - Market Cap 11112 - Trading time: 00:00:16
06-09-2025 11:12:43.483 INFO Current price: 0.000000054486 - Current percentage: 35.03% - Max: 35.79% - Min: -1.03% - Market Cap 11050 - Trading time: 00:00:16
06-09-2025 11:12:43.486 INFO Current price: 0.000000054460 - Current percentage: 35.66% - Max: 35.79% - Min: -1.03% - Market Cap 11101 - Trading time: 00:00:16
06-09-2025 11:12:43.572 INFO Current price: 0.000000054586 - Current percentage: 35.66% - Max: 35.79% - Min: -1.03% - Market Cap 11101 - Trading time: 00:00:16
06-09-2025 11:12:43.967 INFO Current price: 0.000000054966 - Current percentage: 37.56% - Max: 37.56% - Min: -1.03% - Market Cap 11257 - Trading time: 00:00:16
06-09-2025 11:12:44.358 INFO Current price: 0.000000055334 - Current percentage: 37.47% - Max: 37.56% - Min: -1.03% - Market Cap 11250 - Trading time: 00:00:17
06-09-2025 11:12:44.580 INFO Current price: 0.000000055010 - Current percentage: 35.96% - Max: 37.56% - Min: -1.03% - Market Cap 11125 - Trading time: 00:00:17
06-09-2025 11:12:44.795 INFO Current price: 0.000000054706 - Current percentage: 35.96% - Max: 37.56% - Min: -1.03% - Market Cap 11125 - Trading time: 00:00:17
06-09-2025 11:12:46.296 INFO Current price: 0.000000053387 - Current percentage: 29.48% - Max: 37.56% - Min: -1.03% - Market Cap 10596 - Trading time: 00:00:19
06-09-2025 11:12:46.320 INFO Current price: 0.000000052225 - Current percentage: 30.10% - Max: 37.56% - Min: -1.03% - Market Cap 10646 - Trading time: 00:00:19
06-09-2025 11:12:47.098 INFO Current price: 0.000000053596 - Current percentage: 36.37% - Max: 37.56% - Min: -1.03% - Market Cap 11160 - Trading time: 00:00:19
06-09-2025 11:12:47.782 INFO Current price: 0.000000055001 - Current percentage: 37.01% - Max: 37.56% - Min: -1.03% - Market Cap 11212 - Trading time: 00:00:20
06-09-2025 11:12:48.142 INFO Current price: 0.000000055193 - Current percentage: 37.33% - Max: 37.56% - Min: -1.03% - Market Cap 11238 - Trading time: 00:00:20
06-09-2025 11:12:48.948 INFO Current price: 0.000000054873 - Current percentage: 35.43% - Max: 37.56% - Min: -1.03% - Market Cap 11082 - Trading time: 00:00:21
06-09-2025 11:12:49.912 INFO Current price: 0.000000054510 - Current percentage: 35.52% - Max: 37.56% - Min: -1.03% - Market Cap 11090 - Trading time: 00:00:22
06-09-2025 11:12:50.270 INFO Current price: 0.000000055547 - Current percentage: 40.62% - Max: 40.62% - Min: -1.03% - Market Cap 11507 - Trading time: 00:00:23
06-09-2025 11:12:52.866 INFO Current price: 0.000000056568 - Current percentage: 40.55% - Max: 40.62% - Min: -1.03% - Market Cap 11501 - Trading time: 00:00:25
06-09-2025 11:12:52.868 INFO Current price: 0.000000056193 - Current percentage: 38.77% - Max: 40.62% - Min: -1.03% - Market Cap 11355 - Trading time: 00:00:25
06-09-2025 11:12:53.653 INFO Current price: 0.000000055525 - Current percentage: 37.23% - Max: 40.62% - Min: -1.03% - Market Cap 11229 - Trading time: 00:00:26
06-09-2025 11:12:54.061 INFO Current price: 0.000000055135 - Current percentage: 36.82% - Max: 40.62% - Min: -1.03% - Market Cap 11196 - Trading time: 00:00:26
06-09-2025 11:12:54.227 INFO Current price: 0.000000054790 - Current percentage: 35.51% - Max: 40.62% - Min: -1.03% - Market Cap 11089 - Trading time: 00:00:26
06-09-2025 11:12:54.227 INFO Current price: 0.000000054447 - Current percentage: 35.11% - Max: 40.62% - Min: -1.03% - Market Cap 11057 - Trading time: 00:00:26
06-09-2025 11:12:54.709 INFO Current price: 0.000000054494 - Current percentage: 35.75% - Max: 40.62% - Min: -1.03% - Market Cap 11108 - Trading time: 00:00:27
06-09-2025 11:12:54.922 INFO Current price: 0.000000054685 - Current percentage: 36.06% - Max: 40.62% - Min: -1.03% - Market Cap 11134 - Trading time: 00:00:27
06-09-2025 11:12:55.556 INFO Current price: 0.000000056024 - Current percentage: 42.48% - Max: 42.48% - Min: -1.03% - Market Cap 11659 - Trading time: 00:00:28
06-09-2025 11:12:55.827 INFO Current price: 0.000000057203 - Current percentage: 41.85% - Max: 42.48% - Min: -1.03% - Market Cap 11608 - Trading time: 00:00:28
06-09-2025 11:12:58.296 INFO Current price: 0.000000057095 - Current percentage: 41.93% - Max: 42.48% - Min: -1.03% - Market Cap 11615 - Trading time: 00:00:31
06-09-2025 11:12:59.200 INFO Current price: 0.000000056841 - Current percentage: 40.60% - Max: 42.48% - Min: -1.03% - Market Cap 11505 - Trading time: 00:00:31
06-09-2025 11:12:59.370 INFO Current price: 0.000000055188 - Current percentage: 33.80% - Max: 42.48% - Min: -1.03% - Market Cap 10949 - Trading time: 00:00:32
06-09-2025 11:12:59.589 INFO Current price: 0.000000053711 - Current percentage: 33.18% - Max: 42.48% - Min: -1.03% - Market Cap 10898 - Trading time: 00:00:32
06-09-2025 11:13:00.792 INFO Current price: 0.000000053965 - Current percentage: 35.06% - Max: 42.48% - Min: -1.03% - Market Cap 11052 - Trading time: 00:00:33
06-09-2025 11:13:01.376 INFO Current price: 0.000000054353 - Current percentage: 35.10% - Max: 42.48% - Min: -1.03% - Market Cap 11055 - Trading time: 00:00:34
06-09-2025 11:13:02.062 INFO Current price: 0.000000054384 - Current percentage: 35.22% - Max: 42.48% - Min: -1.03% - Market Cap 11065 - Trading time: 00:00:34
06-09-2025 11:13:03.564 INFO Current price: 0.000000052069 - Current percentage: 23.84% - Max: 42.48% - Min: -1.03% - Market Cap 10134 - Trading time: 00:00:36
06-09-2025 11:13:04.908 INFO Current price: 0.000000049835 - Current percentage: 23.86% - Max: 42.48% - Min: -1.03% - Market Cap 10136 - Trading time: 00:00:37
06-09-2025 11:13:06.287 INFO Current price: 0.000000049845 - Current percentage: 23.89% - Max: 42.48% - Min: -1.03% - Market Cap 10138 - Trading time: 00:00:39
06-09-2025 11:13:06.595 INFO Current price: 0.000000049719 - Current percentage: 23.24% - Max: 42.48% - Min: -1.03% - Market Cap 10085 - Trading time: 00:00:39
06-09-2025 11:13:07.172 INFO Current price: 0.000000049671 - Current percentage: 23.65% - Max: 42.48% - Min: -1.03% - Market Cap 10118 - Trading time: 00:00:39
06-09-2025 11:13:07.521 INFO Current price: 0.000000049715 - Current percentage: 23.46% - Max: 42.48% - Min: -1.03% - Market Cap 10103 - Trading time: 00:00:40
06-09-2025 11:13:08.620 INFO Current price: 0.000000048576 - Current percentage: 18.05% - Max: 42.48% - Min: -1.03% - Market Cap 9660 - Trading time: 00:00:41
06-09-2025 11:13:10.753 INFO Current price: 0.000000047473 - Current percentage: 17.91% - Max: 42.48% - Min: -1.03% - Market Cap 9649 - Trading time: 00:00:43
06-09-2025 11:13:11.419 INFO Current price: 0.000000044980 - Current percentage: 5.98% - Max: 42.48% - Min: -1.03% - Market Cap 8672 - Trading time: 00:00:44
06-09-2025 11:13:11.653 INFO Current price: 0.000000042643 - Current percentage: 5.98% - Max: 42.48% - Min: -1.03% - Market Cap 8672 - Trading time: 00:00:44
06-09-2025 11:13:11.866 INFO Current price: 0.000000043247 - Current percentage: 9.00% - Max: 42.48% - Min: -1.03% - Market Cap 8920 - Trading time: 00:00:44
06-09-2025 11:13:12.101 INFO Current price: 0.000000044388 - Current percentage: 11.65% - Max: 42.48% - Min: -1.03% - Market Cap 9136 - Trading time: 00:00:44
06-09-2025 11:13:12.435 INFO Current price: 0.000000044829 - Current percentage: 11.18% - Max: 42.48% - Min: -1.03% - Market Cap 9098 - Trading time: 00:00:45
06-09-2025 11:13:12.622 INFO Current price: 0.000000045313 - Current percentage: 14.07% - Max: 42.48% - Min: -1.03% - Market Cap 9334 - Trading time: 00:00:45
06-09-2025 11:13:13.219 INFO Current price: 0.000000045903 - Current percentage: 14.09% - Max: 42.48% - Min: -1.03% - Market Cap 9336 - Trading time: 00:00:45
06-09-2025 11:13:13.375 INFO Current price: 0.000000045942 - Current percentage: 14.27% - Max: 42.48% - Min: -1.03% - Market Cap 9350 - Trading time: 00:00:46
06-09-2025 11:13:13.927 INFO Current price: 0.000000046562 - Current percentage: 17.19% - Max: 42.48% - Min: -1.03% - Market Cap 9590 - Trading time: 00:00:46
06-09-2025 11:13:13.930 INFO Current price: 0.000000047509 - Current percentage: 18.96% - Max: 42.48% - Min: -1.03% - Market Cap 9735 - Trading time: 00:00:46
06-09-2025 11:13:14.087 INFO Current price: 0.000000047879 - Current percentage: 19.02% - Max: 42.48% - Min: -1.03% - Market Cap 9740 - Trading time: 00:00:46
06-09-2025 11:13:14.355 INFO Current price: 0.000000048011 - Current percentage: 19.62% - Max: 42.48% - Min: -1.03% - Market Cap 9788 - Trading time: 00:00:47
06-09-2025 11:13:14.981 INFO Current price: 0.000000048489 - Current percentage: 21.40% - Max: 42.48% - Min: -1.03% - Market Cap 9935 - Trading time: 00:00:47
06-09-2025 11:13:16.657 INFO Current price: 0.000000049466 - Current percentage: 24.48% - Max: 42.48% - Min: -1.03% - Market Cap 10187 - Trading time: 00:00:49
06-09-2025 11:13:17.174 INFO Current price: 0.000000050082 - Current percentage: 24.45% - Max: 42.48% - Min: -1.03% - Market Cap 10184 - Trading time: 00:00:49
06-09-2025 11:13:18.363 INFO Current price: 0.000000050318 - Current percentage: 25.66% - Max: 42.48% - Min: -1.03% - Market Cap 10283 - Trading time: 00:00:51
06-09-2025 11:13:20.101 INFO Current price: 0.000000050144 - Current percentage: 23.58% - Max: 42.48% - Min: -1.03% - Market Cap 10113 - Trading time: 00:00:52
06-09-2025 11:13:22.840 INFO Current price: 0.000000050225 - Current percentage: 26.07% - Max: 42.48% - Min: -1.03% - Market Cap 10317 - Trading time: 00:00:55
06-09-2025 11:13:23.043 INFO Current price: 0.000000050380 - Current percentage: 24.35% - Max: 42.48% - Min: -1.03% - Market Cap 10176 - Trading time: 00:00:55
06-09-2025 11:13:27.451 INFO Current price: 0.000000052005 - Current percentage: 34.33% - Max: 42.48% - Min: -1.03% - Market Cap 10993 - Trading time: 00:01:00
06-09-2025 11:13:27.918 INFO Current price: 0.000000053922 - Current percentage: 33.68% - Max: 42.48% - Min: -1.03% - Market Cap 10939 - Trading time: 00:01:00
06-09-2025 11:13:28.305 INFO Current price: 0.000000052962 - Current percentage: 29.59% - Max: 42.48% - Min: -1.03% - Market Cap 10605 - Trading time: 00:01:01
06-09-2025 11:13:28.566 INFO Current price: 0.000000049604 - Current percentage: 17.27% - Max: 42.48% - Min: -1.03% - Market Cap 9596 - Trading time: 00:01:01
06-09-2025 11:13:29.697 INFO Current price: 0.000000047195 - Current percentage: 17.27% - Max: 42.48% - Min: -1.03% - Market Cap 9596 - Trading time: 00:01:02
06-09-2025 11:13:30.805 INFO Current price: 0.000000047849 - Current percentage: 20.59% - Max: 42.48% - Min: -1.03% - Market Cap 9868 - Trading time: 00:01:03
06-09-2025 11:13:30.926 INFO Current price: 0.000000048533 - Current percentage: 20.65% - Max: 42.48% - Min: -1.03% - Market Cap 9873 - Trading time: 00:01:03
06-09-2025 11:13:31.235 INFO Current price: 0.000000049092 - Current percentage: 23.38% - Max: 42.48% - Min: -1.03% - Market Cap 10096 - Trading time: 00:01:03
06-09-2025 11:13:31.248 INFO Current price: 0.000000050306 - Current percentage: 26.69% - Max: 42.48% - Min: -1.03% - Market Cap 10367 - Trading time: 00:01:03
06-09-2025 11:13:31.386 INFO Current price: 0.000000051592 - Current percentage: 29.77% - Max: 42.48% - Min: -1.03% - Market Cap 10619 - Trading time: 00:01:04
06-09-2025 11:13:33.288 INFO Current price: 0.000000052339 - Current percentage: 30.39% - Max: 42.48% - Min: -1.03% - Market Cap 10670 - Trading time: 00:01:06
06-09-2025 11:13:33.307 INFO Current price: 0.000000052376 - Current percentage: 29.95% - Max: 42.48% - Min: -1.03% - Market Cap 10634 - Trading time: 00:01:06
06-09-2025 11:13:33.609 INFO Current price: 0.000000051880 - Current percentage: 27.93% - Max: 42.48% - Min: -1.03% - Market Cap 10468 - Trading time: 00:01:06
06-09-2025 11:13:33.749 INFO Current price: 0.000000051598 - Current percentage: 28.54% - Max: 42.48% - Min: -1.03% - Market Cap 10519 - Trading time: 00:01:06
06-09-2025 11:13:34.011 INFO Current price: 0.000000051108 - Current percentage: 25.51% - Max: 42.48% - Min: -1.03% - Market Cap 10271 - Trading time: 00:01:06
06-09-2025 11:13:34.159 INFO Current price: 0.000000050488 - Current percentage: 25.44% - Max: 42.48% - Min: -1.03% - Market Cap 10265 - Trading time: 00:01:06
06-09-2025 11:13:39.569 INFO Current price: 0.000000049761 - Current percentage: 21.92% - Max: 42.48% - Min: -1.03% - Market Cap 9977 - Trading time: 00:01:12
06-09-2025 11:13:43.664 INFO Current price: 0.000000049026 - Current percentage: 21.92% - Max: 42.48% - Min: -1.03% - Market Cap 9977 - Trading time: 00:01:16
06-09-2025 11:13:46.274 INFO Current price: 0.000000048024 - Current percentage: 16.83% - Max: 42.48% - Min: -1.03% - Market Cap 9561 - Trading time: 00:01:19
06-09-2025 11:13:47.152 INFO Current price: 0.000000046422 - Current percentage: 13.92% - Max: 42.48% - Min: -1.03% - Market Cap 9322 - Trading time: 00:01:19
06-09-2025 11:13:48.038 INFO Current price: 0.000000045852 - Current percentage: 13.98% - Max: 42.48% - Min: -1.03% - Market Cap 9327 - Trading time: 00:01:20
06-09-2025 11:13:53.564 INFO Current price: 0.000000047831 - Current percentage: 18.31% - Max: 42.48% - Min: -1.03% - Market Cap 9682 - Trading time: 00:01:26
06-09-2025 11:14:01.187 INFO Current price: 0.000000047595 - Current percentage: 18.26% - Max: 42.48% - Min: -1.03% - Market Cap 9677 - Trading time: 00:01:33
06-09-2025 11:14:02.324 INFO Current price: 0.000000046966 - Current percentage: 15.21% - Max: 42.48% - Min: -1.03% - Market Cap 9427 - Trading time: 00:01:35
06-09-2025 11:14:03.634 INFO Current price: 0.000000046350 - Current percentage: 15.18% - Max: 42.48% - Min: -1.03% - Market Cap 9425 - Trading time: 00:01:36
06-09-2025 11:14:03.909 INFO Current price: 0.000000045179 - Current percentage: 9.46% - Max: 42.48% - Min: -1.03% - Market Cap 8957 - Trading time: 00:01:36
06-09-2025 11:14:04.325 INFO Current price: 0.000000043529 - Current percentage: 6.92% - Max: 42.48% - Min: -1.03% - Market Cap 8749 - Trading time: 00:01:37
06-09-2025 11:14:04.396 INFO Current price: 0.000000042902 - Current percentage: 6.33% - Max: 42.48% - Min: -1.03% - Market Cap 8701 - Trading time: 00:01:37
06-09-2025 11:14:04.430 INFO Current price: 0.000000043009 - Current percentage: 7.45% - Max: 42.48% - Min: -1.03% - Market Cap 8793 - Trading time: 00:01:37
06-09-2025 11:14:04.604 INFO Current price: 0.000000043191 - Current percentage: 7.23% - Max: 42.48% - Min: -1.03% - Market Cap 8775 - Trading time: 00:01:37
06-09-2025 11:14:04.887 INFO Current price: 0.000000043054 - Current percentage: 6.77% - Max: 42.48% - Min: -1.03% - Market Cap 8737 - Trading time: 00:01:37
06-09-2025 11:14:06.706 INFO Current price: 0.000000042984 - Current percentage: 6.88% - Max: 42.48% - Min: -1.03% - Market Cap 8746 - Trading time: 00:01:39
06-09-2025 11:14:07.127 INFO Current price: 0.000000043065 - Current percentage: 7.17% - Max: 42.48% - Min: -1.03% - Market Cap 8770 - Trading time: 00:01:39
06-09-2025 11:14:08.099 INFO Current price: 0.000000043127 - Current percentage: 7.19% - Max: 42.48% - Min: -1.03% - Market Cap 8772 - Trading time: 00:01:40
06-09-2025 11:14:08.221 INFO Current price: 0.000000043143 - Current percentage: 7.25% - Max: 42.48% - Min: -1.03% - Market Cap 8776 - Trading time: 00:01:40
06-09-2025 11:14:10.167 INFO Current price: 0.000000044060 - Current percentage: 11.80% - Max: 42.48% - Min: -1.03% - Market Cap 9149 - Trading time: 00:01:42
06-09-2025 11:14:10.577 INFO Current price: 0.000000045203 - Current percentage: 12.89% - Max: 42.48% - Min: -1.03% - Market Cap 9238 - Trading time: 00:01:43
06-09-2025 11:14:13.893 INFO Current price: 0.000000045488 - Current percentage: 13.21% - Max: 42.48% - Min: -1.03% - Market Cap 9264 - Trading time: 00:01:46
06-09-2025 11:14:17.169 INFO Current price: 0.000000045344 - Current percentage: 12.17% - Max: 42.48% - Min: -1.03% - Market Cap 9179 - Trading time: 00:01:49
06-09-2025 11:14:20.392 INFO Current price: 0.000000045714 - Current percentage: 15.07% - Max: 42.48% - Min: -1.03% - Market Cap 9416 - Trading time: 00:01:53
06-09-2025 11:14:35.530 INFO Current price: 0.000000046074 - Current percentage: 13.94% - Max: 42.48% - Min: -1.03% - Market Cap 9324 - Trading time: 00:02:08
06-09-2025 11:14:48.913 INFO Current price: 0.000000044738 - Current percentage: 8.49% - Max: 42.48% - Min: -1.03% - Market Cap 8878 - Trading time: 00:02:21
06-09-2025 11:14:48.915 INFO Current price: 0.000000042603 - Current percentage: 3.33% - Max: 42.48% - Min: -1.03% - Market Cap 8455 - Trading time: 00:02:21
06-09-2025 11:14:49.405 INFO Current price: 0.000000041643 - Current percentage: 3.66% - Max: 42.48% - Min: -1.03% - Market Cap 8483 - Trading time: 00:02:22
06-09-2025 11:14:49.855 INFO Current price: 0.000000041541 - Current percentage: 2.82% - Max: 42.48% - Min: -1.03% - Market Cap 8414 - Trading time: 00:02:22
06-09-2025 11:14:50.722 INFO Current price: 0.000000040878 - Current percentage: 0.37% - Max: 42.48% - Min: -1.03% - Market Cap 8214 - Trading time: 00:02:23
06-09-2025 11:14:51.449 INFO Current price: 0.000000040030 - Current percentage: -1.40% - Max: 42.48% - Min: -1.40% - Market Cap 8069 - Trading time: 00:02:24
06-09-2025 11:14:51.547 INFO Current price: 0.000000039657 - Current percentage: -1.49% - Max: 42.48% - Min: -1.49% - Market Cap 8061 - Trading time: 00:02:24
06-09-2025 11:14:51.811 INFO Current price: 0.000000038286 - Current percentage: -8.10% - Max: 42.48% - Min: -8.10% - Market Cap 7521 - Trading time: 00:02:24
06-09-2025 11:14:52.023 INFO Current price: 0.000000036801 - Current percentage: -8.99% - Max: 42.48% - Min: -8.99% - Market Cap 7448 - Trading time: 00:02:24
06-09-2025 11:14:52.192 INFO Current price: 0.000000036552 - Current percentage: -9.33% - Max: 42.48% - Min: -9.33% - Market Cap 7419 - Trading time: 00:02:24
06-09-2025 11:14:53.279 INFO Current price: 0.000000036042 - Current percentage: -11.51% - Max: 42.48% - Min: -11.51% - Market Cap 7241 - Trading time: 00:02:26
06-09-2025 11:14:55.287 INFO Current price: 0.000000035586 - Current percentage: -11.61% - Max: 42.48% - Min: -11.61% - Market Cap 7233 - Trading time: 00:02:28
06-09-2025 11:14:55.635 INFO Current price: 0.000000035533 - Current percentage: -11.77% - Max: 42.48% - Min: -11.77% - Market Cap 7220 - Trading time: 00:02:28
06-09-2025 11:14:55.769 INFO Current price: 0.000000038962 - Current percentage: 6.27% - Max: 42.48% - Min: -11.77% - Market Cap 8696 - Trading time: 00:02:28
06-09-2025 11:14:55.771 INFO Current price: 0.000000044226 - Current percentage: 13.68% - Max: 42.48% - Min: -11.77% - Market Cap 9302 - Trading time: 00:02:28
06-09-2025 11:14:55.773 INFO Current price: 0.000000041812 - Current percentage: -5.02% - Max: 42.48% - Min: -11.77% - Market Cap 7773 - Trading time: 00:02:28
06-09-2025 11:14:55.957 INFO Current price: 0.000000038418 - Current percentage: -4.03% - Max: 42.48% - Min: -11.77% - Market Cap 7853 - Trading time: 00:02:28
06-09-2025 11:14:56.243 INFO Current price: 0.000000038374 - Current percentage: -5.23% - Max: 42.48% - Min: -11.77% - Market Cap 7755 - Trading time: 00:02:28
06-09-2025 11:14:56.672 INFO Current price: 0.000000038240 - Current percentage: -4.70% - Max: 42.48% - Min: -11.77% - Market Cap 7799 - Trading time: 00:02:29
06-09-2025 11:14:57.934 INFO Current price: 0.000000038348 - Current percentage: -4.69% - Max: 42.48% - Min: -11.77% - Market Cap 7799 - Trading time: 00:02:30
06-09-2025 11:14:58.701 INFO Current price: 0.000000038353 - Current percentage: -4.67% - Max: 42.48% - Min: -11.77% - Market Cap 7801 - Trading time: 00:02:31
06-09-2025 11:15:00.536 INFO Current price: 0.000000038576 - Current percentage: -3.58% - Max: 42.48% - Min: -11.77% - Market Cap 7890 - Trading time: 00:02:33
06-09-2025 11:15:00.938 INFO Current price: 0.000000037472 - Current percentage: -10.05% - Max: 42.48% - Min: -11.77% - Market Cap 7361 - Trading time: 00:02:33
06-09-2025 11:15:00.957 INFO Current price: 0.000000035241 - Current percentage: -14.72% - Max: 42.48% - Min: -14.72% - Market Cap 6978 - Trading time: 00:02:33
06-09-2025 11:15:08.205 INFO Current price: 0.000000034246 - Current percentage: -15.06% - Max: 42.48% - Min: -15.06% - Market Cap 6951 - Trading time: 00:02:40
06-09-2025 11:15:08.253 INFO Current price: 0.000000034013 - Current percentage: -15.88% - Max: 42.48% - Min: -15.88% - Market Cap 6884 - Trading time: 00:02:40
06-09-2025 11:15:08.645 INFO Current price: 0.000000033840 - Current percentage: -15.92% - Max: 42.48% - Min: -15.92% - Market Cap 6881 - Trading time: 00:02:41
06-09-2025 11:15:09.742 INFO Current price: 0.000000033744 - Current percentage: -16.36% - Max: 42.48% - Min: -16.36% - Market Cap 6845 - Trading time: 00:02:42
06-09-2025 11:15:10.569 INFO Current price: 0.000000033756 - Current percentage: -15.86% - Max: 42.48% - Min: -16.36% - Market Cap 6885 - Trading time: 00:02:43
06-09-2025 11:15:11.220 INFO Current price: 0.000000033807 - Current percentage: -16.10% - Max: 42.48% - Min: -16.36% - Market Cap 6865 - Trading time: 00:02:43
06-09-2025 11:15:11.567 INFO Current price: 0.000000033727 - Current percentage: -16.26% - Max: 42.48% - Min: -16.36% - Market Cap 6853 - Trading time: 00:02:44
06-09-2025 11:15:13.745 INFO Current price: 0.000000033716 - Current percentage: -16.16% - Max: 42.48% - Min: -16.36% - Market Cap 6861 - Trading time: 00:02:46
06-09-2025 11:15:13.946 INFO Current price: 0.000000033776 - Current percentage: -15.96% - Max: 42.48% - Min: -16.36% - Market Cap 6877 - Trading time: 00:02:46
06-09-2025 11:15:14.229 INFO Current price: 0.000000033916 - Current percentage: -15.46% - Max: 42.48% - Min: -16.36% - Market Cap 6918 - Trading time: 00:02:46
06-09-2025 11:15:24.134 INFO Current price: 0.000000032851 - Current percentage: -21.15% - Max: 42.48% - Min: -21.15% - Market Cap 6452 - Trading time: 00:02:56
06-09-2025 11:15:26.604 INFO Current price: 0.000000031660 - Current percentage: -21.48% - Max: 42.48% - Min: -21.48% - Market Cap 6426 - Trading time: 00:02:59
06-09-2025 11:15:29.763 INFO Current price: 0.000000030672 - Current percentage: -26.00% - Max: 42.48% - Min: -26.00% - Market Cap 6056 - Trading time: 00:03:02
06-09-2025 11:15:32.059 INFO Current price: 0.000000029813 - Current percentage: -25.81% - Max: 42.48% - Min: -26.00% - Market Cap 6071 - Trading time: 00:03:04
06-09-2025 11:15:33.409 INFO Current price: 0.000000029703 - Current percentage: -26.55% - Max: 42.48% - Min: -26.55% - Market Cap 6011 - Trading time: 00:03:06
06-09-2025 11:15:45.022 INFO Current price: 0.000000029537 - Current percentage: -26.64% - Max: 42.48% - Min: -26.64% - Market Cap 6003 - Trading time: 00:03:17
06-09-2025 11:15:47.921 INFO Current price: 0.000000029449 - Current percentage: -26.98% - Max: 42.48% - Min: -26.98% - Market Cap 5975 - Trading time: 00:03:20
06-09-2025 11:16:16.389 INFO Current price: 0.000000029389 - Current percentage: -26.94% - Max: 42.48% - Min: -26.98% - Market Cap 5979 - Trading time: 00:03:49
06-09-2025 11:16:22.964 INFO Current price: 0.000000029366 - Current percentage: -27.10% - Max: 42.48% - Min: -27.10% - Market Cap 5966 - Trading time: 00:03:55
06-09-2025 11:16:23.885 INFO Current price: 0.000000029300 - Current percentage: -27.27% - Max: 42.48% - Min: -27.27% - Market Cap 5952 - Trading time: 00:03:56
06-09-2025 11:18:32.965 INFO Current price: 0.000000029241 - Current percentage: -27.50% - Max: 42.48% - Min: -27.50% - Market Cap 5933 - Trading time: 00:06:05
06-09-2025 11:18:40.731 INFO Current price: 0.000000029209 - Current percentage: -27.53% - Max: 42.48% - Min: -27.53% - Market Cap 5931 - Trading time: 00:06:13
06-09-2025 11:27:01.554 INFO Current price: 0.000000028155 - Current percentage: -30.13% - Max: 42.48% - Min: -30.13% - Market Cap 5717 - Trading time: 00:14:34
06-09-2025 11:28:01.810 INFO Current price: 0.000000028140 - Current percentage: -30.14% - Max: 42.48% - Min: -30.14% - Market Cap 5717 - Trading time: 00:15:34






06-09-2025 11:32:27.262 INFO {"type":"summary","reason":"max_window","startedAt":"2025-09-06T09:12:27.263Z","endedAt":"2025-09-06T09:32:27.262Z","durationSec":1199,"entryPrice":4.3458183084787455e-8,"entryMarketCapSol":40.23751055659516,"entryMarketCapUsd":8183.102521894758,"minPct":-30.140316192088502,"maxPct":42.475454501762194,"buyCount":98,"sellCount":98,"tradeCount":196,"entryRecorded":true,"noPostThresholdTrades":false,"triggerAt":"2025-09-06T09:12:27.262Z","ageAtTriggerSec":7,"preTotalTrades":16,"preBuys":14,"preSells":2,"preUniqueTraders":14,"preEntryTotalTrades":25,"preEntryBuys":20,"preEntrySells":5,"preEntryUniqueTraders":20,"preEntryMinMcUsd":6499.913841670141,"preEntryMaxMcUsd":9545.505132245893,"thresholdMcSol":40.23751055659516,"thresholdMcUsd":8183.102521894758,"thresholdPrice":4.3458183084787455e-8}
