05-09-2025 23:32:40.238 INFO Entry price: 0.000000061097999455 - Entry market cap: 10309 - Buys 102 - Sells 72 - Ratio: 1:0.71 - Min MarketCap: 7652 - Max MarketCap: 18064
05-09-2025 23:32:40.238 INFO Current price: 0.000000061098 - Current percentage: 0.00% - Max: 0.00% - Min: 0.00% - Market Cap 10309 - Trading time: 00:00:02
05-09-2025 23:32:40.326 INFO Current price: 0.000000076203 - Current percentage: 57.59% - Max: 57.59% - Min: 0.00% - Market Cap 16245 - Trading time: 00:00:02
05-09-2025 23:32:40.429 INFO Current price: 0.000000079739 - Current percentage: 58.20% - Max: 58.20% - Min: 0.00% - Market Cap 16308 - Trading time: 00:00:02
05-09-2025 23:32:40.739 INFO Current price: 0.000000079046 - Current percentage: 52.65% - Max: 58.20% - Min: 0.00% - Market Cap 15736 - Trading time: 00:00:02
05-09-2025 23:32:40.830 INFO Current price: 0.000000078607 - Current percentage: 58.71% - Max: 58.71% - Min: 0.00% - Market Cap 16360 - Trading time: 00:00:02
05-09-2025 23:32:41.751 INFO Current price: 0.000000080258 - Current percentage: 59.13% - Max: 59.13% - Min: 0.00% - Market Cap 16404 - Trading time: 00:00:03
05-09-2025 23:32:41.755 INFO Current price: 0.000000076935 - Current percentage: 45.83% - Max: 59.13% - Min: 0.00% - Market Cap 15033 - Trading time: 00:00:03
05-09-2025 23:32:41.776 INFO Current price: 0.000000073507 - Current percentage: 45.27% - Max: 59.13% - Min: 0.00% - Market Cap 14975 - Trading time: 00:00:03
05-09-2025 23:32:42.205 INFO Current price: 0.000000073427 - Current percentage: 45.52% - Max: 59.13% - Min: 0.00% - Market Cap 15001 - Trading time: 00:00:03
05-09-2025 23:32:42.717 INFO Current price: 0.000000073563 - Current percentage: 45.81% - Max: 59.13% - Min: 0.00% - Market Cap 15031 - Trading time: 00:00:04
05-09-2025 23:32:42.959 INFO Current price: 0.000000073785 - Current percentage: 46.40% - Max: 59.13% - Min: 0.00% - Market Cap 15091 - Trading time: 00:00:04
05-09-2025 23:32:43.373 INFO Current price: 0.000000072838 - Current percentage: 42.09% - Max: 59.13% - Min: 0.00% - Market Cap 14647 - Trading time: 00:00:05
05-09-2025 23:32:45.656 INFO Current price: 0.000000072124 - Current percentage: 43.54% - Max: 59.13% - Min: 0.00% - Market Cap 14797 - Trading time: 00:00:07
05-09-2025 23:32:45.749 INFO Current price: 0.000000069563 - Current percentage: 32.18% - Max: 59.13% - Min: 0.00% - Market Cap 13626 - Trading time: 00:00:07
05-09-2025 23:32:46.356 INFO Current price: 0.000000067809 - Current percentage: 36.39% - Max: 59.13% - Min: 0.00% - Market Cap 14060 - Trading time: 00:00:08
05-09-2025 23:32:47.396 INFO Current price: 0.000000069611 - Current percentage: 39.30% - Max: 59.13% - Min: 0.00% - Market Cap 14359 - Trading time: 00:00:09
05-09-2025 23:32:48.477 INFO Current price: 0.000000070492 - Current percentage: 39.87% - Max: 59.13% - Min: 0.00% - Market Cap 14418 - Trading time: 00:00:10
05-09-2025 23:32:50.679 INFO Current price: 0.000000068939 - Current percentage: 33.23% - Max: 59.13% - Min: 0.00% - Market Cap 13734 - Trading time: 00:00:12
05-09-2025 23:32:50.999 INFO Current price: 0.000000067565 - Current percentage: 34.35% - Max: 59.13% - Min: 0.00% - Market Cap 13849 - Trading time: 00:00:12
05-09-2025 23:32:51.123 INFO Current price: 0.000000067377 - Current percentage: 32.49% - Max: 59.13% - Min: 0.00% - Market Cap 13658 - Trading time: 00:00:12
05-09-2025 23:32:51.390 INFO Current price: 0.000000066994 - Current percentage: 32.82% - Max: 59.13% - Min: 0.00% - Market Cap 13692 - Trading time: 00:00:13
05-09-2025 23:32:52.169 INFO Current price: 0.000000066612 - Current percentage: 30.98% - Max: 59.13% - Min: 0.00% - Market Cap 13502 - Trading time: 00:00:13
05-09-2025 23:32:52.173 INFO Current price: 0.000000065726 - Current percentage: 29.31% - Max: 59.13% - Min: 0.00% - Market Cap 13330 - Trading time: 00:00:13
05-09-2025 23:32:52.534 INFO Current price: 0.000000065349 - Current percentage: 29.31% - Max: 59.13% - Min: 0.00% - Market Cap 13330 - Trading time: 00:00:14
05-09-2025 23:32:52.791 INFO Current price: 0.000000065320 - Current percentage: 29.37% - Max: 59.13% - Min: 0.00% - Market Cap 13336 - Trading time: 00:00:14
05-09-2025 23:32:54.374 INFO Current price: 0.000000065473 - Current percentage: 29.92% - Max: 59.13% - Min: 0.00% - Market Cap 13393 - Trading time: 00:00:16
05-09-2025 23:32:54.515 INFO Current price: 0.000000064468 - Current percentage: 25.43% - Max: 59.13% - Min: 0.00% - Market Cap 12930 - Trading time: 00:00:16
05-09-2025 23:32:54.702 INFO Current price: 0.000000063480 - Current percentage: 25.97% - Max: 59.13% - Min: 0.00% - Market Cap 12986 - Trading time: 00:00:16
05-09-2025 23:32:55.060 INFO Current price: 0.000000065130 - Current percentage: 32.03% - Max: 59.13% - Min: 0.00% - Market Cap 13610 - Trading time: 00:00:16
05-09-2025 23:32:55.637 INFO Current price: 0.000000066560 - Current percentage: 31.56% - Max: 59.13% - Min: 0.00% - Market Cap 13562 - Trading time: 00:00:17
05-09-2025 23:32:55.777 INFO Current price: 0.000000066311 - Current percentage: 31.04% - Max: 59.13% - Min: 0.00% - Market Cap 13508 - Trading time: 00:00:17
05-09-2025 23:32:55.827 INFO Current price: 0.000000066529 - Current percentage: 32.43% - Max: 59.13% - Min: 0.00% - Market Cap 13652 - Trading time: 00:00:17
05-09-2025 23:32:55.839 INFO Current price: 0.000000067231 - Current percentage: 33.82% - Max: 59.13% - Min: 0.00% - Market Cap 13795 - Trading time: 00:00:17
05-09-2025 23:32:55.841 INFO Current price: 0.000000067879 - Current percentage: 35.00% - Max: 59.13% - Min: 0.00% - Market Cap 13916 - Trading time: 00:00:17
05-09-2025 23:32:55.927 INFO Current price: 0.000000068489 - Current percentage: 36.24% - Max: 59.13% - Min: 0.00% - Market Cap 14044 - Trading time: 00:00:17
05-09-2025 23:32:56.012 INFO Current price: 0.000000070278 - Current percentage: 42.14% - Max: 59.13% - Min: 0.00% - Market Cap 14652 - Trading time: 00:00:17
05-09-2025 23:32:56.109 INFO Current price: 0.000000071832 - Current percentage: 42.33% - Max: 59.13% - Min: 0.00% - Market Cap 14672 - Trading time: 00:00:17
05-09-2025 23:32:57.541 INFO Current price: 0.000000072538 - Current percentage: 44.95% - Max: 59.13% - Min: 0.00% - Market Cap 14942 - Trading time: 00:00:19
05-09-2025 23:32:58.008 INFO Current price: 0.000000068647 - Current percentage: 27.47% - Max: 59.13% - Min: 0.00% - Market Cap 13140 - Trading time: 00:00:19
05-09-2025 23:32:58.505 INFO Current price: 0.000000064403 - Current percentage: 27.58% - Max: 59.13% - Min: 0.00% - Market Cap 13152 - Trading time: 00:00:20
05-09-2025 23:32:59.407 INFO Current price: 0.000000065165 - Current percentage: 30.51% - Max: 59.13% - Min: 0.00% - Market Cap 13453 - Trading time: 00:00:21
05-09-2025 23:33:00.001 INFO Current price: 0.000000066021 - Current percentage: 30.95% - Max: 59.13% - Min: 0.00% - Market Cap 13499 - Trading time: 00:00:21
05-09-2025 23:33:00.688 INFO Current price: 0.000000066553 - Current percentage: 32.62% - Max: 59.13% - Min: 0.00% - Market Cap 13671 - Trading time: 00:00:22
05-09-2025 23:33:01.927 INFO Current price: 0.000000066894 - Current percentage: 32.29% - Max: 59.13% - Min: 0.00% - Market Cap 13638 - Trading time: 00:00:23
05-09-2025 23:33:01.954 INFO Current price: 0.000000066129 - Current percentage: 29.61% - Max: 59.13% - Min: 0.00% - Market Cap 13360 - Trading time: 00:00:23
05-09-2025 23:33:02.119 INFO Current price: 0.000000065872 - Current percentage: 31.27% - Max: 59.13% - Min: 0.00% - Market Cap 13532 - Trading time: 00:00:23
05-09-2025 23:33:04.088 INFO Current price: 0.000000066363 - Current percentage: 31.55% - Max: 59.13% - Min: 0.00% - Market Cap 13560 - Trading time: 00:00:25
05-09-2025 23:33:04.721 INFO Current price: 0.000000066574 - Current percentage: 32.10% - Max: 59.13% - Min: 0.00% - Market Cap 13618 - Trading time: 00:00:26
05-09-2025 23:33:04.764 INFO Current price: 0.000000068808 - Current percentage: 40.52% - Max: 59.13% - Min: 0.00% - Market Cap 14486 - Trading time: 00:00:26
05-09-2025 23:33:04.775 INFO Current price: 0.000000073163 - Current percentage: 49.35% - Max: 59.13% - Min: 0.00% - Market Cap 15396 - Trading time: 00:00:26
05-09-2025 23:33:04.923 INFO Current price: 0.000000075441 - Current percentage: 49.41% - Max: 59.13% - Min: 0.00% - Market Cap 15402 - Trading time: 00:00:26
05-09-2025 23:33:05.476 INFO Current price: 0.000000075605 - Current percentage: 50.00% - Max: 59.13% - Min: 0.00% - Market Cap 15463 - Trading time: 00:00:27
05-09-2025 23:33:05.785 INFO Current price: 0.000000075905 - Current percentage: 50.60% - Max: 59.13% - Min: 0.00% - Market Cap 15524 - Trading time: 00:00:27
05-09-2025 23:33:05.788 INFO Current price: 0.000000075866 - Current percentage: 49.85% - Max: 59.13% - Min: 0.00% - Market Cap 15448 - Trading time: 00:00:27
05-09-2025 23:33:05.823 INFO Current price: 0.000000075491 - Current percentage: 49.11% - Max: 59.13% - Min: 0.00% - Market Cap 15371 - Trading time: 00:00:27
05-09-2025 23:33:06.079 INFO Current price: 0.000000075120 - Current percentage: 48.38% - Max: 59.13% - Min: 0.00% - Market Cap 15296 - Trading time: 00:00:27
05-09-2025 23:33:06.669 INFO Current price: 0.000000074889 - Current percentage: 48.19% - Max: 59.13% - Min: 0.00% - Market Cap 15277 - Trading time: 00:00:28
05-09-2025 23:33:07.300 INFO Current price: 0.000000073829 - Current percentage: 44.21% - Max: 59.13% - Min: 0.00% - Market Cap 14866 - Trading time: 00:00:29
05-09-2025 23:33:07.341 INFO Current price: 0.000000071736 - Current percentage: 39.91% - Max: 59.13% - Min: 0.00% - Market Cap 14423 - Trading time: 00:00:29
05-09-2025 23:33:07.624 INFO Current price: 0.000000071671 - Current percentage: 43.95% - Max: 59.13% - Min: 0.00% - Market Cap 14839 - Trading time: 00:00:29
05-09-2025 23:33:08.037 INFO Current price: 0.000000072847 - Current percentage: 44.54% - Max: 59.13% - Min: 0.00% - Market Cap 14900 - Trading time: 00:00:29
05-09-2025 23:33:08.705 INFO Current price: 0.000000073025 - Current percentage: 44.66% - Max: 59.13% - Min: 0.00% - Market Cap 14912 - Trading time: 00:00:30
05-09-2025 23:33:08.908 INFO Current price: 0.000000073159 - Current percentage: 45.07% - Max: 59.13% - Min: 0.00% - Market Cap 14954 - Trading time: 00:00:30
05-09-2025 23:33:09.594 INFO Current price: 0.000000072086 - Current percentage: 40.45% - Max: 59.13% - Min: 0.00% - Market Cap 14478 - Trading time: 00:00:31
05-09-2025 23:33:12.027 INFO Current price: 0.000000071219 - Current percentage: 41.60% - Max: 59.13% - Min: 0.00% - Market Cap 14597 - Trading time: 00:00:33
05-09-2025 23:33:12.434 INFO Current price: 0.000000071486 - Current percentage: 41.50% - Max: 59.13% - Min: 0.00% - Market Cap 14587 - Trading time: 00:00:34
05-09-2025 23:33:12.773 INFO Current price: 0.000000071298 - Current percentage: 40.85% - Max: 59.13% - Min: 0.00% - Market Cap 14520 - Trading time: 00:00:34
05-09-2025 23:33:14.047 INFO Current price: 0.000000071209 - Current percentage: 41.15% - Max: 59.13% - Min: 0.00% - Market Cap 14550 - Trading time: 00:00:35
05-09-2025 23:33:15.781 INFO Current price: 0.000000072751 - Current percentage: 47.02% - Max: 59.13% - Min: 0.00% - Market Cap 15156 - Trading time: 00:00:37
05-09-2025 23:33:16.959 INFO Current price: 0.000000074400 - Current percentage: 47.62% - Max: 59.13% - Min: 0.00% - Market Cap 15217 - Trading time: 00:00:38
05-09-2025 23:33:17.324 INFO Current price: 0.000000074564 - Current percentage: 47.67% - Max: 59.13% - Min: 0.00% - Market Cap 15223 - Trading time: 00:00:39
05-09-2025 23:33:17.882 INFO Current price: 0.000000074877 - Current percentage: 48.86% - Max: 59.13% - Min: 0.00% - Market Cap 15345 - Trading time: 00:00:39
05-09-2025 23:33:18.058 INFO Current price: 0.000000075474 - Current percentage: 50.04% - Max: 59.13% - Min: 0.00% - Market Cap 15467 - Trading time: 00:00:39
05-09-2025 23:33:18.563 INFO Current price: 0.000000075924 - Current percentage: 50.64% - Max: 59.13% - Min: 0.00% - Market Cap 15528 - Trading time: 00:00:40
05-09-2025 23:33:19.025 INFO Current price: 0.000000076826 - Current percentage: 53.63% - Max: 59.13% - Min: 0.00% - Market Cap 15837 - Trading time: 00:00:40
05-09-2025 23:33:19.317 INFO Current price: 0.000000077502 - Current percentage: 53.30% - Max: 59.13% - Min: 0.00% - Market Cap 15803 - Trading time: 00:00:41
05-09-2025 23:33:19.320 INFO Current price: 0.000000076219 - Current percentage: 48.58% - Max: 59.13% - Min: 0.00% - Market Cap 15317 - Trading time: 00:00:41
05-09-2025 23:33:19.340 INFO Current price: 0.000000074022 - Current percentage: 44.58% - Max: 59.13% - Min: 0.00% - Market Cap 14905 - Trading time: 00:00:41
05-09-2025 23:33:20.767 INFO Current price: 0.000000071556 - Current percentage: 38.85% - Max: 59.13% - Min: 0.00% - Market Cap 14313 - Trading time: 00:00:42
05-09-2025 23:33:20.897 INFO Current price: 0.000000070224 - Current percentage: 39.25% - Max: 59.13% - Min: 0.00% - Market Cap 14355 - Trading time: 00:00:42
05-09-2025 23:33:21.121 INFO Current price: 0.000000070469 - Current percentage: 39.82% - Max: 59.13% - Min: 0.00% - Market Cap 14414 - Trading time: 00:00:42
05-09-2025 23:33:21.612 INFO Current price: 0.000000070658 - Current percentage: 40.00% - Max: 59.13% - Min: 0.00% - Market Cap 14432 - Trading time: 00:00:43
05-09-2025 23:33:24.279 INFO Current price: 0.000000072119 - Current percentage: 45.67% - Max: 59.13% - Min: 0.00% - Market Cap 15016 - Trading time: 00:00:46
05-09-2025 23:33:24.922 INFO Current price: 0.000000075044 - Current percentage: 51.58% - Max: 59.13% - Min: 0.00% - Market Cap 15626 - Trading time: 00:00:46
05-09-2025 23:33:25.134 INFO Current price: 0.000000076853 - Current percentage: 52.78% - Max: 59.13% - Min: 0.00% - Market Cap 15749 - Trading time: 00:00:46
05-09-2025 23:33:26.282 INFO Current price: 0.000000077232 - Current percentage: 53.08% - Max: 59.13% - Min: 0.00% - Market Cap 15780 - Trading time: 00:00:48
05-09-2025 23:33:26.735 INFO Current price: 0.000000077042 - Current percentage: 52.03% - Max: 59.13% - Min: 0.00% - Market Cap 15672 - Trading time: 00:00:48
05-09-2025 23:33:26.737 INFO Current price: 0.000000076528 - Current percentage: 51.04% - Max: 59.13% - Min: 0.00% - Market Cap 15570 - Trading time: 00:00:48
05-09-2025 23:33:27.569 INFO Current price: 0.000000075761 - Current percentage: 48.99% - Max: 59.13% - Min: 0.00% - Market Cap 15359 - Trading time: 00:00:49
05-09-2025 23:33:28.263 INFO Current price: 0.000000075427 - Current percentage: 49.71% - Max: 59.13% - Min: 0.00% - Market Cap 15433 - Trading time: 00:00:50
05-09-2025 23:33:28.327 INFO Current price: 0.000000074128 - Current percentage: 43.91% - Max: 59.13% - Min: 0.00% - Market Cap 14835 - Trading time: 00:00:50
05-09-2025 23:33:29.284 INFO Current price: 0.000000072660 - Current percentage: 43.84% - Max: 59.13% - Min: 0.00% - Market Cap 14828 - Trading time: 00:00:51
05-09-2025 23:33:30.070 INFO Current price: 0.000000072908 - Current percentage: 44.89% - Max: 59.13% - Min: 0.00% - Market Cap 14936 - Trading time: 00:00:51
05-09-2025 23:33:30.112 INFO Current price: 0.000000073394 - Current percentage: 45.77% - Max: 59.13% - Min: 0.00% - Market Cap 15026 - Trading time: 00:00:51
05-09-2025 23:33:30.122 INFO Current price: 0.000000073867 - Current percentage: 46.76% - Max: 59.13% - Min: 0.00% - Market Cap 15129 - Trading time: 00:00:51
05-09-2025 23:33:30.880 INFO Current price: 0.000000074268 - Current percentage: 47.35% - Max: 59.13% - Min: 0.00% - Market Cap 15190 - Trading time: 00:00:52
05-09-2025 23:33:31.138 INFO Current price: 0.000000074758 - Current percentage: 48.71% - Max: 59.13% - Min: 0.00% - Market Cap 15330 - Trading time: 00:00:52
05-09-2025 23:33:31.138 INFO Current price: 0.000000075505 - Current percentage: 50.31% - Max: 59.13% - Min: 0.00% - Market Cap 15495 - Trading time: 00:00:52
05-09-2025 23:33:31.227 INFO Current price: 0.000000075592 - Current percentage: 49.05% - Max: 59.13% - Min: 0.00% - Market Cap 15365 - Trading time: 00:00:52
05-09-2025 23:33:31.478 INFO Current price: 0.000000075290 - Current percentage: 49.11% - Max: 59.13% - Min: 0.00% - Market Cap 15371 - Trading time: 00:00:53
05-09-2025 23:33:31.851 INFO Current price: 0.000000075682 - Current percentage: 50.61% - Max: 59.13% - Min: 0.00% - Market Cap 15526 - Trading time: 00:00:53
05-09-2025 23:33:31.953 INFO Current price: 0.000000076137 - Current percentage: 50.91% - Max: 59.13% - Min: 0.00% - Market Cap 15556 - Trading time: 00:00:53
05-09-2025 23:33:32.712 INFO Current price: 0.000000075728 - Current percentage: 49.00% - Max: 59.13% - Min: 0.00% - Market Cap 15359 - Trading time: 00:00:54
05-09-2025 23:33:36.408 INFO Current price: 0.000000075322 - Current percentage: 49.29% - Max: 59.13% - Min: 0.00% - Market Cap 15390 - Trading time: 00:00:58
05-09-2025 23:33:37.427 INFO Current price: 0.000000075249 - Current percentage: 48.71% - Max: 59.13% - Min: 0.00% - Market Cap 15330 - Trading time: 00:00:59
05-09-2025 23:33:37.457 INFO Current price: 0.000000074599 - Current percentage: 46.73% - Max: 59.13% - Min: 0.00% - Market Cap 15125 - Trading time: 00:00:59
05-09-2025 23:33:37.749 INFO Current price: 0.000000073810 - Current percentage: 45.58% - Max: 59.13% - Min: 0.00% - Market Cap 15007 - Trading time: 00:00:59
05-09-2025 23:33:37.851 INFO Current price: 0.000000073536 - Current percentage: 45.64% - Max: 59.13% - Min: 0.00% - Market Cap 15013 - Trading time: 00:00:59
05-09-2025 23:33:39.479 INFO Current price: 0.000000073542 - Current percentage: 45.60% - Max: 59.13% - Min: 0.00% - Market Cap 15010 - Trading time: 00:01:01
05-09-2025 23:33:40.832 INFO Current price: 0.000000072996 - Current percentage: 43.48% - Max: 59.13% - Min: 0.00% - Market Cap 14791 - Trading time: 00:01:02
05-09-2025 23:33:43.066 INFO Current price: 0.000000072454 - Current percentage: 43.45% - Max: 59.13% - Min: 0.00% - Market Cap 14788 - Trading time: 00:01:04
05-09-2025 23:33:43.174 INFO Current price: 0.000000072377 - Current percentage: 43.18% - Max: 59.13% - Min: 0.00% - Market Cap 14760 - Trading time: 00:01:04
05-09-2025 23:33:43.483 INFO Current price: 0.000000072212 - Current percentage: 42.80% - Max: 59.13% - Min: 0.00% - Market Cap 14720 - Trading time: 00:01:05
05-09-2025 23:33:44.808 INFO Current price: 0.000000073873 - Current percentage: 49.84% - Max: 59.13% - Min: 0.00% - Market Cap 15446 - Trading time: 00:01:06
05-09-2025 23:33:45.431 INFO Current price: 0.000000074873 - Current percentage: 46.69% - Max: 59.13% - Min: 0.00% - Market Cap 15122 - Trading time: 00:01:07
05-09-2025 23:33:45.720 INFO Current price: 0.000000073025 - Current percentage: 42.53% - Max: 59.13% - Min: 0.00% - Market Cap 14693 - Trading time: 00:01:07
05-09-2025 23:33:47.875 INFO Current price: 0.000000072128 - Current percentage: 43.11% - Max: 59.13% - Min: 0.00% - Market Cap 14753 - Trading time: 00:01:09
05-09-2025 23:33:49.904 INFO Current price: 0.000000072241 - Current percentage: 42.98% - Max: 59.13% - Min: 0.00% - Market Cap 14739 - Trading time: 00:01:11
05-09-2025 23:33:54.363 INFO Current price: 0.000000069991 - Current percentage: 34.34% - Max: 59.13% - Min: 0.00% - Market Cap 13848 - Trading time: 00:01:16
05-09-2025 23:33:54.367 INFO Current price: 0.000000065910 - Current percentage: 26.79% - Max: 59.13% - Min: 0.00% - Market Cap 13070 - Trading time: 00:01:16
05-09-2025 23:33:54.629 INFO Current price: 0.000000063742 - Current percentage: 25.65% - Max: 59.13% - Min: 0.00% - Market Cap 12952 - Trading time: 00:01:16
05-09-2025 23:33:54.653 INFO Current price: 0.000000063355 - Current percentage: 25.25% - Max: 59.13% - Min: 0.00% - Market Cap 12912 - Trading time: 00:01:16
05-09-2025 23:33:55.230 INFO Current price: 0.000000062696 - Current percentage: 23.05% - Max: 59.13% - Min: 0.00% - Market Cap 12684 - Trading time: 00:01:16
05-09-2025 23:33:56.223 INFO Current price: 0.000000063591 - Current percentage: 28.85% - Max: 59.13% - Min: 0.00% - Market Cap 13283 - Trading time: 00:01:17
05-09-2025 23:33:56.238 INFO Current price: 0.000000066371 - Current percentage: 34.04% - Max: 59.13% - Min: 0.00% - Market Cap 13818 - Trading time: 00:01:18
05-09-2025 23:33:56.393 INFO Current price: 0.000000066170 - Current percentage: 28.07% - Max: 59.13% - Min: 0.00% - Market Cap 13203 - Trading time: 00:01:18
05-09-2025 23:33:56.656 INFO Current price: 0.000000065387 - Current percentage: 30.89% - Max: 59.13% - Min: 0.00% - Market Cap 13493 - Trading time: 00:01:18
05-09-2025 23:33:59.317 INFO Current price: 0.000000064883 - Current percentage: 26.10% - Max: 59.13% - Min: 0.00% - Market Cap 13000 - Trading time: 00:01:21
05-09-2025 23:33:59.718 INFO Current price: 0.000000063453 - Current percentage: 25.18% - Max: 59.13% - Min: 0.00% - Market Cap 12905 - Trading time: 00:01:21
05-09-2025 23:34:00.023 INFO Current price: 0.000000061707 - Current percentage: 19.26% - Max: 59.13% - Min: 0.00% - Market Cap 12294 - Trading time: 00:01:21
05-09-2025 23:34:00.023 INFO Current price: 0.000000058518 - Current percentage: 12.58% - Max: 59.13% - Min: 0.00% - Market Cap 11605 - Trading time: 00:01:21
05-09-2025 23:34:00.139 INFO Current price: 0.000000054778 - Current percentage: 4.50% - Max: 59.13% - Min: 0.00% - Market Cap 10773 - Trading time: 00:01:21
05-09-2025 23:34:00.181 INFO Current price: 0.000000051824 - Current percentage: 0.77% - Max: 59.13% - Min: 0.00% - Market Cap 10387 - Trading time: 00:01:21
05-09-2025 23:34:00.443 INFO Current price: 0.000000050805 - Current percentage: 0.43% - Max: 59.13% - Min: 0.00% - Market Cap 10353 - Trading time: 00:01:22
05-09-2025 23:34:00.605 INFO Current price: 0.000000050674 - Current percentage: 0.25% - Max: 59.13% - Min: 0.00% - Market Cap 10334 - Trading time: 00:01:22
05-09-2025 23:34:00.808 INFO Current price: 0.000000050539 - Current percentage: -0.10% - Max: 59.13% - Min: -0.10% - Market Cap 10298 - Trading time: 00:01:22
05-09-2025 23:34:01.357 INFO Current price: 0.000000051186 - Current percentage: 2.83% - Max: 59.13% - Min: -0.10% - Market Cap 10600 - Trading time: 00:01:23
05-09-2025 23:34:01.404 INFO Current price: 0.000000052269 - Current percentage: 4.17% - Max: 59.13% - Min: -0.10% - Market Cap 10739 - Trading time: 00:01:23
05-09-2025 23:34:01.827 INFO Current price: 0.000000053110 - Current percentage: 6.16% - Max: 59.13% - Min: -0.10% - Market Cap 10944 - Trading time: 00:01:23
05-09-2025 23:34:02.569 INFO Current price: 0.000000053628 - Current percentage: 6.21% - Max: 59.13% - Min: -0.10% - Market Cap 10949 - Trading time: 00:01:24
05-09-2025 23:34:02.671 INFO Current price: 0.000000054140 - Current percentage: 8.20% - Max: 59.13% - Min: -0.10% - Market Cap 11154 - Trading time: 00:01:24
05-09-2025 23:34:02.679 INFO Current price: 0.000000055189 - Current percentage: 10.37% - Max: 59.13% - Min: -0.10% - Market Cap 11378 - Trading time: 00:01:24
05-09-2025 23:34:02.687 INFO Current price: 0.000000055818 - Current percentage: 10.68% - Max: 59.13% - Min: -0.10% - Market Cap 11409 - Trading time: 00:01:24
05-09-2025 23:34:02.705 INFO Current price: 0.000000056195 - Current percentage: 11.87% - Max: 59.13% - Min: -0.10% - Market Cap 11532 - Trading time: 00:01:24
05-09-2025 23:34:03.286 INFO Current price: 0.000000056560 - Current percentage: 12.12% - Max: 59.13% - Min: -0.10% - Market Cap 11558 - Trading time: 00:01:25
05-09-2025 23:34:04.531 INFO Current price: 0.000000056077 - Current percentage: 9.96% - Max: 59.13% - Min: -0.10% - Market Cap 11336 - Trading time: 00:01:26
05-09-2025 23:34:05.145 INFO Current price: 0.000000055539 - Current percentage: 9.98% - Max: 59.13% - Min: -0.10% - Market Cap 11338 - Trading time: 00:01:26
05-09-2025 23:34:05.150 INFO Current price: 0.000000055495 - Current percentage: 9.79% - Max: 59.13% - Min: -0.10% - Market Cap 11318 - Trading time: 00:01:26
05-09-2025 23:34:05.208 INFO Current price: 0.000000055203 - Current percentage: 8.83% - Max: 59.13% - Min: -0.10% - Market Cap 11218 - Trading time: 00:01:26
05-09-2025 23:34:05.232 INFO Current price: 0.000000054278 - Current percentage: 6.14% - Max: 59.13% - Min: -0.10% - Market Cap 10942 - Trading time: 00:01:26
05-09-2025 23:34:05.350 INFO Current price: 0.000000053642 - Current percentage: 6.29% - Max: 59.13% - Min: -0.10% - Market Cap 10957 - Trading time: 00:01:27
05-09-2025 23:34:06.051 INFO Current price: 0.000000053455 - Current percentage: 5.40% - Max: 59.13% - Min: -0.10% - Market Cap 10865 - Trading time: 00:01:27
05-09-2025 23:34:06.581 INFO Current price: 0.000000053054 - Current percentage: 4.71% - Max: 59.13% - Min: -0.10% - Market Cap 10794 - Trading time: 00:01:28
05-09-2025 23:34:06.992 INFO Current price: 0.000000053255 - Current percentage: 6.20% - Max: 59.13% - Min: -0.10% - Market Cap 10948 - Trading time: 00:01:28
05-09-2025 23:34:07.396 INFO Current price: 0.000000053947 - Current percentage: 7.44% - Max: 59.13% - Min: -0.10% - Market Cap 11076 - Trading time: 00:01:29
05-09-2025 23:34:07.396 INFO Current price: 0.000000054582 - Current percentage: 8.71% - Max: 59.13% - Min: -0.10% - Market Cap 11207 - Trading time: 00:01:29
05-09-2025 23:34:08.322 INFO Current price: 0.000000056818 - Current percentage: 16.43% - Max: 59.13% - Min: -0.10% - Market Cap 12002 - Trading time: 00:01:30
05-09-2025 23:34:08.447 INFO Current price: 0.000000058828 - Current percentage: 16.54% - Max: 59.13% - Min: -0.10% - Market Cap 12014 - Trading time: 00:01:30
05-09-2025 23:34:09.027 INFO Current price: 0.000000058883 - Current percentage: 16.65% - Max: 59.13% - Min: -0.10% - Market Cap 12025 - Trading time: 00:01:30
05-09-2025 23:34:09.152 INFO Current price: 0.000000058949 - Current percentage: 16.80% - Max: 59.13% - Min: -0.10% - Market Cap 12041 - Trading time: 00:01:30
05-09-2025 23:34:09.383 INFO Current price: 0.000000059146 - Current percentage: 17.12% - Max: 59.13% - Min: -0.10% - Market Cap 12073 - Trading time: 00:01:31
05-09-2025 23:34:09.501 INFO Current price: 0.000000059279 - Current percentage: 17.64% - Max: 59.13% - Min: -0.10% - Market Cap 12127 - Trading time: 00:01:31
05-09-2025 23:34:13.032 INFO Current price: 0.000000059396 - Current percentage: 17.58% - Max: 59.13% - Min: -0.10% - Market Cap 12121 - Trading time: 00:01:34
05-09-2025 23:34:13.134 INFO Current price: 0.000000059306 - Current percentage: 17.28% - Max: 59.13% - Min: -0.10% - Market Cap 12090 - Trading time: 00:01:34
05-09-2025 23:34:13.134 INFO Current price: 0.000000059264 - Current percentage: 17.41% - Max: 59.13% - Min: -0.10% - Market Cap 12104 - Trading time: 00:01:34
05-09-2025 23:34:13.441 INFO Current price: 0.000000059173 - Current percentage: 16.92% - Max: 59.13% - Min: -0.10% - Market Cap 12053 - Trading time: 00:01:35
05-09-2025 23:34:13.442 INFO Current price: 0.000000058983 - Current percentage: 16.66% - Max: 59.13% - Min: -0.10% - Market Cap 12026 - Trading time: 00:01:35
05-09-2025 23:34:13.443 INFO Current price: 0.000000058520 - Current percentage: 15.09% - Max: 59.13% - Min: -0.10% - Market Cap 11864 - Trading time: 00:01:35
05-09-2025 23:34:13.618 INFO Current price: 0.000000058038 - Current percentage: 14.75% - Max: 59.13% - Min: -0.10% - Market Cap 11829 - Trading time: 00:01:35
05-09-2025 23:34:15.756 INFO Current price: 0.000000057431 - Current percentage: 12.70% - Max: 59.13% - Min: -0.10% - Market Cap 11617 - Trading time: 00:01:37
05-09-2025 23:34:16.183 INFO Current price: 0.000000055766 - Current percentage: 8.19% - Max: 59.13% - Min: -0.10% - Market Cap 11153 - Trading time: 00:01:37
05-09-2025 23:34:16.186 INFO Current price: 0.000000053537 - Current percentage: 3.87% - Max: 59.13% - Min: -0.10% - Market Cap 10707 - Trading time: 00:01:37
05-09-2025 23:34:16.241 INFO Current price: 0.000000052117 - Current percentage: 2.53% - Max: 59.13% - Min: -0.10% - Market Cap 10569 - Trading time: 00:01:38
05-09-2025 23:34:16.608 INFO Current price: 0.000000051422 - Current percentage: 1.11% - Max: 59.13% - Min: -0.10% - Market Cap 10423 - Trading time: 00:01:38
05-09-2025 23:34:16.623 INFO Current price: 0.000000051250 - Current percentage: 1.85% - Max: 59.13% - Min: -0.10% - Market Cap 10499 - Trading time: 00:01:38
05-09-2025 23:34:16.624 INFO Current price: 0.000000050535 - Current percentage: -1.69% - Max: 59.13% - Min: -1.69% - Market Cap 10135 - Trading time: 00:01:38
05-09-2025 23:34:16.628 INFO Current price: 0.000000048825 - Current percentage: -4.93% - Max: 59.13% - Min: -4.93% - Market Cap 9800 - Trading time: 00:01:38
05-09-2025 23:34:16.630 INFO Current price: 0.000000047256 - Current percentage: -7.90% - Max: 59.13% - Min: -7.90% - Market Cap 9494 - Trading time: 00:01:38
05-09-2025 23:34:17.478 INFO Current price: 0.000000046371 - Current percentage: -8.46% - Max: 59.13% - Min: -8.46% - Market Cap 9436 - Trading time: 00:01:39
05-09-2025 23:34:17.746 INFO Current price: 0.000000046074 - Current percentage: -9.07% - Max: 59.13% - Min: -9.07% - Market Cap 9373 - Trading time: 00:01:39
05-09-2025 23:34:18.346 INFO Current price: 0.000000045855 - Current percentage: -9.33% - Max: 59.13% - Min: -9.33% - Market Cap 9347 - Trading time: 00:01:40
05-09-2025 23:34:18.498 INFO Current price: 0.000000045043 - Current percentage: -12.27% - Max: 59.13% - Min: -12.27% - Market Cap 9044 - Trading time: 00:01:40
05-09-2025 23:34:18.500 INFO Current price: 0.000000043602 - Current percentage: -15.04% - Max: 59.13% - Min: -15.04% - Market Cap 8758 - Trading time: 00:01:40
05-09-2025 23:34:18.773 INFO Current price: 0.000000042890 - Current percentage: -15.11% - Max: 59.13% - Min: -15.11% - Market Cap 8751 - Trading time: 00:01:40
05-09-2025 23:34:18.979 INFO Current price: 0.000000042675 - Current percentage: -15.89% - Max: 59.13% - Min: -15.89% - Market Cap 8670 - Trading time: 00:01:40
05-09-2025 23:34:19.333 INFO Current price: 0.000000042162 - Current percentage: -17.13% - Max: 59.13% - Min: -17.13% - Market Cap 8542 - Trading time: 00:01:41
05-09-2025 23:34:19.333 INFO Current price: 0.000000041483 - Current percentage: -18.58% - Max: 59.13% - Min: -18.58% - Market Cap 8393 - Trading time: 00:01:41
05-09-2025 23:34:19.337 INFO Current price: 0.000000041683 - Current percentage: -16.33% - Max: 59.13% - Min: -18.58% - Market Cap 8625 - Trading time: 00:01:41
05-09-2025 23:34:19.673 INFO Current price: 0.000000042195 - Current percentage: -16.57% - Max: 59.13% - Min: -18.58% - Market Cap 8601 - Trading time: 00:01:41
05-09-2025 23:34:20.250 INFO Current price: 0.000000041675 - Current percentage: -17.53% - Max: 59.13% - Min: -18.58% - Market Cap 8501 - Trading time: 00:01:42
05-09-2025 23:34:20.353 INFO Current price: 0.000000041606 - Current percentage: -17.70% - Max: 59.13% - Min: -18.58% - Market Cap 8484 - Trading time: 00:01:42
05-09-2025 23:34:20.395 INFO Current price: 0.000000040802 - Current percentage: -20.69% - Max: 59.13% - Min: -20.69% - Market Cap 8176 - Trading time: 00:01:42
05-09-2025 23:34:20.395 INFO Current price: 0.000000039451 - Current percentage: -23.06% - Max: 59.13% - Min: -23.06% - Market Cap 7931 - Trading time: 00:01:42
05-09-2025 23:34:20.401 INFO Current price: 0.000000039177 - Current percentage: -21.78% - Max: 59.13% - Min: -23.06% - Market Cap 8063 - Trading time: 00:01:42
05-09-2025 23:34:20.468 INFO Current price: 0.000000040375 - Current percentage: -18.29% - Max: 59.13% - Min: -23.06% - Market Cap 8423 - Trading time: 00:01:42
05-09-2025 23:34:20.586 INFO Current price: 0.000000041474 - Current percentage: -17.46% - Max: 59.13% - Min: -23.06% - Market Cap 8508 - Trading time: 00:01:42
05-09-2025 23:34:21.399 INFO Current price: 0.000000041711 - Current percentage: -17.35% - Max: 59.13% - Min: -23.06% - Market Cap 8520 - Trading time: 00:01:43
05-09-2025 23:34:21.637 INFO Current price: 0.000000043074 - Current percentage: -11.98% - Max: 59.13% - Min: -23.06% - Market Cap 9074 - Trading time: 00:01:43
05-09-2025 23:34:21.885 INFO Current price: 0.000000044466 - Current percentage: -11.93% - Max: 59.13% - Min: -23.06% - Market Cap 9079 - Trading time: 00:01:43
05-09-2025 23:34:22.033 INFO Current price: 0.000000044444 - Current percentage: -12.06% - Max: 59.13% - Min: -23.06% - Market Cap 9065 - Trading time: 00:01:43
05-09-2025 23:34:22.505 INFO Current price: 0.000000044986 - Current percentage: -9.77% - Max: 59.13% - Min: -23.06% - Market Cap 9302 - Trading time: 00:01:44
05-09-2025 23:34:22.506 INFO Current price: 0.000000046150 - Current percentage: -7.46% - Max: 59.13% - Min: -23.06% - Market Cap 9540 - Trading time: 00:01:44
05-09-2025 23:34:23.652 INFO Current price: 0.000000046855 - Current percentage: -6.99% - Max: 59.13% - Min: -23.06% - Market Cap 9588 - Trading time: 00:01:45
05-09-2025 23:34:23.847 INFO Current price: 0.000000047209 - Current percentage: -6.05% - Max: 59.13% - Min: -23.06% - Market Cap 9685 - Trading time: 00:01:45
05-09-2025 23:34:23.928 INFO Current price: 0.000000047431 - Current percentage: -6.11% - Max: 59.13% - Min: -23.06% - Market Cap 9678 - Trading time: 00:01:45
05-09-2025 23:34:24.127 INFO Current price: 0.000000047235 - Current percentage: -6.82% - Max: 59.13% - Min: -23.06% - Market Cap 9605 - Trading time: 00:01:45
05-09-2025 23:34:24.601 INFO Current price: 0.000000046479 - Current percentage: -9.10% - Max: 59.13% - Min: -23.06% - Market Cap 9371 - Trading time: 00:01:46
05-09-2025 23:34:24.646 INFO Current price: 0.000000045334 - Current percentage: -11.36% - Max: 59.13% - Min: -23.06% - Market Cap 9138 - Trading time: 00:01:46
05-09-2025 23:34:24.876 INFO Current price: 0.000000044374 - Current percentage: -12.91% - Max: 59.13% - Min: -23.06% - Market Cap 8978 - Trading time: 00:01:46
05-09-2025 23:34:24.878 INFO Current price: 0.000000043576 - Current percentage: -14.51% - Max: 59.13% - Min: -23.06% - Market Cap 8812 - Trading time: 00:01:46
05-09-2025 23:34:25.381 INFO Current price: 0.000000043161 - Current percentage: -14.56% - Max: 59.13% - Min: -23.06% - Market Cap 8808 - Trading time: 00:01:47
05-09-2025 23:34:25.526 INFO Current price: 0.000000043138 - Current percentage: -14.61% - Max: 59.13% - Min: -23.06% - Market Cap 8803 - Trading time: 00:01:47
05-09-2025 23:34:25.565 INFO Current price: 0.000000043094 - Current percentage: -14.73% - Max: 59.13% - Min: -23.06% - Market Cap 8790 - Trading time: 00:01:47
05-09-2025 23:34:28.264 INFO Current price: 0.000000043351 - Current percentage: -13.58% - Max: 59.13% - Min: -23.06% - Market Cap 8908 - Trading time: 00:01:50
05-09-2025 23:34:28.498 INFO Current price: 0.000000043870 - Current percentage: -12.68% - Max: 59.13% - Min: -23.06% - Market Cap 9001 - Trading time: 00:01:50
05-09-2025 23:34:29.054 INFO Current price: 0.000000043450 - Current percentage: -15.23% - Max: 59.13% - Min: -23.06% - Market Cap 8739 - Trading time: 00:01:50
05-09-2025 23:34:29.146 INFO Current price: 0.000000042595 - Current percentage: -16.09% - Max: 59.13% - Min: -23.06% - Market Cap 8650 - Trading time: 00:01:50
05-09-2025 23:34:29.146 INFO Current price: 0.000000042342 - Current percentage: -16.23% - Max: 59.13% - Min: -23.06% - Market Cap 8635 - Trading time: 00:01:50
05-09-2025 23:34:29.150 INFO Current price: 0.000000042629 - Current percentage: -14.95% - Max: 59.13% - Min: -23.06% - Market Cap 8768 - Trading time: 00:01:50
05-09-2025 23:34:29.170 INFO Current price: 0.000000043068 - Current percentage: -14.50% - Max: 59.13% - Min: -23.06% - Market Cap 8814 - Trading time: 00:01:50
05-09-2025 23:34:29.771 INFO Current price: 0.000000043209 - Current percentage: -14.39% - Max: 59.13% - Min: -23.06% - Market Cap 8826 - Trading time: 00:01:51
05-09-2025 23:34:31.206 INFO Current price: 0.000000043351 - Current percentage: -13.94% - Max: 59.13% - Min: -23.06% - Market Cap 8872 - Trading time: 00:01:52
05-09-2025 23:34:31.886 INFO Current price: 0.000000044836 - Current percentage: -8.42% - Max: 59.13% - Min: -23.06% - Market Cap 9441 - Trading time: 00:01:53
05-09-2025 23:34:32.005 INFO Current price: 0.000000047088 - Current percentage: -5.07% - Max: 59.13% - Min: -23.06% - Market Cap 9786 - Trading time: 00:01:53
05-09-2025 23:34:32.013 INFO Current price: 0.000000048230 - Current percentage: -3.92% - Max: 59.13% - Min: -23.06% - Market Cap 9904 - Trading time: 00:01:53
05-09-2025 23:34:32.171 INFO Current price: 0.000000048833 - Current percentage: -2.69% - Max: 59.13% - Min: -23.06% - Market Cap 10032 - Trading time: 00:01:53
05-09-2025 23:34:32.483 INFO Current price: 0.000000049388 - Current percentage: -1.73% - Max: 59.13% - Min: -23.06% - Market Cap 10131 - Trading time: 00:01:54
05-09-2025 23:34:32.484 INFO Current price: 0.000000049662 - Current percentage: -1.60% - Max: 59.13% - Min: -23.06% - Market Cap 10143 - Trading time: 00:01:54
05-09-2025 23:34:33.016 INFO Current price: 0.000000049029 - Current percentage: -4.22% - Max: 59.13% - Min: -23.06% - Market Cap 9874 - Trading time: 00:01:54
05-09-2025 23:34:33.019 INFO Current price: 0.000000047756 - Current percentage: -6.65% - Max: 59.13% - Min: -23.06% - Market Cap 9623 - Trading time: 00:01:54
05-09-2025 23:34:33.086 INFO Current price: 0.000000046866 - Current percentage: -7.75% - Max: 59.13% - Min: -23.06% - Market Cap 9510 - Trading time: 00:01:54
05-09-2025 23:34:33.501 INFO Current price: 0.000000046601 - Current percentage: -7.70% - Max: 59.13% - Min: -23.06% - Market Cap 9514 - Trading time: 00:01:55
05-09-2025 23:34:39.079 INFO Current price: 0.000000047201 - Current percentage: -5.36% - Max: 59.13% - Min: -23.06% - Market Cap 9756 - Trading time: 00:02:00
05-09-2025 23:34:39.283 INFO Current price: 0.000000047808 - Current percentage: -5.31% - Max: 59.13% - Min: -23.06% - Market Cap 9761 - Trading time: 00:02:01
05-09-2025 23:34:40.741 INFO Current price: 0.000000046155 - Current percentage: -11.79% - Max: 59.13% - Min: -23.06% - Market Cap 9093 - Trading time: 00:02:02
05-09-2025 23:34:40.821 INFO Current price: 0.000000044278 - Current percentage: -12.86% - Max: 59.13% - Min: -23.06% - Market Cap 8983 - Trading time: 00:02:02
05-09-2025 23:34:41.970 INFO Current price: 0.000000043983 - Current percentage: -12.96% - Max: 59.13% - Min: -23.06% - Market Cap 8972 - Trading time: 00:02:03
05-09-2025 23:34:41.975 INFO Current price: 0.000000043900 - Current percentage: -13.19% - Max: 59.13% - Min: -23.06% - Market Cap 8949 - Trading time: 00:02:03
05-09-2025 23:34:43.176 INFO Current price: 0.000000043814 - Current percentage: -13.30% - Max: 59.13% - Min: -23.06% - Market Cap 8937 - Trading time: 00:02:04
05-09-2025 23:34:43.286 INFO Current price: 0.000000043775 - Current percentage: -13.34% - Max: 59.13% - Min: -23.06% - Market Cap 8933 - Trading time: 00:02:05
05-09-2025 23:34:44.181 INFO Current price: 0.000000043757 - Current percentage: -13.37% - Max: 59.13% - Min: -23.06% - Market Cap 8930 - Trading time: 00:02:05
05-09-2025 23:34:46.184 INFO Current price: 0.000000043745 - Current percentage: -13.39% - Max: 59.13% - Min: -23.06% - Market Cap 8928 - Trading time: 00:02:07
05-09-2025 23:34:47.698 INFO Current price: 0.000000042326 - Current percentage: -18.90% - Max: 59.13% - Min: -23.06% - Market Cap 8361 - Trading time: 00:02:09
05-09-2025 23:34:48.628 INFO Current price: 0.000000040791 - Current percentage: -19.56% - Max: 59.13% - Min: -23.06% - Market Cap 8292 - Trading time: 00:02:10
05-09-2025 23:34:48.897 INFO Current price: 0.000000040597 - Current percentage: -19.66% - Max: 59.13% - Min: -23.06% - Market Cap 8281 - Trading time: 00:02:10
05-09-2025 23:34:52.869 INFO Current price: 0.000000039698 - Current percentage: -23.09% - Max: 59.13% - Min: -23.09% - Market Cap 7929 - Trading time: 00:02:14
05-09-2025 23:34:53.292 INFO Current price: 0.000000038527 - Current percentage: -24.33% - Max: 59.13% - Min: -24.33% - Market Cap 7800 - Trading time: 00:02:15
05-09-2025 23:34:53.309 INFO Current price: 0.000000037417 - Current percentage: -27.45% - Max: 59.13% - Min: -27.45% - Market Cap 7479 - Trading time: 00:02:15
05-09-2025 23:34:54.637 INFO Current price: 0.000000036550 - Current percentage: -27.80% - Max: 59.13% - Min: -27.80% - Market Cap 7442 - Trading time: 00:02:16
05-09-2025 23:34:54.780 INFO Current price: 0.000000036443 - Current percentage: -27.88% - Max: 59.13% - Min: -27.88% - Market Cap 7435 - Trading time: 00:02:16
05-09-2025 23:34:56.651 INFO Current price: 0.000000036028 - Current percentage: -29.44% - Max: 59.13% - Min: -29.44% - Market Cap 7274 - Trading time: 00:02:18
05-09-2025 23:34:57.543 INFO Current price: 0.000000036149 - Current percentage: -27.39% - Max: 59.13% - Min: -29.44% - Market Cap 7485 - Trading time: 00:02:19
05-09-2025 23:34:57.594 INFO Current price: 0.000000037460 - Current percentage: -24.23% - Max: 59.13% - Min: -29.44% - Market Cap 7811 - Trading time: 00:02:19
05-09-2025 23:34:57.647 INFO Current price: 0.000000038439 - Current percentage: -23.54% - Max: 59.13% - Min: -29.44% - Market Cap 7882 - Trading time: 00:02:19
05-09-2025 23:34:57.865 INFO Current price: 0.000000039623 - Current percentage: -19.49% - Max: 59.13% - Min: -29.44% - Market Cap 8299 - Trading time: 00:02:19
05-09-2025 23:34:57.931 INFO Current price: 0.000000040886 - Current percentage: -18.59% - Max: 59.13% - Min: -29.44% - Market Cap 8392 - Trading time: 00:02:19
05-09-2025 23:34:58.121 INFO Current price: 0.000000041143 - Current percentage: -18.48% - Max: 59.13% - Min: -29.44% - Market Cap 8404 - Trading time: 00:02:19
05-09-2025 23:34:58.425 INFO Current price: 0.000000041183 - Current percentage: -18.43% - Max: 59.13% - Min: -29.44% - Market Cap 8409 - Trading time: 00:02:20
05-09-2025 23:34:58.617 INFO Current price: 0.000000041760 - Current percentage: -16.18% - Max: 59.13% - Min: -29.44% - Market Cap 8641 - Trading time: 00:02:20
05-09-2025 23:34:58.622 INFO Current price: 0.000000042500 - Current percentage: -15.51% - Max: 59.13% - Min: -29.44% - Market Cap 8709 - Trading time: 00:02:20
05-09-2025 23:34:59.376 INFO Current price: 0.000000042026 - Current percentage: -18.04% - Max: 59.13% - Min: -29.44% - Market Cap 8449 - Trading time: 00:02:21
05-09-2025 23:34:59.473 INFO Current price: 0.000000041125 - Current percentage: -19.10% - Max: 59.13% - Min: -29.44% - Market Cap 8340 - Trading time: 00:02:21
05-09-2025 23:35:04.167 INFO Current price: 0.000000040870 - Current percentage: -19.05% - Max: 59.13% - Min: -29.44% - Market Cap 8345 - Trading time: 00:02:25
05-09-2025 23:35:04.252 INFO Current price: 0.000000040654 - Current percentage: -19.95% - Max: 59.13% - Min: -29.44% - Market Cap 8252 - Trading time: 00:02:26
05-09-2025 23:35:04.359 INFO Current price: 0.000000040401 - Current percentage: -20.06% - Max: 59.13% - Min: -29.44% - Market Cap 8241 - Trading time: 00:02:26
05-09-2025 23:35:09.925 INFO Current price: 0.000000039841 - Current percentage: -22.15% - Max: 59.13% - Min: -29.44% - Market Cap 8025 - Trading time: 00:02:31
05-09-2025 23:35:10.849 INFO Current price: 0.000000039304 - Current percentage: -22.20% - Max: 59.13% - Min: -29.44% - Market Cap 8020 - Trading time: 00:02:32
05-09-2025 23:35:14.043 INFO Current price: 0.000000039250 - Current percentage: -22.36% - Max: 59.13% - Min: -29.44% - Market Cap 8003 - Trading time: 00:02:35
05-09-2025 23:35:20.619 INFO Current price: 0.000000038947 - Current percentage: -23.39% - Max: 59.13% - Min: -29.44% - Market Cap 7897 - Trading time: 00:02:42
05-09-2025 23:35:21.680 INFO Current price: 0.000000038123 - Current percentage: -25.62% - Max: 59.13% - Min: -29.44% - Market Cap 7668 - Trading time: 00:02:43
05-09-2025 23:35:21.748 INFO Current price: 0.000000036782 - Current percentage: -28.69% - Max: 59.13% - Min: -29.44% - Market Cap 7351 - Trading time: 00:02:43
05-09-2025 23:35:21.748 INFO Current price: 0.000000035858 - Current percentage: -29.31% - Max: 59.13% - Min: -29.44% - Market Cap 7287 - Trading time: 00:02:43
05-09-2025 23:35:24.116 INFO Current price: 0.000000035643 - Current percentage: -29.54% - Max: 59.13% - Min: -29.54% - Market Cap 7263 - Trading time: 00:02:45
05-09-2025 23:35:24.953 INFO Current price: 0.000000034734 - Current percentage: -32.86% - Max: 59.13% - Min: -32.86% - Market Cap 6921 - Trading time: 00:02:46
05-09-2025 23:35:24.999 INFO Current price: 0.000000033397 - Current percentage: -34.86% - Max: 59.13% - Min: -34.86% - Market Cap 6715 - Trading time: 00:02:46
05-09-2025 23:35:25.689 INFO Current price: 0.000000032059 - Current percentage: -38.13% - Max: 59.13% - Min: -38.13% - Market Cap 6378 - Trading time: 00:02:47
05-09-2025 23:35:26.620 INFO Current price: 0.000000031240 - Current percentage: -38.15% - Max: 59.13% - Min: -38.15% - Market Cap 6376 - Trading time: 00:02:48
05-09-2025 23:35:32.131 INFO Current price: 0.000000031230 - Current percentage: -38.17% - Max: 59.13% - Min: -38.17% - Market Cap 6373 - Trading time: 00:02:53
05-09-2025 23:35:32.956 INFO Current price: 0.000000031118 - Current percentage: -38.59% - Max: 59.13% - Min: -38.59% - Market Cap 6330 - Trading time: 00:02:54
05-09-2025 23:35:34.413 INFO Current price: 0.000000030935 - Current percentage: -38.90% - Max: 59.13% - Min: -38.90% - Market Cap 6299 - Trading time: 00:02:56
05-09-2025 23:35:44.066 INFO Current price: 0.000000031813 - Current percentage: -35.06% - Max: 59.13% - Min: -38.90% - Market Cap 6695 - Trading time: 00:03:05
05-09-2025 23:35:44.174 INFO Current price: 0.000000032960 - Current percentage: -34.41% - Max: 59.13% - Min: -38.90% - Market Cap 6761 - Trading time: 00:03:05
05-09-2025 23:35:44.349 INFO Current price: 0.000000033059 - Current percentage: -34.67% - Max: 59.13% - Min: -38.90% - Market Cap 6735 - Trading time: 00:03:06
05-09-2025 23:35:44.719 INFO Current price: 0.000000033004 - Current percentage: -34.63% - Max: 59.13% - Min: -38.90% - Market Cap 6739 - Trading time: 00:03:06
05-09-2025 23:35:45.573 INFO Current price: 0.000000033114 - Current percentage: -34.24% - Max: 59.13% - Min: -38.90% - Market Cap 6779 - Trading time: 00:03:07
05-09-2025 23:36:07.794 INFO Current price: 0.000000033114 - Current percentage: -34.63% - Max: 59.13% - Min: -38.90% - Market Cap 6739 - Trading time: 00:03:29
05-09-2025 23:36:15.611 INFO Current price: 0.000000033014 - Current percentage: -34.56% - Max: 59.13% - Min: -38.90% - Market Cap 6746 - Trading time: 00:03:37
05-09-2025 23:36:17.485 INFO Current price: 0.000000033004 - Current percentage: -34.60% - Max: 59.13% - Min: -38.90% - Market Cap 6742 - Trading time: 00:03:39
05-09-2025 23:36:33.433 INFO Current price: 0.000000032774 - Current percentage: -35.46% - Max: 59.13% - Min: -38.90% - Market Cap 6653 - Trading time: 00:03:55
05-09-2025 23:36:34.454 INFO Current price: 0.000000032397 - Current percentage: -36.09% - Max: 59.13% - Min: -38.90% - Market Cap 6588 - Trading time: 00:03:56
05-09-2025 23:36:35.505 INFO Current price: 0.000000032145 - Current percentage: -36.46% - Max: 59.13% - Min: -38.90% - Market Cap 6550 - Trading time: 00:03:57
05-09-2025 23:36:39.161 INFO Current price: 0.000000031231 - Current percentage: -39.67% - Max: 59.13% - Min: -39.67% - Market Cap 6219 - Trading time: 00:04:00
05-09-2025 23:36:43.078 INFO Current price: 0.000000030414 - Current percentage: -39.74% - Max: 59.13% - Min: -39.74% - Market Cap 6212 - Trading time: 00:04:04
05-09-2025 23:36:45.088 INFO Current price: 0.000000030368 - Current percentage: -39.86% - Max: 59.13% - Min: -39.86% - Market Cap 6200 - Trading time: 00:04:06
05-09-2025 23:37:08.355 INFO Current price: 0.000000030200 - Current percentage: -40.41% - Max: 59.13% - Min: -40.41% - Market Cap 6143 - Trading time: 00:04:30
05-09-2025 23:37:20.092 INFO Current price: 0.000000029949 - Current percentage: -40.85% - Max: 59.13% - Min: -40.85% - Market Cap 6097 - Trading time: 00:04:41
05-09-2025 23:37:25.689 INFO Current price: 0.000000030597 - Current percentage: -37.80% - Max: 59.13% - Min: -40.85% - Market Cap 6412 - Trading time: 00:04:47
05-09-2025 23:37:26.005 INFO Current price: 0.000000031845 - Current percentage: -35.93% - Max: 59.13% - Min: -40.85% - Market Cap 6605 - Trading time: 00:04:47






05-09-2025 23:37:38.238 INFO {"type":"summary","reason":"max_window","startedAt":"2025-09-05T21:32:38.238Z","endedAt":"2025-09-05T21:37:38.238Z","durationSec":300,"entryPrice":6.10979994552283e-8,"entryMarketCapSol":50.502510456996994,"entryMarketCapUsd":10308.572434482227,"minPct":-40.85433371255757,"maxPct":59.13370312906531,"buyCount":153,"sellCount":162,"tradeCount":315,"entryRecorded":true,"noPostThresholdTrades":false,"triggerAt":"2025-09-05T21:32:38.238Z","ageAtTriggerSec":49,"preTotalTrades":156,"preBuys":86,"preSells":70,"preUniqueTraders":82,"preEntryTotalTrades":174,"preEntryBuys":102,"preEntrySells":72,"preEntryUniqueTraders":93,"preEntryMinMcUsd":7651.551232792695,"preEntryMaxMcUsd":18063.688013759715,"thresholdMcSol":50.502510456996994,"thresholdMcUsd":10308.572434482227,"thresholdPrice":6.10979994552283e-8}
