06-09-2025 00:42:55.965 INFO Entry price: 0.000000060296748510 - Entry market cap: 10740 - Buys 38 - Sells 15 - Ratio: 1:0.39 - Min MarketCap: 7434 - Max MarketCap: 14888
06-09-2025 00:42:55.965 INFO Current price: 0.000000060297 - Current percentage: 0.00% - Max: 0.00% - Min: 0.00% - Market Cap 10740 - Trading time: 00:00:02
06-09-2025 00:42:56.066 INFO Current price: 0.000000071522 - Current percentage: 35.82% - Max: 35.82% - Min: 0.00% - Market Cap 14587 - Trading time: 00:00:02
06-09-2025 00:42:56.474 INFO Current price: 0.000000068373 - Current percentage: 23.62% - Max: 35.82% - Min: 0.00% - Market Cap 13276 - Trading time: 00:00:02
06-09-2025 00:42:56.484 INFO Current price: 0.000000062555 - Current percentage: 13.69% - Max: 35.82% - Min: 0.00% - Market Cap 12210 - Trading time: 00:00:02
06-09-2025 00:42:56.576 INFO Current price: 0.000000057456 - Current percentage: 4.29% - Max: 35.82% - Min: 0.00% - Market Cap 11200 - Trading time: 00:00:02
06-09-2025 00:42:56.578 INFO Current price: 0.000000052950 - Current percentage: -3.44% - Max: 35.82% - Min: -3.44% - Market Cap 10370 - Trading time: 00:00:02
06-09-2025 00:42:56.626 INFO Current price: 0.000000050399 - Current percentage: -5.52% - Max: 35.82% - Min: -5.52% - Market Cap 10147 - Trading time: 00:00:02
06-09-2025 00:42:56.823 INFO Current price: 0.000000049881 - Current percentage: -5.52% - Max: 35.82% - Min: -5.52% - Market Cap 10147 - Trading time: 00:00:02
06-09-2025 00:42:57.188 INFO Current price: 0.000000052375 - Current percentage: 4.28% - Max: 35.82% - Min: -5.52% - Market Cap 11199 - Trading time: 00:00:03
06-09-2025 00:42:57.190 INFO Current price: 0.000000057489 - Current percentage: 13.83% - Max: 35.82% - Min: -5.52% - Market Cap 12225 - Trading time: 00:00:03
06-09-2025 00:42:57.423 INFO Current price: 0.000000060737 - Current percentage: 16.40% - Max: 35.82% - Min: -5.52% - Market Cap 12501 - Trading time: 00:00:03
06-09-2025 00:42:57.425 INFO Current price: 0.000000057583 - Current percentage: 2.31% - Max: 35.82% - Min: -5.52% - Market Cap 10988 - Trading time: 00:00:03
06-09-2025 00:42:57.516 INFO Current price: 0.000000051907 - Current percentage: -5.42% - Max: 35.82% - Min: -5.52% - Market Cap 10158 - Trading time: 00:00:03
06-09-2025 00:42:57.523 INFO Current price: 0.000000047922 - Current percentage: -12.80% - Max: 35.82% - Min: -12.80% - Market Cap 9365 - Trading time: 00:00:03
06-09-2025 00:42:57.681 INFO Current price: 0.000000046020 - Current percentage: -12.77% - Max: 35.82% - Min: -12.80% - Market Cap 9368 - Trading time: 00:00:03
06-09-2025 00:42:57.687 INFO Current price: 0.000000046044 - Current percentage: -12.71% - Max: 35.82% - Min: -12.80% - Market Cap 9375 - Trading time: 00:00:03
06-09-2025 00:42:58.123 INFO Current price: 0.000000044095 - Current percentage: -20.00% - Max: 35.82% - Min: -20.00% - Market Cap 8591 - Trading time: 00:00:04
06-09-2025 00:42:58.169 INFO Current price: 0.000000042380 - Current percentage: -19.36% - Max: 35.82% - Min: -20.00% - Market Cap 8660 - Trading time: 00:00:04
06-09-2025 00:42:58.542 INFO Current price: 0.000000042330 - Current percentage: -20.19% - Max: 35.82% - Min: -20.19% - Market Cap 8571 - Trading time: 00:00:04
06-09-2025 00:42:58.937 INFO Current price: 0.000000042391 - Current percentage: -19.13% - Max: 35.82% - Min: -20.19% - Market Cap 8685 - Trading time: 00:00:04
06-09-2025 00:42:58.976 INFO Current price: 0.000000041121 - Current percentage: -24.90% - Max: 35.82% - Min: -24.90% - Market Cap 8065 - Trading time: 00:00:05
06-09-2025 00:42:58.978 INFO Current price: 0.000000037994 - Current percentage: -30.96% - Max: 35.82% - Min: -30.96% - Market Cap 7415 - Trading time: 00:00:05
06-09-2025 00:42:59.700 INFO Current price: 0.000000036011 - Current percentage: -32.54% - Max: 35.82% - Min: -32.54% - Market Cap 7245 - Trading time: 00:00:05
06-09-2025 00:42:59.717 INFO Current price: 0.000000035239 - Current percentage: -33.89% - Max: 35.82% - Min: -33.89% - Market Cap 7100 - Trading time: 00:00:05
06-09-2025 00:42:59.719 INFO Current price: 0.000000034508 - Current percentage: -35.31% - Max: 35.82% - Min: -35.31% - Market Cap 6948 - Trading time: 00:00:05
06-09-2025 00:42:59.816 INFO Current price: 0.000000033756 - Current percentage: -36.74% - Max: 35.82% - Min: -36.74% - Market Cap 6794 - Trading time: 00:00:05
06-09-2025 00:42:59.867 INFO Current price: 0.000000033385 - Current percentage: -36.72% - Max: 35.82% - Min: -36.74% - Market Cap 6796 - Trading time: 00:00:05
06-09-2025 00:43:00.206 INFO Current price: 0.000000033405 - Current percentage: -36.66% - Max: 35.82% - Min: -36.74% - Market Cap 6802 - Trading time: 00:00:06
06-09-2025 00:43:00.239 INFO Current price: 0.000000033420 - Current percentage: -36.66% - Max: 35.82% - Min: -36.74% - Market Cap 6802 - Trading time: 00:00:06
06-09-2025 00:43:00.568 INFO Current price: 0.000000033320 - Current percentage: -37.04% - Max: 35.82% - Min: -37.04% - Market Cap 6761 - Trading time: 00:00:06
06-09-2025 00:43:00.584 INFO Current price: 0.000000033320 - Current percentage: -36.67% - Max: 35.82% - Min: -37.04% - Market Cap 6802 - Trading time: 00:00:06
06-09-2025 00:43:01.393 INFO Current price: 0.000000033467 - Current percentage: -36.48% - Max: 35.82% - Min: -37.04% - Market Cap 6821 - Trading time: 00:00:07
06-09-2025 00:43:01.510 INFO Current price: 0.000000033240 - Current percentage: -37.52% - Max: 35.82% - Min: -37.52% - Market Cap 6710 - Trading time: 00:00:07
06-09-2025 00:43:01.927 INFO Current price: 0.000000033263 - Current percentage: -36.39% - Max: 35.82% - Min: -37.52% - Market Cap 6831 - Trading time: 00:00:07
06-09-2025 00:43:04.107 INFO Current price: 0.000000031549 - Current percentage: -43.80% - Max: 35.82% - Min: -43.80% - Market Cap 6036 - Trading time: 00:00:10
06-09-2025 00:43:05.657 INFO Current price: 0.000000029492 - Current percentage: -44.42% - Max: 35.82% - Min: -44.42% - Market Cap 5970 - Trading time: 00:00:11
06-09-2025 00:43:06.737 INFO Current price: 0.000000029344 - Current percentage: -44.36% - Max: 35.82% - Min: -44.42% - Market Cap 5975 - Trading time: 00:00:12
06-09-2025 00:43:07.138 INFO Current price: 0.000000029363 - Current percentage: -44.34% - Max: 35.82% - Min: -44.42% - Market Cap 5977 - Trading time: 00:00:13
06-09-2025 00:43:08.642 INFO Current price: 0.000000029310 - Current percentage: -44.56% - Max: 35.82% - Min: -44.56% - Market Cap 5954 - Trading time: 00:00:14
06-09-2025 00:43:08.682 INFO Current price: 0.000000029153 - Current percentage: -44.94% - Max: 35.82% - Min: -44.94% - Market Cap 5913 - Trading time: 00:00:14
06-09-2025 00:43:09.818 INFO Current price: 0.000000029050 - Current percentage: -44.95% - Max: 35.82% - Min: -44.95% - Market Cap 5912 - Trading time: 00:00:15
06-09-2025 00:43:10.100 INFO Current price: 0.000000028805 - Current percentage: -45.86% - Max: 35.82% - Min: -45.86% - Market Cap 5814 - Trading time: 00:00:16
06-09-2025 00:43:10.568 INFO Current price: 0.000000028570 - Current percentage: -45.85% - Max: 35.82% - Min: -45.86% - Market Cap 5816 - Trading time: 00:00:16
06-09-2025 00:43:11.490 INFO Current price: 0.000000028536 - Current percentage: -46.00% - Max: 35.82% - Min: -46.00% - Market Cap 5800 - Trading time: 00:00:17
06-09-2025 00:43:11.710 INFO Current price: 0.000000028404 - Current percentage: -46.35% - Max: 35.82% - Min: -46.35% - Market Cap 5762 - Trading time: 00:00:17
06-09-2025 00:43:12.171 INFO Current price: 0.000000028274 - Current percentage: -46.49% - Max: 35.82% - Min: -46.49% - Market Cap 5747 - Trading time: 00:00:18
06-09-2025 00:43:12.940 INFO Current price: 0.000000028160 - Current percentage: -46.78% - Max: 35.82% - Min: -46.78% - Market Cap 5716 - Trading time: 00:00:18
06-09-2025 00:43:13.548 INFO Current price: 0.000000028061 - Current percentage: -46.86% - Max: 35.82% - Min: -46.86% - Market Cap 5707 - Trading time: 00:00:19
06-09-2025 00:43:13.933 INFO Current price: 0.000000028035 - Current percentage: -46.88% - Max: 35.82% - Min: -46.88% - Market Cap 5705 - Trading time: 00:00:19
06-09-2025 00:43:20.745 INFO Current price: 0.000000028053 - Current percentage: -46.79% - Max: 35.82% - Min: -46.88% - Market Cap 5714 - Trading time: 00:00:26
06-09-2025 00:43:32.961 INFO Current price: 0.000000028085 - Current percentage: -46.76% - Max: 35.82% - Min: -46.88% - Market Cap 5718 - Trading time: 00:00:38






06-09-2025 00:45:32.961 INFO {"type":"summary","reason":"inactivity","startedAt":"2025-09-05T22:42:53.965Z","endedAt":"2025-09-05T22:45:32.961Z","durationSec":158,"entryPrice":6.029674850978598e-8,"entryMarketCapSol":52.76633367115115,"entryMarketCapUsd":10739.531892089393,"minPct":-46.8769510579474,"maxPct":35.82474148217556,"buyCount":35,"sellCount":38,"tradeCount":73,"entryRecorded":true,"noPostThresholdTrades":false,"triggerAt":"2025-09-05T22:42:53.964Z","ageAtTriggerSec":6,"preTotalTrades":30,"preBuys":21,"preSells":9,"preUniqueTraders":19,"preEntryTotalTrades":53,"preEntryBuys":38,"preEntrySells":15,"preEntryUniqueTraders":33,"preEntryMinMcUsd":7433.587448116067,"preEntryMaxMcUsd":14888.090696716064,"thresholdMcSol":52.76633367115115,"thresholdMcUsd":10739.531892089393,"thresholdPrice":6.029674850978598e-8}
