06-09-2025 15:56:56.433 INFO Entry price: 0.000000055079980922 - Entry market cap: 10655 - Buys 24 - Sells 10 - Ratio: 1:0.42 - Min MarketCap: 7442 - Max MarketCap: 11584
06-09-2025 15:56:56.433 INFO Current price: 0.000000055080 - Current percentage: 0.00% - Max: 0.00% - Min: 0.00% - Market Cap 10655 - Trading time: 00:00:02
06-09-2025 15:56:56.799 INFO Current price: 0.000000043188 - Current percentage: -18.03% - Max: 0.00% - Min: -18.03% - Market Cap 8734 - Trading time: 00:00:02
06-09-2025 15:56:56.803 INFO Current price: 0.000000045167 - Current percentage: -10.82% - Max: 0.00% - Min: -18.03% - Market Cap 9503 - Trading time: 00:00:02
06-09-2025 15:56:56.804 INFO Current price: 0.000000048715 - Current percentage: -4.64% - Max: 0.00% - Min: -18.03% - Market Cap 10160 - Trading time: 00:00:02
06-09-2025 15:56:56.824 INFO Current price: 0.000000050495 - Current percentage: -4.18% - Max: 0.00% - Min: -18.03% - Market Cap 10210 - Trading time: 00:00:02
06-09-2025 15:56:57.272 INFO Current price: 0.000000050741 - Current percentage: -3.71% - Max: 0.00% - Min: -18.03% - Market Cap 10259 - Trading time: 00:00:02
06-09-2025 15:56:57.502 INFO Current price: 0.000000053221 - Current percentage: 5.42% - Max: 5.42% - Min: -18.03% - Market Cap 11232 - Trading time: 00:00:03
06-09-2025 15:56:57.505 INFO Current price: 0.000000057723 - Current percentage: 13.26% - Max: 13.26% - Min: -18.03% - Market Cap 12068 - Trading time: 00:00:03
06-09-2025 15:56:57.732 INFO Current price: 0.000000059964 - Current percentage: 13.77% - Max: 13.77% - Min: -18.03% - Market Cap 12122 - Trading time: 00:00:03
06-09-2025 15:56:58.844 INFO Current price: 0.000000057310 - Current percentage: 3.46% - Max: 13.77% - Min: -18.03% - Market Cap 11023 - Trading time: 00:00:04
06-09-2025 15:56:58.844 INFO Current price: 0.000000052780 - Current percentage: -3.51% - Max: 13.77% - Min: -18.03% - Market Cap 10281 - Trading time: 00:00:04
06-09-2025 15:56:59.251 INFO Current price: 0.000000050132 - Current percentage: -6.66% - Max: 13.77% - Min: -18.03% - Market Cap 9945 - Trading time: 00:00:04
06-09-2025 15:56:59.497 INFO Current price: 0.000000049547 - Current percentage: -5.74% - Max: 13.77% - Min: -18.03% - Market Cap 10043 - Trading time: 00:00:05
06-09-2025 15:56:59.501 INFO Current price: 0.000000051007 - Current percentage: -1.08% - Max: 13.77% - Min: -18.03% - Market Cap 10539 - Trading time: 00:00:05
06-09-2025 15:56:59.558 INFO Current price: 0.000000051983 - Current percentage: -2.10% - Max: 13.77% - Min: -18.03% - Market Cap 10431 - Trading time: 00:00:05
06-09-2025 15:56:59.767 INFO Current price: 0.000000051840 - Current percentage: -1.63% - Max: 13.77% - Min: -18.03% - Market Cap 10481 - Trading time: 00:00:05
06-09-2025 15:56:59.927 INFO Current price: 0.000000051898 - Current percentage: -1.88% - Max: 13.77% - Min: -18.03% - Market Cap 10455 - Trading time: 00:00:05
06-09-2025 15:57:00.886 INFO Current price: 0.000000051857 - Current percentage: -1.79% - Max: 13.77% - Min: -18.03% - Market Cap 10465 - Trading time: 00:00:06
06-09-2025 15:57:00.943 INFO Current price: 0.000000052006 - Current percentage: -1.31% - Max: 13.77% - Min: -18.03% - Market Cap 10515 - Trading time: 00:00:06
06-09-2025 15:57:00.950 INFO Current price: 0.000000052380 - Current percentage: -0.37% - Max: 13.77% - Min: -18.03% - Market Cap 10615 - Trading time: 00:00:06
06-09-2025 15:57:01.010 INFO Current price: 0.000000052503 - Current percentage: -0.85% - Max: 13.77% - Min: -18.03% - Market Cap 10564 - Trading time: 00:00:06
06-09-2025 15:57:01.438 INFO Current price: 0.000000052203 - Current percentage: -1.51% - Max: 13.77% - Min: -18.03% - Market Cap 10494 - Trading time: 00:00:07
06-09-2025 15:57:01.668 INFO Current price: 0.000000051424 - Current percentage: -3.79% - Max: 13.77% - Min: -18.03% - Market Cap 10252 - Trading time: 00:00:07
06-09-2025 15:57:01.823 INFO Current price: 0.000000050565 - Current percentage: -4.77% - Max: 13.77% - Min: -18.03% - Market Cap 10147 - Trading time: 00:00:07
06-09-2025 15:57:01.830 INFO Current price: 0.000000050115 - Current percentage: -5.49% - Max: 13.77% - Min: -18.03% - Market Cap 10070 - Trading time: 00:00:07
06-09-2025 15:57:01.870 INFO Current price: 0.000000049109 - Current percentage: -8.55% - Max: 13.77% - Min: -18.03% - Market Cap 9744 - Trading time: 00:00:07
06-09-2025 15:57:02.788 INFO Current price: 0.000000048906 - Current percentage: -6.27% - Max: 13.77% - Min: -18.03% - Market Cap 9987 - Trading time: 00:00:08
06-09-2025 15:57:02.890 INFO Current price: 0.000000050119 - Current percentage: -3.96% - Max: 13.77% - Min: -18.03% - Market Cap 10233 - Trading time: 00:00:08
06-09-2025 15:57:03.167 INFO Current price: 0.000000050855 - Current percentage: -3.50% - Max: 13.77% - Min: -18.03% - Market Cap 10282 - Trading time: 00:00:08
06-09-2025 15:57:03.732 INFO Current price: 0.000000052883 - Current percentage: 3.85% - Max: 13.77% - Min: -18.03% - Market Cap 11065 - Trading time: 00:00:09
06-09-2025 15:57:03.749 INFO Current price: 0.000000056712 - Current percentage: 10.99% - Max: 13.77% - Min: -18.03% - Market Cap 11825 - Trading time: 00:00:09
06-09-2025 15:57:03.868 INFO Current price: 0.000000059288 - Current percentage: 13.50% - Max: 13.77% - Min: -18.03% - Market Cap 12093 - Trading time: 00:00:09
06-09-2025 15:57:03.868 INFO Current price: 0.000000057841 - Current percentage: 5.63% - Max: 13.77% - Min: -18.03% - Market Cap 11255 - Trading time: 00:00:09
06-09-2025 15:57:03.870 INFO Current price: 0.000000053326 - Current percentage: -3.53% - Max: 13.77% - Min: -18.03% - Market Cap 10279 - Trading time: 00:00:09
06-09-2025 15:57:04.632 INFO Current price: 0.000000050841 - Current percentage: -3.98% - Max: 13.77% - Min: -18.03% - Market Cap 10230 - Trading time: 00:00:10
06-09-2025 15:57:04.772 INFO Current price: 0.000000050813 - Current percentage: -3.63% - Max: 13.77% - Min: -18.03% - Market Cap 10268 - Trading time: 00:00:10
06-09-2025 15:57:04.836 INFO Current price: 0.000000050967 - Current percentage: -3.40% - Max: 13.77% - Min: -18.03% - Market Cap 10293 - Trading time: 00:00:10
06-09-2025 15:57:06.457 INFO Current price: 0.000000051042 - Current percentage: -3.35% - Max: 13.77% - Min: -18.03% - Market Cap 10298 - Trading time: 00:00:12
06-09-2025 15:57:07.238 INFO Current price: 0.000000050802 - Current percentage: -4.31% - Max: 13.77% - Min: -18.03% - Market Cap 10196 - Trading time: 00:00:12
06-09-2025 15:57:07.714 INFO Current price: 0.000000051408 - Current percentage: -1.03% - Max: 13.77% - Min: -18.03% - Market Cap 10545 - Trading time: 00:00:13
06-09-2025 15:57:09.593 INFO Current price: 0.000000051034 - Current percentage: -5.70% - Max: 13.77% - Min: -18.03% - Market Cap 10048 - Trading time: 00:00:15
06-09-2025 15:57:09.979 INFO Current price: 0.000000049877 - Current percentage: -5.47% - Max: 13.77% - Min: -18.03% - Market Cap 10073 - Trading time: 00:00:15
06-09-2025 15:57:10.273 INFO Current price: 0.000000048583 - Current percentage: -10.53% - Max: 13.77% - Min: -18.03% - Market Cap 9533 - Trading time: 00:00:15
06-09-2025 15:57:11.312 INFO Current price: 0.000000047155 - Current percentage: -10.94% - Max: 13.77% - Min: -18.03% - Market Cap 9489 - Trading time: 00:00:16
06-09-2025 15:57:11.680 INFO Current price: 0.000000047134 - Current percentage: -10.61% - Max: 13.77% - Min: -18.03% - Market Cap 9525 - Trading time: 00:00:17
06-09-2025 15:57:13.464 INFO Current price: 0.000000045101 - Current percentage: -18.46% - Max: 13.77% - Min: -18.46% - Market Cap 8688 - Trading time: 00:00:19
06-09-2025 15:57:14.590 INFO Current price: 0.000000041862 - Current percentage: -22.99% - Max: 13.77% - Min: -22.99% - Market Cap 8206 - Trading time: 00:00:20
06-09-2025 15:57:14.596 INFO Current price: 0.000000039415 - Current percentage: -27.71% - Max: 13.77% - Min: -27.71% - Market Cap 7702 - Trading time: 00:00:20
06-09-2025 15:57:14.624 INFO Current price: 0.000000038179 - Current percentage: -27.74% - Max: 13.77% - Min: -27.74% - Market Cap 7699 - Trading time: 00:00:20
06-09-2025 15:57:15.276 INFO Current price: 0.000000038165 - Current percentage: -27.76% - Max: 13.77% - Min: -27.76% - Market Cap 7697 - Trading time: 00:00:20
06-09-2025 15:57:15.397 INFO Current price: 0.000000038004 - Current percentage: -28.35% - Max: 13.77% - Min: -28.35% - Market Cap 7634 - Trading time: 00:00:20
06-09-2025 15:57:15.529 INFO Current price: 0.000000037444 - Current percentage: -29.88% - Max: 13.77% - Min: -29.88% - Market Cap 7472 - Trading time: 00:00:21
06-09-2025 15:57:15.956 INFO Current price: 0.000000036981 - Current percentage: -30.11% - Max: 13.77% - Min: -30.11% - Market Cap 7447 - Trading time: 00:00:21
06-09-2025 15:57:16.105 INFO Current price: 0.000000037181 - Current percentage: -29.12% - Max: 13.77% - Min: -30.11% - Market Cap 7553 - Trading time: 00:00:21
06-09-2025 15:57:16.152 INFO Current price: 0.000000037055 - Current percentage: -30.58% - Max: 13.77% - Min: -30.58% - Market Cap 7396 - Trading time: 00:00:21
06-09-2025 15:57:16.332 INFO Current price: 0.000000035448 - Current percentage: -35.13% - Max: 13.77% - Min: -35.13% - Market Cap 6912 - Trading time: 00:00:21
06-09-2025 15:57:16.332 INFO Current price: 0.000000033259 - Current percentage: -38.89% - Max: 13.77% - Min: -38.89% - Market Cap 6511 - Trading time: 00:00:21
06-09-2025 15:57:17.649 INFO Current price: 0.000000031856 - Current percentage: -40.49% - Max: 13.77% - Min: -40.49% - Market Cap 6341 - Trading time: 00:00:23
06-09-2025 15:57:17.705 INFO Current price: 0.000000031407 - Current percentage: -40.60% - Max: 13.77% - Min: -40.60% - Market Cap 6329 - Trading time: 00:00:23
06-09-2025 15:57:18.794 INFO Current price: 0.000000031318 - Current percentage: -40.83% - Max: 13.77% - Min: -40.83% - Market Cap 6305 - Trading time: 00:00:24
06-09-2025 15:57:19.094 INFO Current price: 0.000000031057 - Current percentage: -41.59% - Max: 13.77% - Min: -41.59% - Market Cap 6224 - Trading time: 00:00:24
06-09-2025 15:57:19.298 INFO Current price: 0.000000030851 - Current percentage: -41.61% - Max: 13.77% - Min: -41.61% - Market Cap 6222 - Trading time: 00:00:24
06-09-2025 15:57:19.462 INFO Current price: 0.000000030787 - Current percentage: -41.83% - Max: 13.77% - Min: -41.83% - Market Cap 6198 - Trading time: 00:00:25
06-09-2025 15:57:20.469 INFO Current price: 0.000000030670 - Current percentage: -42.05% - Max: 13.77% - Min: -42.05% - Market Cap 6174 - Trading time: 00:00:26
06-09-2025 15:57:21.373 INFO Current price: 0.000000030367 - Current percentage: -42.97% - Max: 13.77% - Min: -42.97% - Market Cap 6076 - Trading time: 00:00:26
06-09-2025 15:57:21.810 INFO Current price: 0.000000030219 - Current percentage: -42.61% - Max: 13.77% - Min: -42.97% - Market Cap 6114 - Trading time: 00:00:27
06-09-2025 15:57:24.055 INFO Current price: 0.000000030286 - Current percentage: -42.72% - Max: 13.77% - Min: -42.97% - Market Cap 6103 - Trading time: 00:00:29
06-09-2025 15:57:26.317 INFO Current price: 0.000000031226 - Current percentage: -38.99% - Max: 13.77% - Min: -42.97% - Market Cap 6500 - Trading time: 00:00:31
06-09-2025 15:57:27.092 INFO Current price: 0.000000032349 - Current percentage: -38.53% - Max: 13.77% - Min: -42.97% - Market Cap 6550 - Trading time: 00:00:32
06-09-2025 15:57:27.517 INFO Current price: 0.000000033326 - Current percentage: -35.25% - Max: 13.77% - Min: -42.97% - Market Cap 6898 - Trading time: 00:00:33
06-09-2025 15:57:29.606 INFO Current price: 0.000000034203 - Current percentage: -35.25% - Max: 13.77% - Min: -42.97% - Market Cap 6899 - Trading time: 00:00:35
06-09-2025 15:57:30.247 INFO Current price: 0.000000034090 - Current percentage: -35.68% - Max: 13.77% - Min: -42.97% - Market Cap 6853 - Trading time: 00:00:35
06-09-2025 15:57:30.912 INFO Current price: 0.000000034542 - Current percentage: -33.52% - Max: 13.77% - Min: -42.97% - Market Cap 7083 - Trading time: 00:00:36
06-09-2025 15:57:32.607 INFO Current price: 0.000000035117 - Current percentage: -33.52% - Max: 13.77% - Min: -42.97% - Market Cap 7083 - Trading time: 00:00:38
06-09-2025 15:57:33.130 INFO Current price: 0.000000035119 - Current percentage: -33.52% - Max: 13.77% - Min: -42.97% - Market Cap 7084 - Trading time: 00:00:38
06-09-2025 15:57:34.585 INFO Current price: 0.000000034927 - Current percentage: -34.24% - Max: 13.77% - Min: -42.97% - Market Cap 7006 - Trading time: 00:00:40
06-09-2025 15:57:36.516 INFO Current price: 0.000000034818 - Current percentage: -33.93% - Max: 13.77% - Min: -42.97% - Market Cap 7039 - Trading time: 00:00:42
06-09-2025 15:57:36.903 INFO Current price: 0.000000035366 - Current percentage: -32.16% - Max: 13.77% - Min: -42.97% - Market Cap 7229 - Trading time: 00:00:42
06-09-2025 15:57:38.195 INFO Current price: 0.000000035942 - Current percentage: -31.76% - Max: 13.77% - Min: -42.97% - Market Cap 7270 - Trading time: 00:00:43
06-09-2025 15:57:38.982 INFO Current price: 0.000000036380 - Current percentage: -30.49% - Max: 13.77% - Min: -42.97% - Market Cap 7406 - Trading time: 00:00:44
06-09-2025 15:57:39.723 INFO Current price: 0.000000037240 - Current percentage: -28.50% - Max: 13.77% - Min: -42.97% - Market Cap 7618 - Trading time: 00:00:45
06-09-2025 15:57:43.352 INFO Current price: 0.000000037956 - Current percentage: -27.79% - Max: 13.77% - Min: -42.97% - Market Cap 7694 - Trading time: 00:00:48
06-09-2025 15:57:45.445 INFO Current price: 0.000000038905 - Current percentage: -24.88% - Max: 13.77% - Min: -42.97% - Market Cap 8004 - Trading time: 00:00:51
06-09-2025 15:57:46.120 INFO Current price: 0.000000039867 - Current percentage: -24.18% - Max: 13.77% - Min: -42.97% - Market Cap 8079 - Trading time: 00:00:51
06-09-2025 15:57:46.225 INFO Current price: 0.000000040064 - Current percentage: -24.14% - Max: 13.77% - Min: -42.97% - Market Cap 8083 - Trading time: 00:00:51
06-09-2025 15:57:49.751 INFO Current price: 0.000000040354 - Current percentage: -22.94% - Max: 13.77% - Min: -42.97% - Market Cap 8211 - Trading time: 00:00:55
06-09-2025 15:57:51.829 INFO Current price: 0.000000039898 - Current percentage: -25.71% - Max: 13.77% - Min: -42.97% - Market Cap 7916 - Trading time: 00:00:57
06-09-2025 15:57:51.844 INFO Current price: 0.000000038506 - Current percentage: -28.22% - Max: 13.77% - Min: -42.97% - Market Cap 7648 - Trading time: 00:00:57
06-09-2025 15:57:52.837 INFO Current price: 0.000000033804 - Current percentage: -42.74% - Max: 13.77% - Min: -42.97% - Market Cap 6101 - Trading time: 00:00:58
06-09-2025 15:57:54.398 INFO Current price: 0.000000029814 - Current percentage: -44.17% - Max: 13.77% - Min: -44.17% - Market Cap 5949 - Trading time: 00:00:59
06-09-2025 15:57:55.883 INFO Current price: 0.000000029433 - Current percentage: -44.20% - Max: 13.77% - Min: -44.20% - Market Cap 5946 - Trading time: 00:01:01
06-09-2025 15:57:57.188 INFO Current price: 0.000000029499 - Current percentage: -43.92% - Max: 13.77% - Min: -44.20% - Market Cap 5975 - Trading time: 00:01:02
06-09-2025 15:58:06.569 INFO Current price: 0.000000029526 - Current percentage: -44.09% - Max: 13.77% - Min: -44.20% - Market Cap 5957 - Trading time: 00:01:12
06-09-2025 15:58:29.013 INFO Current price: 0.000000030220 - Current percentage: -41.78% - Max: 13.77% - Min: -44.20% - Market Cap 6204 - Trading time: 00:01:34
06-09-2025 15:58:31.375 INFO Current price: 0.000000030712 - Current percentage: -41.74% - Max: 13.77% - Min: -44.20% - Market Cap 6208 - Trading time: 00:01:36
06-09-2025 15:58:33.618 INFO Current price: 0.000000030770 - Current percentage: -41.56% - Max: 13.77% - Min: -44.20% - Market Cap 6227 - Trading time: 00:01:39
06-09-2025 15:59:01.615 INFO Current price: 0.000000030739 - Current percentage: -41.85% - Max: 13.77% - Min: -44.20% - Market Cap 6195 - Trading time: 00:02:07
06-09-2025 15:59:07.033 INFO Current price: 0.000000030639 - Current percentage: -41.94% - Max: 13.77% - Min: -44.20% - Market Cap 6186 - Trading time: 00:02:12
06-09-2025 15:59:13.669 INFO Current price: 0.000000030607 - Current percentage: -41.98% - Max: 13.77% - Min: -44.20% - Market Cap 6182 - Trading time: 00:02:19
06-09-2025 15:59:14.980 INFO Current price: 0.000000030550 - Current percentage: -42.15% - Max: 13.77% - Min: -44.20% - Market Cap 6163 - Trading time: 00:02:20
06-09-2025 15:59:34.839 INFO Current price: 0.000000030025 - Current percentage: -43.95% - Max: 13.77% - Min: -44.20% - Market Cap 5972 - Trading time: 00:02:40
06-09-2025 15:59:43.126 INFO Current price: 0.000000029478 - Current percentage: -44.24% - Max: 13.77% - Min: -44.24% - Market Cap 5941 - Trading time: 00:02:48
06-09-2025 15:59:55.425 INFO Current price: 0.000000029096 - Current percentage: -45.40% - Max: 13.77% - Min: -45.40% - Market Cap 5818 - Trading time: 00:03:00
06-09-2025 16:02:33.727 INFO Current price: 0.000000028541 - Current percentage: -45.88% - Max: 13.77% - Min: -45.88% - Market Cap 5767 - Trading time: 00:05:39
06-09-2025 16:02:59.303 INFO Current price: 0.000000028309 - Current percentage: -46.75% - Max: 13.77% - Min: -46.75% - Market Cap 5674 - Trading time: 00:06:04
06-09-2025 16:05:17.212 INFO Current price: 0.000000028020 - Current percentage: -46.97% - Max: 13.77% - Min: -46.97% - Market Cap 5650 - Trading time: 00:08:22






06-09-2025 16:15:17.212 INFO {"type":"summary","reason":"inactivity","startedAt":"2025-09-06T13:56:54.432Z","endedAt":"2025-09-06T14:15:17.212Z","durationSec":1102,"entryPrice":5.5079980921764654e-8,"entryMarketCapSol":52.82529068116394,"entryMarketCapUsd":10654.861130390767,"minPct":-46.97449854184278,"maxPct":13.767080866449,"buyCount":50,"sellCount":60,"tradeCount":110,"entryRecorded":true,"noPostThresholdTrades":false,"triggerAt":"2025-09-06T13:56:54.432Z","ageAtTriggerSec":6,"preTotalTrades":29,"preBuys":23,"preSells":6,"preUniqueTraders":23,"preEntryTotalTrades":34,"preEntryBuys":24,"preEntrySells":10,"preEntryUniqueTraders":25,"preEntryMinMcUsd":7442.436507128944,"preEntryMaxMcUsd":11583.8137198602,"thresholdMcSol":52.82529068116394,"thresholdMcUsd":10654.861130390767,"thresholdPrice":5.5079980921764654e-8}
