06-09-2025 00:57:22.008 INFO Entry price: 0.000000193085241721 - Entry market cap: 38203 - Buys 1432 - Sells 1163 - Ratio: 1:0.81 - Min MarketCap: 6612 - Max MarketCap: 43938
06-09-2025 00:57:22.008 INFO Current price: 0.000000193085 - Current percentage: 0.00% - Max: 0.00% - Min: 0.00% - Market Cap 38203 - Trading time: 00:00:02
06-09-2025 00:57:23.662 INFO Current price: 0.000000187015 - Current percentage: 0.01% - Max: 0.01% - Min: 0.00% - Market Cap 38206 - Trading time: 00:00:03
06-09-2025 00:57:24.863 INFO Current price: 0.000000187002 - Current percentage: 0.00% - Max: 0.01% - Min: 0.00% - Market Cap 38203 - Trading time: 00:00:04
06-09-2025 00:57:25.107 INFO Current price: 0.000000186997 - Current percentage: 0.00% - Max: 0.01% - Min: 0.00% - Market Cap 38204 - Trading time: 00:00:05
06-09-2025 00:57:25.933 INFO Current price: 0.000000187015 - Current percentage: 0.02% - Max: 0.02% - Min: 0.00% - Market Cap 38211 - Trading time: 00:00:05
06-09-2025 00:57:25.933 INFO Current price: 0.000000187038 - Current percentage: 0.03% - Max: 0.03% - Min: 0.00% - Market Cap 38213 - Trading time: 00:00:05
06-09-2025 00:57:29.953 INFO Current price: 0.000000187032 - Current percentage: 0.01% - Max: 0.03% - Min: 0.00% - Market Cap 38208 - Trading time: 00:00:09
06-09-2025 00:57:31.698 INFO Current price: 0.000000186984 - Current percentage: -0.03% - Max: 0.03% - Min: -0.03% - Market Cap 38193 - Trading time: 00:00:11
06-09-2025 00:57:32.020 INFO Current price: 0.000000186945 - Current percentage: -0.03% - Max: 0.03% - Min: -0.03% - Market Cap 38193 - Trading time: 00:00:12
06-09-2025 00:57:33.245 INFO Current price: 0.000000186959 - Current percentage: -0.01% - Max: 0.03% - Min: -0.03% - Market Cap 38199 - Trading time: 00:00:13
06-09-2025 00:57:33.953 INFO Current price: 0.000000186975 - Current percentage: -0.01% - Max: 0.03% - Min: -0.03% - Market Cap 38199 - Trading time: 00:00:13
06-09-2025 00:57:34.041 INFO Current price: 0.000000186944 - Current percentage: -0.04% - Max: 0.03% - Min: -0.04% - Market Cap 38186 - Trading time: 00:00:14
06-09-2025 00:57:35.964 INFO Current price: 0.000000186959 - Current percentage: 0.01% - Max: 0.03% - Min: -0.04% - Market Cap 38205 - Trading time: 00:00:15
06-09-2025 00:57:36.206 INFO Current price: 0.000000187014 - Current percentage: 0.02% - Max: 0.03% - Min: -0.04% - Market Cap 38209 - Trading time: 00:00:16
06-09-2025 00:57:38.038 INFO Current price: 0.000000187054 - Current percentage: 0.05% - Max: 0.05% - Min: -0.04% - Market Cap 38221 - Trading time: 00:00:18
06-09-2025 00:57:40.225 INFO Current price: 0.000000187066 - Current percentage: 0.03% - Max: 0.05% - Min: -0.04% - Market Cap 38214 - Trading time: 00:00:20
06-09-2025 00:57:40.379 INFO Current price: 0.000000187050 - Current percentage: 0.03% - Max: 0.05% - Min: -0.04% - Market Cap 38214 - Trading time: 00:00:20
06-09-2025 00:57:43.237 INFO Current price: 0.000000187087 - Current percentage: 0.07% - Max: 0.07% - Min: -0.04% - Market Cap 38230 - Trading time: 00:00:23
06-09-2025 00:57:43.268 INFO Current price: 0.000000187128 - Current percentage: 0.07% - Max: 0.07% - Min: -0.04% - Market Cap 38231 - Trading time: 00:00:23
06-09-2025 00:57:46.420 INFO Current price: 0.000000187155 - Current percentage: 0.10% - Max: 0.10% - Min: -0.04% - Market Cap 38241 - Trading time: 00:00:26
06-09-2025 00:57:48.654 INFO Current price: 0.000000187183 - Current percentage: 0.10% - Max: 0.10% - Min: -0.04% - Market Cap 38242 - Trading time: 00:00:28
06-09-2025 00:57:48.812 INFO Current price: 0.000000187181 - Current percentage: 0.10% - Max: 0.10% - Min: -0.04% - Market Cap 38240 - Trading time: 00:00:28
06-09-2025 00:57:50.364 INFO Current price: 0.000000187185 - Current percentage: 0.11% - Max: 0.11% - Min: -0.04% - Market Cap 38244 - Trading time: 00:00:30
06-09-2025 00:57:50.455 INFO Current price: 0.000000187209 - Current percentage: 0.12% - Max: 0.12% - Min: -0.04% - Market Cap 38250 - Trading time: 00:00:30
06-09-2025 00:57:51.481 INFO Current price: 0.000000187213 - Current percentage: 0.11% - Max: 0.12% - Min: -0.04% - Market Cap 38245 - Trading time: 00:00:31
06-09-2025 00:57:51.684 INFO Current price: 0.000000187184 - Current percentage: 0.09% - Max: 0.12% - Min: -0.04% - Market Cap 38238 - Trading time: 00:00:31
06-09-2025 00:57:53.087 INFO Current price: 0.000000187136 - Current percentage: 0.06% - Max: 0.12% - Min: -0.04% - Market Cap 38226 - Trading time: 00:00:33
06-09-2025 00:57:54.002 INFO Current price: 0.000000187074 - Current percentage: 0.03% - Max: 0.12% - Min: -0.04% - Market Cap 38212 - Trading time: 00:00:33
06-09-2025 00:57:55.303 INFO Current price: 0.000000187013 - Current percentage: -0.00% - Max: 0.12% - Min: -0.04% - Market Cap 38201 - Trading time: 00:00:35
06-09-2025 00:57:58.641 INFO Current price: 0.000000186985 - Current percentage: -0.00% - Max: 0.12% - Min: -0.04% - Market Cap 38201 - Trading time: 00:00:38
06-09-2025 00:58:02.162 INFO Current price: 0.000000186955 - Current percentage: -0.04% - Max: 0.12% - Min: -0.04% - Market Cap 38189 - Trading time: 00:00:42
06-09-2025 00:58:02.193 INFO Current price: 0.000000186928 - Current percentage: -0.03% - Max: 0.12% - Min: -0.04% - Market Cap 38190 - Trading time: 00:00:42
06-09-2025 00:58:02.958 INFO Current price: 0.000000186928 - Current percentage: -0.04% - Max: 0.12% - Min: -0.04% - Market Cap 38189 - Trading time: 00:00:42
06-09-2025 00:58:04.156 INFO Current price: 0.000000188717 - Current percentage: 1.89% - Max: 1.89% - Min: -0.04% - Market Cap 38924 - Trading time: 00:00:44
06-09-2025 00:58:04.941 INFO Current price: 0.000000190528 - Current percentage: 1.89% - Max: 1.89% - Min: -0.04% - Market Cap 38926 - Trading time: 00:00:44
06-09-2025 00:58:04.959 INFO Current price: 0.000000190535 - Current percentage: 1.90% - Max: 1.90% - Min: -0.04% - Market Cap 38927 - Trading time: 00:00:44
06-09-2025 00:58:06.161 INFO Current price: 0.000000190532 - Current percentage: 1.89% - Max: 1.90% - Min: -0.04% - Market Cap 38924 - Trading time: 00:00:46
06-09-2025 00:58:07.863 INFO Current price: 0.000000190477 - Current percentage: 1.84% - Max: 1.90% - Min: -0.04% - Market Cap 38905 - Trading time: 00:00:47
06-09-2025 00:58:11.146 INFO Current price: 0.000000190424 - Current percentage: 1.83% - Max: 1.90% - Min: -0.04% - Market Cap 38902 - Trading time: 00:00:51
06-09-2025 00:58:12.937 INFO Current price: 0.000000190415 - Current percentage: 1.83% - Max: 1.90% - Min: -0.04% - Market Cap 38901 - Trading time: 00:00:52
06-09-2025 00:58:13.193 INFO Current price: 0.000000190407 - Current percentage: 1.82% - Max: 1.90% - Min: -0.04% - Market Cap 38899 - Trading time: 00:00:53
06-09-2025 00:58:13.200 INFO Current price: 0.000000190380 - Current percentage: 1.80% - Max: 1.90% - Min: -0.04% - Market Cap 38890 - Trading time: 00:00:53
06-09-2025 00:58:14.808 INFO Current price: 0.000000188785 - Current percentage: 0.12% - Max: 1.90% - Min: -0.04% - Market Cap 38250 - Trading time: 00:00:54
06-09-2025 00:58:15.212 INFO Current price: 0.000000187261 - Current percentage: 0.16% - Max: 1.90% - Min: -0.04% - Market Cap 38265 - Trading time: 00:00:55
06-09-2025 00:58:16.019 INFO Current price: 0.000000187331 - Current percentage: 0.20% - Max: 1.90% - Min: -0.04% - Market Cap 38279 - Trading time: 00:00:56
06-09-2025 00:58:17.034 INFO Current price: 0.000000187365 - Current percentage: 0.20% - Max: 1.90% - Min: -0.04% - Market Cap 38278 - Trading time: 00:00:57
06-09-2025 00:58:17.225 INFO Current price: 0.000000187363 - Current percentage: 0.20% - Max: 1.90% - Min: -0.04% - Market Cap 38278 - Trading time: 00:00:57
06-09-2025 00:58:21.609 INFO Current price: 0.000000187348 - Current percentage: 0.18% - Max: 1.90% - Min: -0.04% - Market Cap 38272 - Trading time: 00:01:01
06-09-2025 00:58:22.613 INFO Current price: 0.000000187352 - Current percentage: 0.20% - Max: 1.90% - Min: -0.04% - Market Cap 38280 - Trading time: 00:01:02
06-09-2025 00:58:24.320 INFO Current price: 0.000000187348 - Current percentage: 0.18% - Max: 1.90% - Min: -0.04% - Market Cap 38271 - Trading time: 00:01:04
06-09-2025 00:58:24.323 INFO Current price: 0.000000187308 - Current percentage: 0.16% - Max: 1.90% - Min: -0.04% - Market Cap 38263 - Trading time: 00:01:04
06-09-2025 00:58:25.411 INFO Current price: 0.000000187286 - Current percentage: 0.15% - Max: 1.90% - Min: -0.04% - Market Cap 38262 - Trading time: 00:01:05
06-09-2025 00:58:27.957 INFO Current price: 0.000000187270 - Current percentage: 0.14% - Max: 1.90% - Min: -0.04% - Market Cap 38257 - Trading time: 00:01:07
06-09-2025 00:58:29.862 INFO Current price: 0.000000187260 - Current percentage: 0.14% - Max: 1.90% - Min: -0.04% - Market Cap 38258 - Trading time: 00:01:09
06-09-2025 00:58:31.879 INFO Current price: 0.000000187262 - Current percentage: 0.14% - Max: 1.90% - Min: -0.04% - Market Cap 38258 - Trading time: 00:01:11
06-09-2025 00:58:33.994 INFO Current price: 0.000000187295 - Current percentage: 0.18% - Max: 1.90% - Min: -0.04% - Market Cap 38271 - Trading time: 00:01:13
06-09-2025 00:58:35.107 INFO Current price: 0.000000187350 - Current percentage: 0.20% - Max: 1.90% - Min: -0.04% - Market Cap 38280 - Trading time: 00:01:15
06-09-2025 00:58:35.498 INFO Current price: 0.000000187373 - Current percentage: 0.20% - Max: 1.90% - Min: -0.04% - Market Cap 38281 - Trading time: 00:01:15
06-09-2025 00:58:36.408 INFO Current price: 0.000000187395 - Current percentage: 0.23% - Max: 1.90% - Min: -0.04% - Market Cap 38289 - Trading time: 00:01:16
06-09-2025 00:58:38.507 INFO Current price: 0.000000187416 - Current percentage: 0.23% - Max: 1.90% - Min: -0.04% - Market Cap 38289 - Trading time: 00:01:18
06-09-2025 00:58:38.937 INFO Current price: 0.000000187421 - Current percentage: 0.23% - Max: 1.90% - Min: -0.04% - Market Cap 38291 - Trading time: 00:01:18
06-09-2025 00:58:39.045 INFO Current price: 0.000000187437 - Current percentage: 0.24% - Max: 1.90% - Min: -0.04% - Market Cap 38296 - Trading time: 00:01:19
06-09-2025 00:58:41.046 INFO Current price: 0.000000187439 - Current percentage: 0.23% - Max: 1.90% - Min: -0.04% - Market Cap 38292 - Trading time: 00:01:21
06-09-2025 00:58:42.208 INFO Current price: 0.000000187429 - Current percentage: 0.23% - Max: 1.90% - Min: -0.04% - Market Cap 38291 - Trading time: 00:01:22
06-09-2025 00:58:46.361 INFO Current price: 0.000000187159 - Current percentage: -0.06% - Max: 1.90% - Min: -0.06% - Market Cap 38182 - Trading time: 00:01:26
06-09-2025 00:58:49.139 INFO Current price: 0.000000186858 - Current percentage: -0.09% - Max: 1.90% - Min: -0.09% - Market Cap 38168 - Trading time: 00:01:29
06-09-2025 00:58:49.265 INFO Current price: 0.000000186829 - Current percentage: -0.09% - Max: 1.90% - Min: -0.09% - Market Cap 38170 - Trading time: 00:01:29
06-09-2025 00:58:49.396 INFO Current price: 0.000000186846 - Current percentage: -0.07% - Max: 1.90% - Min: -0.09% - Market Cap 38176 - Trading time: 00:01:29
06-09-2025 00:58:52.218 INFO Current price: 0.000000186868 - Current percentage: -0.06% - Max: 1.90% - Min: -0.09% - Market Cap 38179 - Trading time: 00:01:32
06-09-2025 00:58:52.333 INFO Current price: 0.000000186840 - Current percentage: -0.10% - Max: 1.90% - Min: -0.10% - Market Cap 38164 - Trading time: 00:01:32
06-09-2025 00:58:52.802 INFO Current price: 0.000000186789 - Current percentage: -0.12% - Max: 1.90% - Min: -0.12% - Market Cap 38158 - Trading time: 00:01:32
06-09-2025 00:58:53.649 INFO Current price: 0.000000186788 - Current percentage: -0.10% - Max: 1.90% - Min: -0.12% - Market Cap 38164 - Trading time: 00:01:33
06-09-2025 00:58:53.666 INFO Current price: 0.000000186811 - Current percentage: -0.09% - Max: 1.90% - Min: -0.12% - Market Cap 38167 - Trading time: 00:01:33
06-09-2025 00:58:54.757 INFO Current price: 0.000000186800 - Current percentage: -0.11% - Max: 1.90% - Min: -0.12% - Market Cap 38159 - Trading time: 00:01:34
06-09-2025 00:58:54.773 INFO Current price: 0.000000186801 - Current percentage: -0.09% - Max: 1.90% - Min: -0.12% - Market Cap 38168 - Trading time: 00:01:34
06-09-2025 00:58:55.242 INFO Current price: 0.000000186821 - Current percentage: -0.09% - Max: 1.90% - Min: -0.12% - Market Cap 38168 - Trading time: 00:01:35
06-09-2025 00:58:55.727 INFO Current price: 0.000000186818 - Current percentage: -0.10% - Max: 1.90% - Min: -0.12% - Market Cap 38166 - Trading time: 00:01:35
06-09-2025 00:58:56.689 INFO Current price: 0.000000186818 - Current percentage: -0.09% - Max: 1.90% - Min: -0.12% - Market Cap 38167 - Trading time: 00:01:36
06-09-2025 00:58:59.787 INFO Current price: 0.000000186865 - Current percentage: -0.04% - Max: 1.90% - Min: -0.12% - Market Cap 38186 - Trading time: 00:01:39
06-09-2025 00:59:04.835 INFO Current price: 0.000000186910 - Current percentage: -0.04% - Max: 1.90% - Min: -0.12% - Market Cap 38186 - Trading time: 00:01:44
06-09-2025 00:59:05.132 INFO Current price: 0.000000186912 - Current percentage: -0.04% - Max: 1.90% - Min: -0.12% - Market Cap 38186 - Trading time: 00:01:45
06-09-2025 00:59:05.855 INFO Current price: 0.000000186901 - Current percentage: -0.06% - Max: 1.90% - Min: -0.12% - Market Cap 38182 - Trading time: 00:01:45
06-09-2025 00:59:06.670 INFO Current price: 0.000000186883 - Current percentage: -0.06% - Max: 1.90% - Min: -0.12% - Market Cap 38179 - Trading time: 00:01:46
06-09-2025 00:59:06.674 INFO Current price: 0.000000186877 - Current percentage: -0.06% - Max: 1.90% - Min: -0.12% - Market Cap 38179 - Trading time: 00:01:46
06-09-2025 00:59:07.113 INFO Current price: 0.000000186875 - Current percentage: -0.06% - Max: 1.90% - Min: -0.12% - Market Cap 38178 - Trading time: 00:01:47
06-09-2025 00:59:08.099 INFO Current price: 0.000000186869 - Current percentage: -0.07% - Max: 1.90% - Min: -0.12% - Market Cap 38176 - Trading time: 00:01:48
06-09-2025 00:59:09.771 INFO Current price: 0.000000186851 - Current percentage: -0.08% - Max: 1.90% - Min: -0.12% - Market Cap 38171 - Trading time: 00:01:49
06-09-2025 00:59:09.781 INFO Current price: 0.000000186827 - Current percentage: -0.09% - Max: 1.90% - Min: -0.12% - Market Cap 38167 - Trading time: 00:01:49
06-09-2025 00:59:09.781 INFO Current price: 0.000000186788 - Current percentage: -0.13% - Max: 1.90% - Min: -0.13% - Market Cap 38155 - Trading time: 00:01:49
06-09-2025 00:59:11.924 INFO Current price: 0.000000186761 - Current percentage: -0.12% - Max: 1.90% - Min: -0.13% - Market Cap 38156 - Trading time: 00:01:51
06-09-2025 00:59:12.404 INFO Current price: 0.000000186763 - Current percentage: -0.12% - Max: 1.90% - Min: -0.13% - Market Cap 38155 - Trading time: 00:01:52
06-09-2025 00:59:13.874 INFO Current price: 0.000000186761 - Current percentage: -0.12% - Max: 1.90% - Min: -0.13% - Market Cap 38155 - Trading time: 00:01:53
06-09-2025 00:59:15.716 INFO Current price: 0.000000186764 - Current percentage: -0.12% - Max: 1.90% - Min: -0.13% - Market Cap 38157 - Trading time: 00:01:55
06-09-2025 00:59:16.533 INFO Current price: 0.000000186808 - Current percentage: -0.08% - Max: 1.90% - Min: -0.13% - Market Cap 38173 - Trading time: 00:01:56
06-09-2025 00:59:19.153 INFO Current price: 0.000000186863 - Current percentage: -0.06% - Max: 1.90% - Min: -0.13% - Market Cap 38179 - Trading time: 00:01:59
06-09-2025 00:59:22.215 INFO Current price: 0.000000186876 - Current percentage: -0.06% - Max: 1.90% - Min: -0.13% - Market Cap 38178 - Trading time: 00:02:02
06-09-2025 00:59:22.579 INFO Current price: 0.000000186827 - Current percentage: -0.11% - Max: 1.90% - Min: -0.13% - Market Cap 38159 - Trading time: 00:02:02
06-09-2025 00:59:23.783 INFO Current price: 0.000000187018 - Current percentage: 0.14% - Max: 1.90% - Min: -0.13% - Market Cap 38256 - Trading time: 00:02:03
06-09-2025 00:59:24.529 INFO Current price: 0.000000187219 - Current percentage: 0.10% - Max: 1.90% - Min: -0.13% - Market Cap 38241 - Trading time: 00:02:04
06-09-2025 00:59:25.428 INFO Current price: 0.000000187180 - Current percentage: 0.10% - Max: 1.90% - Min: -0.13% - Market Cap 38241 - Trading time: 00:02:05
06-09-2025 00:59:25.734 INFO Current price: 0.000000187185 - Current percentage: 0.11% - Max: 1.90% - Min: -0.13% - Market Cap 38243 - Trading time: 00:02:05
06-09-2025 00:59:25.991 INFO Current price: 0.000000187191 - Current percentage: 0.11% - Max: 1.90% - Min: -0.13% - Market Cap 38243 - Trading time: 00:02:05
06-09-2025 00:59:26.114 INFO Current price: 0.000000187184 - Current percentage: 0.10% - Max: 1.90% - Min: -0.13% - Market Cap 38240 - Trading time: 00:02:06
06-09-2025 00:59:29.014 INFO Current price: 0.000000187196 - Current percentage: 0.12% - Max: 1.90% - Min: -0.13% - Market Cap 38248 - Trading time: 00:02:09
06-09-2025 00:59:29.399 INFO Current price: 0.000000187269 - Current percentage: 0.18% - Max: 1.90% - Min: -0.13% - Market Cap 38270 - Trading time: 00:02:09
06-09-2025 00:59:29.405 INFO Current price: 0.000000187342 - Current percentage: 0.20% - Max: 1.90% - Min: -0.13% - Market Cap 38278 - Trading time: 00:02:09
06-09-2025 00:59:30.203 INFO Current price: 0.000000187360 - Current percentage: 0.20% - Max: 1.90% - Min: -0.13% - Market Cap 38278 - Trading time: 00:02:10
06-09-2025 00:59:31.688 INFO Current price: 0.000000187379 - Current percentage: 0.22% - Max: 1.90% - Min: -0.13% - Market Cap 38285 - Trading time: 00:02:11
06-09-2025 00:59:32.200 INFO Current price: 0.000000187355 - Current percentage: 0.17% - Max: 1.90% - Min: -0.13% - Market Cap 38268 - Trading time: 00:02:12
06-09-2025 00:59:32.576 INFO Current price: 0.000000187344 - Current percentage: 0.20% - Max: 1.90% - Min: -0.13% - Market Cap 38281 - Trading time: 00:02:12
06-09-2025 00:59:33.659 INFO Current price: 0.000000187392 - Current percentage: 0.22% - Max: 1.90% - Min: -0.13% - Market Cap 38288 - Trading time: 00:02:13
06-09-2025 00:59:35.223 INFO Current price: 0.000000187410 - Current percentage: 0.22% - Max: 1.90% - Min: -0.13% - Market Cap 38288 - Trading time: 00:02:15
06-09-2025 00:59:39.581 INFO Current price: 0.000000187416 - Current percentage: 0.23% - Max: 1.90% - Min: -0.13% - Market Cap 38290 - Trading time: 00:02:19
06-09-2025 00:59:42.509 INFO Current price: 0.000000187415 - Current percentage: 0.22% - Max: 1.90% - Min: -0.13% - Market Cap 38288 - Trading time: 00:02:22
06-09-2025 00:59:42.976 INFO Current price: 0.000000187410 - Current percentage: 0.22% - Max: 1.90% - Min: -0.13% - Market Cap 38288 - Trading time: 00:02:22
06-09-2025 00:59:44.657 INFO Current price: 0.000000187411 - Current percentage: 0.22% - Max: 1.90% - Min: -0.13% - Market Cap 38289 - Trading time: 00:02:24
06-09-2025 00:59:44.947 INFO Current price: 0.000000187435 - Current percentage: 0.25% - Max: 1.90% - Min: -0.13% - Market Cap 38297 - Trading time: 00:02:24
06-09-2025 00:59:47.536 INFO Current price: 0.000000187459 - Current percentage: 0.25% - Max: 1.90% - Min: -0.13% - Market Cap 38298 - Trading time: 00:02:27
06-09-2025 00:59:47.559 INFO Current price: 0.000000187466 - Current percentage: 0.26% - Max: 1.90% - Min: -0.13% - Market Cap 38300 - Trading time: 00:02:27
06-09-2025 00:59:47.636 INFO Current price: 0.000000187474 - Current percentage: 0.26% - Max: 1.90% - Min: -0.13% - Market Cap 38301 - Trading time: 00:02:27
06-09-2025 00:59:47.907 INFO Current price: 0.000000187482 - Current percentage: 0.26% - Max: 1.90% - Min: -0.13% - Market Cap 38304 - Trading time: 00:02:27
06-09-2025 00:59:48.126 INFO Current price: 0.000000187523 - Current percentage: 0.30% - Max: 1.90% - Min: -0.13% - Market Cap 38318 - Trading time: 00:02:28
06-09-2025 00:59:49.528 INFO Current price: 0.000000187561 - Current percentage: 0.30% - Max: 1.90% - Min: -0.13% - Market Cap 38318 - Trading time: 00:02:29
06-09-2025 00:59:49.896 INFO Current price: 0.000000187546 - Current percentage: 0.29% - Max: 1.90% - Min: -0.13% - Market Cap 38313 - Trading time: 00:02:29
06-09-2025 00:59:51.190 INFO Current price: 0.000000187533 - Current percentage: 0.29% - Max: 1.90% - Min: -0.13% - Market Cap 38313 - Trading time: 00:02:31
06-09-2025 00:59:51.192 INFO Current price: 0.000000187542 - Current percentage: 0.30% - Max: 1.90% - Min: -0.13% - Market Cap 38317 - Trading time: 00:02:31
06-09-2025 00:59:54.126 INFO Current price: 0.000000187609 - Current percentage: 0.36% - Max: 1.90% - Min: -0.13% - Market Cap 38340 - Trading time: 00:02:34
06-09-2025 00:59:55.831 INFO Current price: 0.000000187663 - Current percentage: 0.36% - Max: 1.90% - Min: -0.13% - Market Cap 38339 - Trading time: 00:02:35
06-09-2025 00:59:57.654 INFO Current price: 0.000000187662 - Current percentage: 0.36% - Max: 1.90% - Min: -0.13% - Market Cap 38340 - Trading time: 00:02:37
06-09-2025 01:00:00.064 INFO Current price: 0.000000187666 - Current percentage: 0.36% - Max: 1.90% - Min: -0.13% - Market Cap 38341 - Trading time: 00:02:40
06-09-2025 01:00:02.094 INFO Current price: 0.000000187672 - Current percentage: 0.36% - Max: 1.90% - Min: -0.13% - Market Cap 38342 - Trading time: 00:02:42
06-09-2025 01:00:03.501 INFO Current price: 0.000000187644 - Current percentage: 0.33% - Max: 1.90% - Min: -0.13% - Market Cap 38330 - Trading time: 00:02:43
06-09-2025 01:00:03.863 INFO Current price: 0.000000187618 - Current percentage: 0.34% - Max: 1.90% - Min: -0.13% - Market Cap 38331 - Trading time: 00:02:43
06-09-2025 01:00:05.019 INFO Current price: 0.000000187603 - Current percentage: 0.32% - Max: 1.90% - Min: -0.13% - Market Cap 38323 - Trading time: 00:02:45
06-09-2025 01:00:05.021 INFO Current price: 0.000000187605 - Current percentage: 0.34% - Max: 1.90% - Min: -0.13% - Market Cap 38332 - Trading time: 00:02:45
06-09-2025 01:00:05.109 INFO Current price: 0.000000187621 - Current percentage: 0.33% - Max: 1.90% - Min: -0.13% - Market Cap 38330 - Trading time: 00:02:45
06-09-2025 01:00:06.879 INFO Current price: 0.000000187611 - Current percentage: 0.33% - Max: 1.90% - Min: -0.13% - Market Cap 38328 - Trading time: 00:02:46
06-09-2025 01:00:09.426 INFO Current price: 0.000000187610 - Current percentage: 0.33% - Max: 1.90% - Min: -0.13% - Market Cap 38330 - Trading time: 00:02:49
06-09-2025 01:00:09.997 INFO Current price: 0.000000187617 - Current percentage: 0.33% - Max: 1.90% - Min: -0.13% - Market Cap 38331 - Trading time: 00:02:49
06-09-2025 01:00:10.686 INFO Current price: 0.000000187651 - Current percentage: 0.37% - Max: 1.90% - Min: -0.13% - Market Cap 38344 - Trading time: 00:02:50
06-09-2025 01:00:12.357 INFO Current price: 0.000000187667 - Current percentage: 0.35% - Max: 1.90% - Min: -0.13% - Market Cap 38337 - Trading time: 00:02:52
06-09-2025 01:00:13.919 INFO Current price: 0.000000187650 - Current percentage: 0.35% - Max: 1.90% - Min: -0.13% - Market Cap 38337 - Trading time: 00:02:53
06-09-2025 01:00:15.398 INFO Current price: 0.000000187654 - Current percentage: 0.36% - Max: 1.90% - Min: -0.13% - Market Cap 38339 - Trading time: 00:02:55
06-09-2025 01:00:17.371 INFO Current price: 0.000000187640 - Current percentage: 0.34% - Max: 1.90% - Min: -0.13% - Market Cap 38331 - Trading time: 00:02:57
06-09-2025 01:00:18.302 INFO Current price: 0.000000187627 - Current percentage: 0.34% - Max: 1.90% - Min: -0.13% - Market Cap 38333 - Trading time: 00:02:58
06-09-2025 01:00:19.690 INFO Current price: 0.000000187631 - Current percentage: 0.34% - Max: 1.90% - Min: -0.13% - Market Cap 38333 - Trading time: 00:02:59
06-09-2025 01:00:20.861 INFO Current price: 0.000000187600 - Current percentage: 0.31% - Max: 1.90% - Min: -0.13% - Market Cap 38320 - Trading time: 00:03:00
06-09-2025 01:00:23.486 INFO Current price: 0.000000187564 - Current percentage: 0.30% - Max: 1.90% - Min: -0.13% - Market Cap 38318 - Trading time: 00:03:03
06-09-2025 01:00:23.489 INFO Current price: 0.000000187558 - Current percentage: 0.30% - Max: 1.90% - Min: -0.13% - Market Cap 38318 - Trading time: 00:03:03
06-09-2025 01:00:23.489 INFO Current price: 0.000000187553 - Current percentage: 0.30% - Max: 1.90% - Min: -0.13% - Market Cap 38316 - Trading time: 00:03:03
06-09-2025 01:00:23.496 INFO Current price: 0.000000187550 - Current percentage: 0.30% - Max: 1.90% - Min: -0.13% - Market Cap 38317 - Trading time: 00:03:03
06-09-2025 01:00:25.723 INFO Current price: 0.000000187551 - Current percentage: 0.30% - Max: 1.90% - Min: -0.13% - Market Cap 38316 - Trading time: 00:03:05
06-09-2025 01:00:25.980 INFO Current price: 0.000000187512 - Current percentage: 0.26% - Max: 1.90% - Min: -0.13% - Market Cap 38301 - Trading time: 00:03:05
06-09-2025 01:00:27.716 INFO Current price: 0.000000187477 - Current percentage: 0.26% - Max: 1.90% - Min: -0.13% - Market Cap 38302 - Trading time: 00:03:07
06-09-2025 01:00:29.898 INFO Current price: 0.000000187479 - Current percentage: 0.26% - Max: 1.90% - Min: -0.13% - Market Cap 38302 - Trading time: 00:03:09
06-09-2025 01:00:31.244 INFO Current price: 0.000000187471 - Current percentage: 0.25% - Max: 1.90% - Min: -0.13% - Market Cap 38299 - Trading time: 00:03:11
06-09-2025 01:00:31.702 INFO Current price: 0.000000187469 - Current percentage: 0.26% - Max: 1.90% - Min: -0.13% - Market Cap 38301 - Trading time: 00:03:11
06-09-2025 01:00:32.125 INFO Current price: 0.000000187456 - Current percentage: 0.24% - Max: 1.90% - Min: -0.13% - Market Cap 38294 - Trading time: 00:03:12
06-09-2025 01:00:33.634 INFO Current price: 0.000000187462 - Current percentage: 0.26% - Max: 1.90% - Min: -0.13% - Market Cap 38303 - Trading time: 00:03:13
06-09-2025 01:00:35.155 INFO Current price: 0.000000187448 - Current percentage: 0.22% - Max: 1.90% - Min: -0.13% - Market Cap 38288 - Trading time: 00:03:15
06-09-2025 01:00:35.307 INFO Current price: 0.000000187410 - Current percentage: 0.22% - Max: 1.90% - Min: -0.13% - Market Cap 38288 - Trading time: 00:03:15
06-09-2025 01:00:38.219 INFO Current price: 0.000000187355 - Current percentage: 0.16% - Max: 1.90% - Min: -0.13% - Market Cap 38265 - Trading time: 00:03:18
06-09-2025 01:00:41.356 INFO Current price: 0.000000187289 - Current percentage: 0.15% - Max: 1.90% - Min: -0.13% - Market Cap 38261 - Trading time: 00:03:21
06-09-2025 01:00:41.421 INFO Current price: 0.000000187282 - Current percentage: 0.16% - Max: 1.90% - Min: -0.13% - Market Cap 38262 - Trading time: 00:03:21
06-09-2025 01:00:42.139 INFO Current price: 0.000000187230 - Current percentage: 0.10% - Max: 1.90% - Min: -0.13% - Market Cap 38240 - Trading time: 00:03:22
06-09-2025 01:00:43.660 INFO Current price: 0.000000187165 - Current percentage: 0.09% - Max: 1.90% - Min: -0.13% - Market Cap 38236 - Trading time: 00:03:23
06-09-2025 01:00:44.267 INFO Current price: 0.000000187160 - Current percentage: 0.09% - Max: 1.90% - Min: -0.13% - Market Cap 38238 - Trading time: 00:03:24
06-09-2025 01:00:46.034 INFO Current price: 0.000000187467 - Current percentage: 0.41% - Max: 1.90% - Min: -0.13% - Market Cap 38361 - Trading time: 00:03:26
06-09-2025 01:00:46.035 INFO Current price: 0.000000187821 - Current percentage: 0.47% - Max: 1.90% - Min: -0.13% - Market Cap 38382 - Trading time: 00:03:26
06-09-2025 01:00:46.634 INFO Current price: 0.000000187902 - Current percentage: 0.50% - Max: 1.90% - Min: -0.13% - Market Cap 38394 - Trading time: 00:03:26
06-09-2025 01:00:47.252 INFO Current price: 0.000000187935 - Current percentage: 0.51% - Max: 1.90% - Min: -0.13% - Market Cap 38396 - Trading time: 00:03:27
06-09-2025 01:00:48.796 INFO Current price: 0.000000187943 - Current percentage: 0.51% - Max: 1.90% - Min: -0.13% - Market Cap 38398 - Trading time: 00:03:28
06-09-2025 01:00:50.718 INFO Current price: 0.000000187950 - Current percentage: 0.51% - Max: 1.90% - Min: -0.13% - Market Cap 38399 - Trading time: 00:03:30
06-09-2025 01:00:50.812 INFO Current price: 0.000000187941 - Current percentage: 0.50% - Max: 1.90% - Min: -0.13% - Market Cap 38394 - Trading time: 00:03:30
06-09-2025 01:00:54.712 INFO Current price: 0.000000187909 - Current percentage: 0.48% - Max: 1.90% - Min: -0.13% - Market Cap 38386 - Trading time: 00:03:34
06-09-2025 01:00:54.860 INFO Current price: 0.000000187886 - Current percentage: 0.48% - Max: 1.90% - Min: -0.13% - Market Cap 38384 - Trading time: 00:03:34
06-09-2025 01:00:57.305 INFO Current price: 0.000000187908 - Current percentage: 0.50% - Max: 1.90% - Min: -0.13% - Market Cap 38395 - Trading time: 00:03:37
06-09-2025 01:00:58.926 INFO Current price: 0.000000187915 - Current percentage: 0.48% - Max: 1.90% - Min: -0.13% - Market Cap 38387 - Trading time: 00:03:38
06-09-2025 01:01:00.846 INFO Current price: 0.000000187890 - Current percentage: 0.48% - Max: 1.90% - Min: -0.13% - Market Cap 38385 - Trading time: 00:03:40
06-09-2025 01:01:02.624 INFO Current price: 0.000000187881 - Current percentage: 0.47% - Max: 1.90% - Min: -0.13% - Market Cap 38383 - Trading time: 00:03:42
06-09-2025 01:01:03.462 INFO Current price: 0.000000187869 - Current percentage: 0.46% - Max: 1.90% - Min: -0.13% - Market Cap 38380 - Trading time: 00:03:43
06-09-2025 01:01:05.096 INFO Current price: 0.000000187870 - Current percentage: 0.47% - Max: 1.90% - Min: -0.13% - Market Cap 38384 - Trading time: 00:03:45
06-09-2025 01:01:05.340 INFO Current price: 0.000000187832 - Current percentage: 0.42% - Max: 1.90% - Min: -0.13% - Market Cap 38364 - Trading time: 00:03:45
06-09-2025 01:01:05.633 INFO Current price: 0.000000187755 - Current percentage: 0.39% - Max: 1.90% - Min: -0.13% - Market Cap 38352 - Trading time: 00:03:45
06-09-2025 01:01:06.303 INFO Current price: 0.000000187726 - Current percentage: 0.39% - Max: 1.90% - Min: -0.13% - Market Cap 38353 - Trading time: 00:03:46
06-09-2025 01:01:12.038 INFO Current price: 0.000000187728 - Current percentage: 0.39% - Max: 1.90% - Min: -0.13% - Market Cap 38353 - Trading time: 00:03:52
06-09-2025 01:01:12.368 INFO Current price: 0.000000187730 - Current percentage: 0.39% - Max: 1.90% - Min: -0.13% - Market Cap 38354 - Trading time: 00:03:52
06-09-2025 01:01:12.395 INFO Current price: 0.000000187734 - Current percentage: 0.40% - Max: 1.90% - Min: -0.13% - Market Cap 38355 - Trading time: 00:03:52
06-09-2025 01:01:12.551 INFO Current price: 0.000000187735 - Current percentage: 0.40% - Max: 1.90% - Min: -0.13% - Market Cap 38354 - Trading time: 00:03:52
06-09-2025 01:01:15.870 INFO Current price: 0.000000187737 - Current percentage: 0.40% - Max: 1.90% - Min: -0.13% - Market Cap 38355 - Trading time: 00:03:55
06-09-2025 01:01:16.676 INFO Current price: 0.000000187739 - Current percentage: 0.40% - Max: 1.90% - Min: -0.13% - Market Cap 38355 - Trading time: 00:03:56
06-09-2025 01:01:17.330 INFO Current price: 0.000000187715 - Current percentage: 0.37% - Max: 1.90% - Min: -0.13% - Market Cap 38346 - Trading time: 00:03:57
06-09-2025 01:01:19.752 INFO Current price: 0.000000187721 - Current percentage: 0.40% - Max: 1.90% - Min: -0.13% - Market Cap 38357 - Trading time: 00:03:59
06-09-2025 01:01:19.752 INFO Current price: 0.000000187758 - Current percentage: 0.41% - Max: 1.90% - Min: -0.13% - Market Cap 38361 - Trading time: 00:03:59
06-09-2025 01:01:20.277 INFO Current price: 0.000000187758 - Current percentage: 0.40% - Max: 1.90% - Min: -0.13% - Market Cap 38357 - Trading time: 00:04:00
06-09-2025 01:01:21.352 INFO Current price: 0.000000187750 - Current percentage: 0.40% - Max: 1.90% - Min: -0.13% - Market Cap 38357 - Trading time: 00:04:01
06-09-2025 01:01:21.930 INFO Current price: 0.000000187747 - Current percentage: 0.40% - Max: 1.90% - Min: -0.13% - Market Cap 38356 - Trading time: 00:04:01
06-09-2025 01:01:21.934 INFO Current price: 0.000000187771 - Current percentage: 0.43% - Max: 1.90% - Min: -0.13% - Market Cap 38368 - Trading time: 00:04:01
06-09-2025 01:01:23.209 INFO Current price: 0.000000187842 - Current percentage: 0.48% - Max: 1.90% - Min: -0.13% - Market Cap 38385 - Trading time: 00:04:03
06-09-2025 01:01:24.587 INFO Current price: 0.000000187857 - Current percentage: 0.45% - Max: 1.90% - Min: -0.13% - Market Cap 38374 - Trading time: 00:04:04
06-09-2025 01:01:26.571 INFO Current price: 0.000000187840 - Current percentage: 0.46% - Max: 1.90% - Min: -0.13% - Market Cap 38378 - Trading time: 00:04:06
06-09-2025 01:01:28.103 INFO Current price: 0.000000187856 - Current percentage: 0.46% - Max: 1.90% - Min: -0.13% - Market Cap 38380 - Trading time: 00:04:08
06-09-2025 01:01:28.790 INFO Current price: 0.000000187870 - Current percentage: 0.47% - Max: 1.90% - Min: -0.13% - Market Cap 38384 - Trading time: 00:04:08
06-09-2025 01:01:29.087 INFO Current price: 0.000000187877 - Current percentage: 0.47% - Max: 1.90% - Min: -0.13% - Market Cap 38383 - Trading time: 00:04:09
06-09-2025 01:01:31.419 INFO Current price: 0.000000187889 - Current percentage: 0.49% - Max: 1.90% - Min: -0.13% - Market Cap 38388 - Trading time: 00:04:11
06-09-2025 01:01:33.127 INFO Current price: 0.000000187876 - Current percentage: 0.46% - Max: 1.90% - Min: -0.13% - Market Cap 38378 - Trading time: 00:04:13
06-09-2025 01:01:33.211 INFO Current price: 0.000000187843 - Current percentage: 0.45% - Max: 1.90% - Min: -0.13% - Market Cap 38375 - Trading time: 00:04:13
06-09-2025 01:01:36.312 INFO Current price: 0.000000187861 - Current percentage: 0.48% - Max: 1.90% - Min: -0.13% - Market Cap 38385 - Trading time: 00:04:16
06-09-2025 01:01:36.526 INFO Current price: 0.000000187873 - Current percentage: 0.46% - Max: 1.90% - Min: -0.13% - Market Cap 38380 - Trading time: 00:04:16
06-09-2025 01:01:36.757 INFO Current price: 0.000000187868 - Current percentage: 0.47% - Max: 1.90% - Min: -0.13% - Market Cap 38383 - Trading time: 00:04:16
06-09-2025 01:01:40.475 INFO Current price: 0.000000187886 - Current percentage: 0.48% - Max: 1.90% - Min: -0.13% - Market Cap 38387 - Trading time: 00:04:20
06-09-2025 01:01:41.536 INFO Current price: 0.000000187892 - Current percentage: 0.48% - Max: 1.90% - Min: -0.13% - Market Cap 38386 - Trading time: 00:04:21
06-09-2025 01:01:41.930 INFO Current price: 0.000000187905 - Current percentage: 0.50% - Max: 1.90% - Min: -0.13% - Market Cap 38392 - Trading time: 00:04:21
06-09-2025 01:01:42.086 INFO Current price: 0.000000187941 - Current percentage: 0.52% - Max: 1.90% - Min: -0.13% - Market Cap 38400 - Trading time: 00:04:22
06-09-2025 01:01:43.803 INFO Current price: 0.000000187982 - Current percentage: 0.54% - Max: 1.90% - Min: -0.13% - Market Cap 38409 - Trading time: 00:04:23
06-09-2025 01:01:44.796 INFO Current price: 0.000000187994 - Current percentage: 0.53% - Max: 1.90% - Min: -0.13% - Market Cap 38405 - Trading time: 00:04:24
06-09-2025 01:01:46.066 INFO Current price: 0.000000187984 - Current percentage: 0.53% - Max: 1.90% - Min: -0.13% - Market Cap 38405 - Trading time: 00:04:26
06-09-2025 01:01:46.068 INFO Current price: 0.000000187985 - Current percentage: 0.53% - Max: 1.90% - Min: -0.13% - Market Cap 38406 - Trading time: 00:04:26
06-09-2025 01:01:46.158 INFO Current price: 0.000000187973 - Current percentage: 0.52% - Max: 1.90% - Min: -0.13% - Market Cap 38400 - Trading time: 00:04:26
06-09-2025 01:01:49.902 INFO Current price: 0.000000189227 - Current percentage: 1.88% - Max: 1.90% - Min: -0.13% - Market Cap 38920 - Trading time: 00:04:29
06-09-2025 01:01:51.490 INFO Current price: 0.000000191782 - Current percentage: 3.25% - Max: 3.25% - Min: -0.13% - Market Cap 39444 - Trading time: 00:04:31
06-09-2025 01:01:51.553 INFO Current price: 0.000000193071 - Current percentage: 3.25% - Max: 3.25% - Min: -0.13% - Market Cap 39445 - Trading time: 00:04:31
06-09-2025 01:01:52.685 INFO Current price: 0.000000193071 - Current percentage: 3.25% - Max: 3.25% - Min: -0.13% - Market Cap 39444 - Trading time: 00:04:32
06-09-2025 01:01:53.128 INFO Current price: 0.000000194354 - Current percentage: 4.63% - Max: 4.63% - Min: -0.13% - Market Cap 39971 - Trading time: 00:04:33
06-09-2025 01:01:54.240 INFO Current price: 0.000000195649 - Current percentage: 4.63% - Max: 4.63% - Min: -0.13% - Market Cap 39971 - Trading time: 00:04:34
06-09-2025 01:01:54.668 INFO Current price: 0.000000196944 - Current percentage: 6.02% - Max: 6.02% - Min: -0.13% - Market Cap 40502 - Trading time: 00:04:34
06-09-2025 01:01:54.672 INFO Current price: 0.000000199551 - Current percentage: 7.42% - Max: 7.42% - Min: -0.13% - Market Cap 41036 - Trading time: 00:04:34
06-09-2025 01:01:54.977 INFO Current price: 0.000000200857 - Current percentage: 7.41% - Max: 7.42% - Min: -0.13% - Market Cap 41034 - Trading time: 00:04:34
06-09-2025 01:01:56.321 INFO Current price: 0.000000202163 - Current percentage: 8.82% - Max: 8.82% - Min: -0.13% - Market Cap 41572 - Trading time: 00:04:36
06-09-2025 01:01:56.499 INFO Current price: 0.000000204804 - Current percentage: 10.24% - Max: 10.24% - Min: -0.13% - Market Cap 42113 - Trading time: 00:04:36
06-09-2025 01:01:56.724 INFO Current price: 0.000000206126 - Current percentage: 10.23% - Max: 10.24% - Min: -0.13% - Market Cap 42110 - Trading time: 00:04:36
06-09-2025 01:01:57.293 INFO Current price: 0.000000207447 - Current percentage: 11.65% - Max: 11.65% - Min: -0.13% - Market Cap 42655 - Trading time: 00:04:37
06-09-2025 01:01:58.669 INFO Current price: 0.000000208788 - Current percentage: 11.66% - Max: 11.66% - Min: -0.13% - Market Cap 42656 - Trading time: 00:04:38
06-09-2025 01:01:58.701 INFO Current price: 0.000000208796 - Current percentage: 11.66% - Max: 11.66% - Min: -0.13% - Market Cap 42658 - Trading time: 00:04:38
06-09-2025 01:01:59.492 INFO Current price: 0.000000210139 - Current percentage: 13.10% - Max: 13.10% - Min: -0.13% - Market Cap 43206 - Trading time: 00:04:39
06-09-2025 01:01:59.590 INFO Current price: 0.000000211546 - Current percentage: 13.16% - Max: 13.16% - Min: -0.13% - Market Cap 43231 - Trading time: 00:04:39
06-09-2025 01:01:59.642 INFO Current price: 0.000000212954 - Current percentage: 14.61% - Max: 14.61% - Min: -0.13% - Market Cap 43783 - Trading time: 00:04:39
06-09-2025 01:02:00.217 INFO Current price: 0.000000214325 - Current percentage: 14.63% - Max: 14.63% - Min: -0.13% - Market Cap 43790 - Trading time: 00:04:40
06-09-2025 01:02:01.016 INFO Current price: 0.000000214322 - Current percentage: 14.60% - Max: 14.63% - Min: -0.13% - Market Cap 43782 - Trading time: 00:04:41
06-09-2025 01:02:01.355 INFO Current price: 0.000000215658 - Current percentage: 16.06% - Max: 16.06% - Min: -0.13% - Market Cap 44338 - Trading time: 00:04:41
06-09-2025 01:02:01.427 INFO Current price: 0.000000217017 - Current percentage: 16.05% - Max: 16.06% - Min: -0.13% - Market Cap 44336 - Trading time: 00:04:41
06-09-2025 01:02:01.978 INFO Current price: 0.000000217009 - Current percentage: 16.05% - Max: 16.06% - Min: -0.13% - Market Cap 44334 - Trading time: 00:04:41
06-09-2025 01:02:02.101 INFO Current price: 0.000000218370 - Current percentage: 17.51% - Max: 17.51% - Min: -0.13% - Market Cap 44893 - Trading time: 00:04:42
06-09-2025 01:02:04.758 INFO Current price: 0.000000221115 - Current percentage: 18.99% - Max: 18.99% - Min: -0.13% - Market Cap 45456 - Trading time: 00:04:44
06-09-2025 01:02:05.748 INFO Current price: 0.000000222438 - Current percentage: 18.92% - Max: 18.99% - Min: -0.13% - Market Cap 45433 - Trading time: 00:04:45
06-09-2025 01:02:05.886 INFO Current price: 0.000000223762 - Current percentage: 20.41% - Max: 20.41% - Min: -0.13% - Market Cap 45998 - Trading time: 00:04:45
06-09-2025 01:02:05.899 INFO Current price: 0.000000226539 - Current percentage: 21.90% - Max: 21.90% - Min: -0.13% - Market Cap 46568 - Trading time: 00:04:45
06-09-2025 01:02:05.931 INFO Current price: 0.000000227940 - Current percentage: 21.90% - Max: 21.90% - Min: -0.13% - Market Cap 46569 - Trading time: 00:04:45
06-09-2025 01:02:06.626 INFO Current price: 0.000000229341 - Current percentage: 23.40% - Max: 23.40% - Min: -0.13% - Market Cap 47142 - Trading time: 00:04:46
06-09-2025 01:02:07.815 INFO Current price: 0.000000230759 - Current percentage: 23.41% - Max: 23.41% - Min: -0.13% - Market Cap 47146 - Trading time: 00:04:47
06-09-2025 01:02:08.992 INFO Current price: 0.000000230801 - Current percentage: 23.44% - Max: 23.44% - Min: -0.13% - Market Cap 47159 - Trading time: 00:04:48
06-09-2025 01:02:08.992 INFO Current price: 0.000000232239 - Current percentage: 24.95% - Max: 24.95% - Min: -0.13% - Market Cap 47735 - Trading time: 00:04:48
06-09-2025 01:02:09.198 INFO Current price: 0.000000235069 - Current percentage: 26.47% - Max: 26.47% - Min: -0.13% - Market Cap 48315 - Trading time: 00:04:49
06-09-2025 01:02:10.836 INFO Current price: 0.000000237916 - Current percentage: 28.00% - Max: 28.00% - Min: -0.13% - Market Cap 48899 - Trading time: 00:04:50
06-09-2025 01:02:12.779 INFO Current price: 0.000000240780 - Current percentage: 29.53% - Max: 29.53% - Min: -0.13% - Market Cap 49486 - Trading time: 00:04:52
06-09-2025 01:02:12.779 INFO Current price: 0.000000242249 - Current percentage: 29.56% - Max: 29.56% - Min: -0.13% - Market Cap 49497 - Trading time: 00:04:52
06-09-2025 01:02:12.880 INFO Current price: 0.000000242273 - Current percentage: 29.56% - Max: 29.56% - Min: -0.13% - Market Cap 49496 - Trading time: 00:04:52
06-09-2025 01:02:12.880 INFO Current price: 0.000000243710 - Current percentage: 31.11% - Max: 31.11% - Min: -0.13% - Market Cap 50086 - Trading time: 00:04:52
06-09-2025 01:02:14.032 INFO Current price: 0.000000245158 - Current percentage: 31.11% - Max: 31.11% - Min: -0.13% - Market Cap 50086 - Trading time: 00:04:54
06-09-2025 01:02:14.881 INFO Current price: 0.000000246608 - Current percentage: 32.66% - Max: 32.66% - Min: -0.13% - Market Cap 50680 - Trading time: 00:04:54
06-09-2025 01:02:15.563 INFO Current price: 0.000000249524 - Current percentage: 34.22% - Max: 34.22% - Min: -0.13% - Market Cap 51277 - Trading time: 00:04:55
06-09-2025 01:02:15.773 INFO Current price: 0.000000250950 - Current percentage: 34.18% - Max: 34.22% - Min: -0.13% - Market Cap 51261 - Trading time: 00:04:55
06-09-2025 01:02:15.782 INFO Current price: 0.000000250917 - Current percentage: 34.19% - Max: 34.22% - Min: -0.13% - Market Cap 51264 - Trading time: 00:04:55
06-09-2025 01:02:15.812 INFO Current price: 0.000000250878 - Current percentage: 34.14% - Max: 34.22% - Min: -0.13% - Market Cap 51245 - Trading time: 00:04:55
06-09-2025 01:02:16.908 INFO Current price: 0.000000252297 - Current percentage: 35.71% - Max: 35.71% - Min: -0.13% - Market Cap 51846 - Trading time: 00:04:56
06-09-2025 01:02:17.163 INFO Current price: 0.000000255246 - Current percentage: 37.29% - Max: 37.29% - Min: -0.13% - Market Cap 52450 - Trading time: 00:04:57
06-09-2025 01:02:17.166 INFO Current price: 0.000000256649 - Current percentage: 37.21% - Max: 37.29% - Min: -0.13% - Market Cap 52417 - Trading time: 00:04:57
06-09-2025 01:02:18.296 INFO Current price: 0.000000256567 - Current percentage: 37.21% - Max: 37.29% - Min: -0.13% - Market Cap 52417 - Trading time: 00:04:58
06-09-2025 01:02:19.199 INFO Current price: 0.000000256509 - Current percentage: 37.14% - Max: 37.29% - Min: -0.13% - Market Cap 52393 - Trading time: 00:04:59






06-09-2025 01:02:20.009 INFO {"type":"summary","reason":"max_window","startedAt":"2025-09-05T22:57:20.009Z","endedAt":"2025-09-05T23:02:20.009Z","durationSec":300,"entryPrice":1.930852417214237e-7,"entryMarketCapSol":186.99381688731242,"entryMarketCapUsd":38202.83679007793,"minPct":-0.12574250904473444,"maxPct":37.29304265249371,"buyCount":151,"sellCount":119,"tradeCount":270,"entryRecorded":true,"noPostThresholdTrades":false,"triggerAt":"2025-09-05T22:57:20.009Z","ageAtTriggerSec":3057,"preTotalTrades":2593,"preBuys":1430,"preSells":1163,"preUniqueTraders":221,"preEntryTotalTrades":2595,"preEntryBuys":1432,"preEntrySells":1163,"preEntryUniqueTraders":222,"preEntryMinMcUsd":6612.371391510527,"preEntryMaxMcUsd":43938.46471165021,"thresholdMcSol":186.99381688731242,"thresholdMcUsd":38202.83679007793,"thresholdPrice":1.930852417214237e-7}
