06-09-2025 14:50:20.296 INFO Entry price: 0.000000051984261897 - Entry market cap: 9891 - Buys 36 - Sells 18 - Ratio: 1:0.50 - Min MarketCap: 8249 - Max MarketCap: 12618
06-09-2025 14:50:20.296 INFO Current price: 0.000000051984 - Current percentage: 0.00% - Max: 0.00% - Min: 0.00% - Market Cap 9891 - Trading time: 00:00:02
06-09-2025 14:50:20.678 INFO Current price: 0.000000041428 - Current percentage: -16.22% - Max: 0.00% - Min: -16.22% - Market Cap 8287 - Trading time: 00:00:02
06-09-2025 14:50:21.057 INFO Current price: 0.000000041104 - Current percentage: -15.53% - Max: 0.00% - Min: -16.22% - Market Cap 8355 - Trading time: 00:00:02
06-09-2025 14:50:21.204 INFO Current price: 0.000000040804 - Current percentage: -17.43% - Max: 0.00% - Min: -17.43% - Market Cap 8166 - Trading time: 00:00:02
06-09-2025 14:50:21.251 INFO Current price: 0.000000040451 - Current percentage: -16.99% - Max: 0.00% - Min: -17.43% - Market Cap 8211 - Trading time: 00:00:02
06-09-2025 14:50:21.395 INFO Current price: 0.000000040719 - Current percentage: -16.34% - Max: 0.00% - Min: -17.43% - Market Cap 8275 - Trading time: 00:00:03
06-09-2025 14:50:21.672 INFO Current price: 0.000000040877 - Current percentage: -16.34% - Max: 0.00% - Min: -17.43% - Market Cap 8274 - Trading time: 00:00:03
06-09-2025 14:50:21.771 INFO Current price: 0.000000040955 - Current percentage: -16.02% - Max: 0.00% - Min: -17.43% - Market Cap 8307 - Trading time: 00:00:03
06-09-2025 14:50:21.799 INFO Current price: 0.000000041079 - Current percentage: -15.84% - Max: 0.00% - Min: -17.43% - Market Cap 8325 - Trading time: 00:00:03
06-09-2025 14:50:23.212 INFO Current price: 0.000000040921 - Current percentage: -16.66% - Max: 0.00% - Min: -17.43% - Market Cap 8243 - Trading time: 00:00:04
06-09-2025 14:50:23.389 INFO Current price: 0.000000041272 - Current percentage: -14.39% - Max: 0.00% - Min: -17.43% - Market Cap 8468 - Trading time: 00:00:05
06-09-2025 14:50:23.653 INFO Current price: 0.000000042967 - Current percentage: -9.67% - Max: 0.00% - Min: -17.43% - Market Cap 8934 - Trading time: 00:00:05
06-09-2025 14:50:23.891 INFO Current price: 0.000000044136 - Current percentage: -9.67% - Max: 0.00% - Min: -17.43% - Market Cap 8935 - Trading time: 00:00:05
06-09-2025 14:50:24.077 INFO Current price: 0.000000044424 - Current percentage: -8.49% - Max: 0.00% - Min: -17.43% - Market Cap 9051 - Trading time: 00:00:05
06-09-2025 14:50:25.103 INFO Current price: 0.000000044829 - Current percentage: -8.02% - Max: 0.00% - Min: -17.43% - Market Cap 9098 - Trading time: 00:00:06
06-09-2025 14:50:27.983 INFO Current price: 0.000000045529 - Current percentage: -5.61% - Max: 0.00% - Min: -17.43% - Market Cap 9336 - Trading time: 00:00:09
06-09-2025 14:50:28.158 INFO Current price: 0.000000046423 - Current percentage: -4.37% - Max: 0.00% - Min: -17.43% - Market Cap 9459 - Trading time: 00:00:09
06-09-2025 14:50:28.428 INFO Current price: 0.000000046699 - Current percentage: -4.48% - Max: 0.00% - Min: -17.43% - Market Cap 9448 - Trading time: 00:00:10
06-09-2025 14:50:29.232 INFO Current price: 0.000000047852 - Current percentage: 0.41% - Max: 0.41% - Min: -17.43% - Market Cap 9932 - Trading time: 00:00:10
06-09-2025 14:50:29.375 INFO Current price: 0.000000049665 - Current percentage: 2.90% - Max: 2.90% - Min: -17.43% - Market Cap 10177 - Trading time: 00:00:11
06-09-2025 14:50:29.689 INFO Current price: 0.000000050275 - Current percentage: 2.89% - Max: 2.90% - Min: -17.43% - Market Cap 10177 - Trading time: 00:00:11
06-09-2025 14:50:29.696 INFO Current price: 0.000000050166 - Current percentage: 2.45% - Max: 2.90% - Min: -17.43% - Market Cap 10133 - Trading time: 00:00:11
06-09-2025 14:50:29.701 INFO Current price: 0.000000049843 - Current percentage: 1.57% - Max: 2.90% - Min: -17.43% - Market Cap 10047 - Trading time: 00:00:11
06-09-2025 14:50:29.869 INFO Current price: 0.000000049629 - Current percentage: 1.57% - Max: 2.90% - Min: -17.43% - Market Cap 10046 - Trading time: 00:00:11
06-09-2025 14:50:30.111 INFO Current price: 0.000000050842 - Current percentage: 6.60% - Max: 6.60% - Min: -17.43% - Market Cap 10544 - Trading time: 00:00:11
06-09-2025 14:50:30.511 INFO Current price: 0.000000052213 - Current percentage: 7.12% - Max: 7.12% - Min: -17.43% - Market Cap 10595 - Trading time: 00:00:12
06-09-2025 14:50:30.704 INFO Current price: 0.000000051948 - Current percentage: 5.52% - Max: 7.12% - Min: -17.43% - Market Cap 10437 - Trading time: 00:00:12
06-09-2025 14:50:30.762 INFO Current price: 0.000000051570 - Current percentage: 5.57% - Max: 7.12% - Min: -17.43% - Market Cap 10442 - Trading time: 00:00:12
06-09-2025 14:50:31.394 INFO Current price: 0.000000051588 - Current percentage: 5.60% - Max: 7.12% - Min: -17.43% - Market Cap 10444 - Trading time: 00:00:13
06-09-2025 14:50:32.262 INFO Current price: 0.000000051657 - Current percentage: 5.85% - Max: 7.12% - Min: -17.43% - Market Cap 10469 - Trading time: 00:00:13
06-09-2025 14:50:32.274 INFO Current price: 0.000000051975 - Current percentage: 6.90% - Max: 7.12% - Min: -17.43% - Market Cap 10574 - Trading time: 00:00:13
06-09-2025 14:50:32.395 INFO Current price: 0.000000052872 - Current percentage: 9.53% - Max: 9.53% - Min: -17.43% - Market Cap 10834 - Trading time: 00:00:14
06-09-2025 14:50:33.330 INFO Current price: 0.000000053644 - Current percentage: 10.05% - Max: 10.05% - Min: -17.43% - Market Cap 10885 - Trading time: 00:00:15
06-09-2025 14:50:33.970 INFO Current price: 0.000000055671 - Current percentage: 17.96% - Max: 17.96% - Min: -17.43% - Market Cap 11668 - Trading time: 00:00:15
06-09-2025 14:50:34.057 INFO Current price: 0.000000059749 - Current percentage: 26.76% - Max: 26.76% - Min: -17.43% - Market Cap 12538 - Trading time: 00:00:15
06-09-2025 14:50:34.434 INFO Current price: 0.000000061629 - Current percentage: 25.51% - Max: 26.76% - Min: -17.43% - Market Cap 12414 - Trading time: 00:00:16
06-09-2025 14:50:34.744 INFO Current price: 0.000000062662 - Current percentage: 31.05% - Max: 31.05% - Min: -17.43% - Market Cap 12962 - Trading time: 00:00:16
06-09-2025 14:50:35.756 INFO Current price: 0.000000063063 - Current percentage: 27.12% - Max: 31.05% - Min: -17.43% - Market Cap 12573 - Trading time: 00:00:17
06-09-2025 14:50:36.165 INFO Current price: 0.000000061946 - Current percentage: 26.44% - Max: 31.05% - Min: -17.43% - Market Cap 12506 - Trading time: 00:00:17
06-09-2025 14:50:36.225 INFO Current price: 0.000000062024 - Current percentage: 27.44% - Max: 31.05% - Min: -17.43% - Market Cap 12605 - Trading time: 00:00:17
06-09-2025 14:50:36.229 INFO Current price: 0.000000062059 - Current percentage: 26.59% - Max: 31.05% - Min: -17.43% - Market Cap 12520 - Trading time: 00:00:17
06-09-2025 14:50:36.848 INFO Current price: 0.000000060872 - Current percentage: 22.61% - Max: 31.05% - Min: -17.43% - Market Cap 12127 - Trading time: 00:00:18
06-09-2025 14:50:37.085 INFO Current price: 0.000000060562 - Current percentage: 25.30% - Max: 31.05% - Min: -17.43% - Market Cap 12393 - Trading time: 00:00:18
06-09-2025 14:50:37.408 INFO Current price: 0.000000061560 - Current percentage: 26.69% - Max: 31.05% - Min: -17.43% - Market Cap 12530 - Trading time: 00:00:19
06-09-2025 14:50:38.263 INFO Current price: 0.000000061906 - Current percentage: 26.71% - Max: 31.05% - Min: -17.43% - Market Cap 12533 - Trading time: 00:00:19
06-09-2025 14:50:39.010 INFO Current price: 0.000000061914 - Current percentage: 26.72% - Max: 31.05% - Min: -17.43% - Market Cap 12534 - Trading time: 00:00:20
06-09-2025 14:50:39.110 INFO Current price: 0.000000062051 - Current percentage: 27.27% - Max: 31.05% - Min: -17.43% - Market Cap 12589 - Trading time: 00:00:20
06-09-2025 14:50:39.388 INFO Current price: 0.000000061723 - Current percentage: 25.38% - Max: 31.05% - Min: -17.43% - Market Cap 12401 - Trading time: 00:00:21
06-09-2025 14:50:39.505 INFO Current price: 0.000000060798 - Current percentage: 23.49% - Max: 31.05% - Min: -17.43% - Market Cap 12214 - Trading time: 00:00:21
06-09-2025 14:50:40.201 INFO Current price: 0.000000060599 - Current percentage: 24.56% - Max: 31.05% - Min: -17.43% - Market Cap 12320 - Trading time: 00:00:21
06-09-2025 14:50:40.287 INFO Current price: 0.000000062220 - Current percentage: 30.19% - Max: 31.05% - Min: -17.43% - Market Cap 12877 - Trading time: 00:00:21
06-09-2025 14:50:40.728 INFO Current price: 0.000000063585 - Current percentage: 30.08% - Max: 31.05% - Min: -17.43% - Market Cap 12866 - Trading time: 00:00:22
06-09-2025 14:50:41.307 INFO Current price: 0.000000063557 - Current percentage: 30.07% - Max: 31.05% - Min: -17.43% - Market Cap 12865 - Trading time: 00:00:23
06-09-2025 14:50:41.401 INFO Current price: 0.000000064249 - Current percentage: 32.93% - Max: 32.93% - Min: -17.43% - Market Cap 13148 - Trading time: 00:00:23
06-09-2025 14:50:41.464 INFO Current price: 0.000000065022 - Current percentage: 33.22% - Max: 33.22% - Min: -17.43% - Market Cap 13176 - Trading time: 00:00:23
06-09-2025 14:50:44.139 INFO Current price: 0.000000065251 - Current percentage: 33.87% - Max: 33.87% - Min: -17.43% - Market Cap 13241 - Trading time: 00:00:25
06-09-2025 14:50:44.957 INFO Current price: 0.000000065620 - Current percentage: 34.73% - Max: 34.73% - Min: -17.43% - Market Cap 13326 - Trading time: 00:00:26
06-09-2025 14:50:45.231 INFO Current price: 0.000000065837 - Current percentage: 34.76% - Max: 34.76% - Min: -17.43% - Market Cap 13329 - Trading time: 00:00:26
06-09-2025 14:50:45.785 INFO Current price: 0.000000067246 - Current percentage: 40.56% - Max: 40.56% - Min: -17.43% - Market Cap 13902 - Trading time: 00:00:27
06-09-2025 14:50:45.952 INFO Current price: 0.000000068751 - Current percentage: 40.86% - Max: 40.86% - Min: -17.43% - Market Cap 13932 - Trading time: 00:00:27
06-09-2025 14:50:45.961 INFO Current price: 0.000000069580 - Current percentage: 43.97% - Max: 43.97% - Min: -17.43% - Market Cap 14240 - Trading time: 00:00:27
06-09-2025 14:50:46.554 INFO Current price: 0.000000068278 - Current percentage: 35.63% - Max: 43.97% - Min: -17.43% - Market Cap 13415 - Trading time: 00:00:28
06-09-2025 14:50:47.534 INFO Current price: 0.000000066293 - Current percentage: 35.72% - Max: 43.97% - Min: -17.43% - Market Cap 13424 - Trading time: 00:00:29
06-09-2025 14:50:48.160 INFO Current price: 0.000000065570 - Current percentage: 32.69% - Max: 43.97% - Min: -17.43% - Market Cap 13124 - Trading time: 00:00:29
06-09-2025 14:50:48.164 INFO Current price: 0.000000065125 - Current percentage: 33.89% - Max: 43.97% - Min: -17.43% - Market Cap 13243 - Trading time: 00:00:29
06-09-2025 14:50:49.239 INFO Current price: 0.000000064732 - Current percentage: 31.09% - Max: 43.97% - Min: -17.43% - Market Cap 12966 - Trading time: 00:00:30
06-09-2025 14:50:50.512 INFO Current price: 0.000000064191 - Current percentage: 31.66% - Max: 43.97% - Min: -17.43% - Market Cap 13022 - Trading time: 00:00:32
06-09-2025 14:50:51.246 INFO Current price: 0.000000065714 - Current percentage: 37.39% - Max: 43.97% - Min: -17.43% - Market Cap 13589 - Trading time: 00:00:32
06-09-2025 14:50:51.498 INFO Current price: 0.000000066913 - Current percentage: 36.51% - Max: 43.97% - Min: -17.43% - Market Cap 13502 - Trading time: 00:00:33
06-09-2025 14:50:51.717 INFO Current price: 0.000000064902 - Current percentage: 29.25% - Max: 43.97% - Min: -17.43% - Market Cap 12784 - Trading time: 00:00:33
06-09-2025 14:50:52.240 INFO Current price: 0.000000063291 - Current percentage: 29.81% - Max: 43.97% - Min: -17.43% - Market Cap 12840 - Trading time: 00:00:33
06-09-2025 14:50:52.394 INFO Current price: 0.000000063566 - Current percentage: 30.38% - Max: 43.97% - Min: -17.43% - Market Cap 12895 - Trading time: 00:00:34
06-09-2025 14:50:53.265 INFO Current price: 0.000000063717 - Current percentage: 30.43% - Max: 43.97% - Min: -17.43% - Market Cap 12901 - Trading time: 00:00:34
06-09-2025 14:50:53.475 INFO Current price: 0.000000063479 - Current percentage: 29.40% - Max: 43.97% - Min: -17.43% - Market Cap 12799 - Trading time: 00:00:35
06-09-2025 14:50:53.576 INFO Current price: 0.000000063433 - Current percentage: 30.25% - Max: 43.97% - Min: -17.43% - Market Cap 12882 - Trading time: 00:00:35
06-09-2025 14:50:54.227 INFO Current price: 0.000000063486 - Current percentage: 29.62% - Max: 43.97% - Min: -17.43% - Market Cap 12820 - Trading time: 00:00:35
06-09-2025 14:50:54.257 INFO Current price: 0.000000063360 - Current percentage: 29.73% - Max: 43.97% - Min: -17.43% - Market Cap 12831 - Trading time: 00:00:35
06-09-2025 14:50:54.952 INFO Current price: 0.000000064082 - Current percentage: 32.59% - Max: 43.97% - Min: -17.43% - Market Cap 13114 - Trading time: 00:00:36
06-09-2025 14:50:56.250 INFO Current price: 0.000000065024 - Current percentage: 33.57% - Max: 43.97% - Min: -17.43% - Market Cap 13212 - Trading time: 00:00:37
06-09-2025 14:50:56.772 INFO Current price: 0.000000066660 - Current percentage: 39.35% - Max: 43.97% - Min: -17.43% - Market Cap 13783 - Trading time: 00:00:38
06-09-2025 14:50:56.783 INFO Current price: 0.000000071092 - Current percentage: 51.93% - Max: 51.93% - Min: -17.43% - Market Cap 15027 - Trading time: 00:00:38
06-09-2025 14:50:57.165 INFO Current price: 0.000000077239 - Current percentage: 64.48% - Max: 64.48% - Min: -17.43% - Market Cap 16269 - Trading time: 00:00:38
06-09-2025 14:50:57.306 INFO Current price: 0.000000080362 - Current percentage: 64.46% - Max: 64.48% - Min: -17.43% - Market Cap 16267 - Trading time: 00:00:39
06-09-2025 14:50:58.797 INFO Current price: 0.000000080164 - Current percentage: 63.67% - Max: 64.48% - Min: -17.43% - Market Cap 16189 - Trading time: 00:00:40
06-09-2025 14:50:59.076 INFO Current price: 0.000000079010 - Current percentage: 59.76% - Max: 64.48% - Min: -17.43% - Market Cap 15802 - Trading time: 00:00:40
06-09-2025 14:50:59.571 INFO Current price: 0.000000077344 - Current percentage: 56.85% - Max: 64.48% - Min: -17.43% - Market Cap 15513 - Trading time: 00:00:41
06-09-2025 14:51:00.215 INFO Current price: 0.000000076836 - Current percentage: 57.67% - Max: 64.48% - Min: -17.43% - Market Cap 15594 - Trading time: 00:00:41
06-09-2025 14:51:00.333 INFO Current price: 0.000000076634 - Current percentage: 56.02% - Max: 64.48% - Min: -17.43% - Market Cap 15432 - Trading time: 00:00:42
06-09-2025 14:51:00.458 INFO Current price: 0.000000074560 - Current percentage: 49.25% - Max: 64.48% - Min: -17.43% - Market Cap 14762 - Trading time: 00:00:42
06-09-2025 14:51:01.120 INFO Current price: 0.000000071323 - Current percentage: 42.77% - Max: 64.48% - Min: -17.43% - Market Cap 14121 - Trading time: 00:00:42
06-09-2025 14:51:01.783 INFO Current price: 0.000000069599 - Current percentage: 42.12% - Max: 64.48% - Min: -17.43% - Market Cap 14057 - Trading time: 00:00:43
06-09-2025 14:51:02.257 INFO Current price: 0.000000070873 - Current percentage: 48.04% - Max: 64.48% - Min: -17.43% - Market Cap 14643 - Trading time: 00:00:43
06-09-2025 14:51:02.398 INFO Current price: 0.000000071995 - Current percentage: 46.65% - Max: 64.48% - Min: -17.43% - Market Cap 14505 - Trading time: 00:00:44
06-09-2025 14:51:02.992 INFO Current price: 0.000000071801 - Current percentage: 47.25% - Max: 64.48% - Min: -17.43% - Market Cap 14564 - Trading time: 00:00:44
06-09-2025 14:51:04.098 INFO Current price: 0.000000072687 - Current percentage: 50.30% - Max: 64.48% - Min: -17.43% - Market Cap 14865 - Trading time: 00:00:45
06-09-2025 14:51:04.315 INFO Current price: 0.000000073750 - Current percentage: 51.59% - Max: 64.48% - Min: -17.43% - Market Cap 14993 - Trading time: 00:00:46
06-09-2025 14:51:06.099 INFO Current price: 0.000000074279 - Current percentage: 52.46% - Max: 64.48% - Min: -17.43% - Market Cap 15080 - Trading time: 00:00:47
06-09-2025 14:51:07.181 INFO Current price: 0.000000074339 - Current percentage: 51.83% - Max: 64.48% - Min: -17.43% - Market Cap 15017 - Trading time: 00:00:48
06-09-2025 14:51:07.703 INFO Current price: 0.000000074124 - Current percentage: 51.58% - Max: 64.48% - Min: -17.43% - Market Cap 14992 - Trading time: 00:00:49
06-09-2025 14:51:08.265 INFO Current price: 0.000000074503 - Current percentage: 53.39% - Max: 64.48% - Min: -17.43% - Market Cap 15171 - Trading time: 00:00:49
06-09-2025 14:51:09.536 INFO Current price: 0.000000074771 - Current percentage: 52.67% - Max: 64.48% - Min: -17.43% - Market Cap 15100 - Trading time: 00:00:51
06-09-2025 14:51:10.617 INFO Current price: 0.000000073065 - Current percentage: 46.47% - Max: 64.48% - Min: -17.43% - Market Cap 14487 - Trading time: 00:00:52
06-09-2025 14:51:10.703 INFO Current price: 0.000000071464 - Current percentage: 46.06% - Max: 64.48% - Min: -17.43% - Market Cap 14446 - Trading time: 00:00:52
06-09-2025 14:51:11.561 INFO Current price: 0.000000071509 - Current percentage: 46.65% - Max: 64.48% - Min: -17.43% - Market Cap 14505 - Trading time: 00:00:53
06-09-2025 14:51:11.843 INFO Current price: 0.000000070276 - Current percentage: 41.06% - Max: 64.48% - Min: -17.43% - Market Cap 13952 - Trading time: 00:00:53
06-09-2025 14:51:12.392 INFO Current price: 0.000000069208 - Current percentage: 42.23% - Max: 64.48% - Min: -17.43% - Market Cap 14068 - Trading time: 00:00:54
06-09-2025 14:51:12.951 INFO Current price: 0.000000070222 - Current percentage: 45.22% - Max: 64.48% - Min: -17.43% - Market Cap 14364 - Trading time: 00:00:54
06-09-2025 14:51:13.215 INFO Current price: 0.000000070780 - Current percentage: 44.50% - Max: 64.48% - Min: -17.43% - Market Cap 14292 - Trading time: 00:00:54
06-09-2025 14:51:14.230 INFO Current price: 0.000000070197 - Current percentage: 42.84% - Max: 64.48% - Min: -17.43% - Market Cap 14128 - Trading time: 00:00:55
06-09-2025 14:51:16.195 INFO Current price: 0.000000070180 - Current percentage: 44.43% - Max: 64.48% - Min: -17.43% - Market Cap 14285 - Trading time: 00:00:57
06-09-2025 14:51:17.416 INFO Current price: 0.000000070489 - Current percentage: 44.11% - Max: 64.48% - Min: -17.43% - Market Cap 14253 - Trading time: 00:00:59
06-09-2025 14:51:17.502 INFO Current price: 0.000000071141 - Current percentage: 47.11% - Max: 64.48% - Min: -17.43% - Market Cap 14551 - Trading time: 00:00:59
06-09-2025 14:51:18.067 INFO Current price: 0.000000071801 - Current percentage: 46.79% - Max: 64.48% - Min: -17.43% - Market Cap 14519 - Trading time: 00:00:59
06-09-2025 14:51:18.284 INFO Current price: 0.000000071801 - Current percentage: 47.11% - Max: 64.48% - Min: -17.43% - Market Cap 14550 - Trading time: 00:00:59
06-09-2025 14:51:18.755 INFO Current price: 0.000000073347 - Current percentage: 53.18% - Max: 64.48% - Min: -17.43% - Market Cap 15151 - Trading time: 00:01:00
06-09-2025 14:51:20.625 INFO Current price: 0.000000073074 - Current percentage: 46.02% - Max: 64.48% - Min: -17.43% - Market Cap 14442 - Trading time: 00:01:02
06-09-2025 14:51:21.724 INFO Current price: 0.000000070629 - Current percentage: 43.10% - Max: 64.48% - Min: -17.43% - Market Cap 14154 - Trading time: 00:01:03
06-09-2025 14:51:22.202 INFO Current price: 0.000000069201 - Current percentage: 40.17% - Max: 64.48% - Min: -17.43% - Market Cap 13864 - Trading time: 00:01:03
06-09-2025 14:51:24.223 INFO Current price: 0.000000068898 - Current percentage: 41.85% - Max: 64.48% - Min: -17.43% - Market Cap 14030 - Trading time: 00:01:05
06-09-2025 14:51:24.387 INFO Current price: 0.000000070764 - Current percentage: 47.87% - Max: 64.48% - Min: -17.43% - Market Cap 14625 - Trading time: 00:01:06
06-09-2025 14:51:24.671 INFO Current price: 0.000000071848 - Current percentage: 46.23% - Max: 64.48% - Min: -17.43% - Market Cap 14463 - Trading time: 00:01:06
06-09-2025 14:51:24.977 INFO Current price: 0.000000071150 - Current percentage: 45.01% - Max: 64.48% - Min: -17.43% - Market Cap 14343 - Trading time: 00:01:06
06-09-2025 14:51:24.986 INFO Current price: 0.000000070852 - Current percentage: 45.01% - Max: 64.48% - Min: -17.43% - Market Cap 14342 - Trading time: 00:01:06
06-09-2025 14:51:26.447 INFO Current price: 0.000000071585 - Current percentage: 48.03% - Max: 64.48% - Min: -17.43% - Market Cap 14641 - Trading time: 00:01:08
06-09-2025 14:51:27.797 INFO Current price: 0.000000071582 - Current percentage: 44.99% - Max: 64.48% - Min: -17.43% - Market Cap 14341 - Trading time: 00:01:09
06-09-2025 14:51:28.415 INFO Current price: 0.000000069863 - Current percentage: 41.00% - Max: 64.48% - Min: -17.43% - Market Cap 13946 - Trading time: 00:01:10
06-09-2025 14:51:29.140 INFO Current price: 0.000000067368 - Current percentage: 34.82% - Max: 64.48% - Min: -17.43% - Market Cap 13335 - Trading time: 00:01:10
06-09-2025 14:51:29.605 INFO Current price: 0.000000064659 - Current percentage: 29.89% - Max: 64.48% - Min: -17.43% - Market Cap 12847 - Trading time: 00:01:11
06-09-2025 14:51:29.687 INFO Current price: 0.000000063664 - Current percentage: 30.71% - Max: 64.48% - Min: -17.43% - Market Cap 12928 - Trading time: 00:01:11
06-09-2025 14:51:29.793 INFO Current price: 0.000000065202 - Current percentage: 36.24% - Max: 64.48% - Min: -17.43% - Market Cap 13475 - Trading time: 00:01:11
06-09-2025 14:51:30.637 INFO Current price: 0.000000066708 - Current percentage: 36.82% - Max: 64.48% - Min: -17.43% - Market Cap 13532 - Trading time: 00:01:12
06-09-2025 14:51:30.642 INFO Current price: 0.000000066947 - Current percentage: 37.22% - Max: 64.48% - Min: -17.43% - Market Cap 13572 - Trading time: 00:01:12
06-09-2025 14:51:31.000 INFO Current price: 0.000000067766 - Current percentage: 40.18% - Max: 64.48% - Min: -17.43% - Market Cap 13865 - Trading time: 00:01:12
06-09-2025 14:51:31.204 INFO Current price: 0.000000067121 - Current percentage: 34.62% - Max: 64.48% - Min: -17.43% - Market Cap 13315 - Trading time: 00:01:12
06-09-2025 14:51:32.171 INFO Current price: 0.000000066063 - Current percentage: 35.80% - Max: 64.48% - Min: -17.43% - Market Cap 13432 - Trading time: 00:01:13
06-09-2025 14:51:33.277 INFO Current price: 0.000000066133 - Current percentage: 34.90% - Max: 64.48% - Min: -17.43% - Market Cap 13343 - Trading time: 00:01:14
06-09-2025 14:51:35.186 INFO Current price: 0.000000065533 - Current percentage: 33.35% - Max: 64.48% - Min: -17.43% - Market Cap 13189 - Trading time: 00:01:16
06-09-2025 14:51:35.276 INFO Current price: 0.000000066533 - Current percentage: 39.05% - Max: 64.48% - Min: -17.43% - Market Cap 13753 - Trading time: 00:01:16
06-09-2025 14:51:35.998 INFO Current price: 0.000000066532 - Current percentage: 33.34% - Max: 64.48% - Min: -17.43% - Market Cap 13189 - Trading time: 00:01:17
06-09-2025 14:51:36.325 INFO Current price: 0.000000065346 - Current percentage: 34.14% - Max: 64.48% - Min: -17.43% - Market Cap 13267 - Trading time: 00:01:18
06-09-2025 14:51:36.518 INFO Current price: 0.000000066935 - Current percentage: 39.91% - Max: 64.48% - Min: -17.43% - Market Cap 13838 - Trading time: 00:01:18
06-09-2025 14:51:37.759 INFO Current price: 0.000000068374 - Current percentage: 39.97% - Max: 64.48% - Min: -17.43% - Market Cap 13844 - Trading time: 00:01:19
06-09-2025 14:51:38.368 INFO Current price: 0.000000067079 - Current percentage: 34.66% - Max: 64.48% - Min: -17.43% - Market Cap 13319 - Trading time: 00:01:20
06-09-2025 14:51:39.090 INFO Current price: 0.000000064453 - Current percentage: 29.22% - Max: 64.48% - Min: -17.43% - Market Cap 12781 - Trading time: 00:01:20
06-09-2025 14:51:40.262 INFO Current price: 0.000000063479 - Current percentage: 30.62% - Max: 64.48% - Min: -17.43% - Market Cap 12919 - Trading time: 00:01:21
06-09-2025 14:51:40.366 INFO Current price: 0.000000063241 - Current percentage: 28.26% - Max: 64.48% - Min: -17.43% - Market Cap 12686 - Trading time: 00:01:22
06-09-2025 14:51:40.703 INFO Current price: 0.000000062701 - Current percentage: 28.40% - Max: 64.48% - Min: -17.43% - Market Cap 12700 - Trading time: 00:01:22
06-09-2025 14:51:40.799 INFO Current price: 0.000000064105 - Current percentage: 34.06% - Max: 64.48% - Min: -17.43% - Market Cap 13260 - Trading time: 00:01:22
06-09-2025 14:51:42.378 INFO Current price: 0.000000065150 - Current percentage: 32.62% - Max: 64.48% - Min: -17.43% - Market Cap 13117 - Trading time: 00:01:24
06-09-2025 14:51:42.383 INFO Current price: 0.000000064279 - Current percentage: 30.50% - Max: 64.48% - Min: -17.43% - Market Cap 12908 - Trading time: 00:01:24
06-09-2025 14:51:42.388 INFO Current price: 0.000000061938 - Current percentage: 23.13% - Max: 64.48% - Min: -17.43% - Market Cap 12179 - Trading time: 00:01:24
06-09-2025 14:51:42.388 INFO Current price: 0.000000059260 - Current percentage: 19.46% - Max: 64.48% - Min: -17.43% - Market Cap 11816 - Trading time: 00:01:24
06-09-2025 14:51:42.389 INFO Current price: 0.000000056951 - Current percentage: 13.72% - Max: 64.48% - Min: -17.43% - Market Cap 11248 - Trading time: 00:01:24
06-09-2025 14:51:42.389 INFO Current price: 0.000000055182 - Current percentage: 12.16% - Max: 64.48% - Min: -17.43% - Market Cap 11093 - Trading time: 00:01:24
06-09-2025 14:51:42.392 INFO Current price: 0.000000054584 - Current percentage: 11.27% - Max: 64.48% - Min: -17.43% - Market Cap 11006 - Trading time: 00:01:24
06-09-2025 14:51:42.392 INFO Current price: 0.000000053146 - Current percentage: 6.33% - Max: 64.48% - Min: -17.43% - Market Cap 10517 - Trading time: 00:01:24
06-09-2025 14:51:42.392 INFO Current price: 0.000000051499 - Current percentage: 4.48% - Max: 64.48% - Min: -17.43% - Market Cap 10334 - Trading time: 00:01:24
06-09-2025 14:51:42.395 INFO Current price: 0.000000050670 - Current percentage: 2.93% - Max: 64.48% - Min: -17.43% - Market Cap 10181 - Trading time: 00:01:24
06-09-2025 14:51:42.395 INFO Current price: 0.000000049972 - Current percentage: 1.62% - Max: 64.48% - Min: -17.43% - Market Cap 10051 - Trading time: 00:01:24
06-09-2025 14:51:42.398 INFO Current price: 0.000000048672 - Current percentage: -2.36% - Max: 64.48% - Min: -17.43% - Market Cap 9658 - Trading time: 00:01:24
06-09-2025 14:51:42.485 INFO Current price: 0.000000047416 - Current percentage: -3.55% - Max: 64.48% - Min: -17.43% - Market Cap 9539 - Trading time: 00:01:24
06-09-2025 14:51:42.485 INFO Current price: 0.000000046164 - Current percentage: -7.44% - Max: 64.48% - Min: -17.43% - Market Cap 9155 - Trading time: 00:01:24
06-09-2025 14:51:42.488 INFO Current price: 0.000000043851 - Current percentage: -12.98% - Max: 64.48% - Min: -17.43% - Market Cap 8607 - Trading time: 00:01:24
06-09-2025 14:51:42.489 INFO Current price: 0.000000041145 - Current percentage: -18.51% - Max: 64.48% - Min: -18.51% - Market Cap 8060 - Trading time: 00:01:24
06-09-2025 14:51:42.489 INFO Current price: 0.000000038710 - Current percentage: -22.97% - Max: 64.48% - Min: -22.97% - Market Cap 7619 - Trading time: 00:01:24
06-09-2025 14:51:42.489 INFO Current price: 0.000000037327 - Current percentage: -24.24% - Max: 64.48% - Min: -24.24% - Market Cap 7494 - Trading time: 00:01:24
06-09-2025 14:51:42.489 INFO Current price: 0.000000036411 - Current percentage: -26.70% - Max: 64.48% - Min: -26.70% - Market Cap 7250 - Trading time: 00:01:24
06-09-2025 14:51:42.489 INFO Current price: 0.000000035736 - Current percentage: -27.02% - Max: 64.48% - Min: -27.02% - Market Cap 7218 - Trading time: 00:01:24
06-09-2025 14:51:42.489 INFO Current price: 0.000000035261 - Current percentage: -28.64% - Max: 64.48% - Min: -28.64% - Market Cap 7058 - Trading time: 00:01:24
06-09-2025 14:51:42.489 INFO Current price: 0.000000033935 - Current percentage: -32.41% - Max: 64.48% - Min: -32.41% - Market Cap 6686 - Trading time: 00:01:24
06-09-2025 14:51:42.489 INFO Current price: 0.000000032841 - Current percentage: -33.17% - Max: 64.48% - Min: -33.17% - Market Cap 6610 - Trading time: 00:01:24
06-09-2025 14:51:42.489 INFO Current price: 0.000000032296 - Current percentage: -34.63% - Max: 64.48% - Min: -34.63% - Market Cap 6466 - Trading time: 00:01:24
06-09-2025 14:51:42.489 INFO Current price: 0.000000031462 - Current percentage: -36.58% - Max: 64.48% - Min: -36.58% - Market Cap 6273 - Trading time: 00:01:24
06-09-2025 14:51:42.489 INFO Current price: 0.000000030768 - Current percentage: -37.48% - Max: 64.48% - Min: -37.48% - Market Cap 6184 - Trading time: 00:01:24
06-09-2025 14:51:42.489 INFO Current price: 0.000000030373 - Current percentage: -38.19% - Max: 64.48% - Min: -38.19% - Market Cap 6114 - Trading time: 00:01:24
06-09-2025 14:51:43.042 INFO Current price: 0.000000000000 - Current percentage: -38.19% - Max: 64.48% - Min: -38.19% - Market Cap 6114 - Trading time: 00:01:24
06-09-2025 14:51:43.044 INFO Current price: 0.000000030153 - Current percentage: -38.39% - Max: 64.48% - Min: -38.39% - Market Cap 6094 - Trading time: 00:01:24
06-09-2025 14:51:43.561 INFO Current price: 0.000000030100 - Current percentage: -38.41% - Max: 64.48% - Min: -38.41% - Market Cap 6092 - Trading time: 00:01:25
06-09-2025 14:51:43.868 INFO Current price: 0.000000030567 - Current percentage: -36.46% - Max: 64.48% - Min: -38.41% - Market Cap 6285 - Trading time: 00:01:25
06-09-2025 14:51:43.871 INFO Current price: 0.000000030926 - Current percentage: -36.95% - Max: 64.48% - Min: -38.41% - Market Cap 6236 - Trading time: 00:01:25
06-09-2025 14:51:44.297 INFO Current price: 0.000000030775 - Current percentage: -37.08% - Max: 64.48% - Min: -38.41% - Market Cap 6224 - Trading time: 00:01:26
06-09-2025 14:51:45.137 INFO Current price: 0.000000030723 - Current percentage: -37.17% - Max: 64.48% - Min: -38.41% - Market Cap 6215 - Trading time: 00:01:26
06-09-2025 14:51:45.227 INFO Current price: 0.000000030668 - Current percentage: -37.30% - Max: 64.48% - Min: -38.41% - Market Cap 6201 - Trading time: 00:01:26
06-09-2025 14:51:45.468 INFO Current price: 0.000000030591 - Current percentage: -37.48% - Max: 64.48% - Min: -38.41% - Market Cap 6184 - Trading time: 00:01:27
06-09-2025 14:51:45.941 INFO Current price: 0.000000030542 - Current percentage: -37.50% - Max: 64.48% - Min: -38.41% - Market Cap 6182 - Trading time: 00:01:27
06-09-2025 14:51:47.464 INFO Current price: 0.000000030531 - Current percentage: -37.53% - Max: 64.48% - Min: -38.41% - Market Cap 6179 - Trading time: 00:01:29
06-09-2025 14:51:48.994 INFO Current price: 0.000000030509 - Current percentage: -37.59% - Max: 64.48% - Min: -38.41% - Market Cap 6173 - Trading time: 00:01:30
06-09-2025 14:51:50.169 INFO Current price: 0.000000030452 - Current percentage: -37.76% - Max: 64.48% - Min: -38.41% - Market Cap 6156 - Trading time: 00:01:31
06-09-2025 14:51:50.290 INFO Current price: 0.000000030402 - Current percentage: -37.80% - Max: 64.48% - Min: -38.41% - Market Cap 6152 - Trading time: 00:01:31
06-09-2025 14:51:52.601 INFO Current price: 0.000000030337 - Current percentage: -38.02% - Max: 64.48% - Min: -38.41% - Market Cap 6130 - Trading time: 00:01:34
06-09-2025 14:51:53.454 INFO Current price: 0.000000030273 - Current percentage: -38.06% - Max: 64.48% - Min: -38.41% - Market Cap 6126 - Trading time: 00:01:35
06-09-2025 14:51:56.293 INFO Current price: 0.000000030288 - Current percentage: -37.96% - Max: 64.48% - Min: -38.41% - Market Cap 6136 - Trading time: 00:01:37
06-09-2025 14:51:57.317 INFO Current price: 0.000000030295 - Current percentage: -38.03% - Max: 64.48% - Min: -38.41% - Market Cap 6129 - Trading time: 00:01:39
06-09-2025 14:51:58.245 INFO Current price: 0.000000030278 - Current percentage: -38.04% - Max: 64.48% - Min: -38.41% - Market Cap 6129 - Trading time: 00:01:39
06-09-2025 14:52:00.181 INFO Current price: 0.000000029990 - Current percentage: -39.20% - Max: 64.48% - Min: -39.20% - Market Cap 6013 - Trading time: 00:01:41
06-09-2025 14:52:06.155 INFO Current price: 0.000000028858 - Current percentage: -42.62% - Max: 64.48% - Min: -42.62% - Market Cap 5675 - Trading time: 00:01:47
06-09-2025 14:52:06.360 INFO Current price: 0.000000028034 - Current percentage: -42.62% - Max: 64.48% - Min: -42.62% - Market Cap 5675 - Trading time: 00:01:48
06-09-2025 14:52:17.208 INFO Current price: 0.000000028057 - Current percentage: -42.53% - Max: 64.48% - Min: -42.62% - Market Cap 5684 - Trading time: 00:01:58
06-09-2025 14:52:22.872 INFO Current price: 0.000000028102 - Current percentage: -42.44% - Max: 64.48% - Min: -42.62% - Market Cap 5693 - Trading time: 00:02:04
06-09-2025 14:52:29.860 INFO Current price: 0.000000028148 - Current percentage: -42.34% - Max: 64.48% - Min: -42.62% - Market Cap 5703 - Trading time: 00:02:11
06-09-2025 14:52:34.165 INFO Current price: 0.000000028071 - Current percentage: -42.75% - Max: 64.48% - Min: -42.75% - Market Cap 5662 - Trading time: 00:02:15






06-09-2025 15:02:34.166 INFO {"type":"summary","reason":"inactivity","startedAt":"2025-09-06T12:50:18.295Z","endedAt":"2025-09-06T13:02:34.166Z","durationSec":735,"entryPrice":5.198426189748399e-8,"entryMarketCapSol":48.86057341992767,"entryMarketCapUsd":9890.845877395957,"minPct":-42.752475484904046,"maxPct":64.48275405343277,"buyCount":90,"sellCount":117,"tradeCount":207,"entryRecorded":true,"noPostThresholdTrades":false,"triggerAt":"2025-09-06T12:50:18.295Z","ageAtTriggerSec":12,"preTotalTrades":47,"preBuys":36,"preSells":11,"preUniqueTraders":38,"preEntryTotalTrades":54,"preEntryBuys":36,"preEntrySells":18,"preEntryUniqueTraders":39,"preEntryMinMcUsd":8248.887654328246,"preEntryMaxMcUsd":12617.518705199298,"thresholdMcSol":48.86057341992767,"thresholdMcUsd":9890.845877395957,"thresholdPrice":5.198426189748399e-8}
