06-09-2025 05:15:47.728 INFO Entry price: 0.000000066797527514 - Entry market cap: 12982 - Buys 42 - Sells 13 - Ratio: 1:0.31 - Min MarketCap: 7009 - Max MarketCap: 14688
06-09-2025 05:15:47.728 INFO Current price: 0.000000066798 - Current percentage: 0.00% - Max: 0.00% - Min: 0.00% - Market Cap 12982 - Trading time: 00:00:01
06-09-2025 05:15:50.102 INFO Current price: 0.000000061195 - Current percentage: -3.92% - Max: 0.00% - Min: -3.92% - Market Cap 12474 - Trading time: 00:00:04
06-09-2025 05:15:50.245 INFO Current price: 0.000000060223 - Current percentage: -6.62% - Max: 0.00% - Min: -6.62% - Market Cap 12122 - Trading time: 00:00:04
06-09-2025 05:15:50.367 INFO Current price: 0.000000059254 - Current percentage: -6.98% - Max: 0.00% - Min: -6.98% - Market Cap 12076 - Trading time: 00:00:04
06-09-2025 05:15:50.962 INFO Current price: 0.000000059809 - Current percentage: -4.86% - Max: 0.00% - Min: -6.98% - Market Cap 12351 - Trading time: 00:00:05
06-09-2025 05:15:52.675 INFO Current price: 0.000000061121 - Current percentage: -2.86% - Max: 0.00% - Min: -6.98% - Market Cap 12611 - Trading time: 00:00:06
06-09-2025 05:15:53.545 INFO Current price: 0.000000061784 - Current percentage: -2.86% - Max: 0.00% - Min: -6.98% - Market Cap 12611 - Trading time: 00:00:07
06-09-2025 05:15:53.827 INFO Current price: 0.000000061319 - Current percentage: -4.25% - Max: 0.00% - Min: -6.98% - Market Cap 12431 - Trading time: 00:00:08
06-09-2025 05:15:53.827 INFO Current price: 0.000000060656 - Current percentage: -4.95% - Max: 0.00% - Min: -6.98% - Market Cap 12340 - Trading time: 00:00:08
06-09-2025 05:15:53.827 INFO Current price: 0.000000060443 - Current percentage: -4.95% - Max: 0.00% - Min: -6.98% - Market Cap 12340 - Trading time: 00:00:08
06-09-2025 05:15:53.980 INFO Current price: 0.000000060909 - Current percentage: -3.45% - Max: 0.00% - Min: -6.98% - Market Cap 12535 - Trading time: 00:00:08
06-09-2025 05:15:54.078 INFO Current price: 0.000000062109 - Current percentage: -1.16% - Max: 0.00% - Min: -6.98% - Market Cap 12831 - Trading time: 00:00:08
06-09-2025 05:15:54.086 INFO Current price: 0.000000063475 - Current percentage: 0.85% - Max: 0.85% - Min: -6.98% - Market Cap 13092 - Trading time: 00:00:08
06-09-2025 05:15:54.188 INFO Current price: 0.000000063869 - Current percentage: 0.07% - Max: 0.85% - Min: -6.98% - Market Cap 12991 - Trading time: 00:00:08
06-09-2025 05:15:54.279 INFO Current price: 0.000000064316 - Current percentage: 2.26% - Max: 2.26% - Min: -6.98% - Market Cap 13276 - Trading time: 00:00:08
06-09-2025 05:15:55.303 INFO Current price: 0.000000065004 - Current percentage: 2.22% - Max: 2.26% - Min: -6.98% - Market Cap 13270 - Trading time: 00:00:09
06-09-2025 05:15:57.029 INFO Current price: 0.000000065129 - Current percentage: 2.66% - Max: 2.66% - Min: -6.98% - Market Cap 13327 - Trading time: 00:00:11
06-09-2025 05:15:57.097 INFO Current price: 0.000000065617 - Current percentage: 3.75% - Max: 3.75% - Min: -6.98% - Market Cap 13470 - Trading time: 00:00:11
06-09-2025 05:15:57.192 INFO Current price: 0.000000066649 - Current percentage: 5.91% - Max: 5.91% - Min: -6.98% - Market Cap 13750 - Trading time: 00:00:11
06-09-2025 05:15:57.195 INFO Current price: 0.000000067481 - Current percentage: 6.36% - Max: 6.36% - Min: -6.98% - Market Cap 13808 - Trading time: 00:00:11
06-09-2025 05:15:57.510 INFO Current price: 0.000000067764 - Current percentage: 6.81% - Max: 6.81% - Min: -6.98% - Market Cap 13866 - Trading time: 00:00:11
06-09-2025 05:15:57.639 INFO Current price: 0.000000067921 - Current percentage: 6.85% - Max: 6.85% - Min: -6.98% - Market Cap 13872 - Trading time: 00:00:11
06-09-2025 05:15:58.118 INFO Current price: 0.000000068220 - Current percentage: 7.75% - Max: 7.75% - Min: -6.98% - Market Cap 13988 - Trading time: 00:00:12
06-09-2025 05:15:58.520 INFO Current price: 0.000000069931 - Current percentage: 12.28% - Max: 12.28% - Min: -6.98% - Market Cap 14577 - Trading time: 00:00:12
06-09-2025 05:15:58.878 INFO Current price: 0.000000072843 - Current percentage: 16.91% - Max: 16.91% - Min: -6.98% - Market Cap 15177 - Trading time: 00:00:13
06-09-2025 05:15:59.403 INFO Current price: 0.000000074981 - Current percentage: 18.97% - Max: 18.97% - Min: -6.98% - Market Cap 15444 - Trading time: 00:00:13
06-09-2025 05:15:59.618 INFO Current price: 0.000000074727 - Current percentage: 16.12% - Max: 18.97% - Min: -6.98% - Market Cap 15075 - Trading time: 00:00:13
06-09-2025 05:15:59.830 INFO Current price: 0.000000072949 - Current percentage: 13.37% - Max: 18.97% - Min: -6.98% - Market Cap 14718 - Trading time: 00:00:14
06-09-2025 05:16:00.948 INFO Current price: 0.000000071202 - Current percentage: 10.62% - Max: 18.97% - Min: -6.98% - Market Cap 14361 - Trading time: 00:00:15
06-09-2025 05:16:00.981 INFO Current price: 0.000000070622 - Current percentage: 11.53% - Max: 18.97% - Min: -6.98% - Market Cap 14480 - Trading time: 00:00:15
06-09-2025 05:16:03.222 INFO Current price: 0.000000065982 - Current percentage: -3.44% - Max: 18.97% - Min: -6.98% - Market Cap 12536 - Trading time: 00:00:17
06-09-2025 05:16:03.612 INFO Current price: 0.000000061381 - Current percentage: -3.48% - Max: 18.97% - Min: -6.98% - Market Cap 12531 - Trading time: 00:00:17
06-09-2025 05:16:03.807 INFO Current price: 0.000000062473 - Current percentage: 0.03% - Max: 18.97% - Min: -6.98% - Market Cap 12986 - Trading time: 00:00:18
06-09-2025 05:16:04.248 INFO Current price: 0.000000066346 - Current percentage: 8.86% - Max: 18.97% - Min: -6.98% - Market Cap 14133 - Trading time: 00:00:18
06-09-2025 05:16:06.137 INFO Current price: 0.000000068764 - Current percentage: 7.45% - Max: 18.97% - Min: -6.98% - Market Cap 13950 - Trading time: 00:00:20
06-09-2025 05:16:06.396 INFO Current price: 0.000000068375 - Current percentage: 7.63% - Max: 18.97% - Min: -6.98% - Market Cap 13973 - Trading time: 00:00:20
06-09-2025 05:16:06.493 INFO Current price: 0.000000065613 - Current percentage: -1.05% - Max: 18.97% - Min: -6.98% - Market Cap 12845 - Trading time: 00:00:20
06-09-2025 05:16:07.726 INFO Current price: 0.000000065643 - Current percentage: 7.73% - Max: 18.97% - Min: -6.98% - Market Cap 13986 - Trading time: 00:00:21
06-09-2025 05:16:15.941 INFO Current price: 0.000000067367 - Current percentage: 4.16% - Max: 18.97% - Min: -6.98% - Market Cap 13523 - Trading time: 00:00:30
06-09-2025 05:16:15.981 INFO Current price: 0.000000065595 - Current percentage: 2.09% - Max: 18.97% - Min: -6.98% - Market Cap 13254 - Trading time: 00:00:30
06-09-2025 05:16:16.144 INFO Current price: 0.000000062304 - Current percentage: -6.03% - Max: 18.97% - Min: -6.98% - Market Cap 12199 - Trading time: 00:00:30
06-09-2025 05:16:17.441 INFO Current price: 0.000000060220 - Current percentage: -4.63% - Max: 18.97% - Min: -6.98% - Market Cap 12382 - Trading time: 00:00:31
06-09-2025 05:16:18.136 INFO Current price: 0.000000063353 - Current percentage: 4.00% - Max: 18.97% - Min: -6.98% - Market Cap 13502 - Trading time: 00:00:32
06-09-2025 05:16:18.222 INFO Current price: 0.000000068259 - Current percentage: 10.72% - Max: 18.97% - Min: -6.98% - Market Cap 14374 - Trading time: 00:00:32
06-09-2025 05:16:20.092 INFO Current price: 0.000000070501 - Current percentage: 10.95% - Max: 18.97% - Min: -6.98% - Market Cap 14403 - Trading time: 00:00:34
06-09-2025 05:16:20.240 INFO Current price: 0.000000070566 - Current percentage: 10.92% - Max: 18.97% - Min: -6.98% - Market Cap 14400 - Trading time: 00:00:34
06-09-2025 05:16:20.254 INFO Current price: 0.000000070703 - Current percentage: 11.38% - Max: 18.97% - Min: -6.98% - Market Cap 14459 - Trading time: 00:00:34
06-09-2025 05:16:20.796 INFO Current price: 0.000000071066 - Current percentage: 12.06% - Max: 18.97% - Min: -6.98% - Market Cap 14548 - Trading time: 00:00:35
06-09-2025 05:16:21.398 INFO Current price: 0.000000071359 - Current percentage: 12.30% - Max: 18.97% - Min: -6.98% - Market Cap 14579 - Trading time: 00:00:35
06-09-2025 05:16:23.186 INFO Current price: 0.000000071980 - Current percentage: 14.02% - Max: 18.97% - Min: -6.98% - Market Cap 14803 - Trading time: 00:00:37
06-09-2025 05:16:23.440 INFO Current price: 0.000000072574 - Current percentage: 14.16% - Max: 18.97% - Min: -6.98% - Market Cap 14821 - Trading time: 00:00:37
06-09-2025 05:16:24.588 INFO Current price: 0.000000072765 - Current percentage: 14.62% - Max: 18.97% - Min: -6.98% - Market Cap 14881 - Trading time: 00:00:38
06-09-2025 05:16:26.257 INFO Current price: 0.000000073648 - Current percentage: 16.95% - Max: 18.97% - Min: -6.98% - Market Cap 15183 - Trading time: 00:00:40
06-09-2025 05:16:27.172 INFO Current price: 0.000000074540 - Current percentage: 17.42% - Max: 18.97% - Min: -6.98% - Market Cap 15243 - Trading time: 00:00:41
06-09-2025 05:16:28.040 INFO Current price: 0.000000074716 - Current percentage: 17.50% - Max: 18.97% - Min: -6.98% - Market Cap 15254 - Trading time: 00:00:42
06-09-2025 05:16:28.731 INFO Current price: 0.000000071671 - Current percentage: 8.04% - Max: 18.97% - Min: -6.98% - Market Cap 14026 - Trading time: 00:00:43
06-09-2025 05:16:31.266 INFO Current price: 0.000000068685 - Current percentage: 7.91% - Max: 18.97% - Min: -6.98% - Market Cap 14010 - Trading time: 00:00:45
06-09-2025 05:16:33.014 INFO Current price: 0.000000071500 - Current percentage: 17.08% - Max: 18.97% - Min: -6.98% - Market Cap 15200 - Trading time: 00:00:47
06-09-2025 05:16:33.889 INFO Current price: 0.000000074772 - Current percentage: 18.02% - Max: 18.97% - Min: -6.98% - Market Cap 15321 - Trading time: 00:00:48
06-09-2025 05:16:34.183 INFO Current price: 0.000000075655 - Current percentage: 19.86% - Max: 19.86% - Min: -6.98% - Market Cap 15561 - Trading time: 00:00:48
06-09-2025 05:16:35.041 INFO Current price: 0.000000076803 - Current percentage: 21.63% - Max: 21.63% - Min: -6.98% - Market Cap 15790 - Trading time: 00:00:49
06-09-2025 05:16:35.182 INFO Current price: 0.000000077834 - Current percentage: 23.10% - Max: 23.10% - Min: -6.98% - Market Cap 15981 - Trading time: 00:00:49
06-09-2025 05:16:35.553 INFO Current price: 0.000000078368 - Current percentage: 23.30% - Max: 23.30% - Min: -6.98% - Market Cap 16007 - Trading time: 00:00:49
06-09-2025 05:16:36.345 INFO Current price: 0.000000078463 - Current percentage: 23.40% - Max: 23.40% - Min: -6.98% - Market Cap 16020 - Trading time: 00:00:50
06-09-2025 05:16:36.603 INFO Current price: 0.000000078330 - Current percentage: 22.88% - Max: 23.40% - Min: -6.98% - Market Cap 15953 - Trading time: 00:00:50
06-09-2025 05:16:36.755 INFO Current price: 0.000000077745 - Current percentage: 21.56% - Max: 23.40% - Min: -6.98% - Market Cap 15781 - Trading time: 00:00:51
06-09-2025 05:16:36.755 INFO Current price: 0.000000076899 - Current percentage: 20.22% - Max: 23.40% - Min: -6.98% - Market Cap 15608 - Trading time: 00:00:51
06-09-2025 05:16:40.204 INFO Current price: 0.000000076596 - Current percentage: 20.60% - Max: 23.40% - Min: -6.98% - Market Cap 15657 - Trading time: 00:00:54
06-09-2025 05:16:42.506 INFO Current price: 0.000000076724 - Current percentage: 20.63% - Max: 23.40% - Min: -6.98% - Market Cap 15660 - Trading time: 00:00:56
06-09-2025 05:16:44.829 INFO Current price: 0.000000077034 - Current percentage: 21.58% - Max: 23.40% - Min: -6.98% - Market Cap 15784 - Trading time: 00:00:59
06-09-2025 05:16:46.541 INFO Current price: 0.000000077025 - Current percentage: 20.60% - Max: 23.40% - Min: -6.98% - Market Cap 15656 - Trading time: 00:01:00
06-09-2025 05:16:47.493 INFO Current price: 0.000000073330 - Current percentage: 10.20% - Max: 23.40% - Min: -6.98% - Market Cap 14306 - Trading time: 00:01:01
06-09-2025 05:16:47.582 INFO Current price: 0.000000070136 - Current percentage: 10.32% - Max: 23.40% - Min: -6.98% - Market Cap 14322 - Trading time: 00:01:01
06-09-2025 05:16:54.836 INFO Current price: 0.000000070033 - Current percentage: 9.87% - Max: 23.40% - Min: -6.98% - Market Cap 14264 - Trading time: 00:01:09
06-09-2025 05:16:59.438 INFO Current price: 0.000000069407 - Current percentage: 8.36% - Max: 23.40% - Min: -6.98% - Market Cap 14067 - Trading time: 00:01:13
06-09-2025 05:16:59.834 INFO Current price: 0.000000068820 - Current percentage: 8.02% - Max: 23.40% - Min: -6.98% - Market Cap 14023 - Trading time: 00:01:14
06-09-2025 05:17:00.193 INFO Current price: 0.000000068999 - Current percentage: 8.92% - Max: 23.40% - Min: -6.98% - Market Cap 14141 - Trading time: 00:01:14
06-09-2025 05:17:00.358 INFO Current price: 0.000000069725 - Current percentage: 10.30% - Max: 23.40% - Min: -6.98% - Market Cap 14320 - Trading time: 00:01:14
06-09-2025 05:17:05.750 INFO Current price: 0.000000070174 - Current percentage: 10.30% - Max: 23.40% - Min: -6.98% - Market Cap 14320 - Trading time: 00:01:20
06-09-2025 05:17:06.682 INFO Current price: 0.000000070310 - Current percentage: 10.76% - Max: 23.40% - Min: -6.98% - Market Cap 14379 - Trading time: 00:01:20
06-09-2025 05:17:10.379 INFO Current price: 0.000000069145 - Current percentage: 6.68% - Max: 23.40% - Min: -6.98% - Market Cap 13850 - Trading time: 00:01:24
06-09-2025 05:17:13.442 INFO Current price: 0.000000067657 - Current percentage: 6.04% - Max: 23.40% - Min: -6.98% - Market Cap 13767 - Trading time: 00:01:27
06-09-2025 05:17:14.735 INFO Current price: 0.000000064570 - Current percentage: -2.83% - Max: 23.40% - Min: -6.98% - Market Cap 12614 - Trading time: 00:01:29
06-09-2025 05:17:15.079 INFO Current price: 0.000000061478 - Current percentage: -3.87% - Max: 23.40% - Min: -6.98% - Market Cap 12480 - Trading time: 00:01:29
06-09-2025 05:17:15.216 INFO Current price: 0.000000060131 - Current percentage: -7.04% - Max: 23.40% - Min: -7.04% - Market Cap 12068 - Trading time: 00:01:29
06-09-2025 05:17:15.593 INFO Current price: 0.000000061781 - Current percentage: 1.48% - Max: 23.40% - Min: -7.04% - Market Cap 13174 - Trading time: 00:01:29
06-09-2025 05:17:15.795 INFO Current price: 0.000000064503 - Current percentage: 1.33% - Max: 23.40% - Min: -7.04% - Market Cap 13155 - Trading time: 00:01:30
06-09-2025 05:17:15.803 INFO Current price: 0.000000064403 - Current percentage: 1.16% - Max: 23.40% - Min: -7.04% - Market Cap 13133 - Trading time: 00:01:30
06-09-2025 05:17:16.859 INFO Current price: 0.000000064627 - Current percentage: 2.03% - Max: 23.40% - Min: -7.04% - Market Cap 13246 - Trading time: 00:01:31
06-09-2025 05:17:17.691 INFO Current price: 0.000000066987 - Current percentage: 8.69% - Max: 23.40% - Min: -7.04% - Market Cap 14110 - Trading time: 00:01:31
06-09-2025 05:17:21.197 INFO Current price: 0.000000066987 - Current percentage: 2.03% - Max: 23.40% - Min: -7.04% - Market Cap 13246 - Trading time: 00:01:35
06-09-2025 05:17:24.032 INFO Current price: 0.000000065252 - Current percentage: 3.13% - Max: 23.40% - Min: -7.04% - Market Cap 13388 - Trading time: 00:01:38
06-09-2025 05:17:27.852 INFO Current price: 0.000000065077 - Current percentage: 1.49% - Max: 23.40% - Min: -7.04% - Market Cap 13176 - Trading time: 00:01:42
06-09-2025 05:17:33.008 INFO Current price: 0.000000064219 - Current percentage: 0.43% - Max: 23.40% - Min: -7.04% - Market Cap 13038 - Trading time: 00:01:47
06-09-2025 05:17:34.616 INFO Current price: 0.000000064480 - Current percentage: 2.32% - Max: 23.40% - Min: -7.04% - Market Cap 13283 - Trading time: 00:01:48
06-09-2025 05:17:36.904 INFO Current price: 0.000000065126 - Current percentage: 2.45% - Max: 23.40% - Min: -7.04% - Market Cap 13300 - Trading time: 00:01:51
06-09-2025 05:17:38.773 INFO Current price: 0.000000065195 - Current percentage: 2.53% - Max: 23.40% - Min: -7.04% - Market Cap 13311 - Trading time: 00:01:53
06-09-2025 05:17:39.112 INFO Current price: 0.000000066615 - Current percentage: 6.96% - Max: 23.40% - Min: -7.04% - Market Cap 13886 - Trading time: 00:01:53
06-09-2025 05:17:40.189 INFO Current price: 0.000000065824 - Current percentage: 0.12% - Max: 23.40% - Min: -7.04% - Market Cap 12997 - Trading time: 00:01:54
06-09-2025 05:17:44.000 INFO Current price: 0.000000063782 - Current percentage: 0.43% - Max: 23.40% - Min: -7.04% - Market Cap 13037 - Trading time: 00:01:58
06-09-2025 05:17:54.916 INFO Current price: 0.000000063546 - Current percentage: -0.63% - Max: 23.40% - Min: -7.04% - Market Cap 12901 - Trading time: 00:02:09
06-09-2025 05:17:56.936 INFO Current price: 0.000000063172 - Current percentage: -0.75% - Max: 23.40% - Min: -7.04% - Market Cap 12885 - Trading time: 00:02:11
06-09-2025 05:18:00.377 INFO Current price: 0.000000063324 - Current percentage: -0.15% - Max: 23.40% - Min: -7.04% - Market Cap 12963 - Trading time: 00:02:14
06-09-2025 05:18:05.139 INFO Current price: 0.000000063891 - Current percentage: 1.03% - Max: 23.40% - Min: -7.04% - Market Cap 13116 - Trading time: 00:02:19
06-09-2025 05:18:06.118 INFO Current price: 0.000000064411 - Current percentage: 1.48% - Max: 23.40% - Min: -7.04% - Market Cap 13175 - Trading time: 00:02:20
06-09-2025 05:18:08.074 INFO Current price: 0.000000064561 - Current percentage: 1.50% - Max: 23.40% - Min: -7.04% - Market Cap 13178 - Trading time: 00:02:22
06-09-2025 05:18:13.902 INFO Current price: 0.000000062554 - Current percentage: -4.73% - Max: 23.40% - Min: -7.04% - Market Cap 12369 - Trading time: 00:02:28
06-09-2025 05:18:14.009 INFO Current price: 0.000000057666 - Current percentage: -13.74% - Max: 23.40% - Min: -13.74% - Market Cap 11198 - Trading time: 00:02:28
06-09-2025 05:18:14.012 INFO Current price: 0.000000053338 - Current percentage: -18.49% - Max: 23.40% - Min: -18.49% - Market Cap 10582 - Trading time: 00:02:28
06-09-2025 05:18:14.065 INFO Current price: 0.000000049754 - Current percentage: -24.94% - Max: 23.40% - Min: -24.94% - Market Cap 9744 - Trading time: 00:02:28
06-09-2025 05:18:14.282 INFO Current price: 0.000000045548 - Current percentage: -31.69% - Max: 23.40% - Min: -31.69% - Market Cap 8868 - Trading time: 00:02:28
06-09-2025 05:18:15.164 INFO Current price: 0.000000042724 - Current percentage: -33.96% - Max: 23.40% - Min: -33.96% - Market Cap 8573 - Trading time: 00:02:29
06-09-2025 05:18:15.533 INFO Current price: 0.000000042286 - Current percentage: -33.08% - Max: 23.40% - Min: -33.96% - Market Cap 8688 - Trading time: 00:02:29
06-09-2025 05:18:15.845 INFO Current price: 0.000000042160 - Current percentage: -34.36% - Max: 23.40% - Min: -34.36% - Market Cap 8522 - Trading time: 00:02:30
06-09-2025 05:18:15.848 INFO Current price: 0.000000041417 - Current percentage: -35.42% - Max: 23.40% - Min: -35.42% - Market Cap 8384 - Trading time: 00:02:30
06-09-2025 05:18:15.850 INFO Current price: 0.000000040590 - Current percentage: -36.95% - Max: 23.40% - Min: -36.95% - Market Cap 8185 - Trading time: 00:02:30
06-09-2025 05:18:15.852 INFO Current price: 0.000000039642 - Current percentage: -38.40% - Max: 23.40% - Min: -38.40% - Market Cap 7997 - Trading time: 00:02:30
06-09-2025 05:18:16.071 INFO Current price: 0.000000039141 - Current percentage: -38.54% - Max: 23.40% - Min: -38.54% - Market Cap 7979 - Trading time: 00:02:30
06-09-2025 05:18:16.873 INFO Current price: 0.000000039094 - Current percentage: -38.55% - Max: 23.40% - Min: -38.55% - Market Cap 7978 - Trading time: 00:02:31
06-09-2025 05:18:17.264 INFO Current price: 0.000000039080 - Current percentage: -38.58% - Max: 23.40% - Min: -38.58% - Market Cap 7974 - Trading time: 00:02:31
06-09-2025 05:18:17.286 INFO Current price: 0.000000039009 - Current percentage: -38.77% - Max: 23.40% - Min: -38.77% - Market Cap 7949 - Trading time: 00:02:31
06-09-2025 05:18:17.693 INFO Current price: 0.000000037639 - Current percentage: -42.82% - Max: 23.40% - Min: -42.82% - Market Cap 7423 - Trading time: 00:02:31
06-09-2025 05:18:20.351 INFO Current price: 0.000000036289 - Current percentage: -43.08% - Max: 23.40% - Min: -43.08% - Market Cap 7389 - Trading time: 00:02:34
06-09-2025 05:18:21.084 INFO Current price: 0.000000036046 - Current percentage: -43.58% - Max: 23.40% - Min: -43.58% - Market Cap 7324 - Trading time: 00:02:35
06-09-2025 05:18:21.551 INFO Current price: 0.000000035532 - Current percentage: -44.69% - Max: 23.40% - Min: -44.69% - Market Cap 7180 - Trading time: 00:02:35
06-09-2025 05:18:22.883 INFO Current price: 0.000000034810 - Current percentage: -45.85% - Max: 23.40% - Min: -45.85% - Market Cap 7030 - Trading time: 00:02:37
06-09-2025 05:18:29.715 INFO Current price: 0.000000034193 - Current percentage: -46.64% - Max: 23.40% - Min: -46.64% - Market Cap 6928 - Trading time: 00:02:43
06-09-2025 05:18:31.227 INFO Current price: 0.000000033745 - Current percentage: -47.26% - Max: 23.40% - Min: -47.26% - Market Cap 6846 - Trading time: 00:02:45
06-09-2025 05:18:33.076 INFO Current price: 0.000000033544 - Current percentage: -47.27% - Max: 23.40% - Min: -47.27% - Market Cap 6845 - Trading time: 00:02:47
06-09-2025 05:18:35.247 INFO Current price: 0.000000033517 - Current percentage: -47.35% - Max: 23.40% - Min: -47.35% - Market Cap 6836 - Trading time: 00:02:49
06-09-2025 05:18:35.249 INFO Current price: 0.000000033469 - Current percentage: -47.42% - Max: 23.40% - Min: -47.42% - Market Cap 6826 - Trading time: 00:02:49
06-09-2025 05:18:35.532 INFO Current price: 0.000000033408 - Current percentage: -47.54% - Max: 23.40% - Min: -47.54% - Market Cap 6811 - Trading time: 00:02:49
06-09-2025 05:18:48.464 INFO Current price: 0.000000033268 - Current percentage: -47.86% - Max: 23.40% - Min: -47.86% - Market Cap 6769 - Trading time: 00:03:02
06-09-2025 05:19:31.531 INFO Current price: 0.000000032946 - Current percentage: -48.55% - Max: 23.40% - Min: -48.55% - Market Cap 6679 - Trading time: 00:03:45
06-09-2025 05:19:32.902 INFO Current price: 0.000000032479 - Current percentage: -49.33% - Max: 23.40% - Min: -49.33% - Market Cap 6578 - Trading time: 00:03:47
06-09-2025 05:19:32.909 INFO Current price: 0.000000032004 - Current percentage: -50.05% - Max: 23.40% - Min: -50.05% - Market Cap 6485 - Trading time: 00:03:47
06-09-2025 05:19:32.909 INFO Current price: 0.000000031597 - Current percentage: -50.61% - Max: 23.40% - Min: -50.61% - Market Cap 6412 - Trading time: 00:03:47
06-09-2025 05:19:32.910 INFO Current price: 0.000000031243 - Current percentage: -51.16% - Max: 23.40% - Min: -51.16% - Market Cap 6341 - Trading time: 00:03:47
06-09-2025 05:19:33.135 INFO Current price: 0.000000030835 - Current percentage: -51.89% - Max: 23.40% - Min: -51.89% - Market Cap 6246 - Trading time: 00:03:47
06-09-2025 05:19:34.574 INFO Current price: 0.000000030294 - Current percentage: -52.86% - Max: 23.40% - Min: -52.86% - Market Cap 6120 - Trading time: 00:03:48
06-09-2025 05:19:34.575 INFO Current price: 0.000000029850 - Current percentage: -53.29% - Max: 23.40% - Min: -53.29% - Market Cap 6064 - Trading time: 00:03:48
06-09-2025 05:19:34.580 INFO Current price: 0.000000029593 - Current percentage: -53.67% - Max: 23.40% - Min: -53.67% - Market Cap 6015 - Trading time: 00:03:48
06-09-2025 05:19:49.723 INFO Current price: 0.000000029469 - Current percentage: -53.68% - Max: 23.40% - Min: -53.68% - Market Cap 6014 - Trading time: 00:04:03
06-09-2025 05:19:49.808 INFO Current price: 0.000000028763 - Current percentage: -55.86% - Max: 23.40% - Min: -55.86% - Market Cap 5730 - Trading time: 00:04:04






06-09-2025 05:20:45.728 INFO {"type":"summary","reason":"max_window","startedAt":"2025-09-06T03:15:45.729Z","endedAt":"2025-09-06T03:20:45.728Z","durationSec":299,"entryPrice":6.679752751429618e-8,"entryMarketCapSol":63.57932595292471,"entryMarketCapUsd":12982.262566327698,"minPct":-55.86279951621509,"maxPct":23.39847007912828,"buyCount":65,"sellCount":87,"tradeCount":152,"entryRecorded":true,"noPostThresholdTrades":false,"triggerAt":"2025-09-06T03:15:45.729Z","ageAtTriggerSec":11,"preTotalTrades":46,"preBuys":39,"preSells":7,"preUniqueTraders":36,"preEntryTotalTrades":55,"preEntryBuys":42,"preEntrySells":13,"preEntryUniqueTraders":39,"preEntryMinMcUsd":7008.921368085018,"preEntryMaxMcUsd":14687.752238220219,"thresholdMcSol":63.57932595292471,"thresholdMcUsd":12982.262566327698,"thresholdPrice":6.679752751429618e-8}
