06-09-2025 02:29:58.441 INFO Entry price: 0.000000057110223409 - Entry market cap: 10983 - Buys 31 - Sells 9 - Ratio: 1:0.29 - Min MarketCap: 6200 - Max MarketCap: 12350
06-09-2025 02:29:58.441 INFO Current price: 0.000000057110 - Current percentage: 0.00% - Max: 0.00% - Min: 0.00% - Market Cap 10983 - Trading time: 00:00:02
06-09-2025 02:29:58.908 INFO Current price: 0.000000060256 - Current percentage: 14.39% - Max: 14.39% - Min: 0.00% - Market Cap 12564 - Trading time: 00:00:02
06-09-2025 02:29:59.322 INFO Current price: 0.000000062150 - Current percentage: 16.41% - Max: 16.41% - Min: 0.00% - Market Cap 12786 - Trading time: 00:00:02
06-09-2025 02:29:59.373 INFO Current price: 0.000000064060 - Current percentage: 21.53% - Max: 21.53% - Min: 0.00% - Market Cap 13348 - Trading time: 00:00:02
06-09-2025 02:30:00.170 INFO Current price: 0.000000065483 - Current percentage: 21.64% - Max: 21.64% - Min: 0.00% - Market Cap 13360 - Trading time: 00:00:03
06-09-2025 02:30:02.696 INFO Current price: 0.000000066905 - Current percentage: 26.87% - Max: 26.87% - Min: 0.00% - Market Cap 13935 - Trading time: 00:00:06
06-09-2025 02:30:04.681 INFO Current price: 0.000000068330 - Current percentage: 26.87% - Max: 26.87% - Min: 0.00% - Market Cap 13934 - Trading time: 00:00:08
06-09-2025 02:30:05.766 INFO Current price: 0.000000068344 - Current percentage: 26.93% - Max: 26.93% - Min: 0.00% - Market Cap 13940 - Trading time: 00:00:09
06-09-2025 02:30:07.203 INFO Current price: 0.000000066871 - Current percentage: 21.46% - Max: 26.93% - Min: 0.00% - Market Cap 13340 - Trading time: 00:00:10
06-09-2025 02:30:07.205 INFO Current price: 0.000000065555 - Current percentage: 21.98% - Max: 26.93% - Min: 0.00% - Market Cap 13397 - Trading time: 00:00:10
06-09-2025 02:30:07.286 INFO Current price: 0.000000065696 - Current percentage: 21.99% - Max: 26.93% - Min: 0.00% - Market Cap 13398 - Trading time: 00:00:10
06-09-2025 02:30:08.542 INFO Current price: 0.000000065698 - Current percentage: 21.99% - Max: 26.93% - Min: 0.00% - Market Cap 13398 - Trading time: 00:00:12
06-09-2025 02:30:08.788 INFO Current price: 0.000000065740 - Current percentage: 22.14% - Max: 26.93% - Min: 0.00% - Market Cap 13415 - Trading time: 00:00:12
06-09-2025 02:30:09.036 INFO Current price: 0.000000064436 - Current percentage: 17.19% - Max: 26.93% - Min: 0.00% - Market Cap 12871 - Trading time: 00:00:12
06-09-2025 02:30:09.377 INFO Current price: 0.000000062234 - Current percentage: 13.94% - Max: 26.93% - Min: 0.00% - Market Cap 12514 - Trading time: 00:00:12
06-09-2025 02:30:09.379 INFO Current price: 0.000000061404 - Current percentage: 14.09% - Max: 26.93% - Min: 0.00% - Market Cap 12530 - Trading time: 00:00:12
06-09-2025 02:30:09.880 INFO Current price: 0.000000061485 - Current percentage: 14.24% - Max: 26.93% - Min: 0.00% - Market Cap 12547 - Trading time: 00:00:13
06-09-2025 02:30:10.008 INFO Current price: 0.000000059718 - Current percentage: 7.62% - Max: 26.93% - Min: 0.00% - Market Cap 11820 - Trading time: 00:00:13
06-09-2025 02:30:13.633 INFO Current price: 0.000000056173 - Current percentage: 1.08% - Max: 26.93% - Min: 0.00% - Market Cap 11102 - Trading time: 00:00:17
06-09-2025 02:30:14.041 INFO Current price: 0.000000054566 - Current percentage: 1.55% - Max: 26.93% - Min: 0.00% - Market Cap 11154 - Trading time: 00:00:17
06-09-2025 02:30:14.465 INFO Current price: 0.000000054672 - Current percentage: 1.47% - Max: 26.93% - Min: 0.00% - Market Cap 11145 - Trading time: 00:00:18
06-09-2025 02:30:14.864 INFO Current price: 0.000000055925 - Current percentage: 6.26% - Max: 26.93% - Min: 0.00% - Market Cap 11671 - Trading time: 00:00:18
06-09-2025 02:30:15.323 INFO Current price: 0.000000057254 - Current percentage: 6.26% - Max: 26.93% - Min: 0.00% - Market Cap 11671 - Trading time: 00:00:18
06-09-2025 02:30:15.474 INFO Current price: 0.000000057294 - Current percentage: 6.50% - Max: 26.93% - Min: 0.00% - Market Cap 11697 - Trading time: 00:00:19
06-09-2025 02:30:16.089 INFO Current price: 0.000000057359 - Current percentage: 6.50% - Max: 26.93% - Min: 0.00% - Market Cap 11697 - Trading time: 00:00:19
06-09-2025 02:30:16.303 INFO Current price: 0.000000057688 - Current percentage: 7.23% - Max: 26.93% - Min: 0.00% - Market Cap 11778 - Trading time: 00:00:19
06-09-2025 02:30:16.315 INFO Current price: 0.000000057754 - Current percentage: 7.24% - Max: 26.93% - Min: 0.00% - Market Cap 11778 - Trading time: 00:00:19
06-09-2025 02:30:16.694 INFO Current price: 0.000000057616 - Current percentage: 6.72% - Max: 26.93% - Min: 0.00% - Market Cap 11721 - Trading time: 00:00:20
06-09-2025 02:30:17.062 INFO Current price: 0.000000055819 - Current percentage: 0.65% - Max: 26.93% - Min: 0.00% - Market Cap 11055 - Trading time: 00:00:20
06-09-2025 02:30:17.069 INFO Current price: 0.000000053004 - Current percentage: -3.77% - Max: 26.93% - Min: -3.77% - Market Cap 10569 - Trading time: 00:00:20
06-09-2025 02:30:17.368 INFO Current price: 0.000000053686 - Current percentage: 3.26% - Max: 26.93% - Min: -3.77% - Market Cap 11341 - Trading time: 00:00:20
06-09-2025 02:30:17.409 INFO Current price: 0.000000057580 - Current percentage: 10.69% - Max: 26.93% - Min: -3.77% - Market Cap 12158 - Trading time: 00:00:20
06-09-2025 02:30:17.932 INFO Current price: 0.000000059613 - Current percentage: 10.69% - Max: 26.93% - Min: -3.77% - Market Cap 12158 - Trading time: 00:00:21
06-09-2025 02:30:18.340 INFO Current price: 0.000000059643 - Current percentage: 10.79% - Max: 26.93% - Min: -3.77% - Market Cap 12168 - Trading time: 00:00:21
06-09-2025 02:30:19.945 INFO Current price: 0.000000059696 - Current percentage: 10.89% - Max: 26.93% - Min: -3.77% - Market Cap 12179 - Trading time: 00:00:23
06-09-2025 02:30:20.938 INFO Current price: 0.000000059299 - Current percentage: 9.32% - Max: 26.93% - Min: -3.77% - Market Cap 12007 - Trading time: 00:00:24
06-09-2025 02:30:21.331 INFO Current price: 0.000000059407 - Current percentage: 11.30% - Max: 26.93% - Min: -3.77% - Market Cap 12224 - Trading time: 00:00:24
06-09-2025 02:30:22.854 INFO Current price: 0.000000059968 - Current percentage: 11.40% - Max: 26.93% - Min: -3.77% - Market Cap 12235 - Trading time: 00:00:26
06-09-2025 02:30:23.374 INFO Current price: 0.000000062047 - Current percentage: 19.15% - Max: 26.93% - Min: -3.77% - Market Cap 13086 - Trading time: 00:00:26
06-09-2025 02:30:23.379 INFO Current price: 0.000000066188 - Current percentage: 26.76% - Max: 26.93% - Min: -3.77% - Market Cap 13923 - Trading time: 00:00:26
06-09-2025 02:30:24.130 INFO Current price: 0.000000068414 - Current percentage: 27.29% - Max: 27.29% - Min: -3.77% - Market Cap 13981 - Trading time: 00:00:27
06-09-2025 02:30:24.181 INFO Current price: 0.000000068472 - Current percentage: 26.98% - Max: 27.29% - Min: -3.77% - Market Cap 13946 - Trading time: 00:00:27
06-09-2025 02:30:24.596 INFO Current price: 0.000000070546 - Current percentage: 35.12% - Max: 35.12% - Min: -3.77% - Market Cap 14841 - Trading time: 00:00:28
06-09-2025 02:30:25.165 INFO Current price: 0.000000073215 - Current percentage: 36.77% - Max: 36.77% - Min: -3.77% - Market Cap 15021 - Trading time: 00:00:28
06-09-2025 02:30:28.001 INFO Current price: 0.000000072932 - Current percentage: 34.08% - Max: 36.77% - Min: -3.77% - Market Cap 14726 - Trading time: 00:00:31
06-09-2025 02:30:28.569 INFO Current price: 0.000000072198 - Current percentage: 34.02% - Max: 36.77% - Min: -3.77% - Market Cap 14720 - Trading time: 00:00:32
06-09-2025 02:30:29.658 INFO Current price: 0.000000072227 - Current percentage: 34.19% - Max: 36.77% - Min: -3.77% - Market Cap 14738 - Trading time: 00:00:33
06-09-2025 02:30:30.090 INFO Current price: 0.000000072346 - Current percentage: 34.47% - Max: 36.77% - Min: -3.77% - Market Cap 14769 - Trading time: 00:00:33
06-09-2025 02:30:32.435 INFO Current price: 0.000000072658 - Current percentage: 35.35% - Max: 36.77% - Min: -3.77% - Market Cap 14866 - Trading time: 00:00:35
06-09-2025 02:30:32.850 INFO Current price: 0.000000077310 - Current percentage: 52.24% - Max: 52.24% - Min: -3.77% - Market Cap 16721 - Trading time: 00:00:36
06-09-2025 02:30:33.228 INFO Current price: 0.000000082304 - Current percentage: 53.40% - Max: 53.40% - Min: -3.77% - Market Cap 16848 - Trading time: 00:00:36
06-09-2025 02:30:34.014 INFO Current price: 0.000000084184 - Current percentage: 59.27% - Max: 59.27% - Min: -3.77% - Market Cap 17493 - Trading time: 00:00:37
06-09-2025 02:30:34.919 INFO Current price: 0.000000085941 - Current percentage: 59.87% - Max: 59.87% - Min: -3.77% - Market Cap 17559 - Trading time: 00:00:38
06-09-2025 02:30:35.370 INFO Current price: 0.000000086238 - Current percentage: 60.37% - Max: 60.37% - Min: -3.77% - Market Cap 17614 - Trading time: 00:00:38
06-09-2025 02:30:35.595 INFO Current price: 0.000000086773 - Current percentage: 61.86% - Max: 61.86% - Min: -3.77% - Market Cap 17778 - Trading time: 00:00:39
06-09-2025 02:30:35.598 INFO Current price: 0.000000087417 - Current percentage: 62.76% - Max: 62.76% - Min: -3.77% - Market Cap 17876 - Trading time: 00:00:39
06-09-2025 02:30:35.890 INFO Current price: 0.000000087625 - Current percentage: 62.64% - Max: 62.76% - Min: -3.77% - Market Cap 17862 - Trading time: 00:00:39
06-09-2025 02:30:37.437 INFO Current price: 0.000000087625 - Current percentage: 62.76% - Max: 62.76% - Min: -3.77% - Market Cap 17876 - Trading time: 00:00:40
06-09-2025 02:30:39.689 INFO Current price: 0.000000087820 - Current percentage: 63.36% - Max: 63.36% - Min: -3.77% - Market Cap 17942 - Trading time: 00:00:43
06-09-2025 02:30:39.689 INFO Current price: 0.000000088103 - Current percentage: 63.81% - Max: 63.81% - Min: -3.77% - Market Cap 17992 - Trading time: 00:00:43
06-09-2025 02:30:39.690 INFO Current price: 0.000000088041 - Current percentage: 63.13% - Max: 63.81% - Min: -3.77% - Market Cap 17917 - Trading time: 00:00:43
06-09-2025 02:30:44.707 INFO Current price: 0.000000087542 - Current percentage: 61.96% - Max: 63.81% - Min: -3.77% - Market Cap 17788 - Trading time: 00:00:48
06-09-2025 02:30:44.750 INFO Current price: 0.000000087309 - Current percentage: 62.26% - Max: 63.81% - Min: -3.77% - Market Cap 17821 - Trading time: 00:00:48
06-09-2025 02:30:45.012 INFO Current price: 0.000000087224 - Current percentage: 61.65% - Max: 63.81% - Min: -3.77% - Market Cap 17754 - Trading time: 00:00:48
06-09-2025 02:30:45.159 INFO Current price: 0.000000085428 - Current percentage: 55.65% - Max: 63.81% - Min: -3.77% - Market Cap 17095 - Trading time: 00:00:48
06-09-2025 02:30:45.868 INFO Current price: 0.000000083633 - Current percentage: 54.93% - Max: 63.81% - Min: -3.77% - Market Cap 17016 - Trading time: 00:00:49
06-09-2025 02:30:48.776 INFO Current price: 0.000000083482 - Current percentage: 55.07% - Max: 63.81% - Min: -3.77% - Market Cap 17032 - Trading time: 00:00:52
06-09-2025 02:30:50.124 INFO Current price: 0.000000083676 - Current percentage: 55.66% - Max: 63.81% - Min: -3.77% - Market Cap 17096 - Trading time: 00:00:53
06-09-2025 02:30:50.925 INFO Current price: 0.000000083991 - Current percentage: 56.25% - Max: 63.81% - Min: -3.77% - Market Cap 17161 - Trading time: 00:00:54
06-09-2025 02:30:52.480 INFO Current price: 0.000000084105 - Current percentage: 56.08% - Max: 63.81% - Min: -3.77% - Market Cap 17142 - Trading time: 00:00:56
06-09-2025 02:30:55.919 INFO Current price: 0.000000084138 - Current percentage: 56.37% - Max: 63.81% - Min: -3.77% - Market Cap 17174 - Trading time: 00:00:59
06-09-2025 02:30:56.313 INFO Current price: 0.000000084280 - Current percentage: 56.61% - Max: 63.81% - Min: -3.77% - Market Cap 17201 - Trading time: 00:00:59
06-09-2025 02:31:01.247 INFO Current price: 0.000000083172 - Current percentage: 52.28% - Max: 63.81% - Min: -3.77% - Market Cap 16725 - Trading time: 00:01:04
06-09-2025 02:31:01.844 INFO Current price: 0.000000081809 - Current percentage: 51.52% - Max: 63.81% - Min: -3.77% - Market Cap 16642 - Trading time: 00:01:05
06-09-2025 02:31:03.828 INFO Current price: 0.000000081586 - Current percentage: 51.45% - Max: 63.81% - Min: -3.77% - Market Cap 16634 - Trading time: 00:01:07
06-09-2025 02:31:05.716 INFO Current price: 0.000000081786 - Current percentage: 52.26% - Max: 63.81% - Min: -3.77% - Market Cap 16723 - Trading time: 00:01:09
06-09-2025 02:31:05.718 INFO Current price: 0.000000082223 - Current percentage: 53.07% - Max: 63.81% - Min: -3.77% - Market Cap 16812 - Trading time: 00:01:09
06-09-2025 02:31:09.968 INFO Current price: 0.000000082438 - Current percentage: 53.07% - Max: 63.81% - Min: -3.77% - Market Cap 16812 - Trading time: 00:01:13
06-09-2025 02:31:15.150 INFO Current price: 0.000000082295 - Current percentage: 52.53% - Max: 63.81% - Min: -3.77% - Market Cap 16753 - Trading time: 00:01:18
06-09-2025 02:31:15.994 INFO Current price: 0.000000081626 - Current percentage: 50.60% - Max: 63.81% - Min: -3.77% - Market Cap 16540 - Trading time: 00:01:19
06-09-2025 02:31:21.817 INFO Current price: 0.000000081293 - Current percentage: 51.29% - Max: 63.81% - Min: -3.77% - Market Cap 16616 - Trading time: 00:01:25
06-09-2025 02:31:22.081 INFO Current price: 0.000000081528 - Current percentage: 51.47% - Max: 63.81% - Min: -3.77% - Market Cap 16636 - Trading time: 00:01:25
06-09-2025 02:31:22.084 INFO Current price: 0.000000081623 - Current percentage: 51.64% - Max: 63.81% - Min: -3.77% - Market Cap 16655 - Trading time: 00:01:25
06-09-2025 02:31:23.250 INFO Current price: 0.000000081590 - Current percentage: 51.34% - Max: 63.81% - Min: -3.77% - Market Cap 16622 - Trading time: 00:01:26
06-09-2025 02:31:23.915 INFO Current price: 0.000000082857 - Current percentage: 56.39% - Max: 63.81% - Min: -3.77% - Market Cap 17177 - Trading time: 00:01:27
06-09-2025 02:31:23.927 INFO Current price: 0.000000085388 - Current percentage: 60.73% - Max: 63.81% - Min: -3.77% - Market Cap 17653 - Trading time: 00:01:27
06-09-2025 02:31:25.638 INFO Current price: 0.000000088183 - Current percentage: 66.80% - Max: 66.80% - Min: -3.77% - Market Cap 18320 - Trading time: 00:01:29
06-09-2025 02:31:26.815 INFO Current price: 0.000000090159 - Current percentage: 68.01% - Max: 68.01% - Min: -3.77% - Market Cap 18453 - Trading time: 00:01:30
06-09-2025 02:31:28.142 INFO Current price: 0.000000090815 - Current percentage: 69.23% - Max: 69.23% - Min: -3.77% - Market Cap 18587 - Trading time: 00:01:31
06-09-2025 02:31:28.671 INFO Current price: 0.000000091308 - Current percentage: 69.84% - Max: 69.84% - Min: -3.77% - Market Cap 18654 - Trading time: 00:01:32
06-09-2025 02:31:30.013 INFO Current price: 0.000000091638 - Current percentage: 70.46% - Max: 70.46% - Min: -3.77% - Market Cap 18721 - Trading time: 00:01:33
06-09-2025 02:31:31.241 INFO Current price: 0.000000091968 - Current percentage: 71.07% - Max: 71.07% - Min: -3.77% - Market Cap 18789 - Trading time: 00:01:34
06-09-2025 02:31:34.626 INFO Current price: 0.000000092299 - Current percentage: 71.69% - Max: 71.69% - Min: -3.77% - Market Cap 18856 - Trading time: 00:01:38
06-09-2025 02:31:36.404 INFO Current price: 0.000000092631 - Current percentage: 72.30% - Max: 72.30% - Min: -3.77% - Market Cap 18924 - Trading time: 00:01:39
06-09-2025 02:31:38.359 INFO Current price: 0.000000092963 - Current percentage: 72.92% - Max: 72.92% - Min: -3.77% - Market Cap 18992 - Trading time: 00:01:41
06-09-2025 02:31:39.437 INFO Current price: 0.000000093119 - Current percentage: 72.88% - Max: 72.92% - Min: -3.77% - Market Cap 18988 - Trading time: 00:01:42
06-09-2025 02:31:40.925 INFO Current price: 0.000000092922 - Current percentage: 72.19% - Max: 72.92% - Min: -3.77% - Market Cap 18912 - Trading time: 00:01:44
06-09-2025 02:31:41.029 INFO Current price: 0.000000092902 - Current percentage: 72.81% - Max: 72.92% - Min: -3.77% - Market Cap 18979 - Trading time: 00:01:44
06-09-2025 02:31:42.138 INFO Current price: 0.000000093234 - Current percentage: 73.42% - Max: 73.42% - Min: -3.77% - Market Cap 19047 - Trading time: 00:01:45
06-09-2025 02:31:42.241 INFO Current price: 0.000000090742 - Current percentage: 63.69% - Max: 73.42% - Min: -3.77% - Market Cap 17978 - Trading time: 00:01:45
06-09-2025 02:31:43.835 INFO Current price: 0.000000085197 - Current percentage: 52.88% - Max: 73.42% - Min: -3.77% - Market Cap 16791 - Trading time: 00:01:47
06-09-2025 02:31:44.154 INFO Current price: 0.000000082634 - Current percentage: 53.99% - Max: 73.42% - Min: -3.77% - Market Cap 16913 - Trading time: 00:01:47
06-09-2025 02:31:45.083 INFO Current price: 0.000000084503 - Current percentage: 59.87% - Max: 73.42% - Min: -3.77% - Market Cap 17559 - Trading time: 00:01:48
06-09-2025 02:31:46.891 INFO Current price: 0.000000086079 - Current percentage: 59.79% - Max: 73.42% - Min: -3.77% - Market Cap 17549 - Trading time: 00:01:50
06-09-2025 02:31:47.339 INFO Current price: 0.000000086216 - Current percentage: 60.38% - Max: 73.42% - Min: -3.77% - Market Cap 17615 - Trading time: 00:01:50
06-09-2025 02:31:49.261 INFO Current price: 0.000000085205 - Current percentage: 56.06% - Max: 73.42% - Min: -3.77% - Market Cap 17140 - Trading time: 00:01:52
06-09-2025 02:31:49.271 INFO Current price: 0.000000082682 - Current percentage: 51.02% - Max: 73.42% - Min: -3.77% - Market Cap 16587 - Trading time: 00:01:52
06-09-2025 02:31:50.508 INFO Current price: 0.000000081060 - Current percentage: 50.00% - Max: 73.42% - Min: -3.77% - Market Cap 16474 - Trading time: 00:01:54
06-09-2025 02:31:53.151 INFO Current price: 0.000000080939 - Current percentage: 50.57% - Max: 73.42% - Min: -3.77% - Market Cap 16537 - Trading time: 00:01:56
06-09-2025 02:31:53.569 INFO Current price: 0.000000079631 - Current percentage: 45.19% - Max: 73.42% - Min: -3.77% - Market Cap 15946 - Trading time: 00:01:57
06-09-2025 02:31:54.116 INFO Current price: 0.000000078271 - Current percentage: 45.47% - Max: 73.42% - Min: -3.77% - Market Cap 15977 - Trading time: 00:01:57
06-09-2025 02:32:01.768 INFO Current price: 0.000000078363 - Current percentage: 45.53% - Max: 73.42% - Min: -3.77% - Market Cap 15984 - Trading time: 00:02:05
06-09-2025 02:32:04.690 INFO Current price: 0.000000079517 - Current percentage: 49.79% - Max: 73.42% - Min: -3.77% - Market Cap 16451 - Trading time: 00:02:08
06-09-2025 02:32:04.690 INFO Current price: 0.000000081993 - Current percentage: 54.74% - Max: 73.42% - Min: -3.77% - Market Cap 16995 - Trading time: 00:02:08
06-09-2025 02:32:07.263 INFO Current price: 0.000000084926 - Current percentage: 60.69% - Max: 73.42% - Min: -3.77% - Market Cap 17649 - Trading time: 00:02:10
06-09-2025 02:32:07.743 INFO Current price: 0.000000086842 - Current percentage: 61.80% - Max: 73.42% - Min: -3.77% - Market Cap 17770 - Trading time: 00:02:11
06-09-2025 02:32:08.815 INFO Current price: 0.000000086437 - Current percentage: 59.20% - Max: 73.42% - Min: -3.77% - Market Cap 17485 - Trading time: 00:02:12
06-09-2025 02:32:08.940 INFO Current price: 0.000000086061 - Current percentage: 60.39% - Max: 73.42% - Min: -3.77% - Market Cap 17616 - Trading time: 00:02:12
06-09-2025 02:32:16.491 INFO Current price: 0.000000083087 - Current percentage: 48.38% - Max: 73.42% - Min: -3.77% - Market Cap 16297 - Trading time: 00:02:20
06-09-2025 02:32:16.497 INFO Current price: 0.000000077284 - Current percentage: 38.77% - Max: 73.42% - Min: -3.77% - Market Cap 15242 - Trading time: 00:02:20
06-09-2025 02:32:16.961 INFO Current price: 0.000000074782 - Current percentage: 38.85% - Max: 73.42% - Min: -3.77% - Market Cap 15250 - Trading time: 00:02:20
06-09-2025 02:32:17.968 INFO Current price: 0.000000074686 - Current percentage: 38.49% - Max: 73.42% - Min: -3.77% - Market Cap 15211 - Trading time: 00:02:21
06-09-2025 02:32:19.832 INFO Current price: 0.000000074353 - Current percentage: 37.62% - Max: 73.42% - Min: -3.77% - Market Cap 15115 - Trading time: 00:02:23
06-09-2025 02:32:21.960 INFO Current price: 0.000000074356 - Current percentage: 38.50% - Max: 73.42% - Min: -3.77% - Market Cap 15212 - Trading time: 00:02:25
06-09-2025 02:32:21.960 INFO Current price: 0.000000074803 - Current percentage: 39.28% - Max: 73.42% - Min: -3.77% - Market Cap 15297 - Trading time: 00:02:25
06-09-2025 02:32:22.448 INFO Current price: 0.000000072819 - Current percentage: 31.26% - Max: 73.42% - Min: -3.77% - Market Cap 14416 - Trading time: 00:02:26
06-09-2025 02:32:22.453 INFO Current price: 0.000000068832 - Current percentage: 24.44% - Max: 73.42% - Min: -3.77% - Market Cap 13668 - Trading time: 00:02:26
06-09-2025 02:32:23.661 INFO Current price: 0.000000068433 - Current percentage: 29.74% - Max: 73.42% - Min: -3.77% - Market Cap 14249 - Trading time: 00:02:27
06-09-2025 02:32:24.876 INFO Current price: 0.000000070572 - Current percentage: 32.34% - Max: 73.42% - Min: -3.77% - Market Cap 14535 - Trading time: 00:02:28
06-09-2025 02:32:24.876 INFO Current price: 0.000000072027 - Current percentage: 35.14% - Max: 73.42% - Min: -3.77% - Market Cap 14843 - Trading time: 00:02:28
06-09-2025 02:32:25.119 INFO Current price: 0.000000073152 - Current percentage: 36.51% - Max: 73.42% - Min: -3.77% - Market Cap 14993 - Trading time: 00:02:28
06-09-2025 02:32:27.031 INFO Current price: 0.000000073511 - Current percentage: 36.47% - Max: 73.42% - Min: -3.77% - Market Cap 14989 - Trading time: 00:02:30
06-09-2025 02:32:27.994 INFO Current price: 0.000000073649 - Current percentage: 37.02% - Max: 73.42% - Min: -3.77% - Market Cap 15049 - Trading time: 00:02:31
06-09-2025 02:32:29.643 INFO Current price: 0.000000071733 - Current percentage: 29.46% - Max: 73.42% - Min: -3.77% - Market Cap 14219 - Trading time: 00:02:33
06-09-2025 02:32:29.643 INFO Current price: 0.000000067927 - Current percentage: 22.87% - Max: 73.42% - Min: -3.77% - Market Cap 13495 - Trading time: 00:02:33
06-09-2025 02:32:30.533 INFO Current price: 0.000000066015 - Current percentage: 22.28% - Max: 73.42% - Min: -3.77% - Market Cap 13430 - Trading time: 00:02:34
06-09-2025 02:32:33.342 INFO Current price: 0.000000065920 - Current percentage: 22.52% - Max: 73.42% - Min: -3.77% - Market Cap 13456 - Trading time: 00:02:36
06-09-2025 02:32:35.343 INFO Current price: 0.000000066054 - Current percentage: 22.78% - Max: 73.42% - Min: -3.77% - Market Cap 13485 - Trading time: 00:02:38
06-09-2025 02:32:36.140 INFO Current price: 0.000000068646 - Current percentage: 32.32% - Max: 73.42% - Min: -3.77% - Market Cap 14533 - Trading time: 00:02:39
06-09-2025 02:32:36.708 INFO Current price: 0.000000072447 - Current percentage: 36.75% - Max: 73.42% - Min: -3.77% - Market Cap 15019 - Trading time: 00:02:40
06-09-2025 02:32:36.711 INFO Current price: 0.000000074814 - Current percentage: 41.11% - Max: 73.42% - Min: -3.77% - Market Cap 15498 - Trading time: 00:02:40
06-09-2025 02:32:41.890 INFO Current price: 0.000000074737 - Current percentage: 36.47% - Max: 73.42% - Min: -3.77% - Market Cap 14988 - Trading time: 00:02:45
06-09-2025 02:32:41.905 INFO Current price: 0.000000072373 - Current percentage: 32.32% - Max: 73.42% - Min: -3.77% - Market Cap 14533 - Trading time: 00:02:45
06-09-2025 02:32:47.457 INFO Current price: 0.000000070892 - Current percentage: 30.94% - Max: 73.42% - Min: -3.77% - Market Cap 14381 - Trading time: 00:02:51
06-09-2025 02:32:48.489 INFO Current price: 0.000000070446 - Current percentage: 30.66% - Max: 73.42% - Min: -3.77% - Market Cap 14351 - Trading time: 00:02:52
06-09-2025 02:32:50.691 INFO Current price: 0.000000067229 - Current percentage: 19.25% - Max: 73.42% - Min: -3.77% - Market Cap 13098 - Trading time: 00:02:54
06-09-2025 02:32:50.691 INFO Current price: 0.000000062352 - Current percentage: 12.39% - Max: 73.42% - Min: -3.77% - Market Cap 12344 - Trading time: 00:02:54
06-09-2025 02:32:50.920 INFO Current price: 0.000000060256 - Current percentage: 11.37% - Max: 73.42% - Min: -3.77% - Market Cap 12232 - Trading time: 00:02:54
06-09-2025 02:32:50.929 INFO Current price: 0.000000060048 - Current percentage: 11.62% - Max: 73.42% - Min: -3.77% - Market Cap 12259 - Trading time: 00:02:54
06-09-2025 02:32:51.200 INFO Current price: 0.000000057262 - Current percentage: 1.28% - Max: 73.42% - Min: -3.77% - Market Cap 11123 - Trading time: 00:02:54
06-09-2025 02:32:52.024 INFO Current price: 0.000000054383 - Current percentage: 0.68% - Max: 73.42% - Min: -3.77% - Market Cap 11057 - Trading time: 00:02:55
06-09-2025 02:32:52.129 INFO Current price: 0.000000054128 - Current percentage: 0.33% - Max: 73.42% - Min: -3.77% - Market Cap 11019 - Trading time: 00:02:55
06-09-2025 02:32:52.658 INFO Current price: 0.000000053996 - Current percentage: 0.18% - Max: 73.42% - Min: -3.77% - Market Cap 11003 - Trading time: 00:02:56
06-09-2025 02:32:54.586 INFO Current price: 0.000000053806 - Current percentage: -0.38% - Max: 73.42% - Min: -3.77% - Market Cap 10942 - Trading time: 00:02:58
06-09-2025 02:32:56.180 INFO Current price: 0.000000052683 - Current percentage: -3.95% - Max: 73.42% - Min: -3.95% - Market Cap 10549 - Trading time: 00:02:59
06-09-2025 02:32:56.365 INFO Current price: 0.000000050775 - Current percentage: -7.46% - Max: 73.42% - Min: -7.46% - Market Cap 10164 - Trading time: 00:02:59
06-09-2025 02:32:59.678 INFO Current price: 0.000000048298 - Current percentage: -13.09% - Max: 73.42% - Min: -13.09% - Market Cap 9545 - Trading time: 00:03:03
06-09-2025 02:32:59.899 INFO Current price: 0.000000047370 - Current percentage: -10.98% - Max: 73.42% - Min: -13.09% - Market Cap 9777 - Trading time: 00:03:03
06-09-2025 02:33:01.693 INFO Current price: 0.000000048123 - Current percentage: -10.31% - Max: 73.42% - Min: -13.09% - Market Cap 9851 - Trading time: 00:03:05
06-09-2025 02:33:02.205 INFO Current price: 0.000000050102 - Current percentage: -3.51% - Max: 73.42% - Min: -13.09% - Market Cap 10597 - Trading time: 00:03:05
06-09-2025 02:33:02.266 INFO Current price: 0.000000052311 - Current percentage: -2.22% - Max: 73.42% - Min: -13.09% - Market Cap 10739 - Trading time: 00:03:05
06-09-2025 02:33:02.347 INFO Current price: 0.000000053015 - Current percentage: -0.90% - Max: 73.42% - Min: -13.09% - Market Cap 10884 - Trading time: 00:03:05
06-09-2025 02:33:02.351 INFO Current price: 0.000000054645 - Current percentage: 3.88% - Max: 73.42% - Min: -13.09% - Market Cap 11409 - Trading time: 00:03:05
06-09-2025 02:33:02.375 INFO Current price: 0.000000057236 - Current percentage: 8.72% - Max: 73.42% - Min: -13.09% - Market Cap 11941 - Trading time: 00:03:05
06-09-2025 02:33:02.454 INFO Current price: 0.000000061252 - Current percentage: 18.97% - Max: 73.42% - Min: -13.09% - Market Cap 13066 - Trading time: 00:03:06
06-09-2025 02:33:02.534 INFO Current price: 0.000000064350 - Current percentage: 20.00% - Max: 73.42% - Min: -13.09% - Market Cap 13179 - Trading time: 00:03:06
06-09-2025 02:33:02.800 INFO Current price: 0.000000064629 - Current percentage: 20.00% - Max: 73.42% - Min: -13.09% - Market Cap 13180 - Trading time: 00:03:06
06-09-2025 02:33:03.455 INFO Current price: 0.000000064648 - Current percentage: 20.07% - Max: 73.42% - Min: -13.09% - Market Cap 13187 - Trading time: 00:03:07
06-09-2025 02:33:03.835 INFO Current price: 0.000000063771 - Current percentage: 16.77% - Max: 73.42% - Min: -13.09% - Market Cap 12825 - Trading time: 00:03:07
06-09-2025 02:33:12.015 INFO Current price: 0.000000061422 - Current percentage: 11.39% - Max: 73.42% - Min: -13.09% - Market Cap 12234 - Trading time: 00:03:15
06-09-2025 02:33:12.096 INFO Current price: 0.000000059566 - Current percentage: 9.82% - Max: 73.42% - Min: -13.09% - Market Cap 12061 - Trading time: 00:03:15
06-09-2025 02:33:12.756 INFO Current price: 0.000000058965 - Current percentage: 9.15% - Max: 73.42% - Min: -13.09% - Market Cap 11988 - Trading time: 00:03:16
06-09-2025 02:33:13.051 INFO Current price: 0.000000058770 - Current percentage: 9.09% - Max: 73.42% - Min: -13.09% - Market Cap 11982 - Trading time: 00:03:16
06-09-2025 02:33:14.907 INFO Current price: 0.000000058640 - Current percentage: 8.67% - Max: 73.42% - Min: -13.09% - Market Cap 11935 - Trading time: 00:03:18
06-09-2025 02:33:15.141 INFO Current price: 0.000000058497 - Current percentage: 8.56% - Max: 73.42% - Min: -13.09% - Market Cap 11923 - Trading time: 00:03:18
06-09-2025 02:33:15.300 INFO Current price: 0.000000058439 - Current percentage: 8.45% - Max: 73.42% - Min: -13.09% - Market Cap 11912 - Trading time: 00:03:18
06-09-2025 02:33:16.603 INFO Current price: 0.000000059727 - Current percentage: 13.40% - Max: 73.42% - Min: -13.09% - Market Cap 12455 - Trading time: 00:03:20
06-09-2025 02:33:17.379 INFO Current price: 0.000000063094 - Current percentage: 21.03% - Max: 73.42% - Min: -13.09% - Market Cap 13292 - Trading time: 00:03:20
06-09-2025 02:33:17.877 INFO Current price: 0.000000065877 - Current percentage: 23.62% - Max: 73.42% - Min: -13.09% - Market Cap 13578 - Trading time: 00:03:21
06-09-2025 02:33:18.286 INFO Current price: 0.000000066587 - Current percentage: 23.65% - Max: 73.42% - Min: -13.09% - Market Cap 13581 - Trading time: 00:03:21
06-09-2025 02:33:25.498 INFO Current price: 0.000000066516 - Current percentage: 23.36% - Max: 73.42% - Min: -13.09% - Market Cap 13549 - Trading time: 00:03:29
06-09-2025 02:33:28.043 INFO Current price: 0.000000066452 - Current percentage: 23.41% - Max: 73.42% - Min: -13.09% - Market Cap 13555 - Trading time: 00:03:31
06-09-2025 02:33:28.242 INFO Current price: 0.000000066509 - Current percentage: 23.57% - Max: 73.42% - Min: -13.09% - Market Cap 13572 - Trading time: 00:03:31
06-09-2025 02:33:28.494 INFO Current price: 0.000000063863 - Current percentage: 13.79% - Max: 73.42% - Min: -13.09% - Market Cap 12498 - Trading time: 00:03:32
06-09-2025 02:33:38.841 INFO Current price: 0.000000061025 - Current percentage: 12.83% - Max: 73.42% - Min: -13.09% - Market Cap 12392 - Trading time: 00:03:42
06-09-2025 02:33:40.027 INFO Current price: 0.000000060153 - Current percentage: 10.56% - Max: 73.42% - Min: -13.09% - Market Cap 12143 - Trading time: 00:03:43
06-09-2025 02:33:48.765 INFO Current price: 0.000000059540 - Current percentage: 10.54% - Max: 73.42% - Min: -13.09% - Market Cap 12141 - Trading time: 00:03:52
06-09-2025 02:33:48.843 INFO Current price: 0.000000059113 - Current percentage: 8.98% - Max: 73.42% - Min: -13.09% - Market Cap 11969 - Trading time: 00:03:52
06-09-2025 02:33:51.767 INFO Current price: 0.000000059750 - Current percentage: 12.94% - Max: 73.42% - Min: -13.09% - Market Cap 12404 - Trading time: 00:03:55
06-09-2025 02:33:52.001 INFO Current price: 0.000000061080 - Current percentage: 13.89% - Max: 73.42% - Min: -13.09% - Market Cap 12508 - Trading time: 00:03:55
06-09-2025 02:33:52.738 INFO Current price: 0.000000062011 - Current percentage: 16.41% - Max: 73.42% - Min: -13.09% - Market Cap 12785 - Trading time: 00:03:56
06-09-2025 02:34:01.945 INFO Current price: 0.000000063382 - Current percentage: 18.98% - Max: 73.42% - Min: -13.09% - Market Cap 13068 - Trading time: 00:04:05
06-09-2025 02:34:02.155 INFO Current price: 0.000000064367 - Current percentage: 20.05% - Max: 73.42% - Min: -13.09% - Market Cap 13185 - Trading time: 00:04:05
06-09-2025 02:34:03.190 INFO Current price: 0.000000065210 - Current percentage: 22.12% - Max: 73.42% - Min: -13.09% - Market Cap 13412 - Trading time: 00:04:06
06-09-2025 02:34:04.582 INFO Current price: 0.000000066468 - Current percentage: 24.73% - Max: 73.42% - Min: -13.09% - Market Cap 13699 - Trading time: 00:04:08
06-09-2025 02:34:11.017 INFO Current price: 0.000000067273 - Current percentage: 25.09% - Max: 73.42% - Min: -13.09% - Market Cap 13739 - Trading time: 00:04:14
06-09-2025 02:34:14.835 INFO Current price: 0.000000067627 - Current percentage: 26.04% - Max: 73.42% - Min: -13.09% - Market Cap 13843 - Trading time: 00:04:18
06-09-2025 02:34:18.984 INFO Current price: 0.000000068321 - Current percentage: 27.67% - Max: 73.42% - Min: -13.09% - Market Cap 14023 - Trading time: 00:04:22
06-09-2025 02:34:19.044 INFO Current price: 0.000000066502 - Current percentage: 19.42% - Max: 73.42% - Min: -13.09% - Market Cap 13116 - Trading time: 00:04:22
06-09-2025 02:34:19.296 INFO Current price: 0.000000064459 - Current percentage: 19.95% - Max: 73.42% - Min: -13.09% - Market Cap 13174 - Trading time: 00:04:22
06-09-2025 02:34:19.420 INFO Current price: 0.000000064324 - Current percentage: 18.92% - Max: 73.42% - Min: -13.09% - Market Cap 13062 - Trading time: 00:04:22
06-09-2025 02:34:19.516 INFO Current price: 0.000000063345 - Current percentage: 16.32% - Max: 73.42% - Min: -13.09% - Market Cap 12776 - Trading time: 00:04:23
06-09-2025 02:34:22.155 INFO Current price: 0.000000060849 - Current percentage: 9.74% - Max: 73.42% - Min: -13.09% - Market Cap 12053 - Trading time: 00:04:25
06-09-2025 02:34:22.155 INFO Current price: 0.000000057813 - Current percentage: 5.00% - Max: 73.42% - Min: -13.09% - Market Cap 11533 - Trading time: 00:04:25
06-09-2025 02:34:24.915 INFO Current price: 0.000000056006 - Current percentage: 2.99% - Max: 73.42% - Min: -13.09% - Market Cap 11311 - Trading time: 00:04:28
06-09-2025 02:34:34.563 INFO Current price: 0.000000055446 - Current percentage: 2.91% - Max: 73.42% - Min: -13.09% - Market Cap 11303 - Trading time: 00:04:38
06-09-2025 02:34:35.143 INFO Current price: 0.000000052856 - Current percentage: -6.41% - Max: 73.42% - Min: -13.09% - Market Cap 10279 - Trading time: 00:04:38
06-09-2025 02:34:35.249 INFO Current price: 0.000000048426 - Current percentage: -13.61% - Max: 73.42% - Min: -13.61% - Market Cap 9488 - Trading time: 00:04:38
06-09-2025 02:34:35.389 INFO Current price: 0.000000046355 - Current percentage: -14.24% - Max: 73.42% - Min: -14.24% - Market Cap 9419 - Trading time: 00:04:38
06-09-2025 02:34:35.732 INFO Current price: 0.000000044804 - Current percentage: -19.30% - Max: 73.42% - Min: -19.30% - Market Cap 8863 - Trading time: 00:04:39
06-09-2025 02:34:35.790 INFO Current price: 0.000000043385 - Current percentage: -19.59% - Max: 73.42% - Min: -19.59% - Market Cap 8832 - Trading time: 00:04:39
06-09-2025 02:34:36.135 INFO Current price: 0.000000043299 - Current percentage: -19.62% - Max: 73.42% - Min: -19.62% - Market Cap 8828 - Trading time: 00:04:39
06-09-2025 02:34:36.170 INFO Current price: 0.000000042640 - Current percentage: -22.02% - Max: 73.42% - Min: -22.02% - Market Cap 8565 - Trading time: 00:04:39
06-09-2025 02:34:37.929 INFO Current price: 0.000000040029 - Current percentage: -29.16% - Max: 73.42% - Min: -29.16% - Market Cap 7780 - Trading time: 00:04:41
06-09-2025 02:34:39.041 INFO Current price: 0.000000039535 - Current percentage: -23.93% - Max: 73.42% - Min: -29.16% - Market Cap 8355 - Trading time: 00:04:42
06-09-2025 02:34:39.609 INFO Current price: 0.000000041818 - Current percentage: -20.75% - Max: 73.42% - Min: -29.16% - Market Cap 8705 - Trading time: 00:04:43
06-09-2025 02:34:39.609 INFO Current price: 0.000000043619 - Current percentage: -17.24% - Max: 73.42% - Min: -29.16% - Market Cap 9090 - Trading time: 00:04:43
06-09-2025 02:34:39.663 INFO Current price: 0.000000044816 - Current percentage: -16.34% - Max: 73.42% - Min: -29.16% - Market Cap 9189 - Trading time: 00:04:43
06-09-2025 02:34:39.702 INFO Current price: 0.000000044063 - Current percentage: -19.99% - Max: 73.42% - Min: -29.16% - Market Cap 8787 - Trading time: 00:04:43
06-09-2025 02:34:39.822 INFO Current price: 0.000000042863 - Current percentage: -20.83% - Max: 73.42% - Min: -29.16% - Market Cap 8695 - Trading time: 00:04:43
06-09-2025 02:34:39.970 INFO Current price: 0.000000042422 - Current percentage: -21.63% - Max: 73.42% - Min: -29.16% - Market Cap 8607 - Trading time: 00:04:43
06-09-2025 02:34:40.795 INFO Current price: 0.000000042218 - Current percentage: -21.59% - Max: 73.42% - Min: -29.16% - Market Cap 8612 - Trading time: 00:04:44
06-09-2025 02:34:41.317 INFO Current price: 0.000000042509 - Current percentage: -20.55% - Max: 73.42% - Min: -29.16% - Market Cap 8726 - Trading time: 00:04:44
06-09-2025 02:34:41.378 INFO Current price: 0.000000043078 - Current percentage: -19.48% - Max: 73.42% - Min: -29.16% - Market Cap 8844 - Trading time: 00:04:44
06-09-2025 02:34:42.287 INFO Current price: 0.000000044514 - Current percentage: -15.16% - Max: 73.42% - Min: -29.16% - Market Cap 9318 - Trading time: 00:04:45
06-09-2025 02:34:42.290 INFO Current price: 0.000000046638 - Current percentage: -11.61% - Max: 73.42% - Min: -29.16% - Market Cap 9708 - Trading time: 00:04:45
06-09-2025 02:34:42.327 INFO Current price: 0.000000048541 - Current percentage: -8.10% - Max: 73.42% - Min: -29.16% - Market Cap 10093 - Trading time: 00:04:45
06-09-2025 02:34:42.331 INFO Current price: 0.000000049797 - Current percentage: -6.97% - Max: 73.42% - Min: -29.16% - Market Cap 10217 - Trading time: 00:04:45
06-09-2025 02:34:42.335 INFO Current price: 0.000000050408 - Current percentage: -5.83% - Max: 73.42% - Min: -29.16% - Market Cap 10342 - Trading time: 00:04:45
06-09-2025 02:34:48.157 INFO Current price: 0.000000050707 - Current percentage: -5.86% - Max: 73.42% - Min: -29.16% - Market Cap 10339 - Trading time: 00:04:51
06-09-2025 02:34:49.455 INFO Current price: 0.000000050685 - Current percentage: -5.92% - Max: 73.42% - Min: -29.16% - Market Cap 10333 - Trading time: 00:04:53
06-09-2025 02:34:49.583 INFO Current price: 0.000000050683 - Current percentage: -5.87% - Max: 73.42% - Min: -29.16% - Market Cap 10338 - Trading time: 00:04:53
06-09-2025 02:34:53.111 INFO Current price: 0.000000050865 - Current percentage: -5.24% - Max: 73.42% - Min: -29.16% - Market Cap 10407 - Trading time: 00:04:56
06-09-2025 02:34:53.122 INFO Current price: 0.000000051234 - Current percentage: -4.50% - Max: 73.42% - Min: -29.16% - Market Cap 10489 - Trading time: 00:04:56
06-09-2025 02:34:54.308 INFO Current price: 0.000000051744 - Current percentage: -3.35% - Max: 73.42% - Min: -29.16% - Market Cap 10615 - Trading time: 00:04:57






06-09-2025 02:34:56.440 INFO {"type":"summary","reason":"max_window","startedAt":"2025-09-06T00:29:56.440Z","endedAt":"2025-09-06T00:34:56.440Z","durationSec":300,"entryPrice":5.711022340947014e-8,"entryMarketCapSol":53.85709442927878,"entryMarketCapUsd":10983.077266962822,"minPct":-29.162376260110157,"maxPct":73.4235109549231,"buyCount":139,"sellCount":103,"tradeCount":242,"entryRecorded":true,"noPostThresholdTrades":false,"triggerAt":"2025-09-06T00:29:56.440Z","ageAtTriggerSec":30,"preTotalTrades":32,"preBuys":26,"preSells":6,"preUniqueTraders":25,"preEntryTotalTrades":40,"preEntryBuys":31,"preEntrySells":9,"preEntryUniqueTraders":30,"preEntryMinMcUsd":6200.16612353439,"preEntryMaxMcUsd":12349.970424771724,"thresholdMcSol":53.85709442927878,"thresholdMcUsd":10983.077266962822,"thresholdPrice":5.711022340947014e-8}
