06-09-2025 02:37:25.882 INFO Entry price: 0.000000043633385130 - Entry market cap: 6663 - Buys 206 - Sells 157 - Ratio: 1:0.76 - Min MarketCap: 6663 - Max MarketCap: 41370
06-09-2025 02:37:25.882 INFO Current price: 0.000000043633 - Current percentage: 0.00% - Max: 0.00% - Min: 0.00% - Market Cap 6663 - Trading time: 00:00:02
06-09-2025 02:37:25.985 INFO Current price: 0.000000036718 - Current percentage: 12.50% - Max: 12.50% - Min: 0.00% - Market Cap 7496 - Trading time: 00:00:02
06-09-2025 02:37:26.222 INFO Current price: 0.000000036206 - Current percentage: 9.32% - Max: 12.50% - Min: 0.00% - Market Cap 7284 - Trading time: 00:00:02
06-09-2025 02:37:26.225 INFO Current price: 0.000000035186 - Current percentage: 6.25% - Max: 12.50% - Min: 0.00% - Market Cap 7079 - Trading time: 00:00:02
06-09-2025 02:37:26.450 INFO Current price: 0.000000034740 - Current percentage: 6.56% - Max: 12.50% - Min: 0.00% - Market Cap 7100 - Trading time: 00:00:02
06-09-2025 02:37:26.662 INFO Current price: 0.000000034994 - Current percentage: 7.81% - Max: 12.50% - Min: 0.00% - Market Cap 7183 - Trading time: 00:00:02
06-09-2025 02:37:30.654 INFO Current price: 0.000000035159 - Current percentage: 7.57% - Max: 12.50% - Min: 0.00% - Market Cap 7167 - Trading time: 00:00:06
06-09-2025 02:37:30.654 INFO Current price: 0.000000035641 - Current percentage: 10.79% - Max: 12.50% - Min: 0.00% - Market Cap 7382 - Trading time: 00:00:06
06-09-2025 02:37:30.860 INFO Current price: 0.000000036118 - Current percentage: 10.47% - Max: 12.50% - Min: 0.00% - Market Cap 7360 - Trading time: 00:00:06
06-09-2025 02:37:31.103 INFO Current price: 0.000000035854 - Current percentage: 9.17% - Max: 12.50% - Min: 0.00% - Market Cap 7274 - Trading time: 00:00:07
06-09-2025 02:37:34.066 INFO Current price: 0.000000035653 - Current percentage: 9.24% - Max: 12.50% - Min: 0.00% - Market Cap 7278 - Trading time: 00:00:10
06-09-2025 02:37:36.387 INFO Current price: 0.000000035557 - Current percentage: 8.52% - Max: 12.50% - Min: 0.00% - Market Cap 7231 - Trading time: 00:00:12
06-09-2025 02:37:37.991 INFO Current price: 0.000000035451 - Current percentage: 8.65% - Max: 12.50% - Min: 0.00% - Market Cap 7239 - Trading time: 00:00:14
06-09-2025 02:37:39.572 INFO Current price: 0.000000035418 - Current percentage: 8.32% - Max: 12.50% - Min: 0.00% - Market Cap 7217 - Trading time: 00:00:15
06-09-2025 02:37:40.817 INFO Current price: 0.000000035254 - Current percentage: 7.64% - Max: 12.50% - Min: 0.00% - Market Cap 7172 - Trading time: 00:00:16
06-09-2025 02:37:43.326 INFO Current price: 0.000000035131 - Current percentage: 7.57% - Max: 12.50% - Min: 0.00% - Market Cap 7167 - Trading time: 00:00:19
06-09-2025 02:37:43.535 INFO Current price: 0.000000035118 - Current percentage: 7.56% - Max: 12.50% - Min: 0.00% - Market Cap 7167 - Trading time: 00:00:19
06-09-2025 02:37:44.266 INFO Current price: 0.000000035062 - Current percentage: 7.23% - Max: 12.50% - Min: 0.00% - Market Cap 7144 - Trading time: 00:00:20
06-09-2025 02:37:44.650 INFO Current price: 0.000000033904 - Current percentage: 0.57% - Max: 12.50% - Min: 0.00% - Market Cap 6701 - Trading time: 00:00:20
06-09-2025 02:37:45.358 INFO Current price: 0.000000031062 - Current percentage: -9.99% - Max: 12.50% - Min: -9.99% - Market Cap 5997 - Trading time: 00:00:21
06-09-2025 02:37:45.802 INFO Current price: 0.000000029378 - Current percentage: -10.04% - Max: 12.50% - Min: -10.04% - Market Cap 5994 - Trading time: 00:00:21
06-09-2025 02:37:49.409 INFO Current price: 0.000000029287 - Current percentage: -10.55% - Max: 12.50% - Min: -10.55% - Market Cap 5960 - Trading time: 00:00:25
06-09-2025 02:38:06.599 INFO Current price: 0.000000030745 - Current percentage: -5.85% - Max: 12.50% - Min: -10.55% - Market Cap 6273 - Trading time: 00:00:42
06-09-2025 02:38:10.511 INFO Current price: 0.000000030737 - Current percentage: -5.85% - Max: 12.50% - Min: -10.55% - Market Cap 6273 - Trading time: 00:00:46
06-09-2025 02:38:13.593 INFO Current price: 0.000000030736 - Current percentage: -5.86% - Max: 12.50% - Min: -10.55% - Market Cap 6272 - Trading time: 00:00:49
06-09-2025 02:38:26.977 INFO Current price: 0.000000030758 - Current percentage: -5.72% - Max: 12.50% - Min: -10.55% - Market Cap 6282 - Trading time: 00:01:03
06-09-2025 02:38:30.875 INFO Current price: 0.000000030596 - Current percentage: -6.85% - Max: 12.50% - Min: -10.55% - Market Cap 6206 - Trading time: 00:01:06
06-09-2025 02:38:43.770 INFO Current price: 0.000000030409 - Current percentage: -6.87% - Max: 12.50% - Min: -10.55% - Market Cap 6205 - Trading time: 00:01:19
06-09-2025 02:38:58.155 INFO Current price: 0.000000030406 - Current percentage: -6.87% - Max: 12.50% - Min: -10.55% - Market Cap 6205 - Trading time: 00:01:34
06-09-2025 02:39:32.557 INFO Current price: 0.000000030428 - Current percentage: -6.68% - Max: 12.50% - Min: -10.55% - Market Cap 6218 - Trading time: 00:02:08
06-09-2025 02:39:46.630 INFO Current price: 0.000000030415 - Current percentage: -7.00% - Max: 12.50% - Min: -10.55% - Market Cap 6196 - Trading time: 00:02:22
06-09-2025 02:39:47.749 INFO Current price: 0.000000030330 - Current percentage: -7.20% - Max: 12.50% - Min: -10.55% - Market Cap 6183 - Trading time: 00:02:23
06-09-2025 02:39:47.752 INFO Current price: 0.000000030293 - Current percentage: -7.22% - Max: 12.50% - Min: -10.55% - Market Cap 6182 - Trading time: 00:02:23
06-09-2025 02:39:49.478 INFO Current price: 0.000000030248 - Current percentage: -7.48% - Max: 12.50% - Min: -10.55% - Market Cap 6164 - Trading time: 00:02:25
06-09-2025 02:39:59.673 INFO Current price: 0.000000030694 - Current percentage: -4.47% - Max: 12.50% - Min: -10.55% - Market Cap 6365 - Trading time: 00:02:35
06-09-2025 02:40:06.411 INFO Current price: 0.000000031704 - Current percentage: -1.29% - Max: 12.50% - Min: -10.55% - Market Cap 6577 - Trading time: 00:02:42
06-09-2025 02:40:06.411 INFO Current price: 0.000000032720 - Current percentage: 1.75% - Max: 12.50% - Min: -10.55% - Market Cap 6780 - Trading time: 00:02:42
06-09-2025 02:40:06.414 INFO Current price: 0.000000033679 - Current percentage: 4.58% - Max: 12.50% - Min: -10.55% - Market Cap 6968 - Trading time: 00:02:42
06-09-2025 02:40:06.713 INFO Current price: 0.000000034652 - Current percentage: 7.72% - Max: 12.50% - Min: -10.55% - Market Cap 7177 - Trading time: 00:02:42
06-09-2025 02:40:06.806 INFO Current price: 0.000000035375 - Current percentage: 8.99% - Max: 12.50% - Min: -10.55% - Market Cap 7262 - Trading time: 00:02:42
06-09-2025 02:40:07.085 INFO Current price: 0.000000036828 - Current percentage: 16.76% - Max: 16.76% - Min: -10.55% - Market Cap 7779 - Trading time: 00:02:43
06-09-2025 02:40:07.131 INFO Current price: 0.000000038145 - Current percentage: 16.92% - Max: 16.92% - Min: -10.55% - Market Cap 7790 - Trading time: 00:02:43
06-09-2025 02:40:07.207 INFO Current price: 0.000000038389 - Current percentage: 18.26% - Max: 18.26% - Min: -10.55% - Market Cap 7879 - Trading time: 00:02:43
06-09-2025 02:40:08.968 INFO Current price: 0.000000039474 - Current percentage: 23.62% - Max: 23.62% - Min: -10.55% - Market Cap 8236 - Trading time: 00:02:45
06-09-2025 02:40:09.019 INFO Current price: 0.000000041241 - Current percentage: 29.08% - Max: 29.08% - Min: -10.55% - Market Cap 8600 - Trading time: 00:02:45
06-09-2025 02:40:09.257 INFO Current price: 0.000000042685 - Current percentage: 32.43% - Max: 32.43% - Min: -10.55% - Market Cap 8823 - Trading time: 00:02:45
06-09-2025 02:40:09.376 INFO Current price: 0.000000043246 - Current percentage: 32.50% - Max: 32.50% - Min: -10.55% - Market Cap 8828 - Trading time: 00:02:45
06-09-2025 02:40:09.378 INFO Current price: 0.000000043281 - Current percentage: 32.50% - Max: 32.50% - Min: -10.55% - Market Cap 8828 - Trading time: 00:02:45
06-09-2025 02:40:12.841 INFO Current price: 0.000000043373 - Current percentage: 33.21% - Max: 33.21% - Min: -10.55% - Market Cap 8875 - Trading time: 00:02:48
06-09-2025 02:40:14.378 INFO Current price: 0.000000043477 - Current percentage: 33.13% - Max: 33.21% - Min: -10.55% - Market Cap 8870 - Trading time: 00:02:50
06-09-2025 02:40:21.192 INFO Current price: 0.000000043185 - Current percentage: 31.42% - Max: 33.21% - Min: -10.55% - Market Cap 8756 - Trading time: 00:02:57
06-09-2025 02:40:21.289 INFO Current price: 0.000000041370 - Current percentage: 22.18% - Max: 33.21% - Min: -10.55% - Market Cap 8140 - Trading time: 00:02:57
06-09-2025 02:40:21.319 INFO Current price: 0.000000039265 - Current percentage: 18.39% - Max: 33.21% - Min: -10.55% - Market Cap 7888 - Trading time: 00:02:57
06-09-2025 02:40:21.448 INFO Current price: 0.000000038187 - Current percentage: 15.56% - Max: 33.21% - Min: -10.55% - Market Cap 7700 - Trading time: 00:02:57
06-09-2025 02:40:22.686 INFO Current price: 0.000000037719 - Current percentage: 15.50% - Max: 33.21% - Min: -10.55% - Market Cap 7696 - Trading time: 00:02:58
06-09-2025 02:40:23.197 INFO Current price: 0.000000037052 - Current percentage: 11.51% - Max: 33.21% - Min: -10.55% - Market Cap 7430 - Trading time: 00:02:59
06-09-2025 02:40:24.808 INFO Current price: 0.000000036384 - Current percentage: 11.51% - Max: 33.21% - Min: -10.55% - Market Cap 7430 - Trading time: 00:03:00
06-09-2025 02:40:27.770 INFO Current price: 0.000000036269 - Current percentage: 10.67% - Max: 33.21% - Min: -10.55% - Market Cap 7374 - Trading time: 00:03:03
06-09-2025 02:40:35.143 INFO Current price: 0.000000035565 - Current percentage: 7.23% - Max: 33.21% - Min: -10.55% - Market Cap 7144 - Trading time: 00:03:11
06-09-2025 02:40:35.147 INFO Current price: 0.000000034415 - Current percentage: 3.63% - Max: 33.21% - Min: -10.55% - Market Cap 6905 - Trading time: 00:03:11
06-09-2025 02:40:35.150 INFO Current price: 0.000000033375 - Current percentage: 0.84% - Max: 33.21% - Min: -10.55% - Market Cap 6719 - Trading time: 00:03:11
06-09-2025 02:40:35.205 INFO Current price: 0.000000032299 - Current percentage: -2.94% - Max: 33.21% - Min: -10.55% - Market Cap 6467 - Trading time: 00:03:11
06-09-2025 02:40:35.319 INFO Current price: 0.000000031666 - Current percentage: -3.07% - Max: 33.21% - Min: -10.55% - Market Cap 6458 - Trading time: 00:03:11
06-09-2025 02:40:44.305 INFO Current price: 0.000000034438 - Current percentage: 8.66% - Max: 33.21% - Min: -10.55% - Market Cap 7240 - Trading time: 00:03:20
06-09-2025 02:40:44.443 INFO Current price: 0.000000035669 - Current percentage: 9.85% - Max: 33.21% - Min: -10.55% - Market Cap 7319 - Trading time: 00:03:20
06-09-2025 02:40:54.035 INFO Current price: 0.000000035854 - Current percentage: 9.79% - Max: 33.21% - Min: -10.55% - Market Cap 7315 - Trading time: 00:03:30
06-09-2025 02:41:09.328 INFO Current price: 0.000000035649 - Current percentage: 8.60% - Max: 33.21% - Min: -10.55% - Market Cap 7236 - Trading time: 00:03:45
06-09-2025 02:41:11.470 INFO Current price: 0.000000035262 - Current percentage: 7.42% - Max: 33.21% - Min: -10.55% - Market Cap 7157 - Trading time: 00:03:47
06-09-2025 02:41:17.253 INFO Current price: 0.000000034051 - Current percentage: 1.27% - Max: 33.21% - Min: -10.55% - Market Cap 6747 - Trading time: 00:03:53
06-09-2025 02:41:18.425 INFO Current price: 0.000000033069 - Current percentage: 1.32% - Max: 33.21% - Min: -10.55% - Market Cap 6750 - Trading time: 00:03:54
06-09-2025 02:41:34.239 INFO Current price: 0.000000054854 - Current percentage: 72.01% - Max: 72.01% - Min: -10.55% - Market Cap 11461 - Trading time: 00:04:10
06-09-2025 02:41:34.660 INFO Current price: 0.000000056287 - Current percentage: 72.80% - Max: 72.80% - Min: -10.55% - Market Cap 11514 - Trading time: 00:04:10
06-09-2025 02:41:37.787 INFO Current price: 0.000000058359 - Current percentage: 84.90% - Max: 84.90% - Min: -10.55% - Market Cap 12320 - Trading time: 00:04:13
06-09-2025 02:41:39.336 INFO Current price: 0.000000061706 - Current percentage: 93.20% - Max: 93.20% - Min: -10.55% - Market Cap 12872 - Trading time: 00:04:15
06-09-2025 02:41:40.321 INFO Current price: 0.000000064443 - Current percentage: 101.67% - Max: 101.67% - Min: -10.55% - Market Cap 13437 - Trading time: 00:04:16
06-09-2025 02:41:40.568 INFO Current price: 0.000000065913 - Current percentage: 102.11% - Max: 102.11% - Min: -10.55% - Market Cap 13466 - Trading time: 00:04:16
06-09-2025 02:41:40.603 INFO Current price: 0.000000065999 - Current percentage: 102.20% - Max: 102.20% - Min: -10.55% - Market Cap 13472 - Trading time: 00:04:16
06-09-2025 02:41:40.635 INFO Current price: 0.000000066069 - Current percentage: 102.54% - Max: 102.54% - Min: -10.55% - Market Cap 13495 - Trading time: 00:04:16
06-09-2025 02:41:41.416 INFO Current price: 0.000000065907 - Current percentage: 101.21% - Max: 102.54% - Min: -10.55% - Market Cap 13406 - Trading time: 00:04:17
06-09-2025 02:41:42.759 INFO Current price: 0.000000065654 - Current percentage: 100.99% - Max: 102.54% - Min: -10.55% - Market Cap 13391 - Trading time: 00:04:18
06-09-2025 02:41:43.464 INFO Current price: 0.000000066082 - Current percentage: 103.84% - Max: 103.84% - Min: -10.55% - Market Cap 13581 - Trading time: 00:04:19
06-09-2025 02:41:43.469 INFO Current price: 0.000000067040 - Current percentage: 106.86% - Max: 106.86% - Min: -10.55% - Market Cap 13782 - Trading time: 00:04:19
06-09-2025 02:41:43.471 INFO Current price: 0.000000067954 - Current percentage: 109.43% - Max: 109.43% - Min: -10.55% - Market Cap 13954 - Trading time: 00:04:19
06-09-2025 02:41:43.474 INFO Current price: 0.000000068834 - Current percentage: 112.25% - Max: 112.25% - Min: -10.55% - Market Cap 14142 - Trading time: 00:04:19
06-09-2025 02:41:43.474 INFO Current price: 0.000000069789 - Current percentage: 115.29% - Max: 115.29% - Min: -10.55% - Market Cap 14344 - Trading time: 00:04:19
06-09-2025 02:41:44.268 INFO Current price: 0.000000070723 - Current percentage: 117.97% - Max: 117.97% - Min: -10.55% - Market Cap 14523 - Trading time: 00:04:20
06-09-2025 02:41:44.294 INFO Current price: 0.000000071648 - Current percentage: 120.96% - Max: 120.96% - Min: -10.55% - Market Cap 14722 - Trading time: 00:04:20
06-09-2025 02:41:44.303 INFO Current price: 0.000000072597 - Current percentage: 123.78% - Max: 123.78% - Min: -10.55% - Market Cap 14910 - Trading time: 00:04:20
06-09-2025 02:41:44.389 INFO Current price: 0.000000073559 - Current percentage: 126.85% - Max: 126.85% - Min: -10.55% - Market Cap 15114 - Trading time: 00:04:20
06-09-2025 02:41:44.389 INFO Current price: 0.000000074586 - Current percentage: 130.08% - Max: 130.08% - Min: -10.55% - Market Cap 15329 - Trading time: 00:04:20
06-09-2025 02:41:44.430 INFO Current price: 0.000000082583 - Current percentage: 178.10% - Max: 178.10% - Min: -10.55% - Market Cap 18529 - Trading time: 00:04:20
06-09-2025 02:41:44.467 INFO Current price: 0.000000096669 - Current percentage: 215.26% - Max: 215.26% - Min: -10.55% - Market Cap 21005 - Trading time: 00:04:20
06-09-2025 02:41:44.478 INFO Current price: 0.000000112043 - Current percentage: 273.59% - Max: 273.59% - Min: -10.55% - Market Cap 24891 - Trading time: 00:04:20
06-09-2025 02:41:44.597 INFO Current price: 0.000000122844 - Current percentage: 278.97% - Max: 278.97% - Min: -10.55% - Market Cap 25250 - Trading time: 00:04:20
06-09-2025 02:41:44.599 INFO Current price: 0.000000121569 - Current percentage: 265.88% - Max: 278.97% - Min: -10.55% - Market Cap 24377 - Trading time: 00:04:20
06-09-2025 02:41:44.680 INFO Current price: 0.000000120510 - Current percentage: 272.40% - Max: 278.97% - Min: -10.55% - Market Cap 24812 - Trading time: 00:04:20
06-09-2025 02:41:45.023 INFO Current price: 0.000000121603 - Current percentage: 272.55% - Max: 278.97% - Min: -10.55% - Market Cap 24822 - Trading time: 00:04:21
06-09-2025 02:41:45.097 INFO Current price: 0.000000125515 - Current percentage: 296.74% - Max: 296.74% - Min: -10.55% - Market Cap 26434 - Trading time: 00:04:21
06-09-2025 02:41:45.332 INFO Current price: 0.000000130137 - Current percentage: 300.48% - Max: 300.48% - Min: -10.55% - Market Cap 26683 - Trading time: 00:04:21
06-09-2025 02:41:45.335 INFO Current price: 0.000000131437 - Current percentage: 304.71% - Max: 304.71% - Min: -10.55% - Market Cap 26965 - Trading time: 00:04:21
06-09-2025 02:41:45.335 INFO Current price: 0.000000132740 - Current percentage: 308.47% - Max: 308.47% - Min: -10.55% - Market Cap 27215 - Trading time: 00:04:21
06-09-2025 02:41:45.361 INFO Current price: 0.000000134005 - Current percentage: 312.45% - Max: 312.45% - Min: -10.55% - Market Cap 27481 - Trading time: 00:04:21
06-09-2025 02:41:45.363 INFO Current price: 0.000000135353 - Current percentage: 316.73% - Max: 316.73% - Min: -10.55% - Market Cap 27766 - Trading time: 00:04:21
06-09-2025 02:41:45.537 INFO Current price: 0.000000136056 - Current percentage: 316.75% - Max: 316.75% - Min: -10.55% - Market Cap 27767 - Trading time: 00:04:21
06-09-2025 02:41:45.623 INFO Current price: 0.000000132365 - Current percentage: 294.43% - Max: 316.75% - Min: -10.55% - Market Cap 26280 - Trading time: 00:04:21
06-09-2025 02:41:45.899 INFO Current price: 0.000000127760 - Current percentage: 288.25% - Max: 316.75% - Min: -10.55% - Market Cap 25868 - Trading time: 00:04:22
06-09-2025 02:41:46.061 INFO Current price: 0.000000126558 - Current percentage: 287.05% - Max: 316.75% - Min: -10.55% - Market Cap 25788 - Trading time: 00:04:22
06-09-2025 02:41:46.384 INFO Current price: 0.000000126989 - Current percentage: 290.90% - Max: 316.75% - Min: -10.55% - Market Cap 26045 - Trading time: 00:04:22
06-09-2025 02:41:46.384 INFO Current price: 0.000000128269 - Current percentage: 294.89% - Max: 316.75% - Min: -10.55% - Market Cap 26310 - Trading time: 00:04:22
06-09-2025 02:41:46.388 INFO Current price: 0.000000129591 - Current percentage: 299.00% - Max: 316.75% - Min: -10.55% - Market Cap 26584 - Trading time: 00:04:22
06-09-2025 02:41:46.423 INFO Current price: 0.000000130896 - Current percentage: 302.88% - Max: 316.75% - Min: -10.55% - Market Cap 26843 - Trading time: 00:04:22
06-09-2025 02:41:46.477 INFO Current price: 0.000000132169 - Current percentage: 306.79% - Max: 316.75% - Min: -10.55% - Market Cap 27104 - Trading time: 00:04:22
06-09-2025 02:41:47.100 INFO Current price: 0.000000132757 - Current percentage: 306.47% - Max: 316.75% - Min: -10.55% - Market Cap 27082 - Trading time: 00:04:23
06-09-2025 02:41:48.389 INFO Current price: 0.000000133385 - Current percentage: 310.65% - Max: 316.75% - Min: -10.55% - Market Cap 27361 - Trading time: 00:04:24
06-09-2025 02:41:48.391 INFO Current price: 0.000000134728 - Current percentage: 314.70% - Max: 316.75% - Min: -10.55% - Market Cap 27630 - Trading time: 00:04:24
06-09-2025 02:41:48.393 INFO Current price: 0.000000136072 - Current percentage: 318.89% - Max: 318.89% - Min: -10.55% - Market Cap 27910 - Trading time: 00:04:24
06-09-2025 02:41:48.422 INFO Current price: 0.000000137413 - Current percentage: 322.91% - Max: 322.91% - Min: -10.55% - Market Cap 28177 - Trading time: 00:04:24
06-09-2025 02:41:48.426 INFO Current price: 0.000000138689 - Current percentage: 326.71% - Max: 326.71% - Min: -10.55% - Market Cap 28430 - Trading time: 00:04:24
06-09-2025 02:41:49.429 INFO Current price: 0.000000139513 - Current percentage: 327.95% - Max: 327.95% - Min: -10.55% - Market Cap 28513 - Trading time: 00:04:25
06-09-2025 02:41:49.550 INFO Current price: 0.000000138931 - Current percentage: 323.15% - Max: 327.95% - Min: -10.55% - Market Cap 28194 - Trading time: 00:04:25
06-09-2025 02:41:49.642 INFO Current price: 0.000000135845 - Current percentage: 309.15% - Max: 327.95% - Min: -10.55% - Market Cap 27261 - Trading time: 00:04:25
06-09-2025 02:41:50.492 INFO Current price: 0.000000133598 - Current percentage: 309.27% - Max: 327.95% - Min: -10.55% - Market Cap 27269 - Trading time: 00:04:26
06-09-2025 02:41:52.970 INFO Current price: 0.000000133819 - Current percentage: 310.50% - Max: 327.95% - Min: -10.55% - Market Cap 27351 - Trading time: 00:04:29
06-09-2025 02:41:53.012 INFO Current price: 0.000000133429 - Current percentage: 306.89% - Max: 327.95% - Min: -10.55% - Market Cap 27110 - Trading time: 00:04:29
06-09-2025 02:41:54.557 INFO Current price: 0.000000129407 - Current percentage: 286.13% - Max: 327.95% - Min: -10.55% - Market Cap 25727 - Trading time: 00:04:30
06-09-2025 02:41:54.639 INFO Current price: 0.000000125630 - Current percentage: 283.49% - Max: 327.95% - Min: -10.55% - Market Cap 25551 - Trading time: 00:04:30
06-09-2025 02:41:54.668 INFO Current price: 0.000000124083 - Current percentage: 276.67% - Max: 327.95% - Min: -10.55% - Market Cap 25097 - Trading time: 00:04:30
06-09-2025 02:41:55.719 INFO Current price: 0.000000122952 - Current percentage: 276.53% - Max: 327.95% - Min: -10.55% - Market Cap 25087 - Trading time: 00:04:31
06-09-2025 02:41:55.719 INFO Current price: 0.000000122904 - Current percentage: 276.38% - Max: 327.95% - Min: -10.55% - Market Cap 25077 - Trading time: 00:04:31
06-09-2025 02:41:55.722 INFO Current price: 0.000000122765 - Current percentage: 275.68% - Max: 327.95% - Min: -10.55% - Market Cap 25031 - Trading time: 00:04:31
06-09-2025 02:41:55.761 INFO Current price: 0.000000122319 - Current percentage: 273.65% - Max: 327.95% - Min: -10.55% - Market Cap 24895 - Trading time: 00:04:31
06-09-2025 02:41:55.961 INFO Current price: 0.000000119887 - Current percentage: 260.89% - Max: 327.95% - Min: -10.55% - Market Cap 24045 - Trading time: 00:04:32
06-09-2025 02:41:55.970 INFO Current price: 0.000000119693 - Current percentage: 272.44% - Max: 327.95% - Min: -10.55% - Market Cap 24815 - Trading time: 00:04:32
06-09-2025 02:41:57.141 INFO Current price: 0.000000121783 - Current percentage: 273.60% - Max: 327.95% - Min: -10.55% - Market Cap 24892 - Trading time: 00:04:33
06-09-2025 02:41:57.288 INFO Current price: 0.000000121710 - Current percentage: 271.99% - Max: 327.95% - Min: -10.55% - Market Cap 24785 - Trading time: 00:04:33
06-09-2025 02:41:58.107 INFO Current price: 0.000000115982 - Current percentage: 239.27% - Max: 327.95% - Min: -10.55% - Market Cap 22605 - Trading time: 00:04:34
06-09-2025 02:41:58.462 INFO Current price: 0.000000111217 - Current percentage: 242.05% - Max: 327.95% - Min: -10.55% - Market Cap 22790 - Trading time: 00:04:34
06-09-2025 02:41:58.629 INFO Current price: 0.000000110755 - Current percentage: 236.46% - Max: 327.95% - Min: -10.55% - Market Cap 22417 - Trading time: 00:04:34
06-09-2025 02:41:58.759 INFO Current price: 0.000000115264 - Current percentage: 270.47% - Max: 327.95% - Min: -10.55% - Market Cap 24683 - Trading time: 00:04:34
06-09-2025 02:41:59.455 INFO Current price: 0.000000120772 - Current percentage: 269.38% - Max: 327.95% - Min: -10.55% - Market Cap 24611 - Trading time: 00:04:35
06-09-2025 02:41:59.477 INFO Current price: 0.000000120560 - Current percentage: 269.17% - Max: 327.95% - Min: -10.55% - Market Cap 24597 - Trading time: 00:04:35
06-09-2025 02:41:59.502 INFO Current price: 0.000000120387 - Current percentage: 268.32% - Max: 327.95% - Min: -10.55% - Market Cap 24540 - Trading time: 00:04:35
06-09-2025 02:42:00.437 INFO Current price: 0.000000120259 - Current percentage: 268.38% - Max: 327.95% - Min: -10.55% - Market Cap 24544 - Trading time: 00:04:36
06-09-2025 02:42:00.807 INFO Current price: 0.000000120574 - Current percentage: 270.26% - Max: 327.95% - Min: -10.55% - Market Cap 24669 - Trading time: 00:04:36
06-09-2025 02:42:00.808 INFO Current price: 0.000000121237 - Current percentage: 272.44% - Max: 327.95% - Min: -10.55% - Market Cap 24815 - Trading time: 00:04:36
06-09-2025 02:42:02.079 INFO Current price: 0.000000115932 - Current percentage: 238.56% - Max: 327.95% - Min: -10.55% - Market Cap 22558 - Trading time: 00:04:38
06-09-2025 02:42:02.369 INFO Current price: 0.000000112216 - Current percentage: 248.95% - Max: 327.95% - Min: -10.55% - Market Cap 23250 - Trading time: 00:04:38
06-09-2025 02:42:02.682 INFO Current price: 0.000000114454 - Current percentage: 252.20% - Max: 327.95% - Min: -10.55% - Market Cap 23466 - Trading time: 00:04:38
06-09-2025 02:42:03.156 INFO Current price: 0.000000115162 - Current percentage: 253.28% - Max: 327.95% - Min: -10.55% - Market Cap 23538 - Trading time: 00:04:39
06-09-2025 02:42:06.826 INFO Current price: 0.000000115367 - Current percentage: 253.45% - Max: 327.95% - Min: -10.55% - Market Cap 23550 - Trading time: 00:04:42
06-09-2025 02:42:08.270 INFO Current price: 0.000000113652 - Current percentage: 242.86% - Max: 327.95% - Min: -10.55% - Market Cap 22844 - Trading time: 00:04:44
06-09-2025 02:42:11.258 INFO Current price: 0.000000109509 - Current percentage: 228.15% - Max: 327.95% - Min: -10.55% - Market Cap 21864 - Trading time: 00:04:47
06-09-2025 02:42:11.419 INFO Current price: 0.000000104109 - Current percentage: 209.88% - Max: 327.95% - Min: -10.55% - Market Cap 20646 - Trading time: 00:04:47
06-09-2025 02:42:12.062 INFO Current price: 0.000000099724 - Current percentage: 201.09% - Max: 327.95% - Min: -10.55% - Market Cap 20061 - Trading time: 00:04:48
06-09-2025 02:42:12.300 INFO Current price: 0.000000094115 - Current percentage: 176.00% - Max: 327.95% - Min: -10.55% - Market Cap 18389 - Trading time: 00:04:48
06-09-2025 02:42:13.267 INFO Current price: 0.000000090208 - Current percentage: 176.61% - Max: 327.95% - Min: -10.55% - Market Cap 18430 - Trading time: 00:04:49
06-09-2025 02:42:14.524 INFO Current price: 0.000000092274 - Current percentage: 188.78% - Max: 327.95% - Min: -10.55% - Market Cap 19241 - Trading time: 00:04:50
06-09-2025 02:42:15.349 INFO Current price: 0.000000094449 - Current percentage: 189.81% - Max: 327.95% - Min: -10.55% - Market Cap 19309 - Trading time: 00:04:51
06-09-2025 02:42:21.858 INFO Current price: 0.000000094642 - Current percentage: 189.97% - Max: 327.95% - Min: -10.55% - Market Cap 19320 - Trading time: 00:04:57
06-09-2025 02:42:22.327 INFO Current price: 0.000000094500 - Current percentage: 188.94% - Max: 327.95% - Min: -10.55% - Market Cap 19251 - Trading time: 00:04:58






06-09-2025 02:42:23.883 INFO {"type":"summary","reason":"max_window","startedAt":"2025-09-06T00:37:23.882Z","endedAt":"2025-09-06T00:42:23.883Z","durationSec":300,"entryPrice":4.3633385129743985e-8,"entryMarketCapSol":32.647752461899664,"entryMarketCapUsd":6662.7533224244835,"minPct":-10.549148235623544,"maxPct":327.9521807352179,"buyCount":88,"sellCount":77,"tradeCount":165,"entryRecorded":true,"noPostThresholdTrades":false,"triggerAt":"2025-09-06T00:37:23.882Z","ageAtTriggerSec":140,"preTotalTrades":357,"preBuys":203,"preSells":154,"preUniqueTraders":137,"preEntryTotalTrades":363,"preEntryBuys":206,"preEntrySells":157,"preEntryUniqueTraders":140,"preEntryMinMcUsd":6663.263482029662,"preEntryMaxMcUsd":41370.27435004469,"thresholdMcSol":32.647752461899664,"thresholdMcUsd":6662.7533224244835,"thresholdPrice":4.3633385129743985e-8}
