06-09-2025 06:47:56.157 INFO Entry price: 0.000000046361172810 - Entry market cap: 7630 - Buys 132 - Sells 122 - Ratio: 1:0.92 - Min MarketCap: 7368 - Max MarketCap: 17422
06-09-2025 06:47:56.157 INFO Current price: 0.000000046361 - Current percentage: 0.00% - Max: 0.00% - Min: 0.00% - Market Cap 7630 - Trading time: 00:00:02
06-09-2025 06:47:56.412 INFO Current price: 0.000000037551 - Current percentage: -2.67% - Max: 0.00% - Min: -2.67% - Market Cap 7426 - Trading time: 00:00:02
06-09-2025 06:47:56.581 INFO Current price: 0.000000036340 - Current percentage: -3.53% - Max: 0.00% - Min: -3.53% - Market Cap 7361 - Trading time: 00:00:02
06-09-2025 06:47:57.385 INFO Current price: 0.000000035727 - Current percentage: -5.93% - Max: 0.00% - Min: -5.93% - Market Cap 7178 - Trading time: 00:00:03
06-09-2025 06:47:58.246 INFO Current price: 0.000000035224 - Current percentage: -6.23% - Max: 0.00% - Min: -6.23% - Market Cap 7155 - Trading time: 00:00:04
06-09-2025 06:47:58.468 INFO Current price: 0.000000035157 - Current percentage: -6.28% - Max: 0.00% - Min: -6.28% - Market Cap 7151 - Trading time: 00:00:04
06-09-2025 06:48:01.566 INFO Current price: 0.000000034495 - Current percentage: -9.73% - Max: 0.00% - Min: -9.73% - Market Cap 6888 - Trading time: 00:00:07
06-09-2025 06:48:05.925 INFO Current price: 0.000000033849 - Current percentage: -9.76% - Max: 0.00% - Min: -9.76% - Market Cap 6885 - Trading time: 00:00:11
06-09-2025 06:48:06.521 INFO Current price: 0.000000033562 - Current percentage: -11.25% - Max: 0.00% - Min: -11.25% - Market Cap 6772 - Trading time: 00:00:12
06-09-2025 06:48:06.783 INFO Current price: 0.000000033273 - Current percentage: -11.31% - Max: 0.00% - Min: -11.31% - Market Cap 6767 - Trading time: 00:00:12
06-09-2025 06:48:08.181 INFO Current price: 0.000000033027 - Current percentage: -12.56% - Max: 0.00% - Min: -12.56% - Market Cap 6672 - Trading time: 00:00:14
06-09-2025 06:48:12.559 INFO Current price: 0.000000034807 - Current percentage: -7.16% - Max: 0.00% - Min: -12.56% - Market Cap 7084 - Trading time: 00:00:18
06-09-2025 06:48:12.642 INFO Current price: 0.000000034984 - Current percentage: -6.27% - Max: 0.00% - Min: -12.56% - Market Cap 7152 - Trading time: 00:00:18
06-09-2025 06:48:13.567 INFO Current price: 0.000000035162 - Current percentage: -6.22% - Max: 0.00% - Min: -12.56% - Market Cap 7156 - Trading time: 00:00:19
06-09-2025 06:48:16.360 INFO Current price: 0.000000035099 - Current percentage: -6.61% - Max: 0.00% - Min: -12.56% - Market Cap 7126 - Trading time: 00:00:22
06-09-2025 06:48:24.011 INFO Current price: 0.000000036069 - Current percentage: -0.96% - Max: 0.00% - Min: -12.56% - Market Cap 7557 - Trading time: 00:00:29
06-09-2025 06:48:24.060 INFO Current price: 0.000000037894 - Current percentage: 3.08% - Max: 3.08% - Min: -12.56% - Market Cap 7865 - Trading time: 00:00:29
06-09-2025 06:48:24.063 INFO Current price: 0.000000039755 - Current percentage: 9.01% - Max: 9.01% - Min: -12.56% - Market Cap 8317 - Trading time: 00:00:29
06-09-2025 06:48:24.153 INFO Current price: 0.000000041091 - Current percentage: 10.12% - Max: 10.12% - Min: -12.56% - Market Cap 8403 - Trading time: 00:00:29
06-09-2025 06:48:24.204 INFO Current price: 0.000000041838 - Current percentage: 13.01% - Max: 13.01% - Min: -12.56% - Market Cap 8623 - Trading time: 00:00:30
06-09-2025 06:48:24.207 INFO Current price: 0.000000042556 - Current percentage: 13.93% - Max: 13.93% - Min: -12.56% - Market Cap 8693 - Trading time: 00:00:30
06-09-2025 06:48:24.647 INFO Current price: 0.000000042741 - Current percentage: 13.99% - Max: 13.99% - Min: -12.56% - Market Cap 8698 - Trading time: 00:00:30
06-09-2025 06:48:24.649 INFO Current price: 0.000000042766 - Current percentage: 14.07% - Max: 14.07% - Min: -12.56% - Market Cap 8704 - Trading time: 00:00:30
06-09-2025 06:48:24.653 INFO Current price: 0.000000042764 - Current percentage: 14.07% - Max: 14.07% - Min: -12.56% - Market Cap 8704 - Trading time: 00:00:30
06-09-2025 06:48:25.061 INFO Current price: 0.000000042780 - Current percentage: 14.07% - Max: 14.07% - Min: -12.56% - Market Cap 8704 - Trading time: 00:00:30
06-09-2025 06:48:25.065 INFO Current price: 0.000000042780 - Current percentage: 14.07% - Max: 14.07% - Min: -12.56% - Market Cap 8704 - Trading time: 00:00:30
06-09-2025 06:48:25.065 INFO Current price: 0.000000042781 - Current percentage: 14.07% - Max: 14.07% - Min: -12.56% - Market Cap 8704 - Trading time: 00:00:30
06-09-2025 06:48:25.384 INFO Current price: 0.000000042782 - Current percentage: 14.08% - Max: 14.08% - Min: -12.56% - Market Cap 8704 - Trading time: 00:00:31
06-09-2025 06:48:25.384 INFO Current price: 0.000000042769 - Current percentage: 14.00% - Max: 14.08% - Min: -12.56% - Market Cap 8698 - Trading time: 00:00:31
06-09-2025 06:48:25.995 INFO Current price: 0.000000042755 - Current percentage: 14.00% - Max: 14.08% - Min: -12.56% - Market Cap 8698 - Trading time: 00:00:31
06-09-2025 06:48:28.438 INFO Current price: 0.000000042702 - Current percentage: 13.72% - Max: 14.08% - Min: -12.56% - Market Cap 8677 - Trading time: 00:00:34
06-09-2025 06:48:29.963 INFO Current price: 0.000000042650 - Current percentage: 13.72% - Max: 14.08% - Min: -12.56% - Market Cap 8677 - Trading time: 00:00:35
06-09-2025 06:48:31.010 INFO Current price: 0.000000042683 - Current percentage: 13.90% - Max: 14.08% - Min: -12.56% - Market Cap 8691 - Trading time: 00:00:36
06-09-2025 06:48:31.133 INFO Current price: 0.000000042717 - Current percentage: 13.90% - Max: 14.08% - Min: -12.56% - Market Cap 8691 - Trading time: 00:00:36
06-09-2025 06:48:36.162 INFO Current price: 0.000000043258 - Current percentage: 16.80% - Max: 16.80% - Min: -12.56% - Market Cap 8912 - Trading time: 00:00:42
06-09-2025 06:48:39.875 INFO Current price: 0.000000043782 - Current percentage: 16.80% - Max: 16.80% - Min: -12.56% - Market Cap 8912 - Trading time: 00:00:45
06-09-2025 06:48:45.501 INFO Current price: 0.000000043770 - Current percentage: 16.61% - Max: 16.80% - Min: -12.56% - Market Cap 8898 - Trading time: 00:00:51
06-09-2025 06:48:45.547 INFO Current price: 0.000000043506 - Current percentage: 15.39% - Max: 16.80% - Min: -12.56% - Market Cap 8805 - Trading time: 00:00:51
06-09-2025 06:48:46.057 INFO Current price: 0.000000043267 - Current percentage: 15.34% - Max: 16.80% - Min: -12.56% - Market Cap 8801 - Trading time: 00:00:51
06-09-2025 06:48:46.110 INFO Current price: 0.000000043242 - Current percentage: 15.26% - Max: 16.80% - Min: -12.56% - Market Cap 8795 - Trading time: 00:00:51
06-09-2025 06:48:48.389 INFO Current price: 0.000000043799 - Current percentage: 18.33% - Max: 18.33% - Min: -12.56% - Market Cap 9029 - Trading time: 00:00:54
06-09-2025 06:48:49.034 INFO Current price: 0.000000044437 - Current percentage: 18.64% - Max: 18.64% - Min: -12.56% - Market Cap 9052 - Trading time: 00:00:54
06-09-2025 06:48:57.483 INFO Current price: 0.000000045670 - Current percentage: 24.99% - Max: 24.99% - Min: -12.56% - Market Cap 9537 - Trading time: 00:01:03
06-09-2025 06:48:57.548 INFO Current price: 0.000000047174 - Current percentage: 26.58% - Max: 26.58% - Min: -12.56% - Market Cap 9659 - Trading time: 00:01:03
06-09-2025 06:48:57.574 INFO Current price: 0.000000047908 - Current percentage: 28.91% - Max: 28.91% - Min: -12.56% - Market Cap 9836 - Trading time: 00:01:03
06-09-2025 06:48:57.616 INFO Current price: 0.000000048137 - Current percentage: 27.79% - Max: 28.91% - Min: -12.56% - Market Cap 9751 - Trading time: 00:01:03
06-09-2025 06:48:57.814 INFO Current price: 0.000000047943 - Current percentage: 27.87% - Max: 28.91% - Min: -12.56% - Market Cap 9757 - Trading time: 00:01:03
06-09-2025 06:48:57.901 INFO Current price: 0.000000047973 - Current percentage: 27.95% - Max: 28.91% - Min: -12.56% - Market Cap 9763 - Trading time: 00:01:03
06-09-2025 06:48:57.905 INFO Current price: 0.000000047974 - Current percentage: 27.95% - Max: 28.91% - Min: -12.56% - Market Cap 9763 - Trading time: 00:01:03
06-09-2025 06:48:58.027 INFO Current price: 0.000000049037 - Current percentage: 33.61% - Max: 33.61% - Min: -12.56% - Market Cap 10195 - Trading time: 00:01:03
06-09-2025 06:49:00.201 INFO Current price: 0.000000050725 - Current percentage: 36.91% - Max: 36.91% - Min: -12.56% - Market Cap 10447 - Trading time: 00:01:06
06-09-2025 06:49:07.646 INFO Current price: 0.000000051980 - Current percentage: 40.30% - Max: 40.30% - Min: -12.56% - Market Cap 10705 - Trading time: 00:01:13
06-09-2025 06:49:07.669 INFO Current price: 0.000000052746 - Current percentage: 40.98% - Max: 40.98% - Min: -12.56% - Market Cap 10757 - Trading time: 00:01:13
06-09-2025 06:49:07.717 INFO Current price: 0.000000053027 - Current percentage: 41.80% - Max: 41.80% - Min: -12.56% - Market Cap 10820 - Trading time: 00:01:13
06-09-2025 06:49:17.943 INFO Current price: 0.000000053155 - Current percentage: 41.80% - Max: 41.80% - Min: -12.56% - Market Cap 10820 - Trading time: 00:01:23
06-09-2025 06:49:19.244 INFO Current price: 0.000000053053 - Current percentage: 41.12% - Max: 41.80% - Min: -12.56% - Market Cap 10768 - Trading time: 00:01:25
06-09-2025 06:49:19.389 INFO Current price: 0.000000052772 - Current percentage: 40.30% - Max: 41.80% - Min: -12.56% - Market Cap 10705 - Trading time: 00:01:25
06-09-2025 06:49:19.488 INFO Current price: 0.000000052270 - Current percentage: 38.44% - Max: 41.80% - Min: -12.56% - Market Cap 10564 - Trading time: 00:01:25
06-09-2025 06:49:19.591 INFO Current price: 0.000000052059 - Current percentage: 39.17% - Max: 41.80% - Min: -12.56% - Market Cap 10619 - Trading time: 00:01:25
06-09-2025 06:49:19.832 INFO Current price: 0.000000052178 - Current percentage: 39.08% - Max: 41.80% - Min: -12.56% - Market Cap 10612 - Trading time: 00:01:25
06-09-2025 06:49:19.872 INFO Current price: 0.000000052144 - Current percentage: 38.99% - Max: 41.80% - Min: -12.56% - Market Cap 10605 - Trading time: 00:01:25
06-09-2025 06:49:21.945 INFO Current price: 0.000000051417 - Current percentage: 35.23% - Max: 41.80% - Min: -12.56% - Market Cap 10318 - Trading time: 00:01:27
06-09-2025 06:49:30.857 INFO Current price: 0.000000049626 - Current percentage: 29.47% - Max: 41.80% - Min: -12.56% - Market Cap 9879 - Trading time: 00:01:36
06-09-2025 06:49:31.000 INFO Current price: 0.000000048286 - Current percentage: 28.03% - Max: 41.80% - Min: -12.56% - Market Cap 9769 - Trading time: 00:01:36
06-09-2025 06:49:37.977 INFO Current price: 0.000000046927 - Current percentage: 22.29% - Max: 41.80% - Min: -12.56% - Market Cap 9331 - Trading time: 00:01:43
06-09-2025 06:49:37.982 INFO Current price: 0.000000044426 - Current percentage: 14.75% - Max: 41.80% - Min: -12.56% - Market Cap 8755 - Trading time: 00:01:43
06-09-2025 06:49:38.036 INFO Current price: 0.000000042478 - Current percentage: 11.80% - Max: 41.80% - Min: -12.56% - Market Cap 8530 - Trading time: 00:01:43
06-09-2025 06:49:38.186 INFO Current price: 0.000000041575 - Current percentage: 9.92% - Max: 41.80% - Min: -12.56% - Market Cap 8387 - Trading time: 00:01:44
06-09-2025 06:49:38.571 INFO Current price: 0.000000041222 - Current percentage: 9.91% - Max: 41.80% - Min: -12.56% - Market Cap 8386 - Trading time: 00:01:44
06-09-2025 06:49:40.491 INFO Current price: 0.000000039967 - Current percentage: 3.33% - Max: 41.80% - Min: -12.56% - Market Cap 7884 - Trading time: 00:01:46
06-09-2025 06:49:40.523 INFO Current price: 0.000000038342 - Current percentage: 1.15% - Max: 41.80% - Min: -12.56% - Market Cap 7718 - Trading time: 00:01:46
06-09-2025 06:49:40.814 INFO Current price: 0.000000037193 - Current percentage: -2.78% - Max: 41.80% - Min: -12.56% - Market Cap 7418 - Trading time: 00:01:46
06-09-2025 06:49:40.821 INFO Current price: 0.000000035512 - Current percentage: -7.78% - Max: 41.80% - Min: -12.56% - Market Cap 7037 - Trading time: 00:01:46
06-09-2025 06:49:44.074 INFO Current price: 0.000000034472 - Current percentage: -8.39% - Max: 41.80% - Min: -12.56% - Market Cap 6990 - Trading time: 00:01:49
06-09-2025 06:49:45.007 INFO Current price: 0.000000033962 - Current percentage: -10.49% - Max: 41.80% - Min: -12.56% - Market Cap 6830 - Trading time: 00:01:50
06-09-2025 06:49:48.445 INFO Current price: 0.000000033772 - Current percentage: -9.41% - Max: 41.80% - Min: -12.56% - Market Cap 6912 - Trading time: 00:01:54
06-09-2025 06:49:48.600 INFO Current price: 0.000000033462 - Current percentage: -12.13% - Max: 41.80% - Min: -12.56% - Market Cap 6705 - Trading time: 00:01:54
06-09-2025 06:49:51.366 INFO Current price: 0.000000032920 - Current percentage: -12.32% - Max: 41.80% - Min: -12.56% - Market Cap 6690 - Trading time: 00:01:57
06-09-2025 06:49:56.096 INFO Current price: 0.000000032080 - Current percentage: -15.65% - Max: 41.80% - Min: -15.65% - Market Cap 6436 - Trading time: 00:02:01
06-09-2025 06:49:56.338 INFO Current price: 0.000000031451 - Current percentage: -16.63% - Max: 41.80% - Min: -16.63% - Market Cap 6361 - Trading time: 00:02:02
06-09-2025 06:50:11.816 INFO Current price: 0.000000030974 - Current percentage: -18.19% - Max: 41.80% - Min: -18.19% - Market Cap 6243 - Trading time: 00:02:17
06-09-2025 06:50:13.414 INFO Current price: 0.000000030041 - Current percentage: -21.58% - Max: 41.80% - Min: -21.58% - Market Cap 5984 - Trading time: 00:02:19
06-09-2025 06:50:13.474 INFO Current price: 0.000000029037 - Current percentage: -23.56% - Max: 41.80% - Min: -23.56% - Market Cap 5832 - Trading time: 00:02:19
06-09-2025 06:50:49.487 INFO Current price: 0.000000028642 - Current percentage: -23.69% - Max: 41.80% - Min: -23.69% - Market Cap 5822 - Trading time: 00:02:55
06-09-2025 06:50:56.996 INFO Current price: 0.000000028605 - Current percentage: -23.76% - Max: 41.80% - Min: -23.76% - Market Cap 5817 - Trading time: 00:03:02
06-09-2025 06:51:03.068 INFO Current price: 0.000000028592 - Current percentage: -23.76% - Max: 41.80% - Min: -23.76% - Market Cap 5817 - Trading time: 00:03:08
06-09-2025 06:51:50.400 INFO Current price: 0.000000028592 - Current percentage: -23.76% - Max: 41.80% - Min: -23.76% - Market Cap 5817 - Trading time: 00:03:56
06-09-2025 06:51:54.050 INFO Current price: 0.000000028556 - Current percentage: -23.95% - Max: 41.80% - Min: -23.95% - Market Cap 5802 - Trading time: 00:03:59






06-09-2025 06:52:54.157 INFO {"type":"summary","reason":"max_window","startedAt":"2025-09-06T04:47:54.157Z","endedAt":"2025-09-06T04:52:54.157Z","durationSec":300,"entryPrice":4.6361172809637246e-8,"entryMarketCapSol":37.50426315779008,"entryMarketCapUsd":7630.242339452391,"minPct":-23.954342328207574,"maxPct":41.79971512593354,"buyCount":37,"sellCount":57,"tradeCount":94,"entryRecorded":true,"noPostThresholdTrades":false,"triggerAt":"2025-09-06T04:47:54.157Z","ageAtTriggerSec":369,"preTotalTrades":247,"preBuys":129,"preSells":118,"preUniqueTraders":98,"preEntryTotalTrades":254,"preEntryBuys":132,"preEntrySells":122,"preEntryUniqueTraders":98,"preEntryMinMcUsd":7368.428610258995,"preEntryMaxMcUsd":17422.031764094667,"thresholdMcSol":37.50426315779008,"thresholdMcUsd":7630.242339452391,"thresholdPrice":4.6361172809637246e-8}
