06-09-2025 00:18:15.959 INFO Entry price: 0.000000063402684332 - Entry market cap: 12283 - Buys 79 - Sells 76 - Ratio: 1:0.96 - Min MarketCap: 6793 - Max MarketCap: 13520
06-09-2025 00:18:15.959 INFO Current price: 0.000000063403 - Current percentage: 0.00% - Max: 0.00% - Min: 0.00% - Market Cap 12283 - Trading time: 00:00:02
06-09-2025 00:18:16.051 INFO Current price: 0.000000058204 - Current percentage: -2.59% - Max: 0.00% - Min: -2.59% - Market Cap 11964 - Trading time: 00:00:02
06-09-2025 00:18:16.312 INFO Current price: 0.000000058447 - Current percentage: -3.97% - Max: 0.00% - Min: -3.97% - Market Cap 11795 - Trading time: 00:00:02
06-09-2025 00:18:16.930 INFO Current price: 0.000000057754 - Current percentage: -4.89% - Max: 0.00% - Min: -4.89% - Market Cap 11682 - Trading time: 00:00:02
06-09-2025 00:18:17.143 INFO Current price: 0.000000055202 - Current percentage: -12.27% - Max: 0.00% - Min: -12.27% - Market Cap 10776 - Trading time: 00:00:03
06-09-2025 00:18:17.717 INFO Current price: 0.000000052996 - Current percentage: -12.34% - Max: 0.00% - Min: -12.34% - Market Cap 10767 - Trading time: 00:00:03
06-09-2025 00:18:18.041 INFO Current price: 0.000000052744 - Current percentage: -13.10% - Max: 0.00% - Min: -13.10% - Market Cap 10674 - Trading time: 00:00:04
06-09-2025 00:18:18.479 INFO Current price: 0.000000051305 - Current percentage: -17.06% - Max: 0.00% - Min: -17.06% - Market Cap 10188 - Trading time: 00:00:04
06-09-2025 00:18:19.191 INFO Current price: 0.000000051039 - Current percentage: -14.00% - Max: 0.00% - Min: -17.06% - Market Cap 10563 - Trading time: 00:00:05
06-09-2025 00:18:19.392 INFO Current price: 0.000000052096 - Current percentage: -13.59% - Max: 0.00% - Min: -17.06% - Market Cap 10614 - Trading time: 00:00:05
06-09-2025 00:18:20.243 INFO Current price: 0.000000054346 - Current percentage: -6.86% - Max: 0.00% - Min: -17.06% - Market Cap 11440 - Trading time: 00:00:06
06-09-2025 00:18:20.256 INFO Current price: 0.000000060164 - Current percentage: 6.42% - Max: 6.42% - Min: -17.06% - Market Cap 13071 - Trading time: 00:00:06
06-09-2025 00:18:20.454 INFO Current price: 0.000000064168 - Current percentage: 5.95% - Max: 6.42% - Min: -17.06% - Market Cap 13013 - Trading time: 00:00:06
06-09-2025 00:18:20.629 INFO Current price: 0.000000062566 - Current percentage: 1.17% - Max: 6.42% - Min: -17.06% - Market Cap 12427 - Trading time: 00:00:06
06-09-2025 00:18:21.668 INFO Current price: 0.000000060990 - Current percentage: 0.68% - Max: 6.42% - Min: -17.06% - Market Cap 12366 - Trading time: 00:00:07
06-09-2025 00:18:22.845 INFO Current price: 0.000000060511 - Current percentage: -0.41% - Max: 6.42% - Min: -17.06% - Market Cap 12232 - Trading time: 00:00:08
06-09-2025 00:18:24.882 INFO Current price: 0.000000059566 - Current percentage: -2.44% - Max: 6.42% - Min: -17.06% - Market Cap 11983 - Trading time: 00:00:10
06-09-2025 00:18:25.037 INFO Current price: 0.000000058671 - Current percentage: -3.38% - Max: 6.42% - Min: -17.06% - Market Cap 11867 - Trading time: 00:00:11
06-09-2025 00:18:25.352 INFO Current price: 0.000000057646 - Current percentage: -5.82% - Max: 6.42% - Min: -17.06% - Market Cap 11567 - Trading time: 00:00:11
06-09-2025 00:18:25.440 INFO Current price: 0.000000056851 - Current percentage: -6.03% - Max: 6.42% - Min: -17.06% - Market Cap 11543 - Trading time: 00:00:11
06-09-2025 00:18:25.988 INFO Current price: 0.000000056759 - Current percentage: -6.13% - Max: 6.42% - Min: -17.06% - Market Cap 11530 - Trading time: 00:00:12
06-09-2025 00:18:27.330 INFO Current price: 0.000000056857 - Current percentage: -5.70% - Max: 6.42% - Min: -17.06% - Market Cap 11583 - Trading time: 00:00:13
06-09-2025 00:18:27.821 INFO Current price: 0.000000056971 - Current percentage: -5.75% - Max: 6.42% - Min: -17.06% - Market Cap 11576 - Trading time: 00:00:13
06-09-2025 00:18:29.302 INFO Current price: 0.000000056980 - Current percentage: -5.67% - Max: 6.42% - Min: -17.06% - Market Cap 11587 - Trading time: 00:00:15
06-09-2025 00:18:29.302 INFO Current price: 0.000000056972 - Current percentage: -5.67% - Max: 6.42% - Min: -17.06% - Market Cap 11587 - Trading time: 00:00:15
06-09-2025 00:18:29.680 INFO Current price: 0.000000055772 - Current percentage: -9.71% - Max: 6.42% - Min: -17.06% - Market Cap 11090 - Trading time: 00:00:15
06-09-2025 00:18:31.357 INFO Current price: 0.000000054590 - Current percentage: -9.62% - Max: 6.42% - Min: -17.06% - Market Cap 11101 - Trading time: 00:00:17
06-09-2025 00:18:32.122 INFO Current price: 0.000000054591 - Current percentage: -9.71% - Max: 6.42% - Min: -17.06% - Market Cap 11090 - Trading time: 00:00:18
06-09-2025 00:18:33.897 INFO Current price: 0.000000054578 - Current percentage: -9.67% - Max: 6.42% - Min: -17.06% - Market Cap 11096 - Trading time: 00:00:19
06-09-2025 00:18:35.637 INFO Current price: 0.000000054655 - Current percentage: -9.45% - Max: 6.42% - Min: -17.06% - Market Cap 11122 - Trading time: 00:00:21
06-09-2025 00:18:35.967 INFO Current price: 0.000000054599 - Current percentage: -9.85% - Max: 6.42% - Min: -17.06% - Market Cap 11073 - Trading time: 00:00:22
06-09-2025 00:18:37.140 INFO Current price: 0.000000054605 - Current percentage: -9.43% - Max: 6.42% - Min: -17.06% - Market Cap 11124 - Trading time: 00:00:23
06-09-2025 00:18:38.016 INFO Current price: 0.000000054828 - Current percentage: -9.11% - Max: 6.42% - Min: -17.06% - Market Cap 11163 - Trading time: 00:00:24
06-09-2025 00:18:38.946 INFO Current price: 0.000000055001 - Current percentage: -8.86% - Max: 6.42% - Min: -17.06% - Market Cap 11195 - Trading time: 00:00:24
06-09-2025 00:18:39.764 INFO Current price: 0.000000055142 - Current percentage: -8.65% - Max: 6.42% - Min: -17.06% - Market Cap 11221 - Trading time: 00:00:25
06-09-2025 00:18:43.328 INFO Current price: 0.000000055099 - Current percentage: -9.00% - Max: 6.42% - Min: -17.06% - Market Cap 11177 - Trading time: 00:00:29
06-09-2025 00:18:44.277 INFO Current price: 0.000000053120 - Current percentage: -15.09% - Max: 6.42% - Min: -17.06% - Market Cap 10429 - Trading time: 00:00:30
06-09-2025 00:18:44.323 INFO Current price: 0.000000048334 - Current percentage: -24.66% - Max: 6.42% - Min: -24.66% - Market Cap 9254 - Trading time: 00:00:30
06-09-2025 00:18:46.095 INFO Current price: 0.000000045439 - Current percentage: -24.96% - Max: 6.42% - Min: -24.96% - Market Cap 9217 - Trading time: 00:00:32
06-09-2025 00:18:46.522 INFO Current price: 0.000000045306 - Current percentage: -25.09% - Max: 6.42% - Min: -25.09% - Market Cap 9200 - Trading time: 00:00:32
06-09-2025 00:18:46.741 INFO Current price: 0.000000046136 - Current percentage: -22.19% - Max: 6.42% - Min: -25.09% - Market Cap 9557 - Trading time: 00:00:32
06-09-2025 00:18:46.741 INFO Current price: 0.000000047002 - Current percentage: -22.26% - Max: 6.42% - Min: -25.09% - Market Cap 9549 - Trading time: 00:00:32
06-09-2025 00:18:49.025 INFO Current price: 0.000000046098 - Current percentage: -25.15% - Max: 6.42% - Min: -25.15% - Market Cap 9193 - Trading time: 00:00:35
06-09-2025 00:18:49.475 INFO Current price: 0.000000045266 - Current percentage: -25.04% - Max: 6.42% - Min: -25.15% - Market Cap 9207 - Trading time: 00:00:35
06-09-2025 00:18:49.930 INFO Current price: 0.000000045312 - Current percentage: -25.00% - Max: 6.42% - Min: -25.15% - Market Cap 9212 - Trading time: 00:00:35
06-09-2025 00:18:50.821 INFO Current price: 0.000000045349 - Current percentage: -24.92% - Max: 6.42% - Min: -25.15% - Market Cap 9222 - Trading time: 00:00:36
06-09-2025 00:18:51.551 INFO Current price: 0.000000045385 - Current percentage: -24.88% - Max: 6.42% - Min: -25.15% - Market Cap 9227 - Trading time: 00:00:37
06-09-2025 00:18:52.548 INFO Current price: 0.000000046138 - Current percentage: -22.41% - Max: 6.42% - Min: -25.15% - Market Cap 9530 - Trading time: 00:00:38
06-09-2025 00:18:52.986 INFO Current price: 0.000000047481 - Current percentage: -20.44% - Max: 6.42% - Min: -25.15% - Market Cap 9772 - Trading time: 00:00:39
06-09-2025 00:18:53.104 INFO Current price: 0.000000048330 - Current percentage: -19.61% - Max: 6.42% - Min: -25.15% - Market Cap 9875 - Trading time: 00:00:39
06-09-2025 00:18:53.735 INFO Current price: 0.000000048643 - Current percentage: -19.41% - Max: 6.42% - Min: -25.15% - Market Cap 9899 - Trading time: 00:00:39
06-09-2025 00:18:57.649 INFO Current price: 0.000000048727 - Current percentage: -19.33% - Max: 6.42% - Min: -25.15% - Market Cap 9909 - Trading time: 00:00:43
06-09-2025 00:18:59.075 INFO Current price: 0.000000047001 - Current percentage: -25.02% - Max: 6.42% - Min: -25.15% - Market Cap 9210 - Trading time: 00:00:45
06-09-2025 00:18:59.555 INFO Current price: 0.000000045325 - Current percentage: -24.98% - Max: 6.42% - Min: -25.15% - Market Cap 9215 - Trading time: 00:00:45
06-09-2025 00:19:00.221 INFO Current price: 0.000000042653 - Current percentage: -33.60% - Max: 6.42% - Min: -33.60% - Market Cap 8156 - Trading time: 00:00:46
06-09-2025 00:19:02.693 INFO Current price: 0.000000041330 - Current percentage: -29.56% - Max: 6.42% - Min: -33.60% - Market Cap 8652 - Trading time: 00:00:48
06-09-2025 00:19:03.115 INFO Current price: 0.000000042479 - Current percentage: -29.85% - Max: 6.42% - Min: -33.60% - Market Cap 8616 - Trading time: 00:00:49
06-09-2025 00:19:03.475 INFO Current price: 0.000000041821 - Current percentage: -31.73% - Max: 6.42% - Min: -33.60% - Market Cap 8386 - Trading time: 00:00:49
06-09-2025 00:19:03.934 INFO Current price: 0.000000041345 - Current percentage: -31.44% - Max: 6.42% - Min: -33.60% - Market Cap 8421 - Trading time: 00:00:49
06-09-2025 00:19:05.323 INFO Current price: 0.000000041654 - Current percentage: -30.70% - Max: 6.42% - Min: -33.60% - Market Cap 8511 - Trading time: 00:00:51
06-09-2025 00:19:05.950 INFO Current price: 0.000000041270 - Current percentage: -32.70% - Max: 6.42% - Min: -33.60% - Market Cap 8267 - Trading time: 00:00:51
06-09-2025 00:19:10.109 INFO Current price: 0.000000039670 - Current percentage: -35.97% - Max: 6.42% - Min: -35.97% - Market Cap 7865 - Trading time: 00:00:56
06-09-2025 00:19:10.139 INFO Current price: 0.000000037433 - Current percentage: -40.08% - Max: 6.42% - Min: -40.08% - Market Cap 7360 - Trading time: 00:00:56
06-09-2025 00:19:10.292 INFO Current price: 0.000000036051 - Current percentage: -40.61% - Max: 6.42% - Min: -40.61% - Market Cap 7294 - Trading time: 00:00:56
06-09-2025 00:19:10.738 INFO Current price: 0.000000035881 - Current percentage: -40.64% - Max: 6.42% - Min: -40.64% - Market Cap 7292 - Trading time: 00:00:56
06-09-2025 00:19:11.102 INFO Current price: 0.000000035837 - Current percentage: -40.76% - Max: 6.42% - Min: -40.76% - Market Cap 7276 - Trading time: 00:00:57
06-09-2025 00:19:11.269 INFO Current price: 0.000000035374 - Current percentage: -42.16% - Max: 6.42% - Min: -42.16% - Market Cap 7104 - Trading time: 00:00:57
06-09-2025 00:19:11.762 INFO Current price: 0.000000034562 - Current percentage: -43.45% - Max: 6.42% - Min: -43.45% - Market Cap 6946 - Trading time: 00:00:57
06-09-2025 00:19:12.068 INFO Current price: 0.000000034276 - Current percentage: -43.31% - Max: 6.42% - Min: -43.45% - Market Cap 6963 - Trading time: 00:00:58
06-09-2025 00:19:12.175 INFO Current price: 0.000000034206 - Current percentage: -43.48% - Max: 6.42% - Min: -43.48% - Market Cap 6942 - Trading time: 00:00:58
06-09-2025 00:19:12.752 INFO Current price: 0.000000034122 - Current percentage: -43.59% - Max: 6.42% - Min: -43.59% - Market Cap 6929 - Trading time: 00:00:58
06-09-2025 00:19:12.753 INFO Current price: 0.000000034063 - Current percentage: -43.68% - Max: 6.42% - Min: -43.68% - Market Cap 6918 - Trading time: 00:00:58
06-09-2025 00:19:13.230 INFO Current price: 0.000000034135 - Current percentage: -43.35% - Max: 6.42% - Min: -43.68% - Market Cap 6959 - Trading time: 00:00:59
06-09-2025 00:19:14.458 INFO Current price: 0.000000034783 - Current percentage: -41.52% - Max: 6.42% - Min: -43.68% - Market Cap 7183 - Trading time: 00:01:00
06-09-2025 00:19:14.458 INFO Current price: 0.000000035910 - Current percentage: -39.62% - Max: 6.42% - Min: -43.68% - Market Cap 7417 - Trading time: 00:01:00
06-09-2025 00:19:15.116 INFO Current price: 0.000000036456 - Current percentage: -39.73% - Max: 6.42% - Min: -43.68% - Market Cap 7402 - Trading time: 00:01:01
06-09-2025 00:19:15.514 INFO Current price: 0.000000036680 - Current percentage: -38.87% - Max: 6.42% - Min: -43.68% - Market Cap 7509 - Trading time: 00:01:01
06-09-2025 00:19:16.134 INFO Current price: 0.000000036985 - Current percentage: -38.73% - Max: 6.42% - Min: -43.68% - Market Cap 7526 - Trading time: 00:01:02
06-09-2025 00:19:19.989 INFO Current price: 0.000000037238 - Current percentage: -38.03% - Max: 6.42% - Min: -43.68% - Market Cap 7611 - Trading time: 00:01:06
06-09-2025 00:19:20.120 INFO Current price: 0.000000037660 - Current percentage: -37.33% - Max: 6.42% - Min: -43.68% - Market Cap 7697 - Trading time: 00:01:06
06-09-2025 00:19:20.387 INFO Current price: 0.000000038084 - Current percentage: -36.63% - Max: 6.42% - Min: -43.68% - Market Cap 7784 - Trading time: 00:01:06
06-09-2025 00:19:20.488 INFO Current price: 0.000000038511 - Current percentage: -35.92% - Max: 6.42% - Min: -43.68% - Market Cap 7871 - Trading time: 00:01:06
06-09-2025 00:19:21.574 INFO Current price: 0.000000039769 - Current percentage: -32.42% - Max: 6.42% - Min: -43.68% - Market Cap 8301 - Trading time: 00:01:07
06-09-2025 00:19:21.576 INFO Current price: 0.000000041961 - Current percentage: -28.66% - Max: 6.42% - Min: -43.68% - Market Cap 8763 - Trading time: 00:01:07
06-09-2025 00:19:21.585 INFO Current price: 0.000000044255 - Current percentage: -24.83% - Max: 6.42% - Min: -43.68% - Market Cap 9233 - Trading time: 00:01:07
06-09-2025 00:19:21.638 INFO Current price: 0.000000046257 - Current percentage: -22.06% - Max: 6.42% - Min: -43.68% - Market Cap 9573 - Trading time: 00:01:07
06-09-2025 00:19:21.680 INFO Current price: 0.000000047675 - Current percentage: -20.15% - Max: 6.42% - Min: -43.68% - Market Cap 9808 - Trading time: 00:01:07
06-09-2025 00:19:25.381 INFO Current price: 0.000000048339 - Current percentage: -19.87% - Max: 6.42% - Min: -43.68% - Market Cap 9842 - Trading time: 00:01:11
06-09-2025 00:19:26.429 INFO Current price: 0.000000048432 - Current percentage: -19.84% - Max: 6.42% - Min: -43.68% - Market Cap 9845 - Trading time: 00:01:12
06-09-2025 00:19:33.011 INFO Current price: 0.000000047070 - Current percentage: -24.31% - Max: 6.42% - Min: -43.68% - Market Cap 9297 - Trading time: 00:01:19
06-09-2025 00:19:33.018 INFO Current price: 0.000000044472 - Current percentage: -28.45% - Max: 6.42% - Min: -43.68% - Market Cap 8788 - Trading time: 00:01:19
06-09-2025 00:19:33.020 INFO Current price: 0.000000042149 - Current percentage: -32.01% - Max: 6.42% - Min: -43.68% - Market Cap 8351 - Trading time: 00:01:19
06-09-2025 00:19:33.115 INFO Current price: 0.000000040398 - Current percentage: -34.27% - Max: 6.42% - Min: -43.68% - Market Cap 8073 - Trading time: 00:01:19
06-09-2025 00:19:33.201 INFO Current price: 0.000000039287 - Current percentage: -35.70% - Max: 6.42% - Min: -43.68% - Market Cap 7898 - Trading time: 00:01:19
06-09-2025 00:19:35.221 INFO Current price: 0.000000039120 - Current percentage: -34.83% - Max: 6.42% - Min: -43.68% - Market Cap 8005 - Trading time: 00:01:21
06-09-2025 00:19:35.300 INFO Current price: 0.000000039877 - Current percentage: -33.19% - Max: 6.42% - Min: -43.68% - Market Cap 8207 - Trading time: 00:01:21
06-09-2025 00:19:35.351 INFO Current price: 0.000000040908 - Current percentage: -31.42% - Max: 6.42% - Min: -43.68% - Market Cap 8424 - Trading time: 00:01:21
06-09-2025 00:19:35.865 INFO Current price: 0.000000041478 - Current percentage: -31.31% - Max: 6.42% - Min: -43.68% - Market Cap 8437 - Trading time: 00:01:21
06-09-2025 00:19:35.928 INFO Current price: 0.000000041565 - Current percentage: -31.13% - Max: 6.42% - Min: -43.68% - Market Cap 8459 - Trading time: 00:01:21
06-09-2025 00:19:36.005 INFO Current price: 0.000000041925 - Current percentage: -30.61% - Max: 6.42% - Min: -43.68% - Market Cap 8523 - Trading time: 00:01:22
06-09-2025 00:19:37.629 INFO Current price: 0.000000041385 - Current percentage: -32.41% - Max: 6.42% - Min: -43.68% - Market Cap 8302 - Trading time: 00:01:23
06-09-2025 00:19:37.683 INFO Current price: 0.000000041289 - Current percentage: -31.67% - Max: 6.42% - Min: -43.68% - Market Cap 8392 - Trading time: 00:01:23
06-09-2025 00:19:37.994 INFO Current price: 0.000000041298 - Current percentage: -31.65% - Max: 6.42% - Min: -43.68% - Market Cap 8395 - Trading time: 00:01:24
06-09-2025 00:19:39.168 INFO Current price: 0.000000041310 - Current percentage: -31.63% - Max: 6.42% - Min: -43.68% - Market Cap 8397 - Trading time: 00:01:25
06-09-2025 00:19:40.185 INFO Current price: 0.000000041631 - Current percentage: -31.11% - Max: 6.42% - Min: -43.68% - Market Cap 8462 - Trading time: 00:01:26
06-09-2025 00:19:40.456 INFO Current price: 0.000000041639 - Current percentage: -31.09% - Max: 6.42% - Min: -43.68% - Market Cap 8464 - Trading time: 00:01:26
06-09-2025 00:19:41.656 INFO Current price: 0.000000041757 - Current percentage: -30.72% - Max: 6.42% - Min: -43.68% - Market Cap 8510 - Trading time: 00:01:27
06-09-2025 00:19:41.715 INFO Current price: 0.000000041044 - Current percentage: -33.42% - Max: 6.42% - Min: -43.68% - Market Cap 8178 - Trading time: 00:01:27
06-09-2025 00:19:43.545 INFO Current price: 0.000000040243 - Current percentage: -33.40% - Max: 6.42% - Min: -43.68% - Market Cap 8181 - Trading time: 00:01:29
06-09-2025 00:19:44.494 INFO Current price: 0.000000040185 - Current percentage: -33.61% - Max: 6.42% - Min: -43.68% - Market Cap 8155 - Trading time: 00:01:30
06-09-2025 00:19:46.070 INFO Current price: 0.000000040154 - Current percentage: -33.50% - Max: 6.42% - Min: -43.68% - Market Cap 8168 - Trading time: 00:01:32
06-09-2025 00:19:51.459 INFO Current price: 0.000000040134 - Current percentage: -33.67% - Max: 6.42% - Min: -43.68% - Market Cap 8147 - Trading time: 00:01:37
06-09-2025 00:19:53.336 INFO Current price: 0.000000039870 - Current percentage: -34.37% - Max: 6.42% - Min: -43.68% - Market Cap 8061 - Trading time: 00:01:39
06-09-2025 00:19:55.015 INFO Current price: 0.000000038926 - Current percentage: -36.78% - Max: 6.42% - Min: -43.68% - Market Cap 7766 - Trading time: 00:01:41
06-09-2025 00:19:58.509 INFO Current price: 0.000000037581 - Current percentage: -38.83% - Max: 6.42% - Min: -43.68% - Market Cap 7513 - Trading time: 00:01:44
06-09-2025 00:19:58.509 INFO Current price: 0.000000036404 - Current percentage: -40.68% - Max: 6.42% - Min: -43.68% - Market Cap 7286 - Trading time: 00:01:44
06-09-2025 00:19:58.510 INFO Current price: 0.000000035337 - Current percentage: -42.36% - Max: 6.42% - Min: -43.68% - Market Cap 7079 - Trading time: 00:01:44
06-09-2025 00:20:02.012 INFO Current price: 0.000000034823 - Current percentage: -42.39% - Max: 6.42% - Min: -43.68% - Market Cap 7076 - Trading time: 00:01:48
06-09-2025 00:20:02.636 INFO Current price: 0.000000034083 - Current percentage: -44.79% - Max: 6.42% - Min: -44.79% - Market Cap 6782 - Trading time: 00:01:48
06-09-2025 00:20:02.638 INFO Current price: 0.000000032856 - Current percentage: -46.46% - Max: 6.42% - Min: -46.46% - Market Cap 6576 - Trading time: 00:01:48
06-09-2025 00:20:02.640 INFO Current price: 0.000000031869 - Current percentage: -48.06% - Max: 6.42% - Min: -48.06% - Market Cap 6380 - Trading time: 00:01:48
06-09-2025 00:20:03.660 INFO Current price: 0.000000031350 - Current percentage: -48.19% - Max: 6.42% - Min: -48.19% - Market Cap 6363 - Trading time: 00:01:49
06-09-2025 00:20:04.193 INFO Current price: 0.000000031121 - Current percentage: -48.81% - Max: 6.42% - Min: -48.81% - Market Cap 6288 - Trading time: 00:01:50
06-09-2025 00:20:04.250 INFO Current price: 0.000000030600 - Current percentage: -49.91% - Max: 6.42% - Min: -49.91% - Market Cap 6152 - Trading time: 00:01:50
06-09-2025 00:20:04.320 INFO Current price: 0.000000030252 - Current percentage: -49.97% - Max: 6.42% - Min: -49.97% - Market Cap 6146 - Trading time: 00:01:50
06-09-2025 00:20:11.224 INFO Current price: 0.000000030281 - Current percentage: -49.82% - Max: 6.42% - Min: -49.97% - Market Cap 6164 - Trading time: 00:01:57
06-09-2025 00:20:11.667 INFO Current price: 0.000000030227 - Current percentage: -50.14% - Max: 6.42% - Min: -50.14% - Market Cap 6124 - Trading time: 00:01:57
06-09-2025 00:20:12.254 INFO Current price: 0.000000030110 - Current percentage: -50.21% - Max: 6.42% - Min: -50.21% - Market Cap 6116 - Trading time: 00:01:58
06-09-2025 00:20:13.469 INFO Current price: 0.000000030359 - Current percentage: -49.64% - Max: 6.42% - Min: -50.21% - Market Cap 6186 - Trading time: 00:01:59
06-09-2025 00:20:14.819 INFO Current price: 0.000000030430 - Current percentage: -49.66% - Max: 6.42% - Min: -50.21% - Market Cap 6184 - Trading time: 00:02:00
06-09-2025 00:20:15.631 INFO Current price: 0.000000030442 - Current percentage: -49.59% - Max: 6.42% - Min: -50.21% - Market Cap 6191 - Trading time: 00:02:01
06-09-2025 00:20:15.899 INFO Current price: 0.000000030538 - Current percentage: -49.34% - Max: 6.42% - Min: -50.21% - Market Cap 6223 - Trading time: 00:02:01
06-09-2025 00:20:20.176 INFO Current price: 0.000000030693 - Current percentage: -49.08% - Max: 6.42% - Min: -50.21% - Market Cap 6254 - Trading time: 00:02:06
06-09-2025 00:20:31.465 INFO Current price: 0.000000030677 - Current percentage: -49.39% - Max: 6.42% - Min: -50.21% - Market Cap 6216 - Trading time: 00:02:17
06-09-2025 00:20:40.017 INFO Current price: 0.000000030622 - Current percentage: -49.26% - Max: 6.42% - Min: -50.21% - Market Cap 6232 - Trading time: 00:02:26
06-09-2025 00:20:40.187 INFO Current price: 0.000000030575 - Current percentage: -49.55% - Max: 6.42% - Min: -50.21% - Market Cap 6197 - Trading time: 00:02:26
06-09-2025 00:20:45.399 INFO Current price: 0.000000030728 - Current percentage: -48.76% - Max: 6.42% - Min: -50.21% - Market Cap 6294 - Trading time: 00:02:31
06-09-2025 00:20:52.818 INFO Current price: 0.000000030936 - Current percentage: -48.86% - Max: 6.42% - Min: -50.21% - Market Cap 6281 - Trading time: 00:02:38
06-09-2025 00:20:56.348 INFO Current price: 0.000000030853 - Current percentage: -49.03% - Max: 6.42% - Min: -50.21% - Market Cap 6261 - Trading time: 00:02:42
06-09-2025 00:20:59.998 INFO Current price: 0.000000030746 - Current percentage: -49.22% - Max: 6.42% - Min: -50.21% - Market Cap 6238 - Trading time: 00:02:46
06-09-2025 00:21:19.279 INFO Current price: 0.000000030637 - Current percentage: -49.39% - Max: 6.42% - Min: -50.21% - Market Cap 6216 - Trading time: 00:03:05
06-09-2025 00:21:20.213 INFO Current price: 0.000000030281 - Current percentage: -50.39% - Max: 6.42% - Min: -50.39% - Market Cap 6094 - Trading time: 00:03:06
06-09-2025 00:21:24.321 INFO Current price: 0.000000029720 - Current percentage: -51.25% - Max: 6.42% - Min: -51.25% - Market Cap 5988 - Trading time: 00:03:10
06-09-2025 00:21:59.821 INFO Current price: 0.000000029443 - Current percentage: -51.31% - Max: 6.42% - Min: -51.31% - Market Cap 5981 - Trading time: 00:03:45






06-09-2025 00:23:13.958 INFO {"type":"summary","reason":"max_window","startedAt":"2025-09-05T22:18:13.958Z","endedAt":"2025-09-05T22:23:13.958Z","durationSec":300,"entryPrice":6.340268433235261e-8,"entryMarketCapSol":60.43173212036038,"entryMarketCapUsd":12282.749553463247,"minPct":-51.308836402083315,"maxPct":6.41773646777664,"buyCount":68,"sellCount":80,"tradeCount":148,"entryRecorded":true,"noPostThresholdTrades":false,"triggerAt":"2025-09-05T22:18:13.958Z","ageAtTriggerSec":28,"preTotalTrades":150,"preBuys":76,"preSells":74,"preUniqueTraders":76,"preEntryTotalTrades":155,"preEntryBuys":79,"preEntrySells":76,"preEntryUniqueTraders":79,"preEntryMinMcUsd":6792.935797407739,"preEntryMaxMcUsd":13520.127977540744,"thresholdMcSol":60.43173212036038,"thresholdMcUsd":12282.749553463247,"thresholdPrice":6.340268433235261e-8}
