06-09-2025 15:15:51.317 INFO Entry price: 0.000000043006785696 - Entry market cap: 7783 - Buys 31 - Sells 6 - Ratio: 1:0.19 - Min MarketCap: 6954 - Max MarketCap: 12019
06-09-2025 15:15:51.317 INFO Current price: 0.000000043007 - Current percentage: 0.00% - Max: 0.00% - Min: 0.00% - Market Cap 7783 - Trading time: 00:00:02
06-09-2025 15:15:51.961 INFO Current price: 0.000000059415 - Current percentage: 54.44% - Max: 54.44% - Min: 0.00% - Market Cap 12019 - Trading time: 00:00:02
06-09-2025 15:15:52.231 INFO Current price: 0.000000059415 - Current percentage: 54.44% - Max: 54.44% - Min: 0.00% - Market Cap 12019 - Trading time: 00:00:02
06-09-2025 15:15:52.715 INFO Current price: 0.000000059415 - Current percentage: 54.44% - Max: 54.44% - Min: 0.00% - Market Cap 12019 - Trading time: 00:00:03
06-09-2025 15:15:53.365 INFO Current price: 0.000000057821 - Current percentage: 46.26% - Max: 54.44% - Min: 0.00% - Market Cap 11383 - Trading time: 00:00:04
06-09-2025 15:15:55.447 INFO Current price: 0.000000054319 - Current percentage: 36.30% - Max: 54.44% - Min: 0.00% - Market Cap 10607 - Trading time: 00:00:06
06-09-2025 15:15:55.619 INFO Current price: 0.000000053060 - Current percentage: 39.56% - Max: 54.44% - Min: 0.00% - Market Cap 10861 - Trading time: 00:00:06
06-09-2025 15:15:55.795 INFO Current price: 0.000000053666 - Current percentage: 39.43% - Max: 54.44% - Min: 0.00% - Market Cap 10851 - Trading time: 00:00:06
06-09-2025 15:15:55.846 INFO Current price: 0.000000053616 - Current percentage: 39.30% - Max: 54.44% - Min: 0.00% - Market Cap 10841 - Trading time: 00:00:06
06-09-2025 15:15:57.062 INFO Current price: 0.000000055088 - Current percentage: 47.19% - Max: 54.44% - Min: 0.00% - Market Cap 11455 - Trading time: 00:00:07
06-09-2025 15:15:57.066 INFO Current price: 0.000000058330 - Current percentage: 56.18% - Max: 56.18% - Min: 0.00% - Market Cap 12155 - Trading time: 00:00:07
06-09-2025 15:15:57.158 INFO Current price: 0.000000061660 - Current percentage: 64.48% - Max: 64.48% - Min: 0.00% - Market Cap 12800 - Trading time: 00:00:07
06-09-2025 15:15:58.484 INFO Current price: 0.000000063628 - Current percentage: 66.30% - Max: 66.30% - Min: 0.00% - Market Cap 12943 - Trading time: 00:00:09
06-09-2025 15:15:59.236 INFO Current price: 0.000000064118 - Current percentage: 67.02% - Max: 67.02% - Min: 0.00% - Market Cap 12998 - Trading time: 00:00:09
06-09-2025 15:16:02.688 INFO Current price: 0.000000064353 - Current percentage: 67.52% - Max: 67.52% - Min: 0.00% - Market Cap 13038 - Trading time: 00:00:13
06-09-2025 15:16:03.265 INFO Current price: 0.000000064519 - Current percentage: 67.88% - Max: 67.88% - Min: 0.00% - Market Cap 13066 - Trading time: 00:00:13
06-09-2025 15:16:03.295 INFO Current price: 0.000000064602 - Current percentage: 67.96% - Max: 67.96% - Min: 0.00% - Market Cap 13071 - Trading time: 00:00:13
06-09-2025 15:16:03.560 INFO Current price: 0.000000063077 - Current percentage: 60.05% - Max: 67.96% - Min: 0.00% - Market Cap 12456 - Trading time: 00:00:14
06-09-2025 15:16:03.641 INFO Current price: 0.000000061558 - Current percentage: 59.96% - Max: 67.96% - Min: 0.00% - Market Cap 12449 - Trading time: 00:00:14
06-09-2025 15:16:04.001 INFO Current price: 0.000000059990 - Current percentage: 52.00% - Max: 67.96% - Min: 0.00% - Market Cap 11830 - Trading time: 00:00:14
06-09-2025 15:16:04.047 INFO Current price: 0.000000058463 - Current percentage: 51.92% - Max: 67.96% - Min: 0.00% - Market Cap 11823 - Trading time: 00:00:14
06-09-2025 15:16:04.422 INFO Current price: 0.000000058292 - Current percentage: 51.11% - Max: 67.96% - Min: 0.00% - Market Cap 11761 - Trading time: 00:00:15
06-09-2025 15:16:04.564 INFO Current price: 0.000000057967 - Current percentage: 50.23% - Max: 67.96% - Min: 0.00% - Market Cap 11692 - Trading time: 00:00:15
06-09-2025 15:16:05.071 INFO Current price: 0.000000057929 - Current percentage: 50.92% - Max: 67.96% - Min: 0.00% - Market Cap 11745 - Trading time: 00:00:15
06-09-2025 15:16:05.462 INFO Current price: 0.000000058192 - Current percentage: 51.60% - Max: 67.96% - Min: 0.00% - Market Cap 11798 - Trading time: 00:00:16
06-09-2025 15:16:05.553 INFO Current price: 0.000000058204 - Current percentage: 50.98% - Max: 67.96% - Min: 0.00% - Market Cap 11750 - Trading time: 00:00:16
06-09-2025 15:16:06.816 INFO Current price: 0.000000058150 - Current percentage: 51.32% - Max: 67.96% - Min: 0.00% - Market Cap 11777 - Trading time: 00:00:17
06-09-2025 15:16:08.903 INFO Current price: 0.000000058223 - Current percentage: 51.35% - Max: 67.96% - Min: 0.00% - Market Cap 11779 - Trading time: 00:00:19
06-09-2025 15:16:09.494 INFO Current price: 0.000000058209 - Current percentage: 51.35% - Max: 67.96% - Min: 0.00% - Market Cap 11779 - Trading time: 00:00:20
06-09-2025 15:16:10.374 INFO Current price: 0.000000058296 - Current percentage: 51.70% - Max: 67.96% - Min: 0.00% - Market Cap 11806 - Trading time: 00:00:21
06-09-2025 15:16:10.683 INFO Current price: 0.000000058042 - Current percentage: 50.04% - Max: 67.96% - Min: 0.00% - Market Cap 11677 - Trading time: 00:00:21
06-09-2025 15:16:11.922 INFO Current price: 0.000000057600 - Current percentage: 49.40% - Max: 67.96% - Min: 0.00% - Market Cap 11627 - Trading time: 00:00:22
06-09-2025 15:16:14.698 INFO Current price: 0.000000057478 - Current percentage: 49.41% - Max: 67.96% - Min: 0.00% - Market Cap 11627 - Trading time: 00:00:25
06-09-2025 15:16:16.220 INFO Current price: 0.000000055906 - Current percentage: 41.34% - Max: 67.96% - Min: 0.00% - Market Cap 11000 - Trading time: 00:00:26
06-09-2025 15:16:16.224 INFO Current price: 0.000000052863 - Current percentage: 33.58% - Max: 67.96% - Min: 0.00% - Market Cap 10396 - Trading time: 00:00:26
06-09-2025 15:16:16.331 INFO Current price: 0.000000051138 - Current percentage: 32.27% - Max: 67.96% - Min: 0.00% - Market Cap 10294 - Trading time: 00:00:27
06-09-2025 15:16:16.396 INFO Current price: 0.000000049433 - Current percentage: 24.82% - Max: 67.96% - Min: 0.00% - Market Cap 9714 - Trading time: 00:00:27
06-09-2025 15:16:16.451 INFO Current price: 0.000000046949 - Current percentage: 19.31% - Max: 67.96% - Min: 0.00% - Market Cap 9285 - Trading time: 00:00:27
06-09-2025 15:16:16.984 INFO Current price: 0.000000047384 - Current percentage: 27.15% - Max: 67.96% - Min: 0.00% - Market Cap 9895 - Trading time: 00:00:27
06-09-2025 15:16:17.040 INFO Current price: 0.000000050398 - Current percentage: 34.97% - Max: 67.96% - Min: 0.00% - Market Cap 10504 - Trading time: 00:00:27
06-09-2025 15:16:17.112 INFO Current price: 0.000000052156 - Current percentage: 36.17% - Max: 67.96% - Min: 0.00% - Market Cap 10598 - Trading time: 00:00:27
06-09-2025 15:16:17.375 INFO Current price: 0.000000050644 - Current percentage: 27.25% - Max: 67.96% - Min: 0.00% - Market Cap 9903 - Trading time: 00:00:28
06-09-2025 15:16:17.379 INFO Current price: 0.000000047260 - Current percentage: 18.59% - Max: 67.96% - Min: 0.00% - Market Cap 9229 - Trading time: 00:00:28
06-09-2025 15:16:18.533 INFO Current price: 0.000000045532 - Current percentage: 18.11% - Max: 67.96% - Min: 0.00% - Market Cap 9192 - Trading time: 00:00:29
06-09-2025 15:16:18.645 INFO Current price: 0.000000046022 - Current percentage: 21.15% - Max: 67.96% - Min: 0.00% - Market Cap 9429 - Trading time: 00:00:29
06-09-2025 15:16:18.678 INFO Current price: 0.000000046728 - Current percentage: 21.77% - Max: 67.96% - Min: 0.00% - Market Cap 9476 - Trading time: 00:00:29
06-09-2025 15:16:19.170 INFO Current price: 0.000000046905 - Current percentage: 22.07% - Max: 67.96% - Min: 0.00% - Market Cap 9500 - Trading time: 00:00:29
06-09-2025 15:16:19.433 INFO Current price: 0.000000048372 - Current percentage: 29.50% - Max: 67.96% - Min: 0.00% - Market Cap 10079 - Trading time: 00:00:30
06-09-2025 15:16:19.445 INFO Current price: 0.000000051535 - Current percentage: 38.56% - Max: 67.96% - Min: 0.00% - Market Cap 10783 - Trading time: 00:00:30
06-09-2025 15:16:21.353 INFO Current price: 0.000000053369 - Current percentage: 38.89% - Max: 67.96% - Min: 0.00% - Market Cap 10809 - Trading time: 00:00:32
06-09-2025 15:16:21.459 INFO Current price: 0.000000053288 - Current percentage: 38.14% - Max: 67.96% - Min: 0.00% - Market Cap 10751 - Trading time: 00:00:32
06-09-2025 15:16:22.072 INFO Current price: 0.000000053773 - Current percentage: 41.42% - Max: 67.96% - Min: 0.00% - Market Cap 11006 - Trading time: 00:00:32
06-09-2025 15:16:22.771 INFO Current price: 0.000000054403 - Current percentage: 41.39% - Max: 67.96% - Min: 0.00% - Market Cap 11004 - Trading time: 00:00:33
06-09-2025 15:16:23.178 INFO Current price: 0.000000053656 - Current percentage: 37.57% - Max: 67.96% - Min: 0.00% - Market Cap 10706 - Trading time: 00:00:33
06-09-2025 15:16:23.674 INFO Current price: 0.000000055475 - Current percentage: 44.23% - Max: 67.96% - Min: 0.00% - Market Cap 11225 - Trading time: 00:00:34
06-09-2025 15:16:24.143 INFO Current price: 0.000000054825 - Current percentage: 40.80% - Max: 67.96% - Min: 0.00% - Market Cap 10958 - Trading time: 00:00:34
06-09-2025 15:16:24.681 INFO Current price: 0.000000054550 - Current percentage: 42.79% - Max: 67.96% - Min: 0.00% - Market Cap 11112 - Trading time: 00:00:35
06-09-2025 15:16:27.677 INFO Current price: 0.000000055469 - Current percentage: 45.59% - Max: 67.96% - Min: 0.00% - Market Cap 11330 - Trading time: 00:00:38
06-09-2025 15:16:34.928 INFO Current price: 0.000000055943 - Current percentage: 45.24% - Max: 67.96% - Min: 0.00% - Market Cap 11303 - Trading time: 00:00:45
06-09-2025 15:16:35.170 INFO Current price: 0.000000055583 - Current percentage: 43.72% - Max: 67.96% - Min: 0.00% - Market Cap 11185 - Trading time: 00:00:45
06-09-2025 15:16:35.608 INFO Current price: 0.000000055423 - Current percentage: 44.40% - Max: 67.96% - Min: 0.00% - Market Cap 11238 - Trading time: 00:00:46
06-09-2025 15:16:35.608 INFO Current price: 0.000000055490 - Current percentage: 44.07% - Max: 67.96% - Min: 0.00% - Market Cap 11212 - Trading time: 00:00:46
06-09-2025 15:16:35.622 INFO Current price: 0.000000055360 - Current percentage: 43.73% - Max: 67.96% - Min: 0.00% - Market Cap 11186 - Trading time: 00:00:46
06-09-2025 15:16:36.141 INFO Current price: 0.000000055218 - Current percentage: 43.33% - Max: 67.96% - Min: 0.00% - Market Cap 11154 - Trading time: 00:00:46
06-09-2025 15:16:36.830 INFO Current price: 0.000000056421 - Current percentage: 50.06% - Max: 67.96% - Min: 0.00% - Market Cap 11678 - Trading time: 00:00:47
06-09-2025 15:16:36.930 INFO Current price: 0.000000059065 - Current percentage: 57.08% - Max: 67.96% - Min: 0.00% - Market Cap 12225 - Trading time: 00:00:47
06-09-2025 15:16:37.585 INFO Current price: 0.000000060566 - Current percentage: 57.78% - Max: 67.96% - Min: 0.00% - Market Cap 12279 - Trading time: 00:00:48
06-09-2025 15:16:39.154 INFO Current price: 0.000000060823 - Current percentage: 58.41% - Max: 67.96% - Min: 0.00% - Market Cap 12329 - Trading time: 00:00:49
06-09-2025 15:16:39.934 INFO Current price: 0.000000061012 - Current percentage: 58.76% - Max: 67.96% - Min: 0.00% - Market Cap 12356 - Trading time: 00:00:50
06-09-2025 15:16:40.429 INFO Current price: 0.000000061349 - Current percentage: 60.17% - Max: 67.96% - Min: 0.00% - Market Cap 12465 - Trading time: 00:00:51
06-09-2025 15:16:40.750 INFO Current price: 0.000000061728 - Current percentage: 60.73% - Max: 67.96% - Min: 0.00% - Market Cap 12509 - Trading time: 00:00:51
06-09-2025 15:16:43.913 INFO Current price: 0.000000061538 - Current percentage: 59.18% - Max: 67.96% - Min: 0.00% - Market Cap 12388 - Trading time: 00:00:54
06-09-2025 15:16:45.016 INFO Current price: 0.000000059031 - Current percentage: 47.90% - Max: 67.96% - Min: 0.00% - Market Cap 11511 - Trading time: 00:00:55
06-09-2025 15:16:45.444 INFO Current price: 0.000000054217 - Current percentage: 34.27% - Max: 67.96% - Min: 0.00% - Market Cap 10450 - Trading time: 00:00:56
06-09-2025 15:16:46.170 INFO Current price: 0.000000051606 - Current percentage: 34.00% - Max: 67.96% - Min: 0.00% - Market Cap 10429 - Trading time: 00:00:56
06-09-2025 15:16:47.402 INFO Current price: 0.000000051554 - Current percentage: 34.00% - Max: 67.96% - Min: 0.00% - Market Cap 10429 - Trading time: 00:00:58
06-09-2025 15:16:47.402 INFO Current price: 0.000000051555 - Current percentage: 34.01% - Max: 67.96% - Min: 0.00% - Market Cap 10429 - Trading time: 00:00:58
06-09-2025 15:16:47.516 INFO Current price: 0.000000051556 - Current percentage: 34.01% - Max: 67.96% - Min: 0.00% - Market Cap 10429 - Trading time: 00:00:58
06-09-2025 15:16:47.591 INFO Current price: 0.000000051558 - Current percentage: 34.01% - Max: 67.96% - Min: 0.00% - Market Cap 10430 - Trading time: 00:00:58
06-09-2025 15:16:47.695 INFO Current price: 0.000000051620 - Current percentage: 34.34% - Max: 67.96% - Min: 0.00% - Market Cap 10455 - Trading time: 00:00:58
06-09-2025 15:16:47.892 INFO Current price: 0.000000052301 - Current percentage: 37.58% - Max: 67.96% - Min: 0.00% - Market Cap 10707 - Trading time: 00:00:58
06-09-2025 15:16:48.375 INFO Current price: 0.000000054262 - Current percentage: 44.60% - Max: 67.96% - Min: 0.00% - Market Cap 11253 - Trading time: 00:00:59
06-09-2025 15:16:48.378 INFO Current price: 0.000000056833 - Current percentage: 50.92% - Max: 67.96% - Min: 0.00% - Market Cap 11745 - Trading time: 00:00:59
06-09-2025 15:16:49.298 INFO Current price: 0.000000058194 - Current percentage: 51.60% - Max: 67.96% - Min: 0.00% - Market Cap 11799 - Trading time: 00:00:59
06-09-2025 15:16:50.110 INFO Current price: 0.000000058391 - Current percentage: 51.95% - Max: 67.96% - Min: 0.00% - Market Cap 11825 - Trading time: 00:01:00
06-09-2025 15:16:51.456 INFO Current price: 0.000000058464 - Current percentage: 51.98% - Max: 67.96% - Min: 0.00% - Market Cap 11828 - Trading time: 00:01:02
06-09-2025 15:16:53.885 INFO Current price: 0.000000058472 - Current percentage: 51.99% - Max: 67.96% - Min: 0.00% - Market Cap 11828 - Trading time: 00:01:04
06-09-2025 15:16:54.284 INFO Current price: 0.000000057895 - Current percentage: 49.00% - Max: 67.96% - Min: 0.00% - Market Cap 11596 - Trading time: 00:01:04
06-09-2025 15:16:54.662 INFO Current price: 0.000000057325 - Current percentage: 49.01% - Max: 67.96% - Min: 0.00% - Market Cap 11597 - Trading time: 00:01:05
06-09-2025 15:16:55.098 INFO Current price: 0.000000057457 - Current percentage: 49.69% - Max: 67.96% - Min: 0.00% - Market Cap 11649 - Trading time: 00:01:05
06-09-2025 15:16:55.370 INFO Current price: 0.000000056231 - Current percentage: 42.72% - Max: 67.96% - Min: 0.00% - Market Cap 11107 - Trading time: 00:01:06
06-09-2025 15:16:57.195 INFO Current price: 0.000000054523 - Current percentage: 40.73% - Max: 67.96% - Min: 0.00% - Market Cap 10953 - Trading time: 00:01:07
06-09-2025 15:16:57.951 INFO Current price: 0.000000054142 - Current percentage: 40.73% - Max: 67.96% - Min: 0.00% - Market Cap 10952 - Trading time: 00:01:08
06-09-2025 15:16:58.235 INFO Current price: 0.000000055385 - Current percentage: 47.27% - Max: 67.96% - Min: 0.00% - Market Cap 11461 - Trading time: 00:01:08
06-09-2025 15:16:58.270 INFO Current price: 0.000000057979 - Current percentage: 54.22% - Max: 67.96% - Min: 0.00% - Market Cap 12002 - Trading time: 00:01:08
06-09-2025 15:16:58.554 INFO Current price: 0.000000061089 - Current percentage: 63.49% - Max: 67.96% - Min: 0.00% - Market Cap 12724 - Trading time: 00:01:09
06-09-2025 15:16:58.569 INFO Current price: 0.000000064506 - Current percentage: 71.95% - Max: 71.95% - Min: 0.00% - Market Cap 13382 - Trading time: 00:01:09
06-09-2025 15:16:58.594 INFO Current price: 0.000000066225 - Current percentage: 72.32% - Max: 72.32% - Min: 0.00% - Market Cap 13411 - Trading time: 00:01:09
06-09-2025 15:17:02.033 INFO Current price: 0.000000066309 - Current percentage: 72.39% - Max: 72.39% - Min: 0.00% - Market Cap 13416 - Trading time: 00:01:12
06-09-2025 15:17:02.077 INFO Current price: 0.000000069130 - Current percentage: 87.29% - Max: 87.29% - Min: 0.00% - Market Cap 14576 - Trading time: 00:01:12
06-09-2025 15:17:05.561 INFO Current price: 0.000000071968 - Current percentage: 86.84% - Max: 87.29% - Min: 0.00% - Market Cap 14541 - Trading time: 00:01:16
06-09-2025 15:17:05.717 INFO Current price: 0.000000071779 - Current percentage: 86.31% - Max: 87.29% - Min: 0.00% - Market Cap 14500 - Trading time: 00:01:16
06-09-2025 15:17:06.501 INFO Current price: 0.000000071751 - Current percentage: 86.69% - Max: 87.29% - Min: 0.00% - Market Cap 14529 - Trading time: 00:01:17
06-09-2025 15:17:06.568 INFO Current price: 0.000000071825 - Current percentage: 86.70% - Max: 87.29% - Min: 0.00% - Market Cap 14530 - Trading time: 00:01:17
06-09-2025 15:17:07.313 INFO Current price: 0.000000070059 - Current percentage: 77.62% - Max: 87.29% - Min: 0.00% - Market Cap 13824 - Trading time: 00:01:17
06-09-2025 15:17:07.550 INFO Current price: 0.000000066653 - Current percentage: 68.98% - Max: 87.29% - Min: 0.00% - Market Cap 13151 - Trading time: 00:01:18
06-09-2025 15:17:09.923 INFO Current price: 0.000000065706 - Current percentage: 72.62% - Max: 87.29% - Min: 0.00% - Market Cap 13434 - Trading time: 00:01:20
06-09-2025 15:17:10.168 INFO Current price: 0.000000066247 - Current percentage: 71.77% - Max: 87.29% - Min: 0.00% - Market Cap 13368 - Trading time: 00:01:20
06-09-2025 15:17:12.254 INFO Current price: 0.000000066092 - Current percentage: 71.81% - Max: 87.29% - Min: 0.00% - Market Cap 13371 - Trading time: 00:01:22
06-09-2025 15:17:12.616 INFO Current price: 0.000000066239 - Current percentage: 72.54% - Max: 87.29% - Min: 0.00% - Market Cap 13428 - Trading time: 00:01:23
06-09-2025 15:17:15.122 INFO Current price: 0.000000066553 - Current percentage: 73.44% - Max: 87.29% - Min: 0.00% - Market Cap 13498 - Trading time: 00:01:25
06-09-2025 15:17:15.122 INFO Current price: 0.000000066905 - Current percentage: 74.37% - Max: 87.29% - Min: 0.00% - Market Cap 13570 - Trading time: 00:01:25
06-09-2025 15:17:15.218 INFO Current price: 0.000000067272 - Current percentage: 75.35% - Max: 87.29% - Min: 0.00% - Market Cap 13647 - Trading time: 00:01:25
06-09-2025 15:17:15.254 INFO Current price: 0.000000067626 - Current percentage: 76.21% - Max: 87.29% - Min: 0.00% - Market Cap 13713 - Trading time: 00:01:25
06-09-2025 15:17:22.232 INFO Current price: 0.000000067067 - Current percentage: 72.46% - Max: 87.29% - Min: 0.00% - Market Cap 13422 - Trading time: 00:01:32
06-09-2025 15:17:23.038 INFO Current price: 0.000000066345 - Current percentage: 72.43% - Max: 87.29% - Min: 0.00% - Market Cap 13420 - Trading time: 00:01:33
06-09-2025 15:17:25.137 INFO Current price: 0.000000065211 - Current percentage: 66.62% - Max: 87.29% - Min: 0.00% - Market Cap 12967 - Trading time: 00:01:35
06-09-2025 15:17:25.146 INFO Current price: 0.000000062916 - Current percentage: 60.51% - Max: 87.29% - Min: 0.00% - Market Cap 12492 - Trading time: 00:01:35
06-09-2025 15:17:25.881 INFO Current price: 0.000000061694 - Current percentage: 60.21% - Max: 87.29% - Min: 0.00% - Market Cap 12468 - Trading time: 00:01:36
06-09-2025 15:17:28.393 INFO Current price: 0.000000059314 - Current percentage: 48.37% - Max: 87.29% - Min: 0.00% - Market Cap 11547 - Trading time: 00:01:39
06-09-2025 15:17:28.480 INFO Current price: 0.000000057086 - Current percentage: 48.40% - Max: 87.29% - Min: 0.00% - Market Cap 11549 - Trading time: 00:01:39
06-09-2025 15:17:29.784 INFO Current price: 0.000000057223 - Current percentage: 49.08% - Max: 87.29% - Min: 0.00% - Market Cap 11602 - Trading time: 00:01:40
06-09-2025 15:17:30.192 INFO Current price: 0.000000055330 - Current percentage: 38.75% - Max: 87.29% - Min: 0.00% - Market Cap 10798 - Trading time: 00:01:40
06-09-2025 15:17:30.195 INFO Current price: 0.000000051393 - Current percentage: 28.62% - Max: 87.29% - Min: 0.00% - Market Cap 10010 - Trading time: 00:01:40
06-09-2025 15:17:31.658 INFO Current price: 0.000000049542 - Current percentage: 28.93% - Max: 87.29% - Min: 0.00% - Market Cap 10034 - Trading time: 00:01:42
06-09-2025 15:17:32.074 INFO Current price: 0.000000048794 - Current percentage: 24.76% - Max: 87.29% - Min: 0.00% - Market Cap 9709 - Trading time: 00:01:42
06-09-2025 15:17:32.105 INFO Current price: 0.000000047302 - Current percentage: 21.17% - Max: 87.29% - Min: 0.00% - Market Cap 9430 - Trading time: 00:01:42
06-09-2025 15:17:32.412 INFO Current price: 0.000000046734 - Current percentage: 21.78% - Max: 87.29% - Min: 0.00% - Market Cap 9478 - Trading time: 00:01:43
06-09-2025 15:17:32.416 INFO Current price: 0.000000046851 - Current percentage: 21.78% - Max: 87.29% - Min: 0.00% - Market Cap 9477 - Trading time: 00:01:43
06-09-2025 15:17:32.552 INFO Current price: 0.000000044845 - Current percentage: 11.58% - Max: 87.29% - Min: 0.00% - Market Cap 8683 - Trading time: 00:01:43
06-09-2025 15:17:32.683 INFO Current price: 0.000000042846 - Current percentage: 11.16% - Max: 87.29% - Min: 0.00% - Market Cap 8651 - Trading time: 00:01:43
06-09-2025 15:17:32.770 INFO Current price: 0.000000042716 - Current percentage: 10.90% - Max: 87.29% - Min: 0.00% - Market Cap 8631 - Trading time: 00:01:43
06-09-2025 15:17:32.770 INFO Current price: 0.000000042652 - Current percentage: 10.83% - Max: 87.29% - Min: 0.00% - Market Cap 8625 - Trading time: 00:01:43
06-09-2025 15:17:32.878 INFO Current price: 0.000000042638 - Current percentage: 10.83% - Max: 87.29% - Min: 0.00% - Market Cap 8625 - Trading time: 00:01:43
06-09-2025 15:17:32.880 INFO Current price: 0.000000042638 - Current percentage: 10.83% - Max: 87.29% - Min: 0.00% - Market Cap 8625 - Trading time: 00:01:43
06-09-2025 15:17:35.495 INFO Current price: 0.000000042638 - Current percentage: 10.83% - Max: 87.29% - Min: 0.00% - Market Cap 8625 - Trading time: 00:01:46
06-09-2025 15:17:35.609 INFO Current price: 0.000000042638 - Current percentage: 10.83% - Max: 87.29% - Min: 0.00% - Market Cap 8625 - Trading time: 00:01:46
06-09-2025 15:17:37.220 INFO Current price: 0.000000042637 - Current percentage: 10.82% - Max: 87.29% - Min: 0.00% - Market Cap 8625 - Trading time: 00:01:47
06-09-2025 15:17:37.635 INFO Current price: 0.000000042182 - Current percentage: 8.48% - Max: 87.29% - Min: 0.00% - Market Cap 8442 - Trading time: 00:01:48
06-09-2025 15:17:37.637 INFO Current price: 0.000000041739 - Current percentage: 8.51% - Max: 87.29% - Min: 0.00% - Market Cap 8445 - Trading time: 00:01:48
06-09-2025 15:17:39.104 INFO Current price: 0.000000040914 - Current percentage: 4.23% - Max: 87.29% - Min: 0.00% - Market Cap 8112 - Trading time: 00:01:49
06-09-2025 15:17:39.111 INFO Current price: 0.000000039173 - Current percentage: -0.53% - Max: 87.29% - Min: -0.53% - Market Cap 7741 - Trading time: 00:01:49
06-09-2025 15:17:39.485 INFO Current price: 0.000000038066 - Current percentage: -1.58% - Max: 87.29% - Min: -1.58% - Market Cap 7660 - Trading time: 00:01:50
06-09-2025 15:17:40.425 INFO Current price: 0.000000037813 - Current percentage: -1.85% - Max: 87.29% - Min: -1.85% - Market Cap 7639 - Trading time: 00:01:51
06-09-2025 15:17:42.313 INFO Current price: 0.000000038221 - Current percentage: -0.59% - Max: 87.29% - Min: -1.85% - Market Cap 7737 - Trading time: 00:01:52
06-09-2025 15:17:43.541 INFO Current price: 0.000000038159 - Current percentage: -1.04% - Max: 87.29% - Min: -1.85% - Market Cap 7702 - Trading time: 00:01:54
06-09-2025 15:17:48.822 INFO Current price: 0.000000038169 - Current percentage: -0.54% - Max: 87.29% - Min: -1.85% - Market Cap 7741 - Trading time: 00:01:59
06-09-2025 15:17:50.270 INFO Current price: 0.000000039245 - Current percentage: 4.57% - Max: 87.29% - Min: -1.85% - Market Cap 8138 - Trading time: 00:02:00
06-09-2025 15:17:50.274 INFO Current price: 0.000000041431 - Current percentage: 10.81% - Max: 87.29% - Min: -1.85% - Market Cap 8624 - Trading time: 00:02:00
06-09-2025 15:17:50.298 INFO Current price: 0.000000043499 - Current percentage: 15.27% - Max: 87.29% - Min: -1.85% - Market Cap 8971 - Trading time: 00:02:00
06-09-2025 15:17:50.315 INFO Current price: 0.000000044659 - Current percentage: 16.79% - Max: 87.29% - Min: -1.85% - Market Cap 9089 - Trading time: 00:02:00
06-09-2025 15:17:50.386 INFO Current price: 0.000000045210 - Current percentage: 18.13% - Max: 87.29% - Min: -1.85% - Market Cap 9194 - Trading time: 00:02:01
06-09-2025 15:17:50.911 INFO Current price: 0.000000045468 - Current percentage: 18.13% - Max: 87.29% - Min: -1.85% - Market Cap 9194 - Trading time: 00:02:01
06-09-2025 15:17:57.396 INFO Current price: 0.000000044456 - Current percentage: 12.93% - Max: 87.29% - Min: -1.85% - Market Cap 8789 - Trading time: 00:02:08
06-09-2025 15:17:57.398 INFO Current price: 0.000000042667 - Current percentage: 8.82% - Max: 87.29% - Min: -1.85% - Market Cap 8469 - Trading time: 00:02:08
06-09-2025 15:17:57.572 INFO Current price: 0.000000041618 - Current percentage: 7.45% - Max: 87.29% - Min: -1.85% - Market Cap 8362 - Trading time: 00:02:08
06-09-2025 15:17:57.575 INFO Current price: 0.000000041131 - Current percentage: 6.28% - Max: 87.29% - Min: -1.85% - Market Cap 8272 - Trading time: 00:02:08
06-09-2025 15:17:57.741 INFO Current price: 0.000000039874 - Current percentage: 0.98% - Max: 87.29% - Min: -1.85% - Market Cap 7859 - Trading time: 00:02:08
06-09-2025 15:17:57.856 INFO Current price: 0.000000038086 - Current percentage: -3.03% - Max: 87.29% - Min: -3.03% - Market Cap 7546 - Trading time: 00:02:08
06-09-2025 15:17:57.987 INFO Current price: 0.000000036651 - Current percentage: -6.49% - Max: 87.29% - Min: -6.49% - Market Cap 7278 - Trading time: 00:02:08
06-09-2025 15:17:58.221 INFO Current price: 0.000000035648 - Current percentage: -8.27% - Max: 87.29% - Min: -8.27% - Market Cap 7139 - Trading time: 00:02:08
06-09-2025 15:17:58.318 INFO Current price: 0.000000035211 - Current percentage: -8.77% - Max: 87.29% - Min: -8.77% - Market Cap 7100 - Trading time: 00:02:09
06-09-2025 15:18:03.871 INFO Current price: 0.000000034785 - Current percentage: -10.48% - Max: 87.29% - Min: -10.48% - Market Cap 6967 - Trading time: 00:02:14
06-09-2025 15:18:04.306 INFO Current price: 0.000000034397 - Current percentage: -10.79% - Max: 87.29% - Min: -10.79% - Market Cap 6943 - Trading time: 00:02:14
06-09-2025 15:18:06.332 INFO Current price: 0.000000034340 - Current percentage: -10.79% - Max: 87.29% - Min: -10.79% - Market Cap 6943 - Trading time: 00:02:17
06-09-2025 15:18:07.184 INFO Current price: 0.000000034284 - Current percentage: -11.06% - Max: 87.29% - Min: -11.06% - Market Cap 6922 - Trading time: 00:02:17
06-09-2025 15:18:07.208 INFO Current price: 0.000000034195 - Current percentage: -11.25% - Max: 87.29% - Min: -11.25% - Market Cap 6907 - Trading time: 00:02:17
06-09-2025 15:18:11.273 INFO Current price: 0.000000034099 - Current percentage: -11.56% - Max: 87.29% - Min: -11.56% - Market Cap 6883 - Trading time: 00:02:21
06-09-2025 15:18:11.926 INFO Current price: 0.000000034032 - Current percentage: -11.60% - Max: 87.29% - Min: -11.60% - Market Cap 6880 - Trading time: 00:02:22
06-09-2025 15:18:13.151 INFO Current price: 0.000000034072 - Current percentage: -11.35% - Max: 87.29% - Min: -11.60% - Market Cap 6899 - Trading time: 00:02:23
06-09-2025 15:18:13.151 INFO Current price: 0.000000034173 - Current percentage: -11.08% - Max: 87.29% - Min: -11.60% - Market Cap 6921 - Trading time: 00:02:23
06-09-2025 15:18:14.848 INFO Current price: 0.000000034479 - Current percentage: -9.76% - Max: 87.29% - Min: -11.60% - Market Cap 7023 - Trading time: 00:02:25
06-09-2025 15:18:16.298 INFO Current price: 0.000000034738 - Current percentage: -9.73% - Max: 87.29% - Min: -11.60% - Market Cap 7025 - Trading time: 00:02:26
06-09-2025 15:18:21.561 INFO Current price: 0.000000034793 - Current percentage: -9.47% - Max: 87.29% - Min: -11.60% - Market Cap 7045 - Trading time: 00:02:32
06-09-2025 15:18:27.026 INFO Current price: 0.000000034844 - Current percentage: -9.47% - Max: 87.29% - Min: -11.60% - Market Cap 7046 - Trading time: 00:02:37
06-09-2025 15:18:31.788 INFO Current price: 0.000000034814 - Current percentage: -9.63% - Max: 87.29% - Min: -11.60% - Market Cap 7033 - Trading time: 00:02:42
06-09-2025 15:18:37.810 INFO Current price: 0.000000034121 - Current percentage: -13.04% - Max: 87.29% - Min: -13.04% - Market Cap 6768 - Trading time: 00:02:48
06-09-2025 15:18:37.817 INFO Current price: 0.000000032845 - Current percentage: -16.26% - Max: 87.29% - Min: -16.26% - Market Cap 6517 - Trading time: 00:02:48
06-09-2025 15:18:43.277 INFO Current price: 0.000000031959 - Current percentage: -17.67% - Max: 87.29% - Min: -17.67% - Market Cap 6408 - Trading time: 00:02:53
06-09-2025 15:18:43.882 INFO Current price: 0.000000031894 - Current percentage: -16.60% - Max: 87.29% - Min: -17.67% - Market Cap 6491 - Trading time: 00:02:54
06-09-2025 15:18:43.909 INFO Current price: 0.000000032545 - Current percentage: -14.28% - Max: 87.29% - Min: -17.67% - Market Cap 6672 - Trading time: 00:02:54
06-09-2025 15:18:43.909 INFO Current price: 0.000000033535 - Current percentage: -11.45% - Max: 87.29% - Min: -17.67% - Market Cap 6892 - Trading time: 00:02:54
06-09-2025 15:18:43.995 INFO Current price: 0.000000034894 - Current percentage: -7.18% - Max: 87.29% - Min: -17.67% - Market Cap 7223 - Trading time: 00:02:54
06-09-2025 15:18:44.009 INFO Current price: 0.000000035967 - Current percentage: -5.92% - Max: 87.29% - Min: -17.67% - Market Cap 7322 - Trading time: 00:02:54
06-09-2025 15:18:44.020 INFO Current price: 0.000000036714 - Current percentage: -3.29% - Max: 87.29% - Min: -17.67% - Market Cap 7527 - Trading time: 00:02:54
06-09-2025 15:18:44.121 INFO Current price: 0.000000037410 - Current percentage: -2.32% - Max: 87.29% - Min: -17.67% - Market Cap 7602 - Trading time: 00:02:54
06-09-2025 15:18:44.784 INFO Current price: 0.000000037608 - Current percentage: -2.26% - Max: 87.29% - Min: -17.67% - Market Cap 7607 - Trading time: 00:02:55
06-09-2025 15:18:48.176 INFO Current price: 0.000000037682 - Current percentage: -1.93% - Max: 87.29% - Min: -17.67% - Market Cap 7632 - Trading time: 00:02:58
06-09-2025 15:18:59.816 INFO Current price: 0.000000037483 - Current percentage: -3.29% - Max: 87.29% - Min: -17.67% - Market Cap 7526 - Trading time: 00:03:10
06-09-2025 15:18:59.824 INFO Current price: 0.000000036227 - Current percentage: -8.39% - Max: 87.29% - Min: -17.67% - Market Cap 7129 - Trading time: 00:03:10
06-09-2025 15:18:59.827 INFO Current price: 0.000000034762 - Current percentage: -10.96% - Max: 87.29% - Min: -17.67% - Market Cap 6930 - Trading time: 00:03:10
06-09-2025 15:18:59.829 INFO Current price: 0.000000033719 - Current percentage: -13.81% - Max: 87.29% - Min: -17.67% - Market Cap 6708 - Trading time: 00:03:10
06-09-2025 15:18:59.832 INFO Current price: 0.000000032422 - Current percentage: -17.68% - Max: 87.29% - Min: -17.68% - Market Cap 6407 - Trading time: 00:03:10
06-09-2025 15:18:59.872 INFO Current price: 0.000000031542 - Current percentage: -18.42% - Max: 87.29% - Min: -18.42% - Market Cap 6349 - Trading time: 00:03:10
06-09-2025 15:18:59.911 INFO Current price: 0.000000030713 - Current percentage: -21.95% - Max: 87.29% - Min: -21.95% - Market Cap 6075 - Trading time: 00:03:10
06-09-2025 15:18:59.913 INFO Current price: 0.000000029673 - Current percentage: -23.86% - Max: 87.29% - Min: -23.86% - Market Cap 5926 - Trading time: 00:03:10
06-09-2025 15:18:59.919 INFO Current price: 0.000000029129 - Current percentage: -24.78% - Max: 87.29% - Min: -24.78% - Market Cap 5854 - Trading time: 00:03:10
06-09-2025 15:19:01.629 INFO Current price: 0.000000028909 - Current percentage: -25.00% - Max: 87.29% - Min: -25.00% - Market Cap 5837 - Trading time: 00:03:12
06-09-2025 15:19:02.607 INFO Current price: 0.000000028763 - Current percentage: -25.54% - Max: 87.29% - Min: -25.54% - Market Cap 5795 - Trading time: 00:03:13
06-09-2025 15:19:09.104 INFO Current price: 0.000000028659 - Current percentage: -25.54% - Max: 87.29% - Min: -25.54% - Market Cap 5795 - Trading time: 00:03:19
06-09-2025 15:19:17.380 INFO Current price: 0.000000028657 - Current percentage: -25.55% - Max: 87.29% - Min: -25.55% - Market Cap 5794 - Trading time: 00:03:28
06-09-2025 15:19:41.780 INFO Current price: 0.000000028651 - Current percentage: -25.57% - Max: 87.29% - Min: -25.57% - Market Cap 5792 - Trading time: 00:03:52
06-09-2025 15:20:51.320 INFO Current price: 0.000000028640 - Current percentage: -25.61% - Max: 87.29% - Min: -25.61% - Market Cap 5789 - Trading time: 00:05:02






06-09-2025 15:30:51.320 INFO {"type":"summary","reason":"inactivity","startedAt":"2025-09-06T13:15:49.317Z","endedAt":"2025-09-06T13:30:51.320Z","durationSec":902,"entryPrice":4.300678569561958e-8,"entryMarketCapSol":38.47208073551743,"entryMarketCapUsd":7782.517211987821,"minPct":-25.61026401843246,"maxPct":87.29296334683644,"buyCount":112,"sellCount":105,"tradeCount":217,"entryRecorded":true,"noPostThresholdTrades":false,"triggerAt":"2025-09-06T13:15:49.317Z","ageAtTriggerSec":19,"preTotalTrades":22,"preBuys":18,"preSells":4,"preUniqueTraders":18,"preEntryTotalTrades":37,"preEntryBuys":31,"preEntrySells":6,"preEntryUniqueTraders":32,"preEntryMinMcUsd":6953.5588374498975,"preEntryMaxMcUsd":12019.12895662465,"thresholdMcSol":38.47208073551743,"thresholdMcUsd":7782.517211987821,"thresholdPrice":4.300678569561958e-8}
