06-09-2025 03:13:28.922 INFO Entry price: 0.000000050109187791 - Entry market cap: 9603 - Buys 21 - Sells 8 - Ratio: 1:0.38 - Min MarketCap: 8081 - Max MarketCap: 11182
06-09-2025 03:13:28.922 INFO Current price: 0.000000050109 - Current percentage: 0.00% - Max: 0.00% - Min: 0.00% - Market Cap 9603 - Trading time: 00:00:02
06-09-2025 03:13:29.907 INFO Current price: 0.000000048584 - Current percentage: 2.53% - Max: 2.53% - Min: 0.00% - Market Cap 9846 - Trading time: 00:00:02
06-09-2025 03:13:30.293 INFO Current price: 0.000000048645 - Current percentage: 3.81% - Max: 3.81% - Min: 0.00% - Market Cap 9969 - Trading time: 00:00:03
06-09-2025 03:13:33.899 INFO Current price: 0.000000048973 - Current percentage: 3.92% - Max: 3.92% - Min: 0.00% - Market Cap 9979 - Trading time: 00:00:06
06-09-2025 03:13:34.739 INFO Current price: 0.000000048984 - Current percentage: 3.92% - Max: 3.92% - Min: 0.00% - Market Cap 9979 - Trading time: 00:00:07
06-09-2025 03:13:37.963 INFO Current price: 0.000000048692 - Current percentage: 2.63% - Max: 3.92% - Min: 0.00% - Market Cap 9855 - Trading time: 00:00:11
06-09-2025 03:13:38.223 INFO Current price: 0.000000048390 - Current percentage: 2.63% - Max: 3.92% - Min: 0.00% - Market Cap 9856 - Trading time: 00:00:11
06-09-2025 03:13:39.187 INFO Current price: 0.000000048511 - Current percentage: 3.14% - Max: 3.92% - Min: 0.00% - Market Cap 9905 - Trading time: 00:00:12
06-09-2025 03:13:40.803 INFO Current price: 0.000000048752 - Current percentage: 3.65% - Max: 3.92% - Min: 0.00% - Market Cap 9954 - Trading time: 00:00:13
06-09-2025 03:13:40.827 INFO Current price: 0.000000047799 - Current percentage: -0.85% - Max: 3.92% - Min: -0.85% - Market Cap 9521 - Trading time: 00:00:13
06-09-2025 03:13:41.004 INFO Current price: 0.000000046866 - Current percentage: -0.35% - Max: 3.92% - Min: -0.85% - Market Cap 9569 - Trading time: 00:00:14
06-09-2025 03:13:41.306 INFO Current price: 0.000000047103 - Current percentage: 0.15% - Max: 3.92% - Min: -0.85% - Market Cap 9618 - Trading time: 00:00:14
06-09-2025 03:13:41.475 INFO Current price: 0.000000047339 - Current percentage: 0.65% - Max: 3.92% - Min: -0.85% - Market Cap 9666 - Trading time: 00:00:14
06-09-2025 03:13:41.664 INFO Current price: 0.000000047577 - Current percentage: 1.16% - Max: 3.92% - Min: -0.85% - Market Cap 9714 - Trading time: 00:00:14
06-09-2025 03:13:41.841 INFO Current price: 0.000000047815 - Current percentage: 1.66% - Max: 3.92% - Min: -0.85% - Market Cap 9763 - Trading time: 00:00:14
06-09-2025 03:13:43.657 INFO Current price: 0.000000048056 - Current percentage: 2.18% - Max: 3.92% - Min: -0.85% - Market Cap 9813 - Trading time: 00:00:16
06-09-2025 03:13:44.115 INFO Current price: 0.000000048301 - Current percentage: 2.70% - Max: 3.92% - Min: -0.85% - Market Cap 9862 - Trading time: 00:00:17
06-09-2025 03:13:44.243 INFO Current price: 0.000000045257 - Current percentage: -10.29% - Max: 3.92% - Min: -10.29% - Market Cap 8615 - Trading time: 00:00:17
06-09-2025 03:13:44.717 INFO Current price: 0.000000042412 - Current percentage: -9.81% - Max: 3.92% - Min: -10.29% - Market Cap 8661 - Trading time: 00:00:17
06-09-2025 03:13:47.347 INFO Current price: 0.000000042757 - Current percentage: -8.83% - Max: 3.92% - Min: -10.29% - Market Cap 8755 - Trading time: 00:00:20
06-09-2025 03:13:51.378 INFO Current price: 0.000000042687 - Current percentage: -10.10% - Max: 3.92% - Min: -10.29% - Market Cap 8633 - Trading time: 00:00:24
06-09-2025 03:13:52.330 INFO Current price: 0.000000040273 - Current percentage: -18.85% - Max: 3.92% - Min: -18.85% - Market Cap 7793 - Trading time: 00:00:25
06-09-2025 03:13:52.335 INFO Current price: 0.000000036409 - Current percentage: -26.53% - Max: 3.92% - Min: -26.53% - Market Cap 7056 - Trading time: 00:00:25
06-09-2025 03:13:52.335 INFO Current price: 0.000000032916 - Current percentage: -33.67% - Max: 3.92% - Min: -33.67% - Market Cap 6370 - Trading time: 00:00:25
06-09-2025 03:13:52.377 INFO Current price: 0.000000029581 - Current percentage: -40.66% - Max: 3.92% - Min: -40.66% - Market Cap 5699 - Trading time: 00:00:25
06-09-2025 03:13:58.577 INFO Current price: 0.000000027970 - Current percentage: -40.70% - Max: 3.92% - Min: -40.70% - Market Cap 5694 - Trading time: 00:00:31
06-09-2025 03:13:58.580 INFO Current price: 0.000000028870 - Current percentage: -36.78% - Max: 3.92% - Min: -40.70% - Market Cap 6072 - Trading time: 00:00:31






06-09-2025 03:15:58.581 INFO {"type":"summary","reason":"inactivity","startedAt":"2025-09-06T01:13:26.922Z","endedAt":"2025-09-06T01:15:58.581Z","durationSec":151,"entryPrice":5.010918779123877e-8,"entryMarketCapSol":47.151306220584814,"entryMarketCapUsd":9603.306537946508,"minPct":-40.703448070320924,"maxPct":3.9152313878036726,"buyCount":20,"sellCount":11,"tradeCount":31,"entryRecorded":true,"noPostThresholdTrades":false,"triggerAt":"2025-09-06T01:13:26.922Z","ageAtTriggerSec":7,"preTotalTrades":24,"preBuys":16,"preSells":8,"preUniqueTraders":14,"preEntryTotalTrades":29,"preEntryBuys":21,"preEntrySells":8,"preEntryUniqueTraders":16,"preEntryMinMcUsd":8081.3995789428145,"preEntryMaxMcUsd":11181.740039989176,"thresholdMcSol":47.151306220584814,"thresholdMcUsd":9603.306537946508,"thresholdPrice":5.010918779123877e-8}
