06-09-2025 14:54:48.617 INFO Entry price: 0.000000032291294782 - Entry market cap: 6141 - Buys 4 - Sells 7 - Ratio: 1:1.75 - Min MarketCap: 5771 - Max MarketCap: 7390
06-09-2025 14:54:48.617 INFO Current price: 0.000000032291 - Current percentage: 0.00% - Max: 0.00% - Min: 0.00% - Market Cap 6141 - Trading time: 00:00:01
06-09-2025 14:54:49.361 INFO Current price: 0.000000028323 - Current percentage: -7.25% - Max: 0.00% - Min: -7.25% - Market Cap 5696 - Trading time: 00:00:02
06-09-2025 14:54:50.830 INFO Current price: 0.000000028138 - Current percentage: -7.25% - Max: 0.00% - Min: -7.25% - Market Cap 5696 - Trading time: 00:00:04
06-09-2025 14:54:53.969 INFO Current price: 0.000000028138 - Current percentage: -7.25% - Max: 0.00% - Min: -7.25% - Market Cap 5696 - Trading time: 00:00:07
06-09-2025 14:55:00.904 INFO Current price: 0.000000029045 - Current percentage: -1.17% - Max: 0.00% - Min: -7.25% - Market Cap 6069 - Trading time: 00:00:14
06-09-2025 14:55:00.932 INFO Current price: 0.000000030857 - Current percentage: 4.68% - Max: 4.68% - Min: -7.25% - Market Cap 6429 - Trading time: 00:00:14
06-09-2025 14:55:00.932 INFO Current price: 0.000000032806 - Current percentage: 11.71% - Max: 11.71% - Min: -7.25% - Market Cap 6860 - Trading time: 00:00:14
06-09-2025 14:55:01.114 INFO Current price: 0.000000034290 - Current percentage: 14.36% - Max: 14.36% - Min: -7.25% - Market Cap 7023 - Trading time: 00:00:14
06-09-2025 14:55:01.198 INFO Current price: 0.000000034848 - Current percentage: 15.38% - Max: 15.38% - Min: -7.25% - Market Cap 7086 - Trading time: 00:00:14
06-09-2025 14:55:02.257 INFO Current price: 0.000000033824 - Current percentage: 7.74% - Max: 15.38% - Min: -7.25% - Market Cap 6616 - Trading time: 00:00:15
06-09-2025 14:55:02.260 INFO Current price: 0.000000031658 - Current percentage: 1.07% - Max: 15.38% - Min: -7.25% - Market Cap 6207 - Trading time: 00:00:15
06-09-2025 14:55:02.281 INFO Current price: 0.000000029808 - Current percentage: -4.48% - Max: 15.38% - Min: -7.25% - Market Cap 5866 - Trading time: 00:00:15
06-09-2025 14:55:02.498 INFO Current price: 0.000000028978 - Current percentage: -4.48% - Max: 15.38% - Min: -7.25% - Market Cap 5866 - Trading time: 00:00:15
06-09-2025 14:55:02.599 INFO Current price: 0.000000028987 - Current percentage: -4.42% - Max: 15.38% - Min: -7.25% - Market Cap 5870 - Trading time: 00:00:15
06-09-2025 14:55:02.837 INFO Current price: 0.000000029016 - Current percentage: -4.29% - Max: 15.38% - Min: -7.25% - Market Cap 5878 - Trading time: 00:00:16
06-09-2025 14:55:03.024 INFO Current price: 0.000000029036 - Current percentage: -4.29% - Max: 15.38% - Min: -7.25% - Market Cap 5878 - Trading time: 00:00:16
06-09-2025 14:55:05.109 INFO Current price: 0.000000029016 - Current percentage: -4.42% - Max: 15.38% - Min: -7.25% - Market Cap 5870 - Trading time: 00:00:18
06-09-2025 14:55:08.872 INFO Current price: 0.000000028996 - Current percentage: -4.42% - Max: 15.38% - Min: -7.25% - Market Cap 5870 - Trading time: 00:00:22
06-09-2025 14:55:09.141 INFO Current price: 0.000000028996 - Current percentage: -4.42% - Max: 15.38% - Min: -7.25% - Market Cap 5870 - Trading time: 00:00:22
06-09-2025 14:55:16.526 INFO Current price: 0.000000029471 - Current percentage: -1.27% - Max: 15.38% - Min: -7.25% - Market Cap 6063 - Trading time: 00:00:29
06-09-2025 14:55:23.007 INFO Current price: 0.000000030014 - Current percentage: -0.86% - Max: 15.38% - Min: -7.25% - Market Cap 6088 - Trading time: 00:00:36
06-09-2025 14:55:31.150 INFO Current price: 0.000000029590 - Current percentage: -4.04% - Max: 15.38% - Min: -7.25% - Market Cap 5893 - Trading time: 00:00:44
06-09-2025 14:55:39.788 INFO Current price: 0.000000028801 - Current percentage: -6.08% - Max: 15.38% - Min: -7.25% - Market Cap 5768 - Trading time: 00:00:53
06-09-2025 14:55:39.905 INFO Current price: 0.000000028380 - Current percentage: -6.82% - Max: 15.38% - Min: -7.25% - Market Cap 5722 - Trading time: 00:00:53
06-09-2025 14:55:52.244 INFO Current price: 0.000000028122 - Current percentage: -7.78% - Max: 15.38% - Min: -7.78% - Market Cap 5663 - Trading time: 00:01:05






06-09-2025 15:05:52.245 INFO {"type":"summary","reason":"inactivity","startedAt":"2025-09-06T12:54:46.618Z","endedAt":"2025-09-06T13:05:52.245Z","durationSec":665,"entryPrice":3.2291294782499276e-8,"entryMarketCapSol":30.337509003367607,"entryMarketCapUsd":6141.221947551705,"minPct":-7.782209303269734,"maxPct":15.377066173603756,"buyCount":12,"sellCount":17,"tradeCount":29,"entryRecorded":true,"noPostThresholdTrades":false,"triggerAt":"2025-09-06T12:54:46.617Z","ageAtTriggerSec":2,"preTotalTrades":6,"preBuys":3,"preSells":3,"preUniqueTraders":5,"preEntryTotalTrades":11,"preEntryBuys":4,"preEntrySells":7,"preEntryUniqueTraders":7,"preEntryMinMcUsd":5771.212609872231,"preEntryMaxMcUsd":7390.150302813554,"thresholdMcSol":30.337509003367607,"thresholdMcUsd":6141.221947551705,"thresholdPrice":3.2291294782499276e-8}
