06-09-2025 05:56:29.959 INFO Entry price: 0.000000039607124289 - Entry market cap: 7251 - Buys 33 - Sells 28 - Ratio: 1:0.85 - Min MarketCap: 5772 - Max MarketCap: 9002
06-09-2025 05:56:29.959 INFO Current price: 0.000000039607 - Current percentage: 0.00% - Max: 0.00% - Min: 0.00% - Market Cap 7251 - Trading time: 00:00:02
06-09-2025 05:56:29.969 INFO Current price: 0.000000037353 - Current percentage: 7.48% - Max: 7.48% - Min: 0.00% - Market Cap 7794 - Trading time: 00:00:02
06-09-2025 05:56:33.014 INFO Current price: 0.000000038141 - Current percentage: 7.11% - Max: 7.48% - Min: 0.00% - Market Cap 7766 - Trading time: 00:00:05
06-09-2025 05:56:36.815 INFO Current price: 0.000000037974 - Current percentage: 6.55% - Max: 7.48% - Min: 0.00% - Market Cap 7726 - Trading time: 00:00:08
06-09-2025 05:56:37.839 INFO Current price: 0.000000037927 - Current percentage: 6.84% - Max: 7.48% - Min: 0.00% - Market Cap 7747 - Trading time: 00:00:09
06-09-2025 05:56:39.312 INFO Current price: 0.000000039945 - Current percentage: 18.19% - Max: 18.19% - Min: 0.00% - Market Cap 8570 - Trading time: 00:00:11
06-09-2025 05:56:39.314 INFO Current price: 0.000000043855 - Current percentage: 28.78% - Max: 28.78% - Min: 0.00% - Market Cap 9338 - Trading time: 00:00:11
06-09-2025 05:56:39.501 INFO Current price: 0.000000046374 - Current percentage: 32.16% - Max: 32.16% - Min: 0.00% - Market Cap 9583 - Trading time: 00:00:11
06-09-2025 05:56:39.697 INFO Current price: 0.000000047556 - Current percentage: 35.43% - Max: 35.43% - Min: 0.00% - Market Cap 9820 - Trading time: 00:00:11
06-09-2025 05:56:40.781 INFO Current price: 0.000000048154 - Current percentage: 35.50% - Max: 35.50% - Min: 0.00% - Market Cap 9825 - Trading time: 00:00:12
06-09-2025 05:56:41.570 INFO Current price: 0.000000048205 - Current percentage: 35.72% - Max: 35.72% - Min: 0.00% - Market Cap 9841 - Trading time: 00:00:13
06-09-2025 05:56:43.095 INFO Current price: 0.000000048209 - Current percentage: 35.52% - Max: 35.72% - Min: 0.00% - Market Cap 9826 - Trading time: 00:00:15
06-09-2025 05:56:44.033 INFO Current price: 0.000000047587 - Current percentage: 32.24% - Max: 35.72% - Min: 0.00% - Market Cap 9589 - Trading time: 00:00:16
06-09-2025 05:56:49.081 INFO Current price: 0.000000046905 - Current percentage: 31.66% - Max: 35.72% - Min: 0.00% - Market Cap 9547 - Trading time: 00:00:21
06-09-2025 05:56:49.501 INFO Current price: 0.000000046202 - Current percentage: 28.31% - Max: 35.72% - Min: 0.00% - Market Cap 9303 - Trading time: 00:00:21
06-09-2025 05:56:50.677 INFO Current price: 0.000000045598 - Current percentage: 28.24% - Max: 35.72% - Min: 0.00% - Market Cap 9299 - Trading time: 00:00:22
06-09-2025 05:56:54.787 INFO Current price: 0.000000046762 - Current percentage: 34.94% - Max: 35.72% - Min: 0.00% - Market Cap 9784 - Trading time: 00:00:26
06-09-2025 05:57:08.262 INFO Current price: 0.000000045907 - Current percentage: 23.60% - Max: 35.72% - Min: 0.00% - Market Cap 8962 - Trading time: 00:00:40
06-09-2025 05:57:08.265 INFO Current price: 0.000000041727 - Current percentage: 11.48% - Max: 35.72% - Min: 0.00% - Market Cap 8084 - Trading time: 00:00:40
06-09-2025 05:57:11.618 INFO Current price: 0.000000040861 - Current percentage: 18.52% - Max: 35.72% - Min: 0.00% - Market Cap 8594 - Trading time: 00:00:43
06-09-2025 05:57:11.625 INFO Current price: 0.000000043658 - Current percentage: 27.26% - Max: 35.72% - Min: 0.00% - Market Cap 9228 - Trading time: 00:00:43
06-09-2025 05:57:11.669 INFO Current price: 0.000000045535 - Current percentage: 28.94% - Max: 35.72% - Min: 0.00% - Market Cap 9349 - Trading time: 00:00:43
06-09-2025 05:57:11.877 INFO Current price: 0.000000044707 - Current percentage: 22.68% - Max: 35.72% - Min: 0.00% - Market Cap 8895 - Trading time: 00:00:43
06-09-2025 05:57:16.364 INFO Current price: 0.000000042164 - Current percentage: 14.69% - Max: 35.72% - Min: 0.00% - Market Cap 8316 - Trading time: 00:00:48
06-09-2025 05:57:16.367 INFO Current price: 0.000000039719 - Current percentage: 8.86% - Max: 35.72% - Min: 0.00% - Market Cap 7893 - Trading time: 00:00:48
06-09-2025 05:57:16.369 INFO Current price: 0.000000037522 - Current percentage: 2.35% - Max: 35.72% - Min: 0.00% - Market Cap 7421 - Trading time: 00:00:48
06-09-2025 05:57:16.379 INFO Current price: 0.000000035588 - Current percentage: -2.07% - Max: 35.72% - Min: -2.07% - Market Cap 7101 - Trading time: 00:00:48
06-09-2025 05:57:16.379 INFO Current price: 0.000000034028 - Current percentage: -6.43% - Max: 35.72% - Min: -6.43% - Market Cap 6785 - Trading time: 00:00:48
06-09-2025 05:57:16.379 INFO Current price: 0.000000032467 - Current percentage: -10.85% - Max: 35.72% - Min: -10.85% - Market Cap 6464 - Trading time: 00:00:48
06-09-2025 05:57:17.594 INFO Current price: 0.000000032409 - Current percentage: -6.76% - Max: 35.72% - Min: -10.85% - Market Cap 6760 - Trading time: 00:00:49
06-09-2025 05:57:19.562 INFO Current price: 0.000000034145 - Current percentage: -1.04% - Max: 35.72% - Min: -10.85% - Market Cap 7175 - Trading time: 00:00:51
06-09-2025 05:57:19.767 INFO Current price: 0.000000035949 - Current percentage: 3.35% - Max: 35.72% - Min: -10.85% - Market Cap 7494 - Trading time: 00:00:51
06-09-2025 05:57:19.815 INFO Current price: 0.000000037408 - Current percentage: 7.15% - Max: 35.72% - Min: -10.85% - Market Cap 7770 - Trading time: 00:00:51
06-09-2025 05:57:21.340 INFO Current price: 0.000000036865 - Current percentage: 0.37% - Max: 35.72% - Min: -10.85% - Market Cap 7278 - Trading time: 00:00:53
06-09-2025 05:57:21.488 INFO Current price: 0.000000034687 - Current percentage: -5.13% - Max: 35.72% - Min: -10.85% - Market Cap 6879 - Trading time: 00:00:53
06-09-2025 05:57:21.560 INFO Current price: 0.000000032968 - Current percentage: -9.33% - Max: 35.72% - Min: -10.85% - Market Cap 6575 - Trading time: 00:00:53
06-09-2025 05:57:21.603 INFO Current price: 0.000000032355 - Current percentage: -8.63% - Max: 35.72% - Min: -10.85% - Market Cap 6625 - Trading time: 00:00:53
06-09-2025 05:57:21.604 INFO Current price: 0.000000032600 - Current percentage: -7.94% - Max: 35.72% - Min: -10.85% - Market Cap 6675 - Trading time: 00:00:53
06-09-2025 05:57:22.690 INFO Current price: 0.000000035328 - Current percentage: 7.30% - Max: 35.72% - Min: -10.85% - Market Cap 7780 - Trading time: 00:00:54
06-09-2025 05:57:22.692 INFO Current price: 0.000000040597 - Current percentage: 21.56% - Max: 35.72% - Min: -10.85% - Market Cap 8814 - Trading time: 00:00:54
06-09-2025 05:57:22.906 INFO Current price: 0.000000042937 - Current percentage: 20.03% - Max: 35.72% - Min: -10.85% - Market Cap 8703 - Trading time: 00:00:54
06-09-2025 05:57:23.038 INFO Current price: 0.000000042678 - Current percentage: 20.09% - Max: 35.72% - Min: -10.85% - Market Cap 8708 - Trading time: 00:00:55
06-09-2025 05:57:24.218 INFO Current price: 0.000000042506 - Current percentage: 19.07% - Max: 35.72% - Min: -10.85% - Market Cap 8633 - Trading time: 00:00:56
06-09-2025 05:57:24.226 INFO Current price: 0.000000042141 - Current percentage: 18.04% - Max: 35.72% - Min: -10.85% - Market Cap 8559 - Trading time: 00:00:56
06-09-2025 05:57:28.144 INFO Current price: 0.000000041972 - Current percentage: 18.11% - Max: 35.72% - Min: -10.85% - Market Cap 8564 - Trading time: 00:01:00
06-09-2025 05:57:40.006 INFO Current price: 0.000000042155 - Current percentage: 18.75% - Max: 35.72% - Min: -10.85% - Market Cap 8610 - Trading time: 00:01:12
06-09-2025 05:57:43.110 INFO Current price: 0.000000042899 - Current percentage: 22.65% - Max: 35.72% - Min: -10.85% - Market Cap 8893 - Trading time: 00:01:15
06-09-2025 05:57:43.932 INFO Current price: 0.000000043654 - Current percentage: 22.97% - Max: 35.72% - Min: -10.85% - Market Cap 8916 - Trading time: 00:01:15
06-09-2025 05:57:46.041 INFO Current price: 0.000000042286 - Current percentage: 15.08% - Max: 35.72% - Min: -10.85% - Market Cap 8344 - Trading time: 00:01:18
06-09-2025 05:57:46.206 INFO Current price: 0.000000039981 - Current percentage: 9.93% - Max: 35.72% - Min: -10.85% - Market Cap 7971 - Trading time: 00:01:18
06-09-2025 05:57:46.225 INFO Current price: 0.000000038367 - Current percentage: 5.98% - Max: 35.72% - Min: -10.85% - Market Cap 7684 - Trading time: 00:01:18
06-09-2025 05:57:46.673 INFO Current price: 0.000000037682 - Current percentage: 6.04% - Max: 35.72% - Min: -10.85% - Market Cap 7689 - Trading time: 00:01:18
06-09-2025 05:57:49.910 INFO Current price: 0.000000037714 - Current percentage: 6.16% - Max: 35.72% - Min: -10.85% - Market Cap 7697 - Trading time: 00:01:21
06-09-2025 05:57:54.579 INFO Current price: 0.000000037173 - Current percentage: 3.01% - Max: 35.72% - Min: -10.85% - Market Cap 7469 - Trading time: 00:01:26
06-09-2025 05:58:04.220 INFO Current price: 0.000000034569 - Current percentage: -8.19% - Max: 35.72% - Min: -10.85% - Market Cap 6657 - Trading time: 00:01:36
06-09-2025 05:58:04.223 INFO Current price: 0.000000031281 - Current percentage: -15.65% - Max: 35.72% - Min: -15.65% - Market Cap 6116 - Trading time: 00:01:36
06-09-2025 05:58:04.227 INFO Current price: 0.000000029135 - Current percentage: -20.36% - Max: 35.72% - Min: -20.36% - Market Cap 5775 - Trading time: 00:01:36
06-09-2025 05:58:04.443 INFO Current price: 0.000000028305 - Current percentage: -20.39% - Max: 35.72% - Min: -20.39% - Market Cap 5772 - Trading time: 00:01:36
06-09-2025 05:58:07.167 INFO Current price: 0.000000029162 - Current percentage: -15.28% - Max: 35.72% - Min: -20.39% - Market Cap 6143 - Trading time: 00:01:39
06-09-2025 05:58:07.689 INFO Current price: 0.000000030053 - Current percentage: -15.64% - Max: 35.72% - Min: -20.39% - Market Cap 6117 - Trading time: 00:01:39
06-09-2025 05:58:08.052 INFO Current price: 0.000000029954 - Current percentage: -15.83% - Max: 35.72% - Min: -20.39% - Market Cap 6103 - Trading time: 00:01:40
06-09-2025 05:58:12.749 INFO Current price: 0.000000029888 - Current percentage: -16.01% - Max: 35.72% - Min: -20.39% - Market Cap 6090 - Trading time: 00:01:44
06-09-2025 05:58:25.594 INFO Current price: 0.000000030807 - Current percentage: -10.57% - Max: 35.72% - Min: -20.39% - Market Cap 6484 - Trading time: 00:01:57
06-09-2025 05:58:25.608 INFO Current price: 0.000000032770 - Current percentage: -4.97% - Max: 35.72% - Min: -20.39% - Market Cap 6891 - Trading time: 00:01:57
06-09-2025 05:58:25.608 INFO Current price: 0.000000034793 - Current percentage: 0.81% - Max: 35.72% - Min: -20.39% - Market Cap 7310 - Trading time: 00:01:57
06-09-2025 05:58:25.659 INFO Current price: 0.000000036877 - Current percentage: 6.76% - Max: 35.72% - Min: -20.39% - Market Cap 7741 - Trading time: 00:01:57
06-09-2025 05:58:25.661 INFO Current price: 0.000000039021 - Current percentage: 12.87% - Max: 35.72% - Min: -20.39% - Market Cap 8184 - Trading time: 00:01:57
06-09-2025 05:58:25.694 INFO Current price: 0.000000040337 - Current percentage: 14.08% - Max: 35.72% - Min: -20.39% - Market Cap 8272 - Trading time: 00:01:57
06-09-2025 05:58:25.825 INFO Current price: 0.000000040752 - Current percentage: 15.21% - Max: 35.72% - Min: -20.39% - Market Cap 8354 - Trading time: 00:01:57
06-09-2025 05:58:26.052 INFO Current price: 0.000000041067 - Current percentage: 15.85% - Max: 35.72% - Min: -20.39% - Market Cap 8400 - Trading time: 00:01:58
06-09-2025 05:58:26.077 INFO Current price: 0.000000041296 - Current percentage: 16.50% - Max: 35.72% - Min: -20.39% - Market Cap 8447 - Trading time: 00:01:58
06-09-2025 05:58:26.092 INFO Current price: 0.000000041424 - Current percentage: 16.57% - Max: 35.72% - Min: -20.39% - Market Cap 8452 - Trading time: 00:01:58
06-09-2025 05:58:26.142 INFO Current price: 0.000000041450 - Current percentage: 16.65% - Max: 35.72% - Min: -20.39% - Market Cap 8458 - Trading time: 00:01:58
06-09-2025 05:58:36.359 INFO Current price: 0.000000041348 - Current percentage: 15.99% - Max: 35.72% - Min: -20.39% - Market Cap 8410 - Trading time: 00:02:08
06-09-2025 05:58:36.522 INFO Current price: 0.000000041027 - Current percentage: 14.84% - Max: 35.72% - Min: -20.39% - Market Cap 8327 - Trading time: 00:02:08
06-09-2025 05:58:36.868 INFO Current price: 0.000000040810 - Current percentage: 14.77% - Max: 35.72% - Min: -20.39% - Market Cap 8322 - Trading time: 00:02:08
06-09-2025 05:58:42.682 INFO Current price: 0.000000040802 - Current percentage: 14.80% - Max: 35.72% - Min: -20.39% - Market Cap 8324 - Trading time: 00:02:14
06-09-2025 05:58:54.539 INFO Current price: 0.000000040852 - Current percentage: 15.05% - Max: 35.72% - Min: -20.39% - Market Cap 8342 - Trading time: 00:02:26
06-09-2025 05:59:19.426 INFO Current price: 0.000000042010 - Current percentage: 21.40% - Max: 35.72% - Min: -20.39% - Market Cap 8803 - Trading time: 00:02:51
06-09-2025 05:59:19.439 INFO Current price: 0.000000044297 - Current percentage: 27.92% - Max: 35.72% - Min: -20.39% - Market Cap 9275 - Trading time: 00:02:51
06-09-2025 05:59:19.552 INFO Current price: 0.000000045753 - Current percentage: 29.51% - Max: 35.72% - Min: -20.39% - Market Cap 9391 - Trading time: 00:02:51
06-09-2025 05:59:19.595 INFO Current price: 0.000000047301 - Current percentage: 36.72% - Max: 36.72% - Min: -20.39% - Market Cap 9913 - Trading time: 00:02:51
06-09-2025 05:59:19.794 INFO Current price: 0.000000048616 - Current percentage: 36.81% - Max: 36.81% - Min: -20.39% - Market Cap 9920 - Trading time: 00:02:51
06-09-2025 05:59:19.865 INFO Current price: 0.000000048645 - Current percentage: 36.89% - Max: 36.89% - Min: -20.39% - Market Cap 9926 - Trading time: 00:02:51
06-09-2025 05:59:21.246 INFO Current price: 0.000000051064 - Current percentage: 50.75% - Max: 50.75% - Min: -20.39% - Market Cap 10931 - Trading time: 00:02:53
06-09-2025 05:59:22.307 INFO Current price: 0.000000055479 - Current percentage: 61.58% - Max: 61.58% - Min: -20.39% - Market Cap 11716 - Trading time: 00:02:54
06-09-2025 05:59:22.315 INFO Current price: 0.000000057418 - Current percentage: 61.47% - Max: 61.58% - Min: -20.39% - Market Cap 11708 - Trading time: 00:02:54
06-09-2025 05:59:23.187 INFO Current price: 0.000000058705 - Current percentage: 68.90% - Max: 68.90% - Min: -20.39% - Market Cap 12247 - Trading time: 00:02:55
06-09-2025 05:59:28.174 INFO Current price: 0.000000060060 - Current percentage: 69.02% - Max: 69.02% - Min: -20.39% - Market Cap 12255 - Trading time: 00:03:00
06-09-2025 05:59:32.257 INFO Current price: 0.000000060113 - Current percentage: 69.20% - Max: 69.20% - Min: -20.39% - Market Cap 12269 - Trading time: 00:03:04
06-09-2025 05:59:35.949 INFO Current price: 0.000000060233 - Current percentage: 69.69% - Max: 69.69% - Min: -20.39% - Market Cap 12304 - Trading time: 00:03:07
06-09-2025 05:59:36.794 INFO Current price: 0.000000057647 - Current percentage: 54.99% - Max: 69.69% - Min: -20.39% - Market Cap 11238 - Trading time: 00:03:08
06-09-2025 05:59:36.851 INFO Current price: 0.000000054754 - Current percentage: 53.09% - Max: 69.69% - Min: -20.39% - Market Cap 11100 - Trading time: 00:03:08
06-09-2025 05:59:41.588 INFO Current price: 0.000000054546 - Current percentage: 53.81% - Max: 69.69% - Min: -20.39% - Market Cap 11153 - Trading time: 00:03:13
06-09-2025 05:59:43.872 INFO Current price: 0.000000052929 - Current percentage: 44.14% - Max: 69.69% - Min: -20.39% - Market Cap 10452 - Trading time: 00:03:15
06-09-2025 05:59:43.872 INFO Current price: 0.000000049247 - Current percentage: 33.16% - Max: 69.69% - Min: -20.39% - Market Cap 9655 - Trading time: 00:03:15
06-09-2025 05:59:43.878 INFO Current price: 0.000000045665 - Current percentage: 23.93% - Max: 69.69% - Min: -20.39% - Market Cap 8986 - Trading time: 00:03:15
06-09-2025 05:59:43.878 INFO Current price: 0.000000042716 - Current percentage: 16.52% - Max: 69.69% - Min: -20.39% - Market Cap 8449 - Trading time: 00:03:15
06-09-2025 05:59:43.878 INFO Current price: 0.000000040127 - Current percentage: 9.36% - Max: 69.69% - Min: -20.39% - Market Cap 7930 - Trading time: 00:03:15
06-09-2025 05:59:44.128 INFO Current price: 0.000000037944 - Current percentage: 4.18% - Max: 69.69% - Min: -20.39% - Market Cap 7554 - Trading time: 00:03:16
06-09-2025 05:59:44.236 INFO Current price: 0.000000036937 - Current percentage: 3.64% - Max: 69.69% - Min: -20.39% - Market Cap 7515 - Trading time: 00:03:16
06-09-2025 05:59:44.252 INFO Current price: 0.000000036638 - Current percentage: 2.50% - Max: 69.69% - Min: -20.39% - Market Cap 7432 - Trading time: 00:03:16
06-09-2025 05:59:44.612 INFO Current price: 0.000000036426 - Current percentage: 2.45% - Max: 69.69% - Min: -20.39% - Market Cap 7428 - Trading time: 00:03:16
06-09-2025 05:59:44.656 INFO Current price: 0.000000036407 - Current percentage: 2.39% - Max: 69.69% - Min: -20.39% - Market Cap 7424 - Trading time: 00:03:16
06-09-2025 05:59:45.624 INFO Current price: 0.000000036387 - Current percentage: 2.33% - Max: 69.69% - Min: -20.39% - Market Cap 7420 - Trading time: 00:03:17
06-09-2025 05:59:45.653 INFO Current price: 0.000000035490 - Current percentage: -2.60% - Max: 69.69% - Min: -20.39% - Market Cap 7063 - Trading time: 00:03:17
06-09-2025 05:59:46.868 INFO Current price: 0.000000034640 - Current percentage: -2.51% - Max: 69.69% - Min: -20.39% - Market Cap 7069 - Trading time: 00:03:18
06-09-2025 05:59:47.147 INFO Current price: 0.000000034806 - Current percentage: -1.66% - Max: 69.69% - Min: -20.39% - Market Cap 7131 - Trading time: 00:03:19
06-09-2025 05:59:49.314 INFO Current price: 0.000000034164 - Current percentage: -6.07% - Max: 69.69% - Min: -20.39% - Market Cap 6811 - Trading time: 00:03:21
06-09-2025 05:59:49.676 INFO Current price: 0.000000033417 - Current percentage: -5.91% - Max: 69.69% - Min: -20.39% - Market Cap 6822 - Trading time: 00:03:21
06-09-2025 05:59:58.360 INFO Current price: 0.000000033441 - Current percentage: -5.94% - Max: 69.69% - Min: -20.39% - Market Cap 6820 - Trading time: 00:03:30
06-09-2025 05:59:58.685 INFO Current price: 0.000000034456 - Current percentage: -0.12% - Max: 69.69% - Min: -20.39% - Market Cap 7243 - Trading time: 00:03:30
06-09-2025 05:59:59.745 INFO Current price: 0.000000036510 - Current percentage: 5.61% - Max: 69.69% - Min: -20.39% - Market Cap 7658 - Trading time: 00:03:31
06-09-2025 05:59:59.750 INFO Current price: 0.000000038622 - Current percentage: 11.77% - Max: 69.69% - Min: -20.39% - Market Cap 8105 - Trading time: 00:03:31
06-09-2025 05:59:59.783 INFO Current price: 0.000000039921 - Current percentage: 12.84% - Max: 69.69% - Min: -20.39% - Market Cap 8182 - Trading time: 00:03:31
06-09-2025 05:59:59.962 INFO Current price: 0.000000040121 - Current percentage: 12.90% - Max: 69.69% - Min: -20.39% - Market Cap 8186 - Trading time: 00:03:32
06-09-2025 06:00:00.063 INFO Current price: 0.000000040210 - Current percentage: 13.34% - Max: 69.69% - Min: -20.39% - Market Cap 8218 - Trading time: 00:03:32
06-09-2025 06:00:00.063 INFO Current price: 0.000000040332 - Current percentage: 13.58% - Max: 69.69% - Min: -20.39% - Market Cap 8236 - Trading time: 00:03:32
06-09-2025 06:00:00.697 INFO Current price: 0.000000040387 - Current percentage: 13.65% - Max: 69.69% - Min: -20.39% - Market Cap 8241 - Trading time: 00:03:32
06-09-2025 06:00:01.275 INFO Current price: 0.000000040400 - Current percentage: 13.65% - Max: 69.69% - Min: -20.39% - Market Cap 8241 - Trading time: 00:03:33
06-09-2025 06:00:06.022 INFO Current price: 0.000000040455 - Current percentage: 13.96% - Max: 69.69% - Min: -20.39% - Market Cap 8263 - Trading time: 00:03:38
06-09-2025 06:00:07.356 INFO Current price: 0.000000041607 - Current percentage: 20.22% - Max: 69.69% - Min: -20.39% - Market Cap 8717 - Trading time: 00:03:39
06-09-2025 06:00:14.045 INFO Current price: 0.000000043891 - Current percentage: 26.82% - Max: 69.69% - Min: -20.39% - Market Cap 9195 - Trading time: 00:03:46
06-09-2025 06:00:14.047 INFO Current price: 0.000000046205 - Current percentage: 33.23% - Max: 69.69% - Min: -20.39% - Market Cap 9660 - Trading time: 00:03:46
06-09-2025 06:00:14.436 INFO Current price: 0.000000047661 - Current percentage: 34.94% - Max: 69.69% - Min: -20.39% - Market Cap 9784 - Trading time: 00:03:46
06-09-2025 06:00:14.852 INFO Current price: 0.000000047982 - Current percentage: 35.02% - Max: 69.69% - Min: -20.39% - Market Cap 9790 - Trading time: 00:03:46
06-09-2025 06:00:14.900 INFO Current price: 0.000000048012 - Current percentage: 35.11% - Max: 69.69% - Min: -20.39% - Market Cap 9797 - Trading time: 00:03:46
06-09-2025 06:00:15.636 INFO Current price: 0.000000048326 - Current percentage: 36.79% - Max: 69.69% - Min: -20.39% - Market Cap 9919 - Trading time: 00:03:47
06-09-2025 06:00:15.640 INFO Current price: 0.000000048933 - Current percentage: 38.52% - Max: 69.69% - Min: -20.39% - Market Cap 10044 - Trading time: 00:03:47
06-09-2025 06:00:15.981 INFO Current price: 0.000000049258 - Current percentage: 38.52% - Max: 69.69% - Min: -20.39% - Market Cap 10044 - Trading time: 00:03:48
06-09-2025 06:00:15.983 INFO Current price: 0.000000049241 - Current percentage: 38.52% - Max: 69.69% - Min: -20.39% - Market Cap 10044 - Trading time: 00:03:48
06-09-2025 06:00:16.699 INFO Current price: 0.000000049226 - Current percentage: 38.44% - Max: 69.69% - Min: -20.39% - Market Cap 10038 - Trading time: 00:03:48
06-09-2025 06:00:18.990 INFO Current price: 0.000000047989 - Current percentage: 31.65% - Max: 69.69% - Min: -20.39% - Market Cap 9546 - Trading time: 00:03:51
06-09-2025 06:00:18.994 INFO Current price: 0.000000045542 - Current percentage: 24.67% - Max: 69.69% - Min: -20.39% - Market Cap 9040 - Trading time: 00:03:51
06-09-2025 06:00:19.067 INFO Current price: 0.000000044370 - Current percentage: 24.96% - Max: 69.69% - Min: -20.39% - Market Cap 9061 - Trading time: 00:03:51
06-09-2025 06:00:19.270 INFO Current price: 0.000000044201 - Current percentage: 23.73% - Max: 69.69% - Min: -20.39% - Market Cap 8971 - Trading time: 00:03:51
06-09-2025 06:00:19.348 INFO Current price: 0.000000043980 - Current percentage: 23.72% - Max: 69.69% - Min: -20.39% - Market Cap 8971 - Trading time: 00:03:51
06-09-2025 06:00:21.218 INFO Current price: 0.000000046950 - Current percentage: 41.00% - Max: 69.69% - Min: -20.39% - Market Cap 10224 - Trading time: 00:03:53
06-09-2025 06:00:21.643 INFO Current price: 0.000000051370 - Current percentage: 48.11% - Max: 69.69% - Min: -20.39% - Market Cap 10739 - Trading time: 00:03:53
06-09-2025 06:00:21.652 INFO Current price: 0.000000052739 - Current percentage: 48.61% - Max: 69.69% - Min: -20.39% - Market Cap 10776 - Trading time: 00:03:53
06-09-2025 06:00:21.652 INFO Current price: 0.000000052878 - Current percentage: 48.90% - Max: 69.69% - Min: -20.39% - Market Cap 10796 - Trading time: 00:03:53
06-09-2025 06:00:21.655 INFO Current price: 0.000000052992 - Current percentage: 49.26% - Max: 69.69% - Min: -20.39% - Market Cap 10822 - Trading time: 00:03:53
06-09-2025 06:00:23.161 INFO Current price: 0.000000051973 - Current percentage: 43.22% - Max: 69.69% - Min: -20.39% - Market Cap 10385 - Trading time: 00:03:55
06-09-2025 06:00:24.136 INFO Current price: 0.000000051526 - Current percentage: 46.70% - Max: 69.69% - Min: -20.39% - Market Cap 10637 - Trading time: 00:03:56
06-09-2025 06:00:24.238 INFO Current price: 0.000000052139 - Current percentage: 46.65% - Max: 69.69% - Min: -20.39% - Market Cap 10634 - Trading time: 00:03:56
06-09-2025 06:00:25.568 INFO Current price: 0.000000053256 - Current percentage: 53.05% - Max: 69.69% - Min: -20.39% - Market Cap 11098 - Trading time: 00:03:57
06-09-2025 06:00:25.572 INFO Current price: 0.000000055798 - Current percentage: 60.99% - Max: 69.69% - Min: -20.39% - Market Cap 11673 - Trading time: 00:03:57
06-09-2025 06:00:26.300 INFO Current price: 0.000000057262 - Current percentage: 61.19% - Max: 69.69% - Min: -20.39% - Market Cap 11688 - Trading time: 00:03:58
06-09-2025 06:00:26.939 INFO Current price: 0.000000056581 - Current percentage: 57.18% - Max: 69.69% - Min: -20.39% - Market Cap 11397 - Trading time: 00:03:58
06-09-2025 06:00:27.114 INFO Current price: 0.000000054477 - Current percentage: 49.42% - Max: 69.69% - Min: -20.39% - Market Cap 10834 - Trading time: 00:03:59
06-09-2025 06:00:27.280 INFO Current price: 0.000000051558 - Current percentage: 40.79% - Max: 69.69% - Min: -20.39% - Market Cap 10209 - Trading time: 00:03:59
06-09-2025 06:00:28.498 INFO Current price: 0.000000048300 - Current percentage: 31.13% - Max: 69.69% - Min: -20.39% - Market Cap 9508 - Trading time: 00:04:00
06-09-2025 06:00:29.252 INFO Current price: 0.000000046539 - Current percentage: 30.71% - Max: 69.69% - Min: -20.39% - Market Cap 9478 - Trading time: 00:04:01
06-09-2025 06:00:29.349 INFO Current price: 0.000000046412 - Current percentage: 30.42% - Max: 69.69% - Min: -20.39% - Market Cap 9456 - Trading time: 00:04:01
06-09-2025 06:00:29.349 INFO Current price: 0.000000046319 - Current percentage: 30.19% - Max: 69.69% - Min: -20.39% - Market Cap 9440 - Trading time: 00:04:01
06-09-2025 06:00:35.638 INFO Current price: 0.000000046295 - Current percentage: 30.29% - Max: 69.69% - Min: -20.39% - Market Cap 9447 - Trading time: 00:04:07
06-09-2025 06:00:35.699 INFO Current price: 0.000000046023 - Current percentage: 28.66% - Max: 69.69% - Min: -20.39% - Market Cap 9329 - Trading time: 00:04:07
06-09-2025 06:00:35.913 INFO Current price: 0.000000045721 - Current percentage: 28.58% - Max: 69.69% - Min: -20.39% - Market Cap 9323 - Trading time: 00:04:07
06-09-2025 06:00:36.262 INFO Current price: 0.000000045693 - Current percentage: 28.50% - Max: 69.69% - Min: -20.39% - Market Cap 9318 - Trading time: 00:04:08
06-09-2025 06:00:36.400 INFO Current price: 0.000000045585 - Current percentage: 27.97% - Max: 69.69% - Min: -20.39% - Market Cap 9279 - Trading time: 00:04:08
06-09-2025 06:00:36.441 INFO Current price: 0.000000045438 - Current percentage: 27.68% - Max: 69.69% - Min: -20.39% - Market Cap 9258 - Trading time: 00:04:08
06-09-2025 06:00:36.443 INFO Current price: 0.000000045373 - Current percentage: 27.60% - Max: 69.69% - Min: -20.39% - Market Cap 9252 - Trading time: 00:04:08
06-09-2025 06:00:36.550 INFO Current price: 0.000000045338 - Current percentage: 27.60% - Max: 69.69% - Min: -20.39% - Market Cap 9252 - Trading time: 00:04:08
06-09-2025 06:00:41.260 INFO Current price: 0.000000045322 - Current percentage: 27.60% - Max: 69.69% - Min: -20.39% - Market Cap 9252 - Trading time: 00:04:13
06-09-2025 06:00:45.004 INFO Current price: 0.000000045940 - Current percentage: 30.89% - Max: 69.69% - Min: -20.39% - Market Cap 9491 - Trading time: 00:04:17
06-09-2025 06:00:49.142 INFO Current price: 0.000000046815 - Current percentage: 32.51% - Max: 69.69% - Min: -20.39% - Market Cap 9608 - Trading time: 00:04:21
06-09-2025 06:00:49.155 INFO Current price: 0.000000047406 - Current percentage: 34.22% - Max: 69.69% - Min: -20.39% - Market Cap 9732 - Trading time: 00:04:21
06-09-2025 06:00:50.221 INFO Current price: 0.000000048792 - Current percentage: 40.37% - Max: 69.69% - Min: -20.39% - Market Cap 10178 - Trading time: 00:04:22
06-09-2025 06:00:50.273 INFO Current price: 0.000000051227 - Current percentage: 47.95% - Max: 69.69% - Min: -20.39% - Market Cap 10727 - Trading time: 00:04:22
06-09-2025 06:00:55.620 INFO Current price: 0.000000053215 - Current percentage: 51.48% - Max: 69.69% - Min: -20.39% - Market Cap 10984 - Trading time: 00:04:27
06-09-2025 06:00:57.854 INFO Current price: 0.000000052608 - Current percentage: 44.59% - Max: 69.69% - Min: -20.39% - Market Cap 10484 - Trading time: 00:04:29
06-09-2025 06:00:57.859 INFO Current price: 0.000000050079 - Current percentage: 37.27% - Max: 69.69% - Min: -20.39% - Market Cap 9953 - Trading time: 00:04:29
06-09-2025 06:00:58.913 INFO Current price: 0.000000048165 - Current percentage: 33.74% - Max: 69.69% - Min: -20.39% - Market Cap 9698 - Trading time: 00:04:30
06-09-2025 06:01:02.951 INFO Current price: 0.000000048682 - Current percentage: 40.23% - Max: 69.69% - Min: -20.39% - Market Cap 10168 - Trading time: 00:04:34
06-09-2025 06:01:02.954 INFO Current price: 0.000000051139 - Current percentage: 47.59% - Max: 69.69% - Min: -20.39% - Market Cap 10701 - Trading time: 00:04:34
06-09-2025 06:01:03.033 INFO Current price: 0.000000052805 - Current percentage: 49.52% - Max: 69.69% - Min: -20.39% - Market Cap 10841 - Trading time: 00:04:35
06-09-2025 06:01:03.339 INFO Current price: 0.000000053150 - Current percentage: 49.52% - Max: 69.69% - Min: -20.39% - Market Cap 10842 - Trading time: 00:04:35
06-09-2025 06:01:03.406 INFO Current price: 0.000000053154 - Current percentage: 49.54% - Max: 69.69% - Min: -20.39% - Market Cap 10843 - Trading time: 00:04:35
06-09-2025 06:01:03.409 INFO Current price: 0.000000053162 - Current percentage: 49.56% - Max: 69.69% - Min: -20.39% - Market Cap 10845 - Trading time: 00:04:35
06-09-2025 06:01:03.409 INFO Current price: 0.000000053170 - Current percentage: 49.59% - Max: 69.69% - Min: -20.39% - Market Cap 10846 - Trading time: 00:04:35
06-09-2025 06:01:03.411 INFO Current price: 0.000000053177 - Current percentage: 49.61% - Max: 69.69% - Min: -20.39% - Market Cap 10848 - Trading time: 00:04:35
06-09-2025 06:01:03.419 INFO Current price: 0.000000053185 - Current percentage: 49.63% - Max: 69.69% - Min: -20.39% - Market Cap 10849 - Trading time: 00:04:35
06-09-2025 06:01:03.421 INFO Current price: 0.000000053193 - Current percentage: 49.65% - Max: 69.69% - Min: -20.39% - Market Cap 10851 - Trading time: 00:04:35
06-09-2025 06:01:03.443 INFO Current price: 0.000000053200 - Current percentage: 49.67% - Max: 69.69% - Min: -20.39% - Market Cap 10853 - Trading time: 00:04:35
06-09-2025 06:01:03.505 INFO Current price: 0.000000053205 - Current percentage: 49.68% - Max: 69.69% - Min: -20.39% - Market Cap 10853 - Trading time: 00:04:35
06-09-2025 06:01:04.222 INFO Current price: 0.000000053219 - Current percentage: 49.75% - Max: 69.69% - Min: -20.39% - Market Cap 10858 - Trading time: 00:04:36
06-09-2025 06:01:05.201 INFO Current price: 0.000000053232 - Current percentage: 49.75% - Max: 69.69% - Min: -20.39% - Market Cap 10858 - Trading time: 00:04:37
06-09-2025 06:01:08.059 INFO Current price: 0.000000053487 - Current percentage: 51.19% - Max: 69.69% - Min: -20.39% - Market Cap 10962 - Trading time: 00:04:40
06-09-2025 06:01:08.616 INFO Current price: 0.000000053741 - Current percentage: 51.18% - Max: 69.69% - Min: -20.39% - Market Cap 10962 - Trading time: 00:04:40
06-09-2025 06:01:08.625 INFO Current price: 0.000000053739 - Current percentage: 51.18% - Max: 69.69% - Min: -20.39% - Market Cap 10962 - Trading time: 00:04:40
06-09-2025 06:01:08.625 INFO Current price: 0.000000053738 - Current percentage: 51.17% - Max: 69.69% - Min: -20.39% - Market Cap 10961 - Trading time: 00:04:40
06-09-2025 06:01:08.625 INFO Current price: 0.000000053736 - Current percentage: 51.17% - Max: 69.69% - Min: -20.39% - Market Cap 10961 - Trading time: 00:04:40
06-09-2025 06:01:08.625 INFO Current price: 0.000000053735 - Current percentage: 51.16% - Max: 69.69% - Min: -20.39% - Market Cap 10961 - Trading time: 00:04:40
06-09-2025 06:01:08.627 INFO Current price: 0.000000053732 - Current percentage: 51.15% - Max: 69.69% - Min: -20.39% - Market Cap 10960 - Trading time: 00:04:40
06-09-2025 06:01:08.630 INFO Current price: 0.000000053729 - Current percentage: 51.15% - Max: 69.69% - Min: -20.39% - Market Cap 10959 - Trading time: 00:04:40
06-09-2025 06:01:08.630 INFO Current price: 0.000000053727 - Current percentage: 51.14% - Max: 69.69% - Min: -20.39% - Market Cap 10959 - Trading time: 00:04:40
06-09-2025 06:01:08.980 INFO Current price: 0.000000053725 - Current percentage: 51.14% - Max: 69.69% - Min: -20.39% - Market Cap 10959 - Trading time: 00:04:41
06-09-2025 06:01:09.972 INFO Current price: 0.000000053724 - Current percentage: 51.13% - Max: 69.69% - Min: -20.39% - Market Cap 10958 - Trading time: 00:04:42
06-09-2025 06:01:13.494 INFO Current price: 0.000000053721 - Current percentage: 51.12% - Max: 69.69% - Min: -20.39% - Market Cap 10958 - Trading time: 00:04:45
06-09-2025 06:01:13.496 INFO Current price: 0.000000053719 - Current percentage: 51.12% - Max: 69.69% - Min: -20.39% - Market Cap 10957 - Trading time: 00:04:45
06-09-2025 06:01:13.504 INFO Current price: 0.000000053716 - Current percentage: 51.11% - Max: 69.69% - Min: -20.39% - Market Cap 10957 - Trading time: 00:04:45
06-09-2025 06:01:13.508 INFO Current price: 0.000000053713 - Current percentage: 51.10% - Max: 69.69% - Min: -20.39% - Market Cap 10956 - Trading time: 00:04:45
06-09-2025 06:01:13.508 INFO Current price: 0.000000053711 - Current percentage: 51.09% - Max: 69.69% - Min: -20.39% - Market Cap 10956 - Trading time: 00:04:45
06-09-2025 06:01:13.511 INFO Current price: 0.000000053708 - Current percentage: 51.09% - Max: 69.69% - Min: -20.39% - Market Cap 10955 - Trading time: 00:04:45
06-09-2025 06:01:13.511 INFO Current price: 0.000000053706 - Current percentage: 51.08% - Max: 69.69% - Min: -20.39% - Market Cap 10955 - Trading time: 00:04:45
06-09-2025 06:01:13.624 INFO Current price: 0.000000053704 - Current percentage: 51.08% - Max: 69.69% - Min: -20.39% - Market Cap 10954 - Trading time: 00:04:45
06-09-2025 06:01:13.722 INFO Current price: 0.000000053703 - Current percentage: 51.08% - Max: 69.69% - Min: -20.39% - Market Cap 10954 - Trading time: 00:04:45
06-09-2025 06:01:14.684 INFO Current price: 0.000000053703 - Current percentage: 51.08% - Max: 69.69% - Min: -20.39% - Market Cap 10954 - Trading time: 00:04:46
06-09-2025 06:01:18.652 INFO Current price: 0.000000053702 - Current percentage: 51.07% - Max: 69.69% - Min: -20.39% - Market Cap 10954 - Trading time: 00:04:50
06-09-2025 06:01:18.661 INFO Current price: 0.000000053699 - Current percentage: 51.06% - Max: 69.69% - Min: -20.39% - Market Cap 10953 - Trading time: 00:04:50
06-09-2025 06:01:18.661 INFO Current price: 0.000000053696 - Current percentage: 51.05% - Max: 69.69% - Min: -20.39% - Market Cap 10953 - Trading time: 00:04:50
06-09-2025 06:01:18.662 INFO Current price: 0.000000053694 - Current percentage: 51.05% - Max: 69.69% - Min: -20.39% - Market Cap 10952 - Trading time: 00:04:50
06-09-2025 06:01:18.662 INFO Current price: 0.000000053691 - Current percentage: 51.04% - Max: 69.69% - Min: -20.39% - Market Cap 10952 - Trading time: 00:04:50
06-09-2025 06:01:18.664 INFO Current price: 0.000000053690 - Current percentage: 51.04% - Max: 69.69% - Min: -20.39% - Market Cap 10952 - Trading time: 00:04:50
06-09-2025 06:01:18.666 INFO Current price: 0.000000053688 - Current percentage: 51.03% - Max: 69.69% - Min: -20.39% - Market Cap 10951 - Trading time: 00:04:50
06-09-2025 06:01:18.911 INFO Current price: 0.000000053687 - Current percentage: 51.03% - Max: 69.69% - Min: -20.39% - Market Cap 10951 - Trading time: 00:04:50
06-09-2025 06:01:18.917 INFO Current price: 0.000000053686 - Current percentage: 51.03% - Max: 69.69% - Min: -20.39% - Market Cap 10951 - Trading time: 00:04:50
06-09-2025 06:01:18.919 INFO Current price: 0.000000053685 - Current percentage: 51.02% - Max: 69.69% - Min: -20.39% - Market Cap 10950 - Trading time: 00:04:50
06-09-2025 06:01:20.385 INFO Current price: 0.000000054321 - Current percentage: 54.63% - Max: 69.69% - Min: -20.39% - Market Cap 11212 - Trading time: 00:04:52
06-09-2025 06:01:24.619 INFO Current price: 0.000000055611 - Current percentage: 58.28% - Max: 69.69% - Min: -20.39% - Market Cap 11477 - Trading time: 00:04:56
06-09-2025 06:01:25.242 INFO Current price: 0.000000056329 - Current percentage: 58.65% - Max: 69.69% - Min: -20.39% - Market Cap 11503 - Trading time: 00:04:57
06-09-2025 06:01:26.875 INFO Current price: 0.000000056401 - Current percentage: 58.68% - Max: 69.69% - Min: -20.39% - Market Cap 11506 - Trading time: 00:04:58
06-09-2025 06:01:26.878 INFO Current price: 0.000000056414 - Current percentage: 58.72% - Max: 69.69% - Min: -20.39% - Market Cap 11509 - Trading time: 00:04:58






06-09-2025 06:01:27.959 INFO {"type":"summary","reason":"max_window","startedAt":"2025-09-06T03:56:27.959Z","endedAt":"2025-09-06T04:01:27.959Z","durationSec":300,"entryPrice":3.960712428890982e-8,"entryMarketCapSol":35.54715910714288,"entryMarketCapUsd":7250.909514675005,"minPct":-20.390078283415935,"maxPct":69.68728497665344,"buyCount":120,"sellCount":135,"tradeCount":255,"entryRecorded":true,"noPostThresholdTrades":false,"triggerAt":"2025-09-06T03:56:27.959Z","ageAtTriggerSec":6,"preTotalTrades":28,"preBuys":27,"preSells":1,"preUniqueTraders":27,"preEntryTotalTrades":61,"preEntryBuys":33,"preEntrySells":28,"preEntryUniqueTraders":34,"preEntryMinMcUsd":5772.166811971949,"preEntryMaxMcUsd":9001.799005971669,"thresholdMcSol":35.54715910714288,"thresholdMcUsd":7250.909514675005,"thresholdPrice":3.960712428890982e-8}
