06-09-2025 06:05:41.918 INFO Entry price: 0.000000076980966084 - Entry market cap: 14562 - Buys 28 - Sells 11 - Ratio: 1:0.39 - Min MarketCap: 7983 - Max MarketCap: 17141
06-09-2025 06:05:41.918 INFO Current price: 0.000000076981 - Current percentage: 0.00% - Max: 0.00% - Min: 0.00% - Market Cap 14562 - Trading time: 00:00:02
06-09-2025 06:05:42.263 INFO Current price: 0.000000073693 - Current percentage: 3.25% - Max: 3.25% - Min: 0.00% - Market Cap 15035 - Trading time: 00:00:02
06-09-2025 06:05:42.740 INFO Current price: 0.000000073202 - Current percentage: 1.84% - Max: 3.25% - Min: 0.00% - Market Cap 14829 - Trading time: 00:00:02
06-09-2025 06:05:42.900 INFO Current price: 0.000000072205 - Current percentage: 0.45% - Max: 3.25% - Min: 0.00% - Market Cap 14628 - Trading time: 00:00:02
06-09-2025 06:05:43.478 INFO Current price: 0.000000071728 - Current percentage: 0.49% - Max: 3.25% - Min: 0.00% - Market Cap 14634 - Trading time: 00:00:03
06-09-2025 06:05:44.607 INFO Current price: 0.000000068775 - Current percentage: -7.65% - Max: 3.25% - Min: -7.65% - Market Cap 13448 - Trading time: 00:00:04
06-09-2025 06:05:45.770 INFO Current price: 0.000000068484 - Current percentage: -0.35% - Max: 3.25% - Min: -7.65% - Market Cap 14511 - Trading time: 00:00:05
06-09-2025 06:05:45.774 INFO Current price: 0.000000073571 - Current percentage: 6.58% - Max: 6.58% - Min: -7.65% - Market Cap 15521 - Trading time: 00:00:05
06-09-2025 06:05:46.066 INFO Current price: 0.000000076060 - Current percentage: 6.50% - Max: 6.58% - Min: -7.65% - Market Cap 15509 - Trading time: 00:00:06
06-09-2025 06:05:46.958 INFO Current price: 0.000000076047 - Current percentage: 6.54% - Max: 6.58% - Min: -7.65% - Market Cap 15515 - Trading time: 00:00:07
06-09-2025 06:05:49.168 INFO Current price: 0.000000076046 - Current percentage: 6.50% - Max: 6.58% - Min: -7.65% - Market Cap 15509 - Trading time: 00:00:09
06-09-2025 06:05:49.690 INFO Current price: 0.000000076015 - Current percentage: 6.46% - Max: 6.58% - Min: -7.65% - Market Cap 15502 - Trading time: 00:00:09
06-09-2025 06:05:51.358 INFO Current price: 0.000000072292 - Current percentage: -3.68% - Max: 6.58% - Min: -7.65% - Market Cap 14027 - Trading time: 00:00:11
06-09-2025 06:05:51.473 INFO Current price: 0.000000067786 - Current percentage: -6.40% - Max: 6.58% - Min: -7.65% - Market Cap 13630 - Trading time: 00:00:11
06-09-2025 06:05:51.676 INFO Current price: 0.000000065835 - Current percentage: -9.14% - Max: 6.58% - Min: -9.14% - Market Cap 13231 - Trading time: 00:00:11
06-09-2025 06:05:51.680 INFO Current price: 0.000000063871 - Current percentage: -11.90% - Max: 6.58% - Min: -11.90% - Market Cap 12829 - Trading time: 00:00:11
06-09-2025 06:05:51.687 INFO Current price: 0.000000060994 - Current percentage: -17.14% - Max: 6.58% - Min: -17.14% - Market Cap 12066 - Trading time: 00:00:11
06-09-2025 06:05:51.689 INFO Current price: 0.000000057136 - Current percentage: -22.70% - Max: 6.58% - Min: -22.70% - Market Cap 11257 - Trading time: 00:00:11
06-09-2025 06:05:51.692 INFO Current price: 0.000000055314 - Current percentage: -22.34% - Max: 6.58% - Min: -22.70% - Market Cap 11309 - Trading time: 00:00:11
06-09-2025 06:05:53.318 INFO Current price: 0.000000061858 - Current percentage: -3.32% - Max: 6.58% - Min: -22.70% - Market Cap 14078 - Trading time: 00:00:13
06-09-2025 06:05:53.385 INFO Current price: 0.000000074871 - Current percentage: 13.77% - Max: 13.77% - Min: -22.70% - Market Cap 16567 - Trading time: 00:00:13
06-09-2025 06:05:53.567 INFO Current price: 0.000000081502 - Current percentage: 14.56% - Max: 14.56% - Min: -22.70% - Market Cap 16682 - Trading time: 00:00:13
06-09-2025 06:05:53.692 INFO Current price: 0.000000081815 - Current percentage: 14.65% - Max: 14.65% - Min: -22.70% - Market Cap 16695 - Trading time: 00:00:13
06-09-2025 06:05:53.755 INFO Current price: 0.000000081972 - Current percentage: 15.00% - Max: 15.00% - Min: -22.70% - Market Cap 16746 - Trading time: 00:00:13
06-09-2025 06:05:53.760 INFO Current price: 0.000000082887 - Current percentage: 17.22% - Max: 17.22% - Min: -22.70% - Market Cap 17070 - Trading time: 00:00:13
06-09-2025 06:05:53.764 INFO Current price: 0.000000083699 - Current percentage: 17.27% - Max: 17.27% - Min: -22.70% - Market Cap 17076 - Trading time: 00:00:13
06-09-2025 06:05:53.828 INFO Current price: 0.000000083875 - Current percentage: 17.71% - Max: 17.71% - Min: -22.70% - Market Cap 17141 - Trading time: 00:00:13
06-09-2025 06:05:54.401 INFO Current price: 0.000000084025 - Current percentage: 17.69% - Max: 17.71% - Min: -22.70% - Market Cap 17138 - Trading time: 00:00:14
06-09-2025 06:05:54.541 INFO Current price: 0.000000085180 - Current percentage: 20.97% - Max: 20.97% - Min: -22.70% - Market Cap 17615 - Trading time: 00:00:14
06-09-2025 06:05:54.543 INFO Current price: 0.000000087582 - Current percentage: 24.42% - Max: 24.42% - Min: -22.70% - Market Cap 18118 - Trading time: 00:00:14
06-09-2025 06:05:55.212 INFO Current price: 0.000000088904 - Current percentage: 24.65% - Max: 24.65% - Min: -22.70% - Market Cap 18151 - Trading time: 00:00:15
06-09-2025 06:05:55.215 INFO Current price: 0.000000088724 - Current percentage: 23.92% - Max: 24.65% - Min: -22.70% - Market Cap 18045 - Trading time: 00:00:15
06-09-2025 06:05:55.378 INFO Current price: 0.000000088626 - Current percentage: 24.37% - Max: 24.65% - Min: -22.70% - Market Cap 18111 - Trading time: 00:00:15
06-09-2025 06:05:56.582 INFO Current price: 0.000000088805 - Current percentage: 24.42% - Max: 24.65% - Min: -22.70% - Market Cap 18118 - Trading time: 00:00:16
06-09-2025 06:05:56.639 INFO Current price: 0.000000088902 - Current percentage: 24.65% - Max: 24.65% - Min: -22.70% - Market Cap 18151 - Trading time: 00:00:16
06-09-2025 06:05:57.431 INFO Current price: 0.000000086675 - Current percentage: 18.26% - Max: 24.65% - Min: -22.70% - Market Cap 17221 - Trading time: 00:00:17
06-09-2025 06:05:57.764 INFO Current price: 0.000000084585 - Current percentage: 18.71% - Max: 24.65% - Min: -22.70% - Market Cap 17286 - Trading time: 00:00:17
06-09-2025 06:05:57.926 INFO Current price: 0.000000084895 - Current percentage: 19.13% - Max: 24.65% - Min: -22.70% - Market Cap 17348 - Trading time: 00:00:18
06-09-2025 06:05:57.942 INFO Current price: 0.000000085213 - Current percentage: 19.60% - Max: 24.65% - Min: -22.70% - Market Cap 17416 - Trading time: 00:00:18
06-09-2025 06:05:58.370 INFO Current price: 0.000000085529 - Current percentage: 20.02% - Max: 24.65% - Min: -22.70% - Market Cap 17477 - Trading time: 00:00:18
06-09-2025 06:05:58.423 INFO Current price: 0.000000086259 - Current percentage: 21.65% - Max: 24.65% - Min: -22.70% - Market Cap 17714 - Trading time: 00:00:18
06-09-2025 06:05:58.688 INFO Current price: 0.000000086850 - Current percentage: 21.67% - Max: 24.65% - Min: -22.70% - Market Cap 17717 - Trading time: 00:00:18
06-09-2025 06:05:59.090 INFO Current price: 0.000000087581 - Current percentage: 23.70% - Max: 24.65% - Min: -22.70% - Market Cap 18013 - Trading time: 00:00:19
06-09-2025 06:05:59.771 INFO Current price: 0.000000088326 - Current percentage: 23.75% - Max: 24.65% - Min: -22.70% - Market Cap 18020 - Trading time: 00:00:19
06-09-2025 06:06:00.024 INFO Current price: 0.000000088375 - Current percentage: 23.84% - Max: 24.65% - Min: -22.70% - Market Cap 18033 - Trading time: 00:00:20
06-09-2025 06:06:00.106 INFO Current price: 0.000000088423 - Current percentage: 23.88% - Max: 24.65% - Min: -22.70% - Market Cap 18040 - Trading time: 00:00:20
06-09-2025 06:06:00.117 INFO Current price: 0.000000088602 - Current percentage: 24.34% - Max: 24.65% - Min: -22.70% - Market Cap 18106 - Trading time: 00:00:20
06-09-2025 06:06:00.452 INFO Current price: 0.000000087217 - Current percentage: 20.04% - Max: 24.65% - Min: -22.70% - Market Cap 17481 - Trading time: 00:00:20
06-09-2025 06:06:00.489 INFO Current price: 0.000000086097 - Current percentage: 21.16% - Max: 24.65% - Min: -22.70% - Market Cap 17644 - Trading time: 00:00:20
06-09-2025 06:06:00.885 INFO Current price: 0.000000086419 - Current percentage: 20.94% - Max: 24.65% - Min: -22.70% - Market Cap 17612 - Trading time: 00:00:20
06-09-2025 06:06:01.925 INFO Current price: 0.000000084857 - Current percentage: 16.82% - Max: 24.65% - Min: -22.70% - Market Cap 17012 - Trading time: 00:00:22
06-09-2025 06:06:02.195 INFO Current price: 0.000000083415 - Current percentage: 16.87% - Max: 24.65% - Min: -22.70% - Market Cap 17018 - Trading time: 00:00:22
06-09-2025 06:06:02.720 INFO Current price: 0.000000083588 - Current percentage: 17.31% - Max: 24.65% - Min: -22.70% - Market Cap 17082 - Trading time: 00:00:22
06-09-2025 06:06:02.822 INFO Current price: 0.000000088477 - Current percentage: 30.94% - Max: 30.94% - Min: -22.70% - Market Cap 19067 - Trading time: 00:00:22
06-09-2025 06:06:04.415 INFO Current price: 0.000000092149 - Current percentage: 27.25% - Max: 30.94% - Min: -22.70% - Market Cap 18530 - Trading time: 00:00:24
06-09-2025 06:06:04.426 INFO Current price: 0.000000089558 - Current percentage: 23.68% - Max: 30.94% - Min: -22.70% - Market Cap 18010 - Trading time: 00:00:24
06-09-2025 06:06:04.477 INFO Current price: 0.000000083697 - Current percentage: 11.14% - Max: 30.94% - Min: -22.70% - Market Cap 16184 - Trading time: 00:00:24
06-09-2025 06:06:04.928 INFO Current price: 0.000000078032 - Current percentage: 7.50% - Max: 30.94% - Min: -22.70% - Market Cap 15655 - Trading time: 00:00:25
06-09-2025 06:06:04.946 INFO Current price: 0.000000077063 - Current percentage: 8.39% - Max: 30.94% - Min: -22.70% - Market Cap 15784 - Trading time: 00:00:25
06-09-2025 06:06:05.013 INFO Current price: 0.000000072176 - Current percentage: -5.70% - Max: 30.94% - Min: -22.70% - Market Cap 13732 - Trading time: 00:00:25
06-09-2025 06:06:05.019 INFO Current price: 0.000000064094 - Current percentage: -14.52% - Max: 30.94% - Min: -22.70% - Market Cap 12447 - Trading time: 00:00:25
06-09-2025 06:06:05.406 INFO Current price: 0.000000060839 - Current percentage: -15.03% - Max: 30.94% - Min: -22.70% - Market Cap 12373 - Trading time: 00:00:25
06-09-2025 06:06:05.410 INFO Current price: 0.000000060471 - Current percentage: -15.55% - Max: 30.94% - Min: -22.70% - Market Cap 12297 - Trading time: 00:00:25
06-09-2025 06:06:05.410 INFO Current price: 0.000000060275 - Current percentage: -15.58% - Max: 30.94% - Min: -22.70% - Market Cap 12293 - Trading time: 00:00:25
06-09-2025 06:06:05.411 INFO Current price: 0.000000060186 - Current percentage: -15.80% - Max: 30.94% - Min: -22.70% - Market Cap 12261 - Trading time: 00:00:25
06-09-2025 06:06:05.571 INFO Current price: 0.000000060102 - Current percentage: -15.82% - Max: 30.94% - Min: -22.70% - Market Cap 12259 - Trading time: 00:00:25
06-09-2025 06:06:05.574 INFO Current price: 0.000000060077 - Current percentage: -15.87% - Max: 30.94% - Min: -22.70% - Market Cap 12251 - Trading time: 00:00:25
06-09-2025 06:06:05.587 INFO Current price: 0.000000060052 - Current percentage: -15.89% - Max: 30.94% - Min: -22.70% - Market Cap 12248 - Trading time: 00:00:25
06-09-2025 06:06:05.762 INFO Current price: 0.000000061959 - Current percentage: -10.45% - Max: 30.94% - Min: -22.70% - Market Cap 13041 - Trading time: 00:00:25
06-09-2025 06:06:05.766 INFO Current price: 0.000000066092 - Current percentage: -4.29% - Max: 30.94% - Min: -22.70% - Market Cap 13937 - Trading time: 00:00:25
06-09-2025 06:06:05.982 INFO Current price: 0.000000069752 - Current percentage: -0.26% - Max: 30.94% - Min: -22.70% - Market Cap 14525 - Trading time: 00:00:26
06-09-2025 06:06:05.982 INFO Current price: 0.000000072848 - Current percentage: 4.40% - Max: 30.94% - Min: -22.70% - Market Cap 15202 - Trading time: 00:00:26
06-09-2025 06:06:05.984 INFO Current price: 0.000000074516 - Current percentage: 4.36% - Max: 30.94% - Min: -22.70% - Market Cap 15197 - Trading time: 00:00:26
06-09-2025 06:06:06.546 INFO Current price: 0.000000073903 - Current percentage: 2.69% - Max: 30.94% - Min: -22.70% - Market Cap 14953 - Trading time: 00:00:26
06-09-2025 06:06:06.555 INFO Current price: 0.000000072756 - Current percentage: 1.15% - Max: 30.94% - Min: -22.70% - Market Cap 14729 - Trading time: 00:00:26
06-09-2025 06:06:06.774 INFO Current price: 0.000000068283 - Current percentage: -9.55% - Max: 30.94% - Min: -22.70% - Market Cap 13171 - Trading time: 00:00:26
06-09-2025 06:06:06.777 INFO Current price: 0.000000061490 - Current percentage: -17.98% - Max: 30.94% - Min: -22.70% - Market Cap 11944 - Trading time: 00:00:26
06-09-2025 06:06:06.800 INFO Current price: 0.000000058688 - Current percentage: -17.61% - Max: 30.94% - Min: -22.70% - Market Cap 11998 - Trading time: 00:00:26
06-09-2025 06:06:07.140 INFO Current price: 0.000000058829 - Current percentage: -17.58% - Max: 30.94% - Min: -22.70% - Market Cap 12002 - Trading time: 00:00:27
06-09-2025 06:06:07.144 INFO Current price: 0.000000058877 - Current percentage: -17.47% - Max: 30.94% - Min: -22.70% - Market Cap 12018 - Trading time: 00:00:27
06-09-2025 06:06:07.429 INFO Current price: 0.000000058924 - Current percentage: -17.45% - Max: 30.94% - Min: -22.70% - Market Cap 12021 - Trading time: 00:00:27
06-09-2025 06:06:08.036 INFO Current price: 0.000000058946 - Current percentage: -17.41% - Max: 30.94% - Min: -22.70% - Market Cap 12026 - Trading time: 00:00:28
06-09-2025 06:06:08.261 INFO Current price: 0.000000059223 - Current percentage: -16.67% - Max: 30.94% - Min: -22.70% - Market Cap 12135 - Trading time: 00:00:28
06-09-2025 06:06:08.560 INFO Current price: 0.000000059556 - Current percentage: -16.48% - Max: 30.94% - Min: -22.70% - Market Cap 12162 - Trading time: 00:00:28
06-09-2025 06:06:09.689 INFO Current price: 0.000000059888 - Current percentage: -15.76% - Max: 30.94% - Min: -22.70% - Market Cap 12267 - Trading time: 00:00:29
06-09-2025 06:06:09.692 INFO Current price: 0.000000060169 - Current percentage: -15.72% - Max: 30.94% - Min: -22.70% - Market Cap 12272 - Trading time: 00:00:29
06-09-2025 06:06:09.972 INFO Current price: 0.000000060504 - Current percentage: -14.82% - Max: 30.94% - Min: -22.70% - Market Cap 12404 - Trading time: 00:00:30
06-09-2025 06:06:10.106 INFO Current price: 0.000000060868 - Current percentage: -14.71% - Max: 30.94% - Min: -22.70% - Market Cap 12421 - Trading time: 00:00:30
06-09-2025 06:06:10.265 INFO Current price: 0.000000061582 - Current percentage: -12.81% - Max: 30.94% - Min: -22.70% - Market Cap 12696 - Trading time: 00:00:30
06-09-2025 06:06:10.265 INFO Current price: 0.000000062167 - Current percentage: -13.08% - Max: 30.94% - Min: -22.70% - Market Cap 12658 - Trading time: 00:00:30
06-09-2025 06:06:10.800 INFO Current price: 0.000000062085 - Current percentage: -13.04% - Max: 30.94% - Min: -22.70% - Market Cap 12663 - Trading time: 00:00:30
06-09-2025 06:06:11.568 INFO Current price: 0.000000062438 - Current percentage: -12.09% - Max: 30.94% - Min: -22.70% - Market Cap 12802 - Trading time: 00:00:31
06-09-2025 06:06:11.937 INFO Current price: 0.000000063053 - Current percentage: -11.32% - Max: 30.94% - Min: -22.70% - Market Cap 12914 - Trading time: 00:00:32
06-09-2025 06:06:11.939 INFO Current price: 0.000000063396 - Current percentage: -11.13% - Max: 30.94% - Min: -22.70% - Market Cap 12942 - Trading time: 00:00:32
06-09-2025 06:06:12.590 INFO Current price: 0.000000063068 - Current percentage: -12.23% - Max: 30.94% - Min: -22.70% - Market Cap 12781 - Trading time: 00:00:32
06-09-2025 06:06:12.699 INFO Current price: 0.000000062743 - Current percentage: -12.04% - Max: 30.94% - Min: -22.70% - Market Cap 12808 - Trading time: 00:00:32
06-09-2025 06:06:12.704 INFO Current price: 0.000000062814 - Current percentage: -12.03% - Max: 30.94% - Min: -22.70% - Market Cap 12810 - Trading time: 00:00:32
06-09-2025 06:06:13.154 INFO Current price: 0.000000062953 - Current percentage: -11.65% - Max: 30.94% - Min: -22.70% - Market Cap 12865 - Trading time: 00:00:33
06-09-2025 06:06:13.268 INFO Current price: 0.000000063125 - Current percentage: -11.55% - Max: 30.94% - Min: -22.70% - Market Cap 12880 - Trading time: 00:00:33
06-09-2025 06:06:13.473 INFO Current price: 0.000000063116 - Current percentage: -11.68% - Max: 30.94% - Min: -22.70% - Market Cap 12862 - Trading time: 00:00:33
06-09-2025 06:06:13.553 INFO Current price: 0.000000062970 - Current percentage: -11.96% - Max: 30.94% - Min: -22.70% - Market Cap 12820 - Trading time: 00:00:33
06-09-2025 06:06:14.548 INFO Current price: 0.000000063002 - Current percentage: -11.59% - Max: 30.94% - Min: -22.70% - Market Cap 12875 - Trading time: 00:00:34
06-09-2025 06:06:15.768 INFO Current price: 0.000000063274 - Current percentage: -11.20% - Max: 30.94% - Min: -22.70% - Market Cap 12931 - Trading time: 00:00:35
06-09-2025 06:06:16.667 INFO Current price: 0.000000063425 - Current percentage: -11.16% - Max: 30.94% - Min: -22.70% - Market Cap 12936 - Trading time: 00:00:36
06-09-2025 06:06:17.033 INFO Current price: 0.000000063473 - Current percentage: -11.07% - Max: 30.94% - Min: -22.70% - Market Cap 12950 - Trading time: 00:00:37
06-09-2025 06:06:17.112 INFO Current price: 0.000000062998 - Current percentage: -12.49% - Max: 30.94% - Min: -22.70% - Market Cap 12744 - Trading time: 00:00:37
06-09-2025 06:06:17.775 INFO Current price: 0.000000062247 - Current percentage: -13.18% - Max: 30.94% - Min: -22.70% - Market Cap 12643 - Trading time: 00:00:37
06-09-2025 06:06:18.288 INFO Current price: 0.000000061658 - Current percentage: -14.13% - Max: 30.94% - Min: -22.70% - Market Cap 12504 - Trading time: 00:00:38
06-09-2025 06:06:19.439 INFO Current price: 0.000000061386 - Current percentage: -13.95% - Max: 30.94% - Min: -22.70% - Market Cap 12531 - Trading time: 00:00:39
06-09-2025 06:06:19.441 INFO Current price: 0.000000062801 - Current percentage: -10.12% - Max: 30.94% - Min: -22.70% - Market Cap 13088 - Trading time: 00:00:39
06-09-2025 06:06:19.837 INFO Current price: 0.000000066253 - Current percentage: -4.23% - Max: 30.94% - Min: -22.70% - Market Cap 13946 - Trading time: 00:00:39
06-09-2025 06:06:19.841 INFO Current price: 0.000000064943 - Current percentage: -13.64% - Max: 30.94% - Min: -22.70% - Market Cap 12576 - Trading time: 00:00:39
06-09-2025 06:06:19.841 INFO Current price: 0.000000058947 - Current percentage: -21.10% - Max: 30.94% - Min: -22.70% - Market Cap 11490 - Trading time: 00:00:39
06-09-2025 06:06:19.841 INFO Current price: 0.000000054184 - Current percentage: -27.03% - Max: 30.94% - Min: -27.03% - Market Cap 10626 - Trading time: 00:00:39
06-09-2025 06:06:19.979 INFO Current price: 0.000000051122 - Current percentage: -29.77% - Max: 30.94% - Min: -29.77% - Market Cap 10227 - Trading time: 00:00:40
06-09-2025 06:06:20.098 INFO Current price: 0.000000050399 - Current percentage: -29.08% - Max: 30.94% - Min: -29.77% - Market Cap 10327 - Trading time: 00:00:40
06-09-2025 06:06:20.165 INFO Current price: 0.000000048452 - Current percentage: -35.09% - Max: 30.94% - Min: -35.09% - Market Cap 9453 - Trading time: 00:00:40
06-09-2025 06:06:20.165 INFO Current price: 0.000000044534 - Current percentage: -40.09% - Max: 30.94% - Min: -40.09% - Market Cap 8725 - Trading time: 00:00:40
06-09-2025 06:06:20.165 INFO Current price: 0.000000041095 - Current percentage: -44.72% - Max: 30.94% - Min: -44.72% - Market Cap 8049 - Trading time: 00:00:40
06-09-2025 06:06:20.419 INFO Current price: 0.000000041097 - Current percentage: -40.08% - Max: 30.94% - Min: -44.72% - Market Cap 8725 - Trading time: 00:00:40
06-09-2025 06:06:20.423 INFO Current price: 0.000000044479 - Current percentage: -35.25% - Max: 30.94% - Min: -44.72% - Market Cap 9429 - Trading time: 00:00:40
06-09-2025 06:06:20.488 INFO Current price: 0.000000046237 - Current percentage: -35.25% - Max: 30.94% - Min: -44.72% - Market Cap 9429 - Trading time: 00:00:40
06-09-2025 06:06:20.680 INFO Current price: 0.000000046354 - Current percentage: -34.92% - Max: 30.94% - Min: -44.72% - Market Cap 9476 - Trading time: 00:00:40
06-09-2025 06:06:20.683 INFO Current price: 0.000000046706 - Current percentage: -34.26% - Max: 30.94% - Min: -44.72% - Market Cap 9573 - Trading time: 00:00:40
06-09-2025 06:06:20.762 INFO Current price: 0.000000046758 - Current percentage: -34.78% - Max: 30.94% - Min: -44.72% - Market Cap 9497 - Trading time: 00:00:40
06-09-2025 06:06:20.891 INFO Current price: 0.000000046692 - Current percentage: -34.45% - Max: 30.94% - Min: -44.72% - Market Cap 9545 - Trading time: 00:00:40
06-09-2025 06:06:20.931 INFO Current price: 0.000000046928 - Current percentage: -34.12% - Max: 30.94% - Min: -44.72% - Market Cap 9594 - Trading time: 00:00:41
06-09-2025 06:06:21.163 INFO Current price: 0.000000047002 - Current percentage: -34.24% - Max: 30.94% - Min: -44.72% - Market Cap 9576 - Trading time: 00:00:41
06-09-2025 06:06:21.253 INFO Current price: 0.000000047608 - Current percentage: -32.41% - Max: 30.94% - Min: -44.72% - Market Cap 9843 - Trading time: 00:00:41
06-09-2025 06:06:21.904 INFO Current price: 0.000000048038 - Current percentage: -33.05% - Max: 30.94% - Min: -44.72% - Market Cap 9750 - Trading time: 00:00:41
06-09-2025 06:06:23.131 INFO Current price: 0.000000049003 - Current percentage: -29.67% - Max: 30.94% - Min: -44.72% - Market Cap 10242 - Trading time: 00:00:43
06-09-2025 06:06:23.211 INFO Current price: 0.000000050469 - Current percentage: -28.98% - Max: 30.94% - Min: -44.72% - Market Cap 10342 - Trading time: 00:00:43
06-09-2025 06:06:23.302 INFO Current price: 0.000000049837 - Current percentage: -31.42% - Max: 30.94% - Min: -44.72% - Market Cap 9987 - Trading time: 00:00:43
06-09-2025 06:06:23.751 INFO Current price: 0.000000049639 - Current percentage: -29.55% - Max: 30.94% - Min: -44.72% - Market Cap 10259 - Trading time: 00:00:43
06-09-2025 06:06:23.840 INFO Current price: 0.000000050323 - Current percentage: -29.51% - Max: 30.94% - Min: -44.72% - Market Cap 10264 - Trading time: 00:00:43
06-09-2025 06:06:24.593 INFO Current price: 0.000000050322 - Current percentage: -29.55% - Max: 30.94% - Min: -44.72% - Market Cap 10259 - Trading time: 00:00:44
06-09-2025 06:06:24.652 INFO Current price: 0.000000050320 - Current percentage: -29.52% - Max: 30.94% - Min: -44.72% - Market Cap 10264 - Trading time: 00:00:44
06-09-2025 06:06:24.719 INFO Current price: 0.000000050454 - Current percentage: -29.17% - Max: 30.94% - Min: -44.72% - Market Cap 10314 - Trading time: 00:00:44
06-09-2025 06:06:25.045 INFO Current price: 0.000000051190 - Current percentage: -27.45% - Max: 30.94% - Min: -44.72% - Market Cap 10565 - Trading time: 00:00:45
06-09-2025 06:06:25.550 INFO Current price: 0.000000051990 - Current percentage: -26.94% - Max: 30.94% - Min: -44.72% - Market Cap 10639 - Trading time: 00:00:45
06-09-2025 06:06:26.275 INFO Current price: 0.000000052793 - Current percentage: -25.19% - Max: 30.94% - Min: -44.72% - Market Cap 10894 - Trading time: 00:00:46
06-09-2025 06:06:26.393 INFO Current price: 0.000000053397 - Current percentage: -25.26% - Max: 30.94% - Min: -44.72% - Market Cap 10883 - Trading time: 00:00:46
06-09-2025 06:06:26.551 INFO Current price: 0.000000053384 - Current percentage: -25.23% - Max: 30.94% - Min: -44.72% - Market Cap 10889 - Trading time: 00:00:46
06-09-2025 06:06:28.413 INFO Current price: 0.000000052131 - Current percentage: -28.73% - Max: 30.94% - Min: -44.72% - Market Cap 10379 - Trading time: 00:00:48
06-09-2025 06:06:30.091 INFO Current price: 0.000000050628 - Current percentage: -29.47% - Max: 30.94% - Min: -44.72% - Market Cap 10270 - Trading time: 00:00:50
06-09-2025 06:06:31.297 INFO Current price: 0.000000050975 - Current percentage: -27.75% - Max: 30.94% - Min: -44.72% - Market Cap 10521 - Trading time: 00:00:51
06-09-2025 06:06:32.095 INFO Current price: 0.000000051152 - Current percentage: -28.98% - Max: 30.94% - Min: -44.72% - Market Cap 10342 - Trading time: 00:00:52
06-09-2025 06:06:34.741 INFO Current price: 0.000000050690 - Current percentage: -29.05% - Max: 30.94% - Min: -44.72% - Market Cap 10332 - Trading time: 00:00:54
06-09-2025 06:06:35.081 INFO Current price: 0.000000049715 - Current percentage: -31.69% - Max: 30.94% - Min: -44.72% - Market Cap 9948 - Trading time: 00:00:55
06-09-2025 06:06:36.908 INFO Current price: 0.000000049147 - Current percentage: -30.66% - Max: 30.94% - Min: -44.72% - Market Cap 10097 - Trading time: 00:00:56
06-09-2025 06:06:36.938 INFO Current price: 0.000000050121 - Current percentage: -28.95% - Max: 30.94% - Min: -44.72% - Market Cap 10346 - Trading time: 00:00:57
06-09-2025 06:06:37.154 INFO Current price: 0.000000049298 - Current percentage: -32.92% - Max: 30.94% - Min: -44.72% - Market Cap 9768 - Trading time: 00:00:57
06-09-2025 06:06:37.154 INFO Current price: 0.000000046618 - Current percentage: -36.47% - Max: 30.94% - Min: -44.72% - Market Cap 9251 - Trading time: 00:00:57
06-09-2025 06:06:37.335 INFO Current price: 0.000000045529 - Current percentage: -36.02% - Max: 30.94% - Min: -44.72% - Market Cap 9317 - Trading time: 00:00:57
06-09-2025 06:06:37.934 INFO Current price: 0.000000046855 - Current percentage: -32.71% - Max: 30.94% - Min: -44.72% - Market Cap 9798 - Trading time: 00:00:58
06-09-2025 06:06:38.359 INFO Current price: 0.000000045272 - Current percentage: -40.27% - Max: 30.94% - Min: -44.72% - Market Cap 8698 - Trading time: 00:00:58
06-09-2025 06:06:38.788 INFO Current price: 0.000000042806 - Current percentage: -39.85% - Max: 30.94% - Min: -44.72% - Market Cap 8760 - Trading time: 00:00:58
06-09-2025 06:06:38.983 INFO Current price: 0.000000043228 - Current percentage: -39.08% - Max: 30.94% - Min: -44.72% - Market Cap 8871 - Trading time: 00:00:59
06-09-2025 06:06:40.057 INFO Current price: 0.000000043728 - Current percentage: -38.45% - Max: 30.94% - Min: -44.72% - Market Cap 8964 - Trading time: 00:01:00
06-09-2025 06:06:40.608 INFO Current price: 0.000000043948 - Current percentage: -38.47% - Max: 30.94% - Min: -44.72% - Market Cap 8960 - Trading time: 00:01:00
06-09-2025 06:06:40.671 INFO Current price: 0.000000043910 - Current percentage: -38.55% - Max: 30.94% - Min: -44.72% - Market Cap 8948 - Trading time: 00:01:00
06-09-2025 06:06:42.903 INFO Current price: 0.000000043995 - Current percentage: -38.23% - Max: 30.94% - Min: -44.72% - Market Cap 8995 - Trading time: 00:01:02
06-09-2025 06:06:44.093 INFO Current price: 0.000000044138 - Current percentage: -38.15% - Max: 30.94% - Min: -44.72% - Market Cap 9006 - Trading time: 00:01:04
06-09-2025 06:06:45.062 INFO Current price: 0.000000041947 - Current percentage: -44.21% - Max: 30.94% - Min: -44.72% - Market Cap 8124 - Trading time: 00:01:05
06-09-2025 06:06:46.328 INFO Current price: 0.000000039742 - Current percentage: -44.48% - Max: 30.94% - Min: -44.72% - Market Cap 8084 - Trading time: 00:01:06
06-09-2025 06:06:50.624 INFO Current price: 0.000000039552 - Current percentage: -44.74% - Max: 30.94% - Min: -44.74% - Market Cap 8047 - Trading time: 00:01:10
06-09-2025 06:06:51.273 INFO Current price: 0.000000039258 - Current percentage: -45.31% - Max: 30.94% - Min: -45.31% - Market Cap 7964 - Trading time: 00:01:11
06-09-2025 06:06:52.036 INFO Current price: 0.000000039271 - Current percentage: -44.70% - Max: 30.94% - Min: -45.31% - Market Cap 8052 - Trading time: 00:01:12
06-09-2025 06:06:53.054 INFO Current price: 0.000000037987 - Current percentage: -48.83% - Max: 30.94% - Min: -48.83% - Market Cap 7452 - Trading time: 00:01:13
06-09-2025 06:06:53.750 INFO Current price: 0.000000034974 - Current percentage: -53.13% - Max: 30.94% - Min: -53.13% - Market Cap 6826 - Trading time: 00:01:13
06-09-2025 06:06:54.003 INFO Current price: 0.000000033446 - Current percentage: -53.20% - Max: 30.94% - Min: -53.20% - Market Cap 6815 - Trading time: 00:01:14
06-09-2025 06:06:54.474 INFO Current price: 0.000000033327 - Current percentage: -53.46% - Max: 30.94% - Min: -53.46% - Market Cap 6777 - Trading time: 00:01:14
06-09-2025 06:06:55.145 INFO Current price: 0.000000033033 - Current percentage: -54.02% - Max: 30.94% - Min: -54.02% - Market Cap 6695 - Trading time: 00:01:15
06-09-2025 06:06:55.674 INFO Current price: 0.000000032815 - Current percentage: -54.07% - Max: 30.94% - Min: -54.07% - Market Cap 6688 - Trading time: 00:01:15
06-09-2025 06:06:55.717 INFO Current price: 0.000000032711 - Current percentage: -54.32% - Max: 30.94% - Min: -54.32% - Market Cap 6652 - Trading time: 00:01:15
06-09-2025 06:06:55.870 INFO Current price: 0.000000031574 - Current percentage: -57.21% - Max: 30.94% - Min: -57.21% - Market Cap 6232 - Trading time: 00:01:15
06-09-2025 06:06:56.468 INFO Current price: 0.000000030472 - Current percentage: -57.45% - Max: 30.94% - Min: -57.45% - Market Cap 6196 - Trading time: 00:01:16
06-09-2025 06:06:58.402 INFO Current price: 0.000000030359 - Current percentage: -57.52% - Max: 30.94% - Min: -57.52% - Market Cap 6186 - Trading time: 00:01:18
06-09-2025 06:06:59.691 INFO Current price: 0.000000030525 - Current percentage: -56.99% - Max: 30.94% - Min: -57.52% - Market Cap 6264 - Trading time: 00:01:19
06-09-2025 06:07:00.227 INFO Current price: 0.000000030711 - Current percentage: -57.00% - Max: 30.94% - Min: -57.52% - Market Cap 6262 - Trading time: 00:01:20
06-09-2025 06:07:01.109 INFO Current price: 0.000000030589 - Current percentage: -57.33% - Max: 30.94% - Min: -57.52% - Market Cap 6214 - Trading time: 00:01:21
06-09-2025 06:07:01.386 INFO Current price: 0.000000030427 - Current percentage: -57.45% - Max: 30.94% - Min: -57.52% - Market Cap 6196 - Trading time: 00:01:21
06-09-2025 06:07:05.344 INFO Current price: 0.000000030378 - Current percentage: -57.47% - Max: 30.94% - Min: -57.52% - Market Cap 6194 - Trading time: 00:01:25
06-09-2025 06:07:07.511 INFO Current price: 0.000000030283 - Current percentage: -57.72% - Max: 30.94% - Min: -57.72% - Market Cap 6157 - Trading time: 00:01:27
06-09-2025 06:07:13.184 INFO Current price: 0.000000030144 - Current percentage: -57.86% - Max: 30.94% - Min: -57.86% - Market Cap 6137 - Trading time: 00:01:33
06-09-2025 06:07:15.005 INFO Current price: 0.000000029596 - Current percentage: -59.24% - Max: 30.94% - Min: -59.24% - Market Cap 5935 - Trading time: 00:01:35
06-09-2025 06:07:18.145 INFO Current price: 0.000000029103 - Current percentage: -59.25% - Max: 30.94% - Min: -59.25% - Market Cap 5934 - Trading time: 00:01:38
06-09-2025 06:07:19.195 INFO Current price: 0.000000029096 - Current percentage: -59.26% - Max: 30.94% - Min: -59.26% - Market Cap 5932 - Trading time: 00:01:39
06-09-2025 06:07:19.642 INFO Current price: 0.000000028794 - Current percentage: -60.09% - Max: 30.94% - Min: -60.09% - Market Cap 5812 - Trading time: 00:01:39
06-09-2025 06:07:20.176 INFO Current price: 0.000000028486 - Current percentage: -60.13% - Max: 30.94% - Min: -60.13% - Market Cap 5806 - Trading time: 00:01:40
06-09-2025 06:07:21.582 INFO Current price: 0.000000028468 - Current percentage: -60.14% - Max: 30.94% - Min: -60.14% - Market Cap 5805 - Trading time: 00:01:41
06-09-2025 06:07:34.458 INFO Current price: 0.000000028456 - Current percentage: -60.16% - Max: 30.94% - Min: -60.16% - Market Cap 5801 - Trading time: 00:01:54
06-09-2025 06:07:36.196 INFO Current price: 0.000000028406 - Current percentage: -60.28% - Max: 30.94% - Min: -60.28% - Market Cap 5784 - Trading time: 00:01:56
06-09-2025 06:07:50.176 INFO Current price: 0.000000028354 - Current percentage: -60.31% - Max: 30.94% - Min: -60.31% - Market Cap 5780 - Trading time: 00:02:10
06-09-2025 06:08:41.160 INFO Current price: 0.000000028341 - Current percentage: -60.32% - Max: 30.94% - Min: -60.32% - Market Cap 5779 - Trading time: 00:03:01
06-09-2025 06:08:52.385 INFO Current price: 0.000000028336 - Current percentage: -60.32% - Max: 30.94% - Min: -60.32% - Market Cap 5778 - Trading time: 00:03:12
06-09-2025 06:09:09.016 INFO Current price: 0.000000028516 - Current percentage: -59.81% - Max: 30.94% - Min: -60.32% - Market Cap 5853 - Trading time: 00:03:29
06-09-2025 06:09:16.490 INFO Current price: 0.000000028516 - Current percentage: -60.32% - Max: 30.94% - Min: -60.32% - Market Cap 5778 - Trading time: 00:03:36
06-09-2025 06:09:28.316 INFO Current price: 0.000000028330 - Current percentage: -60.33% - Max: 30.94% - Min: -60.33% - Market Cap 5776 - Trading time: 00:03:48






06-09-2025 06:10:39.917 INFO {"type":"summary","reason":"max_window","startedAt":"2025-09-06T04:05:39.917Z","endedAt":"2025-09-06T04:10:39.917Z","durationSec":300,"entryPrice":7.698096608387582e-8,"entryMarketCapSol":71.38960672679595,"entryMarketCapUsd":14562.051980131837,"minPct":-60.33288503724942,"maxPct":30.93711031338946,"buyCount":101,"sellCount":104,"tradeCount":205,"entryRecorded":true,"noPostThresholdTrades":false,"triggerAt":"2025-09-06T04:05:39.917Z","ageAtTriggerSec":11,"preTotalTrades":32,"preBuys":25,"preSells":7,"preUniqueTraders":24,"preEntryTotalTrades":39,"preEntryBuys":28,"preEntrySells":11,"preEntryUniqueTraders":26,"preEntryMinMcUsd":7982.79771775187,"preEntryMaxMcUsd":17141.38224825783,"thresholdMcSol":71.38960672679595,"thresholdMcUsd":14562.051980131837,"thresholdPrice":7.698096608387582e-8}
