06-09-2025 15:30:56.207 INFO Entry price: 0.000000042658596723 - Entry market cap: 8095 - Buys 11 - Sells 2 - Ratio: 1:0.18 - Min MarketCap: 6922 - Max MarketCap: 9228
06-09-2025 15:30:56.207 INFO Current price: 0.000000042659 - Current percentage: 0.00% - Max: 0.00% - Min: 0.00% - Market Cap 8095 - Trading time: 00:00:02
06-09-2025 15:31:04.233 INFO Current price: 0.000000034853 - Current percentage: -15.77% - Max: 0.00% - Min: -15.77% - Market Cap 6819 - Trading time: 00:00:10
06-09-2025 15:31:04.290 INFO Current price: 0.000000032443 - Current percentage: -21.72% - Max: 0.00% - Min: -21.72% - Market Cap 6337 - Trading time: 00:00:10
06-09-2025 15:31:04.622 INFO Current price: 0.000000030720 - Current percentage: -23.35% - Max: 0.00% - Min: -23.35% - Market Cap 6205 - Trading time: 00:00:10
06-09-2025 15:31:05.504 INFO Current price: 0.000000031679 - Current percentage: -18.80% - Max: 0.00% - Min: -23.35% - Market Cap 6573 - Trading time: 00:00:11
06-09-2025 15:31:05.604 INFO Current price: 0.000000033392 - Current percentage: -14.84% - Max: 0.00% - Min: -23.35% - Market Cap 6894 - Trading time: 00:00:11
06-09-2025 15:31:14.345 INFO Current price: 0.000000034863 - Current percentage: -11.49% - Max: 0.00% - Min: -23.35% - Market Cap 7165 - Trading time: 00:00:20
06-09-2025 15:31:20.265 INFO Current price: 0.000000035151 - Current percentage: -12.55% - Max: 0.00% - Min: -23.35% - Market Cap 7079 - Trading time: 00:00:26
06-09-2025 15:31:20.265 INFO Current price: 0.000000034704 - Current percentage: -13.73% - Max: 0.00% - Min: -23.35% - Market Cap 6984 - Trading time: 00:00:26
06-09-2025 15:31:23.806 INFO Current price: 0.000000034263 - Current percentage: -14.76% - Max: 0.00% - Min: -23.35% - Market Cap 6900 - Trading time: 00:00:29
06-09-2025 15:31:32.572 INFO Current price: 0.000000034721 - Current percentage: -12.29% - Max: 0.00% - Min: -23.35% - Market Cap 7100 - Trading time: 00:00:38
06-09-2025 15:31:32.575 INFO Current price: 0.000000035744 - Current percentage: -9.66% - Max: 0.00% - Min: -23.35% - Market Cap 7313 - Trading time: 00:00:38
06-09-2025 15:31:32.703 INFO Current price: 0.000000037114 - Current percentage: -5.44% - Max: 0.00% - Min: -23.35% - Market Cap 7655 - Trading time: 00:00:38
06-09-2025 15:31:32.721 INFO Current price: 0.000000038596 - Current percentage: -2.31% - Max: 0.00% - Min: -23.35% - Market Cap 7908 - Trading time: 00:00:38
06-09-2025 15:31:38.106 INFO Current price: 0.000000039239 - Current percentage: -2.26% - Max: 0.00% - Min: -23.35% - Market Cap 7913 - Trading time: 00:00:43
06-09-2025 15:31:38.811 INFO Current price: 0.000000039261 - Current percentage: -2.20% - Max: 0.00% - Min: -23.35% - Market Cap 7917 - Trading time: 00:00:44
06-09-2025 15:31:48.635 INFO Current price: 0.000000038252 - Current percentage: -6.28% - Max: 0.00% - Min: -23.35% - Market Cap 7587 - Trading time: 00:00:54
06-09-2025 15:31:48.686 INFO Current price: 0.000000036761 - Current percentage: -9.68% - Max: 0.00% - Min: -23.35% - Market Cap 7312 - Trading time: 00:00:54
06-09-2025 15:31:54.525 INFO Current price: 0.000000035392 - Current percentage: -13.13% - Max: 0.00% - Min: -23.35% - Market Cap 7033 - Trading time: 00:01:00
06-09-2025 15:31:59.914 INFO Current price: 0.000000035628 - Current percentage: -9.38% - Max: 0.00% - Min: -23.35% - Market Cap 7336 - Trading time: 00:01:05
06-09-2025 15:32:00.010 INFO Current price: 0.000000037428 - Current percentage: -4.13% - Max: 0.00% - Min: -23.35% - Market Cap 7761 - Trading time: 00:01:05
06-09-2025 15:32:01.933 INFO Current price: 0.000000038508 - Current percentage: -4.08% - Max: 0.00% - Min: -23.35% - Market Cap 7765 - Trading time: 00:01:07
06-09-2025 15:32:03.936 INFO Current price: 0.000000039589 - Current percentage: 1.33% - Max: 1.33% - Min: -23.35% - Market Cap 8203 - Trading time: 00:01:09
06-09-2025 15:32:08.633 INFO Current price: 0.000000040700 - Current percentage: 1.38% - Max: 1.38% - Min: -23.35% - Market Cap 8207 - Trading time: 00:01:14
06-09-2025 15:32:35.377 INFO Current price: 0.000000039192 - Current percentage: -5.09% - Max: 1.38% - Min: -23.35% - Market Cap 7683 - Trading time: 00:01:41
06-09-2025 15:32:35.379 INFO Current price: 0.000000037361 - Current percentage: -7.87% - Max: 1.38% - Min: -23.35% - Market Cap 7458 - Trading time: 00:01:41
06-09-2025 15:32:35.379 INFO Current price: 0.000000036026 - Current percentage: -11.75% - Max: 1.38% - Min: -23.35% - Market Cap 7144 - Trading time: 00:01:41
06-09-2025 15:32:35.383 INFO Current price: 0.000000034748 - Current percentage: -14.29% - Max: 1.38% - Min: -23.35% - Market Cap 6939 - Trading time: 00:01:41
06-09-2025 15:32:35.387 INFO Current price: 0.000000033635 - Current percentage: -17.32% - Max: 1.38% - Min: -23.35% - Market Cap 6694 - Trading time: 00:01:41
06-09-2025 15:32:38.715 INFO Current price: 0.000000029970 - Current percentage: -26.86% - Max: 1.38% - Min: -26.86% - Market Cap 5921 - Trading time: 00:01:44
06-09-2025 15:32:44.382 INFO Current price: 0.000000028548 - Current percentage: -30.20% - Max: 1.38% - Min: -30.20% - Market Cap 5651 - Trading time: 00:01:50






06-09-2025 15:42:44.384 INFO {"type":"summary","reason":"inactivity","startedAt":"2025-09-06T13:30:54.206Z","endedAt":"2025-09-06T13:42:44.384Z","durationSec":710,"entryPrice":4.2658596723173234e-8,"entryMarketCapSol":40.05225837483091,"entryMarketCapUsd":8095.362462720825,"minPct":-30.19704691730181,"maxPct":1.382541426892286,"buyCount":14,"sellCount":18,"tradeCount":32,"entryRecorded":true,"noPostThresholdTrades":false,"triggerAt":"2025-09-06T13:30:54.206Z","ageAtTriggerSec":5,"preTotalTrades":11,"preBuys":11,"preSells":0,"preUniqueTraders":11,"preEntryTotalTrades":13,"preEntryBuys":11,"preEntrySells":2,"preEntryUniqueTraders":12,"preEntryMinMcUsd":6922.083919865468,"preEntryMaxMcUsd":9228.352596199462,"thresholdMcSol":40.05225837483091,"thresholdMcUsd":8095.362462720825,"thresholdPrice":4.2658596723173234e-8}
