06-09-2025 04:10:06.874 INFO Entry price: 0.000000040847140306 - Entry market cap: 7481 - Buys 6 - Sells 3 - Ratio: 1:0.50 - Min MarketCap: 6984 - Max MarketCap: 9443
06-09-2025 04:10:06.874 INFO Current price: 0.000000040847 - Current percentage: 0.00% - Max: 0.00% - Min: 0.00% - Market Cap 7481 - Trading time: 00:00:02
06-09-2025 04:10:10.058 INFO Current price: 0.000000033015 - Current percentage: -18.63% - Max: 0.00% - Min: -18.63% - Market Cap 6088 - Trading time: 00:00:05
06-09-2025 04:10:11.695 INFO Current price: 0.000000030809 - Current percentage: -12.91% - Max: 0.00% - Min: -18.63% - Market Cap 6515 - Trading time: 00:00:06
06-09-2025 04:10:11.695 INFO Current price: 0.000000032778 - Current percentage: -7.89% - Max: 0.00% - Min: -18.63% - Market Cap 6891 - Trading time: 00:00:06
06-09-2025 04:10:11.699 INFO Current price: 0.000000034687 - Current percentage: -2.48% - Max: 0.00% - Min: -18.63% - Market Cap 7296 - Trading time: 00:00:06
06-09-2025 04:10:11.752 INFO Current price: 0.000000036521 - Current percentage: 2.11% - Max: 2.11% - Min: -18.63% - Market Cap 7639 - Trading time: 00:00:06
06-09-2025 04:10:11.756 INFO Current price: 0.000000037881 - Current percentage: 4.92% - Max: 4.92% - Min: -18.63% - Market Cap 7850 - Trading time: 00:00:06
06-09-2025 04:10:11.798 INFO Current price: 0.000000039262 - Current percentage: 9.69% - Max: 9.69% - Min: -18.63% - Market Cap 8206 - Trading time: 00:00:06
06-09-2025 04:10:12.114 INFO Current price: 0.000000040188 - Current percentage: 9.93% - Max: 9.93% - Min: -18.63% - Market Cap 8224 - Trading time: 00:00:07
06-09-2025 04:10:12.124 INFO Current price: 0.000000040287 - Current percentage: 10.23% - Max: 10.23% - Min: -18.63% - Market Cap 8247 - Trading time: 00:00:07
06-09-2025 04:10:12.276 INFO Current price: 0.000000040354 - Current percentage: 10.29% - Max: 10.29% - Min: -18.63% - Market Cap 8251 - Trading time: 00:00:07
06-09-2025 04:10:16.003 INFO Current price: 0.000000041187 - Current percentage: 14.83% - Max: 14.83% - Min: -18.63% - Market Cap 8591 - Trading time: 00:00:11
06-09-2025 04:10:17.023 INFO Current price: 0.000000044259 - Current percentage: 27.36% - Max: 27.36% - Min: -18.63% - Market Cap 9528 - Trading time: 00:00:12
06-09-2025 04:10:18.677 INFO Current price: 0.000000046853 - Current percentage: 28.68% - Max: 28.68% - Min: -18.63% - Market Cap 9627 - Trading time: 00:00:13
06-09-2025 04:10:19.513 INFO Current price: 0.000000049460 - Current percentage: 41.93% - Max: 41.93% - Min: -18.63% - Market Cap 10618 - Trading time: 00:00:14
06-09-2025 04:10:19.540 INFO Current price: 0.000000052509 - Current percentage: 45.03% - Max: 45.03% - Min: -18.63% - Market Cap 10850 - Trading time: 00:00:14
06-09-2025 04:10:25.050 INFO Current price: 0.000000050515 - Current percentage: 31.35% - Max: 45.03% - Min: -18.63% - Market Cap 9827 - Trading time: 00:00:20
06-09-2025 04:10:26.469 INFO Current price: 0.000000049269 - Current percentage: 37.97% - Max: 45.03% - Min: -18.63% - Market Cap 10322 - Trading time: 00:00:21
06-09-2025 04:10:28.021 INFO Current price: 0.000000050800 - Current percentage: 39.64% - Max: 45.03% - Min: -18.63% - Market Cap 10447 - Trading time: 00:00:23
06-09-2025 04:10:31.497 INFO Current price: 0.000000049711 - Current percentage: 32.12% - Max: 45.03% - Min: -18.63% - Market Cap 9884 - Trading time: 00:00:26
06-09-2025 04:10:49.898 INFO Current price: 0.000000047236 - Current percentage: 26.09% - Max: 45.03% - Min: -18.63% - Market Cap 9433 - Trading time: 00:00:45
06-09-2025 04:10:50.872 INFO Current price: 0.000000046079 - Current percentage: 25.72% - Max: 45.03% - Min: -18.63% - Market Cap 9406 - Trading time: 00:00:45
06-09-2025 04:10:51.062 INFO Current price: 0.000000045947 - Current percentage: 25.36% - Max: 45.03% - Min: -18.63% - Market Cap 9379 - Trading time: 00:00:46
06-09-2025 04:10:53.660 INFO Current price: 0.000000045648 - Current percentage: 24.09% - Max: 45.03% - Min: -18.63% - Market Cap 9284 - Trading time: 00:00:48
06-09-2025 04:10:55.831 INFO Current price: 0.000000045475 - Current percentage: 24.41% - Max: 45.03% - Min: -18.63% - Market Cap 9308 - Trading time: 00:00:50
06-09-2025 04:10:58.244 INFO Current price: 0.000000043593 - Current percentage: 14.04% - Max: 45.03% - Min: -18.63% - Market Cap 8532 - Trading time: 00:00:53
06-09-2025 04:10:58.247 INFO Current price: 0.000000040508 - Current percentage: 7.43% - Max: 45.03% - Min: -18.63% - Market Cap 8037 - Trading time: 00:00:53
06-09-2025 04:10:58.364 INFO Current price: 0.000000038461 - Current percentage: 2.80% - Max: 45.03% - Min: -18.63% - Market Cap 7691 - Trading time: 00:00:53
06-09-2025 04:10:58.368 INFO Current price: 0.000000037122 - Current percentage: 0.08% - Max: 45.03% - Min: -18.63% - Market Cap 7487 - Trading time: 00:00:53
06-09-2025 04:10:58.686 INFO Current price: 0.000000036533 - Current percentage: -0.43% - Max: 45.03% - Min: -18.63% - Market Cap 7449 - Trading time: 00:00:53
06-09-2025 04:10:58.823 INFO Current price: 0.000000035762 - Current percentage: -4.10% - Max: 45.03% - Min: -18.63% - Market Cap 7175 - Trading time: 00:00:53
06-09-2025 04:10:59.182 INFO Current price: 0.000000035088 - Current percentage: -4.15% - Max: 45.03% - Min: -18.63% - Market Cap 7171 - Trading time: 00:00:54
06-09-2025 04:11:02.367 INFO Current price: 0.000000035422 - Current percentage: -2.27% - Max: 45.03% - Min: -18.63% - Market Cap 7312 - Trading time: 00:00:57
06-09-2025 04:11:02.371 INFO Current price: 0.000000036109 - Current percentage: -0.40% - Max: 45.03% - Min: -18.63% - Market Cap 7451 - Trading time: 00:00:57
06-09-2025 04:11:02.374 INFO Current price: 0.000000036799 - Current percentage: 1.51% - Max: 45.03% - Min: -18.63% - Market Cap 7594 - Trading time: 00:00:57
06-09-2025 04:11:02.563 INFO Current price: 0.000000037999 - Current percentage: 6.20% - Max: 45.03% - Min: -18.63% - Market Cap 7945 - Trading time: 00:00:57
06-09-2025 04:11:02.595 INFO Current price: 0.000000039681 - Current percentage: 10.69% - Max: 45.03% - Min: -18.63% - Market Cap 8281 - Trading time: 00:00:57
06-09-2025 04:11:02.599 INFO Current price: 0.000000041043 - Current percentage: 13.62% - Max: 45.03% - Min: -18.63% - Market Cap 8500 - Trading time: 00:00:57
06-09-2025 04:11:04.421 INFO Current price: 0.000000042416 - Current percentage: 18.22% - Max: 45.03% - Min: -18.63% - Market Cap 8844 - Trading time: 00:00:59
06-09-2025 04:11:04.527 INFO Current price: 0.000000043204 - Current percentage: 17.88% - Max: 45.03% - Min: -18.63% - Market Cap 8819 - Trading time: 00:00:59
06-09-2025 04:11:04.529 INFO Current price: 0.000000043093 - Current percentage: 17.61% - Max: 45.03% - Min: -18.63% - Market Cap 8799 - Trading time: 00:00:59
06-09-2025 04:11:09.086 INFO Current price: 0.000000041307 - Current percentage: 8.31% - Max: 45.03% - Min: -18.63% - Market Cap 8103 - Trading time: 00:01:04
06-09-2025 04:11:09.086 INFO Current price: 0.000000037795 - Current percentage: -1.53% - Max: 45.03% - Min: -18.63% - Market Cap 7367 - Trading time: 00:01:04
06-09-2025 04:11:09.089 INFO Current price: 0.000000034690 - Current percentage: -8.76% - Max: 45.03% - Min: -18.63% - Market Cap 6826 - Trading time: 00:01:04
06-09-2025 04:11:09.185 INFO Current price: 0.000000032675 - Current percentage: -12.64% - Max: 45.03% - Min: -18.63% - Market Cap 6536 - Trading time: 00:01:04
06-09-2025 04:11:09.235 INFO Current price: 0.000000031388 - Current percentage: -15.80% - Max: 45.03% - Min: -18.63% - Market Cap 6299 - Trading time: 00:01:04
06-09-2025 04:11:09.238 INFO Current price: 0.000000030201 - Current percentage: -19.13% - Max: 45.03% - Min: -19.13% - Market Cap 6051 - Trading time: 00:01:04
06-09-2025 04:11:09.281 INFO Current price: 0.000000029274 - Current percentage: -20.89% - Max: 45.03% - Min: -20.89% - Market Cap 5919 - Trading time: 00:01:04
06-09-2025 04:11:09.514 INFO Current price: 0.000000028487 - Current percentage: -23.42% - Max: 45.03% - Min: -23.42% - Market Cap 5729 - Trading time: 00:01:04
06-09-2025 04:11:09.602 INFO Current price: 0.000000028483 - Current percentage: -20.91% - Max: 45.03% - Min: -23.42% - Market Cap 5917 - Trading time: 00:01:04
06-09-2025 04:11:11.457 INFO Current price: 0.000000028918 - Current percentage: -21.07% - Max: 45.03% - Min: -23.42% - Market Cap 5905 - Trading time: 00:01:06
06-09-2025 04:11:14.749 INFO Current price: 0.000000028426 - Current percentage: -23.57% - Max: 45.03% - Min: -23.57% - Market Cap 5718 - Trading time: 00:01:09






06-09-2025 04:13:14.749 INFO {"type":"summary","reason":"inactivity","startedAt":"2025-09-06T02:10:04.874Z","endedAt":"2025-09-06T02:13:14.749Z","durationSec":189,"entryPrice":4.0847140305685224e-8,"entryMarketCapSol":36.598593534504836,"entryMarketCapUsd":7481.484490323478,"minPct":-23.57344703872584,"maxPct":45.031030420306344,"buyCount":25,"sellCount":26,"tradeCount":51,"entryRecorded":true,"noPostThresholdTrades":false,"triggerAt":"2025-09-06T02:10:04.874Z","ageAtTriggerSec":11,"preTotalTrades":9,"preBuys":6,"preSells":3,"preUniqueTraders":6,"preEntryTotalTrades":9,"preEntryBuys":6,"preEntrySells":3,"preEntryUniqueTraders":6,"preEntryMinMcUsd":6983.963139203936,"preEntryMaxMcUsd":9443.085323729543,"thresholdMcSol":36.598593534504836,"thresholdMcUsd":7481.484490323478,"thresholdPrice":4.0847140305685224e-8}
