05-09-2025 23:00:26.917 INFO Entry price: 0.000000039366946327 - Entry market cap: 7783 - Buys 31 - Sells 19 - Ratio: 1:0.61 - Min MarketCap: 6553 - Max MarketCap: 9032
05-09-2025 23:00:26.917 INFO Current price: 0.000000039367 - Current percentage: 0.00% - Max: 0.00% - Min: 0.00% - Market Cap 7783 - Trading time: 00:00:02
05-09-2025 23:00:27.296 INFO Current price: 0.000000037463 - Current percentage: -2.02% - Max: 0.00% - Min: -2.02% - Market Cap 7625 - Trading time: 00:00:02
05-09-2025 23:00:27.614 INFO Current price: 0.000000036866 - Current percentage: -3.46% - Max: 0.00% - Min: -3.46% - Market Cap 7514 - Trading time: 00:00:02
05-09-2025 23:00:27.624 INFO Current price: 0.000000036574 - Current percentage: -3.57% - Max: 0.00% - Min: -3.57% - Market Cap 7505 - Trading time: 00:00:02
05-09-2025 23:00:27.813 INFO Current price: 0.000000035814 - Current percentage: -7.43% - Max: 0.00% - Min: -7.43% - Market Cap 7205 - Trading time: 00:00:02
05-09-2025 23:00:34.859 INFO Current price: 0.000000034740 - Current percentage: -9.27% - Max: 0.00% - Min: -9.27% - Market Cap 7062 - Trading time: 00:00:09
05-09-2025 23:00:38.696 INFO Current price: 0.000000035403 - Current percentage: -3.86% - Max: 0.00% - Min: -9.27% - Market Cap 7483 - Trading time: 00:00:13
05-09-2025 23:00:38.699 INFO Current price: 0.000000036548 - Current percentage: -3.31% - Max: 0.00% - Min: -9.27% - Market Cap 7526 - Trading time: 00:00:13
05-09-2025 23:00:40.208 INFO Current price: 0.000000036704 - Current percentage: -3.03% - Max: 0.00% - Min: -9.27% - Market Cap 7547 - Trading time: 00:00:15
05-09-2025 23:00:41.890 INFO Current price: 0.000000036965 - Current percentage: -1.93% - Max: 0.00% - Min: -9.27% - Market Cap 7633 - Trading time: 00:00:16
05-09-2025 23:00:43.271 INFO Current price: 0.000000037196 - Current percentage: -1.82% - Max: 0.00% - Min: -9.27% - Market Cap 7641 - Trading time: 00:00:18
05-09-2025 23:00:49.265 INFO Current price: 0.000000037034 - Current percentage: -2.78% - Max: 0.00% - Min: -9.27% - Market Cap 7567 - Trading time: 00:00:24
05-09-2025 23:00:53.286 INFO Current price: 0.000000036792 - Current percentage: -3.10% - Max: 0.00% - Min: -9.27% - Market Cap 7542 - Trading time: 00:00:28
05-09-2025 23:00:59.180 INFO Current price: 0.000000037775 - Current percentage: 2.49% - Max: 2.49% - Min: -9.27% - Market Cap 7977 - Trading time: 00:00:34
05-09-2025 23:00:59.328 INFO Current price: 0.000000039370 - Current percentage: 5.26% - Max: 5.26% - Min: -9.27% - Market Cap 8192 - Trading time: 00:00:34
05-09-2025 23:01:01.724 INFO Current price: 0.000000039523 - Current percentage: 3.29% - Max: 5.26% - Min: -9.27% - Market Cap 8039 - Trading time: 00:00:36
05-09-2025 23:01:07.665 INFO Current price: 0.000000038066 - Current percentage: -2.37% - Max: 5.26% - Min: -9.27% - Market Cap 7599 - Trading time: 00:00:42
05-09-2025 23:01:07.694 INFO Current price: 0.000000037034 - Current percentage: -2.24% - Max: 5.26% - Min: -9.27% - Market Cap 7609 - Trading time: 00:00:42
05-09-2025 23:01:07.698 INFO Current price: 0.000000035991 - Current percentage: -7.78% - Max: 5.26% - Min: -9.27% - Market Cap 7177 - Trading time: 00:00:42
05-09-2025 23:01:07.779 INFO Current price: 0.000000034858 - Current percentage: -8.30% - Max: 5.26% - Min: -9.27% - Market Cap 7137 - Trading time: 00:00:42
05-09-2025 23:01:07.857 INFO Current price: 0.000000034332 - Current percentage: -10.55% - Max: 5.26% - Min: -10.55% - Market Cap 6962 - Trading time: 00:00:42
05-09-2025 23:01:26.392 INFO Current price: 0.000000033886 - Current percentage: -10.66% - Max: 5.26% - Min: -10.66% - Market Cap 6953 - Trading time: 00:01:01
05-09-2025 23:01:38.615 INFO Current price: 0.000000032815 - Current percentage: -16.11% - Max: 5.26% - Min: -16.11% - Market Cap 6529 - Trading time: 00:01:13
05-09-2025 23:01:38.903 INFO Current price: 0.000000031756 - Current percentage: -16.34% - Max: 5.26% - Min: -16.34% - Market Cap 6511 - Trading time: 00:01:13
05-09-2025 23:01:38.931 INFO Current price: 0.000000031605 - Current percentage: -16.91% - Max: 5.26% - Min: -16.91% - Market Cap 6467 - Trading time: 00:01:14
05-09-2025 23:01:46.290 INFO Current price: 0.000000031332 - Current percentage: -17.77% - Max: 5.26% - Min: -17.77% - Market Cap 6400 - Trading time: 00:01:21
05-09-2025 23:01:46.745 INFO Current price: 0.000000030771 - Current percentage: -19.86% - Max: 5.26% - Min: -19.86% - Market Cap 6237 - Trading time: 00:01:21
05-09-2025 23:01:47.600 INFO Current price: 0.000000029692 - Current percentage: -23.43% - Max: 5.26% - Min: -23.43% - Market Cap 5959 - Trading time: 00:01:22
05-09-2025 23:01:47.603 INFO Current price: 0.000000028544 - Current percentage: -25.94% - Max: 5.26% - Min: -25.94% - Market Cap 5764 - Trading time: 00:01:22
05-09-2025 23:01:47.771 INFO Current price: 0.000000028029 - Current percentage: -26.17% - Max: 5.26% - Min: -26.17% - Market Cap 5746 - Trading time: 00:01:22
05-09-2025 23:02:06.853 INFO Current price: 0.000000027973 - Current percentage: -26.24% - Max: 5.26% - Min: -26.24% - Market Cap 5741 - Trading time: 00:01:41






05-09-2025 23:04:06.854 INFO {"type":"summary","reason":"inactivity","startedAt":"2025-09-05T21:00:24.917Z","endedAt":"2025-09-05T21:04:06.854Z","durationSec":221,"entryPrice":3.9366946327139245e-8,"entryMarketCapSol":37.90597708320824,"entryMarketCapUsd":7782.855214724316,"minPct":-26.241200918307317,"maxPct":5.255030452225884,"buyCount":8,"sellCount":24,"tradeCount":32,"entryRecorded":true,"noPostThresholdTrades":false,"triggerAt":"2025-09-05T21:00:24.917Z","ageAtTriggerSec":28,"preTotalTrades":48,"preBuys":31,"preSells":17,"preUniqueTraders":32,"preEntryTotalTrades":50,"preEntryBuys":31,"preEntrySells":19,"preEntryUniqueTraders":32,"preEntryMinMcUsd":6553.329029350808,"preEntryMaxMcUsd":9032.13212458021,"thresholdMcSol":37.90597708320824,"thresholdMcUsd":7782.855214724316,"thresholdPrice":3.9366946327139245e-8}
