06-09-2025 02:23:36.860 INFO Entry price: 0.000000038879585055 - Entry market cap: 7243 - Buys 24 - Sells 10 - Ratio: 1:0.42 - Min MarketCap: 6674 - Max MarketCap: 9152
06-09-2025 02:23:36.860 INFO Current price: 0.000000038880 - Current percentage: 0.00% - Max: 0.00% - Min: 0.00% - Market Cap 7243 - Trading time: 00:00:02
06-09-2025 02:23:36.941 INFO Current price: 0.000000036263 - Current percentage: 2.46% - Max: 2.46% - Min: 0.00% - Market Cap 7421 - Trading time: 00:00:02
06-09-2025 02:23:37.397 INFO Current price: 0.000000036471 - Current percentage: 2.75% - Max: 2.75% - Min: 0.00% - Market Cap 7442 - Trading time: 00:00:02
06-09-2025 02:23:37.400 INFO Current price: 0.000000036940 - Current percentage: 5.11% - Max: 5.11% - Min: 0.00% - Market Cap 7613 - Trading time: 00:00:02
06-09-2025 02:23:39.807 INFO Current price: 0.000000036940 - Current percentage: 2.75% - Max: 5.11% - Min: 0.00% - Market Cap 7442 - Trading time: 00:00:04
06-09-2025 02:23:41.125 INFO Current price: 0.000000037431 - Current percentage: 7.92% - Max: 7.92% - Min: 0.00% - Market Cap 7817 - Trading time: 00:00:06
06-09-2025 02:23:41.129 INFO Current price: 0.000000039139 - Current percentage: 12.34% - Max: 12.34% - Min: 0.00% - Market Cap 8137 - Trading time: 00:00:06
06-09-2025 02:23:42.378 INFO Current price: 0.000000039753 - Current percentage: 11.33% - Max: 12.34% - Min: 0.00% - Market Cap 8064 - Trading time: 00:00:07
06-09-2025 02:23:45.104 INFO Current price: 0.000000039577 - Current percentage: 11.35% - Max: 12.34% - Min: 0.00% - Market Cap 8065 - Trading time: 00:00:10
06-09-2025 02:23:45.135 INFO Current price: 0.000000039520 - Current percentage: 11.02% - Max: 12.34% - Min: 0.00% - Market Cap 8041 - Trading time: 00:00:10
06-09-2025 02:23:47.458 INFO Current price: 0.000000039366 - Current percentage: 10.48% - Max: 12.34% - Min: 0.00% - Market Cap 8002 - Trading time: 00:00:12
06-09-2025 02:23:55.712 INFO Current price: 0.000000039419 - Current percentage: 11.31% - Max: 12.34% - Min: 0.00% - Market Cap 8063 - Trading time: 00:00:20
06-09-2025 02:23:55.712 INFO Current price: 0.000000039744 - Current percentage: 12.31% - Max: 12.34% - Min: 0.00% - Market Cap 8135 - Trading time: 00:00:20
06-09-2025 02:23:56.284 INFO Current price: 0.000000040086 - Current percentage: 13.24% - Max: 13.24% - Min: 0.00% - Market Cap 8202 - Trading time: 00:00:21
06-09-2025 02:23:56.290 INFO Current price: 0.000000040414 - Current percentage: 14.15% - Max: 14.15% - Min: 0.00% - Market Cap 8268 - Trading time: 00:00:21
06-09-2025 02:24:04.812 INFO Current price: 0.000000040368 - Current percentage: 12.98% - Max: 14.15% - Min: 0.00% - Market Cap 8183 - Trading time: 00:00:29
06-09-2025 02:24:05.759 INFO Current price: 0.000000039034 - Current percentage: 6.74% - Max: 14.15% - Min: 0.00% - Market Cap 7731 - Trading time: 00:00:30
06-09-2025 02:24:05.759 INFO Current price: 0.000000036750 - Current percentage: 0.14% - Max: 14.15% - Min: 0.00% - Market Cap 7253 - Trading time: 00:00:30
06-09-2025 02:24:05.759 INFO Current price: 0.000000035493 - Current percentage: -0.44% - Max: 14.15% - Min: -0.44% - Market Cap 7212 - Trading time: 00:00:30
06-09-2025 02:24:11.390 INFO Current price: 0.000000035393 - Current percentage: -0.42% - Max: 14.15% - Min: -0.44% - Market Cap 7212 - Trading time: 00:00:36
06-09-2025 02:24:16.484 INFO Current price: 0.000000035294 - Current percentage: -0.99% - Max: 14.15% - Min: -0.99% - Market Cap 7171 - Trading time: 00:00:41
06-09-2025 02:24:33.891 INFO Current price: 0.000000035189 - Current percentage: -1.01% - Max: 14.15% - Min: -1.01% - Market Cap 7170 - Trading time: 00:00:59
06-09-2025 02:24:34.001 INFO Current price: 0.000000035388 - Current percentage: 0.13% - Max: 14.15% - Min: -1.01% - Market Cap 7253 - Trading time: 00:00:59
06-09-2025 02:24:36.405 INFO Current price: 0.000000037036 - Current percentage: 8.42% - Max: 14.15% - Min: -1.01% - Market Cap 7853 - Trading time: 00:01:01
06-09-2025 02:24:48.724 INFO Current price: 0.000000039608 - Current percentage: 14.52% - Max: 14.52% - Min: -1.01% - Market Cap 8295 - Trading time: 00:01:13
06-09-2025 02:25:29.531 INFO Current price: 0.000000040719 - Current percentage: 14.58% - Max: 14.58% - Min: -1.01% - Market Cap 8299 - Trading time: 00:01:54
06-09-2025 02:25:36.952 INFO Current price: 0.000000039099 - Current percentage: 5.59% - Max: 14.58% - Min: -1.01% - Market Cap 7648 - Trading time: 00:02:02
06-09-2025 02:25:56.400 INFO Current price: 0.000000038216 - Current percentage: 9.46% - Max: 14.58% - Min: -1.01% - Market Cap 7929 - Trading time: 00:02:21
06-09-2025 02:25:56.407 INFO Current price: 0.000000039721 - Current percentage: 14.07% - Max: 14.58% - Min: -1.01% - Market Cap 8263 - Trading time: 00:02:21
06-09-2025 02:26:12.907 INFO Current price: 0.000000042085 - Current percentage: 22.98% - Max: 22.98% - Min: -1.01% - Market Cap 8908 - Trading time: 00:02:38
06-09-2025 02:26:19.815 INFO Current price: 0.000000044819 - Current percentage: 29.48% - Max: 29.48% - Min: -1.01% - Market Cap 9378 - Trading time: 00:02:44
06-09-2025 02:26:24.672 INFO Current price: 0.000000046585 - Current percentage: 32.86% - Max: 32.86% - Min: -1.01% - Market Cap 9623 - Trading time: 00:02:49
06-09-2025 02:26:39.766 INFO Current price: 0.000000047308 - Current percentage: 33.53% - Max: 33.53% - Min: -1.01% - Market Cap 9672 - Trading time: 00:03:04
06-09-2025 02:27:10.551 INFO Current price: 0.000000047486 - Current percentage: 33.86% - Max: 33.86% - Min: -1.01% - Market Cap 9696 - Trading time: 00:03:35
06-09-2025 02:27:12.394 INFO Current price: 0.000000046934 - Current percentage: 30.44% - Max: 33.86% - Min: -1.01% - Market Cap 9448 - Trading time: 00:03:37
06-09-2025 02:27:14.266 INFO Current price: 0.000000046335 - Current percentage: 30.47% - Max: 33.86% - Min: -1.01% - Market Cap 9450 - Trading time: 00:03:39
06-09-2025 02:27:15.203 INFO Current price: 0.000000048686 - Current percentage: 44.01% - Max: 44.01% - Min: -1.01% - Market Cap 10431 - Trading time: 00:03:40
06-09-2025 02:27:28.645 INFO Current price: 0.000000050975 - Current percentage: 43.02% - Max: 44.01% - Min: -1.01% - Market Cap 10359 - Trading time: 00:03:53
06-09-2025 02:27:29.471 INFO Current price: 0.000000050922 - Current percentage: 43.72% - Max: 44.01% - Min: -1.01% - Market Cap 10410 - Trading time: 00:03:54
06-09-2025 02:27:30.965 INFO Current price: 0.000000051048 - Current percentage: 43.73% - Max: 44.01% - Min: -1.01% - Market Cap 10411 - Trading time: 00:03:56
06-09-2025 02:27:44.685 INFO Current price: 0.000000052776 - Current percentage: 53.61% - Max: 53.61% - Min: -1.01% - Market Cap 11126 - Trading time: 00:04:09
06-09-2025 02:27:55.722 INFO Current price: 0.000000055831 - Current percentage: 60.86% - Max: 60.86% - Min: -1.01% - Market Cap 11651 - Trading time: 00:04:20
06-09-2025 02:28:03.220 INFO Current price: 0.000000057146 - Current percentage: 60.93% - Max: 60.93% - Min: -1.01% - Market Cap 11657 - Trading time: 00:04:28
06-09-2025 02:28:15.110 INFO Current price: 0.000000057686 - Current percentage: 63.91% - Max: 63.91% - Min: -1.01% - Market Cap 11872 - Trading time: 00:04:40
06-09-2025 02:28:15.348 INFO Current price: 0.000000058245 - Current percentage: 64.06% - Max: 64.06% - Min: -1.01% - Market Cap 11884 - Trading time: 00:04:40
06-09-2025 02:28:17.427 INFO Current price: 0.000000060425 - Current percentage: 76.41% - Max: 76.41% - Min: -1.01% - Market Cap 12778 - Trading time: 00:04:42
06-09-2025 02:28:17.759 INFO Current price: 0.000000062712 - Current percentage: 76.72% - Max: 76.72% - Min: -1.01% - Market Cap 12800 - Trading time: 00:04:42
06-09-2025 02:28:17.820 INFO Current price: 0.000000062836 - Current percentage: 77.11% - Max: 77.11% - Min: -1.01% - Market Cap 12828 - Trading time: 00:04:42
06-09-2025 02:28:17.846 INFO Current price: 0.000000062920 - Current percentage: 77.19% - Max: 77.19% - Min: -1.01% - Market Cap 12834 - Trading time: 00:04:42
06-09-2025 02:28:18.072 INFO Current price: 0.000000064301 - Current percentage: 84.97% - Max: 84.97% - Min: -1.01% - Market Cap 13398 - Trading time: 00:04:43
06-09-2025 02:28:20.299 INFO Current price: 0.000000066397 - Current percentage: 88.93% - Max: 88.93% - Min: -1.01% - Market Cap 13684 - Trading time: 00:04:45
06-09-2025 02:28:21.425 INFO Current price: 0.000000067685 - Current percentage: 92.22% - Max: 92.22% - Min: -1.01% - Market Cap 13923 - Trading time: 00:04:46
06-09-2025 02:28:30.009 INFO Current price: 0.000000066575 - Current percentage: 82.78% - Max: 92.22% - Min: -1.01% - Market Cap 13239 - Trading time: 00:04:55
06-09-2025 02:28:30.316 INFO Current price: 0.000000062671 - Current percentage: 70.34% - Max: 92.22% - Min: -1.01% - Market Cap 12338 - Trading time: 00:04:55
06-09-2025 02:28:30.376 INFO Current price: 0.000000060981 - Current percentage: 73.05% - Max: 92.22% - Min: -1.01% - Market Cap 12534 - Trading time: 00:04:55
06-09-2025 02:28:30.382 INFO Current price: 0.000000059865 - Current percentage: 64.16% - Max: 92.22% - Min: -1.01% - Market Cap 11891 - Trading time: 00:04:55
06-09-2025 02:28:30.952 INFO Current price: 0.000000056885 - Current percentage: 56.25% - Max: 92.22% - Min: -1.01% - Market Cap 11318 - Trading time: 00:04:56
06-09-2025 02:28:30.972 INFO Current price: 0.000000053755 - Current percentage: 46.59% - Max: 92.22% - Min: -1.01% - Market Cap 10618 - Trading time: 00:04:56
06-09-2025 02:28:30.972 INFO Current price: 0.000000049536 - Current percentage: 32.69% - Max: 92.22% - Min: -1.01% - Market Cap 9611 - Trading time: 00:04:56
06-09-2025 02:28:30.980 INFO Current price: 0.000000045695 - Current percentage: 24.74% - Max: 92.22% - Min: -1.01% - Market Cap 9035 - Trading time: 00:04:56
06-09-2025 02:28:31.448 INFO Current price: 0.000000042695 - Current percentage: 15.84% - Max: 92.22% - Min: -1.01% - Market Cap 8391 - Trading time: 00:04:56
06-09-2025 02:28:31.794 INFO Current price: 0.000000041115 - Current percentage: 15.68% - Max: 92.22% - Min: -1.01% - Market Cap 8379 - Trading time: 00:04:56
06-09-2025 02:28:31.800 INFO Current price: 0.000000041049 - Current percentage: 15.47% - Max: 92.22% - Min: -1.01% - Market Cap 8364 - Trading time: 00:04:56
06-09-2025 02:28:31.841 INFO Current price: 0.000000041005 - Current percentage: 15.43% - Max: 92.22% - Min: -1.01% - Market Cap 8361 - Trading time: 00:04:56
06-09-2025 02:28:31.957 INFO Current price: 0.000000040248 - Current percentage: 11.24% - Max: 92.22% - Min: -1.01% - Market Cap 8058 - Trading time: 00:04:57
06-09-2025 02:28:31.959 INFO Current price: 0.000000038579 - Current percentage: 6.06% - Max: 92.22% - Min: -1.01% - Market Cap 7682 - Trading time: 00:04:57
06-09-2025 02:28:31.994 INFO Current price: 0.000000036388 - Current percentage: -1.03% - Max: 92.22% - Min: -1.03% - Market Cap 7168 - Trading time: 00:04:57
06-09-2025 02:28:33.964 INFO Current price: 0.000000034934 - Current percentage: -2.25% - Max: 92.22% - Min: -2.25% - Market Cap 7080 - Trading time: 00:04:59
06-09-2025 02:28:34.732 INFO Current price: 0.000000035733 - Current percentage: 3.55% - Max: 92.22% - Min: -2.25% - Market Cap 7500 - Trading time: 00:04:59






06-09-2025 02:28:34.861 INFO {"type":"summary","reason":"max_window","startedAt":"2025-09-06T00:23:34.860Z","endedAt":"2025-09-06T00:28:34.861Z","durationSec":300,"entryPrice":3.8879585054588876e-8,"entryMarketCapSol":35.5458611998104,"entryMarketCapUsd":7243.180136685366,"minPct":-2.2537709441940685,"maxPct":92.22086802026674,"buyCount":43,"sellCount":29,"tradeCount":72,"entryRecorded":true,"noPostThresholdTrades":false,"triggerAt":"2025-09-06T00:23:34.860Z","ageAtTriggerSec":30,"preTotalTrades":30,"preBuys":21,"preSells":9,"preUniqueTraders":19,"preEntryTotalTrades":34,"preEntryBuys":24,"preEntrySells":10,"preEntryUniqueTraders":22,"preEntryMinMcUsd":6673.608535735342,"preEntryMaxMcUsd":9151.921635836577,"thresholdMcSol":35.5458611998104,"thresholdMcUsd":7243.180136685366,"thresholdPrice":3.8879585054588876e-8}
