06-09-2025 21:52:04.414 INFO Entry price: 0.000000059408565422 - Entry market cap: 11110 - Buys 42 - Sells 5 - Ratio: 1:0.12 - Min MarketCap: 7802 - Max MarketCap: 13065
06-09-2025 21:52:04.414 INFO Current price: 0.000000059409 - Current percentage: 0.00% - Max: 0.00% - Min: 0.00% - Market Cap 11110 - Trading time: 00:00:01
06-09-2025 21:52:04.414 INFO Current price: 0.000000065605 - Current percentage: 18.38% - Max: 18.38% - Min: 0.00% - Market Cap 13152 - Trading time: 00:00:01
06-09-2025 21:52:04.473 INFO Current price: 0.000000067252 - Current percentage: 23.58% - Max: 23.58% - Min: 0.00% - Market Cap 13730 - Trading time: 00:00:02
06-09-2025 21:52:04.473 INFO Current price: 0.000000068927 - Current percentage: 24.36% - Max: 24.36% - Min: 0.00% - Market Cap 13815 - Trading time: 00:00:02
06-09-2025 21:52:04.615 INFO Current price: 0.000000069181 - Current percentage: 24.50% - Max: 24.50% - Min: 0.00% - Market Cap 13831 - Trading time: 00:00:02
06-09-2025 21:52:04.863 INFO Current price: 0.000000069365 - Current percentage: 25.02% - Max: 25.02% - Min: 0.00% - Market Cap 13889 - Trading time: 00:00:02
06-09-2025 21:52:04.975 INFO Current price: 0.000000068290 - Current percentage: 20.67% - Max: 25.02% - Min: 0.00% - Market Cap 13406 - Trading time: 00:00:02
06-09-2025 21:52:05.059 INFO Current price: 0.000000069915 - Current percentage: 31.04% - Max: 31.04% - Min: 0.00% - Market Cap 14558 - Trading time: 00:00:02
06-09-2025 21:52:05.213 INFO Current price: 0.000000072688 - Current percentage: 30.43% - Max: 31.04% - Min: 0.00% - Market Cap 14490 - Trading time: 00:00:02
06-09-2025 21:52:05.237 INFO Current price: 0.000000072593 - Current percentage: 30.69% - Max: 31.04% - Min: 0.00% - Market Cap 14520 - Trading time: 00:00:02
06-09-2025 21:52:05.295 INFO Current price: 0.000000072661 - Current percentage: 30.68% - Max: 31.04% - Min: 0.00% - Market Cap 14517 - Trading time: 00:00:02
06-09-2025 21:52:05.297 INFO Current price: 0.000000072651 - Current percentage: 30.66% - Max: 31.04% - Min: 0.00% - Market Cap 14515 - Trading time: 00:00:02
06-09-2025 21:52:05.300 INFO Current price: 0.000000072640 - Current percentage: 30.64% - Max: 31.04% - Min: 0.00% - Market Cap 14513 - Trading time: 00:00:02
06-09-2025 21:52:05.386 INFO Current price: 0.000000072634 - Current percentage: 30.64% - Max: 31.04% - Min: 0.00% - Market Cap 14513 - Trading time: 00:00:02
06-09-2025 21:52:05.666 INFO Current price: 0.000000072086 - Current percentage: 28.67% - Max: 31.04% - Min: 0.00% - Market Cap 14295 - Trading time: 00:00:03
06-09-2025 21:52:05.924 INFO Current price: 0.000000071541 - Current percentage: 28.67% - Max: 31.04% - Min: 0.00% - Market Cap 14294 - Trading time: 00:00:03
06-09-2025 21:52:05.928 INFO Current price: 0.000000071536 - Current percentage: 28.65% - Max: 31.04% - Min: 0.00% - Market Cap 14293 - Trading time: 00:00:03
06-09-2025 21:52:05.934 INFO Current price: 0.000000071526 - Current percentage: 28.63% - Max: 31.04% - Min: 0.00% - Market Cap 14291 - Trading time: 00:00:03
06-09-2025 21:52:05.937 INFO Current price: 0.000000071521 - Current percentage: 28.63% - Max: 31.04% - Min: 0.00% - Market Cap 14290 - Trading time: 00:00:03
06-09-2025 21:52:05.937 INFO Current price: 0.000000071520 - Current percentage: 28.63% - Max: 31.04% - Min: 0.00% - Market Cap 14290 - Trading time: 00:00:03
06-09-2025 21:52:05.937 INFO Current price: 0.000000071519 - Current percentage: 28.63% - Max: 31.04% - Min: 0.00% - Market Cap 14290 - Trading time: 00:00:03
06-09-2025 21:52:05.945 INFO Current price: 0.000000071665 - Current percentage: 29.15% - Max: 31.04% - Min: 0.00% - Market Cap 14348 - Trading time: 00:00:03
06-09-2025 21:52:05.945 INFO Current price: 0.000000071884 - Current percentage: 29.42% - Max: 31.04% - Min: 0.00% - Market Cap 14378 - Trading time: 00:00:03
06-09-2025 21:52:05.957 INFO Current price: 0.000000072001 - Current percentage: 29.58% - Max: 31.04% - Min: 0.00% - Market Cap 14395 - Trading time: 00:00:03
06-09-2025 21:52:06.316 INFO Current price: 0.000000072410 - Current percentage: 30.89% - Max: 31.04% - Min: 0.00% - Market Cap 14542 - Trading time: 00:00:03
06-09-2025 21:52:06.366 INFO Current price: 0.000000072857 - Current percentage: 31.18% - Max: 31.18% - Min: 0.00% - Market Cap 14574 - Trading time: 00:00:03
06-09-2025 21:52:06.475 INFO Current price: 0.000000073379 - Current percentage: 32.77% - Max: 32.77% - Min: 0.00% - Market Cap 14751 - Trading time: 00:00:04
06-09-2025 21:52:06.600 INFO Current price: 0.000000074563 - Current percentage: 35.45% - Max: 35.45% - Min: 0.00% - Market Cap 15048 - Trading time: 00:00:04
06-09-2025 21:52:06.703 INFO Current price: 0.000000072425 - Current percentage: 25.27% - Max: 35.45% - Min: 0.00% - Market Cap 13917 - Trading time: 00:00:04
06-09-2025 21:52:06.797 INFO Current price: 0.000000069032 - Current percentage: 23.06% - Max: 35.45% - Min: 0.00% - Market Cap 13671 - Trading time: 00:00:04
06-09-2025 21:52:06.902 INFO Current price: 0.000000068563 - Current percentage: 23.57% - Max: 35.45% - Min: 0.00% - Market Cap 13728 - Trading time: 00:00:04
06-09-2025 21:52:06.970 INFO Current price: 0.000000068763 - Current percentage: 23.78% - Max: 35.45% - Min: 0.00% - Market Cap 13751 - Trading time: 00:00:04
06-09-2025 21:52:07.329 INFO Current price: 0.000000069535 - Current percentage: 26.36% - Max: 35.45% - Min: 0.00% - Market Cap 14038 - Trading time: 00:00:04
06-09-2025 21:52:07.386 INFO Current price: 0.000000070768 - Current percentage: 28.20% - Max: 35.45% - Min: 0.00% - Market Cap 14243 - Trading time: 00:00:04
06-09-2025 21:52:07.386 INFO Current price: 0.000000071719 - Current percentage: 29.78% - Max: 35.45% - Min: 0.00% - Market Cap 14418 - Trading time: 00:00:04
06-09-2025 21:52:07.692 INFO Current price: 0.000000072451 - Current percentage: 30.83% - Max: 35.45% - Min: 0.00% - Market Cap 14535 - Trading time: 00:00:05
06-09-2025 21:52:07.925 INFO Current price: 0.000000072818 - Current percentage: 31.10% - Max: 35.45% - Min: 0.00% - Market Cap 14564 - Trading time: 00:00:05
06-09-2025 21:52:08.240 INFO Current price: 0.000000069948 - Current percentage: 20.72% - Max: 35.45% - Min: 0.00% - Market Cap 13412 - Trading time: 00:00:05
06-09-2025 21:52:08.664 INFO Current price: 0.000000065712 - Current percentage: 15.70% - Max: 35.45% - Min: 0.00% - Market Cap 12854 - Trading time: 00:00:06
06-09-2025 21:52:08.867 INFO Current price: 0.000000064469 - Current percentage: 16.20% - Max: 35.45% - Min: 0.00% - Market Cap 12909 - Trading time: 00:00:06
06-09-2025 21:52:08.943 INFO Current price: 0.000000068763 - Current percentage: 31.63% - Max: 35.45% - Min: 0.00% - Market Cap 14623 - Trading time: 00:00:06
06-09-2025 21:52:09.366 INFO Current price: 0.000000073260 - Current percentage: 31.89% - Max: 35.45% - Min: 0.00% - Market Cap 14653 - Trading time: 00:00:06
06-09-2025 21:52:09.472 INFO Current price: 0.000000073482 - Current percentage: 32.43% - Max: 35.45% - Min: 0.00% - Market Cap 14712 - Trading time: 00:00:07
06-09-2025 21:52:09.962 INFO Current price: 0.000000072961 - Current percentage: 30.03% - Max: 35.45% - Min: 0.00% - Market Cap 14446 - Trading time: 00:00:07
06-09-2025 21:52:10.196 INFO Current price: 0.000000072295 - Current percentage: 30.03% - Max: 35.45% - Min: 0.00% - Market Cap 14446 - Trading time: 00:00:07
06-09-2025 21:52:10.211 INFO Current price: 0.000000072218 - Current percentage: 29.75% - Max: 35.45% - Min: 0.00% - Market Cap 14414 - Trading time: 00:00:07
06-09-2025 21:52:10.216 INFO Current price: 0.000000072146 - Current percentage: 29.77% - Max: 35.45% - Min: 0.00% - Market Cap 14417 - Trading time: 00:00:07
06-09-2025 21:52:10.580 INFO Current price: 0.000000072300 - Current percentage: 30.30% - Max: 35.45% - Min: 0.00% - Market Cap 14476 - Trading time: 00:00:08
06-09-2025 21:52:10.581 INFO Current price: 0.000000072441 - Current percentage: 30.28% - Max: 35.45% - Min: 0.00% - Market Cap 14473 - Trading time: 00:00:08
06-09-2025 21:52:10.581 INFO Current price: 0.000000072431 - Current percentage: 30.26% - Max: 35.45% - Min: 0.00% - Market Cap 14471 - Trading time: 00:00:08
06-09-2025 21:52:10.581 INFO Current price: 0.000000072277 - Current percentage: 29.73% - Max: 35.45% - Min: 0.00% - Market Cap 14412 - Trading time: 00:00:08
06-09-2025 21:52:10.591 INFO Current price: 0.000000071204 - Current percentage: 26.42% - Max: 35.45% - Min: 0.00% - Market Cap 14045 - Trading time: 00:00:08
06-09-2025 21:52:10.654 INFO Current price: 0.000000070298 - Current percentage: 26.45% - Max: 35.45% - Min: 0.00% - Market Cap 14048 - Trading time: 00:00:08
06-09-2025 21:52:10.657 INFO Current price: 0.000000068669 - Current percentage: 20.63% - Max: 35.45% - Min: 0.00% - Market Cap 13401 - Trading time: 00:00:08
06-09-2025 21:52:10.662 INFO Current price: 0.000000067212 - Current percentage: 21.14% - Max: 35.45% - Min: 0.00% - Market Cap 13458 - Trading time: 00:00:08
06-09-2025 21:52:10.789 INFO Current price: 0.000000067353 - Current percentage: 21.14% - Max: 35.45% - Min: 0.00% - Market Cap 13458 - Trading time: 00:00:08
06-09-2025 21:52:10.810 INFO Current price: 0.000000067348 - Current percentage: 21.12% - Max: 35.45% - Min: 0.00% - Market Cap 13456 - Trading time: 00:00:08
06-09-2025 21:52:10.860 INFO Current price: 0.000000067342 - Current percentage: 21.12% - Max: 35.45% - Min: 0.00% - Market Cap 13456 - Trading time: 00:00:08
06-09-2025 21:52:10.865 INFO Current price: 0.000000067341 - Current percentage: 21.12% - Max: 35.45% - Min: 0.00% - Market Cap 13455 - Trading time: 00:00:08
06-09-2025 21:52:10.865 INFO Current price: 0.000000067336 - Current percentage: 21.10% - Max: 35.45% - Min: 0.00% - Market Cap 13454 - Trading time: 00:00:08
06-09-2025 21:52:10.866 INFO Current price: 0.000000067328 - Current percentage: 21.08% - Max: 35.45% - Min: 0.00% - Market Cap 13452 - Trading time: 00:00:08
06-09-2025 21:52:10.870 INFO Current price: 0.000000067323 - Current percentage: 21.08% - Max: 35.45% - Min: 0.00% - Market Cap 13452 - Trading time: 00:00:08
06-09-2025 21:52:11.001 INFO Current price: 0.000000067464 - Current percentage: 21.59% - Max: 35.45% - Min: 0.00% - Market Cap 13508 - Trading time: 00:00:08
06-09-2025 21:52:11.048 INFO Current price: 0.000000067606 - Current percentage: 21.59% - Max: 35.45% - Min: 0.00% - Market Cap 13508 - Trading time: 00:00:08
06-09-2025 21:52:11.257 INFO Current price: 0.000000067648 - Current percentage: 21.74% - Max: 35.45% - Min: 0.00% - Market Cap 13525 - Trading time: 00:00:08
06-09-2025 21:52:11.364 INFO Current price: 0.000000067719 - Current percentage: 21.85% - Max: 35.45% - Min: 0.00% - Market Cap 13537 - Trading time: 00:00:08
06-09-2025 21:52:11.435 INFO Current price: 0.000000067960 - Current percentage: 22.61% - Max: 35.45% - Min: 0.00% - Market Cap 13622 - Trading time: 00:00:09
06-09-2025 21:52:11.645 INFO Current price: 0.000000068316 - Current percentage: 23.13% - Max: 35.45% - Min: 0.00% - Market Cap 13679 - Trading time: 00:00:09
06-09-2025 21:52:12.250 INFO Current price: 0.000000068501 - Current percentage: 23.28% - Max: 35.45% - Min: 0.00% - Market Cap 13696 - Trading time: 00:00:09
06-09-2025 21:52:13.153 INFO Current price: 0.000000068833 - Current percentage: 24.32% - Max: 35.45% - Min: 0.00% - Market Cap 13811 - Trading time: 00:00:10
06-09-2025 21:52:13.788 INFO Current price: 0.000000069180 - Current percentage: 24.53% - Max: 35.45% - Min: 0.00% - Market Cap 13834 - Trading time: 00:00:11
06-09-2025 21:52:14.056 INFO Current price: 0.000000068893 - Current percentage: 23.29% - Max: 35.45% - Min: 0.00% - Market Cap 13697 - Trading time: 00:00:11
06-09-2025 21:52:14.344 INFO Current price: 0.000000068550 - Current percentage: 23.29% - Max: 35.45% - Min: 0.00% - Market Cap 13697 - Trading time: 00:00:11
06-09-2025 21:52:14.790 INFO Current price: 0.000000068533 - Current percentage: 23.23% - Max: 35.45% - Min: 0.00% - Market Cap 13690 - Trading time: 00:00:12
06-09-2025 21:52:15.058 INFO Current price: 0.000000068407 - Current percentage: 22.84% - Max: 35.45% - Min: 0.00% - Market Cap 13647 - Trading time: 00:00:12
06-09-2025 21:52:15.282 INFO Current price: 0.000000068293 - Current percentage: 22.82% - Max: 35.45% - Min: 0.00% - Market Cap 13645 - Trading time: 00:00:12
06-09-2025 21:52:15.285 INFO Current price: 0.000000068284 - Current percentage: 22.80% - Max: 35.45% - Min: 0.00% - Market Cap 13643 - Trading time: 00:00:12
06-09-2025 21:52:15.285 INFO Current price: 0.000000068274 - Current percentage: 22.78% - Max: 35.45% - Min: 0.00% - Market Cap 13641 - Trading time: 00:00:12
06-09-2025 21:52:15.777 INFO Current price: 0.000000068268 - Current percentage: 22.78% - Max: 35.45% - Min: 0.00% - Market Cap 13641 - Trading time: 00:00:13
06-09-2025 21:52:15.780 INFO Current price: 0.000000068267 - Current percentage: 22.78% - Max: 35.45% - Min: 0.00% - Market Cap 13640 - Trading time: 00:00:13
06-09-2025 21:52:15.894 INFO Current price: 0.000000068267 - Current percentage: 22.78% - Max: 35.45% - Min: 0.00% - Market Cap 13640 - Trading time: 00:00:13
06-09-2025 21:52:16.120 INFO Current price: 0.000000068056 - Current percentage: 22.02% - Max: 35.45% - Min: 0.00% - Market Cap 13556 - Trading time: 00:00:13
06-09-2025 21:52:16.122 INFO Current price: 0.000000071210 - Current percentage: 34.43% - Max: 35.45% - Min: 0.00% - Market Cap 14934 - Trading time: 00:00:13
06-09-2025 21:52:16.192 INFO Current price: 0.000000078660 - Current percentage: 48.89% - Max: 48.89% - Min: 0.00% - Market Cap 16541 - Trading time: 00:00:13
06-09-2025 21:52:16.522 INFO Current price: 0.000000082764 - Current percentage: 48.82% - Max: 48.89% - Min: 0.00% - Market Cap 16533 - Trading time: 00:00:14
06-09-2025 21:52:16.991 INFO Current price: 0.000000082739 - Current percentage: 48.80% - Max: 48.89% - Min: 0.00% - Market Cap 16531 - Trading time: 00:00:14
06-09-2025 21:52:16.992 INFO Current price: 0.000000082733 - Current percentage: 48.80% - Max: 48.89% - Min: 0.00% - Market Cap 16531 - Trading time: 00:00:14
06-09-2025 21:52:16.999 INFO Current price: 0.000000082732 - Current percentage: 48.80% - Max: 48.89% - Min: 0.00% - Market Cap 16530 - Trading time: 00:00:14
06-09-2025 21:52:16.999 INFO Current price: 0.000000082725 - Current percentage: 48.77% - Max: 48.89% - Min: 0.00% - Market Cap 16528 - Trading time: 00:00:14
06-09-2025 21:52:17.450 INFO Current price: 0.000000082876 - Current percentage: 49.34% - Max: 49.34% - Min: 0.00% - Market Cap 16591 - Trading time: 00:00:15
06-09-2025 21:52:17.451 INFO Current price: 0.000000082874 - Current percentage: 48.77% - Max: 49.34% - Min: 0.00% - Market Cap 16527 - Trading time: 00:00:15
06-09-2025 21:52:18.066 INFO Current price: 0.000000082640 - Current percentage: 48.50% - Max: 49.34% - Min: 0.00% - Market Cap 16497 - Trading time: 00:00:15
06-09-2025 21:52:18.143 INFO Current price: 0.000000081803 - Current percentage: 45.77% - Max: 49.34% - Min: 0.00% - Market Cap 16194 - Trading time: 00:00:15
06-09-2025 21:52:18.226 INFO Current price: 0.000000080948 - Current percentage: 45.41% - Max: 49.34% - Min: 0.00% - Market Cap 16154 - Trading time: 00:00:15
06-09-2025 21:52:18.474 INFO Current price: 0.000000080795 - Current percentage: 45.22% - Max: 49.34% - Min: 0.00% - Market Cap 16133 - Trading time: 00:00:16
06-09-2025 21:52:18.504 INFO Current price: 0.000000080558 - Current percentage: 44.55% - Max: 49.34% - Min: 0.00% - Market Cap 16059 - Trading time: 00:00:16
06-09-2025 21:52:18.717 INFO Current price: 0.000000080287 - Current percentage: 44.25% - Max: 49.34% - Min: 0.00% - Market Cap 16025 - Trading time: 00:00:16
06-09-2025 21:52:18.744 INFO Current price: 0.000000079910 - Current percentage: 43.20% - Max: 49.34% - Min: 0.00% - Market Cap 15909 - Trading time: 00:00:16
06-09-2025 21:52:19.295 INFO Current price: 0.000000079666 - Current percentage: 43.37% - Max: 49.34% - Min: 0.00% - Market Cap 15927 - Trading time: 00:00:16
06-09-2025 21:52:19.593 INFO Current price: 0.000000079866 - Current percentage: 43.92% - Max: 49.34% - Min: 0.00% - Market Cap 15989 - Trading time: 00:00:17
06-09-2025 21:52:20.215 INFO Current price: 0.000000080022 - Current percentage: 43.93% - Max: 49.34% - Min: 0.00% - Market Cap 15989 - Trading time: 00:00:17
06-09-2025 21:52:20.645 INFO Current price: 0.000000080014 - Current percentage: 43.89% - Max: 49.34% - Min: 0.00% - Market Cap 15986 - Trading time: 00:00:18
06-09-2025 21:52:20.714 INFO Current price: 0.000000080428 - Current percentage: 45.42% - Max: 49.34% - Min: 0.00% - Market Cap 16155 - Trading time: 00:00:18
06-09-2025 21:52:21.033 INFO Current price: 0.000000081008 - Current percentage: 45.98% - Max: 49.34% - Min: 0.00% - Market Cap 16217 - Trading time: 00:00:18
06-09-2025 21:52:21.452 INFO Current price: 0.000000081319 - Current percentage: 46.53% - Max: 49.34% - Min: 0.00% - Market Cap 16279 - Trading time: 00:00:19
06-09-2025 21:52:22.055 INFO Current price: 0.000000081442 - Current percentage: 46.42% - Max: 49.34% - Min: 0.00% - Market Cap 16266 - Trading time: 00:00:19
06-09-2025 21:52:22.463 INFO Current price: 0.000000080509 - Current percentage: 43.20% - Max: 49.34% - Min: 0.00% - Market Cap 15909 - Trading time: 00:00:20
06-09-2025 21:52:23.004 INFO Current price: 0.000000079199 - Current percentage: 41.69% - Max: 49.34% - Min: 0.00% - Market Cap 15741 - Trading time: 00:00:20
06-09-2025 21:52:23.036 INFO Current price: 0.000000078725 - Current percentage: 41.49% - Max: 49.34% - Min: 0.00% - Market Cap 15719 - Trading time: 00:00:20
06-09-2025 21:52:23.132 INFO Current price: 0.000000078169 - Current percentage: 39.70% - Max: 49.34% - Min: 0.00% - Market Cap 15520 - Trading time: 00:00:20
06-09-2025 21:52:24.106 INFO Current price: 0.000000077564 - Current percentage: 39.31% - Max: 49.34% - Min: 0.00% - Market Cap 15477 - Trading time: 00:00:21
06-09-2025 21:52:24.924 INFO Current price: 0.000000077532 - Current percentage: 39.58% - Max: 49.34% - Min: 0.00% - Market Cap 15507 - Trading time: 00:00:22
06-09-2025 21:52:24.925 INFO Current price: 0.000000077608 - Current percentage: 39.58% - Max: 49.34% - Min: 0.00% - Market Cap 15507 - Trading time: 00:00:22
06-09-2025 21:52:24.973 INFO Current price: 0.000000077128 - Current percentage: 37.86% - Max: 49.34% - Min: 0.00% - Market Cap 15316 - Trading time: 00:00:22
06-09-2025 21:52:24.985 INFO Current price: 0.000000076805 - Current percentage: 38.41% - Max: 49.34% - Min: 0.00% - Market Cap 15377 - Trading time: 00:00:22
06-09-2025 21:52:25.891 INFO Current price: 0.000000076381 - Current percentage: 36.34% - Max: 49.34% - Min: 0.00% - Market Cap 15147 - Trading time: 00:00:23
06-09-2025 21:52:26.651 INFO Current price: 0.000000075800 - Current percentage: 36.31% - Max: 49.34% - Min: 0.00% - Market Cap 15144 - Trading time: 00:00:24
06-09-2025 21:52:26.873 INFO Current price: 0.000000075713 - Current percentage: 36.03% - Max: 49.34% - Min: 0.00% - Market Cap 15113 - Trading time: 00:00:24
06-09-2025 21:52:27.079 INFO Current price: 0.000000075635 - Current percentage: 36.03% - Max: 49.34% - Min: 0.00% - Market Cap 15113 - Trading time: 00:00:24
06-09-2025 21:52:27.231 INFO Current price: 0.000000075785 - Current percentage: 36.57% - Max: 49.34% - Min: 0.00% - Market Cap 15173 - Trading time: 00:00:24
06-09-2025 21:52:27.452 INFO Current price: 0.000000076085 - Current percentage: 37.11% - Max: 49.34% - Min: 0.00% - Market Cap 15233 - Trading time: 00:00:25
06-09-2025 21:52:27.808 INFO Current price: 0.000000076386 - Current percentage: 37.66% - Max: 49.34% - Min: 0.00% - Market Cap 15293 - Trading time: 00:00:25
06-09-2025 21:52:27.820 INFO Current price: 0.000000076688 - Current percentage: 38.20% - Max: 49.34% - Min: 0.00% - Market Cap 15353 - Trading time: 00:00:25
06-09-2025 21:52:28.246 INFO Current price: 0.000000077225 - Current percentage: 39.59% - Max: 49.34% - Min: 0.00% - Market Cap 15508 - Trading time: 00:00:25
06-09-2025 21:52:28.284 INFO Current price: 0.000000077674 - Current percentage: 39.81% - Max: 49.34% - Min: 0.00% - Market Cap 15532 - Trading time: 00:00:25
06-09-2025 21:52:28.502 INFO Current price: 0.000000077552 - Current percentage: 39.15% - Max: 49.34% - Min: 0.00% - Market Cap 15459 - Trading time: 00:00:26
06-09-2025 21:52:28.605 INFO Current price: 0.000000077446 - Current percentage: 39.43% - Max: 49.34% - Min: 0.00% - Market Cap 15490 - Trading time: 00:00:26
06-09-2025 21:52:29.026 INFO Current price: 0.000000077826 - Current percentage: 40.52% - Max: 49.34% - Min: 0.00% - Market Cap 15611 - Trading time: 00:00:26
06-09-2025 21:52:29.042 INFO Current price: 0.000000079675 - Current percentage: 46.13% - Max: 49.34% - Min: 0.00% - Market Cap 16234 - Trading time: 00:00:26
06-09-2025 21:52:29.610 INFO Current price: 0.000000081406 - Current percentage: 46.70% - Max: 49.34% - Min: 0.00% - Market Cap 16297 - Trading time: 00:00:27
06-09-2025 21:52:30.889 INFO Current price: 0.000000081368 - Current percentage: 45.99% - Max: 49.34% - Min: 0.00% - Market Cap 16219 - Trading time: 00:00:28
06-09-2025 21:52:31.341 INFO Current price: 0.000000080517 - Current percentage: 43.64% - Max: 49.34% - Min: 0.00% - Market Cap 15958 - Trading time: 00:00:28
06-09-2025 21:52:32.288 INFO Current price: 0.000000079713 - Current percentage: 43.09% - Max: 49.34% - Min: 0.00% - Market Cap 15897 - Trading time: 00:00:29
06-09-2025 21:52:33.008 INFO Current price: 0.000000079461 - Current percentage: 42.74% - Max: 49.34% - Min: 0.00% - Market Cap 15858 - Trading time: 00:00:30
06-09-2025 21:52:33.066 INFO Current price: 0.000000079530 - Current percentage: 43.34% - Max: 49.34% - Min: 0.00% - Market Cap 15924 - Trading time: 00:00:30
06-09-2025 21:52:33.210 INFO Current price: 0.000000078167 - Current percentage: 37.89% - Max: 49.34% - Min: 0.00% - Market Cap 15319 - Trading time: 00:00:30
06-09-2025 21:52:33.210 INFO Current price: 0.000000078122 - Current percentage: 43.17% - Max: 49.34% - Min: 0.00% - Market Cap 15906 - Trading time: 00:00:30
06-09-2025 21:52:33.370 INFO Current price: 0.000000079613 - Current percentage: 43.20% - Max: 49.34% - Min: 0.00% - Market Cap 15909 - Trading time: 00:00:30
06-09-2025 21:52:33.383 INFO Current price: 0.000000079762 - Current percentage: 43.71% - Max: 49.34% - Min: 0.00% - Market Cap 15965 - Trading time: 00:00:30
06-09-2025 21:52:34.363 INFO Current price: 0.000000079902 - Current percentage: 43.71% - Max: 49.34% - Min: 0.00% - Market Cap 15965 - Trading time: 00:00:31
06-09-2025 21:52:34.458 INFO Current price: 0.000000079918 - Current percentage: 43.76% - Max: 49.34% - Min: 0.00% - Market Cap 15972 - Trading time: 00:00:32
06-09-2025 21:52:35.052 INFO Current price: 0.000000079935 - Current percentage: 43.77% - Max: 49.34% - Min: 0.00% - Market Cap 15972 - Trading time: 00:00:32
06-09-2025 21:52:35.052 INFO Current price: 0.000000079952 - Current percentage: 43.83% - Max: 49.34% - Min: 0.00% - Market Cap 15978 - Trading time: 00:00:32
06-09-2025 21:52:35.241 INFO Current price: 0.000000079888 - Current percentage: 43.54% - Max: 49.34% - Min: 0.00% - Market Cap 15946 - Trading time: 00:00:32
06-09-2025 21:52:35.316 INFO Current price: 0.000000078750 - Current percentage: 39.76% - Max: 49.34% - Min: 0.00% - Market Cap 15526 - Trading time: 00:00:32
06-09-2025 21:52:35.567 INFO Current price: 0.000000073950 - Current percentage: 26.57% - Max: 49.34% - Min: 0.00% - Market Cap 14062 - Trading time: 00:00:33
06-09-2025 21:52:35.571 INFO Current price: 0.000000067145 - Current percentage: 15.22% - Max: 49.34% - Min: 0.00% - Market Cap 12800 - Trading time: 00:00:33
06-09-2025 21:52:35.675 INFO Current price: 0.000000063355 - Current percentage: 12.69% - Max: 49.34% - Min: 0.00% - Market Cap 12519 - Trading time: 00:00:33
06-09-2025 21:52:36.179 INFO Current price: 0.000000063202 - Current percentage: 14.66% - Max: 49.34% - Min: 0.00% - Market Cap 12738 - Trading time: 00:00:33
06-09-2025 21:52:36.227 INFO Current price: 0.000000065516 - Current percentage: 21.09% - Max: 49.34% - Min: 0.00% - Market Cap 13453 - Trading time: 00:00:33
06-09-2025 21:52:36.227 INFO Current price: 0.000000069051 - Current percentage: 27.37% - Max: 49.34% - Min: 0.00% - Market Cap 14150 - Trading time: 00:00:33
06-09-2025 21:52:36.400 INFO Current price: 0.000000071253 - Current percentage: 28.94% - Max: 49.34% - Min: 0.00% - Market Cap 14325 - Trading time: 00:00:33
06-09-2025 21:52:36.550 INFO Current price: 0.000000071630 - Current percentage: 28.72% - Max: 49.34% - Min: 0.00% - Market Cap 14300 - Trading time: 00:00:34
06-09-2025 21:52:36.864 INFO Current price: 0.000000071613 - Current percentage: 28.88% - Max: 49.34% - Min: 0.00% - Market Cap 14318 - Trading time: 00:00:34
06-09-2025 21:52:37.036 INFO Current price: 0.000000071002 - Current percentage: 26.53% - Max: 49.34% - Min: 0.00% - Market Cap 14057 - Trading time: 00:00:34
06-09-2025 21:52:37.274 INFO Current price: 0.000000070355 - Current percentage: 26.54% - Max: 49.34% - Min: 0.00% - Market Cap 14058 - Trading time: 00:00:34
06-09-2025 21:52:37.276 INFO Current price: 0.000000069124 - Current percentage: 22.14% - Max: 49.34% - Min: 0.00% - Market Cap 13570 - Trading time: 00:00:34
06-09-2025 21:52:37.608 INFO Current price: 0.000000064897 - Current percentage: 11.54% - Max: 49.34% - Min: 0.00% - Market Cap 12391 - Trading time: 00:00:35
06-09-2025 21:52:37.698 INFO Current price: 0.000000061061 - Current percentage: 8.13% - Max: 49.34% - Min: 0.00% - Market Cap 12013 - Trading time: 00:00:35
06-09-2025 21:52:37.741 INFO Current price: 0.000000061458 - Current percentage: 12.99% - Max: 49.34% - Min: 0.00% - Market Cap 12553 - Trading time: 00:00:35
06-09-2025 21:52:37.807 INFO Current price: 0.000000062865 - Current percentage: 13.14% - Max: 49.34% - Min: 0.00% - Market Cap 12569 - Trading time: 00:00:35
06-09-2025 21:52:38.098 INFO Current price: 0.000000064164 - Current percentage: 17.71% - Max: 49.34% - Min: 0.00% - Market Cap 13077 - Trading time: 00:00:35
06-09-2025 21:52:38.368 INFO Current price: 0.000000065461 - Current percentage: 17.76% - Max: 49.34% - Min: 0.00% - Market Cap 13083 - Trading time: 00:00:35
06-09-2025 21:52:38.471 INFO Current price: 0.000000065545 - Current percentage: 18.01% - Max: 49.34% - Min: 0.00% - Market Cap 13110 - Trading time: 00:00:36
06-09-2025 21:52:38.626 INFO Current price: 0.000000067011 - Current percentage: 23.09% - Max: 49.34% - Min: 0.00% - Market Cap 13674 - Trading time: 00:00:36
06-09-2025 21:52:38.672 INFO Current price: 0.000000068511 - Current percentage: 23.35% - Max: 49.34% - Min: 0.00% - Market Cap 13704 - Trading time: 00:00:36
06-09-2025 21:52:38.770 INFO Current price: 0.000000068614 - Current percentage: 23.46% - Max: 49.34% - Min: 0.00% - Market Cap 13715 - Trading time: 00:00:36
06-09-2025 21:52:38.994 INFO Current price: 0.000000068699 - Current percentage: 23.66% - Max: 49.34% - Min: 0.00% - Market Cap 13738 - Trading time: 00:00:36
06-09-2025 21:52:39.350 INFO Current price: 0.000000068007 - Current percentage: 20.98% - Max: 49.34% - Min: 0.00% - Market Cap 13440 - Trading time: 00:00:36
06-09-2025 21:52:39.473 INFO Current price: 0.000000066505 - Current percentage: 18.26% - Max: 49.34% - Min: 0.00% - Market Cap 13138 - Trading time: 00:00:37
06-09-2025 21:52:39.528 INFO Current price: 0.000000065691 - Current percentage: 18.03% - Max: 49.34% - Min: 0.00% - Market Cap 13113 - Trading time: 00:00:37
06-09-2025 21:52:39.870 INFO Current price: 0.000000066533 - Current percentage: 21.31% - Max: 49.34% - Min: 0.00% - Market Cap 13477 - Trading time: 00:00:37
06-09-2025 21:52:40.836 INFO Current price: 0.000000067450 - Current percentage: 21.31% - Max: 49.34% - Min: 0.00% - Market Cap 13477 - Trading time: 00:00:38
06-09-2025 21:52:40.836 INFO Current price: 0.000000068865 - Current percentage: 26.46% - Max: 49.34% - Min: 0.00% - Market Cap 14049 - Trading time: 00:00:38
06-09-2025 21:52:40.844 INFO Current price: 0.000000070322 - Current percentage: 26.50% - Max: 49.34% - Min: 0.00% - Market Cap 14053 - Trading time: 00:00:38
06-09-2025 21:52:41.193 INFO Current price: 0.000000070376 - Current percentage: 26.65% - Max: 49.34% - Min: 0.00% - Market Cap 14071 - Trading time: 00:00:38
06-09-2025 21:52:41.193 INFO Current price: 0.000000070854 - Current percentage: 28.22% - Max: 49.34% - Min: 0.00% - Market Cap 14245 - Trading time: 00:00:38
06-09-2025 21:52:41.193 INFO Current price: 0.000000071581 - Current percentage: 29.27% - Max: 49.34% - Min: 0.00% - Market Cap 14361 - Trading time: 00:00:38
06-09-2025 21:52:41.193 INFO Current price: 0.000000072385 - Current percentage: 31.11% - Max: 49.34% - Min: 0.00% - Market Cap 14566 - Trading time: 00:00:38
06-09-2025 21:52:41.698 INFO Current price: 0.000000072869 - Current percentage: 31.00% - Max: 49.34% - Min: 0.00% - Market Cap 14554 - Trading time: 00:00:39
06-09-2025 21:52:42.762 INFO Current price: 0.000000072697 - Current percentage: 30.50% - Max: 49.34% - Min: 0.00% - Market Cap 14497 - Trading time: 00:00:40
06-09-2025 21:52:43.340 INFO Current price: 0.000000072468 - Current percentage: 30.18% - Max: 49.34% - Min: 0.00% - Market Cap 14462 - Trading time: 00:00:40
06-09-2025 21:52:43.341 INFO Current price: 0.000000072300 - Current percentage: 29.89% - Max: 49.34% - Min: 0.00% - Market Cap 14430 - Trading time: 00:00:40
06-09-2025 21:52:43.542 INFO Current price: 0.000000071957 - Current percentage: 28.95% - Max: 49.34% - Min: 0.00% - Market Cap 14326 - Trading time: 00:00:41
06-09-2025 21:52:43.776 INFO Current price: 0.000000069903 - Current percentage: 22.58% - Max: 49.34% - Min: 0.00% - Market Cap 13618 - Trading time: 00:00:41
06-09-2025 21:52:43.843 INFO Current price: 0.000000066669 - Current percentage: 17.29% - Max: 49.34% - Min: 0.00% - Market Cap 13031 - Trading time: 00:00:41
06-09-2025 21:52:44.171 INFO Current price: 0.000000065163 - Current percentage: 17.10% - Max: 49.34% - Min: 0.00% - Market Cap 13010 - Trading time: 00:00:41
06-09-2025 21:52:46.310 INFO Current price: 0.000000065250 - Current percentage: 17.61% - Max: 49.34% - Min: 0.00% - Market Cap 13065 - Trading time: 00:00:43
06-09-2025 21:52:46.417 INFO Current price: 0.000000065424 - Current percentage: 17.73% - Max: 49.34% - Min: 0.00% - Market Cap 13079 - Trading time: 00:00:44
06-09-2025 21:52:46.422 INFO Current price: 0.000000067551 - Current percentage: 25.37% - Max: 49.34% - Min: 0.00% - Market Cap 13929 - Trading time: 00:00:44
06-09-2025 21:52:46.821 INFO Current price: 0.000000069696 - Current percentage: 25.37% - Max: 49.34% - Min: 0.00% - Market Cap 13929 - Trading time: 00:00:44
06-09-2025 21:52:47.140 INFO Current price: 0.000000067801 - Current percentage: 18.60% - Max: 49.34% - Min: 0.00% - Market Cap 13176 - Trading time: 00:00:44
06-09-2025 21:52:47.142 INFO Current price: 0.000000064355 - Current percentage: 12.96% - Max: 49.34% - Min: 0.00% - Market Cap 12549 - Trading time: 00:00:44
06-09-2025 21:52:47.152 INFO Current price: 0.000000062941 - Current percentage: 13.45% - Max: 49.34% - Min: 0.00% - Market Cap 12604 - Trading time: 00:00:44
06-09-2025 21:52:48.654 INFO Current price: 0.000000063212 - Current percentage: 13.93% - Max: 49.34% - Min: 0.00% - Market Cap 12657 - Trading time: 00:00:46
06-09-2025 21:52:48.654 INFO Current price: 0.000000063487 - Current percentage: 14.44% - Max: 49.34% - Min: 0.00% - Market Cap 12713 - Trading time: 00:00:46
06-09-2025 21:52:48.670 INFO Current price: 0.000000065007 - Current percentage: 19.45% - Max: 49.34% - Min: 0.00% - Market Cap 13271 - Trading time: 00:00:46
06-09-2025 21:52:49.059 INFO Current price: 0.000000067541 - Current percentage: 23.53% - Max: 49.34% - Min: 0.00% - Market Cap 13724 - Trading time: 00:00:46
06-09-2025 21:52:49.394 INFO Current price: 0.000000069754 - Current percentage: 27.41% - Max: 49.34% - Min: 0.00% - Market Cap 14155 - Trading time: 00:00:46
06-09-2025 21:52:49.491 INFO Current price: 0.000000070987 - Current percentage: 27.94% - Max: 49.34% - Min: 0.00% - Market Cap 14213 - Trading time: 00:00:47
06-09-2025 21:52:49.789 INFO Current price: 0.000000074766 - Current percentage: 41.34% - Max: 49.34% - Min: 0.00% - Market Cap 15702 - Trading time: 00:00:47
06-09-2025 21:52:50.709 INFO Current price: 0.000000078609 - Current percentage: 41.42% - Max: 49.34% - Min: 0.00% - Market Cap 15711 - Trading time: 00:00:48
06-09-2025 21:52:50.709 INFO Current price: 0.000000078678 - Current percentage: 41.59% - Max: 49.34% - Min: 0.00% - Market Cap 15730 - Trading time: 00:00:48
06-09-2025 21:52:50.711 INFO Current price: 0.000000078389 - Current percentage: 40.39% - Max: 49.34% - Min: 0.00% - Market Cap 15596 - Trading time: 00:00:48
06-09-2025 21:52:50.711 INFO Current price: 0.000000078816 - Current percentage: 43.14% - Max: 49.34% - Min: 0.00% - Market Cap 15902 - Trading time: 00:00:48
06-09-2025 21:52:51.220 INFO Current price: 0.000000078783 - Current percentage: 40.27% - Max: 49.34% - Min: 0.00% - Market Cap 15583 - Trading time: 00:00:48
06-09-2025 21:52:51.552 INFO Current price: 0.000000078141 - Current percentage: 40.82% - Max: 49.34% - Min: 0.00% - Market Cap 15644 - Trading time: 00:00:49
06-09-2025 21:52:51.937 INFO Current price: 0.000000078370 - Current percentage: 41.09% - Max: 49.34% - Min: 0.00% - Market Cap 15674 - Trading time: 00:00:49
06-09-2025 21:52:52.005 INFO Current price: 0.000000078752 - Current percentage: 42.19% - Max: 49.34% - Min: 0.00% - Market Cap 15797 - Trading time: 00:00:49
06-09-2025 21:52:52.073 INFO Current price: 0.000000079135 - Current percentage: 42.47% - Max: 49.34% - Min: 0.00% - Market Cap 15827 - Trading time: 00:00:49
06-09-2025 21:52:52.218 INFO Current price: 0.000000079288 - Current percentage: 42.74% - Max: 49.34% - Min: 0.00% - Market Cap 15858 - Trading time: 00:00:49
06-09-2025 21:52:52.558 INFO Current price: 0.000000079442 - Current percentage: 43.02% - Max: 49.34% - Min: 0.00% - Market Cap 15889 - Trading time: 00:00:50
06-09-2025 21:52:52.723 INFO Current price: 0.000000077675 - Current percentage: 36.46% - Max: 49.34% - Min: 0.00% - Market Cap 15160 - Trading time: 00:00:50
06-09-2025 21:52:53.472 INFO Current price: 0.000000074548 - Current percentage: 31.74% - Max: 49.34% - Min: 0.00% - Market Cap 14635 - Trading time: 00:00:51
06-09-2025 21:52:54.293 INFO Current price: 0.000000071710 - Current percentage: 26.27% - Max: 49.34% - Min: 0.00% - Market Cap 14028 - Trading time: 00:00:51
06-09-2025 21:52:54.559 INFO Current price: 0.000000070352 - Current percentage: 26.79% - Max: 49.34% - Min: 0.00% - Market Cap 14086 - Trading time: 00:00:52
06-09-2025 21:52:54.983 INFO Current price: 0.000000066815 - Current percentage: 13.89% - Max: 49.34% - Min: 0.00% - Market Cap 12653 - Trading time: 00:00:52
06-09-2025 21:52:54.999 INFO Current price: 0.000000060663 - Current percentage: 4.52% - Max: 49.34% - Min: 0.00% - Market Cap 11611 - Trading time: 00:00:52
06-09-2025 21:52:55.726 INFO Current price: 0.000000057780 - Current percentage: 3.33% - Max: 49.34% - Min: 0.00% - Market Cap 11479 - Trading time: 00:00:53
06-09-2025 21:52:55.726 INFO Current price: 0.000000055652 - Current percentage: -3.04% - Max: 49.34% - Min: -3.04% - Market Cap 10772 - Trading time: 00:00:53
06-09-2025 21:52:55.726 INFO Current price: 0.000000054416 - Current percentage: -1.21% - Max: 49.34% - Min: -3.04% - Market Cap 10975 - Trading time: 00:00:53
06-09-2025 21:52:55.911 INFO Current price: 0.000000054919 - Current percentage: -1.24% - Max: 49.34% - Min: -3.04% - Market Cap 10972 - Trading time: 00:00:53
06-09-2025 21:52:56.012 INFO Current price: 0.000000054974 - Current percentage: -1.01% - Max: 49.34% - Min: -3.04% - Market Cap 10997 - Trading time: 00:00:53
06-09-2025 21:52:56.015 INFO Current price: 0.000000055161 - Current percentage: -0.57% - Max: 49.34% - Min: -3.04% - Market Cap 11047 - Trading time: 00:00:53
06-09-2025 21:52:56.235 INFO Current price: 0.000000055413 - Current percentage: -0.11% - Max: 49.34% - Min: -3.04% - Market Cap 11098 - Trading time: 00:00:53
06-09-2025 21:52:56.519 INFO Current price: 0.000000055022 - Current percentage: -1.97% - Max: 49.34% - Min: -3.04% - Market Cap 10891 - Trading time: 00:00:54
06-09-2025 21:52:56.519 INFO Current price: 0.000000054635 - Current percentage: -1.51% - Max: 49.34% - Min: -3.04% - Market Cap 10942 - Trading time: 00:00:54
06-09-2025 21:52:56.534 INFO Current price: 0.000000054890 - Current percentage: -1.05% - Max: 49.34% - Min: -3.04% - Market Cap 10993 - Trading time: 00:00:54
06-09-2025 21:52:56.799 INFO Current price: 0.000000058214 - Current percentage: 10.78% - Max: 49.34% - Min: -3.04% - Market Cap 12307 - Trading time: 00:00:54
06-09-2025 21:52:56.846 INFO Current price: 0.000000061478 - Current percentage: 10.36% - Max: 49.34% - Min: -3.04% - Market Cap 12261 - Trading time: 00:00:54
06-09-2025 21:52:56.909 INFO Current price: 0.000000061329 - Current percentage: 10.25% - Max: 49.34% - Min: -3.04% - Market Cap 12248 - Trading time: 00:00:54
06-09-2025 21:52:57.463 INFO Current price: 0.000000061374 - Current percentage: 10.52% - Max: 49.34% - Min: -3.04% - Market Cap 12278 - Trading time: 00:00:55
06-09-2025 21:52:57.487 INFO Current price: 0.000000061721 - Current percentage: 11.50% - Max: 49.34% - Min: -3.04% - Market Cap 12387 - Trading time: 00:00:55
06-09-2025 21:52:57.773 INFO Current price: 0.000000062129 - Current percentage: 11.99% - Max: 49.34% - Min: -3.04% - Market Cap 12442 - Trading time: 00:00:55
06-09-2025 21:52:57.778 INFO Current price: 0.000000062675 - Current percentage: 13.46% - Max: 49.34% - Min: -3.04% - Market Cap 12605 - Trading time: 00:00:55
06-09-2025 21:52:58.458 INFO Current price: 0.000000063126 - Current percentage: 13.61% - Max: 49.34% - Min: -3.04% - Market Cap 12621 - Trading time: 00:00:56
06-09-2025 21:52:58.589 INFO Current price: 0.000000063010 - Current percentage: 13.04% - Max: 49.34% - Min: -3.04% - Market Cap 12559 - Trading time: 00:00:56
06-09-2025 21:52:58.816 INFO Current price: 0.000000062888 - Current percentage: 13.17% - Max: 49.34% - Min: -3.04% - Market Cap 12572 - Trading time: 00:00:56
06-09-2025 21:52:59.721 INFO Current price: 0.000000062771 - Current percentage: 12.63% - Max: 49.34% - Min: -3.04% - Market Cap 12512 - Trading time: 00:00:57
06-09-2025 21:52:59.722 INFO Current price: 0.000000063184 - Current percentage: 14.66% - Max: 49.34% - Min: -3.04% - Market Cap 12738 - Trading time: 00:00:57
06-09-2025 21:52:59.758 INFO Current price: 0.000000063890 - Current percentage: 15.16% - Max: 49.34% - Min: -3.04% - Market Cap 12793 - Trading time: 00:00:57
06-09-2025 21:52:59.842 INFO Current price: 0.000000064027 - Current percentage: 15.15% - Max: 49.34% - Min: -3.04% - Market Cap 12793 - Trading time: 00:00:57
06-09-2025 21:52:59.934 INFO Current price: 0.000000061385 - Current percentage: 5.85% - Max: 49.34% - Min: -3.04% - Market Cap 11759 - Trading time: 00:00:57
06-09-2025 21:53:00.184 INFO Current price: 0.000000058758 - Current percentage: 5.51% - Max: 49.34% - Min: -3.04% - Market Cap 11721 - Trading time: 00:00:57
06-09-2025 21:53:00.270 INFO Current price: 0.000000058628 - Current percentage: 5.38% - Max: 49.34% - Min: -3.04% - Market Cap 11708 - Trading time: 00:00:57
06-09-2025 21:53:00.860 INFO Current price: 0.000000058487 - Current percentage: 5.00% - Max: 49.34% - Min: -3.04% - Market Cap 11665 - Trading time: 00:00:58
06-09-2025 21:53:00.934 INFO Current price: 0.000000060356 - Current percentage: 12.23% - Max: 49.34% - Min: -3.04% - Market Cap 12468 - Trading time: 00:00:58
06-09-2025 21:53:00.975 INFO Current price: 0.000000062425 - Current percentage: 12.32% - Max: 49.34% - Min: -3.04% - Market Cap 12479 - Trading time: 00:00:58
06-09-2025 21:53:01.146 INFO Current price: 0.000000062452 - Current percentage: 12.32% - Max: 49.34% - Min: -3.04% - Market Cap 12478 - Trading time: 00:00:58
06-09-2025 21:53:01.965 INFO Current price: 0.000000058646 - Current percentage: -0.95% - Max: 49.34% - Min: -3.04% - Market Cap 11004 - Trading time: 00:00:59
06-09-2025 21:53:01.966 INFO Current price: 0.000000054945 - Current percentage: -1.41% - Max: 49.34% - Min: -3.04% - Market Cap 10953 - Trading time: 00:00:59
06-09-2025 21:53:01.966 INFO Current price: 0.000000054829 - Current percentage: -1.36% - Max: 49.34% - Min: -3.04% - Market Cap 10958 - Trading time: 00:00:59
06-09-2025 21:53:02.581 INFO Current price: 0.000000054841 - Current percentage: -1.37% - Max: 49.34% - Min: -3.04% - Market Cap 10958 - Trading time: 00:01:00
06-09-2025 21:53:02.731 INFO Current price: 0.000000055480 - Current percentage: 0.94% - Max: 49.34% - Min: -3.04% - Market Cap 11214 - Trading time: 00:01:00
06-09-2025 21:53:03.103 INFO Current price: 0.000000056771 - Current percentage: 3.28% - Max: 49.34% - Min: -3.04% - Market Cap 11474 - Trading time: 00:01:00
06-09-2025 21:53:03.398 INFO Current price: 0.000000058730 - Current percentage: 8.03% - Max: 49.34% - Min: -3.04% - Market Cap 12002 - Trading time: 00:01:00
06-09-2025 21:53:03.459 INFO Current price: 0.000000059948 - Current percentage: 7.61% - Max: 49.34% - Min: -3.04% - Market Cap 11955 - Trading time: 00:01:01
06-09-2025 21:53:03.466 INFO Current price: 0.000000059715 - Current percentage: 7.19% - Max: 49.34% - Min: -3.04% - Market Cap 11908 - Trading time: 00:01:01
06-09-2025 21:53:03.467 INFO Current price: 0.000000058483 - Current percentage: 3.21% - Max: 49.34% - Min: -3.04% - Market Cap 11467 - Trading time: 00:01:01
06-09-2025 21:53:03.610 INFO Current price: 0.000000057382 - Current percentage: 3.19% - Max: 49.34% - Min: -3.04% - Market Cap 11464 - Trading time: 00:01:01
06-09-2025 21:53:03.627 INFO Current price: 0.000000057878 - Current percentage: 5.00% - Max: 49.34% - Min: -3.04% - Market Cap 11666 - Trading time: 00:01:01
06-09-2025 21:53:04.048 INFO Current price: 0.000000056533 - Current percentage: -1.55% - Max: 49.34% - Min: -3.04% - Market Cap 10938 - Trading time: 00:01:01
06-09-2025 21:53:05.854 INFO Current price: 0.000000054935 - Current percentage: -0.85% - Max: 49.34% - Min: -3.04% - Market Cap 11016 - Trading time: 00:01:03
06-09-2025 21:53:06.367 INFO Current price: 0.000000054797 - Current percentage: -2.04% - Max: 49.34% - Min: -3.04% - Market Cap 10883 - Trading time: 00:01:03
06-09-2025 21:53:06.673 INFO Current price: 0.000000054242 - Current percentage: -2.84% - Max: 49.34% - Min: -3.04% - Market Cap 10794 - Trading time: 00:01:04
06-09-2025 21:53:06.879 INFO Current price: 0.000000054083 - Current percentage: -2.62% - Max: 49.34% - Min: -3.04% - Market Cap 10819 - Trading time: 00:01:04
06-09-2025 21:53:07.511 INFO Current price: 0.000000054653 - Current percentage: -0.78% - Max: 49.34% - Min: -3.04% - Market Cap 11022 - Trading time: 00:01:05
06-09-2025 21:53:07.801 INFO Current price: 0.000000055254 - Current percentage: -0.46% - Max: 49.34% - Min: -3.04% - Market Cap 11058 - Trading time: 00:01:05
06-09-2025 21:53:07.801 INFO Current price: 0.000000055310 - Current percentage: -0.58% - Max: 49.34% - Min: -3.04% - Market Cap 11045 - Trading time: 00:01:05
06-09-2025 21:53:07.807 INFO Current price: 0.000000055340 - Current percentage: -0.35% - Max: 49.34% - Min: -3.04% - Market Cap 11070 - Trading time: 00:01:05
06-09-2025 21:53:07.865 INFO Current price: 0.000000055105 - Current percentage: -1.43% - Max: 49.34% - Min: -3.04% - Market Cap 10951 - Trading time: 00:01:05
06-09-2025 21:53:08.389 INFO Current price: 0.000000054871 - Current percentage: -1.20% - Max: 49.34% - Min: -3.04% - Market Cap 10977 - Trading time: 00:01:05
06-09-2025 21:53:08.393 INFO Current price: 0.000000054835 - Current percentage: -1.56% - Max: 49.34% - Min: -3.04% - Market Cap 10936 - Trading time: 00:01:05
06-09-2025 21:53:08.450 INFO Current price: 0.000000054295 - Current percentage: -3.13% - Max: 49.34% - Min: -3.13% - Market Cap 10762 - Trading time: 00:01:06
06-09-2025 21:53:09.336 INFO Current price: 0.000000053857 - Current percentage: -3.14% - Max: 49.34% - Min: -3.14% - Market Cap 10761 - Trading time: 00:01:06
06-09-2025 21:53:09.630 INFO Current price: 0.000000053844 - Current percentage: -3.18% - Max: 49.34% - Min: -3.18% - Market Cap 10757 - Trading time: 00:01:07
06-09-2025 21:53:10.442 INFO Current price: 0.000000053726 - Current percentage: -3.57% - Max: 49.34% - Min: -3.57% - Market Cap 10713 - Trading time: 00:01:08
06-09-2025 21:53:10.460 INFO Current price: 0.000000053293 - Current percentage: -4.73% - Max: 49.34% - Min: -4.73% - Market Cap 10584 - Trading time: 00:01:08
06-09-2025 21:53:10.461 INFO Current price: 0.000000052972 - Current percentage: -4.72% - Max: 49.34% - Min: -4.73% - Market Cap 10585 - Trading time: 00:01:08
06-09-2025 21:53:10.800 INFO Current price: 0.000000053100 - Current percentage: -4.27% - Max: 49.34% - Min: -4.73% - Market Cap 10635 - Trading time: 00:01:08
06-09-2025 21:53:10.968 INFO Current price: 0.000000049399 - Current percentage: -17.54% - Max: 49.34% - Min: -17.54% - Market Cap 9160 - Trading time: 00:01:08
06-09-2025 21:53:10.968 INFO Current price: 0.000000043824 - Current percentage: -24.66% - Max: 49.34% - Min: -24.66% - Market Cap 8370 - Trading time: 00:01:08
06-09-2025 21:53:11.023 INFO Current price: 0.000000041871 - Current percentage: -24.73% - Max: 49.34% - Min: -24.73% - Market Cap 8362 - Trading time: 00:01:08
06-09-2025 21:53:11.108 INFO Current price: 0.000000041072 - Current percentage: -27.51% - Max: 49.34% - Min: -27.51% - Market Cap 8054 - Trading time: 00:01:08
06-09-2025 21:53:11.183 INFO Current price: 0.000000039838 - Current percentage: -29.18% - Max: 49.34% - Min: -29.18% - Market Cap 7867 - Trading time: 00:01:08
06-09-2025 21:53:11.599 INFO Current price: 0.000000038994 - Current percentage: -30.54% - Max: 49.34% - Min: -30.54% - Market Cap 7716 - Trading time: 00:01:09
06-09-2025 21:53:11.796 INFO Current price: 0.000000039154 - Current percentage: -28.60% - Max: 49.34% - Min: -30.54% - Market Cap 7932 - Trading time: 00:01:09
06-09-2025 21:53:11.875 INFO Current price: 0.000000039680 - Current percentage: -28.67% - Max: 49.34% - Min: -30.54% - Market Cap 7925 - Trading time: 00:01:09
06-09-2025 21:53:11.996 INFO Current price: 0.000000039597 - Current percentage: -28.90% - Max: 49.34% - Min: -30.54% - Market Cap 7899 - Trading time: 00:01:09
06-09-2025 21:53:12.197 INFO Current price: 0.000000039385 - Current percentage: -29.42% - Max: 49.34% - Min: -30.54% - Market Cap 7841 - Trading time: 00:01:09
06-09-2025 21:53:12.201 INFO Current price: 0.000000039251 - Current percentage: -29.39% - Max: 49.34% - Min: -30.54% - Market Cap 7845 - Trading time: 00:01:09
06-09-2025 21:53:12.274 INFO Current price: 0.000000037894 - Current percentage: -34.22% - Max: 49.34% - Min: -34.22% - Market Cap 7308 - Trading time: 00:01:09
06-09-2025 21:53:12.353 INFO Current price: 0.000000036677 - Current percentage: -33.85% - Max: 49.34% - Min: -34.22% - Market Cap 7349 - Trading time: 00:01:09
06-09-2025 21:53:12.713 INFO Current price: 0.000000036775 - Current percentage: -33.87% - Max: 49.34% - Min: -34.22% - Market Cap 7347 - Trading time: 00:01:10
06-09-2025 21:53:12.769 INFO Current price: 0.000000036706 - Current percentage: -34.10% - Max: 49.34% - Min: -34.22% - Market Cap 7322 - Trading time: 00:01:10
06-09-2025 21:53:13.021 INFO Current price: 0.000000036609 - Current percentage: -34.22% - Max: 49.34% - Min: -34.22% - Market Cap 7308 - Trading time: 00:01:10
06-09-2025 21:53:13.097 INFO Current price: 0.000000036416 - Current percentage: -34.79% - Max: 49.34% - Min: -34.79% - Market Cap 7245 - Trading time: 00:01:10
06-09-2025 21:53:13.342 INFO Current price: 0.000000036227 - Current percentage: -34.90% - Max: 49.34% - Min: -34.90% - Market Cap 7232 - Trading time: 00:01:10
06-09-2025 21:53:13.490 INFO Current price: 0.000000036299 - Current percentage: -34.52% - Max: 49.34% - Min: -34.90% - Market Cap 7274 - Trading time: 00:01:11
06-09-2025 21:53:13.591 INFO Current price: 0.000000036425 - Current percentage: -34.45% - Max: 49.34% - Min: -34.90% - Market Cap 7282 - Trading time: 00:01:11
06-09-2025 21:53:13.596 INFO Current price: 0.000000036429 - Current percentage: -34.51% - Max: 49.34% - Min: -34.90% - Market Cap 7276 - Trading time: 00:01:11
06-09-2025 21:53:14.180 INFO Current price: 0.000000036354 - Current percentage: -34.72% - Max: 49.34% - Min: -34.90% - Market Cap 7252 - Trading time: 00:01:11
06-09-2025 21:53:14.238 INFO Current price: 0.000000036260 - Current percentage: -34.85% - Max: 49.34% - Min: -34.90% - Market Cap 7238 - Trading time: 00:01:11
06-09-2025 21:53:14.243 INFO Current price: 0.000000036225 - Current percentage: -34.85% - Max: 49.34% - Min: -34.90% - Market Cap 7238 - Trading time: 00:01:11
06-09-2025 21:53:14.922 INFO Current price: 0.000000036217 - Current percentage: -34.88% - Max: 49.34% - Min: -34.90% - Market Cap 7235 - Trading time: 00:01:12
06-09-2025 21:53:14.965 INFO Current price: 0.000000036195 - Current percentage: -34.93% - Max: 49.34% - Min: -34.93% - Market Cap 7229 - Trading time: 00:01:12
06-09-2025 21:53:15.576 INFO Current price: 0.000000036596 - Current percentage: -33.42% - Max: 49.34% - Min: -34.93% - Market Cap 7396 - Trading time: 00:01:13
06-09-2025 21:53:15.738 INFO Current price: 0.000000036989 - Current percentage: -33.52% - Max: 49.34% - Min: -34.93% - Market Cap 7385 - Trading time: 00:01:13
06-09-2025 21:53:17.381 INFO Current price: 0.000000036849 - Current percentage: -33.93% - Max: 49.34% - Min: -34.93% - Market Cap 7340 - Trading time: 00:01:14
06-09-2025 21:53:17.533 INFO Current price: 0.000000036688 - Current percentage: -34.10% - Max: 49.34% - Min: -34.93% - Market Cap 7321 - Trading time: 00:01:15
06-09-2025 21:53:17.784 INFO Current price: 0.000000036159 - Current percentage: -35.82% - Max: 49.34% - Min: -35.82% - Market Cap 7130 - Trading time: 00:01:15
06-09-2025 21:53:18.025 INFO Current price: 0.000000036199 - Current percentage: -33.96% - Max: 49.34% - Min: -35.82% - Market Cap 7337 - Trading time: 00:01:15
06-09-2025 21:53:18.647 INFO Current price: 0.000000036668 - Current percentage: -34.15% - Max: 49.34% - Min: -35.82% - Market Cap 7316 - Trading time: 00:01:16
06-09-2025 21:53:18.647 INFO Current price: 0.000000036581 - Current percentage: -34.27% - Max: 49.34% - Min: -35.82% - Market Cap 7302 - Trading time: 00:01:16
06-09-2025 21:53:18.789 INFO Current price: 0.000000036755 - Current percentage: -33.52% - Max: 49.34% - Min: -35.82% - Market Cap 7386 - Trading time: 00:01:16
06-09-2025 21:53:19.044 INFO Current price: 0.000000036964 - Current percentage: -33.52% - Max: 49.34% - Min: -35.82% - Market Cap 7386 - Trading time: 00:01:16
06-09-2025 21:53:19.565 INFO Current price: 0.000000036857 - Current percentage: -33.90% - Max: 49.34% - Min: -35.82% - Market Cap 7343 - Trading time: 00:01:17
06-09-2025 21:53:21.511 INFO Current price: 0.000000037172 - Current percentage: -32.38% - Max: 49.34% - Min: -35.82% - Market Cap 7513 - Trading time: 00:01:19
06-09-2025 21:53:22.334 INFO Current price: 0.000000037620 - Current percentage: -32.30% - Max: 49.34% - Min: -35.82% - Market Cap 7521 - Trading time: 00:01:19
06-09-2025 21:53:24.274 INFO Current price: 0.000000037474 - Current percentage: -32.90% - Max: 49.34% - Min: -35.82% - Market Cap 7454 - Trading time: 00:01:21
06-09-2025 21:53:27.468 INFO Current price: 0.000000037221 - Current percentage: -33.21% - Max: 49.34% - Min: -35.82% - Market Cap 7420 - Trading time: 00:01:25
06-09-2025 21:53:27.497 INFO Current price: 0.000000037115 - Current percentage: -33.28% - Max: 49.34% - Min: -35.82% - Market Cap 7412 - Trading time: 00:01:25
06-09-2025 21:53:29.084 INFO Current price: 0.000000036989 - Current percentage: -33.66% - Max: 49.34% - Min: -35.82% - Market Cap 7370 - Trading time: 00:01:26
06-09-2025 21:53:29.886 INFO Current price: 0.000000036881 - Current percentage: -33.67% - Max: 49.34% - Min: -35.82% - Market Cap 7369 - Trading time: 00:01:27
06-09-2025 21:53:30.311 INFO Current price: 0.000000036541 - Current percentage: -34.88% - Max: 49.34% - Min: -35.82% - Market Cap 7235 - Trading time: 00:01:27
06-09-2025 21:53:31.065 INFO Current price: 0.000000036173 - Current percentage: -35.00% - Max: 49.34% - Min: -35.82% - Market Cap 7221 - Trading time: 00:01:28
06-09-2025 21:53:31.896 INFO Current price: 0.000000036123 - Current percentage: -35.06% - Max: 49.34% - Min: -35.82% - Market Cap 7215 - Trading time: 00:01:29
06-09-2025 21:53:33.280 INFO Current price: 0.000000035747 - Current percentage: -36.35% - Max: 49.34% - Min: -36.35% - Market Cap 7071 - Trading time: 00:01:30
06-09-2025 21:53:34.802 INFO Current price: 0.000000035385 - Current percentage: -36.37% - Max: 49.34% - Min: -36.37% - Market Cap 7069 - Trading time: 00:01:32
06-09-2025 21:53:37.134 INFO Current price: 0.000000035184 - Current percentage: -37.07% - Max: 49.34% - Min: -37.07% - Market Cap 6991 - Trading time: 00:01:34
06-09-2025 21:53:38.269 INFO Current price: 0.000000034978 - Current percentage: -37.11% - Max: 49.34% - Min: -37.11% - Market Cap 6987 - Trading time: 00:01:35
06-09-2025 21:53:39.782 INFO Current price: 0.000000034933 - Current percentage: -37.23% - Max: 49.34% - Min: -37.23% - Market Cap 6973 - Trading time: 00:01:37
06-09-2025 21:53:42.369 INFO Current price: 0.000000034911 - Current percentage: -37.19% - Max: 49.34% - Min: -37.23% - Market Cap 6978 - Trading time: 00:01:39
06-09-2025 21:53:45.970 INFO Current price: 0.000000034894 - Current percentage: -37.29% - Max: 49.34% - Min: -37.29% - Market Cap 6967 - Trading time: 00:01:43
06-09-2025 21:53:50.983 INFO Current price: 0.000000034926 - Current percentage: -37.14% - Max: 49.34% - Min: -37.29% - Market Cap 6984 - Trading time: 00:01:48
06-09-2025 21:53:56.408 INFO Current price: 0.000000034888 - Current percentage: -37.37% - Max: 49.34% - Min: -37.37% - Market Cap 6958 - Trading time: 00:01:53
06-09-2025 21:54:00.091 INFO Current price: 0.000000034726 - Current percentage: -37.72% - Max: 49.34% - Min: -37.72% - Market Cap 6919 - Trading time: 00:01:57
06-09-2025 21:54:05.072 INFO Current price: 0.000000034585 - Current percentage: -37.87% - Max: 49.34% - Min: -37.87% - Market Cap 6902 - Trading time: 00:02:02
06-09-2025 21:54:10.456 INFO Current price: 0.000000034498 - Current percentage: -38.03% - Max: 49.34% - Min: -38.03% - Market Cap 6884 - Trading time: 00:02:08
06-09-2025 21:54:10.459 INFO Current price: 0.000000033979 - Current percentage: -39.73% - Max: 49.34% - Min: -39.73% - Market Cap 6696 - Trading time: 00:02:08
06-09-2025 21:54:22.945 INFO Current price: 0.000000033591 - Current percentage: -39.44% - Max: 49.34% - Min: -39.73% - Market Cap 6728 - Trading time: 00:02:20
06-09-2025 21:54:29.563 INFO Current price: 0.000000033608 - Current percentage: -39.67% - Max: 49.34% - Min: -39.73% - Market Cap 6703 - Trading time: 00:02:27
06-09-2025 21:55:28.303 INFO Current price: 0.000000033550 - Current percentage: -39.67% - Max: 49.34% - Min: -39.73% - Market Cap 6703 - Trading time: 00:03:25
06-09-2025 21:55:28.980 INFO Current price: 0.000000032167 - Current percentage: -44.52% - Max: 49.34% - Min: -44.52% - Market Cap 6163 - Trading time: 00:03:26
06-09-2025 21:55:42.934 INFO Current price: 0.000000030770 - Current percentage: -44.79% - Max: 49.34% - Min: -44.79% - Market Cap 6133 - Trading time: 00:03:40
06-09-2025 21:55:43.670 INFO Current price: 0.000000030675 - Current percentage: -44.87% - Max: 49.34% - Min: -44.87% - Market Cap 6125 - Trading time: 00:03:41
06-09-2025 21:56:03.810 INFO Current price: 0.000000030645 - Current percentage: -44.90% - Max: 49.34% - Min: -44.90% - Market Cap 6122 - Trading time: 00:04:01
06-09-2025 21:56:09.441 INFO Current price: 0.000000030444 - Current percentage: -45.59% - Max: 49.34% - Min: -45.59% - Market Cap 6045 - Trading time: 00:04:07
06-09-2025 21:56:25.507 INFO Current price: 0.000000030330 - Current percentage: -45.31% - Max: 49.34% - Min: -45.59% - Market Cap 6076 - Trading time: 00:04:23
06-09-2025 21:56:29.524 INFO Current price: 0.000000030483 - Current percentage: -45.04% - Max: 49.34% - Min: -45.59% - Market Cap 6106 - Trading time: 00:04:27
06-09-2025 21:57:16.309 INFO Current price: 0.000000029347 - Current percentage: -49.31% - Max: 49.34% - Min: -49.31% - Market Cap 5631 - Trading time: 00:05:13
06-09-2025 21:57:46.481 INFO Current price: 0.000000028228 - Current percentage: -49.15% - Max: 49.34% - Min: -49.31% - Market Cap 5650 - Trading time: 00:05:44
06-09-2025 21:58:01.628 INFO Current price: 0.000000028228 - Current percentage: -49.31% - Max: 49.34% - Min: -49.31% - Market Cap 5631 - Trading time: 00:05:59
06-09-2025 22:03:49.653 INFO Current price: 0.000000028169 - Current percentage: -49.38% - Max: 49.34% - Min: -49.38% - Market Cap 5624 - Trading time: 00:11:47
06-09-2025 22:05:06.078 INFO Current price: 0.000000028111 - Current percentage: -49.54% - Max: 49.34% - Min: -49.54% - Market Cap 5606 - Trading time: 00:13:03
06-09-2025 22:09:26.378 INFO Current price: 0.000000028055 - Current percentage: -49.58% - Max: 49.34% - Min: -49.58% - Market Cap 5602 - Trading time: 00:17:23
06-09-2025 22:10:50.310 INFO Current price: 0.000000000000 - Current percentage: -49.58% - Max: 49.34% - Min: -49.58% - Market Cap 5602 - Trading time: 00:18:47






06-09-2025 22:12:02.414 INFO {"type":"summary","reason":"max_window","startedAt":"2025-09-06T19:52:02.415Z","endedAt":"2025-09-06T20:12:02.414Z","durationSec":1199,"entryPrice":5.940856542217991e-8,"entryMarketCapSol":55.600495196434586,"entryMarketCapUsd":11109.534945199595,"minPct":-49.57727719009444,"maxPct":49.338097546972335,"buyCount":165,"sellCount":203,"tradeCount":368,"entryRecorded":true,"noPostThresholdTrades":false,"triggerAt":"2025-09-06T19:52:02.415Z","ageAtTriggerSec":14,"preTotalTrades":35,"preBuys":31,"preSells":4,"preUniqueTraders":32,"preEntryTotalTrades":47,"preEntryBuys":42,"preEntrySells":5,"preEntryUniqueTraders":42,"preEntryMinMcUsd":7802.462127635776,"preEntryMaxMcUsd":13065.334611757937,"thresholdMcSol":55.600495196434586,"thresholdMcUsd":11109.534945199595,"thresholdPrice":5.940856542217991e-8}
