06-09-2025 21:10:45.094 INFO Entry price: 0.000000045806382630 - Entry market cap: 8430 - Buys 20 - Sells 10 - Ratio: 1:0.50 - Min MarketCap: 7230 - Max MarketCap: 10792
06-09-2025 21:10:45.094 INFO Current price: 0.000000045806 - Current percentage: 0.00% - Max: 0.00% - Min: 0.00% - Market Cap 8430 - Trading time: 00:00:01
06-09-2025 21:10:45.470 INFO Current price: 0.000000045540 - Current percentage: 0.09% - Max: 0.09% - Min: 0.00% - Market Cap 8437 - Trading time: 00:00:02
06-09-2025 21:10:46.382 INFO Current price: 0.000000042074 - Current percentage: -0.42% - Max: 0.09% - Min: -0.42% - Market Cap 8394 - Trading time: 00:00:03
06-09-2025 21:10:47.164 INFO Current price: 0.000000041870 - Current percentage: -0.88% - Max: 0.09% - Min: -0.88% - Market Cap 8356 - Trading time: 00:00:04
06-09-2025 21:10:47.201 INFO Current price: 0.000000040420 - Current percentage: -7.20% - Max: 0.09% - Min: -7.20% - Market Cap 7822 - Trading time: 00:00:04
06-09-2025 21:10:47.271 INFO Current price: 0.000000037690 - Current percentage: -13.81% - Max: 0.09% - Min: -13.81% - Market Cap 7265 - Trading time: 00:00:04
06-09-2025 21:10:47.987 INFO Current price: 0.000000038400 - Current percentage: -3.67% - Max: 0.09% - Min: -13.81% - Market Cap 8120 - Trading time: 00:00:04
06-09-2025 21:10:48.701 INFO Current price: 0.000000040578 - Current percentage: -3.76% - Max: 0.09% - Min: -13.81% - Market Cap 8113 - Trading time: 00:00:05
06-09-2025 21:10:49.308 INFO Current price: 0.000000038367 - Current percentage: -13.88% - Max: 0.09% - Min: -13.88% - Market Cap 7259 - Trading time: 00:00:06
06-09-2025 21:10:49.928 INFO Current price: 0.000000036214 - Current percentage: -14.25% - Max: 0.09% - Min: -14.25% - Market Cap 7228 - Trading time: 00:00:06
06-09-2025 21:10:50.752 INFO Current price: 0.000000034427 - Current percentage: -22.18% - Max: 0.09% - Min: -22.18% - Market Cap 6560 - Trading time: 00:00:07
06-09-2025 21:10:50.761 INFO Current price: 0.000000031300 - Current percentage: -29.12% - Max: 0.09% - Min: -29.12% - Market Cap 5975 - Trading time: 00:00:07
06-09-2025 21:10:51.465 INFO Current price: 0.000000030834 - Current percentage: -24.48% - Max: 0.09% - Min: -29.12% - Market Cap 6366 - Trading time: 00:00:08
06-09-2025 21:10:51.598 INFO Current price: 0.000000031935 - Current percentage: -23.97% - Max: 0.09% - Min: -29.12% - Market Cap 6409 - Trading time: 00:00:08
06-09-2025 21:10:53.985 INFO Current price: 0.000000031037 - Current percentage: -28.66% - Max: 0.09% - Min: -29.12% - Market Cap 6013 - Trading time: 00:00:10
06-09-2025 21:10:54.662 INFO Current price: 0.000000029083 - Current percentage: -33.24% - Max: 0.09% - Min: -33.24% - Market Cap 5627 - Trading time: 00:00:11
06-09-2025 21:10:58.622 INFO Current price: 0.000000029867 - Current percentage: -24.77% - Max: 0.09% - Min: -33.24% - Market Cap 6342 - Trading time: 00:00:15
06-09-2025 21:10:58.623 INFO Current price: 0.000000033506 - Current percentage: -15.99% - Max: 0.09% - Min: -33.24% - Market Cap 7082 - Trading time: 00:00:15
06-09-2025 21:10:59.238 INFO Current price: 0.000000035407 - Current percentage: -15.99% - Max: 0.09% - Min: -33.24% - Market Cap 7082 - Trading time: 00:00:16
06-09-2025 21:11:01.258 INFO Current price: 0.000000036145 - Current percentage: -12.45% - Max: 0.09% - Min: -33.24% - Market Cap 7380 - Trading time: 00:00:18
06-09-2025 21:11:01.261 INFO Current price: 0.000000037715 - Current percentage: -8.53% - Max: 0.09% - Min: -33.24% - Market Cap 7711 - Trading time: 00:00:18
06-09-2025 21:11:01.897 INFO Current price: 0.000000039353 - Current percentage: -4.68% - Max: 0.09% - Min: -33.24% - Market Cap 8035 - Trading time: 00:00:18
06-09-2025 21:11:02.721 INFO Current price: 0.000000040183 - Current percentage: -4.63% - Max: 0.09% - Min: -33.24% - Market Cap 8040 - Trading time: 00:00:19
06-09-2025 21:11:03.046 INFO Current price: 0.000000042379 - Current percentage: 6.03% - Max: 6.03% - Min: -33.24% - Market Cap 8938 - Trading time: 00:00:19
06-09-2025 21:11:04.353 INFO Current price: 0.000000043643 - Current percentage: 1.15% - Max: 6.03% - Min: -33.24% - Market Cap 8526 - Trading time: 00:00:21
06-09-2025 21:11:04.353 INFO Current price: 0.000000041693 - Current percentage: -3.24% - Max: 6.03% - Min: -33.24% - Market Cap 8157 - Trading time: 00:00:21
06-09-2025 21:11:07.174 INFO Current price: 0.000000040703 - Current percentage: -3.60% - Max: 6.03% - Min: -33.24% - Market Cap 8126 - Trading time: 00:00:24
06-09-2025 21:11:07.627 INFO Current price: 0.000000041725 - Current percentage: 1.68% - Max: 6.03% - Min: -33.24% - Market Cap 8572 - Trading time: 00:00:24
06-09-2025 21:11:07.627 INFO Current price: 0.000000040687 - Current percentage: -8.34% - Max: 6.03% - Min: -33.24% - Market Cap 7727 - Trading time: 00:00:24
06-09-2025 21:11:07.628 INFO Current price: 0.000000039171 - Current percentage: -5.75% - Max: 6.03% - Min: -33.24% - Market Cap 7945 - Trading time: 00:00:24
06-09-2025 21:11:07.823 INFO Current price: 0.000000039731 - Current percentage: -5.70% - Max: 6.03% - Min: -33.24% - Market Cap 7949 - Trading time: 00:00:24
06-09-2025 21:11:07.825 INFO Current price: 0.000000039753 - Current percentage: -5.65% - Max: 6.03% - Min: -33.24% - Market Cap 7954 - Trading time: 00:00:24
06-09-2025 21:11:07.830 INFO Current price: 0.000000039775 - Current percentage: -5.59% - Max: 6.03% - Min: -33.24% - Market Cap 7958 - Trading time: 00:00:24
06-09-2025 21:11:07.830 INFO Current price: 0.000000039788 - Current percentage: -5.59% - Max: 6.03% - Min: -33.24% - Market Cap 7959 - Trading time: 00:00:24
06-09-2025 21:11:08.086 INFO Current price: 0.000000040900 - Current percentage: -0.24% - Max: 6.03% - Min: -33.24% - Market Cap 8409 - Trading time: 00:00:24
06-09-2025 21:11:08.086 INFO Current price: 0.000000043135 - Current percentage: 5.01% - Max: 6.03% - Min: -33.24% - Market Cap 8852 - Trading time: 00:00:24
06-09-2025 21:11:08.112 INFO Current price: 0.000000044428 - Current percentage: 5.83% - Max: 6.03% - Min: -33.24% - Market Cap 8921 - Trading time: 00:00:25
06-09-2025 21:11:08.598 INFO Current price: 0.000000046902 - Current percentage: 17.04% - Max: 17.04% - Min: -33.24% - Market Cap 9866 - Trading time: 00:00:25
06-09-2025 21:11:09.454 INFO Current price: 0.000000049323 - Current percentage: 17.04% - Max: 17.04% - Min: -33.24% - Market Cap 9866 - Trading time: 00:00:26
06-09-2025 21:11:10.903 INFO Current price: 0.000000049444 - Current percentage: 17.61% - Max: 17.61% - Min: -33.24% - Market Cap 9914 - Trading time: 00:00:27
06-09-2025 21:11:11.516 INFO Current price: 0.000000047127 - Current percentage: 6.32% - Max: 17.61% - Min: -33.24% - Market Cap 8963 - Trading time: 00:00:28
06-09-2025 21:11:12.050 INFO Current price: 0.000000044796 - Current percentage: 6.26% - Max: 17.61% - Min: -33.24% - Market Cap 8958 - Trading time: 00:00:28
06-09-2025 21:11:12.354 INFO Current price: 0.000000048243 - Current percentage: 23.32% - Max: 23.32% - Min: -33.24% - Market Cap 10395 - Trading time: 00:00:29
06-09-2025 21:11:12.447 INFO Current price: 0.000000052358 - Current percentage: 25.16% - Max: 25.16% - Min: -33.24% - Market Cap 10551 - Trading time: 00:00:29
06-09-2025 21:11:12.603 INFO Current price: 0.000000053000 - Current percentage: 26.36% - Max: 26.36% - Min: -33.24% - Market Cap 10651 - Trading time: 00:00:29
06-09-2025 21:11:13.155 INFO Current price: 0.000000053026 - Current percentage: 25.29% - Max: 26.36% - Min: -33.24% - Market Cap 10561 - Trading time: 00:00:30
06-09-2025 21:11:13.155 INFO Current price: 0.000000054082 - Current percentage: 31.44% - Max: 31.44% - Min: -33.24% - Market Cap 11080 - Trading time: 00:00:30
06-09-2025 21:11:13.155 INFO Current price: 0.000000056706 - Current percentage: 37.74% - Max: 37.74% - Min: -33.24% - Market Cap 11611 - Trading time: 00:00:30
06-09-2025 21:11:13.155 INFO Current price: 0.000000059392 - Current percentage: 44.19% - Max: 44.19% - Min: -33.24% - Market Cap 12154 - Trading time: 00:00:30
06-09-2025 21:11:13.155 INFO Current price: 0.000000061034 - Current percentage: 45.46% - Max: 45.46% - Min: -33.24% - Market Cap 12262 - Trading time: 00:00:30
06-09-2025 21:11:13.155 INFO Current price: 0.000000061305 - Current percentage: 45.47% - Max: 45.47% - Min: -33.24% - Market Cap 12262 - Trading time: 00:00:30
06-09-2025 21:11:13.155 INFO Current price: 0.000000061308 - Current percentage: 45.48% - Max: 45.48% - Min: -33.24% - Market Cap 12263 - Trading time: 00:00:30
06-09-2025 21:11:13.155 INFO Current price: 0.000000061311 - Current percentage: 45.48% - Max: 45.48% - Min: -33.24% - Market Cap 12264 - Trading time: 00:00:30
06-09-2025 21:11:13.155 INFO Current price: 0.000000061314 - Current percentage: 45.49% - Max: 45.49% - Min: -33.24% - Market Cap 12264 - Trading time: 00:00:30
06-09-2025 21:11:13.155 INFO Current price: 0.000000061317 - Current percentage: 45.50% - Max: 45.50% - Min: -33.24% - Market Cap 12265 - Trading time: 00:00:30
06-09-2025 21:11:13.156 INFO Current price: 0.000000061321 - Current percentage: 45.51% - Max: 45.51% - Min: -33.24% - Market Cap 12266 - Trading time: 00:00:30
06-09-2025 21:11:13.156 INFO Current price: 0.000000064021 - Current percentage: 58.60% - Max: 58.60% - Min: -33.24% - Market Cap 13369 - Trading time: 00:00:30
06-09-2025 21:11:13.156 INFO Current price: 0.000000066841 - Current percentage: 58.61% - Max: 58.61% - Min: -33.24% - Market Cap 13370 - Trading time: 00:00:30
06-09-2025 21:11:13.156 INFO Current price: 0.000000066845 - Current percentage: 58.62% - Max: 58.62% - Min: -33.24% - Market Cap 13371 - Trading time: 00:00:30
06-09-2025 21:11:13.156 INFO Current price: 0.000000066880 - Current percentage: 58.62% - Max: 58.62% - Min: -33.24% - Market Cap 13371 - Trading time: 00:00:30
06-09-2025 21:11:13.156 INFO Current price: 0.000000066844 - Current percentage: 58.62% - Max: 58.62% - Min: -33.24% - Market Cap 13371 - Trading time: 00:00:30
06-09-2025 21:11:13.257 INFO Current price: 0.000000066880 - Current percentage: 58.62% - Max: 58.62% - Min: -33.24% - Market Cap 13371 - Trading time: 00:00:30
06-09-2025 21:11:13.258 INFO Current price: 0.000000066848 - Current percentage: 58.62% - Max: 58.62% - Min: -33.24% - Market Cap 13371 - Trading time: 00:00:30
06-09-2025 21:11:13.258 INFO Current price: 0.000000066849 - Current percentage: 58.62% - Max: 58.62% - Min: -33.24% - Market Cap 13371 - Trading time: 00:00:30
06-09-2025 21:11:14.690 INFO Current price: 0.000000069668 - Current percentage: 72.28% - Max: 72.28% - Min: -33.24% - Market Cap 14523 - Trading time: 00:00:31
06-09-2025 21:11:14.723 INFO Current price: 0.000000071975 - Current percentage: 69.30% - Max: 72.28% - Min: -33.24% - Market Cap 14271 - Trading time: 00:00:31
06-09-2025 21:11:15.201 INFO Current price: 0.000000072806 - Current percentage: 76.28% - Max: 76.28% - Min: -33.24% - Market Cap 14860 - Trading time: 00:00:32
06-09-2025 21:11:15.386 INFO Current price: 0.000000075776 - Current percentage: 83.40% - Max: 83.40% - Min: -33.24% - Market Cap 15460 - Trading time: 00:00:32
06-09-2025 21:11:15.439 INFO Current price: 0.000000077670 - Current percentage: 85.20% - Max: 85.20% - Min: -33.24% - Market Cap 15612 - Trading time: 00:00:32
06-09-2025 21:11:15.588 INFO Current price: 0.000000078048 - Current percentage: 85.20% - Max: 85.20% - Min: -33.24% - Market Cap 15612 - Trading time: 00:00:32
06-09-2025 21:11:15.917 INFO Current price: 0.000000080635 - Current percentage: 97.67% - Max: 97.67% - Min: -33.24% - Market Cap 16662 - Trading time: 00:00:32
06-09-2025 21:11:15.917 INFO Current price: 0.000000085741 - Current percentage: 109.40% - Max: 109.40% - Min: -33.24% - Market Cap 17652 - Trading time: 00:00:32
06-09-2025 21:11:15.917 INFO Current price: 0.000000091088 - Current percentage: 123.09% - Max: 123.09% - Min: -33.24% - Market Cap 18806 - Trading time: 00:00:32
06-09-2025 21:11:16.102 INFO Current price: 0.000000094102 - Current percentage: 123.49% - Max: 123.49% - Min: -33.24% - Market Cap 18839 - Trading time: 00:00:33
06-09-2025 21:11:16.209 INFO Current price: 0.000000092708 - Current percentage: 116.53% - Max: 123.49% - Min: -33.24% - Market Cap 18253 - Trading time: 00:00:33
06-09-2025 21:11:16.214 INFO Current price: 0.000000092489 - Current percentage: 122.43% - Max: 123.49% - Min: -33.24% - Market Cap 18750 - Trading time: 00:00:33
06-09-2025 21:11:16.520 INFO Current price: 0.000000093874 - Current percentage: 123.06% - Max: 123.49% - Min: -33.24% - Market Cap 18803 - Trading time: 00:00:33
06-09-2025 21:11:16.591 INFO Current price: 0.000000091378 - Current percentage: 110.76% - Max: 123.49% - Min: -33.24% - Market Cap 17766 - Trading time: 00:00:33
06-09-2025 21:11:16.593 INFO Current price: 0.000000086176 - Current percentage: 98.39% - Max: 123.49% - Min: -33.24% - Market Cap 16723 - Trading time: 00:00:33
06-09-2025 21:11:16.599 INFO Current price: 0.000000081297 - Current percentage: 87.57% - Max: 123.49% - Min: -33.24% - Market Cap 15812 - Trading time: 00:00:33
06-09-2025 21:11:16.757 INFO Current price: 0.000000080583 - Current percentage: 94.91% - Max: 123.49% - Min: -33.24% - Market Cap 16431 - Trading time: 00:00:33
06-09-2025 21:11:16.763 INFO Current price: 0.000000082160 - Current percentage: 94.99% - Max: 123.49% - Min: -33.24% - Market Cap 16437 - Trading time: 00:00:33
06-09-2025 21:11:17.042 INFO Current price: 0.000000082488 - Current percentage: 96.47% - Max: 123.49% - Min: -33.24% - Market Cap 16562 - Trading time: 00:00:33
06-09-2025 21:11:17.081 INFO Current price: 0.000000081905 - Current percentage: 92.24% - Max: 123.49% - Min: -33.24% - Market Cap 16205 - Trading time: 00:00:33
06-09-2025 21:11:17.130 INFO Current price: 0.000000081329 - Current percentage: 93.72% - Max: 123.49% - Min: -33.24% - Market Cap 16330 - Trading time: 00:00:34
06-09-2025 21:11:17.245 INFO Current price: 0.000000080762 - Current percentage: 89.57% - Max: 123.49% - Min: -33.24% - Market Cap 15980 - Trading time: 00:00:34
06-09-2025 21:11:17.382 INFO Current price: 0.000000079940 - Current percentage: 89.79% - Max: 123.49% - Min: -33.24% - Market Cap 15999 - Trading time: 00:00:34
06-09-2025 21:11:17.479 INFO Current price: 0.000000080140 - Current percentage: 90.53% - Max: 123.49% - Min: -33.24% - Market Cap 16061 - Trading time: 00:00:34
06-09-2025 21:11:17.658 INFO Current price: 0.000000080310 - Current percentage: 90.60% - Max: 123.49% - Min: -33.24% - Market Cap 16067 - Trading time: 00:00:34
06-09-2025 21:11:17.862 INFO Current price: 0.000000080325 - Current percentage: 90.59% - Max: 123.49% - Min: -33.24% - Market Cap 16066 - Trading time: 00:00:34
06-09-2025 21:11:17.862 INFO Current price: 0.000000080323 - Current percentage: 90.59% - Max: 123.49% - Min: -33.24% - Market Cap 16066 - Trading time: 00:00:34
06-09-2025 21:11:17.862 INFO Current price: 0.000000080322 - Current percentage: 90.59% - Max: 123.49% - Min: -33.24% - Market Cap 16066 - Trading time: 00:00:34
06-09-2025 21:11:17.863 INFO Current price: 0.000000080320 - Current percentage: 90.58% - Max: 123.49% - Min: -33.24% - Market Cap 16065 - Trading time: 00:00:34
06-09-2025 21:11:18.065 INFO Current price: 0.000000080318 - Current percentage: 90.58% - Max: 123.49% - Min: -33.24% - Market Cap 16065 - Trading time: 00:00:34
06-09-2025 21:11:18.065 INFO Current price: 0.000000080317 - Current percentage: 90.58% - Max: 123.49% - Min: -33.24% - Market Cap 16065 - Trading time: 00:00:34
06-09-2025 21:11:18.065 INFO Current price: 0.000000080315 - Current percentage: 90.57% - Max: 123.49% - Min: -33.24% - Market Cap 16065 - Trading time: 00:00:34
06-09-2025 21:11:18.127 INFO Current price: 0.000000079150 - Current percentage: 85.09% - Max: 123.49% - Min: -33.24% - Market Cap 15602 - Trading time: 00:00:35
06-09-2025 21:11:18.177 INFO Current price: 0.000000078763 - Current percentage: 88.71% - Max: 123.49% - Min: -33.24% - Market Cap 15908 - Trading time: 00:00:35
06-09-2025 21:11:18.322 INFO Current price: 0.000000080300 - Current percentage: 92.38% - Max: 123.49% - Min: -33.24% - Market Cap 16217 - Trading time: 00:00:35
06-09-2025 21:11:18.409 INFO Current price: 0.000000077618 - Current percentage: 76.32% - Max: 123.49% - Min: -33.24% - Market Cap 14863 - Trading time: 00:00:35
06-09-2025 21:11:18.614 INFO Current price: 0.000000074308 - Current percentage: 76.32% - Max: 123.49% - Min: -33.24% - Market Cap 14863 - Trading time: 00:00:35
06-09-2025 21:11:18.636 INFO Current price: 0.000000074307 - Current percentage: 76.32% - Max: 123.49% - Min: -33.24% - Market Cap 14863 - Trading time: 00:00:35
06-09-2025 21:11:18.731 INFO Current price: 0.000000074213 - Current percentage: 75.87% - Max: 123.49% - Min: -33.24% - Market Cap 14825 - Trading time: 00:00:35
06-09-2025 21:11:18.754 INFO Current price: 0.000000074119 - Current percentage: 75.87% - Max: 123.49% - Min: -33.24% - Market Cap 14825 - Trading time: 00:00:35
06-09-2025 21:11:18.867 INFO Current price: 0.000000074654 - Current percentage: 78.42% - Max: 123.49% - Min: -33.24% - Market Cap 15040 - Trading time: 00:00:35
06-09-2025 21:11:19.601 INFO Current price: 0.000000075272 - Current percentage: 78.79% - Max: 123.49% - Min: -33.24% - Market Cap 15072 - Trading time: 00:00:36
06-09-2025 21:11:19.601 INFO Current price: 0.000000075350 - Current percentage: 78.79% - Max: 123.49% - Min: -33.24% - Market Cap 15071 - Trading time: 00:00:36
06-09-2025 21:11:20.423 INFO Current price: 0.000000075499 - Current percentage: 79.50% - Max: 123.49% - Min: -33.24% - Market Cap 15131 - Trading time: 00:00:37
06-09-2025 21:11:20.527 INFO Current price: 0.000000075646 - Current percentage: 79.49% - Max: 123.49% - Min: -33.24% - Market Cap 15130 - Trading time: 00:00:37
06-09-2025 21:11:20.533 INFO Current price: 0.000000075614 - Current percentage: 79.35% - Max: 123.49% - Min: -33.24% - Market Cap 15118 - Trading time: 00:00:37
06-09-2025 21:11:20.533 INFO Current price: 0.000000075556 - Current percentage: 79.21% - Max: 123.49% - Min: -33.24% - Market Cap 15107 - Trading time: 00:00:37
06-09-2025 21:11:20.534 INFO Current price: 0.000000075497 - Current percentage: 79.07% - Max: 123.49% - Min: -33.24% - Market Cap 15095 - Trading time: 00:00:37
06-09-2025 21:11:21.239 INFO Current price: 0.000000072991 - Current percentage: 67.51% - Max: 123.49% - Min: -33.24% - Market Cap 14120 - Trading time: 00:00:38
06-09-2025 21:11:21.239 INFO Current price: 0.000000068129 - Current percentage: 56.01% - Max: 123.49% - Min: -33.24% - Market Cap 13151 - Trading time: 00:00:38
06-09-2025 21:11:21.239 INFO Current price: 0.000000065778 - Current percentage: 56.15% - Max: 123.49% - Min: -33.24% - Market Cap 13163 - Trading time: 00:00:38
06-09-2025 21:11:21.333 INFO Current price: 0.000000065782 - Current percentage: 56.15% - Max: 123.49% - Min: -33.24% - Market Cap 13163 - Trading time: 00:00:38
06-09-2025 21:11:21.370 INFO Current price: 0.000000065804 - Current percentage: 56.15% - Max: 123.49% - Min: -33.24% - Market Cap 13163 - Trading time: 00:00:38
06-09-2025 21:11:21.374 INFO Current price: 0.000000065782 - Current percentage: 56.15% - Max: 123.49% - Min: -33.24% - Market Cap 13163 - Trading time: 00:00:38
06-09-2025 21:11:21.573 INFO Current price: 0.000000061976 - Current percentage: 38.50% - Max: 123.49% - Min: -33.24% - Market Cap 11675 - Trading time: 00:00:38
06-09-2025 21:11:21.762 INFO Current price: 0.000000057394 - Current percentage: 33.91% - Max: 123.49% - Min: -33.24% - Market Cap 11288 - Trading time: 00:00:38
06-09-2025 21:11:21.870 INFO Current price: 0.000000057083 - Current percentage: 37.00% - Max: 123.49% - Min: -33.24% - Market Cap 11549 - Trading time: 00:00:38
06-09-2025 21:11:22.364 INFO Current price: 0.000000057729 - Current percentage: 36.96% - Max: 123.49% - Min: -33.24% - Market Cap 11545 - Trading time: 00:00:39
06-09-2025 21:11:22.979 INFO Current price: 0.000000057732 - Current percentage: 37.02% - Max: 123.49% - Min: -33.24% - Market Cap 11550 - Trading time: 00:00:39
06-09-2025 21:11:22.979 INFO Current price: 0.000000057745 - Current percentage: 37.02% - Max: 123.49% - Min: -33.24% - Market Cap 11550 - Trading time: 00:00:39
06-09-2025 21:11:22.979 INFO Current price: 0.000000057744 - Current percentage: 37.02% - Max: 123.49% - Min: -33.24% - Market Cap 11550 - Trading time: 00:00:39
06-09-2025 21:11:22.979 INFO Current price: 0.000000057743 - Current percentage: 37.01% - Max: 123.49% - Min: -33.24% - Market Cap 11550 - Trading time: 00:00:39
06-09-2025 21:11:22.979 INFO Current price: 0.000000057742 - Current percentage: 37.01% - Max: 123.49% - Min: -33.24% - Market Cap 11549 - Trading time: 00:00:39
06-09-2025 21:11:22.979 INFO Current price: 0.000000057741 - Current percentage: 37.01% - Max: 123.49% - Min: -33.24% - Market Cap 11549 - Trading time: 00:00:39
06-09-2025 21:11:22.979 INFO Current price: 0.000000057740 - Current percentage: 37.01% - Max: 123.49% - Min: -33.24% - Market Cap 11549 - Trading time: 00:00:39
06-09-2025 21:11:22.980 INFO Current price: 0.000000057740 - Current percentage: 37.00% - Max: 123.49% - Min: -33.24% - Market Cap 11549 - Trading time: 00:00:39
06-09-2025 21:11:22.980 INFO Current price: 0.000000057739 - Current percentage: 37.00% - Max: 123.49% - Min: -33.24% - Market Cap 11549 - Trading time: 00:00:39
06-09-2025 21:11:23.008 INFO Current price: 0.000000057869 - Current percentage: 37.62% - Max: 123.49% - Min: -33.24% - Market Cap 11601 - Trading time: 00:00:39
06-09-2025 21:11:23.053 INFO Current price: 0.000000057521 - Current percentage: 35.36% - Max: 123.49% - Min: -33.24% - Market Cap 11410 - Trading time: 00:00:39
06-09-2025 21:11:23.151 INFO Current price: 0.000000056139 - Current percentage: 31.09% - Max: 123.49% - Min: -33.24% - Market Cap 11050 - Trading time: 00:00:40
06-09-2025 21:11:23.207 INFO Current price: 0.000000055308 - Current percentage: 31.38% - Max: 123.49% - Min: -33.24% - Market Cap 11075 - Trading time: 00:00:40
06-09-2025 21:11:23.387 INFO Current price: 0.000000055369 - Current percentage: 31.38% - Max: 123.49% - Min: -33.24% - Market Cap 11075 - Trading time: 00:00:40
06-09-2025 21:11:23.596 INFO Current price: 0.000000055368 - Current percentage: 31.38% - Max: 123.49% - Min: -33.24% - Market Cap 11075 - Trading time: 00:00:40
06-09-2025 21:11:23.888 INFO Current price: 0.000000055197 - Current percentage: 30.57% - Max: 123.49% - Min: -33.24% - Market Cap 11006 - Trading time: 00:00:40
06-09-2025 21:11:24.191 INFO Current price: 0.000000055217 - Current percentage: 31.48% - Max: 123.49% - Min: -33.24% - Market Cap 11083 - Trading time: 00:00:41
06-09-2025 21:11:24.820 INFO Current price: 0.000000055419 - Current percentage: 31.52% - Max: 123.49% - Min: -33.24% - Market Cap 11087 - Trading time: 00:00:41
06-09-2025 21:11:24.821 INFO Current price: 0.000000055341 - Current percentage: 31.10% - Max: 123.49% - Min: -33.24% - Market Cap 11052 - Trading time: 00:00:41
06-09-2025 21:11:24.823 INFO Current price: 0.000000053802 - Current percentage: 24.31% - Max: 123.49% - Min: -33.24% - Market Cap 10479 - Trading time: 00:00:41
06-09-2025 21:11:24.824 INFO Current price: 0.000000051235 - Current percentage: 18.89% - Max: 123.49% - Min: -33.24% - Market Cap 10022 - Trading time: 00:00:41
06-09-2025 21:11:24.824 INFO Current price: 0.000000048955 - Current percentage: 13.50% - Max: 123.49% - Min: -33.24% - Market Cap 9567 - Trading time: 00:00:41
06-09-2025 21:11:24.979 INFO Current price: 0.000000047844 - Current percentage: 13.55% - Max: 123.49% - Min: -33.24% - Market Cap 9572 - Trading time: 00:00:41
06-09-2025 21:11:25.016 INFO Current price: 0.000000047975 - Current percentage: 14.12% - Max: 123.49% - Min: -33.24% - Market Cap 9620 - Trading time: 00:00:41
06-09-2025 21:11:25.331 INFO Current price: 0.000000048214 - Current percentage: 14.69% - Max: 123.49% - Min: -33.24% - Market Cap 9668 - Trading time: 00:00:42
06-09-2025 21:11:25.535 INFO Current price: 0.000000048192 - Current percentage: 14.02% - Max: 123.49% - Min: -33.24% - Market Cap 9611 - Trading time: 00:00:42
06-09-2025 21:11:25.536 INFO Current price: 0.000000048029 - Current percentage: 13.91% - Max: 123.49% - Min: -33.24% - Market Cap 9602 - Trading time: 00:00:42
06-09-2025 21:11:25.536 INFO Current price: 0.000000048127 - Current percentage: 14.48% - Max: 123.49% - Min: -33.24% - Market Cap 9650 - Trading time: 00:00:42
06-09-2025 21:11:25.842 INFO Current price: 0.000000048366 - Current percentage: 15.05% - Max: 123.49% - Min: -33.24% - Market Cap 9698 - Trading time: 00:00:42
06-09-2025 21:11:26.150 INFO Current price: 0.000000048468 - Current percentage: 14.97% - Max: 123.49% - Min: -33.24% - Market Cap 9691 - Trading time: 00:00:43
06-09-2025 21:11:26.354 INFO Current price: 0.000000048092 - Current percentage: 13.27% - Max: 123.49% - Min: -33.24% - Market Cap 9548 - Trading time: 00:00:43
06-09-2025 21:11:26.690 INFO Current price: 0.000000047854 - Current percentage: 13.83% - Max: 123.49% - Min: -33.24% - Market Cap 9596 - Trading time: 00:00:43
06-09-2025 21:11:27.481 INFO Current price: 0.000000047943 - Current percentage: 13.69% - Max: 123.49% - Min: -33.24% - Market Cap 9583 - Trading time: 00:00:44
06-09-2025 21:11:27.520 INFO Current price: 0.000000050895 - Current percentage: 28.28% - Max: 123.49% - Min: -33.24% - Market Cap 10814 - Trading time: 00:00:44
06-09-2025 21:11:27.591 INFO Current price: 0.000000058597 - Current percentage: 50.70% - Max: 123.49% - Min: -33.24% - Market Cap 12704 - Trading time: 00:00:44
06-09-2025 21:11:27.827 INFO Current price: 0.000000064776 - Current percentage: 56.76% - Max: 123.49% - Min: -33.24% - Market Cap 13214 - Trading time: 00:00:44
06-09-2025 21:11:28.196 INFO Current price: 0.000000066065 - Current percentage: 56.76% - Max: 123.49% - Min: -33.24% - Market Cap 13214 - Trading time: 00:00:45
06-09-2025 21:11:28.196 INFO Current price: 0.000000066065 - Current percentage: 56.76% - Max: 123.49% - Min: -33.24% - Market Cap 13214 - Trading time: 00:00:45
06-09-2025 21:11:28.197 INFO Current price: 0.000000066063 - Current percentage: 56.76% - Max: 123.49% - Min: -33.24% - Market Cap 13214 - Trading time: 00:00:45
06-09-2025 21:11:28.197 INFO Current price: 0.000000066062 - Current percentage: 56.75% - Max: 123.49% - Min: -33.24% - Market Cap 13214 - Trading time: 00:00:45
06-09-2025 21:11:28.197 INFO Current price: 0.000000066061 - Current percentage: 56.75% - Max: 123.49% - Min: -33.24% - Market Cap 13213 - Trading time: 00:00:45
06-09-2025 21:11:28.197 INFO Current price: 0.000000066060 - Current percentage: 56.75% - Max: 123.49% - Min: -33.24% - Market Cap 13213 - Trading time: 00:00:45
06-09-2025 21:11:28.197 INFO Current price: 0.000000066058 - Current percentage: 56.74% - Max: 123.49% - Min: -33.24% - Market Cap 13213 - Trading time: 00:00:45
06-09-2025 21:11:28.197 INFO Current price: 0.000000066057 - Current percentage: 56.74% - Max: 123.49% - Min: -33.24% - Market Cap 13213 - Trading time: 00:00:45
06-09-2025 21:11:28.267 INFO Current price: 0.000000066056 - Current percentage: 56.74% - Max: 123.49% - Min: -33.24% - Market Cap 13213 - Trading time: 00:00:45
06-09-2025 21:11:28.271 INFO Current price: 0.000000066056 - Current percentage: 56.74% - Max: 123.49% - Min: -33.24% - Market Cap 13212 - Trading time: 00:00:45
06-09-2025 21:11:28.319 INFO Current price: 0.000000066406 - Current percentage: 58.40% - Max: 123.49% - Min: -33.24% - Market Cap 13353 - Trading time: 00:00:45
06-09-2025 21:11:28.475 INFO Current price: 0.000000066800 - Current percentage: 58.60% - Max: 123.49% - Min: -33.24% - Market Cap 13370 - Trading time: 00:00:45
06-09-2025 21:11:28.947 INFO Current price: 0.000000066843 - Current percentage: 58.61% - Max: 123.49% - Min: -33.24% - Market Cap 13370 - Trading time: 00:00:45
06-09-2025 21:11:29.156 INFO Current price: 0.000000068602 - Current percentage: 67.06% - Max: 123.49% - Min: -33.24% - Market Cap 14083 - Trading time: 00:00:46
06-09-2025 21:11:29.161 INFO Current price: 0.000000072254 - Current percentage: 75.95% - Max: 123.49% - Min: -33.24% - Market Cap 14832 - Trading time: 00:00:46
06-09-2025 21:11:29.175 INFO Current price: 0.000000075883 - Current percentage: 84.27% - Max: 123.49% - Min: -33.24% - Market Cap 15533 - Trading time: 00:00:46
06-09-2025 21:11:29.219 INFO Current price: 0.000000075555 - Current percentage: 74.42% - Max: 123.49% - Min: -33.24% - Market Cap 14703 - Trading time: 00:00:46
06-09-2025 21:11:29.247 INFO Current price: 0.000000073657 - Current percentage: 75.13% - Max: 123.49% - Min: -33.24% - Market Cap 14762 - Trading time: 00:00:46
06-09-2025 21:11:29.255 INFO Current price: 0.000000075739 - Current percentage: 84.43% - Max: 123.49% - Min: -33.24% - Market Cap 15546 - Trading time: 00:00:46
06-09-2025 21:11:29.257 INFO Current price: 0.000000077521 - Current percentage: 83.46% - Max: 123.49% - Min: -33.24% - Market Cap 15465 - Trading time: 00:00:46
06-09-2025 21:11:29.918 INFO Current price: 0.000000077576 - Current percentage: 84.69% - Max: 123.49% - Min: -33.24% - Market Cap 15568 - Trading time: 00:00:46
06-09-2025 21:11:29.929 INFO Current price: 0.000000077986 - Current percentage: 85.41% - Max: 123.49% - Min: -33.24% - Market Cap 15629 - Trading time: 00:00:46
06-09-2025 21:11:30.047 INFO Current price: 0.000000078154 - Current percentage: 85.48% - Max: 123.49% - Min: -33.24% - Market Cap 15635 - Trading time: 00:00:46
06-09-2025 21:11:30.070 INFO Current price: 0.000000078931 - Current percentage: 89.11% - Max: 123.49% - Min: -33.24% - Market Cap 15942 - Trading time: 00:00:46
06-09-2025 21:11:30.083 INFO Current price: 0.000000079762 - Current percentage: 89.41% - Max: 123.49% - Min: -33.24% - Market Cap 15966 - Trading time: 00:00:46
06-09-2025 21:11:30.110 INFO Current price: 0.000000078026 - Current percentage: 80.97% - Max: 123.49% - Min: -33.24% - Market Cap 15255 - Trading time: 00:00:47
06-09-2025 21:11:30.172 INFO Current price: 0.000000076449 - Current percentage: 81.83% - Max: 123.49% - Min: -33.24% - Market Cap 15328 - Trading time: 00:00:47
06-09-2025 21:11:30.174 INFO Current price: 0.000000077083 - Current percentage: 83.98% - Max: 123.49% - Min: -33.24% - Market Cap 15509 - Trading time: 00:00:47
06-09-2025 21:11:30.453 INFO Current price: 0.000000077537 - Current percentage: 83.98% - Max: 123.49% - Min: -33.24% - Market Cap 15509 - Trading time: 00:00:47
06-09-2025 21:11:30.754 INFO Current price: 0.000000076594 - Current percentage: 79.53% - Max: 123.49% - Min: -33.24% - Market Cap 15134 - Trading time: 00:00:47
06-09-2025 21:11:32.290 INFO Current price: 0.000000075738 - Current percentage: 79.89% - Max: 123.49% - Min: -33.24% - Market Cap 15164 - Trading time: 00:00:49
06-09-2025 21:11:33.352 INFO Current price: 0.000000074880 - Current percentage: 75.49% - Max: 123.49% - Min: -33.24% - Market Cap 14793 - Trading time: 00:00:50
06-09-2025 21:11:33.396 INFO Current price: 0.000000073010 - Current percentage: 71.02% - Max: 123.49% - Min: -33.24% - Market Cap 14416 - Trading time: 00:00:50
06-09-2025 21:11:33.485 INFO Current price: 0.000000071493 - Current percentage: 68.27% - Max: 123.49% - Min: -33.24% - Market Cap 14185 - Trading time: 00:00:50
06-09-2025 21:11:34.334 INFO Current price: 0.000000071280 - Current percentage: 70.00% - Max: 123.49% - Min: -33.24% - Market Cap 14330 - Trading time: 00:00:51
06-09-2025 21:11:35.208 INFO Current price: 0.000000071790 - Current percentage: 70.69% - Max: 123.49% - Min: -33.24% - Market Cap 14389 - Trading time: 00:00:52
06-09-2025 21:11:35.501 INFO Current price: 0.000000072083 - Current percentage: 71.39% - Max: 123.49% - Min: -33.24% - Market Cap 14447 - Trading time: 00:00:52
06-09-2025 21:11:35.871 INFO Current price: 0.000000073694 - Current percentage: 78.41% - Max: 123.49% - Min: -33.24% - Market Cap 15039 - Trading time: 00:00:52
06-09-2025 21:11:35.971 INFO Current price: 0.000000078428 - Current percentage: 86.46% - Max: 123.49% - Min: -33.24% - Market Cap 15718 - Trading time: 00:00:52
06-09-2025 21:11:36.036 INFO Current price: 0.000000079650 - Current percentage: 91.57% - Max: 123.49% - Min: -33.24% - Market Cap 16148 - Trading time: 00:00:52
06-09-2025 21:11:36.078 INFO Current price: 0.000000079368 - Current percentage: 85.14% - Max: 123.49% - Min: -33.24% - Market Cap 15607 - Trading time: 00:00:52
06-09-2025 21:11:36.112 INFO Current price: 0.000000078044 - Current percentage: 85.23% - Max: 123.49% - Min: -33.24% - Market Cap 15614 - Trading time: 00:00:53
06-09-2025 21:11:36.485 INFO Current price: 0.000000077891 - Current percentage: 84.42% - Max: 123.49% - Min: -33.24% - Market Cap 15546 - Trading time: 00:00:53
06-09-2025 21:11:36.697 INFO Current price: 0.000000077873 - Current percentage: 85.14% - Max: 123.49% - Min: -33.24% - Market Cap 15607 - Trading time: 00:00:53
06-09-2025 21:11:37.751 INFO Current price: 0.000000075279 - Current percentage: 72.34% - Max: 123.49% - Min: -33.24% - Market Cap 14527 - Trading time: 00:00:54
06-09-2025 21:11:38.226 INFO Current price: 0.000000072996 - Current percentage: 74.08% - Max: 123.49% - Min: -33.24% - Market Cap 14675 - Trading time: 00:00:55
06-09-2025 21:11:38.277 INFO Current price: 0.000000073125 - Current percentage: 72.95% - Max: 123.49% - Min: -33.24% - Market Cap 14579 - Trading time: 00:00:55
06-09-2025 21:11:39.010 INFO Current price: 0.000000072816 - Current percentage: 72.62% - Max: 123.49% - Min: -33.24% - Market Cap 14551 - Trading time: 00:00:55
06-09-2025 21:11:39.695 INFO Current price: 0.000000072610 - Current percentage: 71.97% - Max: 123.49% - Min: -33.24% - Market Cap 14496 - Trading time: 00:00:56
06-09-2025 21:11:41.006 INFO Current price: 0.000000072428 - Current percentage: 71.75% - Max: 123.49% - Min: -33.24% - Market Cap 14478 - Trading time: 00:00:57
06-09-2025 21:11:41.194 INFO Current price: 0.000000072194 - Current percentage: 70.86% - Max: 123.49% - Min: -33.24% - Market Cap 14403 - Trading time: 00:00:58
06-09-2025 21:11:42.883 INFO Current price: 0.000000074931 - Current percentage: 85.02% - Max: 123.49% - Min: -33.24% - Market Cap 15596 - Trading time: 00:00:59
06-09-2025 21:11:43.053 INFO Current price: 0.000000076190 - Current percentage: 76.65% - Max: 123.49% - Min: -33.24% - Market Cap 14891 - Trading time: 00:00:59
06-09-2025 21:11:43.403 INFO Current price: 0.000000072585 - Current percentage: 67.92% - Max: 123.49% - Min: -33.24% - Market Cap 14155 - Trading time: 00:01:00
06-09-2025 21:11:43.412 INFO Current price: 0.000000068951 - Current percentage: 59.40% - Max: 123.49% - Min: -33.24% - Market Cap 13437 - Trading time: 00:01:00
06-09-2025 21:11:43.412 INFO Current price: 0.000000067103 - Current percentage: 59.04% - Max: 123.49% - Min: -33.24% - Market Cap 13407 - Trading time: 00:01:00
06-09-2025 21:11:43.412 INFO Current price: 0.000000065395 - Current percentage: 51.39% - Max: 123.49% - Min: -33.24% - Market Cap 12762 - Trading time: 00:01:00
06-09-2025 21:11:43.412 INFO Current price: 0.000000063654 - Current percentage: 50.69% - Max: 123.49% - Min: -33.24% - Market Cap 12702 - Trading time: 00:01:00
06-09-2025 21:11:43.474 INFO Current price: 0.000000062891 - Current percentage: 47.78% - Max: 123.49% - Min: -33.24% - Market Cap 12458 - Trading time: 00:01:00
06-09-2025 21:11:43.813 INFO Current price: 0.000000062337 - Current percentage: 48.04% - Max: 123.49% - Min: -33.24% - Market Cap 12479 - Trading time: 00:01:00
06-09-2025 21:11:44.203 INFO Current price: 0.000000062255 - Current percentage: 46.75% - Max: 123.49% - Min: -33.24% - Market Cap 12371 - Trading time: 00:01:01
06-09-2025 21:11:44.567 INFO Current price: 0.000000061523 - Current percentage: 45.22% - Max: 123.49% - Min: -33.24% - Market Cap 12241 - Trading time: 00:01:01
06-09-2025 21:11:44.658 INFO Current price: 0.000000061874 - Current percentage: 48.43% - Max: 123.49% - Min: -33.24% - Market Cap 12512 - Trading time: 00:01:01
06-09-2025 21:11:45.502 INFO Current price: 0.000000061367 - Current percentage: 42.85% - Max: 123.49% - Min: -33.24% - Market Cap 12041 - Trading time: 00:01:02
06-09-2025 21:11:46.360 INFO Current price: 0.000000060089 - Current percentage: 42.32% - Max: 123.49% - Min: -33.24% - Market Cap 11997 - Trading time: 00:01:03
06-09-2025 21:11:46.932 INFO Current price: 0.000000057915 - Current percentage: 32.69% - Max: 123.49% - Min: -33.24% - Market Cap 11186 - Trading time: 00:01:03
06-09-2025 21:11:46.935 INFO Current price: 0.000000056109 - Current percentage: 33.58% - Max: 123.49% - Min: -33.24% - Market Cap 11260 - Trading time: 00:01:03
06-09-2025 21:11:47.601 INFO Current price: 0.000000056182 - Current percentage: 33.04% - Max: 123.49% - Min: -33.24% - Market Cap 11215 - Trading time: 00:01:04
06-09-2025 21:11:47.608 INFO Current price: 0.000000056075 - Current percentage: 33.07% - Max: 123.49% - Min: -33.24% - Market Cap 11217 - Trading time: 00:01:04
06-09-2025 21:11:47.712 INFO Current price: 0.000000056727 - Current percentage: 36.15% - Max: 123.49% - Min: -33.24% - Market Cap 11477 - Trading time: 00:01:04
06-09-2025 21:11:47.977 INFO Current price: 0.000000057392 - Current percentage: 36.21% - Max: 123.49% - Min: -33.24% - Market Cap 11482 - Trading time: 00:01:04
06-09-2025 21:11:48.355 INFO Current price: 0.000000057732 - Current percentage: 37.77% - Max: 123.49% - Min: -33.24% - Market Cap 11613 - Trading time: 00:01:05
06-09-2025 21:11:49.075 INFO Current price: 0.000000058073 - Current percentage: 37.83% - Max: 123.49% - Min: -33.24% - Market Cap 11618 - Trading time: 00:01:05
06-09-2025 21:11:49.499 INFO Current price: 0.000000058087 - Current percentage: 37.83% - Max: 123.49% - Min: -33.24% - Market Cap 11619 - Trading time: 00:01:06
06-09-2025 21:11:49.542 INFO Current price: 0.000000058256 - Current percentage: 38.63% - Max: 123.49% - Min: -33.24% - Market Cap 11686 - Trading time: 00:01:06
06-09-2025 21:11:49.842 INFO Current price: 0.000000058490 - Current percentage: 38.94% - Max: 123.49% - Min: -33.24% - Market Cap 11712 - Trading time: 00:01:06
06-09-2025 21:11:50.199 INFO Current price: 0.000000058688 - Current percentage: 39.57% - Max: 123.49% - Min: -33.24% - Market Cap 11765 - Trading time: 00:01:07
06-09-2025 21:11:51.519 INFO Current price: 0.000000059481 - Current percentage: 42.72% - Max: 123.49% - Min: -33.24% - Market Cap 12031 - Trading time: 00:01:08
06-09-2025 21:11:51.630 INFO Current price: 0.000000060183 - Current percentage: 42.88% - Max: 123.49% - Min: -33.24% - Market Cap 12044 - Trading time: 00:01:08
06-09-2025 21:11:51.656 INFO Current price: 0.000000060350 - Current percentage: 43.52% - Max: 123.49% - Min: -33.24% - Market Cap 12098 - Trading time: 00:01:08
06-09-2025 21:11:51.656 INFO Current price: 0.000000061422 - Current percentage: 48.00% - Max: 123.49% - Min: -33.24% - Market Cap 12476 - Trading time: 00:01:08
06-09-2025 21:11:52.519 INFO Current price: 0.000000062382 - Current percentage: 48.04% - Max: 123.49% - Min: -33.24% - Market Cap 12479 - Trading time: 00:01:09
06-09-2025 21:11:53.950 INFO Current price: 0.000000062563 - Current percentage: 48.87% - Max: 123.49% - Min: -33.24% - Market Cap 12549 - Trading time: 00:01:10
06-09-2025 21:11:54.231 INFO Current price: 0.000000062128 - Current percentage: 45.99% - Max: 123.49% - Min: -33.24% - Market Cap 12306 - Trading time: 00:01:11
06-09-2025 21:11:55.008 INFO Current price: 0.000000061011 - Current percentage: 43.56% - Max: 123.49% - Min: -33.24% - Market Cap 12102 - Trading time: 00:01:11
06-09-2025 21:11:55.763 INFO Current price: 0.000000060501 - Current percentage: 43.56% - Max: 123.49% - Min: -33.24% - Market Cap 12101 - Trading time: 00:01:12
06-09-2025 21:11:56.921 INFO Current price: 0.000000060902 - Current percentage: 45.47% - Max: 123.49% - Min: -33.24% - Market Cap 12263 - Trading time: 00:01:13
06-09-2025 21:11:59.307 INFO Current price: 0.000000061388 - Current percentage: 45.86% - Max: 123.49% - Min: -33.24% - Market Cap 12295 - Trading time: 00:01:16
06-09-2025 21:11:59.390 INFO Current price: 0.000000061491 - Current percentage: 45.96% - Max: 123.49% - Min: -33.24% - Market Cap 12304 - Trading time: 00:01:16
06-09-2025 21:11:59.961 INFO Current price: 0.000000061919 - Current percentage: 47.89% - Max: 123.49% - Min: -33.24% - Market Cap 12467 - Trading time: 00:01:16
06-09-2025 21:12:00.637 INFO Current price: 0.000000062398 - Current percentage: 48.23% - Max: 123.49% - Min: -33.24% - Market Cap 12495 - Trading time: 00:01:17
06-09-2025 21:12:03.707 INFO Current price: 0.000000062605 - Current percentage: 48.84% - Max: 123.49% - Min: -33.24% - Market Cap 12547 - Trading time: 00:01:20
06-09-2025 21:12:03.760 INFO Current price: 0.000000057832 - Current percentage: 26.46% - Max: 123.49% - Min: -33.24% - Market Cap 10660 - Trading time: 00:01:20
06-09-2025 21:12:03.762 INFO Current price: 0.000000053345 - Current percentage: 26.64% - Max: 123.49% - Min: -33.24% - Market Cap 10676 - Trading time: 00:01:20
06-09-2025 21:12:03.912 INFO Current price: 0.000000053094 - Current percentage: 25.27% - Max: 123.49% - Min: -33.24% - Market Cap 10560 - Trading time: 00:01:20
06-09-2025 21:12:03.913 INFO Current price: 0.000000052722 - Current percentage: 24.87% - Max: 123.49% - Min: -33.24% - Market Cap 10526 - Trading time: 00:01:20
06-09-2025 21:12:04.218 INFO Current price: 0.000000052573 - Current percentage: 24.57% - Max: 123.49% - Min: -33.24% - Market Cap 10501 - Trading time: 00:01:21
06-09-2025 21:12:04.567 INFO Current price: 0.000000052425 - Current percentage: 24.17% - Max: 123.49% - Min: -33.24% - Market Cap 10467 - Trading time: 00:01:21
06-09-2025 21:12:05.451 INFO Current price: 0.000000051819 - Current percentage: 21.71% - Max: 123.49% - Min: -33.24% - Market Cap 10259 - Trading time: 00:01:22
06-09-2025 21:12:05.540 INFO Current price: 0.000000051549 - Current percentage: 22.88% - Max: 123.49% - Min: -33.24% - Market Cap 10358 - Trading time: 00:01:22
06-09-2025 21:12:05.694 INFO Current price: 0.000000051816 - Current percentage: 22.97% - Max: 123.49% - Min: -33.24% - Market Cap 10366 - Trading time: 00:01:22
06-09-2025 21:12:06.983 INFO Current price: 0.000000051705 - Current percentage: 22.35% - Max: 123.49% - Min: -33.24% - Market Cap 10314 - Trading time: 00:01:23
06-09-2025 21:12:07.007 INFO Current price: 0.000000048619 - Current percentage: 8.73% - Max: 123.49% - Min: -33.24% - Market Cap 9166 - Trading time: 00:01:23
06-09-2025 21:12:07.390 INFO Current price: 0.000000045575 - Current percentage: 7.51% - Max: 123.49% - Min: -33.24% - Market Cap 9063 - Trading time: 00:01:24
06-09-2025 21:12:08.005 INFO Current price: 0.000000045235 - Current percentage: 7.12% - Max: 123.49% - Min: -33.24% - Market Cap 9029 - Trading time: 00:01:24
06-09-2025 21:12:08.007 INFO Current price: 0.000000043669 - Current percentage: 3.31% - Max: 123.49% - Min: -33.24% - Market Cap 8709 - Trading time: 00:01:24
06-09-2025 21:12:08.008 INFO Current price: 0.000000042572 - Current percentage: -1.27% - Max: 123.49% - Min: -33.24% - Market Cap 8322 - Trading time: 00:01:24
06-09-2025 21:12:08.631 INFO Current price: 0.000000041587 - Current percentage: -1.41% - Max: 123.49% - Min: -33.24% - Market Cap 8311 - Trading time: 00:01:25
06-09-2025 21:12:08.631 INFO Current price: 0.000000041543 - Current percentage: -1.48% - Max: 123.49% - Min: -33.24% - Market Cap 8305 - Trading time: 00:01:25
06-09-2025 21:12:08.631 INFO Current price: 0.000000041723 - Current percentage: -0.56% - Max: 123.49% - Min: -33.24% - Market Cap 8383 - Trading time: 00:01:25
06-09-2025 21:12:10.360 INFO Current price: 0.000000039144 - Current percentage: -13.28% - Max: 123.49% - Min: -33.24% - Market Cap 7310 - Trading time: 00:01:27
06-09-2025 21:12:10.360 INFO Current price: 0.000000034562 - Current percentage: -22.48% - Max: 123.49% - Min: -33.24% - Market Cap 6535 - Trading time: 00:01:27
06-09-2025 21:12:10.714 INFO Current price: 0.000000032704 - Current percentage: -22.36% - Max: 123.49% - Min: -33.24% - Market Cap 6545 - Trading time: 00:01:27
06-09-2025 21:12:10.759 INFO Current price: 0.000000032726 - Current percentage: -22.36% - Max: 123.49% - Min: -33.24% - Market Cap 6545 - Trading time: 00:01:27
06-09-2025 21:12:11.278 INFO Current price: 0.000000032702 - Current percentage: -22.49% - Max: 123.49% - Min: -33.24% - Market Cap 6534 - Trading time: 00:01:28
06-09-2025 21:12:11.320 INFO Current price: 0.000000032674 - Current percentage: -22.49% - Max: 123.49% - Min: -33.24% - Market Cap 6534 - Trading time: 00:01:28
06-09-2025 21:12:11.663 INFO Current price: 0.000000032538 - Current percentage: -23.13% - Max: 123.49% - Min: -33.24% - Market Cap 6480 - Trading time: 00:01:28
06-09-2025 21:12:13.249 INFO Current price: 0.000000032348 - Current percentage: -23.39% - Max: 123.49% - Min: -33.24% - Market Cap 6458 - Trading time: 00:01:30
06-09-2025 21:12:14.781 INFO Current price: 0.000000031771 - Current percentage: -25.62% - Max: 123.49% - Min: -33.24% - Market Cap 6270 - Trading time: 00:01:31
06-09-2025 21:12:16.499 INFO Current price: 0.000000031346 - Current percentage: -25.66% - Max: 123.49% - Min: -33.24% - Market Cap 6267 - Trading time: 00:01:33
06-09-2025 21:12:16.693 INFO Current price: 0.000000031627 - Current percentage: -24.28% - Max: 123.49% - Min: -33.24% - Market Cap 6383 - Trading time: 00:01:33
06-09-2025 21:12:17.214 INFO Current price: 0.000000031701 - Current percentage: -25.31% - Max: 123.49% - Min: -33.24% - Market Cap 6296 - Trading time: 00:01:34
06-09-2025 21:12:19.393 INFO Current price: 0.000000031404 - Current percentage: -25.69% - Max: 123.49% - Min: -33.24% - Market Cap 6264 - Trading time: 00:01:36
06-09-2025 21:12:19.977 INFO Current price: 0.000000031071 - Current percentage: -26.88% - Max: 123.49% - Min: -33.24% - Market Cap 6164 - Trading time: 00:01:36
06-09-2025 21:12:22.813 INFO Current price: 0.000000030818 - Current percentage: -26.89% - Max: 123.49% - Min: -33.24% - Market Cap 6163 - Trading time: 00:01:39
06-09-2025 21:12:24.686 INFO Current price: 0.000000030702 - Current percentage: -27.43% - Max: 123.49% - Min: -33.24% - Market Cap 6117 - Trading time: 00:01:41
06-09-2025 21:12:31.872 INFO Current price: 0.000000030563 - Current percentage: -27.55% - Max: 123.49% - Min: -33.24% - Market Cap 6107 - Trading time: 00:01:48
06-09-2025 21:12:32.269 INFO Current price: 0.000000030534 - Current percentage: -27.57% - Max: 123.49% - Min: -33.24% - Market Cap 6105 - Trading time: 00:01:49
06-09-2025 21:12:32.391 INFO Current price: 0.000000030408 - Current percentage: -28.15% - Max: 123.49% - Min: -33.24% - Market Cap 6057 - Trading time: 00:01:49
06-09-2025 21:12:40.780 INFO Current price: 0.000000030273 - Current percentage: -28.22% - Max: 123.49% - Min: -33.24% - Market Cap 6051 - Trading time: 00:01:57
06-09-2025 21:12:44.985 INFO Current price: 0.000000030078 - Current percentage: -29.07% - Max: 123.49% - Min: -33.24% - Market Cap 5979 - Trading time: 00:02:01
06-09-2025 21:12:45.664 INFO Current price: 0.000000029826 - Current percentage: -29.41% - Max: 123.49% - Min: -33.24% - Market Cap 5950 - Trading time: 00:02:02
06-09-2025 21:12:50.168 INFO Current price: 0.000000029750 - Current percentage: -29.43% - Max: 123.49% - Min: -33.24% - Market Cap 5949 - Trading time: 00:02:07
06-09-2025 21:12:53.748 INFO Current price: 0.000000029700 - Current percentage: -29.65% - Max: 123.49% - Min: -33.24% - Market Cap 5930 - Trading time: 00:02:10
06-09-2025 21:12:54.621 INFO Current price: 0.000000029673 - Current percentage: -29.56% - Max: 123.49% - Min: -33.24% - Market Cap 5938 - Trading time: 00:02:11
06-09-2025 21:12:58.864 INFO Current price: 0.000000029295 - Current percentage: -31.43% - Max: 123.49% - Min: -33.24% - Market Cap 5780 - Trading time: 00:02:15
06-09-2025 21:13:09.815 INFO Current price: 0.000000028885 - Current percentage: -31.52% - Max: 123.49% - Min: -33.24% - Market Cap 5773 - Trading time: 00:02:26
06-09-2025 21:13:20.612 INFO Current price: 0.000000028829 - Current percentage: -31.69% - Max: 123.49% - Min: -33.24% - Market Cap 5758 - Trading time: 00:02:37
06-09-2025 21:13:27.156 INFO Current price: 0.000000028777 - Current percentage: -31.77% - Max: 123.49% - Min: -33.24% - Market Cap 5752 - Trading time: 00:02:44
06-09-2025 21:13:59.330 INFO Current price: 0.000000028740 - Current percentage: -31.87% - Max: 123.49% - Min: -33.24% - Market Cap 5743 - Trading time: 00:03:16
06-09-2025 21:14:07.223 INFO Current price: 0.000000028486 - Current percentage: -32.97% - Max: 123.49% - Min: -33.24% - Market Cap 5651 - Trading time: 00:03:24
06-09-2025 21:14:12.047 INFO Current price: 0.000000028235 - Current percentage: -33.06% - Max: 123.49% - Min: -33.24% - Market Cap 5642 - Trading time: 00:03:28
06-09-2025 21:14:44.841 INFO Current price: 0.000000028213 - Current percentage: -33.07% - Max: 123.49% - Min: -33.24% - Market Cap 5642 - Trading time: 00:04:01
06-09-2025 21:14:57.121 INFO Current price: 0.000000028200 - Current percentage: -33.13% - Max: 123.49% - Min: -33.24% - Market Cap 5637 - Trading time: 00:04:14
06-09-2025 21:15:11.517 INFO Current price: 0.000000028181 - Current percentage: -33.16% - Max: 123.49% - Min: -33.24% - Market Cap 5634 - Trading time: 00:04:28
06-09-2025 21:15:41.974 INFO Current price: 0.000000028157 - Current percentage: -33.24% - Max: 123.49% - Min: -33.24% - Market Cap 5627 - Trading time: 00:04:58
06-09-2025 21:21:46.157 INFO Current price: 0.000000028083 - Current percentage: -33.51% - Max: 123.49% - Min: -33.51% - Market Cap 5605 - Trading time: 00:11:03






06-09-2025 21:30:43.094 INFO {"type":"summary","reason":"max_window","startedAt":"2025-09-06T19:10:43.095Z","endedAt":"2025-09-06T19:30:43.094Z","durationSec":1199,"entryPrice":4.580638262996848e-8,"entryMarketCapSol":42.143867660984114,"entryMarketCapUsd":8429.616409550043,"minPct":-33.50932478081252,"maxPct":123.48698961392802,"buyCount":142,"sellCount":164,"tradeCount":306,"entryRecorded":true,"noPostThresholdTrades":false,"triggerAt":"2025-09-06T19:10:43.095Z","ageAtTriggerSec":7,"preTotalTrades":28,"preBuys":18,"preSells":10,"preUniqueTraders":16,"preEntryTotalTrades":30,"preEntryBuys":20,"preEntrySells":10,"preEntryUniqueTraders":18,"preEntryMinMcUsd":7229.707344111585,"preEntryMaxMcUsd":10791.611557483053,"thresholdMcSol":42.143867660984114,"thresholdMcUsd":8429.616409550043,"thresholdPrice":4.580638262996848e-8}
