06-09-2025 21:06:04.878 INFO Entry price: 0.000000060171339557 - Entry market cap: 10851 - Buys 37 - Sells 11 - Ratio: 1:0.30 - Min MarketCap: 7585 - Max MarketCap: 13350
06-09-2025 21:06:04.878 INFO Current price: 0.000000060171 - Current percentage: 0.00% - Max: 0.00% - Min: 0.00% - Market Cap 10851 - Trading time: 00:00:02
06-09-2025 21:06:05.253 INFO Current price: 0.000000061186 - Current percentage: 11.68% - Max: 11.68% - Min: 0.00% - Market Cap 12118 - Trading time: 00:00:02
06-09-2025 21:06:06.460 INFO Current price: 0.000000060854 - Current percentage: 12.67% - Max: 12.67% - Min: 0.00% - Market Cap 12226 - Trading time: 00:00:03
06-09-2025 21:06:06.570 INFO Current price: 0.000000061393 - Current percentage: 13.67% - Max: 13.67% - Min: 0.00% - Market Cap 12334 - Trading time: 00:00:03
06-09-2025 21:06:06.620 INFO Current price: 0.000000059791 - Current percentage: 6.87% - Max: 13.67% - Min: 0.00% - Market Cap 11596 - Trading time: 00:00:03
06-09-2025 21:06:06.776 INFO Current price: 0.000000058631 - Current percentage: 9.30% - Max: 13.67% - Min: 0.00% - Market Cap 11860 - Trading time: 00:00:03
06-09-2025 21:06:07.538 INFO Current price: 0.000000059360 - Current percentage: 9.55% - Max: 13.67% - Min: 0.00% - Market Cap 11887 - Trading time: 00:00:04
06-09-2025 21:06:07.607 INFO Current price: 0.000000059494 - Current percentage: 9.79% - Max: 13.67% - Min: 0.00% - Market Cap 11913 - Trading time: 00:00:04
06-09-2025 21:06:08.302 INFO Current price: 0.000000059471 - Current percentage: 9.46% - Max: 13.67% - Min: 0.00% - Market Cap 11877 - Trading time: 00:00:05
06-09-2025 21:06:08.916 INFO Current price: 0.000000060045 - Current percentage: 11.92% - Max: 13.67% - Min: 0.00% - Market Cap 12145 - Trading time: 00:00:06
06-09-2025 21:06:09.381 INFO Current price: 0.000000060757 - Current percentage: 12.07% - Max: 13.67% - Min: 0.00% - Market Cap 12161 - Trading time: 00:00:06
06-09-2025 21:06:09.453 INFO Current price: 0.000000060811 - Current percentage: 12.12% - Max: 13.67% - Min: 0.00% - Market Cap 12166 - Trading time: 00:00:06
06-09-2025 21:06:09.624 INFO Current price: 0.000000061832 - Current percentage: 15.87% - Max: 15.87% - Min: 0.00% - Market Cap 12573 - Trading time: 00:00:06
06-09-2025 21:06:09.941 INFO Current price: 0.000000059626 - Current percentage: 4.26% - Max: 15.87% - Min: 0.00% - Market Cap 11313 - Trading time: 00:00:07
06-09-2025 21:06:09.970 INFO Current price: 0.000000056563 - Current percentage: 4.27% - Max: 15.87% - Min: 0.00% - Market Cap 11314 - Trading time: 00:00:07
06-09-2025 21:06:09.980 INFO Current price: 0.000000056984 - Current percentage: 5.82% - Max: 15.87% - Min: 0.00% - Market Cap 11482 - Trading time: 00:00:07
06-09-2025 21:06:10.653 INFO Current price: 0.000000057432 - Current percentage: 5.92% - Max: 15.87% - Min: 0.00% - Market Cap 11493 - Trading time: 00:00:07
06-09-2025 21:06:10.661 INFO Current price: 0.000000057602 - Current percentage: 6.45% - Max: 15.87% - Min: 0.00% - Market Cap 11550 - Trading time: 00:00:07
06-09-2025 21:06:11.518 INFO Current price: 0.000000057772 - Current percentage: 6.54% - Max: 15.87% - Min: 0.00% - Market Cap 11561 - Trading time: 00:00:08
06-09-2025 21:06:11.621 INFO Current price: 0.000000064349 - Current percentage: 32.06% - Max: 32.06% - Min: 0.00% - Market Cap 14330 - Trading time: 00:00:08
06-09-2025 21:06:11.778 INFO Current price: 0.000000072389 - Current percentage: 34.83% - Max: 34.83% - Min: 0.00% - Market Cap 14630 - Trading time: 00:00:08
06-09-2025 21:06:11.832 INFO Current price: 0.000000073738 - Current percentage: 37.03% - Max: 37.03% - Min: 0.00% - Market Cap 14869 - Trading time: 00:00:08
06-09-2025 21:06:11.888 INFO Current price: 0.000000074413 - Current percentage: 37.31% - Max: 37.31% - Min: 0.00% - Market Cap 14899 - Trading time: 00:00:09
06-09-2025 21:06:12.021 INFO Current price: 0.000000073865 - Current percentage: 35.02% - Max: 37.31% - Min: 0.00% - Market Cap 14651 - Trading time: 00:00:09
06-09-2025 21:06:12.026 INFO Current price: 0.000000069739 - Current percentage: 22.40% - Max: 37.31% - Min: 0.00% - Market Cap 13281 - Trading time: 00:00:09
06-09-2025 21:06:12.475 INFO Current price: 0.000000066320 - Current percentage: 22.11% - Max: 37.31% - Min: 0.00% - Market Cap 13250 - Trading time: 00:00:09
06-09-2025 21:06:12.688 INFO Current price: 0.000000066209 - Current percentage: 21.99% - Max: 37.31% - Min: 0.00% - Market Cap 13237 - Trading time: 00:00:09
06-09-2025 21:06:12.692 INFO Current price: 0.000000065631 - Current percentage: 19.98% - Max: 37.31% - Min: 0.00% - Market Cap 13019 - Trading time: 00:00:09
06-09-2025 21:06:12.692 INFO Current price: 0.000000064405 - Current percentage: 17.48% - Max: 37.31% - Min: 0.00% - Market Cap 12747 - Trading time: 00:00:09
06-09-2025 21:06:13.161 INFO Current price: 0.000000063921 - Current percentage: 18.19% - Max: 37.31% - Min: 0.00% - Market Cap 12824 - Trading time: 00:00:10
06-09-2025 21:06:13.197 INFO Current price: 0.000000065494 - Current percentage: 23.33% - Max: 37.31% - Min: 0.00% - Market Cap 13382 - Trading time: 00:00:10
06-09-2025 21:06:13.418 INFO Current price: 0.000000066960 - Current percentage: 23.54% - Max: 37.31% - Min: 0.00% - Market Cap 13405 - Trading time: 00:00:10
06-09-2025 21:06:13.532 INFO Current price: 0.000000067157 - Current percentage: 24.06% - Max: 37.31% - Min: 0.00% - Market Cap 13461 - Trading time: 00:00:10
06-09-2025 21:06:13.726 INFO Current price: 0.000000071540 - Current percentage: 40.19% - Max: 40.19% - Min: 0.00% - Market Cap 15211 - Trading time: 00:00:10
06-09-2025 21:06:14.490 INFO Current price: 0.000000075775 - Current percentage: 39.18% - Max: 40.19% - Min: 0.00% - Market Cap 15102 - Trading time: 00:00:11
06-09-2025 21:06:14.497 INFO Current price: 0.000000075154 - Current percentage: 37.90% - Max: 40.19% - Min: 0.00% - Market Cap 14963 - Trading time: 00:00:11
06-09-2025 21:06:14.648 INFO Current price: 0.000000074540 - Current percentage: 36.92% - Max: 40.19% - Min: 0.00% - Market Cap 14856 - Trading time: 00:00:11
06-09-2025 21:06:14.648 INFO Current price: 0.000000073934 - Current percentage: 35.67% - Max: 40.19% - Min: 0.00% - Market Cap 14721 - Trading time: 00:00:11
06-09-2025 21:06:14.864 INFO Current price: 0.000000073543 - Current percentage: 35.47% - Max: 40.19% - Min: 0.00% - Market Cap 14700 - Trading time: 00:00:11
06-09-2025 21:06:14.943 INFO Current price: 0.000000080877 - Current percentage: 64.07% - Max: 64.07% - Min: 0.00% - Market Cap 17803 - Trading time: 00:00:12
06-09-2025 21:06:15.567 INFO Current price: 0.000000088750 - Current percentage: 63.13% - Max: 64.07% - Min: 0.00% - Market Cap 17701 - Trading time: 00:00:12
06-09-2025 21:06:16.083 INFO Current price: 0.000000088244 - Current percentage: 62.21% - Max: 64.07% - Min: 0.00% - Market Cap 17600 - Trading time: 00:00:13
06-09-2025 21:06:16.083 INFO Current price: 0.000000087673 - Current percentage: 61.03% - Max: 64.07% - Min: 0.00% - Market Cap 17473 - Trading time: 00:00:13
06-09-2025 21:06:16.093 INFO Current price: 0.000000086590 - Current percentage: 58.22% - Max: 64.07% - Min: 0.00% - Market Cap 17168 - Trading time: 00:00:13
06-09-2025 21:06:16.284 INFO Current price: 0.000000085593 - Current percentage: 57.34% - Max: 64.07% - Min: 0.00% - Market Cap 17072 - Trading time: 00:00:13
06-09-2025 21:06:16.284 INFO Current price: 0.000000085048 - Current percentage: 56.21% - Max: 64.07% - Min: 0.00% - Market Cap 16950 - Trading time: 00:00:13
06-09-2025 21:06:16.293 INFO Current price: 0.000000084902 - Current percentage: 56.80% - Max: 64.07% - Min: 0.00% - Market Cap 17014 - Trading time: 00:00:13
06-09-2025 21:06:16.489 INFO Current price: 0.000000084824 - Current percentage: 55.93% - Max: 64.07% - Min: 0.00% - Market Cap 16919 - Trading time: 00:00:13
06-09-2025 21:06:16.489 INFO Current price: 0.000000084286 - Current percentage: 54.82% - Max: 64.07% - Min: 0.00% - Market Cap 16799 - Trading time: 00:00:13
06-09-2025 21:06:16.697 INFO Current price: 0.000000083905 - Current percentage: 54.52% - Max: 64.07% - Min: 0.00% - Market Cap 16767 - Trading time: 00:00:13
06-09-2025 21:06:16.759 INFO Current price: 0.000000082251 - Current percentage: 48.77% - Max: 64.07% - Min: 0.00% - Market Cap 16143 - Trading time: 00:00:13
06-09-2025 21:06:16.980 INFO Current price: 0.000000080297 - Current percentage: 47.27% - Max: 64.07% - Min: 0.00% - Market Cap 15980 - Trading time: 00:00:14
06-09-2025 21:06:16.980 INFO Current price: 0.000000079836 - Current percentage: 47.07% - Max: 64.07% - Min: 0.00% - Market Cap 15958 - Trading time: 00:00:14
06-09-2025 21:06:17.104 INFO Current price: 0.000000079937 - Current percentage: 47.64% - Max: 64.07% - Min: 0.00% - Market Cap 16020 - Trading time: 00:00:14
06-09-2025 21:06:17.114 INFO Current price: 0.000000080401 - Current percentage: 48.78% - Max: 64.07% - Min: 0.00% - Market Cap 16144 - Trading time: 00:00:14
06-09-2025 21:06:17.241 INFO Current price: 0.000000080788 - Current percentage: 49.07% - Max: 64.07% - Min: 0.00% - Market Cap 16175 - Trading time: 00:00:14
06-09-2025 21:06:17.717 INFO Current price: 0.000000080990 - Current percentage: 49.52% - Max: 64.07% - Min: 0.00% - Market Cap 16224 - Trading time: 00:00:14
06-09-2025 21:06:17.721 INFO Current price: 0.000000081122 - Current percentage: 49.55% - Max: 64.07% - Min: 0.00% - Market Cap 16227 - Trading time: 00:00:14
06-09-2025 21:06:18.024 INFO Current price: 0.000000082530 - Current percentage: 54.76% - Max: 64.07% - Min: 0.00% - Market Cap 16793 - Trading time: 00:00:15
06-09-2025 21:06:19.310 INFO Current price: 0.000000083816 - Current percentage: 54.25% - Max: 64.07% - Min: 0.00% - Market Cap 16737 - Trading time: 00:00:16
06-09-2025 21:06:19.356 INFO Current price: 0.000000083501 - Current percentage: 53.60% - Max: 64.07% - Min: 0.00% - Market Cap 16667 - Trading time: 00:00:16
06-09-2025 21:06:19.446 INFO Current price: 0.000000083188 - Current percentage: 53.10% - Max: 64.07% - Min: 0.00% - Market Cap 16612 - Trading time: 00:00:16
06-09-2025 21:06:19.662 INFO Current price: 0.000000082877 - Current percentage: 52.45% - Max: 64.07% - Min: 0.00% - Market Cap 16542 - Trading time: 00:00:16
06-09-2025 21:06:19.866 INFO Current price: 0.000000082470 - Current percentage: 51.60% - Max: 64.07% - Min: 0.00% - Market Cap 16449 - Trading time: 00:00:16
06-09-2025 21:06:21.097 INFO Current price: 0.000000082135 - Current percentage: 51.22% - Max: 64.07% - Min: 0.00% - Market Cap 16408 - Trading time: 00:00:18
06-09-2025 21:06:21.097 INFO Current price: 0.000000081545 - Current percentage: 49.43% - Max: 64.07% - Min: 0.00% - Market Cap 16214 - Trading time: 00:00:18
06-09-2025 21:06:21.444 INFO Current price: 0.000000080723 - Current percentage: 48.18% - Max: 64.07% - Min: 0.00% - Market Cap 16079 - Trading time: 00:00:18
06-09-2025 21:06:21.539 INFO Current price: 0.000000079983 - Current percentage: 46.70% - Max: 64.07% - Min: 0.00% - Market Cap 15918 - Trading time: 00:00:18
06-09-2025 21:06:21.726 INFO Current price: 0.000000078727 - Current percentage: 43.57% - Max: 64.07% - Min: 0.00% - Market Cap 15578 - Trading time: 00:00:18
06-09-2025 21:06:22.527 INFO Current price: 0.000000077897 - Current percentage: 43.62% - Max: 64.07% - Min: 0.00% - Market Cap 15584 - Trading time: 00:00:19
06-09-2025 21:06:22.527 INFO Current price: 0.000000080956 - Current percentage: 55.06% - Max: 64.07% - Min: 0.00% - Market Cap 16825 - Trading time: 00:00:19
06-09-2025 21:06:24.164 INFO Current price: 0.000000082800 - Current percentage: 50.24% - Max: 64.07% - Min: 0.00% - Market Cap 16302 - Trading time: 00:00:21
06-09-2025 21:06:24.167 INFO Current price: 0.000000081534 - Current percentage: 50.36% - Max: 64.07% - Min: 0.00% - Market Cap 16315 - Trading time: 00:00:21
06-09-2025 21:06:24.167 INFO Current price: 0.000000081548 - Current percentage: 50.29% - Max: 64.07% - Min: 0.00% - Market Cap 16308 - Trading time: 00:00:21
06-09-2025 21:06:24.167 INFO Current price: 0.000000081548 - Current percentage: 50.36% - Max: 64.07% - Min: 0.00% - Market Cap 16315 - Trading time: 00:00:21
06-09-2025 21:06:24.174 INFO Current price: 0.000000080201 - Current percentage: 45.37% - Max: 64.07% - Min: 0.00% - Market Cap 15773 - Trading time: 00:00:21
06-09-2025 21:06:24.214 INFO Current price: 0.000000075986 - Current percentage: 34.97% - Max: 64.07% - Min: 0.00% - Market Cap 14645 - Trading time: 00:00:21
06-09-2025 21:06:25.801 INFO Current price: 0.000000074250 - Current percentage: 38.80% - Max: 64.07% - Min: 0.00% - Market Cap 15061 - Trading time: 00:00:22
06-09-2025 21:06:25.801 INFO Current price: 0.000000075671 - Current percentage: 40.18% - Max: 64.07% - Min: 0.00% - Market Cap 15211 - Trading time: 00:00:22
06-09-2025 21:06:26.518 INFO Current price: 0.000000076798 - Current percentage: 42.97% - Max: 64.07% - Min: 0.00% - Market Cap 15513 - Trading time: 00:00:23
06-09-2025 21:06:27.138 INFO Current price: 0.000000078012 - Current percentage: 44.65% - Max: 64.07% - Min: 0.00% - Market Cap 15696 - Trading time: 00:00:24
06-09-2025 21:06:27.138 INFO Current price: 0.000000078209 - Current percentage: 43.69% - Max: 64.07% - Min: 0.00% - Market Cap 15591 - Trading time: 00:00:24
06-09-2025 21:06:27.269 INFO Current price: 0.000000078024 - Current percentage: 43.97% - Max: 64.07% - Min: 0.00% - Market Cap 15622 - Trading time: 00:00:24
06-09-2025 21:06:27.314 INFO Current price: 0.000000078177 - Current percentage: 44.25% - Max: 64.07% - Min: 0.00% - Market Cap 15652 - Trading time: 00:00:24
06-09-2025 21:06:27.724 INFO Current price: 0.000000078330 - Current percentage: 44.53% - Max: 64.07% - Min: 0.00% - Market Cap 15683 - Trading time: 00:00:24
06-09-2025 21:06:27.767 INFO Current price: 0.000000078482 - Current percentage: 44.81% - Max: 64.07% - Min: 0.00% - Market Cap 15713 - Trading time: 00:00:24
06-09-2025 21:06:27.776 INFO Current price: 0.000000078712 - Current percentage: 45.38% - Max: 64.07% - Min: 0.00% - Market Cap 15774 - Trading time: 00:00:24
06-09-2025 21:06:27.819 INFO Current price: 0.000000078864 - Current percentage: 45.38% - Max: 64.07% - Min: 0.00% - Market Cap 15774 - Trading time: 00:00:24
06-09-2025 21:06:27.941 INFO Current price: 0.000000078941 - Current percentage: 45.66% - Max: 64.07% - Min: 0.00% - Market Cap 15805 - Trading time: 00:00:25
06-09-2025 21:06:28.491 INFO Current price: 0.000000077656 - Current percentage: 40.68% - Max: 64.07% - Min: 0.00% - Market Cap 15265 - Trading time: 00:00:25
06-09-2025 21:06:28.845 INFO Current price: 0.000000077857 - Current percentage: 46.42% - Max: 64.07% - Min: 0.00% - Market Cap 15887 - Trading time: 00:00:25
06-09-2025 21:06:29.280 INFO Current price: 0.000000079353 - Current percentage: 46.14% - Max: 64.07% - Min: 0.00% - Market Cap 15857 - Trading time: 00:00:26
06-09-2025 21:06:30.323 INFO Current price: 0.000000079388 - Current percentage: 46.55% - Max: 64.07% - Min: 0.00% - Market Cap 15901 - Trading time: 00:00:27
06-09-2025 21:06:30.817 INFO Current price: 0.000000079529 - Current percentage: 46.66% - Max: 64.07% - Min: 0.00% - Market Cap 15914 - Trading time: 00:00:27
06-09-2025 21:06:32.094 INFO Current price: 0.000000079867 - Current percentage: 47.79% - Max: 64.07% - Min: 0.00% - Market Cap 16037 - Trading time: 00:00:29
06-09-2025 21:06:33.272 INFO Current price: 0.000000079992 - Current percentage: 47.12% - Max: 64.07% - Min: 0.00% - Market Cap 15963 - Trading time: 00:00:30
06-09-2025 21:06:33.355 INFO Current price: 0.000000078144 - Current percentage: 41.04% - Max: 64.07% - Min: 0.00% - Market Cap 15304 - Trading time: 00:00:30
06-09-2025 21:06:33.988 INFO Current price: 0.000000075833 - Current percentage: 38.55% - Max: 64.07% - Min: 0.00% - Market Cap 15033 - Trading time: 00:00:31
06-09-2025 21:06:33.988 INFO Current price: 0.000000074523 - Current percentage: 36.22% - Max: 64.07% - Min: 0.00% - Market Cap 14780 - Trading time: 00:00:31
06-09-2025 21:06:34.775 INFO Current price: 0.000000073765 - Current percentage: 35.74% - Max: 64.07% - Min: 0.00% - Market Cap 14729 - Trading time: 00:00:31
06-09-2025 21:06:34.932 INFO Current price: 0.000000076595 - Current percentage: 46.86% - Max: 64.07% - Min: 0.00% - Market Cap 15936 - Trading time: 00:00:32
06-09-2025 21:06:34.980 INFO Current price: 0.000000079148 - Current percentage: 44.94% - Max: 64.07% - Min: 0.00% - Market Cap 15727 - Trading time: 00:00:32
06-09-2025 21:06:35.421 INFO Current price: 0.000000078705 - Current percentage: 45.22% - Max: 64.07% - Min: 0.00% - Market Cap 15758 - Trading time: 00:00:32
06-09-2025 21:06:36.334 INFO Current price: 0.000000079401 - Current percentage: 47.52% - Max: 64.07% - Min: 0.00% - Market Cap 16007 - Trading time: 00:00:33
06-09-2025 21:06:36.406 INFO Current price: 0.000000080334 - Current percentage: 48.66% - Max: 64.07% - Min: 0.00% - Market Cap 16130 - Trading time: 00:00:33
06-09-2025 21:06:37.108 INFO Current price: 0.000000080675 - Current percentage: 48.77% - Max: 64.07% - Min: 0.00% - Market Cap 16143 - Trading time: 00:00:34
06-09-2025 21:06:37.628 INFO Current price: 0.000000080861 - Current percentage: 49.34% - Max: 64.07% - Min: 0.00% - Market Cap 16205 - Trading time: 00:00:34
06-09-2025 21:06:37.713 INFO Current price: 0.000000073906 - Current percentage: 24.28% - Max: 64.07% - Min: 0.00% - Market Cap 13485 - Trading time: 00:00:34
06-09-2025 21:06:38.184 INFO Current price: 0.000000067346 - Current percentage: 24.01% - Max: 64.07% - Min: 0.00% - Market Cap 13456 - Trading time: 00:00:35
06-09-2025 21:06:38.184 INFO Current price: 0.000000067181 - Current percentage: 23.67% - Max: 64.07% - Min: 0.00% - Market Cap 13419 - Trading time: 00:00:35
06-09-2025 21:06:38.228 INFO Current price: 0.000000066130 - Current percentage: 20.16% - Max: 64.07% - Min: 0.00% - Market Cap 13038 - Trading time: 00:00:35
06-09-2025 21:06:38.371 INFO Current price: 0.000000065325 - Current percentage: 20.68% - Max: 64.07% - Min: 0.00% - Market Cap 13094 - Trading time: 00:00:35
06-09-2025 21:06:38.457 INFO Current price: 0.000000066722 - Current percentage: 25.36% - Max: 64.07% - Min: 0.00% - Market Cap 13602 - Trading time: 00:00:35
06-09-2025 21:06:38.901 INFO Current price: 0.000000068272 - Current percentage: 26.35% - Max: 64.07% - Min: 0.00% - Market Cap 13709 - Trading time: 00:00:36
06-09-2025 21:06:38.954 INFO Current price: 0.000000068297 - Current percentage: 25.45% - Max: 64.07% - Min: 0.00% - Market Cap 13613 - Trading time: 00:00:36
06-09-2025 21:06:39.036 INFO Current price: 0.000000069478 - Current percentage: 30.75% - Max: 64.07% - Min: 0.00% - Market Cap 14187 - Trading time: 00:00:36
06-09-2025 21:06:39.618 INFO Current price: 0.000000070929 - Current percentage: 30.75% - Max: 64.07% - Min: 0.00% - Market Cap 14187 - Trading time: 00:00:36
06-09-2025 21:06:40.535 INFO Current price: 0.000000071364 - Current percentage: 32.36% - Max: 64.07% - Min: 0.00% - Market Cap 14362 - Trading time: 00:00:37
06-09-2025 21:06:42.014 INFO Current price: 0.000000071847 - Current percentage: 32.52% - Max: 64.07% - Min: 0.00% - Market Cap 14380 - Trading time: 00:00:39
06-09-2025 21:06:42.019 INFO Current price: 0.000000071701 - Current percentage: 31.82% - Max: 64.07% - Min: 0.00% - Market Cap 14303 - Trading time: 00:00:39
06-09-2025 21:06:42.224 INFO Current price: 0.000000071655 - Current percentage: 32.35% - Max: 64.07% - Min: 0.00% - Market Cap 14361 - Trading time: 00:00:39
06-09-2025 21:06:42.925 INFO Current price: 0.000000071949 - Current percentage: 32.91% - Max: 64.07% - Min: 0.00% - Market Cap 14421 - Trading time: 00:00:40
06-09-2025 21:06:42.986 INFO Current price: 0.000000070700 - Current percentage: 27.80% - Max: 64.07% - Min: 0.00% - Market Cap 13867 - Trading time: 00:00:40
06-09-2025 21:06:43.917 INFO Current price: 0.000000066257 - Current percentage: 16.73% - Max: 64.07% - Min: 0.00% - Market Cap 12666 - Trading time: 00:00:41
06-09-2025 21:06:44.118 INFO Current price: 0.000000060521 - Current percentage: 6.63% - Max: 64.07% - Min: 0.00% - Market Cap 11570 - Trading time: 00:00:41
06-09-2025 21:06:44.191 INFO Current price: 0.000000057751 - Current percentage: 6.28% - Max: 64.07% - Min: 0.00% - Market Cap 11533 - Trading time: 00:00:41
06-09-2025 21:06:44.196 INFO Current price: 0.000000057788 - Current percentage: 6.77% - Max: 64.07% - Min: 0.00% - Market Cap 11585 - Trading time: 00:00:41
06-09-2025 21:06:44.196 INFO Current price: 0.000000061198 - Current percentage: 19.20% - Max: 64.07% - Min: 0.00% - Market Cap 12934 - Trading time: 00:00:41
06-09-2025 21:06:44.213 INFO Current price: 0.000000064801 - Current percentage: 19.71% - Max: 64.07% - Min: 0.00% - Market Cap 12989 - Trading time: 00:00:41
06-09-2025 21:06:44.213 INFO Current price: 0.000000065079 - Current percentage: 20.22% - Max: 64.07% - Min: 0.00% - Market Cap 13045 - Trading time: 00:00:41
06-09-2025 21:06:44.220 INFO Current price: 0.000000065189 - Current percentage: 20.11% - Max: 64.07% - Min: 0.00% - Market Cap 13033 - Trading time: 00:00:41
06-09-2025 21:06:44.312 INFO Current price: 0.000000065070 - Current percentage: 19.78% - Max: 64.07% - Min: 0.00% - Market Cap 12997 - Trading time: 00:00:41
06-09-2025 21:06:44.355 INFO Current price: 0.000000063301 - Current percentage: 13.67% - Max: 64.07% - Min: 0.00% - Market Cap 12334 - Trading time: 00:00:41
06-09-2025 21:06:44.534 INFO Current price: 0.000000061611 - Current percentage: 13.47% - Max: 64.07% - Min: 0.00% - Market Cap 12313 - Trading time: 00:00:41
06-09-2025 21:06:44.573 INFO Current price: 0.000000061693 - Current percentage: 13.97% - Max: 64.07% - Min: 0.00% - Market Cap 12367 - Trading time: 00:00:41
06-09-2025 21:06:44.579 INFO Current price: 0.000000061964 - Current percentage: 14.47% - Max: 64.07% - Min: 0.00% - Market Cap 12421 - Trading time: 00:00:41
06-09-2025 21:06:44.601 INFO Current price: 0.000000061980 - Current percentage: 14.03% - Max: 64.07% - Min: 0.00% - Market Cap 12373 - Trading time: 00:00:41
06-09-2025 21:06:44.604 INFO Current price: 0.000000061753 - Current percentage: 13.64% - Max: 64.07% - Min: 0.00% - Market Cap 12331 - Trading time: 00:00:41
06-09-2025 21:06:44.703 INFO Current price: 0.000000061782 - Current percentage: 14.14% - Max: 64.07% - Min: 0.00% - Market Cap 12385 - Trading time: 00:00:41
06-09-2025 21:06:44.900 INFO Current price: 0.000000062053 - Current percentage: 14.64% - Max: 64.07% - Min: 0.00% - Market Cap 12439 - Trading time: 00:00:42
06-09-2025 21:06:44.989 INFO Current price: 0.000000063562 - Current percentage: 19.76% - Max: 64.07% - Min: 0.00% - Market Cap 12994 - Trading time: 00:00:42
06-09-2025 21:06:44.995 INFO Current price: 0.000000065104 - Current percentage: 20.27% - Max: 64.07% - Min: 0.00% - Market Cap 13050 - Trading time: 00:00:42
06-09-2025 21:06:45.347 INFO Current price: 0.000000065382 - Current percentage: 20.78% - Max: 64.07% - Min: 0.00% - Market Cap 13106 - Trading time: 00:00:42
06-09-2025 21:06:45.347 INFO Current price: 0.000000065661 - Current percentage: 21.30% - Max: 64.07% - Min: 0.00% - Market Cap 13161 - Trading time: 00:00:42
06-09-2025 21:06:45.961 INFO Current price: 0.000000065941 - Current percentage: 21.81% - Max: 64.07% - Min: 0.00% - Market Cap 13217 - Trading time: 00:00:43
06-09-2025 21:06:45.961 INFO Current price: 0.000000066431 - Current percentage: 23.11% - Max: 64.07% - Min: 0.00% - Market Cap 13358 - Trading time: 00:00:43
06-09-2025 21:06:46.105 INFO Current price: 0.000000066295 - Current percentage: 21.31% - Max: 64.07% - Min: 0.00% - Market Cap 13163 - Trading time: 00:00:43
06-09-2025 21:06:46.990 INFO Current price: 0.000000065364 - Current percentage: 19.67% - Max: 64.07% - Min: 0.00% - Market Cap 12986 - Trading time: 00:00:44
06-09-2025 21:06:46.990 INFO Current price: 0.000000064359 - Current percentage: 17.61% - Max: 64.07% - Min: 0.00% - Market Cap 12762 - Trading time: 00:00:44
06-09-2025 21:06:47.700 INFO Current price: 0.000000063236 - Current percentage: 15.53% - Max: 64.07% - Min: 0.00% - Market Cap 12536 - Trading time: 00:00:44
06-09-2025 21:06:47.701 INFO Current price: 0.000000062708 - Current percentage: 15.66% - Max: 64.07% - Min: 0.00% - Market Cap 12550 - Trading time: 00:00:44
06-09-2025 21:06:48.519 INFO Current price: 0.000000063015 - Current percentage: 16.67% - Max: 64.07% - Min: 0.00% - Market Cap 12659 - Trading time: 00:00:45
06-09-2025 21:06:48.520 INFO Current price: 0.000000063246 - Current percentage: 16.51% - Max: 64.07% - Min: 0.00% - Market Cap 12642 - Trading time: 00:00:45
06-09-2025 21:06:48.938 INFO Current price: 0.000000064261 - Current percentage: 20.44% - Max: 64.07% - Min: 0.00% - Market Cap 13068 - Trading time: 00:00:46
06-09-2025 21:06:48.949 INFO Current price: 0.000000066489 - Current percentage: 24.73% - Max: 64.07% - Min: 0.00% - Market Cap 13534 - Trading time: 00:00:46
06-09-2025 21:06:49.107 INFO Current price: 0.000000067734 - Current percentage: 24.99% - Max: 64.07% - Min: 0.00% - Market Cap 13562 - Trading time: 00:00:46
06-09-2025 21:06:49.190 INFO Current price: 0.000000067987 - Current percentage: 25.66% - Max: 64.07% - Min: 0.00% - Market Cap 13635 - Trading time: 00:00:46
06-09-2025 21:06:49.645 INFO Current price: 0.000000067193 - Current percentage: 22.09% - Max: 64.07% - Min: 0.00% - Market Cap 13247 - Trading time: 00:00:46
06-09-2025 21:06:49.646 INFO Current price: 0.000000066338 - Current percentage: 22.49% - Max: 64.07% - Min: 0.00% - Market Cap 13291 - Trading time: 00:00:46
06-09-2025 21:06:49.697 INFO Current price: 0.000000063923 - Current percentage: 13.36% - Max: 64.07% - Min: 0.00% - Market Cap 12300 - Trading time: 00:00:46
06-09-2025 21:06:50.776 INFO Current price: 0.000000062176 - Current percentage: 15.88% - Max: 64.07% - Min: 0.00% - Market Cap 12574 - Trading time: 00:00:47
06-09-2025 21:06:50.776 INFO Current price: 0.000000063543 - Current percentage: 18.40% - Max: 64.07% - Min: 0.00% - Market Cap 12847 - Trading time: 00:00:47
06-09-2025 21:06:51.519 INFO Current price: 0.000000064243 - Current percentage: 18.45% - Max: 64.07% - Min: 0.00% - Market Cap 12853 - Trading time: 00:00:48
06-09-2025 21:06:51.989 INFO Current price: 0.000000061581 - Current percentage: 8.79% - Max: 64.07% - Min: 0.00% - Market Cap 11805 - Trading time: 00:00:49
06-09-2025 21:06:52.207 INFO Current price: 0.000000060339 - Current percentage: 13.72% - Max: 64.07% - Min: 0.00% - Market Cap 12339 - Trading time: 00:00:49
06-09-2025 21:06:52.716 INFO Current price: 0.000000060703 - Current percentage: 10.11% - Max: 64.07% - Min: 0.00% - Market Cap 11948 - Trading time: 00:00:49
06-09-2025 21:06:52.716 INFO Current price: 0.000000058757 - Current percentage: 6.54% - Max: 64.07% - Min: 0.00% - Market Cap 11561 - Trading time: 00:00:49
06-09-2025 21:06:53.047 INFO Current price: 0.000000057965 - Current percentage: 7.16% - Max: 64.07% - Min: 0.00% - Market Cap 11628 - Trading time: 00:00:50
06-09-2025 21:06:53.154 INFO Current price: 0.000000058239 - Current percentage: 7.55% - Max: 64.07% - Min: 0.00% - Market Cap 11670 - Trading time: 00:00:50
06-09-2025 21:06:54.078 INFO Current price: 0.000000058739 - Current percentage: 9.01% - Max: 64.07% - Min: 0.00% - Market Cap 11828 - Trading time: 00:00:51
06-09-2025 21:06:54.851 INFO Current price: 0.000000059534 - Current percentage: 10.48% - Max: 64.07% - Min: 0.00% - Market Cap 11988 - Trading time: 00:00:51
06-09-2025 21:06:54.907 INFO Current price: 0.000000059948 - Current percentage: 10.53% - Max: 64.07% - Min: 0.00% - Market Cap 11993 - Trading time: 00:00:52
06-09-2025 21:06:54.919 INFO Current price: 0.000000061177 - Current percentage: 15.06% - Max: 64.07% - Min: 0.00% - Market Cap 12485 - Trading time: 00:00:52
06-09-2025 21:06:54.919 INFO Current price: 0.000000063900 - Current percentage: 20.59% - Max: 64.07% - Min: 0.00% - Market Cap 13085 - Trading time: 00:00:52
06-09-2025 21:06:55.923 INFO Current price: 0.000000065487 - Current percentage: 20.85% - Max: 64.07% - Min: 0.00% - Market Cap 13113 - Trading time: 00:00:53
06-09-2025 21:06:56.307 INFO Current price: 0.000000061930 - Current percentage: 7.85% - Max: 64.07% - Min: 0.00% - Market Cap 11702 - Trading time: 00:00:53
06-09-2025 21:06:56.843 INFO Current price: 0.000000058570 - Current percentage: 8.09% - Max: 64.07% - Min: 0.00% - Market Cap 11728 - Trading time: 00:00:53
06-09-2025 21:06:57.934 INFO Current price: 0.000000058702 - Current percentage: 8.33% - Max: 64.07% - Min: 0.00% - Market Cap 11755 - Trading time: 00:00:55
06-09-2025 21:06:58.343 INFO Current price: 0.000000058702 - Current percentage: 8.09% - Max: 64.07% - Min: 0.00% - Market Cap 11729 - Trading time: 00:00:55
06-09-2025 21:06:58.957 INFO Current price: 0.000000058531 - Current percentage: 7.70% - Max: 64.07% - Min: 0.00% - Market Cap 11686 - Trading time: 00:00:56
06-09-2025 21:06:58.960 INFO Current price: 0.000000058886 - Current percentage: 9.41% - Max: 64.07% - Min: 0.00% - Market Cap 11871 - Trading time: 00:00:56
06-09-2025 21:07:00.583 INFO Current price: 0.000000059417 - Current percentage: 9.65% - Max: 64.07% - Min: 0.00% - Market Cap 11898 - Trading time: 00:00:57
06-09-2025 21:07:00.716 INFO Current price: 0.000000059616 - Current percentage: 10.14% - Max: 64.07% - Min: 0.00% - Market Cap 11951 - Trading time: 00:00:57
06-09-2025 21:07:01.679 INFO Current price: 0.000000058587 - Current percentage: 5.90% - Max: 64.07% - Min: 0.00% - Market Cap 11490 - Trading time: 00:00:58
06-09-2025 21:07:01.689 INFO Current price: 0.000000056196 - Current percentage: 1.34% - Max: 64.07% - Min: 0.00% - Market Cap 10996 - Trading time: 00:00:58
06-09-2025 21:07:01.927 INFO Current price: 0.000000054928 - Current percentage: 1.17% - Max: 64.07% - Min: 0.00% - Market Cap 10978 - Trading time: 00:00:59
06-09-2025 21:07:02.651 INFO Current price: 0.000000055569 - Current percentage: 3.71% - Max: 64.07% - Min: 0.00% - Market Cap 11254 - Trading time: 00:00:59
06-09-2025 21:07:02.656 INFO Current price: 0.000000056862 - Current percentage: 5.93% - Max: 64.07% - Min: 0.00% - Market Cap 11494 - Trading time: 00:00:59
06-09-2025 21:07:02.661 INFO Current price: 0.000000057447 - Current percentage: 5.86% - Max: 64.07% - Min: 0.00% - Market Cap 11487 - Trading time: 00:00:59
06-09-2025 21:07:02.864 INFO Current price: 0.000000057147 - Current percentage: 4.83% - Max: 64.07% - Min: 0.00% - Market Cap 11375 - Trading time: 00:00:59
06-09-2025 21:07:03.694 INFO Current price: 0.000000056811 - Current percentage: 4.62% - Max: 64.07% - Min: 0.00% - Market Cap 11352 - Trading time: 00:01:00
06-09-2025 21:07:05.609 INFO Current price: 0.000000055803 - Current percentage: 1.14% - Max: 64.07% - Min: 0.00% - Market Cap 10975 - Trading time: 00:01:02
06-09-2025 21:07:05.868 INFO Current price: 0.000000054734 - Current percentage: 0.65% - Max: 64.07% - Min: 0.00% - Market Cap 10921 - Trading time: 00:01:02
06-09-2025 21:07:06.428 INFO Current price: 0.000000054557 - Current percentage: 0.49% - Max: 64.07% - Min: 0.00% - Market Cap 10904 - Trading time: 00:01:03
06-09-2025 21:07:06.503 INFO Current price: 0.000000053532 - Current percentage: -3.09% - Max: 64.07% - Min: -3.09% - Market Cap 10515 - Trading time: 00:01:03
06-09-2025 21:07:06.670 INFO Current price: 0.000000052493 - Current percentage: -3.38% - Max: 64.07% - Min: -3.38% - Market Cap 10484 - Trading time: 00:01:03
06-09-2025 21:07:07.555 INFO Current price: 0.000000052408 - Current percentage: -3.41% - Max: 64.07% - Min: -3.41% - Market Cap 10481 - Trading time: 00:01:04
06-09-2025 21:07:07.566 INFO Current price: 0.000000053525 - Current percentage: 0.79% - Max: 64.07% - Min: -3.41% - Market Cap 10936 - Trading time: 00:01:04
06-09-2025 21:07:07.802 INFO Current price: 0.000000054687 - Current percentage: 0.83% - Max: 64.07% - Min: -3.41% - Market Cap 10941 - Trading time: 00:01:04
06-09-2025 21:07:07.809 INFO Current price: 0.000000054955 - Current percentage: 1.78% - Max: 64.07% - Min: -3.41% - Market Cap 11043 - Trading time: 00:01:04
06-09-2025 21:07:07.866 INFO Current price: 0.000000055314 - Current percentage: 2.15% - Max: 64.07% - Min: -3.41% - Market Cap 11084 - Trading time: 00:01:04
06-09-2025 21:07:10.930 INFO Current price: 0.000000055624 - Current percentage: 2.92% - Max: 64.07% - Min: -3.41% - Market Cap 11168 - Trading time: 00:01:08
06-09-2025 21:07:11.548 INFO Current price: 0.000000055729 - Current percentage: 2.54% - Max: 64.07% - Min: -3.41% - Market Cap 11126 - Trading time: 00:01:08
06-09-2025 21:07:13.182 INFO Current price: 0.000000055523 - Current percentage: 2.16% - Max: 64.07% - Min: -3.41% - Market Cap 11085 - Trading time: 00:01:10
06-09-2025 21:07:13.489 INFO Current price: 0.000000055309 - Current percentage: 1.75% - Max: 64.07% - Min: -3.41% - Market Cap 11040 - Trading time: 00:01:10
06-09-2025 21:07:13.578 INFO Current price: 0.000000056477 - Current percentage: 6.52% - Max: 64.07% - Min: -3.41% - Market Cap 11559 - Trading time: 00:01:10
06-09-2025 21:07:13.840 INFO Current price: 0.000000056609 - Current percentage: 2.22% - Max: 64.07% - Min: -3.41% - Market Cap 11092 - Trading time: 00:01:10
06-09-2025 21:07:13.922 INFO Current price: 0.000000055094 - Current percentage: 0.90% - Max: 64.07% - Min: -3.41% - Market Cap 10948 - Trading time: 00:01:11
06-09-2025 21:07:14.205 INFO Current price: 0.000000054691 - Current percentage: 0.73% - Max: 64.07% - Min: -3.41% - Market Cap 10930 - Trading time: 00:01:11
06-09-2025 21:07:15.638 INFO Current price: 0.000000054717 - Current percentage: 0.99% - Max: 64.07% - Min: -3.41% - Market Cap 10958 - Trading time: 00:01:12
06-09-2025 21:07:17.579 INFO Current price: 0.000000054197 - Current percentage: -1.17% - Max: 64.07% - Min: -3.41% - Market Cap 10724 - Trading time: 00:01:14
06-09-2025 21:07:19.329 INFO Current price: 0.000000053511 - Current percentage: -1.55% - Max: 64.07% - Min: -3.41% - Market Cap 10683 - Trading time: 00:01:16
06-09-2025 21:07:19.329 INFO Current price: 0.000000053127 - Current percentage: -2.58% - Max: 64.07% - Min: -3.41% - Market Cap 10571 - Trading time: 00:01:16
06-09-2025 21:07:19.437 INFO Current price: 0.000000052885 - Current percentage: -2.44% - Max: 64.07% - Min: -3.41% - Market Cap 10586 - Trading time: 00:01:16
06-09-2025 21:07:19.867 INFO Current price: 0.000000052531 - Current percentage: -3.88% - Max: 64.07% - Min: -3.88% - Market Cap 10430 - Trading time: 00:01:16
06-09-2025 21:07:20.857 INFO Current price: 0.000000052115 - Current percentage: -3.98% - Max: 64.07% - Min: -3.98% - Market Cap 10419 - Trading time: 00:01:17
06-09-2025 21:07:21.253 INFO Current price: 0.000000050965 - Current percentage: -8.08% - Max: 64.07% - Min: -8.08% - Market Cap 9974 - Trading time: 00:01:18
06-09-2025 21:07:21.841 INFO Current price: 0.000000049991 - Current percentage: -7.62% - Max: 64.07% - Min: -8.08% - Market Cap 10024 - Trading time: 00:01:18
06-09-2025 21:07:21.971 INFO Current price: 0.000000049546 - Current percentage: -9.71% - Max: 64.07% - Min: -9.71% - Market Cap 9798 - Trading time: 00:01:19
06-09-2025 21:07:21.975 INFO Current price: 0.000000048974 - Current percentage: -9.74% - Max: 64.07% - Min: -9.74% - Market Cap 9794 - Trading time: 00:01:19
06-09-2025 21:07:22.420 INFO Current price: 0.000000048914 - Current percentage: -9.93% - Max: 64.07% - Min: -9.93% - Market Cap 9774 - Trading time: 00:01:19
06-09-2025 21:07:22.616 INFO Current price: 0.000000048829 - Current percentage: -10.05% - Max: 64.07% - Min: -10.05% - Market Cap 9760 - Trading time: 00:01:19
06-09-2025 21:07:22.619 INFO Current price: 0.000000047294 - Current percentage: -15.50% - Max: 64.07% - Min: -15.50% - Market Cap 9169 - Trading time: 00:01:19
06-09-2025 21:07:22.623 INFO Current price: 0.000000044366 - Current percentage: -20.85% - Max: 64.07% - Min: -20.85% - Market Cap 8589 - Trading time: 00:01:19
06-09-2025 21:07:22.668 INFO Current price: 0.000000042693 - Current percentage: -21.75% - Max: 64.07% - Min: -21.75% - Market Cap 8490 - Trading time: 00:01:19
06-09-2025 21:07:23.156 INFO Current price: 0.000000042275 - Current percentage: -22.39% - Max: 64.07% - Min: -22.39% - Market Cap 8421 - Trading time: 00:01:20
06-09-2025 21:07:23.199 INFO Current price: 0.000000041867 - Current percentage: -23.26% - Max: 64.07% - Min: -23.26% - Market Cap 8327 - Trading time: 00:01:20
06-09-2025 21:07:23.321 INFO Current price: 0.000000041562 - Current percentage: -23.52% - Max: 64.07% - Min: -23.52% - Market Cap 8299 - Trading time: 00:01:20
06-09-2025 21:07:23.465 INFO Current price: 0.000000042430 - Current percentage: -20.02% - Max: 64.07% - Min: -23.52% - Market Cap 8679 - Trading time: 00:01:20
06-09-2025 21:07:23.465 INFO Current price: 0.000000044246 - Current percentage: -16.83% - Max: 64.07% - Min: -23.52% - Market Cap 9025 - Trading time: 00:01:20
06-09-2025 21:07:23.583 INFO Current price: 0.000000046044 - Current percentage: -13.39% - Max: 64.07% - Min: -23.52% - Market Cap 9398 - Trading time: 00:01:20
06-09-2025 21:07:23.591 INFO Current price: 0.000000047934 - Current percentage: -9.86% - Max: 64.07% - Min: -23.52% - Market Cap 9781 - Trading time: 00:01:20
06-09-2025 21:07:24.030 INFO Current price: 0.000000048869 - Current percentage: -9.97% - Max: 64.07% - Min: -23.52% - Market Cap 9769 - Trading time: 00:01:21
06-09-2025 21:07:24.031 INFO Current price: 0.000000048800 - Current percentage: -10.11% - Max: 64.07% - Min: -23.52% - Market Cap 9754 - Trading time: 00:01:21
06-09-2025 21:07:24.270 INFO Current price: 0.000000049240 - Current percentage: -8.34% - Max: 64.07% - Min: -23.52% - Market Cap 9945 - Trading time: 00:01:21
06-09-2025 21:07:24.438 INFO Current price: 0.000000049844 - Current percentage: -7.89% - Max: 64.07% - Min: -23.52% - Market Cap 9994 - Trading time: 00:01:21
06-09-2025 21:07:24.533 INFO Current price: 0.000000049473 - Current percentage: -9.70% - Max: 64.07% - Min: -23.52% - Market Cap 9798 - Trading time: 00:01:21
06-09-2025 21:07:24.726 INFO Current price: 0.000000048992 - Current percentage: -9.68% - Max: 64.07% - Min: -23.52% - Market Cap 9801 - Trading time: 00:01:21
06-09-2025 21:07:24.898 INFO Current price: 0.000000046890 - Current percentage: -17.28% - Max: 64.07% - Min: -23.52% - Market Cap 8976 - Trading time: 00:01:22
06-09-2025 21:07:24.898 INFO Current price: 0.000000043189 - Current percentage: -23.37% - Max: 64.07% - Min: -23.52% - Market Cap 8314 - Trading time: 00:01:22
06-09-2025 21:07:25.640 INFO Current price: 0.000000041526 - Current percentage: -23.53% - Max: 64.07% - Min: -23.53% - Market Cap 8298 - Trading time: 00:01:22
06-09-2025 21:07:25.804 INFO Current price: 0.000000040722 - Current percentage: -26.31% - Max: 64.07% - Min: -26.31% - Market Cap 7996 - Trading time: 00:01:22
06-09-2025 21:07:25.974 INFO Current price: 0.000000040103 - Current percentage: -25.84% - Max: 64.07% - Min: -26.31% - Market Cap 8047 - Trading time: 00:01:23
06-09-2025 21:07:26.051 INFO Current price: 0.000000040236 - Current percentage: -25.82% - Max: 64.07% - Min: -26.31% - Market Cap 8049 - Trading time: 00:01:23
06-09-2025 21:07:27.022 INFO Current price: 0.000000040328 - Current percentage: -25.50% - Max: 64.07% - Min: -26.31% - Market Cap 8084 - Trading time: 00:01:24
06-09-2025 21:07:27.286 INFO Current price: 0.000000041018 - Current percentage: -23.26% - Max: 64.07% - Min: -26.31% - Market Cap 8327 - Trading time: 00:01:24
06-09-2025 21:07:27.413 INFO Current price: 0.000000042191 - Current percentage: -21.18% - Max: 64.07% - Min: -26.31% - Market Cap 8553 - Trading time: 00:01:24
06-09-2025 21:07:27.424 INFO Current price: 0.000000042730 - Current percentage: -21.29% - Max: 64.07% - Min: -26.31% - Market Cap 8541 - Trading time: 00:01:24
06-09-2025 21:07:27.815 INFO Current price: 0.000000042996 - Current percentage: -20.19% - Max: 64.07% - Min: -26.31% - Market Cap 8660 - Trading time: 00:01:24
06-09-2025 21:07:27.816 INFO Current price: 0.000000043306 - Current percentage: -20.15% - Max: 64.07% - Min: -26.31% - Market Cap 8664 - Trading time: 00:01:24
06-09-2025 21:07:27.816 INFO Current price: 0.000000043835 - Current percentage: -18.23% - Max: 64.07% - Min: -26.31% - Market Cap 8873 - Trading time: 00:01:24
06-09-2025 21:07:27.829 INFO Current price: 0.000000044274 - Current percentage: -18.54% - Max: 64.07% - Min: -26.31% - Market Cap 8839 - Trading time: 00:01:24
06-09-2025 21:07:27.968 INFO Current price: 0.000000044190 - Current percentage: -18.54% - Max: 64.07% - Min: -26.31% - Market Cap 8839 - Trading time: 00:01:25
06-09-2025 21:07:27.970 INFO Current price: 0.000000044192 - Current percentage: -18.53% - Max: 64.07% - Min: -26.31% - Market Cap 8840 - Trading time: 00:01:25
06-09-2025 21:07:27.976 INFO Current price: 0.000000044194 - Current percentage: -18.53% - Max: 64.07% - Min: -26.31% - Market Cap 8840 - Trading time: 00:01:25
06-09-2025 21:07:27.978 INFO Current price: 0.000000044196 - Current percentage: -18.53% - Max: 64.07% - Min: -26.31% - Market Cap 8840 - Trading time: 00:01:25
06-09-2025 21:07:27.980 INFO Current price: 0.000000044199 - Current percentage: -18.52% - Max: 64.07% - Min: -26.31% - Market Cap 8841 - Trading time: 00:01:25
06-09-2025 21:07:27.983 INFO Current price: 0.000000044201 - Current percentage: -18.52% - Max: 64.07% - Min: -26.31% - Market Cap 8841 - Trading time: 00:01:25
06-09-2025 21:07:27.987 INFO Current price: 0.000000044202 - Current percentage: -18.52% - Max: 64.07% - Min: -26.31% - Market Cap 8842 - Trading time: 00:01:25
06-09-2025 21:07:27.994 INFO Current price: 0.000000044205 - Current percentage: -18.51% - Max: 64.07% - Min: -26.31% - Market Cap 8842 - Trading time: 00:01:25
06-09-2025 21:07:27.994 INFO Current price: 0.000000044207 - Current percentage: -18.51% - Max: 64.07% - Min: -26.31% - Market Cap 8843 - Trading time: 00:01:25
06-09-2025 21:07:28.192 INFO Current price: 0.000000045354 - Current percentage: -14.23% - Max: 64.07% - Min: -26.31% - Market Cap 9307 - Trading time: 00:01:25
06-09-2025 21:07:29.078 INFO Current price: 0.000000046531 - Current percentage: -14.22% - Max: 64.07% - Min: -26.31% - Market Cap 9307 - Trading time: 00:01:26
06-09-2025 21:07:29.604 INFO Current price: 0.000000046531 - Current percentage: -14.22% - Max: 64.07% - Min: -26.31% - Market Cap 9307 - Trading time: 00:01:26
06-09-2025 21:07:30.219 INFO Current price: 0.000000046532 - Current percentage: -14.22% - Max: 64.07% - Min: -26.31% - Market Cap 9307 - Trading time: 00:01:27
06-09-2025 21:07:30.309 INFO Current price: 0.000000045810 - Current percentage: -16.87% - Max: 64.07% - Min: -26.31% - Market Cap 9021 - Trading time: 00:01:27
06-09-2025 21:07:30.681 INFO Current price: 0.000000044483 - Current percentage: -19.12% - Max: 64.07% - Min: -26.31% - Market Cap 8776 - Trading time: 00:01:27
06-09-2025 21:07:31.637 INFO Current price: 0.000000043739 - Current percentage: -19.71% - Max: 64.07% - Min: -26.31% - Market Cap 8712 - Trading time: 00:01:28
06-09-2025 21:07:31.912 INFO Current price: 0.000000044006 - Current percentage: -18.05% - Max: 64.07% - Min: -26.31% - Market Cap 8893 - Trading time: 00:01:29
06-09-2025 21:07:32.453 INFO Current price: 0.000000044803 - Current percentage: -16.77% - Max: 64.07% - Min: -26.31% - Market Cap 9031 - Trading time: 00:01:29
06-09-2025 21:07:32.785 INFO Current price: 0.000000045151 - Current percentage: -16.77% - Max: 64.07% - Min: -26.31% - Market Cap 9031 - Trading time: 00:01:29
06-09-2025 21:07:32.790 INFO Current price: 0.000000045150 - Current percentage: -16.77% - Max: 64.07% - Min: -26.31% - Market Cap 9031 - Trading time: 00:01:29
06-09-2025 21:07:32.790 INFO Current price: 0.000000045149 - Current percentage: -16.77% - Max: 64.07% - Min: -26.31% - Market Cap 9031 - Trading time: 00:01:29
06-09-2025 21:07:32.790 INFO Current price: 0.000000045148 - Current percentage: -16.77% - Max: 64.07% - Min: -26.31% - Market Cap 9031 - Trading time: 00:01:29
06-09-2025 21:07:32.797 INFO Current price: 0.000000045148 - Current percentage: -16.78% - Max: 64.07% - Min: -26.31% - Market Cap 9030 - Trading time: 00:01:29
06-09-2025 21:07:32.800 INFO Current price: 0.000000045147 - Current percentage: -16.78% - Max: 64.07% - Min: -26.31% - Market Cap 9030 - Trading time: 00:01:29
06-09-2025 21:07:32.800 INFO Current price: 0.000000045146 - Current percentage: -16.78% - Max: 64.07% - Min: -26.31% - Market Cap 9030 - Trading time: 00:01:29
06-09-2025 21:07:32.834 INFO Current price: 0.000000045145 - Current percentage: -16.78% - Max: 64.07% - Min: -26.31% - Market Cap 9030 - Trading time: 00:01:29
06-09-2025 21:07:32.837 INFO Current price: 0.000000045144 - Current percentage: -16.78% - Max: 64.07% - Min: -26.31% - Market Cap 9030 - Trading time: 00:01:29
06-09-2025 21:07:33.422 INFO Current price: 0.000000045144 - Current percentage: -16.78% - Max: 64.07% - Min: -26.31% - Market Cap 9030 - Trading time: 00:01:30
06-09-2025 21:07:34.165 INFO Current price: 0.000000045167 - Current percentage: -16.70% - Max: 64.07% - Min: -26.31% - Market Cap 9039 - Trading time: 00:01:31
06-09-2025 21:07:35.931 INFO Current price: 0.000000045138 - Current percentage: -16.89% - Max: 64.07% - Min: -26.31% - Market Cap 9018 - Trading time: 00:01:33
06-09-2025 21:07:37.613 INFO Current price: 0.000000045317 - Current percentage: -16.03% - Max: 64.07% - Min: -26.31% - Market Cap 9111 - Trading time: 00:01:34
06-09-2025 21:07:37.787 INFO Current price: 0.000000045549 - Current percentage: -16.04% - Max: 64.07% - Min: -26.31% - Market Cap 9111 - Trading time: 00:01:34
06-09-2025 21:07:37.894 INFO Current price: 0.000000045549 - Current percentage: -16.04% - Max: 64.07% - Min: -26.31% - Market Cap 9111 - Trading time: 00:01:35
06-09-2025 21:07:37.894 INFO Current price: 0.000000045548 - Current percentage: -16.04% - Max: 64.07% - Min: -26.31% - Market Cap 9110 - Trading time: 00:01:35
06-09-2025 21:07:37.894 INFO Current price: 0.000000045547 - Current percentage: -16.04% - Max: 64.07% - Min: -26.31% - Market Cap 9110 - Trading time: 00:01:35
06-09-2025 21:07:37.899 INFO Current price: 0.000000045546 - Current percentage: -16.04% - Max: 64.07% - Min: -26.31% - Market Cap 9110 - Trading time: 00:01:35
06-09-2025 21:07:37.900 INFO Current price: 0.000000045546 - Current percentage: -16.04% - Max: 64.07% - Min: -26.31% - Market Cap 9110 - Trading time: 00:01:35
06-09-2025 21:07:37.900 INFO Current price: 0.000000045545 - Current percentage: -16.04% - Max: 64.07% - Min: -26.31% - Market Cap 9110 - Trading time: 00:01:35
06-09-2025 21:07:37.900 INFO Current price: 0.000000045544 - Current percentage: -16.05% - Max: 64.07% - Min: -26.31% - Market Cap 9110 - Trading time: 00:01:35
06-09-2025 21:07:37.902 INFO Current price: 0.000000045543 - Current percentage: -16.05% - Max: 64.07% - Min: -26.31% - Market Cap 9109 - Trading time: 00:01:35
06-09-2025 21:07:38.766 INFO Current price: 0.000000045543 - Current percentage: -16.05% - Max: 64.07% - Min: -26.31% - Market Cap 9109 - Trading time: 00:01:35
06-09-2025 21:07:39.053 INFO Current price: 0.000000045542 - Current percentage: -16.05% - Max: 64.07% - Min: -26.31% - Market Cap 9109 - Trading time: 00:01:36
06-09-2025 21:07:39.080 INFO Current price: 0.000000045542 - Current percentage: -16.05% - Max: 64.07% - Min: -26.31% - Market Cap 9109 - Trading time: 00:01:36
06-09-2025 21:07:39.144 INFO Current price: 0.000000045926 - Current percentage: -14.63% - Max: 64.07% - Min: -26.31% - Market Cap 9263 - Trading time: 00:01:36
06-09-2025 21:07:40.043 INFO Current price: 0.000000046313 - Current percentage: -14.63% - Max: 64.07% - Min: -26.31% - Market Cap 9264 - Trading time: 00:01:37
06-09-2025 21:07:40.862 INFO Current price: 0.000000047251 - Current percentage: -11.13% - Max: 64.07% - Min: -26.31% - Market Cap 9643 - Trading time: 00:01:37
06-09-2025 21:07:42.745 INFO Current price: 0.000000048208 - Current percentage: -11.13% - Max: 64.07% - Min: -26.31% - Market Cap 9643 - Trading time: 00:01:39
06-09-2025 21:07:42.750 INFO Current price: 0.000000048208 - Current percentage: -11.13% - Max: 64.07% - Min: -26.31% - Market Cap 9642 - Trading time: 00:01:39
06-09-2025 21:07:42.805 INFO Current price: 0.000000048207 - Current percentage: -11.14% - Max: 64.07% - Min: -26.31% - Market Cap 9642 - Trading time: 00:01:39
06-09-2025 21:07:42.807 INFO Current price: 0.000000048206 - Current percentage: -11.14% - Max: 64.07% - Min: -26.31% - Market Cap 9642 - Trading time: 00:01:39
06-09-2025 21:07:42.812 INFO Current price: 0.000000048205 - Current percentage: -11.14% - Max: 64.07% - Min: -26.31% - Market Cap 9642 - Trading time: 00:01:39
06-09-2025 21:07:42.814 INFO Current price: 0.000000048204 - Current percentage: -11.14% - Max: 64.07% - Min: -26.31% - Market Cap 9642 - Trading time: 00:01:39
06-09-2025 21:07:42.815 INFO Current price: 0.000000048203 - Current percentage: -11.14% - Max: 64.07% - Min: -26.31% - Market Cap 9642 - Trading time: 00:01:39
06-09-2025 21:07:42.815 INFO Current price: 0.000000048202 - Current percentage: -11.15% - Max: 64.07% - Min: -26.31% - Market Cap 9641 - Trading time: 00:01:39
06-09-2025 21:07:43.061 INFO Current price: 0.000000048202 - Current percentage: -11.15% - Max: 64.07% - Min: -26.31% - Market Cap 9641 - Trading time: 00:01:40
06-09-2025 21:07:43.888 INFO Current price: 0.000000048201 - Current percentage: -11.15% - Max: 64.07% - Min: -26.31% - Market Cap 9641 - Trading time: 00:01:41
06-09-2025 21:07:47.976 INFO Current price: 0.000000047386 - Current percentage: -14.90% - Max: 64.07% - Min: -26.31% - Market Cap 9234 - Trading time: 00:01:45
06-09-2025 21:07:49.000 INFO Current price: 0.000000046749 - Current percentage: -12.73% - Max: 64.07% - Min: -26.31% - Market Cap 9469 - Trading time: 00:01:46
06-09-2025 21:07:49.203 INFO Current price: 0.000000047341 - Current percentage: -12.73% - Max: 64.07% - Min: -26.31% - Market Cap 9469 - Trading time: 00:01:46
06-09-2025 21:07:52.132 INFO Current price: 0.000000045979 - Current percentage: -17.68% - Max: 64.07% - Min: -26.31% - Market Cap 8932 - Trading time: 00:01:49
06-09-2025 21:07:52.885 INFO Current price: 0.000000044631 - Current percentage: -17.78% - Max: 64.07% - Min: -26.31% - Market Cap 8922 - Trading time: 00:01:50
06-09-2025 21:07:52.885 INFO Current price: 0.000000044239 - Current percentage: -19.12% - Max: 64.07% - Min: -26.31% - Market Cap 8776 - Trading time: 00:01:50
06-09-2025 21:07:53.709 INFO Current price: 0.000000043868 - Current percentage: -19.15% - Max: 64.07% - Min: -26.31% - Market Cap 8773 - Trading time: 00:01:50
06-09-2025 21:07:54.934 INFO Current price: 0.000000043797 - Current percentage: -19.38% - Max: 64.07% - Min: -26.31% - Market Cap 8748 - Trading time: 00:01:52
06-09-2025 21:07:58.926 INFO Current price: 0.000000043635 - Current percentage: -19.75% - Max: 64.07% - Min: -26.31% - Market Cap 8708 - Trading time: 00:01:56
06-09-2025 21:07:59.129 INFO Current price: 0.000000042904 - Current percentage: -21.38% - Max: 64.07% - Min: -26.31% - Market Cap 8530 - Trading time: 00:01:56
06-09-2025 21:07:59.948 INFO Current price: 0.000000043098 - Current percentage: -19.71% - Max: 64.07% - Min: -26.31% - Market Cap 8711 - Trading time: 00:01:57
06-09-2025 21:07:59.948 INFO Current price: 0.000000043669 - Current percentage: -19.29% - Max: 64.07% - Min: -26.31% - Market Cap 8758 - Trading time: 00:01:57
06-09-2025 21:08:00.979 INFO Current price: 0.000000044925 - Current percentage: -15.03% - Max: 64.07% - Min: -26.31% - Market Cap 9220 - Trading time: 00:01:58
06-09-2025 21:08:01.041 INFO Current price: 0.000000046415 - Current percentage: -13.84% - Max: 64.07% - Min: -26.31% - Market Cap 9349 - Trading time: 00:01:58
06-09-2025 21:08:01.431 INFO Current price: 0.000000046965 - Current percentage: -13.01% - Max: 64.07% - Min: -26.31% - Market Cap 9439 - Trading time: 00:01:58
06-09-2025 21:08:01.999 INFO Current price: 0.000000047204 - Current percentage: -12.96% - Max: 64.07% - Min: -26.31% - Market Cap 9444 - Trading time: 00:01:59
06-09-2025 21:08:03.281 INFO Current price: 0.000000047367 - Current percentage: -12.40% - Max: 64.07% - Min: -26.31% - Market Cap 9505 - Trading time: 00:02:00
06-09-2025 21:08:10.056 INFO Current price: 0.000000047654 - Current percentage: -11.91% - Max: 64.07% - Min: -26.31% - Market Cap 9559 - Trading time: 00:02:07
06-09-2025 21:08:16.340 INFO Current price: 0.000000047188 - Current percentage: -14.11% - Max: 64.07% - Min: -26.31% - Market Cap 9320 - Trading time: 00:02:13
06-09-2025 21:08:16.378 INFO Current price: 0.000000044973 - Current percentage: -19.98% - Max: 64.07% - Min: -26.31% - Market Cap 8683 - Trading time: 00:02:13
06-09-2025 21:08:16.421 INFO Current price: 0.000000043119 - Current percentage: -21.04% - Max: 64.07% - Min: -26.31% - Market Cap 8567 - Trading time: 00:02:13
06-09-2025 21:08:16.507 INFO Current price: 0.000000042636 - Current percentage: -21.77% - Max: 64.07% - Min: -26.31% - Market Cap 8489 - Trading time: 00:02:13
06-09-2025 21:08:19.534 INFO Current price: 0.000000042492 - Current percentage: -21.57% - Max: 64.07% - Min: -26.31% - Market Cap 8510 - Trading time: 00:02:16
06-09-2025 21:08:19.571 INFO Current price: 0.000000042605 - Current percentage: -21.35% - Max: 64.07% - Min: -26.31% - Market Cap 8534 - Trading time: 00:02:16
06-09-2025 21:08:19.815 INFO Current price: 0.000000042553 - Current percentage: -21.76% - Max: 64.07% - Min: -26.31% - Market Cap 8489 - Trading time: 00:02:16
06-09-2025 21:08:22.593 INFO Current price: 0.000000042410 - Current percentage: -21.88% - Max: 64.07% - Min: -26.31% - Market Cap 8476 - Trading time: 00:02:19
06-09-2025 21:08:27.783 INFO Current price: 0.000000042359 - Current percentage: -21.95% - Max: 64.07% - Min: -26.31% - Market Cap 8469 - Trading time: 00:02:24
06-09-2025 21:08:31.263 INFO Current price: 0.000000042020 - Current percentage: -23.13% - Max: 64.07% - Min: -26.31% - Market Cap 8341 - Trading time: 00:02:28
06-09-2025 21:08:32.080 INFO Current price: 0.000000041393 - Current percentage: -24.26% - Max: 64.07% - Min: -26.31% - Market Cap 8218 - Trading time: 00:02:29
06-09-2025 21:08:32.098 INFO Current price: 0.000000040620 - Current percentage: -25.97% - Max: 64.07% - Min: -26.31% - Market Cap 8032 - Trading time: 00:02:29
06-09-2025 21:08:33.413 INFO Current price: 0.000000039205 - Current percentage: -29.44% - Max: 64.07% - Min: -29.44% - Market Cap 7656 - Trading time: 00:02:30
06-09-2025 21:08:33.821 INFO Current price: 0.000000038096 - Current percentage: -30.10% - Max: 64.07% - Min: -30.10% - Market Cap 7584 - Trading time: 00:02:30
06-09-2025 21:08:34.336 INFO Current price: 0.000000037178 - Current percentage: -32.80% - Max: 64.07% - Min: -32.80% - Market Cap 7291 - Trading time: 00:02:31
06-09-2025 21:08:34.377 INFO Current price: 0.000000035807 - Current percentage: -35.16% - Max: 64.07% - Min: -35.16% - Market Cap 7035 - Trading time: 00:02:31
06-09-2025 21:08:34.641 INFO Current price: 0.000000034843 - Current percentage: -36.38% - Max: 64.07% - Min: -36.38% - Market Cap 6904 - Trading time: 00:02:31
06-09-2025 21:08:37.698 INFO Current price: 0.000000034486 - Current percentage: -36.48% - Max: 64.07% - Min: -36.48% - Market Cap 6892 - Trading time: 00:02:34
06-09-2025 21:08:39.859 INFO Current price: 0.000000034441 - Current percentage: -36.54% - Max: 64.07% - Min: -36.54% - Market Cap 6886 - Trading time: 00:02:36
06-09-2025 21:08:41.527 INFO Current price: 0.000000034416 - Current percentage: -36.58% - Max: 64.07% - Min: -36.58% - Market Cap 6882 - Trading time: 00:02:38
06-09-2025 21:08:59.232 INFO Current price: 0.000000034209 - Current percentage: -37.30% - Max: 64.07% - Min: -37.30% - Market Cap 6803 - Trading time: 00:02:56
06-09-2025 21:09:02.678 INFO Current price: 0.000000033932 - Current percentage: -37.60% - Max: 64.07% - Min: -37.60% - Market Cap 6771 - Trading time: 00:02:59
06-09-2025 21:09:04.740 INFO Current price: 0.000000033843 - Current percentage: -37.63% - Max: 64.07% - Min: -37.63% - Market Cap 6768 - Trading time: 00:03:01
06-09-2025 21:09:18.423 INFO Current price: 0.000000032899 - Current percentage: -41.03% - Max: 64.07% - Min: -41.03% - Market Cap 6398 - Trading time: 00:03:15
06-09-2025 21:09:18.745 INFO Current price: 0.000000031998 - Current percentage: -41.00% - Max: 64.07% - Min: -41.03% - Market Cap 6402 - Trading time: 00:03:15
06-09-2025 21:09:19.052 INFO Current price: 0.000000030188 - Current percentage: -47.52% - Max: 64.07% - Min: -47.52% - Market Cap 5695 - Trading time: 00:03:16
06-09-2025 21:09:19.257 INFO Current price: 0.000000028473 - Current percentage: -47.52% - Max: 64.07% - Min: -47.52% - Market Cap 5695 - Trading time: 00:03:16
06-09-2025 21:09:19.566 INFO Current price: 0.000000029207 - Current percentage: -44.77% - Max: 64.07% - Min: -47.52% - Market Cap 5993 - Trading time: 00:03:16
06-09-2025 21:09:19.612 INFO Current price: 0.000000030717 - Current percentage: -41.95% - Max: 64.07% - Min: -47.52% - Market Cap 6299 - Trading time: 00:03:16
06-09-2025 21:09:20.690 INFO Current price: 0.000000032554 - Current percentage: -37.96% - Max: 64.07% - Min: -47.52% - Market Cap 6731 - Trading time: 00:03:17
06-09-2025 21:09:20.690 INFO Current price: 0.000000033851 - Current percentage: -37.24% - Max: 64.07% - Min: -47.52% - Market Cap 6810 - Trading time: 00:03:17
06-09-2025 21:09:24.834 INFO Current price: 0.000000034527 - Current percentage: -35.46% - Max: 64.07% - Min: -47.52% - Market Cap 7003 - Trading time: 00:03:21
06-09-2025 21:09:24.834 INFO Current price: 0.000000035546 - Current percentage: -33.47% - Max: 64.07% - Min: -47.52% - Market Cap 7219 - Trading time: 00:03:21
06-09-2025 21:09:26.711 INFO Current price: 0.000000035938 - Current percentage: -34.03% - Max: 64.07% - Min: -47.52% - Market Cap 7158 - Trading time: 00:03:23
06-09-2025 21:09:26.716 INFO Current price: 0.000000035635 - Current percentage: -34.59% - Max: 64.07% - Min: -47.52% - Market Cap 7098 - Trading time: 00:03:23
06-09-2025 21:09:38.290 INFO Current price: 0.000000035587 - Current percentage: -34.21% - Max: 64.07% - Min: -47.52% - Market Cap 7139 - Trading time: 00:03:35
06-09-2025 21:09:39.051 INFO Current price: 0.000000035793 - Current percentage: -33.83% - Max: 64.07% - Min: -47.52% - Market Cap 7180 - Trading time: 00:03:36
06-09-2025 21:09:41.157 INFO Current price: 0.000000035740 - Current percentage: -34.40% - Max: 64.07% - Min: -47.52% - Market Cap 7118 - Trading time: 00:03:38
06-09-2025 21:09:45.658 INFO Current price: 0.000000034390 - Current percentage: -38.73% - Max: 64.07% - Min: -47.52% - Market Cap 6648 - Trading time: 00:03:42
06-09-2025 21:09:45.659 INFO Current price: 0.000000033045 - Current percentage: -39.44% - Max: 64.07% - Min: -47.52% - Market Cap 6572 - Trading time: 00:03:42
06-09-2025 21:09:47.705 INFO Current price: 0.000000031695 - Current percentage: -43.64% - Max: 64.07% - Min: -47.52% - Market Cap 6116 - Trading time: 00:03:44
06-09-2025 21:09:47.705 INFO Current price: 0.000000029505 - Current percentage: -47.52% - Max: 64.07% - Min: -47.52% - Market Cap 5695 - Trading time: 00:03:44
06-09-2025 21:10:04.353 INFO Current price: 0.000000029483 - Current percentage: -43.72% - Max: 64.07% - Min: -47.52% - Market Cap 6107 - Trading time: 00:04:01
06-09-2025 21:10:05.204 INFO Current price: 0.000000031007 - Current percentage: -41.95% - Max: 64.07% - Min: -47.52% - Market Cap 6299 - Trading time: 00:04:02
06-09-2025 21:10:05.581 INFO Current price: 0.000000031674 - Current percentage: -41.27% - Max: 64.07% - Min: -47.52% - Market Cap 6372 - Trading time: 00:04:02
06-09-2025 21:10:20.970 INFO Current price: 0.000000031674 - Current percentage: -41.95% - Max: 64.07% - Min: -47.52% - Market Cap 6299 - Trading time: 00:04:18
06-09-2025 21:10:31.750 INFO Current price: 0.000000030394 - Current percentage: -45.92% - Max: 64.07% - Min: -47.52% - Market Cap 5868 - Trading time: 00:04:28
06-09-2025 21:11:23.714 INFO Current price: 0.000000029327 - Current percentage: -45.96% - Max: 64.07% - Min: -47.52% - Market Cap 5864 - Trading time: 00:05:20
06-09-2025 21:14:13.373 INFO Current price: 0.000000029262 - Current percentage: -46.17% - Max: 64.07% - Min: -47.52% - Market Cap 5841 - Trading time: 00:08:10
06-09-2025 21:15:35.739 INFO Current price: 0.000000028775 - Current percentage: -47.75% - Max: 64.07% - Min: -47.75% - Market Cap 5669 - Trading time: 00:09:32
06-09-2025 21:17:46.562 INFO Current price: 0.000000028190 - Current percentage: -48.34% - Max: 64.07% - Min: -48.34% - Market Cap 5606 - Trading time: 00:11:43
06-09-2025 21:19:47.600 INFO Current price: 0.000000028027 - Current percentage: -48.36% - Max: 64.07% - Min: -48.36% - Market Cap 5604 - Trading time: 00:13:44






06-09-2025 21:26:02.879 INFO {"type":"summary","reason":"max_window","startedAt":"2025-09-06T19:06:02.878Z","endedAt":"2025-09-06T19:26:02.879Z","durationSec":1200,"entryPrice":6.017133955678789e-8,"entryMarketCapSol":54.24802961877134,"entryMarketCapUsd":10850.690884346644,"minPct":-48.35546123403452,"maxPct":64.07352890366292,"buyCount":179,"sellCount":209,"tradeCount":388,"entryRecorded":true,"noPostThresholdTrades":false,"triggerAt":"2025-09-06T19:06:02.878Z","ageAtTriggerSec":8,"preTotalTrades":37,"preBuys":28,"preSells":9,"preUniqueTraders":29,"preEntryTotalTrades":48,"preEntryBuys":37,"preEntrySells":11,"preEntryUniqueTraders":38,"preEntryMinMcUsd":7585.0663171752485,"preEntryMaxMcUsd":13349.617263118778,"thresholdMcSol":54.24802961877134,"thresholdMcUsd":10850.690884346644,"thresholdPrice":6.017133955678789e-8}
