08-09-2025 18:51:39.211 INFO Entry price: 0.000000066553923960 - Entry market cap: 13181 - Buys 17 - Sells 3 - Ratio: 1:0.18 - Min MarketCap: 8349 - Max MarketCap: 16625
08-09-2025 18:51:39.211 INFO Current price: 0.000000066554 - Current percentage: 0.00% - Max: 0.00% - Min: 0.00% - Market Cap 13181 - Trading time: 00:00:01
08-09-2025 18:51:39.227 INFO Current price: 0.000000053202 - Current percentage: -23.13% - Max: 0.00% - Min: -23.13% - Market Cap 10133 - Trading time: 00:00:02
08-09-2025 18:51:39.995 INFO Current price: 0.000000048467 - Current percentage: -19.22% - Max: 0.00% - Min: -23.13% - Market Cap 10647 - Trading time: 00:00:02
08-09-2025 18:51:40.315 INFO Current price: 0.000000049743 - Current percentage: -19.03% - Max: 0.00% - Min: -23.13% - Market Cap 10673 - Trading time: 00:00:03
08-09-2025 18:51:41.060 INFO Current price: 0.000000053452 - Current percentage: -6.73% - Max: 0.00% - Min: -23.13% - Market Cap 12295 - Trading time: 00:00:03
08-09-2025 18:51:41.135 INFO Current price: 0.000000061284 - Current percentage: 6.44% - Max: 6.44% - Min: -23.13% - Market Cap 14030 - Trading time: 00:00:03
08-09-2025 18:51:41.749 INFO Current price: 0.000000071045 - Current percentage: 25.35% - Max: 25.35% - Min: -23.13% - Market Cap 16523 - Trading time: 00:00:04
08-09-2025 18:51:42.568 INFO Current price: 0.000000077113 - Current percentage: 25.40% - Max: 25.40% - Min: -23.13% - Market Cap 16529 - Trading time: 00:00:05
08-09-2025 18:51:42.835 INFO Current price: 0.000000077011 - Current percentage: 25.02% - Max: 25.40% - Min: -23.13% - Market Cap 16479 - Trading time: 00:00:05
08-09-2025 18:51:42.884 INFO Current price: 0.000000076909 - Current percentage: 25.07% - Max: 25.40% - Min: -23.13% - Market Cap 16486 - Trading time: 00:00:05
08-09-2025 18:51:43.321 INFO Current price: 0.000000077226 - Current percentage: 26.05% - Max: 26.05% - Min: -23.13% - Market Cap 16615 - Trading time: 00:00:06
08-09-2025 18:51:43.443 INFO Current price: 0.000000077343 - Current percentage: 25.44% - Max: 26.05% - Min: -23.13% - Market Cap 16535 - Trading time: 00:00:06
08-09-2025 18:51:44.037 INFO Current price: 0.000000077151 - Current percentage: 25.43% - Max: 26.05% - Min: -23.13% - Market Cap 16533 - Trading time: 00:00:06
08-09-2025 18:51:44.133 INFO Current price: 0.000000071088 - Current percentage: 6.50% - Max: 26.05% - Min: -23.13% - Market Cap 14039 - Trading time: 00:00:06
08-09-2025 18:51:44.204 INFO Current price: 0.000000063673 - Current percentage: 0.63% - Max: 26.05% - Min: -23.13% - Market Cap 13264 - Trading time: 00:00:06
08-09-2025 18:51:44.623 INFO Current price: 0.000000059052 - Current percentage: -8.40% - Max: 26.05% - Min: -23.13% - Market Cap 12075 - Trading time: 00:00:07
08-09-2025 18:51:44.624 INFO Current price: 0.000000053837 - Current percentage: -16.36% - Max: 26.05% - Min: -23.13% - Market Cap 11025 - Trading time: 00:00:07
08-09-2025 18:51:44.918 INFO Current price: 0.000000050385 - Current percentage: -19.77% - Max: 26.05% - Min: -23.13% - Market Cap 10576 - Trading time: 00:00:07
08-09-2025 18:51:45.536 INFO Current price: 0.000000049712 - Current percentage: -18.58% - Max: 26.05% - Min: -23.13% - Market Cap 10732 - Trading time: 00:00:08
08-09-2025 18:51:45.850 INFO Current price: 0.000000050200 - Current percentage: -18.18% - Max: 26.05% - Min: -23.13% - Market Cap 10785 - Trading time: 00:00:08
08-09-2025 18:51:46.029 INFO Current price: 0.000000050338 - Current percentage: -18.13% - Max: 26.05% - Min: -23.13% - Market Cap 10791 - Trading time: 00:00:08
08-09-2025 18:51:46.031 INFO Current price: 0.000000050964 - Current percentage: -16.13% - Max: 26.05% - Min: -23.13% - Market Cap 11055 - Trading time: 00:00:08
08-09-2025 18:51:46.083 INFO Current price: 0.000000051608 - Current percentage: -16.05% - Max: 26.05% - Min: -23.13% - Market Cap 11065 - Trading time: 00:00:08
08-09-2025 18:51:46.087 INFO Current price: 0.000000052128 - Current percentage: -14.43% - Max: 26.05% - Min: -23.13% - Market Cap 11279 - Trading time: 00:00:08
08-09-2025 18:51:46.089 INFO Current price: 0.000000052878 - Current percentage: -13.62% - Max: 26.05% - Min: -23.13% - Market Cap 11386 - Trading time: 00:00:08
08-09-2025 18:51:46.931 INFO Current price: 0.000000050323 - Current percentage: -22.50% - Max: 26.05% - Min: -23.13% - Market Cap 10215 - Trading time: 00:00:09
08-09-2025 18:51:46.987 INFO Current price: 0.000000044681 - Current percentage: -31.90% - Max: 26.05% - Min: -31.90% - Market Cap 8976 - Trading time: 00:00:09
08-09-2025 18:51:47.328 INFO Current price: 0.000000041529 - Current percentage: -33.05% - Max: 26.05% - Min: -33.05% - Market Cap 8824 - Trading time: 00:00:10
08-09-2025 18:51:47.649 INFO Current price: 0.000000038980 - Current percentage: -40.01% - Max: 26.05% - Min: -40.01% - Market Cap 7908 - Trading time: 00:00:10
08-09-2025 18:51:48.347 INFO Current price: 0.000000036525 - Current percentage: -41.22% - Max: 26.05% - Min: -41.22% - Market Cap 7748 - Trading time: 00:00:11
08-09-2025 18:51:48.494 INFO Current price: 0.000000036257 - Current percentage: -40.88% - Max: 26.05% - Min: -41.22% - Market Cap 7793 - Trading time: 00:00:11
08-09-2025 18:51:48.955 INFO Current price: 0.000000036465 - Current percentage: -40.54% - Max: 26.05% - Min: -41.22% - Market Cap 7837 - Trading time: 00:00:11
08-09-2025 18:51:50.219 INFO Current price: 0.000000036651 - Current percentage: -40.28% - Max: 26.05% - Min: -41.22% - Market Cap 7872 - Trading time: 00:00:13
08-09-2025 18:51:50.222 INFO Current price: 0.000000036810 - Current percentage: -40.03% - Max: 26.05% - Min: -41.22% - Market Cap 7905 - Trading time: 00:00:13
08-09-2025 18:51:50.300 INFO Current price: 0.000000036958 - Current percentage: -39.80% - Max: 26.05% - Min: -41.22% - Market Cap 7936 - Trading time: 00:00:13
08-09-2025 18:51:50.524 INFO Current price: 0.000000037109 - Current percentage: -39.54% - Max: 26.05% - Min: -41.22% - Market Cap 7970 - Trading time: 00:00:13
08-09-2025 18:51:50.621 INFO Current price: 0.000000037268 - Current percentage: -39.28% - Max: 26.05% - Min: -41.22% - Market Cap 8004 - Trading time: 00:00:13
08-09-2025 18:51:50.623 INFO Current price: 0.000000037420 - Current percentage: -39.04% - Max: 26.05% - Min: -41.22% - Market Cap 8035 - Trading time: 00:00:13
08-09-2025 18:51:50.788 INFO Current price: 0.000000037564 - Current percentage: -38.81% - Max: 26.05% - Min: -41.22% - Market Cap 8066 - Trading time: 00:00:13
08-09-2025 18:51:50.790 INFO Current price: 0.000000037712 - Current percentage: -38.56% - Max: 26.05% - Min: -41.22% - Market Cap 8098 - Trading time: 00:00:13
08-09-2025 18:51:50.793 INFO Current price: 0.000000037873 - Current percentage: -38.29% - Max: 26.05% - Min: -41.22% - Market Cap 8135 - Trading time: 00:00:13
08-09-2025 18:51:50.794 INFO Current price: 0.000000036083 - Current percentage: -44.23% - Max: 26.05% - Min: -44.23% - Market Cap 7351 - Trading time: 00:00:13
08-09-2025 18:51:50.892 INFO Current price: 0.000000034340 - Current percentage: -44.10% - Max: 26.05% - Min: -44.23% - Market Cap 7368 - Trading time: 00:00:13
08-09-2025 18:51:50.928 INFO Current price: 0.000000034457 - Current percentage: -43.85% - Max: 26.05% - Min: -44.23% - Market Cap 7401 - Trading time: 00:00:13
08-09-2025 18:51:50.950 INFO Current price: 0.000000034606 - Current percentage: -43.62% - Max: 26.05% - Min: -44.23% - Market Cap 7432 - Trading time: 00:00:13
08-09-2025 18:51:50.962 INFO Current price: 0.000000034753 - Current percentage: -43.38% - Max: 26.05% - Min: -44.23% - Market Cap 7464 - Trading time: 00:00:13
08-09-2025 18:51:52.295 INFO Current price: 0.000000034837 - Current percentage: -43.34% - Max: 26.05% - Min: -44.23% - Market Cap 7468 - Trading time: 00:00:15
08-09-2025 18:51:53.087 INFO Current price: 0.000000035356 - Current percentage: -41.68% - Max: 26.05% - Min: -44.23% - Market Cap 7688 - Trading time: 00:00:15
08-09-2025 18:51:53.246 INFO Current price: 0.000000035874 - Current percentage: -41.67% - Max: 26.05% - Min: -44.23% - Market Cap 7689 - Trading time: 00:00:16
08-09-2025 18:51:53.305 INFO Current price: 0.000000035883 - Current percentage: -41.65% - Max: 26.05% - Min: -44.23% - Market Cap 7692 - Trading time: 00:00:16
08-09-2025 18:51:53.356 INFO Current price: 0.000000035892 - Current percentage: -41.64% - Max: 26.05% - Min: -44.23% - Market Cap 7692 - Trading time: 00:00:16
08-09-2025 18:51:53.714 INFO Current price: 0.000000035997 - Current percentage: -41.31% - Max: 26.05% - Min: -44.23% - Market Cap 7737 - Trading time: 00:00:16
08-09-2025 18:51:54.073 INFO Current price: 0.000000036204 - Current percentage: -40.97% - Max: 26.05% - Min: -44.23% - Market Cap 7781 - Trading time: 00:00:16
08-09-2025 18:51:54.325 INFO Current price: 0.000000036568 - Current percentage: -40.12% - Max: 26.05% - Min: -44.23% - Market Cap 7893 - Trading time: 00:00:17
08-09-2025 18:51:54.465 INFO Current price: 0.000000036934 - Current percentage: -39.78% - Max: 26.05% - Min: -44.23% - Market Cap 7938 - Trading time: 00:00:17
08-09-2025 18:51:54.568 INFO Current price: 0.000000036203 - Current percentage: -42.47% - Max: 26.05% - Min: -44.23% - Market Cap 7584 - Trading time: 00:00:17
08-09-2025 18:51:54.665 INFO Current price: 0.000000035385 - Current percentage: -42.47% - Max: 26.05% - Min: -44.23% - Market Cap 7583 - Trading time: 00:00:17
08-09-2025 18:51:55.305 INFO Current price: 0.000000035895 - Current percentage: -40.79% - Max: 26.05% - Min: -44.23% - Market Cap 7804 - Trading time: 00:00:18
08-09-2025 18:51:55.775 INFO Current price: 0.000000037466 - Current percentage: -37.33% - Max: 26.05% - Min: -44.23% - Market Cap 8261 - Trading time: 00:00:18
08-09-2025 18:51:55.904 INFO Current price: 0.000000039195 - Current percentage: -35.20% - Max: 26.05% - Min: -44.23% - Market Cap 8541 - Trading time: 00:00:18
08-09-2025 18:51:55.965 INFO Current price: 0.000000039865 - Current percentage: -35.17% - Max: 26.05% - Min: -44.23% - Market Cap 8546 - Trading time: 00:00:18
08-09-2025 18:51:56.439 INFO Current price: 0.000000039887 - Current percentage: -35.13% - Max: 26.05% - Min: -44.23% - Market Cap 8550 - Trading time: 00:00:19
08-09-2025 18:51:58.991 INFO Current price: 0.000000039889 - Current percentage: -35.16% - Max: 26.05% - Min: -44.23% - Market Cap 8547 - Trading time: 00:00:21
08-09-2025 18:51:59.569 INFO Current price: 0.000000039586 - Current percentage: -36.11% - Max: 26.05% - Min: -44.23% - Market Cap 8421 - Trading time: 00:00:22
08-09-2025 18:51:59.826 INFO Current price: 0.000000039402 - Current percentage: -35.76% - Max: 26.05% - Min: -44.23% - Market Cap 8467 - Trading time: 00:00:22
08-09-2025 18:52:00.572 INFO Current price: 0.000000039393 - Current percentage: -36.14% - Max: 26.05% - Min: -44.23% - Market Cap 8417 - Trading time: 00:00:23
08-09-2025 18:52:01.436 INFO Current price: 0.000000039297 - Current percentage: -36.07% - Max: 26.05% - Min: -44.23% - Market Cap 8426 - Trading time: 00:00:24
08-09-2025 18:52:02.001 INFO Current price: 0.000000039330 - Current percentage: -36.04% - Max: 26.05% - Min: -44.23% - Market Cap 8431 - Trading time: 00:00:24
08-09-2025 18:52:02.565 INFO Current price: 0.000000039394 - Current percentage: -35.86% - Max: 26.05% - Min: -44.23% - Market Cap 8454 - Trading time: 00:00:25
08-09-2025 18:52:02.834 INFO Current price: 0.000000039990 - Current percentage: -34.09% - Max: 26.05% - Min: -44.23% - Market Cap 8688 - Trading time: 00:00:25
08-09-2025 18:52:03.748 INFO Current price: 0.000000040648 - Current percentage: -33.73% - Max: 26.05% - Min: -44.23% - Market Cap 8735 - Trading time: 00:00:26
08-09-2025 18:52:04.148 INFO Current price: 0.000000040760 - Current percentage: -33.73% - Max: 26.05% - Min: -44.23% - Market Cap 8736 - Trading time: 00:00:26
08-09-2025 18:52:05.844 INFO Current price: 0.000000039614 - Current percentage: -37.41% - Max: 26.05% - Min: -44.23% - Market Cap 8251 - Trading time: 00:00:28
08-09-2025 18:52:05.849 INFO Current price: 0.000000037370 - Current percentage: -41.02% - Max: 26.05% - Min: -44.23% - Market Cap 7774 - Trading time: 00:00:28
08-09-2025 18:52:05.882 INFO Current price: 0.000000035259 - Current percentage: -44.28% - Max: 26.05% - Min: -44.28% - Market Cap 7345 - Trading time: 00:00:28
08-09-2025 18:52:06.230 INFO Current price: 0.000000033745 - Current percentage: -45.98% - Max: 26.05% - Min: -45.98% - Market Cap 7121 - Trading time: 00:00:29
08-09-2025 18:52:06.233 INFO Current price: 0.000000033225 - Current percentage: -45.98% - Max: 26.05% - Min: -45.98% - Market Cap 7120 - Trading time: 00:00:29
08-09-2025 18:52:06.708 INFO Current price: 0.000000033143 - Current percentage: -46.25% - Max: 26.05% - Min: -46.25% - Market Cap 7085 - Trading time: 00:00:29
08-09-2025 18:52:06.711 INFO Current price: 0.000000032657 - Current percentage: -47.55% - Max: 26.05% - Min: -47.55% - Market Cap 6913 - Trading time: 00:00:29
08-09-2025 18:52:06.749 INFO Current price: 0.000000032460 - Current percentage: -46.89% - Max: 26.05% - Min: -47.55% - Market Cap 7000 - Trading time: 00:00:29
08-09-2025 18:52:06.842 INFO Current price: 0.000000032910 - Current percentage: -46.09% - Max: 26.05% - Min: -47.55% - Market Cap 7106 - Trading time: 00:00:29
08-09-2025 18:52:06.852 INFO Current price: 0.000000033154 - Current percentage: -46.10% - Max: 26.05% - Min: -47.55% - Market Cap 7104 - Trading time: 00:00:29
08-09-2025 18:52:06.866 INFO Current price: 0.000000033066 - Current percentage: -46.38% - Max: 26.05% - Min: -47.55% - Market Cap 7068 - Trading time: 00:00:29
08-09-2025 18:52:06.900 INFO Current price: 0.000000032979 - Current percentage: -46.38% - Max: 26.05% - Min: -47.55% - Market Cap 7067 - Trading time: 00:00:29
08-09-2025 18:52:06.984 INFO Current price: 0.000000032974 - Current percentage: -46.40% - Max: 26.05% - Min: -47.55% - Market Cap 7066 - Trading time: 00:00:29
08-09-2025 18:52:07.175 INFO Current price: 0.000000032774 - Current percentage: -47.03% - Max: 26.05% - Min: -47.55% - Market Cap 6982 - Trading time: 00:00:29
08-09-2025 18:52:07.277 INFO Current price: 0.000000032490 - Current percentage: -47.32% - Max: 26.05% - Min: -47.55% - Market Cap 6944 - Trading time: 00:00:30
08-09-2025 18:52:07.436 INFO Current price: 0.000000032451 - Current percentage: -47.16% - Max: 26.05% - Min: -47.55% - Market Cap 6965 - Trading time: 00:00:30
08-09-2025 18:52:07.543 INFO Current price: 0.000000032488 - Current percentage: -47.20% - Max: 26.05% - Min: -47.55% - Market Cap 6960 - Trading time: 00:00:30
08-09-2025 18:52:07.982 INFO Current price: 0.000000032037 - Current percentage: -48.62% - Max: 26.05% - Min: -48.62% - Market Cap 6773 - Trading time: 00:00:30
08-09-2025 18:52:09.083 INFO Current price: 0.000000031618 - Current percentage: -48.57% - Max: 26.05% - Min: -48.62% - Market Cap 6779 - Trading time: 00:00:31
08-09-2025 18:52:10.531 INFO Current price: 0.000000031547 - Current percentage: -48.85% - Max: 26.05% - Min: -48.85% - Market Cap 6743 - Trading time: 00:00:33
08-09-2025 18:52:11.126 INFO Current price: 0.000000031946 - Current percentage: -47.26% - Max: 26.05% - Min: -48.85% - Market Cap 6952 - Trading time: 00:00:33
08-09-2025 18:52:11.348 INFO Current price: 0.000000032357 - Current percentage: -47.52% - Max: 26.05% - Min: -48.85% - Market Cap 6917 - Trading time: 00:00:34
08-09-2025 18:52:13.182 INFO Current price: 0.000000032038 - Current percentage: -48.30% - Max: 26.05% - Min: -48.85% - Market Cap 6815 - Trading time: 00:00:35
08-09-2025 18:52:13.183 INFO Current price: 0.000000031606 - Current percentage: -48.93% - Max: 26.05% - Min: -48.93% - Market Cap 6732 - Trading time: 00:00:35
08-09-2025 18:52:13.844 INFO Current price: 0.000000030943 - Current percentage: -50.44% - Max: 26.05% - Min: -50.44% - Market Cap 6533 - Trading time: 00:00:36
08-09-2025 18:52:14.267 INFO Current price: 0.000000030459 - Current percentage: -50.52% - Max: 26.05% - Min: -50.52% - Market Cap 6523 - Trading time: 00:00:37
08-09-2025 18:52:15.384 INFO Current price: 0.000000030429 - Current percentage: -50.54% - Max: 26.05% - Min: -50.54% - Market Cap 6520 - Trading time: 00:00:38
08-09-2025 18:52:16.807 INFO Current price: 0.000000030385 - Current percentage: -50.66% - Max: 26.05% - Min: -50.66% - Market Cap 6504 - Trading time: 00:00:39
08-09-2025 18:52:16.970 INFO Current price: 0.000000030136 - Current percentage: -51.35% - Max: 26.05% - Min: -51.35% - Market Cap 6413 - Trading time: 00:00:39
08-09-2025 18:52:19.280 INFO Current price: 0.000000029182 - Current percentage: -53.73% - Max: 26.05% - Min: -53.73% - Market Cap 6099 - Trading time: 00:00:42
08-09-2025 18:52:20.761 INFO Current price: 0.000000028453 - Current percentage: -53.75% - Max: 26.05% - Min: -53.75% - Market Cap 6096 - Trading time: 00:00:43
08-09-2025 18:52:22.294 INFO Current price: 0.000000030298 - Current percentage: -47.53% - Max: 26.05% - Min: -53.75% - Market Cap 6916 - Trading time: 00:00:45
08-09-2025 18:52:22.299 INFO Current price: 0.000000034053 - Current percentage: -41.58% - Max: 26.05% - Min: -53.75% - Market Cap 7701 - Trading time: 00:00:45
08-09-2025 18:52:22.301 INFO Current price: 0.000000037867 - Current percentage: -35.12% - Max: 26.05% - Min: -53.75% - Market Cap 8552 - Trading time: 00:00:45
08-09-2025 18:52:22.303 INFO Current price: 0.000000042265 - Current percentage: -27.22% - Max: 26.05% - Min: -53.75% - Market Cap 9594 - Trading time: 00:00:45
08-09-2025 18:52:22.304 INFO Current price: 0.000000047138 - Current percentage: -19.30% - Max: 26.05% - Min: -53.75% - Market Cap 10638 - Trading time: 00:00:45
08-09-2025 18:52:22.314 INFO Current price: 0.000000049543 - Current percentage: -19.60% - Max: 26.05% - Min: -53.75% - Market Cap 10598 - Trading time: 00:00:45
08-09-2025 18:52:22.596 INFO Current price: 0.000000049588 - Current percentage: -19.15% - Max: 26.05% - Min: -53.75% - Market Cap 10657 - Trading time: 00:00:45
08-09-2025 18:52:22.601 INFO Current price: 0.000000049864 - Current percentage: -18.70% - Max: 26.05% - Min: -53.75% - Market Cap 10716 - Trading time: 00:00:45
08-09-2025 18:52:22.603 INFO Current price: 0.000000050213 - Current percentage: -18.02% - Max: 26.05% - Min: -53.75% - Market Cap 10806 - Trading time: 00:00:45
08-09-2025 18:52:22.609 INFO Current price: 0.000000050776 - Current percentage: -16.87% - Max: 26.05% - Min: -53.75% - Market Cap 10958 - Trading time: 00:00:45
08-09-2025 18:52:22.925 INFO Current price: 0.000000051328 - Current percentage: -16.23% - Max: 26.05% - Min: -53.75% - Market Cap 11042 - Trading time: 00:00:45
08-09-2025 18:52:23.464 INFO Current price: 0.000000054072 - Current percentage: -8.43% - Max: 26.05% - Min: -53.75% - Market Cap 12070 - Trading time: 00:00:46
08-09-2025 18:52:23.550 INFO Current price: 0.000000056580 - Current percentage: -7.59% - Max: 26.05% - Min: -53.75% - Market Cap 12181 - Trading time: 00:00:46
08-09-2025 18:52:24.592 INFO Current price: 0.000000056671 - Current percentage: -8.13% - Max: 26.05% - Min: -53.75% - Market Cap 12109 - Trading time: 00:00:47
08-09-2025 18:52:25.132 INFO Current price: 0.000000056635 - Current percentage: -7.70% - Max: 26.05% - Min: -53.75% - Market Cap 12166 - Trading time: 00:00:47
08-09-2025 18:52:26.430 INFO Current price: 0.000000058382 - Current percentage: -2.38% - Max: 26.05% - Min: -53.75% - Market Cap 12868 - Trading time: 00:00:49
08-09-2025 18:52:26.776 INFO Current price: 0.000000059861 - Current percentage: -2.97% - Max: 26.05% - Min: -53.75% - Market Cap 12790 - Trading time: 00:00:49
08-09-2025 18:52:27.072 INFO Current price: 0.000000061330 - Current percentage: 2.47% - Max: 26.05% - Min: -53.75% - Market Cap 13508 - Trading time: 00:00:49
08-09-2025 18:52:27.116 INFO Current price: 0.000000063003 - Current percentage: 2.39% - Max: 26.05% - Min: -53.75% - Market Cap 13497 - Trading time: 00:00:49
08-09-2025 18:52:27.683 INFO Current price: 0.000000062878 - Current percentage: 2.07% - Max: 26.05% - Min: -53.75% - Market Cap 13454 - Trading time: 00:00:50
08-09-2025 18:52:28.139 INFO Current price: 0.000000062476 - Current percentage: 1.09% - Max: 26.05% - Min: -53.75% - Market Cap 13325 - Trading time: 00:00:50
08-09-2025 18:52:28.170 INFO Current price: 0.000000059488 - Current percentage: -7.46% - Max: 26.05% - Min: -53.75% - Market Cap 12198 - Trading time: 00:00:50
08-09-2025 18:52:29.171 INFO Current price: 0.000000059083 - Current percentage: -0.28% - Max: 26.05% - Min: -53.75% - Market Cap 13144 - Trading time: 00:00:51
08-09-2025 18:52:29.351 INFO Current price: 0.000000063153 - Current percentage: 5.73% - Max: 26.05% - Min: -53.75% - Market Cap 13936 - Trading time: 00:00:52
08-09-2025 18:52:31.865 INFO Current price: 0.000000062870 - Current percentage: -1.18% - Max: 26.05% - Min: -53.75% - Market Cap 13026 - Trading time: 00:00:54
08-09-2025 18:52:32.946 INFO Current price: 0.000000062781 - Current percentage: 5.43% - Max: 26.05% - Min: -53.75% - Market Cap 13897 - Trading time: 00:00:55
08-09-2025 18:52:33.297 INFO Current price: 0.000000066874 - Current percentage: 12.13% - Max: 26.05% - Min: -53.75% - Market Cap 14780 - Trading time: 00:00:56
08-09-2025 18:52:33.881 INFO Current price: 0.000000068812 - Current percentage: 11.63% - Max: 26.05% - Min: -53.75% - Market Cap 14714 - Trading time: 00:00:56
08-09-2025 18:52:34.080 INFO Current price: 0.000000068288 - Current percentage: 10.43% - Max: 26.05% - Min: -53.75% - Market Cap 14556 - Trading time: 00:00:56
08-09-2025 18:52:34.649 INFO Current price: 0.000000069695 - Current percentage: 16.27% - Max: 26.05% - Min: -53.75% - Market Cap 15327 - Trading time: 00:00:57
08-09-2025 18:52:36.210 INFO Current price: 0.000000071161 - Current percentage: 15.12% - Max: 26.05% - Min: -53.75% - Market Cap 15175 - Trading time: 00:00:58
08-09-2025 18:52:36.564 INFO Current price: 0.000000070492 - Current percentage: 14.10% - Max: 26.05% - Min: -53.75% - Market Cap 15040 - Trading time: 00:00:59
08-09-2025 18:52:37.167 INFO Current price: 0.000000068034 - Current percentage: 7.23% - Max: 26.05% - Min: -53.75% - Market Cap 14135 - Trading time: 00:00:59
08-09-2025 18:52:37.536 INFO Current price: 0.000000068382 - Current percentage: 15.27% - Max: 26.05% - Min: -53.75% - Market Cap 15194 - Trading time: 00:01:00
08-09-2025 18:52:37.955 INFO Current price: 0.000000072530 - Current percentage: 20.64% - Max: 26.05% - Min: -53.75% - Market Cap 15902 - Trading time: 00:01:00
08-09-2025 18:52:38.702 INFO Current price: 0.000000076023 - Current percentage: 26.64% - Max: 26.64% - Min: -53.75% - Market Cap 16693 - Trading time: 00:01:01
08-09-2025 18:52:40.568 INFO Current price: 0.000000075970 - Current percentage: 20.47% - Max: 26.64% - Min: -53.75% - Market Cap 15880 - Trading time: 00:01:03
08-09-2025 18:52:42.742 INFO Current price: 0.000000071381 - Current percentage: 11.80% - Max: 26.64% - Min: -53.75% - Market Cap 14737 - Trading time: 00:01:05
08-09-2025 18:52:43.864 INFO Current price: 0.000000068909 - Current percentage: 12.27% - Max: 26.64% - Min: -53.75% - Market Cap 14799 - Trading time: 00:01:06
08-09-2025 18:52:44.261 INFO Current price: 0.000000069116 - Current percentage: 12.48% - Max: 26.64% - Min: -53.75% - Market Cap 14826 - Trading time: 00:01:07
08-09-2025 18:52:44.407 INFO Current price: 0.000000071103 - Current percentage: 18.82% - Max: 26.64% - Min: -53.75% - Market Cap 15662 - Trading time: 00:01:07
08-09-2025 18:52:45.049 INFO Current price: 0.000000075237 - Current percentage: 25.93% - Max: 26.64% - Min: -53.75% - Market Cap 16600 - Trading time: 00:01:07
08-09-2025 18:52:45.649 INFO Current price: 0.000000077533 - Current percentage: 26.18% - Max: 26.64% - Min: -53.75% - Market Cap 16632 - Trading time: 00:01:08
08-09-2025 18:52:47.567 INFO Current price: 0.000000077534 - Current percentage: 25.94% - Max: 26.64% - Min: -53.75% - Market Cap 16600 - Trading time: 00:01:10
08-09-2025 18:52:48.778 INFO Current price: 0.000000074441 - Current percentage: 16.31% - Max: 26.64% - Min: -53.75% - Market Cap 15332 - Trading time: 00:01:11
08-09-2025 18:52:50.080 INFO Current price: 0.000000074477 - Current percentage: 26.06% - Max: 26.64% - Min: -53.75% - Market Cap 16616 - Trading time: 00:01:12
08-09-2025 18:52:51.668 INFO Current price: 0.000000074844 - Current percentage: 17.46% - Max: 26.64% - Min: -53.75% - Market Cap 15483 - Trading time: 00:01:14
08-09-2025 18:52:53.782 INFO Current price: 0.000000072093 - Current percentage: 16.96% - Max: 26.64% - Min: -53.75% - Market Cap 15417 - Trading time: 00:01:16
08-09-2025 18:52:54.371 INFO Current price: 0.000000068709 - Current percentage: 6.70% - Max: 26.64% - Min: -53.75% - Market Cap 14064 - Trading time: 00:01:17
08-09-2025 18:52:55.217 INFO Current price: 0.000000067339 - Current percentage: 12.34% - Max: 26.64% - Min: -53.75% - Market Cap 14809 - Trading time: 00:01:18
08-09-2025 18:52:55.748 INFO Current price: 0.000000071121 - Current percentage: 19.02% - Max: 26.64% - Min: -53.75% - Market Cap 15688 - Trading time: 00:01:18
08-09-2025 18:52:58.468 INFO Current price: 0.000000075161 - Current percentage: 25.47% - Max: 26.64% - Min: -53.75% - Market Cap 16539 - Trading time: 00:01:21
08-09-2025 18:53:00.961 INFO Current price: 0.000000074013 - Current percentage: 15.41% - Max: 26.64% - Min: -53.75% - Market Cap 15212 - Trading time: 00:01:23
08-09-2025 18:53:01.753 INFO Current price: 0.000000071098 - Current percentage: 15.60% - Max: 26.64% - Min: -53.75% - Market Cap 15237 - Trading time: 00:01:24
08-09-2025 18:53:04.312 INFO Current price: 0.000000072957 - Current percentage: 21.72% - Max: 26.64% - Min: -53.75% - Market Cap 16044 - Trading time: 00:01:27
08-09-2025 18:53:05.508 INFO Current price: 0.000000074864 - Current percentage: 21.72% - Max: 26.64% - Min: -53.75% - Market Cap 16044 - Trading time: 00:01:28
08-09-2025 18:53:08.461 INFO Current price: 0.000000077324 - Current percentage: 29.85% - Max: 29.85% - Min: -53.75% - Market Cap 17116 - Trading time: 00:01:31
08-09-2025 18:53:09.214 INFO Current price: 0.000000080020 - Current percentage: 30.35% - Max: 30.35% - Min: -53.75% - Market Cap 17183 - Trading time: 00:01:32
08-09-2025 18:53:09.697 INFO Current price: 0.000000080254 - Current percentage: 30.61% - Max: 30.61% - Min: -53.75% - Market Cap 17216 - Trading time: 00:01:32
08-09-2025 18:53:09.798 INFO Current price: 0.000000080348 - Current percentage: 30.66% - Max: 30.66% - Min: -53.75% - Market Cap 17223 - Trading time: 00:01:32
08-09-2025 18:53:11.964 INFO Current price: 0.000000079174 - Current percentage: 26.82% - Max: 30.66% - Min: -53.75% - Market Cap 16717 - Trading time: 00:01:34
08-09-2025 18:53:13.806 INFO Current price: 0.000000080260 - Current percentage: 34.27% - Max: 34.27% - Min: -53.75% - Market Cap 17699 - Trading time: 00:01:36
08-09-2025 18:53:14.580 INFO Current price: 0.000000081855 - Current percentage: 31.91% - Max: 34.27% - Min: -53.75% - Market Cap 17387 - Trading time: 00:01:37
08-09-2025 18:53:15.071 INFO Current price: 0.000000084614 - Current percentage: 43.48% - Max: 43.48% - Min: -53.75% - Market Cap 18912 - Trading time: 00:01:37
08-09-2025 18:53:15.309 INFO Current price: 0.000000088184 - Current percentage: 43.27% - Max: 43.48% - Min: -53.75% - Market Cap 18885 - Trading time: 00:01:38
08-09-2025 18:53:16.724 INFO Current price: 0.000000086861 - Current percentage: 39.20% - Max: 43.48% - Min: -53.75% - Market Cap 18349 - Trading time: 00:01:39
08-09-2025 18:53:18.422 INFO Current price: 0.000000084530 - Current percentage: 35.69% - Max: 43.48% - Min: -53.75% - Market Cap 17885 - Trading time: 00:01:41
08-09-2025 18:53:18.478 INFO Current price: 0.000000083371 - Current percentage: 35.41% - Max: 43.48% - Min: -53.75% - Market Cap 17849 - Trading time: 00:01:41
08-09-2025 18:53:19.387 INFO Current price: 0.000000082760 - Current percentage: 33.71% - Max: 43.48% - Min: -53.75% - Market Cap 17624 - Trading time: 00:01:42
08-09-2025 18:53:20.293 INFO Current price: 0.000000082254 - Current percentage: 33.76% - Max: 43.48% - Min: -53.75% - Market Cap 17631 - Trading time: 00:01:43
08-09-2025 18:53:20.629 INFO Current price: 0.000000080586 - Current percentage: 28.34% - Max: 43.48% - Min: -53.75% - Market Cap 16917 - Trading time: 00:01:43
08-09-2025 18:53:20.932 INFO Current price: 0.000000077944 - Current percentage: 25.13% - Max: 43.48% - Min: -53.75% - Market Cap 16494 - Trading time: 00:01:43
08-09-2025 18:53:23.288 INFO Current price: 0.000000075441 - Current percentage: 20.23% - Max: 43.48% - Min: -53.75% - Market Cap 15847 - Trading time: 00:01:46
08-09-2025 18:53:23.525 INFO Current price: 0.000000071334 - Current percentage: 11.88% - Max: 43.48% - Min: -53.75% - Market Cap 14747 - Trading time: 00:01:46
08-09-2025 18:53:26.292 INFO Current price: 0.000000071498 - Current percentage: 20.78% - Max: 43.48% - Min: -53.75% - Market Cap 15920 - Trading time: 00:01:49
08-09-2025 18:53:27.044 INFO Current price: 0.000000074451 - Current percentage: 21.31% - Max: 43.48% - Min: -53.75% - Market Cap 15991 - Trading time: 00:01:49
08-09-2025 18:53:27.170 INFO Current price: 0.000000074725 - Current percentage: 21.67% - Max: 43.48% - Min: -53.75% - Market Cap 16038 - Trading time: 00:01:49
08-09-2025 18:53:27.980 INFO Current price: 0.000000076798 - Current percentage: 28.14% - Max: 43.48% - Min: -53.75% - Market Cap 16891 - Trading time: 00:01:50
08-09-2025 18:53:30.377 INFO Current price: 0.000000080809 - Current percentage: 34.71% - Max: 43.48% - Min: -53.75% - Market Cap 17756 - Trading time: 00:01:53
08-09-2025 18:53:31.557 INFO Current price: 0.000000084791 - Current percentage: 41.08% - Max: 43.48% - Min: -53.75% - Market Cap 18597 - Trading time: 00:01:54
08-09-2025 18:53:32.910 INFO Current price: 0.000000086568 - Current percentage: 40.41% - Max: 43.48% - Min: -53.75% - Market Cap 18508 - Trading time: 00:01:55
08-09-2025 18:53:33.046 INFO Current price: 0.000000086226 - Current percentage: 39.97% - Max: 43.48% - Min: -53.75% - Market Cap 18450 - Trading time: 00:01:55
08-09-2025 18:53:33.769 INFO Current price: 0.000000084961 - Current percentage: 36.32% - Max: 43.48% - Min: -53.75% - Market Cap 17969 - Trading time: 00:01:56
08-09-2025 18:53:35.076 INFO Current price: 0.000000083875 - Current percentage: 36.42% - Max: 43.48% - Min: -53.75% - Market Cap 17981 - Trading time: 00:01:57
08-09-2025 18:53:36.296 INFO Current price: 0.000000086519 - Current percentage: 45.05% - Max: 45.05% - Min: -53.75% - Market Cap 19120 - Trading time: 00:01:59
08-09-2025 18:53:37.980 INFO Current price: 0.000000089382 - Current percentage: 45.59% - Max: 45.59% - Min: -53.75% - Market Cap 19191 - Trading time: 00:02:00
08-09-2025 18:53:38.374 INFO Current price: 0.000000093078 - Current percentage: 57.30% - Max: 57.30% - Min: -53.75% - Market Cap 20734 - Trading time: 00:02:01
08-09-2025 18:53:39.856 INFO Current price: 0.000000096726 - Current percentage: 57.23% - Max: 57.30% - Min: -53.75% - Market Cap 20725 - Trading time: 00:02:02
08-09-2025 18:53:42.849 INFO Current price: 0.000000098907 - Current percentage: 64.47% - Max: 64.47% - Min: -53.75% - Market Cap 21679 - Trading time: 00:02:05
08-09-2025 18:53:44.856 INFO Current price: 0.000000101167 - Current percentage: 64.50% - Max: 64.50% - Min: -53.75% - Market Cap 21683 - Trading time: 00:02:07
08-09-2025 18:53:45.526 INFO Current price: 0.000000096869 - Current percentage: 50.79% - Max: 64.50% - Min: -53.75% - Market Cap 19876 - Trading time: 00:02:08
08-09-2025 18:53:48.972 INFO Current price: 0.000000092785 - Current percentage: 50.92% - Max: 64.50% - Min: -53.75% - Market Cap 19893 - Trading time: 00:02:11
08-09-2025 18:53:49.835 INFO Current price: 0.000000089579 - Current percentage: 40.55% - Max: 64.50% - Min: -53.75% - Market Cap 18526 - Trading time: 00:02:12
08-09-2025 18:53:51.538 INFO Current price: 0.000000089821 - Current percentage: 51.74% - Max: 64.50% - Min: -53.75% - Market Cap 20001 - Trading time: 00:02:14
08-09-2025 18:53:53.398 INFO Current price: 0.000000095491 - Current percentage: 58.85% - Max: 64.50% - Min: -53.75% - Market Cap 20939 - Trading time: 00:02:16
08-09-2025 18:53:56.236 INFO Current price: 0.000000100427 - Current percentage: 69.57% - Max: 69.57% - Min: -53.75% - Market Cap 22352 - Trading time: 00:02:19
08-09-2025 18:53:57.926 INFO Current price: 0.000000106943 - Current percentage: 78.29% - Max: 78.29% - Min: -53.75% - Market Cap 23500 - Trading time: 00:02:20
08-09-2025 18:53:58.448 INFO Current price: 0.000000109870 - Current percentage: 78.98% - Max: 78.98% - Min: -53.75% - Market Cap 23592 - Trading time: 00:02:21
08-09-2025 18:53:59.867 INFO Current price: 0.000000110084 - Current percentage: 78.98% - Max: 78.98% - Min: -53.75% - Market Cap 23592 - Trading time: 00:02:22
08-09-2025 18:54:01.102 INFO Current price: 0.000000110166 - Current percentage: 79.25% - Max: 79.25% - Min: -53.75% - Market Cap 23627 - Trading time: 00:02:23
08-09-2025 18:54:02.312 INFO Current price: 0.000000110267 - Current percentage: 79.31% - Max: 79.31% - Min: -53.75% - Market Cap 23635 - Trading time: 00:02:25
08-09-2025 18:54:02.371 INFO Current price: 0.000000110057 - Current percentage: 78.57% - Max: 79.31% - Min: -53.75% - Market Cap 23538 - Trading time: 00:02:25
08-09-2025 18:54:02.416 INFO Current price: 0.000000112424 - Current percentage: 87.10% - Max: 87.10% - Min: -53.75% - Market Cap 24663 - Trading time: 00:02:25
08-09-2025 18:54:03.257 INFO Current price: 0.000000117463 - Current percentage: 94.93% - Max: 94.93% - Min: -53.75% - Market Cap 25695 - Trading time: 00:02:26
08-09-2025 18:54:03.460 INFO Current price: 0.000000122320 - Current percentage: 102.90% - Max: 102.90% - Min: -53.75% - Market Cap 26745 - Trading time: 00:02:26
08-09-2025 18:54:04.754 INFO Current price: 0.000000128426 - Current percentage: 114.88% - Max: 114.88% - Min: -53.75% - Market Cap 28324 - Trading time: 00:02:27
08-09-2025 18:54:05.619 INFO Current price: 0.000000133163 - Current percentage: 118.14% - Max: 118.14% - Min: -53.75% - Market Cap 28754 - Trading time: 00:02:28
08-09-2025 18:54:05.927 INFO Current price: 0.000000136876 - Current percentage: 127.03% - Max: 127.03% - Min: -53.75% - Market Cap 29925 - Trading time: 00:02:28
08-09-2025 18:54:06.115 INFO Current price: 0.000000140450 - Current percentage: 129.68% - Max: 129.68% - Min: -53.75% - Market Cap 30275 - Trading time: 00:02:28
08-09-2025 18:54:07.710 INFO Current price: 0.000000136475 - Current percentage: 114.36% - Max: 129.68% - Min: -53.75% - Market Cap 28255 - Trading time: 00:02:30
08-09-2025 18:54:07.962 INFO Current price: 0.000000125269 - Current percentage: 93.51% - Max: 129.68% - Min: -53.75% - Market Cap 25508 - Trading time: 00:02:30
08-09-2025 18:54:08.041 INFO Current price: 0.000000119033 - Current percentage: 93.55% - Max: 129.68% - Min: -53.75% - Market Cap 25512 - Trading time: 00:02:30
08-09-2025 18:54:08.665 INFO Current price: 0.000000115245 - Current percentage: 81.39% - Max: 129.68% - Min: -53.75% - Market Cap 23910 - Trading time: 00:02:31
08-09-2025 18:54:09.876 INFO Current price: 0.000000107678 - Current percentage: 68.97% - Max: 129.68% - Min: -53.75% - Market Cap 22272 - Trading time: 00:02:32
08-09-2025 18:54:11.187 INFO Current price: 0.000000106896 - Current percentage: 78.77% - Max: 129.68% - Min: -53.75% - Market Cap 23564 - Trading time: 00:02:33
08-09-2025 18:54:12.198 INFO Current price: 0.000000110134 - Current percentage: 79.36% - Max: 129.68% - Min: -53.75% - Market Cap 23642 - Trading time: 00:02:34
08-09-2025 18:54:12.409 INFO Current price: 0.000000110305 - Current percentage: 79.32% - Max: 129.68% - Min: -53.75% - Market Cap 23637 - Trading time: 00:02:35
08-09-2025 18:54:12.453 INFO Current price: 0.000000110476 - Current percentage: 79.91% - Max: 129.68% - Min: -53.75% - Market Cap 23715 - Trading time: 00:02:35
08-09-2025 18:54:14.395 INFO Current price: 0.000000110840 - Current percentage: 80.51% - Max: 129.68% - Min: -53.75% - Market Cap 23793 - Trading time: 00:02:37
08-09-2025 18:54:14.878 INFO Current price: 0.000000108728 - Current percentage: 73.12% - Max: 129.68% - Min: -53.75% - Market Cap 22820 - Trading time: 00:02:37
08-09-2025 18:54:15.761 INFO Current price: 0.000000106498 - Current percentage: 73.18% - Max: 129.68% - Min: -53.75% - Market Cap 22828 - Trading time: 00:02:38
08-09-2025 18:54:17.425 INFO Current price: 0.000000109659 - Current percentage: 83.55% - Max: 129.68% - Min: -53.75% - Market Cap 24194 - Trading time: 00:02:40
08-09-2025 18:54:20.615 INFO Current price: 0.000000116831 - Current percentage: 96.57% - Max: 129.68% - Min: -53.75% - Market Cap 25911 - Trading time: 00:02:43
08-09-2025 18:54:21.777 INFO Current price: 0.000000124626 - Current percentage: 108.86% - Max: 129.68% - Min: -53.75% - Market Cap 27531 - Trading time: 00:02:44
08-09-2025 18:54:23.144 INFO Current price: 0.000000128235 - Current percentage: 108.12% - Max: 129.68% - Min: -53.75% - Market Cap 27433 - Trading time: 00:02:45
08-09-2025 18:54:23.608 INFO Current price: 0.000000125662 - Current percentage: 100.56% - Max: 129.68% - Min: -53.75% - Market Cap 26437 - Trading time: 00:02:46
08-09-2025 18:54:24.762 INFO Current price: 0.000000121828 - Current percentage: 95.62% - Max: 129.68% - Min: -53.75% - Market Cap 25785 - Trading time: 00:02:47
08-09-2025 18:54:26.489 INFO Current price: 0.000000123506 - Current percentage: 106.13% - Max: 129.68% - Min: -53.75% - Market Cap 27170 - Trading time: 00:02:49
08-09-2025 18:54:27.350 INFO Current price: 0.000000129575 - Current percentage: 115.31% - Max: 129.68% - Min: -53.75% - Market Cap 28381 - Trading time: 00:02:50
08-09-2025 18:54:27.397 INFO Current price: 0.000000132529 - Current percentage: 115.63% - Max: 129.68% - Min: -53.75% - Market Cap 28424 - Trading time: 00:02:50
08-09-2025 18:54:28.810 INFO Current price: 0.000000130073 - Current percentage: 107.40% - Max: 129.68% - Min: -53.75% - Market Cap 27339 - Trading time: 00:02:51
08-09-2025 18:54:29.676 INFO Current price: 0.000000127586 - Current percentage: 107.47% - Max: 129.68% - Min: -53.75% - Market Cap 27347 - Trading time: 00:02:52
08-09-2025 18:54:30.667 INFO Current price: 0.000000124206 - Current percentage: 96.56% - Max: 129.68% - Min: -53.75% - Market Cap 25909 - Trading time: 00:02:53
08-09-2025 18:54:31.048 INFO Current price: 0.000000120752 - Current percentage: 96.09% - Max: 129.68% - Min: -53.75% - Market Cap 25847 - Trading time: 00:02:53
08-09-2025 18:54:32.141 INFO Current price: 0.000000119692 - Current percentage: 93.12% - Max: 129.68% - Min: -53.75% - Market Cap 25457 - Trading time: 00:02:54
08-09-2025 18:54:32.546 INFO Current price: 0.000000115421 - Current percentage: 82.35% - Max: 129.68% - Min: -53.75% - Market Cap 24036 - Trading time: 00:02:55
08-09-2025 18:54:32.888 INFO Current price: 0.000000107194 - Current percentage: 66.57% - Max: 129.68% - Min: -53.75% - Market Cap 21957 - Trading time: 00:02:55
08-09-2025 18:54:33.745 INFO Current price: 0.000000098689 - Current percentage: 54.56% - Max: 129.68% - Min: -53.75% - Market Cap 20373 - Trading time: 00:02:56
08-09-2025 18:54:34.164 INFO Current price: 0.000000094460 - Current percentage: 52.61% - Max: 129.68% - Min: -53.75% - Market Cap 20116 - Trading time: 00:02:56
08-09-2025 18:54:34.267 INFO Current price: 0.000000094697 - Current percentage: 55.33% - Max: 129.68% - Min: -53.75% - Market Cap 20475 - Trading time: 00:02:57
08-09-2025 18:54:34.311 INFO Current price: 0.000000095532 - Current percentage: 55.31% - Max: 129.68% - Min: -53.75% - Market Cap 20472 - Trading time: 00:02:57
08-09-2025 18:54:34.668 INFO Current price: 0.000000092582 - Current percentage: 45.89% - Max: 129.68% - Min: -53.75% - Market Cap 19230 - Trading time: 00:02:57
08-09-2025 18:54:35.411 INFO Current price: 0.000000088423 - Current percentage: 41.51% - Max: 129.68% - Min: -53.75% - Market Cap 18654 - Trading time: 00:02:58
08-09-2025 18:54:37.049 INFO Current price: 0.000000089086 - Current percentage: 48.25% - Max: 129.68% - Min: -53.75% - Market Cap 19541 - Trading time: 00:02:59
08-09-2025 18:54:37.763 INFO Current price: 0.000000091773 - Current percentage: 49.32% - Max: 129.68% - Min: -53.75% - Market Cap 19682 - Trading time: 00:03:00
08-09-2025 18:54:38.134 INFO Current price: 0.000000091956 - Current percentage: 49.69% - Max: 129.68% - Min: -53.75% - Market Cap 19732 - Trading time: 00:03:00
08-09-2025 18:54:39.568 INFO Current price: 0.000000092088 - Current percentage: 49.75% - Max: 129.68% - Min: -53.75% - Market Cap 19739 - Trading time: 00:03:02
08-09-2025 18:54:40.954 INFO Current price: 0.000000094532 - Current percentage: 57.75% - Max: 129.68% - Min: -53.75% - Market Cap 20793 - Trading time: 00:03:03
08-09-2025 18:54:42.590 INFO Current price: 0.000000097110 - Current percentage: 58.03% - Max: 129.68% - Min: -53.75% - Market Cap 20830 - Trading time: 00:03:05
08-09-2025 18:54:43.950 INFO Current price: 0.000000097181 - Current percentage: 57.98% - Max: 129.68% - Min: -53.75% - Market Cap 20824 - Trading time: 00:03:06
08-09-2025 18:54:44.352 INFO Current price: 0.000000097075 - Current percentage: 57.68% - Max: 129.68% - Min: -53.75% - Market Cap 20785 - Trading time: 00:03:07
08-09-2025 18:54:45.736 INFO Current price: 0.000000097411 - Current percentage: 59.07% - Max: 129.68% - Min: -53.75% - Market Cap 20968 - Trading time: 00:03:08
08-09-2025 18:54:46.719 INFO Current price: 0.000000096965 - Current percentage: 56.24% - Max: 129.68% - Min: -53.75% - Market Cap 20595 - Trading time: 00:03:09
08-09-2025 18:54:46.982 INFO Current price: 0.000000096522 - Current percentage: 57.62% - Max: 129.68% - Min: -53.75% - Market Cap 20777 - Trading time: 00:03:09
08-09-2025 18:54:47.501 INFO Current price: 0.000000093564 - Current percentage: 46.81% - Max: 129.68% - Min: -53.75% - Market Cap 19352 - Trading time: 00:03:10
08-09-2025 18:54:47.502 INFO Current price: 0.000000087404 - Current percentage: 37.55% - Max: 129.68% - Min: -53.75% - Market Cap 18131 - Trading time: 00:03:10
08-09-2025 18:54:47.570 INFO Current price: 0.000000081829 - Current percentage: 28.68% - Max: 129.68% - Min: -53.75% - Market Cap 16962 - Trading time: 00:03:10
08-09-2025 18:54:47.605 INFO Current price: 0.000000078074 - Current percentage: 25.22% - Max: 129.68% - Min: -53.75% - Market Cap 16505 - Trading time: 00:03:10
08-09-2025 18:54:47.658 INFO Current price: 0.000000073988 - Current percentage: 15.57% - Max: 129.68% - Min: -53.75% - Market Cap 15233 - Trading time: 00:03:10
08-09-2025 18:54:47.774 INFO Current price: 0.000000069245 - Current percentage: 9.68% - Max: 129.68% - Min: -53.75% - Market Cap 14457 - Trading time: 00:03:10
08-09-2025 18:54:47.776 INFO Current price: 0.000000065480 - Current percentage: 3.34% - Max: 129.68% - Min: -53.75% - Market Cap 13622 - Trading time: 00:03:10
08-09-2025 18:54:47.780 INFO Current price: 0.000000062053 - Current percentage: -1.50% - Max: 129.68% - Min: -53.75% - Market Cap 12983 - Trading time: 00:03:10
08-09-2025 18:54:47.823 INFO Current price: 0.000000059115 - Current percentage: -6.21% - Max: 129.68% - Min: -53.75% - Market Cap 12362 - Trading time: 00:03:10
08-09-2025 18:54:47.989 INFO Current price: 0.000000055768 - Current percentage: -12.34% - Max: 129.68% - Min: -53.75% - Market Cap 11554 - Trading time: 00:03:10
08-09-2025 18:54:48.090 INFO Current price: 0.000000052836 - Current percentage: -15.82% - Max: 129.68% - Min: -53.75% - Market Cap 11097 - Trading time: 00:03:10
08-09-2025 18:54:48.209 INFO Current price: 0.000000051171 - Current percentage: -17.78% - Max: 129.68% - Min: -53.75% - Market Cap 10838 - Trading time: 00:03:10
08-09-2025 18:54:48.211 INFO Current price: 0.000000049684 - Current percentage: -20.64% - Max: 129.68% - Min: -53.75% - Market Cap 10461 - Trading time: 00:03:10
08-09-2025 18:54:48.371 INFO Current price: 0.000000048138 - Current percentage: -22.81% - Max: 129.68% - Min: -53.75% - Market Cap 10174 - Trading time: 00:03:11
08-09-2025 18:54:48.375 INFO Current price: 0.000000047107 - Current percentage: -24.00% - Max: 129.68% - Min: -53.75% - Market Cap 10017 - Trading time: 00:03:11
08-09-2025 18:54:48.376 INFO Current price: 0.000000045485 - Current percentage: -28.04% - Max: 129.68% - Min: -53.75% - Market Cap 9486 - Trading time: 00:03:11
08-09-2025 18:54:48.467 INFO Current price: 0.000000043582 - Current percentage: -30.23% - Max: 129.68% - Min: -53.75% - Market Cap 9197 - Trading time: 00:03:11
08-09-2025 18:54:48.469 INFO Current price: 0.000000041878 - Current percentage: -33.56% - Max: 129.68% - Min: -53.75% - Market Cap 8758 - Trading time: 00:03:11
08-09-2025 18:54:48.490 INFO Current price: 0.000000040300 - Current percentage: -35.39% - Max: 129.68% - Min: -53.75% - Market Cap 8517 - Trading time: 00:03:11
08-09-2025 18:54:48.595 INFO Current price: 0.000000039273 - Current percentage: -36.90% - Max: 129.68% - Min: -53.75% - Market Cap 8317 - Trading time: 00:03:11
08-09-2025 18:54:48.649 INFO Current price: 0.000000038377 - Current percentage: -38.30% - Max: 129.68% - Min: -53.75% - Market Cap 8133 - Trading time: 00:03:11
08-09-2025 18:54:48.650 INFO Current price: 0.000000037367 - Current percentage: -40.18% - Max: 129.68% - Min: -53.75% - Market Cap 7885 - Trading time: 00:03:11
08-09-2025 18:54:48.713 INFO Current price: 0.000000036194 - Current percentage: -42.11% - Max: 129.68% - Min: -53.75% - Market Cap 7631 - Trading time: 00:03:11
08-09-2025 18:54:48.812 INFO Current price: 0.000000034944 - Current percentage: -44.24% - Max: 129.68% - Min: -53.75% - Market Cap 7350 - Trading time: 00:03:11
08-09-2025 18:54:48.815 INFO Current price: 0.000000033746 - Current percentage: -46.01% - Max: 129.68% - Min: -53.75% - Market Cap 7116 - Trading time: 00:03:11
08-09-2025 18:54:48.908 INFO Current price: 0.000000032695 - Current percentage: -47.66% - Max: 129.68% - Min: -53.75% - Market Cap 6899 - Trading time: 00:03:11
08-09-2025 18:54:48.951 INFO Current price: 0.000000031767 - Current percentage: -49.03% - Max: 129.68% - Min: -53.75% - Market Cap 6718 - Trading time: 00:03:11
08-09-2025 18:54:49.068 INFO Current price: 0.000000031015 - Current percentage: -50.11% - Max: 129.68% - Min: -53.75% - Market Cap 6576 - Trading time: 00:03:11
08-09-2025 18:54:49.132 INFO Current price: 0.000000030273 - Current percentage: -51.44% - Max: 129.68% - Min: -53.75% - Market Cap 6401 - Trading time: 00:03:11
08-09-2025 18:54:49.184 INFO Current price: 0.000000029436 - Current percentage: -52.83% - Max: 129.68% - Min: -53.75% - Market Cap 6217 - Trading time: 00:03:11
08-09-2025 18:54:49.313 INFO Current price: 0.000000029016 - Current percentage: -52.82% - Max: 129.68% - Min: -53.75% - Market Cap 6219 - Trading time: 00:03:12
08-09-2025 18:54:51.102 INFO Current price: 0.000000029010 - Current percentage: -52.85% - Max: 129.68% - Min: -53.75% - Market Cap 6215 - Trading time: 00:03:13
08-09-2025 18:54:52.137 INFO Current price: 0.000000028989 - Current percentage: -52.89% - Max: 129.68% - Min: -53.75% - Market Cap 6210 - Trading time: 00:03:14
08-09-2025 18:54:52.422 INFO Current price: 0.000000028944 - Current percentage: -53.00% - Max: 129.68% - Min: -53.75% - Market Cap 6196 - Trading time: 00:03:15
08-09-2025 18:54:52.638 INFO Current price: 0.000000030044 - Current percentage: -49.24% - Max: 129.68% - Min: -53.75% - Market Cap 6691 - Trading time: 00:03:15
08-09-2025 18:54:52.645 INFO Current price: 0.000000032925 - Current percentage: -43.55% - Max: 129.68% - Min: -53.75% - Market Cap 7441 - Trading time: 00:03:15
08-09-2025 18:54:52.717 INFO Current price: 0.000000035750 - Current percentage: -40.15% - Max: 129.68% - Min: -53.75% - Market Cap 7889 - Trading time: 00:03:15
08-09-2025 18:54:52.718 INFO Current price: 0.000000037559 - Current percentage: -37.70% - Max: 129.68% - Min: -53.75% - Market Cap 8213 - Trading time: 00:03:15
08-09-2025 18:54:52.719 INFO Current price: 0.000000040355 - Current percentage: -30.91% - Max: 129.68% - Min: -53.75% - Market Cap 9107 - Trading time: 00:03:15
08-09-2025 18:54:52.732 INFO Current price: 0.000000043266 - Current percentage: -28.38% - Max: 129.68% - Min: -53.75% - Market Cap 9440 - Trading time: 00:03:15
08-09-2025 18:54:52.734 INFO Current price: 0.000000044273 - Current percentage: -27.66% - Max: 129.68% - Min: -53.75% - Market Cap 9536 - Trading time: 00:03:15
08-09-2025 18:54:52.735 INFO Current price: 0.000000044800 - Current percentage: -26.66% - Max: 129.68% - Min: -53.75% - Market Cap 9667 - Trading time: 00:03:15
08-09-2025 18:54:52.788 INFO Current price: 0.000000045095 - Current percentage: -26.70% - Max: 129.68% - Min: -53.75% - Market Cap 9662 - Trading time: 00:03:15
08-09-2025 18:54:52.793 INFO Current price: 0.000000045785 - Current percentage: -24.40% - Max: 129.68% - Min: -53.75% - Market Cap 9965 - Trading time: 00:03:15
08-09-2025 18:54:52.795 INFO Current price: 0.000000046177 - Current percentage: -25.44% - Max: 129.68% - Min: -53.75% - Market Cap 9828 - Trading time: 00:03:15
08-09-2025 18:54:52.980 INFO Current price: 0.000000045871 - Current percentage: -25.40% - Max: 129.68% - Min: -53.75% - Market Cap 9833 - Trading time: 00:03:15
08-09-2025 18:54:53.013 INFO Current price: 0.000000045926 - Current percentage: -25.26% - Max: 129.68% - Min: -53.75% - Market Cap 9852 - Trading time: 00:03:15
08-09-2025 18:54:53.122 INFO Current price: 0.000000045920 - Current percentage: -25.42% - Max: 129.68% - Min: -53.75% - Market Cap 9831 - Trading time: 00:03:15
08-09-2025 18:54:53.226 INFO Current price: 0.000000048162 - Current percentage: -17.78% - Max: 129.68% - Min: -53.75% - Market Cap 10837 - Trading time: 00:03:16
08-09-2025 18:54:53.335 INFO Current price: 0.000000051289 - Current percentage: -15.42% - Max: 129.68% - Min: -53.75% - Market Cap 11149 - Trading time: 00:03:16
08-09-2025 18:54:53.432 INFO Current price: 0.000000052457 - Current percentage: -14.00% - Max: 129.68% - Min: -53.75% - Market Cap 11336 - Trading time: 00:03:16
08-09-2025 18:54:53.595 INFO Current price: 0.000000053311 - Current percentage: -13.30% - Max: 129.68% - Min: -53.75% - Market Cap 11428 - Trading time: 00:03:16
08-09-2025 18:54:53.644 INFO Current price: 0.000000053325 - Current percentage: -13.30% - Max: 129.68% - Min: -53.75% - Market Cap 11428 - Trading time: 00:03:16
08-09-2025 18:54:54.208 INFO Current price: 0.000000053327 - Current percentage: -13.30% - Max: 129.68% - Min: -53.75% - Market Cap 11429 - Trading time: 00:03:16
08-09-2025 18:54:54.730 INFO Current price: 0.000000053138 - Current percentage: -13.91% - Max: 129.68% - Min: -53.75% - Market Cap 11347 - Trading time: 00:03:17
08-09-2025 18:54:56.997 INFO Current price: 0.000000052876 - Current percentage: -14.15% - Max: 129.68% - Min: -53.75% - Market Cap 11317 - Trading time: 00:03:19
08-09-2025 18:54:57.579 INFO Current price: 0.000000052634 - Current percentage: -14.70% - Max: 129.68% - Min: -53.75% - Market Cap 11244 - Trading time: 00:03:20
08-09-2025 18:54:58.477 INFO Current price: 0.000000052430 - Current percentage: -14.81% - Max: 129.68% - Min: -53.75% - Market Cap 11229 - Trading time: 00:03:21
08-09-2025 18:54:59.780 INFO Current price: 0.000000052395 - Current percentage: -14.81% - Max: 129.68% - Min: -53.75% - Market Cap 11229 - Trading time: 00:03:22
08-09-2025 18:55:02.143 INFO Current price: 0.000000052345 - Current percentage: -14.98% - Max: 129.68% - Min: -53.75% - Market Cap 11207 - Trading time: 00:03:24
08-09-2025 18:55:04.786 INFO Current price: 0.000000052295 - Current percentage: -14.98% - Max: 129.68% - Min: -53.75% - Market Cap 11207 - Trading time: 00:03:27
08-09-2025 18:55:09.703 INFO Current price: 0.000000052295 - Current percentage: -14.98% - Max: 129.68% - Min: -53.75% - Market Cap 11207 - Trading time: 00:03:32
08-09-2025 18:55:11.604 INFO Current price: 0.000000051862 - Current percentage: -16.38% - Max: 129.68% - Min: -53.75% - Market Cap 11023 - Trading time: 00:03:34
08-09-2025 18:55:16.437 INFO Current price: 0.000000051005 - Current percentage: -17.08% - Max: 129.68% - Min: -53.75% - Market Cap 10930 - Trading time: 00:03:39
08-09-2025 18:55:22.397 INFO Current price: 0.000000050183 - Current percentage: -19.72% - Max: 129.68% - Min: -53.75% - Market Cap 10582 - Trading time: 00:03:45
08-09-2025 18:55:22.477 INFO Current price: 0.000000049372 - Current percentage: -19.74% - Max: 129.68% - Min: -53.75% - Market Cap 10579 - Trading time: 00:03:45
08-09-2025 18:55:22.853 INFO Current price: 0.000000049363 - Current percentage: -19.74% - Max: 129.68% - Min: -53.75% - Market Cap 10579 - Trading time: 00:03:45
08-09-2025 18:55:22.854 INFO Current price: 0.000000049350 - Current percentage: -19.78% - Max: 129.68% - Min: -53.75% - Market Cap 10574 - Trading time: 00:03:45
08-09-2025 18:55:25.776 INFO Current price: 0.000000049186 - Current percentage: -20.28% - Max: 129.68% - Min: -53.75% - Market Cap 10508 - Trading time: 00:03:48
08-09-2025 18:55:28.346 INFO Current price: 0.000000049094 - Current percentage: -20.08% - Max: 129.68% - Min: -53.75% - Market Cap 10534 - Trading time: 00:03:51
08-09-2025 18:55:30.619 INFO Current price: 0.000000049457 - Current percentage: -19.10% - Max: 129.68% - Min: -53.75% - Market Cap 10664 - Trading time: 00:03:53
08-09-2025 18:55:39.872 INFO Current price: 0.000000049661 - Current percentage: -19.42% - Max: 129.68% - Min: -53.75% - Market Cap 10621 - Trading time: 00:04:02
08-09-2025 18:55:47.053 INFO Current price: 0.000000049586 - Current percentage: -19.34% - Max: 129.68% - Min: -53.75% - Market Cap 10632 - Trading time: 00:04:09
08-09-2025 18:55:52.861 INFO Current price: 0.000000049346 - Current percentage: -20.13% - Max: 129.68% - Min: -53.75% - Market Cap 10528 - Trading time: 00:04:15
08-09-2025 18:56:22.100 INFO Current price: 0.000000046783 - Current percentage: -27.44% - Max: 129.68% - Min: -53.75% - Market Cap 9564 - Trading time: 00:04:44
08-09-2025 18:56:22.264 INFO Current price: 0.000000044007 - Current percentage: -29.32% - Max: 129.68% - Min: -53.75% - Market Cap 9316 - Trading time: 00:04:45
08-09-2025 18:56:23.449 INFO Current price: 0.000000043394 - Current percentage: -29.45% - Max: 129.68% - Min: -53.75% - Market Cap 9299 - Trading time: 00:04:46
08-09-2025 18:56:23.510 INFO Current price: 0.000000043343 - Current percentage: -29.49% - Max: 129.68% - Min: -53.75% - Market Cap 9294 - Trading time: 00:04:46
08-09-2025 18:56:39.817 INFO Current price: 0.000000041980 - Current percentage: -33.82% - Max: 129.68% - Min: -53.75% - Market Cap 8723 - Trading time: 00:05:02
08-09-2025 18:56:53.210 INFO Current price: 0.000000040664 - Current percentage: -33.84% - Max: 129.68% - Min: -53.75% - Market Cap 8721 - Trading time: 00:05:15
08-09-2025 18:58:24.982 INFO Current price: 0.000000040639 - Current percentage: -33.90% - Max: 129.68% - Min: -53.75% - Market Cap 8712 - Trading time: 00:06:47
08-09-2025 18:58:57.479 INFO Current price: 0.000000039925 - Current percentage: -36.14% - Max: 129.68% - Min: -53.75% - Market Cap 8417 - Trading time: 00:07:20
08-09-2025 19:00:30.339 INFO Current price: 0.000000038453 - Current percentage: -38.69% - Max: 129.68% - Min: -53.75% - Market Cap 8082 - Trading time: 00:08:53
08-09-2025 19:00:55.435 INFO Current price: 0.000000037479 - Current percentage: -39.34% - Max: 129.68% - Min: -53.75% - Market Cap 7996 - Trading time: 00:09:18
08-09-2025 19:01:11.138 INFO Current price: 0.000000037244 - Current percentage: -39.45% - Max: 129.68% - Min: -53.75% - Market Cap 7981 - Trading time: 00:09:33
08-09-2025 19:04:16.306 INFO Current price: 0.000000037217 - Current percentage: -39.43% - Max: 129.68% - Min: -53.75% - Market Cap 7985 - Trading time: 00:12:39
08-09-2025 19:06:05.257 INFO Current price: 0.000000037247 - Current percentage: -39.33% - Max: 129.68% - Min: -53.75% - Market Cap 7997 - Trading time: 00:14:28
08-09-2025 19:06:35.102 INFO Current price: 0.000000037247 - Current percentage: -39.40% - Max: 129.68% - Min: -53.75% - Market Cap 7988 - Trading time: 00:14:57
08-09-2025 19:06:39.858 INFO Current price: 0.000000037271 - Current percentage: -39.25% - Max: 129.68% - Min: -53.75% - Market Cap 8007 - Trading time: 00:15:02
08-09-2025 19:09:54.476 INFO Current price: 0.000000035549 - Current percentage: -44.87% - Max: 129.68% - Min: -53.75% - Market Cap 7267 - Trading time: 00:18:17
08-09-2025 19:09:54.513 INFO Current price: 0.000000032535 - Current percentage: -49.12% - Max: 129.68% - Min: -53.75% - Market Cap 6707 - Trading time: 00:18:17
08-09-2025 19:09:54.560 INFO Current price: 0.000000029721 - Current percentage: -54.00% - Max: 129.68% - Min: -54.00% - Market Cap 6064 - Trading time: 00:18:17
08-09-2025 19:10:09.618 INFO Current price: 0.000000028242 - Current percentage: -54.05% - Max: 129.68% - Min: -54.05% - Market Cap 6057 - Trading time: 00:18:32






08-09-2025 19:11:37.219 INFO {"type":"summary","reason":"max_window","startedAt":"2025-09-08T16:51:37.212Z","endedAt":"2025-09-08T17:11:37.219Z","durationSec":1200,"entryPrice":6.65539239598209e-8,"entryMarketCapSol":61.50612639608096,"entryMarketCapUsd":13181.377947944111,"minPct":-54.05206424505769,"maxPct":129.6836241008317,"buyCount":177,"sellCount":180,"tradeCount":357,"entryRecorded":true,"noPostThresholdTrades":false,"triggerAt":"2025-09-08T16:51:37.210Z","ageAtTriggerSec":19,"preTotalTrades":12,"preBuys":11,"preSells":1,"preUniqueTraders":9,"preEntryTotalTrades":20,"preEntryBuys":17,"preEntrySells":3,"preEntryUniqueTraders":15,"preEntryMinMcUsd":8348.634292420465,"preEntryMaxMcUsd":16624.69891731932,"thresholdMcSol":61.50612639608096,"thresholdMcUsd":13181.377947944111,"thresholdPrice":6.65539239598209e-8}
