08-09-2025 10:37:37.626 INFO Entry price: 0.000000034560729891 - Entry market cap: 6740 - Buys 20 - Sells 7 - Ratio: 1:0.35 - Min MarketCap: 6740 - Max MarketCap: 9041
08-09-2025 10:37:37.626 INFO Current price: 0.000000034561 - Current percentage: 0.00% - Max: 0.00% - Min: 0.00% - Market Cap 6740 - Trading time: 00:00:02
08-09-2025 10:37:38.114 INFO Current price: 0.000000035217 - Current percentage: 8.53% - Max: 8.53% - Min: 0.00% - Market Cap 7316 - Trading time: 00:00:02
08-09-2025 10:37:40.000 INFO Current price: 0.000000035020 - Current percentage: 8.53% - Max: 8.53% - Min: 0.00% - Market Cap 7315 - Trading time: 00:00:04
08-09-2025 10:37:41.109 INFO Current price: 0.000000034689 - Current percentage: 6.49% - Max: 8.53% - Min: 0.00% - Market Cap 7178 - Trading time: 00:00:05
08-09-2025 10:37:42.184 INFO Current price: 0.000000034178 - Current percentage: 5.36% - Max: 8.53% - Min: 0.00% - Market Cap 7102 - Trading time: 00:00:06
08-09-2025 10:37:43.214 INFO Current price: 0.000000033568 - Current percentage: 2.72% - Max: 8.53% - Min: 0.00% - Market Cap 6923 - Trading time: 00:00:07
08-09-2025 10:37:43.406 INFO Current price: 0.000000033050 - Current percentage: 2.14% - Max: 8.53% - Min: 0.00% - Market Cap 6884 - Trading time: 00:00:07
08-09-2025 10:37:44.388 INFO Current price: 0.000000032243 - Current percentage: -2.24% - Max: 8.53% - Min: -2.24% - Market Cap 6589 - Trading time: 00:00:08
08-09-2025 10:37:44.711 INFO Current price: 0.000000031442 - Current percentage: -2.87% - Max: 8.53% - Min: -2.87% - Market Cap 6547 - Trading time: 00:00:09
08-09-2025 10:37:45.513 INFO Current price: 0.000000031277 - Current percentage: -3.27% - Max: 8.53% - Min: -3.27% - Market Cap 6520 - Trading time: 00:00:09
08-09-2025 10:37:46.392 INFO Current price: 0.000000031200 - Current percentage: -3.34% - Max: 8.53% - Min: -3.34% - Market Cap 6515 - Trading time: 00:00:10
08-09-2025 10:37:48.374 INFO Current price: 0.000000030737 - Current percentage: -6.12% - Max: 8.53% - Min: -6.12% - Market Cap 6328 - Trading time: 00:00:12
08-09-2025 10:37:49.226 INFO Current price: 0.000000029479 - Current percentage: -11.09% - Max: 8.53% - Min: -11.09% - Market Cap 5993 - Trading time: 00:00:13
08-09-2025 10:37:49.505 INFO Current price: 0.000000029538 - Current percentage: -5.74% - Max: 8.53% - Min: -11.09% - Market Cap 6353 - Trading time: 00:00:13
08-09-2025 10:37:49.507 INFO Current price: 0.000000031371 - Current percentage: 0.29% - Max: 8.53% - Min: -11.09% - Market Cap 6760 - Trading time: 00:00:13
08-09-2025 10:37:49.510 INFO Current price: 0.000000033409 - Current percentage: 6.90% - Max: 8.53% - Min: -11.09% - Market Cap 7205 - Trading time: 00:00:13
08-09-2025 10:37:50.582 INFO Current price: 0.000000034528 - Current percentage: 7.12% - Max: 8.53% - Min: -11.09% - Market Cap 7220 - Trading time: 00:00:14
08-09-2025 10:37:50.815 INFO Current price: 0.000000034564 - Current percentage: 7.12% - Max: 8.53% - Min: -11.09% - Market Cap 7220 - Trading time: 00:00:15
08-09-2025 10:37:52.448 INFO Current price: 0.000000034615 - Current percentage: 7.44% - Max: 8.53% - Min: -11.09% - Market Cap 7241 - Trading time: 00:00:16
08-09-2025 10:37:59.261 INFO Current price: 0.000000034554 - Current percentage: 6.74% - Max: 8.53% - Min: -11.09% - Market Cap 7195 - Trading time: 00:00:23
08-09-2025 10:37:59.268 INFO Current price: 0.000000034330 - Current percentage: 6.05% - Max: 8.53% - Min: -11.09% - Market Cap 7148 - Trading time: 00:00:23
08-09-2025 10:37:59.274 INFO Current price: 0.000000034112 - Current percentage: 5.39% - Max: 8.53% - Min: -11.09% - Market Cap 7103 - Trading time: 00:00:23
08-09-2025 10:37:59.657 INFO Current price: 0.000000033733 - Current percentage: 3.70% - Max: 8.53% - Min: -11.09% - Market Cap 6990 - Trading time: 00:00:24
08-09-2025 10:37:59.661 INFO Current price: 0.000000033204 - Current percentage: 2.11% - Max: 8.53% - Min: -11.09% - Market Cap 6883 - Trading time: 00:00:24
08-09-2025 10:37:59.662 INFO Current price: 0.000000032689 - Current percentage: 0.51% - Max: 8.53% - Min: -11.09% - Market Cap 6775 - Trading time: 00:00:24
08-09-2025 10:38:00.095 INFO Current price: 0.000000031978 - Current percentage: -2.28% - Max: 8.53% - Min: -11.09% - Market Cap 6586 - Trading time: 00:00:24
08-09-2025 10:38:00.101 INFO Current price: 0.000000031097 - Current percentage: -4.95% - Max: 8.53% - Min: -11.09% - Market Cap 6406 - Trading time: 00:00:24
08-09-2025 10:38:00.108 INFO Current price: 0.000000030264 - Current percentage: -7.45% - Max: 8.53% - Min: -11.09% - Market Cap 6238 - Trading time: 00:00:24
08-09-2025 10:38:00.320 INFO Current price: 0.000000029835 - Current percentage: -7.63% - Max: 8.53% - Min: -11.09% - Market Cap 6226 - Trading time: 00:00:24
08-09-2025 10:38:02.082 INFO Current price: 0.000000029419 - Current percentage: -10.01% - Max: 8.53% - Min: -11.09% - Market Cap 6065 - Trading time: 00:00:26
08-09-2025 10:38:05.299 INFO Current price: 0.000000029094 - Current percentage: -9.65% - Max: 8.53% - Min: -11.09% - Market Cap 6090 - Trading time: 00:00:29
08-09-2025 10:38:14.619 INFO Current price: 0.000000028979 - Current percentage: -10.72% - Max: 8.53% - Min: -11.09% - Market Cap 6018 - Trading time: 00:00:38
08-09-2025 10:38:14.624 INFO Current price: 0.000000028637 - Current percentage: -11.77% - Max: 8.53% - Min: -11.77% - Market Cap 5947 - Trading time: 00:00:38
08-09-2025 10:38:14.626 INFO Current price: 0.000000028306 - Current percentage: -12.78% - Max: 8.53% - Min: -12.78% - Market Cap 5879 - Trading time: 00:00:39
08-09-2025 10:38:14.847 INFO Current price: 0.000000028153 - Current percentage: -12.75% - Max: 8.53% - Min: -12.78% - Market Cap 5881 - Trading time: 00:00:39
08-09-2025 10:38:17.072 INFO Current price: 0.000000030181 - Current percentage: 0.27% - Max: 8.53% - Min: -12.78% - Market Cap 6759 - Trading time: 00:00:41
08-09-2025 10:38:17.074 INFO Current price: 0.000000034177 - Current percentage: 11.89% - Max: 11.89% - Min: -12.78% - Market Cap 7541 - Trading time: 00:00:41
08-09-2025 10:38:17.081 INFO Current price: 0.000000037973 - Current percentage: 23.78% - Max: 23.78% - Min: -12.78% - Market Cap 8343 - Trading time: 00:00:41
08-09-2025 10:38:17.082 INFO Current price: 0.000000042357 - Current percentage: 39.21% - Max: 39.21% - Min: -12.78% - Market Cap 9383 - Trading time: 00:00:41
08-09-2025 10:38:17.083 INFO Current price: 0.000000047012 - Current percentage: 52.49% - Max: 52.49% - Min: -12.78% - Market Cap 10278 - Trading time: 00:00:41
08-09-2025 10:38:17.210 INFO Current price: 0.000000049829 - Current percentage: 56.39% - Max: 56.39% - Min: -12.78% - Market Cap 10541 - Trading time: 00:00:41
08-09-2025 10:38:17.245 INFO Current price: 0.000000050592 - Current percentage: 57.19% - Max: 57.19% - Min: -12.78% - Market Cap 10595 - Trading time: 00:00:41
08-09-2025 10:38:17.270 INFO Current price: 0.000000050851 - Current percentage: 58.00% - Max: 58.00% - Min: -12.78% - Market Cap 10649 - Trading time: 00:00:41
08-09-2025 10:38:17.293 INFO Current price: 0.000000051343 - Current percentage: 60.25% - Max: 60.25% - Min: -12.78% - Market Cap 10801 - Trading time: 00:00:41
08-09-2025 10:38:17.852 INFO Current price: 0.000000051905 - Current percentage: 61.47% - Max: 61.47% - Min: -12.78% - Market Cap 10884 - Trading time: 00:00:42
08-09-2025 10:38:18.678 INFO Current price: 0.000000053883 - Current percentage: 72.70% - Max: 72.70% - Min: -12.78% - Market Cap 11640 - Trading time: 00:00:43
08-09-2025 10:38:19.244 INFO Current price: 0.000000057697 - Current percentage: 85.14% - Max: 85.14% - Min: -12.78% - Market Cap 12479 - Trading time: 00:00:43
08-09-2025 10:38:19.510 INFO Current price: 0.000000059752 - Current percentage: 85.22% - Max: 85.22% - Min: -12.78% - Market Cap 12485 - Trading time: 00:00:43
08-09-2025 10:38:19.535 INFO Current price: 0.000000059601 - Current percentage: 84.20% - Max: 85.22% - Min: -12.78% - Market Cap 12416 - Trading time: 00:00:43
08-09-2025 10:38:19.710 INFO Current price: 0.000000059457 - Current percentage: 84.33% - Max: 85.22% - Min: -12.78% - Market Cap 12424 - Trading time: 00:00:44
08-09-2025 10:38:21.135 INFO Current price: 0.000000059504 - Current percentage: 84.49% - Max: 85.22% - Min: -12.78% - Market Cap 12435 - Trading time: 00:00:45
08-09-2025 10:38:22.555 INFO Current price: 0.000000055514 - Current percentage: 60.44% - Max: 85.22% - Min: -12.78% - Market Cap 10814 - Trading time: 00:00:46
08-09-2025 10:38:23.388 INFO Current price: 0.000000051894 - Current percentage: 61.21% - Max: 85.22% - Min: -12.78% - Market Cap 10866 - Trading time: 00:00:47
08-09-2025 10:38:24.409 INFO Current price: 0.000000054451 - Current percentage: 76.64% - Max: 85.22% - Min: -12.78% - Market Cap 11906 - Trading time: 00:00:48
08-09-2025 10:38:25.200 INFO Current price: 0.000000059139 - Current percentage: 90.16% - Max: 90.16% - Min: -12.78% - Market Cap 12818 - Trading time: 00:00:49
08-09-2025 10:38:25.637 INFO Current price: 0.000000061189 - Current percentage: 89.10% - Max: 90.16% - Min: -12.78% - Market Cap 12746 - Trading time: 00:00:50
08-09-2025 10:38:25.785 INFO Current price: 0.000000061038 - Current percentage: 89.23% - Max: 90.16% - Min: -12.78% - Market Cap 12755 - Trading time: 00:00:50
08-09-2025 10:38:25.942 INFO Current price: 0.000000061060 - Current percentage: 89.24% - Max: 90.16% - Min: -12.78% - Market Cap 12755 - Trading time: 00:00:50
08-09-2025 10:38:26.639 INFO Current price: 0.000000055564 - Current percentage: 56.70% - Max: 90.16% - Min: -12.78% - Market Cap 10562 - Trading time: 00:00:51
08-09-2025 10:38:26.951 INFO Current price: 0.000000050443 - Current percentage: 55.96% - Max: 90.16% - Min: -12.78% - Market Cap 10512 - Trading time: 00:00:51
08-09-2025 10:38:28.371 INFO Current price: 0.000000052276 - Current percentage: 68.29% - Max: 90.16% - Min: -12.78% - Market Cap 11343 - Trading time: 00:00:52
08-09-2025 10:38:28.436 INFO Current price: 0.000000054430 - Current percentage: 69.08% - Max: 90.16% - Min: -12.78% - Market Cap 11397 - Trading time: 00:00:52
08-09-2025 10:38:29.110 INFO Current price: 0.000000056910 - Current percentage: 83.98% - Max: 90.16% - Min: -12.78% - Market Cap 12401 - Trading time: 00:00:53
08-09-2025 10:38:30.226 INFO Current price: 0.000000059351 - Current percentage: 83.90% - Max: 90.16% - Min: -12.78% - Market Cap 12395 - Trading time: 00:00:54
08-09-2025 10:38:30.903 INFO Current price: 0.000000055813 - Current percentage: 62.70% - Max: 90.16% - Min: -12.78% - Market Cap 10966 - Trading time: 00:00:55
08-09-2025 10:38:32.510 INFO Current price: 0.000000054757 - Current percentage: 77.00% - Max: 90.16% - Min: -12.78% - Market Cap 11930 - Trading time: 00:00:56
08-09-2025 10:38:34.500 INFO Current price: 0.000000059044 - Current percentage: 89.17% - Max: 90.16% - Min: -12.78% - Market Cap 12751 - Trading time: 00:00:58
08-09-2025 10:38:36.547 INFO Current price: 0.000000057020 - Current percentage: 65.07% - Max: 90.16% - Min: -12.78% - Market Cap 11126 - Trading time: 00:01:00
08-09-2025 10:38:37.090 INFO Current price: 0.000000053453 - Current percentage: 66.24% - Max: 90.16% - Min: -12.78% - Market Cap 11205 - Trading time: 00:01:01
08-09-2025 10:38:38.510 INFO Current price: 0.000000055478 - Current percentage: 77.82% - Max: 90.16% - Min: -12.78% - Market Cap 11986 - Trading time: 00:01:02
08-09-2025 10:38:39.415 INFO Current price: 0.000000058979 - Current percentage: 87.89% - Max: 90.16% - Min: -12.78% - Market Cap 12664 - Trading time: 00:01:03
08-09-2025 10:38:41.850 INFO Current price: 0.000000062563 - Current percentage: 100.09% - Max: 100.09% - Min: -12.78% - Market Cap 13486 - Trading time: 00:01:06
08-09-2025 10:38:42.806 INFO Current price: 0.000000064940 - Current percentage: 102.44% - Max: 102.44% - Min: -12.78% - Market Cap 13645 - Trading time: 00:01:07
08-09-2025 10:38:42.873 INFO Current price: 0.000000065531 - Current percentage: 103.75% - Max: 103.75% - Min: -12.78% - Market Cap 13733 - Trading time: 00:01:07
08-09-2025 10:38:44.637 INFO Current price: 0.000000065953 - Current percentage: 105.05% - Max: 105.05% - Min: -12.78% - Market Cap 13821 - Trading time: 00:01:09
08-09-2025 10:38:45.428 INFO Current price: 0.000000062771 - Current percentage: 84.56% - Max: 105.05% - Min: -12.78% - Market Cap 12440 - Trading time: 00:01:09
08-09-2025 10:38:45.943 INFO Current price: 0.000000059556 - Current percentage: 84.57% - Max: 105.05% - Min: -12.78% - Market Cap 12441 - Trading time: 00:01:10
08-09-2025 10:38:47.638 INFO Current price: 0.000000059756 - Current percentage: 85.81% - Max: 105.05% - Min: -12.78% - Market Cap 12524 - Trading time: 00:01:12
08-09-2025 10:38:48.363 INFO Current price: 0.000000061990 - Current percentage: 98.63% - Max: 105.05% - Min: -12.78% - Market Cap 13388 - Trading time: 00:01:12
08-09-2025 10:38:49.941 INFO Current price: 0.000000061723 - Current percentage: 84.21% - Max: 105.05% - Min: -12.78% - Market Cap 12417 - Trading time: 00:01:14
08-09-2025 10:38:51.190 INFO Current price: 0.000000056982 - Current percentage: 69.29% - Max: 105.05% - Min: -12.78% - Market Cap 11411 - Trading time: 00:01:15
08-09-2025 10:38:51.411 INFO Current price: 0.000000052860 - Current percentage: 58.52% - Max: 105.05% - Min: -12.78% - Market Cap 10685 - Trading time: 00:01:15
08-09-2025 10:38:53.016 INFO Current price: 0.000000053017 - Current percentage: 70.30% - Max: 105.05% - Min: -12.78% - Market Cap 11479 - Trading time: 00:01:17
08-09-2025 10:38:53.167 INFO Current price: 0.000000055078 - Current percentage: 71.09% - Max: 105.05% - Min: -12.78% - Market Cap 11532 - Trading time: 00:01:17
08-09-2025 10:38:57.429 INFO Current price: 0.000000057074 - Current percentage: 82.86% - Max: 105.05% - Min: -12.78% - Market Cap 12325 - Trading time: 00:01:21
08-09-2025 10:38:57.551 INFO Current price: 0.000000059121 - Current percentage: 83.59% - Max: 105.05% - Min: -12.78% - Market Cap 12374 - Trading time: 00:01:21
08-09-2025 10:39:00.933 INFO Current price: 0.000000061423 - Current percentage: 97.38% - Max: 105.05% - Min: -12.78% - Market Cap 13304 - Trading time: 00:01:25
08-09-2025 10:39:04.223 INFO Current price: 0.000000063965 - Current percentage: 99.09% - Max: 105.05% - Min: -12.78% - Market Cap 13419 - Trading time: 00:01:28
08-09-2025 10:39:06.896 INFO Current price: 0.000000062257 - Current percentage: 86.98% - Max: 105.05% - Min: -12.78% - Market Cap 12603 - Trading time: 00:01:31
08-09-2025 10:39:09.543 INFO Current price: 0.000000057778 - Current percentage: 71.48% - Max: 105.05% - Min: -12.78% - Market Cap 11558 - Trading time: 00:01:33
08-09-2025 10:39:11.292 INFO Current price: 0.000000057770 - Current percentage: 86.93% - Max: 105.05% - Min: -12.78% - Market Cap 12599 - Trading time: 00:01:35
08-09-2025 10:39:11.420 INFO Current price: 0.000000060460 - Current percentage: 87.82% - Max: 105.05% - Min: -12.78% - Market Cap 12660 - Trading time: 00:01:35
08-09-2025 10:39:15.248 INFO Current price: 0.000000063655 - Current percentage: 107.21% - Max: 107.21% - Min: -12.78% - Market Cap 13966 - Trading time: 00:01:39
08-09-2025 10:39:16.294 INFO Current price: 0.000000066986 - Current percentage: 107.99% - Max: 107.99% - Min: -12.78% - Market Cap 14019 - Trading time: 00:01:40
08-09-2025 10:39:17.297 INFO Current price: 0.000000066768 - Current percentage: 105.86% - Max: 107.99% - Min: -12.78% - Market Cap 13876 - Trading time: 00:01:41
08-09-2025 10:39:18.990 INFO Current price: 0.000000066259 - Current percentage: 104.83% - Max: 107.99% - Min: -12.78% - Market Cap 13806 - Trading time: 00:01:43
08-09-2025 10:39:19.637 INFO Current price: 0.000000066402 - Current percentage: 106.75% - Max: 107.99% - Min: -12.78% - Market Cap 13936 - Trading time: 00:01:44
08-09-2025 10:39:19.643 INFO Current price: 0.000000069412 - Current percentage: 123.82% - Max: 123.82% - Min: -12.78% - Market Cap 15086 - Trading time: 00:01:44
08-09-2025 10:39:19.663 INFO Current price: 0.000000069491 - Current percentage: 107.22% - Max: 123.82% - Min: -12.78% - Market Cap 13967 - Trading time: 00:01:44
08-09-2025 10:39:19.666 INFO Current price: 0.000000063899 - Current percentage: 89.25% - Max: 123.82% - Min: -12.78% - Market Cap 12756 - Trading time: 00:01:44
08-09-2025 10:39:20.055 INFO Current price: 0.000000058956 - Current percentage: 76.40% - Max: 123.82% - Min: -12.78% - Market Cap 11890 - Trading time: 00:01:44
08-09-2025 10:39:20.390 INFO Current price: 0.000000056907 - Current percentage: 76.32% - Max: 123.82% - Min: -12.78% - Market Cap 11885 - Trading time: 00:01:44
08-09-2025 10:39:23.297 INFO Current price: 0.000000058822 - Current percentage: 88.47% - Max: 123.82% - Min: -12.78% - Market Cap 12704 - Trading time: 00:01:47
08-09-2025 10:39:23.411 INFO Current price: 0.000000060960 - Current percentage: 89.37% - Max: 123.82% - Min: -12.78% - Market Cap 12764 - Trading time: 00:01:47
08-09-2025 10:39:26.338 INFO Current price: 0.000000061146 - Current percentage: 89.63% - Max: 123.82% - Min: -12.78% - Market Cap 12781 - Trading time: 00:01:50
08-09-2025 10:39:26.603 INFO Current price: 0.000000063199 - Current percentage: 102.30% - Max: 123.82% - Min: -12.78% - Market Cap 13636 - Trading time: 00:01:50
08-09-2025 10:39:29.792 INFO Current price: 0.000000067855 - Current percentage: 118.60% - Max: 123.82% - Min: -12.78% - Market Cap 14734 - Trading time: 00:01:54
08-09-2025 10:39:30.138 INFO Current price: 0.000000073680 - Current percentage: 138.53% - Max: 138.53% - Min: -12.78% - Market Cap 16077 - Trading time: 00:01:54
08-09-2025 10:39:30.858 INFO Current price: 0.000000076304 - Current percentage: 134.44% - Max: 138.53% - Min: -12.78% - Market Cap 15802 - Trading time: 00:01:55
08-09-2025 10:39:31.277 INFO Current price: 0.000000075303 - Current percentage: 132.31% - Max: 138.53% - Min: -12.78% - Market Cap 15658 - Trading time: 00:01:55
08-09-2025 10:39:32.374 INFO Current price: 0.000000074763 - Current percentage: 131.09% - Max: 138.53% - Min: -12.78% - Market Cap 15576 - Trading time: 00:01:56
08-09-2025 10:39:33.936 INFO Current price: 0.000000071527 - Current percentage: 112.64% - Max: 138.53% - Min: -12.78% - Market Cap 14332 - Trading time: 00:01:58
08-09-2025 10:39:36.046 INFO Current price: 0.000000068728 - Current percentage: 113.35% - Max: 138.53% - Min: -12.78% - Market Cap 14381 - Trading time: 00:02:00
08-09-2025 10:39:39.177 INFO Current price: 0.000000071705 - Current percentage: 131.46% - Max: 138.53% - Min: -12.78% - Market Cap 15601 - Trading time: 00:02:03
08-09-2025 10:39:42.002 INFO Current price: 0.000000077310 - Current percentage: 148.01% - Max: 148.01% - Min: -12.78% - Market Cap 16717 - Trading time: 00:02:06
08-09-2025 10:39:44.000 INFO Current price: 0.000000077215 - Current percentage: 130.89% - Max: 148.01% - Min: -12.78% - Market Cap 15563 - Trading time: 00:02:08
08-09-2025 10:39:44.188 INFO Current price: 0.000000071809 - Current percentage: 114.50% - Max: 148.01% - Min: -12.78% - Market Cap 14458 - Trading time: 00:02:08
08-09-2025 10:39:44.949 INFO Current price: 0.000000066576 - Current percentage: 98.46% - Max: 148.01% - Min: -12.78% - Market Cap 13377 - Trading time: 00:02:09
08-09-2025 10:39:45.217 INFO Current price: 0.000000061032 - Current percentage: 80.26% - Max: 148.01% - Min: -12.78% - Market Cap 12150 - Trading time: 00:02:09
08-09-2025 10:39:45.331 INFO Current price: 0.000000058147 - Current percentage: 80.14% - Max: 148.01% - Min: -12.78% - Market Cap 12142 - Trading time: 00:02:09
08-09-2025 10:39:46.162 INFO Current price: 0.000000058108 - Current percentage: 80.02% - Max: 148.01% - Min: -12.78% - Market Cap 12134 - Trading time: 00:02:10
08-09-2025 10:39:46.299 INFO Current price: 0.000000055469 - Current percentage: 64.16% - Max: 148.01% - Min: -12.78% - Market Cap 11065 - Trading time: 00:02:10
08-09-2025 10:39:47.158 INFO Current price: 0.000000055046 - Current percentage: 77.29% - Max: 148.01% - Min: -12.78% - Market Cap 11950 - Trading time: 00:02:11
08-09-2025 10:39:47.292 INFO Current price: 0.000000057346 - Current percentage: 78.16% - Max: 148.01% - Min: -12.78% - Market Cap 12009 - Trading time: 00:02:11
08-09-2025 10:39:48.429 INFO Current price: 0.000000060413 - Current percentage: 96.75% - Max: 148.01% - Min: -12.78% - Market Cap 13262 - Trading time: 00:02:12
08-09-2025 10:39:51.208 INFO Current price: 0.000000063323 - Current percentage: 95.74% - Max: 148.01% - Min: -12.78% - Market Cap 13194 - Trading time: 00:02:15
08-09-2025 10:39:54.950 INFO Current price: 0.000000062875 - Current percentage: 93.97% - Max: 148.01% - Min: -12.78% - Market Cap 13074 - Trading time: 00:02:19
08-09-2025 10:39:55.830 INFO Current price: 0.000000064725 - Current percentage: 107.43% - Max: 148.01% - Min: -12.78% - Market Cap 13982 - Trading time: 00:02:20
08-09-2025 10:39:56.200 INFO Current price: 0.000000066901 - Current percentage: 107.24% - Max: 148.01% - Min: -12.78% - Market Cap 13968 - Trading time: 00:02:20
08-09-2025 10:40:00.466 INFO Current price: 0.000000069406 - Current percentage: 123.26% - Max: 148.01% - Min: -12.78% - Market Cap 15048 - Trading time: 00:02:24
08-09-2025 10:40:03.469 INFO Current price: 0.000000074660 - Current percentage: 139.80% - Max: 148.01% - Min: -12.78% - Market Cap 16163 - Trading time: 00:02:27
08-09-2025 10:40:06.971 INFO Current price: 0.000000080400 - Current percentage: 158.91% - Max: 158.91% - Min: -12.78% - Market Cap 17451 - Trading time: 00:02:31
08-09-2025 10:40:07.911 INFO Current price: 0.000000083573 - Current percentage: 159.10% - Max: 159.10% - Min: -12.78% - Market Cap 17464 - Trading time: 00:02:32
08-09-2025 10:40:08.205 INFO Current price: 0.000000080322 - Current percentage: 139.15% - Max: 159.10% - Min: -12.78% - Market Cap 16120 - Trading time: 00:02:32
08-09-2025 10:40:08.402 INFO Current price: 0.000000074442 - Current percentage: 122.55% - Max: 159.10% - Min: -12.78% - Market Cap 15001 - Trading time: 00:02:32
08-09-2025 10:40:09.054 INFO Current price: 0.000000071570 - Current percentage: 121.06% - Max: 159.10% - Min: -12.78% - Market Cap 14900 - Trading time: 00:02:33
08-09-2025 10:40:09.160 INFO Current price: 0.000000068545 - Current percentage: 104.14% - Max: 159.10% - Min: -12.78% - Market Cap 13760 - Trading time: 00:02:33
08-09-2025 10:40:11.112 INFO Current price: 0.000000068173 - Current percentage: 118.66% - Max: 159.10% - Min: -12.78% - Market Cap 14739 - Trading time: 00:02:35
08-09-2025 10:40:11.251 INFO Current price: 0.000000070585 - Current percentage: 118.84% - Max: 159.10% - Min: -12.78% - Market Cap 14751 - Trading time: 00:02:35
08-09-2025 10:40:15.401 INFO Current price: 0.000000072733 - Current percentage: 132.17% - Max: 159.10% - Min: -12.78% - Market Cap 15649 - Trading time: 00:02:39
08-09-2025 10:40:19.135 INFO Current price: 0.000000077588 - Current percentage: 149.03% - Max: 159.10% - Min: -12.78% - Market Cap 16786 - Trading time: 00:02:43
08-09-2025 10:40:21.479 INFO Current price: 0.000000079245 - Current percentage: 142.19% - Max: 159.10% - Min: -12.78% - Market Cap 16324 - Trading time: 00:02:45
08-09-2025 10:40:22.269 INFO Current price: 0.000000078905 - Current percentage: 146.91% - Max: 159.10% - Min: -12.78% - Market Cap 16642 - Trading time: 00:02:46
08-09-2025 10:40:23.971 INFO Current price: 0.000000082687 - Current percentage: 165.97% - Max: 165.97% - Min: -12.78% - Market Cap 17927 - Trading time: 00:02:48
08-09-2025 10:40:26.785 INFO Current price: 0.000000089297 - Current percentage: 187.96% - Max: 187.96% - Min: -12.78% - Market Cap 19409 - Trading time: 00:02:51
08-09-2025 10:40:28.476 INFO Current price: 0.000000088888 - Current percentage: 163.53% - Max: 187.96% - Min: -12.78% - Market Cap 17763 - Trading time: 00:02:52
08-09-2025 10:40:30.145 INFO Current price: 0.000000081716 - Current percentage: 143.37% - Max: 187.96% - Min: -12.78% - Market Cap 16403 - Trading time: 00:02:54
08-09-2025 10:40:31.043 INFO Current price: 0.000000075686 - Current percentage: 126.07% - Max: 187.96% - Min: -12.78% - Market Cap 15238 - Trading time: 00:02:55
08-09-2025 10:40:33.839 INFO Current price: 0.000000075682 - Current percentage: 143.34% - Max: 187.96% - Min: -12.78% - Market Cap 16402 - Trading time: 00:02:58
08-09-2025 10:40:37.390 INFO Current price: 0.000000080764 - Current percentage: 157.45% - Max: 187.96% - Min: -12.78% - Market Cap 17353 - Trading time: 00:03:01
08-09-2025 10:40:46.123 INFO Current price: 0.000000085611 - Current percentage: 173.43% - Max: 187.96% - Min: -12.78% - Market Cap 18430 - Trading time: 00:03:10
08-09-2025 10:40:47.533 INFO Current price: 0.000000085047 - Current percentage: 154.07% - Max: 187.96% - Min: -12.78% - Market Cap 17125 - Trading time: 00:03:11
08-09-2025 10:40:50.148 INFO Current price: 0.000000078927 - Current percentage: 135.49% - Max: 187.96% - Min: -12.78% - Market Cap 15873 - Trading time: 00:03:14
08-09-2025 10:40:50.148 INFO Current price: 0.000000073300 - Current percentage: 119.13% - Max: 187.96% - Min: -12.78% - Market Cap 14770 - Trading time: 00:03:14
08-09-2025 10:40:50.170 INFO Current price: 0.000000068358 - Current percentage: 104.81% - Max: 187.96% - Min: -12.78% - Market Cap 13805 - Trading time: 00:03:14
08-09-2025 10:40:51.760 INFO Current price: 0.000000063374 - Current percentage: 88.35% - Max: 187.96% - Min: -12.78% - Market Cap 12695 - Trading time: 00:03:16
08-09-2025 10:40:51.794 INFO Current price: 0.000000058790 - Current percentage: 76.25% - Max: 187.96% - Min: -12.78% - Market Cap 11880 - Trading time: 00:03:16
08-09-2025 10:40:52.823 INFO Current price: 0.000000058732 - Current percentage: 87.97% - Max: 187.96% - Min: -12.78% - Market Cap 12670 - Trading time: 00:03:17
08-09-2025 10:40:52.867 INFO Current price: 0.000000060798 - Current percentage: 88.87% - Max: 187.96% - Min: -12.78% - Market Cap 12730 - Trading time: 00:03:17
08-09-2025 10:40:56.106 INFO Current price: 0.000000063994 - Current percentage: 108.25% - Max: 187.96% - Min: -12.78% - Market Cap 14037 - Trading time: 00:03:20
08-09-2025 10:40:56.509 INFO Current price: 0.000000067148 - Current percentage: 107.95% - Max: 187.96% - Min: -12.78% - Market Cap 14016 - Trading time: 00:03:20
08-09-2025 10:40:58.743 INFO Current price: 0.000000066931 - Current percentage: 106.91% - Max: 187.96% - Min: -12.78% - Market Cap 13946 - Trading time: 00:03:23
08-09-2025 10:41:00.205 INFO Current price: 0.000000064356 - Current percentage: 92.25% - Max: 187.96% - Min: -12.78% - Market Cap 12958 - Trading time: 00:03:24
08-09-2025 10:41:00.235 INFO Current price: 0.000000060330 - Current percentage: 81.84% - Max: 187.96% - Min: -12.78% - Market Cap 12256 - Trading time: 00:03:24
08-09-2025 10:41:00.408 INFO Current price: 0.000000056474 - Current percentage: 68.46% - Max: 187.96% - Min: -12.78% - Market Cap 11355 - Trading time: 00:03:24
08-09-2025 10:41:00.412 INFO Current price: 0.000000052827 - Current percentage: 59.11% - Max: 187.96% - Min: -12.78% - Market Cap 10724 - Trading time: 00:03:24
08-09-2025 10:41:00.524 INFO Current price: 0.000000049500 - Current percentage: 47.91% - Max: 187.96% - Min: -12.78% - Market Cap 9970 - Trading time: 00:03:24
08-09-2025 10:41:00.534 INFO Current price: 0.000000045710 - Current percentage: 35.67% - Max: 187.96% - Min: -12.78% - Market Cap 9145 - Trading time: 00:03:24
08-09-2025 10:41:00.575 INFO Current price: 0.000000042612 - Current percentage: 28.54% - Max: 187.96% - Min: -12.78% - Market Cap 8664 - Trading time: 00:03:24
08-09-2025 10:41:00.578 INFO Current price: 0.000000041429 - Current percentage: 28.25% - Max: 187.96% - Min: -12.78% - Market Cap 8644 - Trading time: 00:03:24
08-09-2025 10:41:00.581 INFO Current price: 0.000000040302 - Current percentage: 21.64% - Max: 187.96% - Min: -12.78% - Market Cap 8199 - Trading time: 00:03:24
08-09-2025 10:41:00.596 INFO Current price: 0.000000038417 - Current percentage: 16.53% - Max: 187.96% - Min: -12.78% - Market Cap 7854 - Trading time: 00:03:24
08-09-2025 10:41:00.655 INFO Current price: 0.000000036650 - Current percentage: 10.71% - Max: 187.96% - Min: -12.78% - Market Cap 7462 - Trading time: 00:03:25
08-09-2025 10:41:00.693 INFO Current price: 0.000000035382 - Current percentage: 8.61% - Max: 187.96% - Min: -12.78% - Market Cap 7320 - Trading time: 00:03:25
08-09-2025 10:41:00.695 INFO Current price: 0.000000034405 - Current percentage: 4.68% - Max: 187.96% - Min: -12.78% - Market Cap 7056 - Trading time: 00:03:25
08-09-2025 10:41:00.744 INFO Current price: 0.000000033152 - Current percentage: 0.83% - Max: 187.96% - Min: -12.78% - Market Cap 6797 - Trading time: 00:03:25
08-09-2025 10:41:00.854 INFO Current price: 0.000000031775 - Current percentage: -3.83% - Max: 187.96% - Min: -12.78% - Market Cap 6482 - Trading time: 00:03:25
08-09-2025 10:41:01.642 INFO Current price: 0.000000030011 - Current percentage: -10.05% - Max: 187.96% - Min: -12.78% - Market Cap 6063 - Trading time: 00:03:26
08-09-2025 10:41:01.953 INFO Current price: 0.000000028939 - Current percentage: -10.57% - Max: 187.96% - Min: -12.78% - Market Cap 6028 - Trading time: 00:03:26
08-09-2025 10:41:07.791 INFO Current price: 0.000000028688 - Current percentage: -11.61% - Max: 187.96% - Min: -12.78% - Market Cap 5958 - Trading time: 00:03:32
08-09-2025 10:41:16.008 INFO Current price: 0.000000028491 - Current percentage: -11.80% - Max: 187.96% - Min: -12.78% - Market Cap 5945 - Trading time: 00:03:40
08-09-2025 10:41:27.803 INFO Current price: 0.000000028425 - Current percentage: -12.01% - Max: 187.96% - Min: -12.78% - Market Cap 5931 - Trading time: 00:03:52
08-09-2025 10:41:35.927 INFO Current price: 0.000000028353 - Current percentage: -12.25% - Max: 187.96% - Min: -12.78% - Market Cap 5915 - Trading time: 00:04:00
08-09-2025 10:42:40.592 INFO Current price: 0.000000028206 - Current percentage: -12.92% - Max: 187.96% - Min: -12.92% - Market Cap 5869 - Trading time: 00:05:04
08-09-2025 10:47:51.221 INFO Current price: 0.000000028085 - Current percentage: -12.93% - Max: 187.96% - Min: -12.93% - Market Cap 5868 - Trading time: 00:10:15
08-09-2025 10:52:30.905 INFO Current price: 0.000000028071 - Current percentage: -12.94% - Max: 187.96% - Min: -12.94% - Market Cap 5868 - Trading time: 00:14:55






08-09-2025 10:57:35.626 INFO {"type":"summary","reason":"max_window","startedAt":"2025-09-08T08:37:35.625Z","endedAt":"2025-09-08T08:57:35.626Z","durationSec":1200,"entryPrice":3.456072989101048e-8,"entryMarketCapSol":32.26710516739982,"entryMarketCapUsd":6740.275598418148,"minPct":-12.938147448940029,"maxPct":187.95907992261792,"buyCount":87,"sellCount":102,"tradeCount":189,"entryRecorded":true,"noPostThresholdTrades":false,"triggerAt":"2025-09-08T08:37:35.625Z","ageAtTriggerSec":7,"preTotalTrades":23,"preBuys":17,"preSells":6,"preUniqueTraders":17,"preEntryTotalTrades":27,"preEntryBuys":20,"preEntrySells":7,"preEntryUniqueTraders":20,"preEntryMinMcUsd":6740.087890863151,"preEntryMaxMcUsd":9040.87330418838,"thresholdMcSol":32.26710516739982,"thresholdMcUsd":6740.275598418148,"thresholdPrice":3.456072989101048e-8}
