08-09-2025 01:59:57.248 INFO Entry price: 0.000000049616809974 - Entry market cap: 9078 - Buys 31 - Sells 11 - Ratio: 1:0.35 - Min MarketCap: 7306 - Max MarketCap: 11565
08-09-2025 01:59:57.248 INFO Current price: 0.000000049617 - Current percentage: 0.00% - Max: 0.00% - Min: 0.00% - Market Cap 9078 - Trading time: 00:00:02
08-09-2025 01:59:57.666 INFO Current price: 0.000000046511 - Current percentage: 5.82% - Max: 5.82% - Min: 0.00% - Market Cap 9607 - Trading time: 00:00:02
08-09-2025 01:59:57.766 INFO Current price: 0.000000046520 - Current percentage: 5.82% - Max: 5.82% - Min: 0.00% - Market Cap 9607 - Trading time: 00:00:02
08-09-2025 01:59:57.768 INFO Current price: 0.000000046529 - Current percentage: 5.86% - Max: 5.86% - Min: 0.00% - Market Cap 9611 - Trading time: 00:00:02
08-09-2025 01:59:57.801 INFO Current price: 0.000000047625 - Current percentage: 10.86% - Max: 10.86% - Min: 0.00% - Market Cap 10065 - Trading time: 00:00:02
08-09-2025 01:59:58.741 INFO Current price: 0.000000048739 - Current percentage: 10.87% - Max: 10.87% - Min: 0.00% - Market Cap 10065 - Trading time: 00:00:03
08-09-2025 01:59:58.968 INFO Current price: 0.000000047136 - Current percentage: 3.70% - Max: 10.87% - Min: 0.00% - Market Cap 9414 - Trading time: 00:00:03
08-09-2025 01:59:59.127 INFO Current price: 0.000000045585 - Current percentage: 3.69% - Max: 10.87% - Min: 0.00% - Market Cap 9414 - Trading time: 00:00:03
08-09-2025 01:59:59.347 INFO Current price: 0.000000045585 - Current percentage: 3.69% - Max: 10.87% - Min: 0.00% - Market Cap 9414 - Trading time: 00:00:04
08-09-2025 01:59:59.516 INFO Current price: 0.000000045584 - Current percentage: 3.69% - Max: 10.87% - Min: 0.00% - Market Cap 9413 - Trading time: 00:00:04
08-09-2025 01:59:59.534 INFO Current price: 0.000000045583 - Current percentage: 3.69% - Max: 10.87% - Min: 0.00% - Market Cap 9413 - Trading time: 00:00:04
08-09-2025 01:59:59.645 INFO Current price: 0.000000045623 - Current percentage: 3.87% - Max: 10.87% - Min: 0.00% - Market Cap 9430 - Trading time: 00:00:04
08-09-2025 01:59:59.883 INFO Current price: 0.000000044312 - Current percentage: -2.19% - Max: 10.87% - Min: -2.19% - Market Cap 8880 - Trading time: 00:00:04
08-09-2025 02:00:00.050 INFO Current price: 0.000000043400 - Current percentage: -0.36% - Max: 10.87% - Min: -2.19% - Market Cap 9046 - Trading time: 00:00:04
08-09-2025 02:00:00.591 INFO Current price: 0.000000043804 - Current percentage: -0.36% - Max: 10.87% - Min: -2.19% - Market Cap 9046 - Trading time: 00:00:05
08-09-2025 02:00:01.244 INFO Current price: 0.000000042825 - Current percentage: -4.76% - Max: 10.87% - Min: -4.76% - Market Cap 8646 - Trading time: 00:00:05
08-09-2025 02:00:01.640 INFO Current price: 0.000000041836 - Current percentage: -4.91% - Max: 10.87% - Min: -4.91% - Market Cap 8633 - Trading time: 00:00:06
08-09-2025 02:00:01.688 INFO Current price: 0.000000041821 - Current percentage: -4.83% - Max: 10.87% - Min: -4.91% - Market Cap 8640 - Trading time: 00:00:06
08-09-2025 02:00:01.742 INFO Current price: 0.000000041649 - Current percentage: -5.69% - Max: 10.87% - Min: -5.69% - Market Cap 8562 - Trading time: 00:00:06
08-09-2025 02:00:02.309 INFO Current price: 0.000000042016 - Current percentage: -3.14% - Max: 10.87% - Min: -5.69% - Market Cap 8793 - Trading time: 00:00:07
08-09-2025 02:00:02.317 INFO Current price: 0.000000042601 - Current percentage: -3.04% - Max: 10.87% - Min: -5.69% - Market Cap 8802 - Trading time: 00:00:07
08-09-2025 02:00:02.420 INFO Current price: 0.000000042621 - Current percentage: -3.05% - Max: 10.87% - Min: -5.69% - Market Cap 8801 - Trading time: 00:00:07
08-09-2025 02:00:02.422 INFO Current price: 0.000000042618 - Current percentage: -3.06% - Max: 10.87% - Min: -5.69% - Market Cap 8801 - Trading time: 00:00:07
08-09-2025 02:00:02.722 INFO Current price: 0.000000042843 - Current percentage: -2.03% - Max: 10.87% - Min: -5.69% - Market Cap 8894 - Trading time: 00:00:07
08-09-2025 02:00:02.726 INFO Current price: 0.000000044199 - Current percentage: 3.18% - Max: 10.87% - Min: -5.69% - Market Cap 9367 - Trading time: 00:00:07
08-09-2025 02:00:02.823 INFO Current price: 0.000000045175 - Current percentage: 2.35% - Max: 10.87% - Min: -5.69% - Market Cap 9292 - Trading time: 00:00:07
08-09-2025 02:00:02.909 INFO Current price: 0.000000044991 - Current percentage: 2.34% - Max: 10.87% - Min: -5.69% - Market Cap 9291 - Trading time: 00:00:07
08-09-2025 02:00:03.172 INFO Current price: 0.000000045371 - Current percentage: 4.09% - Max: 10.87% - Min: -5.69% - Market Cap 9449 - Trading time: 00:00:07
08-09-2025 02:00:03.627 INFO Current price: 0.000000045757 - Current percentage: 4.08% - Max: 10.87% - Min: -5.69% - Market Cap 9449 - Trading time: 00:00:08
08-09-2025 02:00:03.631 INFO Current price: 0.000000045756 - Current percentage: 4.08% - Max: 10.87% - Min: -5.69% - Market Cap 9449 - Trading time: 00:00:08
08-09-2025 02:00:03.757 INFO Current price: 0.000000045755 - Current percentage: 4.08% - Max: 10.87% - Min: -5.69% - Market Cap 9449 - Trading time: 00:00:08
08-09-2025 02:00:04.071 INFO Current price: 0.000000045754 - Current percentage: 4.08% - Max: 10.87% - Min: -5.69% - Market Cap 9449 - Trading time: 00:00:08
08-09-2025 02:00:04.376 INFO Current price: 0.000000045753 - Current percentage: 4.08% - Max: 10.87% - Min: -5.69% - Market Cap 9448 - Trading time: 00:00:09
08-09-2025 02:00:04.636 INFO Current price: 0.000000045752 - Current percentage: 4.07% - Max: 10.87% - Min: -5.69% - Market Cap 9448 - Trading time: 00:00:09
08-09-2025 02:00:05.718 INFO Current price: 0.000000045799 - Current percentage: 4.29% - Max: 10.87% - Min: -5.69% - Market Cap 9467 - Trading time: 00:00:10
08-09-2025 02:00:05.919 INFO Current price: 0.000000045845 - Current percentage: 4.29% - Max: 10.87% - Min: -5.69% - Market Cap 9467 - Trading time: 00:00:10
08-09-2025 02:00:06.197 INFO Current price: 0.000000046249 - Current percentage: 6.13% - Max: 10.87% - Min: -5.69% - Market Cap 9635 - Trading time: 00:00:10
08-09-2025 02:00:06.574 INFO Current price: 0.000000047362 - Current percentage: 9.37% - Max: 10.87% - Min: -5.69% - Market Cap 9929 - Trading time: 00:00:11
08-09-2025 02:00:07.079 INFO Current price: 0.000000047405 - Current percentage: 6.32% - Max: 10.87% - Min: -5.69% - Market Cap 9652 - Trading time: 00:00:11
08-09-2025 02:00:07.374 INFO Current price: 0.000000046740 - Current percentage: 6.32% - Max: 10.87% - Min: -5.69% - Market Cap 9652 - Trading time: 00:00:12
08-09-2025 02:00:07.380 INFO Current price: 0.000000046739 - Current percentage: 6.32% - Max: 10.87% - Min: -5.69% - Market Cap 9652 - Trading time: 00:00:12
08-09-2025 02:00:07.381 INFO Current price: 0.000000046735 - Current percentage: 6.30% - Max: 10.87% - Min: -5.69% - Market Cap 9651 - Trading time: 00:00:12
08-09-2025 02:00:07.412 INFO Current price: 0.000000046850 - Current percentage: 6.84% - Max: 10.87% - Min: -5.69% - Market Cap 9699 - Trading time: 00:00:12
08-09-2025 02:00:07.718 INFO Current price: 0.000000048057 - Current percentage: 11.85% - Max: 11.85% - Min: -5.69% - Market Cap 10154 - Trading time: 00:00:12
08-09-2025 02:00:07.808 INFO Current price: 0.000000049169 - Current percentage: 11.84% - Max: 11.85% - Min: -5.69% - Market Cap 10153 - Trading time: 00:00:12
08-09-2025 02:00:07.956 INFO Current price: 0.000000049529 - Current percentage: 13.50% - Max: 13.50% - Min: -5.69% - Market Cap 10304 - Trading time: 00:00:12
08-09-2025 02:00:08.190 INFO Current price: 0.000000049136 - Current percentage: 10.07% - Max: 13.50% - Min: -5.69% - Market Cap 9993 - Trading time: 00:00:12
08-09-2025 02:00:08.337 INFO Current price: 0.000000048390 - Current percentage: 10.07% - Max: 13.50% - Min: -5.69% - Market Cap 9993 - Trading time: 00:00:13
08-09-2025 02:00:08.638 INFO Current price: 0.000000048389 - Current percentage: 10.07% - Max: 13.50% - Min: -5.69% - Market Cap 9993 - Trading time: 00:00:13
08-09-2025 02:00:10.020 INFO Current price: 0.000000047756 - Current percentage: 7.21% - Max: 13.50% - Min: -5.69% - Market Cap 9733 - Trading time: 00:00:14
08-09-2025 02:00:10.022 INFO Current price: 0.000000047654 - Current percentage: 9.60% - Max: 13.50% - Min: -5.69% - Market Cap 9950 - Trading time: 00:00:14
08-09-2025 02:00:10.076 INFO Current price: 0.000000047717 - Current percentage: 7.49% - Max: 13.50% - Min: -5.69% - Market Cap 9759 - Trading time: 00:00:14
08-09-2025 02:00:10.320 INFO Current price: 0.000000047279 - Current percentage: 7.60% - Max: 13.50% - Min: -5.69% - Market Cap 9768 - Trading time: 00:00:15
08-09-2025 02:00:10.428 INFO Current price: 0.000000047302 - Current percentage: 7.60% - Max: 13.50% - Min: -5.69% - Market Cap 9768 - Trading time: 00:00:15
08-09-2025 02:00:10.428 INFO Current price: 0.000000047301 - Current percentage: 7.60% - Max: 13.50% - Min: -5.69% - Market Cap 9768 - Trading time: 00:00:15
08-09-2025 02:00:10.430 INFO Current price: 0.000000047300 - Current percentage: 7.59% - Max: 13.50% - Min: -5.69% - Market Cap 9768 - Trading time: 00:00:15
08-09-2025 02:00:10.690 INFO Current price: 0.000000047299 - Current percentage: 7.59% - Max: 13.50% - Min: -5.69% - Market Cap 9768 - Trading time: 00:00:15
08-09-2025 02:00:10.825 INFO Current price: 0.000000046893 - Current percentage: 5.76% - Max: 13.50% - Min: -5.69% - Market Cap 9601 - Trading time: 00:00:15
08-09-2025 02:00:11.678 INFO Current price: 0.000000046679 - Current percentage: 6.61% - Max: 13.50% - Min: -5.69% - Market Cap 9679 - Trading time: 00:00:16
08-09-2025 02:00:12.071 INFO Current price: 0.000000047147 - Current percentage: 7.89% - Max: 13.50% - Min: -5.69% - Market Cap 9794 - Trading time: 00:00:16
08-09-2025 02:00:13.202 INFO Current price: 0.000000048452 - Current percentage: 12.60% - Max: 13.50% - Min: -5.69% - Market Cap 10222 - Trading time: 00:00:17
08-09-2025 02:00:13.311 INFO Current price: 0.000000049496 - Current percentage: 12.58% - Max: 13.50% - Min: -5.69% - Market Cap 10221 - Trading time: 00:00:18
08-09-2025 02:00:13.331 INFO Current price: 0.000000049493 - Current percentage: 12.58% - Max: 13.50% - Min: -5.69% - Market Cap 10221 - Trading time: 00:00:18
08-09-2025 02:00:13.331 INFO Current price: 0.000000049492 - Current percentage: 12.58% - Max: 13.50% - Min: -5.69% - Market Cap 10220 - Trading time: 00:00:18
08-09-2025 02:00:13.331 INFO Current price: 0.000000049488 - Current percentage: 12.57% - Max: 13.50% - Min: -5.69% - Market Cap 10219 - Trading time: 00:00:18
08-09-2025 02:00:13.339 INFO Current price: 0.000000049345 - Current percentage: 11.93% - Max: 13.50% - Min: -5.69% - Market Cap 10162 - Trading time: 00:00:18
08-09-2025 02:00:13.746 INFO Current price: 0.000000049206 - Current percentage: 11.93% - Max: 13.50% - Min: -5.69% - Market Cap 10161 - Trading time: 00:00:18
08-09-2025 02:00:15.087 INFO Current price: 0.000000049663 - Current percentage: 14.02% - Max: 14.02% - Min: -5.69% - Market Cap 10351 - Trading time: 00:00:19
08-09-2025 02:00:16.163 INFO Current price: 0.000000048964 - Current percentage: 8.80% - Max: 14.02% - Min: -5.69% - Market Cap 9878 - Trading time: 00:00:20
08-09-2025 02:00:16.376 INFO Current price: 0.000000047850 - Current percentage: 8.89% - Max: 14.02% - Min: -5.69% - Market Cap 9886 - Trading time: 00:00:21
08-09-2025 02:00:16.464 INFO Current price: 0.000000047613 - Current percentage: 7.73% - Max: 14.02% - Min: -5.69% - Market Cap 9780 - Trading time: 00:00:21
08-09-2025 02:00:16.477 INFO Current price: 0.000000046121 - Current percentage: 2.17% - Max: 14.02% - Min: -5.69% - Market Cap 9276 - Trading time: 00:00:21
08-09-2025 02:00:17.599 INFO Current price: 0.000000045984 - Current percentage: 7.09% - Max: 14.02% - Min: -5.69% - Market Cap 9722 - Trading time: 00:00:22
08-09-2025 02:00:18.120 INFO Current price: 0.000000047405 - Current percentage: 8.59% - Max: 14.02% - Min: -5.69% - Market Cap 9858 - Trading time: 00:00:22
08-09-2025 02:00:18.873 INFO Current price: 0.000000046669 - Current percentage: 3.79% - Max: 14.02% - Min: -5.69% - Market Cap 9422 - Trading time: 00:00:23
08-09-2025 02:00:19.101 INFO Current price: 0.000000044700 - Current percentage: -0.38% - Max: 14.02% - Min: -5.69% - Market Cap 9043 - Trading time: 00:00:23
08-09-2025 02:00:19.656 INFO Current price: 0.000000043774 - Current percentage: -0.47% - Max: 14.02% - Min: -5.69% - Market Cap 9036 - Trading time: 00:00:24
08-09-2025 02:00:19.968 INFO Current price: 0.000000044041 - Current percentage: 0.84% - Max: 14.02% - Min: -5.69% - Market Cap 9154 - Trading time: 00:00:24
08-09-2025 02:00:20.103 INFO Current price: 0.000000045023 - Current percentage: 4.02% - Max: 14.02% - Min: -5.69% - Market Cap 9444 - Trading time: 00:00:24
08-09-2025 02:00:21.154 INFO Current price: 0.000000046088 - Current percentage: 5.66% - Max: 14.02% - Min: -5.69% - Market Cap 9592 - Trading time: 00:00:25
08-09-2025 02:00:22.651 INFO Current price: 0.000000047433 - Current percentage: 10.18% - Max: 14.02% - Min: -5.69% - Market Cap 10003 - Trading time: 00:00:27
08-09-2025 02:00:22.761 INFO Current price: 0.000000048449 - Current percentage: 10.24% - Max: 14.02% - Min: -5.69% - Market Cap 10008 - Trading time: 00:00:27
08-09-2025 02:00:22.978 INFO Current price: 0.000000048030 - Current percentage: 8.28% - Max: 14.02% - Min: -5.69% - Market Cap 9830 - Trading time: 00:00:27
08-09-2025 02:00:23.835 INFO Current price: 0.000000047320 - Current percentage: 7.00% - Max: 14.02% - Min: -5.69% - Market Cap 9714 - Trading time: 00:00:28
08-09-2025 02:00:23.912 INFO Current price: 0.000000047276 - Current percentage: 8.08% - Max: 14.02% - Min: -5.69% - Market Cap 9812 - Trading time: 00:00:28
08-09-2025 02:00:24.102 INFO Current price: 0.000000048056 - Current percentage: 10.57% - Max: 14.02% - Min: -5.69% - Market Cap 10038 - Trading time: 00:00:28
08-09-2025 02:00:26.406 INFO Current price: 0.000000048726 - Current percentage: 11.11% - Max: 14.02% - Min: -5.69% - Market Cap 10087 - Trading time: 00:00:31
08-09-2025 02:00:26.619 INFO Current price: 0.000000048504 - Current percentage: 9.56% - Max: 14.02% - Min: -5.69% - Market Cap 9946 - Trading time: 00:00:31
08-09-2025 02:00:26.681 INFO Current price: 0.000000048189 - Current percentage: 9.67% - Max: 14.02% - Min: -5.69% - Market Cap 9956 - Trading time: 00:00:31
08-09-2025 02:00:27.094 INFO Current price: 0.000000048818 - Current percentage: 12.44% - Max: 14.02% - Min: -5.69% - Market Cap 10208 - Trading time: 00:00:31
08-09-2025 02:00:27.659 INFO Current price: 0.000000049033 - Current percentage: 10.64% - Max: 14.02% - Min: -5.69% - Market Cap 10045 - Trading time: 00:00:32
08-09-2025 02:00:27.751 INFO Current price: 0.000000049843 - Current percentage: 16.18% - Max: 16.18% - Min: -5.69% - Market Cap 10548 - Trading time: 00:00:32
08-09-2025 02:00:27.753 INFO Current price: 0.000000050721 - Current percentage: 14.58% - Max: 16.18% - Min: -5.69% - Market Cap 10402 - Trading time: 00:00:32
08-09-2025 02:00:27.864 INFO Current price: 0.000000049553 - Current percentage: 10.90% - Max: 16.18% - Min: -5.69% - Market Cap 10067 - Trading time: 00:00:32
08-09-2025 02:00:28.135 INFO Current price: 0.000000048738 - Current percentage: 10.84% - Max: 16.18% - Min: -5.69% - Market Cap 10062 - Trading time: 00:00:32
08-09-2025 02:00:28.249 INFO Current price: 0.000000048848 - Current percentage: 11.39% - Max: 16.18% - Min: -5.69% - Market Cap 10113 - Trading time: 00:00:33
08-09-2025 02:00:28.347 INFO Current price: 0.000000049062 - Current percentage: 11.81% - Max: 16.18% - Min: -5.69% - Market Cap 10151 - Trading time: 00:00:33
08-09-2025 02:00:29.974 INFO Current price: 0.000000049349 - Current percentage: 12.70% - Max: 16.18% - Min: -5.69% - Market Cap 10232 - Trading time: 00:00:34
08-09-2025 02:00:32.597 INFO Current price: 0.000000049557 - Current percentage: 12.76% - Max: 16.18% - Min: -5.69% - Market Cap 10237 - Trading time: 00:00:37
08-09-2025 02:00:32.605 INFO Current price: 0.000000050793 - Current percentage: 18.39% - Max: 18.39% - Min: -5.69% - Market Cap 10748 - Trading time: 00:00:37
08-09-2025 02:00:33.024 INFO Current price: 0.000000052425 - Current percentage: 20.12% - Max: 20.12% - Min: -5.69% - Market Cap 10905 - Trading time: 00:00:37
08-09-2025 02:00:34.656 INFO Current price: 0.000000051664 - Current percentage: 14.98% - Max: 20.12% - Min: -5.69% - Market Cap 10438 - Trading time: 00:00:39
08-09-2025 02:00:35.074 INFO Current price: 0.000000049333 - Current percentage: 9.52% - Max: 20.12% - Min: -5.69% - Market Cap 9943 - Trading time: 00:00:39
08-09-2025 02:00:36.096 INFO Current price: 0.000000048448 - Current percentage: 10.90% - Max: 20.12% - Min: -5.69% - Market Cap 10068 - Trading time: 00:00:40
08-09-2025 02:00:37.030 INFO Current price: 0.000000047613 - Current percentage: 5.78% - Max: 20.12% - Min: -5.69% - Market Cap 9603 - Trading time: 00:00:41
08-09-2025 02:00:37.099 INFO Current price: 0.000000046660 - Current percentage: 6.50% - Max: 20.12% - Min: -5.69% - Market Cap 9669 - Trading time: 00:00:41
08-09-2025 02:00:37.675 INFO Current price: 0.000000047909 - Current percentage: 11.52% - Max: 20.12% - Min: -5.69% - Market Cap 10124 - Trading time: 00:00:42
08-09-2025 02:00:38.224 INFO Current price: 0.000000049047 - Current percentage: 11.62% - Max: 20.12% - Min: -5.69% - Market Cap 10134 - Trading time: 00:00:42
08-09-2025 02:00:38.826 INFO Current price: 0.000000049131 - Current percentage: 11.90% - Max: 20.12% - Min: -5.69% - Market Cap 10159 - Trading time: 00:00:43
08-09-2025 02:00:39.191 INFO Current price: 0.000000049747 - Current percentage: 14.44% - Max: 20.12% - Min: -5.69% - Market Cap 10389 - Trading time: 00:00:43
08-09-2025 02:00:41.236 INFO Current price: 0.000000051558 - Current percentage: 20.19% - Max: 20.19% - Min: -5.69% - Market Cap 10911 - Trading time: 00:00:45
08-09-2025 02:00:41.244 INFO Current price: 0.000000054178 - Current percentage: 26.37% - Max: 26.37% - Min: -5.69% - Market Cap 11472 - Trading time: 00:00:45
08-09-2025 02:00:42.398 INFO Current price: 0.000000054174 - Current percentage: 20.17% - Max: 26.37% - Min: -5.69% - Market Cap 10910 - Trading time: 00:00:47
08-09-2025 02:00:42.587 INFO Current price: 0.000000053302 - Current percentage: 22.33% - Max: 26.37% - Min: -5.69% - Market Cap 11106 - Trading time: 00:00:47
08-09-2025 02:00:44.279 INFO Current price: 0.000000053158 - Current percentage: 19.53% - Max: 26.37% - Min: -5.69% - Market Cap 10851 - Trading time: 00:00:49
08-09-2025 02:00:44.906 INFO Current price: 0.000000052084 - Current percentage: 17.44% - Max: 26.37% - Min: -5.69% - Market Cap 10662 - Trading time: 00:00:49
08-09-2025 02:00:45.022 INFO Current price: 0.000000050974 - Current percentage: 14.49% - Max: 26.37% - Min: -5.69% - Market Cap 10393 - Trading time: 00:00:49
08-09-2025 02:00:47.404 INFO Current price: 0.000000049142 - Current percentage: 9.15% - Max: 26.37% - Min: -5.69% - Market Cap 9909 - Trading time: 00:00:52
08-09-2025 02:00:47.773 INFO Current price: 0.000000048988 - Current percentage: 13.77% - Max: 26.37% - Min: -5.69% - Market Cap 10329 - Trading time: 00:00:52
08-09-2025 02:00:48.148 INFO Current price: 0.000000050542 - Current percentage: 16.18% - Max: 26.37% - Min: -5.69% - Market Cap 10548 - Trading time: 00:00:52
08-09-2025 02:00:49.943 INFO Current price: 0.000000051433 - Current percentage: 17.82% - Max: 26.37% - Min: -5.69% - Market Cap 10696 - Trading time: 00:00:54
08-09-2025 02:00:51.188 INFO Current price: 0.000000052167 - Current percentage: 19.52% - Max: 26.37% - Min: -5.69% - Market Cap 10851 - Trading time: 00:00:55
08-09-2025 02:00:51.527 INFO Current price: 0.000000052605 - Current percentage: 19.81% - Max: 26.37% - Min: -5.69% - Market Cap 10876 - Trading time: 00:00:56
08-09-2025 02:00:51.671 INFO Current price: 0.000000051559 - Current percentage: 14.82% - Max: 26.37% - Min: -5.69% - Market Cap 10423 - Trading time: 00:00:56
08-09-2025 02:00:52.457 INFO Current price: 0.000000049262 - Current percentage: 9.37% - Max: 26.37% - Min: -5.69% - Market Cap 9929 - Trading time: 00:00:57
08-09-2025 02:00:52.690 INFO Current price: 0.000000049148 - Current percentage: 14.29% - Max: 26.37% - Min: -5.69% - Market Cap 10375 - Trading time: 00:00:57
08-09-2025 02:00:54.405 INFO Current price: 0.000000050424 - Current percentage: 15.12% - Max: 26.37% - Min: -5.69% - Market Cap 10451 - Trading time: 00:00:59
08-09-2025 02:00:56.676 INFO Current price: 0.000000050554 - Current percentage: 14.87% - Max: 26.37% - Min: -5.69% - Market Cap 10429 - Trading time: 00:01:01
08-09-2025 02:00:57.170 INFO Current price: 0.000000051138 - Current percentage: 17.79% - Max: 26.37% - Min: -5.69% - Market Cap 10694 - Trading time: 00:01:01
08-09-2025 02:00:57.700 INFO Current price: 0.000000052986 - Current percentage: 23.33% - Max: 26.37% - Min: -5.69% - Market Cap 11196 - Trading time: 00:01:02
08-09-2025 02:01:00.048 INFO Current price: 0.000000053525 - Current percentage: 20.20% - Max: 26.37% - Min: -5.69% - Market Cap 10912 - Trading time: 00:01:04
08-09-2025 02:01:00.166 INFO Current price: 0.000000053345 - Current percentage: 22.50% - Max: 26.37% - Min: -5.69% - Market Cap 11121 - Trading time: 00:01:04
08-09-2025 02:01:01.040 INFO Current price: 0.000000053276 - Current percentage: 19.89% - Max: 26.37% - Min: -5.69% - Market Cap 10884 - Trading time: 00:01:05
08-09-2025 02:01:03.159 INFO Current price: 0.000000053239 - Current percentage: 22.33% - Max: 26.37% - Min: -5.69% - Market Cap 11106 - Trading time: 00:01:07
08-09-2025 02:01:04.786 INFO Current price: 0.000000052563 - Current percentage: 16.86% - Max: 26.37% - Min: -5.69% - Market Cap 10609 - Trading time: 00:01:09
08-09-2025 02:01:05.363 INFO Current price: 0.000000050245 - Current percentage: 11.78% - Max: 26.37% - Min: -5.69% - Market Cap 10148 - Trading time: 00:01:10
08-09-2025 02:01:07.721 INFO Current price: 0.000000050143 - Current percentage: 16.39% - Max: 26.37% - Min: -5.69% - Market Cap 10566 - Trading time: 00:01:12
08-09-2025 02:01:08.110 INFO Current price: 0.000000050588 - Current percentage: 13.77% - Max: 26.37% - Min: -5.69% - Market Cap 10329 - Trading time: 00:01:12
08-09-2025 02:01:08.112 INFO Current price: 0.000000048597 - Current percentage: 7.41% - Max: 26.37% - Min: -5.69% - Market Cap 9751 - Trading time: 00:01:12
08-09-2025 02:01:08.115 INFO Current price: 0.000000045939 - Current percentage: 1.67% - Max: 26.37% - Min: -5.69% - Market Cap 9230 - Trading time: 00:01:12
08-09-2025 02:01:08.120 INFO Current price: 0.000000043723 - Current percentage: -2.70% - Max: 26.37% - Min: -5.69% - Market Cap 8833 - Trading time: 00:01:12
08-09-2025 02:01:08.120 INFO Current price: 0.000000041990 - Current percentage: -6.23% - Max: 26.37% - Min: -6.23% - Market Cap 8512 - Trading time: 00:01:12
08-09-2025 02:01:08.127 INFO Current price: 0.000000040645 - Current percentage: -8.83% - Max: 26.37% - Min: -8.83% - Market Cap 8276 - Trading time: 00:01:12
08-09-2025 02:01:08.127 INFO Current price: 0.000000039730 - Current percentage: -10.41% - Max: 26.37% - Min: -10.41% - Market Cap 8134 - Trading time: 00:01:12
08-09-2025 02:01:08.128 INFO Current price: 0.000000038118 - Current percentage: -16.08% - Max: 26.37% - Min: -16.08% - Market Cap 7618 - Trading time: 00:01:12
08-09-2025 02:01:08.128 INFO Current price: 0.000000036528 - Current percentage: -17.73% - Max: 26.37% - Min: -17.73% - Market Cap 7469 - Trading time: 00:01:12
08-09-2025 02:01:08.130 INFO Current price: 0.000000035447 - Current percentage: -20.97% - Max: 26.37% - Min: -20.97% - Market Cap 7174 - Trading time: 00:01:12
08-09-2025 02:01:08.130 INFO Current price: 0.000000034337 - Current percentage: -22.80% - Max: 26.37% - Min: -22.80% - Market Cap 7009 - Trading time: 00:01:12
08-09-2025 02:01:08.149 INFO Current price: 0.000000033684 - Current percentage: -23.95% - Max: 26.37% - Min: -23.95% - Market Cap 6904 - Trading time: 00:01:12
08-09-2025 02:01:08.186 INFO Current price: 0.000000032625 - Current percentage: -27.58% - Max: 26.37% - Min: -27.58% - Market Cap 6575 - Trading time: 00:01:12
08-09-2025 02:01:08.187 INFO Current price: 0.000000031140 - Current percentage: -30.72% - Max: 26.37% - Min: -30.72% - Market Cap 6290 - Trading time: 00:01:12
08-09-2025 02:01:08.347 INFO Current price: 0.000000030444 - Current percentage: -30.78% - Max: 26.37% - Min: -30.78% - Market Cap 6284 - Trading time: 00:01:13
08-09-2025 02:01:09.940 INFO Current price: 0.000000030418 - Current percentage: -30.83% - Max: 26.37% - Min: -30.83% - Market Cap 6279 - Trading time: 00:01:14
08-09-2025 02:01:10.062 INFO Current price: 0.000000030362 - Current percentage: -31.04% - Max: 26.37% - Min: -31.04% - Market Cap 6261 - Trading time: 00:01:14
08-09-2025 02:01:10.548 INFO Current price: 0.000000030232 - Current percentage: -31.42% - Max: 26.37% - Min: -31.42% - Market Cap 6226 - Trading time: 00:01:15
08-09-2025 02:01:11.116 INFO Current price: 0.000000030118 - Current percentage: -31.56% - Max: 26.37% - Min: -31.56% - Market Cap 6214 - Trading time: 00:01:15
08-09-2025 02:01:11.562 INFO Current price: 0.000000030028 - Current percentage: -31.83% - Max: 26.37% - Min: -31.83% - Market Cap 6189 - Trading time: 00:01:16
08-09-2025 02:01:12.386 INFO Current price: 0.000000029871 - Current percentage: -32.27% - Max: 26.37% - Min: -32.27% - Market Cap 6149 - Trading time: 00:01:17
08-09-2025 02:01:12.706 INFO Current price: 0.000000029717 - Current percentage: -32.53% - Max: 26.37% - Min: -32.53% - Market Cap 6125 - Trading time: 00:01:17
08-09-2025 02:01:16.055 INFO Current price: 0.000000029579 - Current percentage: -32.90% - Max: 26.37% - Min: -32.90% - Market Cap 6092 - Trading time: 00:01:20
08-09-2025 02:01:16.740 INFO Current price: 0.000000029487 - Current percentage: -32.95% - Max: 26.37% - Min: -32.95% - Market Cap 6087 - Trading time: 00:01:21
08-09-2025 02:01:17.080 INFO Current price: 0.000000029449 - Current percentage: -33.07% - Max: 26.37% - Min: -33.07% - Market Cap 6076 - Trading time: 00:01:21
08-09-2025 02:01:22.473 INFO Current price: 0.000000029333 - Current percentage: -33.48% - Max: 26.37% - Min: -33.48% - Market Cap 6039 - Trading time: 00:01:27
08-09-2025 02:01:23.692 INFO Current price: 0.000000029117 - Current percentage: -34.05% - Max: 26.37% - Min: -34.05% - Market Cap 5987 - Trading time: 00:01:28
08-09-2025 02:01:25.678 INFO Current price: 0.000000028935 - Current percentage: -34.30% - Max: 26.37% - Min: -34.30% - Market Cap 5964 - Trading time: 00:01:30
08-09-2025 02:01:29.547 INFO Current price: 0.000000028608 - Current percentage: -35.54% - Max: 26.37% - Min: -35.54% - Market Cap 5852 - Trading time: 00:01:34
08-09-2025 02:01:34.945 INFO Current price: 0.000000028329 - Current percentage: -35.58% - Max: 26.37% - Min: -35.58% - Market Cap 5848 - Trading time: 00:01:39
08-09-2025 02:01:40.362 INFO Current price: 0.000000028310 - Current percentage: -35.63% - Max: 26.37% - Min: -35.63% - Market Cap 5844 - Trading time: 00:01:45
08-09-2025 02:01:41.065 INFO Current price: 0.000000028280 - Current percentage: -35.72% - Max: 26.37% - Min: -35.72% - Market Cap 5836 - Trading time: 00:01:45






08-09-2025 02:11:41.066 INFO {"type":"summary","reason":"inactivity","startedAt":"2025-09-07T23:59:55.249Z","endedAt":"2025-09-08T00:11:41.066Z","durationSec":705,"entryPrice":4.9616809973905224e-8,"entryMarketCapSol":43.960824304612466,"entryMarketCapUsd":9078.34982714552,"minPct":-35.71624090353123,"maxPct":26.369022181290603,"buyCount":75,"sellCount":103,"tradeCount":178,"entryRecorded":true,"noPostThresholdTrades":false,"triggerAt":"2025-09-07T23:59:55.249Z","ageAtTriggerSec":3,"preTotalTrades":32,"preBuys":22,"preSells":10,"preUniqueTraders":22,"preEntryTotalTrades":42,"preEntryBuys":31,"preEntrySells":11,"preEntryUniqueTraders":31,"preEntryMinMcUsd":7306.304299810545,"preEntryMaxMcUsd":11564.661803255145,"thresholdMcSol":43.960824304612466,"thresholdMcUsd":9078.34982714552,"thresholdPrice":4.9616809973905224e-8}
