08-09-2025 04:33:16.737 INFO Entry price: 0.000000040916078035 - Entry market cap: 8126 - Buys 71 - Sells 56 - Ratio: 1:0.79 - Min MarketCap: 6516 - Max MarketCap: 13599
08-09-2025 04:33:16.737 INFO Current price: 0.000000040916 - Current percentage: 0.00% - Max: 0.00% - Min: 0.00% - Market Cap 8126 - Trading time: 00:00:02
08-09-2025 04:33:17.002 INFO Current price: 0.000000032866 - Current percentage: -17.36% - Max: 0.00% - Min: -17.36% - Market Cap 6715 - Trading time: 00:00:02
08-09-2025 04:33:17.787 INFO Current price: 0.000000033519 - Current percentage: -12.29% - Max: 0.00% - Min: -17.36% - Market Cap 7127 - Trading time: 00:00:03
08-09-2025 04:33:17.945 INFO Current price: 0.000000034126 - Current percentage: -14.33% - Max: 0.00% - Min: -17.36% - Market Cap 6961 - Trading time: 00:00:03
08-09-2025 04:33:20.286 INFO Current price: 0.000000034026 - Current percentage: -12.80% - Max: 0.00% - Min: -17.36% - Market Cap 7086 - Trading time: 00:00:05
08-09-2025 04:33:20.428 INFO Current price: 0.000000034259 - Current percentage: -13.16% - Max: 0.00% - Min: -17.36% - Market Cap 7057 - Trading time: 00:00:05
08-09-2025 04:33:24.991 INFO Current price: 0.000000034154 - Current percentage: -13.33% - Max: 0.00% - Min: -17.36% - Market Cap 7042 - Trading time: 00:00:10
08-09-2025 04:33:27.949 INFO Current price: 0.000000034150 - Current percentage: -13.18% - Max: 0.00% - Min: -17.36% - Market Cap 7055 - Trading time: 00:00:13
08-09-2025 04:33:32.093 INFO Current price: 0.000000033183 - Current percentage: -18.17% - Max: 0.00% - Min: -18.17% - Market Cap 6649 - Trading time: 00:00:17
08-09-2025 04:33:34.726 INFO Current price: 0.000000033284 - Current percentage: -12.65% - Max: 0.00% - Min: -18.17% - Market Cap 7098 - Trading time: 00:00:19
08-09-2025 04:33:34.733 INFO Current price: 0.000000035305 - Current percentage: -7.93% - Max: 0.00% - Min: -18.17% - Market Cap 7481 - Trading time: 00:00:19
08-09-2025 04:33:34.824 INFO Current price: 0.000000036247 - Current percentage: -7.93% - Max: 0.00% - Min: -18.17% - Market Cap 7482 - Trading time: 00:00:20
08-09-2025 04:33:35.848 INFO Current price: 0.000000036172 - Current percentage: -8.31% - Max: 0.00% - Min: -18.17% - Market Cap 7450 - Trading time: 00:00:21
08-09-2025 04:33:37.258 INFO Current price: 0.000000037131 - Current percentage: -2.98% - Max: 0.00% - Min: -18.17% - Market Cap 7884 - Trading time: 00:00:22
08-09-2025 04:33:37.263 INFO Current price: 0.000000038729 - Current percentage: -0.25% - Max: 0.00% - Min: -18.17% - Market Cap 8105 - Trading time: 00:00:22
08-09-2025 04:33:38.063 INFO Current price: 0.000000040349 - Current percentage: 5.31% - Max: 5.31% - Min: -18.17% - Market Cap 8557 - Trading time: 00:00:23
08-09-2025 04:33:38.709 INFO Current price: 0.000000041438 - Current percentage: 5.20% - Max: 5.31% - Min: -18.17% - Market Cap 8549 - Trading time: 00:00:23
08-09-2025 04:33:39.633 INFO Current price: 0.000000042526 - Current percentage: 10.91% - Max: 10.91% - Min: -18.17% - Market Cap 9012 - Trading time: 00:00:24
08-09-2025 04:33:40.046 INFO Current price: 0.000000044355 - Current percentage: 14.45% - Max: 14.45% - Min: -18.17% - Market Cap 9300 - Trading time: 00:00:25
08-09-2025 04:33:43.251 INFO Current price: 0.000000045124 - Current percentage: 14.79% - Max: 14.79% - Min: -18.17% - Market Cap 9328 - Trading time: 00:00:28
08-09-2025 04:33:45.211 INFO Current price: 0.000000045286 - Current percentage: 15.27% - Max: 15.27% - Min: -18.17% - Market Cap 9366 - Trading time: 00:00:30
08-09-2025 04:33:46.582 INFO Current price: 0.000000045392 - Current percentage: 15.33% - Max: 15.33% - Min: -18.17% - Market Cap 9371 - Trading time: 00:00:31
08-09-2025 04:33:47.087 INFO Current price: 0.000000045984 - Current percentage: 18.30% - Max: 18.30% - Min: -18.17% - Market Cap 9612 - Trading time: 00:00:32
08-09-2025 04:33:50.589 INFO Current price: 0.000000047166 - Current percentage: 21.33% - Max: 21.33% - Min: -18.17% - Market Cap 9859 - Trading time: 00:00:35
08-09-2025 04:33:56.481 INFO Current price: 0.000000047887 - Current percentage: 21.94% - Max: 21.94% - Min: -18.17% - Market Cap 9908 - Trading time: 00:00:41
08-09-2025 04:33:57.909 INFO Current price: 0.000000048103 - Current percentage: 22.43% - Max: 22.43% - Min: -18.17% - Market Cap 9949 - Trading time: 00:00:43
08-09-2025 04:34:00.139 INFO Current price: 0.000000049038 - Current percentage: 26.73% - Max: 26.73% - Min: -18.17% - Market Cap 10297 - Trading time: 00:00:45
08-09-2025 04:34:00.459 INFO Current price: 0.000000050545 - Current percentage: 29.69% - Max: 29.69% - Min: -18.17% - Market Cap 10538 - Trading time: 00:00:45
08-09-2025 04:34:00.465 INFO Current price: 0.000000051642 - Current percentage: 32.68% - Max: 32.68% - Min: -18.17% - Market Cap 10781 - Trading time: 00:00:45
08-09-2025 04:34:00.583 INFO Current price: 0.000000052592 - Current percentage: 34.50% - Max: 34.50% - Min: -18.17% - Market Cap 10929 - Trading time: 00:00:45
08-09-2025 04:34:00.838 INFO Current price: 0.000000056798 - Current percentage: 54.75% - Max: 54.75% - Min: -18.17% - Market Cap 12575 - Trading time: 00:00:46
08-09-2025 04:34:00.883 INFO Current price: 0.000000061101 - Current percentage: 55.65% - Max: 55.65% - Min: -18.17% - Market Cap 12648 - Trading time: 00:00:46
08-09-2025 04:34:00.946 INFO Current price: 0.000000062631 - Current percentage: 62.60% - Max: 62.60% - Min: -18.17% - Market Cap 13212 - Trading time: 00:00:46
08-09-2025 04:34:00.993 INFO Current price: 0.000000065487 - Current percentage: 70.17% - Max: 70.17% - Min: -18.17% - Market Cap 13828 - Trading time: 00:00:46
08-09-2025 04:34:09.147 INFO Current price: 0.000000067066 - Current percentage: 70.53% - Max: 70.53% - Min: -18.17% - Market Cap 13857 - Trading time: 00:00:54
08-09-2025 04:34:12.714 INFO Current price: 0.000000065652 - Current percentage: 63.08% - Max: 70.53% - Min: -18.17% - Market Cap 13251 - Trading time: 00:00:57
08-09-2025 04:34:15.605 INFO Current price: 0.000000064017 - Current percentage: 62.14% - Max: 70.53% - Min: -18.17% - Market Cap 13175 - Trading time: 00:01:00
08-09-2025 04:34:16.107 INFO Current price: 0.000000064039 - Current percentage: 63.19% - Max: 70.53% - Min: -18.17% - Market Cap 13260 - Trading time: 00:01:01
08-09-2025 04:34:16.161 INFO Current price: 0.000000064316 - Current percentage: 63.55% - Max: 70.53% - Min: -18.17% - Market Cap 13289 - Trading time: 00:01:01
08-09-2025 04:34:17.613 INFO Current price: 0.000000065084 - Current percentage: 67.11% - Max: 70.53% - Min: -18.17% - Market Cap 13579 - Trading time: 00:01:02
08-09-2025 04:34:18.703 INFO Current price: 0.000000067292 - Current percentage: 74.83% - Max: 74.83% - Min: -18.17% - Market Cap 14206 - Trading time: 00:01:03
08-09-2025 04:34:19.028 INFO Current price: 0.000000068842 - Current percentage: 74.90% - Max: 74.90% - Min: -18.17% - Market Cap 14212 - Trading time: 00:01:04
08-09-2025 04:34:19.909 INFO Current price: 0.000000069000 - Current percentage: 75.63% - Max: 75.63% - Min: -18.17% - Market Cap 14271 - Trading time: 00:01:05
08-09-2025 04:34:23.895 INFO Current price: 0.000000069216 - Current percentage: 76.00% - Max: 76.00% - Min: -18.17% - Market Cap 14301 - Trading time: 00:01:09
08-09-2025 04:34:24.415 INFO Current price: 0.000000069361 - Current percentage: 76.37% - Max: 76.37% - Min: -18.17% - Market Cap 14331 - Trading time: 00:01:09
08-09-2025 04:34:24.564 INFO Current price: 0.000000068365 - Current percentage: 70.98% - Max: 76.37% - Min: -18.17% - Market Cap 13894 - Trading time: 00:01:09
08-09-2025 04:34:25.521 INFO Current price: 0.000000067385 - Current percentage: 71.34% - Max: 76.37% - Min: -18.17% - Market Cap 13923 - Trading time: 00:01:10
08-09-2025 04:34:26.548 INFO Current price: 0.000000062665 - Current percentage: 47.87% - Max: 76.37% - Min: -18.17% - Market Cap 12015 - Trading time: 00:01:11
08-09-2025 04:34:26.846 INFO Current price: 0.000000058049 - Current percentage: 47.04% - Max: 76.37% - Min: -18.17% - Market Cap 11948 - Trading time: 00:01:12
08-09-2025 04:34:27.351 INFO Current price: 0.000000057874 - Current percentage: 46.98% - Max: 76.37% - Min: -18.17% - Market Cap 11943 - Trading time: 00:01:12
08-09-2025 04:34:27.618 INFO Current price: 0.000000057807 - Current percentage: 46.69% - Max: 76.37% - Min: -18.17% - Market Cap 11920 - Trading time: 00:01:12
08-09-2025 04:34:28.972 INFO Current price: 0.000000058714 - Current percentage: 51.63% - Max: 76.37% - Min: -18.17% - Market Cap 12321 - Trading time: 00:01:14
08-09-2025 04:34:28.976 INFO Current price: 0.000000061025 - Current percentage: 58.47% - Max: 76.37% - Min: -18.17% - Market Cap 12877 - Trading time: 00:01:14
08-09-2025 04:34:29.069 INFO Current price: 0.000000062974 - Current percentage: 61.47% - Max: 76.37% - Min: -18.17% - Market Cap 13120 - Trading time: 00:01:14
08-09-2025 04:34:29.071 INFO Current price: 0.000000064019 - Current percentage: 63.77% - Max: 76.37% - Min: -18.17% - Market Cap 13308 - Trading time: 00:01:14
08-09-2025 04:34:33.836 INFO Current price: 0.000000064754 - Current percentage: 65.19% - Max: 76.37% - Min: -18.17% - Market Cap 13423 - Trading time: 00:01:19
08-09-2025 04:34:34.645 INFO Current price: 0.000000065077 - Current percentage: 65.41% - Max: 76.37% - Min: -18.17% - Market Cap 13440 - Trading time: 00:01:19
08-09-2025 04:34:46.366 INFO Current price: 0.000000065648 - Current percentage: 68.11% - Max: 76.37% - Min: -18.17% - Market Cap 13660 - Trading time: 00:01:31
08-09-2025 04:34:50.894 INFO Current price: 0.000000068215 - Current percentage: 78.60% - Max: 78.60% - Min: -18.17% - Market Cap 14512 - Trading time: 00:01:36
08-09-2025 04:34:52.659 INFO Current price: 0.000000068685 - Current percentage: 70.43% - Max: 78.60% - Min: -18.17% - Market Cap 13849 - Trading time: 00:01:37
08-09-2025 04:34:54.796 INFO Current price: 0.000000067116 - Current percentage: 70.53% - Max: 78.60% - Min: -18.17% - Market Cap 13857 - Trading time: 00:01:40
08-09-2025 04:35:02.344 INFO Current price: 0.000000065884 - Current percentage: 64.23% - Max: 78.60% - Min: -18.17% - Market Cap 13345 - Trading time: 00:01:47
08-09-2025 04:35:02.479 INFO Current price: 0.000000064197 - Current percentage: 61.91% - Max: 78.60% - Min: -18.17% - Market Cap 13157 - Trading time: 00:01:47
08-09-2025 04:35:03.313 INFO Current price: 0.000000063703 - Current percentage: 61.71% - Max: 78.60% - Min: -18.17% - Market Cap 13140 - Trading time: 00:01:48
08-09-2025 04:35:14.455 INFO Current price: 0.000000063600 - Current percentage: 61.39% - Max: 78.60% - Min: -18.17% - Market Cap 13114 - Trading time: 00:01:59
08-09-2025 04:35:14.541 INFO Current price: 0.000000063066 - Current percentage: 59.01% - Max: 78.60% - Min: -18.17% - Market Cap 12920 - Trading time: 00:01:59
08-09-2025 04:35:18.617 INFO Current price: 0.000000062475 - Current percentage: 58.38% - Max: 78.60% - Min: -18.17% - Market Cap 12869 - Trading time: 00:02:03
08-09-2025 04:35:21.697 INFO Current price: 0.000000061229 - Current percentage: 52.73% - Max: 78.60% - Min: -18.17% - Market Cap 12410 - Trading time: 00:02:06
08-09-2025 04:35:22.337 INFO Current price: 0.000000059108 - Current percentage: 47.59% - Max: 78.60% - Min: -18.17% - Market Cap 11993 - Trading time: 00:02:07
08-09-2025 04:35:25.401 INFO Current price: 0.000000057924 - Current percentage: 46.68% - Max: 78.60% - Min: -18.17% - Market Cap 11918 - Trading time: 00:02:10
08-09-2025 04:35:28.380 INFO Current price: 0.000000057758 - Current percentage: 46.71% - Max: 78.60% - Min: -18.17% - Market Cap 11921 - Trading time: 00:02:13
08-09-2025 04:35:31.113 INFO Current price: 0.000000059164 - Current percentage: 53.94% - Max: 78.60% - Min: -18.17% - Market Cap 12509 - Trading time: 00:02:16
08-09-2025 04:35:31.400 INFO Current price: 0.000000061050 - Current percentage: 56.21% - Max: 78.60% - Min: -18.17% - Market Cap 12693 - Trading time: 00:02:16
08-09-2025 04:35:32.402 INFO Current price: 0.000000061498 - Current percentage: 56.21% - Max: 78.60% - Min: -18.17% - Market Cap 12693 - Trading time: 00:02:17
08-09-2025 04:35:33.110 INFO Current price: 0.000000064202 - Current percentage: 70.25% - Max: 78.60% - Min: -18.17% - Market Cap 13834 - Trading time: 00:02:18
08-09-2025 04:35:34.178 INFO Current price: 0.000000068435 - Current percentage: 77.49% - Max: 78.60% - Min: -18.17% - Market Cap 14422 - Trading time: 00:02:19
08-09-2025 04:35:37.126 INFO Current price: 0.000000070603 - Current percentage: 81.21% - Max: 81.21% - Min: -18.17% - Market Cap 14724 - Trading time: 00:02:22
08-09-2025 04:35:37.864 INFO Current price: 0.000000071356 - Current percentage: 81.30% - Max: 81.30% - Min: -18.17% - Market Cap 14732 - Trading time: 00:02:23
08-09-2025 04:35:43.810 INFO Current price: 0.000000069717 - Current percentage: 72.98% - Max: 81.30% - Min: -18.17% - Market Cap 14056 - Trading time: 00:02:29
08-09-2025 04:35:47.405 INFO Current price: 0.000000068198 - Current percentage: 73.48% - Max: 81.30% - Min: -18.17% - Market Cap 14097 - Trading time: 00:02:32
08-09-2025 04:35:49.302 INFO Current price: 0.000000068369 - Current percentage: 73.85% - Max: 81.30% - Min: -18.17% - Market Cap 14126 - Trading time: 00:02:34
08-09-2025 04:35:50.282 INFO Current price: 0.000000068583 - Current percentage: 74.57% - Max: 81.30% - Min: -18.17% - Market Cap 14185 - Trading time: 00:02:35
08-09-2025 04:35:52.360 INFO Current price: 0.000000069088 - Current percentage: 76.42% - Max: 81.30% - Min: -18.17% - Market Cap 14335 - Trading time: 00:02:37
08-09-2025 04:35:53.434 INFO Current price: 0.000000069511 - Current percentage: 76.71% - Max: 81.30% - Min: -18.17% - Market Cap 14359 - Trading time: 00:02:38
08-09-2025 04:35:54.590 INFO Current price: 0.000000069752 - Current percentage: 77.64% - Max: 81.30% - Min: -18.17% - Market Cap 14435 - Trading time: 00:02:39
08-09-2025 04:36:05.160 INFO Current price: 0.000000070508 - Current percentage: 80.56% - Max: 81.30% - Min: -18.17% - Market Cap 14672 - Trading time: 00:02:50
08-09-2025 04:36:18.416 INFO Current price: 0.000000071187 - Current percentage: 81.08% - Max: 81.30% - Min: -18.17% - Market Cap 14714 - Trading time: 00:03:03
08-09-2025 04:36:21.496 INFO Current price: 0.000000071315 - Current percentage: 81.21% - Max: 81.30% - Min: -18.17% - Market Cap 14724 - Trading time: 00:03:06
08-09-2025 04:36:23.981 INFO Current price: 0.000000071535 - Current percentage: 82.20% - Max: 82.20% - Min: -18.17% - Market Cap 14805 - Trading time: 00:03:09
08-09-2025 04:36:24.678 INFO Current price: 0.000000071783 - Current percentage: 82.46% - Max: 82.46% - Min: -18.17% - Market Cap 14826 - Trading time: 00:03:09
08-09-2025 04:36:29.829 INFO Current price: 0.000000071029 - Current percentage: 78.40% - Max: 82.46% - Min: -18.17% - Market Cap 14496 - Trading time: 00:03:15
08-09-2025 04:36:29.937 INFO Current price: 0.000000069686 - Current percentage: 75.63% - Max: 82.46% - Min: -18.17% - Market Cap 14271 - Trading time: 00:03:15
08-09-2025 04:36:33.741 INFO Current price: 0.000000069151 - Current percentage: 75.67% - Max: 82.46% - Min: -18.17% - Market Cap 14274 - Trading time: 00:03:19
08-09-2025 04:36:38.947 INFO Current price: 0.000000070100 - Current percentage: 80.48% - Max: 82.46% - Min: -18.17% - Market Cap 14665 - Trading time: 00:03:24
08-09-2025 04:36:52.769 INFO Current price: 0.000000069610 - Current percentage: 73.22% - Max: 82.46% - Min: -18.17% - Market Cap 14076 - Trading time: 00:03:38
08-09-2025 04:37:07.009 INFO Current price: 0.000000067882 - Current percentage: 72.24% - Max: 82.46% - Min: -18.17% - Market Cap 13995 - Trading time: 00:03:52
08-09-2025 04:37:15.782 INFO Current price: 0.000000067821 - Current percentage: 72.31% - Max: 82.46% - Min: -18.17% - Market Cap 14001 - Trading time: 00:04:01
08-09-2025 04:37:19.944 INFO Current price: 0.000000067838 - Current percentage: 72.32% - Max: 82.46% - Min: -18.17% - Market Cap 14002 - Trading time: 00:04:05
08-09-2025 04:37:23.084 INFO Current price: 0.000000065650 - Current percentage: 61.37% - Max: 82.46% - Min: -18.17% - Market Cap 13112 - Trading time: 00:04:08
08-09-2025 04:37:23.135 INFO Current price: 0.000000062359 - Current percentage: 55.48% - Max: 82.46% - Min: -18.17% - Market Cap 12634 - Trading time: 00:04:08
08-09-2025 04:37:23.745 INFO Current price: 0.000000061521 - Current percentage: 57.06% - Max: 82.46% - Min: -18.17% - Market Cap 12762 - Trading time: 00:04:09
08-09-2025 04:37:34.864 INFO Current price: 0.000000060633 - Current percentage: 51.02% - Max: 82.46% - Min: -18.17% - Market Cap 12272 - Trading time: 00:04:20
08-09-2025 04:37:35.097 INFO Current price: 0.000000058919 - Current percentage: 48.31% - Max: 82.46% - Min: -18.17% - Market Cap 12051 - Trading time: 00:04:20
08-09-2025 04:37:36.747 INFO Current price: 0.000000058309 - Current percentage: 47.91% - Max: 82.46% - Min: -18.17% - Market Cap 12019 - Trading time: 00:04:22
08-09-2025 04:37:36.971 INFO Current price: 0.000000058131 - Current percentage: 47.41% - Max: 82.46% - Min: -18.17% - Market Cap 11978 - Trading time: 00:04:22
08-09-2025 04:37:37.115 INFO Current price: 0.000000058163 - Current percentage: 48.07% - Max: 82.46% - Min: -18.17% - Market Cap 12032 - Trading time: 00:04:22
08-09-2025 04:37:40.243 INFO Current price: 0.000000056900 - Current percentage: 40.97% - Max: 82.46% - Min: -18.17% - Market Cap 11454 - Trading time: 00:04:25
08-09-2025 04:37:40.766 INFO Current price: 0.000000055990 - Current percentage: 44.25% - Max: 82.46% - Min: -18.17% - Market Cap 11721 - Trading time: 00:04:26
08-09-2025 04:37:47.149 INFO Current price: 0.000000056623 - Current percentage: 44.17% - Max: 82.46% - Min: -18.17% - Market Cap 11715 - Trading time: 00:04:32
08-09-2025 04:37:56.161 INFO Current price: 0.000000056467 - Current percentage: 43.46% - Max: 82.46% - Min: -18.17% - Market Cap 11657 - Trading time: 00:04:41
08-09-2025 04:37:58.652 INFO Current price: 0.000000056292 - Current percentage: 43.28% - Max: 82.46% - Min: -18.17% - Market Cap 11642 - Trading time: 00:04:43
08-09-2025 04:38:00.372 INFO Current price: 0.000000056903 - Current percentage: 46.59% - Max: 82.46% - Min: -18.17% - Market Cap 11911 - Trading time: 00:04:45
08-09-2025 04:38:04.220 INFO Current price: 0.000000057949 - Current percentage: 48.59% - Max: 82.46% - Min: -18.17% - Market Cap 12074 - Trading time: 00:04:49
08-09-2025 04:38:04.326 INFO Current price: 0.000000058765 - Current percentage: 50.75% - Max: 82.46% - Min: -18.17% - Market Cap 12249 - Trading time: 00:04:49
08-09-2025 04:38:27.367 INFO Current price: 0.000000058786 - Current percentage: 48.70% - Max: 82.46% - Min: -18.17% - Market Cap 12083 - Trading time: 00:05:12
08-09-2025 04:38:27.525 INFO Current price: 0.000000057969 - Current percentage: 46.59% - Max: 82.46% - Min: -18.17% - Market Cap 11911 - Trading time: 00:05:12
08-09-2025 04:38:31.590 INFO Current price: 0.000000057565 - Current percentage: 46.63% - Max: 82.46% - Min: -18.17% - Market Cap 11915 - Trading time: 00:05:16
08-09-2025 04:38:39.437 INFO Current price: 0.000000057580 - Current percentage: 46.67% - Max: 82.46% - Min: -18.17% - Market Cap 11918 - Trading time: 00:05:24
08-09-2025 04:38:49.722 INFO Current price: 0.000000057720 - Current percentage: 47.34% - Max: 82.46% - Min: -18.17% - Market Cap 11972 - Trading time: 00:05:34
08-09-2025 04:38:55.730 INFO Current price: 0.000000057774 - Current percentage: 46.95% - Max: 82.46% - Min: -18.17% - Market Cap 11940 - Trading time: 00:05:40
08-09-2025 04:39:04.012 INFO Current price: 0.000000055884 - Current percentage: 37.86% - Max: 82.46% - Min: -18.17% - Market Cap 11202 - Trading time: 00:05:49
08-09-2025 04:39:04.606 INFO Current price: 0.000000054077 - Current percentage: 37.60% - Max: 82.46% - Min: -18.17% - Market Cap 11181 - Trading time: 00:05:49
08-09-2025 04:39:06.954 INFO Current price: 0.000000054017 - Current percentage: 37.55% - Max: 82.46% - Min: -18.17% - Market Cap 11177 - Trading time: 00:05:52
08-09-2025 04:39:09.221 INFO Current price: 0.000000052366 - Current percentage: 29.32% - Max: 82.46% - Min: -18.17% - Market Cap 10508 - Trading time: 00:05:54
08-09-2025 04:39:09.231 INFO Current price: 0.000000049667 - Current percentage: 23.74% - Max: 82.46% - Min: -18.17% - Market Cap 10054 - Trading time: 00:05:54
08-09-2025 04:39:15.115 INFO Current price: 0.000000049185 - Current percentage: 26.82% - Max: 82.46% - Min: -18.17% - Market Cap 10305 - Trading time: 00:06:00
08-09-2025 04:39:23.753 INFO Current price: 0.000000050401 - Current percentage: 29.93% - Max: 82.46% - Min: -18.17% - Market Cap 10558 - Trading time: 00:06:09
08-09-2025 04:39:26.737 INFO Current price: 0.000000050435 - Current percentage: 26.99% - Max: 82.46% - Min: -18.17% - Market Cap 10319 - Trading time: 00:06:12
08-09-2025 04:39:32.679 INFO Current price: 0.000000050468 - Current percentage: 30.10% - Max: 82.46% - Min: -18.17% - Market Cap 10572 - Trading time: 00:06:17
08-09-2025 04:39:35.171 INFO Current price: 0.000000051208 - Current percentage: 30.73% - Max: 82.46% - Min: -18.17% - Market Cap 10623 - Trading time: 00:06:20
08-09-2025 04:39:36.580 INFO Current price: 0.000000051948 - Current percentage: 33.90% - Max: 82.46% - Min: -18.17% - Market Cap 10880 - Trading time: 00:06:21
08-09-2025 04:39:42.578 INFO Current price: 0.000000052698 - Current percentage: 34.53% - Max: 82.46% - Min: -18.17% - Market Cap 10932 - Trading time: 00:06:27
08-09-2025 04:39:50.774 INFO Current price: 0.000000053328 - Current percentage: 35.83% - Max: 82.46% - Min: -18.17% - Market Cap 11037 - Trading time: 00:06:36
08-09-2025 04:39:54.876 INFO Current price: 0.000000053634 - Current percentage: 37.37% - Max: 82.46% - Min: -18.17% - Market Cap 11163 - Trading time: 00:06:40
08-09-2025 04:39:58.268 INFO Current price: 0.000000055204 - Current percentage: 43.90% - Max: 82.46% - Min: -18.17% - Market Cap 11693 - Trading time: 00:06:43
08-09-2025 04:40:06.032 INFO Current price: 0.000000056579 - Current percentage: 44.30% - Max: 82.46% - Min: -18.17% - Market Cap 11726 - Trading time: 00:06:51
08-09-2025 04:40:38.958 INFO Current price: 0.000000057252 - Current percentage: 46.82% - Max: 82.46% - Min: -18.17% - Market Cap 11930 - Trading time: 00:07:24
08-09-2025 04:40:56.154 INFO Current price: 0.000000055275 - Current percentage: 34.98% - Max: 82.46% - Min: -18.17% - Market Cap 10968 - Trading time: 00:07:41
08-09-2025 04:40:56.158 INFO Current price: 0.000000051343 - Current percentage: 26.68% - Max: 82.46% - Min: -18.17% - Market Cap 10293 - Trading time: 00:07:41
08-09-2025 04:40:57.679 INFO Current price: 0.000000049164 - Current percentage: 23.77% - Max: 82.46% - Min: -18.17% - Market Cap 10057 - Trading time: 00:07:42
08-09-2025 04:40:58.388 INFO Current price: 0.000000048024 - Current percentage: 20.87% - Max: 82.46% - Min: -18.17% - Market Cap 9822 - Trading time: 00:07:43
08-09-2025 04:41:03.163 INFO Current price: 0.000000047280 - Current percentage: 19.96% - Max: 82.46% - Min: -18.17% - Market Cap 9748 - Trading time: 00:07:48
08-09-2025 04:41:04.536 INFO Current price: 0.000000043973 - Current percentage: 4.55% - Max: 82.46% - Min: -18.17% - Market Cap 8496 - Trading time: 00:07:49
08-09-2025 04:41:04.680 INFO Current price: 0.000000040638 - Current percentage: 2.46% - Max: 82.46% - Min: -18.17% - Market Cap 8325 - Trading time: 00:07:49
08-09-2025 04:41:04.688 INFO Current price: 0.000000039871 - Current percentage: 0.64% - Max: 82.46% - Min: -18.17% - Market Cap 8178 - Trading time: 00:07:49
08-09-2025 04:41:08.937 INFO Current price: 0.000000040550 - Current percentage: 5.98% - Max: 82.46% - Min: -18.17% - Market Cap 8611 - Trading time: 00:07:54
08-09-2025 04:41:08.939 INFO Current price: 0.000000042774 - Current percentage: 11.98% - Max: 82.46% - Min: -18.17% - Market Cap 9099 - Trading time: 00:07:54
08-09-2025 04:41:22.179 INFO Current price: 0.000000043932 - Current percentage: 11.79% - Max: 82.46% - Min: -18.17% - Market Cap 9084 - Trading time: 00:08:07
08-09-2025 04:41:22.238 INFO Current price: 0.000000043797 - Current percentage: 11.30% - Max: 82.46% - Min: -18.17% - Market Cap 9044 - Trading time: 00:08:07
08-09-2025 04:41:24.563 INFO Current price: 0.000000043605 - Current percentage: 10.82% - Max: 82.46% - Min: -18.17% - Market Cap 9005 - Trading time: 00:08:09
08-09-2025 04:41:25.126 INFO Current price: 0.000000042633 - Current percentage: 6.39% - Max: 82.46% - Min: -18.17% - Market Cap 8645 - Trading time: 00:08:10
08-09-2025 04:41:25.315 INFO Current price: 0.000000041828 - Current percentage: 6.67% - Max: 82.46% - Min: -18.17% - Market Cap 8668 - Trading time: 00:08:10
08-09-2025 04:41:25.799 INFO Current price: 0.000000041832 - Current percentage: 6.41% - Max: 82.46% - Min: -18.17% - Market Cap 8647 - Trading time: 00:08:11
08-09-2025 04:41:31.171 INFO Current price: 0.000000042895 - Current percentage: 12.16% - Max: 82.46% - Min: -18.17% - Market Cap 9114 - Trading time: 00:08:16
08-09-2025 04:41:31.403 INFO Current price: 0.000000043989 - Current percentage: 11.91% - Max: 82.46% - Min: -18.17% - Market Cap 9093 - Trading time: 00:08:16
08-09-2025 04:41:32.996 INFO Current price: 0.000000045082 - Current percentage: 17.80% - Max: 82.46% - Min: -18.17% - Market Cap 9572 - Trading time: 00:08:18
08-09-2025 04:41:33.109 INFO Current price: 0.000000046591 - Current percentage: 19.52% - Max: 82.46% - Min: -18.17% - Market Cap 9712 - Trading time: 00:08:18
08-09-2025 04:41:33.424 INFO Current price: 0.000000047049 - Current percentage: 20.13% - Max: 82.46% - Min: -18.17% - Market Cap 9762 - Trading time: 00:08:18
08-09-2025 04:41:33.949 INFO Current price: 0.000000047228 - Current percentage: 20.43% - Max: 82.46% - Min: -18.17% - Market Cap 9786 - Trading time: 00:08:19
08-09-2025 04:41:34.083 INFO Current price: 0.000000047590 - Current percentage: 21.98% - Max: 82.46% - Min: -18.17% - Market Cap 9912 - Trading time: 00:08:19
08-09-2025 04:41:34.428 INFO Current price: 0.000000048013 - Current percentage: 22.59% - Max: 82.46% - Min: -18.17% - Market Cap 9961 - Trading time: 00:08:19
08-09-2025 04:41:34.727 INFO Current price: 0.000000048731 - Current percentage: 25.65% - Max: 82.46% - Min: -18.17% - Market Cap 10210 - Trading time: 00:08:19
08-09-2025 04:41:44.647 INFO Current price: 0.000000049094 - Current percentage: 24.42% - Max: 82.46% - Min: -18.17% - Market Cap 10110 - Trading time: 00:08:29
08-09-2025 04:41:50.563 INFO Current price: 0.000000050025 - Current percentage: 30.46% - Max: 82.46% - Min: -18.17% - Market Cap 10601 - Trading time: 00:08:35
08-09-2025 04:41:50.564 INFO Current price: 0.000000052492 - Current percentage: 37.00% - Max: 82.46% - Min: -18.17% - Market Cap 11132 - Trading time: 00:08:35
08-09-2025 04:41:52.764 INFO Current price: 0.000000053719 - Current percentage: 36.63% - Max: 82.46% - Min: -18.17% - Market Cap 11102 - Trading time: 00:08:38
08-09-2025 04:41:53.095 INFO Current price: 0.000000053704 - Current percentage: 36.92% - Max: 82.46% - Min: -18.17% - Market Cap 11126 - Trading time: 00:08:38
08-09-2025 04:41:54.876 INFO Current price: 0.000000053888 - Current percentage: 37.57% - Max: 82.46% - Min: -18.17% - Market Cap 11178 - Trading time: 00:08:40
08-09-2025 04:41:58.508 INFO Current price: 0.000000055300 - Current percentage: 44.19% - Max: 82.46% - Min: -18.17% - Market Cap 11717 - Trading time: 00:08:43
08-09-2025 04:42:04.740 INFO Current price: 0.000000056746 - Current percentage: 44.85% - Max: 82.46% - Min: -18.17% - Market Cap 11770 - Trading time: 00:08:50
08-09-2025 04:42:09.204 INFO Current price: 0.000000056928 - Current percentage: 45.12% - Max: 82.46% - Min: -18.17% - Market Cap 11792 - Trading time: 00:08:54
08-09-2025 04:42:10.059 INFO Current price: 0.000000057305 - Current percentage: 46.78% - Max: 82.46% - Min: -18.17% - Market Cap 11927 - Trading time: 00:08:55
08-09-2025 04:42:11.156 INFO Current price: 0.000000057645 - Current percentage: 46.85% - Max: 82.46% - Min: -18.17% - Market Cap 11932 - Trading time: 00:08:56
08-09-2025 04:42:17.369 INFO Current price: 0.000000058319 - Current percentage: 50.23% - Max: 82.46% - Min: -18.17% - Market Cap 12207 - Trading time: 00:09:02
08-09-2025 04:42:18.613 INFO Current price: 0.000000059055 - Current percentage: 50.58% - Max: 82.46% - Min: -18.17% - Market Cap 12235 - Trading time: 00:09:03
08-09-2025 04:42:20.315 INFO Current price: 0.000000059503 - Current percentage: 52.52% - Max: 82.46% - Min: -18.17% - Market Cap 12393 - Trading time: 00:09:05
08-09-2025 04:42:28.607 INFO Current price: 0.000000058165 - Current percentage: 43.88% - Max: 82.46% - Min: -18.17% - Market Cap 11691 - Trading time: 00:09:13
08-09-2025 04:42:38.788 INFO Current price: 0.000000057633 - Current percentage: 46.79% - Max: 82.46% - Min: -18.17% - Market Cap 11928 - Trading time: 00:09:24
08-09-2025 04:42:40.689 INFO Current price: 0.000000057650 - Current percentage: 46.86% - Max: 82.46% - Min: -18.17% - Market Cap 11933 - Trading time: 00:09:25
08-09-2025 04:42:45.010 INFO Current price: 0.000000055940 - Current percentage: 38.22% - Max: 82.46% - Min: -18.17% - Market Cap 11231 - Trading time: 00:09:30
08-09-2025 04:42:45.014 INFO Current price: 0.000000052635 - Current percentage: 30.02% - Max: 82.46% - Min: -18.17% - Market Cap 10565 - Trading time: 00:09:30
08-09-2025 04:42:46.649 INFO Current price: 0.000000050414 - Current percentage: 26.80% - Max: 82.46% - Min: -18.17% - Market Cap 10303 - Trading time: 00:09:31
08-09-2025 04:42:52.815 INFO Current price: 0.000000049785 - Current percentage: 26.80% - Max: 82.46% - Min: -18.17% - Market Cap 10303 - Trading time: 00:09:38
08-09-2025 04:42:52.827 INFO Current price: 0.000000049785 - Current percentage: 26.80% - Max: 82.46% - Min: -18.17% - Market Cap 10303 - Trading time: 00:09:38
08-09-2025 04:42:53.830 INFO Current price: 0.000000049785 - Current percentage: 26.80% - Max: 82.46% - Min: -18.17% - Market Cap 10303 - Trading time: 00:09:39
08-09-2025 04:42:53.834 INFO Current price: 0.000000049785 - Current percentage: 26.80% - Max: 82.46% - Min: -18.17% - Market Cap 10303 - Trading time: 00:09:39
08-09-2025 04:42:54.886 INFO Current price: 0.000000049785 - Current percentage: 26.80% - Max: 82.46% - Min: -18.17% - Market Cap 10303 - Trading time: 00:09:40
08-09-2025 04:42:54.893 INFO Current price: 0.000000049785 - Current percentage: 26.80% - Max: 82.46% - Min: -18.17% - Market Cap 10303 - Trading time: 00:09:40
08-09-2025 04:43:03.699 INFO Current price: 0.000000049495 - Current percentage: 25.32% - Max: 82.46% - Min: -18.17% - Market Cap 10183 - Trading time: 00:09:48
08-09-2025 04:43:03.800 INFO Current price: 0.000000048890 - Current percentage: 23.71% - Max: 82.46% - Min: -18.17% - Market Cap 10053 - Trading time: 00:09:49
08-09-2025 04:43:04.431 INFO Current price: 0.000000048555 - Current percentage: 23.61% - Max: 82.46% - Min: -18.17% - Market Cap 10044 - Trading time: 00:09:49
08-09-2025 04:43:06.820 INFO Current price: 0.000000047213 - Current percentage: 16.97% - Max: 82.46% - Min: -18.17% - Market Cap 9505 - Trading time: 00:09:52
08-09-2025 04:43:06.916 INFO Current price: 0.000000045597 - Current percentage: 15.29% - Max: 82.46% - Min: -18.17% - Market Cap 9368 - Trading time: 00:09:52
08-09-2025 04:43:09.746 INFO Current price: 0.000000045548 - Current percentage: 16.72% - Max: 82.46% - Min: -18.17% - Market Cap 9485 - Trading time: 00:09:55
08-09-2025 04:43:09.750 INFO Current price: 0.000000046132 - Current percentage: 18.26% - Max: 82.46% - Min: -18.17% - Market Cap 9610 - Trading time: 00:09:55
08-09-2025 04:43:13.443 INFO Current price: 0.000000046318 - Current percentage: 17.67% - Max: 82.46% - Min: -18.17% - Market Cap 9561 - Trading time: 00:09:58
08-09-2025 04:43:28.215 INFO Current price: 0.000000045999 - Current percentage: 16.64% - Max: 82.46% - Min: -18.17% - Market Cap 9478 - Trading time: 00:10:13
08-09-2025 04:43:31.449 INFO Current price: 0.000000045137 - Current percentage: 13.30% - Max: 82.46% - Min: -18.17% - Market Cap 9206 - Trading time: 00:10:16
08-09-2025 04:43:48.696 INFO Current price: 0.000000043236 - Current percentage: 7.02% - Max: 82.46% - Min: -18.17% - Market Cap 8696 - Trading time: 00:10:33
08-09-2025 04:43:48.697 INFO Current price: 0.000000040889 - Current percentage: 1.34% - Max: 82.46% - Min: -18.17% - Market Cap 8234 - Trading time: 00:10:33
08-09-2025 04:44:12.464 INFO Current price: 0.000000039707 - Current percentage: 0.92% - Max: 82.46% - Min: -18.17% - Market Cap 8201 - Trading time: 00:10:57
08-09-2025 04:44:16.756 INFO Current price: 0.000000039589 - Current percentage: 0.73% - Max: 82.46% - Min: -18.17% - Market Cap 8185 - Trading time: 00:11:02
08-09-2025 04:44:21.124 INFO Current price: 0.000000039543 - Current percentage: 0.69% - Max: 82.46% - Min: -18.17% - Market Cap 8182 - Trading time: 00:11:06
08-09-2025 04:44:56.913 INFO Current price: 0.000000039309 - Current percentage: -0.46% - Max: 82.46% - Min: -18.17% - Market Cap 8089 - Trading time: 00:11:42
08-09-2025 04:44:58.785 INFO Current price: 0.000000038998 - Current percentage: -0.90% - Max: 82.46% - Min: -18.17% - Market Cap 8053 - Trading time: 00:11:44
08-09-2025 04:44:59.666 INFO Current price: 0.000000038861 - Current percentage: -1.15% - Max: 82.46% - Min: -18.17% - Market Cap 8032 - Trading time: 00:11:44
08-09-2025 04:44:59.708 INFO Current price: 0.000000038818 - Current percentage: -1.12% - Max: 82.46% - Min: -18.17% - Market Cap 8035 - Trading time: 00:11:44
08-09-2025 04:45:01.827 INFO Current price: 0.000000038818 - Current percentage: -1.15% - Max: 82.46% - Min: -18.17% - Market Cap 8032 - Trading time: 00:11:47
08-09-2025 04:45:14.764 INFO Current price: 0.000000038803 - Current percentage: -1.20% - Max: 82.46% - Min: -18.17% - Market Cap 8028 - Trading time: 00:12:00
08-09-2025 04:45:46.585 INFO Current price: 0.000000038759 - Current percentage: -1.38% - Max: 82.46% - Min: -18.17% - Market Cap 8014 - Trading time: 00:12:31
08-09-2025 04:45:59.629 INFO Current price: 0.000000038522 - Current percentage: -2.40% - Max: 82.46% - Min: -18.17% - Market Cap 7930 - Trading time: 00:12:44
08-09-2025 04:46:00.485 INFO Current price: 0.000000038290 - Current percentage: -2.56% - Max: 82.46% - Min: -18.17% - Market Cap 7918 - Trading time: 00:12:45
08-09-2025 04:47:10.684 INFO Current price: 0.000000037334 - Current percentage: -7.22% - Max: 82.46% - Min: -18.17% - Market Cap 7539 - Trading time: 00:13:55
08-09-2025 04:47:27.214 INFO Current price: 0.000000036002 - Current percentage: -9.39% - Max: 82.46% - Min: -18.17% - Market Cap 7363 - Trading time: 00:14:12
08-09-2025 04:47:36.677 INFO Current price: 0.000000035478 - Current percentage: -9.90% - Max: 82.46% - Min: -18.17% - Market Cap 7321 - Trading time: 00:14:21
08-09-2025 04:48:28.622 INFO Current price: 0.000000034811 - Current percentage: -12.50% - Max: 82.46% - Min: -18.17% - Market Cap 7110 - Trading time: 00:15:13
08-09-2025 04:48:59.886 INFO Current price: 0.000000034246 - Current percentage: -12.55% - Max: 82.46% - Min: -18.17% - Market Cap 7106 - Trading time: 00:15:45
08-09-2025 04:49:21.882 INFO Current price: 0.000000034177 - Current percentage: -12.86% - Max: 82.46% - Min: -18.17% - Market Cap 7081 - Trading time: 00:16:07
08-09-2025 04:49:31.814 INFO Current price: 0.000000034085 - Current percentage: -13.01% - Max: 82.46% - Min: -18.17% - Market Cap 7068 - Trading time: 00:16:17
08-09-2025 04:50:04.744 INFO Current price: 0.000000034260 - Current percentage: -11.96% - Max: 82.46% - Min: -18.17% - Market Cap 7154 - Trading time: 00:16:50
08-09-2025 04:50:07.338 INFO Current price: 0.000000034444 - Current percentage: -12.07% - Max: 82.46% - Min: -18.17% - Market Cap 7145 - Trading time: 00:16:52
08-09-2025 04:50:25.330 INFO Current price: 0.000000034484 - Current percentage: -11.76% - Max: 82.46% - Min: -18.17% - Market Cap 7170 - Trading time: 00:17:10
08-09-2025 04:51:05.117 INFO Current price: 0.000000034459 - Current percentage: -11.97% - Max: 82.46% - Min: -18.17% - Market Cap 7153 - Trading time: 00:17:50
08-09-2025 04:52:47.725 INFO Current price: 0.000000034515 - Current percentage: -11.70% - Max: 82.46% - Min: -18.17% - Market Cap 7175 - Trading time: 00:19:32






08-09-2025 04:53:14.738 INFO {"type":"summary","reason":"max_window","startedAt":"2025-09-08T02:33:14.736Z","endedAt":"2025-09-08T02:53:14.738Z","durationSec":1200,"entryPrice":4.09160780353026e-8,"entryMarketCapSol":39.368600025768224,"entryMarketCapUsd":8125.679045318561,"minPct":-18.170777912530042,"maxPct":82.46458970439063,"buyCount":126,"sellCount":102,"tradeCount":228,"entryRecorded":true,"noPostThresholdTrades":false,"triggerAt":"2025-09-08T02:33:14.734Z","ageAtTriggerSec":118,"preTotalTrades":122,"preBuys":71,"preSells":51,"preUniqueTraders":61,"preEntryTotalTrades":127,"preEntryBuys":71,"preEntrySells":56,"preEntryUniqueTraders":61,"preEntryMinMcUsd":6516.150469576504,"preEntryMaxMcUsd":13599.441010336992,"thresholdMcSol":39.368600025768224,"thresholdMcUsd":8125.679045318561,"thresholdPrice":4.09160780353026e-8}
