08-09-2025 17:46:00.565 INFO Entry price: 0.000000032636539701 - Entry market cap: 6803 - Buys 3 - Sells 1 - Ratio: 1:0.33 - Min MarketCap: 6386 - Max MarketCap: 7287
08-09-2025 17:46:00.565 INFO Current price: 0.000000032637 - Current percentage: 0.00% - Max: 0.00% - Min: 0.00% - Market Cap 6803 - Trading time: 00:00:02
08-09-2025 17:46:05.588 INFO Current price: 0.000000033934 - Current percentage: 12.57% - Max: 12.57% - Min: 0.00% - Market Cap 7657 - Trading time: 00:00:07
08-09-2025 17:46:05.591 INFO Current price: 0.000000037013 - Current percentage: 22.55% - Max: 22.55% - Min: 0.00% - Market Cap 8336 - Trading time: 00:00:07
08-09-2025 17:46:05.608 INFO Current price: 0.000000047639 - Current percentage: 86.48% - Max: 86.48% - Min: 0.00% - Market Cap 12685 - Trading time: 00:00:07
08-09-2025 17:46:06.548 INFO Current price: 0.000000058765 - Current percentage: 86.48% - Max: 86.48% - Min: 0.00% - Market Cap 12685 - Trading time: 00:00:07
08-09-2025 17:46:06.641 INFO Current price: 0.000000058765 - Current percentage: 86.48% - Max: 86.48% - Min: 0.00% - Market Cap 12685 - Trading time: 00:00:08
08-09-2025 17:46:08.938 INFO Current price: 0.000000057604 - Current percentage: 79.18% - Max: 86.48% - Min: 0.00% - Market Cap 12189 - Trading time: 00:00:10
08-09-2025 17:46:09.818 INFO Current price: 0.000000056478 - Current percentage: 79.26% - Max: 86.48% - Min: 0.00% - Market Cap 12194 - Trading time: 00:00:11
08-09-2025 17:46:09.980 INFO Current price: 0.000000056504 - Current percentage: 79.34% - Max: 86.48% - Min: 0.00% - Market Cap 12200 - Trading time: 00:00:11
08-09-2025 17:46:10.084 INFO Current price: 0.000000056530 - Current percentage: 79.42% - Max: 86.48% - Min: 0.00% - Market Cap 12205 - Trading time: 00:00:11
08-09-2025 17:46:10.289 INFO Current price: 0.000000056672 - Current percentage: 80.25% - Max: 86.48% - Min: 0.00% - Market Cap 12261 - Trading time: 00:00:11
08-09-2025 17:46:10.647 INFO Current price: 0.000000052801 - Current percentage: 55.75% - Max: 86.48% - Min: 0.00% - Market Cap 10595 - Trading time: 00:00:12
08-09-2025 17:46:11.765 INFO Current price: 0.000000051497 - Current percentage: 71.45% - Max: 86.48% - Min: 0.00% - Market Cap 11663 - Trading time: 00:00:13
08-09-2025 17:46:12.597 INFO Current price: 0.000000055297 - Current percentage: 79.59% - Max: 86.48% - Min: 0.00% - Market Cap 12216 - Trading time: 00:00:14
08-09-2025 17:46:12.679 INFO Current price: 0.000000054713 - Current percentage: 67.85% - Max: 86.48% - Min: 0.00% - Market Cap 11418 - Trading time: 00:00:14
08-09-2025 17:46:13.089 INFO Current price: 0.000000052894 - Current percentage: 67.85% - Max: 86.48% - Min: 0.00% - Market Cap 11418 - Trading time: 00:00:14
08-09-2025 17:46:13.091 INFO Current price: 0.000000052914 - Current percentage: 67.85% - Max: 86.48% - Min: 0.00% - Market Cap 11418 - Trading time: 00:00:14
08-09-2025 17:46:13.983 INFO Current price: 0.000000054148 - Current percentage: 75.89% - Max: 86.48% - Min: 0.00% - Market Cap 11965 - Trading time: 00:00:15
08-09-2025 17:46:14.075 INFO Current price: 0.000000055431 - Current percentage: 75.90% - Max: 86.48% - Min: 0.00% - Market Cap 11966 - Trading time: 00:00:15
08-09-2025 17:46:14.993 INFO Current price: 0.000000053608 - Current percentage: 64.51% - Max: 86.48% - Min: 0.00% - Market Cap 11191 - Trading time: 00:00:16
08-09-2025 17:46:15.012 INFO Current price: 0.000000051851 - Current percentage: 64.56% - Max: 86.48% - Min: 0.00% - Market Cap 11194 - Trading time: 00:00:16
08-09-2025 17:46:15.020 INFO Current price: 0.000000051895 - Current percentage: 64.79% - Max: 86.48% - Min: 0.00% - Market Cap 11210 - Trading time: 00:00:16
08-09-2025 17:46:15.398 INFO Current price: 0.000000052056 - Current percentage: 65.58% - Max: 86.48% - Min: 0.00% - Market Cap 11264 - Trading time: 00:00:16
08-09-2025 17:46:15.787 INFO Current price: 0.000000052243 - Current percentage: 65.98% - Max: 86.48% - Min: 0.00% - Market Cap 11291 - Trading time: 00:00:17
08-09-2025 17:46:16.232 INFO Current price: 0.000000051861 - Current percentage: 63.17% - Max: 86.48% - Min: 0.00% - Market Cap 11099 - Trading time: 00:00:17
08-09-2025 17:46:16.409 INFO Current price: 0.000000050987 - Current percentage: 60.43% - Max: 86.48% - Min: 0.00% - Market Cap 10913 - Trading time: 00:00:17
08-09-2025 17:46:16.690 INFO Current price: 0.000000048966 - Current percentage: 50.49% - Max: 86.48% - Min: 0.00% - Market Cap 10237 - Trading time: 00:00:18
08-09-2025 17:46:17.010 INFO Current price: 0.000000047427 - Current percentage: 50.51% - Max: 86.48% - Min: 0.00% - Market Cap 10238 - Trading time: 00:00:18
08-09-2025 17:46:17.168 INFO Current price: 0.000000047489 - Current percentage: 50.88% - Max: 86.48% - Min: 0.00% - Market Cap 10264 - Trading time: 00:00:18
08-09-2025 17:46:17.331 INFO Current price: 0.000000047667 - Current percentage: 51.64% - Max: 86.48% - Min: 0.00% - Market Cap 10315 - Trading time: 00:00:18
08-09-2025 17:46:17.485 INFO Current price: 0.000000048978 - Current percentage: 59.29% - Max: 86.48% - Min: 0.00% - Market Cap 10836 - Trading time: 00:00:18
08-09-2025 17:46:17.783 INFO Current price: 0.000000050199 - Current percentage: 59.29% - Max: 86.48% - Min: 0.00% - Market Cap 10836 - Trading time: 00:00:19
08-09-2025 17:46:18.067 INFO Current price: 0.000000050211 - Current percentage: 59.37% - Max: 86.48% - Min: 0.00% - Market Cap 10841 - Trading time: 00:00:19
08-09-2025 17:46:18.535 INFO Current price: 0.000000050467 - Current percentage: 60.92% - Max: 86.48% - Min: 0.00% - Market Cap 10947 - Trading time: 00:00:19
08-09-2025 17:46:18.707 INFO Current price: 0.000000050239 - Current percentage: 57.93% - Max: 86.48% - Min: 0.00% - Market Cap 10743 - Trading time: 00:00:20
08-09-2025 17:46:18.708 INFO Current price: 0.000000048216 - Current percentage: 48.22% - Max: 86.48% - Min: 0.00% - Market Cap 10083 - Trading time: 00:00:20
08-09-2025 17:46:18.884 INFO Current price: 0.000000046291 - Current percentage: 45.58% - Max: 86.48% - Min: 0.00% - Market Cap 9903 - Trading time: 00:00:20
08-09-2025 17:46:19.043 INFO Current price: 0.000000044928 - Current percentage: 39.62% - Max: 86.48% - Min: 0.00% - Market Cap 9498 - Trading time: 00:00:20
08-09-2025 17:46:19.682 INFO Current price: 0.000000044114 - Current percentage: 40.35% - Max: 86.48% - Min: 0.00% - Market Cap 9547 - Trading time: 00:00:21
08-09-2025 17:46:19.775 INFO Current price: 0.000000046636 - Current percentage: 56.04% - Max: 86.48% - Min: 0.00% - Market Cap 10615 - Trading time: 00:00:21
08-09-2025 17:46:19.777 INFO Current price: 0.000000051470 - Current percentage: 70.95% - Max: 86.48% - Min: 0.00% - Market Cap 11629 - Trading time: 00:00:21
08-09-2025 17:46:19.796 INFO Current price: 0.000000053836 - Current percentage: 70.72% - Max: 86.48% - Min: 0.00% - Market Cap 11613 - Trading time: 00:00:21
08-09-2025 17:46:20.161 INFO Current price: 0.000000054602 - Current percentage: 75.85% - Max: 86.48% - Min: 0.00% - Market Cap 11962 - Trading time: 00:00:21
08-09-2025 17:46:20.664 INFO Current price: 0.000000055801 - Current percentage: 78.30% - Max: 86.48% - Min: 0.00% - Market Cap 12129 - Trading time: 00:00:22
08-09-2025 17:46:20.664 INFO Current price: 0.000000057484 - Current percentage: 86.61% - Max: 86.61% - Min: 0.00% - Market Cap 12694 - Trading time: 00:00:22
08-09-2025 17:46:20.807 INFO Current price: 0.000000057862 - Current percentage: 80.66% - Max: 86.61% - Min: 0.00% - Market Cap 12289 - Trading time: 00:00:22
08-09-2025 17:46:21.037 INFO Current price: 0.000000057061 - Current percentage: 81.48% - Max: 86.61% - Min: 0.00% - Market Cap 12345 - Trading time: 00:00:22
08-09-2025 17:46:21.040 INFO Current price: 0.000000057164 - Current percentage: 81.48% - Max: 86.61% - Min: 0.00% - Market Cap 12345 - Trading time: 00:00:22
08-09-2025 17:46:21.264 INFO Current price: 0.000000057198 - Current percentage: 81.53% - Max: 86.61% - Min: 0.00% - Market Cap 12348 - Trading time: 00:00:22
08-09-2025 17:46:21.718 INFO Current price: 0.000000057238 - Current percentage: 81.74% - Max: 86.61% - Min: 0.00% - Market Cap 12363 - Trading time: 00:00:23
08-09-2025 17:46:21.954 INFO Current price: 0.000000057598 - Current percentage: 83.81% - Max: 86.61% - Min: 0.00% - Market Cap 12504 - Trading time: 00:00:23
08-09-2025 17:46:21.956 INFO Current price: 0.000000058254 - Current percentage: 85.90% - Max: 86.61% - Min: 0.00% - Market Cap 12646 - Trading time: 00:00:23
08-09-2025 17:46:22.734 INFO Current price: 0.000000055298 - Current percentage: 65.63% - Max: 86.61% - Min: 0.00% - Market Cap 11267 - Trading time: 00:00:24
08-09-2025 17:46:22.773 INFO Current price: 0.000000049904 - Current percentage: 51.40% - Max: 86.61% - Min: 0.00% - Market Cap 10299 - Trading time: 00:00:24
08-09-2025 17:46:23.032 INFO Current price: 0.000000046741 - Current percentage: 45.30% - Max: 86.61% - Min: 0.00% - Market Cap 9884 - Trading time: 00:00:24
08-09-2025 17:46:23.128 INFO Current price: 0.000000046957 - Current percentage: 52.80% - Max: 86.61% - Min: 0.00% - Market Cap 10394 - Trading time: 00:00:24
08-09-2025 17:46:23.767 INFO Current price: 0.000000048212 - Current percentage: 53.18% - Max: 86.61% - Min: 0.00% - Market Cap 10420 - Trading time: 00:00:25
08-09-2025 17:46:23.775 INFO Current price: 0.000000048392 - Current percentage: 53.94% - Max: 86.61% - Min: 0.00% - Market Cap 10472 - Trading time: 00:00:25
08-09-2025 17:46:24.010 INFO Current price: 0.000000050913 - Current percentage: 69.55% - Max: 86.61% - Min: 0.00% - Market Cap 11534 - Trading time: 00:00:25
08-09-2025 17:46:24.013 INFO Current price: 0.000000053495 - Current percentage: 69.95% - Max: 86.61% - Min: 0.00% - Market Cap 11561 - Trading time: 00:00:25
08-09-2025 17:46:24.054 INFO Current price: 0.000000053748 - Current percentage: 71.16% - Max: 86.61% - Min: 0.00% - Market Cap 11643 - Trading time: 00:00:25
08-09-2025 17:46:24.136 INFO Current price: 0.000000053950 - Current percentage: 71.24% - Max: 86.61% - Min: 0.00% - Market Cap 11648 - Trading time: 00:00:25
08-09-2025 17:46:24.220 INFO Current price: 0.000000054001 - Current percentage: 71.48% - Max: 86.61% - Min: 0.00% - Market Cap 11665 - Trading time: 00:00:25
08-09-2025 17:46:24.314 INFO Current price: 0.000000054344 - Current percentage: 73.42% - Max: 86.61% - Min: 0.00% - Market Cap 11797 - Trading time: 00:00:25
08-09-2025 17:46:24.415 INFO Current price: 0.000000055161 - Current percentage: 76.67% - Max: 86.61% - Min: 0.00% - Market Cap 12018 - Trading time: 00:00:25
08-09-2025 17:46:24.473 INFO Current price: 0.000000055600 - Current percentage: 76.20% - Max: 86.61% - Min: 0.00% - Market Cap 11986 - Trading time: 00:00:25
08-09-2025 17:46:24.499 INFO Current price: 0.000000055910 - Current percentage: 78.65% - Max: 86.61% - Min: 0.00% - Market Cap 12153 - Trading time: 00:00:25
08-09-2025 17:46:24.520 INFO Current price: 0.000000056266 - Current percentage: 78.44% - Max: 86.61% - Min: 0.00% - Market Cap 12138 - Trading time: 00:00:25
08-09-2025 17:46:24.583 INFO Current price: 0.000000056298 - Current percentage: 78.85% - Max: 86.61% - Min: 0.00% - Market Cap 12166 - Trading time: 00:00:26
08-09-2025 17:46:24.783 INFO Current price: 0.000000057009 - Current percentage: 82.98% - Max: 86.61% - Min: 0.00% - Market Cap 12447 - Trading time: 00:00:26
08-09-2025 17:46:24.835 INFO Current price: 0.000000056534 - Current percentage: 75.88% - Max: 86.61% - Min: 0.00% - Market Cap 11965 - Trading time: 00:00:26
08-09-2025 17:46:25.155 INFO Current price: 0.000000055594 - Current percentage: 76.94% - Max: 86.61% - Min: 0.00% - Market Cap 12037 - Trading time: 00:00:26
08-09-2025 17:46:25.380 INFO Current price: 0.000000056070 - Current percentage: 78.91% - Max: 86.61% - Min: 0.00% - Market Cap 12170 - Trading time: 00:00:26
08-09-2025 17:46:26.340 INFO Current price: 0.000000056313 - Current percentage: 78.48% - Max: 86.61% - Min: 0.00% - Market Cap 12141 - Trading time: 00:00:27
08-09-2025 17:46:27.071 INFO Current price: 0.000000056349 - Current percentage: 79.14% - Max: 86.61% - Min: 0.00% - Market Cap 12186 - Trading time: 00:00:28
08-09-2025 17:46:28.441 INFO Current price: 0.000000056314 - Current percentage: 78.25% - Max: 86.61% - Min: 0.00% - Market Cap 12126 - Trading time: 00:00:29
08-09-2025 17:46:28.609 INFO Current price: 0.000000056046 - Current percentage: 77.44% - Max: 86.61% - Min: 0.00% - Market Cap 12071 - Trading time: 00:00:30
08-09-2025 17:46:28.829 INFO Current price: 0.000000055756 - Current percentage: 76.41% - Max: 86.61% - Min: 0.00% - Market Cap 12000 - Trading time: 00:00:30
08-09-2025 17:46:28.929 INFO Current price: 0.000000055606 - Current percentage: 76.49% - Max: 86.61% - Min: 0.00% - Market Cap 12006 - Trading time: 00:00:30
08-09-2025 17:46:28.933 INFO Current price: 0.000000054999 - Current percentage: 72.58% - Max: 86.61% - Min: 0.00% - Market Cap 11740 - Trading time: 00:00:30
08-09-2025 17:46:29.978 INFO Current price: 0.000000054346 - Current percentage: 72.33% - Max: 86.61% - Min: 0.00% - Market Cap 11723 - Trading time: 00:00:31
08-09-2025 17:46:30.248 INFO Current price: 0.000000054013 - Current percentage: 70.47% - Max: 86.61% - Min: 0.00% - Market Cap 11596 - Trading time: 00:00:31
08-09-2025 17:46:30.379 INFO Current price: 0.000000053453 - Current percentage: 68.77% - Max: 86.61% - Min: 0.00% - Market Cap 11481 - Trading time: 00:00:31
08-09-2025 17:46:32.083 INFO Current price: 0.000000053218 - Current percentage: 68.97% - Max: 86.61% - Min: 0.00% - Market Cap 11494 - Trading time: 00:00:33
08-09-2025 17:46:32.546 INFO Current price: 0.000000053501 - Current percentage: 70.57% - Max: 86.61% - Min: 0.00% - Market Cap 11603 - Trading time: 00:00:33
08-09-2025 17:46:33.002 INFO Current price: 0.000000053880 - Current percentage: 71.38% - Max: 86.61% - Min: 0.00% - Market Cap 11658 - Trading time: 00:00:34
08-09-2025 17:46:33.380 INFO Current price: 0.000000054018 - Current percentage: 71.38% - Max: 86.61% - Min: 0.00% - Market Cap 11658 - Trading time: 00:00:34
08-09-2025 17:46:33.676 INFO Current price: 0.000000053611 - Current percentage: 68.87% - Max: 86.61% - Min: 0.00% - Market Cap 11488 - Trading time: 00:00:35
08-09-2025 17:46:34.273 INFO Current price: 0.000000050713 - Current percentage: 53.35% - Max: 86.61% - Min: 0.00% - Market Cap 10432 - Trading time: 00:00:35
08-09-2025 17:46:35.282 INFO Current price: 0.000000048686 - Current percentage: 55.64% - Max: 86.61% - Min: 0.00% - Market Cap 10587 - Trading time: 00:00:36
08-09-2025 17:46:35.535 INFO Current price: 0.000000046333 - Current percentage: 38.89% - Max: 86.61% - Min: 0.00% - Market Cap 9448 - Trading time: 00:00:36
08-09-2025 17:46:35.542 INFO Current price: 0.000000041641 - Current percentage: 25.71% - Max: 86.61% - Min: 0.00% - Market Cap 8552 - Trading time: 00:00:36
08-09-2025 17:46:35.871 INFO Current price: 0.000000039627 - Current percentage: 25.78% - Max: 86.61% - Min: 0.00% - Market Cap 8556 - Trading time: 00:00:37
08-09-2025 17:46:36.469 INFO Current price: 0.000000039615 - Current percentage: 25.63% - Max: 86.61% - Min: 0.00% - Market Cap 8546 - Trading time: 00:00:37
08-09-2025 17:46:36.524 INFO Current price: 0.000000039645 - Current percentage: 25.98% - Max: 86.61% - Min: 0.00% - Market Cap 8569 - Trading time: 00:00:37
08-09-2025 17:46:36.628 INFO Current price: 0.000000039690 - Current percentage: 25.98% - Max: 86.61% - Min: 0.00% - Market Cap 8569 - Trading time: 00:00:38
08-09-2025 17:46:36.881 INFO Current price: 0.000000039599 - Current percentage: 25.34% - Max: 86.61% - Min: 0.00% - Market Cap 8526 - Trading time: 00:00:38
08-09-2025 17:46:37.149 INFO Current price: 0.000000039460 - Current percentage: 25.10% - Max: 86.61% - Min: 0.00% - Market Cap 8510 - Trading time: 00:00:38
08-09-2025 17:46:37.159 INFO Current price: 0.000000039378 - Current percentage: 24.82% - Max: 86.61% - Min: 0.00% - Market Cap 8491 - Trading time: 00:00:38
08-09-2025 17:46:37.161 INFO Current price: 0.000000039326 - Current percentage: 24.77% - Max: 86.61% - Min: 0.00% - Market Cap 8487 - Trading time: 00:00:38
08-09-2025 17:46:38.047 INFO Current price: 0.000000038434 - Current percentage: 19.22% - Max: 86.61% - Min: 0.00% - Market Cap 8110 - Trading time: 00:00:39
08-09-2025 17:46:38.118 INFO Current price: 0.000000037561 - Current percentage: 19.17% - Max: 86.61% - Min: 0.00% - Market Cap 8106 - Trading time: 00:00:39
08-09-2025 17:46:38.493 INFO Current price: 0.000000000000 - Current percentage: 19.17% - Max: 86.61% - Min: 0.00% - Market Cap 8106 - Trading time: 00:00:39
08-09-2025 17:46:39.316 INFO Current price: 0.000000037585 - Current percentage: 19.37% - Max: 86.61% - Min: 0.00% - Market Cap 8120 - Trading time: 00:00:40
08-09-2025 17:46:39.445 INFO Current price: 0.000000037331 - Current percentage: 17.56% - Max: 86.61% - Min: 0.00% - Market Cap 7997 - Trading time: 00:00:40
08-09-2025 17:46:39.972 INFO Current price: 0.000000037068 - Current percentage: 17.69% - Max: 86.61% - Min: 0.00% - Market Cap 8006 - Trading time: 00:00:41
08-09-2025 17:46:40.365 INFO Current price: 0.000000036442 - Current percentage: 13.62% - Max: 86.61% - Min: 0.00% - Market Cap 7729 - Trading time: 00:00:41
08-09-2025 17:46:40.757 INFO Current price: 0.000000034294 - Current percentage: 4.22% - Max: 86.61% - Min: 0.00% - Market Cap 7090 - Trading time: 00:00:42
08-09-2025 17:46:41.422 INFO Current price: 0.000000032841 - Current percentage: 4.20% - Max: 86.61% - Min: 0.00% - Market Cap 7088 - Trading time: 00:00:42
08-09-2025 17:46:41.630 INFO Current price: 0.000000032781 - Current percentage: 3.84% - Max: 86.61% - Min: 0.00% - Market Cap 7064 - Trading time: 00:00:43
08-09-2025 17:46:41.675 INFO Current price: 0.000000032582 - Current percentage: 2.94% - Max: 86.61% - Min: 0.00% - Market Cap 7003 - Trading time: 00:00:43
08-09-2025 17:46:42.030 INFO Current price: 0.000000032400 - Current percentage: 2.69% - Max: 86.61% - Min: 0.00% - Market Cap 6985 - Trading time: 00:00:43
08-09-2025 17:46:42.034 INFO Current price: 0.000000033340 - Current percentage: 9.00% - Max: 86.61% - Min: 0.00% - Market Cap 7415 - Trading time: 00:00:43
08-09-2025 17:46:42.057 INFO Current price: 0.000000034381 - Current percentage: 9.19% - Max: 86.61% - Min: 0.00% - Market Cap 7428 - Trading time: 00:00:43
08-09-2025 17:46:42.092 INFO Current price: 0.000000034011 - Current percentage: 6.67% - Max: 86.61% - Min: 0.00% - Market Cap 7256 - Trading time: 00:00:43
08-09-2025 17:46:42.348 INFO Current price: 0.000000033547 - Current percentage: 6.23% - Max: 86.61% - Min: 0.00% - Market Cap 7227 - Trading time: 00:00:43
08-09-2025 17:46:42.836 INFO Current price: 0.000000033518 - Current percentage: 6.49% - Max: 86.61% - Min: 0.00% - Market Cap 7244 - Trading time: 00:00:44
08-09-2025 17:46:42.840 INFO Current price: 0.000000033563 - Current percentage: 6.52% - Max: 86.61% - Min: 0.00% - Market Cap 7246 - Trading time: 00:00:44
08-09-2025 17:46:43.307 INFO Current price: 0.000000033563 - Current percentage: 6.49% - Max: 86.61% - Min: 0.00% - Market Cap 7244 - Trading time: 00:00:44
08-09-2025 17:46:43.442 INFO Current price: 0.000000033552 - Current percentage: 6.45% - Max: 86.61% - Min: 0.00% - Market Cap 7241 - Trading time: 00:00:44
08-09-2025 17:46:43.883 INFO Current price: 0.000000033566 - Current percentage: 6.58% - Max: 86.61% - Min: 0.00% - Market Cap 7250 - Trading time: 00:00:45
08-09-2025 17:46:45.096 INFO Current price: 0.000000033557 - Current percentage: 6.39% - Max: 86.61% - Min: 0.00% - Market Cap 7237 - Trading time: 00:00:46
08-09-2025 17:46:45.381 INFO Current price: 0.000000032553 - Current percentage: 0.30% - Max: 86.61% - Min: 0.00% - Market Cap 6823 - Trading time: 00:00:46
08-09-2025 17:46:45.799 INFO Current price: 0.000000031617 - Current percentage: 0.36% - Max: 86.61% - Min: 0.00% - Market Cap 6827 - Trading time: 00:00:47
08-09-2025 17:46:46.599 INFO Current price: 0.000000031512 - Current percentage: -0.36% - Max: 86.61% - Min: -0.36% - Market Cap 6778 - Trading time: 00:00:48
08-09-2025 17:46:47.641 INFO Current price: 0.000000031384 - Current percentage: -0.45% - Max: 86.61% - Min: -0.45% - Market Cap 6772 - Trading time: 00:00:49
08-09-2025 17:46:48.219 INFO Current price: 0.000000031307 - Current percentage: -0.86% - Max: 86.61% - Min: -0.86% - Market Cap 6744 - Trading time: 00:00:49
08-09-2025 17:46:49.553 INFO Current price: 0.000000031200 - Current percentage: -1.13% - Max: 86.61% - Min: -1.13% - Market Cap 6726 - Trading time: 00:00:50
08-09-2025 17:46:49.996 INFO Current price: 0.000000031150 - Current percentage: -1.18% - Max: 86.61% - Min: -1.18% - Market Cap 6722 - Trading time: 00:00:51
08-09-2025 17:46:51.493 INFO Current price: 0.000000032104 - Current percentage: 5.02% - Max: 86.61% - Min: -1.18% - Market Cap 7144 - Trading time: 00:00:52
08-09-2025 17:46:52.235 INFO Current price: 0.000000033145 - Current percentage: 5.33% - Max: 86.61% - Min: -1.18% - Market Cap 7165 - Trading time: 00:00:53
08-09-2025 17:46:53.347 INFO Current price: 0.000000033394 - Current percentage: 5.97% - Max: 86.61% - Min: -1.18% - Market Cap 7209 - Trading time: 00:00:54
08-09-2025 17:46:55.732 INFO Current price: 0.000000031860 - Current percentage: -3.55% - Max: 86.61% - Min: -3.55% - Market Cap 6561 - Trading time: 00:00:57
08-09-2025 17:46:56.506 INFO Current price: 0.000000029521 - Current percentage: -9.02% - Max: 86.61% - Min: -9.02% - Market Cap 6189 - Trading time: 00:00:57
08-09-2025 17:46:56.974 INFO Current price: 0.000000028686 - Current percentage: -8.93% - Max: 86.61% - Min: -9.02% - Market Cap 6195 - Trading time: 00:00:58
08-09-2025 17:46:57.793 INFO Current price: 0.000000028660 - Current percentage: -9.18% - Max: 86.61% - Min: -9.18% - Market Cap 6178 - Trading time: 00:00:59
08-09-2025 17:46:58.156 INFO Current price: 0.000000028634 - Current percentage: -9.09% - Max: 86.61% - Min: -9.18% - Market Cap 6184 - Trading time: 00:00:59
08-09-2025 17:46:58.189 INFO Current price: 0.000000028740 - Current percentage: -8.51% - Max: 86.61% - Min: -9.18% - Market Cap 6224 - Trading time: 00:00:59
08-09-2025 17:46:58.910 INFO Current price: 0.000000030441 - Current percentage: 1.99% - Max: 86.61% - Min: -9.18% - Market Cap 6938 - Trading time: 00:01:00
08-09-2025 17:46:58.913 INFO Current price: 0.000000034088 - Current percentage: 14.73% - Max: 86.61% - Min: -9.18% - Market Cap 7804 - Trading time: 00:01:00
08-09-2025 17:46:58.913 INFO Current price: 0.000000038357 - Current percentage: 29.13% - Max: 86.61% - Min: -9.18% - Market Cap 8784 - Trading time: 00:01:00
08-09-2025 17:46:58.916 INFO Current price: 0.000000043201 - Current percentage: 45.53% - Max: 86.61% - Min: -9.18% - Market Cap 9900 - Trading time: 00:01:00
08-09-2025 17:46:58.916 INFO Current price: 0.000000048044 - Current percentage: 59.71% - Max: 86.61% - Min: -9.18% - Market Cap 10864 - Trading time: 00:01:00
08-09-2025 17:46:59.073 INFO Current price: 0.000000050467 - Current percentage: 60.58% - Max: 86.61% - Min: -9.18% - Market Cap 10924 - Trading time: 00:01:00
08-09-2025 17:46:59.133 INFO Current price: 0.000000050744 - Current percentage: 61.46% - Max: 86.61% - Min: -9.18% - Market Cap 10984 - Trading time: 00:01:00
08-09-2025 17:46:59.272 INFO Current price: 0.000000051094 - Current percentage: 62.81% - Max: 86.61% - Min: -9.18% - Market Cap 11075 - Trading time: 00:01:00
08-09-2025 17:46:59.376 INFO Current price: 0.000000051500 - Current percentage: 64.04% - Max: 86.61% - Min: -9.18% - Market Cap 11159 - Trading time: 00:01:00
08-09-2025 17:46:59.547 INFO Current price: 0.000000051891 - Current percentage: 65.29% - Max: 86.61% - Min: -9.18% - Market Cap 11244 - Trading time: 00:01:00
08-09-2025 17:47:00.203 INFO Current price: 0.000000053622 - Current percentage: 75.17% - Max: 86.61% - Min: -9.18% - Market Cap 11916 - Trading time: 00:01:01
08-09-2025 17:47:00.447 INFO Current price: 0.000000056799 - Current percentage: 85.45% - Max: 86.61% - Min: -9.18% - Market Cap 12615 - Trading time: 00:01:01
08-09-2025 17:47:00.596 INFO Current price: 0.000000058135 - Current percentage: 83.50% - Max: 86.61% - Min: -9.18% - Market Cap 12483 - Trading time: 00:01:02
08-09-2025 17:47:00.784 INFO Current price: 0.000000057689 - Current percentage: 82.62% - Max: 86.61% - Min: -9.18% - Market Cap 12423 - Trading time: 00:01:02
08-09-2025 17:47:00.833 INFO Current price: 0.000000059204 - Current percentage: 93.27% - Max: 93.27% - Min: -9.18% - Market Cap 13147 - Trading time: 00:01:02
08-09-2025 17:47:00.999 INFO Current price: 0.000000060660 - Current percentage: 91.72% - Max: 93.27% - Min: -9.18% - Market Cap 13041 - Trading time: 00:01:02
08-09-2025 17:47:01.033 INFO Current price: 0.000000060236 - Current percentage: 90.58% - Max: 93.27% - Min: -9.18% - Market Cap 12964 - Trading time: 00:01:02
08-09-2025 17:47:01.356 INFO Current price: 0.000000060725 - Current percentage: 94.84% - Max: 94.84% - Min: -9.18% - Market Cap 13254 - Trading time: 00:01:02
08-09-2025 17:47:01.470 INFO Current price: 0.000000061427 - Current percentage: 95.01% - Max: 95.01% - Min: -9.18% - Market Cap 13265 - Trading time: 00:01:02
08-09-2025 17:47:01.583 INFO Current price: 0.000000061269 - Current percentage: 93.84% - Max: 95.01% - Min: -9.18% - Market Cap 13186 - Trading time: 00:01:03
08-09-2025 17:47:01.972 INFO Current price: 0.000000056623 - Current percentage: 66.55% - Max: 95.01% - Min: -9.18% - Market Cap 11330 - Trading time: 00:01:03
08-09-2025 17:47:02.592 INFO Current price: 0.000000052305 - Current percentage: 65.40% - Max: 95.01% - Min: -9.18% - Market Cap 11251 - Trading time: 00:01:04
08-09-2025 17:47:04.326 INFO Current price: 0.000000050335 - Current percentage: 54.24% - Max: 95.01% - Min: -9.18% - Market Cap 10492 - Trading time: 00:01:05
08-09-2025 17:47:04.341 INFO Current price: 0.000000048620 - Current percentage: 54.32% - Max: 95.01% - Min: -9.18% - Market Cap 10498 - Trading time: 00:01:05
08-09-2025 17:47:04.426 INFO Current price: 0.000000048576 - Current percentage: 53.97% - Max: 95.01% - Min: -9.18% - Market Cap 10474 - Trading time: 00:01:05
08-09-2025 17:47:04.851 INFO Current price: 0.000000049995 - Current percentage: 63.47% - Max: 95.01% - Min: -9.18% - Market Cap 11120 - Trading time: 00:01:06
08-09-2025 17:47:05.116 INFO Current price: 0.000000051761 - Current percentage: 65.04% - Max: 95.01% - Min: -9.18% - Market Cap 11227 - Trading time: 00:01:06
08-09-2025 17:47:05.607 INFO Current price: 0.000000053534 - Current percentage: 74.85% - Max: 95.01% - Min: -9.18% - Market Cap 11894 - Trading time: 00:01:07
08-09-2025 17:47:08.368 INFO Current price: 0.000000054114 - Current percentage: 68.64% - Max: 95.01% - Min: -9.18% - Market Cap 11471 - Trading time: 00:01:09
08-09-2025 17:47:09.600 INFO Current price: 0.000000053267 - Current percentage: 69.42% - Max: 95.01% - Min: -9.18% - Market Cap 11525 - Trading time: 00:01:11
08-09-2025 17:47:09.941 INFO Current price: 0.000000055500 - Current percentage: 83.07% - Max: 95.01% - Min: -9.18% - Market Cap 12453 - Trading time: 00:01:11
08-09-2025 17:47:10.128 INFO Current price: 0.000000059309 - Current percentage: 93.48% - Max: 95.01% - Min: -9.18% - Market Cap 13161 - Trading time: 00:01:11
08-09-2025 17:47:10.838 INFO Current price: 0.000000060998 - Current percentage: 93.65% - Max: 95.01% - Min: -9.18% - Market Cap 13173 - Trading time: 00:01:12
08-09-2025 17:47:11.272 INFO Current price: 0.000000058831 - Current percentage: 79.97% - Max: 95.01% - Min: -9.18% - Market Cap 12243 - Trading time: 00:01:12
08-09-2025 17:47:12.156 INFO Current price: 0.000000056195 - Current percentage: 76.68% - Max: 95.01% - Min: -9.18% - Market Cap 12019 - Trading time: 00:01:13
08-09-2025 17:47:12.737 INFO Current price: 0.000000054320 - Current percentage: 68.16% - Max: 95.01% - Min: -9.18% - Market Cap 11439 - Trading time: 00:01:14
08-09-2025 17:47:12.932 INFO Current price: 0.000000052973 - Current percentage: 68.03% - Max: 95.01% - Min: -9.18% - Market Cap 11430 - Trading time: 00:01:14
08-09-2025 17:47:13.376 INFO Current price: 0.000000052199 - Current percentage: 63.29% - Max: 95.01% - Min: -9.18% - Market Cap 11107 - Trading time: 00:01:14
08-09-2025 17:47:13.739 INFO Current price: 0.000000051574 - Current percentage: 64.03% - Max: 95.01% - Min: -9.18% - Market Cap 11158 - Trading time: 00:01:15
08-09-2025 17:47:13.906 INFO Current price: 0.000000051709 - Current percentage: 64.14% - Max: 95.01% - Min: -9.18% - Market Cap 11166 - Trading time: 00:01:15
08-09-2025 17:47:14.487 INFO Current price: 0.000000053812 - Current percentage: 77.64% - Max: 95.01% - Min: -9.18% - Market Cap 12084 - Trading time: 00:01:15
08-09-2025 17:47:15.840 INFO Current price: 0.000000057839 - Current percentage: 89.63% - Max: 95.01% - Min: -9.18% - Market Cap 12900 - Trading time: 00:01:17
08-09-2025 17:47:16.834 INFO Current price: 0.000000060379 - Current percentage: 93.58% - Max: 95.01% - Min: -9.18% - Market Cap 13168 - Trading time: 00:01:18
08-09-2025 17:47:17.546 INFO Current price: 0.000000062670 - Current percentage: 104.30% - Max: 104.30% - Min: -9.18% - Market Cap 13897 - Trading time: 00:01:18
08-09-2025 17:47:19.011 INFO Current price: 0.000000062114 - Current percentage: 90.16% - Max: 104.30% - Min: -9.18% - Market Cap 12936 - Trading time: 00:01:20
08-09-2025 17:47:19.496 INFO Current price: 0.000000059159 - Current percentage: 85.32% - Max: 104.30% - Min: -9.18% - Market Cap 12607 - Trading time: 00:01:20
08-09-2025 17:47:20.796 INFO Current price: 0.000000061070 - Current percentage: 102.65% - Max: 104.30% - Min: -9.18% - Market Cap 13785 - Trading time: 00:01:22
08-09-2025 17:47:21.160 INFO Current price: 0.000000064000 - Current percentage: 103.53% - Max: 104.30% - Min: -9.18% - Market Cap 13845 - Trading time: 00:01:22
08-09-2025 17:47:22.698 INFO Current price: 0.000000063815 - Current percentage: 101.48% - Max: 104.30% - Min: -9.18% - Market Cap 13706 - Trading time: 00:01:24
08-09-2025 17:47:23.445 INFO Current price: 0.000000062783 - Current percentage: 97.00% - Max: 104.30% - Min: -9.18% - Market Cap 13401 - Trading time: 00:01:24
08-09-2025 17:47:23.835 INFO Current price: 0.000000062163 - Current percentage: 97.52% - Max: 104.30% - Min: -9.18% - Market Cap 13436 - Trading time: 00:01:25
08-09-2025 17:47:23.838 INFO Current price: 0.000000062243 - Current percentage: 97.51% - Max: 104.30% - Min: -9.18% - Market Cap 13436 - Trading time: 00:01:25
08-09-2025 17:47:23.887 INFO Current price: 0.000000063984 - Current percentage: 108.72% - Max: 108.72% - Min: -9.18% - Market Cap 14198 - Trading time: 00:01:25
08-09-2025 17:47:25.097 INFO Current price: 0.000000063913 - Current percentage: 97.08% - Max: 108.72% - Min: -9.18% - Market Cap 13406 - Trading time: 00:01:26
08-09-2025 17:47:26.393 INFO Current price: 0.000000060100 - Current percentage: 84.56% - Max: 108.72% - Min: -9.18% - Market Cap 12554 - Trading time: 00:01:27
08-09-2025 17:47:26.846 INFO Current price: 0.000000059474 - Current percentage: 92.99% - Max: 108.72% - Min: -9.18% - Market Cap 13128 - Trading time: 00:01:28
08-09-2025 17:47:27.136 INFO Current price: 0.000000060915 - Current percentage: 93.61% - Max: 108.72% - Min: -9.18% - Market Cap 13170 - Trading time: 00:01:28
08-09-2025 17:47:27.549 INFO Current price: 0.000000059798 - Current percentage: 85.98% - Max: 108.72% - Min: -9.18% - Market Cap 12651 - Trading time: 00:01:28
08-09-2025 17:47:27.912 INFO Current price: 0.000000058516 - Current percentage: 85.40% - Max: 108.72% - Min: -9.18% - Market Cap 12612 - Trading time: 00:01:29
08-09-2025 17:47:28.040 INFO Current price: 0.000000058554 - Current percentage: 86.22% - Max: 108.72% - Min: -9.18% - Market Cap 12667 - Trading time: 00:01:29
08-09-2025 17:47:29.077 INFO Current price: 0.000000058661 - Current percentage: 86.07% - Max: 108.72% - Min: -9.18% - Market Cap 12658 - Trading time: 00:01:30
08-09-2025 17:47:29.909 INFO Current price: 0.000000058665 - Current percentage: 86.24% - Max: 108.72% - Min: -9.18% - Market Cap 12669 - Trading time: 00:01:31
08-09-2025 17:47:30.078 INFO Current price: 0.000000060546 - Current percentage: 98.20% - Max: 108.72% - Min: -9.18% - Market Cap 13483 - Trading time: 00:01:31
08-09-2025 17:47:32.690 INFO Current price: 0.000000064327 - Current percentage: 110.22% - Max: 110.22% - Min: -9.18% - Market Cap 14301 - Trading time: 00:01:34
08-09-2025 17:47:33.189 INFO Current price: 0.000000066235 - Current percentage: 110.13% - Max: 110.22% - Min: -9.18% - Market Cap 14294 - Trading time: 00:01:34
08-09-2025 17:47:33.334 INFO Current price: 0.000000066218 - Current percentage: 110.12% - Max: 110.22% - Min: -9.18% - Market Cap 14293 - Trading time: 00:01:34
08-09-2025 17:47:34.153 INFO Current price: 0.000000066921 - Current percentage: 114.61% - Max: 114.61% - Min: -9.18% - Market Cap 14599 - Trading time: 00:01:35
08-09-2025 17:47:35.436 INFO Current price: 0.000000067776 - Current percentage: 115.52% - Max: 115.52% - Min: -9.18% - Market Cap 14661 - Trading time: 00:01:36
08-09-2025 17:47:35.734 INFO Current price: 0.000000069673 - Current percentage: 126.79% - Max: 126.79% - Min: -9.18% - Market Cap 15428 - Trading time: 00:01:37
08-09-2025 17:47:36.498 INFO Current price: 0.000000071297 - Current percentage: 125.69% - Max: 126.79% - Min: -9.18% - Market Cap 15353 - Trading time: 00:01:37
08-09-2025 17:47:36.784 INFO Current price: 0.000000069114 - Current percentage: 113.11% - Max: 126.79% - Min: -9.18% - Market Cap 14497 - Trading time: 00:01:38
08-09-2025 17:47:36.858 INFO Current price: 0.000000066437 - Current percentage: 108.55% - Max: 126.79% - Min: -9.18% - Market Cap 14187 - Trading time: 00:01:38
08-09-2025 17:47:37.246 INFO Current price: 0.000000065415 - Current percentage: 106.61% - Max: 126.79% - Min: -9.18% - Market Cap 14055 - Trading time: 00:01:38
08-09-2025 17:47:37.652 INFO Current price: 0.000000064834 - Current percentage: 104.86% - Max: 126.79% - Min: -9.18% - Market Cap 13936 - Trading time: 00:01:39
08-09-2025 17:47:38.491 INFO Current price: 0.000000062705 - Current percentage: 93.26% - Max: 126.79% - Min: -9.18% - Market Cap 13146 - Trading time: 00:01:39
08-09-2025 17:47:38.792 INFO Current price: 0.000000061032 - Current percentage: 94.08% - Max: 126.79% - Min: -9.18% - Market Cap 13202 - Trading time: 00:01:40
08-09-2025 17:47:39.526 INFO Current price: 0.000000060228 - Current percentage: 88.20% - Max: 126.79% - Min: -9.18% - Market Cap 12802 - Trading time: 00:01:40
08-09-2025 17:47:40.292 INFO Current price: 0.000000059442 - Current percentage: 89.05% - Max: 126.79% - Min: -9.18% - Market Cap 12860 - Trading time: 00:01:41
08-09-2025 17:47:41.139 INFO Current price: 0.000000059974 - Current percentage: 91.59% - Max: 126.79% - Min: -9.18% - Market Cap 13033 - Trading time: 00:01:42
08-09-2025 17:47:41.205 INFO Current price: 0.000000062957 - Current percentage: 108.32% - Max: 126.79% - Min: -9.18% - Market Cap 14171 - Trading time: 00:01:42
08-09-2025 17:47:41.641 INFO Current price: 0.000000065778 - Current percentage: 109.14% - Max: 126.79% - Min: -9.18% - Market Cap 14227 - Trading time: 00:01:43
08-09-2025 17:47:41.645 INFO Current price: 0.000000066014 - Current percentage: 109.82% - Max: 126.79% - Min: -9.18% - Market Cap 14273 - Trading time: 00:01:43
08-09-2025 17:47:42.168 INFO Current price: 0.000000066192 - Current percentage: 110.27% - Max: 126.79% - Min: -9.18% - Market Cap 14303 - Trading time: 00:01:43
08-09-2025 17:47:42.563 INFO Current price: 0.000000066333 - Current percentage: 110.72% - Max: 126.79% - Min: -9.18% - Market Cap 14334 - Trading time: 00:01:44
08-09-2025 17:47:42.600 INFO Current price: 0.000000066418 - Current percentage: 110.81% - Max: 126.79% - Min: -9.18% - Market Cap 14340 - Trading time: 00:01:44
08-09-2025 17:47:43.522 INFO Current price: 0.000000066475 - Current percentage: 111.07% - Max: 126.79% - Min: -9.18% - Market Cap 14358 - Trading time: 00:01:44
08-09-2025 17:47:43.523 INFO Current price: 0.000000066408 - Current percentage: 110.38% - Max: 126.79% - Min: -9.18% - Market Cap 14311 - Trading time: 00:01:44
08-09-2025 17:47:43.525 INFO Current price: 0.000000066169 - Current percentage: 109.56% - Max: 126.79% - Min: -9.18% - Market Cap 14255 - Trading time: 00:01:44
08-09-2025 17:47:43.856 INFO Current price: 0.000000065580 - Current percentage: 106.65% - Max: 126.79% - Min: -9.18% - Market Cap 14058 - Trading time: 00:01:45
08-09-2025 17:47:43.860 INFO Current price: 0.000000064981 - Current percentage: 105.75% - Max: 126.79% - Min: -9.18% - Market Cap 13996 - Trading time: 00:01:45
08-09-2025 17:47:44.174 INFO Current price: 0.000000064817 - Current percentage: 105.61% - Max: 126.79% - Min: -9.18% - Market Cap 13987 - Trading time: 00:01:45
08-09-2025 17:47:45.046 INFO Current price: 0.000000064865 - Current percentage: 106.05% - Max: 126.79% - Min: -9.18% - Market Cap 14017 - Trading time: 00:01:46
08-09-2025 17:47:45.185 INFO Current price: 0.000000065073 - Current percentage: 106.93% - Max: 126.79% - Min: -9.18% - Market Cap 14077 - Trading time: 00:01:46
08-09-2025 17:47:46.604 INFO Current price: 0.000000065183 - Current percentage: 106.75% - Max: 126.79% - Min: -9.18% - Market Cap 14064 - Trading time: 00:01:48
08-09-2025 17:47:47.794 INFO Current price: 0.000000067501 - Current percentage: 121.91% - Max: 126.79% - Min: -9.18% - Market Cap 15096 - Trading time: 00:01:49
08-09-2025 17:47:47.816 INFO Current price: 0.000000070293 - Current percentage: 124.21% - Max: 126.79% - Min: -9.18% - Market Cap 15252 - Trading time: 00:01:49
08-09-2025 17:47:48.870 INFO Current price: 0.000000072460 - Current percentage: 135.80% - Max: 135.80% - Min: -9.18% - Market Cap 16041 - Trading time: 00:01:50
08-09-2025 17:47:49.047 INFO Current price: 0.000000074305 - Current percentage: 135.77% - Max: 135.80% - Min: -9.18% - Market Cap 16039 - Trading time: 00:01:50
08-09-2025 17:47:49.195 INFO Current price: 0.000000074127 - Current percentage: 134.67% - Max: 135.80% - Min: -9.18% - Market Cap 15964 - Trading time: 00:01:50
08-09-2025 17:47:49.517 INFO Current price: 0.000000073532 - Current percentage: 132.01% - Max: 135.80% - Min: -9.18% - Market Cap 15782 - Trading time: 00:01:50
08-09-2025 17:47:49.945 INFO Current price: 0.000000073408 - Current percentage: 133.88% - Max: 135.80% - Min: -9.18% - Market Cap 15910 - Trading time: 00:01:51
08-09-2025 17:47:50.263 INFO Current price: 0.000000071915 - Current percentage: 122.66% - Max: 135.80% - Min: -9.18% - Market Cap 15147 - Trading time: 00:01:51
08-09-2025 17:47:50.747 INFO Current price: 0.000000068076 - Current percentage: 109.58% - Max: 135.80% - Min: -9.18% - Market Cap 14256 - Trading time: 00:01:52
08-09-2025 17:47:51.238 INFO Current price: 0.000000066115 - Current percentage: 110.02% - Max: 135.80% - Min: -9.18% - Market Cap 14287 - Trading time: 00:01:52
08-09-2025 17:47:51.508 INFO Current price: 0.000000063952 - Current percentage: 96.08% - Max: 135.80% - Min: -9.18% - Market Cap 13339 - Trading time: 00:01:52
08-09-2025 17:47:52.261 INFO Current price: 0.000000061886 - Current percentage: 96.67% - Max: 135.80% - Min: -9.18% - Market Cap 13379 - Trading time: 00:01:53
08-09-2025 17:47:52.274 INFO Current price: 0.000000062396 - Current percentage: 99.33% - Max: 135.80% - Min: -9.18% - Market Cap 13560 - Trading time: 00:01:53
08-09-2025 17:47:52.291 INFO Current price: 0.000000062920 - Current percentage: 99.99% - Max: 135.80% - Min: -9.18% - Market Cap 13604 - Trading time: 00:01:53
08-09-2025 17:47:52.572 INFO Current price: 0.000000063167 - Current percentage: 100.90% - Max: 135.80% - Min: -9.18% - Market Cap 13666 - Trading time: 00:01:54
08-09-2025 17:47:52.574 INFO Current price: 0.000000063322 - Current percentage: 100.97% - Max: 135.80% - Min: -9.18% - Market Cap 13671 - Trading time: 00:01:54
08-09-2025 17:47:53.160 INFO Current price: 0.000000063883 - Current percentage: 104.47% - Max: 135.80% - Min: -9.18% - Market Cap 13909 - Trading time: 00:01:54
08-09-2025 17:47:54.156 INFO Current price: 0.000000065128 - Current percentage: 108.89% - Max: 135.80% - Min: -9.18% - Market Cap 14209 - Trading time: 00:01:55
08-09-2025 17:47:54.604 INFO Current price: 0.000000067917 - Current percentage: 122.36% - Max: 135.80% - Min: -9.18% - Market Cap 15126 - Trading time: 00:01:56
08-09-2025 17:47:54.643 INFO Current price: 0.000000069961 - Current percentage: 121.65% - Max: 135.80% - Min: -9.18% - Market Cap 15078 - Trading time: 00:01:56
08-09-2025 17:47:54.760 INFO Current price: 0.000000069729 - Current percentage: 120.88% - Max: 135.80% - Min: -9.18% - Market Cap 15026 - Trading time: 00:01:56
08-09-2025 17:47:54.788 INFO Current price: 0.000000069443 - Current percentage: 119.84% - Max: 135.80% - Min: -9.18% - Market Cap 14955 - Trading time: 00:01:56
08-09-2025 17:47:55.121 INFO Current price: 0.000000072486 - Current percentage: 140.66% - Max: 140.66% - Min: -9.18% - Market Cap 16371 - Trading time: 00:01:56
08-09-2025 17:47:56.114 INFO Current price: 0.000000076592 - Current percentage: 145.45% - Max: 145.45% - Min: -9.18% - Market Cap 16697 - Trading time: 00:01:57
08-09-2025 17:47:56.661 INFO Current price: 0.000000077261 - Current percentage: 144.89% - Max: 145.45% - Min: -9.18% - Market Cap 16659 - Trading time: 00:01:58
08-09-2025 17:47:56.886 INFO Current price: 0.000000076601 - Current percentage: 141.27% - Max: 145.45% - Min: -9.18% - Market Cap 16413 - Trading time: 00:01:58
08-09-2025 17:47:57.023 INFO Current price: 0.000000076029 - Current percentage: 141.24% - Max: 145.45% - Min: -9.18% - Market Cap 16411 - Trading time: 00:01:58
08-09-2025 17:47:57.778 INFO Current price: 0.000000075157 - Current percentage: 135.77% - Max: 145.45% - Min: -9.18% - Market Cap 16038 - Trading time: 00:01:59
08-09-2025 17:47:58.064 INFO Current price: 0.000000074267 - Current percentage: 135.56% - Max: 145.45% - Min: -9.18% - Market Cap 16024 - Trading time: 00:01:59
08-09-2025 17:47:58.506 INFO Current price: 0.000000074065 - Current percentage: 134.49% - Max: 145.45% - Min: -9.18% - Market Cap 15951 - Trading time: 00:01:59
08-09-2025 17:47:59.443 INFO Current price: 0.000000070983 - Current percentage: 116.37% - Max: 145.45% - Min: -9.18% - Market Cap 14718 - Trading time: 00:02:00
08-09-2025 17:47:59.673 INFO Current price: 0.000000068291 - Current percentage: 117.04% - Max: 145.45% - Min: -9.18% - Market Cap 14764 - Trading time: 00:02:01
08-09-2025 17:48:00.377 INFO Current price: 0.000000068411 - Current percentage: 117.13% - Max: 145.45% - Min: -9.18% - Market Cap 14770 - Trading time: 00:02:01
08-09-2025 17:48:00.727 INFO Current price: 0.000000068438 - Current percentage: 117.21% - Max: 145.45% - Min: -9.18% - Market Cap 14776 - Trading time: 00:02:02
08-09-2025 17:48:00.762 INFO Current price: 0.000000068494 - Current percentage: 117.48% - Max: 145.45% - Min: -9.18% - Market Cap 14794 - Trading time: 00:02:02
08-09-2025 17:48:00.882 INFO Current price: 0.000000068639 - Current percentage: 118.13% - Max: 145.45% - Min: -9.18% - Market Cap 14838 - Trading time: 00:02:02
08-09-2025 17:48:00.884 INFO Current price: 0.000000068858 - Current percentage: 118.88% - Max: 145.45% - Min: -9.18% - Market Cap 14889 - Trading time: 00:02:02
08-09-2025 17:48:01.088 INFO Current price: 0.000000069119 - Current percentage: 119.79% - Max: 145.45% - Min: -9.18% - Market Cap 14951 - Trading time: 00:02:02
08-09-2025 17:48:02.026 INFO Current price: 0.000000069292 - Current percentage: 119.97% - Max: 145.45% - Min: -9.18% - Market Cap 14963 - Trading time: 00:02:03
08-09-2025 17:48:02.258 INFO Current price: 0.000000067410 - Current percentage: 108.02% - Max: 145.45% - Min: -9.18% - Market Cap 14150 - Trading time: 00:02:03
08-09-2025 17:48:02.810 INFO Current price: 0.000000065483 - Current percentage: 107.57% - Max: 145.45% - Min: -9.18% - Market Cap 14120 - Trading time: 00:02:04
08-09-2025 17:48:03.064 INFO Current price: 0.000000064046 - Current percentage: 98.99% - Max: 145.45% - Min: -9.18% - Market Cap 13536 - Trading time: 00:02:04
08-09-2025 17:48:03.187 INFO Current price: 0.000000061656 - Current percentage: 92.37% - Max: 145.45% - Min: -9.18% - Market Cap 13086 - Trading time: 00:02:04
08-09-2025 17:48:03.456 INFO Current price: 0.000000059930 - Current percentage: 88.00% - Max: 145.45% - Min: -9.18% - Market Cap 12789 - Trading time: 00:02:04
08-09-2025 17:48:05.066 INFO Current price: 0.000000059518 - Current percentage: 89.73% - Max: 145.45% - Min: -9.18% - Market Cap 12906 - Trading time: 00:02:06
08-09-2025 17:48:05.280 INFO Current price: 0.000000059897 - Current percentage: 90.41% - Max: 145.45% - Min: -9.18% - Market Cap 12952 - Trading time: 00:02:06
08-09-2025 17:48:05.301 INFO Current price: 0.000000061664 - Current percentage: 101.09% - Max: 145.45% - Min: -9.18% - Market Cap 13679 - Trading time: 00:02:06
08-09-2025 17:48:05.572 INFO Current price: 0.000000063457 - Current percentage: 101.64% - Max: 145.45% - Min: -9.18% - Market Cap 13717 - Trading time: 00:02:07
08-09-2025 17:48:05.606 INFO Current price: 0.000000063637 - Current percentage: 102.23% - Max: 145.45% - Min: -9.18% - Market Cap 13757 - Trading time: 00:02:07
08-09-2025 17:48:09.312 INFO Current price: 0.000000065897 - Current percentage: 116.22% - Max: 145.45% - Min: -9.18% - Market Cap 14708 - Trading time: 00:02:10
08-09-2025 17:48:10.931 INFO Current price: 0.000000068095 - Current percentage: 115.95% - Max: 145.45% - Min: -9.18% - Market Cap 14690 - Trading time: 00:02:12
08-09-2025 17:48:10.933 INFO Current price: 0.000000068012 - Current percentage: 115.69% - Max: 145.45% - Min: -9.18% - Market Cap 14672 - Trading time: 00:02:12
08-09-2025 17:48:11.333 INFO Current price: 0.000000067372 - Current percentage: 111.90% - Max: 145.45% - Min: -9.18% - Market Cap 14415 - Trading time: 00:02:12
08-09-2025 17:48:11.538 INFO Current price: 0.000000066456 - Current percentage: 109.87% - Max: 145.45% - Min: -9.18% - Market Cap 14276 - Trading time: 00:02:12
08-09-2025 17:48:12.777 INFO Current price: 0.000000066151 - Current percentage: 109.96% - Max: 145.45% - Min: -9.18% - Market Cap 14282 - Trading time: 00:02:14
08-09-2025 17:48:13.360 INFO Current price: 0.000000068520 - Current percentage: 125.17% - Max: 145.45% - Min: -9.18% - Market Cap 15317 - Trading time: 00:02:14
08-09-2025 17:48:16.044 INFO Current price: 0.000000072836 - Current percentage: 137.24% - Max: 145.45% - Min: -9.18% - Market Cap 16138 - Trading time: 00:02:17
08-09-2025 17:48:16.945 INFO Current price: 0.000000076729 - Current percentage: 149.88% - Max: 149.88% - Min: -9.18% - Market Cap 16998 - Trading time: 00:02:18
08-09-2025 17:48:17.698 INFO Current price: 0.000000078535 - Current percentage: 148.54% - Max: 149.88% - Min: -9.18% - Market Cap 16907 - Trading time: 00:02:19
08-09-2025 17:48:17.716 INFO Current price: 0.000000078123 - Current percentage: 147.27% - Max: 149.88% - Min: -9.18% - Market Cap 16821 - Trading time: 00:02:19
08-09-2025 17:48:18.471 INFO Current price: 0.000000077752 - Current percentage: 146.19% - Max: 149.88% - Min: -9.18% - Market Cap 16747 - Trading time: 00:02:19
08-09-2025 17:48:18.764 INFO Current price: 0.000000077542 - Current percentage: 145.93% - Max: 149.88% - Min: -9.18% - Market Cap 16729 - Trading time: 00:02:20
08-09-2025 17:48:18.918 INFO Current price: 0.000000079476 - Current percentage: 158.62% - Max: 158.62% - Min: -9.18% - Market Cap 17593 - Trading time: 00:02:20
08-09-2025 17:48:19.100 INFO Current price: 0.000000081500 - Current percentage: 158.61% - Max: 158.62% - Min: -9.18% - Market Cap 17592 - Trading time: 00:02:20
08-09-2025 17:48:19.127 INFO Current price: 0.000000081402 - Current percentage: 158.00% - Max: 158.62% - Min: -9.18% - Market Cap 17550 - Trading time: 00:02:20
08-09-2025 17:48:19.308 INFO Current price: 0.000000083450 - Current percentage: 171.80% - Max: 171.80% - Min: -9.18% - Market Cap 18489 - Trading time: 00:02:20
08-09-2025 17:48:19.368 INFO Current price: 0.000000085669 - Current percentage: 171.90% - Max: 171.90% - Min: -9.18% - Market Cap 18496 - Trading time: 00:02:20
08-09-2025 17:48:20.539 INFO Current price: 0.000000084580 - Current percentage: 164.93% - Max: 171.90% - Min: -9.18% - Market Cap 18022 - Trading time: 00:02:21
08-09-2025 17:48:20.869 INFO Current price: 0.000000082374 - Current percentage: 157.90% - Max: 171.90% - Min: -9.18% - Market Cap 17544 - Trading time: 00:02:22
08-09-2025 17:48:21.049 INFO Current price: 0.000000081413 - Current percentage: 158.79% - Max: 171.90% - Min: -9.18% - Market Cap 17604 - Trading time: 00:02:22
08-09-2025 17:48:21.080 INFO Current price: 0.000000082008 - Current percentage: 161.68% - Max: 171.90% - Min: -9.18% - Market Cap 17801 - Trading time: 00:02:22
08-09-2025 17:48:21.618 INFO Current price: 0.000000082436 - Current percentage: 161.50% - Max: 171.90% - Min: -9.18% - Market Cap 17788 - Trading time: 00:02:23
08-09-2025 17:48:21.620 INFO Current price: 0.000000082235 - Current percentage: 160.41% - Max: 171.90% - Min: -9.18% - Market Cap 17714 - Trading time: 00:02:23
08-09-2025 17:48:21.891 INFO Current price: 0.000000081516 - Current percentage: 156.95% - Max: 171.90% - Min: -9.18% - Market Cap 17479 - Trading time: 00:02:23
08-09-2025 17:48:23.366 INFO Current price: 0.000000080918 - Current percentage: 156.60% - Max: 171.90% - Min: -9.18% - Market Cap 17455 - Trading time: 00:02:24
08-09-2025 17:48:24.178 INFO Current price: 0.000000079929 - Current percentage: 150.70% - Max: 171.90% - Min: -9.18% - Market Cap 17054 - Trading time: 00:02:25
08-09-2025 17:48:26.457 INFO Current price: 0.000000077643 - Current percentage: 142.13% - Max: 171.90% - Min: -9.18% - Market Cap 16471 - Trading time: 00:02:27
08-09-2025 17:48:27.016 INFO Current price: 0.000000075873 - Current percentage: 139.41% - Max: 171.90% - Min: -9.18% - Market Cap 16286 - Trading time: 00:02:28
08-09-2025 17:48:27.232 INFO Current price: 0.000000075561 - Current percentage: 140.14% - Max: 171.90% - Min: -9.18% - Market Cap 16336 - Trading time: 00:02:28
08-09-2025 17:48:28.052 INFO Current price: 0.000000079017 - Current percentage: 161.81% - Max: 171.90% - Min: -9.18% - Market Cap 17810 - Trading time: 00:02:29
08-09-2025 17:48:31.126 INFO Current price: 0.000000086128 - Current percentage: 185.31% - Max: 185.31% - Min: -9.18% - Market Cap 19408 - Trading time: 00:02:32
08-09-2025 17:48:33.044 INFO Current price: 0.000000090074 - Current percentage: 186.35% - Max: 186.35% - Min: -9.18% - Market Cap 19479 - Trading time: 00:02:34
08-09-2025 17:48:33.233 INFO Current price: 0.000000085900 - Current percentage: 159.48% - Max: 186.35% - Min: -9.18% - Market Cap 17651 - Trading time: 00:02:34
08-09-2025 17:48:33.914 INFO Current price: 0.000000081816 - Current percentage: 159.77% - Max: 186.35% - Min: -9.18% - Market Cap 17671 - Trading time: 00:02:35
08-09-2025 17:48:34.600 INFO Current price: 0.000000080297 - Current percentage: 149.93% - Max: 186.35% - Min: -9.18% - Market Cap 17002 - Trading time: 00:02:36
08-09-2025 17:48:36.084 INFO Current price: 0.000000076684 - Current percentage: 136.92% - Max: 186.35% - Min: -9.18% - Market Cap 16116 - Trading time: 00:02:37
08-09-2025 17:48:36.286 INFO Current price: 0.000000074496 - Current percentage: 135.87% - Max: 186.35% - Min: -9.18% - Market Cap 16045 - Trading time: 00:02:37
08-09-2025 17:48:37.647 INFO Current price: 0.000000075074 - Current percentage: 140.61% - Max: 186.35% - Min: -9.18% - Market Cap 16367 - Trading time: 00:02:39
08-09-2025 17:48:37.650 INFO Current price: 0.000000075275 - Current percentage: 137.13% - Max: 186.35% - Min: -9.18% - Market Cap 16131 - Trading time: 00:02:39
08-09-2025 17:48:38.236 INFO Current price: 0.000000073288 - Current percentage: 128.08% - Max: 186.35% - Min: -9.18% - Market Cap 15515 - Trading time: 00:02:39
08-09-2025 17:48:38.284 INFO Current price: 0.000000072019 - Current percentage: 128.99% - Max: 186.35% - Min: -9.18% - Market Cap 15577 - Trading time: 00:02:39
08-09-2025 17:48:41.004 INFO Current price: 0.000000074907 - Current percentage: 146.73% - Max: 186.35% - Min: -9.18% - Market Cap 16784 - Trading time: 00:02:42
08-09-2025 17:48:41.733 INFO Current price: 0.000000078134 - Current percentage: 149.15% - Max: 186.35% - Min: -9.18% - Market Cap 16948 - Trading time: 00:02:43
08-09-2025 17:48:44.216 INFO Current price: 0.000000080902 - Current percentage: 164.52% - Max: 186.35% - Min: -9.18% - Market Cap 17994 - Trading time: 00:02:45
08-09-2025 17:48:45.759 INFO Current price: 0.000000081096 - Current percentage: 150.35% - Max: 186.35% - Min: -9.18% - Market Cap 17030 - Trading time: 00:02:47
08-09-2025 17:48:46.991 INFO Current price: 0.000000076038 - Current percentage: 132.56% - Max: 186.35% - Min: -9.18% - Market Cap 15820 - Trading time: 00:02:48
08-09-2025 17:48:47.124 INFO Current price: 0.000000073656 - Current percentage: 134.91% - Max: 186.35% - Min: -9.18% - Market Cap 15979 - Trading time: 00:02:48
08-09-2025 17:48:47.411 INFO Current price: 0.000000071493 - Current percentage: 119.10% - Max: 186.35% - Min: -9.18% - Market Cap 14904 - Trading time: 00:02:48
08-09-2025 17:48:48.695 INFO Current price: 0.000000066940 - Current percentage: 105.94% - Max: 186.35% - Min: -9.18% - Market Cap 14009 - Trading time: 00:02:50
08-09-2025 17:48:49.644 INFO Current price: 0.000000065110 - Current percentage: 107.28% - Max: 186.35% - Min: -9.18% - Market Cap 14100 - Trading time: 00:02:51
08-09-2025 17:48:50.168 INFO Current price: 0.000000065392 - Current percentage: 107.72% - Max: 186.35% - Min: -9.18% - Market Cap 14130 - Trading time: 00:02:51
08-09-2025 17:48:51.105 INFO Current price: 0.000000065601 - Current percentage: 108.61% - Max: 186.35% - Min: -9.18% - Market Cap 14191 - Trading time: 00:02:52
08-09-2025 17:48:51.476 INFO Current price: 0.000000065810 - Current percentage: 109.05% - Max: 186.35% - Min: -9.18% - Market Cap 14221 - Trading time: 00:02:52
08-09-2025 17:48:51.598 INFO Current price: 0.000000066024 - Current percentage: 109.97% - Max: 186.35% - Min: -9.18% - Market Cap 14283 - Trading time: 00:02:53
08-09-2025 17:48:52.372 INFO Current price: 0.000000066299 - Current percentage: 110.80% - Max: 186.35% - Min: -9.18% - Market Cap 14339 - Trading time: 00:02:53
08-09-2025 17:48:52.468 INFO Current price: 0.000000068181 - Current percentage: 122.06% - Max: 186.35% - Min: -9.18% - Market Cap 15106 - Trading time: 00:02:53
08-09-2025 17:48:54.366 INFO Current price: 0.000000069978 - Current percentage: 122.05% - Max: 186.35% - Min: -9.18% - Market Cap 15105 - Trading time: 00:02:55
08-09-2025 17:48:55.933 INFO Current price: 0.000000072886 - Current percentage: 140.90% - Max: 186.35% - Min: -9.18% - Market Cap 16387 - Trading time: 00:02:57
08-09-2025 17:48:57.214 INFO Current price: 0.000000075724 - Current percentage: 139.69% - Max: 186.35% - Min: -9.18% - Market Cap 16305 - Trading time: 00:02:58
08-09-2025 17:48:57.821 INFO Current price: 0.000000075835 - Current percentage: 140.65% - Max: 186.35% - Min: -9.18% - Market Cap 16370 - Trading time: 00:02:59
08-09-2025 17:48:58.311 INFO Current price: 0.000000075505 - Current percentage: 138.55% - Max: 186.35% - Min: -9.18% - Market Cap 16227 - Trading time: 00:02:59
08-09-2025 17:48:59.035 INFO Current price: 0.000000075189 - Current percentage: 138.64% - Max: 186.35% - Min: -9.18% - Market Cap 16234 - Trading time: 00:03:00
08-09-2025 17:48:59.323 INFO Current price: 0.000000074806 - Current percentage: 136.12% - Max: 186.35% - Min: -9.18% - Market Cap 16062 - Trading time: 00:03:00
08-09-2025 17:49:01.015 INFO Current price: 0.000000074289 - Current percentage: 135.35% - Max: 186.35% - Min: -9.18% - Market Cap 16010 - Trading time: 00:03:02
08-09-2025 17:49:01.673 INFO Current price: 0.000000074183 - Current percentage: 135.45% - Max: 186.35% - Min: -9.18% - Market Cap 16017 - Trading time: 00:03:03
08-09-2025 17:49:01.967 INFO Current price: 0.000000074350 - Current percentage: 136.41% - Max: 186.35% - Min: -9.18% - Market Cap 16082 - Trading time: 00:03:03
08-09-2025 17:49:04.769 INFO Current price: 0.000000077332 - Current percentage: 154.71% - Max: 186.35% - Min: -9.18% - Market Cap 17327 - Trading time: 00:03:06
08-09-2025 17:49:05.336 INFO Current price: 0.000000080080 - Current percentage: 153.52% - Max: 186.35% - Min: -9.18% - Market Cap 17246 - Trading time: 00:03:06
08-09-2025 17:49:05.684 INFO Current price: 0.000000079799 - Current percentage: 152.92% - Max: 186.35% - Min: -9.18% - Market Cap 17205 - Trading time: 00:03:07
08-09-2025 17:49:06.683 INFO Current price: 0.000000078897 - Current percentage: 147.82% - Max: 186.35% - Min: -9.18% - Market Cap 16858 - Trading time: 00:03:08
08-09-2025 17:49:07.822 INFO Current price: 0.000000077820 - Current percentage: 146.06% - Max: 186.35% - Min: -9.18% - Market Cap 16739 - Trading time: 00:03:09
08-09-2025 17:49:09.319 INFO Current price: 0.000000077699 - Current percentage: 147.05% - Max: 186.35% - Min: -9.18% - Market Cap 16806 - Trading time: 00:03:10
08-09-2025 17:49:10.468 INFO Current price: 0.000000079799 - Current percentage: 159.55% - Max: 186.35% - Min: -9.18% - Market Cap 17656 - Trading time: 00:03:11
08-09-2025 17:49:12.230 INFO Current price: 0.000000081808 - Current percentage: 159.65% - Max: 186.35% - Min: -9.18% - Market Cap 17662 - Trading time: 00:03:13
08-09-2025 17:49:13.414 INFO Current price: 0.000000081726 - Current percentage: 159.03% - Max: 186.35% - Min: -9.18% - Market Cap 17620 - Trading time: 00:03:14
08-09-2025 17:49:13.514 INFO Current price: 0.000000081244 - Current percentage: 156.59% - Max: 186.35% - Min: -9.18% - Market Cap 17455 - Trading time: 00:03:14
08-09-2025 17:49:13.571 INFO Current price: 0.000000082748 - Current percentage: 168.71% - Max: 186.35% - Min: -9.18% - Market Cap 18279 - Trading time: 00:03:15
08-09-2025 17:49:15.261 INFO Current price: 0.000000084798 - Current percentage: 169.46% - Max: 186.35% - Min: -9.18% - Market Cap 18330 - Trading time: 00:03:16
08-09-2025 17:49:16.819 INFO Current price: 0.000000086875 - Current percentage: 182.03% - Max: 186.35% - Min: -9.18% - Market Cap 19185 - Trading time: 00:03:18
08-09-2025 17:49:18.273 INFO Current price: 0.000000088927 - Current percentage: 182.34% - Max: 186.35% - Min: -9.18% - Market Cap 19206 - Trading time: 00:03:19
08-09-2025 17:49:18.888 INFO Current price: 0.000000088785 - Current percentage: 181.13% - Max: 186.35% - Min: -9.18% - Market Cap 19124 - Trading time: 00:03:20
08-09-2025 17:49:19.173 INFO Current price: 0.000000090818 - Current percentage: 195.42% - Max: 195.42% - Min: -9.18% - Market Cap 20096 - Trading time: 00:03:20
08-09-2025 17:49:20.619 INFO Current price: 0.000000091625 - Current percentage: 186.15% - Max: 195.42% - Min: -9.18% - Market Cap 19466 - Trading time: 00:03:22
08-09-2025 17:49:20.816 INFO Current price: 0.000000088368 - Current percentage: 174.79% - Max: 195.42% - Min: -9.18% - Market Cap 18693 - Trading time: 00:03:22
08-09-2025 17:49:20.895 INFO Current price: 0.000000086445 - Current percentage: 173.83% - Max: 195.42% - Min: -9.18% - Market Cap 18628 - Trading time: 00:03:22
08-09-2025 17:49:21.489 INFO Current price: 0.000000084477 - Current percentage: 162.42% - Max: 195.42% - Min: -9.18% - Market Cap 17851 - Trading time: 00:03:22
08-09-2025 17:49:21.858 INFO Current price: 0.000000081640 - Current percentage: 155.75% - Max: 195.42% - Min: -9.18% - Market Cap 17397 - Trading time: 00:03:23
08-09-2025 17:49:22.324 INFO Current price: 0.000000080587 - Current percentage: 155.70% - Max: 195.42% - Min: -9.18% - Market Cap 17394 - Trading time: 00:03:23
08-09-2025 17:49:22.452 INFO Current price: 0.000000080071 - Current percentage: 152.49% - Max: 195.42% - Min: -9.18% - Market Cap 17175 - Trading time: 00:03:23
08-09-2025 17:49:23.216 INFO Current price: 0.000000079553 - Current percentage: 152.40% - Max: 195.42% - Min: -9.18% - Market Cap 17169 - Trading time: 00:03:24
08-09-2025 17:49:23.380 INFO Current price: 0.000000079243 - Current percentage: 150.52% - Max: 195.42% - Min: -9.18% - Market Cap 17042 - Trading time: 00:03:24
08-09-2025 17:49:23.650 INFO Current price: 0.000000079101 - Current percentage: 151.49% - Max: 195.42% - Min: -9.18% - Market Cap 17108 - Trading time: 00:03:25
08-09-2025 17:49:24.413 INFO Current price: 0.000000079561 - Current percentage: 153.44% - Max: 195.42% - Min: -9.18% - Market Cap 17241 - Trading time: 00:03:25
08-09-2025 17:49:25.222 INFO Current price: 0.000000082254 - Current percentage: 168.80% - Max: 195.42% - Min: -9.18% - Market Cap 18285 - Trading time: 00:03:26
08-09-2025 17:49:29.630 INFO Current price: 0.000000086948 - Current percentage: 183.20% - Max: 195.42% - Min: -9.18% - Market Cap 19265 - Trading time: 00:03:31
08-09-2025 17:49:31.166 INFO Current price: 0.000000088882 - Current percentage: 180.90% - Max: 195.42% - Min: -9.18% - Market Cap 19108 - Trading time: 00:03:32
08-09-2025 17:49:32.303 INFO Current price: 0.000000088136 - Current percentage: 178.47% - Max: 195.42% - Min: -9.18% - Market Cap 18943 - Trading time: 00:03:33
08-09-2025 17:49:33.961 INFO Current price: 0.000000087774 - Current percentage: 178.59% - Max: 195.42% - Min: -9.18% - Market Cap 18951 - Trading time: 00:03:35
08-09-2025 17:49:36.232 INFO Current price: 0.000000089775 - Current percentage: 191.31% - Max: 195.42% - Min: -9.18% - Market Cap 19816 - Trading time: 00:03:37
08-09-2025 17:49:37.558 INFO Current price: 0.000000092113 - Current percentage: 192.16% - Max: 195.42% - Min: -9.18% - Market Cap 19874 - Trading time: 00:03:38
08-09-2025 17:49:37.925 INFO Current price: 0.000000092088 - Current percentage: 192.27% - Max: 195.42% - Min: -9.18% - Market Cap 19882 - Trading time: 00:03:39
08-09-2025 17:49:39.198 INFO Current price: 0.000000094407 - Current percentage: 207.06% - Max: 207.06% - Min: -9.18% - Market Cap 20888 - Trading time: 00:03:40
08-09-2025 17:49:40.649 INFO Current price: 0.000000094611 - Current percentage: 193.54% - Max: 207.06% - Min: -9.18% - Market Cap 19968 - Trading time: 00:03:42
08-09-2025 17:49:40.824 INFO Current price: 0.000000092494 - Current percentage: 193.47% - Max: 207.06% - Min: -9.18% - Market Cap 19964 - Trading time: 00:03:42
08-09-2025 17:49:41.562 INFO Current price: 0.000000091233 - Current percentage: 185.59% - Max: 207.06% - Min: -9.18% - Market Cap 19427 - Trading time: 00:03:42
08-09-2025 17:49:41.961 INFO Current price: 0.000000088752 - Current percentage: 177.73% - Max: 207.06% - Min: -9.18% - Market Cap 18892 - Trading time: 00:03:43
08-09-2025 17:49:43.196 INFO Current price: 0.000000087180 - Current percentage: 175.56% - Max: 207.06% - Min: -9.18% - Market Cap 18745 - Trading time: 00:03:44
08-09-2025 17:49:43.716 INFO Current price: 0.000000085037 - Current percentage: 164.24% - Max: 207.06% - Min: -9.18% - Market Cap 17975 - Trading time: 00:03:45
08-09-2025 17:49:44.876 INFO Current price: 0.000000082347 - Current percentage: 158.41% - Max: 207.06% - Min: -9.18% - Market Cap 17578 - Trading time: 00:03:46
08-09-2025 17:49:46.726 INFO Current price: 0.000000081131 - Current percentage: 156.49% - Max: 207.06% - Min: -9.18% - Market Cap 17448 - Trading time: 00:03:48
08-09-2025 17:49:46.853 INFO Current price: 0.000000080987 - Current percentage: 157.49% - Max: 207.06% - Min: -9.18% - Market Cap 17516 - Trading time: 00:03:48
08-09-2025 17:49:47.354 INFO Current price: 0.000000081271 - Current percentage: 158.29% - Max: 207.06% - Min: -9.18% - Market Cap 17570 - Trading time: 00:03:48
08-09-2025 17:49:47.356 INFO Current price: 0.000000081509 - Current percentage: 159.00% - Max: 207.06% - Min: -9.18% - Market Cap 17619 - Trading time: 00:03:48
08-09-2025 17:49:47.433 INFO Current price: 0.000000079747 - Current percentage: 147.25% - Max: 207.06% - Min: -9.18% - Market Cap 16819 - Trading time: 00:03:48
08-09-2025 17:49:47.849 INFO Current price: 0.000000078220 - Current percentage: 149.18% - Max: 207.06% - Min: -9.18% - Market Cap 16951 - Trading time: 00:03:49
08-09-2025 17:49:48.037 INFO Current price: 0.000000080839 - Current percentage: 164.08% - Max: 207.06% - Min: -9.18% - Market Cap 17964 - Trading time: 00:03:49
08-09-2025 17:49:48.157 INFO Current price: 0.000000081339 - Current percentage: 152.27% - Max: 207.06% - Min: -9.18% - Market Cap 17161 - Trading time: 00:03:49
08-09-2025 17:49:48.569 INFO Current price: 0.000000077589 - Current percentage: 140.29% - Max: 207.06% - Min: -9.18% - Market Cap 16346 - Trading time: 00:03:50
08-09-2025 17:49:48.605 INFO Current price: 0.000000075754 - Current percentage: 140.48% - Max: 207.06% - Min: -9.18% - Market Cap 16359 - Trading time: 00:03:50
08-09-2025 17:49:49.683 INFO Current price: 0.000000075642 - Current percentage: 139.58% - Max: 207.06% - Min: -9.18% - Market Cap 16297 - Trading time: 00:03:51
08-09-2025 17:49:51.453 INFO Current price: 0.000000075387 - Current percentage: 138.86% - Max: 207.06% - Min: -9.18% - Market Cap 16249 - Trading time: 00:03:52
08-09-2025 17:49:51.458 INFO Current price: 0.000000075176 - Current percentage: 138.24% - Max: 207.06% - Min: -9.18% - Market Cap 16206 - Trading time: 00:03:52
08-09-2025 17:49:51.529 INFO Current price: 0.000000077475 - Current percentage: 153.70% - Max: 207.06% - Min: -9.18% - Market Cap 17258 - Trading time: 00:03:52
08-09-2025 17:49:54.067 INFO Current price: 0.000000082125 - Current percentage: 167.69% - Max: 207.06% - Min: -9.18% - Market Cap 18210 - Trading time: 00:03:55
08-09-2025 17:49:58.148 INFO Current price: 0.000000084257 - Current percentage: 167.05% - Max: 207.06% - Min: -9.18% - Market Cap 18166 - Trading time: 00:03:59
08-09-2025 17:49:59.332 INFO Current price: 0.000000082660 - Current percentage: 157.63% - Max: 207.06% - Min: -9.18% - Market Cap 17526 - Trading time: 00:04:00
08-09-2025 17:49:59.396 INFO Current price: 0.000000080717 - Current percentage: 154.64% - Max: 207.06% - Min: -9.18% - Market Cap 17322 - Trading time: 00:04:00
08-09-2025 17:49:59.513 INFO Current price: 0.000000076553 - Current percentage: 131.74% - Max: 207.06% - Min: -9.18% - Market Cap 15764 - Trading time: 00:04:00
08-09-2025 17:49:59.542 INFO Current price: 0.000000071419 - Current percentage: 121.63% - Max: 207.06% - Min: -9.18% - Market Cap 15077 - Trading time: 00:04:00
08-09-2025 17:49:59.543 INFO Current price: 0.000000067585 - Current percentage: 107.53% - Max: 207.06% - Min: -9.18% - Market Cap 14117 - Trading time: 00:04:00
08-09-2025 17:49:59.545 INFO Current price: 0.000000062508 - Current percentage: 89.59% - Max: 207.06% - Min: -9.18% - Market Cap 12897 - Trading time: 00:04:00
08-09-2025 17:49:59.677 INFO Current price: 0.000000059405 - Current percentage: 87.43% - Max: 207.06% - Min: -9.18% - Market Cap 12750 - Trading time: 00:04:01
08-09-2025 17:49:59.733 INFO Current price: 0.000000057394 - Current percentage: 76.97% - Max: 207.06% - Min: -9.18% - Market Cap 12038 - Trading time: 00:04:01
08-09-2025 17:49:59.734 INFO Current price: 0.000000054358 - Current percentage: 68.13% - Max: 207.06% - Min: -9.18% - Market Cap 11437 - Trading time: 00:04:01
08-09-2025 17:49:59.795 INFO Current price: 0.000000051173 - Current percentage: 56.84% - Max: 207.06% - Min: -9.18% - Market Cap 10669 - Trading time: 00:04:01
08-09-2025 17:49:59.797 INFO Current price: 0.000000049180 - Current percentage: 55.29% - Max: 207.06% - Min: -9.18% - Market Cap 10564 - Trading time: 00:04:01
08-09-2025 17:49:59.869 INFO Current price: 0.000000048211 - Current percentage: 50.71% - Max: 207.06% - Min: -9.18% - Market Cap 10252 - Trading time: 00:04:01
08-09-2025 17:49:59.966 INFO Current price: 0.000000046956 - Current percentage: 47.31% - Max: 207.06% - Min: -9.18% - Market Cap 10021 - Trading time: 00:04:01
08-09-2025 17:50:00.126 INFO Current price: 0.000000045447 - Current percentage: 41.18% - Max: 207.06% - Min: -9.18% - Market Cap 9604 - Trading time: 00:04:01
08-09-2025 17:50:00.128 INFO Current price: 0.000000000000 - Current percentage: 41.18% - Max: 207.06% - Min: -9.18% - Market Cap 9604 - Trading time: 00:04:01
08-09-2025 17:50:00.216 INFO Current price: 0.000000044319 - Current percentage: 40.09% - Max: 207.06% - Min: -9.18% - Market Cap 9529 - Trading time: 00:04:01
08-09-2025 17:50:00.274 INFO Current price: 0.000000042790 - Current percentage: 31.61% - Max: 207.06% - Min: -9.18% - Market Cap 8953 - Trading time: 00:04:01
08-09-2025 17:50:00.276 INFO Current price: 0.000000040373 - Current percentage: 24.71% - Max: 207.06% - Min: -9.18% - Market Cap 8483 - Trading time: 00:04:01
08-09-2025 17:50:00.277 INFO Current price: 0.000000038707 - Current percentage: 20.97% - Max: 207.06% - Min: -9.18% - Market Cap 8229 - Trading time: 00:04:01
08-09-2025 17:50:00.279 INFO Current price: 0.000000037374 - Current percentage: 16.27% - Max: 207.06% - Min: -9.18% - Market Cap 7909 - Trading time: 00:04:01
08-09-2025 17:50:00.401 INFO Current price: 0.000000036030 - Current percentage: 12.43% - Max: 207.06% - Min: -9.18% - Market Cap 7648 - Trading time: 00:04:01
08-09-2025 17:50:00.405 INFO Current price: 0.000000034940 - Current percentage: 9.34% - Max: 207.06% - Min: -9.18% - Market Cap 7438 - Trading time: 00:04:01
08-09-2025 17:50:00.463 INFO Current price: 0.000000033950 - Current percentage: 6.15% - Max: 207.06% - Min: -9.18% - Market Cap 7221 - Trading time: 00:04:01
08-09-2025 17:50:00.594 INFO Current price: 0.000000033441 - Current percentage: 6.09% - Max: 207.06% - Min: -9.18% - Market Cap 7217 - Trading time: 00:04:02
08-09-2025 17:50:00.773 INFO Current price: 0.000000032869 - Current percentage: 2.54% - Max: 207.06% - Min: -9.18% - Market Cap 6976 - Trading time: 00:04:02
08-09-2025 17:50:00.774 INFO Current price: 0.000000031672 - Current percentage: -1.50% - Max: 207.06% - Min: -9.18% - Market Cap 6701 - Trading time: 00:04:02
08-09-2025 17:50:01.184 INFO Current price: 0.000000031045 - Current percentage: -1.47% - Max: 207.06% - Min: -9.18% - Market Cap 6702 - Trading time: 00:04:02
08-09-2025 17:50:01.287 INFO Current price: 0.000000030973 - Current percentage: -1.96% - Max: 207.06% - Min: -9.18% - Market Cap 6669 - Trading time: 00:04:02
08-09-2025 17:50:02.696 INFO Current price: 0.000000030893 - Current percentage: -1.98% - Max: 207.06% - Min: -9.18% - Market Cap 6668 - Trading time: 00:04:04
08-09-2025 17:50:02.758 INFO Current price: 0.000000030958 - Current percentage: -1.76% - Max: 207.06% - Min: -9.18% - Market Cap 6683 - Trading time: 00:04:04
08-09-2025 17:50:06.750 INFO Current price: 0.000000030413 - Current percentage: -5.20% - Max: 207.06% - Min: -9.18% - Market Cap 6449 - Trading time: 00:04:08
08-09-2025 17:50:07.966 INFO Current price: 0.000000029902 - Current percentage: -5.03% - Max: 207.06% - Min: -9.18% - Market Cap 6460 - Trading time: 00:04:09
08-09-2025 17:50:08.712 INFO Current price: 0.000000029946 - Current percentage: -4.91% - Max: 207.06% - Min: -9.18% - Market Cap 6468 - Trading time: 00:04:10
08-09-2025 17:50:09.512 INFO Current price: 0.000000029956 - Current percentage: -4.97% - Max: 207.06% - Min: -9.18% - Market Cap 6464 - Trading time: 00:04:10
08-09-2025 17:50:10.658 INFO Current price: 0.000000029846 - Current percentage: -5.61% - Max: 207.06% - Min: -9.18% - Market Cap 6421 - Trading time: 00:04:12
08-09-2025 17:50:11.918 INFO Current price: 0.000000029671 - Current percentage: -6.09% - Max: 207.06% - Min: -9.18% - Market Cap 6388 - Trading time: 00:04:13
08-09-2025 17:50:16.124 INFO Current price: 0.000000029592 - Current percentage: -6.11% - Max: 207.06% - Min: -9.18% - Market Cap 6387 - Trading time: 00:04:17
08-09-2025 17:50:19.084 INFO Current price: 0.000000029518 - Current percentage: -6.55% - Max: 207.06% - Min: -9.18% - Market Cap 6357 - Trading time: 00:04:20
08-09-2025 17:50:21.647 INFO Current price: 0.000000029420 - Current percentage: -6.73% - Max: 207.06% - Min: -9.18% - Market Cap 6345 - Trading time: 00:04:23
08-09-2025 17:50:22.222 INFO Current price: 0.000000029252 - Current percentage: -7.62% - Max: 207.06% - Min: -9.18% - Market Cap 6284 - Trading time: 00:04:23
08-09-2025 17:50:22.498 INFO Current price: 0.000000029104 - Current percentage: -7.68% - Max: 207.06% - Min: -9.18% - Market Cap 6280 - Trading time: 00:04:23
08-09-2025 17:50:26.054 INFO Current price: 0.000000028870 - Current percentage: -9.10% - Max: 207.06% - Min: -9.18% - Market Cap 6184 - Trading time: 00:04:27
08-09-2025 17:50:30.774 INFO Current price: 0.000000028639 - Current percentage: -9.14% - Max: 207.06% - Min: -9.18% - Market Cap 6181 - Trading time: 00:04:32
08-09-2025 17:50:32.996 INFO Current price: 0.000000028623 - Current percentage: -9.20% - Max: 207.06% - Min: -9.20% - Market Cap 6177 - Trading time: 00:04:34
08-09-2025 17:50:35.969 INFO Current price: 0.000000028610 - Current percentage: -9.22% - Max: 207.06% - Min: -9.22% - Market Cap 6175 - Trading time: 00:04:37
08-09-2025 17:50:40.891 INFO Current price: 0.000000028542 - Current percentage: -9.44% - Max: 207.06% - Min: -9.44% - Market Cap 6160 - Trading time: 00:04:42
08-09-2025 17:50:53.696 INFO Current price: 0.000000028509 - Current percentage: -9.63% - Max: 207.06% - Min: -9.63% - Market Cap 6148 - Trading time: 00:04:55
08-09-2025 17:51:06.066 INFO Current price: 0.000000028478 - Current percentage: -9.64% - Max: 207.06% - Min: -9.64% - Market Cap 6147 - Trading time: 00:05:07
08-09-2025 17:51:16.248 INFO Current price: 0.000000028473 - Current percentage: -9.66% - Max: 207.06% - Min: -9.66% - Market Cap 6145 - Trading time: 00:05:17
08-09-2025 17:51:36.997 INFO Current price: 0.000000028386 - Current percentage: -10.19% - Max: 207.06% - Min: -10.19% - Market Cap 6109 - Trading time: 00:05:38
08-09-2025 17:51:53.342 INFO Current price: 0.000000028277 - Current percentage: -10.35% - Max: 207.06% - Min: -10.35% - Market Cap 6099 - Trading time: 00:05:54
08-09-2025 17:51:54.518 INFO Current price: 0.000000028249 - Current percentage: -10.37% - Max: 207.06% - Min: -10.37% - Market Cap 6097 - Trading time: 00:05:55
08-09-2025 17:52:43.254 INFO Current price: 0.000000028251 - Current percentage: -10.34% - Max: 207.06% - Min: -10.37% - Market Cap 6099 - Trading time: 00:06:44
08-09-2025 17:53:06.117 INFO Current price: 0.000000028232 - Current percentage: -10.48% - Max: 207.06% - Min: -10.48% - Market Cap 6089 - Trading time: 00:07:07






08-09-2025 18:03:06.118 INFO {"type":"summary","reason":"inactivity","startedAt":"2025-09-08T15:45:58.563Z","endedAt":"2025-09-08T16:03:06.118Z","durationSec":1027,"entryPrice":3.26365397006164e-8,"entryMarketCapSol":31.513492560314845,"entryMarketCapUsd":6802.502504069563,"minPct":-10.484976688339003,"maxPct":207.06366820359588,"buyCount":219,"sellCount":243,"tradeCount":462,"entryRecorded":true,"noPostThresholdTrades":false,"triggerAt":"2025-09-08T15:45:58.563Z","ageAtTriggerSec":4,"preTotalTrades":2,"preBuys":2,"preSells":0,"preUniqueTraders":2,"preEntryTotalTrades":4,"preEntryBuys":3,"preEntrySells":1,"preEntryUniqueTraders":3,"preEntryMinMcUsd":6385.548831023391,"preEntryMaxMcUsd":7287.335114072244,"thresholdMcSol":31.513492560314845,"thresholdMcUsd":6802.502504069563,"thresholdPrice":3.26365397006164e-8}
