07-09-2025 23:38:15.479 INFO Entry price: 0.000000030417184848 - Entry market cap: 5900 - Buys 4 - Sells 4 - Ratio: 1:1.00 - Min MarketCap: 5731 - Max MarketCap: 7014
07-09-2025 23:38:15.479 INFO Current price: 0.000000030417 - Current percentage: 0.00% - Max: 0.00% - Min: 0.00% - Market Cap 5900 - Trading time: 00:00:02
07-09-2025 23:38:29.072 INFO Current price: 0.000000028141 - Current percentage: -1.59% - Max: 0.00% - Min: -1.59% - Market Cap 5806 - Trading time: 00:00:15
07-09-2025 23:39:54.603 INFO Current price: 0.000000028794 - Current percentage: 1.70% - Max: 1.70% - Min: -1.59% - Market Cap 6000 - Trading time: 00:01:41
07-09-2025 23:39:55.244 INFO Current price: 0.000000029342 - Current percentage: 2.20% - Max: 2.20% - Min: -1.59% - Market Cap 6029 - Trading time: 00:01:41
07-09-2025 23:39:55.791 INFO Current price: 0.000000029705 - Current percentage: 4.23% - Max: 4.23% - Min: -1.59% - Market Cap 6149 - Trading time: 00:01:42
07-09-2025 23:39:56.019 INFO Current price: 0.000000030095 - Current percentage: 4.90% - Max: 4.90% - Min: -1.59% - Market Cap 6189 - Trading time: 00:01:42
07-09-2025 23:39:56.022 INFO Current price: 0.000000030194 - Current percentage: 4.91% - Max: 4.91% - Min: -1.59% - Market Cap 6190 - Trading time: 00:01:42
07-09-2025 23:39:56.023 INFO Current price: 0.000000030234 - Current percentage: 5.18% - Max: 5.18% - Min: -1.59% - Market Cap 6205 - Trading time: 00:01:42
07-09-2025 23:39:56.127 INFO Current price: 0.000000030304 - Current percentage: 5.39% - Max: 5.39% - Min: -1.59% - Market Cap 6218 - Trading time: 00:01:42
07-09-2025 23:39:56.942 INFO Current price: 0.000000030334 - Current percentage: 5.39% - Max: 5.39% - Min: -1.59% - Market Cap 6218 - Trading time: 00:01:43
07-09-2025 23:39:57.541 INFO Current price: 0.000000030529 - Current percentage: 6.75% - Max: 6.75% - Min: -1.59% - Market Cap 6298 - Trading time: 00:01:44
07-09-2025 23:40:24.730 INFO Current price: 0.000000030529 - Current percentage: 5.39% - Max: 6.75% - Min: -1.59% - Market Cap 6218 - Trading time: 00:02:11
07-09-2025 23:40:24.965 INFO Current price: 0.000000030599 - Current percentage: 7.24% - Max: 7.24% - Min: -1.59% - Market Cap 6327 - Trading time: 00:02:11
07-09-2025 23:40:25.878 INFO Current price: 0.000000030866 - Current percentage: 7.24% - Max: 7.24% - Min: -1.59% - Market Cap 6327 - Trading time: 00:02:12
07-09-2025 23:41:15.823 INFO Current price: 0.000000030657 - Current percentage: 5.80% - Max: 7.24% - Min: -1.59% - Market Cap 6242 - Trading time: 00:03:02
07-09-2025 23:41:15.995 INFO Current price: 0.000000030448 - Current percentage: 5.78% - Max: 7.24% - Min: -1.59% - Market Cap 6241 - Trading time: 00:03:02
07-09-2025 23:42:35.602 INFO Current price: 0.000000030371 - Current percentage: 5.26% - Max: 7.24% - Min: -1.59% - Market Cap 6210 - Trading time: 00:04:22
07-09-2025 23:45:00.821 INFO Current price: 0.000000030295 - Current percentage: 5.26% - Max: 7.24% - Min: -1.59% - Market Cap 6210 - Trading time: 00:06:47
07-09-2025 23:46:02.992 INFO Current price: 0.000000030295 - Current percentage: 5.26% - Max: 7.24% - Min: -1.59% - Market Cap 6210 - Trading time: 00:07:49






07-09-2025 23:56:02.994 INFO {"type":"summary","reason":"inactivity","startedAt":"2025-09-07T21:38:13.479Z","endedAt":"2025-09-07T21:56:02.994Z","durationSec":1069,"entryPrice":3.041718484813037e-8,"entryMarketCapSol":28.78150883701499,"entryMarketCapUsd":5899.633681411332,"minPct":-1.5872167198434053,"maxPct":7.2424310926335345,"buyCount":12,"sellCount":7,"tradeCount":19,"entryRecorded":true,"noPostThresholdTrades":false,"triggerAt":"2025-09-07T21:38:13.479Z","ageAtTriggerSec":3,"preTotalTrades":7,"preBuys":4,"preSells":3,"preUniqueTraders":4,"preEntryTotalTrades":8,"preEntryBuys":4,"preEntrySells":4,"preEntryUniqueTraders":4,"preEntryMinMcUsd":5731.0344827586205,"preEntryMaxMcUsd":7013.885093920469,"thresholdMcSol":28.78150883701499,"thresholdMcUsd":5899.633681411332,"thresholdPrice":3.041718484813037e-8}
