07-09-2025 04:29:52.642 INFO Entry price: 0.000000040809281858 - Entry market cap: 7171 - Buys 23 - Sells 26 - Ratio: 1:1.13 - Min MarketCap: 6912 - Max MarketCap: 10277
07-09-2025 04:29:52.642 INFO Current price: 0.000000040809 - Current percentage: 0.00% - Max: 0.00% - Min: 0.00% - Market Cap 7171 - Trading time: 00:00:02
07-09-2025 04:29:52.995 INFO Current price: 0.000000034718 - Current percentage: -0.62% - Max: 0.00% - Min: -0.62% - Market Cap 7126 - Trading time: 00:00:02
07-09-2025 04:29:57.293 INFO Current price: 0.000000035772 - Current percentage: 2.40% - Max: 2.40% - Min: -0.62% - Market Cap 7343 - Trading time: 00:00:06
07-09-2025 04:29:57.293 INFO Current price: 0.000000037150 - Current percentage: 7.18% - Max: 7.18% - Min: -0.62% - Market Cap 7686 - Trading time: 00:00:06
07-09-2025 04:29:57.584 INFO Current price: 0.000000039081 - Current percentage: 13.32% - Max: 13.32% - Min: -0.62% - Market Cap 8126 - Trading time: 00:00:06
07-09-2025 04:29:57.907 INFO Current price: 0.000000040823 - Current percentage: 16.95% - Max: 16.95% - Min: -0.62% - Market Cap 8386 - Trading time: 00:00:07
07-09-2025 04:29:57.910 INFO Current price: 0.000000042032 - Current percentage: 20.13% - Max: 20.13% - Min: -0.62% - Market Cap 8615 - Trading time: 00:00:07
07-09-2025 04:29:58.067 INFO Current price: 0.000000042844 - Current percentage: 21.51% - Max: 21.51% - Min: -0.62% - Market Cap 8713 - Trading time: 00:00:07
07-09-2025 04:29:58.114 INFO Current price: 0.000000043367 - Current percentage: 23.08% - Max: 23.08% - Min: -0.62% - Market Cap 8826 - Trading time: 00:00:07
07-09-2025 04:29:58.114 INFO Current price: 0.000000044054 - Current percentage: 25.39% - Max: 25.39% - Min: -0.62% - Market Cap 8992 - Trading time: 00:00:07
07-09-2025 04:29:58.561 INFO Current price: 0.000000044756 - Current percentage: 27.04% - Max: 27.04% - Min: -0.62% - Market Cap 9110 - Trading time: 00:00:07
07-09-2025 04:29:58.579 INFO Current price: 0.000000045050 - Current percentage: 27.04% - Max: 27.04% - Min: -0.62% - Market Cap 9110 - Trading time: 00:00:07
07-09-2025 04:29:58.582 INFO Current price: 0.000000045021 - Current percentage: 27.04% - Max: 27.04% - Min: -0.62% - Market Cap 9110 - Trading time: 00:00:07
07-09-2025 04:29:58.591 INFO Current price: 0.000000045062 - Current percentage: 27.11% - Max: 27.11% - Min: -0.62% - Market Cap 9115 - Trading time: 00:00:07
07-09-2025 04:29:58.662 INFO Current price: 0.000000045670 - Current percentage: 30.49% - Max: 30.49% - Min: -0.62% - Market Cap 9357 - Trading time: 00:00:08
07-09-2025 04:30:03.537 INFO Current price: 0.000000044911 - Current percentage: 22.92% - Max: 30.49% - Min: -0.62% - Market Cap 8815 - Trading time: 00:00:12
07-09-2025 04:30:03.537 INFO Current price: 0.000000042892 - Current percentage: 19.02% - Max: 30.49% - Min: -0.62% - Market Cap 8535 - Trading time: 00:00:12
07-09-2025 04:30:03.537 INFO Current price: 0.000000041645 - Current percentage: 15.88% - Max: 30.49% - Min: -0.62% - Market Cap 8310 - Trading time: 00:00:12
07-09-2025 04:30:03.636 INFO Current price: 0.000000041080 - Current percentage: 15.81% - Max: 30.49% - Min: -0.62% - Market Cap 8305 - Trading time: 00:00:12
07-09-2025 04:30:03.667 INFO Current price: 0.000000040813 - Current percentage: 14.38% - Max: 30.49% - Min: -0.62% - Market Cap 8202 - Trading time: 00:00:13
07-09-2025 04:30:03.693 INFO Current price: 0.000000040201 - Current percentage: 12.36% - Max: 30.49% - Min: -0.62% - Market Cap 8058 - Trading time: 00:00:13
07-09-2025 04:30:06.734 INFO Current price: 0.000000040944 - Current percentage: 18.65% - Max: 30.49% - Min: -0.62% - Market Cap 8508 - Trading time: 00:00:16
07-09-2025 04:30:06.858 INFO Current price: 0.000000042727 - Current percentage: 22.36% - Max: 30.49% - Min: -0.62% - Market Cap 8774 - Trading time: 00:00:16
07-09-2025 04:30:06.947 INFO Current price: 0.000000043957 - Current percentage: 25.58% - Max: 30.49% - Min: -0.62% - Market Cap 9005 - Trading time: 00:00:16
07-09-2025 04:30:09.504 INFO Current price: 0.000000044245 - Current percentage: 23.96% - Max: 30.49% - Min: -0.62% - Market Cap 8889 - Trading time: 00:00:18
07-09-2025 04:30:09.508 INFO Current price: 0.000000043401 - Current percentage: 20.84% - Max: 30.49% - Min: -0.62% - Market Cap 8665 - Trading time: 00:00:18
07-09-2025 04:30:09.508 INFO Current price: 0.000000042865 - Current percentage: 20.84% - Max: 30.49% - Min: -0.62% - Market Cap 8665 - Trading time: 00:00:18
07-09-2025 04:30:13.973 INFO Current price: 0.000000042841 - Current percentage: 20.84% - Max: 30.49% - Min: -0.62% - Market Cap 8665 - Trading time: 00:00:23
07-09-2025 04:30:15.916 INFO Current price: 0.000000042862 - Current percentage: 20.90% - Max: 30.49% - Min: -0.62% - Market Cap 8670 - Trading time: 00:00:25
07-09-2025 04:30:21.873 INFO Current price: 0.000000043728 - Current percentage: 25.77% - Max: 30.49% - Min: -0.62% - Market Cap 9019 - Trading time: 00:00:31
07-09-2025 04:30:22.090 INFO Current price: 0.000000045762 - Current percentage: 32.41% - Max: 32.41% - Min: -0.62% - Market Cap 9495 - Trading time: 00:00:31
07-09-2025 04:30:22.261 INFO Current price: 0.000000046967 - Current percentage: 32.48% - Max: 32.48% - Min: -0.62% - Market Cap 9500 - Trading time: 00:00:31
07-09-2025 04:30:22.568 INFO Current price: 0.000000048470 - Current percentage: 41.02% - Max: 41.02% - Min: -0.62% - Market Cap 10113 - Trading time: 00:00:31
07-09-2025 04:30:22.786 INFO Current price: 0.000000050033 - Current percentage: 41.16% - Max: 41.16% - Min: -0.62% - Market Cap 10123 - Trading time: 00:00:32
07-09-2025 04:30:23.591 INFO Current price: 0.000000050180 - Current percentage: 41.85% - Max: 41.85% - Min: -0.62% - Market Cap 10172 - Trading time: 00:00:32
07-09-2025 04:30:27.087 INFO Current price: 0.000000050425 - Current percentage: 42.55% - Max: 42.55% - Min: -0.62% - Market Cap 10222 - Trading time: 00:00:36
07-09-2025 04:30:29.527 INFO Current price: 0.000000050542 - Current percentage: 42.51% - Max: 42.55% - Min: -0.62% - Market Cap 10219 - Trading time: 00:00:38
07-09-2025 04:30:32.473 INFO Current price: 0.000000051169 - Current percentage: 46.11% - Max: 46.11% - Min: -0.62% - Market Cap 10477 - Trading time: 00:00:41
07-09-2025 04:30:37.358 INFO Current price: 0.000000052594 - Current percentage: 50.56% - Max: 50.56% - Min: -0.62% - Market Cap 10796 - Trading time: 00:00:46
07-09-2025 04:30:37.614 INFO Current price: 0.000000054449 - Current percentage: 56.59% - Max: 56.59% - Min: -0.62% - Market Cap 11229 - Trading time: 00:00:46
07-09-2025 04:30:37.677 INFO Current price: 0.000000056881 - Current percentage: 64.31% - Max: 64.31% - Min: -0.62% - Market Cap 11782 - Trading time: 00:00:47
07-09-2025 04:30:37.742 INFO Current price: 0.000000058604 - Current percentage: 66.22% - Max: 66.22% - Min: -0.62% - Market Cap 11920 - Trading time: 00:00:47
07-09-2025 04:30:37.790 INFO Current price: 0.000000059166 - Current percentage: 67.48% - Max: 67.48% - Min: -0.62% - Market Cap 12010 - Trading time: 00:00:47
07-09-2025 04:30:37.865 INFO Current price: 0.000000059401 - Current percentage: 67.48% - Max: 67.48% - Min: -0.62% - Market Cap 12010 - Trading time: 00:00:47
07-09-2025 04:30:38.051 INFO Current price: 0.000000059232 - Current percentage: 66.59% - Max: 67.48% - Min: -0.62% - Market Cap 11946 - Trading time: 00:00:47
07-09-2025 04:30:38.908 INFO Current price: 0.000000059070 - Current percentage: 66.56% - Max: 67.48% - Min: -0.62% - Market Cap 11944 - Trading time: 00:00:48
07-09-2025 04:30:43.713 INFO Current price: 0.000000059066 - Current percentage: 66.56% - Max: 67.48% - Min: -0.62% - Market Cap 11944 - Trading time: 00:00:53
07-09-2025 04:30:46.950 INFO Current price: 0.000000058910 - Current percentage: 65.69% - Max: 67.48% - Min: -0.62% - Market Cap 11881 - Trading time: 00:00:56
07-09-2025 04:30:47.383 INFO Current price: 0.000000058753 - Current percentage: 65.68% - Max: 67.48% - Min: -0.62% - Market Cap 11881 - Trading time: 00:00:56
07-09-2025 04:30:47.383 INFO Current price: 0.000000058075 - Current percentage: 61.88% - Max: 67.48% - Min: -0.62% - Market Cap 11609 - Trading time: 00:00:56
07-09-2025 04:30:48.344 INFO Current price: 0.000000057079 - Current percentage: 60.04% - Max: 67.48% - Min: -0.62% - Market Cap 11477 - Trading time: 00:00:57
07-09-2025 04:30:48.344 INFO Current price: 0.000000056545 - Current percentage: 58.87% - Max: 67.48% - Min: -0.62% - Market Cap 11393 - Trading time: 00:00:57
07-09-2025 04:30:50.316 INFO Current price: 0.000000057481 - Current percentage: 65.38% - Max: 67.48% - Min: -0.62% - Market Cap 11860 - Trading time: 00:00:59
07-09-2025 04:30:50.649 INFO Current price: 0.000000058806 - Current percentage: 66.28% - Max: 67.48% - Min: -0.62% - Market Cap 11924 - Trading time: 00:01:00
07-09-2025 04:30:50.699 INFO Current price: 0.000000060468 - Current percentage: 74.87% - Max: 74.87% - Min: -0.62% - Market Cap 12540 - Trading time: 00:01:00
07-09-2025 04:30:52.978 INFO Current price: 0.000000062010 - Current percentage: 74.87% - Max: 74.87% - Min: -0.62% - Market Cap 12540 - Trading time: 00:01:02
07-09-2025 04:30:59.626 INFO Current price: 0.000000062350 - Current percentage: 76.79% - Max: 76.79% - Min: -0.62% - Market Cap 12678 - Trading time: 00:01:08
07-09-2025 04:31:03.092 INFO Current price: 0.000000062138 - Current percentage: 73.68% - Max: 76.79% - Min: -0.62% - Market Cap 12454 - Trading time: 00:01:12
07-09-2025 04:31:11.890 INFO Current price: 0.000000061725 - Current percentage: 74.45% - Max: 76.79% - Min: -0.62% - Market Cap 12510 - Trading time: 00:01:21
07-09-2025 04:31:14.350 INFO Current price: 0.000000061999 - Current percentage: 75.22% - Max: 76.79% - Min: -0.62% - Market Cap 12565 - Trading time: 00:01:23
07-09-2025 04:31:19.067 INFO Current price: 0.000000061711 - Current percentage: 72.84% - Max: 76.79% - Min: -0.62% - Market Cap 12394 - Trading time: 00:01:28
07-09-2025 04:31:23.772 INFO Current price: 0.000000061295 - Current percentage: 72.84% - Max: 76.79% - Min: -0.62% - Market Cap 12394 - Trading time: 00:01:33
07-09-2025 04:31:28.265 INFO Current price: 0.000000060113 - Current percentage: 66.26% - Max: 76.79% - Min: -0.62% - Market Cap 11923 - Trading time: 00:01:37
07-09-2025 04:31:28.265 INFO Current price: 0.000000057309 - Current percentage: 57.09% - Max: 76.79% - Min: -0.62% - Market Cap 11265 - Trading time: 00:01:37
07-09-2025 04:31:52.451 INFO Current price: 0.000000055770 - Current percentage: 57.45% - Max: 76.79% - Min: -0.62% - Market Cap 11291 - Trading time: 00:02:01
07-09-2025 04:31:59.069 INFO Current price: 0.000000055937 - Current percentage: 58.04% - Max: 76.79% - Min: -0.62% - Market Cap 11333 - Trading time: 00:02:08
07-09-2025 04:32:16.412 INFO Current price: 0.000000055752 - Current percentage: 56.41% - Max: 76.79% - Min: -0.62% - Market Cap 11216 - Trading time: 00:02:25
07-09-2025 04:32:43.073 INFO Current price: 0.000000056647 - Current percentage: 63.15% - Max: 76.79% - Min: -0.62% - Market Cap 11699 - Trading time: 00:02:52
07-09-2025 04:32:43.073 INFO Current price: 0.000000059230 - Current percentage: 71.00% - Max: 76.79% - Min: -0.62% - Market Cap 12262 - Trading time: 00:02:52
07-09-2025 04:32:43.073 INFO Current price: 0.000000062020 - Current percentage: 78.88% - Max: 78.88% - Min: -0.62% - Market Cap 12827 - Trading time: 00:02:52
07-09-2025 04:32:43.289 INFO Current price: 0.000000063572 - Current percentage: 79.66% - Max: 79.66% - Min: -0.62% - Market Cap 12884 - Trading time: 00:02:52
07-09-2025 04:32:43.344 INFO Current price: 0.000000064187 - Current percentage: 82.36% - Max: 82.36% - Min: -0.62% - Market Cap 13077 - Trading time: 00:02:52
07-09-2025 04:32:43.661 INFO Current price: 0.000000064838 - Current percentage: 83.33% - Max: 83.33% - Min: -0.62% - Market Cap 13147 - Trading time: 00:02:53
07-09-2025 04:32:44.811 INFO Current price: 0.000000065025 - Current percentage: 83.41% - Max: 83.41% - Min: -0.62% - Market Cap 13152 - Trading time: 00:02:54
07-09-2025 04:32:47.147 INFO Current price: 0.000000067883 - Current percentage: 99.79% - Max: 99.79% - Min: -0.62% - Market Cap 14327 - Trading time: 00:02:56
07-09-2025 04:32:50.326 INFO Current price: 0.000000070349 - Current percentage: 96.98% - Max: 99.79% - Min: -0.62% - Market Cap 14126 - Trading time: 00:02:59
07-09-2025 04:33:00.470 INFO Current price: 0.000000069764 - Current percentage: 96.48% - Max: 99.79% - Min: -0.62% - Market Cap 14090 - Trading time: 00:03:09
07-09-2025 04:33:06.334 INFO Current price: 0.000000069511 - Current percentage: 95.56% - Max: 99.79% - Min: -0.62% - Market Cap 14024 - Trading time: 00:03:15
07-09-2025 04:33:07.076 INFO Current price: 0.000000067914 - Current percentage: 87.56% - Max: 99.79% - Min: -0.62% - Market Cap 13450 - Trading time: 00:03:16
07-09-2025 04:33:18.583 INFO Current price: 0.000000064895 - Current percentage: 78.56% - Max: 99.79% - Min: -0.62% - Market Cap 12804 - Trading time: 00:03:27
07-09-2025 04:33:18.583 INFO Current price: 0.000000061909 - Current percentage: 70.70% - Max: 99.79% - Min: -0.62% - Market Cap 12241 - Trading time: 00:03:27
07-09-2025 04:33:18.597 INFO Current price: 0.000000059239 - Current percentage: 63.49% - Max: 99.79% - Min: -0.62% - Market Cap 11724 - Trading time: 00:03:27
07-09-2025 04:33:18.698 INFO Current price: 0.000000057568 - Current percentage: 61.20% - Max: 99.79% - Min: -0.62% - Market Cap 11560 - Trading time: 00:03:28
07-09-2025 04:33:20.297 INFO Current price: 0.000000057046 - Current percentage: 60.54% - Max: 99.79% - Min: -0.62% - Market Cap 11512 - Trading time: 00:03:29
07-09-2025 04:33:20.444 INFO Current price: 0.000000056786 - Current percentage: 59.74% - Max: 99.79% - Min: -0.62% - Market Cap 11455 - Trading time: 00:03:29
07-09-2025 04:33:31.376 INFO Current price: 0.000000056642 - Current percentage: 59.72% - Max: 99.79% - Min: -0.62% - Market Cap 11454 - Trading time: 00:03:40
07-09-2025 04:33:51.518 INFO Current price: 0.000000057311 - Current percentage: 63.53% - Max: 99.79% - Min: -0.62% - Market Cap 11727 - Trading time: 00:04:00
07-09-2025 04:33:51.518 INFO Current price: 0.000000059366 - Current percentage: 71.38% - Max: 99.79% - Min: -0.62% - Market Cap 12290 - Trading time: 00:04:00
07-09-2025 04:33:51.518 INFO Current price: 0.000000061201 - Current percentage: 73.80% - Max: 99.79% - Min: -0.62% - Market Cap 12463 - Trading time: 00:04:00
07-09-2025 04:33:58.966 INFO Current price: 0.000000063058 - Current percentage: 81.94% - Max: 99.79% - Min: -0.62% - Market Cap 13047 - Trading time: 00:04:08
07-09-2025 04:33:58.968 INFO Current price: 0.000000065827 - Current percentage: 89.39% - Max: 99.79% - Min: -0.62% - Market Cap 13581 - Trading time: 00:04:08
07-09-2025 04:34:04.327 INFO Current price: 0.000000067182 - Current percentage: 89.51% - Max: 99.79% - Min: -0.62% - Market Cap 13590 - Trading time: 00:04:13
07-09-2025 04:34:06.297 INFO Current price: 0.000000068473 - Current percentage: 96.75% - Max: 99.79% - Min: -0.62% - Market Cap 14109 - Trading time: 00:04:15
07-09-2025 04:34:12.657 INFO Current price: 0.000000069914 - Current percentage: 97.57% - Max: 99.79% - Min: -0.62% - Market Cap 14167 - Trading time: 00:04:22
07-09-2025 04:34:18.978 INFO Current price: 0.000000071502 - Current percentage: 105.79% - Max: 105.79% - Min: -0.62% - Market Cap 14757 - Trading time: 00:04:28
07-09-2025 04:34:26.940 INFO Current price: 0.000000069875 - Current percentage: 88.68% - Max: 105.79% - Min: -0.62% - Market Cap 13530 - Trading time: 00:04:36
07-09-2025 04:36:02.652 INFO Current price: 0.000000065966 - Current percentage: 83.41% - Max: 105.79% - Min: -0.62% - Market Cap 13152 - Trading time: 00:06:12
07-09-2025 04:36:02.825 INFO Current price: 0.000000064572 - Current percentage: 80.79% - Max: 105.79% - Min: -0.62% - Market Cap 12964 - Trading time: 00:06:12
07-09-2025 04:36:51.034 INFO Current price: 0.000000062584 - Current percentage: 72.29% - Max: 105.79% - Min: -0.62% - Market Cap 12355 - Trading time: 00:07:00
07-09-2025 04:36:51.035 INFO Current price: 0.000000059750 - Current percentage: 64.78% - Max: 105.79% - Min: -0.62% - Market Cap 11816 - Trading time: 00:07:00
07-09-2025 04:36:51.037 INFO Current price: 0.000000057376 - Current percentage: 58.87% - Max: 105.79% - Min: -0.62% - Market Cap 11393 - Trading time: 00:07:00
07-09-2025 04:36:51.040 INFO Current price: 0.000000055311 - Current percentage: 53.13% - Max: 105.79% - Min: -0.62% - Market Cap 10981 - Trading time: 00:07:00
07-09-2025 04:36:51.040 INFO Current price: 0.000000053410 - Current percentage: 48.14% - Max: 105.79% - Min: -0.62% - Market Cap 10623 - Trading time: 00:07:00
07-09-2025 04:37:32.676 INFO Current price: 0.000000051544 - Current percentage: 42.61% - Max: 105.79% - Min: -0.62% - Market Cap 10227 - Trading time: 00:07:42
07-09-2025 04:37:32.676 INFO Current price: 0.000000050446 - Current percentage: 41.90% - Max: 105.79% - Min: -0.62% - Market Cap 10176 - Trading time: 00:07:42
07-09-2025 04:37:32.676 INFO Current price: 0.000000048769 - Current percentage: 33.29% - Max: 105.79% - Min: -0.62% - Market Cap 9558 - Trading time: 00:07:42
07-09-2025 04:37:32.677 INFO Current price: 0.000000046062 - Current percentage: 26.58% - Max: 105.79% - Min: -0.62% - Market Cap 9077 - Trading time: 00:07:42
07-09-2025 04:37:32.677 INFO Current price: 0.000000043997 - Current percentage: 21.61% - Max: 105.79% - Min: -0.62% - Market Cap 8720 - Trading time: 00:07:42
07-09-2025 04:37:32.677 INFO Current price: 0.000000042239 - Current percentage: 16.67% - Max: 105.79% - Min: -0.62% - Market Cap 8367 - Trading time: 00:07:42
07-09-2025 04:37:32.677 INFO Current price: 0.000000040676 - Current percentage: 12.77% - Max: 105.79% - Min: -0.62% - Market Cap 8087 - Trading time: 00:07:42
07-09-2025 04:37:32.677 INFO Current price: 0.000000038944 - Current percentage: 6.95% - Max: 105.79% - Min: -0.62% - Market Cap 7669 - Trading time: 00:07:42
07-09-2025 04:37:32.677 INFO Current price: 0.000000037183 - Current percentage: 2.81% - Max: 105.79% - Min: -0.62% - Market Cap 7372 - Trading time: 00:07:42
07-09-2025 04:37:32.677 INFO Current price: 0.000000035695 - Current percentage: -1.44% - Max: 105.79% - Min: -1.44% - Market Cap 7068 - Trading time: 00:07:42
07-09-2025 04:37:32.677 INFO Current price: 0.000000034528 - Current percentage: -3.81% - Max: 105.79% - Min: -3.81% - Market Cap 6898 - Trading time: 00:07:42
07-09-2025 04:37:32.677 INFO Current price: 0.000000033239 - Current percentage: -8.66% - Max: 105.79% - Min: -8.66% - Market Cap 6550 - Trading time: 00:07:42
07-09-2025 04:37:32.724 INFO Current price: 0.000000031481 - Current percentage: -13.71% - Max: 105.79% - Min: -13.71% - Market Cap 6188 - Trading time: 00:07:42
07-09-2025 04:37:32.724 INFO Current price: 0.000000030101 - Current percentage: -16.49% - Max: 105.79% - Min: -16.49% - Market Cap 5988 - Trading time: 00:07:42
07-09-2025 04:37:32.724 INFO Current price: 0.000000029237 - Current percentage: -18.60% - Max: 105.79% - Min: -18.60% - Market Cap 5837 - Trading time: 00:07:42
07-09-2025 04:37:32.956 INFO Current price: 0.000000028799 - Current percentage: -18.98% - Max: 105.79% - Min: -18.98% - Market Cap 5810 - Trading time: 00:07:42
07-09-2025 04:37:33.852 INFO Current price: 0.000000028725 - Current percentage: -19.01% - Max: 105.79% - Min: -19.01% - Market Cap 5808 - Trading time: 00:07:43
07-09-2025 04:37:47.719 INFO Current price: 0.000000028708 - Current percentage: -19.07% - Max: 105.79% - Min: -19.07% - Market Cap 5803 - Trading time: 00:07:57
07-09-2025 04:38:15.882 INFO Current price: 0.000000028460 - Current percentage: -20.41% - Max: 105.79% - Min: -20.41% - Market Cap 5708 - Trading time: 00:08:25
07-09-2025 04:41:42.568 INFO Current price: 0.000000028188 - Current percentage: -20.54% - Max: 105.79% - Min: -20.54% - Market Cap 5698 - Trading time: 00:11:51
07-09-2025 04:44:12.825 INFO Current price: 0.000000028072 - Current percentage: -20.99% - Max: 105.79% - Min: -20.99% - Market Cap 5666 - Trading time: 00:14:22






07-09-2025 04:49:50.642 INFO {"type":"summary","reason":"max_window","startedAt":"2025-09-07T02:29:50.641Z","endedAt":"2025-09-07T02:49:50.642Z","durationSec":1200,"entryPrice":4.0809281857902655e-8,"entryMarketCapSol":35.46126712066487,"entryMarketCapUsd":7170.97743714085,"minPct":-20.985012617391874,"maxPct":105.78580841916883,"buyCount":59,"sellCount":67,"tradeCount":126,"entryRecorded":true,"noPostThresholdTrades":false,"triggerAt":"2025-09-07T02:29:50.641Z","ageAtTriggerSec":39,"preTotalTrades":46,"preBuys":22,"preSells":24,"preUniqueTraders":22,"preEntryTotalTrades":49,"preEntryBuys":23,"preEntrySells":26,"preEntryUniqueTraders":23,"preEntryMinMcUsd":6912.306559548551,"preEntryMaxMcUsd":10277.297875784701,"thresholdMcSol":35.46126712066487,"thresholdMcUsd":7170.97743714085,"thresholdPrice":4.0809281857902655e-8}
