08-09-2025 08:19:19.730 INFO Entry price: 0.000000031343635761 - Entry market cap: 6165 - Buys 9 - Sells 4 - Ratio: 1:0.44 - Min MarketCap: 5901 - Max MarketCap: 8228
08-09-2025 08:19:19.730 INFO Current price: 0.000000031344 - Current percentage: 0.00% - Max: 0.00% - Min: 0.00% - Market Cap 6165 - Trading time: 00:00:02
08-09-2025 08:19:20.708 INFO Current price: 0.000000038850 - Current percentage: 30.34% - Max: 30.34% - Min: 0.00% - Market Cap 8035 - Trading time: 00:00:02
08-09-2025 08:19:20.796 INFO Current price: 0.000000037686 - Current percentage: 22.68% - Max: 30.34% - Min: 0.00% - Market Cap 7563 - Trading time: 00:00:03
08-09-2025 08:19:48.718 INFO Current price: 0.000000034882 - Current percentage: 11.67% - Max: 30.34% - Min: 0.00% - Market Cap 6884 - Trading time: 00:00:30
08-09-2025 08:19:48.719 INFO Current price: 0.000000031809 - Current percentage: 2.01% - Max: 30.34% - Min: 0.00% - Market Cap 6289 - Trading time: 00:00:30
08-09-2025 08:19:48.731 INFO Current price: 0.000000029155 - Current percentage: -6.19% - Max: 30.34% - Min: -6.19% - Market Cap 5784 - Trading time: 00:00:31
08-09-2025 08:20:07.998 INFO Current price: 0.000000028961 - Current percentage: 0.66% - Max: 30.34% - Min: -6.19% - Market Cap 6206 - Trading time: 00:00:50
08-09-2025 08:20:08.029 INFO Current price: 0.000000030945 - Current percentage: 7.10% - Max: 30.34% - Min: -6.19% - Market Cap 6603 - Trading time: 00:00:50
08-09-2025 08:20:08.068 INFO Current price: 0.000000032450 - Current percentage: 10.69% - Max: 30.34% - Min: -6.19% - Market Cap 6824 - Trading time: 00:00:50
08-09-2025 08:20:08.406 INFO Current price: 0.000000033415 - Current percentage: 13.57% - Max: 30.34% - Min: -6.19% - Market Cap 7001 - Trading time: 00:00:50
08-09-2025 08:20:08.461 INFO Current price: 0.000000033846 - Current percentage: 13.57% - Max: 30.34% - Min: -6.19% - Market Cap 7002 - Trading time: 00:00:50
08-09-2025 08:20:08.462 INFO Current price: 0.000000033847 - Current percentage: 13.57% - Max: 30.34% - Min: -6.19% - Market Cap 7002 - Trading time: 00:00:50
08-09-2025 08:20:08.462 INFO Current price: 0.000000033849 - Current percentage: 13.58% - Max: 30.34% - Min: -6.19% - Market Cap 7002 - Trading time: 00:00:50
08-09-2025 08:20:09.049 INFO Current price: 0.000000033851 - Current percentage: 13.59% - Max: 30.34% - Min: -6.19% - Market Cap 7003 - Trading time: 00:00:51
08-09-2025 08:20:10.991 INFO Current price: 0.000000034775 - Current percentage: 19.87% - Max: 30.34% - Min: -6.19% - Market Cap 7390 - Trading time: 00:00:53
08-09-2025 08:20:13.539 INFO Current price: 0.000000035723 - Current percentage: 19.86% - Max: 30.34% - Min: -6.19% - Market Cap 7390 - Trading time: 00:00:55
08-09-2025 08:20:13.561 INFO Current price: 0.000000035722 - Current percentage: 19.86% - Max: 30.34% - Min: -6.19% - Market Cap 7389 - Trading time: 00:00:55
08-09-2025 08:20:13.589 INFO Current price: 0.000000035721 - Current percentage: 19.86% - Max: 30.34% - Min: -6.19% - Market Cap 7389 - Trading time: 00:00:55
08-09-2025 08:20:13.594 INFO Current price: 0.000000035721 - Current percentage: 19.86% - Max: 30.34% - Min: -6.19% - Market Cap 7389 - Trading time: 00:00:55
08-09-2025 08:20:13.743 INFO Current price: 0.000000035720 - Current percentage: 19.86% - Max: 30.34% - Min: -6.19% - Market Cap 7389 - Trading time: 00:00:56
08-09-2025 08:20:14.734 INFO Current price: 0.000000035720 - Current percentage: 19.85% - Max: 30.34% - Min: -6.19% - Market Cap 7389 - Trading time: 00:00:57
08-09-2025 08:20:18.656 INFO Current price: 0.000000035719 - Current percentage: 19.85% - Max: 30.34% - Min: -6.19% - Market Cap 7389 - Trading time: 00:01:00
08-09-2025 08:20:18.671 INFO Current price: 0.000000035719 - Current percentage: 19.85% - Max: 30.34% - Min: -6.19% - Market Cap 7389 - Trading time: 00:01:00
08-09-2025 08:20:18.673 INFO Current price: 0.000000035718 - Current percentage: 19.85% - Max: 30.34% - Min: -6.19% - Market Cap 7389 - Trading time: 00:01:00
08-09-2025 08:20:18.730 INFO Current price: 0.000000035718 - Current percentage: 19.85% - Max: 30.34% - Min: -6.19% - Market Cap 7389 - Trading time: 00:01:01
08-09-2025 08:20:23.489 INFO Current price: 0.000000035717 - Current percentage: 19.84% - Max: 30.34% - Min: -6.19% - Market Cap 7388 - Trading time: 00:01:05
08-09-2025 08:20:23.569 INFO Current price: 0.000000035717 - Current percentage: 19.84% - Max: 30.34% - Min: -6.19% - Market Cap 7388 - Trading time: 00:01:05
08-09-2025 08:20:33.552 INFO Current price: 0.000000034372 - Current percentage: 10.99% - Max: 30.34% - Min: -6.19% - Market Cap 6842 - Trading time: 00:01:15
08-09-2025 08:20:33.602 INFO Current price: 0.000000032232 - Current percentage: 5.39% - Max: 30.34% - Min: -6.19% - Market Cap 6497 - Trading time: 00:01:15
08-09-2025 08:20:33.603 INFO Current price: 0.000000030456 - Current percentage: -0.90% - Max: 30.34% - Min: -6.19% - Market Cap 6109 - Trading time: 00:01:15
08-09-2025 08:20:37.563 INFO Current price: 0.000000029181 - Current percentage: -3.25% - Max: 30.34% - Min: -6.19% - Market Cap 5965 - Trading time: 00:01:19
08-09-2025 08:20:40.033 INFO Current price: 0.000000028393 - Current percentage: -6.19% - Max: 30.34% - Min: -6.19% - Market Cap 5784 - Trading time: 00:01:22






08-09-2025 08:30:40.033 INFO {"type":"summary","reason":"inactivity","startedAt":"2025-09-08T06:19:17.729Z","endedAt":"2025-09-08T06:30:40.033Z","durationSec":682,"entryPrice":3.1343635761416034e-8,"entryMarketCapSol":29.802656490424614,"entryMarketCapUsd":6164.977521609236,"minPct":-6.18623717245512,"maxPct":30.341048114141124,"buyCount":14,"sellCount":26,"tradeCount":40,"entryRecorded":true,"noPostThresholdTrades":false,"triggerAt":"2025-09-08T06:19:17.728Z","ageAtTriggerSec":null,"preTotalTrades":4,"preBuys":4,"preSells":0,"preUniqueTraders":4,"preEntryTotalTrades":13,"preEntryBuys":9,"preEntrySells":4,"preEntryUniqueTraders":9,"preEntryMinMcUsd":5900.950496935973,"preEntryMaxMcUsd":8228.204025994268,"thresholdMcSol":29.802656490424614,"thresholdMcUsd":6164.977521609236,"thresholdPrice":3.1343635761416034e-8}
