08-09-2025 17:17:39.462 INFO Entry price: 0.000000037492328000 - Entry market cap: 7766 - Buys 26 - Sells 15 - Ratio: 1:0.58 - Min MarketCap: 6426 - Max MarketCap: 9255
08-09-2025 17:17:39.462 INFO Current price: 0.000000037492 - Current percentage: 0.00% - Max: 0.00% - Min: 0.00% - Market Cap 7766 - Trading time: 00:00:02
08-09-2025 17:18:18.377 INFO Current price: 0.000000034770 - Current percentage: -6.19% - Max: 0.00% - Min: -6.19% - Market Cap 7285 - Trading time: 00:00:40
08-09-2025 17:18:18.891 INFO Current price: 0.000000033895 - Current percentage: -6.20% - Max: 0.00% - Min: -6.20% - Market Cap 7285 - Trading time: 00:00:41
08-09-2025 17:18:18.892 INFO Current price: 0.000000033892 - Current percentage: -6.21% - Max: 0.00% - Min: -6.21% - Market Cap 7284 - Trading time: 00:00:41
08-09-2025 17:18:19.765 INFO Current price: 0.000000033890 - Current percentage: -6.21% - Max: 0.00% - Min: -6.21% - Market Cap 7284 - Trading time: 00:00:42
08-09-2025 17:18:26.110 INFO Current price: 0.000000033849 - Current percentage: -6.44% - Max: 0.00% - Min: -6.44% - Market Cap 7266 - Trading time: 00:00:48
08-09-2025 17:18:58.140 INFO Current price: 0.000000035852 - Current percentage: -0.75% - Max: 0.00% - Min: -6.44% - Market Cap 7708 - Trading time: 00:01:20
08-09-2025 17:19:05.932 INFO Current price: 0.000000036895 - Current percentage: 5.04% - Max: 5.04% - Min: -6.44% - Market Cap 8158 - Trading time: 00:01:28
08-09-2025 17:20:15.398 INFO Current price: 0.000000040120 - Current percentage: 11.06% - Max: 11.06% - Min: -6.44% - Market Cap 8625 - Trading time: 00:02:37
08-09-2025 17:20:15.563 INFO Current price: 0.000000040913 - Current percentage: 15.43% - Max: 15.43% - Min: -6.44% - Market Cap 8965 - Trading time: 00:02:38
08-09-2025 17:20:15.574 INFO Current price: 0.000000041951 - Current percentage: 16.77% - Max: 16.77% - Min: -6.44% - Market Cap 9069 - Trading time: 00:02:38
08-09-2025 17:20:15.638 INFO Current price: 0.000000042657 - Current percentage: 19.35% - Max: 19.35% - Min: -6.44% - Market Cap 9269 - Trading time: 00:02:38
08-09-2025 17:20:15.746 INFO Current price: 0.000000043369 - Current percentage: 20.70% - Max: 20.70% - Min: -6.44% - Market Cap 9374 - Trading time: 00:02:38
08-09-2025 17:20:15.752 INFO Current price: 0.000000044175 - Current percentage: 23.83% - Max: 23.83% - Min: -6.44% - Market Cap 9617 - Trading time: 00:02:38
08-09-2025 17:20:15.864 INFO Current price: 0.000000044744 - Current percentage: 23.83% - Max: 23.83% - Min: -6.44% - Market Cap 9617 - Trading time: 00:02:38
08-09-2025 17:20:16.084 INFO Current price: 0.000000044752 - Current percentage: 23.87% - Max: 23.87% - Min: -6.44% - Market Cap 9620 - Trading time: 00:02:38
08-09-2025 17:20:16.817 INFO Current price: 0.000000044761 - Current percentage: 23.88% - Max: 23.88% - Min: -6.44% - Market Cap 9621 - Trading time: 00:02:39
08-09-2025 17:20:21.529 INFO Current price: 0.000000043478 - Current percentage: 16.87% - Max: 23.88% - Min: -6.44% - Market Cap 9077 - Trading time: 00:02:44
08-09-2025 17:20:21.562 INFO Current price: 0.000000041419 - Current percentage: 12.42% - Max: 23.88% - Min: -6.44% - Market Cap 8731 - Trading time: 00:02:44
08-09-2025 17:20:21.563 INFO Current price: 0.000000040393 - Current percentage: 11.16% - Max: 23.88% - Min: -6.44% - Market Cap 8633 - Trading time: 00:02:44
08-09-2025 17:20:21.625 INFO Current price: 0.000000039949 - Current percentage: 9.96% - Max: 23.88% - Min: -6.44% - Market Cap 8540 - Trading time: 00:02:44
08-09-2025 17:20:22.368 INFO Current price: 0.000000039735 - Current percentage: 9.97% - Max: 23.88% - Min: -6.44% - Market Cap 8540 - Trading time: 00:02:44
08-09-2025 17:20:25.971 INFO Current price: 0.000000039259 - Current percentage: 7.35% - Max: 23.88% - Min: -6.44% - Market Cap 8337 - Trading time: 00:02:48
08-09-2025 17:20:26.096 INFO Current price: 0.000000038389 - Current percentage: 5.15% - Max: 23.88% - Min: -6.44% - Market Cap 8166 - Trading time: 00:02:48
08-09-2025 17:20:26.783 INFO Current price: 0.000000037987 - Current percentage: 5.11% - Max: 23.88% - Min: -6.44% - Market Cap 8163 - Trading time: 00:02:49
08-09-2025 17:20:30.991 INFO Current price: 0.000000038010 - Current percentage: 5.11% - Max: 23.88% - Min: -6.44% - Market Cap 8163 - Trading time: 00:02:53
08-09-2025 17:20:33.192 INFO Current price: 0.000000040145 - Current percentage: 11.13% - Max: 23.88% - Min: -6.44% - Market Cap 8631 - Trading time: 00:02:55
08-09-2025 17:20:33.260 INFO Current price: 0.000000040378 - Current percentage: 12.36% - Max: 23.88% - Min: -6.44% - Market Cap 8726 - Trading time: 00:02:55
08-09-2025 17:21:19.846 INFO Current price: 0.000000040669 - Current percentage: 12.74% - Max: 23.88% - Min: -6.44% - Market Cap 8756 - Trading time: 00:03:42
08-09-2025 17:21:53.661 INFO Current price: 0.000000041862 - Current percentage: 19.05% - Max: 23.88% - Min: -6.44% - Market Cap 9246 - Trading time: 00:04:16
08-09-2025 17:21:53.974 INFO Current price: 0.000000043367 - Current percentage: 20.99% - Max: 23.88% - Min: -6.44% - Market Cap 9397 - Trading time: 00:04:16
08-09-2025 17:21:53.974 INFO Current price: 0.000000044199 - Current percentage: 23.66% - Max: 23.88% - Min: -6.44% - Market Cap 9604 - Trading time: 00:04:16
08-09-2025 17:21:53.974 INFO Current price: 0.000000044806 - Current percentage: 24.34% - Max: 24.34% - Min: -6.44% - Market Cap 9657 - Trading time: 00:04:16
08-09-2025 17:22:00.346 INFO Current price: 0.000000044964 - Current percentage: 24.53% - Max: 24.53% - Min: -6.44% - Market Cap 9672 - Trading time: 00:04:22
08-09-2025 17:22:28.887 INFO Current price: 0.000000044509 - Current percentage: 21.84% - Max: 24.53% - Min: -6.44% - Market Cap 9462 - Trading time: 00:04:51
08-09-2025 17:23:19.267 INFO Current price: 0.000000044521 - Current percentage: 24.60% - Max: 24.60% - Min: -6.44% - Market Cap 9677 - Trading time: 00:05:41
08-09-2025 17:23:19.268 INFO Current price: 0.000000045446 - Current percentage: 26.96% - Max: 26.96% - Min: -6.44% - Market Cap 9860 - Trading time: 00:05:41
08-09-2025 17:23:19.504 INFO Current price: 0.000000048232 - Current percentage: 40.34% - Max: 40.34% - Min: -6.44% - Market Cap 10899 - Trading time: 00:05:42
08-09-2025 17:23:20.681 INFO Current price: 0.000000050711 - Current percentage: 40.34% - Max: 40.34% - Min: -6.44% - Market Cap 10899 - Trading time: 00:05:43
08-09-2025 17:23:38.139 INFO Current price: 0.000000049623 - Current percentage: 34.39% - Max: 40.34% - Min: -6.44% - Market Cap 10437 - Trading time: 00:06:00
08-09-2025 17:23:38.308 INFO Current price: 0.000000048509 - Current percentage: 34.11% - Max: 40.34% - Min: -6.44% - Market Cap 10415 - Trading time: 00:06:00
08-09-2025 17:24:13.301 INFO Current price: 0.000000046140 - Current percentage: 21.58% - Max: 40.34% - Min: -6.44% - Market Cap 9443 - Trading time: 00:06:35
08-09-2025 17:24:13.480 INFO Current price: 0.000000043683 - Current percentage: 20.20% - Max: 40.34% - Min: -6.44% - Market Cap 9335 - Trading time: 00:06:36
08-09-2025 17:24:25.903 INFO Current price: 0.000000043485 - Current percentage: 20.49% - Max: 40.34% - Min: -6.44% - Market Cap 9357 - Trading time: 00:06:48
08-09-2025 17:24:33.533 INFO Current price: 0.000000043633 - Current percentage: 21.02% - Max: 40.34% - Min: -6.44% - Market Cap 9399 - Trading time: 00:06:56
08-09-2025 17:25:33.208 INFO Current price: 0.000000043886 - Current percentage: 21.88% - Max: 40.34% - Min: -6.44% - Market Cap 9466 - Trading time: 00:07:55
08-09-2025 17:25:33.210 INFO Current price: 0.000000044229 - Current percentage: 22.92% - Max: 40.34% - Min: -6.44% - Market Cap 9547 - Trading time: 00:07:55
08-09-2025 17:25:33.703 INFO Current price: 0.000000044419 - Current percentage: 22.93% - Max: 40.34% - Min: -6.44% - Market Cap 9547 - Trading time: 00:07:56
08-09-2025 17:25:59.587 INFO Current price: 0.000000045596 - Current percentage: 30.03% - Max: 40.34% - Min: -6.44% - Market Cap 10098 - Trading time: 00:08:22
08-09-2025 17:26:02.078 INFO Current price: 0.000000046800 - Current percentage: 30.02% - Max: 40.34% - Min: -6.44% - Market Cap 10098 - Trading time: 00:08:24
08-09-2025 17:26:02.554 INFO Current price: 0.000000046798 - Current percentage: 30.01% - Max: 40.34% - Min: -6.44% - Market Cap 10097 - Trading time: 00:08:25
08-09-2025 17:26:32.678 INFO Current price: 0.000000046759 - Current percentage: 29.81% - Max: 40.34% - Min: -6.44% - Market Cap 10081 - Trading time: 00:08:55
08-09-2025 17:33:27.703 INFO Current price: 0.000000045535 - Current percentage: 23.25% - Max: 40.34% - Min: -6.44% - Market Cap 9572 - Trading time: 00:15:50
08-09-2025 17:33:42.578 INFO Current price: 0.000000044950 - Current percentage: 26.54% - Max: 40.34% - Min: -6.44% - Market Cap 9827 - Trading time: 00:16:05
08-09-2025 17:34:24.667 INFO Current price: 0.000000044950 - Current percentage: 23.25% - Max: 40.34% - Min: -6.44% - Market Cap 9572 - Trading time: 00:16:47
08-09-2025 17:35:00.625 INFO Current price: 0.000000044286 - Current percentage: 22.82% - Max: 40.34% - Min: -6.44% - Market Cap 9539 - Trading time: 00:17:23
08-09-2025 17:35:15.846 INFO Current price: 0.000000044275 - Current percentage: 23.19% - Max: 40.34% - Min: -6.44% - Market Cap 9568 - Trading time: 00:17:38
08-09-2025 17:36:42.627 INFO Current price: 0.000000044275 - Current percentage: 23.11% - Max: 40.34% - Min: -6.44% - Market Cap 9561 - Trading time: 00:19:05
08-09-2025 17:36:54.251 INFO Current price: 0.000000044265 - Current percentage: 23.43% - Max: 40.34% - Min: -6.44% - Market Cap 9586 - Trading time: 00:19:16
08-09-2025 17:37:03.626 INFO Current price: 0.000000044358 - Current percentage: 23.62% - Max: 40.34% - Min: -6.44% - Market Cap 9601 - Trading time: 00:19:26






08-09-2025 17:37:37.461 INFO {"type":"summary","reason":"max_window","startedAt":"2025-09-08T15:17:37.461Z","endedAt":"2025-09-08T15:37:37.461Z","durationSec":1200,"entryPrice":3.7492328000184535e-8,"entryMarketCapSol":36.13384257419314,"entryMarketCapUsd":7766.246784471332,"minPct":-6.436009766502705,"maxPct":40.341595142593846,"buyCount":34,"sellCount":27,"tradeCount":61,"entryRecorded":true,"noPostThresholdTrades":false,"triggerAt":"2025-09-08T15:17:37.461Z","ageAtTriggerSec":161,"preTotalTrades":39,"preBuys":26,"preSells":13,"preUniqueTraders":26,"preEntryTotalTrades":41,"preEntryBuys":26,"preEntrySells":15,"preEntryUniqueTraders":26,"preEntryMinMcUsd":6426.02558053766,"preEntryMaxMcUsd":9255.271287539166,"thresholdMcSol":36.13384257419314,"thresholdMcUsd":7766.246784471332,"thresholdPrice":3.7492328000184535e-8}
