07-09-2025 01:30:09.334 INFO Entry price: 0.000000030207399892 - Entry market cap: 6068 - Buys 3 - Sells 1 - Ratio: 1:0.33 - Min MarketCap: 5611 - Max MarketCap: 6060
07-09-2025 01:30:09.334 INFO Current price: 0.000000030207 - Current percentage: 0.00% - Max: 0.00% - Min: 0.00% - Market Cap 6068 - Trading time: 00:00:02
07-09-2025 01:31:02.339 INFO Current price: 0.000000030671 - Current percentage: 3.16% - Max: 3.16% - Min: 0.00% - Market Cap 6260 - Trading time: 00:00:55
07-09-2025 01:31:23.300 INFO Current price: 0.000000030671 - Current percentage: 0.00% - Max: 3.16% - Min: 0.00% - Market Cap 6068 - Trading time: 00:01:15
07-09-2025 01:31:24.285 INFO Current price: 0.000000029607 - Current percentage: -3.87% - Max: 3.16% - Min: -3.87% - Market Cap 5834 - Trading time: 00:01:16
07-09-2025 01:32:02.583 INFO Current price: 0.000000028937 - Current percentage: -4.48% - Max: 3.16% - Min: -4.48% - Market Cap 5797 - Trading time: 00:01:55
07-09-2025 01:32:16.430 INFO Current price: 0.000000029770 - Current percentage: 1.75% - Max: 3.16% - Min: -4.48% - Market Cap 6175 - Trading time: 00:02:09
07-09-2025 01:32:26.296 INFO Current price: 0.000000030235 - Current percentage: -1.47% - Max: 3.16% - Min: -4.48% - Market Cap 5979 - Trading time: 00:02:18
07-09-2025 01:33:56.728 INFO Current price: 0.000000030232 - Current percentage: 1.70% - Max: 3.16% - Min: -4.48% - Market Cap 6171 - Trading time: 00:03:49
07-09-2025 01:33:56.866 INFO Current price: 0.000000031296 - Current percentage: 5.62% - Max: 5.62% - Min: -4.48% - Market Cap 6409 - Trading time: 00:03:49
07-09-2025 01:33:57.244 INFO Current price: 0.000000032171 - Current percentage: 7.47% - Max: 7.47% - Min: -4.48% - Market Cap 6522 - Trading time: 00:03:49
07-09-2025 01:36:59.388 INFO Current price: 0.000000033945 - Current percentage: 14.10% - Max: 14.10% - Min: -4.48% - Market Cap 6924 - Trading time: 00:06:52
07-09-2025 01:36:59.706 INFO Current price: 0.000000034456 - Current percentage: 14.10% - Max: 14.10% - Min: -4.48% - Market Cap 6924 - Trading time: 00:06:52
07-09-2025 01:37:09.991 INFO Current price: 0.000000034456 - Current percentage: 14.10% - Max: 14.10% - Min: -4.48% - Market Cap 6924 - Trading time: 00:07:02
07-09-2025 01:39:24.334 INFO Current price: 0.000000035468 - Current percentage: 20.62% - Max: 20.62% - Min: -4.48% - Market Cap 7320 - Trading time: 00:09:17
07-09-2025 01:40:11.741 INFO Current price: 0.000000035468 - Current percentage: 13.84% - Max: 20.62% - Min: -4.48% - Market Cap 6908 - Trading time: 00:10:04
07-09-2025 01:41:03.717 INFO Current price: 0.000000033786 - Current percentage: 9.45% - Max: 20.62% - Min: -4.48% - Market Cap 6642 - Trading time: 00:10:56
07-09-2025 01:41:11.559 INFO Current price: 0.000000032763 - Current percentage: 7.05% - Max: 20.62% - Min: -4.48% - Market Cap 6496 - Trading time: 00:11:04
07-09-2025 01:42:17.789 INFO Current price: 0.000000032435 - Current percentage: 7.27% - Max: 20.62% - Min: -4.48% - Market Cap 6510 - Trading time: 00:12:10
07-09-2025 01:44:53.210 INFO Current price: 0.000000032001 - Current percentage: 4.20% - Max: 20.62% - Min: -4.48% - Market Cap 6324 - Trading time: 00:14:45
07-09-2025 01:45:03.263 INFO Current price: 0.000000031043 - Current percentage: 0.95% - Max: 20.62% - Min: -4.48% - Market Cap 6126 - Trading time: 00:14:55






07-09-2025 01:50:07.334 INFO {"type":"summary","reason":"max_window","startedAt":"2025-09-06T23:30:07.334Z","endedAt":"2025-09-06T23:50:07.334Z","durationSec":1199,"entryPrice":3.0207399891954604e-8,"entryMarketCapSol":30.19706730863399,"entryMarketCapUsd":6068.402646343087,"minPct":-4.477932131834803,"maxPct":20.61951856279109,"buyCount":9,"sellCount":10,"tradeCount":19,"entryRecorded":true,"noPostThresholdTrades":false,"triggerAt":"2025-09-06T23:30:07.333Z","ageAtTriggerSec":280,"preTotalTrades":4,"preBuys":3,"preSells":1,"preUniqueTraders":4,"preEntryTotalTrades":4,"preEntryBuys":3,"preEntrySells":1,"preEntryUniqueTraders":4,"preEntryMinMcUsd":5611.1484911988455,"preEntryMaxMcUsd":6060.4688172444885,"thresholdMcSol":30.19706730863399,"thresholdMcUsd":6068.402646343087,"thresholdPrice":3.0207399891954604e-8}
