08-09-2025 00:20:03.954 INFO Entry price: 0.000000036835306241 - Entry market cap: 7031 - Buys 29 - Sells 33 - Ratio: 1:1.14 - Min MarketCap: 6555 - Max MarketCap: 9165
08-09-2025 00:20:03.954 INFO Current price: 0.000000036835 - Current percentage: 0.00% - Max: 0.00% - Min: 0.00% - Market Cap 7031 - Trading time: 00:00:02
08-09-2025 00:20:06.293 INFO Current price: 0.000000036304 - Current percentage: 5.79% - Max: 5.79% - Min: 0.00% - Market Cap 7438 - Trading time: 00:00:04
08-09-2025 00:20:06.310 INFO Current price: 0.000000036300 - Current percentage: 5.78% - Max: 5.79% - Min: 0.00% - Market Cap 7437 - Trading time: 00:00:04
08-09-2025 00:20:06.310 INFO Current price: 0.000000036296 - Current percentage: 5.77% - Max: 5.79% - Min: 0.00% - Market Cap 7437 - Trading time: 00:00:04
08-09-2025 00:20:06.494 INFO Current price: 0.000000036292 - Current percentage: 5.76% - Max: 5.79% - Min: 0.00% - Market Cap 7436 - Trading time: 00:00:04
08-09-2025 00:20:06.591 INFO Current price: 0.000000036288 - Current percentage: 5.75% - Max: 5.79% - Min: 0.00% - Market Cap 7435 - Trading time: 00:00:04
08-09-2025 00:20:06.712 INFO Current price: 0.000000036817 - Current percentage: 8.86% - Max: 8.86% - Min: 0.00% - Market Cap 7654 - Trading time: 00:00:04
08-09-2025 00:20:07.125 INFO Current price: 0.000000037356 - Current percentage: 8.86% - Max: 8.86% - Min: 0.00% - Market Cap 7654 - Trading time: 00:00:05
08-09-2025 00:20:07.151 INFO Current price: 0.000000037355 - Current percentage: 8.86% - Max: 8.86% - Min: 0.00% - Market Cap 7654 - Trading time: 00:00:05
08-09-2025 00:20:07.289 INFO Current price: 0.000000037353 - Current percentage: 8.85% - Max: 8.86% - Min: 0.00% - Market Cap 7653 - Trading time: 00:00:05
08-09-2025 00:20:07.305 INFO Current price: 0.000000037349 - Current percentage: 8.84% - Max: 8.86% - Min: 0.00% - Market Cap 7652 - Trading time: 00:00:05
08-09-2025 00:20:07.659 INFO Current price: 0.000000037211 - Current percentage: 8.05% - Max: 8.86% - Min: 0.00% - Market Cap 7597 - Trading time: 00:00:05
08-09-2025 00:20:07.961 INFO Current price: 0.000000037075 - Current percentage: 8.05% - Max: 8.86% - Min: 0.00% - Market Cap 7597 - Trading time: 00:00:06
08-09-2025 00:20:08.799 INFO Current price: 0.000000036029 - Current percentage: 2.04% - Max: 8.86% - Min: 0.00% - Market Cap 7174 - Trading time: 00:00:06
08-09-2025 00:20:09.631 INFO Current price: 0.000000034189 - Current percentage: -2.71% - Max: 8.86% - Min: -2.71% - Market Cap 6840 - Trading time: 00:00:07
08-09-2025 00:20:10.701 INFO Current price: 0.000000032494 - Current percentage: -7.83% - Max: 8.86% - Min: -7.83% - Market Cap 6481 - Trading time: 00:00:08
08-09-2025 00:20:10.875 INFO Current price: 0.000000030851 - Current percentage: -12.30% - Max: 8.86% - Min: -12.30% - Market Cap 6166 - Trading time: 00:00:08
08-09-2025 00:20:13.643 INFO Current price: 0.000000030660 - Current percentage: -8.97% - Max: 8.86% - Min: -12.30% - Market Cap 6401 - Trading time: 00:00:11
08-09-2025 00:20:29.085 INFO Current price: 0.000000030982 - Current percentage: -10.45% - Max: 8.86% - Min: -12.30% - Market Cap 6296 - Trading time: 00:00:27
08-09-2025 00:20:29.375 INFO Current price: 0.000000030545 - Current percentage: -11.52% - Max: 8.86% - Min: -12.30% - Market Cap 6221 - Trading time: 00:00:27
08-09-2025 00:20:30.525 INFO Current price: 0.000000030391 - Current percentage: -11.35% - Max: 8.86% - Min: -12.30% - Market Cap 6233 - Trading time: 00:00:28
08-09-2025 00:20:40.350 INFO Current price: 0.000000030274 - Current percentage: -12.20% - Max: 8.86% - Min: -12.30% - Market Cap 6173 - Trading time: 00:00:38
08-09-2025 00:20:40.351 INFO Current price: 0.000000029985 - Current percentage: -13.03% - Max: 8.86% - Min: -13.03% - Market Cap 6115 - Trading time: 00:00:38
08-09-2025 00:20:40.615 INFO Current price: 0.000000029821 - Current percentage: -13.15% - Max: 8.86% - Min: -13.15% - Market Cap 6106 - Trading time: 00:00:38
08-09-2025 00:21:01.623 INFO Current price: 0.000000029847 - Current percentage: -12.88% - Max: 8.86% - Min: -13.15% - Market Cap 6125 - Trading time: 00:00:59
08-09-2025 00:21:06.961 INFO Current price: 0.000000030199 - Current percentage: -11.09% - Max: 8.86% - Min: -13.15% - Market Cap 6251 - Trading time: 00:01:05
08-09-2025 00:21:21.069 INFO Current price: 0.000000030461 - Current percentage: -11.37% - Max: 8.86% - Min: -13.15% - Market Cap 6232 - Trading time: 00:01:19
08-09-2025 00:21:34.190 INFO Current price: 0.000000030603 - Current percentage: -10.26% - Max: 8.86% - Min: -13.15% - Market Cap 6310 - Trading time: 00:01:32
08-09-2025 00:21:38.753 INFO Current price: 0.000000031736 - Current percentage: -4.69% - Max: 8.86% - Min: -13.15% - Market Cap 6701 - Trading time: 00:01:36
08-09-2025 00:21:38.854 INFO Current price: 0.000000033502 - Current percentage: 0.01% - Max: 8.86% - Min: -13.15% - Market Cap 7032 - Trading time: 00:01:36
08-09-2025 00:21:39.057 INFO Current price: 0.000000034328 - Current percentage: 0.07% - Max: 8.86% - Min: -13.15% - Market Cap 7036 - Trading time: 00:01:37
08-09-2025 00:21:39.132 INFO Current price: 0.000000034431 - Current percentage: 0.61% - Max: 8.86% - Min: -13.15% - Market Cap 7074 - Trading time: 00:01:37
08-09-2025 00:21:39.292 INFO Current price: 0.000000034525 - Current percentage: 0.62% - Max: 8.86% - Min: -13.15% - Market Cap 7075 - Trading time: 00:01:37
08-09-2025 00:21:40.158 INFO Current price: 0.000000034858 - Current percentage: 2.56% - Max: 8.86% - Min: -13.15% - Market Cap 7211 - Trading time: 00:01:38
08-09-2025 00:21:44.396 INFO Current price: 0.000000035703 - Current percentage: 5.56% - Max: 8.86% - Min: -13.15% - Market Cap 7422 - Trading time: 00:01:42
08-09-2025 00:21:46.390 INFO Current price: 0.000000036232 - Current percentage: 5.62% - Max: 8.86% - Min: -13.15% - Market Cap 7426 - Trading time: 00:01:44
08-09-2025 00:21:50.351 INFO Current price: 0.000000036370 - Current percentage: 6.37% - Max: 8.86% - Min: -13.15% - Market Cap 7479 - Trading time: 00:01:48
08-09-2025 00:22:02.868 INFO Current price: 0.000000037268 - Current percentage: 10.90% - Max: 10.90% - Min: -13.15% - Market Cap 7797 - Trading time: 00:02:00
08-09-2025 00:22:08.124 INFO Current price: 0.000000038159 - Current percentage: 11.52% - Max: 11.52% - Min: -13.15% - Market Cap 7841 - Trading time: 00:02:06
08-09-2025 00:22:19.882 INFO Current price: 0.000000037708 - Current percentage: 8.29% - Max: 11.52% - Min: -13.15% - Market Cap 7614 - Trading time: 00:02:17
08-09-2025 00:22:34.882 INFO Current price: 0.000000037183 - Current percentage: 8.44% - Max: 11.52% - Min: -13.15% - Market Cap 7624 - Trading time: 00:02:32
08-09-2025 00:22:46.198 INFO Current price: 0.000000037067 - Current percentage: 7.61% - Max: 11.52% - Min: -13.15% - Market Cap 7566 - Trading time: 00:02:44
08-09-2025 00:22:57.673 INFO Current price: 0.000000036391 - Current percentage: 4.52% - Max: 11.52% - Min: -13.15% - Market Cap 7349 - Trading time: 00:02:55
08-09-2025 00:22:59.664 INFO Current price: 0.000000035111 - Current percentage: 0.17% - Max: 11.52% - Min: -13.15% - Market Cap 7043 - Trading time: 00:02:57
08-09-2025 00:23:09.734 INFO Current price: 0.000000033556 - Current percentage: -4.54% - Max: 11.52% - Min: -13.15% - Market Cap 6712 - Trading time: 00:03:07
08-09-2025 00:23:09.899 INFO Current price: 0.000000032756 - Current percentage: -4.55% - Max: 11.52% - Min: -13.15% - Market Cap 6711 - Trading time: 00:03:07
08-09-2025 00:23:12.849 INFO Current price: 0.000000033198 - Current percentage: -1.94% - Max: 11.52% - Min: -13.15% - Market Cap 6894 - Trading time: 00:03:10
08-09-2025 00:23:22.176 INFO Current price: 0.000000034148 - Current percentage: 0.99% - Max: 11.52% - Min: -13.15% - Market Cap 7101 - Trading time: 00:03:20
08-09-2025 00:23:22.830 INFO Current price: 0.000000034751 - Current percentage: 1.55% - Max: 11.52% - Min: -13.15% - Market Cap 7140 - Trading time: 00:03:20
08-09-2025 00:23:23.701 INFO Current price: 0.000000034898 - Current percentage: 1.85% - Max: 11.52% - Min: -13.15% - Market Cap 7161 - Trading time: 00:03:21
08-09-2025 00:23:37.254 INFO Current price: 0.000000034998 - Current percentage: 2.14% - Max: 11.52% - Min: -13.15% - Market Cap 7181 - Trading time: 00:03:35
08-09-2025 00:23:53.048 INFO Current price: 0.000000034951 - Current percentage: 1.57% - Max: 11.52% - Min: -13.15% - Market Cap 7142 - Trading time: 00:03:51
08-09-2025 00:23:54.691 INFO Current price: 0.000000034380 - Current percentage: -1.17% - Max: 11.52% - Min: -13.15% - Market Cap 6949 - Trading time: 00:03:52
08-09-2025 00:24:00.753 INFO Current price: 0.000000033923 - Current percentage: -1.11% - Max: 11.52% - Min: -13.15% - Market Cap 6953 - Trading time: 00:03:58
08-09-2025 00:24:01.527 INFO Current price: 0.000000033247 - Current percentage: -5.07% - Max: 11.52% - Min: -13.15% - Market Cap 6674 - Trading time: 00:03:59
08-09-2025 00:24:05.024 INFO Current price: 0.000000032484 - Current percentage: -5.60% - Max: 11.52% - Min: -13.15% - Market Cap 6638 - Trading time: 00:04:03
08-09-2025 00:24:06.655 INFO Current price: 0.000000031926 - Current percentage: -8.30% - Max: 11.52% - Min: -13.15% - Market Cap 6447 - Trading time: 00:04:04
08-09-2025 00:24:13.774 INFO Current price: 0.000000031268 - Current percentage: -9.45% - Max: 11.52% - Min: -13.15% - Market Cap 6367 - Trading time: 00:04:11
08-09-2025 00:25:04.467 INFO Current price: 0.000000031063 - Current percentage: -9.50% - Max: 11.52% - Min: -13.15% - Market Cap 6363 - Trading time: 00:05:02
08-09-2025 00:25:05.717 INFO Current price: 0.000000030975 - Current percentage: -9.96% - Max: 11.52% - Min: -13.15% - Market Cap 6331 - Trading time: 00:05:03
08-09-2025 00:25:09.768 INFO Current price: 0.000000030320 - Current percentage: -13.29% - Max: 11.52% - Min: -13.29% - Market Cap 6097 - Trading time: 00:05:07
08-09-2025 00:26:30.187 INFO Current price: 0.000000029682 - Current percentage: -13.71% - Max: 11.52% - Min: -13.71% - Market Cap 6067 - Trading time: 00:06:28
08-09-2025 00:28:00.901 INFO Current price: 0.000000029632 - Current percentage: -13.38% - Max: 11.52% - Min: -13.71% - Market Cap 6090 - Trading time: 00:07:58
08-09-2025 00:28:23.288 INFO Current price: 0.000000029804 - Current percentage: -12.51% - Max: 11.52% - Min: -13.71% - Market Cap 6151 - Trading time: 00:08:21
08-09-2025 00:31:46.970 INFO Current price: 0.000000029804 - Current percentage: -13.38% - Max: 11.52% - Min: -13.71% - Market Cap 6090 - Trading time: 00:11:45
08-09-2025 00:34:37.713 INFO Current price: 0.000000028817 - Current percentage: -18.21% - Max: 11.52% - Min: -18.21% - Market Cap 5750 - Trading time: 00:14:35






08-09-2025 00:40:01.957 INFO {"type":"summary","reason":"max_window","startedAt":"2025-09-07T22:20:01.953Z","endedAt":"2025-09-07T22:40:01.957Z","durationSec":1200,"entryPrice":3.6835306241202125e-8,"entryMarketCapSol":34.31437062165659,"entryMarketCapUsd":7031.014540377436,"minPct":-18.214057628452338,"maxPct":11.51612763395302,"buyCount":28,"sellCount":45,"tradeCount":73,"entryRecorded":true,"noPostThresholdTrades":false,"triggerAt":"2025-09-07T22:20:01.953Z","ageAtTriggerSec":16,"preTotalTrades":54,"preBuys":27,"preSells":27,"preUniqueTraders":27,"preEntryTotalTrades":62,"preEntryBuys":29,"preEntrySells":33,"preEntryUniqueTraders":29,"preEntryMinMcUsd":6554.535204994268,"preEntryMaxMcUsd":9165.341005016688,"thresholdMcSol":34.31437062165659,"thresholdMcUsd":7031.014540377436,"thresholdPrice":3.6835306241202125e-8}
