07-09-2025 23:31:20.801 INFO Entry price: 0.000000038543324234 - Entry market cap: 7337 - Buys 5 - Sells 2 - Ratio: 1:0.40 - Min MarketCap: 6917 - Max MarketCap: 9119
07-09-2025 23:31:20.801 INFO Current price: 0.000000038543 - Current percentage: 0.00% - Max: 0.00% - Min: 0.00% - Market Cap 7337 - Trading time: 00:00:02
07-09-2025 23:31:20.832 INFO Current price: 0.000000041636 - Current percentage: 20.38% - Max: 20.38% - Min: 0.00% - Market Cap 8832 - Trading time: 00:00:02
07-09-2025 23:31:20.834 INFO Current price: 0.000000045034 - Current percentage: 30.84% - Max: 30.84% - Min: 0.00% - Market Cap 9600 - Trading time: 00:00:02
07-09-2025 23:31:20.987 INFO Current price: 0.000000047191 - Current percentage: 32.19% - Max: 32.19% - Min: 0.00% - Market Cap 9699 - Trading time: 00:00:02
07-09-2025 23:31:22.696 INFO Current price: 0.000000046661 - Current percentage: 27.92% - Max: 32.19% - Min: 0.00% - Market Cap 9385 - Trading time: 00:00:03
07-09-2025 23:31:24.445 INFO Current price: 0.000000043762 - Current percentage: 16.27% - Max: 32.19% - Min: 0.00% - Market Cap 8531 - Trading time: 00:00:05
07-09-2025 23:31:24.869 INFO Current price: 0.000000042250 - Current percentage: 19.23% - Max: 32.19% - Min: 0.00% - Market Cap 8748 - Trading time: 00:00:06
07-09-2025 23:31:24.879 INFO Current price: 0.000000041114 - Current percentage: 10.10% - Max: 32.19% - Min: 0.00% - Market Cap 8078 - Trading time: 00:00:06
07-09-2025 23:31:24.880 INFO Current price: 0.000000038142 - Current percentage: 2.62% - Max: 32.19% - Min: 0.00% - Market Cap 7529 - Trading time: 00:00:06
07-09-2025 23:31:24.880 INFO Current price: 0.000000037382 - Current percentage: 5.76% - Max: 32.19% - Min: 0.00% - Market Cap 7760 - Trading time: 00:00:06
07-09-2025 23:31:24.900 INFO Current price: 0.000000038520 - Current percentage: 8.96% - Max: 32.19% - Min: 0.00% - Market Cap 7994 - Trading time: 00:00:06
07-09-2025 23:31:24.902 INFO Current price: 0.000000039589 - Current percentage: 11.71% - Max: 32.19% - Min: 0.00% - Market Cap 8196 - Trading time: 00:00:06
07-09-2025 23:31:25.275 INFO Current price: 0.000000037905 - Current percentage: -0.11% - Max: 32.19% - Min: -0.11% - Market Cap 7329 - Trading time: 00:00:06
07-09-2025 23:31:25.515 INFO Current price: 0.000000038939 - Current percentage: 17.89% - Max: 32.19% - Min: -0.11% - Market Cap 8649 - Trading time: 00:00:06
07-09-2025 23:31:26.709 INFO Current price: 0.000000038939 - Current percentage: -0.11% - Max: 32.19% - Min: -0.11% - Market Cap 7329 - Trading time: 00:00:07
07-09-2025 23:31:27.146 INFO Current price: 0.000000034599 - Current percentage: -6.93% - Max: 32.19% - Min: -6.93% - Market Cap 6829 - Trading time: 00:00:08
07-09-2025 23:31:27.150 INFO Current price: 0.000000032178 - Current percentage: -13.60% - Max: 32.19% - Min: -13.60% - Market Cap 6339 - Trading time: 00:00:08
07-09-2025 23:31:29.798 INFO Current price: 0.000000030674 - Current percentage: -15.43% - Max: 32.19% - Min: -15.43% - Market Cap 6205 - Trading time: 00:00:10
07-09-2025 23:31:29.799 INFO Current price: 0.000000030020 - Current percentage: -17.24% - Max: 32.19% - Min: -17.24% - Market Cap 6072 - Trading time: 00:00:10
07-09-2025 23:31:29.801 INFO Current price: 0.000000029313 - Current percentage: -19.37% - Max: 32.19% - Min: -19.37% - Market Cap 5916 - Trading time: 00:00:11
07-09-2025 23:31:29.803 INFO Current price: 0.000000028555 - Current percentage: -21.47% - Max: 32.19% - Min: -21.47% - Market Cap 5762 - Trading time: 00:00:11
07-09-2025 23:31:51.044 INFO Current price: 0.000000028070 - Current percentage: -22.08% - Max: 32.19% - Min: -22.08% - Market Cap 5717 - Trading time: 00:00:32






07-09-2025 23:41:51.045 INFO {"type":"summary","reason":"inactivity","startedAt":"2025-09-07T21:31:18.801Z","endedAt":"2025-09-07T21:41:51.045Z","durationSec":632,"entryPrice":3.85433242339094e-8,"entryMarketCapSol":35.883706805117036,"entryMarketCapUsd":7337.141530442281,"minPct":-22.084433394579275,"maxPct":32.18830414426219,"buyCount":9,"sellCount":13,"tradeCount":22,"entryRecorded":true,"noPostThresholdTrades":false,"triggerAt":"2025-09-07T21:31:18.801Z","ageAtTriggerSec":10,"preTotalTrades":6,"preBuys":4,"preSells":2,"preUniqueTraders":4,"preEntryTotalTrades":7,"preEntryBuys":5,"preEntrySells":2,"preEntryUniqueTraders":5,"preEntryMinMcUsd":6917.29822926374,"preEntryMaxMcUsd":9118.688063043239,"thresholdMcSol":35.883706805117036,"thresholdMcUsd":7337.141530442281,"thresholdPrice":3.85433242339094e-8}
