07-09-2025 19:54:50.880 INFO Entry price: 0.000000036914884951 - Entry market cap: 6732 - Buys 10 - Sells 8 - Ratio: 1:0.80 - Min MarketCap: 6799 - Max MarketCap: 10105
07-09-2025 19:54:50.880 INFO Current price: 0.000000036915 - Current percentage: 0.00% - Max: 0.00% - Min: 0.00% - Market Cap 6732 - Trading time: 00:00:02
07-09-2025 19:54:51.206 INFO Current price: 0.000000033587 - Current percentage: 1.00% - Max: 1.00% - Min: 0.00% - Market Cap 6799 - Trading time: 00:00:02
07-09-2025 19:54:53.737 INFO Current price: 0.000000035085 - Current percentage: 10.21% - Max: 10.21% - Min: 0.00% - Market Cap 7420 - Trading time: 00:00:04
07-09-2025 19:54:53.797 INFO Current price: 0.000000036461 - Current percentage: 9.07% - Max: 10.21% - Min: 0.00% - Market Cap 7343 - Trading time: 00:00:04
07-09-2025 19:54:57.964 INFO Current price: 0.000000036272 - Current percentage: 9.07% - Max: 10.21% - Min: 0.00% - Market Cap 7343 - Trading time: 00:00:09
07-09-2025 19:55:04.927 INFO Current price: 0.000000034731 - Current percentage: 0.00% - Max: 10.21% - Min: 0.00% - Market Cap 6732 - Trading time: 00:00:16
07-09-2025 19:55:06.963 INFO Current price: 0.000000031688 - Current percentage: -9.20% - Max: 10.21% - Min: -9.20% - Market Cap 6113 - Trading time: 00:00:18
07-09-2025 19:55:06.968 INFO Current price: 0.000000029056 - Current percentage: -15.93% - Max: 10.21% - Min: -15.93% - Market Cap 5660 - Trading time: 00:00:18
07-09-2025 19:55:15.142 INFO Current price: 0.000000029434 - Current percentage: -8.63% - Max: 10.21% - Min: -15.93% - Market Cap 6151 - Trading time: 00:00:26
07-09-2025 19:55:15.260 INFO Current price: 0.000000030479 - Current percentage: -8.06% - Max: 10.21% - Min: -15.93% - Market Cap 6189 - Trading time: 00:00:26
07-09-2025 19:55:15.266 INFO Current price: 0.000000031054 - Current percentage: -5.15% - Max: 10.21% - Min: -15.93% - Market Cap 6385 - Trading time: 00:00:26
07-09-2025 19:55:15.270 INFO Current price: 0.000000031638 - Current percentage: -4.57% - Max: 10.21% - Min: -15.93% - Market Cap 6424 - Trading time: 00:00:26
07-09-2025 19:55:15.507 INFO Current price: 0.000000031840 - Current percentage: -3.94% - Max: 10.21% - Min: -15.93% - Market Cap 6467 - Trading time: 00:00:26
07-09-2025 19:55:15.552 INFO Current price: 0.000000031955 - Current percentage: -3.88% - Max: 10.21% - Min: -15.93% - Market Cap 6471 - Trading time: 00:00:26
07-09-2025 19:55:15.701 INFO Current price: 0.000000031967 - Current percentage: -3.87% - Max: 10.21% - Min: -15.93% - Market Cap 6472 - Trading time: 00:00:26
07-09-2025 19:55:25.336 INFO Current price: 0.000000033918 - Current percentage: 8.21% - Max: 10.21% - Min: -15.93% - Market Cap 7285 - Trading time: 00:00:36
07-09-2025 19:55:25.584 INFO Current price: 0.000000036916 - Current percentage: 13.88% - Max: 13.88% - Min: -15.93% - Market Cap 7667 - Trading time: 00:00:36
07-09-2025 19:55:26.116 INFO Current price: 0.000000037977 - Current percentage: 14.52% - Max: 14.52% - Min: -15.93% - Market Cap 7710 - Trading time: 00:00:37
07-09-2025 19:55:28.985 INFO Current price: 0.000000039146 - Current percentage: 21.00% - Max: 21.00% - Min: -15.93% - Market Cap 8146 - Trading time: 00:00:40
07-09-2025 19:55:32.520 INFO Current price: 0.000000039195 - Current percentage: 14.80% - Max: 21.00% - Min: -15.93% - Market Cap 7729 - Trading time: 00:00:43
07-09-2025 19:55:38.595 INFO Current price: 0.000000037167 - Current percentage: 8.80% - Max: 21.00% - Min: -15.93% - Market Cap 7325 - Trading time: 00:00:49
07-09-2025 19:55:38.642 INFO Current price: 0.000000034098 - Current percentage: -3.37% - Max: 21.00% - Min: -15.93% - Market Cap 6505 - Trading time: 00:00:49
07-09-2025 19:55:43.383 INFO Current price: 0.000000032141 - Current percentage: -3.35% - Max: 21.00% - Min: -15.93% - Market Cap 6507 - Trading time: 00:00:54
07-09-2025 19:55:45.353 INFO Current price: 0.000000031640 - Current percentage: -6.34% - Max: 21.00% - Min: -15.93% - Market Cap 6305 - Trading time: 00:00:56
07-09-2025 19:55:46.030 INFO Current price: 0.000000031186 - Current percentage: -6.10% - Max: 21.00% - Min: -15.93% - Market Cap 6321 - Trading time: 00:00:57
07-09-2025 19:57:43.616 INFO Current price: 0.000000031186 - Current percentage: -6.34% - Max: 21.00% - Min: -15.93% - Market Cap 6305 - Trading time: 00:02:54
07-09-2025 19:58:17.977 INFO Current price: 0.000000032109 - Current percentage: -0.46% - Max: 21.00% - Min: -15.93% - Market Cap 6701 - Trading time: 00:03:29
07-09-2025 19:58:41.991 INFO Current price: 0.000000035129 - Current percentage: 11.95% - Max: 21.00% - Min: -15.93% - Market Cap 7536 - Trading time: 00:03:53
07-09-2025 19:58:44.758 INFO Current price: 0.000000037496 - Current percentage: 13.24% - Max: 21.00% - Min: -15.93% - Market Cap 7624 - Trading time: 00:03:55
07-09-2025 19:58:45.100 INFO Current price: 0.000000038011 - Current percentage: 15.04% - Max: 21.00% - Min: -15.93% - Market Cap 7745 - Trading time: 00:03:56
07-09-2025 19:58:47.391 INFO Current price: 0.000000037158 - Current percentage: 8.22% - Max: 21.00% - Min: -15.93% - Market Cap 7285 - Trading time: 00:03:58
07-09-2025 19:58:47.542 INFO Current price: 0.000000036246 - Current percentage: 9.46% - Max: 21.00% - Min: -15.93% - Market Cap 7369 - Trading time: 00:03:58
07-09-2025 19:58:48.074 INFO Current price: 0.000000037827 - Current percentage: 17.86% - Max: 21.00% - Min: -15.93% - Market Cap 7935 - Trading time: 00:03:59
07-09-2025 19:58:48.106 INFO Current price: 0.000000040676 - Current percentage: 26.57% - Max: 26.57% - Min: -15.93% - Market Cap 8521 - Trading time: 00:03:59
07-09-2025 19:58:48.148 INFO Current price: 0.000000042951 - Current percentage: 31.42% - Max: 31.42% - Min: -15.93% - Market Cap 8847 - Trading time: 00:03:59
07-09-2025 19:58:48.261 INFO Current price: 0.000000044015 - Current percentage: 32.92% - Max: 32.92% - Min: -15.93% - Market Cap 8948 - Trading time: 00:03:59
07-09-2025 19:58:48.416 INFO Current price: 0.000000044291 - Current percentage: 32.92% - Max: 32.92% - Min: -15.93% - Market Cap 8948 - Trading time: 00:03:59
07-09-2025 19:58:48.429 INFO Current price: 0.000000044278 - Current percentage: 32.92% - Max: 32.92% - Min: -15.93% - Market Cap 8948 - Trading time: 00:03:59
07-09-2025 19:58:50.265 INFO Current price: 0.000000045438 - Current percentage: 40.05% - Max: 40.05% - Min: -15.93% - Market Cap 9429 - Trading time: 00:04:01
07-09-2025 19:58:50.728 INFO Current price: 0.000000049019 - Current percentage: 54.70% - Max: 54.70% - Min: -15.93% - Market Cap 10414 - Trading time: 00:04:01
07-09-2025 19:58:50.939 INFO Current price: 0.000000051514 - Current percentage: 54.67% - Max: 54.70% - Min: -15.93% - Market Cap 10413 - Trading time: 00:04:02
07-09-2025 19:58:51.235 INFO Current price: 0.000000051510 - Current percentage: 54.67% - Max: 54.70% - Min: -15.93% - Market Cap 10413 - Trading time: 00:04:02
07-09-2025 19:58:52.094 INFO Current price: 0.000000051510 - Current percentage: 54.67% - Max: 54.70% - Min: -15.93% - Market Cap 10413 - Trading time: 00:04:03
07-09-2025 19:58:56.103 INFO Current price: 0.000000053408 - Current percentage: 66.28% - Max: 66.28% - Min: -15.93% - Market Cap 11194 - Trading time: 00:04:07
07-09-2025 19:58:56.391 INFO Current price: 0.000000055505 - Current percentage: 67.06% - Max: 67.06% - Min: -15.93% - Market Cap 11247 - Trading time: 00:04:07
07-09-2025 19:58:56.455 INFO Current price: 0.000000055612 - Current percentage: 66.92% - Max: 67.06% - Min: -15.93% - Market Cap 11237 - Trading time: 00:04:07
07-09-2025 19:59:06.796 INFO Current price: 0.000000055603 - Current percentage: 66.92% - Max: 67.06% - Min: -15.93% - Market Cap 11237 - Trading time: 00:04:17
07-09-2025 19:59:11.615 INFO Current price: 0.000000055594 - Current percentage: 66.92% - Max: 67.06% - Min: -15.93% - Market Cap 11237 - Trading time: 00:04:22
07-09-2025 19:59:16.608 INFO Current price: 0.000000055458 - Current percentage: 66.14% - Max: 67.06% - Min: -15.93% - Market Cap 11185 - Trading time: 00:04:27
07-09-2025 19:59:22.271 INFO Current price: 0.000000054944 - Current percentage: 63.84% - Max: 67.06% - Min: -15.93% - Market Cap 11030 - Trading time: 00:04:33
07-09-2025 19:59:26.620 INFO Current price: 0.000000054591 - Current percentage: 63.84% - Max: 67.06% - Min: -15.93% - Market Cap 11030 - Trading time: 00:04:37
07-09-2025 19:59:57.689 INFO Current price: 0.000000054220 - Current percentage: 61.79% - Max: 67.06% - Min: -15.93% - Market Cap 10892 - Trading time: 00:05:08
07-09-2025 20:00:05.501 INFO Current price: 0.000000053857 - Current percentage: 61.66% - Max: 67.06% - Min: -15.93% - Market Cap 10883 - Trading time: 00:05:16
07-09-2025 20:00:54.306 INFO Current price: 0.000000051169 - Current percentage: 46.04% - Max: 67.06% - Min: -15.93% - Market Cap 9832 - Trading time: 00:06:05
07-09-2025 20:00:54.881 INFO Current price: 0.000000048653 - Current percentage: 46.10% - Max: 67.06% - Min: -15.93% - Market Cap 9835 - Trading time: 00:06:06
07-09-2025 20:01:00.672 INFO Current price: 0.000000049884 - Current percentage: 53.57% - Max: 67.06% - Min: -15.93% - Market Cap 10339 - Trading time: 00:06:11
07-09-2025 20:01:00.800 INFO Current price: 0.000000051269 - Current percentage: 54.33% - Max: 67.06% - Min: -15.93% - Market Cap 10389 - Trading time: 00:06:11
07-09-2025 20:01:01.088 INFO Current price: 0.000000051512 - Current percentage: 55.03% - Max: 67.06% - Min: -15.93% - Market Cap 10437 - Trading time: 00:06:12
07-09-2025 20:01:16.240 INFO Current price: 0.000000051512 - Current percentage: 54.33% - Max: 67.06% - Min: -15.93% - Market Cap 10389 - Trading time: 00:06:27
07-09-2025 20:01:21.220 INFO Current price: 0.000000051269 - Current percentage: 53.57% - Max: 67.06% - Min: -15.93% - Market Cap 10339 - Trading time: 00:06:32
07-09-2025 20:01:35.988 INFO Current price: 0.000000051774 - Current percentage: 57.38% - Max: 67.06% - Min: -15.93% - Market Cap 10595 - Trading time: 00:06:47
07-09-2025 20:01:54.067 INFO Current price: 0.000000053689 - Current percentage: 65.14% - Max: 67.06% - Min: -15.93% - Market Cap 11117 - Trading time: 00:07:05
07-09-2025 20:01:54.528 INFO Current price: 0.000000055523 - Current percentage: 68.32% - Max: 68.32% - Min: -15.93% - Market Cap 11332 - Trading time: 00:07:05
07-09-2025 20:01:54.727 INFO Current price: 0.000000056453 - Current percentage: 70.72% - Max: 70.72% - Min: -15.93% - Market Cap 11493 - Trading time: 00:07:05
07-09-2025 20:02:02.246 INFO Current price: 0.000000057243 - Current percentage: 73.07% - Max: 73.07% - Min: -15.93% - Market Cap 11651 - Trading time: 00:07:13
07-09-2025 20:02:02.470 INFO Current price: 0.000000057768 - Current percentage: 73.86% - Max: 73.86% - Min: -15.93% - Market Cap 11705 - Trading time: 00:07:13
07-09-2025 20:02:02.603 INFO Current price: 0.000000058102 - Current percentage: 75.07% - Max: 75.07% - Min: -15.93% - Market Cap 11786 - Trading time: 00:07:13
07-09-2025 20:02:02.605 INFO Current price: 0.000000058441 - Current percentage: 75.90% - Max: 75.90% - Min: -15.93% - Market Cap 11842 - Trading time: 00:07:13
07-09-2025 20:02:06.090 INFO Current price: 0.000000060623 - Current percentage: 88.39% - Max: 88.39% - Min: -15.93% - Market Cap 12683 - Trading time: 00:07:17
07-09-2025 20:02:06.092 INFO Current price: 0.000000064718 - Current percentage: 100.46% - Max: 100.46% - Min: -15.93% - Market Cap 13495 - Trading time: 00:07:17
07-09-2025 20:02:06.251 INFO Current price: 0.000000066729 - Current percentage: 100.28% - Max: 100.46% - Min: -15.93% - Market Cap 13483 - Trading time: 00:07:17
07-09-2025 20:02:06.569 INFO Current price: 0.000000066714 - Current percentage: 100.37% - Max: 100.46% - Min: -15.93% - Market Cap 13489 - Trading time: 00:07:17
07-09-2025 20:02:14.697 INFO Current price: 0.000000069076 - Current percentage: 114.71% - Max: 114.71% - Min: -15.93% - Market Cap 14455 - Trading time: 00:07:25
07-09-2025 20:02:14.702 INFO Current price: 0.000000074031 - Current percentage: 130.15% - Max: 130.15% - Min: -15.93% - Market Cap 15494 - Trading time: 00:07:25
07-09-2025 20:02:14.741 INFO Current price: 0.000000079059 - Current percentage: 144.87% - Max: 144.87% - Min: -15.93% - Market Cap 16485 - Trading time: 00:07:25
07-09-2025 20:02:15.232 INFO Current price: 0.000000081463 - Current percentage: 144.35% - Max: 144.87% - Min: -15.93% - Market Cap 16450 - Trading time: 00:07:26
07-09-2025 20:02:15.374 INFO Current price: 0.000000077898 - Current percentage: 123.91% - Max: 144.87% - Min: -15.93% - Market Cap 15074 - Trading time: 00:07:26
07-09-2025 20:02:15.787 INFO Current price: 0.000000074532 - Current percentage: 123.69% - Max: 144.87% - Min: -15.93% - Market Cap 15059 - Trading time: 00:07:26
07-09-2025 20:02:15.787 INFO Current price: 0.000000074460 - Current percentage: 123.48% - Max: 144.87% - Min: -15.93% - Market Cap 15045 - Trading time: 00:07:26
07-09-2025 20:02:27.262 INFO Current price: 0.000000071209 - Current percentage: 104.58% - Max: 144.87% - Min: -15.93% - Market Cap 13773 - Trading time: 00:07:38
07-09-2025 20:02:27.493 INFO Current price: 0.000000067962 - Current percentage: 103.57% - Max: 144.87% - Min: -15.93% - Market Cap 13704 - Trading time: 00:07:38
07-09-2025 20:02:27.677 INFO Current price: 0.000000067540 - Current percentage: 102.05% - Max: 144.87% - Min: -15.93% - Market Cap 13602 - Trading time: 00:07:38
07-09-2025 20:02:27.785 INFO Current price: 0.000000067119 - Current percentage: 101.04% - Max: 144.87% - Min: -15.93% - Market Cap 13534 - Trading time: 00:07:38
07-09-2025 20:02:33.201 INFO Current price: 0.000000067063 - Current percentage: 101.71% - Max: 144.87% - Min: -15.93% - Market Cap 13580 - Trading time: 00:07:44
07-09-2025 20:02:36.089 INFO Current price: 0.000000066915 - Current percentage: 100.15% - Max: 144.87% - Min: -15.93% - Market Cap 13474 - Trading time: 00:07:47
07-09-2025 20:02:46.369 INFO Current price: 0.000000067366 - Current percentage: 104.44% - Max: 144.87% - Min: -15.93% - Market Cap 13763 - Trading time: 00:07:57
07-09-2025 20:02:46.804 INFO Current price: 0.000000066180 - Current percentage: 93.17% - Max: 144.87% - Min: -15.93% - Market Cap 13004 - Trading time: 00:07:57
07-09-2025 20:02:46.812 INFO Current price: 0.000000062253 - Current percentage: 80.89% - Max: 144.87% - Min: -15.93% - Market Cap 12178 - Trading time: 00:07:57
07-09-2025 20:02:46.835 INFO Current price: 0.000000058413 - Current percentage: 70.08% - Max: 144.87% - Min: -15.93% - Market Cap 11450 - Trading time: 00:07:57
07-09-2025 20:02:46.836 INFO Current price: 0.000000057546 - Current percentage: 75.56% - Max: 144.87% - Min: -15.93% - Market Cap 11819 - Trading time: 00:07:57
07-09-2025 20:02:47.058 INFO Current price: 0.000000058410 - Current percentage: 75.22% - Max: 144.87% - Min: -15.93% - Market Cap 11796 - Trading time: 00:07:58
07-09-2025 20:02:47.265 INFO Current price: 0.000000058341 - Current percentage: 75.15% - Max: 144.87% - Min: -15.93% - Market Cap 11791 - Trading time: 00:07:58
07-09-2025 20:02:47.399 INFO Current price: 0.000000057412 - Current percentage: 69.68% - Max: 144.87% - Min: -15.93% - Market Cap 11423 - Trading time: 00:07:58
07-09-2025 20:02:47.414 INFO Current price: 0.000000056521 - Current percentage: 69.76% - Max: 144.87% - Min: -15.93% - Market Cap 11428 - Trading time: 00:07:58
07-09-2025 20:02:58.142 INFO Current price: 0.000000057742 - Current percentage: 77.09% - Max: 144.87% - Min: -15.93% - Market Cap 11922 - Trading time: 00:08:09
07-09-2025 20:02:58.144 INFO Current price: 0.000000060389 - Current percentage: 85.68% - Max: 144.87% - Min: -15.93% - Market Cap 12500 - Trading time: 00:08:09
07-09-2025 20:02:58.378 INFO Current price: 0.000000062076 - Current percentage: 87.12% - Max: 144.87% - Min: -15.93% - Market Cap 12597 - Trading time: 00:08:09
07-09-2025 20:03:06.135 INFO Current price: 0.000000064357 - Current percentage: 99.58% - Max: 144.87% - Min: -15.93% - Market Cap 13436 - Trading time: 00:08:17
07-09-2025 20:03:06.596 INFO Current price: 0.000000066638 - Current percentage: 100.62% - Max: 144.87% - Min: -15.93% - Market Cap 13506 - Trading time: 00:08:17
07-09-2025 20:03:06.597 INFO Current price: 0.000000067366 - Current percentage: 103.96% - Max: 144.87% - Min: -15.93% - Market Cap 13731 - Trading time: 00:08:17
07-09-2025 20:03:13.458 INFO Current price: 0.000000068635 - Current percentage: 108.25% - Max: 144.87% - Min: -15.93% - Market Cap 14020 - Trading time: 00:08:24
07-09-2025 20:03:15.506 INFO Current price: 0.000000069640 - Current percentage: 109.98% - Max: 144.87% - Min: -15.93% - Market Cap 14136 - Trading time: 00:08:26
07-09-2025 20:03:15.775 INFO Current price: 0.000000070072 - Current percentage: 110.84% - Max: 144.87% - Min: -15.93% - Market Cap 14194 - Trading time: 00:08:26
07-09-2025 20:03:21.227 INFO Current price: 0.000000070432 - Current percentage: 111.71% - Max: 144.87% - Min: -15.93% - Market Cap 14253 - Trading time: 00:08:32
07-09-2025 20:03:22.571 INFO Current price: 0.000000068204 - Current percentage: 98.12% - Max: 144.87% - Min: -15.93% - Market Cap 13338 - Trading time: 00:08:33
07-09-2025 20:03:33.054 INFO Current price: 0.000000066695 - Current percentage: 102.44% - Max: 144.87% - Min: -15.93% - Market Cap 13629 - Trading time: 00:08:44
07-09-2025 20:03:33.746 INFO Current price: 0.000000067011 - Current percentage: 100.00% - Max: 144.87% - Min: -15.93% - Market Cap 13464 - Trading time: 00:08:44
07-09-2025 20:03:35.877 INFO Current price: 0.000000066172 - Current percentage: 97.40% - Max: 144.87% - Min: -15.93% - Market Cap 13289 - Trading time: 00:08:46
07-09-2025 20:04:23.714 INFO Current price: 0.000000065675 - Current percentage: 97.01% - Max: 144.87% - Min: -15.93% - Market Cap 13263 - Trading time: 00:09:34
07-09-2025 20:04:23.778 INFO Current price: 0.000000065115 - Current percentage: 94.05% - Max: 144.87% - Min: -15.93% - Market Cap 13064 - Trading time: 00:09:34
07-09-2025 20:04:23.879 INFO Current price: 0.000000064369 - Current percentage: 92.52% - Max: 144.87% - Min: -15.93% - Market Cap 12961 - Trading time: 00:09:34
07-09-2025 20:04:24.315 INFO Current price: 0.000000064100 - Current percentage: 92.43% - Max: 144.87% - Min: -15.93% - Market Cap 12955 - Trading time: 00:09:35
07-09-2025 20:04:47.488 INFO Current price: 0.000000062823 - Current percentage: 84.93% - Max: 144.87% - Min: -15.93% - Market Cap 12450 - Trading time: 00:09:58
07-09-2025 20:04:49.111 INFO Current price: 0.000000061487 - Current percentage: 84.33% - Max: 144.87% - Min: -15.93% - Market Cap 12410 - Trading time: 00:10:00
07-09-2025 20:04:54.016 INFO Current price: 0.000000060773 - Current percentage: 80.66% - Max: 144.87% - Min: -15.93% - Market Cap 12162 - Trading time: 00:10:05
07-09-2025 20:04:54.023 INFO Current price: 0.000000061140 - Current percentage: 86.57% - Max: 144.87% - Min: -15.93% - Market Cap 12560 - Trading time: 00:10:05
07-09-2025 20:04:54.026 INFO Current price: 0.000000063177 - Current percentage: 92.90% - Max: 144.87% - Min: -15.93% - Market Cap 12986 - Trading time: 00:10:05
07-09-2025 20:04:54.160 INFO Current price: 0.000000064491 - Current percentage: 94.41% - Max: 144.87% - Min: -15.93% - Market Cap 13088 - Trading time: 00:10:05
07-09-2025 20:04:54.168 INFO Current price: 0.000000065228 - Current percentage: 97.33% - Max: 144.87% - Min: -15.93% - Market Cap 13284 - Trading time: 00:10:05
07-09-2025 20:04:54.550 INFO Current price: 0.000000065815 - Current percentage: 97.92% - Max: 144.87% - Min: -15.93% - Market Cap 13324 - Trading time: 00:10:05
07-09-2025 20:05:38.948 INFO Current price: 0.000000065815 - Current percentage: 97.33% - Max: 144.87% - Min: -15.93% - Market Cap 13284 - Trading time: 00:10:50
07-09-2025 20:05:39.003 INFO Current price: 0.000000065459 - Current percentage: 95.79% - Max: 144.87% - Min: -15.93% - Market Cap 13181 - Trading time: 00:10:50
07-09-2025 20:05:39.096 INFO Current price: 0.000000064720 - Current percentage: 92.90% - Max: 144.87% - Min: -15.93% - Market Cap 12986 - Trading time: 00:10:50
07-09-2025 20:05:58.783 INFO Current price: 0.000000064241 - Current percentage: 92.90% - Max: 144.87% - Min: -15.93% - Market Cap 12986 - Trading time: 00:11:09
07-09-2025 20:06:21.860 INFO Current price: 0.000000064241 - Current percentage: 92.90% - Max: 144.87% - Min: -15.93% - Market Cap 12986 - Trading time: 00:11:32
07-09-2025 20:07:31.628 INFO Current price: 0.000000064241 - Current percentage: 92.90% - Max: 144.87% - Min: -15.93% - Market Cap 12986 - Trading time: 00:12:42
07-09-2025 20:07:45.807 INFO Current price: 0.000000062839 - Current percentage: 84.57% - Max: 144.87% - Min: -15.93% - Market Cap 12426 - Trading time: 00:12:56
07-09-2025 20:07:45.811 INFO Current price: 0.000000060034 - Current percentage: 76.06% - Max: 144.87% - Min: -15.93% - Market Cap 11853 - Trading time: 00:12:56
07-09-2025 20:08:03.277 INFO Current price: 0.000000056950 - Current percentage: 66.10% - Max: 144.87% - Min: -15.93% - Market Cap 11182 - Trading time: 00:13:14
07-09-2025 20:08:03.331 INFO Current price: 0.000000053560 - Current percentage: 55.72% - Max: 144.87% - Min: -15.93% - Market Cap 10483 - Trading time: 00:13:14
07-09-2025 20:08:03.486 INFO Current price: 0.000000051486 - Current percentage: 53.49% - Max: 144.87% - Min: -15.93% - Market Cap 10333 - Trading time: 00:13:14
07-09-2025 20:08:03.602 INFO Current price: 0.000000050999 - Current percentage: 52.79% - Max: 144.87% - Min: -15.93% - Market Cap 10286 - Trading time: 00:13:14
07-09-2025 20:08:03.923 INFO Current price: 0.000000050424 - Current percentage: 50.04% - Max: 144.87% - Min: -15.93% - Market Cap 10101 - Trading time: 00:13:15
07-09-2025 20:08:09.629 INFO Current price: 0.000000047931 - Current percentage: 38.06% - Max: 144.87% - Min: -15.93% - Market Cap 9294 - Trading time: 00:13:20
07-09-2025 20:08:09.631 INFO Current price: 0.000000044299 - Current percentage: 28.16% - Max: 144.87% - Min: -15.93% - Market Cap 8628 - Trading time: 00:13:20
07-09-2025 20:08:09.661 INFO Current price: 0.000000041897 - Current percentage: 23.49% - Max: 144.87% - Min: -15.93% - Market Cap 8314 - Trading time: 00:13:20
07-09-2025 20:08:09.712 INFO Current price: 0.000000040824 - Current percentage: 21.69% - Max: 144.87% - Min: -15.93% - Market Cap 8192 - Trading time: 00:13:20
07-09-2025 20:08:13.344 INFO Current price: 0.000000039371 - Current percentage: 14.85% - Max: 144.87% - Min: -15.93% - Market Cap 7732 - Trading time: 00:13:24
07-09-2025 20:08:18.710 INFO Current price: 0.000000037955 - Current percentage: 13.09% - Max: 144.87% - Min: -15.93% - Market Cap 7613 - Trading time: 00:13:29
07-09-2025 20:08:22.448 INFO Current price: 0.000000037558 - Current percentage: 12.40% - Max: 144.87% - Min: -15.93% - Market Cap 7567 - Trading time: 00:13:33
07-09-2025 20:08:24.837 INFO Current price: 0.000000037350 - Current percentage: 11.78% - Max: 144.87% - Min: -15.93% - Market Cap 7525 - Trading time: 00:13:35
07-09-2025 20:09:02.399 INFO Current price: 0.000000038322 - Current percentage: 18.33% - Max: 144.87% - Min: -15.93% - Market Cap 7966 - Trading time: 00:14:13
07-09-2025 20:09:02.406 INFO Current price: 0.000000040601 - Current percentage: 25.47% - Max: 144.87% - Min: -15.93% - Market Cap 8447 - Trading time: 00:14:13
07-09-2025 20:09:02.698 INFO Current price: 0.000000042709 - Current percentage: 30.93% - Max: 144.87% - Min: -15.93% - Market Cap 8814 - Trading time: 00:14:13
07-09-2025 20:09:02.699 INFO Current price: 0.000000043842 - Current percentage: 32.21% - Max: 144.87% - Min: -15.93% - Market Cap 8901 - Trading time: 00:14:13
07-09-2025 20:09:03.006 INFO Current price: 0.000000043842 - Current percentage: 30.93% - Max: 144.87% - Min: -15.93% - Market Cap 8814 - Trading time: 00:14:14
07-09-2025 20:09:03.069 INFO Current price: 0.000000043955 - Current percentage: 32.89% - Max: 144.87% - Min: -15.93% - Market Cap 8947 - Trading time: 00:14:14
07-09-2025 20:09:03.265 INFO Current price: 0.000000044285 - Current percentage: 32.91% - Max: 144.87% - Min: -15.93% - Market Cap 8947 - Trading time: 00:14:14
07-09-2025 20:09:23.930 INFO Current price: 0.000000044258 - Current percentage: 32.73% - Max: 144.87% - Min: -15.93% - Market Cap 8936 - Trading time: 00:14:35
07-09-2025 20:09:39.774 INFO Current price: 0.000000044089 - Current percentage: 31.89% - Max: 144.87% - Min: -15.93% - Market Cap 8879 - Trading time: 00:14:50
07-09-2025 20:10:01.166 INFO Current price: 0.000000044522 - Current percentage: 35.35% - Max: 144.87% - Min: -15.93% - Market Cap 9112 - Trading time: 00:15:12
07-09-2025 20:10:32.938 INFO Current price: 0.000000044134 - Current percentage: 29.61% - Max: 144.87% - Min: -15.93% - Market Cap 8725 - Trading time: 00:15:44
07-09-2025 20:10:33.183 INFO Current price: 0.000000043187 - Current percentage: 29.60% - Max: 144.87% - Min: -15.93% - Market Cap 8725 - Trading time: 00:15:44
07-09-2025 20:11:25.818 INFO Current price: 0.000000042597 - Current percentage: 26.09% - Max: 144.87% - Min: -15.93% - Market Cap 8489 - Trading time: 00:16:36
07-09-2025 20:11:25.819 INFO Current price: 0.000000041464 - Current percentage: 22.79% - Max: 144.87% - Min: -15.93% - Market Cap 8267 - Trading time: 00:16:36
07-09-2025 20:11:32.221 INFO Current price: 0.000000039441 - Current percentage: 14.09% - Max: 144.87% - Min: -15.93% - Market Cap 7681 - Trading time: 00:16:43
07-09-2025 20:11:32.226 INFO Current price: 0.000000036799 - Current percentage: 6.90% - Max: 144.87% - Min: -15.93% - Market Cap 7196 - Trading time: 00:16:43
07-09-2025 20:11:32.259 INFO Current price: 0.000000035528 - Current percentage: 6.34% - Max: 144.87% - Min: -15.93% - Market Cap 7159 - Trading time: 00:16:43
07-09-2025 20:11:32.658 INFO Current price: 0.000000035337 - Current percentage: 5.75% - Max: 144.87% - Min: -15.93% - Market Cap 7119 - Trading time: 00:16:43
07-09-2025 20:12:40.537 INFO Current price: 0.000000034445 - Current percentage: 1.04% - Max: 144.87% - Min: -15.93% - Market Cap 6802 - Trading time: 00:17:51
07-09-2025 20:13:37.965 INFO Current price: 0.000000032795 - Current percentage: -4.14% - Max: 144.87% - Min: -15.93% - Market Cap 6453 - Trading time: 00:18:49
07-09-2025 20:13:38.972 INFO Current price: 0.000000031133 - Current percentage: -8.94% - Max: 144.87% - Min: -15.93% - Market Cap 6130 - Trading time: 00:18:50






07-09-2025 20:14:48.880 INFO {"type":"summary","reason":"max_window","startedAt":"2025-09-07T17:54:48.880Z","endedAt":"2025-09-07T18:14:48.880Z","durationSec":1200,"entryPrice":3.691488495060561e-8,"entryMarketCapSol":33.25492723018875,"entryMarketCapUsd":6732.12746847941,"minPct":-15.925260390124246,"maxPct":144.8717342360717,"buyCount":81,"sellCount":83,"tradeCount":164,"entryRecorded":true,"noPostThresholdTrades":false,"triggerAt":"2025-09-07T17:54:48.880Z","ageAtTriggerSec":5,"preTotalTrades":15,"preBuys":8,"preSells":7,"preUniqueTraders":8,"preEntryTotalTrades":18,"preEntryBuys":10,"preEntrySells":8,"preEntryUniqueTraders":10,"preEntryMinMcUsd":6799.3567999827665,"preEntryMaxMcUsd":10104.968240024955,"thresholdMcSol":33.25492723018875,"thresholdMcUsd":6732.12746847941,"thresholdPrice":3.691488495060561e-8}
