08-09-2025 03:11:32.255 INFO Entry price: 0.000000035376974093 - Entry market cap: 7028 - Buys 3 - Sells 2 - Ratio: 1:0.67 - Min MarketCap: 6316 - Max MarketCap: 7550
08-09-2025 03:11:32.255 INFO Current price: 0.000000035377 - Current percentage: 0.00% - Max: 0.00% - Min: 0.00% - Market Cap 7028 - Trading time: 00:00:01
08-09-2025 03:11:33.128 INFO Current price: 0.000000032443 - Current percentage: -9.60% - Max: 0.00% - Min: -9.60% - Market Cap 6353 - Trading time: 00:00:02
08-09-2025 03:11:33.140 INFO Current price: 0.000000029763 - Current percentage: -15.89% - Max: 0.00% - Min: -15.89% - Market Cap 5911 - Trading time: 00:00:02
08-09-2025 03:11:35.174 INFO Current price: 0.000000029633 - Current percentage: -10.39% - Max: 0.00% - Min: -15.89% - Market Cap 6298 - Trading time: 00:00:04
08-09-2025 03:11:40.399 INFO Current price: 0.000000030171 - Current percentage: -12.80% - Max: 0.00% - Min: -15.89% - Market Cap 6128 - Trading time: 00:00:10
08-09-2025 03:11:42.626 INFO Current price: 0.000000029766 - Current percentage: -12.78% - Max: 0.00% - Min: -15.89% - Market Cap 6130 - Trading time: 00:00:12
08-09-2025 03:12:03.504 INFO Current price: 0.000000029766 - Current percentage: -12.80% - Max: 0.00% - Min: -15.89% - Market Cap 6128 - Trading time: 00:00:33
08-09-2025 03:12:27.935 INFO Current price: 0.000000030701 - Current percentage: -7.21% - Max: 0.00% - Min: -15.89% - Market Cap 6521 - Trading time: 00:00:57
08-09-2025 03:12:31.003 INFO Current price: 0.000000032156 - Current percentage: -4.34% - Max: 0.00% - Min: -15.89% - Market Cap 6722 - Trading time: 00:01:00
08-09-2025 03:12:32.050 INFO Current price: 0.000000032649 - Current percentage: -4.34% - Max: 0.00% - Min: -15.89% - Market Cap 6722 - Trading time: 00:01:01
08-09-2025 03:12:34.508 INFO Current price: 0.000000033634 - Current percentage: 1.51% - Max: 1.51% - Min: -15.89% - Market Cap 7134 - Trading time: 00:01:04
08-09-2025 03:12:37.080 INFO Current price: 0.000000036170 - Current percentage: 10.63% - Max: 10.63% - Min: -15.89% - Market Cap 7774 - Trading time: 00:01:06
08-09-2025 03:12:37.435 INFO Current price: 0.000000037779 - Current percentage: 10.75% - Max: 10.75% - Min: -15.89% - Market Cap 7783 - Trading time: 00:01:07
08-09-2025 03:12:42.682 INFO Current price: 0.000000037390 - Current percentage: 8.36% - Max: 10.75% - Min: -15.89% - Market Cap 7615 - Trading time: 00:01:12
08-09-2025 03:12:44.101 INFO Current price: 0.000000036989 - Current percentage: 8.39% - Max: 10.75% - Min: -15.89% - Market Cap 7617 - Trading time: 00:01:13
08-09-2025 03:12:47.737 INFO Current price: 0.000000036695 - Current percentage: 6.64% - Max: 10.75% - Min: -15.89% - Market Cap 7494 - Trading time: 00:01:17
08-09-2025 03:13:07.320 INFO Current price: 0.000000035819 - Current percentage: 3.28% - Max: 10.75% - Min: -15.89% - Market Cap 7258 - Trading time: 00:01:37
08-09-2025 03:13:07.326 INFO Current price: 0.000000034428 - Current percentage: -1.48% - Max: 10.75% - Min: -15.89% - Market Cap 6923 - Trading time: 00:01:37
08-09-2025 03:13:07.328 INFO Current price: 0.000000032655 - Current percentage: -7.09% - Max: 10.75% - Min: -15.89% - Market Cap 6530 - Trading time: 00:01:37
08-09-2025 03:13:07.379 INFO Current price: 0.000000030741 - Current percentage: -12.69% - Max: 10.75% - Min: -15.89% - Market Cap 6136 - Trading time: 00:01:37
08-09-2025 03:13:08.029 INFO Current price: 0.000000029784 - Current percentage: -12.78% - Max: 10.75% - Min: -15.89% - Market Cap 6129 - Trading time: 00:01:37
08-09-2025 03:13:13.071 INFO Current price: 0.000000029765 - Current percentage: -12.80% - Max: 10.75% - Min: -15.89% - Market Cap 6128 - Trading time: 00:01:42
08-09-2025 03:14:52.930 INFO Current price: 0.000000028846 - Current percentage: -18.08% - Max: 10.75% - Min: -18.08% - Market Cap 5757 - Trading time: 00:03:22
08-09-2025 03:18:01.229 INFO Current price: 0.000000027959 - Current percentage: -18.00% - Max: 10.75% - Min: -18.08% - Market Cap 5763 - Trading time: 00:06:30






08-09-2025 03:28:01.229 INFO {"type":"summary","reason":"inactivity","startedAt":"2025-09-08T01:11:30.258Z","endedAt":"2025-09-08T01:28:01.229Z","durationSec":990,"entryPrice":3.537697409343012e-8,"entryMarketCapSol":34.131164320976886,"entryMarketCapUsd":7027.606733689141,"minPct":-18.08322250179107,"maxPct":10.750679177161876,"buyCount":10,"sellCount":15,"tradeCount":25,"entryRecorded":true,"noPostThresholdTrades":false,"triggerAt":"2025-09-08T01:11:30.258Z","ageAtTriggerSec":5,"preTotalTrades":3,"preBuys":2,"preSells":1,"preUniqueTraders":2,"preEntryTotalTrades":5,"preEntryBuys":3,"preEntrySells":2,"preEntryUniqueTraders":3,"preEntryMinMcUsd":6315.7955626308,"preEntryMaxMcUsd":7549.994062928671,"thresholdMcSol":34.131164320976886,"thresholdMcUsd":7027.606733689141,"thresholdPrice":3.537697409343012e-8}
