07-09-2025 18:36:02.472 INFO Entry price: 0.000000032994037487 - Entry market cap: 6111 - Buys 4 - Sells 3 - Ratio: 1:0.75 - Min MarketCap: 5793 - Max MarketCap: 7444
07-09-2025 18:36:02.472 INFO Current price: 0.000000032994 - Current percentage: 0.00% - Max: 0.00% - Min: 0.00% - Market Cap 6111 - Trading time: 00:00:02
07-09-2025 18:36:03.414 INFO Current price: 0.000000028149 - Current percentage: -6.47% - Max: 0.00% - Min: -6.47% - Market Cap 5715 - Trading time: 00:00:02
07-09-2025 18:36:03.634 INFO Current price: 0.000000028006 - Current percentage: -6.16% - Max: 0.00% - Min: -6.47% - Market Cap 5734 - Trading time: 00:00:03
07-09-2025 18:36:04.028 INFO Current price: 0.000000029458 - Current percentage: 3.48% - Max: 3.48% - Min: -6.47% - Market Cap 6324 - Trading time: 00:00:03
07-09-2025 18:36:08.031 INFO Current price: 0.000000029458 - Current percentage: -6.16% - Max: 3.48% - Min: -6.47% - Market Cap 5734 - Trading time: 00:00:07
07-09-2025 18:36:08.092 INFO Current price: 0.000000029441 - Current percentage: 3.37% - Max: 3.48% - Min: -6.47% - Market Cap 6316 - Trading time: 00:00:07
07-09-2025 18:36:08.095 INFO Current price: 0.000000032315 - Current percentage: 13.06% - Max: 13.06% - Min: -6.47% - Market Cap 6909 - Trading time: 00:00:07
07-09-2025 18:36:08.180 INFO Current price: 0.000000035929 - Current percentage: 27.78% - Max: 27.78% - Min: -6.47% - Market Cap 7808 - Trading time: 00:00:07
07-09-2025 18:36:08.189 INFO Current price: 0.000000038303 - Current percentage: 28.49% - Max: 28.49% - Min: -6.47% - Market Cap 7852 - Trading time: 00:00:07
07-09-2025 18:36:08.503 INFO Current price: 0.000000038518 - Current percentage: 29.22% - Max: 29.22% - Min: -6.47% - Market Cap 7896 - Trading time: 00:00:08
07-09-2025 18:36:09.249 INFO Current price: 0.000000038681 - Current percentage: 29.58% - Max: 29.58% - Min: -6.47% - Market Cap 7918 - Trading time: 00:00:08
07-09-2025 18:36:09.481 INFO Current price: 0.000000038736 - Current percentage: 29.58% - Max: 29.58% - Min: -6.47% - Market Cap 7918 - Trading time: 00:00:09
07-09-2025 18:36:11.259 INFO Current price: 0.000000039272 - Current percentage: 33.20% - Max: 33.20% - Min: -6.47% - Market Cap 8139 - Trading time: 00:00:10
07-09-2025 18:36:12.651 INFO Current price: 0.000000039925 - Current percentage: 33.93% - Max: 33.93% - Min: -6.47% - Market Cap 8184 - Trading time: 00:00:12
07-09-2025 18:36:13.681 INFO Current price: 0.000000040254 - Current percentage: 35.39% - Max: 35.39% - Min: -6.47% - Market Cap 8273 - Trading time: 00:00:13
07-09-2025 18:36:15.915 INFO Current price: 0.000000039200 - Current percentage: 27.01% - Max: 35.39% - Min: -6.47% - Market Cap 7761 - Trading time: 00:00:15
07-09-2025 18:36:16.389 INFO Current price: 0.000000037893 - Current percentage: 26.52% - Max: 35.39% - Min: -6.47% - Market Cap 7731 - Trading time: 00:00:15
07-09-2025 18:36:16.579 INFO Current price: 0.000000037926 - Current percentage: 27.23% - Max: 35.39% - Min: -6.47% - Market Cap 7775 - Trading time: 00:00:16
07-09-2025 18:36:18.160 INFO Current price: 0.000000037979 - Current percentage: 26.87% - Max: 35.39% - Min: -6.47% - Market Cap 7753 - Trading time: 00:00:17
07-09-2025 18:36:18.655 INFO Current price: 0.000000036770 - Current percentage: 19.26% - Max: 35.39% - Min: -6.47% - Market Cap 7287 - Trading time: 00:00:18
07-09-2025 18:36:19.430 INFO Current price: 0.000000035556 - Current percentage: 18.64% - Max: 35.39% - Min: -6.47% - Market Cap 7250 - Trading time: 00:00:18
07-09-2025 18:36:22.891 INFO Current price: 0.000000035461 - Current percentage: 18.64% - Max: 35.39% - Min: -6.47% - Market Cap 7250 - Trading time: 00:00:22
07-09-2025 18:36:24.099 INFO Current price: 0.000000035006 - Current percentage: 15.60% - Max: 35.39% - Min: -6.47% - Market Cap 7064 - Trading time: 00:00:23
07-09-2025 18:36:24.462 INFO Current price: 0.000000034463 - Current percentage: 14.98% - Max: 35.39% - Min: -6.47% - Market Cap 7026 - Trading time: 00:00:23
07-09-2025 18:36:28.810 INFO Current price: 0.000000034199 - Current percentage: 13.84% - Max: 35.39% - Min: -6.47% - Market Cap 6956 - Trading time: 00:00:28
07-09-2025 18:36:29.967 INFO Current price: 0.000000035034 - Current percentage: 20.66% - Max: 35.39% - Min: -6.47% - Market Cap 7373 - Trading time: 00:00:29
07-09-2025 18:36:30.931 INFO Current price: 0.000000036586 - Current percentage: 24.15% - Max: 35.39% - Min: -6.47% - Market Cap 7586 - Trading time: 00:00:30
07-09-2025 18:36:31.789 INFO Current price: 0.000000037899 - Current percentage: 29.47% - Max: 35.39% - Min: -6.47% - Market Cap 7912 - Trading time: 00:00:31
07-09-2025 18:36:31.826 INFO Current price: 0.000000038713 - Current percentage: 29.54% - Max: 35.39% - Min: -6.47% - Market Cap 7916 - Trading time: 00:00:31
07-09-2025 18:36:32.180 INFO Current price: 0.000000038733 - Current percentage: 29.61% - Max: 35.39% - Min: -6.47% - Market Cap 7920 - Trading time: 00:00:31
07-09-2025 18:36:32.199 INFO Current price: 0.000000038754 - Current percentage: 29.68% - Max: 35.39% - Min: -6.47% - Market Cap 7924 - Trading time: 00:00:31
07-09-2025 18:36:32.204 INFO Current price: 0.000000038803 - Current percentage: 29.93% - Max: 35.39% - Min: -6.47% - Market Cap 7940 - Trading time: 00:00:31
07-09-2025 18:36:33.042 INFO Current price: 0.000000038279 - Current percentage: 26.20% - Max: 35.39% - Min: -6.47% - Market Cap 7712 - Trading time: 00:00:32
07-09-2025 18:36:38.770 INFO Current price: 0.000000035768 - Current percentage: 13.45% - Max: 35.39% - Min: -6.47% - Market Cap 6932 - Trading time: 00:00:38
07-09-2025 18:36:38.772 INFO Current price: 0.000000032424 - Current percentage: 3.71% - Max: 35.39% - Min: -6.47% - Market Cap 6337 - Trading time: 00:00:38
07-09-2025 18:36:38.806 INFO Current price: 0.000000030923 - Current percentage: 3.19% - Max: 35.39% - Min: -6.47% - Market Cap 6305 - Trading time: 00:00:38
07-09-2025 18:36:39.111 INFO Current price: 0.000000030768 - Current percentage: 2.67% - Max: 35.39% - Min: -6.47% - Market Cap 6274 - Trading time: 00:00:38
07-09-2025 18:36:40.073 INFO Current price: 0.000000032028 - Current percentage: 11.81% - Max: 35.39% - Min: -6.47% - Market Cap 6832 - Trading time: 00:00:39
07-09-2025 18:36:40.074 INFO Current price: 0.000000035017 - Current percentage: 22.73% - Max: 35.39% - Min: -6.47% - Market Cap 7500 - Trading time: 00:00:39
07-09-2025 18:36:40.398 INFO Current price: 0.000000036677 - Current percentage: 22.66% - Max: 35.39% - Min: -6.47% - Market Cap 7496 - Trading time: 00:00:39
07-09-2025 18:36:40.583 INFO Current price: 0.000000035926 - Current percentage: 17.75% - Max: 35.39% - Min: -6.47% - Market Cap 7195 - Trading time: 00:00:40
07-09-2025 18:36:41.084 INFO Current price: 0.000000035302 - Current percentage: 18.44% - Max: 35.39% - Min: -6.47% - Market Cap 7238 - Trading time: 00:00:40
07-09-2025 18:36:43.971 INFO Current price: 0.000000034399 - Current percentage: 11.80% - Max: 35.39% - Min: -6.47% - Market Cap 6832 - Trading time: 00:00:43
07-09-2025 18:36:45.476 INFO Current price: 0.000000033412 - Current percentage: 11.75% - Max: 35.39% - Min: -6.47% - Market Cap 6828 - Trading time: 00:00:45
07-09-2025 18:36:46.184 INFO Current price: 0.000000033408 - Current percentage: 11.78% - Max: 35.39% - Min: -6.47% - Market Cap 6830 - Trading time: 00:00:45
07-09-2025 18:36:47.206 INFO Current price: 0.000000031959 - Current percentage: 2.26% - Max: 35.39% - Min: -6.47% - Market Cap 6249 - Trading time: 00:00:46
07-09-2025 18:36:47.208 INFO Current price: 0.000000029345 - Current percentage: -5.76% - Max: 35.39% - Min: -6.47% - Market Cap 5759 - Trading time: 00:00:46
07-09-2025 18:36:47.480 INFO Current price: 0.000000028098 - Current percentage: -6.25% - Max: 35.39% - Min: -6.47% - Market Cap 5729 - Trading time: 00:00:47
07-09-2025 18:36:47.589 INFO Current price: 0.000000028481 - Current percentage: -3.17% - Max: 35.39% - Min: -6.47% - Market Cap 5917 - Trading time: 00:00:47
07-09-2025 18:36:47.882 INFO Current price: 0.000000029130 - Current percentage: -1.93% - Max: 35.39% - Min: -6.47% - Market Cap 5993 - Trading time: 00:00:47
07-09-2025 18:36:49.670 INFO Current price: 0.000000028844 - Current percentage: -5.06% - Max: 35.39% - Min: -6.47% - Market Cap 5801 - Trading time: 00:00:49
07-09-2025 18:36:54.134 INFO Current price: 0.000000028373 - Current percentage: -5.10% - Max: 35.39% - Min: -6.47% - Market Cap 5799 - Trading time: 00:00:53
07-09-2025 18:37:15.883 INFO Current price: 0.000000028343 - Current percentage: -5.26% - Max: 35.39% - Min: -6.47% - Market Cap 5789 - Trading time: 00:01:15
07-09-2025 18:37:31.689 INFO Current price: 0.000000028143 - Current percentage: -6.44% - Max: 35.39% - Min: -6.47% - Market Cap 5717 - Trading time: 00:01:31
07-09-2025 18:37:32.302 INFO Current price: 0.000000027990 - Current percentage: -6.29% - Max: 35.39% - Min: -6.47% - Market Cap 5726 - Trading time: 00:01:31
07-09-2025 18:37:57.317 INFO Current price: 0.000000038737 - Current percentage: -6.29% - Max: 35.39% - Min: -6.47% - Market Cap 5726 - Trading time: 00:01:56
07-09-2025 18:39:08.465 INFO Current price: 0.000000028009 - Current percentage: -6.47% - Max: 35.39% - Min: -6.47% - Market Cap 5716 - Trading time: 00:03:07
07-09-2025 18:40:33.070 INFO Current price: 0.000000027982 - Current percentage: -6.62% - Max: 35.39% - Min: -6.62% - Market Cap 5706 - Trading time: 00:04:32






07-09-2025 18:50:33.071 INFO {"type":"summary","reason":"inactivity","startedAt":"2025-09-07T16:36:00.472Z","endedAt":"2025-09-07T16:50:33.071Z","durationSec":872,"entryPrice":3.299403748741864e-8,"entryMarketCapSol":29.89259439384122,"entryMarketCapUsd":6110.644145989022,"minPct":-6.619484914528312,"maxPct":35.3947517567271,"buyCount":27,"sellCount":33,"tradeCount":60,"entryRecorded":true,"noPostThresholdTrades":false,"triggerAt":"2025-09-07T16:36:00.472Z","ageAtTriggerSec":1,"preTotalTrades":4,"preBuys":4,"preSells":0,"preUniqueTraders":4,"preEntryTotalTrades":7,"preEntryBuys":4,"preEntrySells":3,"preEntryUniqueTraders":4,"preEntryMinMcUsd":5793.402174381364,"preEntryMaxMcUsd":7444.417160593872,"thresholdMcSol":29.89259439384122,"thresholdMcUsd":6110.644145989022,"thresholdPrice":3.299403748741864e-8}
