07-09-2025 19:27:25.254 INFO Entry price: 0.000000045386742536 - Entry market cap: 8212 - Buys 18 - Sells 8 - Ratio: 1:0.44 - Min MarketCap: 6976 - Max MarketCap: 12382
07-09-2025 19:27:25.254 INFO Current price: 0.000000045387 - Current percentage: 0.00% - Max: 0.00% - Min: 0.00% - Market Cap 8212 - Trading time: 00:00:02
07-09-2025 19:27:25.724 INFO Current price: 0.000000047237 - Current percentage: 19.85% - Max: 19.85% - Min: 0.00% - Market Cap 9842 - Trading time: 00:00:02
07-09-2025 19:27:25.866 INFO Current price: 0.000000046695 - Current percentage: 11.33% - Max: 19.85% - Min: 0.00% - Market Cap 9143 - Trading time: 00:00:02
07-09-2025 19:27:25.922 INFO Current price: 0.000000045121 - Current percentage: 11.90% - Max: 19.85% - Min: 0.00% - Market Cap 9190 - Trading time: 00:00:02
07-09-2025 19:27:26.035 INFO Current price: 0.000000043835 - Current percentage: 5.07% - Max: 19.85% - Min: 0.00% - Market Cap 8629 - Trading time: 00:00:02
07-09-2025 19:27:26.086 INFO Current price: 0.000000041120 - Current percentage: -1.53% - Max: 19.85% - Min: -1.53% - Market Cap 8087 - Trading time: 00:00:02
07-09-2025 19:27:26.141 INFO Current price: 0.000000040568 - Current percentage: 2.27% - Max: 19.85% - Min: -1.53% - Market Cap 8399 - Trading time: 00:00:02
07-09-2025 19:27:26.155 INFO Current price: 0.000000041031 - Current percentage: 0.73% - Max: 19.85% - Min: -1.53% - Market Cap 8272 - Trading time: 00:00:02
07-09-2025 19:27:26.166 INFO Current price: 0.000000040724 - Current percentage: 0.75% - Max: 19.85% - Min: -1.53% - Market Cap 8274 - Trading time: 00:00:02
07-09-2025 19:27:26.179 INFO Current price: 0.000000040732 - Current percentage: 0.77% - Max: 19.85% - Min: -1.53% - Market Cap 8276 - Trading time: 00:00:02
07-09-2025 19:27:26.520 INFO Current price: 0.000000040737 - Current percentage: 0.77% - Max: 19.85% - Min: -1.53% - Market Cap 8276 - Trading time: 00:00:03
07-09-2025 19:27:26.522 INFO Current price: 0.000000040924 - Current percentage: 1.70% - Max: 19.85% - Min: -1.53% - Market Cap 8352 - Trading time: 00:00:03
07-09-2025 19:27:26.916 INFO Current price: 0.000000040674 - Current percentage: -0.46% - Max: 19.85% - Min: -1.53% - Market Cap 8175 - Trading time: 00:00:03
07-09-2025 19:27:26.919 INFO Current price: 0.000000040322 - Current percentage: -0.05% - Max: 19.85% - Min: -1.53% - Market Cap 8208 - Trading time: 00:00:03
07-09-2025 19:27:27.699 INFO Current price: 0.000000038764 - Current percentage: -8.00% - Max: 19.85% - Min: -8.00% - Market Cap 7555 - Trading time: 00:00:04
07-09-2025 19:27:27.725 INFO Current price: 0.000000035994 - Current percentage: -13.82% - Max: 19.85% - Min: -13.82% - Market Cap 7077 - Trading time: 00:00:04
07-09-2025 19:27:27.737 INFO Current price: 0.000000033731 - Current percentage: -19.21% - Max: 19.85% - Min: -19.21% - Market Cap 6635 - Trading time: 00:00:04
07-09-2025 19:27:28.179 INFO Current price: 0.000000032526 - Current percentage: -19.87% - Max: 19.85% - Min: -19.87% - Market Cap 6581 - Trading time: 00:00:04
07-09-2025 19:27:28.495 INFO Current price: 0.000000031822 - Current percentage: -22.67% - Max: 19.85% - Min: -22.67% - Market Cap 6351 - Trading time: 00:00:05
07-09-2025 19:27:28.498 INFO Current price: 0.000000030766 - Current percentage: -25.10% - Max: 19.85% - Min: -25.10% - Market Cap 6151 - Trading time: 00:00:05
07-09-2025 19:27:30.556 INFO Current price: 0.000000029678 - Current percentage: -28.04% - Max: 19.85% - Min: -28.04% - Market Cap 5909 - Trading time: 00:00:07
07-09-2025 19:27:31.416 INFO Current price: 0.000000029029 - Current percentage: -28.34% - Max: 19.85% - Min: -28.34% - Market Cap 5885 - Trading time: 00:00:08
07-09-2025 19:27:31.526 INFO Current price: 0.000000028513 - Current percentage: -30.58% - Max: 19.85% - Min: -30.58% - Market Cap 5701 - Trading time: 00:00:08
07-09-2025 19:27:32.789 INFO Current price: 0.000000028062 - Current percentage: -30.59% - Max: 19.85% - Min: -30.59% - Market Cap 5700 - Trading time: 00:00:09
07-09-2025 19:27:38.322 INFO Current price: 0.000000028012 - Current percentage: -30.82% - Max: 19.85% - Min: -30.82% - Market Cap 5681 - Trading time: 00:00:15
07-09-2025 19:27:38.387 INFO Current price: 0.000000028011 - Current percentage: -30.59% - Max: 19.85% - Min: -30.82% - Market Cap 5700 - Trading time: 00:00:15
07-09-2025 19:30:59.378 INFO Current price: 0.000000028011 - Current percentage: -31.10% - Max: 19.85% - Min: -31.10% - Market Cap 5658 - Trading time: 00:03:36
07-09-2025 19:30:59.700 INFO Current price: 0.000000027974 - Current percentage: -31.06% - Max: 19.85% - Min: -31.10% - Market Cap 5662 - Trading time: 00:03:36






07-09-2025 19:40:59.701 INFO {"type":"summary","reason":"inactivity","startedAt":"2025-09-07T17:27:23.254Z","endedAt":"2025-09-07T17:40:59.701Z","durationSec":816,"entryPrice":4.5386742535880964e-8,"entryMarketCapSol":40.425362183851256,"entryMarketCapUsd":8212.412327649383,"minPct":-31.103216974591568,"maxPct":19.84555251877167,"buyCount":17,"sellCount":21,"tradeCount":38,"entryRecorded":true,"noPostThresholdTrades":false,"triggerAt":"2025-09-07T17:27:23.254Z","ageAtTriggerSec":4,"preTotalTrades":15,"preBuys":10,"preSells":5,"preUniqueTraders":10,"preEntryTotalTrades":26,"preEntryBuys":18,"preEntrySells":8,"preEntryUniqueTraders":18,"preEntryMinMcUsd":6975.593793120429,"preEntryMaxMcUsd":12382.24562803368,"thresholdMcSol":40.425362183851256,"thresholdMcUsd":8212.412327649383,"thresholdPrice":4.5386742535880964e-8}
