08-09-2025 18:47:04.631 INFO Entry price: 0.000000038449559741 - Entry market cap: 7407 - Buys 14 - Sells 9 - Ratio: 1:0.64 - Min MarketCap: 7545 - Max MarketCap: 9894
08-09-2025 18:47:04.631 INFO Current price: 0.000000038450 - Current percentage: 0.00% - Max: 0.00% - Min: 0.00% - Market Cap 7407 - Trading time: 00:00:02
08-09-2025 18:47:09.543 INFO Current price: 0.000000045121 - Current percentage: 27.58% - Max: 27.58% - Min: 0.00% - Market Cap 9450 - Trading time: 00:00:06
08-09-2025 18:47:09.595 INFO Current price: 0.000000043169 - Current percentage: 22.27% - Max: 27.58% - Min: 0.00% - Market Cap 9057 - Trading time: 00:00:06
08-09-2025 18:47:09.597 INFO Current price: 0.000000041490 - Current percentage: 17.85% - Max: 27.58% - Min: 0.00% - Market Cap 8729 - Trading time: 00:00:06
08-09-2025 18:47:09.871 INFO Current price: 0.000000040952 - Current percentage: 19.12% - Max: 27.58% - Min: 0.00% - Market Cap 8824 - Trading time: 00:00:07
08-09-2025 18:47:10.922 INFO Current price: 0.000000041184 - Current percentage: 19.19% - Max: 27.58% - Min: 0.00% - Market Cap 8829 - Trading time: 00:00:08
08-09-2025 18:47:11.098 INFO Current price: 0.000000041217 - Current percentage: 19.32% - Max: 27.58% - Min: 0.00% - Market Cap 8838 - Trading time: 00:00:08
08-09-2025 18:47:11.176 INFO Current price: 0.000000040496 - Current percentage: 15.05% - Max: 27.58% - Min: 0.00% - Market Cap 8522 - Trading time: 00:00:08
08-09-2025 18:47:11.179 INFO Current price: 0.000000038927 - Current percentage: 10.25% - Max: 27.58% - Min: 0.00% - Market Cap 8167 - Trading time: 00:00:08
08-09-2025 18:47:11.238 INFO Current price: 0.000000037360 - Current percentage: 5.97% - Max: 27.58% - Min: 0.00% - Market Cap 7850 - Trading time: 00:00:08
08-09-2025 18:47:18.206 INFO Current price: 0.000000034418 - Current percentage: -6.43% - Max: 27.58% - Min: -6.43% - Market Cap 6931 - Trading time: 00:00:15
08-09-2025 18:47:18.209 INFO Current price: 0.000000030416 - Current percentage: -17.24% - Max: 27.58% - Min: -17.24% - Market Cap 6130 - Trading time: 00:00:15
08-09-2025 18:47:18.881 INFO Current price: 0.000000028598 - Current percentage: -17.28% - Max: 27.58% - Min: -17.28% - Market Cap 6127 - Trading time: 00:00:16
08-09-2025 18:47:19.910 INFO Current price: 0.000000028599 - Current percentage: -17.24% - Max: 27.58% - Min: -17.28% - Market Cap 6131 - Trading time: 00:00:17
08-09-2025 18:47:20.209 INFO Current price: 0.000000028698 - Current percentage: -16.70% - Max: 27.58% - Min: -17.28% - Market Cap 6170 - Trading time: 00:00:17
08-09-2025 18:47:24.404 INFO Current price: 0.000000028615 - Current percentage: -17.71% - Max: 27.58% - Min: -17.71% - Market Cap 6095 - Trading time: 00:00:21
08-09-2025 18:47:27.118 INFO Current price: 0.000000029701 - Current percentage: -10.26% - Max: 27.58% - Min: -17.71% - Market Cap 6647 - Trading time: 00:00:24
08-09-2025 18:47:27.119 INFO Current price: 0.000000032285 - Current percentage: -2.77% - Max: 27.58% - Min: -17.71% - Market Cap 7202 - Trading time: 00:00:24
08-09-2025 18:47:27.123 INFO Current price: 0.000000034912 - Current percentage: 4.94% - Max: 27.58% - Min: -17.71% - Market Cap 7773 - Trading time: 00:00:24
08-09-2025 18:47:27.540 INFO Current price: 0.000000036322 - Current percentage: 5.24% - Max: 27.58% - Min: -17.71% - Market Cap 7796 - Trading time: 00:00:24
08-09-2025 18:47:34.008 INFO Current price: 0.000000036301 - Current percentage: 4.81% - Max: 27.58% - Min: -17.71% - Market Cap 7764 - Trading time: 00:00:31
08-09-2025 18:47:36.980 INFO Current price: 0.000000036173 - Current percentage: 4.51% - Max: 27.58% - Min: -17.71% - Market Cap 7741 - Trading time: 00:00:34
08-09-2025 18:47:38.793 INFO Current price: 0.000000034473 - Current percentage: -4.81% - Max: 27.58% - Min: -17.71% - Market Cap 7051 - Trading time: 00:00:36
08-09-2025 18:47:38.804 INFO Current price: 0.000000031621 - Current percentage: -12.07% - Max: 27.58% - Min: -17.71% - Market Cap 6513 - Trading time: 00:00:36
08-09-2025 18:47:38.809 INFO Current price: 0.000000029346 - Current percentage: -18.01% - Max: 27.58% - Min: -18.01% - Market Cap 6073 - Trading time: 00:00:36
08-09-2025 18:47:39.862 INFO Current price: 0.000000028342 - Current percentage: -17.98% - Max: 27.58% - Min: -18.01% - Market Cap 6075 - Trading time: 00:00:37
08-09-2025 18:47:49.917 INFO Current price: 0.000000028221 - Current percentage: -18.71% - Max: 27.58% - Min: -18.71% - Market Cap 6021 - Trading time: 00:00:47
08-09-2025 18:47:51.161 INFO Current price: 0.000000028090 - Current percentage: -18.74% - Max: 27.58% - Min: -18.74% - Market Cap 6019 - Trading time: 00:00:48
08-09-2025 18:47:56.593 INFO Current price: 0.000000028080 - Current percentage: -18.77% - Max: 27.58% - Min: -18.77% - Market Cap 6017 - Trading time: 00:00:53
08-09-2025 18:48:02.361 INFO Current price: 0.000000028166 - Current percentage: -18.24% - Max: 27.58% - Min: -18.77% - Market Cap 6056 - Trading time: 00:00:59
08-09-2025 18:49:48.494 INFO Current price: 0.000000028115 - Current percentage: -19.07% - Max: 27.58% - Min: -19.07% - Market Cap 5995 - Trading time: 00:02:45






08-09-2025 18:59:48.494 INFO {"type":"summary","reason":"inactivity","startedAt":"2025-09-08T16:47:02.630Z","endedAt":"2025-09-08T16:59:48.494Z","durationSec":765,"entryPrice":3.844955974091315e-8,"entryMarketCapSol":34.56318396197869,"entryMarketCapUsd":7407.235954891653,"minPct":-19.06692686409901,"maxPct":27.58433904865962,"buyCount":15,"sellCount":19,"tradeCount":34,"entryRecorded":true,"noPostThresholdTrades":false,"triggerAt":"2025-09-08T16:47:02.630Z","ageAtTriggerSec":8,"preTotalTrades":19,"preBuys":10,"preSells":9,"preUniqueTraders":10,"preEntryTotalTrades":23,"preEntryBuys":14,"preEntrySells":9,"preEntryUniqueTraders":14,"preEntryMinMcUsd":7544.639991330701,"preEntryMaxMcUsd":9894.1955713952,"thresholdMcSol":34.56318396197869,"thresholdMcUsd":7407.235954891653,"thresholdPrice":3.844955974091315e-8}
