08-09-2025 07:46:09.007 INFO Entry price: 0.000000028419223821 - Entry market cap: 5789 - Buys 0 - Sells 0 - Ratio: 0:0 - Min MarketCap: 0 - Max MarketCap: 0
08-09-2025 07:46:09.007 INFO Current price: 0.000000028419 - Current percentage: 0.00% - Max: 0.00% - Min: 0.00% - Market Cap 5789 - Trading time: 00:00:02
08-09-2025 07:46:22.169 INFO Current price: 0.000000028870 - Current percentage: 6.62% - Max: 6.62% - Min: 0.00% - Market Cap 6173 - Trading time: 00:00:15
08-09-2025 07:46:30.976 INFO Current price: 0.000000030774 - Current percentage: 13.62% - Max: 13.62% - Min: 0.00% - Market Cap 6578 - Trading time: 00:00:23
08-09-2025 07:47:13.452 INFO Current price: 0.000000032760 - Current percentage: 20.84% - Max: 20.84% - Min: 0.00% - Market Cap 6996 - Trading time: 00:01:06
08-09-2025 07:47:19.551 INFO Current price: 0.000000034787 - Current percentage: 28.11% - Max: 28.11% - Min: 0.00% - Market Cap 7417 - Trading time: 00:01:12
08-09-2025 07:47:25.187 INFO Current price: 0.000000036849 - Current percentage: 35.59% - Max: 35.59% - Min: 0.00% - Market Cap 7850 - Trading time: 00:01:18
08-09-2025 07:47:25.242 INFO Current price: 0.000000038553 - Current percentage: 40.23% - Max: 40.23% - Min: 0.00% - Market Cap 8119 - Trading time: 00:01:18
08-09-2025 07:47:25.435 INFO Current price: 0.000000039747 - Current percentage: 44.12% - Max: 44.12% - Min: 0.00% - Market Cap 8344 - Trading time: 00:01:18
08-09-2025 07:47:26.408 INFO Current price: 0.000000040294 - Current percentage: 44.12% - Max: 44.12% - Min: 0.00% - Market Cap 8344 - Trading time: 00:01:19
08-09-2025 07:47:26.526 INFO Current price: 0.000000040294 - Current percentage: 44.12% - Max: 44.12% - Min: 0.00% - Market Cap 8344 - Trading time: 00:01:19
08-09-2025 07:47:26.530 INFO Current price: 0.000000040316 - Current percentage: 44.28% - Max: 44.28% - Min: 0.00% - Market Cap 8353 - Trading time: 00:01:19
08-09-2025 07:47:41.951 INFO Current price: 0.000000039175 - Current percentage: 35.95% - Max: 44.28% - Min: 0.00% - Market Cap 7871 - Trading time: 00:01:34
08-09-2025 07:47:42.097 INFO Current price: 0.000000038025 - Current percentage: 35.80% - Max: 44.28% - Min: 0.00% - Market Cap 7862 - Trading time: 00:01:35
08-09-2025 07:47:42.143 INFO Current price: 0.000000037380 - Current percentage: 31.38% - Max: 44.28% - Min: 0.00% - Market Cap 7606 - Trading time: 00:01:35
08-09-2025 07:48:08.336 INFO Current price: 0.000000035694 - Current percentage: 23.83% - Max: 44.28% - Min: 0.00% - Market Cap 7169 - Trading time: 00:02:01
08-09-2025 07:48:09.591 INFO Current price: 0.000000034653 - Current percentage: 23.83% - Max: 44.28% - Min: 0.00% - Market Cap 7169 - Trading time: 00:02:02
08-09-2025 07:48:21.702 INFO Current price: 0.000000034860 - Current percentage: 25.32% - Max: 44.28% - Min: 0.00% - Market Cap 7255 - Trading time: 00:02:14
08-09-2025 07:49:18.663 INFO Current price: 0.000000034625 - Current percentage: 22.16% - Max: 44.28% - Min: 0.00% - Market Cap 7072 - Trading time: 00:03:11
08-09-2025 07:49:31.650 INFO Current price: 0.000000033143 - Current percentage: 14.82% - Max: 44.28% - Min: 0.00% - Market Cap 6648 - Trading time: 00:03:24
08-09-2025 07:49:32.685 INFO Current price: 0.000000032132 - Current percentage: 14.82% - Max: 44.28% - Min: 0.00% - Market Cap 6648 - Trading time: 00:03:25
08-09-2025 07:50:38.645 INFO Current price: 0.000000031949 - Current percentage: 13.52% - Max: 44.28% - Min: 0.00% - Market Cap 6572 - Trading time: 00:04:31
08-09-2025 07:50:55.244 INFO Current price: 0.000000030774 - Current percentage: 6.53% - Max: 44.28% - Min: 0.00% - Market Cap 6167 - Trading time: 00:04:48
08-09-2025 07:50:57.930 INFO Current price: 0.000000028870 - Current percentage: -0.09% - Max: 44.28% - Min: -0.09% - Market Cap 5784 - Trading time: 00:04:50
08-09-2025 07:52:07.133 INFO Current price: 0.000000028425 - Current percentage: 3.27% - Max: 44.28% - Min: -0.09% - Market Cap 5979 - Trading time: 00:06:00
08-09-2025 07:55:55.540 INFO Current price: 0.000000028425 - Current percentage: -0.09% - Max: 44.28% - Min: -0.09% - Market Cap 5784 - Trading time: 00:09:48






08-09-2025 08:05:55.540 INFO {"type":"summary","reason":"inactivity","startedAt":"2025-09-08T05:46:07.007Z","endedAt":"2025-09-08T06:05:55.540Z","durationSec":1188,"entryPrice":2.8419223821063036e-8,"entryMarketCapSol":27.958993476234856,"entryMarketCapUsd":5789.468779123951,"minPct":-0.09175641087554345,"maxPct":44.277896701629274,"buyCount":12,"sellCount":12,"tradeCount":24,"entryRecorded":true,"noPostThresholdTrades":false,"triggerAt":"2025-09-08T05:46:07.006Z","ageAtTriggerSec":11,"preTotalTrades":0,"preBuys":0,"preSells":0,"preUniqueTraders":0,"preEntryTotalTrades":0,"preEntryBuys":0,"preEntrySells":0,"preEntryUniqueTraders":0,"preEntryMinMcUsd":null,"preEntryMaxMcUsd":null,"thresholdMcSol":27.958993476234856,"thresholdMcUsd":5789.468779123951,"thresholdPrice":2.8419223821063036e-8}
