08-09-2025 01:23:43.656 INFO Entry price: 0.000000033549439379 - Entry market cap: 6300 - Buys 19 - Sells 3 - Ratio: 1:0.16 - Min MarketCap: 6524 - Max MarketCap: 7688
08-09-2025 01:23:43.656 INFO Current price: 0.000000033549 - Current percentage: 0.00% - Max: 0.00% - Min: 0.00% - Market Cap 6300 - Trading time: 00:00:02
08-09-2025 01:23:43.742 INFO Current price: 0.000000033281 - Current percentage: 9.39% - Max: 9.39% - Min: 0.00% - Market Cap 6892 - Trading time: 00:00:02
08-09-2025 01:23:44.163 INFO Current price: 0.000000033222 - Current percentage: 9.39% - Max: 9.39% - Min: 0.00% - Market Cap 6892 - Trading time: 00:00:02
08-09-2025 01:23:45.062 INFO Current price: 0.000000033114 - Current percentage: 8.68% - Max: 9.39% - Min: 0.00% - Market Cap 6847 - Trading time: 00:00:03
08-09-2025 01:23:46.318 INFO Current price: 0.000000032423 - Current percentage: 4.87% - Max: 9.39% - Min: 0.00% - Market Cap 6607 - Trading time: 00:00:04
08-09-2025 01:23:46.439 INFO Current price: 0.000000031849 - Current percentage: 4.87% - Max: 9.39% - Min: 0.00% - Market Cap 6607 - Trading time: 00:00:04
08-09-2025 01:23:46.441 INFO Current price: 0.000000031848 - Current percentage: 4.86% - Max: 9.39% - Min: 0.00% - Market Cap 6607 - Trading time: 00:00:04
08-09-2025 01:23:46.445 INFO Current price: 0.000000031847 - Current percentage: 4.86% - Max: 9.39% - Min: 0.00% - Market Cap 6606 - Trading time: 00:00:04
08-09-2025 01:23:46.445 INFO Current price: 0.000000031845 - Current percentage: 4.85% - Max: 9.39% - Min: 0.00% - Market Cap 6606 - Trading time: 00:00:04
08-09-2025 01:23:46.951 INFO Current price: 0.000000031844 - Current percentage: 4.85% - Max: 9.39% - Min: 0.00% - Market Cap 6606 - Trading time: 00:00:05
08-09-2025 01:23:46.960 INFO Current price: 0.000000031568 - Current percentage: 3.04% - Max: 9.39% - Min: 0.00% - Market Cap 6492 - Trading time: 00:00:05
08-09-2025 01:23:46.976 INFO Current price: 0.000000031294 - Current percentage: 3.04% - Max: 9.39% - Min: 0.00% - Market Cap 6492 - Trading time: 00:00:05
08-09-2025 01:23:47.243 INFO Current price: 0.000000031294 - Current percentage: 3.04% - Max: 9.39% - Min: 0.00% - Market Cap 6492 - Trading time: 00:00:05
08-09-2025 01:23:47.334 INFO Current price: 0.000000031293 - Current percentage: 3.04% - Max: 9.39% - Min: 0.00% - Market Cap 6492 - Trading time: 00:00:05
08-09-2025 01:23:49.458 INFO Current price: 0.000000029592 - Current percentage: -7.86% - Max: 9.39% - Min: -7.86% - Market Cap 5805 - Trading time: 00:00:07
08-09-2025 01:23:49.573 INFO Current price: 0.000000027979 - Current percentage: -7.89% - Max: 9.39% - Min: -7.89% - Market Cap 5803 - Trading time: 00:00:07
08-09-2025 01:23:49.783 INFO Current price: 0.000000027976 - Current percentage: -7.89% - Max: 9.39% - Min: -7.89% - Market Cap 5803 - Trading time: 00:00:08
08-09-2025 01:23:51.844 INFO Current price: 0.000000027974 - Current percentage: -7.89% - Max: 9.39% - Min: -7.89% - Market Cap 5803 - Trading time: 00:00:10
08-09-2025 01:23:51.845 INFO Current price: 0.000000027974 - Current percentage: -7.89% - Max: 9.39% - Min: -7.89% - Market Cap 5803 - Trading time: 00:00:10
08-09-2025 01:23:51.917 INFO Current price: 0.000000027974 - Current percentage: -7.89% - Max: 9.39% - Min: -7.89% - Market Cap 5803 - Trading time: 00:00:10
08-09-2025 01:23:51.925 INFO Current price: 0.000000027973 - Current percentage: -7.90% - Max: 9.39% - Min: -7.90% - Market Cap 5803 - Trading time: 00:00:10
08-09-2025 01:23:51.925 INFO Current price: 0.000000027972 - Current percentage: -7.90% - Max: 9.39% - Min: -7.90% - Market Cap 5803 - Trading time: 00:00:10
08-09-2025 01:23:51.928 INFO Current price: 0.000000027971 - Current percentage: -7.90% - Max: 9.39% - Min: -7.90% - Market Cap 5803 - Trading time: 00:00:10
08-09-2025 01:23:51.929 INFO Current price: 0.000000027971 - Current percentage: -7.90% - Max: 9.39% - Min: -7.90% - Market Cap 5802 - Trading time: 00:00:10
08-09-2025 01:23:52.148 INFO Current price: 0.000000027969 - Current percentage: -7.91% - Max: 9.39% - Min: -7.91% - Market Cap 5802 - Trading time: 00:00:10
08-09-2025 01:23:52.807 INFO Current price: 0.000000027969 - Current percentage: -7.91% - Max: 9.39% - Min: -7.91% - Market Cap 5802 - Trading time: 00:00:11
08-09-2025 01:23:52.817 INFO Current price: 0.000000027968 - Current percentage: -7.91% - Max: 9.39% - Min: -7.91% - Market Cap 5802 - Trading time: 00:00:11
08-09-2025 01:23:52.827 INFO Current price: 0.000000027967 - Current percentage: -7.91% - Max: 9.39% - Min: -7.91% - Market Cap 5802 - Trading time: 00:00:11
08-09-2025 01:23:54.011 INFO Current price: 0.000000027967 - Current percentage: -7.92% - Max: 9.39% - Min: -7.92% - Market Cap 5802 - Trading time: 00:00:12
08-09-2025 01:23:56.426 INFO Current price: 0.000000027966 - Current percentage: -7.92% - Max: 9.39% - Min: -7.92% - Market Cap 5801 - Trading time: 00:00:14
08-09-2025 01:23:56.426 INFO Current price: 0.000000027965 - Current percentage: -7.92% - Max: 9.39% - Min: -7.92% - Market Cap 5801 - Trading time: 00:00:14
08-09-2025 01:23:56.758 INFO Current price: 0.000000027963 - Current percentage: -7.93% - Max: 9.39% - Min: -7.93% - Market Cap 5801 - Trading time: 00:00:15
08-09-2025 01:23:56.762 INFO Current price: 0.000000027963 - Current percentage: -7.93% - Max: 9.39% - Min: -7.93% - Market Cap 5801 - Trading time: 00:00:15
08-09-2025 01:23:56.769 INFO Current price: 0.000000027962 - Current percentage: -7.93% - Max: 9.39% - Min: -7.93% - Market Cap 5801 - Trading time: 00:00:15
08-09-2025 01:23:57.094 INFO Current price: 0.000000027961 - Current percentage: -7.93% - Max: 9.39% - Min: -7.93% - Market Cap 5801 - Trading time: 00:00:15
08-09-2025 01:23:57.221 INFO Current price: 0.000000027961 - Current percentage: -7.93% - Max: 9.39% - Min: -7.93% - Market Cap 5801 - Trading time: 00:00:15
08-09-2025 01:23:57.243 INFO Current price: 0.000000027960 - Current percentage: -7.94% - Max: 9.39% - Min: -7.94% - Market Cap 5800 - Trading time: 00:00:15
08-09-2025 01:23:57.346 INFO Current price: 0.000000027960 - Current percentage: -7.94% - Max: 9.39% - Min: -7.94% - Market Cap 5800 - Trading time: 00:00:15
08-09-2025 01:24:02.010 INFO Current price: 0.000000027959 - Current percentage: -7.94% - Max: 9.39% - Min: -7.94% - Market Cap 5800 - Trading time: 00:00:20
08-09-2025 01:24:16.450 INFO Current price: 0.000000028520 - Current percentage: -4.21% - Max: 9.39% - Min: -7.94% - Market Cap 6035 - Trading time: 00:00:34
08-09-2025 01:24:17.764 INFO Current price: 0.000000029656 - Current percentage: -0.46% - Max: 9.39% - Min: -7.94% - Market Cap 6271 - Trading time: 00:00:36
08-09-2025 01:24:19.596 INFO Current price: 0.000000030867 - Current percentage: 3.78% - Max: 9.39% - Min: -7.94% - Market Cap 6538 - Trading time: 00:00:37
08-09-2025 01:24:25.638 INFO Current price: 0.000000032147 - Current percentage: 7.96% - Max: 9.39% - Min: -7.94% - Market Cap 6802 - Trading time: 00:00:43
08-09-2025 01:24:33.710 INFO Current price: 0.000000033032 - Current percentage: 9.58% - Max: 9.58% - Min: -7.94% - Market Cap 6904 - Trading time: 00:00:52
08-09-2025 01:24:42.902 INFO Current price: 0.000000033581 - Current percentage: 11.58% - Max: 11.58% - Min: -7.94% - Market Cap 7030 - Trading time: 00:01:01
08-09-2025 01:25:48.042 INFO Current price: 0.000000033981 - Current percentage: 12.20% - Max: 12.20% - Min: -7.94% - Market Cap 7069 - Trading time: 00:02:06
08-09-2025 01:28:33.947 INFO Current price: 0.000000033821 - Current percentage: 10.62% - Max: 12.20% - Min: -7.94% - Market Cap 6969 - Trading time: 00:04:52
08-09-2025 01:28:40.947 INFO Current price: 0.000000033752 - Current percentage: 11.83% - Max: 12.20% - Min: -7.94% - Market Cap 7046 - Trading time: 00:04:59
08-09-2025 01:28:45.668 INFO Current price: 0.000000034104 - Current percentage: 12.94% - Max: 12.94% - Min: -7.94% - Market Cap 7115 - Trading time: 00:05:04
08-09-2025 01:29:01.909 INFO Current price: 0.000000034271 - Current percentage: 12.93% - Max: 12.94% - Min: -7.94% - Market Cap 7115 - Trading time: 00:05:20
08-09-2025 01:29:45.686 INFO Current price: 0.000000030955 - Current percentage: -7.87% - Max: 12.94% - Min: -7.94% - Market Cap 5805 - Trading time: 00:06:04






08-09-2025 01:39:45.686 INFO {"type":"summary","reason":"inactivity","startedAt":"2025-09-07T23:23:41.656Z","endedAt":"2025-09-07T23:39:45.685Z","durationSec":964,"entryPrice":3.354943937931019e-8,"entryMarketCapSol":30.370670129197283,"entryMarketCapUsd":6300.395518301976,"minPct":-7.940301890476477,"maxPct":12.935551981305405,"buyCount":24,"sellCount":43,"tradeCount":67,"entryRecorded":true,"noPostThresholdTrades":false,"triggerAt":"2025-09-07T23:23:41.656Z","ageAtTriggerSec":null,"preTotalTrades":5,"preBuys":5,"preSells":0,"preUniqueTraders":5,"preEntryTotalTrades":22,"preEntryBuys":19,"preEntrySells":3,"preEntryUniqueTraders":19,"preEntryMinMcUsd":6523.767444513777,"preEntryMaxMcUsd":7688.287216461934,"thresholdMcSol":30.370670129197283,"thresholdMcUsd":6300.395518301976,"thresholdPrice":3.354943937931019e-8}
