07-09-2025 20:19:02.560 INFO Entry price: 0.000000045934771758 - Entry market cap: 8567 - Buys 14 - Sells 6 - Ratio: 1:0.43 - Min MarketCap: 7688 - Max MarketCap: 11150
07-09-2025 20:19:02.560 INFO Current price: 0.000000045935 - Current percentage: 0.00% - Max: 0.00% - Min: 0.00% - Market Cap 8567 - Trading time: 00:00:02
07-09-2025 20:19:02.768 INFO Current price: 0.000000044413 - Current percentage: -4.64% - Max: 0.00% - Min: -4.64% - Market Cap 8169 - Trading time: 00:00:02
07-09-2025 20:19:03.029 INFO Current price: 0.000000039400 - Current percentage: -9.44% - Max: 0.00% - Min: -9.44% - Market Cap 7758 - Trading time: 00:00:02
07-09-2025 20:19:03.399 INFO Current price: 0.000000038588 - Current percentage: -8.53% - Max: 0.00% - Min: -9.44% - Market Cap 7836 - Trading time: 00:00:02
07-09-2025 20:19:03.665 INFO Current price: 0.000000042001 - Current percentage: 7.28% - Max: 7.28% - Min: -9.44% - Market Cap 9191 - Trading time: 00:00:03
07-09-2025 20:19:03.775 INFO Current price: 0.000000045511 - Current percentage: 7.39% - Max: 7.39% - Min: -9.44% - Market Cap 9200 - Trading time: 00:00:03
07-09-2025 20:19:03.882 INFO Current price: 0.000000046116 - Current percentage: 10.15% - Max: 10.15% - Min: -9.44% - Market Cap 9437 - Trading time: 00:00:03
07-09-2025 20:19:04.142 INFO Current price: 0.000000046705 - Current percentage: 10.15% - Max: 10.15% - Min: -9.44% - Market Cap 9437 - Trading time: 00:00:03
07-09-2025 20:19:04.809 INFO Current price: 0.000000046116 - Current percentage: 7.39% - Max: 10.15% - Min: -9.44% - Market Cap 9200 - Trading time: 00:00:04
07-09-2025 20:19:06.611 INFO Current price: 0.000000042042 - Current percentage: -8.45% - Max: 10.15% - Min: -9.44% - Market Cap 7843 - Trading time: 00:00:06
07-09-2025 20:19:06.863 INFO Current price: 0.000000038624 - Current percentage: -9.36% - Max: 10.15% - Min: -9.44% - Market Cap 7765 - Trading time: 00:00:06
07-09-2025 20:19:07.025 INFO Current price: 0.000000037680 - Current percentage: -12.87% - Max: 10.15% - Min: -12.87% - Market Cap 7464 - Trading time: 00:00:06
07-09-2025 20:19:07.031 INFO Current price: 0.000000036044 - Current percentage: -17.06% - Max: 10.15% - Min: -17.06% - Market Cap 7105 - Trading time: 00:00:06
07-09-2025 20:19:07.092 INFO Current price: 0.000000034624 - Current percentage: -19.60% - Max: 10.15% - Min: -19.60% - Market Cap 6888 - Trading time: 00:00:06
07-09-2025 20:19:07.284 INFO Current price: 0.000000034073 - Current percentage: -19.67% - Max: 10.15% - Min: -19.67% - Market Cap 6881 - Trading time: 00:00:06
07-09-2025 20:19:07.578 INFO Current price: 0.000000035064 - Current percentage: -14.86% - Max: 10.15% - Min: -19.67% - Market Cap 7294 - Trading time: 00:00:07
07-09-2025 20:19:07.587 INFO Current price: 0.000000036645 - Current percentage: -12.26% - Max: 10.15% - Min: -19.67% - Market Cap 7516 - Trading time: 00:00:07
07-09-2025 20:19:07.595 INFO Current price: 0.000000037696 - Current percentage: -9.90% - Max: 10.15% - Min: -19.67% - Market Cap 7718 - Trading time: 00:00:07
07-09-2025 20:19:07.819 INFO Current price: 0.000000038200 - Current percentage: -9.90% - Max: 10.15% - Min: -19.67% - Market Cap 7718 - Trading time: 00:00:07
07-09-2025 20:19:10.874 INFO Current price: 0.000000038225 - Current percentage: -9.79% - Max: 10.15% - Min: -19.67% - Market Cap 7728 - Trading time: 00:00:10
07-09-2025 20:19:11.053 INFO Current price: 0.000000037122 - Current percentage: -15.03% - Max: 10.15% - Min: -19.67% - Market Cap 7279 - Trading time: 00:00:10
07-09-2025 20:19:12.102 INFO Current price: 0.000000037268 - Current percentage: -9.07% - Max: 10.15% - Min: -19.67% - Market Cap 7789 - Trading time: 00:00:11
07-09-2025 20:19:22.359 INFO Current price: 0.000000036042 - Current percentage: -20.53% - Max: 10.15% - Min: -20.53% - Market Cap 6808 - Trading time: 00:00:21
07-09-2025 20:19:24.352 INFO Current price: 0.000000034695 - Current percentage: -15.74% - Max: 10.15% - Min: -20.53% - Market Cap 7218 - Trading time: 00:00:23
07-09-2025 20:19:27.498 INFO Current price: 0.000000036961 - Current percentage: -9.81% - Max: 10.15% - Min: -20.53% - Market Cap 7726 - Trading time: 00:00:26
07-09-2025 20:19:29.554 INFO Current price: 0.000000039306 - Current percentage: -4.71% - Max: 10.15% - Min: -20.53% - Market Cap 8163 - Trading time: 00:00:28
07-09-2025 20:19:32.242 INFO Current price: 0.000000040412 - Current percentage: -4.66% - Max: 10.15% - Min: -20.53% - Market Cap 8168 - Trading time: 00:00:31
07-09-2025 20:19:33.992 INFO Current price: 0.000000041519 - Current percentage: 0.58% - Max: 10.15% - Min: -20.53% - Market Cap 8616 - Trading time: 00:00:33
07-09-2025 20:19:35.694 INFO Current price: 0.000000042644 - Current percentage: 0.58% - Max: 10.15% - Min: -20.53% - Market Cap 8616 - Trading time: 00:00:35
07-09-2025 20:19:38.548 INFO Current price: 0.000000042644 - Current percentage: 0.58% - Max: 10.15% - Min: -20.53% - Market Cap 8616 - Trading time: 00:00:37
07-09-2025 20:19:39.688 INFO Current price: 0.000000042644 - Current percentage: 0.58% - Max: 10.15% - Min: -20.53% - Market Cap 8616 - Trading time: 00:00:39
07-09-2025 20:19:41.827 INFO Current price: 0.000000042644 - Current percentage: 0.58% - Max: 10.15% - Min: -20.53% - Market Cap 8616 - Trading time: 00:00:41
07-09-2025 20:20:00.608 INFO Current price: 0.000000043770 - Current percentage: 5.96% - Max: 10.15% - Min: -20.53% - Market Cap 9077 - Trading time: 00:01:00
07-09-2025 20:20:06.097 INFO Current price: 0.000000043301 - Current percentage: -1.57% - Max: 10.15% - Min: -20.53% - Market Cap 8433 - Trading time: 00:01:05
07-09-2025 20:20:07.279 INFO Current price: 0.000000043962 - Current percentage: 9.22% - Max: 10.15% - Min: -20.53% - Market Cap 9357 - Trading time: 00:01:06
07-09-2025 20:20:07.458 INFO Current price: 0.000000046308 - Current percentage: 9.22% - Max: 10.15% - Min: -20.53% - Market Cap 9357 - Trading time: 00:01:06
07-09-2025 20:20:07.460 INFO Current price: 0.000000046309 - Current percentage: 9.22% - Max: 10.15% - Min: -20.53% - Market Cap 9357 - Trading time: 00:01:06
07-09-2025 20:20:07.461 INFO Current price: 0.000000046310 - Current percentage: 9.23% - Max: 10.15% - Min: -20.53% - Market Cap 9357 - Trading time: 00:01:06
07-09-2025 20:20:07.880 INFO Current price: 0.000000046312 - Current percentage: 9.23% - Max: 10.15% - Min: -20.53% - Market Cap 9357 - Trading time: 00:01:07
07-09-2025 20:20:07.885 INFO Current price: 0.000000046312 - Current percentage: 9.23% - Max: 10.15% - Min: -20.53% - Market Cap 9358 - Trading time: 00:01:07
07-09-2025 20:20:07.887 INFO Current price: 0.000000046314 - Current percentage: 9.23% - Max: 10.15% - Min: -20.53% - Market Cap 9358 - Trading time: 00:01:07
07-09-2025 20:20:07.902 INFO Current price: 0.000000046314 - Current percentage: 9.23% - Max: 10.15% - Min: -20.53% - Market Cap 9358 - Trading time: 00:01:07
07-09-2025 20:20:07.938 INFO Current price: 0.000000046316 - Current percentage: 9.24% - Max: 10.15% - Min: -20.53% - Market Cap 9358 - Trading time: 00:01:07
07-09-2025 20:20:08.742 INFO Current price: 0.000000046317 - Current percentage: 9.24% - Max: 10.15% - Min: -20.53% - Market Cap 9358 - Trading time: 00:01:08
07-09-2025 20:20:08.745 INFO Current price: 0.000000046318 - Current percentage: 9.24% - Max: 10.15% - Min: -20.53% - Market Cap 9359 - Trading time: 00:01:08
07-09-2025 20:20:11.991 INFO Current price: 0.000000045709 - Current percentage: 6.39% - Max: 10.15% - Min: -20.53% - Market Cap 9114 - Trading time: 00:01:11
07-09-2025 20:20:12.642 INFO Current price: 0.000000045107 - Current percentage: 6.38% - Max: 10.15% - Min: -20.53% - Market Cap 9114 - Trading time: 00:01:12
07-09-2025 20:20:12.882 INFO Current price: 0.000000045106 - Current percentage: 6.38% - Max: 10.15% - Min: -20.53% - Market Cap 9114 - Trading time: 00:01:12
07-09-2025 20:20:12.886 INFO Current price: 0.000000045106 - Current percentage: 6.38% - Max: 10.15% - Min: -20.53% - Market Cap 9114 - Trading time: 00:01:12
07-09-2025 20:20:12.888 INFO Current price: 0.000000045106 - Current percentage: 6.38% - Max: 10.15% - Min: -20.53% - Market Cap 9114 - Trading time: 00:01:12
07-09-2025 20:20:12.890 INFO Current price: 0.000000045106 - Current percentage: 6.38% - Max: 10.15% - Min: -20.53% - Market Cap 9114 - Trading time: 00:01:12
07-09-2025 20:20:12.931 INFO Current price: 0.000000045105 - Current percentage: 6.38% - Max: 10.15% - Min: -20.53% - Market Cap 9113 - Trading time: 00:01:12
07-09-2025 20:20:13.188 INFO Current price: 0.000000045105 - Current percentage: 6.38% - Max: 10.15% - Min: -20.53% - Market Cap 9113 - Trading time: 00:01:12
07-09-2025 20:20:13.841 INFO Current price: 0.000000045105 - Current percentage: 6.38% - Max: 10.15% - Min: -20.53% - Market Cap 9113 - Trading time: 00:01:13
07-09-2025 20:20:14.135 INFO Current price: 0.000000045104 - Current percentage: 6.38% - Max: 10.15% - Min: -20.53% - Market Cap 9113 - Trading time: 00:01:13
07-09-2025 20:20:14.136 INFO Current price: 0.000000045104 - Current percentage: 6.38% - Max: 10.15% - Min: -20.53% - Market Cap 9113 - Trading time: 00:01:13
07-09-2025 20:20:17.602 INFO Current price: 0.000000045104 - Current percentage: 6.38% - Max: 10.15% - Min: -20.53% - Market Cap 9113 - Trading time: 00:01:17
07-09-2025 20:20:17.643 INFO Current price: 0.000000045103 - Current percentage: 6.38% - Max: 10.15% - Min: -20.53% - Market Cap 9113 - Trading time: 00:01:17
07-09-2025 20:20:17.673 INFO Current price: 0.000000045103 - Current percentage: 6.38% - Max: 10.15% - Min: -20.53% - Market Cap 9113 - Trading time: 00:01:17
07-09-2025 20:20:17.937 INFO Current price: 0.000000045102 - Current percentage: 6.37% - Max: 10.15% - Min: -20.53% - Market Cap 9113 - Trading time: 00:01:17
07-09-2025 20:20:18.039 INFO Current price: 0.000000045102 - Current percentage: 6.37% - Max: 10.15% - Min: -20.53% - Market Cap 9113 - Trading time: 00:01:17
07-09-2025 20:20:18.148 INFO Current price: 0.000000045102 - Current percentage: 6.37% - Max: 10.15% - Min: -20.53% - Market Cap 9113 - Trading time: 00:01:17
07-09-2025 20:20:18.201 INFO Current price: 0.000000045101 - Current percentage: 6.37% - Max: 10.15% - Min: -20.53% - Market Cap 9113 - Trading time: 00:01:17
07-09-2025 20:20:18.202 INFO Current price: 0.000000045101 - Current percentage: 6.37% - Max: 10.15% - Min: -20.53% - Market Cap 9113 - Trading time: 00:01:17
07-09-2025 20:20:18.220 INFO Current price: 0.000000045101 - Current percentage: 6.37% - Max: 10.15% - Min: -20.53% - Market Cap 9113 - Trading time: 00:01:17
07-09-2025 20:20:18.967 INFO Current price: 0.000000045100 - Current percentage: 6.37% - Max: 10.15% - Min: -20.53% - Market Cap 9113 - Trading time: 00:01:18
07-09-2025 20:20:21.284 INFO Current price: 0.000000047183 - Current percentage: 16.42% - Max: 16.42% - Min: -20.53% - Market Cap 9974 - Trading time: 00:01:20
07-09-2025 20:20:22.651 INFO Current price: 0.000000049363 - Current percentage: 16.42% - Max: 16.42% - Min: -20.53% - Market Cap 9974 - Trading time: 00:01:22
07-09-2025 20:20:22.653 INFO Current price: 0.000000049362 - Current percentage: 16.42% - Max: 16.42% - Min: -20.53% - Market Cap 9974 - Trading time: 00:01:22
07-09-2025 20:20:22.655 INFO Current price: 0.000000049362 - Current percentage: 16.42% - Max: 16.42% - Min: -20.53% - Market Cap 9974 - Trading time: 00:01:22
07-09-2025 20:20:22.660 INFO Current price: 0.000000049362 - Current percentage: 16.42% - Max: 16.42% - Min: -20.53% - Market Cap 9974 - Trading time: 00:01:22
07-09-2025 20:20:22.908 INFO Current price: 0.000000049361 - Current percentage: 16.42% - Max: 16.42% - Min: -20.53% - Market Cap 9973 - Trading time: 00:01:22
07-09-2025 20:20:23.398 INFO Current price: 0.000000049361 - Current percentage: 16.42% - Max: 16.42% - Min: -20.53% - Market Cap 9973 - Trading time: 00:01:22
07-09-2025 20:20:23.398 INFO Current price: 0.000000049361 - Current percentage: 16.42% - Max: 16.42% - Min: -20.53% - Market Cap 9973 - Trading time: 00:01:22
07-09-2025 20:20:23.590 INFO Current price: 0.000000049360 - Current percentage: 16.42% - Max: 16.42% - Min: -20.53% - Market Cap 9973 - Trading time: 00:01:23
07-09-2025 20:20:25.184 INFO Current price: 0.000000049360 - Current percentage: 16.42% - Max: 16.42% - Min: -20.53% - Market Cap 9973 - Trading time: 00:01:24
07-09-2025 20:20:25.210 INFO Current price: 0.000000049359 - Current percentage: 16.41% - Max: 16.42% - Min: -20.53% - Market Cap 9973 - Trading time: 00:01:24
07-09-2025 20:20:30.644 INFO Current price: 0.000000050933 - Current percentage: 23.96% - Max: 23.96% - Min: -20.53% - Market Cap 10619 - Trading time: 00:01:30
07-09-2025 20:20:34.895 INFO Current price: 0.000000050933 - Current percentage: 16.41% - Max: 23.96% - Min: -20.53% - Market Cap 9973 - Trading time: 00:01:34
07-09-2025 20:20:34.896 INFO Current price: 0.000000047401 - Current percentage: 7.36% - Max: 23.96% - Min: -20.53% - Market Cap 9197 - Trading time: 00:01:34
07-09-2025 20:20:34.898 INFO Current price: 0.000000043587 - Current percentage: -1.57% - Max: 23.96% - Min: -20.53% - Market Cap 8433 - Trading time: 00:01:34
07-09-2025 20:20:36.262 INFO Current price: 0.000000040586 - Current percentage: -6.91% - Max: 23.96% - Min: -20.53% - Market Cap 7975 - Trading time: 00:01:35
07-09-2025 20:20:40.068 INFO Current price: 0.000000040767 - Current percentage: -0.68% - Max: 23.96% - Min: -20.53% - Market Cap 8508 - Trading time: 00:01:39
07-09-2025 20:21:03.233 INFO Current price: 0.000000040646 - Current percentage: -7.47% - Max: 23.96% - Min: -20.53% - Market Cap 7927 - Trading time: 00:02:02
07-09-2025 20:21:05.555 INFO Current price: 0.000000038025 - Current percentage: -13.08% - Max: 23.96% - Min: -20.53% - Market Cap 7446 - Trading time: 00:02:04
07-09-2025 20:21:05.556 INFO Current price: 0.000000035775 - Current percentage: -18.09% - Max: 23.96% - Min: -20.53% - Market Cap 7017 - Trading time: 00:02:04
07-09-2025 20:21:06.167 INFO Current price: 0.000000034729 - Current percentage: -18.09% - Max: 23.96% - Min: -20.53% - Market Cap 7017 - Trading time: 00:02:05
07-09-2025 20:21:06.738 INFO Current price: 0.000000033901 - Current percentage: -21.95% - Max: 23.96% - Min: -21.95% - Market Cap 6686 - Trading time: 00:02:06
07-09-2025 20:21:06.784 INFO Current price: 0.000000032358 - Current percentage: -25.37% - Max: 23.96% - Min: -25.37% - Market Cap 6393 - Trading time: 00:02:06
07-09-2025 20:21:09.055 INFO Current price: 0.000000030661 - Current percentage: -29.93% - Max: 23.96% - Min: -29.93% - Market Cap 6003 - Trading time: 00:02:08
07-09-2025 20:21:09.057 INFO Current price: 0.000000028845 - Current percentage: -33.95% - Max: 23.96% - Min: -33.95% - Market Cap 5658 - Trading time: 00:02:08
07-09-2025 20:21:27.652 INFO Current price: 0.000000028014 - Current percentage: -33.91% - Max: 23.96% - Min: -33.95% - Market Cap 5662 - Trading time: 00:02:27
07-09-2025 20:22:29.553 INFO Current price: 0.000000028007 - Current percentage: -33.98% - Max: 23.96% - Min: -33.98% - Market Cap 5656 - Trading time: 00:03:28
07-09-2025 20:23:05.789 INFO Current price: 0.000000027985 - Current percentage: -34.01% - Max: 23.96% - Min: -34.01% - Market Cap 5653 - Trading time: 00:04:05






07-09-2025 20:33:05.791 INFO {"type":"summary","reason":"inactivity","startedAt":"2025-09-07T18:19:00.560Z","endedAt":"2025-09-07T18:33:05.791Z","durationSec":845,"entryPrice":4.593477175768872e-8,"entryMarketCapSol":42.39935638487559,"entryMarketCapUsd":8566.789957564113,"minPct":-34.01148534711122,"maxPct":23.95799099156111,"buyCount":37,"sellCount":62,"tradeCount":99,"entryRecorded":true,"noPostThresholdTrades":false,"triggerAt":"2025-09-07T18:19:00.560Z","ageAtTriggerSec":4,"preTotalTrades":14,"preBuys":10,"preSells":4,"preUniqueTraders":10,"preEntryTotalTrades":20,"preEntryBuys":14,"preEntrySells":6,"preEntryUniqueTraders":14,"preEntryMinMcUsd":7687.930760211891,"preEntryMaxMcUsd":11149.85702463652,"thresholdMcSol":42.39935638487559,"thresholdMcUsd":8566.789957564113,"thresholdPrice":4.593477175768872e-8}
