07-09-2025 03:41:58.390 INFO Entry price: 0.000000033144199775 - Entry market cap: 6338 - Buys 2 - Sells 4 - Ratio: 1:2.00 - Min MarketCap: 5658 - Max MarketCap: 7098
07-09-2025 03:41:58.390 INFO Current price: 0.000000033144 - Current percentage: 0.00% - Max: 0.00% - Min: 0.00% - Market Cap 6338 - Trading time: 00:00:02
07-09-2025 03:41:59.768 INFO Current price: 0.000000028006 - Current percentage: -10.43% - Max: 0.00% - Min: -10.43% - Market Cap 5677 - Trading time: 00:00:03
07-09-2025 03:42:00.163 INFO Current price: 0.000000028335 - Current percentage: -8.62% - Max: 0.00% - Min: -10.43% - Market Cap 5792 - Trading time: 00:00:03
07-09-2025 03:42:00.791 INFO Current price: 0.000000028659 - Current percentage: -8.38% - Max: 0.00% - Min: -10.43% - Market Cap 5807 - Trading time: 00:00:04
07-09-2025 03:42:00.791 INFO Current price: 0.000000028726 - Current percentage: -8.19% - Max: 0.00% - Min: -10.43% - Market Cap 5819 - Trading time: 00:00:04
07-09-2025 03:42:00.800 INFO Current price: 0.000000028849 - Current percentage: -7.58% - Max: 0.00% - Min: -10.43% - Market Cap 5857 - Trading time: 00:00:04
07-09-2025 03:42:09.374 INFO Current price: 0.000000028954 - Current percentage: -7.52% - Max: 0.00% - Min: -10.43% - Market Cap 5861 - Trading time: 00:00:12
07-09-2025 03:42:11.963 INFO Current price: 0.000000029709 - Current percentage: -2.70% - Max: 0.00% - Min: -10.43% - Market Cap 6167 - Trading time: 00:00:15
07-09-2025 03:42:20.439 INFO Current price: 0.000000030422 - Current percentage: -3.03% - Max: 0.00% - Min: -10.43% - Market Cap 6146 - Trading time: 00:00:24
07-09-2025 03:42:38.966 INFO Current price: 0.000000030359 - Current percentage: -3.10% - Max: 0.00% - Min: -10.43% - Market Cap 6142 - Trading time: 00:00:42
07-09-2025 03:42:48.171 INFO Current price: 0.000000031530 - Current percentage: 4.59% - Max: 4.59% - Min: -10.43% - Market Cap 6629 - Trading time: 00:00:51
07-09-2025 03:42:48.172 INFO Current price: 0.000000033838 - Current percentage: 11.61% - Max: 11.61% - Min: -10.43% - Market Cap 7074 - Trading time: 00:00:51
07-09-2025 03:42:52.163 INFO Current price: 0.000000035465 - Current percentage: 14.89% - Max: 14.89% - Min: -10.43% - Market Cap 7282 - Trading time: 00:00:55
07-09-2025 03:42:54.075 INFO Current price: 0.000000036086 - Current percentage: 15.55% - Max: 15.55% - Min: -10.43% - Market Cap 7324 - Trading time: 00:00:57
07-09-2025 03:42:54.220 INFO Current price: 0.000000036212 - Current percentage: 15.69% - Max: 15.69% - Min: -10.43% - Market Cap 7332 - Trading time: 00:00:57
07-09-2025 03:43:03.139 INFO Current price: 0.000000037270 - Current percentage: 22.41% - Max: 22.41% - Min: -10.43% - Market Cap 7758 - Trading time: 00:01:06
07-09-2025 03:43:04.114 INFO Current price: 0.000000038455 - Current percentage: 23.16% - Max: 23.16% - Min: -10.43% - Market Cap 7806 - Trading time: 00:01:07
07-09-2025 03:43:06.286 INFO Current price: 0.000000038690 - Current percentage: 23.91% - Max: 23.91% - Min: -10.43% - Market Cap 7854 - Trading time: 00:01:09
07-09-2025 03:43:08.136 INFO Current price: 0.000000038863 - Current percentage: 24.26% - Max: 24.26% - Min: -10.43% - Market Cap 7876 - Trading time: 00:01:11
07-09-2025 03:43:12.371 INFO Current price: 0.000000037828 - Current percentage: 17.39% - Max: 24.26% - Min: -10.43% - Market Cap 7441 - Trading time: 00:01:15
07-09-2025 03:43:14.797 INFO Current price: 0.000000035311 - Current percentage: 8.28% - Max: 24.26% - Min: -10.43% - Market Cap 6863 - Trading time: 00:01:18
07-09-2025 03:43:14.797 INFO Current price: 0.000000032845 - Current percentage: 1.57% - Max: 24.26% - Min: -10.43% - Market Cap 6438 - Trading time: 00:01:18
07-09-2025 03:43:14.811 INFO Current price: 0.000000031794 - Current percentage: 1.46% - Max: 24.26% - Min: -10.43% - Market Cap 6431 - Trading time: 00:01:18
07-09-2025 03:43:15.596 INFO Current price: 0.000000031602 - Current percentage: 0.34% - Max: 24.26% - Min: -10.43% - Market Cap 6360 - Trading time: 00:01:19
07-09-2025 03:43:18.783 INFO Current price: 0.000000031005 - Current percentage: -2.33% - Max: 24.26% - Min: -10.43% - Market Cap 6190 - Trading time: 00:01:22
07-09-2025 03:43:23.378 INFO Current price: 0.000000030550 - Current percentage: -2.58% - Max: 24.26% - Min: -10.43% - Market Cap 6175 - Trading time: 00:01:26
07-09-2025 03:48:33.996 INFO Current price: 0.000000029744 - Current percentage: -7.42% - Max: 24.26% - Min: -10.43% - Market Cap 5868 - Trading time: 00:06:37






07-09-2025 03:58:33.996 INFO {"type":"summary","reason":"inactivity","startedAt":"2025-09-07T01:41:56.390Z","endedAt":"2025-09-07T01:58:33.996Z","durationSec":997,"entryPrice":3.314419977465228e-8,"entryMarketCapSol":31.319521364960718,"entryMarketCapUsd":6338.131538627101,"minPct":-10.432003494674941,"maxPct":24.26361476812657,"buyCount":16,"sellCount":11,"tradeCount":27,"entryRecorded":true,"noPostThresholdTrades":false,"triggerAt":"2025-09-07T01:41:56.390Z","ageAtTriggerSec":10,"preTotalTrades":5,"preBuys":2,"preSells":3,"preUniqueTraders":3,"preEntryTotalTrades":6,"preEntryBuys":2,"preEntrySells":4,"preEntryUniqueTraders":3,"preEntryMinMcUsd":5658.061509785648,"preEntryMaxMcUsd":7098.1650140916,"thresholdMcSol":31.319521364960718,"thresholdMcUsd":6338.131538627101,"thresholdPrice":3.314419977465228e-8}
