07-09-2025 21:15:36.547 INFO Entry price: 0.000000043808996714 - Entry market cap: 8529 - Buys 41 - Sells 16 - Ratio: 1:0.39 - Min MarketCap: 6753 - Max MarketCap: 12243
07-09-2025 21:15:36.547 INFO Current price: 0.000000043809 - Current percentage: 0.00% - Max: 0.00% - Min: 0.00% - Market Cap 8529 - Trading time: 00:00:02
07-09-2025 21:15:36.581 INFO Current price: 0.000000053954 - Current percentage: 27.83% - Max: 27.83% - Min: 0.00% - Market Cap 10903 - Trading time: 00:00:02
07-09-2025 21:15:36.754 INFO Current price: 0.000000053354 - Current percentage: 25.35% - Max: 27.83% - Min: 0.00% - Market Cap 10692 - Trading time: 00:00:02
07-09-2025 21:15:37.091 INFO Current price: 0.000000052959 - Current percentage: 25.95% - Max: 27.83% - Min: 0.00% - Market Cap 10743 - Trading time: 00:00:02
07-09-2025 21:15:37.165 INFO Current price: 0.000000053032 - Current percentage: 25.70% - Max: 27.83% - Min: 0.00% - Market Cap 10721 - Trading time: 00:00:02
07-09-2025 21:15:37.220 INFO Current price: 0.000000053042 - Current percentage: 26.00% - Max: 27.83% - Min: 0.00% - Market Cap 10747 - Trading time: 00:00:02
07-09-2025 21:15:37.329 INFO Current price: 0.000000052866 - Current percentage: 24.86% - Max: 27.83% - Min: 0.00% - Market Cap 10650 - Trading time: 00:00:02
07-09-2025 21:15:37.756 INFO Current price: 0.000000051738 - Current percentage: 20.68% - Max: 27.83% - Min: 0.00% - Market Cap 10293 - Trading time: 00:00:03
07-09-2025 21:15:38.126 INFO Current price: 0.000000050614 - Current percentage: 19.50% - Max: 27.83% - Min: 0.00% - Market Cap 10192 - Trading time: 00:00:03
07-09-2025 21:15:39.018 INFO Current price: 0.000000050537 - Current percentage: 20.31% - Max: 27.83% - Min: 0.00% - Market Cap 10262 - Trading time: 00:00:04
07-09-2025 21:15:40.994 INFO Current price: 0.000000052549 - Current percentage: 29.21% - Max: 29.21% - Min: 0.00% - Market Cap 11020 - Trading time: 00:00:06
07-09-2025 21:15:41.761 INFO Current price: 0.000000054491 - Current percentage: 29.37% - Max: 29.37% - Min: 0.00% - Market Cap 11034 - Trading time: 00:00:07
07-09-2025 21:15:42.862 INFO Current price: 0.000000052657 - Current percentage: 20.65% - Max: 29.37% - Min: 0.00% - Market Cap 10291 - Trading time: 00:00:08
07-09-2025 21:15:42.925 INFO Current price: 0.000000048882 - Current percentage: 11.48% - Max: 29.37% - Min: 0.00% - Market Cap 9509 - Trading time: 00:00:08
07-09-2025 21:15:42.926 INFO Current price: 0.000000046087 - Current percentage: 7.25% - Max: 29.37% - Min: 0.00% - Market Cap 9148 - Trading time: 00:00:08
07-09-2025 21:15:43.038 INFO Current price: 0.000000045025 - Current percentage: 6.40% - Max: 29.37% - Min: 0.00% - Market Cap 9076 - Trading time: 00:00:08
07-09-2025 21:15:43.085 INFO Current price: 0.000000043841 - Current percentage: 1.68% - Max: 29.37% - Min: 0.00% - Market Cap 8673 - Trading time: 00:00:08
07-09-2025 21:15:43.465 INFO Current price: 0.000000042857 - Current percentage: 1.68% - Max: 29.37% - Min: 0.00% - Market Cap 8673 - Trading time: 00:00:08
07-09-2025 21:15:44.031 INFO Current price: 0.000000042914 - Current percentage: 1.95% - Max: 29.37% - Min: 0.00% - Market Cap 8696 - Trading time: 00:00:09
07-09-2025 21:15:44.092 INFO Current price: 0.000000043795 - Current percentage: 5.90% - Max: 29.37% - Min: 0.00% - Market Cap 9033 - Trading time: 00:00:09
07-09-2025 21:15:44.188 INFO Current price: 0.000000043380 - Current percentage: 0.03% - Max: 29.37% - Min: 0.00% - Market Cap 8532 - Trading time: 00:00:09
07-09-2025 21:15:44.303 INFO Current price: 0.000000042272 - Current percentage: 0.56% - Max: 29.37% - Min: 0.00% - Market Cap 8577 - Trading time: 00:00:09
07-09-2025 21:15:45.189 INFO Current price: 0.000000042498 - Current percentage: 1.10% - Max: 29.37% - Min: 0.00% - Market Cap 8623 - Trading time: 00:00:10
07-09-2025 21:15:46.007 INFO Current price: 0.000000043905 - Current percentage: 7.33% - Max: 29.37% - Min: 0.00% - Market Cap 9155 - Trading time: 00:00:11
07-09-2025 21:15:46.010 INFO Current price: 0.000000045296 - Current percentage: 7.61% - Max: 29.37% - Min: 0.00% - Market Cap 9178 - Trading time: 00:00:11
07-09-2025 21:15:46.451 INFO Current price: 0.000000045412 - Current percentage: 7.88% - Max: 29.37% - Min: 0.00% - Market Cap 9202 - Trading time: 00:00:11
07-09-2025 21:15:47.069 INFO Current price: 0.000000047161 - Current percentage: 16.05% - Max: 29.37% - Min: 0.00% - Market Cap 9899 - Trading time: 00:00:12
07-09-2025 21:15:47.795 INFO Current price: 0.000000047553 - Current percentage: 9.69% - Max: 29.37% - Min: 0.00% - Market Cap 9356 - Trading time: 00:00:13
07-09-2025 21:15:48.608 INFO Current price: 0.000000046347 - Current percentage: 10.24% - Max: 29.37% - Min: 0.00% - Market Cap 9403 - Trading time: 00:00:14
07-09-2025 21:15:50.667 INFO Current price: 0.000000046401 - Current percentage: 9.94% - Max: 29.37% - Min: 0.00% - Market Cap 9377 - Trading time: 00:00:16
07-09-2025 21:15:52.891 INFO Current price: 0.000000046343 - Current percentage: 9.97% - Max: 29.37% - Min: 0.00% - Market Cap 9380 - Trading time: 00:00:18
07-09-2025 21:15:52.893 INFO Current price: 0.000000046355 - Current percentage: 10.00% - Max: 29.37% - Min: 0.00% - Market Cap 9382 - Trading time: 00:00:18
07-09-2025 21:15:52.975 INFO Current price: 0.000000046367 - Current percentage: 10.03% - Max: 29.37% - Min: 0.00% - Market Cap 9385 - Trading time: 00:00:18
07-09-2025 21:15:53.048 INFO Current price: 0.000000046379 - Current percentage: 10.05% - Max: 29.37% - Min: 0.00% - Market Cap 9387 - Trading time: 00:00:18
07-09-2025 21:15:53.344 INFO Current price: 0.000000046258 - Current percentage: 9.45% - Max: 29.37% - Min: 0.00% - Market Cap 9336 - Trading time: 00:00:18
07-09-2025 21:15:53.721 INFO Current price: 0.000000046108 - Current percentage: 9.34% - Max: 29.37% - Min: 0.00% - Market Cap 9326 - Trading time: 00:00:19
07-09-2025 21:15:54.340 INFO Current price: 0.000000044266 - Current percentage: 0.88% - Max: 29.37% - Min: 0.00% - Market Cap 8605 - Trading time: 00:00:19
07-09-2025 21:15:54.340 INFO Current price: 0.000000040914 - Current percentage: -6.59% - Max: 29.37% - Min: -6.59% - Market Cap 7967 - Trading time: 00:00:19
07-09-2025 21:15:54.630 INFO Current price: 0.000000039142 - Current percentage: -7.67% - Max: 29.37% - Min: -7.67% - Market Cap 7875 - Trading time: 00:00:20
07-09-2025 21:15:54.924 INFO Current price: 0.000000038870 - Current percentage: -7.89% - Max: 29.37% - Min: -7.89% - Market Cap 7857 - Trading time: 00:00:20
07-09-2025 21:15:54.926 INFO Current price: 0.000000038803 - Current percentage: -7.98% - Max: 29.37% - Min: -7.98% - Market Cap 7848 - Trading time: 00:00:20
07-09-2025 21:15:55.626 INFO Current price: 0.000000039319 - Current percentage: -5.42% - Max: 29.37% - Min: -7.98% - Market Cap 8067 - Trading time: 00:00:21
07-09-2025 21:15:56.925 INFO Current price: 0.000000039918 - Current percentage: -5.16% - Max: 29.37% - Min: -7.98% - Market Cap 8089 - Trading time: 00:00:22
07-09-2025 21:15:58.027 INFO Current price: 0.000000039869 - Current percentage: -5.65% - Max: 29.37% - Min: -7.98% - Market Cap 8048 - Trading time: 00:00:23
07-09-2025 21:15:58.065 INFO Current price: 0.000000040957 - Current percentage: 0.08% - Max: 29.37% - Min: -7.98% - Market Cap 8536 - Trading time: 00:00:23
07-09-2025 21:15:58.072 INFO Current price: 0.000000043195 - Current percentage: 4.95% - Max: 29.37% - Min: -7.98% - Market Cap 8951 - Trading time: 00:00:23
07-09-2025 21:15:58.827 INFO Current price: 0.000000044244 - Current percentage: 5.00% - Max: 29.37% - Min: -7.98% - Market Cap 8956 - Trading time: 00:00:24
07-09-2025 21:15:59.256 INFO Current price: 0.000000044192 - Current percentage: 4.70% - Max: 29.37% - Min: -7.98% - Market Cap 8930 - Trading time: 00:00:24
07-09-2025 21:16:01.705 INFO Current price: 0.000000044134 - Current percentage: 4.73% - Max: 29.37% - Min: -7.98% - Market Cap 8933 - Trading time: 00:00:27
07-09-2025 21:16:01.706 INFO Current price: 0.000000044146 - Current percentage: 4.76% - Max: 29.37% - Min: -7.98% - Market Cap 8935 - Trading time: 00:00:27
07-09-2025 21:16:02.093 INFO Current price: 0.000000044158 - Current percentage: 4.78% - Max: 29.37% - Min: -7.98% - Market Cap 8937 - Trading time: 00:00:27
07-09-2025 21:16:02.095 INFO Current price: 0.000000044169 - Current percentage: 4.81% - Max: 29.37% - Min: -7.98% - Market Cap 8940 - Trading time: 00:00:27
07-09-2025 21:16:05.195 INFO Current price: 0.000000043353 - Current percentage: 0.95% - Max: 29.37% - Min: -7.98% - Market Cap 8610 - Trading time: 00:00:30
07-09-2025 21:16:05.641 INFO Current price: 0.000000041310 - Current percentage: -4.84% - Max: 29.37% - Min: -7.98% - Market Cap 8117 - Trading time: 00:00:31
07-09-2025 21:16:05.736 INFO Current price: 0.000000039075 - Current percentage: -9.68% - Max: 29.37% - Min: -9.68% - Market Cap 7704 - Trading time: 00:00:31
07-09-2025 21:16:06.681 INFO Current price: 0.000000038121 - Current percentage: -9.43% - Max: 29.37% - Min: -9.68% - Market Cap 7725 - Trading time: 00:00:32
07-09-2025 21:16:06.770 INFO Current price: 0.000000038107 - Current percentage: -9.75% - Max: 29.37% - Min: -9.75% - Market Cap 7698 - Trading time: 00:00:32
07-09-2025 21:16:07.186 INFO Current price: 0.000000038253 - Current percentage: -8.73% - Max: 29.37% - Min: -9.75% - Market Cap 7785 - Trading time: 00:00:32
07-09-2025 21:16:07.295 INFO Current price: 0.000000039643 - Current percentage: -3.07% - Max: 29.37% - Min: -9.75% - Market Cap 8268 - Trading time: 00:00:32
07-09-2025 21:16:07.603 INFO Current price: 0.000000040866 - Current percentage: -3.01% - Max: 29.37% - Min: -9.75% - Market Cap 8272 - Trading time: 00:00:33
07-09-2025 21:16:07.614 INFO Current price: 0.000000040917 - Current percentage: -2.82% - Max: 29.37% - Min: -9.75% - Market Cap 8289 - Trading time: 00:00:33
07-09-2025 21:16:09.032 INFO Current price: 0.000000041068 - Current percentage: -2.30% - Max: 29.37% - Min: -9.75% - Market Cap 8333 - Trading time: 00:00:34
07-09-2025 21:16:09.145 INFO Current price: 0.000000041119 - Current percentage: -2.58% - Max: 29.37% - Min: -9.75% - Market Cap 8309 - Trading time: 00:00:34
07-09-2025 21:16:09.218 INFO Current price: 0.000000041062 - Current percentage: -2.57% - Max: 29.37% - Min: -9.75% - Market Cap 8310 - Trading time: 00:00:34
07-09-2025 21:16:10.745 INFO Current price: 0.000000040978 - Current percentage: -2.98% - Max: 29.37% - Min: -9.75% - Market Cap 8276 - Trading time: 00:00:36
07-09-2025 21:16:12.238 INFO Current price: 0.000000040155 - Current percentage: -6.45% - Max: 29.37% - Min: -9.75% - Market Cap 7980 - Trading time: 00:00:37
07-09-2025 21:16:12.396 INFO Current price: 0.000000039429 - Current percentage: -6.45% - Max: 29.37% - Min: -9.75% - Market Cap 7979 - Trading time: 00:00:37
07-09-2025 21:16:13.971 INFO Current price: 0.000000040564 - Current percentage: -0.98% - Max: 29.37% - Min: -9.75% - Market Cap 8446 - Trading time: 00:00:39
07-09-2025 21:16:14.036 INFO Current price: 0.000000042791 - Current percentage: 4.10% - Max: 29.37% - Min: -9.75% - Market Cap 8879 - Trading time: 00:00:39
07-09-2025 21:16:16.954 INFO Current price: 0.000000044103 - Current percentage: 5.18% - Max: 29.37% - Min: -9.75% - Market Cap 8972 - Trading time: 00:00:42
07-09-2025 21:16:17.320 INFO Current price: 0.000000044606 - Current percentage: 6.49% - Max: 29.37% - Min: -9.75% - Market Cap 9083 - Trading time: 00:00:42
07-09-2025 21:16:20.160 INFO Current price: 0.000000045344 - Current percentage: 8.69% - Max: 29.37% - Min: -9.75% - Market Cap 9271 - Trading time: 00:00:45
07-09-2025 21:16:21.119 INFO Current price: 0.000000045927 - Current percentage: 9.24% - Max: 29.37% - Min: -9.75% - Market Cap 9318 - Trading time: 00:00:46
07-09-2025 21:16:21.934 INFO Current price: 0.000000046056 - Current percentage: 9.30% - Max: 29.37% - Min: -9.75% - Market Cap 9323 - Trading time: 00:00:47
07-09-2025 21:16:22.925 INFO Current price: 0.000000046091 - Current percentage: 9.41% - Max: 29.37% - Min: -9.75% - Market Cap 9332 - Trading time: 00:00:48
07-09-2025 21:16:24.506 INFO Current price: 0.000000046328 - Current percentage: 10.43% - Max: 29.37% - Min: -9.75% - Market Cap 9419 - Trading time: 00:00:49
07-09-2025 21:16:24.613 INFO Current price: 0.000000046659 - Current percentage: 10.98% - Max: 29.37% - Min: -9.75% - Market Cap 9466 - Trading time: 00:00:50
07-09-2025 21:16:24.792 INFO Current price: 0.000000046802 - Current percentage: 11.10% - Max: 29.37% - Min: -9.75% - Market Cap 9476 - Trading time: 00:00:50
07-09-2025 21:16:25.465 INFO Current price: 0.000000046858 - Current percentage: 11.25% - Max: 29.37% - Min: -9.75% - Market Cap 9489 - Trading time: 00:00:50
07-09-2025 21:16:29.380 INFO Current price: 0.000000047008 - Current percentage: 11.81% - Max: 29.37% - Min: -9.75% - Market Cap 9537 - Trading time: 00:00:54
07-09-2025 21:16:31.467 INFO Current price: 0.000000046991 - Current percentage: 11.17% - Max: 29.37% - Min: -9.75% - Market Cap 9482 - Trading time: 00:00:56
07-09-2025 21:16:34.541 INFO Current price: 0.000000046373 - Current percentage: 8.89% - Max: 29.37% - Min: -9.75% - Market Cap 9288 - Trading time: 00:00:59
07-09-2025 21:16:35.625 INFO Current price: 0.000000045400 - Current percentage: 6.55% - Max: 29.37% - Min: -9.75% - Market Cap 9088 - Trading time: 00:01:01
07-09-2025 21:16:35.894 INFO Current price: 0.000000043849 - Current percentage: 1.58% - Max: 29.37% - Min: -9.75% - Market Cap 8664 - Trading time: 00:01:01
07-09-2025 21:16:35.896 INFO Current price: 0.000000041768 - Current percentage: -3.32% - Max: 29.37% - Min: -9.75% - Market Cap 8246 - Trading time: 00:01:01
07-09-2025 21:16:35.910 INFO Current price: 0.000000039620 - Current percentage: -8.60% - Max: 29.37% - Min: -9.75% - Market Cap 7796 - Trading time: 00:01:01
07-09-2025 21:16:35.953 INFO Current price: 0.000000037451 - Current percentage: -13.61% - Max: 29.37% - Min: -13.61% - Market Cap 7368 - Trading time: 00:01:01
07-09-2025 21:16:37.678 INFO Current price: 0.000000036462 - Current percentage: -13.37% - Max: 29.37% - Min: -13.61% - Market Cap 7389 - Trading time: 00:01:03
07-09-2025 21:16:38.318 INFO Current price: 0.000000036432 - Current percentage: -13.76% - Max: 29.37% - Min: -13.76% - Market Cap 7356 - Trading time: 00:01:03
07-09-2025 21:16:38.456 INFO Current price: 0.000000036340 - Current percentage: -13.80% - Max: 29.37% - Min: -13.80% - Market Cap 7352 - Trading time: 00:01:03
07-09-2025 21:16:38.534 INFO Current price: 0.000000038096 - Current percentage: -5.22% - Max: 29.37% - Min: -13.80% - Market Cap 8084 - Trading time: 00:01:03
07-09-2025 21:16:38.539 INFO Current price: 0.000000039909 - Current percentage: -5.40% - Max: 29.37% - Min: -13.80% - Market Cap 8068 - Trading time: 00:01:03
07-09-2025 21:16:39.707 INFO Current price: 0.000000039881 - Current percentage: -5.35% - Max: 29.37% - Min: -13.80% - Market Cap 8073 - Trading time: 00:01:05
07-09-2025 21:16:40.761 INFO Current price: 0.000000039832 - Current percentage: -5.63% - Max: 29.37% - Min: -13.80% - Market Cap 8049 - Trading time: 00:01:06
07-09-2025 21:16:42.306 INFO Current price: 0.000000039231 - Current percentage: -8.19% - Max: 29.37% - Min: -13.80% - Market Cap 7831 - Trading time: 00:01:07
07-09-2025 21:16:44.587 INFO Current price: 0.000000038576 - Current percentage: -8.76% - Max: 29.37% - Min: -13.80% - Market Cap 7783 - Trading time: 00:01:10
07-09-2025 21:16:46.879 INFO Current price: 0.000000038439 - Current percentage: -8.84% - Max: 29.37% - Min: -13.80% - Market Cap 7775 - Trading time: 00:01:12
07-09-2025 21:16:47.133 INFO Current price: 0.000000038531 - Current percentage: -8.33% - Max: 29.37% - Min: -13.80% - Market Cap 7819 - Trading time: 00:01:12
07-09-2025 21:16:48.268 INFO Current price: 0.000000038636 - Current percentage: -8.33% - Max: 29.37% - Min: -13.80% - Market Cap 7819 - Trading time: 00:01:13
07-09-2025 21:16:48.623 INFO Current price: 0.000000039868 - Current percentage: -2.39% - Max: 29.37% - Min: -13.80% - Market Cap 8325 - Trading time: 00:01:14
07-09-2025 21:16:51.282 INFO Current price: 0.000000041361 - Current percentage: -1.34% - Max: 29.37% - Min: -13.80% - Market Cap 8415 - Trading time: 00:01:16
07-09-2025 21:16:52.793 INFO Current price: 0.000000042139 - Current percentage: 1.31% - Max: 29.37% - Min: -13.80% - Market Cap 8642 - Trading time: 00:01:18
07-09-2025 21:16:54.529 INFO Current price: 0.000000042725 - Current percentage: 1.42% - Max: 29.37% - Min: -13.80% - Market Cap 8651 - Trading time: 00:01:19
07-09-2025 21:16:57.870 INFO Current price: 0.000000043029 - Current percentage: 2.76% - Max: 29.37% - Min: -13.80% - Market Cap 8765 - Trading time: 00:01:23
07-09-2025 21:16:58.777 INFO Current price: 0.000000044487 - Current percentage: 8.41% - Max: 29.37% - Min: -13.80% - Market Cap 9247 - Trading time: 00:01:24
07-09-2025 21:16:58.785 INFO Current price: 0.000000045705 - Current percentage: 8.47% - Max: 29.37% - Min: -13.80% - Market Cap 9252 - Trading time: 00:01:24
07-09-2025 21:16:58.934 INFO Current price: 0.000000046305 - Current percentage: 11.28% - Max: 29.37% - Min: -13.80% - Market Cap 9491 - Trading time: 00:01:24
07-09-2025 21:17:08.911 INFO Current price: 0.000000046960 - Current percentage: 11.56% - Max: 29.37% - Min: -13.80% - Market Cap 9515 - Trading time: 00:01:34
07-09-2025 21:17:09.597 INFO Current price: 0.000000045485 - Current percentage: 4.40% - Max: 29.37% - Min: -13.80% - Market Cap 8904 - Trading time: 00:01:35
07-09-2025 21:17:10.674 INFO Current price: 0.000000043945 - Current percentage: 4.13% - Max: 29.37% - Min: -13.80% - Market Cap 8882 - Trading time: 00:01:36
07-09-2025 21:17:10.808 INFO Current price: 0.000000043350 - Current percentage: 1.59% - Max: 29.37% - Min: -13.80% - Market Cap 8665 - Trading time: 00:01:36
07-09-2025 21:17:10.982 INFO Current price: 0.000000042825 - Current percentage: 1.63% - Max: 29.37% - Min: -13.80% - Market Cap 8668 - Trading time: 00:01:36
07-09-2025 21:17:13.614 INFO Current price: 0.000000042825 - Current percentage: 1.59% - Max: 29.37% - Min: -13.80% - Market Cap 8665 - Trading time: 00:01:39
07-09-2025 21:17:19.676 INFO Current price: 0.000000044008 - Current percentage: 5.79% - Max: 29.37% - Min: -13.80% - Market Cap 9023 - Trading time: 00:01:45
07-09-2025 21:17:19.784 INFO Current price: 0.000000044540 - Current percentage: 5.56% - Max: 29.37% - Min: -13.80% - Market Cap 9004 - Trading time: 00:01:45
07-09-2025 21:17:25.461 INFO Current price: 0.000000044607 - Current percentage: 6.11% - Max: 29.37% - Min: -13.80% - Market Cap 9050 - Trading time: 00:01:50
07-09-2025 21:17:26.738 INFO Current price: 0.000000044425 - Current percentage: 4.70% - Max: 29.37% - Min: -13.80% - Market Cap 8930 - Trading time: 00:01:52
07-09-2025 21:17:28.539 INFO Current price: 0.000000042331 - Current percentage: -3.66% - Max: 29.37% - Min: -13.80% - Market Cap 8217 - Trading time: 00:01:53
07-09-2025 21:17:28.928 INFO Current price: 0.000000040609 - Current percentage: -3.64% - Max: 29.37% - Min: -13.80% - Market Cap 8219 - Trading time: 00:01:54
07-09-2025 21:17:28.936 INFO Current price: 0.000000040617 - Current percentage: -3.62% - Max: 29.37% - Min: -13.80% - Market Cap 8220 - Trading time: 00:01:54
07-09-2025 21:17:28.995 INFO Current price: 0.000000040624 - Current percentage: -3.61% - Max: 29.37% - Min: -13.80% - Market Cap 8222 - Trading time: 00:01:54
07-09-2025 21:17:30.676 INFO Current price: 0.000000039679 - Current percentage: -8.05% - Max: 29.37% - Min: -13.80% - Market Cap 7842 - Trading time: 00:01:56
07-09-2025 21:17:30.777 INFO Current price: 0.000000037809 - Current percentage: -12.48% - Max: 29.37% - Min: -13.80% - Market Cap 7465 - Trading time: 00:01:56
07-09-2025 21:17:30.906 INFO Current price: 0.000000035805 - Current percentage: -17.54% - Max: 29.37% - Min: -17.54% - Market Cap 7033 - Trading time: 00:01:56
07-09-2025 21:17:31.449 INFO Current price: 0.000000034733 - Current percentage: -17.64% - Max: 29.37% - Min: -17.64% - Market Cap 7025 - Trading time: 00:01:56
07-09-2025 21:17:31.918 INFO Current price: 0.000000034529 - Current percentage: -18.51% - Max: 29.37% - Min: -18.51% - Market Cap 6951 - Trading time: 00:01:57
07-09-2025 21:17:32.685 INFO Current price: 0.000000034370 - Current percentage: -18.36% - Max: 29.37% - Min: -18.51% - Market Cap 6963 - Trading time: 00:01:58
07-09-2025 21:17:33.234 INFO Current price: 0.000000034372 - Current percentage: -18.54% - Max: 29.37% - Min: -18.54% - Market Cap 6948 - Trading time: 00:01:58
07-09-2025 21:17:37.813 INFO Current price: 0.000000034542 - Current percentage: -17.55% - Max: 29.37% - Min: -18.54% - Market Cap 7032 - Trading time: 00:02:03
07-09-2025 21:17:41.302 INFO Current price: 0.000000034670 - Current percentage: -17.93% - Max: 29.37% - Min: -18.54% - Market Cap 7000 - Trading time: 00:02:06
07-09-2025 21:17:44.259 INFO Current price: 0.000000034612 - Current percentage: -17.83% - Max: 29.37% - Min: -18.54% - Market Cap 7009 - Trading time: 00:02:09
07-09-2025 21:17:45.463 INFO Current price: 0.000000034235 - Current percentage: -19.71% - Max: 29.37% - Min: -19.71% - Market Cap 6848 - Trading time: 00:02:10
07-09-2025 21:17:45.880 INFO Current price: 0.000000033893 - Current percentage: -19.46% - Max: 29.37% - Min: -19.71% - Market Cap 6869 - Trading time: 00:02:11
07-09-2025 21:17:46.476 INFO Current price: 0.000000033848 - Current percentage: -19.92% - Max: 29.37% - Min: -19.92% - Market Cap 6830 - Trading time: 00:02:11
07-09-2025 21:17:47.817 INFO Current price: 0.000000033355 - Current percentage: -21.79% - Max: 29.37% - Min: -21.79% - Market Cap 6671 - Trading time: 00:02:13
07-09-2025 21:17:48.543 INFO Current price: 0.000000032893 - Current percentage: -22.12% - Max: 29.37% - Min: -22.12% - Market Cap 6642 - Trading time: 00:02:13
07-09-2025 21:17:49.354 INFO Current price: 0.000000031903 - Current percentage: -26.43% - Max: 29.37% - Min: -26.43% - Market Cap 6275 - Trading time: 00:02:14
07-09-2025 21:17:49.468 INFO Current price: 0.000000031003 - Current percentage: -26.46% - Max: 29.37% - Min: -26.46% - Market Cap 6273 - Trading time: 00:02:14
07-09-2025 21:17:52.621 INFO Current price: 0.000000030106 - Current percentage: -30.62% - Max: 29.37% - Min: -30.62% - Market Cap 5917 - Trading time: 00:02:18
07-09-2025 21:17:58.418 INFO Current price: 0.000000029134 - Current percentage: -31.13% - Max: 29.37% - Min: -31.13% - Market Cap 5874 - Trading time: 00:02:23
07-09-2025 21:17:58.713 INFO Current price: 0.000000028970 - Current percentage: -31.40% - Max: 29.37% - Min: -31.40% - Market Cap 5851 - Trading time: 00:02:24
07-09-2025 21:18:02.436 INFO Current price: 0.000000028901 - Current percentage: -31.46% - Max: 29.37% - Min: -31.46% - Market Cap 5846 - Trading time: 00:02:27
07-09-2025 21:18:19.598 INFO Current price: 0.000000028888 - Current percentage: -31.46% - Max: 29.37% - Min: -31.46% - Market Cap 5846 - Trading time: 00:02:45
07-09-2025 21:18:30.245 INFO Current price: 0.000000028859 - Current percentage: -31.70% - Max: 29.37% - Min: -31.70% - Market Cap 5826 - Trading time: 00:02:55
07-09-2025 21:18:32.585 INFO Current price: 0.000000028648 - Current percentage: -32.56% - Max: 29.37% - Min: -32.56% - Market Cap 5752 - Trading time: 00:02:58
07-09-2025 21:19:34.751 INFO Current price: 0.000000028354 - Current percentage: -32.98% - Max: 29.37% - Min: -32.98% - Market Cap 5716 - Trading time: 00:04:00






07-09-2025 21:29:34.751 INFO {"type":"summary","reason":"inactivity","startedAt":"2025-09-07T19:15:34.546Z","endedAt":"2025-09-07T19:29:34.751Z","durationSec":840,"entryPrice":4.3808996714259663e-8,"entryMarketCapSol":42.147578094243876,"entryMarketCapUsd":8529.405378932133,"minPct":-32.98233134761975,"maxPct":29.368703272765107,"buyCount":80,"sellCount":82,"tradeCount":162,"entryRecorded":true,"noPostThresholdTrades":false,"triggerAt":"2025-09-07T19:15:34.546Z","ageAtTriggerSec":10,"preTotalTrades":40,"preBuys":32,"preSells":8,"preUniqueTraders":30,"preEntryTotalTrades":57,"preEntryBuys":41,"preEntrySells":16,"preEntryUniqueTraders":38,"preEntryMinMcUsd":6753.341868048979,"preEntryMaxMcUsd":12242.748177246232,"thresholdMcSol":42.147578094243876,"thresholdMcUsd":8529.405378932133,"thresholdPrice":4.3808996714259663e-8}
