07-09-2025 05:49:25.130 INFO Entry price: 0.000000050252345350 - Entry market cap: 9811 - Buys 35 - Sells 43 - Ratio: 1:1.23 - Min MarketCap: 6746 - Max MarketCap: 10580
07-09-2025 05:49:25.130 INFO Current price: 0.000000050252 - Current percentage: 0.00% - Max: 0.00% - Min: 0.00% - Market Cap 9811 - Trading time: 00:00:02
07-09-2025 05:49:25.307 INFO Current price: 0.000000048212 - Current percentage: -0.12% - Max: 0.00% - Min: -0.12% - Market Cap 9799 - Trading time: 00:00:02
07-09-2025 05:49:30.872 INFO Current price: 0.000000046575 - Current percentage: -7.26% - Max: 0.00% - Min: -7.26% - Market Cap 9099 - Trading time: 00:00:07
07-09-2025 05:49:33.106 INFO Current price: 0.000000045055 - Current percentage: -6.53% - Max: 0.00% - Min: -7.26% - Market Cap 9170 - Trading time: 00:00:09
07-09-2025 05:49:34.058 INFO Current price: 0.000000045208 - Current percentage: -6.53% - Max: 0.00% - Min: -7.26% - Market Cap 9170 - Trading time: 00:00:10
07-09-2025 05:49:42.720 INFO Current price: 0.000000045280 - Current percentage: -6.33% - Max: 0.00% - Min: -7.26% - Market Cap 9190 - Trading time: 00:00:19
07-09-2025 05:49:44.337 INFO Current price: 0.000000045791 - Current percentage: -4.40% - Max: 0.00% - Min: -7.26% - Market Cap 9379 - Trading time: 00:00:21
07-09-2025 05:49:44.933 INFO Current price: 0.000000046342 - Current percentage: -4.07% - Max: 0.00% - Min: -7.26% - Market Cap 9412 - Trading time: 00:00:21
07-09-2025 05:49:45.422 INFO Current price: 0.000000046482 - Current percentage: -3.82% - Max: 0.00% - Min: -7.26% - Market Cap 9436 - Trading time: 00:00:22
07-09-2025 05:50:02.782 INFO Current price: 0.000000046068 - Current percentage: -5.77% - Max: 0.00% - Min: -7.26% - Market Cap 9245 - Trading time: 00:00:39
07-09-2025 05:50:04.907 INFO Current price: 0.000000046764 - Current percentage: -0.90% - Max: 0.00% - Min: -7.26% - Market Cap 9723 - Trading time: 00:00:41
07-09-2025 05:50:06.397 INFO Current price: 0.000000048434 - Current percentage: 1.09% - Max: 1.09% - Min: -7.26% - Market Cap 9917 - Trading time: 00:00:43
07-09-2025 05:50:08.513 INFO Current price: 0.000000048752 - Current percentage: 0.41% - Max: 1.09% - Min: -7.26% - Market Cap 9851 - Trading time: 00:00:45
07-09-2025 05:50:08.816 INFO Current price: 0.000000048564 - Current percentage: 0.31% - Max: 1.09% - Min: -7.26% - Market Cap 9841 - Trading time: 00:00:45
07-09-2025 05:50:08.816 INFO Current price: 0.000000048515 - Current percentage: 0.21% - Max: 1.09% - Min: -7.26% - Market Cap 9831 - Trading time: 00:00:45
07-09-2025 05:50:17.590 INFO Current price: 0.000000048475 - Current percentage: 0.14% - Max: 1.09% - Min: -7.26% - Market Cap 9824 - Trading time: 00:00:54
07-09-2025 05:50:22.733 INFO Current price: 0.000000048371 - Current percentage: -0.22% - Max: 1.09% - Min: -7.26% - Market Cap 9789 - Trading time: 00:00:59
07-09-2025 05:50:24.881 INFO Current price: 0.000000047811 - Current percentage: -2.17% - Max: 1.09% - Min: -7.26% - Market Cap 9598 - Trading time: 00:01:01
07-09-2025 05:50:27.037 INFO Current price: 0.000000046461 - Current percentage: -5.77% - Max: 1.09% - Min: -7.26% - Market Cap 9244 - Trading time: 00:01:03
07-09-2025 05:50:29.119 INFO Current price: 0.000000044490 - Current percentage: -10.29% - Max: 1.09% - Min: -10.29% - Market Cap 8801 - Trading time: 00:01:05
07-09-2025 05:50:29.204 INFO Current price: 0.000000042789 - Current percentage: -12.84% - Max: 1.09% - Min: -12.84% - Market Cap 8551 - Trading time: 00:01:06
07-09-2025 05:50:29.627 INFO Current price: 0.000000042127 - Current percentage: -13.05% - Max: 1.09% - Min: -13.05% - Market Cap 8531 - Trading time: 00:01:06
07-09-2025 05:50:33.994 INFO Current price: 0.000000042034 - Current percentage: -13.22% - Max: 1.09% - Min: -13.22% - Market Cap 8514 - Trading time: 00:01:10
07-09-2025 05:50:37.677 INFO Current price: 0.000000041833 - Current percentage: -13.88% - Max: 1.09% - Min: -13.88% - Market Cap 8449 - Trading time: 00:01:14
07-09-2025 05:50:46.089 INFO Current price: 0.000000042788 - Current percentage: -9.22% - Max: 1.09% - Min: -13.88% - Market Cap 8906 - Trading time: 00:01:22
07-09-2025 05:50:46.279 INFO Current price: 0.000000044146 - Current percentage: -8.32% - Max: 1.09% - Min: -13.88% - Market Cap 8994 - Trading time: 00:01:23
07-09-2025 05:51:01.431 INFO Current price: 0.000000044146 - Current percentage: -9.22% - Max: 1.09% - Min: -13.88% - Market Cap 8906 - Trading time: 00:01:38
07-09-2025 05:51:24.892 INFO Current price: 0.000000041980 - Current percentage: -17.10% - Max: 1.09% - Min: -17.10% - Market Cap 8133 - Trading time: 00:02:01
07-09-2025 05:51:24.903 INFO Current price: 0.000000039416 - Current percentage: -19.97% - Max: 1.09% - Min: -19.97% - Market Cap 7852 - Trading time: 00:02:01
07-09-2025 05:52:01.108 INFO Current price: 0.000000041568 - Current percentage: -12.75% - Max: 1.09% - Min: -19.97% - Market Cap 8560 - Trading time: 00:02:37
07-09-2025 05:52:01.112 INFO Current price: 0.000000043125 - Current percentage: -8.98% - Max: 1.09% - Min: -19.97% - Market Cap 8930 - Trading time: 00:02:37
07-09-2025 05:52:01.112 INFO Current price: 0.000000044326 - Current percentage: -7.82% - Max: 1.09% - Min: -19.97% - Market Cap 9044 - Trading time: 00:02:37
07-09-2025 05:52:01.347 INFO Current price: 0.000000044727 - Current percentage: -7.33% - Max: 1.09% - Min: -19.97% - Market Cap 9092 - Trading time: 00:02:38
07-09-2025 05:52:21.412 INFO Current price: 0.000000044727 - Current percentage: -7.82% - Max: 1.09% - Min: -19.97% - Market Cap 9044 - Trading time: 00:02:58
07-09-2025 05:52:43.375 INFO Current price: 0.000000044614 - Current percentage: -7.79% - Max: 1.09% - Min: -19.97% - Market Cap 9046 - Trading time: 00:03:20
07-09-2025 05:55:56.885 INFO Current price: 0.000000045223 - Current percentage: -6.50% - Max: 1.09% - Min: -19.97% - Market Cap 9173 - Trading time: 00:06:33
07-09-2025 05:56:06.016 INFO Current price: 0.000000044397 - Current percentage: -9.97% - Max: 1.09% - Min: -19.97% - Market Cap 8832 - Trading time: 00:06:42
07-09-2025 05:56:06.167 INFO Current price: 0.000000043293 - Current percentage: -11.09% - Max: 1.09% - Min: -19.97% - Market Cap 8723 - Trading time: 00:06:43
07-09-2025 05:56:31.352 INFO Current price: 0.000000041831 - Current percentage: -15.95% - Max: 1.09% - Min: -19.97% - Market Cap 8246 - Trading time: 00:07:08
07-09-2025 05:56:32.160 INFO Current price: 0.000000040506 - Current percentage: -16.64% - Max: 1.09% - Min: -19.97% - Market Cap 8179 - Trading time: 00:07:09
07-09-2025 05:56:32.160 INFO Current price: 0.000000040177 - Current percentage: -17.31% - Max: 1.09% - Min: -19.97% - Market Cap 8113 - Trading time: 00:07:09
07-09-2025 05:56:39.426 INFO Current price: 0.000000039020 - Current percentage: -21.37% - Max: 1.09% - Min: -21.37% - Market Cap 7714 - Trading time: 00:07:16
07-09-2025 05:56:39.426 INFO Current price: 0.000000037965 - Current percentage: -21.72% - Max: 1.09% - Min: -21.72% - Market Cap 7680 - Trading time: 00:07:16
07-09-2025 05:56:51.502 INFO Current price: 0.000000036863 - Current percentage: -25.87% - Max: 1.09% - Min: -25.87% - Market Cap 7273 - Trading time: 00:07:28
07-09-2025 05:56:51.617 INFO Current price: 0.000000035396 - Current percentage: -27.83% - Max: 1.09% - Min: -27.83% - Market Cap 7081 - Trading time: 00:07:28
07-09-2025 05:56:51.731 INFO Current price: 0.000000034273 - Current percentage: -30.50% - Max: 1.09% - Min: -30.50% - Market Cap 6819 - Trading time: 00:07:28
07-09-2025 05:56:51.910 INFO Current price: 0.000000033167 - Current percentage: -32.41% - Max: 1.09% - Min: -32.41% - Market Cap 6631 - Trading time: 00:07:28
07-09-2025 05:56:55.065 INFO Current price: 0.000000031915 - Current percentage: -35.65% - Max: 1.09% - Min: -35.65% - Market Cap 6314 - Trading time: 00:07:31
07-09-2025 06:01:23.217 INFO Current price: 0.000000028048 - Current percentage: -42.17% - Max: 1.09% - Min: -42.17% - Market Cap 5674 - Trading time: 00:12:00






07-09-2025 06:09:23.131 INFO {"type":"summary","reason":"max_window","startedAt":"2025-09-07T03:49:23.131Z","endedAt":"2025-09-07T04:09:23.131Z","durationSec":1200,"entryPrice":5.025234534973895e-8,"entryMarketCapSol":48.39094078905373,"entryMarketCapUsd":9810.779335572754,"minPct":-42.16882589735979,"maxPct":1.0861385638611682,"buyCount":18,"sellCount":33,"tradeCount":51,"entryRecorded":true,"noPostThresholdTrades":false,"triggerAt":"2025-09-07T03:49:23.130Z","ageAtTriggerSec":43,"preTotalTrades":75,"preBuys":33,"preSells":42,"preUniqueTraders":32,"preEntryTotalTrades":78,"preEntryBuys":35,"preEntrySells":43,"preEntryUniqueTraders":34,"preEntryMinMcUsd":6746.225865563432,"preEntryMaxMcUsd":10580.05798449335,"thresholdMcSol":48.39094078905373,"thresholdMcUsd":9810.779335572754,"thresholdPrice":5.025234534973895e-8}
