07-09-2025 04:38:34.441 INFO Entry price: 0.000000038153151225 - Entry market cap: 7442 - Buys 27 - Sells 31 - Ratio: 1:1.15 - Min MarketCap: 6738 - Max MarketCap: 8222
07-09-2025 04:38:34.441 INFO Current price: 0.000000038153 - Current percentage: 0.00% - Max: 0.00% - Min: 0.00% - Market Cap 7442 - Trading time: 00:00:02
07-09-2025 04:38:35.316 INFO Current price: 0.000000038931 - Current percentage: 8.75% - Max: 8.75% - Min: 0.00% - Market Cap 8093 - Trading time: 00:00:02
07-09-2025 04:38:35.316 INFO Current price: 0.000000041133 - Current percentage: 14.88% - Max: 14.88% - Min: 0.00% - Market Cap 8549 - Trading time: 00:00:02
07-09-2025 04:38:39.450 INFO Current price: 0.000000042321 - Current percentage: 15.12% - Max: 15.12% - Min: 0.00% - Market Cap 8567 - Trading time: 00:00:07
07-09-2025 04:38:39.637 INFO Current price: 0.000000042390 - Current percentage: 15.25% - Max: 15.25% - Min: 0.00% - Market Cap 8577 - Trading time: 00:00:07
07-09-2025 04:38:47.458 INFO Current price: 0.000000041784 - Current percentage: 11.86% - Max: 15.25% - Min: 0.00% - Market Cap 8324 - Trading time: 00:00:15
07-09-2025 04:38:47.960 INFO Current price: 0.000000041143 - Current percentage: 11.74% - Max: 15.25% - Min: 0.00% - Market Cap 8316 - Trading time: 00:00:15
07-09-2025 04:38:48.314 INFO Current price: 0.000000040498 - Current percentage: 8.38% - Max: 15.25% - Min: 0.00% - Market Cap 8065 - Trading time: 00:00:15
07-09-2025 04:38:50.668 INFO Current price: 0.000000038740 - Current percentage: 2.25% - Max: 15.25% - Min: 0.00% - Market Cap 7609 - Trading time: 00:00:18
07-09-2025 04:38:52.036 INFO Current price: 0.000000037788 - Current percentage: 3.11% - Max: 15.25% - Min: 0.00% - Market Cap 7674 - Trading time: 00:00:19
07-09-2025 04:38:54.140 INFO Current price: 0.000000037979 - Current percentage: 3.29% - Max: 15.25% - Min: 0.00% - Market Cap 7687 - Trading time: 00:00:21
07-09-2025 04:38:55.157 INFO Current price: 0.000000038171 - Current percentage: 4.16% - Max: 15.25% - Min: 0.00% - Market Cap 7751 - Trading time: 00:00:22
07-09-2025 04:38:55.258 INFO Current price: 0.000000039368 - Current percentage: 9.87% - Max: 15.25% - Min: 0.00% - Market Cap 8176 - Trading time: 00:00:22
07-09-2025 04:38:55.990 INFO Current price: 0.000000040141 - Current percentage: 8.29% - Max: 15.25% - Min: 0.00% - Market Cap 8059 - Trading time: 00:00:23
07-09-2025 04:38:56.076 INFO Current price: 0.000000040015 - Current percentage: 9.18% - Max: 15.25% - Min: 0.00% - Market Cap 8125 - Trading time: 00:00:23
07-09-2025 04:38:56.222 INFO Current price: 0.000000040726 - Current percentage: 12.17% - Max: 15.25% - Min: 0.00% - Market Cap 8348 - Trading time: 00:00:23
07-09-2025 04:38:56.383 INFO Current price: 0.000000041451 - Current percentage: 13.10% - Max: 15.25% - Min: 0.00% - Market Cap 8417 - Trading time: 00:00:23
07-09-2025 04:38:58.330 INFO Current price: 0.000000041650 - Current percentage: 13.25% - Max: 15.25% - Min: 0.00% - Market Cap 8428 - Trading time: 00:00:25
07-09-2025 04:38:58.532 INFO Current price: 0.000000042123 - Current percentage: 15.68% - Max: 15.68% - Min: 0.00% - Market Cap 8609 - Trading time: 00:00:26
07-09-2025 04:39:01.182 INFO Current price: 0.000000042573 - Current percentage: 15.68% - Max: 15.68% - Min: 0.00% - Market Cap 8609 - Trading time: 00:00:28
07-09-2025 04:39:01.257 INFO Current price: 0.000000042573 - Current percentage: 15.69% - Max: 15.69% - Min: 0.00% - Market Cap 8609 - Trading time: 00:00:28
07-09-2025 04:39:01.521 INFO Current price: 0.000000042397 - Current percentage: 14.84% - Max: 15.69% - Min: 0.00% - Market Cap 8546 - Trading time: 00:00:29
07-09-2025 04:39:01.556 INFO Current price: 0.000000042045 - Current percentage: 13.88% - Max: 15.69% - Min: 0.00% - Market Cap 8475 - Trading time: 00:00:29
07-09-2025 04:39:07.834 INFO Current price: 0.000000041925 - Current percentage: 14.18% - Max: 15.69% - Min: 0.00% - Market Cap 8498 - Trading time: 00:00:35
07-09-2025 04:39:09.482 INFO Current price: 0.000000041413 - Current percentage: 11.11% - Max: 15.69% - Min: 0.00% - Market Cap 8269 - Trading time: 00:00:37
07-09-2025 04:39:10.097 INFO Current price: 0.000000039727 - Current percentage: 5.08% - Max: 15.69% - Min: 0.00% - Market Cap 7820 - Trading time: 00:00:37
07-09-2025 04:39:10.097 INFO Current price: 0.000000037635 - Current percentage: -0.29% - Max: 15.69% - Min: -0.29% - Market Cap 7421 - Trading time: 00:00:37
07-09-2025 04:39:17.464 INFO Current price: 0.000000036661 - Current percentage: -0.29% - Max: 15.69% - Min: -0.29% - Market Cap 7421 - Trading time: 00:00:45
07-09-2025 04:39:18.488 INFO Current price: 0.000000036765 - Current percentage: 0.28% - Max: 15.69% - Min: -0.29% - Market Cap 7463 - Trading time: 00:00:46
07-09-2025 04:39:19.444 INFO Current price: 0.000000036880 - Current percentage: 0.34% - Max: 15.69% - Min: -0.29% - Market Cap 7467 - Trading time: 00:00:47
07-09-2025 04:39:19.509 INFO Current price: 0.000000037048 - Current percentage: 1.19% - Max: 15.69% - Min: -0.29% - Market Cap 7531 - Trading time: 00:00:47
07-09-2025 04:39:21.045 INFO Current price: 0.000000037173 - Current percentage: 1.02% - Max: 15.69% - Min: -0.29% - Market Cap 7518 - Trading time: 00:00:48
07-09-2025 04:39:21.719 INFO Current price: 0.000000037404 - Current percentage: 2.45% - Max: 15.69% - Min: -0.29% - Market Cap 7624 - Trading time: 00:00:49
07-09-2025 04:39:21.780 INFO Current price: 0.000000036710 - Current percentage: -2.69% - Max: 15.69% - Min: -2.69% - Market Cap 7241 - Trading time: 00:00:49
07-09-2025 04:39:23.500 INFO Current price: 0.000000035754 - Current percentage: -2.82% - Max: 15.69% - Min: -2.82% - Market Cap 7232 - Trading time: 00:00:51
07-09-2025 04:39:24.254 INFO Current price: 0.000000035586 - Current percentage: -3.61% - Max: 15.69% - Min: -3.61% - Market Cap 7174 - Trading time: 00:00:51
07-09-2025 04:39:24.318 INFO Current price: 0.000000035099 - Current percentage: -5.46% - Max: 15.69% - Min: -5.46% - Market Cap 7036 - Trading time: 00:00:51
07-09-2025 04:39:28.925 INFO Current price: 0.000000034724 - Current percentage: -5.65% - Max: 15.69% - Min: -5.65% - Market Cap 7021 - Trading time: 00:00:56
07-09-2025 04:39:30.461 INFO Current price: 0.000000034679 - Current percentage: -5.70% - Max: 15.69% - Min: -5.70% - Market Cap 7017 - Trading time: 00:00:58
07-09-2025 04:39:36.039 INFO Current price: 0.000000034679 - Current percentage: -5.65% - Max: 15.69% - Min: -5.70% - Market Cap 7021 - Trading time: 00:01:03
07-09-2025 04:39:41.208 INFO Current price: 0.000000034547 - Current percentage: -6.42% - Max: 15.69% - Min: -6.42% - Market Cap 6964 - Trading time: 00:01:08
07-09-2025 04:39:43.045 INFO Current price: 0.000000034507 - Current percentage: -5.87% - Max: 15.69% - Min: -6.42% - Market Cap 7005 - Trading time: 00:01:10
07-09-2025 04:39:43.457 INFO Current price: 0.000000034566 - Current percentage: -6.10% - Max: 15.69% - Min: -6.42% - Market Cap 6988 - Trading time: 00:01:11
07-09-2025 04:39:47.934 INFO Current price: 0.000000034514 - Current percentage: -6.16% - Max: 15.69% - Min: -6.42% - Market Cap 6984 - Trading time: 00:01:15
07-09-2025 04:39:55.953 INFO Current price: 0.000000034409 - Current percentage: -6.67% - Max: 15.69% - Min: -6.67% - Market Cap 6946 - Trading time: 00:01:23
07-09-2025 04:40:00.241 INFO Current price: 0.000000034178 - Current percentage: -7.41% - Max: 15.69% - Min: -7.41% - Market Cap 6891 - Trading time: 00:01:27
07-09-2025 04:40:46.169 INFO Current price: 0.000000034016 - Current percentage: -7.56% - Max: 15.69% - Min: -7.56% - Market Cap 6880 - Trading time: 00:02:13
07-09-2025 04:41:45.495 INFO Current price: 0.000000033664 - Current percentage: -9.31% - Max: 15.69% - Min: -9.31% - Market Cap 6749 - Trading time: 00:03:13
07-09-2025 04:42:08.884 INFO Current price: 0.000000032525 - Current percentage: -13.71% - Max: 15.69% - Min: -13.71% - Market Cap 6422 - Trading time: 00:03:36
07-09-2025 04:42:08.884 INFO Current price: 0.000000030925 - Current percentage: -18.02% - Max: 15.69% - Min: -18.02% - Market Cap 6101 - Trading time: 00:03:36
07-09-2025 04:42:08.885 INFO Current price: 0.000000029334 - Current percentage: -22.36% - Max: 15.69% - Min: -22.36% - Market Cap 5778 - Trading time: 00:03:36
07-09-2025 04:42:08.885 INFO Current price: 0.000000028283 - Current percentage: -23.78% - Max: 15.69% - Min: -23.78% - Market Cap 5672 - Trading time: 00:03:36
07-09-2025 04:42:41.418 INFO Current price: 0.000000028929 - Current percentage: -18.77% - Max: 15.69% - Min: -23.78% - Market Cap 6045 - Trading time: 00:04:08
07-09-2025 04:42:42.250 INFO Current price: 0.000000030712 - Current percentage: -14.09% - Max: 15.69% - Min: -23.78% - Market Cap 6393 - Trading time: 00:04:09
07-09-2025 04:42:45.308 INFO Current price: 0.000000032473 - Current percentage: -9.19% - Max: 15.69% - Min: -23.78% - Market Cap 6758 - Trading time: 00:04:12
07-09-2025 04:42:45.638 INFO Current price: 0.000000033582 - Current percentage: -8.13% - Max: 15.69% - Min: -23.78% - Market Cap 6837 - Trading time: 00:04:13
07-09-2025 04:42:46.013 INFO Current price: 0.000000033788 - Current percentage: -8.07% - Max: 15.69% - Min: -23.78% - Market Cap 6841 - Trading time: 00:04:13
07-09-2025 04:42:47.149 INFO Current price: 0.000000034091 - Current percentage: -6.47% - Max: 15.69% - Min: -23.78% - Market Cap 6960 - Trading time: 00:04:14
07-09-2025 04:42:47.276 INFO Current price: 0.000000034386 - Current percentage: -6.47% - Max: 15.69% - Min: -23.78% - Market Cap 6960 - Trading time: 00:04:14
07-09-2025 04:42:56.520 INFO Current price: 0.000000034386 - Current percentage: -6.47% - Max: 15.69% - Min: -23.78% - Market Cap 6960 - Trading time: 00:04:24
07-09-2025 04:42:56.997 INFO Current price: 0.000000031464 - Current percentage: -21.70% - Max: 15.69% - Min: -23.78% - Market Cap 5827 - Trading time: 00:04:24
07-09-2025 04:42:57.045 INFO Current price: 0.000000028635 - Current percentage: -22.53% - Max: 15.69% - Min: -23.78% - Market Cap 5765 - Trading time: 00:04:24
07-09-2025 04:43:48.940 INFO Current price: 0.000000028474 - Current percentage: -22.58% - Max: 15.69% - Min: -23.78% - Market Cap 5762 - Trading time: 00:05:16
07-09-2025 04:45:35.281 INFO Current price: 0.000000028441 - Current percentage: -22.71% - Max: 15.69% - Min: -23.78% - Market Cap 5752 - Trading time: 00:07:02
07-09-2025 04:50:47.045 INFO Current price: 0.000000028416 - Current percentage: -22.75% - Max: 15.69% - Min: -23.78% - Market Cap 5749 - Trading time: 00:12:14






07-09-2025 04:58:32.440 INFO {"type":"summary","reason":"max_window","startedAt":"2025-09-07T02:38:32.440Z","endedAt":"2025-09-07T02:58:32.440Z","durationSec":1200,"entryPrice":3.815315122457067e-8,"entryMarketCapSol":36.80110878820074,"entryMarketCapUsd":7441.920219149954,"minPct":-23.78217931463557,"maxPct":15.685029180832592,"buyCount":31,"sellCount":43,"tradeCount":74,"entryRecorded":true,"noPostThresholdTrades":false,"triggerAt":"2025-09-07T02:38:32.440Z","ageAtTriggerSec":21,"preTotalTrades":48,"preBuys":25,"preSells":23,"preUniqueTraders":25,"preEntryTotalTrades":58,"preEntryBuys":27,"preEntrySells":31,"preEntryUniqueTraders":26,"preEntryMinMcUsd":6737.633631209753,"preEntryMaxMcUsd":8221.600282363966,"thresholdMcSol":36.80110878820074,"thresholdMcUsd":7441.920219149954,"thresholdPrice":3.815315122457067e-8}
