07-09-2025 01:34:34.785 INFO Entry price: 0.000000036827406555 - Entry market cap: 7007 - Buys 2 - Sells 2 - Ratio: 1:1.00 - Min MarketCap: 7774 - Max MarketCap: 7919
07-09-2025 01:34:34.785 INFO Current price: 0.000000036827 - Current percentage: 0.00% - Max: 0.00% - Min: 0.00% - Market Cap 7007 - Trading time: 00:00:02
07-09-2025 01:34:37.058 INFO Current price: 0.000000031344 - Current percentage: -19.19% - Max: 0.00% - Min: -19.19% - Market Cap 5662 - Trading time: 00:00:04
07-09-2025 01:34:38.746 INFO Current price: 0.000000028110 - Current percentage: -19.57% - Max: 0.00% - Min: -19.57% - Market Cap 5636 - Trading time: 00:00:05
07-09-2025 01:34:43.900 INFO Current price: 0.000000028002 - Current percentage: -19.81% - Max: 0.00% - Min: -19.81% - Market Cap 5619 - Trading time: 00:00:11
07-09-2025 01:35:03.180 INFO Current price: 0.000000032087 - Current percentage: -4.71% - Max: 0.00% - Min: -19.81% - Market Cap 6677 - Trading time: 00:00:30
07-09-2025 01:35:03.815 INFO Current price: 0.000000033325 - Current percentage: -4.13% - Max: 0.00% - Min: -19.81% - Market Cap 6717 - Trading time: 00:00:31
07-09-2025 01:35:04.302 INFO Current price: 0.000000033548 - Current percentage: -3.43% - Max: 0.00% - Min: -19.81% - Market Cap 6767 - Trading time: 00:00:31
07-09-2025 01:35:04.360 INFO Current price: 0.000000034743 - Current percentage: 2.82% - Max: 2.82% - Min: -19.81% - Market Cap 7204 - Trading time: 00:00:31
07-09-2025 01:35:05.428 INFO Current price: 0.000000037162 - Current percentage: 10.48% - Max: 10.48% - Min: -19.81% - Market Cap 7742 - Trading time: 00:00:32
07-09-2025 01:35:05.430 INFO Current price: 0.000000038731 - Current percentage: 11.68% - Max: 11.68% - Min: -19.81% - Market Cap 7825 - Trading time: 00:00:32
07-09-2025 01:35:07.401 INFO Current price: 0.000000039270 - Current percentage: 13.58% - Max: 13.58% - Min: -19.81% - Market Cap 7958 - Trading time: 00:00:34
07-09-2025 01:35:09.632 INFO Current price: 0.000000039388 - Current percentage: 12.35% - Max: 13.58% - Min: -19.81% - Market Cap 7873 - Trading time: 00:00:36
07-09-2025 01:35:10.037 INFO Current price: 0.000000039770 - Current percentage: 15.79% - Max: 15.79% - Min: -19.81% - Market Cap 8114 - Trading time: 00:00:37
07-09-2025 01:35:13.533 INFO Current price: 0.000000040240 - Current percentage: 15.03% - Max: 15.79% - Min: -19.81% - Market Cap 8060 - Trading time: 00:00:40
07-09-2025 01:35:13.645 INFO Current price: 0.000000039947 - Current percentage: 14.11% - Max: 15.79% - Min: -19.81% - Market Cap 7996 - Trading time: 00:00:40
07-09-2025 01:35:14.229 INFO Current price: 0.000000040569 - Current percentage: 18.64% - Max: 18.64% - Min: -19.81% - Market Cap 8313 - Trading time: 00:00:41
07-09-2025 01:35:18.735 INFO Current price: 0.000000042218 - Current percentage: 23.58% - Max: 23.58% - Min: -19.81% - Market Cap 8659 - Trading time: 00:00:45
07-09-2025 01:35:23.621 INFO Current price: 0.000000042818 - Current percentage: 22.03% - Max: 23.58% - Min: -19.81% - Market Cap 8551 - Trading time: 00:00:50
07-09-2025 01:35:24.729 INFO Current price: 0.000000042373 - Current percentage: 21.03% - Max: 23.58% - Min: -19.81% - Market Cap 8480 - Trading time: 00:00:51
07-09-2025 01:35:24.732 INFO Current price: 0.000000041986 - Current percentage: 19.81% - Max: 23.58% - Min: -19.81% - Market Cap 8395 - Trading time: 00:00:51
07-09-2025 01:35:24.750 INFO Current price: 0.000000042603 - Current percentage: 24.61% - Max: 24.61% - Min: -19.81% - Market Cap 8731 - Trading time: 00:00:51
07-09-2025 01:35:25.163 INFO Current price: 0.000000043915 - Current percentage: 27.30% - Max: 27.30% - Min: -19.81% - Market Cap 8920 - Trading time: 00:00:52
07-09-2025 01:35:25.591 INFO Current price: 0.000000044945 - Current percentage: 30.52% - Max: 30.52% - Min: -19.81% - Market Cap 9146 - Trading time: 00:00:52
07-09-2025 01:35:26.018 INFO Current price: 0.000000046098 - Current percentage: 33.92% - Max: 33.92% - Min: -19.81% - Market Cap 9384 - Trading time: 00:00:53
07-09-2025 01:35:26.754 INFO Current price: 0.000000047525 - Current percentage: 38.73% - Max: 38.73% - Min: -19.81% - Market Cap 9721 - Trading time: 00:00:53
07-09-2025 01:35:27.841 INFO Current price: 0.000000048208 - Current percentage: 37.80% - Max: 38.73% - Min: -19.81% - Market Cap 9655 - Trading time: 00:00:55
07-09-2025 01:35:27.842 INFO Current price: 0.000000048586 - Current percentage: 40.91% - Max: 40.91% - Min: -19.81% - Market Cap 9874 - Trading time: 00:00:55
07-09-2025 01:35:27.849 INFO Current price: 0.000000050015 - Current percentage: 46.02% - Max: 46.02% - Min: -19.81% - Market Cap 10232 - Trading time: 00:00:55
07-09-2025 01:35:28.253 INFO Current price: 0.000000050630 - Current percentage: 44.40% - Max: 46.02% - Min: -19.81% - Market Cap 10118 - Trading time: 00:00:55
07-09-2025 01:35:28.566 INFO Current price: 0.000000050214 - Current percentage: 43.63% - Max: 46.02% - Min: -19.81% - Market Cap 10064 - Trading time: 00:00:55
07-09-2025 01:35:28.965 INFO Current price: 0.000000050080 - Current percentage: 43.63% - Max: 46.02% - Min: -19.81% - Market Cap 10064 - Trading time: 00:00:56
07-09-2025 01:35:29.271 INFO Current price: 0.000000050390 - Current percentage: 45.41% - Max: 46.02% - Min: -19.81% - Market Cap 10189 - Trading time: 00:00:56
07-09-2025 01:35:29.486 INFO Current price: 0.000000050568 - Current percentage: 44.65% - Max: 46.02% - Min: -19.81% - Market Cap 10135 - Trading time: 00:00:56
07-09-2025 01:35:29.920 INFO Current price: 0.000000050845 - Current percentage: 47.01% - Max: 47.01% - Min: -19.81% - Market Cap 10301 - Trading time: 00:00:57
07-09-2025 01:35:30.295 INFO Current price: 0.000000051475 - Current percentage: 48.25% - Max: 48.25% - Min: -19.81% - Market Cap 10388 - Trading time: 00:00:57
07-09-2025 01:35:30.907 INFO Current price: 0.000000052179 - Current percentage: 51.06% - Max: 51.06% - Min: -19.81% - Market Cap 10585 - Trading time: 00:00:58
07-09-2025 01:35:31.047 INFO Current price: 0.000000052484 - Current percentage: 49.99% - Max: 51.06% - Min: -19.81% - Market Cap 10509 - Trading time: 00:00:58
07-09-2025 01:35:31.519 INFO Current price: 0.000000052641 - Current percentage: 51.97% - Max: 51.97% - Min: -19.81% - Market Cap 10648 - Trading time: 00:00:58
07-09-2025 01:35:31.606 INFO Current price: 0.000000052643 - Current percentage: 50.00% - Max: 51.97% - Min: -19.81% - Market Cap 10510 - Trading time: 00:00:58
07-09-2025 01:35:32.344 INFO Current price: 0.000000052856 - Current percentage: 53.20% - Max: 53.20% - Min: -19.81% - Market Cap 10735 - Trading time: 00:00:59
07-09-2025 01:35:32.446 INFO Current price: 0.000000053723 - Current percentage: 54.96% - Max: 54.96% - Min: -19.81% - Market Cap 10858 - Trading time: 00:00:59
07-09-2025 01:35:33.160 INFO Current price: 0.000000054485 - Current percentage: 57.58% - Max: 57.58% - Min: -19.81% - Market Cap 11041 - Trading time: 00:01:00
07-09-2025 01:35:33.364 INFO Current price: 0.000000055351 - Current percentage: 59.92% - Max: 59.92% - Min: -19.81% - Market Cap 11206 - Trading time: 00:01:00
07-09-2025 01:35:33.510 INFO Current price: 0.000000055356 - Current percentage: 57.61% - Max: 59.92% - Min: -19.81% - Market Cap 11044 - Trading time: 00:01:00
07-09-2025 01:35:33.978 INFO Current price: 0.000000055102 - Current percentage: 58.46% - Max: 59.92% - Min: -19.81% - Market Cap 11103 - Trading time: 00:01:01
07-09-2025 01:35:34.516 INFO Current price: 0.000000054726 - Current percentage: 55.47% - Max: 59.92% - Min: -19.81% - Market Cap 10893 - Trading time: 00:01:01
07-09-2025 01:35:35.247 INFO Current price: 0.000000053986 - Current percentage: 54.20% - Max: 59.92% - Min: -19.81% - Market Cap 10805 - Trading time: 00:01:02
07-09-2025 01:35:35.247 INFO Current price: 0.000000053906 - Current percentage: 55.00% - Max: 59.92% - Min: -19.81% - Market Cap 10861 - Trading time: 00:01:02
07-09-2025 01:35:36.435 INFO Current price: 0.000000054764 - Current percentage: 59.15% - Max: 59.92% - Min: -19.81% - Market Cap 11152 - Trading time: 00:01:03
07-09-2025 01:35:36.946 INFO Current price: 0.000000056131 - Current percentage: 62.84% - Max: 62.84% - Min: -19.81% - Market Cap 11410 - Trading time: 00:01:04
07-09-2025 01:35:38.073 INFO Current price: 0.000000057015 - Current percentage: 64.20% - Max: 64.20% - Min: -19.81% - Market Cap 11505 - Trading time: 00:01:05
07-09-2025 01:35:39.088 INFO Current price: 0.000000056658 - Current percentage: 60.81% - Max: 64.20% - Min: -19.81% - Market Cap 11268 - Trading time: 00:01:06
07-09-2025 01:35:39.505 INFO Current price: 0.000000055824 - Current percentage: 59.40% - Max: 64.20% - Min: -19.81% - Market Cap 11169 - Trading time: 00:01:06
07-09-2025 01:35:39.505 INFO Current price: 0.000000055279 - Current percentage: 57.68% - Max: 64.20% - Min: -19.81% - Market Cap 11049 - Trading time: 00:01:06
07-09-2025 01:35:39.506 INFO Current price: 0.000000055042 - Current percentage: 58.04% - Max: 64.20% - Min: -19.81% - Market Cap 11074 - Trading time: 00:01:06
07-09-2025 01:35:40.221 INFO Current price: 0.000000055180 - Current percentage: 58.47% - Max: 64.20% - Min: -19.81% - Market Cap 11104 - Trading time: 00:01:07
07-09-2025 01:35:40.423 INFO Current price: 0.000000054988 - Current percentage: 56.94% - Max: 64.20% - Min: -19.81% - Market Cap 10997 - Trading time: 00:01:07
07-09-2025 01:35:41.142 INFO Current price: 0.000000054419 - Current percentage: 55.21% - Max: 64.20% - Min: -19.81% - Market Cap 10875 - Trading time: 00:01:08
07-09-2025 01:35:41.839 INFO Current price: 0.000000054464 - Current percentage: 57.20% - Max: 64.20% - Min: -19.81% - Market Cap 11015 - Trading time: 00:01:09
07-09-2025 01:35:41.839 INFO Current price: 0.000000055127 - Current percentage: 59.01% - Max: 64.20% - Min: -19.81% - Market Cap 11142 - Trading time: 00:01:09
07-09-2025 01:35:41.842 INFO Current price: 0.000000055455 - Current percentage: 59.08% - Max: 64.20% - Min: -19.81% - Market Cap 11147 - Trading time: 00:01:09
07-09-2025 01:35:42.229 INFO Current price: 0.000000055228 - Current percentage: 57.71% - Max: 64.20% - Min: -19.81% - Market Cap 11051 - Trading time: 00:01:09
07-09-2025 01:35:42.626 INFO Current price: 0.000000055157 - Current percentage: 58.67% - Max: 64.20% - Min: -19.81% - Market Cap 11118 - Trading time: 00:01:09
07-09-2025 01:35:43.042 INFO Current price: 0.000000055426 - Current percentage: 59.25% - Max: 64.20% - Min: -19.81% - Market Cap 11158 - Trading time: 00:01:10
07-09-2025 01:35:43.779 INFO Current price: 0.000000055018 - Current percentage: 56.35% - Max: 64.20% - Min: -19.81% - Market Cap 10955 - Trading time: 00:01:10
07-09-2025 01:35:44.227 INFO Current price: 0.000000054667 - Current percentage: 57.22% - Max: 64.20% - Min: -19.81% - Market Cap 11016 - Trading time: 00:01:11
07-09-2025 01:35:44.355 INFO Current price: 0.000000055309 - Current percentage: 60.04% - Max: 64.20% - Min: -19.81% - Market Cap 11214 - Trading time: 00:01:11
07-09-2025 01:35:45.020 INFO Current price: 0.000000055878 - Current percentage: 60.48% - Max: 64.20% - Min: -19.81% - Market Cap 11244 - Trading time: 00:01:12
07-09-2025 01:35:45.439 INFO Current price: 0.000000056032 - Current percentage: 60.93% - Max: 64.20% - Min: -19.81% - Market Cap 11276 - Trading time: 00:01:12
07-09-2025 01:35:46.159 INFO Current price: 0.000000055857 - Current percentage: 59.47% - Max: 64.20% - Min: -19.81% - Market Cap 11174 - Trading time: 00:01:13
07-09-2025 01:35:46.975 INFO Current price: 0.000000055410 - Current percentage: 58.36% - Max: 64.20% - Min: -19.81% - Market Cap 11096 - Trading time: 00:01:14
07-09-2025 01:35:47.083 INFO Current price: 0.000000054783 - Current percentage: 55.88% - Max: 64.20% - Min: -19.81% - Market Cap 10923 - Trading time: 00:01:14
07-09-2025 01:35:47.183 INFO Current price: 0.000000054742 - Current percentage: 58.13% - Max: 64.20% - Min: -19.81% - Market Cap 11080 - Trading time: 00:01:14
07-09-2025 01:35:48.408 INFO Current price: 0.000000055393 - Current percentage: 59.61% - Max: 64.20% - Min: -19.81% - Market Cap 11184 - Trading time: 00:01:15
07-09-2025 01:35:48.408 INFO Current price: 0.000000055309 - Current percentage: 57.64% - Max: 64.20% - Min: -19.81% - Market Cap 11046 - Trading time: 00:01:15
07-09-2025 01:35:48.612 INFO Current price: 0.000000055096 - Current percentage: 58.39% - Max: 64.20% - Min: -19.81% - Market Cap 11098 - Trading time: 00:01:15
07-09-2025 01:35:48.788 INFO Current price: 0.000000054961 - Current percentage: 56.87% - Max: 64.20% - Min: -19.81% - Market Cap 10992 - Trading time: 00:01:16
07-09-2025 01:35:48.789 INFO Current price: 0.000000054228 - Current percentage: 54.19% - Max: 64.20% - Min: -19.81% - Market Cap 10804 - Trading time: 00:01:16
07-09-2025 01:35:48.789 INFO Current price: 0.000000054157 - Current percentage: 56.46% - Max: 64.20% - Min: -19.81% - Market Cap 10963 - Trading time: 00:01:16
07-09-2025 01:35:48.789 INFO Current price: 0.000000054576 - Current percentage: 56.59% - Max: 64.20% - Min: -19.81% - Market Cap 10972 - Trading time: 00:01:16
07-09-2025 01:35:48.789 INFO Current price: 0.000000054889 - Current percentage: 58.26% - Max: 64.20% - Min: -19.81% - Market Cap 11089 - Trading time: 00:01:16
07-09-2025 01:35:49.122 INFO Current price: 0.000000055198 - Current percentage: 58.35% - Max: 64.20% - Min: -19.81% - Market Cap 11096 - Trading time: 00:01:16
07-09-2025 01:35:49.122 INFO Current price: 0.000000055227 - Current percentage: 58.43% - Max: 64.20% - Min: -19.81% - Market Cap 11101 - Trading time: 00:01:16
07-09-2025 01:35:49.908 INFO Current price: 0.000000054794 - Current percentage: 55.88% - Max: 64.20% - Min: -19.81% - Market Cap 10922 - Trading time: 00:01:17
07-09-2025 01:35:50.730 INFO Current price: 0.000000054750 - Current percentage: 58.17% - Max: 64.20% - Min: -19.81% - Market Cap 11083 - Trading time: 00:01:17
07-09-2025 01:35:51.562 INFO Current price: 0.000000054609 - Current percentage: 55.08% - Max: 64.20% - Min: -19.81% - Market Cap 10866 - Trading time: 00:01:18
07-09-2025 01:35:51.562 INFO Current price: 0.000000053885 - Current percentage: 54.00% - Max: 64.20% - Min: -19.81% - Market Cap 10791 - Trading time: 00:01:18
07-09-2025 01:35:51.617 INFO Current price: 0.000000053446 - Current percentage: 52.56% - Max: 64.20% - Min: -19.81% - Market Cap 10690 - Trading time: 00:01:18
07-09-2025 01:35:52.122 INFO Current price: 0.000000052642 - Current percentage: 49.40% - Max: 64.20% - Min: -19.81% - Market Cap 10469 - Trading time: 00:01:19
07-09-2025 01:35:52.122 INFO Current price: 0.000000052392 - Current percentage: 51.12% - Max: 64.20% - Min: -19.81% - Market Cap 10589 - Trading time: 00:01:19
07-09-2025 01:35:53.053 INFO Current price: 0.000000052878 - Current percentage: 52.19% - Max: 64.20% - Min: -19.81% - Market Cap 10664 - Trading time: 00:01:20
07-09-2025 01:35:53.093 INFO Current price: 0.000000053122 - Current percentage: 52.52% - Max: 64.20% - Min: -19.81% - Market Cap 10687 - Trading time: 00:01:20
07-09-2025 01:35:53.844 INFO Current price: 0.000000053586 - Current percentage: 54.86% - Max: 64.20% - Min: -19.81% - Market Cap 10851 - Trading time: 00:01:21
07-09-2025 01:35:54.324 INFO Current price: 0.000000053834 - Current percentage: 53.93% - Max: 64.20% - Min: -19.81% - Market Cap 10786 - Trading time: 00:01:21
07-09-2025 01:35:54.455 INFO Current price: 0.000000053697 - Current percentage: 54.08% - Max: 64.20% - Min: -19.81% - Market Cap 10796 - Trading time: 00:01:21
07-09-2025 01:35:54.863 INFO Current price: 0.000000053472 - Current percentage: 52.64% - Max: 64.20% - Min: -19.81% - Market Cap 10695 - Trading time: 00:01:22
07-09-2025 01:35:55.683 INFO Current price: 0.000000054090 - Current percentage: 57.66% - Max: 64.20% - Min: -19.81% - Market Cap 11047 - Trading time: 00:01:22
07-09-2025 01:35:56.526 INFO Current price: 0.000000055437 - Current percentage: 60.34% - Max: 64.20% - Min: -19.81% - Market Cap 11235 - Trading time: 00:01:23
07-09-2025 01:35:57.755 INFO Current price: 0.000000056336 - Current percentage: 62.81% - Max: 64.20% - Min: -19.81% - Market Cap 11408 - Trading time: 00:01:24
07-09-2025 01:35:57.755 INFO Current price: 0.000000057115 - Current percentage: 64.80% - Max: 64.80% - Min: -19.81% - Market Cap 11548 - Trading time: 00:01:24
07-09-2025 01:35:58.252 INFO Current price: 0.000000057212 - Current percentage: 63.37% - Max: 64.80% - Min: -19.81% - Market Cap 11447 - Trading time: 00:01:25
07-09-2025 01:35:59.007 INFO Current price: 0.000000056712 - Current percentage: 61.93% - Max: 64.80% - Min: -19.81% - Market Cap 11347 - Trading time: 00:01:26
07-09-2025 01:35:59.152 INFO Current price: 0.000000056083 - Current percentage: 59.77% - Max: 64.80% - Min: -19.81% - Market Cap 11195 - Trading time: 00:01:26
07-09-2025 01:35:59.152 INFO Current price: 0.000000056083 - Current percentage: 61.93% - Max: 64.80% - Min: -19.81% - Market Cap 11347 - Trading time: 00:01:26
07-09-2025 01:35:59.576 INFO Current price: 0.000000056528 - Current percentage: 62.31% - Max: 64.80% - Min: -19.81% - Market Cap 11373 - Trading time: 00:01:26
07-09-2025 01:36:01.201 INFO Current price: 0.000000056909 - Current percentage: 64.13% - Max: 64.80% - Min: -19.81% - Market Cap 11500 - Trading time: 00:01:28
07-09-2025 01:36:01.201 INFO Current price: 0.000000057322 - Current percentage: 64.67% - Max: 64.80% - Min: -19.81% - Market Cap 11538 - Trading time: 00:01:28
07-09-2025 01:36:01.201 INFO Current price: 0.000000057603 - Current percentage: 65.74% - Max: 65.74% - Min: -19.81% - Market Cap 11614 - Trading time: 00:01:28
07-09-2025 01:36:01.914 INFO Current price: 0.000000057803 - Current percentage: 65.82% - Max: 65.82% - Min: -19.81% - Market Cap 11619 - Trading time: 00:01:29
07-09-2025 01:36:01.923 INFO Current price: 0.000000056740 - Current percentage: 59.70% - Max: 65.82% - Min: -19.81% - Market Cap 11190 - Trading time: 00:01:29
07-09-2025 01:36:02.006 INFO Current price: 0.000000047900 - Current percentage: 35.48% - Max: 65.82% - Min: -19.81% - Market Cap 9493 - Trading time: 00:01:29
07-09-2025 01:36:02.221 INFO Current price: 0.000000047524 - Current percentage: 37.12% - Max: 65.82% - Min: -19.81% - Market Cap 9608 - Trading time: 00:01:29
07-09-2025 01:36:02.323 INFO Current price: 0.000000046657 - Current percentage: 30.59% - Max: 65.82% - Min: -19.81% - Market Cap 9150 - Trading time: 00:01:29
07-09-2025 01:36:02.328 INFO Current price: 0.000000044273 - Current percentage: 23.47% - Max: 65.82% - Min: -19.81% - Market Cap 8651 - Trading time: 00:01:29
07-09-2025 01:36:02.328 INFO Current price: 0.000000042661 - Current percentage: 21.25% - Max: 65.82% - Min: -19.81% - Market Cap 8496 - Trading time: 00:01:29
07-09-2025 01:36:02.328 INFO Current price: 0.000000041845 - Current percentage: 18.79% - Max: 65.82% - Min: -19.81% - Market Cap 8323 - Trading time: 00:01:29
07-09-2025 01:36:02.328 INFO Current price: 0.000000040739 - Current percentage: 14.92% - Max: 65.82% - Min: -19.81% - Market Cap 8053 - Trading time: 00:01:29
07-09-2025 01:36:02.330 INFO Current price: 0.000000039177 - Current percentage: 9.85% - Max: 65.82% - Min: -19.81% - Market Cap 7697 - Trading time: 00:01:29
07-09-2025 01:36:02.334 INFO Current price: 0.000000037082 - Current percentage: 2.96% - Max: 65.82% - Min: -19.81% - Market Cap 7214 - Trading time: 00:01:29
07-09-2025 01:36:02.334 INFO Current price: 0.000000034624 - Current percentage: -4.23% - Max: 65.82% - Min: -19.81% - Market Cap 6711 - Trading time: 00:01:29
07-09-2025 01:36:02.379 INFO Current price: 0.000000032782 - Current percentage: -7.70% - Max: 65.82% - Min: -19.81% - Market Cap 6467 - Trading time: 00:01:29
07-09-2025 01:36:02.898 INFO Current price: 0.000000031548 - Current percentage: -11.30% - Max: 65.82% - Min: -19.81% - Market Cap 6215 - Trading time: 00:01:30
07-09-2025 01:36:02.939 INFO Current price: 0.000000029945 - Current percentage: -16.85% - Max: 65.82% - Min: -19.81% - Market Cap 5827 - Trading time: 00:01:30
07-09-2025 01:36:02.939 INFO Current price: 0.000000029176 - Current percentage: -15.80% - Max: 65.82% - Min: -19.81% - Market Cap 5900 - Trading time: 00:01:30
07-09-2025 01:36:03.860 INFO Current price: 0.000000029147 - Current percentage: -17.01% - Max: 65.82% - Min: -19.81% - Market Cap 5815 - Trading time: 00:01:31
07-09-2025 01:36:03.860 INFO Current price: 0.000000028991 - Current percentage: -16.69% - Max: 65.82% - Min: -19.81% - Market Cap 5837 - Trading time: 00:01:31
07-09-2025 01:36:03.860 INFO Current price: 0.000000029541 - Current percentage: -13.83% - Max: 65.82% - Min: -19.81% - Market Cap 6038 - Trading time: 00:01:31
07-09-2025 01:36:03.860 INFO Current price: 0.000000030044 - Current percentage: -13.83% - Max: 65.82% - Min: -19.81% - Market Cap 6038 - Trading time: 00:01:31
07-09-2025 01:36:03.860 INFO Current price: 0.000000030039 - Current percentage: -13.86% - Max: 65.82% - Min: -19.81% - Market Cap 6036 - Trading time: 00:01:31
07-09-2025 01:36:04.031 INFO Current price: 0.000000030029 - Current percentage: -13.89% - Max: 65.82% - Min: -19.81% - Market Cap 6034 - Trading time: 00:01:31
07-09-2025 01:36:04.039 INFO Current price: 0.000000029834 - Current percentage: -14.98% - Max: 65.82% - Min: -19.81% - Market Cap 5958 - Trading time: 00:01:31
07-09-2025 01:36:04.039 INFO Current price: 0.000000030276 - Current percentage: -11.32% - Max: 65.82% - Min: -19.81% - Market Cap 6214 - Trading time: 00:01:31
07-09-2025 01:36:04.472 INFO Current price: 0.000000030772 - Current percentage: -12.17% - Max: 65.82% - Min: -19.81% - Market Cap 6154 - Trading time: 00:01:31
07-09-2025 01:36:05.161 INFO Current price: 0.000000030719 - Current percentage: -11.62% - Max: 65.82% - Min: -19.81% - Market Cap 6193 - Trading time: 00:01:32
07-09-2025 01:36:05.248 INFO Current price: 0.000000030174 - Current percentage: -15.26% - Max: 65.82% - Min: -19.81% - Market Cap 5937 - Trading time: 00:01:32
07-09-2025 01:36:05.249 INFO Current price: 0.000000029488 - Current percentage: -15.59% - Max: 65.82% - Min: -19.81% - Market Cap 5914 - Trading time: 00:01:32
07-09-2025 01:36:06.112 INFO Current price: 0.000000028944 - Current percentage: -18.36% - Max: 65.82% - Min: -19.81% - Market Cap 5720 - Trading time: 00:01:33
07-09-2025 01:36:07.339 INFO Current price: 0.000000028416 - Current percentage: -18.64% - Max: 65.82% - Min: -19.81% - Market Cap 5701 - Trading time: 00:01:34
07-09-2025 01:36:11.780 INFO Current price: 0.000000028274 - Current percentage: -19.18% - Max: 65.82% - Min: -19.81% - Market Cap 5663 - Trading time: 00:01:38
07-09-2025 01:36:11.951 INFO Current price: 0.000000028367 - Current percentage: -18.10% - Max: 65.82% - Min: -19.81% - Market Cap 5738 - Trading time: 00:01:39
07-09-2025 01:36:21.279 INFO Current price: 0.000000028470 - Current percentage: -18.59% - Max: 65.82% - Min: -19.81% - Market Cap 5704 - Trading time: 00:01:48
07-09-2025 01:36:48.045 INFO Current price: 0.000000028198 - Current percentage: -19.66% - Max: 65.82% - Min: -19.81% - Market Cap 5629 - Trading time: 00:02:15
07-09-2025 01:37:28.796 INFO Current price: 0.000000027986 - Current percentage: -19.81% - Max: 65.82% - Min: -19.81% - Market Cap 5619 - Trading time: 00:02:56






07-09-2025 01:47:28.796 INFO {"type":"summary","reason":"inactivity","startedAt":"2025-09-06T23:34:32.785Z","endedAt":"2025-09-06T23:47:28.796Z","durationSec":776,"entryPrice":3.6827406555350336e-8,"entryMarketCapSol":34.86747194591973,"entryMarketCapUsd":7006.96716225203,"minPct":-19.81353417420017,"maxPct":65.81854313283944,"buyCount":74,"sellCount":68,"tradeCount":142,"entryRecorded":true,"noPostThresholdTrades":false,"triggerAt":"2025-09-06T23:34:32.785Z","ageAtTriggerSec":4,"preTotalTrades":4,"preBuys":2,"preSells":2,"preUniqueTraders":3,"preEntryTotalTrades":4,"preEntryBuys":2,"preEntrySells":2,"preEntryUniqueTraders":3,"preEntryMinMcUsd":7773.703847945244,"preEntryMaxMcUsd":7919.452796827504,"thresholdMcSol":34.86747194591973,"thresholdMcUsd":7006.96716225203,"thresholdPrice":3.6827406555350336e-8}
