07-09-2025 11:10:59.950 INFO Entry price: 0.000000050152260579 - Entry market cap: 9615 - Buys 55 - Sells 22 - Ratio: 1:0.40 - Min MarketCap: 7210 - Max MarketCap: 12636
07-09-2025 11:10:59.950 INFO Current price: 0.000000050152 - Current percentage: 0.00% - Max: 0.00% - Min: 0.00% - Market Cap 9615 - Trading time: 00:00:02
07-09-2025 11:11:00.130 INFO Current price: 0.000000044520 - Current percentage: -9.79% - Max: 0.00% - Min: -9.79% - Market Cap 8674 - Trading time: 00:00:02
07-09-2025 11:11:00.130 INFO Current price: 0.000000042831 - Current percentage: -8.81% - Max: 0.00% - Min: -9.79% - Market Cap 8768 - Trading time: 00:00:02
07-09-2025 11:11:00.131 INFO Current price: 0.000000043296 - Current percentage: -7.82% - Max: 0.00% - Min: -9.79% - Market Cap 8863 - Trading time: 00:00:02
07-09-2025 11:11:00.190 INFO Current price: 0.000000043566 - Current percentage: -7.67% - Max: 0.00% - Min: -9.79% - Market Cap 8877 - Trading time: 00:00:02
07-09-2025 11:11:00.193 INFO Current price: 0.000000043126 - Current percentage: -9.67% - Max: 0.00% - Min: -9.79% - Market Cap 8685 - Trading time: 00:00:02
07-09-2025 11:11:00.220 INFO Current price: 0.000000044343 - Current percentage: -2.38% - Max: 0.00% - Min: -9.79% - Market Cap 9386 - Trading time: 00:00:02
07-09-2025 11:11:00.317 INFO Current price: 0.000000047889 - Current percentage: 5.35% - Max: 5.35% - Min: -9.79% - Market Cap 10129 - Trading time: 00:00:02
07-09-2025 11:11:01.155 INFO Current price: 0.000000049761 - Current percentage: 5.40% - Max: 5.40% - Min: -9.79% - Market Cap 10134 - Trading time: 00:00:03
07-09-2025 11:11:01.155 INFO Current price: 0.000000049896 - Current percentage: 5.92% - Max: 5.92% - Min: -9.79% - Market Cap 10184 - Trading time: 00:00:03
07-09-2025 11:11:01.164 INFO Current price: 0.000000049828 - Current percentage: 5.11% - Max: 5.92% - Min: -9.79% - Market Cap 10106 - Trading time: 00:00:03
07-09-2025 11:11:01.204 INFO Current price: 0.000000049429 - Current percentage: 4.23% - Max: 5.92% - Min: -9.79% - Market Cap 10022 - Trading time: 00:00:03
07-09-2025 11:11:01.326 INFO Current price: 0.000000049250 - Current percentage: 4.23% - Max: 5.92% - Min: -9.79% - Market Cap 10022 - Trading time: 00:00:03
07-09-2025 11:11:01.519 INFO Current price: 0.000000049218 - Current percentage: 4.22% - Max: 5.92% - Min: -9.79% - Market Cap 10020 - Trading time: 00:00:03
07-09-2025 11:11:01.545 INFO Current price: 0.000000049274 - Current percentage: 4.47% - Max: 5.92% - Min: -9.79% - Market Cap 10045 - Trading time: 00:00:03
07-09-2025 11:11:02.074 INFO Current price: 0.000000049456 - Current percentage: 4.98% - Max: 5.92% - Min: -9.79% - Market Cap 10094 - Trading time: 00:00:04
07-09-2025 11:11:02.687 INFO Current price: 0.000000049698 - Current percentage: 5.50% - Max: 5.92% - Min: -9.79% - Market Cap 10143 - Trading time: 00:00:04
07-09-2025 11:11:03.588 INFO Current price: 0.000000049189 - Current percentage: 2.84% - Max: 5.92% - Min: -9.79% - Market Cap 9888 - Trading time: 00:00:05
07-09-2025 11:11:03.841 INFO Current price: 0.000000048534 - Current percentage: 2.71% - Max: 5.92% - Min: -9.79% - Market Cap 9875 - Trading time: 00:00:05
07-09-2025 11:11:04.018 INFO Current price: 0.000000048273 - Current percentage: 1.74% - Max: 5.92% - Min: -9.79% - Market Cap 9782 - Trading time: 00:00:06
07-09-2025 11:11:04.427 INFO Current price: 0.000000047854 - Current percentage: 0.93% - Max: 5.92% - Min: -9.79% - Market Cap 9704 - Trading time: 00:00:06
07-09-2025 11:11:04.583 INFO Current price: 0.000000050042 - Current percentage: 11.26% - Max: 11.26% - Min: -9.79% - Market Cap 10697 - Trading time: 00:00:06
07-09-2025 11:11:05.449 INFO Current price: 0.000000060035 - Current percentage: 45.27% - Max: 45.27% - Min: -9.79% - Market Cap 13967 - Trading time: 00:00:07
07-09-2025 11:11:05.499 INFO Current price: 0.000000078784 - Current percentage: 91.60% - Max: 91.60% - Min: -9.79% - Market Cap 18422 - Trading time: 00:00:07
07-09-2025 11:11:05.544 INFO Current price: 0.000000090808 - Current percentage: 92.99% - Max: 92.99% - Min: -9.79% - Market Cap 18555 - Trading time: 00:00:07
07-09-2025 11:11:05.571 INFO Current price: 0.000000091631 - Current percentage: 95.09% - Max: 95.09% - Min: -9.79% - Market Cap 18757 - Trading time: 00:00:07
07-09-2025 11:11:05.583 INFO Current price: 0.000000092303 - Current percentage: 95.83% - Max: 95.83% - Min: -9.79% - Market Cap 18828 - Trading time: 00:00:07
07-09-2025 11:11:05.668 INFO Current price: 0.000000092580 - Current percentage: 96.27% - Max: 96.27% - Min: -9.79% - Market Cap 18870 - Trading time: 00:00:07
07-09-2025 11:11:05.963 INFO Current price: 0.000000092683 - Current percentage: 96.27% - Max: 96.27% - Min: -9.79% - Market Cap 18870 - Trading time: 00:00:08
07-09-2025 11:11:05.963 INFO Current price: 0.000000092683 - Current percentage: 96.27% - Max: 96.27% - Min: -9.79% - Market Cap 18870 - Trading time: 00:00:08
07-09-2025 11:11:06.083 INFO Current price: 0.000000092683 - Current percentage: 96.27% - Max: 96.27% - Min: -9.79% - Market Cap 18870 - Trading time: 00:00:08
07-09-2025 11:11:06.115 INFO Current price: 0.000000092734 - Current percentage: 96.48% - Max: 96.48% - Min: -9.79% - Market Cap 18891 - Trading time: 00:00:08
07-09-2025 11:11:06.133 INFO Current price: 0.000000093634 - Current percentage: 100.10% - Max: 100.10% - Min: -9.79% - Market Cap 19238 - Trading time: 00:00:08
07-09-2025 11:11:06.524 INFO Current price: 0.000000094346 - Current percentage: 99.48% - Max: 100.10% - Min: -9.79% - Market Cap 19179 - Trading time: 00:00:08
07-09-2025 11:11:06.616 INFO Current price: 0.000000094198 - Current percentage: 99.47% - Max: 100.10% - Min: -9.79% - Market Cap 19178 - Trading time: 00:00:08
07-09-2025 11:11:06.703 INFO Current price: 0.000000094547 - Current percentage: 100.96% - Max: 100.96% - Min: -9.79% - Market Cap 19322 - Trading time: 00:00:08
07-09-2025 11:11:06.706 INFO Current price: 0.000000094899 - Current percentage: 100.96% - Max: 100.96% - Min: -9.79% - Market Cap 19321 - Trading time: 00:00:08
07-09-2025 11:11:06.883 INFO Current price: 0.000000094533 - Current percentage: 99.41% - Max: 100.96% - Min: -9.79% - Market Cap 19173 - Trading time: 00:00:08
07-09-2025 11:11:07.089 INFO Current price: 0.000000093864 - Current percentage: 98.12% - Max: 100.96% - Min: -9.79% - Market Cap 19049 - Trading time: 00:00:09
07-09-2025 11:11:07.105 INFO Current price: 0.000000092818 - Current percentage: 94.99% - Max: 100.96% - Min: -9.79% - Market Cap 18748 - Trading time: 00:00:09
07-09-2025 11:11:07.109 INFO Current price: 0.000000091360 - Current percentage: 91.95% - Max: 100.96% - Min: -9.79% - Market Cap 18455 - Trading time: 00:00:09
07-09-2025 11:11:07.295 INFO Current price: 0.000000089937 - Current percentage: 88.96% - Max: 100.96% - Min: -9.79% - Market Cap 18168 - Trading time: 00:00:09
07-09-2025 11:11:07.353 INFO Current price: 0.000000090049 - Current percentage: 92.43% - Max: 100.96% - Min: -9.79% - Market Cap 18501 - Trading time: 00:00:09
07-09-2025 11:11:07.353 INFO Current price: 0.000000090788 - Current percentage: 92.08% - Max: 100.96% - Min: -9.79% - Market Cap 18468 - Trading time: 00:00:09
07-09-2025 11:11:07.599 INFO Current price: 0.000000090658 - Current percentage: 91.88% - Max: 100.96% - Min: -9.79% - Market Cap 18448 - Trading time: 00:00:09
07-09-2025 11:11:07.600 INFO Current price: 0.000000091101 - Current percentage: 93.97% - Max: 100.96% - Min: -9.79% - Market Cap 18649 - Trading time: 00:00:09
07-09-2025 11:11:07.626 INFO Current price: 0.000000091552 - Current percentage: 93.78% - Max: 100.96% - Min: -9.79% - Market Cap 18631 - Trading time: 00:00:09
07-09-2025 11:11:07.720 INFO Current price: 0.000000090793 - Current percentage: 90.76% - Max: 100.96% - Min: -9.79% - Market Cap 18341 - Trading time: 00:00:09
07-09-2025 11:11:07.906 INFO Current price: 0.000000089980 - Current percentage: 90.32% - Max: 100.96% - Min: -9.79% - Market Cap 18299 - Trading time: 00:00:09
07-09-2025 11:11:08.112 INFO Current price: 0.000000089893 - Current percentage: 90.39% - Max: 100.96% - Min: -9.79% - Market Cap 18306 - Trading time: 00:00:10
07-09-2025 11:11:08.828 INFO Current price: 0.000000091216 - Current percentage: 95.97% - Max: 100.96% - Min: -9.79% - Market Cap 18842 - Trading time: 00:00:10
07-09-2025 11:11:08.828 INFO Current price: 0.000000090924 - Current percentage: 89.17% - Max: 100.96% - Min: -9.79% - Market Cap 18188 - Trading time: 00:00:10
07-09-2025 11:11:08.904 INFO Current price: 0.000000087762 - Current percentage: 82.58% - Max: 100.96% - Min: -9.79% - Market Cap 17554 - Trading time: 00:00:10
07-09-2025 11:11:09.020 INFO Current price: 0.000000086205 - Current percentage: 82.52% - Max: 100.96% - Min: -9.79% - Market Cap 17548 - Trading time: 00:00:11
07-09-2025 11:11:09.316 INFO Current price: 0.000000086207 - Current percentage: 82.59% - Max: 100.96% - Min: -9.79% - Market Cap 17555 - Trading time: 00:00:11
07-09-2025 11:11:09.320 INFO Current price: 0.000000086239 - Current percentage: 82.65% - Max: 100.96% - Min: -9.79% - Market Cap 17561 - Trading time: 00:00:11
07-09-2025 11:11:09.412 INFO Current price: 0.000000086415 - Current percentage: 83.33% - Max: 100.96% - Min: -9.79% - Market Cap 17627 - Trading time: 00:00:11
07-09-2025 11:11:09.921 INFO Current price: 0.000000086618 - Current percentage: 83.51% - Max: 100.96% - Min: -9.79% - Market Cap 17644 - Trading time: 00:00:11
07-09-2025 11:11:10.010 INFO Current price: 0.000000086821 - Current percentage: 84.20% - Max: 100.96% - Min: -9.79% - Market Cap 17710 - Trading time: 00:00:12
07-09-2025 11:11:10.057 INFO Current price: 0.000000086898 - Current percentage: 83.84% - Max: 100.96% - Min: -9.79% - Market Cap 17675 - Trading time: 00:00:12
07-09-2025 11:11:10.061 INFO Current price: 0.000000086827 - Current percentage: 83.90% - Max: 100.96% - Min: -9.79% - Market Cap 17681 - Trading time: 00:00:12
07-09-2025 11:11:10.263 INFO Current price: 0.000000086882 - Current percentage: 84.07% - Max: 100.96% - Min: -9.79% - Market Cap 17697 - Trading time: 00:00:12
07-09-2025 11:11:10.295 INFO Current price: 0.000000086852 - Current percentage: 83.77% - Max: 100.96% - Min: -9.79% - Market Cap 17669 - Trading time: 00:00:12
07-09-2025 11:11:10.465 INFO Current price: 0.000000086342 - Current percentage: 81.91% - Max: 100.96% - Min: -9.79% - Market Cap 17490 - Trading time: 00:00:12
07-09-2025 11:11:10.465 INFO Current price: 0.000000085431 - Current percentage: 79.91% - Max: 100.96% - Min: -9.79% - Market Cap 17298 - Trading time: 00:00:12
07-09-2025 11:11:10.466 INFO Current price: 0.000000084897 - Current percentage: 79.65% - Max: 100.96% - Min: -9.79% - Market Cap 17272 - Trading time: 00:00:12
07-09-2025 11:11:10.519 INFO Current price: 0.000000081327 - Current percentage: 65.10% - Max: 100.96% - Min: -9.79% - Market Cap 15874 - Trading time: 00:00:12
07-09-2025 11:11:10.597 INFO Current price: 0.000000077776 - Current percentage: 64.30% - Max: 100.96% - Min: -9.79% - Market Cap 15797 - Trading time: 00:00:12
07-09-2025 11:11:10.616 INFO Current price: 0.000000077585 - Current percentage: 64.30% - Max: 100.96% - Min: -9.79% - Market Cap 15797 - Trading time: 00:00:12
07-09-2025 11:11:10.617 INFO Current price: 0.000000077350 - Current percentage: 63.30% - Max: 100.96% - Min: -9.79% - Market Cap 15700 - Trading time: 00:00:12
07-09-2025 11:11:11.049 INFO Current price: 0.000000077121 - Current percentage: 63.33% - Max: 100.96% - Min: -9.79% - Market Cap 15703 - Trading time: 00:00:13
07-09-2025 11:11:11.198 INFO Current price: 0.000000077144 - Current percentage: 63.39% - Max: 100.96% - Min: -9.79% - Market Cap 15710 - Trading time: 00:00:13
07-09-2025 11:11:11.293 INFO Current price: 0.000000078673 - Current percentage: 69.87% - Max: 100.96% - Min: -9.79% - Market Cap 16332 - Trading time: 00:00:13
07-09-2025 11:11:11.301 INFO Current price: 0.000000080528 - Current percentage: 71.19% - Max: 100.96% - Min: -9.79% - Market Cap 16459 - Trading time: 00:00:13
07-09-2025 11:11:11.370 INFO Current price: 0.000000080950 - Current percentage: 71.65% - Max: 100.96% - Min: -9.79% - Market Cap 16504 - Trading time: 00:00:13
07-09-2025 11:11:11.435 INFO Current price: 0.000000084163 - Current percentage: 85.05% - Max: 100.96% - Min: -9.79% - Market Cap 17792 - Trading time: 00:00:13
07-09-2025 11:11:11.616 INFO Current price: 0.000000088190 - Current percentage: 88.48% - Max: 100.96% - Min: -9.79% - Market Cap 18121 - Trading time: 00:00:13
07-09-2025 11:11:11.815 INFO Current price: 0.000000089491 - Current percentage: 90.55% - Max: 100.96% - Min: -9.79% - Market Cap 18320 - Trading time: 00:00:13
07-09-2025 11:11:11.960 INFO Current price: 0.000000090799 - Current percentage: 94.02% - Max: 100.96% - Min: -9.79% - Market Cap 18655 - Trading time: 00:00:14
07-09-2025 11:11:12.118 INFO Current price: 0.000000091789 - Current percentage: 94.72% - Max: 100.96% - Min: -9.79% - Market Cap 18722 - Trading time: 00:00:14
07-09-2025 11:11:12.182 INFO Current price: 0.000000088637 - Current percentage: 80.93% - Max: 100.96% - Min: -9.79% - Market Cap 17396 - Trading time: 00:00:14
07-09-2025 11:11:12.421 INFO Current price: 0.000000085575 - Current percentage: 81.50% - Max: 100.96% - Min: -9.79% - Market Cap 17450 - Trading time: 00:00:14
07-09-2025 11:11:12.622 INFO Current price: 0.000000085749 - Current percentage: 81.67% - Max: 100.96% - Min: -9.79% - Market Cap 17467 - Trading time: 00:00:14
07-09-2025 11:11:12.623 INFO Current price: 0.000000085869 - Current percentage: 82.01% - Max: 100.96% - Min: -9.79% - Market Cap 17499 - Trading time: 00:00:14
07-09-2025 11:11:13.126 INFO Current price: 0.000000082761 - Current percentage: 68.76% - Max: 100.96% - Min: -9.79% - Market Cap 16225 - Trading time: 00:00:15
07-09-2025 11:11:13.136 INFO Current price: 0.000000077237 - Current percentage: 58.52% - Max: 100.96% - Min: -9.79% - Market Cap 15241 - Trading time: 00:00:15
07-09-2025 11:11:13.253 INFO Current price: 0.000000074874 - Current percentage: 58.59% - Max: 100.96% - Min: -9.79% - Market Cap 15247 - Trading time: 00:00:15
07-09-2025 11:11:13.508 INFO Current price: 0.000000074934 - Current percentage: 58.78% - Max: 100.96% - Min: -9.79% - Market Cap 15266 - Trading time: 00:00:15
07-09-2025 11:11:13.579 INFO Current price: 0.000000072528 - Current percentage: 48.57% - Max: 100.96% - Min: -9.79% - Market Cap 14284 - Trading time: 00:00:15
07-09-2025 11:11:13.740 INFO Current price: 0.000000069827 - Current percentage: 47.17% - Max: 100.96% - Min: -9.79% - Market Cap 14150 - Trading time: 00:00:15
07-09-2025 11:11:13.774 INFO Current price: 0.000000069785 - Current percentage: 48.39% - Max: 100.96% - Min: -9.79% - Market Cap 14267 - Trading time: 00:00:15
07-09-2025 11:11:13.780 INFO Current price: 0.000000070795 - Current percentage: 51.46% - Max: 100.96% - Min: -9.79% - Market Cap 14562 - Trading time: 00:00:15
07-09-2025 11:11:14.180 INFO Current price: 0.000000071538 - Current percentage: 51.52% - Max: 100.96% - Min: -9.79% - Market Cap 14568 - Trading time: 00:00:16
07-09-2025 11:11:14.275 INFO Current price: 0.000000072617 - Current percentage: 56.06% - Max: 100.96% - Min: -9.79% - Market Cap 15005 - Trading time: 00:00:16
07-09-2025 11:11:14.327 INFO Current price: 0.000000073756 - Current percentage: 56.31% - Max: 100.96% - Min: -9.79% - Market Cap 15029 - Trading time: 00:00:16
07-09-2025 11:11:14.327 INFO Current price: 0.000000075297 - Current percentage: 62.65% - Max: 100.96% - Min: -9.79% - Market Cap 15638 - Trading time: 00:00:16
07-09-2025 11:11:14.562 INFO Current price: 0.000000078318 - Current percentage: 69.11% - Max: 100.96% - Min: -9.79% - Market Cap 16259 - Trading time: 00:00:16
07-09-2025 11:11:14.565 INFO Current price: 0.000000081398 - Current percentage: 75.69% - Max: 100.96% - Min: -9.79% - Market Cap 16892 - Trading time: 00:00:16
07-09-2025 11:11:14.566 INFO Current price: 0.000000083770 - Current percentage: 79.11% - Max: 100.96% - Min: -9.79% - Market Cap 17221 - Trading time: 00:00:16
07-09-2025 11:11:15.066 INFO Current price: 0.000000082220 - Current percentage: 69.25% - Max: 100.96% - Min: -9.79% - Market Cap 16273 - Trading time: 00:00:17
07-09-2025 11:11:15.176 INFO Current price: 0.000000076353 - Current percentage: 54.46% - Max: 100.96% - Min: -9.79% - Market Cap 14850 - Trading time: 00:00:17
07-09-2025 11:11:15.663 INFO Current price: 0.000000072944 - Current percentage: 54.48% - Max: 100.96% - Min: -9.79% - Market Cap 14852 - Trading time: 00:00:17
07-09-2025 11:11:15.762 INFO Current price: 0.000000072930 - Current percentage: 54.40% - Max: 100.96% - Min: -9.79% - Market Cap 14845 - Trading time: 00:00:17
07-09-2025 11:11:15.847 INFO Current price: 0.000000075855 - Current percentage: 67.12% - Max: 100.96% - Min: -9.79% - Market Cap 16068 - Trading time: 00:00:17
07-09-2025 11:11:16.195 INFO Current price: 0.000000078650 - Current percentage: 65.99% - Max: 100.96% - Min: -9.79% - Market Cap 15959 - Trading time: 00:00:18
07-09-2025 11:11:16.195 INFO Current price: 0.000000078385 - Current percentage: 65.99% - Max: 100.96% - Min: -9.79% - Market Cap 15959 - Trading time: 00:00:18
07-09-2025 11:11:16.195 INFO Current price: 0.000000079912 - Current percentage: 72.52% - Max: 100.96% - Min: -9.79% - Market Cap 16587 - Trading time: 00:00:18
07-09-2025 11:11:16.270 INFO Current price: 0.000000081404 - Current percentage: 72.25% - Max: 100.96% - Min: -9.79% - Market Cap 16561 - Trading time: 00:00:18
07-09-2025 11:11:16.362 INFO Current price: 0.000000081950 - Current percentage: 74.84% - Max: 100.96% - Min: -9.79% - Market Cap 16810 - Trading time: 00:00:18
07-09-2025 11:11:16.367 INFO Current price: 0.000000082721 - Current percentage: 75.50% - Max: 100.96% - Min: -9.79% - Market Cap 16874 - Trading time: 00:00:18
07-09-2025 11:11:16.500 INFO Current price: 0.000000083066 - Current percentage: 76.30% - Max: 100.96% - Min: -9.79% - Market Cap 16951 - Trading time: 00:00:18
07-09-2025 11:11:17.014 INFO Current price: 0.000000083569 - Current percentage: 77.64% - Max: 100.96% - Min: -9.79% - Market Cap 17079 - Trading time: 00:00:19
07-09-2025 11:11:17.401 INFO Current price: 0.000000083890 - Current percentage: 77.66% - Max: 100.96% - Min: -9.79% - Market Cap 17081 - Trading time: 00:00:19
07-09-2025 11:11:17.486 INFO Current price: 0.000000083152 - Current percentage: 74.52% - Max: 100.96% - Min: -9.79% - Market Cap 16780 - Trading time: 00:00:19
07-09-2025 11:11:17.831 INFO Current price: 0.000000082493 - Current percentage: 74.85% - Max: 100.96% - Min: -9.79% - Market Cap 16811 - Trading time: 00:00:19
07-09-2025 11:11:18.141 INFO Current price: 0.000000082587 - Current percentage: 74.92% - Max: 100.96% - Min: -9.79% - Market Cap 16818 - Trading time: 00:00:20
07-09-2025 11:11:18.141 INFO Current price: 0.000000082916 - Current percentage: 76.25% - Max: 100.96% - Min: -9.79% - Market Cap 16946 - Trading time: 00:00:20
07-09-2025 11:11:18.447 INFO Current price: 0.000000087161 - Current percentage: 93.29% - Max: 100.96% - Min: -9.79% - Market Cap 18584 - Trading time: 00:00:20
07-09-2025 11:11:18.447 INFO Current price: 0.000000095393 - Current percentage: 111.12% - Max: 111.12% - Min: -9.79% - Market Cap 20298 - Trading time: 00:00:20
07-09-2025 11:11:18.879 INFO Current price: 0.000000099597 - Current percentage: 110.70% - Max: 111.12% - Min: -9.79% - Market Cap 20258 - Trading time: 00:00:20
07-09-2025 11:11:19.109 INFO Current price: 0.000000099114 - Current percentage: 109.07% - Max: 111.12% - Min: -9.79% - Market Cap 20101 - Trading time: 00:00:21
07-09-2025 11:11:19.315 INFO Current price: 0.000000097059 - Current percentage: 102.06% - Max: 111.12% - Min: -9.79% - Market Cap 19427 - Trading time: 00:00:21
07-09-2025 11:11:19.346 INFO Current price: 0.000000096058 - Current percentage: 104.78% - Max: 111.12% - Min: -9.79% - Market Cap 19689 - Trading time: 00:00:21
07-09-2025 11:11:19.693 INFO Current price: 0.000000096875 - Current percentage: 105.51% - Max: 111.12% - Min: -9.79% - Market Cap 19759 - Trading time: 00:00:21
07-09-2025 11:11:19.801 INFO Current price: 0.000000097052 - Current percentage: 105.53% - Max: 111.12% - Min: -9.79% - Market Cap 19761 - Trading time: 00:00:21
07-09-2025 11:11:19.821 INFO Current price: 0.000000097075 - Current percentage: 105.60% - Max: 111.12% - Min: -9.79% - Market Cap 19768 - Trading time: 00:00:21
07-09-2025 11:11:19.833 INFO Current price: 0.000000096096 - Current percentage: 101.41% - Max: 111.12% - Min: -9.79% - Market Cap 19364 - Trading time: 00:00:21
07-09-2025 11:11:20.084 INFO Current price: 0.000000095278 - Current percentage: 102.12% - Max: 111.12% - Min: -9.79% - Market Cap 19433 - Trading time: 00:00:22
07-09-2025 11:11:20.700 INFO Current price: 0.000000090573 - Current percentage: 82.01% - Max: 111.12% - Min: -9.79% - Market Cap 17499 - Trading time: 00:00:22
07-09-2025 11:11:20.703 INFO Current price: 0.000000086269 - Current percentage: 83.36% - Max: 111.12% - Min: -9.79% - Market Cap 17630 - Trading time: 00:00:22
07-09-2025 11:11:20.703 INFO Current price: 0.000000086672 - Current percentage: 83.71% - Max: 111.12% - Min: -9.79% - Market Cap 17663 - Trading time: 00:00:22
07-09-2025 11:11:20.894 INFO Current price: 0.000000086800 - Current percentage: 83.91% - Max: 111.12% - Min: -9.79% - Market Cap 17682 - Trading time: 00:00:22
07-09-2025 11:11:21.296 INFO Current price: 0.000000087496 - Current percentage: 86.67% - Max: 111.12% - Min: -9.79% - Market Cap 17947 - Trading time: 00:00:23
07-09-2025 11:11:21.520 INFO Current price: 0.000000088198 - Current percentage: 86.87% - Max: 111.12% - Min: -9.79% - Market Cap 17967 - Trading time: 00:00:23
07-09-2025 11:11:21.671 INFO Current price: 0.000000088295 - Current percentage: 87.08% - Max: 111.12% - Min: -9.79% - Market Cap 17987 - Trading time: 00:00:23
07-09-2025 11:11:21.671 INFO Current price: 0.000000088506 - Current percentage: 87.77% - Max: 111.12% - Min: -9.79% - Market Cap 18053 - Trading time: 00:00:23
07-09-2025 11:11:21.677 INFO Current price: 0.000000088749 - Current percentage: 88.11% - Max: 111.12% - Min: -9.79% - Market Cap 18086 - Trading time: 00:00:23
07-09-2025 11:11:21.775 INFO Current price: 0.000000088993 - Current percentage: 88.80% - Max: 111.12% - Min: -9.79% - Market Cap 18152 - Trading time: 00:00:23
07-09-2025 11:11:21.778 INFO Current price: 0.000000089172 - Current percentage: 88.87% - Max: 111.12% - Min: -9.79% - Market Cap 18159 - Trading time: 00:00:23
07-09-2025 11:11:21.778 INFO Current price: 0.000000089249 - Current percentage: 89.12% - Max: 111.12% - Min: -9.79% - Market Cap 18183 - Trading time: 00:00:23
07-09-2025 11:11:22.132 INFO Current price: 0.000000092566 - Current percentage: 103.17% - Max: 111.12% - Min: -9.79% - Market Cap 19534 - Trading time: 00:00:24
07-09-2025 11:11:22.133 INFO Current price: 0.000000094543 - Current percentage: 97.28% - Max: 111.12% - Min: -9.79% - Market Cap 18968 - Trading time: 00:00:24
07-09-2025 11:11:22.438 INFO Current price: 0.000000088921 - Current percentage: 79.73% - Max: 111.12% - Min: -9.79% - Market Cap 17280 - Trading time: 00:00:24
07-09-2025 11:11:22.439 INFO Current price: 0.000000081481 - Current percentage: 65.65% - Max: 111.12% - Min: -9.79% - Market Cap 15927 - Trading time: 00:00:24
07-09-2025 11:11:22.456 INFO Current price: 0.000000077798 - Current percentage: 63.84% - Max: 111.12% - Min: -9.79% - Market Cap 15753 - Trading time: 00:00:24
07-09-2025 11:11:22.460 INFO Current price: 0.000000077389 - Current percentage: 63.92% - Max: 111.12% - Min: -9.79% - Market Cap 15760 - Trading time: 00:00:24
07-09-2025 11:11:22.550 INFO Current price: 0.000000077436 - Current percentage: 64.04% - Max: 111.12% - Min: -9.79% - Market Cap 15772 - Trading time: 00:00:24
07-09-2025 11:11:22.612 INFO Current price: 0.000000077542 - Current percentage: 64.37% - Max: 111.12% - Min: -9.79% - Market Cap 15803 - Trading time: 00:00:24
07-09-2025 11:11:22.703 INFO Current price: 0.000000077597 - Current percentage: 64.27% - Max: 111.12% - Min: -9.79% - Market Cap 15794 - Trading time: 00:00:24
07-09-2025 11:11:23.257 INFO Current price: 0.000000078945 - Current percentage: 70.13% - Max: 111.12% - Min: -9.79% - Market Cap 16357 - Trading time: 00:00:25
07-09-2025 11:11:23.258 INFO Current price: 0.000000082034 - Current percentage: 77.38% - Max: 111.12% - Min: -9.79% - Market Cap 17055 - Trading time: 00:00:25
07-09-2025 11:11:23.597 INFO Current price: 0.000000083797 - Current percentage: 77.52% - Max: 111.12% - Min: -9.79% - Market Cap 17068 - Trading time: 00:00:25
07-09-2025 11:11:24.764 INFO Current price: 0.000000083876 - Current percentage: 77.72% - Max: 111.12% - Min: -9.79% - Market Cap 17087 - Trading time: 00:00:26
07-09-2025 11:11:25.202 INFO Current price: 0.000000084050 - Current percentage: 78.25% - Max: 111.12% - Min: -9.79% - Market Cap 17138 - Trading time: 00:00:27
07-09-2025 11:11:25.461 INFO Current price: 0.000000083699 - Current percentage: 76.24% - Max: 111.12% - Min: -9.79% - Market Cap 16944 - Trading time: 00:00:27
07-09-2025 11:11:25.508 INFO Current price: 0.000000083255 - Current percentage: 76.37% - Max: 111.12% - Min: -9.79% - Market Cap 16957 - Trading time: 00:00:27
07-09-2025 11:11:25.815 INFO Current price: 0.000000082857 - Current percentage: 74.56% - Max: 111.12% - Min: -9.79% - Market Cap 16783 - Trading time: 00:00:27
07-09-2025 11:11:26.020 INFO Current price: 0.000000082747 - Current percentage: 75.90% - Max: 111.12% - Min: -9.79% - Market Cap 16912 - Trading time: 00:00:28
07-09-2025 11:11:26.090 INFO Current price: 0.000000083097 - Current percentage: 76.03% - Max: 111.12% - Min: -9.79% - Market Cap 16925 - Trading time: 00:00:28
07-09-2025 11:11:26.095 INFO Current price: 0.000000083397 - Current percentage: 77.17% - Max: 111.12% - Min: -9.79% - Market Cap 17034 - Trading time: 00:00:28
07-09-2025 11:11:26.175 INFO Current price: 0.000000082076 - Current percentage: 70.50% - Max: 111.12% - Min: -9.79% - Market Cap 16393 - Trading time: 00:00:28
07-09-2025 11:11:26.178 INFO Current price: 0.000000080162 - Current percentage: 69.00% - Max: 111.12% - Min: -9.79% - Market Cap 16249 - Trading time: 00:00:28
07-09-2025 11:11:26.429 INFO Current price: 0.000000079813 - Current percentage: 69.02% - Max: 111.12% - Min: -9.79% - Market Cap 16251 - Trading time: 00:00:28
07-09-2025 11:11:26.793 INFO Current price: 0.000000083667 - Current percentage: 85.72% - Max: 111.12% - Min: -9.79% - Market Cap 17856 - Trading time: 00:00:28
07-09-2025 11:11:26.858 INFO Current price: 0.000000087702 - Current percentage: 85.72% - Max: 111.12% - Min: -9.79% - Market Cap 17856 - Trading time: 00:00:28
07-09-2025 11:11:27.044 INFO Current price: 0.000000087661 - Current percentage: 85.54% - Max: 111.12% - Min: -9.79% - Market Cap 17839 - Trading time: 00:00:29
07-09-2025 11:11:27.452 INFO Current price: 0.000000087603 - Current percentage: 85.48% - Max: 111.12% - Min: -9.79% - Market Cap 17833 - Trading time: 00:00:29
07-09-2025 11:11:27.461 INFO Current price: 0.000000087529 - Current percentage: 85.23% - Max: 111.12% - Min: -9.79% - Market Cap 17809 - Trading time: 00:00:29
07-09-2025 11:11:27.546 INFO Current price: 0.000000087385 - Current percentage: 84.87% - Max: 111.12% - Min: -9.79% - Market Cap 17774 - Trading time: 00:00:29
07-09-2025 11:11:27.669 INFO Current price: 0.000000087300 - Current percentage: 84.87% - Max: 111.12% - Min: -9.79% - Market Cap 17774 - Trading time: 00:00:29
07-09-2025 11:11:28.068 INFO Current price: 0.000000087380 - Current percentage: 85.21% - Max: 111.12% - Min: -9.79% - Market Cap 17807 - Trading time: 00:00:30
07-09-2025 11:11:28.923 INFO Current price: 0.000000091376 - Current percentage: 102.16% - Max: 111.12% - Min: -9.79% - Market Cap 19437 - Trading time: 00:00:30
07-09-2025 11:11:28.935 INFO Current price: 0.000000099795 - Current percentage: 120.91% - Max: 120.91% - Min: -9.79% - Market Cap 21240 - Trading time: 00:00:30
07-09-2025 11:11:28.946 INFO Current price: 0.000000104145 - Current percentage: 120.17% - Max: 120.91% - Min: -9.79% - Market Cap 21168 - Trading time: 00:00:30
07-09-2025 11:11:29.261 INFO Current price: 0.000000103989 - Current percentage: 120.25% - Max: 120.91% - Min: -9.79% - Market Cap 21176 - Trading time: 00:00:31
07-09-2025 11:11:29.261 INFO Current price: 0.000000104077 - Current percentage: 120.54% - Max: 120.91% - Min: -9.79% - Market Cap 21204 - Trading time: 00:00:31
07-09-2025 11:11:29.539 INFO Current price: 0.000000104200 - Current percentage: 120.77% - Max: 120.91% - Min: -9.79% - Market Cap 21226 - Trading time: 00:00:31
07-09-2025 11:11:30.016 INFO Current price: 0.000000102514 - Current percentage: 113.47% - Max: 120.91% - Min: -9.79% - Market Cap 20524 - Trading time: 00:00:32
07-09-2025 11:11:30.040 INFO Current price: 0.000000100746 - Current percentage: 113.22% - Max: 120.91% - Min: -9.79% - Market Cap 20500 - Trading time: 00:00:32
07-09-2025 11:11:30.334 INFO Current price: 0.000000101034 - Current percentage: 114.69% - Max: 120.91% - Min: -9.79% - Market Cap 20641 - Trading time: 00:00:32
07-09-2025 11:11:30.699 INFO Current price: 0.000000101815 - Current percentage: 116.53% - Max: 120.91% - Min: -9.79% - Market Cap 20818 - Trading time: 00:00:32
07-09-2025 11:11:31.520 INFO Current price: 0.000000102599 - Current percentage: 118.01% - Max: 120.91% - Min: -9.79% - Market Cap 20960 - Trading time: 00:00:33
07-09-2025 11:11:32.265 INFO Current price: 0.000000103181 - Current percentage: 118.25% - Max: 120.91% - Min: -9.79% - Market Cap 20984 - Trading time: 00:00:34
07-09-2025 11:11:32.265 INFO Current price: 0.000000103049 - Current percentage: 118.19% - Max: 120.91% - Min: -9.79% - Market Cap 20978 - Trading time: 00:00:34
07-09-2025 11:11:32.362 INFO Current price: 0.000000104783 - Current percentage: 125.66% - Max: 125.66% - Min: -9.79% - Market Cap 21696 - Trading time: 00:00:34
07-09-2025 11:11:32.370 INFO Current price: 0.000000107472 - Current percentage: 129.53% - Max: 129.53% - Min: -9.79% - Market Cap 22068 - Trading time: 00:00:34
07-09-2025 11:11:32.370 INFO Current price: 0.000000108384 - Current percentage: 129.51% - Max: 129.53% - Min: -9.79% - Market Cap 22066 - Trading time: 00:00:34
07-09-2025 11:11:32.467 INFO Current price: 0.000000108010 - Current percentage: 127.94% - Max: 129.53% - Min: -9.79% - Market Cap 21916 - Trading time: 00:00:34
07-09-2025 11:11:32.527 INFO Current price: 0.000000106884 - Current percentage: 124.74% - Max: 129.53% - Min: -9.79% - Market Cap 21608 - Trading time: 00:00:34
07-09-2025 11:11:32.529 INFO Current price: 0.000000102875 - Current percentage: 111.17% - Max: 129.53% - Min: -9.79% - Market Cap 20303 - Trading time: 00:00:34
07-09-2025 11:11:33.188 INFO Current price: 0.000000095801 - Current percentage: 94.90% - Max: 129.53% - Min: -9.79% - Market Cap 18739 - Trading time: 00:00:35
07-09-2025 11:11:33.282 INFO Current price: 0.000000092203 - Current percentage: 95.60% - Max: 129.53% - Min: -9.79% - Market Cap 18806 - Trading time: 00:00:35
07-09-2025 11:11:33.378 INFO Current price: 0.000000091300 - Current percentage: 91.10% - Max: 129.53% - Min: -9.79% - Market Cap 18374 - Trading time: 00:00:35
07-09-2025 11:11:33.598 INFO Current price: 0.000000090188 - Current percentage: 90.86% - Max: 129.53% - Min: -9.79% - Market Cap 18351 - Trading time: 00:00:35
07-09-2025 11:11:33.598 INFO Current price: 0.000000090117 - Current percentage: 90.80% - Max: 129.53% - Min: -9.79% - Market Cap 18345 - Trading time: 00:00:35
07-09-2025 11:11:34.020 INFO Current price: 0.000000090266 - Current percentage: 91.50% - Max: 129.53% - Min: -9.79% - Market Cap 18412 - Trading time: 00:00:36
07-09-2025 11:11:34.077 INFO Current price: 0.000000090445 - Current percentage: 91.56% - Max: 129.53% - Min: -9.79% - Market Cap 18418 - Trading time: 00:00:36
07-09-2025 11:11:34.087 INFO Current price: 0.000000090500 - Current percentage: 91.73% - Max: 129.53% - Min: -9.79% - Market Cap 18434 - Trading time: 00:00:36
07-09-2025 11:11:34.130 INFO Current price: 0.000000092612 - Current percentage: 100.60% - Max: 129.53% - Min: -9.79% - Market Cap 19287 - Trading time: 00:00:36
07-09-2025 11:11:34.134 INFO Current price: 0.000000096651 - Current percentage: 108.82% - Max: 129.53% - Min: -9.79% - Market Cap 20077 - Trading time: 00:00:36
07-09-2025 11:11:34.143 INFO Current price: 0.000000100936 - Current percentage: 118.78% - Max: 129.53% - Min: -9.79% - Market Cap 21035 - Trading time: 00:00:36
07-09-2025 11:11:34.234 INFO Current price: 0.000000105476 - Current percentage: 128.03% - Max: 129.53% - Min: -9.79% - Market Cap 21924 - Trading time: 00:00:36
07-09-2025 11:11:34.513 INFO Current price: 0.000000108049 - Current percentage: 129.59% - Max: 129.59% - Min: -9.79% - Market Cap 22074 - Trading time: 00:00:36
07-09-2025 11:11:34.603 INFO Current price: 0.000000107950 - Current percentage: 127.61% - Max: 129.59% - Min: -9.79% - Market Cap 21884 - Trading time: 00:00:36
07-09-2025 11:11:34.929 INFO Current price: 0.000000107574 - Current percentage: 127.99% - Max: 129.59% - Min: -9.79% - Market Cap 21920 - Trading time: 00:00:36
07-09-2025 11:11:34.940 INFO Current price: 0.000000107844 - Current percentage: 128.76% - Max: 129.59% - Min: -9.79% - Market Cap 21994 - Trading time: 00:00:36
07-09-2025 11:11:34.941 INFO Current price: 0.000000108563 - Current percentage: 131.04% - Max: 131.04% - Min: -9.79% - Market Cap 22213 - Trading time: 00:00:36
07-09-2025 11:11:35.079 INFO Current price: 0.000000109283 - Current percentage: 131.80% - Max: 131.80% - Min: -9.79% - Market Cap 22287 - Trading time: 00:00:37
07-09-2025 11:11:35.399 INFO Current price: 0.000000108054 - Current percentage: 125.87% - Max: 131.80% - Min: -9.79% - Market Cap 21717 - Trading time: 00:00:37
07-09-2025 11:11:36.049 INFO Current price: 0.000000106031 - Current percentage: 123.20% - Max: 131.80% - Min: -9.79% - Market Cap 21460 - Trading time: 00:00:38
07-09-2025 11:11:36.106 INFO Current price: 0.000000104972 - Current percentage: 121.38% - Max: 131.80% - Min: -9.79% - Market Cap 21285 - Trading time: 00:00:38
07-09-2025 11:11:36.168 INFO Current price: 0.000000104632 - Current percentage: 121.76% - Max: 131.80% - Min: -9.79% - Market Cap 21321 - Trading time: 00:00:38
07-09-2025 11:11:36.523 INFO Current price: 0.000000104281 - Current percentage: 119.90% - Max: 131.80% - Min: -9.79% - Market Cap 21142 - Trading time: 00:00:38
07-09-2025 11:11:36.646 INFO Current price: 0.000000104721 - Current percentage: 123.63% - Max: 131.80% - Min: -9.79% - Market Cap 21501 - Trading time: 00:00:38
07-09-2025 11:11:36.739 INFO Current price: 0.000000105960 - Current percentage: 125.14% - Max: 131.80% - Min: -9.79% - Market Cap 21646 - Trading time: 00:00:38
07-09-2025 11:11:36.989 INFO Current price: 0.000000107213 - Current percentage: 128.95% - Max: 131.80% - Min: -9.79% - Market Cap 22013 - Trading time: 00:00:39
07-09-2025 11:11:37.140 INFO Current price: 0.000000108297 - Current percentage: 129.71% - Max: 131.80% - Min: -9.79% - Market Cap 22086 - Trading time: 00:00:39
07-09-2025 11:11:37.147 INFO Current price: 0.000000109374 - Current percentage: 133.53% - Max: 133.53% - Min: -9.79% - Market Cap 22453 - Trading time: 00:00:39
07-09-2025 11:11:38.266 INFO Current price: 0.000000110224 - Current percentage: 133.30% - Max: 133.53% - Min: -9.79% - Market Cap 22430 - Trading time: 00:00:40
07-09-2025 11:11:38.606 INFO Current price: 0.000000110121 - Current percentage: 133.09% - Max: 133.53% - Min: -9.79% - Market Cap 22411 - Trading time: 00:00:40
07-09-2025 11:11:38.606 INFO Current price: 0.000000109998 - Current percentage: 132.78% - Max: 133.53% - Min: -9.79% - Market Cap 22380 - Trading time: 00:00:40
07-09-2025 11:11:38.791 INFO Current price: 0.000000110104 - Current percentage: 133.54% - Max: 133.54% - Min: -9.79% - Market Cap 22454 - Trading time: 00:00:40
07-09-2025 11:11:38.799 INFO Current price: 0.000000110357 - Current percentage: 133.85% - Max: 133.85% - Min: -9.79% - Market Cap 22484 - Trading time: 00:00:40
07-09-2025 11:11:38.872 INFO Current price: 0.000000110520 - Current percentage: 134.23% - Max: 134.23% - Min: -9.79% - Market Cap 22520 - Trading time: 00:00:40
07-09-2025 11:11:40.244 INFO Current price: 0.000000110638 - Current percentage: 134.35% - Max: 134.35% - Min: -9.79% - Market Cap 22532 - Trading time: 00:00:42
07-09-2025 11:11:40.246 INFO Current price: 0.000000110449 - Current percentage: 133.43% - Max: 134.35% - Min: -9.79% - Market Cap 22443 - Trading time: 00:00:42
07-09-2025 11:11:40.336 INFO Current price: 0.000000110753 - Current percentage: 135.64% - Max: 135.64% - Min: -9.79% - Market Cap 22656 - Trading time: 00:00:42
07-09-2025 11:11:40.388 INFO Current price: 0.000000111239 - Current percentage: 135.48% - Max: 135.64% - Min: -9.79% - Market Cap 22640 - Trading time: 00:00:42
07-09-2025 11:11:40.390 INFO Current price: 0.000000108938 - Current percentage: 125.99% - Max: 135.64% - Min: -9.79% - Market Cap 21728 - Trading time: 00:00:42
07-09-2025 11:11:40.396 INFO Current price: 0.000000104238 - Current percentage: 115.60% - Max: 135.64% - Min: -9.79% - Market Cap 20729 - Trading time: 00:00:42
07-09-2025 11:11:40.396 INFO Current price: 0.000000101613 - Current percentage: 114.75% - Max: 135.64% - Min: -9.79% - Market Cap 20648 - Trading time: 00:00:42
07-09-2025 11:11:40.396 INFO Current price: 0.000000101288 - Current percentage: 114.22% - Max: 135.64% - Min: -9.79% - Market Cap 20597 - Trading time: 00:00:42
07-09-2025 11:11:40.414 INFO Current price: 0.000000101159 - Current percentage: 114.21% - Max: 135.64% - Min: -9.79% - Market Cap 20595 - Trading time: 00:00:42
07-09-2025 11:11:40.655 INFO Current price: 0.000000101135 - Current percentage: 114.12% - Max: 135.64% - Min: -9.79% - Market Cap 20587 - Trading time: 00:00:42
07-09-2025 11:11:40.714 INFO Current price: 0.000000100633 - Current percentage: 112.09% - Max: 135.64% - Min: -9.79% - Market Cap 20391 - Trading time: 00:00:42
07-09-2025 11:11:40.781 INFO Current price: 0.000000100142 - Current percentage: 112.04% - Max: 135.64% - Min: -9.79% - Market Cap 20387 - Trading time: 00:00:42
07-09-2025 11:11:41.133 INFO Current price: 0.000000099204 - Current percentage: 108.13% - Max: 135.64% - Min: -9.79% - Market Cap 20011 - Trading time: 00:00:43
07-09-2025 11:11:41.577 INFO Current price: 0.000000098319 - Current percentage: 108.27% - Max: 135.64% - Min: -9.79% - Market Cap 20025 - Trading time: 00:00:43
07-09-2025 11:11:41.586 INFO Current price: 0.000000100062 - Current percentage: 115.58% - Max: 135.64% - Min: -9.79% - Market Cap 20727 - Trading time: 00:00:43
07-09-2025 11:11:41.674 INFO Current price: 0.000000100960 - Current percentage: 112.03% - Max: 135.64% - Min: -9.79% - Market Cap 20386 - Trading time: 00:00:43
07-09-2025 11:11:41.930 INFO Current price: 0.000000100025 - Current percentage: 111.60% - Max: 135.64% - Min: -9.79% - Market Cap 20344 - Trading time: 00:00:43
07-09-2025 11:11:43.435 INFO Current price: 0.000000100096 - Current percentage: 112.33% - Max: 135.64% - Min: -9.79% - Market Cap 20415 - Trading time: 00:00:45
07-09-2025 11:11:43.734 INFO Current price: 0.000000099570 - Current percentage: 109.38% - Max: 135.64% - Min: -9.79% - Market Cap 20131 - Trading time: 00:00:45
07-09-2025 11:11:44.353 INFO Current price: 0.000000099047 - Current percentage: 110.11% - Max: 135.64% - Min: -9.79% - Market Cap 20201 - Trading time: 00:00:46
07-09-2025 11:11:44.595 INFO Current price: 0.000000098989 - Current percentage: 109.14% - Max: 135.64% - Min: -9.79% - Market Cap 20107 - Trading time: 00:00:46
07-09-2025 11:11:45.872 INFO Current price: 0.000000098727 - Current percentage: 109.00% - Max: 135.64% - Min: -9.79% - Market Cap 20094 - Trading time: 00:00:47
07-09-2025 11:11:46.575 INFO Current price: 0.000000098866 - Current percentage: 109.72% - Max: 135.64% - Min: -9.79% - Market Cap 20164 - Trading time: 00:00:48
07-09-2025 11:11:46.716 INFO Current price: 0.000000095175 - Current percentage: 93.68% - Max: 135.64% - Min: -9.79% - Market Cap 18622 - Trading time: 00:00:48
07-09-2025 11:11:46.716 INFO Current price: 0.000000091294 - Current percentage: 92.97% - Max: 135.64% - Min: -9.79% - Market Cap 18553 - Trading time: 00:00:48
07-09-2025 11:11:46.718 INFO Current price: 0.000000090815 - Current percentage: 91.66% - Max: 135.64% - Min: -9.79% - Market Cap 18427 - Trading time: 00:00:48
07-09-2025 11:11:46.998 INFO Current price: 0.000000090224 - Current percentage: 90.47% - Max: 135.64% - Min: -9.79% - Market Cap 18313 - Trading time: 00:00:49
07-09-2025 11:11:47.035 INFO Current price: 0.000000089940 - Current percentage: 90.45% - Max: 135.64% - Min: -9.79% - Market Cap 18311 - Trading time: 00:00:49
07-09-2025 11:11:47.559 INFO Current price: 0.000000087976 - Current percentage: 82.24% - Max: 135.64% - Min: -9.79% - Market Cap 17521 - Trading time: 00:00:49
07-09-2025 11:11:47.563 INFO Current price: 0.000000084458 - Current percentage: 75.52% - Max: 135.64% - Min: -9.79% - Market Cap 16876 - Trading time: 00:00:49
07-09-2025 11:11:47.563 INFO Current price: 0.000000081174 - Current percentage: 68.34% - Max: 135.64% - Min: -9.79% - Market Cap 16185 - Trading time: 00:00:49
07-09-2025 11:11:47.563 INFO Current price: 0.000000078346 - Current percentage: 63.51% - Max: 135.64% - Min: -9.79% - Market Cap 15721 - Trading time: 00:00:49
07-09-2025 11:11:47.567 INFO Current price: 0.000000075870 - Current percentage: 57.87% - Max: 135.64% - Min: -9.79% - Market Cap 15178 - Trading time: 00:00:49
07-09-2025 11:11:47.569 INFO Current price: 0.000000077526 - Current percentage: 70.72% - Max: 135.64% - Min: -9.79% - Market Cap 16414 - Trading time: 00:00:49
07-09-2025 11:11:47.816 INFO Current price: 0.000000080775 - Current percentage: 71.38% - Max: 135.64% - Min: -9.79% - Market Cap 16477 - Trading time: 00:00:49
07-09-2025 11:11:47.819 INFO Current price: 0.000000080146 - Current percentage: 68.08% - Max: 135.64% - Min: -9.79% - Market Cap 16160 - Trading time: 00:00:49
07-09-2025 11:11:47.880 INFO Current price: 0.000000079362 - Current percentage: 68.04% - Max: 135.64% - Min: -9.79% - Market Cap 16157 - Trading time: 00:00:49
07-09-2025 11:11:47.886 INFO Current price: 0.000000079508 - Current percentage: 68.69% - Max: 135.64% - Min: -9.79% - Market Cap 16219 - Trading time: 00:00:49
07-09-2025 11:11:47.886 INFO Current price: 0.000000079969 - Current percentage: 70.00% - Max: 135.64% - Min: -9.79% - Market Cap 16345 - Trading time: 00:00:49
07-09-2025 11:11:47.890 INFO Current price: 0.000000080317 - Current percentage: 70.16% - Max: 135.64% - Min: -9.79% - Market Cap 16360 - Trading time: 00:00:49
07-09-2025 11:11:47.973 INFO Current price: 0.000000080339 - Current percentage: 70.16% - Max: 135.64% - Min: -9.79% - Market Cap 16360 - Trading time: 00:00:50
07-09-2025 11:11:48.010 INFO Current price: 0.000000080819 - Current percentage: 72.13% - Max: 135.64% - Min: -9.79% - Market Cap 16550 - Trading time: 00:00:50
07-09-2025 11:11:48.106 INFO Current price: 0.000000081280 - Current percentage: 72.11% - Max: 135.64% - Min: -9.79% - Market Cap 16548 - Trading time: 00:00:50
07-09-2025 11:11:48.133 INFO Current price: 0.000000081029 - Current percentage: 71.07% - Max: 135.64% - Min: -9.79% - Market Cap 16448 - Trading time: 00:00:50
07-09-2025 11:11:48.279 INFO Current price: 0.000000082386 - Current percentage: 77.92% - Max: 135.64% - Min: -9.79% - Market Cap 17106 - Trading time: 00:00:50
07-09-2025 11:11:48.294 INFO Current price: 0.000000083871 - Current percentage: 77.29% - Max: 135.64% - Min: -9.79% - Market Cap 17046 - Trading time: 00:00:50
07-09-2025 11:11:48.737 INFO Current price: 0.000000083882 - Current percentage: 77.97% - Max: 135.64% - Min: -9.79% - Market Cap 17111 - Trading time: 00:00:50
07-09-2025 11:11:48.757 INFO Current price: 0.000000084037 - Current percentage: 77.95% - Max: 135.64% - Min: -9.79% - Market Cap 17109 - Trading time: 00:00:50
07-09-2025 11:11:48.944 INFO Current price: 0.000000084113 - Current percentage: 78.29% - Max: 135.64% - Min: -9.79% - Market Cap 17141 - Trading time: 00:00:50
07-09-2025 11:11:48.949 INFO Current price: 0.000000080822 - Current percentage: 64.30% - Max: 135.64% - Min: -9.79% - Market Cap 15797 - Trading time: 00:00:51
07-09-2025 11:11:49.147 INFO Current price: 0.000000077739 - Current percentage: 64.94% - Max: 135.64% - Min: -9.79% - Market Cap 15859 - Trading time: 00:00:51
07-09-2025 11:11:49.352 INFO Current price: 0.000000077906 - Current percentage: 65.01% - Max: 135.64% - Min: -9.79% - Market Cap 15865 - Trading time: 00:00:51
07-09-2025 11:11:49.401 INFO Current price: 0.000000078013 - Current percentage: 65.39% - Max: 135.64% - Min: -9.79% - Market Cap 15902 - Trading time: 00:00:51
07-09-2025 11:11:49.484 INFO Current price: 0.000000078713 - Current percentage: 67.98% - Max: 135.64% - Min: -9.79% - Market Cap 16151 - Trading time: 00:00:51
07-09-2025 11:11:49.762 INFO Current price: 0.000000076217 - Current percentage: 55.07% - Max: 135.64% - Min: -9.79% - Market Cap 14909 - Trading time: 00:00:51
07-09-2025 11:11:49.762 INFO Current price: 0.000000070549 - Current percentage: 43.93% - Max: 135.64% - Min: -9.79% - Market Cap 13838 - Trading time: 00:00:51
07-09-2025 11:11:49.965 INFO Current price: 0.000000067610 - Current percentage: 42.42% - Max: 135.64% - Min: -9.79% - Market Cap 13693 - Trading time: 00:00:52
07-09-2025 11:11:49.965 INFO Current price: 0.000000068620 - Current percentage: 48.26% - Max: 135.64% - Min: -9.79% - Market Cap 14255 - Trading time: 00:00:52
07-09-2025 11:11:50.170 INFO Current price: 0.000000071105 - Current percentage: 52.92% - Max: 135.64% - Min: -9.79% - Market Cap 14703 - Trading time: 00:00:52
07-09-2025 11:11:50.375 INFO Current price: 0.000000072361 - Current percentage: 53.54% - Max: 135.64% - Min: -9.79% - Market Cap 14763 - Trading time: 00:00:52
07-09-2025 11:11:50.584 INFO Current price: 0.000000073975 - Current percentage: 59.82% - Max: 135.64% - Min: -9.79% - Market Cap 15366 - Trading time: 00:00:52
07-09-2025 11:11:50.683 INFO Current price: 0.000000076970 - Current percentage: 66.23% - Max: 135.64% - Min: -9.79% - Market Cap 15982 - Trading time: 00:00:52
07-09-2025 11:11:50.752 INFO Current price: 0.000000078366 - Current percentage: 65.67% - Max: 135.64% - Min: -9.79% - Market Cap 15929 - Trading time: 00:00:52
07-09-2025 11:11:51.197 INFO Current price: 0.000000077635 - Current percentage: 63.14% - Max: 135.64% - Min: -9.79% - Market Cap 15685 - Trading time: 00:00:53
07-09-2025 11:11:51.197 INFO Current price: 0.000000076775 - Current percentage: 62.03% - Max: 135.64% - Min: -9.79% - Market Cap 15578 - Trading time: 00:00:53
07-09-2025 11:11:51.487 INFO Current price: 0.000000072802 - Current percentage: 46.69% - Max: 135.64% - Min: -9.79% - Market Cap 14103 - Trading time: 00:00:53
07-09-2025 11:11:51.490 INFO Current price: 0.000000069027 - Current percentage: 45.66% - Max: 135.64% - Min: -9.79% - Market Cap 14005 - Trading time: 00:00:53
07-09-2025 11:11:51.746 INFO Current price: 0.000000068783 - Current percentage: 45.65% - Max: 135.64% - Min: -9.79% - Market Cap 14004 - Trading time: 00:00:53
07-09-2025 11:11:52.012 INFO Current price: 0.000000068926 - Current percentage: 46.27% - Max: 135.64% - Min: -9.79% - Market Cap 14063 - Trading time: 00:00:54
07-09-2025 11:11:52.107 INFO Current price: 0.000000069085 - Current percentage: 46.33% - Max: 135.64% - Min: -9.79% - Market Cap 14069 - Trading time: 00:00:54
07-09-2025 11:11:52.115 INFO Current price: 0.000000069128 - Current percentage: 46.45% - Max: 135.64% - Min: -9.79% - Market Cap 14080 - Trading time: 00:00:54
07-09-2025 11:11:52.319 INFO Current price: 0.000000069229 - Current percentage: 46.75% - Max: 135.64% - Min: -9.79% - Market Cap 14110 - Trading time: 00:00:54
07-09-2025 11:11:52.626 INFO Current price: 0.000000069308 - Current percentage: 46.78% - Max: 135.64% - Min: -9.79% - Market Cap 14113 - Trading time: 00:00:54
07-09-2025 11:11:52.665 INFO Current price: 0.000000069289 - Current percentage: 46.67% - Max: 135.64% - Min: -9.79% - Market Cap 14102 - Trading time: 00:00:54
07-09-2025 11:11:53.651 INFO Current price: 0.000000069312 - Current percentage: 46.88% - Max: 135.64% - Min: -9.79% - Market Cap 14122 - Trading time: 00:00:55
07-09-2025 11:11:54.164 INFO Current price: 0.000000066884 - Current percentage: 36.58% - Max: 135.64% - Min: -9.79% - Market Cap 13131 - Trading time: 00:00:56
07-09-2025 11:11:54.287 INFO Current price: 0.000000064635 - Current percentage: 37.17% - Max: 135.64% - Min: -9.79% - Market Cap 13188 - Trading time: 00:00:56
07-09-2025 11:11:54.296 INFO Current price: 0.000000064746 - Current percentage: 37.05% - Max: 135.64% - Min: -9.79% - Market Cap 13177 - Trading time: 00:00:56
07-09-2025 11:11:54.673 INFO Current price: 0.000000066042 - Current percentage: 42.71% - Max: 135.64% - Min: -9.79% - Market Cap 13721 - Trading time: 00:00:56
07-09-2025 11:11:55.389 INFO Current price: 0.000000068805 - Current percentage: 48.76% - Max: 135.64% - Min: -9.79% - Market Cap 14303 - Trading time: 00:00:57
07-09-2025 11:11:55.390 INFO Current price: 0.000000071264 - Current percentage: 53.09% - Max: 135.64% - Min: -9.79% - Market Cap 14719 - Trading time: 00:00:57
07-09-2025 11:11:55.390 INFO Current price: 0.000000073290 - Current percentage: 57.34% - Max: 135.64% - Min: -9.79% - Market Cap 15128 - Trading time: 00:00:57
07-09-2025 11:11:55.390 INFO Current price: 0.000000073993 - Current percentage: 56.04% - Max: 135.64% - Min: -9.79% - Market Cap 15003 - Trading time: 00:00:57
07-09-2025 11:11:55.391 INFO Current price: 0.000000075166 - Current percentage: 62.37% - Max: 135.64% - Min: -9.79% - Market Cap 15611 - Trading time: 00:00:57
07-09-2025 11:11:55.446 INFO Current price: 0.000000076826 - Current percentage: 63.01% - Max: 135.64% - Min: -9.79% - Market Cap 15673 - Trading time: 00:00:57
07-09-2025 11:11:55.699 INFO Current price: 0.000000077128 - Current percentage: 63.65% - Max: 135.64% - Min: -9.79% - Market Cap 15734 - Trading time: 00:00:57
07-09-2025 11:11:55.902 INFO Current price: 0.000000077357 - Current percentage: 63.97% - Max: 135.64% - Min: -9.79% - Market Cap 15765 - Trading time: 00:00:57
07-09-2025 11:11:55.902 INFO Current price: 0.000000077480 - Current percentage: 64.17% - Max: 135.64% - Min: -9.79% - Market Cap 15784 - Trading time: 00:00:57
07-09-2025 11:11:55.902 INFO Current price: 0.000000077542 - Current percentage: 64.24% - Max: 135.64% - Min: -9.79% - Market Cap 15791 - Trading time: 00:00:57
07-09-2025 11:11:56.522 INFO Current price: 0.000000077440 - Current percentage: 63.74% - Max: 135.64% - Min: -9.79% - Market Cap 15743 - Trading time: 00:00:58
07-09-2025 11:11:56.544 INFO Current price: 0.000000077204 - Current percentage: 63.24% - Max: 135.64% - Min: -9.79% - Market Cap 15695 - Trading time: 00:00:58
07-09-2025 11:11:56.665 INFO Current price: 0.000000077053 - Current percentage: 63.10% - Max: 135.64% - Min: -9.79% - Market Cap 15681 - Trading time: 00:00:58
07-09-2025 11:11:57.130 INFO Current price: 0.000000077099 - Current percentage: 63.44% - Max: 135.64% - Min: -9.79% - Market Cap 15714 - Trading time: 00:00:59
07-09-2025 11:11:57.236 INFO Current price: 0.000000076627 - Current percentage: 61.11% - Max: 135.64% - Min: -9.79% - Market Cap 15490 - Trading time: 00:00:59
07-09-2025 11:11:57.620 INFO Current price: 0.000000076247 - Current percentage: 61.82% - Max: 135.64% - Min: -9.79% - Market Cap 15558 - Trading time: 00:00:59
07-09-2025 11:11:58.047 INFO Current price: 0.000000076352 - Current percentage: 61.55% - Max: 135.64% - Min: -9.79% - Market Cap 15533 - Trading time: 00:01:00
07-09-2025 11:11:58.354 INFO Current price: 0.000000076327 - Current percentage: 61.71% - Max: 135.64% - Min: -9.79% - Market Cap 15548 - Trading time: 00:01:00
07-09-2025 11:11:58.769 INFO Current price: 0.000000076380 - Current percentage: 61.78% - Max: 135.64% - Min: -9.79% - Market Cap 15554 - Trading time: 00:01:00
07-09-2025 11:11:59.312 INFO Current price: 0.000000076359 - Current percentage: 61.62% - Max: 135.64% - Min: -9.79% - Market Cap 15539 - Trading time: 00:01:01
07-09-2025 11:11:59.573 INFO Current price: 0.000000076355 - Current percentage: 61.76% - Max: 135.64% - Min: -9.79% - Market Cap 15552 - Trading time: 00:01:01
07-09-2025 11:11:59.776 INFO Current price: 0.000000074761 - Current percentage: 54.94% - Max: 135.64% - Min: -9.79% - Market Cap 14897 - Trading time: 00:01:01
07-09-2025 11:12:00.490 INFO Current price: 0.000000073159 - Current percentage: 54.90% - Max: 135.64% - Min: -9.79% - Market Cap 14893 - Trading time: 00:01:02
07-09-2025 11:12:02.962 INFO Current price: 0.000000073105 - Current percentage: 54.72% - Max: 135.64% - Min: -9.79% - Market Cap 14875 - Trading time: 00:01:05
07-09-2025 11:12:03.169 INFO Current price: 0.000000072832 - Current percentage: 53.74% - Max: 135.64% - Min: -9.79% - Market Cap 14782 - Trading time: 00:01:05
07-09-2025 11:12:03.337 INFO Current price: 0.000000071085 - Current percentage: 47.39% - Max: 135.64% - Min: -9.79% - Market Cap 14171 - Trading time: 00:01:05
07-09-2025 11:12:03.985 INFO Current price: 0.000000068535 - Current percentage: 42.91% - Max: 135.64% - Min: -9.79% - Market Cap 13740 - Trading time: 00:01:06
07-09-2025 11:12:04.907 INFO Current price: 0.000000067049 - Current percentage: 41.06% - Max: 135.64% - Min: -9.79% - Market Cap 13562 - Trading time: 00:01:06
07-09-2025 11:12:06.524 INFO Current price: 0.000000066648 - Current percentage: 41.21% - Max: 135.64% - Min: -9.79% - Market Cap 13577 - Trading time: 00:01:08
07-09-2025 11:12:06.748 INFO Current price: 0.000000063992 - Current percentage: 30.04% - Max: 135.64% - Min: -9.79% - Market Cap 12503 - Trading time: 00:01:08
07-09-2025 11:12:07.056 INFO Current price: 0.000000061424 - Current percentage: 30.10% - Max: 135.64% - Min: -9.79% - Market Cap 12509 - Trading time: 00:01:09
07-09-2025 11:12:07.669 INFO Current price: 0.000000060630 - Current percentage: 26.71% - Max: 135.64% - Min: -9.79% - Market Cap 12182 - Trading time: 00:01:09
07-09-2025 11:12:07.669 INFO Current price: 0.000000059102 - Current percentage: 23.63% - Max: 135.64% - Min: -9.79% - Market Cap 11886 - Trading time: 00:01:09
07-09-2025 11:12:07.719 INFO Current price: 0.000000058211 - Current percentage: 22.91% - Max: 135.64% - Min: -9.79% - Market Cap 11818 - Trading time: 00:01:09
07-09-2025 11:12:08.694 INFO Current price: 0.000000058200 - Current percentage: 23.58% - Max: 135.64% - Min: -9.79% - Market Cap 11882 - Trading time: 00:01:10
07-09-2025 11:12:08.694 INFO Current price: 0.000000058529 - Current percentage: 24.31% - Max: 135.64% - Min: -9.79% - Market Cap 11952 - Trading time: 00:01:10
07-09-2025 11:12:08.694 INFO Current price: 0.000000060022 - Current percentage: 29.96% - Max: 135.64% - Min: -9.79% - Market Cap 12495 - Trading time: 00:01:10
07-09-2025 11:12:09.165 INFO Current price: 0.000000061507 - Current percentage: 30.54% - Max: 135.64% - Min: -9.79% - Market Cap 12550 - Trading time: 00:01:11
07-09-2025 11:12:09.206 INFO Current price: 0.000000061663 - Current percentage: 30.62% - Max: 135.64% - Min: -9.79% - Market Cap 12559 - Trading time: 00:01:11
07-09-2025 11:12:09.324 INFO Current price: 0.000000061710 - Current percentage: 30.74% - Max: 135.64% - Min: -9.79% - Market Cap 12570 - Trading time: 00:01:11
07-09-2025 11:12:09.519 INFO Current price: 0.000000061873 - Current percentage: 31.31% - Max: 135.64% - Min: -9.79% - Market Cap 12625 - Trading time: 00:01:11
07-09-2025 11:12:09.530 INFO Current price: 0.000000062022 - Current percentage: 31.37% - Max: 135.64% - Min: -9.79% - Market Cap 12631 - Trading time: 00:01:11
07-09-2025 11:12:09.574 INFO Current price: 0.000000062310 - Current percentage: 32.53% - Max: 135.64% - Min: -9.79% - Market Cap 12742 - Trading time: 00:01:11
07-09-2025 11:12:09.635 INFO Current price: 0.000000062627 - Current percentage: 32.71% - Max: 135.64% - Min: -9.79% - Market Cap 12759 - Trading time: 00:01:11
07-09-2025 11:12:10.312 INFO Current price: 0.000000062695 - Current percentage: 32.82% - Max: 135.64% - Min: -9.79% - Market Cap 12770 - Trading time: 00:01:12
07-09-2025 11:12:10.391 INFO Current price: 0.000000062736 - Current percentage: 32.88% - Max: 135.64% - Min: -9.79% - Market Cap 12776 - Trading time: 00:01:12
07-09-2025 11:12:11.890 INFO Current price: 0.000000061612 - Current percentage: 28.11% - Max: 135.64% - Min: -9.79% - Market Cap 12317 - Trading time: 00:01:13
07-09-2025 11:12:12.992 INFO Current price: 0.000000060434 - Current percentage: 27.84% - Max: 135.64% - Min: -9.79% - Market Cap 12292 - Trading time: 00:01:15
07-09-2025 11:12:15.469 INFO Current price: 0.000000060341 - Current percentage: 27.72% - Max: 135.64% - Min: -9.79% - Market Cap 12279 - Trading time: 00:01:17
07-09-2025 11:12:15.661 INFO Current price: 0.000000060472 - Current percentage: 28.38% - Max: 135.64% - Min: -9.79% - Market Cap 12344 - Trading time: 00:01:17
07-09-2025 11:12:16.367 INFO Current price: 0.000000063311 - Current percentage: 40.00% - Max: 135.64% - Min: -9.79% - Market Cap 13461 - Trading time: 00:01:18
07-09-2025 11:12:16.368 INFO Current price: 0.000000067648 - Current percentage: 46.58% - Max: 135.64% - Min: -9.79% - Market Cap 14093 - Trading time: 00:01:18
07-09-2025 11:12:16.368 INFO Current price: 0.000000070516 - Current percentage: 52.12% - Max: 135.64% - Min: -9.79% - Market Cap 14626 - Trading time: 00:01:18
07-09-2025 11:12:16.368 INFO Current price: 0.000000071800 - Current percentage: 51.96% - Max: 135.64% - Min: -9.79% - Market Cap 14611 - Trading time: 00:01:18
07-09-2025 11:12:16.811 INFO Current price: 0.000000071780 - Current percentage: 52.04% - Max: 135.64% - Min: -9.79% - Market Cap 14618 - Trading time: 00:01:18
07-09-2025 11:12:18.005 INFO Current price: 0.000000071812 - Current percentage: 52.10% - Max: 135.64% - Min: -9.79% - Market Cap 14624 - Trading time: 00:01:20
07-09-2025 11:12:18.005 INFO Current price: 0.000000072122 - Current percentage: 53.35% - Max: 135.64% - Min: -9.79% - Market Cap 14744 - Trading time: 00:01:20
07-09-2025 11:12:18.354 INFO Current price: 0.000000071936 - Current percentage: 51.32% - Max: 135.64% - Min: -9.79% - Market Cap 14549 - Trading time: 00:01:20
07-09-2025 11:12:18.749 INFO Current price: 0.000000070627 - Current percentage: 47.83% - Max: 135.64% - Min: -9.79% - Market Cap 14213 - Trading time: 00:01:20
07-09-2025 11:12:18.749 INFO Current price: 0.000000069072 - Current percentage: 44.73% - Max: 135.64% - Min: -9.79% - Market Cap 13915 - Trading time: 00:01:20
07-09-2025 11:12:19.052 INFO Current price: 0.000000068188 - Current percentage: 44.06% - Max: 135.64% - Min: -9.79% - Market Cap 13851 - Trading time: 00:01:21
07-09-2025 11:12:20.463 INFO Current price: 0.000000068104 - Current percentage: 44.37% - Max: 135.64% - Min: -9.79% - Market Cap 13881 - Trading time: 00:01:22
07-09-2025 11:12:20.964 INFO Current price: 0.000000068219 - Current percentage: 44.55% - Max: 135.64% - Min: -9.79% - Market Cap 13898 - Trading time: 00:01:23
07-09-2025 11:12:20.971 INFO Current price: 0.000000068442 - Current percentage: 45.32% - Max: 135.64% - Min: -9.79% - Market Cap 13971 - Trading time: 00:01:23
07-09-2025 11:12:21.164 INFO Current price: 0.000000069336 - Current percentage: 48.35% - Max: 135.64% - Min: -9.79% - Market Cap 14264 - Trading time: 00:01:23
07-09-2025 11:12:22.052 INFO Current price: 0.000000070071 - Current percentage: 48.42% - Max: 135.64% - Min: -9.79% - Market Cap 14269 - Trading time: 00:01:24
07-09-2025 11:12:22.480 INFO Current price: 0.000000070389 - Current percentage: 49.70% - Max: 135.64% - Min: -9.79% - Market Cap 14393 - Trading time: 00:01:24
07-09-2025 11:12:22.752 INFO Current price: 0.000000070841 - Current percentage: 50.32% - Max: 135.64% - Min: -9.79% - Market Cap 14453 - Trading time: 00:01:24
07-09-2025 11:12:23.019 INFO Current price: 0.000000071204 - Current percentage: 51.25% - Max: 135.64% - Min: -9.79% - Market Cap 14542 - Trading time: 00:01:25
07-09-2025 11:12:23.020 INFO Current price: 0.000000071570 - Current percentage: 51.87% - Max: 135.64% - Min: -9.79% - Market Cap 14602 - Trading time: 00:01:25
07-09-2025 11:12:23.736 INFO Current price: 0.000000071732 - Current percentage: 51.93% - Max: 135.64% - Min: -9.79% - Market Cap 14608 - Trading time: 00:01:25
07-09-2025 11:12:23.940 INFO Current price: 0.000000072330 - Current percentage: 54.41% - Max: 135.64% - Min: -9.79% - Market Cap 14846 - Trading time: 00:01:25
07-09-2025 11:12:23.978 INFO Current price: 0.000000073081 - Current percentage: 55.10% - Max: 135.64% - Min: -9.79% - Market Cap 14912 - Trading time: 00:01:26
07-09-2025 11:12:24.524 INFO Current price: 0.000000073317 - Current percentage: 55.41% - Max: 135.64% - Min: -9.79% - Market Cap 14942 - Trading time: 00:01:26
07-09-2025 11:12:25.168 INFO Current price: 0.000000073464 - Current percentage: 55.73% - Max: 135.64% - Min: -9.79% - Market Cap 14972 - Trading time: 00:01:27
07-09-2025 11:12:25.190 INFO Current price: 0.000000073539 - Current percentage: 55.73% - Max: 135.64% - Min: -9.79% - Market Cap 14973 - Trading time: 00:01:27
07-09-2025 11:12:25.269 INFO Current price: 0.000000073399 - Current percentage: 55.13% - Max: 135.64% - Min: -9.79% - Market Cap 14915 - Trading time: 00:01:27
07-09-2025 11:12:25.679 INFO Current price: 0.000000073855 - Current percentage: 57.67% - Max: 135.64% - Min: -9.79% - Market Cap 15159 - Trading time: 00:01:27
07-09-2025 11:12:26.152 INFO Current price: 0.000000072268 - Current percentage: 48.54% - Max: 135.64% - Min: -9.79% - Market Cap 14281 - Trading time: 00:01:28
07-09-2025 11:12:26.908 INFO Current price: 0.000000070158 - Current percentage: 48.60% - Max: 135.64% - Min: -9.79% - Market Cap 14287 - Trading time: 00:01:28
07-09-2025 11:12:27.153 INFO Current price: 0.000000070312 - Current percentage: 49.19% - Max: 135.64% - Min: -9.79% - Market Cap 14344 - Trading time: 00:01:29
07-09-2025 11:12:27.294 INFO Current price: 0.000000070428 - Current percentage: 49.09% - Max: 135.64% - Min: -9.79% - Market Cap 14334 - Trading time: 00:01:29
07-09-2025 11:12:27.776 INFO Current price: 0.000000070594 - Current percentage: 49.90% - Max: 135.64% - Min: -9.79% - Market Cap 14412 - Trading time: 00:01:29
07-09-2025 11:12:29.364 INFO Current price: 0.000000070807 - Current percentage: 49.99% - Max: 135.64% - Min: -9.79% - Market Cap 14421 - Trading time: 00:01:31
07-09-2025 11:12:29.875 INFO Current price: 0.000000068105 - Current percentage: 38.67% - Max: 135.64% - Min: -9.79% - Market Cap 13333 - Trading time: 00:01:31
07-09-2025 11:12:29.927 INFO Current price: 0.000000065590 - Current percentage: 39.12% - Max: 135.64% - Min: -9.79% - Market Cap 13375 - Trading time: 00:01:31
07-09-2025 11:12:31.798 INFO Current price: 0.000000065729 - Current percentage: 39.26% - Max: 135.64% - Min: -9.79% - Market Cap 13390 - Trading time: 00:01:33
07-09-2025 11:12:31.974 INFO Current price: 0.000000065778 - Current percentage: 39.32% - Max: 135.64% - Min: -9.79% - Market Cap 13395 - Trading time: 00:01:34
07-09-2025 11:12:32.655 INFO Current price: 0.000000065932 - Current percentage: 39.92% - Max: 135.64% - Min: -9.79% - Market Cap 13452 - Trading time: 00:01:34
07-09-2025 11:12:34.071 INFO Current price: 0.000000065933 - Current percentage: 39.33% - Max: 135.64% - Min: -9.79% - Market Cap 13396 - Trading time: 00:01:36
07-09-2025 11:12:34.685 INFO Current price: 0.000000063352 - Current percentage: 29.18% - Max: 135.64% - Min: -9.79% - Market Cap 12420 - Trading time: 00:01:36
07-09-2025 11:12:35.745 INFO Current price: 0.000000060989 - Current percentage: 29.13% - Max: 135.64% - Min: -9.79% - Market Cap 12415 - Trading time: 00:01:37
07-09-2025 11:12:36.331 INFO Current price: 0.000000060900 - Current percentage: 28.80% - Max: 135.64% - Min: -9.79% - Market Cap 12384 - Trading time: 00:01:38
07-09-2025 11:12:36.360 INFO Current price: 0.000000060662 - Current percentage: 28.12% - Max: 135.64% - Min: -9.79% - Market Cap 12318 - Trading time: 00:01:38
07-09-2025 11:12:36.668 INFO Current price: 0.000000063182 - Current percentage: 39.72% - Max: 135.64% - Min: -9.79% - Market Cap 13434 - Trading time: 00:01:38
07-09-2025 11:12:36.717 INFO Current price: 0.000000065969 - Current percentage: 39.67% - Max: 135.64% - Min: -9.79% - Market Cap 13429 - Trading time: 00:01:38
07-09-2025 11:12:36.719 INFO Current price: 0.000000065944 - Current percentage: 39.62% - Max: 135.64% - Min: -9.79% - Market Cap 13424 - Trading time: 00:01:38
07-09-2025 11:12:36.769 INFO Current price: 0.000000064769 - Current percentage: 34.74% - Max: 135.64% - Min: -9.79% - Market Cap 12955 - Trading time: 00:01:38
07-09-2025 11:12:36.769 INFO Current price: 0.000000062242 - Current percentage: 28.93% - Max: 135.64% - Min: -9.79% - Market Cap 12396 - Trading time: 00:01:38
07-09-2025 11:12:37.475 INFO Current price: 0.000000060901 - Current percentage: 29.00% - Max: 135.64% - Min: -9.79% - Market Cap 12402 - Trading time: 00:01:39
07-09-2025 11:12:38.360 INFO Current price: 0.000000061025 - Current percentage: 29.46% - Max: 135.64% - Min: -9.79% - Market Cap 12447 - Trading time: 00:01:40
07-09-2025 11:12:38.405 INFO Current price: 0.000000058638 - Current percentage: 19.10% - Max: 135.64% - Min: -9.79% - Market Cap 11451 - Trading time: 00:01:40
07-09-2025 11:12:38.461 INFO Current price: 0.000000056041 - Current percentage: 18.24% - Max: 135.64% - Min: -9.79% - Market Cap 11369 - Trading time: 00:01:40
07-09-2025 11:12:38.515 INFO Current price: 0.000000055693 - Current percentage: 17.63% - Max: 135.64% - Min: -9.79% - Market Cap 11310 - Trading time: 00:01:40
07-09-2025 11:12:38.599 INFO Current price: 0.000000055562 - Current percentage: 17.69% - Max: 135.64% - Min: -9.79% - Market Cap 11315 - Trading time: 00:01:40
07-09-2025 11:12:38.701 INFO Current price: 0.000000055573 - Current percentage: 17.69% - Max: 135.64% - Min: -9.79% - Market Cap 11315 - Trading time: 00:01:40
07-09-2025 11:12:38.882 INFO Current price: 0.000000056859 - Current percentage: 23.19% - Max: 135.64% - Min: -9.79% - Market Cap 11844 - Trading time: 00:01:40
07-09-2025 11:12:39.000 INFO Current price: 0.000000058122 - Current percentage: 22.97% - Max: 135.64% - Min: -9.79% - Market Cap 11823 - Trading time: 00:01:41
07-09-2025 11:12:39.394 INFO Current price: 0.000000058057 - Current percentage: 22.92% - Max: 135.64% - Min: -9.79% - Market Cap 11818 - Trading time: 00:01:41
07-09-2025 11:12:39.424 INFO Current price: 0.000000057904 - Current percentage: 22.32% - Max: 135.64% - Min: -9.79% - Market Cap 11761 - Trading time: 00:01:41
07-09-2025 11:12:39.762 INFO Current price: 0.000000057485 - Current percentage: 21.14% - Max: 135.64% - Min: -9.79% - Market Cap 11647 - Trading time: 00:01:41
07-09-2025 11:12:41.135 INFO Current price: 0.000000056985 - Current percentage: 20.20% - Max: 135.64% - Min: -9.79% - Market Cap 11557 - Trading time: 00:01:43
07-09-2025 11:12:41.442 INFO Current price: 0.000000056825 - Current percentage: 20.46% - Max: 135.64% - Min: -9.79% - Market Cap 11582 - Trading time: 00:01:43
07-09-2025 11:12:41.619 INFO Current price: 0.000000057536 - Current percentage: 23.23% - Max: 135.64% - Min: -9.79% - Market Cap 11848 - Trading time: 00:01:43
07-09-2025 11:12:42.463 INFO Current price: 0.000000058345 - Current percentage: 23.88% - Max: 135.64% - Min: -9.79% - Market Cap 11910 - Trading time: 00:01:44
07-09-2025 11:12:42.463 INFO Current price: 0.000000058675 - Current percentage: 24.63% - Max: 135.64% - Min: -9.79% - Market Cap 11982 - Trading time: 00:01:44
07-09-2025 11:12:42.730 INFO Current price: 0.000000058892 - Current percentage: 24.80% - Max: 135.64% - Min: -9.79% - Market Cap 11999 - Trading time: 00:01:44
07-09-2025 11:12:42.847 INFO Current price: 0.000000059043 - Current percentage: 25.27% - Max: 135.64% - Min: -9.79% - Market Cap 12044 - Trading time: 00:01:44
07-09-2025 11:12:43.383 INFO Current price: 0.000000059817 - Current percentage: 28.09% - Max: 135.64% - Min: -9.79% - Market Cap 12315 - Trading time: 00:01:45
07-09-2025 11:12:43.674 INFO Current price: 0.000000060621 - Current percentage: 28.66% - Max: 135.64% - Min: -9.79% - Market Cap 12370 - Trading time: 00:01:45
07-09-2025 11:12:43.794 INFO Current price: 0.000000060971 - Current percentage: 29.57% - Max: 135.64% - Min: -9.79% - Market Cap 12458 - Trading time: 00:01:45
07-09-2025 11:12:45.115 INFO Current price: 0.000000057689 - Current percentage: 15.18% - Max: 135.64% - Min: -9.79% - Market Cap 11074 - Trading time: 00:01:47
07-09-2025 11:12:45.175 INFO Current price: 0.000000050840 - Current percentage: 0.63% - Max: 135.64% - Min: -9.79% - Market Cap 9675 - Trading time: 00:01:47
07-09-2025 11:12:46.015 INFO Current price: 0.000000047455 - Current percentage: 0.36% - Max: 135.64% - Min: -9.79% - Market Cap 9649 - Trading time: 00:01:48
07-09-2025 11:12:46.019 INFO Current price: 0.000000047324 - Current percentage: 0.07% - Max: 135.64% - Min: -9.79% - Market Cap 9622 - Trading time: 00:01:48
07-09-2025 11:12:46.019 INFO Current price: 0.000000047143 - Current percentage: -0.41% - Max: 135.64% - Min: -9.79% - Market Cap 9575 - Trading time: 00:01:48
07-09-2025 11:12:46.019 INFO Current price: 0.000000046727 - Current percentage: -1.69% - Max: 135.64% - Min: -9.79% - Market Cap 9453 - Trading time: 00:01:48
07-09-2025 11:12:46.157 INFO Current price: 0.000000046417 - Current percentage: -1.73% - Max: 135.64% - Min: -9.79% - Market Cap 9449 - Trading time: 00:01:48
07-09-2025 11:12:46.158 INFO Current price: 0.000000046293 - Current percentage: -2.21% - Max: 135.64% - Min: -9.79% - Market Cap 9402 - Trading time: 00:01:48
07-09-2025 11:12:46.159 INFO Current price: 0.000000045642 - Current percentage: -4.47% - Max: 135.64% - Min: -9.79% - Market Cap 9185 - Trading time: 00:01:48
07-09-2025 11:12:46.159 INFO Current price: 0.000000044611 - Current percentage: -6.58% - Max: 135.64% - Min: -9.79% - Market Cap 8982 - Trading time: 00:01:48
07-09-2025 11:12:46.159 INFO Current price: 0.000000044140 - Current percentage: -6.48% - Max: 135.64% - Min: -9.79% - Market Cap 8992 - Trading time: 00:01:48
07-09-2025 11:12:46.159 INFO Current price: 0.000000044161 - Current percentage: -6.49% - Max: 135.64% - Min: -9.79% - Market Cap 8991 - Trading time: 00:01:48
07-09-2025 11:12:46.448 INFO Current price: 0.000000044617 - Current percentage: -4.54% - Max: 135.64% - Min: -9.79% - Market Cap 9178 - Trading time: 00:01:48
07-09-2025 11:12:46.604 INFO Current price: 0.000000045077 - Current percentage: -4.55% - Max: 135.64% - Min: -9.79% - Market Cap 9177 - Trading time: 00:01:48
07-09-2025 11:12:46.605 INFO Current price: 0.000000045042 - Current percentage: -4.69% - Max: 135.64% - Min: -9.79% - Market Cap 9164 - Trading time: 00:01:48
07-09-2025 11:12:46.605 INFO Current price: 0.000000044579 - Current percentage: -6.50% - Max: 135.64% - Min: -9.79% - Market Cap 8989 - Trading time: 00:01:48
07-09-2025 11:12:46.609 INFO Current price: 0.000000044158 - Current percentage: -6.48% - Max: 135.64% - Min: -9.79% - Market Cap 8992 - Trading time: 00:01:48
07-09-2025 11:12:46.844 INFO Current price: 0.000000044148 - Current percentage: -6.54% - Max: 135.64% - Min: -9.79% - Market Cap 8985 - Trading time: 00:01:48
07-09-2025 11:12:46.973 INFO Current price: 0.000000043929 - Current percentage: -7.41% - Max: 135.64% - Min: -9.79% - Market Cap 8903 - Trading time: 00:01:49
07-09-2025 11:12:46.974 INFO Current price: 0.000000043644 - Current percentage: -7.75% - Max: 135.64% - Min: -9.79% - Market Cap 8869 - Trading time: 00:01:49
07-09-2025 11:12:46.974 INFO Current price: 0.000000043500 - Current percentage: -8.02% - Max: 135.64% - Min: -9.79% - Market Cap 8844 - Trading time: 00:01:49
07-09-2025 11:12:46.974 INFO Current price: 0.000000043551 - Current percentage: -7.53% - Max: 135.64% - Min: -9.79% - Market Cap 8890 - Trading time: 00:01:49
07-09-2025 11:12:47.336 INFO Current price: 0.000000043590 - Current percentage: -7.85% - Max: 135.64% - Min: -9.79% - Market Cap 8860 - Trading time: 00:01:49
07-09-2025 11:12:47.572 INFO Current price: 0.000000043506 - Current percentage: -7.89% - Max: 135.64% - Min: -9.79% - Market Cap 8856 - Trading time: 00:01:49
07-09-2025 11:12:47.632 INFO Current price: 0.000000043669 - Current percentage: -7.16% - Max: 135.64% - Min: -9.79% - Market Cap 8926 - Trading time: 00:01:49
07-09-2025 11:12:47.712 INFO Current price: 0.000000044983 - Current percentage: -2.26% - Max: 135.64% - Min: -9.79% - Market Cap 9397 - Trading time: 00:01:49
07-09-2025 11:12:48.091 INFO Current price: 0.000000046139 - Current percentage: -2.33% - Max: 135.64% - Min: -9.79% - Market Cap 9391 - Trading time: 00:01:50
07-09-2025 11:12:48.145 INFO Current price: 0.000000046046 - Current percentage: -2.66% - Max: 135.64% - Min: -9.79% - Market Cap 9359 - Trading time: 00:01:50
07-09-2025 11:12:48.201 INFO Current price: 0.000000047721 - Current percentage: 4.91% - Max: 135.64% - Min: -9.79% - Market Cap 10087 - Trading time: 00:01:50
07-09-2025 11:12:48.723 INFO Current price: 0.000000049529 - Current percentage: 4.86% - Max: 135.64% - Min: -9.79% - Market Cap 10082 - Trading time: 00:01:50
07-09-2025 11:12:48.871 INFO Current price: 0.000000049370 - Current percentage: 4.24% - Max: 135.64% - Min: -9.79% - Market Cap 10022 - Trading time: 00:01:50
07-09-2025 11:12:48.871 INFO Current price: 0.000000049152 - Current percentage: 3.93% - Max: 135.64% - Min: -9.79% - Market Cap 9993 - Trading time: 00:01:50
07-09-2025 11:12:48.875 INFO Current price: 0.000000049141 - Current percentage: 4.19% - Max: 135.64% - Min: -9.79% - Market Cap 10017 - Trading time: 00:01:50
07-09-2025 11:12:49.060 INFO Current price: 0.000000048674 - Current percentage: 1.97% - Max: 135.64% - Min: -9.79% - Market Cap 9804 - Trading time: 00:01:51
07-09-2025 11:12:49.536 INFO Current price: 0.000000048169 - Current percentage: 2.04% - Max: 135.64% - Min: -9.79% - Market Cap 9811 - Trading time: 00:01:51
07-09-2025 11:12:49.833 INFO Current price: 0.000000045064 - Current percentage: -10.76% - Max: 135.64% - Min: -10.76% - Market Cap 8580 - Trading time: 00:01:51
07-09-2025 11:12:50.844 INFO Current price: 0.000000042143 - Current percentage: -10.76% - Max: 135.64% - Min: -10.76% - Market Cap 8580 - Trading time: 00:01:52
07-09-2025 11:12:51.248 INFO Current price: 0.000000042066 - Current percentage: -11.08% - Max: 135.64% - Min: -11.08% - Market Cap 8549 - Trading time: 00:01:53
07-09-2025 11:12:51.403 INFO Current price: 0.000000042012 - Current percentage: -10.99% - Max: 135.64% - Min: -11.08% - Market Cap 8558 - Trading time: 00:01:53
07-09-2025 11:12:52.498 INFO Current price: 0.000000042006 - Current percentage: -11.11% - Max: 135.64% - Min: -11.11% - Market Cap 8547 - Trading time: 00:01:54
07-09-2025 11:12:52.599 INFO Current price: 0.000000041964 - Current percentage: -11.17% - Max: 135.64% - Min: -11.17% - Market Cap 8541 - Trading time: 00:01:54
07-09-2025 11:12:52.663 INFO Current price: 0.000000041898 - Current percentage: -11.39% - Max: 135.64% - Min: -11.39% - Market Cap 8520 - Trading time: 00:01:54
07-09-2025 11:12:53.460 INFO Current price: 0.000000041831 - Current percentage: -11.45% - Max: 135.64% - Min: -11.45% - Market Cap 8514 - Trading time: 00:01:55
07-09-2025 11:12:53.848 INFO Current price: 0.000000041729 - Current percentage: -11.82% - Max: 135.64% - Min: -11.82% - Market Cap 8478 - Trading time: 00:01:55
07-09-2025 11:12:53.854 INFO Current price: 0.000000040116 - Current percentage: -18.16% - Max: 135.64% - Min: -18.16% - Market Cap 7868 - Trading time: 00:01:55
07-09-2025 11:12:53.857 INFO Current price: 0.000000038753 - Current percentage: -17.71% - Max: 135.64% - Min: -18.16% - Market Cap 7912 - Trading time: 00:01:55
07-09-2025 11:12:54.240 INFO Current price: 0.000000038630 - Current percentage: -18.68% - Max: 135.64% - Min: -18.68% - Market Cap 7819 - Trading time: 00:01:56
07-09-2025 11:12:54.248 INFO Current price: 0.000000038384 - Current percentage: -18.75% - Max: 135.64% - Min: -18.75% - Market Cap 7811 - Trading time: 00:01:56
07-09-2025 11:12:54.248 INFO Current price: 0.000000038374 - Current percentage: -18.72% - Max: 135.64% - Min: -18.75% - Market Cap 7815 - Trading time: 00:01:56
07-09-2025 11:12:54.300 INFO Current price: 0.000000038357 - Current percentage: -18.83% - Max: 135.64% - Min: -18.83% - Market Cap 7804 - Trading time: 00:01:56
07-09-2025 11:12:54.300 INFO Current price: 0.000000038322 - Current percentage: -18.87% - Max: 135.64% - Min: -18.87% - Market Cap 7800 - Trading time: 00:01:56
07-09-2025 11:12:54.851 INFO Current price: 0.000000038282 - Current percentage: -19.00% - Max: 135.64% - Min: -19.00% - Market Cap 7788 - Trading time: 00:01:56
07-09-2025 11:12:54.905 INFO Current price: 0.000000038145 - Current percentage: -19.45% - Max: 135.64% - Min: -19.45% - Market Cap 7745 - Trading time: 00:01:56
07-09-2025 11:12:55.037 INFO Current price: 0.000000037949 - Current percentage: -19.83% - Max: 135.64% - Min: -19.83% - Market Cap 7708 - Trading time: 00:01:57
07-09-2025 11:12:55.042 INFO Current price: 0.000000037731 - Current percentage: -20.37% - Max: 135.64% - Min: -20.37% - Market Cap 7656 - Trading time: 00:01:57
07-09-2025 11:12:55.458 INFO Current price: 0.000000037555 - Current percentage: -20.57% - Max: 135.64% - Min: -20.57% - Market Cap 7637 - Trading time: 00:01:57
07-09-2025 11:12:55.459 INFO Current price: 0.000000037490 - Current percentage: -20.65% - Max: 135.64% - Min: -20.65% - Market Cap 7629 - Trading time: 00:01:57
07-09-2025 11:12:55.459 INFO Current price: 0.000000037464 - Current percentage: -20.68% - Max: 135.64% - Min: -20.68% - Market Cap 7626 - Trading time: 00:01:57
07-09-2025 11:12:55.488 INFO Current price: 0.000000037429 - Current percentage: -20.80% - Max: 135.64% - Min: -20.80% - Market Cap 7615 - Trading time: 00:01:57
07-09-2025 11:12:55.837 INFO Current price: 0.000000037373 - Current percentage: -20.92% - Max: 135.64% - Min: -20.92% - Market Cap 7603 - Trading time: 00:01:57
07-09-2025 11:12:56.287 INFO Current price: 0.000000037339 - Current percentage: -20.94% - Max: 135.64% - Min: -20.94% - Market Cap 7601 - Trading time: 00:01:58
07-09-2025 11:12:56.320 INFO Current price: 0.000000037314 - Current percentage: -21.03% - Max: 135.64% - Min: -21.03% - Market Cap 7593 - Trading time: 00:01:58
07-09-2025 11:12:56.929 INFO Current price: 0.000000037249 - Current percentage: -21.22% - Max: 135.64% - Min: -21.22% - Market Cap 7575 - Trading time: 00:01:58
07-09-2025 11:12:57.659 INFO Current price: 0.000000037215 - Current percentage: -21.17% - Max: 135.64% - Min: -21.22% - Market Cap 7579 - Trading time: 00:01:59
07-09-2025 11:12:57.771 INFO Current price: 0.000000037011 - Current percentage: -22.08% - Max: 135.64% - Min: -22.08% - Market Cap 7492 - Trading time: 00:01:59
07-09-2025 11:12:58.263 INFO Current price: 0.000000036770 - Current percentage: -22.19% - Max: 135.64% - Min: -22.19% - Market Cap 7481 - Trading time: 00:02:00
07-09-2025 11:12:58.598 INFO Current price: 0.000000036736 - Current percentage: -22.22% - Max: 135.64% - Min: -22.22% - Market Cap 7478 - Trading time: 00:02:00
07-09-2025 11:12:59.016 INFO Current price: 0.000000036715 - Current percentage: -22.28% - Max: 135.64% - Min: -22.28% - Market Cap 7472 - Trading time: 00:02:01
07-09-2025 11:13:02.388 INFO Current price: 0.000000035656 - Current percentage: -26.64% - Max: 135.64% - Min: -26.64% - Market Cap 7053 - Trading time: 00:02:04
07-09-2025 11:13:02.615 INFO Current price: 0.000000034624 - Current percentage: -26.72% - Max: 135.64% - Min: -26.72% - Market Cap 7046 - Trading time: 00:02:04
07-09-2025 11:13:02.657 INFO Current price: 0.000000034555 - Current percentage: -26.93% - Max: 135.64% - Min: -26.93% - Market Cap 7025 - Trading time: 00:02:04
07-09-2025 11:13:04.158 INFO Current price: 0.000000034449 - Current percentage: -27.17% - Max: 135.64% - Min: -27.17% - Market Cap 7002 - Trading time: 00:02:06
07-09-2025 11:13:05.249 INFO Current price: 0.000000034342 - Current percentage: -27.38% - Max: 135.64% - Min: -27.38% - Market Cap 6982 - Trading time: 00:02:07
07-09-2025 11:13:05.254 INFO Current price: 0.000000034226 - Current percentage: -27.66% - Max: 135.64% - Min: -27.66% - Market Cap 6955 - Trading time: 00:02:07
07-09-2025 11:13:06.205 INFO Current price: 0.000000034152 - Current percentage: -27.69% - Max: 135.64% - Min: -27.69% - Market Cap 6952 - Trading time: 00:02:08
07-09-2025 11:13:06.205 INFO Current price: 0.000000034059 - Current percentage: -28.06% - Max: 135.64% - Min: -28.06% - Market Cap 6917 - Trading time: 00:02:08
07-09-2025 11:13:06.853 INFO Current price: 0.000000033926 - Current percentage: -28.26% - Max: 135.64% - Min: -28.26% - Market Cap 6897 - Trading time: 00:02:08
07-09-2025 11:13:07.901 INFO Current price: 0.000000033718 - Current percentage: -28.93% - Max: 135.64% - Min: -28.93% - Market Cap 6833 - Trading time: 00:02:09
07-09-2025 11:13:08.386 INFO Current price: 0.000000033551 - Current percentage: -28.97% - Max: 135.64% - Min: -28.97% - Market Cap 6829 - Trading time: 00:02:10
07-09-2025 11:13:08.393 INFO Current price: 0.000000033427 - Current percentage: -29.46% - Max: 135.64% - Min: -29.46% - Market Cap 6782 - Trading time: 00:02:10
07-09-2025 11:13:08.659 INFO Current price: 0.000000033278 - Current percentage: -29.60% - Max: 135.64% - Min: -29.60% - Market Cap 6769 - Trading time: 00:02:10
07-09-2025 11:13:08.688 INFO Current price: 0.000000033543 - Current percentage: -28.33% - Max: 135.64% - Min: -29.60% - Market Cap 6891 - Trading time: 00:02:10
07-09-2025 11:13:08.750 INFO Current price: 0.000000033679 - Current percentage: -29.03% - Max: 135.64% - Min: -29.60% - Market Cap 6824 - Trading time: 00:02:10
07-09-2025 11:13:09.089 INFO Current price: 0.000000033483 - Current percentage: -29.16% - Max: 135.64% - Min: -29.60% - Market Cap 6811 - Trading time: 00:02:11
07-09-2025 11:13:09.093 INFO Current price: 0.000000033444 - Current percentage: -29.19% - Max: 135.64% - Min: -29.60% - Market Cap 6808 - Trading time: 00:02:11
07-09-2025 11:13:09.450 INFO Current price: 0.000000033426 - Current percentage: -29.24% - Max: 135.64% - Min: -29.60% - Market Cap 6803 - Trading time: 00:02:11
07-09-2025 11:13:10.501 INFO Current price: 0.000000033514 - Current percentage: -28.82% - Max: 135.64% - Min: -29.60% - Market Cap 6844 - Trading time: 00:02:12
07-09-2025 11:13:12.535 INFO Current price: 0.000000034626 - Current percentage: -24.47% - Max: 135.64% - Min: -29.60% - Market Cap 7262 - Trading time: 00:02:14
07-09-2025 11:13:13.380 INFO Current price: 0.000000035560 - Current percentage: -24.93% - Max: 135.64% - Min: -29.60% - Market Cap 7218 - Trading time: 00:02:15
07-09-2025 11:13:13.915 INFO Current price: 0.000000035503 - Current percentage: -24.71% - Max: 135.64% - Min: -29.60% - Market Cap 7239 - Trading time: 00:02:15
07-09-2025 11:13:15.040 INFO Current price: 0.000000037631 - Current percentage: -15.66% - Max: 135.64% - Min: -29.60% - Market Cap 8109 - Trading time: 00:02:17
07-09-2025 11:13:15.926 INFO Current price: 0.000000039882 - Current percentage: -15.43% - Max: 135.64% - Min: -29.60% - Market Cap 8131 - Trading time: 00:02:17
07-09-2025 11:13:16.253 INFO Current price: 0.000000039947 - Current percentage: -15.38% - Max: 135.64% - Min: -29.60% - Market Cap 8135 - Trading time: 00:02:18
07-09-2025 11:13:16.658 INFO Current price: 0.000000040067 - Current percentage: -14.92% - Max: 135.64% - Min: -29.60% - Market Cap 8180 - Trading time: 00:02:18
07-09-2025 11:13:16.794 INFO Current price: 0.000000040182 - Current percentage: -14.90% - Max: 135.64% - Min: -29.60% - Market Cap 8182 - Trading time: 00:02:18
07-09-2025 11:13:17.564 INFO Current price: 0.000000040121 - Current percentage: -15.18% - Max: 135.64% - Min: -29.60% - Market Cap 8155 - Trading time: 00:02:19
07-09-2025 11:13:17.564 INFO Current price: 0.000000038366 - Current percentage: -22.18% - Max: 135.64% - Min: -29.60% - Market Cap 7482 - Trading time: 00:02:19
07-09-2025 11:13:18.996 INFO Current price: 0.000000036769 - Current percentage: -22.09% - Max: 135.64% - Min: -29.60% - Market Cap 7490 - Trading time: 00:02:21
07-09-2025 11:13:22.166 INFO Current price: 0.000000036800 - Current percentage: -22.05% - Max: 135.64% - Min: -29.60% - Market Cap 7494 - Trading time: 00:02:24
07-09-2025 11:13:23.294 INFO Current price: 0.000000036915 - Current percentage: -21.60% - Max: 135.64% - Min: -29.60% - Market Cap 7538 - Trading time: 00:02:25
07-09-2025 11:13:23.602 INFO Current price: 0.000000037054 - Current percentage: -21.47% - Max: 135.64% - Min: -29.60% - Market Cap 7551 - Trading time: 00:02:25
07-09-2025 11:13:24.920 INFO Current price: 0.000000036769 - Current percentage: -22.80% - Max: 135.64% - Min: -29.60% - Market Cap 7422 - Trading time: 00:02:26
07-09-2025 11:13:25.749 INFO Current price: 0.000000036559 - Current percentage: -22.36% - Max: 135.64% - Min: -29.60% - Market Cap 7465 - Trading time: 00:02:27
07-09-2025 11:13:27.491 INFO Current price: 0.000000037718 - Current percentage: -17.83% - Max: 135.64% - Min: -29.60% - Market Cap 7900 - Trading time: 00:02:29
07-09-2025 11:13:27.579 INFO Current price: 0.000000038783 - Current percentage: -17.92% - Max: 135.64% - Min: -29.60% - Market Cap 7892 - Trading time: 00:02:29
07-09-2025 11:13:29.970 INFO Current price: 0.000000038795 - Current percentage: -17.78% - Max: 135.64% - Min: -29.60% - Market Cap 7905 - Trading time: 00:02:32
07-09-2025 11:13:31.704 INFO Current price: 0.000000038920 - Current percentage: -17.39% - Max: 135.64% - Min: -29.60% - Market Cap 7943 - Trading time: 00:02:33
07-09-2025 11:13:33.986 INFO Current price: 0.000000039187 - Current percentage: -16.65% - Max: 135.64% - Min: -29.60% - Market Cap 8014 - Trading time: 00:02:36
07-09-2025 11:13:34.200 INFO Current price: 0.000000039395 - Current percentage: -16.51% - Max: 135.64% - Min: -29.60% - Market Cap 8028 - Trading time: 00:02:36
07-09-2025 11:13:35.173 INFO Current price: 0.000000039538 - Current percentage: -16.04% - Max: 135.64% - Min: -29.60% - Market Cap 8072 - Trading time: 00:02:37
07-09-2025 11:13:37.831 INFO Current price: 0.000000039583 - Current percentage: -16.31% - Max: 135.64% - Min: -29.60% - Market Cap 8046 - Trading time: 00:02:39
07-09-2025 11:13:40.902 INFO Current price: 0.000000037686 - Current percentage: -23.90% - Max: 135.64% - Min: -29.60% - Market Cap 7317 - Trading time: 00:02:42
07-09-2025 11:13:44.581 INFO Current price: 0.000000035547 - Current percentage: -25.54% - Max: 135.64% - Min: -29.60% - Market Cap 7159 - Trading time: 00:02:46
07-09-2025 11:13:46.040 INFO Current price: 0.000000035113 - Current percentage: -25.74% - Max: 135.64% - Min: -29.60% - Market Cap 7140 - Trading time: 00:02:48
07-09-2025 11:13:46.413 INFO Current price: 0.000000035043 - Current percentage: -25.84% - Max: 135.64% - Min: -29.60% - Market Cap 7130 - Trading time: 00:02:48
07-09-2025 11:13:46.419 INFO Current price: 0.000000035006 - Current percentage: -25.90% - Max: 135.64% - Min: -29.60% - Market Cap 7124 - Trading time: 00:02:48
07-09-2025 11:13:47.269 INFO Current price: 0.000000034986 - Current percentage: -25.92% - Max: 135.64% - Min: -29.60% - Market Cap 7122 - Trading time: 00:02:49
07-09-2025 11:13:47.698 INFO Current price: 0.000000034992 - Current percentage: -25.88% - Max: 135.64% - Min: -29.60% - Market Cap 7126 - Trading time: 00:02:49
07-09-2025 11:13:55.442 INFO Current price: 0.000000034989 - Current percentage: -25.93% - Max: 135.64% - Min: -29.60% - Market Cap 7121 - Trading time: 00:02:57
07-09-2025 11:13:56.477 INFO Current price: 0.000000034931 - Current percentage: -26.12% - Max: 135.64% - Min: -29.60% - Market Cap 7103 - Trading time: 00:02:58
07-09-2025 11:13:59.490 INFO Current price: 0.000000034821 - Current percentage: -26.40% - Max: 135.64% - Min: -29.60% - Market Cap 7076 - Trading time: 00:03:01
07-09-2025 11:14:03.614 INFO Current price: 0.000000034611 - Current percentage: -27.01% - Max: 135.64% - Min: -29.60% - Market Cap 7017 - Trading time: 00:03:05
07-09-2025 11:14:06.305 INFO Current price: 0.000000033180 - Current percentage: -32.36% - Max: 135.64% - Min: -32.36% - Market Cap 6503 - Trading time: 00:03:08
07-09-2025 11:14:08.422 INFO Current price: 0.000000031916 - Current percentage: -32.47% - Max: 135.64% - Min: -32.47% - Market Cap 6493 - Trading time: 00:03:10
07-09-2025 11:14:11.644 INFO Current price: 0.000000031778 - Current percentage: -32.94% - Max: 135.64% - Min: -32.94% - Market Cap 6447 - Trading time: 00:03:13
07-09-2025 11:14:13.539 INFO Current price: 0.000000031588 - Current percentage: -33.27% - Max: 135.64% - Min: -33.27% - Market Cap 6415 - Trading time: 00:03:15
07-09-2025 11:14:13.858 INFO Current price: 0.000000031467 - Current percentage: -33.46% - Max: 135.64% - Min: -33.46% - Market Cap 6398 - Trading time: 00:03:15
07-09-2025 11:14:14.173 INFO Current price: 0.000000032389 - Current percentage: -29.30% - Max: 135.64% - Min: -33.46% - Market Cap 6797 - Trading time: 00:03:16
07-09-2025 11:14:14.196 INFO Current price: 0.000000034401 - Current percentage: -24.94% - Max: 135.64% - Min: -33.46% - Market Cap 7217 - Trading time: 00:03:16
07-09-2025 11:14:17.837 INFO Current price: 0.000000035414 - Current percentage: -25.08% - Max: 135.64% - Min: -33.46% - Market Cap 7204 - Trading time: 00:03:19
07-09-2025 11:14:20.395 INFO Current price: 0.000000035446 - Current percentage: -24.80% - Max: 135.64% - Min: -33.46% - Market Cap 7230 - Trading time: 00:03:22
07-09-2025 11:14:20.805 INFO Current price: 0.000000035431 - Current percentage: -25.14% - Max: 135.64% - Min: -33.46% - Market Cap 7197 - Trading time: 00:03:22
07-09-2025 11:14:29.988 INFO Current price: 0.000000034267 - Current percentage: -29.66% - Max: 135.64% - Min: -33.46% - Market Cap 6763 - Trading time: 00:03:32
07-09-2025 11:14:30.012 INFO Current price: 0.000000032266 - Current percentage: -33.63% - Max: 135.64% - Min: -33.63% - Market Cap 6381 - Trading time: 00:03:32
07-09-2025 11:14:56.640 INFO Current price: 0.000000031319 - Current percentage: -33.73% - Max: 135.64% - Min: -33.73% - Market Cap 6372 - Trading time: 00:03:58
07-09-2025 11:15:04.194 INFO Current price: 0.000000031242 - Current percentage: -33.96% - Max: 135.64% - Min: -33.96% - Market Cap 6350 - Trading time: 00:04:06
07-09-2025 11:15:21.442 INFO Current price: 0.000000031065 - Current percentage: -34.48% - Max: 135.64% - Min: -34.48% - Market Cap 6300 - Trading time: 00:04:23
07-09-2025 11:15:28.754 INFO Current price: 0.000000030934 - Current percentage: -34.51% - Max: 135.64% - Min: -34.51% - Market Cap 6297 - Trading time: 00:04:30
07-09-2025 11:16:22.231 INFO Current price: 0.000000030911 - Current percentage: -34.58% - Max: 135.64% - Min: -34.58% - Market Cap 6290 - Trading time: 00:05:24
07-09-2025 11:16:30.241 INFO Current price: 0.000000030052 - Current percentage: -38.10% - Max: 135.64% - Min: -38.10% - Market Cap 5952 - Trading time: 00:05:32
07-09-2025 11:16:57.883 INFO Current price: 0.000000029242 - Current percentage: -38.12% - Max: 135.64% - Min: -38.12% - Market Cap 5949 - Trading time: 00:05:59
07-09-2025 11:17:07.915 INFO Current price: 0.000000029204 - Current percentage: -38.19% - Max: 135.64% - Min: -38.19% - Market Cap 5943 - Trading time: 00:06:09
07-09-2025 11:17:50.929 INFO Current price: 0.000000029185 - Current percentage: -38.20% - Max: 135.64% - Min: -38.20% - Market Cap 5942 - Trading time: 00:06:52
07-09-2025 11:18:52.807 INFO Current price: 0.000000029161 - Current percentage: -38.30% - Max: 135.64% - Min: -38.30% - Market Cap 5933 - Trading time: 00:07:54
07-09-2025 11:18:59.363 INFO Current price: 0.000000029135 - Current percentage: -38.31% - Max: 135.64% - Min: -38.31% - Market Cap 5931 - Trading time: 00:08:01
07-09-2025 11:19:27.295 INFO Current price: 0.000000028983 - Current percentage: -38.88% - Max: 135.64% - Min: -38.88% - Market Cap 5876 - Trading time: 00:08:29
07-09-2025 11:20:41.106 INFO Current price: 0.000000028825 - Current percentage: -38.92% - Max: 135.64% - Min: -38.92% - Market Cap 5873 - Trading time: 00:09:43
07-09-2025 11:22:29.905 INFO Current price: 0.000000028804 - Current percentage: -38.97% - Max: 135.64% - Min: -38.97% - Market Cap 5868 - Trading time: 00:11:31
07-09-2025 11:23:19.184 INFO Current price: 0.000000028773 - Current percentage: -39.05% - Max: 135.64% - Min: -39.05% - Market Cap 5860 - Trading time: 00:12:21
07-09-2025 11:23:21.871 INFO Current price: 0.000000028491 - Current percentage: -40.16% - Max: 135.64% - Min: -40.16% - Market Cap 5753 - Trading time: 00:12:23
