07-09-2025 04:32:43.521 INFO Entry price: 0.000000059754856649 - Entry market cap: 11534 - Buys 120 - Sells 115 - Ratio: 1:0.96 - Min MarketCap: 8103 - Max MarketCap: 17234
07-09-2025 04:32:43.521 INFO Current price: 0.000000059755 - Current percentage: 0.00% - Max: 0.00% - Min: 0.00% - Market Cap 11534 - Trading time: 00:00:02
07-09-2025 04:32:43.646 INFO Current price: 0.000000053856 - Current percentage: -6.33% - Max: 0.00% - Min: -6.33% - Market Cap 10804 - Trading time: 00:00:02
07-09-2025 04:32:43.850 INFO Current price: 0.000000054057 - Current percentage: -4.10% - Max: 0.00% - Min: -6.33% - Market Cap 11060 - Trading time: 00:00:02
07-09-2025 04:32:44.034 INFO Current price: 0.000000054758 - Current percentage: -3.88% - Max: 0.00% - Min: -6.33% - Market Cap 11086 - Trading time: 00:00:02
07-09-2025 04:32:44.224 INFO Current price: 0.000000054717 - Current percentage: -4.25% - Max: 0.00% - Min: -6.33% - Market Cap 11044 - Trading time: 00:00:02
07-09-2025 04:32:44.259 INFO Current price: 0.000000055915 - Current percentage: 0.37% - Max: 0.37% - Min: -6.33% - Market Cap 11577 - Trading time: 00:00:02
07-09-2025 04:32:44.459 INFO Current price: 0.000000057236 - Current percentage: 0.33% - Max: 0.37% - Min: -6.33% - Market Cap 11572 - Trading time: 00:00:02
07-09-2025 04:32:45.632 INFO Current price: 0.000000057877 - Current percentage: 2.63% - Max: 2.63% - Min: -6.33% - Market Cap 11837 - Trading time: 00:00:04
07-09-2025 04:32:46.477 INFO Current price: 0.000000057874 - Current percentage: 0.33% - Max: 2.63% - Min: -6.33% - Market Cap 11571 - Trading time: 00:00:04
07-09-2025 04:32:47.147 INFO Current price: 0.000000057351 - Current percentage: 0.78% - Max: 2.63% - Min: -6.33% - Market Cap 11624 - Trading time: 00:00:05
07-09-2025 04:32:47.474 INFO Current price: 0.000000057514 - Current percentage: 0.90% - Max: 2.63% - Min: -6.33% - Market Cap 11637 - Trading time: 00:00:05
07-09-2025 04:32:48.905 INFO Current price: 0.000000056203 - Current percentage: -3.76% - Max: 2.63% - Min: -6.33% - Market Cap 11100 - Trading time: 00:00:07
07-09-2025 04:32:50.204 INFO Current price: 0.000000055018 - Current percentage: -3.31% - Max: 2.63% - Min: -6.33% - Market Cap 11152 - Trading time: 00:00:08
07-09-2025 04:32:50.500 INFO Current price: 0.000000054931 - Current percentage: -4.06% - Max: 2.63% - Min: -6.33% - Market Cap 11065 - Trading time: 00:00:08
07-09-2025 04:32:50.540 INFO Current price: 0.000000055673 - Current percentage: -0.68% - Max: 2.63% - Min: -6.33% - Market Cap 11455 - Trading time: 00:00:09
07-09-2025 04:32:50.643 INFO Current price: 0.000000056542 - Current percentage: -1.04% - Max: 2.63% - Min: -6.33% - Market Cap 11413 - Trading time: 00:00:09
07-09-2025 04:32:50.701 INFO Current price: 0.000000056350 - Current percentage: -1.36% - Max: 2.63% - Min: -6.33% - Market Cap 11377 - Trading time: 00:00:09
07-09-2025 04:32:51.297 INFO Current price: 0.000000056389 - Current percentage: -0.90% - Max: 2.63% - Min: -6.33% - Market Cap 11429 - Trading time: 00:00:09
07-09-2025 04:32:51.524 INFO Current price: 0.000000056649 - Current percentage: -0.45% - Max: 2.63% - Min: -6.33% - Market Cap 11482 - Trading time: 00:00:10
07-09-2025 04:32:53.101 INFO Current price: 0.000000056850 - Current percentage: -0.20% - Max: 2.63% - Min: -6.33% - Market Cap 11511 - Trading time: 00:00:11
07-09-2025 04:32:55.998 INFO Current price: 0.000000057572 - Current percentage: 2.09% - Max: 2.63% - Min: -6.33% - Market Cap 11775 - Trading time: 00:00:14
07-09-2025 04:32:56.730 INFO Current price: 0.000000055899 - Current percentage: -5.91% - Max: 2.63% - Min: -6.33% - Market Cap 10851 - Trading time: 00:00:15
07-09-2025 04:32:56.731 INFO Current price: 0.000000051761 - Current percentage: -12.46% - Max: 2.63% - Min: -12.46% - Market Cap 10096 - Trading time: 00:00:15
07-09-2025 04:32:57.220 INFO Current price: 0.000000049882 - Current percentage: -12.62% - Max: 2.63% - Min: -12.62% - Market Cap 10078 - Trading time: 00:00:15
07-09-2025 04:32:57.400 INFO Current price: 0.000000049794 - Current percentage: -12.77% - Max: 2.63% - Min: -12.77% - Market Cap 10060 - Trading time: 00:00:15
07-09-2025 04:32:57.807 INFO Current price: 0.000000049401 - Current percentage: -13.99% - Max: 2.63% - Min: -13.99% - Market Cap 9920 - Trading time: 00:00:16
07-09-2025 04:32:57.908 INFO Current price: 0.000000049979 - Current percentage: -10.72% - Max: 2.63% - Min: -13.99% - Market Cap 10298 - Trading time: 00:00:16
07-09-2025 04:32:58.626 INFO Current price: 0.000000051230 - Current percentage: -9.64% - Max: 2.63% - Min: -13.99% - Market Cap 10422 - Trading time: 00:00:17
07-09-2025 04:32:58.793 INFO Current price: 0.000000051456 - Current percentage: -9.93% - Max: 2.63% - Min: -13.99% - Market Cap 10388 - Trading time: 00:00:17
07-09-2025 04:32:58.834 INFO Current price: 0.000000051351 - Current percentage: -10.00% - Max: 2.63% - Min: -13.99% - Market Cap 10380 - Trading time: 00:00:17
07-09-2025 04:32:59.650 INFO Current price: 0.000000054476 - Current percentage: -3.69% - Max: 2.63% - Min: -13.99% - Market Cap 11108 - Trading time: 00:00:18
07-09-2025 04:32:59.650 INFO Current price: 0.000000054819 - Current percentage: -4.07% - Max: 2.63% - Min: -13.99% - Market Cap 11064 - Trading time: 00:00:18
07-09-2025 04:33:01.013 INFO Current price: 0.000000053376 - Current percentage: -8.70% - Max: 2.63% - Min: -13.99% - Market Cap 10530 - Trading time: 00:00:19
07-09-2025 04:33:02.515 INFO Current price: 0.000000052135 - Current percentage: -8.48% - Max: 2.63% - Min: -13.99% - Market Cap 10555 - Trading time: 00:00:20
07-09-2025 04:33:03.131 INFO Current price: 0.000000052071 - Current percentage: -8.92% - Max: 2.63% - Min: -13.99% - Market Cap 10504 - Trading time: 00:00:21
07-09-2025 04:33:03.948 INFO Current price: 0.000000051391 - Current percentage: -10.86% - Max: 2.63% - Min: -13.99% - Market Cap 10281 - Trading time: 00:00:22
07-09-2025 04:33:04.866 INFO Current price: 0.000000050855 - Current percentage: -10.83% - Max: 2.63% - Min: -13.99% - Market Cap 10284 - Trading time: 00:00:23
07-09-2025 04:33:04.958 INFO Current price: 0.000000052698 - Current percentage: -4.25% - Max: 2.63% - Min: -13.99% - Market Cap 11043 - Trading time: 00:00:23
07-09-2025 04:33:05.282 INFO Current price: 0.000000054850 - Current percentage: -3.41% - Max: 2.63% - Min: -13.99% - Market Cap 11141 - Trading time: 00:00:23
07-09-2025 04:33:05.306 INFO Current price: 0.000000055738 - Current percentage: -1.13% - Max: 2.63% - Min: -13.99% - Market Cap 11404 - Trading time: 00:00:23
07-09-2025 04:33:05.417 INFO Current price: 0.000000056405 - Current percentage: -1.08% - Max: 2.63% - Min: -13.99% - Market Cap 11409 - Trading time: 00:00:23
07-09-2025 04:33:05.482 INFO Current price: 0.000000057202 - Current percentage: 1.69% - Max: 2.63% - Min: -13.99% - Market Cap 11728 - Trading time: 00:00:23
07-09-2025 04:33:05.549 INFO Current price: 0.000000058139 - Current percentage: 2.18% - Max: 2.63% - Min: -13.99% - Market Cap 11786 - Trading time: 00:00:24
07-09-2025 04:33:05.663 INFO Current price: 0.000000058676 - Current percentage: 3.57% - Max: 3.57% - Min: -13.99% - Market Cap 11946 - Trading time: 00:00:24
07-09-2025 04:33:07.073 INFO Current price: 0.000000059086 - Current percentage: 3.62% - Max: 3.62% - Min: -13.99% - Market Cap 11951 - Trading time: 00:00:25
07-09-2025 04:33:07.869 INFO Current price: 0.000000059314 - Current percentage: 4.37% - Max: 4.37% - Min: -13.99% - Market Cap 12038 - Trading time: 00:00:26
07-09-2025 04:33:08.899 INFO Current price: 0.000000059596 - Current percentage: 4.61% - Max: 4.61% - Min: -13.99% - Market Cap 12065 - Trading time: 00:00:27
07-09-2025 04:33:09.883 INFO Current price: 0.000000059799 - Current percentage: 5.09% - Max: 5.09% - Min: -13.99% - Market Cap 12120 - Trading time: 00:00:28
07-09-2025 04:33:10.256 INFO Current price: 0.000000060237 - Current percentage: 6.15% - Max: 6.15% - Min: -13.99% - Market Cap 12243 - Trading time: 00:00:28
07-09-2025 04:33:11.333 INFO Current price: 0.000000060876 - Current percentage: 7.33% - Max: 7.33% - Min: -13.99% - Market Cap 12379 - Trading time: 00:00:29
07-09-2025 04:33:11.504 INFO Current price: 0.000000061214 - Current percentage: 7.33% - Max: 7.33% - Min: -13.99% - Market Cap 12379 - Trading time: 00:00:29
07-09-2025 04:33:13.773 INFO Current price: 0.000000060121 - Current percentage: 3.53% - Max: 7.33% - Min: -13.99% - Market Cap 11941 - Trading time: 00:00:32
07-09-2025 04:33:13.773 INFO Current price: 0.000000058780 - Current percentage: 2.59% - Max: 7.33% - Min: -13.99% - Market Cap 11832 - Trading time: 00:00:32
07-09-2025 04:33:17.185 INFO Current price: 0.000000058415 - Current percentage: 2.25% - Max: 7.33% - Min: -13.99% - Market Cap 11793 - Trading time: 00:00:35
07-09-2025 04:33:17.764 INFO Current price: 0.000000060951 - Current percentage: 11.69% - Max: 11.69% - Min: -13.99% - Market Cap 12882 - Trading time: 00:00:36
07-09-2025 04:33:18.582 INFO Current price: 0.000000063680 - Current percentage: 11.61% - Max: 11.69% - Min: -13.99% - Market Cap 12873 - Trading time: 00:00:37
07-09-2025 04:33:19.607 INFO Current price: 0.000000063746 - Current percentage: 11.92% - Max: 11.92% - Min: -13.99% - Market Cap 12909 - Trading time: 00:00:38
07-09-2025 04:33:21.381 INFO Current price: 0.000000063834 - Current percentage: 11.92% - Max: 11.92% - Min: -13.99% - Market Cap 12909 - Trading time: 00:00:39
07-09-2025 04:33:21.550 INFO Current price: 0.000000064179 - Current percentage: 13.13% - Max: 13.13% - Min: -13.99% - Market Cap 13048 - Trading time: 00:00:40
07-09-2025 04:33:24.110 INFO Current price: 0.000000063709 - Current percentage: 10.29% - Max: 13.13% - Min: -13.99% - Market Cap 12720 - Trading time: 00:00:42
07-09-2025 04:33:25.747 INFO Current price: 0.000000062745 - Current percentage: 9.73% - Max: 13.13% - Min: -13.99% - Market Cap 12656 - Trading time: 00:00:44
07-09-2025 04:33:26.361 INFO Current price: 0.000000062228 - Current percentage: 8.48% - Max: 13.13% - Min: -13.99% - Market Cap 12512 - Trading time: 00:00:44
07-09-2025 04:33:33.047 INFO Current price: 0.000000063311 - Current percentage: 13.44% - Max: 13.44% - Min: -13.99% - Market Cap 13083 - Trading time: 00:00:51
07-09-2025 04:33:36.292 INFO Current price: 0.000000064535 - Current percentage: 12.86% - Max: 13.44% - Min: -13.99% - Market Cap 13017 - Trading time: 00:00:54
07-09-2025 04:33:36.928 INFO Current price: 0.000000062394 - Current percentage: 6.03% - Max: 13.44% - Min: -13.99% - Market Cap 12230 - Trading time: 00:00:55
07-09-2025 04:33:38.720 INFO Current price: 0.000000060611 - Current percentage: 6.51% - Max: 13.44% - Min: -13.99% - Market Cap 12284 - Trading time: 00:00:57
07-09-2025 04:33:41.005 INFO Current price: 0.000000060772 - Current percentage: 6.60% - Max: 13.44% - Min: -13.99% - Market Cap 12295 - Trading time: 00:00:59
07-09-2025 04:33:41.223 INFO Current price: 0.000000060824 - Current percentage: 6.69% - Max: 13.44% - Min: -13.99% - Market Cap 12305 - Trading time: 00:00:59
07-09-2025 04:33:43.192 INFO Current price: 0.000000060814 - Current percentage: 6.56% - Max: 13.44% - Min: -13.99% - Market Cap 12291 - Trading time: 00:01:01
07-09-2025 04:33:44.216 INFO Current price: 0.000000060364 - Current percentage: 5.12% - Max: 13.44% - Min: -13.99% - Market Cap 12124 - Trading time: 00:01:02
07-09-2025 04:33:49.401 INFO Current price: 0.000000060352 - Current percentage: 6.52% - Max: 13.44% - Min: -13.99% - Market Cap 12286 - Trading time: 00:01:07
07-09-2025 04:33:50.100 INFO Current price: 0.000000061185 - Current percentage: 8.04% - Max: 13.44% - Min: -13.99% - Market Cap 12460 - Trading time: 00:01:08
07-09-2025 04:33:51.023 INFO Current price: 0.000000061821 - Current percentage: 8.75% - Max: 13.44% - Min: -13.99% - Market Cap 12543 - Trading time: 00:01:09
07-09-2025 04:33:51.620 INFO Current price: 0.000000062045 - Current percentage: 8.82% - Max: 13.44% - Min: -13.99% - Market Cap 12551 - Trading time: 00:01:10
07-09-2025 04:33:57.198 INFO Current price: 0.000000061650 - Current percentage: 7.37% - Max: 13.44% - Min: -13.99% - Market Cap 12383 - Trading time: 00:01:15
07-09-2025 04:33:58.110 INFO Current price: 0.000000061182 - Current percentage: 7.18% - Max: 13.44% - Min: -13.99% - Market Cap 12361 - Trading time: 00:01:16
07-09-2025 04:34:00.366 INFO Current price: 0.000000058870 - Current percentage: -0.59% - Max: 13.44% - Min: -13.99% - Market Cap 11465 - Trading time: 00:01:18
07-09-2025 04:34:00.948 INFO Current price: 0.000000056678 - Current percentage: -0.66% - Max: 13.44% - Min: -13.99% - Market Cap 11458 - Trading time: 00:01:19
07-09-2025 04:34:04.458 INFO Current price: 0.000000056207 - Current percentage: -2.46% - Max: 13.44% - Min: -13.99% - Market Cap 11249 - Trading time: 00:01:22
07-09-2025 04:34:04.993 INFO Current price: 0.000000054105 - Current percentage: -7.73% - Max: 13.44% - Min: -13.99% - Market Cap 10641 - Trading time: 00:01:23
07-09-2025 04:34:05.108 INFO Current price: 0.000000051935 - Current percentage: -10.13% - Max: 13.44% - Min: -13.99% - Market Cap 10365 - Trading time: 00:01:23
07-09-2025 04:34:06.270 INFO Current price: 0.000000050304 - Current percentage: -13.44% - Max: 13.44% - Min: -13.99% - Market Cap 9983 - Trading time: 00:01:24
07-09-2025 04:34:06.680 INFO Current price: 0.000000047483 - Current percentage: -19.93% - Max: 13.44% - Min: -19.93% - Market Cap 9235 - Trading time: 00:01:25
07-09-2025 04:34:07.704 INFO Current price: 0.000000044843 - Current percentage: -22.80% - Max: 13.44% - Min: -22.80% - Market Cap 8904 - Trading time: 00:01:26
07-09-2025 04:34:08.392 INFO Current price: 0.000000043879 - Current percentage: -23.33% - Max: 13.44% - Min: -23.33% - Market Cap 8842 - Trading time: 00:01:26
07-09-2025 04:34:08.416 INFO Current price: 0.000000043665 - Current percentage: -23.55% - Max: 13.44% - Min: -23.55% - Market Cap 8818 - Trading time: 00:01:26
07-09-2025 04:34:08.470 INFO Current price: 0.000000043534 - Current percentage: -23.79% - Max: 13.44% - Min: -23.79% - Market Cap 8789 - Trading time: 00:01:26
07-09-2025 04:34:08.560 INFO Current price: 0.000000043385 - Current percentage: -24.07% - Max: 13.44% - Min: -24.07% - Market Cap 8757 - Trading time: 00:01:27
07-09-2025 04:34:09.647 INFO Current price: 0.000000043162 - Current percentage: -24.58% - Max: 13.44% - Min: -24.58% - Market Cap 8699 - Trading time: 00:01:28
07-09-2025 04:34:10.374 INFO Current price: 0.000000042778 - Current percentage: -25.42% - Max: 13.44% - Min: -25.42% - Market Cap 8602 - Trading time: 00:01:28
07-09-2025 04:34:10.477 INFO Current price: 0.000000044225 - Current percentage: -19.39% - Max: 13.44% - Min: -25.42% - Market Cap 9298 - Trading time: 00:01:28
07-09-2025 04:34:10.536 INFO Current price: 0.000000045970 - Current percentage: -19.41% - Max: 13.44% - Min: -25.42% - Market Cap 9295 - Trading time: 00:01:29
07-09-2025 04:34:10.637 INFO Current price: 0.000000046250 - Current percentage: -18.40% - Max: 13.44% - Min: -25.42% - Market Cap 9411 - Trading time: 00:01:29
07-09-2025 04:34:10.640 INFO Current price: 0.000000046870 - Current percentage: -17.24% - Max: 13.44% - Min: -25.42% - Market Cap 9545 - Trading time: 00:01:29
07-09-2025 04:34:10.907 INFO Current price: 0.000000047530 - Current percentage: -16.08% - Max: 13.44% - Min: -25.42% - Market Cap 9679 - Trading time: 00:01:29
07-09-2025 04:34:11.166 INFO Current price: 0.000000048184 - Current percentage: -14.95% - Max: 13.44% - Min: -25.42% - Market Cap 9809 - Trading time: 00:01:29
07-09-2025 04:34:11.957 INFO Current price: 0.000000048521 - Current percentage: -14.91% - Max: 13.44% - Min: -25.42% - Market Cap 9814 - Trading time: 00:01:30
07-09-2025 04:34:12.017 INFO Current price: 0.000000048388 - Current percentage: -15.41% - Max: 13.44% - Min: -25.42% - Market Cap 9756 - Trading time: 00:01:30
07-09-2025 04:34:15.038 INFO Current price: 0.000000048255 - Current percentage: -15.37% - Max: 13.44% - Min: -25.42% - Market Cap 9761 - Trading time: 00:01:33
07-09-2025 04:34:15.478 INFO Current price: 0.000000048866 - Current percentage: -13.26% - Max: 13.44% - Min: -25.42% - Market Cap 10004 - Trading time: 00:01:33
07-09-2025 04:34:16.453 INFO Current price: 0.000000050078 - Current percentage: -11.12% - Max: 13.44% - Min: -25.42% - Market Cap 10251 - Trading time: 00:01:34
07-09-2025 04:34:18.978 INFO Current price: 0.000000051489 - Current percentage: -8.30% - Max: 13.44% - Min: -25.42% - Market Cap 10576 - Trading time: 00:01:37
07-09-2025 04:34:20.621 INFO Current price: 0.000000052311 - Current percentage: -8.26% - Max: 13.44% - Min: -25.42% - Market Cap 10581 - Trading time: 00:01:39
07-09-2025 04:34:22.233 INFO Current price: 0.000000053584 - Current percentage: -3.79% - Max: 13.44% - Min: -25.42% - Market Cap 11097 - Trading time: 00:01:40
07-09-2025 04:34:25.075 INFO Current price: 0.000000054875 - Current percentage: -3.78% - Max: 13.44% - Min: -25.42% - Market Cap 11097 - Trading time: 00:01:43
07-09-2025 04:34:25.148 INFO Current price: 0.000000054945 - Current percentage: -3.54% - Max: 13.44% - Min: -25.42% - Market Cap 11125 - Trading time: 00:01:43
07-09-2025 04:34:26.669 INFO Current price: 0.000000055027 - Current percentage: -3.50% - Max: 13.44% - Min: -25.42% - Market Cap 11130 - Trading time: 00:01:45
07-09-2025 04:34:28.365 INFO Current price: 0.000000054996 - Current percentage: -3.65% - Max: 13.44% - Min: -25.42% - Market Cap 11112 - Trading time: 00:01:46
07-09-2025 04:34:28.885 INFO Current price: 0.000000055272 - Current percentage: -2.53% - Max: 13.44% - Min: -25.42% - Market Cap 11242 - Trading time: 00:01:47
07-09-2025 04:34:29.498 INFO Current price: 0.000000055577 - Current percentage: -2.58% - Max: 13.44% - Min: -25.42% - Market Cap 11236 - Trading time: 00:01:47
07-09-2025 04:34:32.926 INFO Current price: 0.000000055568 - Current percentage: -2.56% - Max: 13.44% - Min: -25.42% - Market Cap 11238 - Trading time: 00:01:51
07-09-2025 04:34:36.536 INFO Current price: 0.000000055587 - Current percentage: -2.52% - Max: 13.44% - Min: -25.42% - Market Cap 11243 - Trading time: 00:01:55
07-09-2025 04:34:36.611 INFO Current price: 0.000000055222 - Current percentage: -3.84% - Max: 13.44% - Min: -25.42% - Market Cap 11091 - Trading time: 00:01:55
07-09-2025 04:34:41.155 INFO Current price: 0.000000054838 - Current percentage: -3.87% - Max: 13.44% - Min: -25.42% - Market Cap 11088 - Trading time: 00:01:59
07-09-2025 04:34:42.271 INFO Current price: 0.000000054138 - Current percentage: -6.27% - Max: 13.44% - Min: -25.42% - Market Cap 10810 - Trading time: 00:02:00
07-09-2025 04:34:42.384 INFO Current price: 0.000000053056 - Current percentage: -7.67% - Max: 13.44% - Min: -25.42% - Market Cap 10649 - Trading time: 00:02:00
07-09-2025 04:34:42.454 INFO Current price: 0.000000052488 - Current percentage: -8.27% - Max: 13.44% - Min: -25.42% - Market Cap 10580 - Trading time: 00:02:00
07-09-2025 04:34:43.622 INFO Current price: 0.000000051733 - Current percentage: -10.31% - Max: 13.44% - Min: -25.42% - Market Cap 10345 - Trading time: 00:02:02
07-09-2025 04:34:43.734 INFO Current price: 0.000000051144 - Current percentage: -10.35% - Max: 13.44% - Min: -25.42% - Market Cap 10340 - Trading time: 00:02:02
07-09-2025 04:34:56.311 INFO Current price: 0.000000050962 - Current percentage: -10.95% - Max: 13.44% - Min: -25.42% - Market Cap 10271 - Trading time: 00:02:14
07-09-2025 04:34:57.412 INFO Current price: 0.000000049864 - Current percentage: -14.17% - Max: 13.44% - Min: -25.42% - Market Cap 9899 - Trading time: 00:02:15
07-09-2025 04:34:59.450 INFO Current price: 0.000000048972 - Current percentage: -14.10% - Max: 13.44% - Min: -25.42% - Market Cap 9907 - Trading time: 00:02:17
07-09-2025 04:35:11.241 INFO Current price: 0.000000048601 - Current percentage: -15.47% - Max: 13.44% - Min: -25.42% - Market Cap 9750 - Trading time: 00:02:29
07-09-2025 04:35:13.305 INFO Current price: 0.000000047116 - Current percentage: -19.27% - Max: 13.44% - Min: -25.42% - Market Cap 9311 - Trading time: 00:02:31
07-09-2025 04:35:14.525 INFO Current price: 0.000000046053 - Current percentage: -19.24% - Max: 13.44% - Min: -25.42% - Market Cap 9315 - Trading time: 00:02:33
07-09-2025 04:35:16.060 INFO Current price: 0.000000046009 - Current percentage: -19.42% - Max: 13.44% - Min: -25.42% - Market Cap 9293 - Trading time: 00:02:34
07-09-2025 04:35:16.060 INFO Current price: 0.000000046132 - Current percentage: -18.81% - Max: 13.44% - Min: -25.42% - Market Cap 9364 - Trading time: 00:02:34
07-09-2025 04:35:18.003 INFO Current price: 0.000000046421 - Current percentage: -18.41% - Max: 13.44% - Min: -25.42% - Market Cap 9410 - Trading time: 00:02:36
07-09-2025 04:35:19.200 INFO Current price: 0.000000047123 - Current percentage: -16.33% - Max: 13.44% - Min: -25.42% - Market Cap 9650 - Trading time: 00:02:37
07-09-2025 04:35:20.159 INFO Current price: 0.000000045706 - Current percentage: -19.45% - Max: 13.44% - Min: -25.42% - Market Cap 9290 - Trading time: 00:02:38
07-09-2025 04:35:23.030 INFO Current price: 0.000000045998 - Current percentage: -19.25% - Max: 13.44% - Min: -25.42% - Market Cap 9314 - Trading time: 00:02:41
07-09-2025 04:35:23.536 INFO Current price: 0.000000047086 - Current percentage: -15.60% - Max: 13.44% - Min: -25.42% - Market Cap 9735 - Trading time: 00:02:42
07-09-2025 04:35:25.167 INFO Current price: 0.000000048437 - Current percentage: -14.55% - Max: 13.44% - Min: -25.42% - Market Cap 9856 - Trading time: 00:02:43
07-09-2025 04:35:27.787 INFO Current price: 0.000000048727 - Current percentage: -14.59% - Max: 13.44% - Min: -25.42% - Market Cap 9851 - Trading time: 00:02:46
07-09-2025 04:35:28.573 INFO Current price: 0.000000049046 - Current percentage: -13.42% - Max: 13.44% - Min: -25.42% - Market Cap 9985 - Trading time: 00:02:47
07-09-2025 04:35:32.920 INFO Current price: 0.000000049500 - Current percentage: -13.00% - Max: 13.44% - Min: -25.42% - Market Cap 10034 - Trading time: 00:02:51
07-09-2025 04:35:33.456 INFO Current price: 0.000000049359 - Current percentage: -13.91% - Max: 13.44% - Min: -25.42% - Market Cap 9929 - Trading time: 00:02:51
07-09-2025 04:35:33.525 INFO Current price: 0.000000049220 - Current percentage: -13.49% - Max: 13.44% - Min: -25.42% - Market Cap 9978 - Trading time: 00:02:52
07-09-2025 04:35:37.275 INFO Current price: 0.000000049645 - Current percentage: -12.42% - Max: 13.44% - Min: -25.42% - Market Cap 10101 - Trading time: 00:02:55
07-09-2025 04:35:37.652 INFO Current price: 0.000000050257 - Current percentage: -11.34% - Max: 13.44% - Min: -25.42% - Market Cap 10226 - Trading time: 00:02:56
07-09-2025 04:35:38.266 INFO Current price: 0.000000050604 - Current percentage: -11.21% - Max: 13.44% - Min: -25.42% - Market Cap 10240 - Trading time: 00:02:56
07-09-2025 04:35:39.166 INFO Current price: 0.000000051438 - Current percentage: -8.39% - Max: 13.44% - Min: -25.42% - Market Cap 10565 - Trading time: 00:02:57
07-09-2025 04:35:40.210 INFO Current price: 0.000000052257 - Current percentage: -8.36% - Max: 13.44% - Min: -25.42% - Market Cap 10569 - Trading time: 00:02:58
07-09-2025 04:35:40.623 INFO Current price: 0.000000052336 - Current percentage: -8.12% - Max: 13.44% - Min: -25.42% - Market Cap 10597 - Trading time: 00:02:59
07-09-2025 04:35:44.719 INFO Current price: 0.000000052545 - Current percentage: -7.63% - Max: 13.44% - Min: -25.42% - Market Cap 10654 - Trading time: 00:03:03
07-09-2025 04:35:45.072 INFO Current price: 0.000000052686 - Current percentage: -7.62% - Max: 13.44% - Min: -25.42% - Market Cap 10654 - Trading time: 00:03:03
07-09-2025 04:35:45.841 INFO Current price: 0.000000052687 - Current percentage: -7.62% - Max: 13.44% - Min: -25.42% - Market Cap 10654 - Trading time: 00:03:04
07-09-2025 04:35:54.435 INFO Current price: 0.000000052964 - Current percentage: -7.10% - Max: 13.44% - Min: -25.42% - Market Cap 10715 - Trading time: 00:03:12
07-09-2025 04:35:54.846 INFO Current price: 0.000000052988 - Current percentage: -7.10% - Max: 13.44% - Min: -25.42% - Market Cap 10715 - Trading time: 00:03:13
07-09-2025 04:36:01.615 INFO Current price: 0.000000053292 - Current percentage: -6.02% - Max: 13.44% - Min: -25.42% - Market Cap 10839 - Trading time: 00:03:20
07-09-2025 04:36:01.631 INFO Current price: 0.000000053923 - Current percentage: -4.88% - Max: 13.44% - Min: -25.42% - Market Cap 10970 - Trading time: 00:03:20
07-09-2025 04:36:04.775 INFO Current price: 0.000000054026 - Current percentage: -5.66% - Max: 13.44% - Min: -25.42% - Market Cap 10880 - Trading time: 00:03:23
07-09-2025 04:36:10.809 INFO Current price: 0.000000052959 - Current percentage: -8.60% - Max: 13.44% - Min: -25.42% - Market Cap 10541 - Trading time: 00:03:29
07-09-2025 04:36:10.809 INFO Current price: 0.000000051320 - Current percentage: -11.41% - Max: 13.44% - Min: -25.42% - Market Cap 10217 - Trading time: 00:03:29
07-09-2025 04:36:10.817 INFO Current price: 0.000000050204 - Current percentage: -12.54% - Max: 13.44% - Min: -25.42% - Market Cap 10088 - Trading time: 00:03:29
07-09-2025 04:36:13.144 INFO Current price: 0.000000047907 - Current percentage: -19.33% - Max: 13.44% - Min: -25.42% - Market Cap 9304 - Trading time: 00:03:31
07-09-2025 04:36:15.004 INFO Current price: 0.000000045854 - Current percentage: -19.87% - Max: 13.44% - Min: -25.42% - Market Cap 9242 - Trading time: 00:03:33
07-09-2025 04:36:16.678 INFO Current price: 0.000000045588 - Current percentage: -20.27% - Max: 13.44% - Min: -25.42% - Market Cap 9196 - Trading time: 00:03:35
07-09-2025 04:36:17.065 INFO Current price: 0.000000045466 - Current percentage: -20.30% - Max: 13.44% - Min: -25.42% - Market Cap 9193 - Trading time: 00:03:35
07-09-2025 04:36:27.082 INFO Current price: 0.000000045576 - Current percentage: -19.89% - Max: 13.44% - Min: -25.42% - Market Cap 9240 - Trading time: 00:03:45
07-09-2025 04:36:28.157 INFO Current price: 0.000000045699 - Current percentage: -19.86% - Max: 13.44% - Min: -25.42% - Market Cap 9242 - Trading time: 00:03:46
07-09-2025 04:36:30.049 INFO Current price: 0.000000045763 - Current percentage: -19.66% - Max: 13.44% - Min: -25.42% - Market Cap 9266 - Trading time: 00:03:48
07-09-2025 04:36:35.370 INFO Current price: 0.000000045816 - Current percentage: -19.68% - Max: 13.44% - Min: -25.42% - Market Cap 9264 - Trading time: 00:03:53
07-09-2025 04:36:39.264 INFO Current price: 0.000000046107 - Current percentage: -18.54% - Max: 13.44% - Min: -25.42% - Market Cap 9395 - Trading time: 00:03:57
07-09-2025 04:36:43.687 INFO Current price: 0.000000046464 - Current percentage: -18.53% - Max: 13.44% - Min: -25.42% - Market Cap 9397 - Trading time: 00:04:02
07-09-2025 04:36:47.341 INFO Current price: 0.000000046414 - Current percentage: -18.72% - Max: 13.44% - Min: -25.42% - Market Cap 9375 - Trading time: 00:04:05
07-09-2025 04:36:47.373 INFO Current price: 0.000000046355 - Current percentage: -18.73% - Max: 13.44% - Min: -25.42% - Market Cap 9373 - Trading time: 00:04:05
07-09-2025 04:36:47.932 INFO Current price: 0.000000046351 - Current percentage: -18.73% - Max: 13.44% - Min: -25.42% - Market Cap 9373 - Trading time: 00:04:06
07-09-2025 04:36:50.002 INFO Current price: 0.000000046047 - Current percentage: -19.79% - Max: 13.44% - Min: -25.42% - Market Cap 9251 - Trading time: 00:04:08
07-09-2025 04:36:51.445 INFO Current price: 0.000000044771 - Current percentage: -23.18% - Max: 13.44% - Min: -25.42% - Market Cap 8861 - Trading time: 00:04:09
07-09-2025 04:36:51.961 INFO Current price: 0.000000044082 - Current percentage: -22.24% - Max: 13.44% - Min: -25.42% - Market Cap 8968 - Trading time: 00:04:10
07-09-2025 04:36:52.671 INFO Current price: 0.000000043560 - Current percentage: -24.98% - Max: 13.44% - Min: -25.42% - Market Cap 8652 - Trading time: 00:04:11
07-09-2025 04:36:52.846 INFO Current price: 0.000000042505 - Current percentage: -25.96% - Max: 13.44% - Min: -25.96% - Market Cap 8539 - Trading time: 00:04:11
07-09-2025 04:36:53.521 INFO Current price: 0.000000042143 - Current percentage: -26.26% - Max: 13.44% - Min: -26.26% - Market Cap 8505 - Trading time: 00:04:12
07-09-2025 04:36:54.765 INFO Current price: 0.000000041421 - Current percentage: -28.48% - Max: 13.44% - Min: -28.48% - Market Cap 8249 - Trading time: 00:04:13
07-09-2025 04:36:55.230 INFO Current price: 0.000000040319 - Current percentage: -30.13% - Max: 13.44% - Min: -30.13% - Market Cap 8059 - Trading time: 00:04:13
07-09-2025 04:36:55.291 INFO Current price: 0.000000039569 - Current percentage: -31.11% - Max: 13.44% - Min: -31.11% - Market Cap 7945 - Trading time: 00:04:13
07-09-2025 04:36:56.549 INFO Current price: 0.000000037620 - Current percentage: -36.84% - Max: 13.44% - Min: -36.84% - Market Cap 7284 - Trading time: 00:04:15
07-09-2025 04:36:56.558 INFO Current price: 0.000000034748 - Current percentage: -41.23% - Max: 13.44% - Min: -41.23% - Market Cap 6778 - Trading time: 00:04:15
07-09-2025 04:36:56.731 INFO Current price: 0.000000033523 - Current percentage: -41.23% - Max: 13.44% - Min: -41.23% - Market Cap 6778 - Trading time: 00:04:15
07-09-2025 04:36:57.001 INFO Current price: 0.000000033483 - Current percentage: -41.36% - Max: 13.44% - Min: -41.36% - Market Cap 6763 - Trading time: 00:04:15
07-09-2025 04:36:59.399 INFO Current price: 0.000000034242 - Current percentage: -38.53% - Max: 13.44% - Min: -41.36% - Market Cap 7090 - Trading time: 00:04:17
07-09-2025 04:36:59.621 INFO Current price: 0.000000035257 - Current percentage: -37.83% - Max: 13.44% - Min: -41.36% - Market Cap 7170 - Trading time: 00:04:18
07-09-2025 04:37:00.542 INFO Current price: 0.000000035222 - Current percentage: -38.65% - Max: 13.44% - Min: -41.36% - Market Cap 7075 - Trading time: 00:04:19
07-09-2025 04:37:00.544 INFO Current price: 0.000000034999 - Current percentage: -38.62% - Max: 13.44% - Min: -41.36% - Market Cap 7080 - Trading time: 00:04:19
07-09-2025 04:37:01.726 INFO Current price: 0.000000034981 - Current percentage: -38.72% - Max: 13.44% - Min: -41.36% - Market Cap 7068 - Trading time: 00:04:20
07-09-2025 04:37:04.403 INFO Current price: 0.000000034765 - Current percentage: -39.37% - Max: 13.44% - Min: -41.36% - Market Cap 6993 - Trading time: 00:04:22
07-09-2025 04:37:08.970 INFO Current price: 0.000000034610 - Current percentage: -39.26% - Max: 13.44% - Min: -41.36% - Market Cap 7005 - Trading time: 00:04:27
07-09-2025 04:37:10.574 INFO Current price: 0.000000034602 - Current percentage: -39.40% - Max: 13.44% - Min: -41.36% - Market Cap 6990 - Trading time: 00:04:29
07-09-2025 04:37:14.735 INFO Current price: 0.000000034552 - Current percentage: -39.44% - Max: 13.44% - Min: -41.36% - Market Cap 6985 - Trading time: 00:04:33
07-09-2025 04:37:15.466 INFO Current price: 0.000000034622 - Current percentage: -39.15% - Max: 13.44% - Min: -41.36% - Market Cap 7018 - Trading time: 00:04:33
07-09-2025 04:37:20.292 INFO Current price: 0.000000034477 - Current percentage: -39.95% - Max: 13.44% - Min: -41.36% - Market Cap 6926 - Trading time: 00:04:38
07-09-2025 04:37:21.531 INFO Current price: 0.000000034248 - Current percentage: -39.96% - Max: 13.44% - Min: -41.36% - Market Cap 6925 - Trading time: 00:04:40
07-09-2025 04:37:23.495 INFO Current price: 0.000000034199 - Current percentage: -40.12% - Max: 13.44% - Min: -41.36% - Market Cap 6906 - Trading time: 00:04:41
07-09-2025 04:37:23.495 INFO Current price: 0.000000034124 - Current percentage: -40.22% - Max: 13.44% - Min: -41.36% - Market Cap 6895 - Trading time: 00:04:41
07-09-2025 04:37:25.827 INFO Current price: 0.000000034069 - Current percentage: -40.31% - Max: 13.44% - Min: -41.36% - Market Cap 6884 - Trading time: 00:04:44
07-09-2025 04:37:28.477 INFO Current price: 0.000000033873 - Current percentage: -40.91% - Max: 13.44% - Min: -41.36% - Market Cap 6815 - Trading time: 00:04:46
07-09-2025 04:37:28.688 INFO Current price: 0.000000032983 - Current percentage: -43.40% - Max: 13.44% - Min: -43.40% - Market Cap 6527 - Trading time: 00:04:47
07-09-2025 04:37:28.753 INFO Current price: 0.000000032105 - Current percentage: -44.01% - Max: 13.44% - Min: -44.01% - Market Cap 6457 - Trading time: 00:04:47
07-09-2025 04:37:29.093 INFO Current price: 0.000000031927 - Current percentage: -44.03% - Max: 13.44% - Min: -44.03% - Market Cap 6455 - Trading time: 00:04:47
07-09-2025 04:37:30.104 INFO Current price: 0.000000031212 - Current percentage: -46.49% - Max: 13.44% - Min: -46.49% - Market Cap 6171 - Trading time: 00:04:48
07-09-2025 04:37:33.605 INFO Current price: 0.000000030393 - Current percentage: -46.93% - Max: 13.44% - Min: -46.93% - Market Cap 6121 - Trading time: 00:04:52
07-09-2025 04:37:34.676 INFO Current price: 0.000000030261 - Current percentage: -46.96% - Max: 13.44% - Min: -46.96% - Market Cap 6118 - Trading time: 00:04:53
07-09-2025 04:37:36.721 INFO Current price: 0.000000030257 - Current percentage: -46.95% - Max: 13.44% - Min: -46.96% - Market Cap 6119 - Trading time: 00:04:55
07-09-2025 04:37:36.781 INFO Current price: 0.000000030223 - Current percentage: -47.07% - Max: 13.44% - Min: -47.07% - Market Cap 6104 - Trading time: 00:04:55
07-09-2025 04:37:41.069 INFO Current price: 0.000000030134 - Current percentage: -47.17% - Max: 13.44% - Min: -47.17% - Market Cap 6093 - Trading time: 00:04:59
07-09-2025 04:37:52.325 INFO Current price: 0.000000030134 - Current percentage: -47.16% - Max: 13.44% - Min: -47.17% - Market Cap 6094 - Trading time: 00:05:10
07-09-2025 04:37:55.904 INFO Current price: 0.000000030134 - Current percentage: -47.17% - Max: 13.44% - Min: -47.17% - Market Cap 6093 - Trading time: 00:05:14
07-09-2025 04:38:01.865 INFO Current price: 0.000000030134 - Current percentage: -47.16% - Max: 13.44% - Min: -47.17% - Market Cap 6094 - Trading time: 00:05:20
07-09-2025 04:38:02.314 INFO Current price: 0.000000030128 - Current percentage: -47.19% - Max: 13.44% - Min: -47.19% - Market Cap 6091 - Trading time: 00:05:20
07-09-2025 04:38:05.421 INFO Current price: 0.000000030117 - Current percentage: -47.20% - Max: 13.44% - Min: -47.20% - Market Cap 6090 - Trading time: 00:05:23
07-09-2025 04:38:12.486 INFO Current price: 0.000000030213 - Current percentage: -47.02% - Max: 13.44% - Min: -47.20% - Market Cap 6110 - Trading time: 00:05:30
07-09-2025 04:38:17.600 INFO Current price: 0.000000031153 - Current percentage: -43.68% - Max: 13.44% - Min: -47.20% - Market Cap 6495 - Trading time: 00:05:36
07-09-2025 04:38:17.600 INFO Current price: 0.000000033126 - Current percentage: -40.10% - Max: 13.44% - Min: -47.20% - Market Cap 6909 - Trading time: 00:05:36
07-09-2025 04:38:17.600 INFO Current price: 0.000000035181 - Current percentage: -36.48% - Max: 13.44% - Min: -47.20% - Market Cap 7326 - Trading time: 00:05:36
07-09-2025 04:38:17.804 INFO Current price: 0.000000036458 - Current percentage: -35.67% - Max: 13.44% - Min: -47.20% - Market Cap 7419 - Trading time: 00:05:36
07-09-2025 04:38:17.906 INFO Current price: 0.000000036458 - Current percentage: -36.48% - Max: 13.44% - Min: -47.20% - Market Cap 7326 - Trading time: 00:05:36
07-09-2025 04:38:17.906 INFO Current price: 0.000000036402 - Current percentage: -35.87% - Max: 13.44% - Min: -47.20% - Market Cap 7396 - Trading time: 00:05:36
07-09-2025 04:38:17.988 INFO Current price: 0.000000036586 - Current percentage: -35.83% - Max: 13.44% - Min: -47.20% - Market Cap 7401 - Trading time: 00:05:36
07-09-2025 04:38:25.273 INFO Current price: 0.000000037660 - Current percentage: -32.09% - Max: 13.44% - Min: -47.20% - Market Cap 7833 - Trading time: 00:05:43
07-09-2025 04:38:25.481 INFO Current price: 0.000000038733 - Current percentage: -32.09% - Max: 13.44% - Min: -47.20% - Market Cap 7833 - Trading time: 00:05:43
07-09-2025 04:38:26.011 INFO Current price: 0.000000038843 - Current percentage: -31.70% - Max: 13.44% - Min: -47.20% - Market Cap 7877 - Trading time: 00:05:44
07-09-2025 04:38:30.244 INFO Current price: 0.000000039496 - Current percentage: -29.78% - Max: 13.44% - Min: -47.20% - Market Cap 8098 - Trading time: 00:05:48
07-09-2025 04:38:30.337 INFO Current price: 0.000000040058 - Current percentage: -29.75% - Max: 13.44% - Min: -47.20% - Market Cap 8103 - Trading time: 00:05:48
07-09-2025 04:38:30.360 INFO Current price: 0.000000040951 - Current percentage: -26.62% - Max: 13.44% - Min: -47.20% - Market Cap 8463 - Trading time: 00:05:48
07-09-2025 04:38:31.185 INFO Current price: 0.000000041851 - Current percentage: -26.62% - Max: 13.44% - Min: -47.20% - Market Cap 8463 - Trading time: 00:05:49
07-09-2025 04:38:31.553 INFO Current price: 0.000000041852 - Current percentage: -26.62% - Max: 13.44% - Min: -47.20% - Market Cap 8463 - Trading time: 00:05:50
07-09-2025 04:38:31.737 INFO Current price: 0.000000041852 - Current percentage: -26.62% - Max: 13.44% - Min: -47.20% - Market Cap 8463 - Trading time: 00:05:50
07-09-2025 04:38:32.027 INFO Current price: 0.000000041854 - Current percentage: -26.61% - Max: 13.44% - Min: -47.20% - Market Cap 8464 - Trading time: 00:05:50
07-09-2025 04:38:32.027 INFO Current price: 0.000000041868 - Current percentage: -26.57% - Max: 13.44% - Min: -47.20% - Market Cap 8469 - Trading time: 00:05:50
07-09-2025 04:38:37.993 INFO Current price: 0.000000040580 - Current percentage: -31.06% - Max: 13.44% - Min: -47.20% - Market Cap 7952 - Trading time: 00:05:56
07-09-2025 04:38:37.995 INFO Current price: 0.000000038016 - Current percentage: -35.56% - Max: 13.44% - Min: -47.20% - Market Cap 7432 - Trading time: 00:05:56
07-09-2025 04:38:37.995 INFO Current price: 0.000000035597 - Current percentage: -39.55% - Max: 13.44% - Min: -47.20% - Market Cap 6972 - Trading time: 00:05:56
07-09-2025 04:38:38.008 INFO Current price: 0.000000033802 - Current percentage: -41.89% - Max: 13.44% - Min: -47.20% - Market Cap 6702 - Trading time: 00:05:56
07-09-2025 04:38:38.579 INFO Current price: 0.000000033131 - Current percentage: -41.93% - Max: 13.44% - Min: -47.20% - Market Cap 6698 - Trading time: 00:05:57
07-09-2025 04:38:39.389 INFO Current price: 0.000000032707 - Current percentage: -43.37% - Max: 13.44% - Min: -47.20% - Market Cap 6531 - Trading time: 00:05:57
07-09-2025 04:38:39.450 INFO Current price: 0.000000032290 - Current percentage: -43.40% - Max: 13.44% - Min: -47.20% - Market Cap 6528 - Trading time: 00:05:57
07-09-2025 04:38:40.423 INFO Current price: 0.000000032282 - Current percentage: -43.40% - Max: 13.44% - Min: -47.20% - Market Cap 6528 - Trading time: 00:05:58
07-09-2025 04:38:40.689 INFO Current price: 0.000000032987 - Current percentage: -40.90% - Max: 13.44% - Min: -47.20% - Market Cap 6816 - Trading time: 00:05:59
07-09-2025 04:38:40.910 INFO Current price: 0.000000033707 - Current percentage: -40.90% - Max: 13.44% - Min: -47.20% - Market Cap 6816 - Trading time: 00:05:59
07-09-2025 04:38:40.993 INFO Current price: 0.000000033707 - Current percentage: -40.90% - Max: 13.44% - Min: -47.20% - Market Cap 6816 - Trading time: 00:05:59
07-09-2025 04:38:41.274 INFO Current price: 0.000000033896 - Current percentage: -40.24% - Max: 13.44% - Min: -47.20% - Market Cap 6893 - Trading time: 00:05:59
07-09-2025 04:38:44.294 INFO Current price: 0.000000033200 - Current percentage: -43.31% - Max: 13.44% - Min: -47.20% - Market Cap 6539 - Trading time: 00:06:02
07-09-2025 04:38:44.541 INFO Current price: 0.000000032159 - Current percentage: -43.92% - Max: 13.44% - Min: -47.20% - Market Cap 6468 - Trading time: 00:06:03
07-09-2025 04:38:44.624 INFO Current price: 0.000000031902 - Current percentage: -44.21% - Max: 13.44% - Min: -47.20% - Market Cap 6435 - Trading time: 00:06:03
07-09-2025 04:38:45.946 INFO Current price: 0.000000031812 - Current percentage: -44.21% - Max: 13.44% - Min: -47.20% - Market Cap 6435 - Trading time: 00:06:04
07-09-2025 04:38:49.398 INFO Current price: 0.000000031820 - Current percentage: -44.21% - Max: 13.44% - Min: -47.20% - Market Cap 6434 - Trading time: 00:06:07
07-09-2025 04:39:02.397 INFO Current price: 0.000000031829 - Current percentage: -44.12% - Max: 13.44% - Min: -47.20% - Market Cap 6444 - Trading time: 00:06:20
07-09-2025 04:39:02.627 INFO Current price: 0.000000031697 - Current percentage: -44.62% - Max: 13.44% - Min: -47.20% - Market Cap 6387 - Trading time: 00:06:21
07-09-2025 04:39:02.933 INFO Current price: 0.000000031552 - Current percentage: -44.64% - Max: 13.44% - Min: -47.20% - Market Cap 6386 - Trading time: 00:06:21
07-09-2025 04:39:04.673 INFO Current price: 0.000000030895 - Current percentage: -46.90% - Max: 13.44% - Min: -47.20% - Market Cap 6124 - Trading time: 00:06:23
07-09-2025 04:39:18.273 INFO Current price: 0.000000030257 - Current percentage: -46.90% - Max: 13.44% - Min: -47.20% - Market Cap 6125 - Trading time: 00:06:36
07-09-2025 04:39:22.909 INFO Current price: 0.000000030257 - Current percentage: -46.90% - Max: 13.44% - Min: -47.20% - Market Cap 6124 - Trading time: 00:06:41
07-09-2025 04:39:29.845 INFO Current price: 0.000000030258 - Current percentage: -46.89% - Max: 13.44% - Min: -47.20% - Market Cap 6125 - Trading time: 00:06:48
07-09-2025 04:39:33.815 INFO Current price: 0.000000030258 - Current percentage: -46.90% - Max: 13.44% - Min: -47.20% - Market Cap 6124 - Trading time: 00:06:52
07-09-2025 04:39:36.208 INFO Current price: 0.000000029724 - Current percentage: -48.75% - Max: 13.44% - Min: -48.75% - Market Cap 5911 - Trading time: 00:06:54
07-09-2025 04:39:49.740 INFO Current price: 0.000000029203 - Current percentage: -48.75% - Max: 13.44% - Min: -48.75% - Market Cap 5911 - Trading time: 00:07:08
07-09-2025 04:39:51.346 INFO Current price: 0.000000029205 - Current percentage: -48.74% - Max: 13.44% - Min: -48.75% - Market Cap 5912 - Trading time: 00:07:09
07-09-2025 04:39:53.488 INFO Current price: 0.000000029207 - Current percentage: -48.74% - Max: 13.44% - Min: -48.75% - Market Cap 5912 - Trading time: 00:07:11
07-09-2025 04:39:55.471 INFO Current price: 0.000000029205 - Current percentage: -48.75% - Max: 13.44% - Min: -48.75% - Market Cap 5911 - Trading time: 00:07:13
07-09-2025 04:39:59.936 INFO Current price: 0.000000029203 - Current percentage: -48.75% - Max: 13.44% - Min: -48.75% - Market Cap 5911 - Trading time: 00:07:18
07-09-2025 04:40:01.571 INFO Current price: 0.000000029205 - Current percentage: -48.74% - Max: 13.44% - Min: -48.75% - Market Cap 5912 - Trading time: 00:07:20
07-09-2025 04:40:07.007 INFO Current price: 0.000000029204 - Current percentage: -48.75% - Max: 13.44% - Min: -48.75% - Market Cap 5911 - Trading time: 00:07:25
07-09-2025 04:40:31.744 INFO Current price: 0.000000029203 - Current percentage: -48.75% - Max: 13.44% - Min: -48.75% - Market Cap 5911 - Trading time: 00:07:50
07-09-2025 04:40:33.293 INFO Current price: 0.000000029205 - Current percentage: -48.74% - Max: 13.44% - Min: -48.75% - Market Cap 5912 - Trading time: 00:07:51
07-09-2025 04:40:37.391 INFO Current price: 0.000000029204 - Current percentage: -48.75% - Max: 13.44% - Min: -48.75% - Market Cap 5911 - Trading time: 00:07:55
07-09-2025 04:42:04.977 INFO Current price: 0.000000029193 - Current percentage: -48.78% - Max: 13.44% - Min: -48.78% - Market Cap 5907 - Trading time: 00:09:23
07-09-2025 04:44:45.057 INFO Current price: 0.000000029176 - Current percentage: -48.81% - Max: 13.44% - Min: -48.81% - Market Cap 5904 - Trading time: 00:12:03






07-09-2025 04:52:41.521 INFO {"type":"summary","reason":"max_window","startedAt":"2025-09-07T02:32:41.521Z","endedAt":"2025-09-07T02:52:41.521Z","durationSec":1200,"entryPrice":5.975485664941744e-8,"entryMarketCapSol":57.034673259031635,"entryMarketCapUsd":11533.551626441376,"minPct":-48.81274454672151,"maxPct":13.435364796282379,"buyCount":132,"sellCount":143,"tradeCount":275,"entryRecorded":true,"noPostThresholdTrades":false,"triggerAt":"2025-09-07T02:32:41.521Z","ageAtTriggerSec":86,"preTotalTrades":227,"preBuys":116,"preSells":111,"preUniqueTraders":110,"preEntryTotalTrades":235,"preEntryBuys":120,"preEntrySells":115,"preEntryUniqueTraders":114,"preEntryMinMcUsd":8102.742290078667,"preEntryMaxMcUsd":17233.873779179045,"thresholdMcSol":57.034673259031635,"thresholdMcUsd":11533.551626441376,"thresholdPrice":5.975485664941744e-8}
