07-09-2025 01:20:25.175 INFO Entry price: 0.000000038312371368 - Entry market cap: 7147 - Buys 8 - Sells 3 - Ratio: 1:0.38 - Min MarketCap: 7007 - Max MarketCap: 8745
07-09-2025 01:20:25.175 INFO Current price: 0.000000038312 - Current percentage: 0.00% - Max: 0.00% - Min: 0.00% - Market Cap 7147 - Trading time: 00:00:02
07-09-2025 01:20:26.522 INFO Current price: 0.000000035551 - Current percentage: 1.51% - Max: 1.51% - Min: 0.00% - Market Cap 7255 - Trading time: 00:00:03
07-09-2025 01:20:28.496 INFO Current price: 0.000000036328 - Current percentage: 2.39% - Max: 2.39% - Min: 0.00% - Market Cap 7317 - Trading time: 00:00:05
07-09-2025 01:20:29.892 INFO Current price: 0.000000036974 - Current percentage: 5.15% - Max: 5.15% - Min: 0.00% - Market Cap 7515 - Trading time: 00:00:06
07-09-2025 01:20:29.893 INFO Current price: 0.000000038029 - Current percentage: 8.31% - Max: 8.31% - Min: 0.00% - Market Cap 7741 - Trading time: 00:00:06
07-09-2025 01:20:30.202 INFO Current price: 0.000000038607 - Current percentage: 8.37% - Max: 8.37% - Min: 0.00% - Market Cap 7745 - Trading time: 00:00:07
07-09-2025 01:20:31.205 INFO Current price: 0.000000039689 - Current percentage: 14.47% - Max: 14.47% - Min: 0.00% - Market Cap 8181 - Trading time: 00:00:08
07-09-2025 01:20:32.819 INFO Current price: 0.000000039521 - Current percentage: 7.46% - Max: 14.47% - Min: 0.00% - Market Cap 7680 - Trading time: 00:00:09
07-09-2025 01:20:33.274 INFO Current price: 0.000000037616 - Current percentage: 3.69% - Max: 14.47% - Min: 0.00% - Market Cap 7411 - Trading time: 00:00:10
07-09-2025 01:20:36.615 INFO Current price: 0.000000035954 - Current percentage: -1.82% - Max: 14.47% - Min: -1.82% - Market Cap 7016 - Trading time: 00:00:13
07-09-2025 01:20:37.945 INFO Current price: 0.000000034736 - Current percentage: -3.21% - Max: 14.47% - Min: -3.21% - Market Cap 6917 - Trading time: 00:00:14
07-09-2025 01:20:37.947 INFO Current price: 0.000000035805 - Current percentage: 4.31% - Max: 14.47% - Min: -3.21% - Market Cap 7455 - Trading time: 00:00:14
07-09-2025 01:20:38.119 INFO Current price: 0.000000037487 - Current percentage: 6.09% - Max: 14.47% - Min: -3.21% - Market Cap 7582 - Trading time: 00:00:14
07-09-2025 01:20:38.125 INFO Current price: 0.000000038018 - Current percentage: 7.29% - Max: 14.47% - Min: -3.21% - Market Cap 7668 - Trading time: 00:00:14
07-09-2025 01:20:38.257 INFO Current price: 0.000000037721 - Current percentage: 4.44% - Max: 14.47% - Min: -3.21% - Market Cap 7464 - Trading time: 00:00:15
07-09-2025 01:20:38.257 INFO Current price: 0.000000036679 - Current percentage: 1.45% - Max: 14.47% - Min: -3.21% - Market Cap 7250 - Trading time: 00:00:15
07-09-2025 01:20:38.257 INFO Current price: 0.000000036309 - Current percentage: 2.34% - Max: 14.47% - Min: -3.21% - Market Cap 7314 - Trading time: 00:00:15
07-09-2025 01:20:38.260 INFO Current price: 0.000000036713 - Current percentage: 3.72% - Max: 14.47% - Min: -3.21% - Market Cap 7413 - Trading time: 00:00:15
07-09-2025 01:20:38.264 INFO Current price: 0.000000037165 - Current percentage: 4.87% - Max: 14.47% - Min: -3.21% - Market Cap 7495 - Trading time: 00:00:15
07-09-2025 01:20:38.970 INFO Current price: 0.000000037382 - Current percentage: 4.93% - Max: 14.47% - Min: -3.21% - Market Cap 7499 - Trading time: 00:00:15
07-09-2025 01:20:38.971 INFO Current price: 0.000000037402 - Current percentage: 4.99% - Max: 14.47% - Min: -3.21% - Market Cap 7503 - Trading time: 00:00:15
07-09-2025 01:20:38.971 INFO Current price: 0.000000037414 - Current percentage: 5.00% - Max: 14.47% - Min: -3.21% - Market Cap 7504 - Trading time: 00:00:15
07-09-2025 01:20:38.971 INFO Current price: 0.000000037425 - Current percentage: 5.05% - Max: 14.47% - Min: -3.21% - Market Cap 7508 - Trading time: 00:00:15
07-09-2025 01:20:38.971 INFO Current price: 0.000000037435 - Current percentage: 5.06% - Max: 14.47% - Min: -3.21% - Market Cap 7508 - Trading time: 00:00:15
07-09-2025 01:20:38.978 INFO Current price: 0.000000037438 - Current percentage: 5.07% - Max: 14.47% - Min: -3.21% - Market Cap 7509 - Trading time: 00:00:15
07-09-2025 01:20:38.979 INFO Current price: 0.000000037449 - Current percentage: 5.12% - Max: 14.47% - Min: -3.21% - Market Cap 7513 - Trading time: 00:00:15
07-09-2025 01:20:39.130 INFO Current price: 0.000000037460 - Current percentage: 5.13% - Max: 14.47% - Min: -3.21% - Market Cap 7513 - Trading time: 00:00:15
07-09-2025 01:20:39.134 INFO Current price: 0.000000037462 - Current percentage: 5.13% - Max: 14.47% - Min: -3.21% - Market Cap 7513 - Trading time: 00:00:15
07-09-2025 01:20:39.138 INFO Current price: 0.000000037464 - Current percentage: 5.14% - Max: 14.47% - Min: -3.21% - Market Cap 7514 - Trading time: 00:00:15
07-09-2025 01:20:41.321 INFO Current price: 0.000000038521 - Current percentage: 11.15% - Max: 14.47% - Min: -3.21% - Market Cap 7943 - Trading time: 00:00:18
07-09-2025 01:20:43.930 INFO Current price: 0.000000039605 - Current percentage: 11.14% - Max: 14.47% - Min: -3.21% - Market Cap 7943 - Trading time: 00:00:20
07-09-2025 01:20:43.932 INFO Current price: 0.000000039604 - Current percentage: 11.14% - Max: 14.47% - Min: -3.21% - Market Cap 7943 - Trading time: 00:00:20
07-09-2025 01:20:43.937 INFO Current price: 0.000000039600 - Current percentage: 11.12% - Max: 14.47% - Min: -3.21% - Market Cap 7942 - Trading time: 00:00:20
07-09-2025 01:20:43.950 INFO Current price: 0.000000041007 - Current percentage: 19.17% - Max: 19.17% - Min: -3.21% - Market Cap 8517 - Trading time: 00:00:20
07-09-2025 01:20:45.517 INFO Current price: 0.000000042697 - Current percentage: 20.47% - Max: 20.47% - Min: -3.21% - Market Cap 8610 - Trading time: 00:00:22
07-09-2025 01:20:45.518 INFO Current price: 0.000000042927 - Current percentage: 20.46% - Max: 20.47% - Min: -3.21% - Market Cap 8609 - Trading time: 00:00:22
07-09-2025 01:20:45.518 INFO Current price: 0.000000042923 - Current percentage: 20.44% - Max: 20.47% - Min: -3.21% - Market Cap 8608 - Trading time: 00:00:22
07-09-2025 01:20:45.518 INFO Current price: 0.000000042918 - Current percentage: 20.44% - Max: 20.47% - Min: -3.21% - Market Cap 8607 - Trading time: 00:00:22
07-09-2025 01:20:45.518 INFO Current price: 0.000000042917 - Current percentage: 20.44% - Max: 20.47% - Min: -3.21% - Market Cap 8607 - Trading time: 00:00:22
07-09-2025 01:20:45.518 INFO Current price: 0.000000042916 - Current percentage: 20.43% - Max: 20.47% - Min: -3.21% - Market Cap 8607 - Trading time: 00:00:22
07-09-2025 01:20:45.518 INFO Current price: 0.000000042911 - Current percentage: 20.41% - Max: 20.47% - Min: -3.21% - Market Cap 8605 - Trading time: 00:00:22
07-09-2025 01:20:48.873 INFO Current price: 0.000000042906 - Current percentage: 20.41% - Max: 20.47% - Min: -3.21% - Market Cap 8605 - Trading time: 00:00:25
07-09-2025 01:20:48.875 INFO Current price: 0.000000042902 - Current percentage: 20.38% - Max: 20.47% - Min: -3.21% - Market Cap 8604 - Trading time: 00:00:25
07-09-2025 01:20:48.878 INFO Current price: 0.000000042897 - Current percentage: 20.38% - Max: 20.47% - Min: -3.21% - Market Cap 8603 - Trading time: 00:00:25
07-09-2025 01:20:48.882 INFO Current price: 0.000000042892 - Current percentage: 20.36% - Max: 20.47% - Min: -3.21% - Market Cap 8602 - Trading time: 00:00:25
07-09-2025 01:20:48.882 INFO Current price: 0.000000042888 - Current percentage: 20.35% - Max: 20.47% - Min: -3.21% - Market Cap 8601 - Trading time: 00:00:25
07-09-2025 01:20:49.075 INFO Current price: 0.000000041988 - Current percentage: 15.36% - Max: 20.47% - Min: -3.21% - Market Cap 8244 - Trading time: 00:00:25
07-09-2025 01:20:49.898 INFO Current price: 0.000000041106 - Current percentage: 15.35% - Max: 20.47% - Min: -3.21% - Market Cap 8244 - Trading time: 00:00:26
07-09-2025 01:20:49.901 INFO Current price: 0.000000041102 - Current percentage: 15.33% - Max: 20.47% - Min: -3.21% - Market Cap 8243 - Trading time: 00:00:26
07-09-2025 01:20:49.904 INFO Current price: 0.000000041098 - Current percentage: 15.33% - Max: 20.47% - Min: -3.21% - Market Cap 8243 - Trading time: 00:00:26
07-09-2025 01:20:50.899 INFO Current price: 0.000000041098 - Current percentage: 15.33% - Max: 20.47% - Min: -3.21% - Market Cap 8243 - Trading time: 00:00:27
07-09-2025 01:20:51.581 INFO Current price: 0.000000041098 - Current percentage: 15.33% - Max: 20.47% - Min: -3.21% - Market Cap 8242 - Trading time: 00:00:28
07-09-2025 01:20:54.010 INFO Current price: 0.000000041094 - Current percentage: 15.31% - Max: 20.47% - Min: -3.21% - Market Cap 8241 - Trading time: 00:00:30
07-09-2025 01:20:54.010 INFO Current price: 0.000000041089 - Current percentage: 15.31% - Max: 20.47% - Min: -3.21% - Market Cap 8241 - Trading time: 00:00:30
07-09-2025 01:20:54.010 INFO Current price: 0.000000041088 - Current percentage: 15.30% - Max: 20.47% - Min: -3.21% - Market Cap 8241 - Trading time: 00:00:30
07-09-2025 01:20:54.011 INFO Current price: 0.000000041088 - Current percentage: 15.30% - Max: 20.47% - Min: -3.21% - Market Cap 8240 - Trading time: 00:00:30
07-09-2025 01:20:54.011 INFO Current price: 0.000000041086 - Current percentage: 15.30% - Max: 20.47% - Min: -3.21% - Market Cap 8240 - Trading time: 00:00:30
07-09-2025 01:20:54.011 INFO Current price: 0.000000041082 - Current percentage: 15.28% - Max: 20.47% - Min: -3.21% - Market Cap 8239 - Trading time: 00:00:30
07-09-2025 01:20:54.011 INFO Current price: 0.000000041354 - Current percentage: 16.83% - Max: 20.47% - Min: -3.21% - Market Cap 8350 - Trading time: 00:00:30
07-09-2025 01:20:54.011 INFO Current price: 0.000000041910 - Current percentage: 18.40% - Max: 20.47% - Min: -3.21% - Market Cap 8462 - Trading time: 00:00:30
07-09-2025 01:20:54.011 INFO Current price: 0.000000042470 - Current percentage: 19.97% - Max: 20.47% - Min: -3.21% - Market Cap 8574 - Trading time: 00:00:30
07-09-2025 01:20:54.840 INFO Current price: 0.000000042964 - Current percentage: 21.17% - Max: 21.17% - Min: -3.21% - Market Cap 8659 - Trading time: 00:00:31
07-09-2025 01:20:55.157 INFO Current price: 0.000000043176 - Current percentage: 21.16% - Max: 21.17% - Min: -3.21% - Market Cap 8659 - Trading time: 00:00:31
07-09-2025 01:20:55.166 INFO Current price: 0.000000043175 - Current percentage: 21.16% - Max: 21.17% - Min: -3.21% - Market Cap 8659 - Trading time: 00:00:31
07-09-2025 01:20:55.166 INFO Current price: 0.000000043170 - Current percentage: 21.14% - Max: 21.17% - Min: -3.21% - Market Cap 8657 - Trading time: 00:00:31
07-09-2025 01:20:55.397 INFO Current price: 0.000000042740 - Current percentage: 18.75% - Max: 21.17% - Min: -3.21% - Market Cap 8487 - Trading time: 00:00:32
07-09-2025 01:21:03.007 INFO Current price: 0.000000042317 - Current percentage: 18.75% - Max: 21.17% - Min: -3.21% - Market Cap 8487 - Trading time: 00:00:39
07-09-2025 01:21:06.801 INFO Current price: 0.000000043438 - Current percentage: 25.13% - Max: 25.13% - Min: -3.21% - Market Cap 8943 - Trading time: 00:00:43
07-09-2025 01:21:11.102 INFO Current price: 0.000000044684 - Current percentage: 25.66% - Max: 25.66% - Min: -3.21% - Market Cap 8981 - Trading time: 00:00:47
07-09-2025 01:21:11.816 INFO Current price: 0.000000044967 - Current percentage: 26.72% - Max: 26.72% - Min: -3.21% - Market Cap 9056 - Trading time: 00:00:48
07-09-2025 01:21:16.522 INFO Current price: 0.000000045864 - Current percentage: 30.69% - Max: 30.69% - Min: -3.21% - Market Cap 9340 - Trading time: 00:00:53
07-09-2025 01:21:18.264 INFO Current price: 0.000000046126 - Current percentage: 28.21% - Max: 30.69% - Min: -3.21% - Market Cap 9163 - Trading time: 00:00:55
07-09-2025 01:21:18.468 INFO Current price: 0.000000045919 - Current percentage: 29.52% - Max: 30.69% - Min: -3.21% - Market Cap 9256 - Trading time: 00:00:55
07-09-2025 01:21:19.615 INFO Current price: 0.000000046082 - Current percentage: 29.12% - Max: 30.69% - Min: -3.21% - Market Cap 9228 - Trading time: 00:00:56
07-09-2025 01:21:19.738 INFO Current price: 0.000000045729 - Current percentage: 27.54% - Max: 30.69% - Min: -3.21% - Market Cap 9115 - Trading time: 00:00:56
07-09-2025 01:21:23.410 INFO Current price: 0.000000045021 - Current percentage: 25.15% - Max: 30.69% - Min: -3.21% - Market Cap 8944 - Trading time: 00:01:00
07-09-2025 01:21:32.173 INFO Current price: 0.000000043992 - Current percentage: 21.78% - Max: 30.69% - Min: -3.21% - Market Cap 8703 - Trading time: 00:01:08
07-09-2025 01:21:32.999 INFO Current price: 0.000000044261 - Current percentage: 26.69% - Max: 30.69% - Min: -3.21% - Market Cap 9054 - Trading time: 00:01:09
07-09-2025 01:21:32.999 INFO Current price: 0.000000046114 - Current percentage: 32.19% - Max: 32.19% - Min: -3.21% - Market Cap 9447 - Trading time: 00:01:09
07-09-2025 01:21:33.411 INFO Current price: 0.000000047082 - Current percentage: 32.19% - Max: 32.19% - Min: -3.21% - Market Cap 9447 - Trading time: 00:01:10
07-09-2025 01:21:34.073 INFO Current price: 0.000000046839 - Current percentage: 30.70% - Max: 32.19% - Min: -3.21% - Market Cap 9341 - Trading time: 00:01:10
07-09-2025 01:21:34.579 INFO Current price: 0.000000047519 - Current percentage: 36.05% - Max: 36.05% - Min: -3.21% - Market Cap 9723 - Trading time: 00:01:11
07-09-2025 01:21:34.583 INFO Current price: 0.000000049439 - Current percentage: 41.48% - Max: 41.48% - Min: -3.21% - Market Cap 10111 - Trading time: 00:01:11
07-09-2025 01:21:34.807 INFO Current price: 0.000000052887 - Current percentage: 55.69% - Max: 55.69% - Min: -3.21% - Market Cap 11127 - Trading time: 00:01:11
07-09-2025 01:21:35.033 INFO Current price: 0.000000055516 - Current percentage: 55.89% - Max: 55.89% - Min: -3.21% - Market Cap 11141 - Trading time: 00:01:11
07-09-2025 01:21:35.063 INFO Current price: 0.000000055563 - Current percentage: 55.89% - Max: 55.89% - Min: -3.21% - Market Cap 11141 - Trading time: 00:01:11
07-09-2025 01:21:35.238 INFO Current price: 0.000000055552 - Current percentage: 55.89% - Max: 55.89% - Min: -3.21% - Market Cap 11141 - Trading time: 00:01:12
07-09-2025 01:21:36.641 INFO Current price: 0.000000055463 - Current percentage: 55.40% - Max: 55.89% - Min: -3.21% - Market Cap 11106 - Trading time: 00:01:13
07-09-2025 01:21:37.501 INFO Current price: 0.000000053844 - Current percentage: 46.92% - Max: 55.89% - Min: -3.21% - Market Cap 10500 - Trading time: 00:01:14
07-09-2025 01:21:37.501 INFO Current price: 0.000000050088 - Current percentage: 34.47% - Max: 55.89% - Min: -3.21% - Market Cap 9610 - Trading time: 00:01:14
07-09-2025 01:21:37.592 INFO Current price: 0.000000047464 - Current percentage: 31.93% - Max: 55.89% - Min: -3.21% - Market Cap 9429 - Trading time: 00:01:14
07-09-2025 01:21:37.592 INFO Current price: 0.000000046795 - Current percentage: 30.71% - Max: 55.89% - Min: -3.21% - Market Cap 9342 - Trading time: 00:01:14
07-09-2025 01:21:37.811 INFO Current price: 0.000000046347 - Current percentage: 29.42% - Max: 55.89% - Min: -3.21% - Market Cap 9249 - Trading time: 00:01:14
07-09-2025 01:21:37.890 INFO Current price: 0.000000045775 - Current percentage: 27.50% - Max: 55.89% - Min: -3.21% - Market Cap 9112 - Trading time: 00:01:14
07-09-2025 01:21:38.321 INFO Current price: 0.000000045434 - Current percentage: 27.50% - Max: 55.89% - Min: -3.21% - Market Cap 9112 - Trading time: 00:01:15
07-09-2025 01:21:38.782 INFO Current price: 0.000000045794 - Current percentage: 29.53% - Max: 55.89% - Min: -3.21% - Market Cap 9257 - Trading time: 00:01:15
07-09-2025 01:21:39.038 INFO Current price: 0.000000046438 - Current percentage: 31.11% - Max: 55.89% - Min: -3.21% - Market Cap 9370 - Trading time: 00:01:15
07-09-2025 01:21:40.881 INFO Current price: 0.000000046619 - Current percentage: 30.54% - Max: 55.89% - Min: -3.21% - Market Cap 9330 - Trading time: 00:01:17
07-09-2025 01:21:42.024 INFO Current price: 0.000000046503 - Current percentage: 30.46% - Max: 55.89% - Min: -3.21% - Market Cap 9324 - Trading time: 00:01:18
07-09-2025 01:21:43.428 INFO Current price: 0.000000046121 - Current percentage: 28.41% - Max: 55.89% - Min: -3.21% - Market Cap 9177 - Trading time: 00:01:20
07-09-2025 01:21:43.796 INFO Current price: 0.000000045932 - Current percentage: 29.39% - Max: 55.89% - Min: -3.21% - Market Cap 9247 - Trading time: 00:01:20
07-09-2025 01:21:45.397 INFO Current price: 0.000000046084 - Current percentage: 29.39% - Max: 55.89% - Min: -3.21% - Market Cap 9247 - Trading time: 00:01:22
07-09-2025 01:21:46.678 INFO Current price: 0.000000045494 - Current percentage: 25.97% - Max: 55.89% - Min: -3.21% - Market Cap 9003 - Trading time: 00:01:23
07-09-2025 01:21:50.296 INFO Current price: 0.000000044948 - Current percentage: 26.30% - Max: 55.89% - Min: -3.21% - Market Cap 9026 - Trading time: 00:01:27
07-09-2025 01:21:50.806 INFO Current price: 0.000000044983 - Current percentage: 26.30% - Max: 55.89% - Min: -3.21% - Market Cap 9026 - Trading time: 00:01:27
07-09-2025 01:21:52.534 INFO Current price: 0.000000044738 - Current percentage: 24.80% - Max: 55.89% - Min: -3.21% - Market Cap 8919 - Trading time: 00:01:29
07-09-2025 01:21:53.436 INFO Current price: 0.000000044325 - Current percentage: 23.98% - Max: 55.89% - Min: -3.21% - Market Cap 8860 - Trading time: 00:01:30
07-09-2025 01:21:53.783 INFO Current price: 0.000000043604 - Current percentage: 20.77% - Max: 55.89% - Min: -3.21% - Market Cap 8631 - Trading time: 00:01:30
07-09-2025 01:21:53.783 INFO Current price: 0.000000041547 - Current percentage: 12.56% - Max: 55.89% - Min: -3.21% - Market Cap 8044 - Trading time: 00:01:30
07-09-2025 01:21:53.875 INFO Current price: 0.000000040093 - Current percentage: 12.56% - Max: 55.89% - Min: -3.21% - Market Cap 8044 - Trading time: 00:01:30
07-09-2025 01:21:54.069 INFO Current price: 0.000000038504 - Current percentage: 3.73% - Max: 55.89% - Min: -3.21% - Market Cap 7413 - Trading time: 00:01:30
07-09-2025 01:21:54.375 INFO Current price: 0.000000036944 - Current percentage: 3.62% - Max: 55.89% - Min: -3.21% - Market Cap 7406 - Trading time: 00:01:31
07-09-2025 01:21:55.235 INFO Current price: 0.000000036914 - Current percentage: 3.56% - Max: 55.89% - Min: -3.21% - Market Cap 7401 - Trading time: 00:01:32
07-09-2025 01:21:57.515 INFO Current price: 0.000000036956 - Current percentage: 3.86% - Max: 55.89% - Min: -3.21% - Market Cap 7422 - Trading time: 00:01:34
07-09-2025 01:22:04.596 INFO Current price: 0.000000037114 - Current percentage: 4.45% - Max: 55.89% - Min: -3.21% - Market Cap 7465 - Trading time: 00:01:41
07-09-2025 01:22:04.774 INFO Current price: 0.000000037367 - Current percentage: 5.28% - Max: 55.89% - Min: -3.21% - Market Cap 7524 - Trading time: 00:01:41
07-09-2025 01:22:04.778 INFO Current price: 0.000000037684 - Current percentage: 6.22% - Max: 55.89% - Min: -3.21% - Market Cap 7592 - Trading time: 00:01:41
07-09-2025 01:22:06.306 INFO Current price: 0.000000037977 - Current percentage: 6.93% - Max: 55.89% - Min: -3.21% - Market Cap 7642 - Trading time: 00:01:43
07-09-2025 01:22:13.084 INFO Current price: 0.000000036626 - Current percentage: -1.20% - Max: 55.89% - Min: -3.21% - Market Cap 7061 - Trading time: 00:01:49
07-09-2025 01:22:13.089 INFO Current price: 0.000000033873 - Current percentage: -8.54% - Max: 55.89% - Min: -8.54% - Market Cap 6536 - Trading time: 00:01:49
07-09-2025 01:22:14.547 INFO Current price: 0.000000032486 - Current percentage: -9.13% - Max: 55.89% - Min: -9.13% - Market Cap 6494 - Trading time: 00:01:51
07-09-2025 01:22:14.878 INFO Current price: 0.000000032346 - Current percentage: -9.33% - Max: 55.89% - Min: -9.33% - Market Cap 6480 - Trading time: 00:01:51
07-09-2025 01:22:15.180 INFO Current price: 0.000000031249 - Current percentage: -15.19% - Max: 55.89% - Min: -15.19% - Market Cap 6061 - Trading time: 00:01:52
07-09-2025 01:22:15.234 INFO Current price: 0.000000030054 - Current percentage: -16.13% - Max: 55.89% - Min: -16.13% - Market Cap 5994 - Trading time: 00:01:52
07-09-2025 01:22:15.234 INFO Current price: 0.000000029720 - Current percentage: -17.06% - Max: 55.89% - Min: -17.06% - Market Cap 5927 - Trading time: 00:01:52
07-09-2025 01:22:16.288 INFO Current price: 0.000000029517 - Current percentage: -17.27% - Max: 55.89% - Min: -17.27% - Market Cap 5912 - Trading time: 00:01:53
07-09-2025 01:22:16.288 INFO Current price: 0.000000030602 - Current percentage: -10.85% - Max: 55.89% - Min: -17.27% - Market Cap 6371 - Trading time: 00:01:53
07-09-2025 01:22:16.905 INFO Current price: 0.000000031538 - Current percentage: -12.13% - Max: 55.89% - Min: -17.27% - Market Cap 6280 - Trading time: 00:01:53
07-09-2025 01:22:23.651 INFO Current price: 0.000000032275 - Current percentage: -6.64% - Max: 55.89% - Min: -17.27% - Market Cap 6672 - Trading time: 00:02:00
07-09-2025 01:22:24.069 INFO Current price: 0.000000033464 - Current percentage: -5.54% - Max: 55.89% - Min: -17.27% - Market Cap 6751 - Trading time: 00:02:00
07-09-2025 01:22:24.438 INFO Current price: 0.000000033671 - Current percentage: -5.48% - Max: 55.89% - Min: -17.27% - Market Cap 6755 - Trading time: 00:02:01
07-09-2025 01:22:24.756 INFO Current price: 0.000000034681 - Current percentage: 0.22% - Max: 55.89% - Min: -17.27% - Market Cap 7162 - Trading time: 00:02:01
07-09-2025 01:22:30.206 INFO Current price: 0.000000035896 - Current percentage: 1.26% - Max: 55.89% - Min: -17.27% - Market Cap 7237 - Trading time: 00:02:07
07-09-2025 01:22:30.310 INFO Current price: 0.000000036269 - Current percentage: 2.31% - Max: 55.89% - Min: -17.27% - Market Cap 7312 - Trading time: 00:02:07
07-09-2025 01:22:35.092 INFO Current price: 0.000000035318 - Current percentage: -3.98% - Max: 55.89% - Min: -17.27% - Market Cap 6862 - Trading time: 00:02:11
07-09-2025 01:22:35.423 INFO Current price: 0.000000034014 - Current percentage: -5.11% - Max: 55.89% - Min: -17.27% - Market Cap 6782 - Trading time: 00:02:12
07-09-2025 01:22:36.962 INFO Current price: 0.000000033914 - Current percentage: -4.55% - Max: 55.89% - Min: -17.27% - Market Cap 6822 - Trading time: 00:02:13
07-09-2025 01:22:40.706 INFO Current price: 0.000000032725 - Current percentage: -11.65% - Max: 55.89% - Min: -17.27% - Market Cap 6314 - Trading time: 00:02:17
07-09-2025 01:23:05.313 INFO Current price: 0.000000030545 - Current percentage: -16.84% - Max: 55.89% - Min: -17.27% - Market Cap 5943 - Trading time: 00:02:42
07-09-2025 01:23:05.388 INFO Current price: 0.000000029497 - Current percentage: -17.61% - Max: 55.89% - Min: -17.61% - Market Cap 5889 - Trading time: 00:02:42
07-09-2025 01:23:05.391 INFO Current price: 0.000000029223 - Current percentage: -18.37% - Max: 55.89% - Min: -18.37% - Market Cap 5834 - Trading time: 00:02:42
07-09-2025 01:23:12.104 INFO Current price: 0.000000028738 - Current percentage: -20.32% - Max: 55.89% - Min: -20.32% - Market Cap 5694 - Trading time: 00:02:48
07-09-2025 01:23:14.942 INFO Current price: 0.000000028279 - Current percentage: -20.96% - Max: 55.89% - Min: -20.96% - Market Cap 5649 - Trading time: 00:02:51
07-09-2025 01:23:20.472 INFO Current price: 0.000000028074 - Current percentage: -21.48% - Max: 55.89% - Min: -21.48% - Market Cap 5612 - Trading time: 00:02:57
07-09-2025 01:23:30.224 INFO Current price: 0.000000027974 - Current percentage: -21.52% - Max: 55.89% - Min: -21.52% - Market Cap 5609 - Trading time: 00:03:07






07-09-2025 01:33:30.224 INFO {"type":"summary","reason":"inactivity","startedAt":"2025-09-06T23:20:23.175Z","endedAt":"2025-09-06T23:33:30.224Z","durationSec":787,"entryPrice":3.831237136763135e-8,"entryMarketCapSol":35.63419474189086,"entryMarketCapUsd":7146.794097433631,"minPct":-21.519373063677058,"maxPct":55.89435039234694,"buyCount":62,"sellCount":85,"tradeCount":147,"entryRecorded":true,"noPostThresholdTrades":false,"triggerAt":"2025-09-06T23:20:23.175Z","ageAtTriggerSec":2,"preTotalTrades":8,"preBuys":7,"preSells":1,"preUniqueTraders":8,"preEntryTotalTrades":11,"preEntryBuys":8,"preEntrySells":3,"preEntryUniqueTraders":9,"preEntryMinMcUsd":7007.498885340914,"preEntryMaxMcUsd":8745.159812238893,"thresholdMcSol":35.63419474189086,"thresholdMcUsd":7146.794097433631,"thresholdPrice":3.831237136763135e-8}
