08-09-2025 14:52:13.772 INFO Entry price: 0.000000031434307805 - Entry market cap: 6313 - Buys 1 - Sells 0 - Ratio: 1:0.00 - Min MarketCap: 7199 - Max MarketCap: 7199
08-09-2025 14:52:13.772 INFO Current price: 0.000000031434 - Current percentage: 0.00% - Max: 0.00% - Min: 0.00% - Market Cap 6313 - Trading time: 00:00:02
08-09-2025 14:52:13.815 INFO Current price: 0.000000028909 - Current percentage: -3.56% - Max: 0.00% - Min: -3.56% - Market Cap 6089 - Trading time: 00:00:02
08-09-2025 14:52:14.186 INFO Current price: 0.000000030174 - Current percentage: 8.94% - Max: 8.94% - Min: -3.56% - Market Cap 6878 - Trading time: 00:00:02
08-09-2025 14:52:14.188 INFO Current price: 0.000000033882 - Current percentage: 21.61% - Max: 21.61% - Min: -3.56% - Market Cap 7678 - Trading time: 00:00:02
08-09-2025 14:52:15.230 INFO Current price: 0.000000037950 - Current percentage: 36.67% - Max: 36.67% - Min: -3.56% - Market Cap 8629 - Trading time: 00:00:03
08-09-2025 14:52:15.231 INFO Current price: 0.000000040341 - Current percentage: 37.41% - Max: 37.41% - Min: -3.56% - Market Cap 8676 - Trading time: 00:00:03
08-09-2025 14:52:15.276 INFO Current price: 0.000000042547 - Current percentage: 52.03% - Max: 52.03% - Min: -3.56% - Market Cap 9598 - Trading time: 00:00:03
08-09-2025 14:52:15.662 INFO Current price: 0.000000044753 - Current percentage: 52.03% - Max: 52.03% - Min: -3.56% - Market Cap 9598 - Trading time: 00:00:03
08-09-2025 14:52:15.662 INFO Current price: 0.000000044762 - Current percentage: 52.09% - Max: 52.09% - Min: -3.56% - Market Cap 9602 - Trading time: 00:00:03
08-09-2025 14:52:15.662 INFO Current price: 0.000000044782 - Current percentage: 52.17% - Max: 52.17% - Min: -3.56% - Market Cap 9607 - Trading time: 00:00:03
08-09-2025 14:52:15.662 INFO Current price: 0.000000044804 - Current percentage: 52.24% - Max: 52.24% - Min: -3.56% - Market Cap 9611 - Trading time: 00:00:03
08-09-2025 14:52:15.663 INFO Current price: 0.000000044824 - Current percentage: 52.31% - Max: 52.31% - Min: -3.56% - Market Cap 9616 - Trading time: 00:00:03
08-09-2025 14:52:15.667 INFO Current price: 0.000000044843 - Current percentage: 52.36% - Max: 52.36% - Min: -3.56% - Market Cap 9619 - Trading time: 00:00:03
08-09-2025 14:52:15.700 INFO Current price: 0.000000044852 - Current percentage: 52.37% - Max: 52.37% - Min: -3.56% - Market Cap 9619 - Trading time: 00:00:03
08-09-2025 14:52:15.737 INFO Current price: 0.000000044423 - Current percentage: 49.46% - Max: 52.37% - Min: -3.56% - Market Cap 9436 - Trading time: 00:00:03
08-09-2025 14:52:15.950 INFO Current price: 0.000000044006 - Current percentage: 49.52% - Max: 52.37% - Min: -3.56% - Market Cap 9440 - Trading time: 00:00:04
08-09-2025 14:52:15.958 INFO Current price: 0.000000044015 - Current percentage: 49.53% - Max: 52.37% - Min: -3.56% - Market Cap 9440 - Trading time: 00:00:04
08-09-2025 14:52:16.004 INFO Current price: 0.000000044025 - Current percentage: 49.58% - Max: 52.37% - Min: -3.56% - Market Cap 9444 - Trading time: 00:00:04
08-09-2025 14:52:16.195 INFO Current price: 0.000000044546 - Current percentage: 53.09% - Max: 53.09% - Min: -3.56% - Market Cap 9665 - Trading time: 00:00:04
08-09-2025 14:52:16.248 INFO Current price: 0.000000045064 - Current percentage: 53.09% - Max: 53.09% - Min: -3.56% - Market Cap 9665 - Trading time: 00:00:04
08-09-2025 14:52:16.321 INFO Current price: 0.000000045064 - Current percentage: 53.09% - Max: 53.09% - Min: -3.56% - Market Cap 9665 - Trading time: 00:00:04
08-09-2025 14:52:16.324 INFO Current price: 0.000000045122 - Current percentage: 53.48% - Max: 53.48% - Min: -3.56% - Market Cap 9690 - Trading time: 00:00:04
08-09-2025 14:52:16.465 INFO Current price: 0.000000045187 - Current percentage: 53.53% - Max: 53.53% - Min: -3.56% - Market Cap 9693 - Trading time: 00:00:04
08-09-2025 14:52:16.628 INFO Current price: 0.000000045194 - Current percentage: 53.53% - Max: 53.53% - Min: -3.56% - Market Cap 9693 - Trading time: 00:00:04
08-09-2025 14:52:17.284 INFO Current price: 0.000000045889 - Current percentage: 58.29% - Max: 58.29% - Min: -3.56% - Market Cap 9993 - Trading time: 00:00:05
08-09-2025 14:52:17.354 INFO Current price: 0.000000046050 - Current percentage: 54.61% - Max: 58.29% - Min: -3.56% - Market Cap 9761 - Trading time: 00:00:05
08-09-2025 14:52:17.438 INFO Current price: 0.000000045751 - Current percentage: 56.24% - Max: 58.29% - Min: -3.56% - Market Cap 9864 - Trading time: 00:00:05
08-09-2025 14:52:17.482 INFO Current price: 0.000000046027 - Current percentage: 56.48% - Max: 58.29% - Min: -3.56% - Market Cap 9879 - Trading time: 00:00:05
08-09-2025 14:52:18.721 INFO Current price: 0.000000046180 - Current percentage: 57.27% - Max: 58.29% - Min: -3.56% - Market Cap 9929 - Trading time: 00:00:06
08-09-2025 14:52:19.000 INFO Current price: 0.000000043492 - Current percentage: 38.79% - Max: 58.29% - Min: -3.56% - Market Cap 8763 - Trading time: 00:00:07
08-09-2025 14:52:19.001 INFO Current price: 0.000000038929 - Current percentage: 26.01% - Max: 58.29% - Min: -3.56% - Market Cap 7955 - Trading time: 00:00:07
08-09-2025 14:52:20.377 INFO Current price: 0.000000037087 - Current percentage: 25.97% - Max: 58.29% - Min: -3.56% - Market Cap 7953 - Trading time: 00:00:08
08-09-2025 14:52:20.857 INFO Current price: 0.000000037080 - Current percentage: 25.96% - Max: 58.29% - Min: -3.56% - Market Cap 7952 - Trading time: 00:00:09
08-09-2025 14:52:20.859 INFO Current price: 0.000000037076 - Current percentage: 25.94% - Max: 58.29% - Min: -3.56% - Market Cap 7951 - Trading time: 00:00:09
08-09-2025 14:52:20.861 INFO Current price: 0.000000037071 - Current percentage: 25.93% - Max: 58.29% - Min: -3.56% - Market Cap 7950 - Trading time: 00:00:09
08-09-2025 14:52:20.863 INFO Current price: 0.000000037066 - Current percentage: 25.90% - Max: 58.29% - Min: -3.56% - Market Cap 7949 - Trading time: 00:00:09
08-09-2025 14:52:20.866 INFO Current price: 0.000000037060 - Current percentage: 25.89% - Max: 58.29% - Min: -3.56% - Market Cap 7948 - Trading time: 00:00:09
08-09-2025 14:52:21.105 INFO Current price: 0.000000037055 - Current percentage: 25.87% - Max: 58.29% - Min: -3.56% - Market Cap 7947 - Trading time: 00:00:09
08-09-2025 14:52:21.109 INFO Current price: 0.000000037053 - Current percentage: 25.87% - Max: 58.29% - Min: -3.56% - Market Cap 7947 - Trading time: 00:00:09
08-09-2025 14:52:21.349 INFO Current price: 0.000000037051 - Current percentage: 25.86% - Max: 58.29% - Min: -3.56% - Market Cap 7946 - Trading time: 00:00:09
08-09-2025 14:52:21.383 INFO Current price: 0.000000037048 - Current percentage: 25.85% - Max: 58.29% - Min: -3.56% - Market Cap 7946 - Trading time: 00:00:09
08-09-2025 14:52:21.388 INFO Current price: 0.000000037080 - Current percentage: 26.07% - Max: 58.29% - Min: -3.56% - Market Cap 7959 - Trading time: 00:00:09
08-09-2025 14:52:21.601 INFO Current price: 0.000000036609 - Current percentage: 22.68% - Max: 58.29% - Min: -3.56% - Market Cap 7745 - Trading time: 00:00:09
08-09-2025 14:52:21.754 INFO Current price: 0.000000036113 - Current percentage: 22.68% - Max: 58.29% - Min: -3.56% - Market Cap 7745 - Trading time: 00:00:09
08-09-2025 14:52:22.471 INFO Current price: 0.000000036071 - Current percentage: 22.40% - Max: 58.29% - Min: -3.56% - Market Cap 7727 - Trading time: 00:00:10
08-09-2025 14:52:22.514 INFO Current price: 0.000000036030 - Current percentage: 22.40% - Max: 58.29% - Min: -3.56% - Market Cap 7727 - Trading time: 00:00:10
08-09-2025 14:52:23.093 INFO Current price: 0.000000034095 - Current percentage: 9.61% - Max: 58.29% - Min: -3.56% - Market Cap 6920 - Trading time: 00:00:11
08-09-2025 14:52:23.095 INFO Current price: 0.000000030353 - Current percentage: -3.00% - Max: 58.29% - Min: -3.56% - Market Cap 6124 - Trading time: 00:00:11
08-09-2025 14:52:23.174 INFO Current price: 0.000000028537 - Current percentage: -3.12% - Max: 58.29% - Min: -3.56% - Market Cap 6117 - Trading time: 00:00:11
08-09-2025 14:52:23.250 INFO Current price: 0.000000028886 - Current percentage: -0.61% - Max: 58.29% - Min: -3.56% - Market Cap 6275 - Trading time: 00:00:11
08-09-2025 14:52:23.311 INFO Current price: 0.000000029335 - Current percentage: -0.08% - Max: 58.29% - Min: -3.56% - Market Cap 6308 - Trading time: 00:00:11
08-09-2025 14:52:23.541 INFO Current price: 0.000000029486 - Current percentage: 0.42% - Max: 58.29% - Min: -3.56% - Market Cap 6340 - Trading time: 00:00:11
08-09-2025 14:52:23.800 INFO Current price: 0.000000029500 - Current percentage: 0.01% - Max: 58.29% - Min: -3.56% - Market Cap 6314 - Trading time: 00:00:12
08-09-2025 14:52:24.149 INFO Current price: 0.000000029487 - Current percentage: 0.33% - Max: 58.29% - Min: -3.56% - Market Cap 6334 - Trading time: 00:00:12
08-09-2025 14:52:24.344 INFO Current price: 0.000000029539 - Current percentage: 0.36% - Max: 58.29% - Min: -3.56% - Market Cap 6336 - Trading time: 00:00:12
08-09-2025 14:52:24.616 INFO Current price: 0.000000029637 - Current percentage: 1.00% - Max: 58.29% - Min: -3.56% - Market Cap 6376 - Trading time: 00:00:12
08-09-2025 14:52:25.732 INFO Current price: 0.000000029730 - Current percentage: 0.99% - Max: 58.29% - Min: -3.56% - Market Cap 6376 - Trading time: 00:00:13
08-09-2025 14:52:25.734 INFO Current price: 0.000000029726 - Current percentage: 0.98% - Max: 58.29% - Min: -3.56% - Market Cap 6375 - Trading time: 00:00:13
08-09-2025 14:52:25.774 INFO Current price: 0.000000029722 - Current percentage: 0.96% - Max: 58.29% - Min: -3.56% - Market Cap 6374 - Trading time: 00:00:14
08-09-2025 14:52:25.862 INFO Current price: 0.000000029718 - Current percentage: 0.95% - Max: 58.29% - Min: -3.56% - Market Cap 6373 - Trading time: 00:00:14
08-09-2025 14:52:25.863 INFO Current price: 0.000000029715 - Current percentage: 0.94% - Max: 58.29% - Min: -3.56% - Market Cap 6373 - Trading time: 00:00:14
08-09-2025 14:52:25.917 INFO Current price: 0.000000029719 - Current percentage: 0.98% - Max: 58.29% - Min: -3.56% - Market Cap 6375 - Trading time: 00:00:14
08-09-2025 14:52:26.073 INFO Current price: 0.000000029724 - Current percentage: 0.98% - Max: 58.29% - Min: -3.56% - Market Cap 6375 - Trading time: 00:00:14
08-09-2025 14:52:26.123 INFO Current price: 0.000000029723 - Current percentage: 0.96% - Max: 58.29% - Min: -3.56% - Market Cap 6374 - Trading time: 00:00:14
08-09-2025 14:52:26.135 INFO Current price: 0.000000029721 - Current percentage: 0.96% - Max: 58.29% - Min: -3.56% - Market Cap 6374 - Trading time: 00:00:14
08-09-2025 14:52:26.137 INFO Current price: 0.000000029719 - Current percentage: 0.95% - Max: 58.29% - Min: -3.56% - Market Cap 6374 - Trading time: 00:00:14
08-09-2025 14:52:26.638 INFO Current price: 0.000000029717 - Current percentage: 0.95% - Max: 58.29% - Min: -3.56% - Market Cap 6373 - Trading time: 00:00:14
08-09-2025 14:52:27.292 INFO Current price: 0.000000029670 - Current percentage: 0.63% - Max: 58.29% - Min: -3.56% - Market Cap 6353 - Trading time: 00:00:15
08-09-2025 14:52:27.879 INFO Current price: 0.000000029554 - Current percentage: 0.17% - Max: 58.29% - Min: -3.56% - Market Cap 6324 - Trading time: 00:00:16
08-09-2025 14:52:28.861 INFO Current price: 0.000000029481 - Current percentage: 0.13% - Max: 58.29% - Min: -3.56% - Market Cap 6322 - Trading time: 00:00:17
08-09-2025 14:52:30.428 INFO Current price: 0.000000029383 - Current percentage: -0.50% - Max: 58.29% - Min: -3.56% - Market Cap 6282 - Trading time: 00:00:18
08-09-2025 14:52:30.494 INFO Current price: 0.000000029214 - Current percentage: -1.02% - Max: 58.29% - Min: -3.56% - Market Cap 6249 - Trading time: 00:00:18
08-09-2025 14:52:30.797 INFO Current price: 0.000000029135 - Current percentage: -1.03% - Max: 58.29% - Min: -3.56% - Market Cap 6248 - Trading time: 00:00:19
08-09-2025 14:52:30.798 INFO Current price: 0.000000029131 - Current percentage: -1.04% - Max: 58.29% - Min: -3.56% - Market Cap 6247 - Trading time: 00:00:19
08-09-2025 14:52:30.800 INFO Current price: 0.000000029128 - Current percentage: -1.06% - Max: 58.29% - Min: -3.56% - Market Cap 6247 - Trading time: 00:00:19
08-09-2025 14:52:30.902 INFO Current price: 0.000000028757 - Current percentage: -3.55% - Max: 58.29% - Min: -3.56% - Market Cap 6089 - Trading time: 00:00:19
08-09-2025 14:52:30.903 INFO Current price: 0.000000028392 - Current percentage: -3.55% - Max: 58.29% - Min: -3.56% - Market Cap 6089 - Trading time: 00:00:19
08-09-2025 14:52:31.131 INFO Current price: 0.000000028392 - Current percentage: -3.55% - Max: 58.29% - Min: -3.56% - Market Cap 6089 - Trading time: 00:00:19
08-09-2025 14:52:31.143 INFO Current price: 0.000000028390 - Current percentage: -3.56% - Max: 58.29% - Min: -3.56% - Market Cap 6089 - Trading time: 00:00:19
08-09-2025 14:52:31.222 INFO Current price: 0.000000028320 - Current percentage: -4.03% - Max: 58.29% - Min: -4.03% - Market Cap 6059 - Trading time: 00:00:19
08-09-2025 14:52:31.337 INFO Current price: 0.000000028229 - Current percentage: -4.17% - Max: 58.29% - Min: -4.17% - Market Cap 6050 - Trading time: 00:00:19
08-09-2025 14:52:31.585 INFO Current price: 0.000000028208 - Current percentage: -4.17% - Max: 58.29% - Min: -4.17% - Market Cap 6050 - Trading time: 00:00:19
08-09-2025 14:52:31.871 INFO Current price: 0.000000028207 - Current percentage: -4.18% - Max: 58.29% - Min: -4.18% - Market Cap 6049 - Trading time: 00:00:20
08-09-2025 14:52:31.872 INFO Current price: 0.000000028204 - Current percentage: -4.19% - Max: 58.29% - Min: -4.19% - Market Cap 6049 - Trading time: 00:00:20
08-09-2025 14:52:31.874 INFO Current price: 0.000000028201 - Current percentage: -4.20% - Max: 58.29% - Min: -4.20% - Market Cap 6048 - Trading time: 00:00:20
08-09-2025 14:52:44.602 INFO Current price: 0.000000028084 - Current percentage: -4.99% - Max: 58.29% - Min: -4.99% - Market Cap 5999 - Trading time: 00:00:32






08-09-2025 15:02:44.603 INFO {"type":"summary","reason":"inactivity","startedAt":"2025-09-08T12:52:11.770Z","endedAt":"2025-09-08T13:02:44.603Z","durationSec":632,"entryPrice":3.1434307804974463e-8,"entryMarketCapSol":29.437122845386998,"entryMarketCapUsd":6313.379736650149,"minPct":-4.9872928175207525,"maxPct":58.285314162335666,"buyCount":32,"sellCount":53,"tradeCount":85,"entryRecorded":true,"noPostThresholdTrades":false,"triggerAt":"2025-09-08T12:52:11.770Z","ageAtTriggerSec":null,"preTotalTrades":1,"preBuys":1,"preSells":0,"preUniqueTraders":1,"preEntryTotalTrades":1,"preEntryBuys":1,"preEntrySells":0,"preEntryUniqueTraders":1,"preEntryMinMcUsd":7199.113063367595,"preEntryMaxMcUsd":7199.113063367595,"thresholdMcSol":29.437122845386998,"thresholdMcUsd":6313.379736650149,"thresholdPrice":3.1434307804974463e-8}
