08-09-2025 17:02:44.712 INFO Entry price: 0.000000029913274602 - Entry market cap: 6028 - Buys 1 - Sells 0 - Ratio: 1:0.00 - Min MarketCap: 6860 - Max MarketCap: 6860
08-09-2025 17:02:44.712 INFO Current price: 0.000000029913 - Current percentage: 0.00% - Max: 0.00% - Min: 0.00% - Market Cap 6028 - Trading time: 00:00:02
08-09-2025 17:02:45.738 INFO Current price: 0.000000028000 - Current percentage: -0.29% - Max: 0.00% - Min: -0.29% - Market Cap 6010 - Trading time: 00:00:03
08-09-2025 17:02:46.606 INFO Current price: 0.000000029326 - Current percentage: 9.70% - Max: 9.70% - Min: -0.29% - Market Cap 6612 - Trading time: 00:00:03
08-09-2025 17:02:46.609 INFO Current price: 0.000000032193 - Current percentage: 20.16% - Max: 20.16% - Min: -0.29% - Market Cap 7243 - Trading time: 00:00:03
08-09-2025 17:02:46.827 INFO Current price: 0.000000042182 - Current percentage: 88.33% - Max: 88.33% - Min: -0.29% - Market Cap 11352 - Trading time: 00:00:04
08-09-2025 17:02:46.921 INFO Current price: 0.000000053186 - Current percentage: 91.02% - Max: 91.02% - Min: -0.29% - Market Cap 11515 - Trading time: 00:00:04
08-09-2025 17:02:51.565 INFO Current price: 0.000000053578 - Current percentage: 91.12% - Max: 91.12% - Min: -0.29% - Market Cap 11520 - Trading time: 00:00:08
08-09-2025 17:02:51.961 INFO Current price: 0.000000049449 - Current percentage: 62.72% - Max: 91.12% - Min: -0.29% - Market Cap 9809 - Trading time: 00:00:09
08-09-2025 17:02:53.869 INFO Current price: 0.000000044080 - Current percentage: 51.86% - Max: 91.12% - Min: -0.29% - Market Cap 9154 - Trading time: 00:00:11
08-09-2025 17:02:55.681 INFO Current price: 0.000000040267 - Current percentage: 35.79% - Max: 91.12% - Min: -0.29% - Market Cap 8185 - Trading time: 00:00:12
08-09-2025 17:02:55.684 INFO Current price: 0.000000036280 - Current percentage: 23.27% - Max: 91.12% - Min: -0.29% - Market Cap 7431 - Trading time: 00:00:12
08-09-2025 17:02:55.884 INFO Current price: 0.000000033541 - Current percentage: 16.07% - Max: 91.12% - Min: -0.29% - Market Cap 6996 - Trading time: 00:00:13
08-09-2025 17:02:57.907 INFO Current price: 0.000000031609 - Current percentage: 9.48% - Max: 91.12% - Min: -0.29% - Market Cap 6599 - Trading time: 00:00:15
08-09-2025 17:02:58.764 INFO Current price: 0.000000030692 - Current percentage: 9.44% - Max: 91.12% - Min: -0.29% - Market Cap 6597 - Trading time: 00:00:16
08-09-2025 17:02:59.925 INFO Current price: 0.000000029828 - Current percentage: 3.39% - Max: 91.12% - Min: -0.29% - Market Cap 6233 - Trading time: 00:00:17
08-09-2025 17:03:01.907 INFO Current price: 0.000000028618 - Current percentage: 0.74% - Max: 91.12% - Min: -0.29% - Market Cap 6073 - Trading time: 00:00:19
08-09-2025 17:03:03.047 INFO Current price: 0.000000028341 - Current percentage: 1.40% - Max: 91.12% - Min: -0.29% - Market Cap 6112 - Trading time: 00:00:20
08-09-2025 17:03:10.700 INFO Current price: 0.000000028341 - Current percentage: 0.74% - Max: 91.12% - Min: -0.29% - Market Cap 6073 - Trading time: 00:00:27
08-09-2025 17:04:11.131 INFO Current price: 0.000000028104 - Current percentage: -0.29% - Max: 91.12% - Min: -0.29% - Market Cap 6010 - Trading time: 00:01:28
08-09-2025 17:06:36.830 INFO Current price: 0.000000028232 - Current percentage: 1.88% - Max: 91.12% - Min: -0.29% - Market Cap 6141 - Trading time: 00:03:54
08-09-2025 17:06:44.426 INFO Current price: 0.000000028232 - Current percentage: -0.08% - Max: 91.12% - Min: -0.29% - Market Cap 6023 - Trading time: 00:04:01






08-09-2025 17:16:44.426 INFO {"type":"summary","reason":"inactivity","startedAt":"2025-09-08T15:02:42.712Z","endedAt":"2025-09-08T15:16:44.426Z","durationSec":841,"entryPrice":2.9913274602050325e-8,"entryMarketCapSol":28.04095657171653,"entryMarketCapUsd":6027.964434221903,"minPct":-0.2922977868891563,"maxPct":91.11512094889285,"buyCount":7,"sellCount":13,"tradeCount":20,"entryRecorded":true,"noPostThresholdTrades":false,"triggerAt":"2025-09-08T15:02:42.712Z","ageAtTriggerSec":null,"preTotalTrades":1,"preBuys":1,"preSells":0,"preUniqueTraders":1,"preEntryTotalTrades":1,"preEntryBuys":1,"preEntrySells":0,"preEntryUniqueTraders":1,"preEntryMinMcUsd":6859.823591525291,"preEntryMaxMcUsd":6859.823591525291,"thresholdMcSol":28.04095657171653,"thresholdMcUsd":6027.964434221903,"thresholdPrice":2.9913274602050325e-8}
