07-09-2025 18:42:05.700 INFO Entry price: 0.000000046017192516 - Entry market cap: 8795 - Buys 9 - Sells 2 - Ratio: 1:0.22 - Min MarketCap: 7031 - Max MarketCap: 10497
07-09-2025 18:42:05.700 INFO Current price: 0.000000046017 - Current percentage: 0.00% - Max: 0.00% - Min: 0.00% - Market Cap 8795 - Trading time: 00:00:02
07-09-2025 18:42:07.325 INFO Current price: 0.000000042289 - Current percentage: -3.71% - Max: 0.00% - Min: -3.71% - Market Cap 8469 - Trading time: 00:00:03
07-09-2025 18:42:08.173 INFO Current price: 0.000000039291 - Current percentage: -13.68% - Max: 0.00% - Min: -13.68% - Market Cap 7593 - Trading time: 00:00:04
07-09-2025 18:42:09.899 INFO Current price: 0.000000037307 - Current percentage: -13.19% - Max: 0.00% - Min: -13.68% - Market Cap 7636 - Trading time: 00:00:06
07-09-2025 18:42:13.389 INFO Current price: 0.000000035280 - Current percentage: -22.80% - Max: 0.00% - Min: -22.80% - Market Cap 6790 - Trading time: 00:00:09
07-09-2025 18:42:13.392 INFO Current price: 0.000000032312 - Current percentage: -27.18% - Max: 0.00% - Min: -27.18% - Market Cap 6405 - Trading time: 00:00:09
07-09-2025 18:42:14.674 INFO Current price: 0.000000029747 - Current percentage: -34.57% - Max: 0.00% - Min: -34.57% - Market Cap 5755 - Trading time: 00:00:10
07-09-2025 18:42:24.611 INFO Current price: 0.000000030028 - Current percentage: -25.80% - Max: 0.00% - Min: -34.57% - Market Cap 6526 - Trading time: 00:00:20
07-09-2025 18:42:24.946 INFO Current price: 0.000000032972 - Current percentage: -21.11% - Max: 0.00% - Min: -34.57% - Market Cap 6939 - Trading time: 00:00:21
07-09-2025 18:42:24.946 INFO Current price: 0.000000034902 - Current percentage: -16.86% - Max: 0.00% - Min: -34.57% - Market Cap 7313 - Trading time: 00:00:21
07-09-2025 18:42:24.946 INFO Current price: 0.000000036464 - Current percentage: -13.89% - Max: 0.00% - Min: -34.57% - Market Cap 7573 - Trading time: 00:00:21
07-09-2025 18:42:25.103 INFO Current price: 0.000000036514 - Current percentage: -16.63% - Max: 0.00% - Min: -34.57% - Market Cap 7333 - Trading time: 00:00:21
07-09-2025 18:42:32.801 INFO Current price: 0.000000035941 - Current percentage: -16.58% - Max: 0.00% - Min: -34.57% - Market Cap 7337 - Trading time: 00:00:29
07-09-2025 18:42:34.088 INFO Current price: 0.000000035878 - Current percentage: -16.92% - Max: 0.00% - Min: -34.57% - Market Cap 7308 - Trading time: 00:00:30
07-09-2025 18:42:34.218 INFO Current price: 0.000000034868 - Current percentage: -21.21% - Max: 0.00% - Min: -34.57% - Market Cap 6930 - Trading time: 00:00:30
07-09-2025 18:42:34.527 INFO Current price: 0.000000033391 - Current percentage: -23.81% - Max: 0.00% - Min: -34.57% - Market Cap 6702 - Trading time: 00:00:30
07-09-2025 18:42:36.138 INFO Current price: 0.000000033626 - Current percentage: -20.10% - Max: 0.00% - Min: -34.57% - Market Cap 7028 - Trading time: 00:00:32
07-09-2025 18:42:38.989 INFO Current price: 0.000000033626 - Current percentage: -23.81% - Max: 0.00% - Min: -34.57% - Market Cap 6702 - Trading time: 00:00:35
07-09-2025 18:42:49.318 INFO Current price: 0.000000032342 - Current percentage: -26.08% - Max: 0.00% - Min: -34.57% - Market Cap 6501 - Trading time: 00:00:45
07-09-2025 18:42:50.333 INFO Current price: 0.000000032633 - Current percentage: -22.43% - Max: 0.00% - Min: -34.57% - Market Cap 6823 - Trading time: 00:00:46
07-09-2025 18:42:54.455 INFO Current price: 0.000000034763 - Current percentage: -16.12% - Max: 0.00% - Min: -34.57% - Market Cap 7378 - Trading time: 00:00:50
07-09-2025 18:42:54.456 INFO Current price: 0.000000037457 - Current percentage: -9.94% - Max: 0.00% - Min: -34.57% - Market Cap 7921 - Trading time: 00:00:50
07-09-2025 18:42:54.502 INFO Current price: 0.000000039910 - Current percentage: -4.77% - Max: 0.00% - Min: -34.57% - Market Cap 8376 - Trading time: 00:00:50
07-09-2025 18:42:54.504 INFO Current price: 0.000000042470 - Current percentage: 1.99% - Max: 1.99% - Min: -34.57% - Market Cap 8970 - Trading time: 00:00:50
07-09-2025 18:42:54.554 INFO Current price: 0.000000044450 - Current percentage: 4.31% - Max: 4.31% - Min: -34.57% - Market Cap 9174 - Trading time: 00:00:50
07-09-2025 18:42:54.650 INFO Current price: 0.000000046855 - Current percentage: 10.40% - Max: 10.40% - Min: -34.57% - Market Cap 9710 - Trading time: 00:00:50
07-09-2025 18:42:54.837 INFO Current price: 0.000000047663 - Current percentage: 10.79% - Max: 10.79% - Min: -34.57% - Market Cap 9745 - Trading time: 00:00:51
07-09-2025 18:42:54.843 INFO Current price: 0.000000047402 - Current percentage: 9.20% - Max: 10.79% - Min: -34.57% - Market Cap 9604 - Trading time: 00:00:51
07-09-2025 18:42:55.113 INFO Current price: 0.000000047043 - Current percentage: 9.20% - Max: 10.79% - Min: -34.57% - Market Cap 9604 - Trading time: 00:00:51
07-09-2025 18:42:55.129 INFO Current price: 0.000000047042 - Current percentage: 9.20% - Max: 10.79% - Min: -34.57% - Market Cap 9604 - Trading time: 00:00:51
07-09-2025 18:42:56.209 INFO Current price: 0.000000045735 - Current percentage: 3.13% - Max: 10.79% - Min: -34.57% - Market Cap 9071 - Trading time: 00:00:52
07-09-2025 18:42:56.510 INFO Current price: 0.000000045136 - Current percentage: 6.36% - Max: 10.79% - Min: -34.57% - Market Cap 9355 - Trading time: 00:00:52
07-09-2025 18:42:59.482 INFO Current price: 0.000000044505 - Current percentage: 0.27% - Max: 10.79% - Min: -34.57% - Market Cap 8819 - Trading time: 00:00:55
07-09-2025 18:43:04.905 INFO Current price: 0.000000042975 - Current percentage: -0.83% - Max: 10.79% - Min: -34.57% - Market Cap 8723 - Trading time: 00:01:01
07-09-2025 18:43:05.572 INFO Current price: 0.000000042722 - Current percentage: -0.83% - Max: 10.79% - Min: -34.57% - Market Cap 8723 - Trading time: 00:01:01
07-09-2025 18:43:12.751 INFO Current price: 0.000000042108 - Current percentage: -3.73% - Max: 10.79% - Min: -34.57% - Market Cap 8467 - Trading time: 00:01:09
07-09-2025 18:43:15.008 INFO Current price: 0.000000041308 - Current percentage: -4.56% - Max: 10.79% - Min: -34.57% - Market Cap 8394 - Trading time: 00:01:11
07-09-2025 18:43:15.082 INFO Current price: 0.000000040431 - Current percentage: -7.78% - Max: 10.79% - Min: -34.57% - Market Cap 8111 - Trading time: 00:01:11
07-09-2025 18:43:18.374 INFO Current price: 0.000000040831 - Current percentage: -2.67% - Max: 10.79% - Min: -34.57% - Market Cap 8561 - Trading time: 00:01:14
07-09-2025 18:43:18.902 INFO Current price: 0.000000042510 - Current percentage: -0.03% - Max: 10.79% - Min: -34.57% - Market Cap 8793 - Trading time: 00:01:15
07-09-2025 18:43:19.283 INFO Current price: 0.000000043364 - Current percentage: 1.28% - Max: 10.79% - Min: -34.57% - Market Cap 8908 - Trading time: 00:01:15
07-09-2025 18:43:19.777 INFO Current price: 0.000000043879 - Current percentage: 2.35% - Max: 10.79% - Min: -34.57% - Market Cap 9002 - Trading time: 00:01:16
07-09-2025 18:43:20.112 INFO Current price: 0.000000045026 - Current percentage: 6.65% - Max: 10.79% - Min: -34.57% - Market Cap 9380 - Trading time: 00:01:16
07-09-2025 18:43:20.191 INFO Current price: 0.000000045963 - Current percentage: 6.66% - Max: 10.79% - Min: -34.57% - Market Cap 9381 - Trading time: 00:01:16
07-09-2025 18:43:21.958 INFO Current price: 0.000000045030 - Current percentage: 2.36% - Max: 10.79% - Min: -34.57% - Market Cap 9003 - Trading time: 00:01:18
07-09-2025 18:43:24.588 INFO Current price: 0.000000043468 - Current percentage: -0.61% - Max: 10.79% - Min: -34.57% - Market Cap 8741 - Trading time: 00:01:20
07-09-2025 18:43:24.854 INFO Current price: 0.000000042829 - Current percentage: -0.62% - Max: 10.79% - Min: -34.57% - Market Cap 8741 - Trading time: 00:01:21
07-09-2025 18:43:29.493 INFO Current price: 0.000000040252 - Current percentage: -9.98% - Max: 10.79% - Min: -34.57% - Market Cap 7918 - Trading time: 00:01:25
07-09-2025 18:43:29.494 INFO Current price: 0.000000037257 - Current percentage: -16.98% - Max: 10.79% - Min: -34.57% - Market Cap 7302 - Trading time: 00:01:25
07-09-2025 18:43:29.545 INFO Current price: 0.000000033480 - Current percentage: -27.30% - Max: 10.79% - Min: -34.57% - Market Cap 6394 - Trading time: 00:01:25
07-09-2025 18:43:29.715 INFO Current price: 0.000000030974 - Current percentage: -28.94% - Max: 10.79% - Min: -34.57% - Market Cap 6250 - Trading time: 00:01:26
07-09-2025 18:43:29.812 INFO Current price: 0.000000030175 - Current percentage: -31.00% - Max: 10.79% - Min: -34.57% - Market Cap 6068 - Trading time: 00:01:26
07-09-2025 18:43:29.965 INFO Current price: 0.000000029693 - Current percentage: -31.20% - Max: 10.79% - Min: -34.57% - Market Cap 6052 - Trading time: 00:01:26
07-09-2025 18:43:30.738 INFO Current price: 0.000000029577 - Current percentage: -31.54% - Max: 10.79% - Min: -34.57% - Market Cap 6021 - Trading time: 00:01:27
07-09-2025 18:43:31.772 INFO Current price: 0.000000028841 - Current percentage: -34.58% - Max: 10.79% - Min: -34.58% - Market Cap 5754 - Trading time: 00:01:28
07-09-2025 18:43:47.659 INFO Current price: 0.000000028289 - Current percentage: -34.14% - Max: 10.79% - Min: -34.58% - Market Cap 5793 - Trading time: 00:01:43
07-09-2025 18:43:47.887 INFO Current price: 0.000000028406 - Current percentage: -34.14% - Max: 10.79% - Min: -34.58% - Market Cap 5793 - Trading time: 00:01:44
07-09-2025 18:43:50.286 INFO Current price: 0.000000028263 - Current percentage: -34.69% - Max: 10.79% - Min: -34.69% - Market Cap 5744 - Trading time: 00:01:46
07-09-2025 18:46:19.671 INFO Current price: 0.000000028051 - Current percentage: -35.12% - Max: 10.79% - Min: -35.12% - Market Cap 5706 - Trading time: 00:04:15






07-09-2025 18:56:19.671 INFO {"type":"summary","reason":"inactivity","startedAt":"2025-09-07T16:42:03.699Z","endedAt":"2025-09-07T16:56:19.671Z","durationSec":855,"entryPrice":4.6017192516101624e-8,"entryMarketCapSol":43.0956909823508,"entryMarketCapUsd":8795.399572587976,"minPct":-35.12345935539839,"maxPct":10.792775200825265,"buyCount":25,"sellCount":33,"tradeCount":58,"entryRecorded":true,"noPostThresholdTrades":false,"triggerAt":"2025-09-07T16:42:03.699Z","ageAtTriggerSec":14,"preTotalTrades":11,"preBuys":9,"preSells":2,"preUniqueTraders":7,"preEntryTotalTrades":11,"preEntryBuys":9,"preEntrySells":2,"preEntryUniqueTraders":7,"preEntryMinMcUsd":7030.54862068581,"preEntryMaxMcUsd":10497.376902647573,"thresholdMcSol":43.0956909823508,"thresholdMcUsd":8795.399572587976,"thresholdPrice":4.6017192516101624e-8}
