08-09-2025 15:04:52.764 INFO Entry price: 0.000000035558681043 - Entry market cap: 7310 - Buys 16 - Sells 3 - Ratio: 1:0.19 - Min MarketCap: 6483 - Max MarketCap: 8009
08-09-2025 15:04:52.764 INFO Current price: 0.000000035559 - Current percentage: 0.00% - Max: 0.00% - Min: 0.00% - Market Cap 7310 - Trading time: 00:00:02
08-09-2025 15:04:52.826 INFO Current price: 0.000000034014 - Current percentage: -0.49% - Max: 0.00% - Min: -0.49% - Market Cap 7274 - Trading time: 00:00:02
08-09-2025 15:04:53.240 INFO Current price: 0.000000034460 - Current percentage: 2.82% - Max: 2.82% - Min: -0.49% - Market Cap 7516 - Trading time: 00:00:02
08-09-2025 15:04:53.853 INFO Current price: 0.000000035344 - Current percentage: 4.68% - Max: 4.68% - Min: -0.49% - Market Cap 7652 - Trading time: 00:00:03
08-09-2025 15:04:54.097 INFO Current price: 0.000000035766 - Current percentage: 5.29% - Max: 5.29% - Min: -0.49% - Market Cap 7696 - Trading time: 00:00:03
08-09-2025 15:04:54.733 INFO Current price: 0.000000035920 - Current percentage: 5.59% - Max: 5.59% - Min: -0.49% - Market Cap 7718 - Trading time: 00:00:03
08-09-2025 15:04:55.750 INFO Current price: 0.000000035938 - Current percentage: 5.40% - Max: 5.59% - Min: -0.49% - Market Cap 7704 - Trading time: 00:00:04
08-09-2025 15:04:56.270 INFO Current price: 0.000000035929 - Current percentage: 5.40% - Max: 5.59% - Min: -0.49% - Market Cap 7704 - Trading time: 00:00:05
08-09-2025 15:04:57.663 INFO Current price: 0.000000036372 - Current percentage: 8.15% - Max: 8.15% - Min: -0.49% - Market Cap 7906 - Trading time: 00:00:06
08-09-2025 15:05:02.243 INFO Current price: 0.000000037811 - Current percentage: 13.90% - Max: 13.90% - Min: -0.49% - Market Cap 8326 - Trading time: 00:00:11
08-09-2025 15:05:02.372 INFO Current price: 0.000000039000 - Current percentage: 15.06% - Max: 15.06% - Min: -0.49% - Market Cap 8411 - Trading time: 00:00:11
08-09-2025 15:05:04.283 INFO Current price: 0.000000039307 - Current percentage: 15.70% - Max: 15.70% - Min: -0.49% - Market Cap 8457 - Trading time: 00:00:13
08-09-2025 15:05:04.453 INFO Current price: 0.000000039417 - Current percentage: 15.71% - Max: 15.71% - Min: -0.49% - Market Cap 8458 - Trading time: 00:00:13
08-09-2025 15:05:04.752 INFO Current price: 0.000000039298 - Current percentage: 15.00% - Max: 15.71% - Min: -0.49% - Market Cap 8406 - Trading time: 00:00:13
08-09-2025 15:05:06.573 INFO Current price: 0.000000039285 - Current percentage: 15.63% - Max: 15.71% - Min: -0.49% - Market Cap 8453 - Trading time: 00:00:15
08-09-2025 15:05:07.769 INFO Current price: 0.000000039193 - Current percentage: 14.46% - Max: 15.71% - Min: -0.49% - Market Cap 8367 - Trading time: 00:00:17
08-09-2025 15:05:07.868 INFO Current price: 0.000000038992 - Current percentage: 14.45% - Max: 15.71% - Min: -0.49% - Market Cap 8366 - Trading time: 00:00:17
08-09-2025 15:05:09.529 INFO Current price: 0.000000038932 - Current percentage: 14.11% - Max: 15.71% - Min: -0.49% - Market Cap 8341 - Trading time: 00:00:18
08-09-2025 15:05:10.224 INFO Current price: 0.000000039325 - Current percentage: 16.77% - Max: 16.77% - Min: -0.49% - Market Cap 8536 - Trading time: 00:00:19
08-09-2025 15:05:12.753 INFO Current price: 0.000000039260 - Current percentage: 13.73% - Max: 16.77% - Min: -0.49% - Market Cap 8314 - Trading time: 00:00:21
08-09-2025 15:05:13.252 INFO Current price: 0.000000038640 - Current percentage: 13.11% - Max: 16.77% - Min: -0.49% - Market Cap 8268 - Trading time: 00:00:22
08-09-2025 15:05:15.195 INFO Current price: 0.000000038430 - Current percentage: 12.50% - Max: 16.77% - Min: -0.49% - Market Cap 8223 - Trading time: 00:00:24
08-09-2025 15:05:16.453 INFO Current price: 0.000000039427 - Current percentage: 19.06% - Max: 19.06% - Min: -0.49% - Market Cap 8703 - Trading time: 00:00:25
08-09-2025 15:05:31.520 INFO Current price: 0.000000041259 - Current percentage: 22.90% - Max: 22.90% - Min: -0.49% - Market Cap 8984 - Trading time: 00:00:40
08-09-2025 15:05:37.619 INFO Current price: 0.000000042432 - Current percentage: 26.23% - Max: 26.23% - Min: -0.49% - Market Cap 9227 - Trading time: 00:00:46
08-09-2025 15:05:37.683 INFO Current price: 0.000000043006 - Current percentage: 26.25% - Max: 26.25% - Min: -0.49% - Market Cap 9228 - Trading time: 00:00:46
08-09-2025 15:05:41.706 INFO Current price: 0.000000043581 - Current percentage: 29.63% - Max: 29.63% - Min: -0.49% - Market Cap 9475 - Trading time: 00:00:50
08-09-2025 15:05:42.647 INFO Current price: 0.000000044160 - Current percentage: 29.63% - Max: 29.63% - Min: -0.49% - Market Cap 9476 - Trading time: 00:00:51
08-09-2025 15:05:45.372 INFO Current price: 0.000000044208 - Current percentage: 29.91% - Max: 29.91% - Min: -0.49% - Market Cap 9496 - Trading time: 00:00:54
08-09-2025 15:05:57.964 INFO Current price: 0.000000043959 - Current percentage: 28.17% - Max: 29.91% - Min: -0.49% - Market Cap 9369 - Trading time: 00:01:07
08-09-2025 15:06:02.822 INFO Current price: 0.000000043016 - Current percentage: 24.40% - Max: 29.91% - Min: -0.49% - Market Cap 9093 - Trading time: 00:01:12
08-09-2025 15:06:02.844 INFO Current price: 0.000000041547 - Current percentage: 19.57% - Max: 29.91% - Min: -0.49% - Market Cap 8740 - Trading time: 00:01:12
08-09-2025 15:06:02.857 INFO Current price: 0.000000040232 - Current percentage: 16.65% - Max: 29.91% - Min: -0.49% - Market Cap 8527 - Trading time: 00:01:12
08-09-2025 15:06:02.867 INFO Current price: 0.000000039283 - Current percentage: 13.99% - Max: 29.91% - Min: -0.49% - Market Cap 8332 - Trading time: 00:01:12
08-09-2025 15:06:02.889 INFO Current price: 0.000000038188 - Current percentage: 10.23% - Max: 29.91% - Min: -0.49% - Market Cap 8058 - Trading time: 00:01:12
08-09-2025 15:06:02.916 INFO Current price: 0.000000036887 - Current percentage: 6.36% - Max: 29.91% - Min: -0.49% - Market Cap 7774 - Trading time: 00:01:12
08-09-2025 15:06:02.930 INFO Current price: 0.000000036230 - Current percentage: 6.35% - Max: 29.91% - Min: -0.49% - Market Cap 7774 - Trading time: 00:01:12
08-09-2025 15:06:02.935 INFO Current price: 0.000000035631 - Current percentage: 2.87% - Max: 29.91% - Min: -0.49% - Market Cap 7519 - Trading time: 00:01:12
08-09-2025 15:06:02.950 INFO Current price: 0.000000034633 - Current percentage: 0.47% - Max: 29.91% - Min: -0.49% - Market Cap 7344 - Trading time: 00:01:12
08-09-2025 15:06:02.972 INFO Current price: 0.000000033944 - Current percentage: -1.19% - Max: 29.91% - Min: -1.19% - Market Cap 7223 - Trading time: 00:01:12
08-09-2025 15:06:03.023 INFO Current price: 0.000000033250 - Current percentage: -3.59% - Max: 29.91% - Min: -3.59% - Market Cap 7047 - Trading time: 00:01:12
08-09-2025 15:06:03.025 INFO Current price: 0.000000032451 - Current percentage: -5.88% - Max: 29.91% - Min: -5.88% - Market Cap 6880 - Trading time: 00:01:12
08-09-2025 15:06:03.062 INFO Current price: 0.000000031265 - Current percentage: -10.51% - Max: 29.91% - Min: -10.51% - Market Cap 6541 - Trading time: 00:01:12
08-09-2025 15:06:03.083 INFO Current price: 0.000000030144 - Current percentage: -12.51% - Max: 29.91% - Min: -12.51% - Market Cap 6395 - Trading time: 00:01:12
08-09-2025 15:06:04.277 INFO Current price: 0.000000029806 - Current percentage: -12.51% - Max: 29.91% - Min: -12.51% - Market Cap 6395 - Trading time: 00:01:13
08-09-2025 15:06:06.614 INFO Current price: 0.000000029230 - Current percentage: -15.85% - Max: 29.91% - Min: -15.85% - Market Cap 6151 - Trading time: 00:01:15
08-09-2025 15:06:07.825 INFO Current price: 0.000000028592 - Current percentage: -16.29% - Max: 29.91% - Min: -16.29% - Market Cap 6119 - Trading time: 00:01:17
08-09-2025 15:06:16.267 INFO Current price: 0.000000028460 - Current percentage: -16.46% - Max: 29.91% - Min: -16.46% - Market Cap 6107 - Trading time: 00:01:25
08-09-2025 15:06:54.037 INFO Current price: 0.000000028237 - Current percentage: -17.72% - Max: 29.91% - Min: -17.72% - Market Cap 6015 - Trading time: 00:02:03
08-09-2025 15:09:28.049 INFO Current price: 0.000000028281 - Current percentage: -16.11% - Max: 29.91% - Min: -17.72% - Market Cap 6132 - Trading time: 00:04:37
08-09-2025 15:10:02.175 INFO Current price: 0.000000028558 - Current percentage: -16.11% - Max: 29.91% - Min: -17.72% - Market Cap 6132 - Trading time: 00:05:11






08-09-2025 15:20:02.181 INFO {"type":"summary","reason":"inactivity","startedAt":"2025-09-08T13:04:50.763Z","endedAt":"2025-09-08T13:20:02.181Z","durationSec":911,"entryPrice":3.555868104318598e-8,"entryMarketCapSol":34.066953831414295,"entryMarketCapUsd":7309.746283606565,"minPct":-17.718299561149824,"maxPct":29.908085856312727,"buyCount":20,"sellCount":31,"tradeCount":51,"entryRecorded":true,"noPostThresholdTrades":false,"triggerAt":"2025-09-08T13:04:50.763Z","ageAtTriggerSec":18,"preTotalTrades":18,"preBuys":15,"preSells":3,"preUniqueTraders":15,"preEntryTotalTrades":19,"preEntryBuys":16,"preEntrySells":3,"preEntryUniqueTraders":16,"preEntryMinMcUsd":6482.532148077966,"preEntryMaxMcUsd":8008.576270936224,"thresholdMcSol":34.066953831414295,"thresholdMcUsd":7309.746283606565,"thresholdPrice":3.555868104318598e-8}
