07-09-2025 03:49:08.347 INFO Entry price: 0.000000042378550321 - Entry market cap: 8121 - Buys 21 - Sells 13 - Ratio: 1:0.62 - Min MarketCap: 7443 - Max MarketCap: 10575
07-09-2025 03:49:08.347 INFO Current price: 0.000000042379 - Current percentage: 0.00% - Max: 0.00% - Min: 0.00% - Market Cap 8121 - Trading time: 00:00:02
07-09-2025 03:49:08.545 INFO Current price: 0.000000051763 - Current percentage: 31.41% - Max: 31.41% - Min: 0.00% - Market Cap 10672 - Trading time: 00:00:02
07-09-2025 03:49:08.546 INFO Current price: 0.000000053454 - Current percentage: 35.41% - Max: 35.41% - Min: 0.00% - Market Cap 10997 - Trading time: 00:00:02
07-09-2025 03:49:08.546 INFO Current price: 0.000000054950 - Current percentage: 38.87% - Max: 38.87% - Min: 0.00% - Market Cap 11278 - Trading time: 00:00:02
07-09-2025 03:49:08.549 INFO Current price: 0.000000056771 - Current percentage: 44.53% - Max: 44.53% - Min: 0.00% - Market Cap 11738 - Trading time: 00:00:02
07-09-2025 03:49:09.100 INFO Current price: 0.000000057354 - Current percentage: 41.73% - Max: 44.53% - Min: 0.00% - Market Cap 11511 - Trading time: 00:00:02
07-09-2025 03:49:09.100 INFO Current price: 0.000000056650 - Current percentage: 41.01% - Max: 44.53% - Min: 0.00% - Market Cap 11452 - Trading time: 00:00:02
07-09-2025 03:49:09.521 INFO Current price: 0.000000055791 - Current percentage: 37.47% - Max: 44.53% - Min: 0.00% - Market Cap 11164 - Trading time: 00:00:03
07-09-2025 03:49:09.528 INFO Current price: 0.000000054261 - Current percentage: 33.38% - Max: 44.53% - Min: 0.00% - Market Cap 10832 - Trading time: 00:00:03
07-09-2025 03:49:09.528 INFO Current price: 0.000000052533 - Current percentage: 28.85% - Max: 44.53% - Min: 0.00% - Market Cap 10464 - Trading time: 00:00:03
07-09-2025 03:49:09.531 INFO Current price: 0.000000050666 - Current percentage: 24.07% - Max: 44.53% - Min: 0.00% - Market Cap 10076 - Trading time: 00:00:03
07-09-2025 03:49:10.303 INFO Current price: 0.000000051540 - Current percentage: 33.33% - Max: 44.53% - Min: 0.00% - Market Cap 10829 - Trading time: 00:00:03
07-09-2025 03:49:11.922 INFO Current price: 0.000000053054 - Current percentage: 31.47% - Max: 44.53% - Min: 0.00% - Market Cap 10677 - Trading time: 00:00:05
07-09-2025 03:49:11.922 INFO Current price: 0.000000053773 - Current percentage: 36.97% - Max: 44.53% - Min: 0.00% - Market Cap 11124 - Trading time: 00:00:05
07-09-2025 03:49:13.661 INFO Current price: 0.000000055173 - Current percentage: 38.40% - Max: 44.53% - Min: 0.00% - Market Cap 11240 - Trading time: 00:00:07
07-09-2025 03:49:14.891 INFO Current price: 0.000000054331 - Current percentage: 32.82% - Max: 44.53% - Min: 0.00% - Market Cap 10787 - Trading time: 00:00:08
07-09-2025 03:49:16.335 INFO Current price: 0.000000052454 - Current percentage: 29.01% - Max: 44.53% - Min: 0.00% - Market Cap 10477 - Trading time: 00:00:09
07-09-2025 03:49:16.335 INFO Current price: 0.000000050700 - Current percentage: 24.08% - Max: 44.53% - Min: 0.00% - Market Cap 10078 - Trading time: 00:00:09
07-09-2025 03:49:16.706 INFO Current price: 0.000000050155 - Current percentage: 26.24% - Max: 44.53% - Min: 0.00% - Market Cap 10253 - Trading time: 00:00:10
07-09-2025 03:49:16.871 INFO Current price: 0.000000052093 - Current percentage: 33.86% - Max: 44.53% - Min: 0.00% - Market Cap 10872 - Trading time: 00:00:10
07-09-2025 03:49:17.550 INFO Current price: 0.000000053831 - Current percentage: 34.81% - Max: 44.53% - Min: 0.00% - Market Cap 10948 - Trading time: 00:00:11
07-09-2025 03:49:18.942 INFO Current price: 0.000000052100 - Current percentage: 25.39% - Max: 44.53% - Min: 0.00% - Market Cap 10184 - Trading time: 00:00:12
07-09-2025 03:49:19.013 INFO Current price: 0.000000050251 - Current percentage: 25.39% - Max: 44.53% - Min: 0.00% - Market Cap 10184 - Trading time: 00:00:12
07-09-2025 03:49:19.801 INFO Current price: 0.000000050701 - Current percentage: 27.66% - Max: 44.53% - Min: 0.00% - Market Cap 10368 - Trading time: 00:00:13
07-09-2025 03:49:19.803 INFO Current price: 0.000000051414 - Current percentage: 28.95% - Max: 44.53% - Min: 0.00% - Market Cap 10472 - Trading time: 00:00:13
07-09-2025 03:49:20.320 INFO Current price: 0.000000052415 - Current percentage: 32.68% - Max: 44.53% - Min: 0.00% - Market Cap 10776 - Trading time: 00:00:13
07-09-2025 03:49:22.056 INFO Current price: 0.000000053830 - Current percentage: 36.00% - Max: 44.53% - Min: 0.00% - Market Cap 11045 - Trading time: 00:00:15
07-09-2025 03:49:22.056 INFO Current price: 0.000000055507 - Current percentage: 41.08% - Max: 44.53% - Min: 0.00% - Market Cap 11458 - Trading time: 00:00:15
07-09-2025 03:49:22.056 INFO Current price: 0.000000057453 - Current percentage: 45.70% - Max: 45.70% - Min: 0.00% - Market Cap 11833 - Trading time: 00:00:15
07-09-2025 03:49:22.096 INFO Current price: 0.000000058854 - Current percentage: 48.04% - Max: 48.04% - Min: 0.00% - Market Cap 12023 - Trading time: 00:00:15
07-09-2025 03:49:22.118 INFO Current price: 0.000000061015 - Current percentage: 56.60% - Max: 56.60% - Min: 0.00% - Market Cap 12718 - Trading time: 00:00:15
07-09-2025 03:49:22.122 INFO Current price: 0.000000063207 - Current percentage: 58.87% - Max: 58.87% - Min: 0.00% - Market Cap 12903 - Trading time: 00:00:15
07-09-2025 03:49:22.149 INFO Current price: 0.000000064095 - Current percentage: 61.03% - Max: 61.03% - Min: 0.00% - Market Cap 13078 - Trading time: 00:00:15
07-09-2025 03:49:22.149 INFO Current price: 0.000000066020 - Current percentage: 68.56% - Max: 68.56% - Min: 0.00% - Market Cap 13689 - Trading time: 00:00:15
07-09-2025 03:49:22.154 INFO Current price: 0.000000069173 - Current percentage: 76.78% - Max: 76.78% - Min: 0.00% - Market Cap 14357 - Trading time: 00:00:15
07-09-2025 03:49:22.510 INFO Current price: 0.000000070883 - Current percentage: 76.78% - Max: 76.78% - Min: 0.00% - Market Cap 14357 - Trading time: 00:00:16
07-09-2025 03:49:22.912 INFO Current price: 0.000000071748 - Current percentage: 81.34% - Max: 81.34% - Min: 0.00% - Market Cap 14728 - Trading time: 00:00:16
07-09-2025 03:49:23.728 INFO Current price: 0.000000071748 - Current percentage: 76.78% - Max: 81.34% - Min: 0.00% - Market Cap 14357 - Trading time: 00:00:17
07-09-2025 03:49:24.082 INFO Current price: 0.000000069594 - Current percentage: 70.62% - Max: 81.34% - Min: 0.00% - Market Cap 13857 - Trading time: 00:00:17
07-09-2025 03:49:24.407 INFO Current price: 0.000000067007 - Current percentage: 63.88% - Max: 81.34% - Min: 0.00% - Market Cap 13310 - Trading time: 00:00:18
07-09-2025 03:49:25.582 INFO Current price: 0.000000064787 - Current percentage: 59.50% - Max: 81.34% - Min: 0.00% - Market Cap 12954 - Trading time: 00:00:19
07-09-2025 03:49:25.585 INFO Current price: 0.000000064412 - Current percentage: 61.99% - Max: 81.34% - Min: 0.00% - Market Cap 13156 - Trading time: 00:00:19
07-09-2025 03:49:26.108 INFO Current price: 0.000000062858 - Current percentage: 51.89% - Max: 81.34% - Min: 0.00% - Market Cap 12336 - Trading time: 00:00:19
07-09-2025 03:49:26.708 INFO Current price: 0.000000060888 - Current percentage: 51.99% - Max: 81.34% - Min: 0.00% - Market Cap 12344 - Trading time: 00:00:20
07-09-2025 03:49:26.747 INFO Current price: 0.000000062182 - Current percentage: 58.42% - Max: 81.34% - Min: 0.00% - Market Cap 12866 - Trading time: 00:00:20
07-09-2025 03:49:27.270 INFO Current price: 0.000000067602 - Current percentage: 79.65% - Max: 81.34% - Min: 0.00% - Market Cap 14590 - Trading time: 00:00:20
07-09-2025 03:49:27.684 INFO Current price: 0.000000072003 - Current percentage: 79.72% - Max: 81.34% - Min: 0.00% - Market Cap 14596 - Trading time: 00:00:21
07-09-2025 03:49:28.576 INFO Current price: 0.000000073132 - Current percentage: 85.32% - Max: 85.32% - Min: 0.00% - Market Cap 15051 - Trading time: 00:00:22
07-09-2025 03:49:28.580 INFO Current price: 0.000000075378 - Current percentage: 90.93% - Max: 90.93% - Min: 0.00% - Market Cap 15506 - Trading time: 00:00:22
07-09-2025 03:49:28.581 INFO Current price: 0.000000077525 - Current percentage: 96.03% - Max: 96.03% - Min: 0.00% - Market Cap 15921 - Trading time: 00:00:22
07-09-2025 03:49:28.880 INFO Current price: 0.000000079396 - Current percentage: 100.25% - Max: 100.25% - Min: 0.00% - Market Cap 16263 - Trading time: 00:00:22
07-09-2025 03:49:29.720 INFO Current price: 0.000000078976 - Current percentage: 93.96% - Max: 100.25% - Min: 0.00% - Market Cap 15753 - Trading time: 00:00:23
07-09-2025 03:49:29.922 INFO Current price: 0.000000076712 - Current percentage: 88.94% - Max: 100.25% - Min: 0.00% - Market Cap 15344 - Trading time: 00:00:23
07-09-2025 03:49:30.244 INFO Current price: 0.000000074598 - Current percentage: 83.42% - Max: 100.25% - Min: 0.00% - Market Cap 14896 - Trading time: 00:00:23
07-09-2025 03:49:30.871 INFO Current price: 0.000000073648 - Current percentage: 84.16% - Max: 100.25% - Min: 0.00% - Market Cap 14956 - Trading time: 00:00:24
07-09-2025 03:49:31.550 INFO Current price: 0.000000074330 - Current percentage: 86.83% - Max: 100.25% - Min: 0.00% - Market Cap 15173 - Trading time: 00:00:25
07-09-2025 03:49:31.774 INFO Current price: 0.000000076310 - Current percentage: 94.10% - Max: 100.25% - Min: 0.00% - Market Cap 15764 - Trading time: 00:00:25
07-09-2025 03:49:32.799 INFO Current price: 0.000000077812 - Current percentage: 94.25% - Max: 100.25% - Min: 0.00% - Market Cap 15776 - Trading time: 00:00:26
07-09-2025 03:49:32.799 INFO Current price: 0.000000079075 - Current percentage: 100.45% - Max: 100.45% - Min: 0.00% - Market Cap 16280 - Trading time: 00:00:26
07-09-2025 03:49:32.799 INFO Current price: 0.000000081456 - Current percentage: 106.13% - Max: 106.13% - Min: 0.00% - Market Cap 16741 - Trading time: 00:00:26
07-09-2025 03:49:32.799 INFO Current price: 0.000000083912 - Current percentage: 112.73% - Max: 112.73% - Min: 0.00% - Market Cap 17276 - Trading time: 00:00:26
07-09-2025 03:49:32.799 INFO Current price: 0.000000084288 - Current percentage: 107.98% - Max: 112.73% - Min: 0.00% - Market Cap 16891 - Trading time: 00:00:26
07-09-2025 03:49:34.129 INFO Current price: 0.000000082350 - Current percentage: 102.32% - Max: 112.73% - Min: 0.00% - Market Cap 16432 - Trading time: 00:00:27
07-09-2025 03:49:34.334 INFO Current price: 0.000000079806 - Current percentage: 96.04% - Max: 112.73% - Min: 0.00% - Market Cap 15921 - Trading time: 00:00:27
07-09-2025 03:49:34.335 INFO Current price: 0.000000078580 - Current percentage: 96.15% - Max: 112.73% - Min: 0.00% - Market Cap 15930 - Trading time: 00:00:27
07-09-2025 03:49:34.890 INFO Current price: 0.000000077779 - Current percentage: 92.06% - Max: 112.73% - Min: 0.00% - Market Cap 15598 - Trading time: 00:00:28
07-09-2025 03:49:34.897 INFO Current price: 0.000000077379 - Current percentage: 94.14% - Max: 112.73% - Min: 0.00% - Market Cap 15767 - Trading time: 00:00:28
07-09-2025 03:49:36.074 INFO Current price: 0.000000077812 - Current percentage: 94.22% - Max: 112.73% - Min: 0.00% - Market Cap 15773 - Trading time: 00:00:29
07-09-2025 03:49:36.130 INFO Current price: 0.000000078011 - Current percentage: 94.75% - Max: 112.73% - Min: 0.00% - Market Cap 15817 - Trading time: 00:00:29
07-09-2025 03:49:36.132 INFO Current price: 0.000000078056 - Current percentage: 94.83% - Max: 112.73% - Min: 0.00% - Market Cap 15823 - Trading time: 00:00:29
07-09-2025 03:49:36.383 INFO Current price: 0.000000077019 - Current percentage: 89.61% - Max: 112.73% - Min: 0.00% - Market Cap 15399 - Trading time: 00:00:30
07-09-2025 03:49:36.895 INFO Current price: 0.000000077692 - Current percentage: 98.24% - Max: 112.73% - Min: 0.00% - Market Cap 16100 - Trading time: 00:00:30
07-09-2025 03:49:36.896 INFO Current price: 0.000000079442 - Current percentage: 98.25% - Max: 112.73% - Min: 0.00% - Market Cap 16101 - Trading time: 00:00:30
07-09-2025 03:49:37.511 INFO Current price: 0.000000079520 - Current percentage: 98.63% - Max: 112.73% - Min: 0.00% - Market Cap 16132 - Trading time: 00:00:31
07-09-2025 03:49:37.511 INFO Current price: 0.000000079350 - Current percentage: 97.40% - Max: 112.73% - Min: 0.00% - Market Cap 16032 - Trading time: 00:00:31
07-09-2025 03:49:37.511 INFO Current price: 0.000000077299 - Current percentage: 88.50% - Max: 112.73% - Min: 0.00% - Market Cap 15309 - Trading time: 00:00:31
07-09-2025 03:49:37.694 INFO Current price: 0.000000075910 - Current percentage: 90.37% - Max: 112.73% - Min: 0.00% - Market Cap 15461 - Trading time: 00:00:31
07-09-2025 03:49:37.695 INFO Current price: 0.000000076437 - Current percentage: 91.12% - Max: 112.73% - Min: 0.00% - Market Cap 15522 - Trading time: 00:00:31
07-09-2025 03:49:38.332 INFO Current price: 0.000000076768 - Current percentage: 92.02% - Max: 112.73% - Min: 0.00% - Market Cap 15595 - Trading time: 00:00:31
07-09-2025 03:49:38.477 INFO Current price: 0.000000076971 - Current percentage: 92.14% - Max: 112.73% - Min: 0.00% - Market Cap 15604 - Trading time: 00:00:32
07-09-2025 03:49:38.705 INFO Current price: 0.000000075544 - Current percentage: 84.97% - Max: 112.73% - Min: 0.00% - Market Cap 15022 - Trading time: 00:00:32
07-09-2025 03:49:39.048 INFO Current price: 0.000000072545 - Current percentage: 77.18% - Max: 112.73% - Min: 0.00% - Market Cap 14390 - Trading time: 00:00:32
07-09-2025 03:49:39.147 INFO Current price: 0.000000071291 - Current percentage: 78.63% - Max: 112.73% - Min: 0.00% - Market Cap 14508 - Trading time: 00:00:32
07-09-2025 03:49:39.754 INFO Current price: 0.000000071556 - Current percentage: 78.50% - Max: 112.73% - Min: 0.00% - Market Cap 14497 - Trading time: 00:00:33
07-09-2025 03:49:39.943 INFO Current price: 0.000000070742 - Current percentage: 74.60% - Max: 112.73% - Min: 0.00% - Market Cap 14180 - Trading time: 00:00:33
07-09-2025 03:49:40.481 INFO Current price: 0.000000069259 - Current percentage: 71.09% - Max: 112.73% - Min: 0.00% - Market Cap 13895 - Trading time: 00:00:34
07-09-2025 03:49:40.483 INFO Current price: 0.000000068582 - Current percentage: 71.20% - Max: 112.73% - Min: 0.00% - Market Cap 13904 - Trading time: 00:00:34
07-09-2025 03:49:40.604 INFO Current price: 0.000000068639 - Current percentage: 71.38% - Max: 112.73% - Min: 0.00% - Market Cap 13918 - Trading time: 00:00:34
07-09-2025 03:49:41.087 INFO Current price: 0.000000068164 - Current percentage: 68.84% - Max: 112.73% - Min: 0.00% - Market Cap 13712 - Trading time: 00:00:34
07-09-2025 03:49:41.087 INFO Current price: 0.000000067080 - Current percentage: 65.97% - Max: 112.73% - Min: 0.00% - Market Cap 13479 - Trading time: 00:00:34
07-09-2025 03:49:41.780 INFO Current price: 0.000000067843 - Current percentage: 72.70% - Max: 112.73% - Min: 0.00% - Market Cap 14026 - Trading time: 00:00:35
07-09-2025 03:49:42.098 INFO Current price: 0.000000069257 - Current percentage: 72.96% - Max: 112.73% - Min: 0.00% - Market Cap 14047 - Trading time: 00:00:35
07-09-2025 03:49:42.333 INFO Current price: 0.000000070402 - Current percentage: 78.45% - Max: 112.73% - Min: 0.00% - Market Cap 14493 - Trading time: 00:00:35
07-09-2025 03:49:42.336 INFO Current price: 0.000000072388 - Current percentage: 82.86% - Max: 112.73% - Min: 0.00% - Market Cap 14851 - Trading time: 00:00:35
07-09-2025 03:49:42.354 INFO Current price: 0.000000074307 - Current percentage: 88.04% - Max: 112.73% - Min: 0.00% - Market Cap 15271 - Trading time: 00:00:36
07-09-2025 03:49:43.031 INFO Current price: 0.000000076548 - Current percentage: 94.06% - Max: 112.73% - Min: 0.00% - Market Cap 15760 - Trading time: 00:00:36
07-09-2025 03:49:43.244 INFO Current price: 0.000000079298 - Current percentage: 101.79% - Max: 112.73% - Min: 0.00% - Market Cap 16389 - Trading time: 00:00:36
07-09-2025 03:49:43.297 INFO Current price: 0.000000081018 - Current percentage: 102.57% - Max: 112.73% - Min: 0.00% - Market Cap 16451 - Trading time: 00:00:36
07-09-2025 03:49:43.646 INFO Current price: 0.000000081406 - Current percentage: 103.73% - Max: 112.73% - Min: 0.00% - Market Cap 16546 - Trading time: 00:00:37
07-09-2025 03:49:43.646 INFO Current price: 0.000000082410 - Current percentage: 107.59% - Max: 112.73% - Min: 0.00% - Market Cap 16860 - Trading time: 00:00:37
07-09-2025 03:49:43.746 INFO Current price: 0.000000082113 - Current percentage: 102.27% - Max: 112.73% - Min: 0.00% - Market Cap 16427 - Trading time: 00:00:37
07-09-2025 03:49:43.942 INFO Current price: 0.000000079716 - Current percentage: 95.65% - Max: 112.73% - Min: 0.00% - Market Cap 15890 - Trading time: 00:00:37
07-09-2025 03:49:44.037 INFO Current price: 0.000000078554 - Current percentage: 96.41% - Max: 112.73% - Min: 0.00% - Market Cap 15952 - Trading time: 00:00:37
07-09-2025 03:49:44.871 INFO Current price: 0.000000077593 - Current percentage: 90.89% - Max: 112.73% - Min: 0.00% - Market Cap 15503 - Trading time: 00:00:38
07-09-2025 03:49:47.022 INFO Current price: 0.000000078480 - Current percentage: 100.93% - Max: 112.73% - Min: 0.00% - Market Cap 16318 - Trading time: 00:00:40
07-09-2025 03:49:47.022 INFO Current price: 0.000000081481 - Current percentage: 105.77% - Max: 112.73% - Min: 0.00% - Market Cap 16711 - Trading time: 00:00:40
07-09-2025 03:49:47.022 INFO Current price: 0.000000083756 - Current percentage: 112.31% - Max: 112.73% - Min: 0.00% - Market Cap 17243 - Trading time: 00:00:40
07-09-2025 03:49:47.091 INFO Current price: 0.000000086156 - Current percentage: 117.73% - Max: 117.73% - Min: 0.00% - Market Cap 17683 - Trading time: 00:00:40
07-09-2025 03:49:47.157 INFO Current price: 0.000000087059 - Current percentage: 116.78% - Max: 117.73% - Min: 0.00% - Market Cap 17606 - Trading time: 00:00:40
07-09-2025 03:49:48.177 INFO Current price: 0.000000087017 - Current percentage: 117.52% - Max: 117.73% - Min: 0.00% - Market Cap 17666 - Trading time: 00:00:41
07-09-2025 03:49:48.177 INFO Current price: 0.000000087114 - Current percentage: 117.26% - Max: 117.73% - Min: 0.00% - Market Cap 17645 - Trading time: 00:00:41
07-09-2025 03:49:49.274 INFO Current price: 0.000000086880 - Current percentage: 116.35% - Max: 117.73% - Min: 0.00% - Market Cap 17571 - Trading time: 00:00:42
07-09-2025 03:49:50.092 INFO Current price: 0.000000085693 - Current percentage: 111.36% - Max: 117.73% - Min: 0.00% - Market Cap 17166 - Trading time: 00:00:43
07-09-2025 03:49:50.092 INFO Current price: 0.000000085305 - Current percentage: 114.40% - Max: 117.73% - Min: 0.00% - Market Cap 17412 - Trading time: 00:00:43
07-09-2025 03:49:50.092 INFO Current price: 0.000000085954 - Current percentage: 114.59% - Max: 117.73% - Min: 0.00% - Market Cap 17428 - Trading time: 00:00:43
07-09-2025 03:49:50.093 INFO Current price: 0.000000084448 - Current percentage: 106.95% - Max: 117.73% - Min: 0.00% - Market Cap 16808 - Trading time: 00:00:43
07-09-2025 03:49:50.132 INFO Current price: 0.000000082208 - Current percentage: 103.36% - Max: 117.73% - Min: 0.00% - Market Cap 16516 - Trading time: 00:00:43
07-09-2025 03:49:50.858 INFO Current price: 0.000000080559 - Current percentage: 98.73% - Max: 117.73% - Min: 0.00% - Market Cap 16140 - Trading time: 00:00:44
07-09-2025 03:49:50.878 INFO Current price: 0.000000078984 - Current percentage: 95.49% - Max: 117.73% - Min: 0.00% - Market Cap 15877 - Trading time: 00:00:44
07-09-2025 03:49:51.174 INFO Current price: 0.000000077542 - Current percentage: 91.54% - Max: 117.73% - Min: 0.00% - Market Cap 15556 - Trading time: 00:00:44
07-09-2025 03:49:51.672 INFO Current price: 0.000000076900 - Current percentage: 92.27% - Max: 117.73% - Min: 0.00% - Market Cap 15615 - Trading time: 00:00:45
07-09-2025 03:49:51.780 INFO Current price: 0.000000078857 - Current percentage: 101.41% - Max: 117.73% - Min: 0.00% - Market Cap 16358 - Trading time: 00:00:45
07-09-2025 03:49:52.344 INFO Current price: 0.000000079968 - Current percentage: 97.72% - Max: 117.73% - Min: 0.00% - Market Cap 16058 - Trading time: 00:00:45
07-09-2025 03:49:52.344 INFO Current price: 0.000000079155 - Current percentage: 97.34% - Max: 117.73% - Min: 0.00% - Market Cap 16027 - Trading time: 00:00:45
07-09-2025 03:49:53.783 INFO Current price: 0.000000079156 - Current percentage: 97.72% - Max: 117.73% - Min: 0.00% - Market Cap 16058 - Trading time: 00:00:47
07-09-2025 03:49:53.981 INFO Current price: 0.000000083068 - Current percentage: 117.33% - Max: 117.73% - Min: 0.00% - Market Cap 17650 - Trading time: 00:00:47
07-09-2025 03:49:54.186 INFO Current price: 0.000000085999 - Current percentage: 111.92% - Max: 117.73% - Min: 0.00% - Market Cap 17211 - Trading time: 00:00:47
07-09-2025 03:49:54.186 INFO Current price: 0.000000083903 - Current percentage: 106.87% - Max: 117.73% - Min: 0.00% - Market Cap 16801 - Trading time: 00:00:47
07-09-2025 03:49:54.186 INFO Current price: 0.000000081626 - Current percentage: 100.57% - Max: 117.73% - Min: 0.00% - Market Cap 16290 - Trading time: 00:00:47
07-09-2025 03:49:54.186 INFO Current price: 0.000000079098 - Current percentage: 94.25% - Max: 117.73% - Min: 0.00% - Market Cap 15776 - Trading time: 00:00:47
07-09-2025 03:49:54.236 INFO Current price: 0.000000077315 - Current percentage: 91.63% - Max: 117.73% - Min: 0.00% - Market Cap 15563 - Trading time: 00:00:47
07-09-2025 03:49:54.240 INFO Current price: 0.000000074292 - Current percentage: 79.36% - Max: 117.73% - Min: 0.00% - Market Cap 14566 - Trading time: 00:00:47
07-09-2025 03:49:54.240 INFO Current price: 0.000000069519 - Current percentage: 67.80% - Max: 117.73% - Min: 0.00% - Market Cap 13628 - Trading time: 00:00:47
07-09-2025 03:49:54.240 INFO Current price: 0.000000064803 - Current percentage: 55.85% - Max: 117.73% - Min: 0.00% - Market Cap 12657 - Trading time: 00:00:47
07-09-2025 03:49:54.240 INFO Current price: 0.000000060450 - Current percentage: 46.02% - Max: 117.73% - Min: 0.00% - Market Cap 11859 - Trading time: 00:00:47
07-09-2025 03:49:54.270 INFO Current price: 0.000000057121 - Current percentage: 39.15% - Max: 117.73% - Min: 0.00% - Market Cap 11301 - Trading time: 00:00:47
07-09-2025 03:49:54.286 INFO Current price: 0.000000054775 - Current percentage: 34.27% - Max: 117.73% - Min: 0.00% - Market Cap 10905 - Trading time: 00:00:47
07-09-2025 03:49:54.286 INFO Current price: 0.000000052688 - Current percentage: 28.75% - Max: 117.73% - Min: 0.00% - Market Cap 10456 - Trading time: 00:00:47
07-09-2025 03:49:54.286 INFO Current price: 0.000000050352 - Current percentage: 22.63% - Max: 117.73% - Min: 0.00% - Market Cap 9959 - Trading time: 00:00:47
07-09-2025 03:49:54.286 INFO Current price: 0.000000047758 - Current percentage: 15.82% - Max: 117.73% - Min: 0.00% - Market Cap 9407 - Trading time: 00:00:47
07-09-2025 03:49:54.286 INFO Current price: 0.000000045600 - Current percentage: 11.80% - Max: 117.73% - Min: 0.00% - Market Cap 9080 - Trading time: 00:00:47
07-09-2025 03:49:54.287 INFO Current price: 0.000000044553 - Current percentage: 10.56% - Max: 117.73% - Min: 0.00% - Market Cap 8979 - Trading time: 00:00:47
07-09-2025 03:49:54.595 INFO Current price: 0.000000044269 - Current percentage: 10.56% - Max: 117.73% - Min: 0.00% - Market Cap 8979 - Trading time: 00:00:48
07-09-2025 03:49:54.713 INFO Current price: 0.000000044420 - Current percentage: 11.14% - Max: 117.73% - Min: 0.00% - Market Cap 9026 - Trading time: 00:00:48
07-09-2025 03:49:54.902 INFO Current price: 0.000000044367 - Current percentage: 10.30% - Max: 117.73% - Min: 0.00% - Market Cap 8958 - Trading time: 00:00:48
07-09-2025 03:49:55.037 INFO Current price: 0.000000044234 - Current percentage: 10.47% - Max: 117.73% - Min: 0.00% - Market Cap 8972 - Trading time: 00:00:48
07-09-2025 03:49:55.414 INFO Current price: 0.000000043631 - Current percentage: 7.31% - Max: 117.73% - Min: 0.00% - Market Cap 8716 - Trading time: 00:00:49
07-09-2025 03:49:55.465 INFO Current price: 0.000000041946 - Current percentage: 2.10% - Max: 117.73% - Min: 0.00% - Market Cap 8292 - Trading time: 00:00:49
07-09-2025 03:49:55.465 INFO Current price: 0.000000040200 - Current percentage: -1.43% - Max: 117.73% - Min: -1.43% - Market Cap 8005 - Trading time: 00:00:49
07-09-2025 03:49:55.479 INFO Current price: 0.000000038653 - Current percentage: -5.60% - Max: 117.73% - Min: -5.60% - Market Cap 7666 - Trading time: 00:00:49
07-09-2025 03:49:55.506 INFO Current price: 0.000000037746 - Current percentage: -6.01% - Max: 117.73% - Min: -6.01% - Market Cap 7634 - Trading time: 00:00:49
07-09-2025 03:49:55.604 INFO Current price: 0.000000037592 - Current percentage: -6.37% - Max: 117.73% - Min: -6.37% - Market Cap 7604 - Trading time: 00:00:49
07-09-2025 03:49:55.616 INFO Current price: 0.000000037624 - Current percentage: -5.84% - Max: 117.73% - Min: -6.37% - Market Cap 7647 - Trading time: 00:00:49
07-09-2025 03:49:55.658 INFO Current price: 0.000000037934 - Current percentage: -5.32% - Max: 117.73% - Min: -6.37% - Market Cap 7689 - Trading time: 00:00:49
07-09-2025 03:49:55.968 INFO Current price: 0.000000040062 - Current percentage: 5.57% - Max: 117.73% - Min: -6.37% - Market Cap 8574 - Trading time: 00:00:49
07-09-2025 03:49:56.014 INFO Current price: 0.000000042416 - Current percentage: 6.13% - Max: 117.73% - Min: -6.37% - Market Cap 8619 - Trading time: 00:00:49
07-09-2025 03:49:56.259 INFO Current price: 0.000000042396 - Current percentage: 5.47% - Max: 117.73% - Min: -6.37% - Market Cap 8566 - Trading time: 00:00:49
07-09-2025 03:49:56.437 INFO Current price: 0.000000043780 - Current percentage: 13.17% - Max: 117.73% - Min: -6.37% - Market Cap 9191 - Trading time: 00:00:50
07-09-2025 03:49:56.455 INFO Current price: 0.000000047262 - Current percentage: 22.91% - Max: 117.73% - Min: -6.37% - Market Cap 9982 - Trading time: 00:00:50
07-09-2025 03:49:56.570 INFO Current price: 0.000000051067 - Current percentage: 32.13% - Max: 117.73% - Min: -6.37% - Market Cap 10731 - Trading time: 00:00:50
07-09-2025 03:49:56.846 INFO Current price: 0.000000052864 - Current percentage: 31.71% - Max: 117.73% - Min: -6.37% - Market Cap 10697 - Trading time: 00:00:50
07-09-2025 03:49:57.052 INFO Current price: 0.000000052763 - Current percentage: 31.63% - Max: 117.73% - Min: -6.37% - Market Cap 10690 - Trading time: 00:00:50
07-09-2025 03:49:57.052 INFO Current price: 0.000000052704 - Current percentage: 31.42% - Max: 117.73% - Min: -6.37% - Market Cap 10673 - Trading time: 00:00:50
07-09-2025 03:49:57.155 INFO Current price: 0.000000052776 - Current percentage: 31.99% - Max: 117.73% - Min: -6.37% - Market Cap 10719 - Trading time: 00:00:50
07-09-2025 03:49:57.422 INFO Current price: 0.000000052904 - Current percentage: 32.05% - Max: 117.73% - Min: -6.37% - Market Cap 10725 - Trading time: 00:00:51
07-09-2025 03:49:57.537 INFO Current price: 0.000000052881 - Current percentage: 31.87% - Max: 117.73% - Min: -6.37% - Market Cap 10710 - Trading time: 00:00:51
07-09-2025 03:49:57.625 INFO Current price: 0.000000052851 - Current percentage: 31.90% - Max: 117.73% - Min: -6.37% - Market Cap 10712 - Trading time: 00:00:51
07-09-2025 03:49:58.485 INFO Current price: 0.000000052982 - Current percentage: 32.53% - Max: 117.73% - Min: -6.37% - Market Cap 10763 - Trading time: 00:00:52
07-09-2025 03:49:59.480 INFO Current price: 0.000000053133 - Current percentage: 32.66% - Max: 117.73% - Min: -6.37% - Market Cap 10774 - Trading time: 00:00:53
07-09-2025 03:50:00.018 INFO Current price: 0.000000050960 - Current percentage: 21.91% - Max: 117.73% - Min: -6.37% - Market Cap 9901 - Trading time: 00:00:53
07-09-2025 03:50:00.019 INFO Current price: 0.000000047614 - Current percentage: 15.81% - Max: 117.73% - Min: -6.37% - Market Cap 9405 - Trading time: 00:00:53
07-09-2025 03:50:00.345 INFO Current price: 0.000000046350 - Current percentage: 15.52% - Max: 117.73% - Min: -6.37% - Market Cap 9382 - Trading time: 00:00:53
07-09-2025 03:50:00.437 INFO Current price: 0.000000046220 - Current percentage: 15.16% - Max: 117.73% - Min: -6.37% - Market Cap 9353 - Trading time: 00:00:54
07-09-2025 03:50:00.523 INFO Current price: 0.000000044614 - Current percentage: 7.63% - Max: 117.73% - Min: -6.37% - Market Cap 8741 - Trading time: 00:00:54
07-09-2025 03:50:00.838 INFO Current price: 0.000000043047 - Current percentage: 7.21% - Max: 117.73% - Min: -6.37% - Market Cap 8707 - Trading time: 00:00:54
07-09-2025 03:50:01.455 INFO Current price: 0.000000042871 - Current percentage: 6.76% - Max: 117.73% - Min: -6.37% - Market Cap 8670 - Trading time: 00:00:55
07-09-2025 03:50:01.597 INFO Current price: 0.000000042892 - Current percentage: 7.32% - Max: 117.73% - Min: -6.37% - Market Cap 8716 - Trading time: 00:00:55
07-09-2025 03:50:01.824 INFO Current price: 0.000000043238 - Current percentage: 8.48% - Max: 117.73% - Min: -6.37% - Market Cap 8811 - Trading time: 00:00:55
07-09-2025 03:50:01.825 INFO Current price: 0.000000043724 - Current percentage: 9.74% - Max: 117.73% - Min: -6.37% - Market Cap 8913 - Trading time: 00:00:55
07-09-2025 03:50:02.227 INFO Current price: 0.000000043863 - Current percentage: 9.18% - Max: 117.73% - Min: -6.37% - Market Cap 8867 - Trading time: 00:00:55
07-09-2025 03:50:02.260 INFO Current price: 0.000000043736 - Current percentage: 9.11% - Max: 117.73% - Min: -6.37% - Market Cap 8861 - Trading time: 00:00:55
07-09-2025 03:50:02.597 INFO Current price: 0.000000043834 - Current percentage: 9.67% - Max: 117.73% - Min: -6.37% - Market Cap 8907 - Trading time: 00:00:56
07-09-2025 03:50:03.240 INFO Current price: 0.000000044114 - Current percentage: 10.50% - Max: 117.73% - Min: -6.37% - Market Cap 8975 - Trading time: 00:00:56
07-09-2025 03:50:03.314 INFO Current price: 0.000000044435 - Current percentage: 11.27% - Max: 117.73% - Min: -6.37% - Market Cap 9037 - Trading time: 00:00:56
07-09-2025 03:50:04.828 INFO Current price: 0.000000044646 - Current percentage: 11.56% - Max: 117.73% - Min: -6.37% - Market Cap 9060 - Trading time: 00:00:58
07-09-2025 03:50:05.089 INFO Current price: 0.000000044762 - Current percentage: 11.85% - Max: 117.73% - Min: -6.37% - Market Cap 9084 - Trading time: 00:00:58
07-09-2025 03:50:05.092 INFO Current price: 0.000000044837 - Current percentage: 11.93% - Max: 117.73% - Min: -6.37% - Market Cap 9091 - Trading time: 00:00:58
07-09-2025 03:50:05.269 INFO Current price: 0.000000044882 - Current percentage: 12.07% - Max: 117.73% - Min: -6.37% - Market Cap 9102 - Trading time: 00:00:58
07-09-2025 03:50:05.647 INFO Current price: 0.000000045026 - Current percentage: 12.65% - Max: 117.73% - Min: -6.37% - Market Cap 9149 - Trading time: 00:00:59
07-09-2025 03:50:05.695 INFO Current price: 0.000000046879 - Current percentage: 21.49% - Max: 117.73% - Min: -6.37% - Market Cap 9866 - Trading time: 00:00:59
07-09-2025 03:50:05.811 INFO Current price: 0.000000050340 - Current percentage: 29.90% - Max: 117.73% - Min: -6.37% - Market Cap 10550 - Trading time: 00:00:59
07-09-2025 03:50:05.811 INFO Current price: 0.000000054070 - Current percentage: 40.16% - Max: 117.73% - Min: -6.37% - Market Cap 11383 - Trading time: 00:00:59
07-09-2025 03:50:06.519 INFO Current price: 0.000000056177 - Current percentage: 40.22% - Max: 117.73% - Min: -6.37% - Market Cap 11388 - Trading time: 00:01:00
07-09-2025 03:50:06.521 INFO Current price: 0.000000056196 - Current percentage: 40.22% - Max: 117.73% - Min: -6.37% - Market Cap 11388 - Trading time: 00:01:00
07-09-2025 03:50:06.773 INFO Current price: 0.000000056180 - Current percentage: 40.17% - Max: 117.73% - Min: -6.37% - Market Cap 11384 - Trading time: 00:01:00
07-09-2025 03:50:06.883 INFO Current price: 0.000000056309 - Current percentage: 40.86% - Max: 117.73% - Min: -6.37% - Market Cap 11440 - Trading time: 00:01:00
07-09-2025 03:50:07.387 INFO Current price: 0.000000056474 - Current percentage: 40.99% - Max: 117.73% - Min: -6.37% - Market Cap 11451 - Trading time: 00:01:01
07-09-2025 03:50:07.591 INFO Current price: 0.000000055515 - Current percentage: 36.12% - Max: 117.73% - Min: -6.37% - Market Cap 11055 - Trading time: 00:01:01
07-09-2025 03:50:07.655 INFO Current price: 0.000000053526 - Current percentage: 31.07% - Max: 117.73% - Min: -6.37% - Market Cap 10645 - Trading time: 00:01:01
07-09-2025 03:50:09.057 INFO Current price: 0.000000052542 - Current percentage: 31.17% - Max: 117.73% - Min: -6.37% - Market Cap 10653 - Trading time: 00:01:02
07-09-2025 03:50:09.638 INFO Current price: 0.000000052834 - Current percentage: 32.53% - Max: 117.73% - Min: -6.37% - Market Cap 10763 - Trading time: 00:01:03
07-09-2025 03:50:09.638 INFO Current price: 0.000000053408 - Current percentage: 34.03% - Max: 117.73% - Min: -6.37% - Market Cap 10885 - Trading time: 00:01:03
07-09-2025 03:50:09.729 INFO Current price: 0.000000054972 - Current percentage: 40.41% - Max: 117.73% - Min: -6.37% - Market Cap 11403 - Trading time: 00:01:03
07-09-2025 03:50:10.126 INFO Current price: 0.000000055195 - Current percentage: 35.12% - Max: 117.73% - Min: -6.37% - Market Cap 10974 - Trading time: 00:01:03
07-09-2025 03:50:10.130 INFO Current price: 0.000000053221 - Current percentage: 30.55% - Max: 117.73% - Min: -6.37% - Market Cap 10602 - Trading time: 00:01:03
07-09-2025 03:50:10.136 INFO Current price: 0.000000052212 - Current percentage: 30.04% - Max: 117.73% - Min: -6.37% - Market Cap 10561 - Trading time: 00:01:03
07-09-2025 03:50:10.467 INFO Current price: 0.000000051966 - Current percentage: 29.32% - Max: 117.73% - Min: -6.37% - Market Cap 10503 - Trading time: 00:01:04
07-09-2025 03:50:10.535 INFO Current price: 0.000000052194 - Current percentage: 31.18% - Max: 117.73% - Min: -6.37% - Market Cap 10654 - Trading time: 00:01:04
07-09-2025 03:50:10.539 INFO Current price: 0.000000052881 - Current percentage: 32.75% - Max: 117.73% - Min: -6.37% - Market Cap 10781 - Trading time: 00:01:04
07-09-2025 03:50:10.541 INFO Current price: 0.000000055081 - Current percentage: 42.32% - Max: 117.73% - Min: -6.37% - Market Cap 11559 - Trading time: 00:01:04
07-09-2025 03:50:10.547 INFO Current price: 0.000000056860 - Current percentage: 41.46% - Max: 117.73% - Min: -6.37% - Market Cap 11489 - Trading time: 00:01:04
07-09-2025 03:50:11.211 INFO Current price: 0.000000056702 - Current percentage: 41.53% - Max: 117.73% - Min: -6.37% - Market Cap 11494 - Trading time: 00:01:04
07-09-2025 03:50:11.307 INFO Current price: 0.000000056780 - Current percentage: 41.86% - Max: 117.73% - Min: -6.37% - Market Cap 11521 - Trading time: 00:01:04
07-09-2025 03:50:11.481 INFO Current price: 0.000000057041 - Current percentage: 42.83% - Max: 117.73% - Min: -6.37% - Market Cap 11600 - Trading time: 00:01:05
07-09-2025 03:50:11.481 INFO Current price: 0.000000057406 - Current percentage: 43.68% - Max: 117.73% - Min: -6.37% - Market Cap 11669 - Trading time: 00:01:05
07-09-2025 03:50:12.006 INFO Current price: 0.000000057705 - Current percentage: 44.33% - Max: 117.73% - Min: -6.37% - Market Cap 11722 - Trading time: 00:01:05
07-09-2025 03:50:12.099 INFO Current price: 0.000000057456 - Current percentage: 42.44% - Max: 117.73% - Min: -6.37% - Market Cap 11568 - Trading time: 00:01:05
07-09-2025 03:50:12.102 INFO Current price: 0.000000056726 - Current percentage: 40.69% - Max: 117.73% - Min: -6.37% - Market Cap 11426 - Trading time: 00:01:05
07-09-2025 03:50:12.376 INFO Current price: 0.000000056052 - Current percentage: 39.07% - Max: 117.73% - Min: -6.37% - Market Cap 11295 - Trading time: 00:01:06
07-09-2025 03:50:12.376 INFO Current price: 0.000000055435 - Current percentage: 37.61% - Max: 117.73% - Min: -6.37% - Market Cap 11176 - Trading time: 00:01:06
07-09-2025 03:50:13.013 INFO Current price: 0.000000052788 - Current percentage: 26.11% - Max: 117.73% - Min: -6.37% - Market Cap 10242 - Trading time: 00:01:06
07-09-2025 03:50:13.013 INFO Current price: 0.000000048691 - Current percentage: 17.07% - Max: 117.73% - Min: -6.37% - Market Cap 9508 - Trading time: 00:01:06
07-09-2025 03:50:13.219 INFO Current price: 0.000000047032 - Current percentage: 17.66% - Max: 117.73% - Min: -6.37% - Market Cap 9556 - Trading time: 00:01:06
07-09-2025 03:50:13.320 INFO Current price: 0.000000047077 - Current percentage: 17.29% - Max: 117.73% - Min: -6.37% - Market Cap 9526 - Trading time: 00:01:06
07-09-2025 03:50:14.624 INFO Current price: 0.000000045291 - Current percentage: 8.90% - Max: 117.73% - Min: -6.37% - Market Cap 8845 - Trading time: 00:01:08
07-09-2025 03:50:14.961 INFO Current price: 0.000000043362 - Current percentage: 7.52% - Max: 117.73% - Min: -6.37% - Market Cap 8732 - Trading time: 00:01:08
07-09-2025 03:50:14.964 INFO Current price: 0.000000042815 - Current percentage: 6.17% - Max: 117.73% - Min: -6.37% - Market Cap 8623 - Trading time: 00:01:08
07-09-2025 03:50:15.266 INFO Current price: 0.000000043366 - Current percentage: 10.30% - Max: 117.73% - Min: -6.37% - Market Cap 8958 - Trading time: 00:01:08
07-09-2025 03:50:15.295 INFO Current price: 0.000000044545 - Current percentage: 12.03% - Max: 117.73% - Min: -6.37% - Market Cap 9098 - Trading time: 00:01:08
07-09-2025 03:50:15.880 INFO Current price: 0.000000044595 - Current percentage: 10.55% - Max: 117.73% - Min: -6.37% - Market Cap 8979 - Trading time: 00:01:09
07-09-2025 03:50:15.880 INFO Current price: 0.000000044292 - Current percentage: 10.51% - Max: 117.73% - Min: -6.37% - Market Cap 8975 - Trading time: 00:01:09
07-09-2025 03:50:15.882 INFO Current price: 0.000000044044 - Current percentage: 9.32% - Max: 117.73% - Min: -6.37% - Market Cap 8878 - Trading time: 00:01:09
07-09-2025 03:50:16.523 INFO Current price: 0.000000043921 - Current percentage: 9.89% - Max: 117.73% - Min: -6.37% - Market Cap 8925 - Trading time: 00:01:10
07-09-2025 03:50:16.650 INFO Current price: 0.000000044950 - Current percentage: 14.50% - Max: 117.73% - Min: -6.37% - Market Cap 9299 - Trading time: 00:01:10
07-09-2025 03:50:17.811 INFO Current price: 0.000000045901 - Current percentage: 14.59% - Max: 117.73% - Min: -6.37% - Market Cap 9306 - Trading time: 00:01:11
07-09-2025 03:50:18.132 INFO Current price: 0.000000045977 - Current percentage: 14.88% - Max: 117.73% - Min: -6.37% - Market Cap 9330 - Trading time: 00:01:11
07-09-2025 03:50:19.360 INFO Current price: 0.000000047205 - Current percentage: 20.79% - Max: 117.73% - Min: -6.37% - Market Cap 9810 - Trading time: 00:01:13
07-09-2025 03:50:21.158 INFO Current price: 0.000000048382 - Current percentage: 20.68% - Max: 117.73% - Min: -6.37% - Market Cap 9801 - Trading time: 00:01:14
07-09-2025 03:50:21.158 INFO Current price: 0.000000048719 - Current percentage: 22.48% - Max: 117.73% - Min: -6.37% - Market Cap 9947 - Trading time: 00:01:14
07-09-2025 03:50:21.407 INFO Current price: 0.000000046291 - Current percentage: 8.95% - Max: 117.73% - Min: -6.37% - Market Cap 8848 - Trading time: 00:01:15
07-09-2025 03:50:21.425 INFO Current price: 0.000000043774 - Current percentage: 9.52% - Max: 117.73% - Min: -6.37% - Market Cap 8895 - Trading time: 00:01:15
07-09-2025 03:50:22.432 INFO Current price: 0.000000043925 - Current percentage: 9.52% - Max: 117.73% - Min: -6.37% - Market Cap 8895 - Trading time: 00:01:16
07-09-2025 03:50:22.736 INFO Current price: 0.000000043827 - Current percentage: 9.22% - Max: 117.73% - Min: -6.37% - Market Cap 8870 - Trading time: 00:01:16
07-09-2025 03:50:22.955 INFO Current price: 0.000000043753 - Current percentage: 9.15% - Max: 117.73% - Min: -6.37% - Market Cap 8865 - Trading time: 00:01:16
07-09-2025 03:50:22.955 INFO Current price: 0.000000043740 - Current percentage: 9.15% - Max: 117.73% - Min: -6.37% - Market Cap 8865 - Trading time: 00:01:16
07-09-2025 03:50:23.658 INFO Current price: 0.000000043757 - Current percentage: 9.24% - Max: 117.73% - Min: -6.37% - Market Cap 8872 - Trading time: 00:01:17
07-09-2025 03:50:23.871 INFO Current price: 0.000000044915 - Current percentage: 15.00% - Max: 117.73% - Min: -6.37% - Market Cap 9340 - Trading time: 00:01:17
07-09-2025 03:50:24.067 INFO Current price: 0.000000046676 - Current percentage: 17.97% - Max: 117.73% - Min: -6.37% - Market Cap 9581 - Trading time: 00:01:17
07-09-2025 03:50:25.362 INFO Current price: 0.000000047452 - Current percentage: 18.86% - Max: 117.73% - Min: -6.37% - Market Cap 9653 - Trading time: 00:01:19
07-09-2025 03:50:25.971 INFO Current price: 0.000000047933 - Current percentage: 20.38% - Max: 117.73% - Min: -6.37% - Market Cap 9776 - Trading time: 00:01:19
07-09-2025 03:50:26.920 INFO Current price: 0.000000048243 - Current percentage: 20.41% - Max: 117.73% - Min: -6.37% - Market Cap 9779 - Trading time: 00:01:20
07-09-2025 03:50:27.563 INFO Current price: 0.000000049147 - Current percentage: 24.93% - Max: 117.73% - Min: -6.37% - Market Cap 10146 - Trading time: 00:01:21
07-09-2025 03:50:29.390 INFO Current price: 0.000000050047 - Current percentage: 24.85% - Max: 117.73% - Min: -6.37% - Market Cap 10140 - Trading time: 00:01:23
07-09-2025 03:50:29.696 INFO Current price: 0.000000050251 - Current percentage: 25.95% - Max: 117.73% - Min: -6.37% - Market Cap 10229 - Trading time: 00:01:23
07-09-2025 03:50:33.636 INFO Current price: 0.000000050466 - Current percentage: 25.92% - Max: 117.73% - Min: -6.37% - Market Cap 10227 - Trading time: 00:01:27
07-09-2025 03:50:33.921 INFO Current price: 0.000000050321 - Current percentage: 25.22% - Max: 117.73% - Min: -6.37% - Market Cap 10170 - Trading time: 00:01:27
07-09-2025 03:50:34.812 INFO Current price: 0.000000050547 - Current percentage: 27.06% - Max: 117.73% - Min: -6.37% - Market Cap 10319 - Trading time: 00:01:28
07-09-2025 03:50:34.812 INFO Current price: 0.000000050165 - Current percentage: 23.34% - Max: 117.73% - Min: -6.37% - Market Cap 10017 - Trading time: 00:01:28
07-09-2025 03:50:34.812 INFO Current price: 0.000000049443 - Current percentage: 23.43% - Max: 117.73% - Min: -6.37% - Market Cap 10024 - Trading time: 00:01:28
07-09-2025 03:50:35.762 INFO Current price: 0.000000049394 - Current percentage: 23.10% - Max: 117.73% - Min: -6.37% - Market Cap 9997 - Trading time: 00:01:29
07-09-2025 03:50:35.766 INFO Current price: 0.000000049306 - Current percentage: 22.99% - Max: 117.73% - Min: -6.37% - Market Cap 9989 - Trading time: 00:01:29
07-09-2025 03:50:36.596 INFO Current price: 0.000000049297 - Current percentage: 23.05% - Max: 117.73% - Min: -6.37% - Market Cap 9994 - Trading time: 00:01:30
07-09-2025 03:50:36.900 INFO Current price: 0.000000049915 - Current percentage: 26.09% - Max: 117.73% - Min: -6.37% - Market Cap 10240 - Trading time: 00:01:30
07-09-2025 03:50:37.371 INFO Current price: 0.000000048896 - Current percentage: 18.08% - Max: 117.73% - Min: -6.37% - Market Cap 9590 - Trading time: 00:01:31
07-09-2025 03:50:37.690 INFO Current price: 0.000000047544 - Current percentage: 19.21% - Max: 117.73% - Min: -6.37% - Market Cap 9682 - Trading time: 00:01:31
07-09-2025 03:50:41.841 INFO Current price: 0.000000048130 - Current percentage: 21.00% - Max: 117.73% - Min: -6.37% - Market Cap 9827 - Trading time: 00:01:35
07-09-2025 03:50:42.229 INFO Current price: 0.000000048790 - Current percentage: 22.51% - Max: 117.73% - Min: -6.37% - Market Cap 9949 - Trading time: 00:01:35
07-09-2025 03:50:42.999 INFO Current price: 0.000000049152 - Current percentage: 22.81% - Max: 117.73% - Min: -6.37% - Market Cap 9974 - Trading time: 00:01:36
07-09-2025 03:50:43.039 INFO Current price: 0.000000049333 - Current percentage: 23.41% - Max: 117.73% - Min: -6.37% - Market Cap 10023 - Trading time: 00:01:36
07-09-2025 03:50:43.718 INFO Current price: 0.000000049579 - Current percentage: 24.04% - Max: 117.73% - Min: -6.37% - Market Cap 10074 - Trading time: 00:01:37
07-09-2025 03:50:53.334 INFO Current price: 0.000000049826 - Current percentage: 24.64% - Max: 117.73% - Min: -6.37% - Market Cap 10123 - Trading time: 00:01:46
07-09-2025 03:50:53.335 INFO Current price: 0.000000050069 - Current percentage: 25.25% - Max: 117.73% - Min: -6.37% - Market Cap 10172 - Trading time: 00:01:46
07-09-2025 03:50:54.515 INFO Current price: 0.000000052023 - Current percentage: 34.56% - Max: 117.73% - Min: -6.37% - Market Cap 10928 - Trading time: 00:01:48
07-09-2025 03:50:55.279 INFO Current price: 0.000000053934 - Current percentage: 34.62% - Max: 117.73% - Min: -6.37% - Market Cap 10933 - Trading time: 00:01:48
07-09-2025 03:50:55.279 INFO Current price: 0.000000054010 - Current percentage: 34.94% - Max: 117.73% - Min: -6.37% - Market Cap 10959 - Trading time: 00:01:48
07-09-2025 03:50:57.177 INFO Current price: 0.000000053912 - Current percentage: 34.14% - Max: 117.73% - Min: -6.37% - Market Cap 10894 - Trading time: 00:01:50
07-09-2025 03:50:59.523 INFO Current price: 0.000000053001 - Current percentage: 30.42% - Max: 117.73% - Min: -6.37% - Market Cap 10592 - Trading time: 00:01:53
07-09-2025 03:51:01.826 INFO Current price: 0.000000052362 - Current percentage: 30.92% - Max: 117.73% - Min: -6.37% - Market Cap 10633 - Trading time: 00:01:55
07-09-2025 03:51:06.132 INFO Current price: 0.000000052838 - Current percentage: 32.80% - Max: 117.73% - Min: -6.37% - Market Cap 10785 - Trading time: 00:01:59
07-09-2025 03:51:07.828 INFO Current price: 0.000000053469 - Current percentage: 34.07% - Max: 117.73% - Min: -6.37% - Market Cap 10888 - Trading time: 00:02:01
07-09-2025 03:51:11.682 INFO Current price: 0.000000054262 - Current percentage: 36.76% - Max: 117.73% - Min: -6.37% - Market Cap 11107 - Trading time: 00:02:05
07-09-2025 03:51:14.839 INFO Current price: 0.000000053649 - Current percentage: 31.06% - Max: 117.73% - Min: -6.37% - Market Cap 10644 - Trading time: 00:02:08
07-09-2025 03:51:18.509 INFO Current price: 0.000000052643 - Current percentage: 31.68% - Max: 117.73% - Min: -6.37% - Market Cap 10694 - Trading time: 00:02:12
07-09-2025 03:51:23.204 INFO Current price: 0.000000052519 - Current percentage: 30.44% - Max: 117.73% - Min: -6.37% - Market Cap 10594 - Trading time: 00:02:16
07-09-2025 03:51:24.331 INFO Current price: 0.000000052137 - Current percentage: 29.77% - Max: 117.73% - Min: -6.37% - Market Cap 10539 - Trading time: 00:02:17
07-09-2025 03:51:24.344 INFO Current price: 0.000000051312 - Current percentage: 26.35% - Max: 117.73% - Min: -6.37% - Market Cap 10262 - Trading time: 00:02:17
07-09-2025 03:51:25.034 INFO Current price: 0.000000048903 - Current percentage: 17.87% - Max: 117.73% - Min: -6.37% - Market Cap 9573 - Trading time: 00:02:18
07-09-2025 03:51:25.304 INFO Current price: 0.000000044474 - Current percentage: 4.50% - Max: 117.73% - Min: -6.37% - Market Cap 8487 - Trading time: 00:02:18
07-09-2025 03:51:26.023 INFO Current price: 0.000000041653 - Current percentage: 3.39% - Max: 117.73% - Min: -6.37% - Market Cap 8397 - Trading time: 00:02:19
07-09-2025 03:51:28.000 INFO Current price: 0.000000041629 - Current percentage: 4.39% - Max: 117.73% - Min: -6.37% - Market Cap 8478 - Trading time: 00:02:21
07-09-2025 03:51:28.813 INFO Current price: 0.000000041555 - Current percentage: 3.02% - Max: 117.73% - Min: -6.37% - Market Cap 8367 - Trading time: 00:02:22
07-09-2025 03:51:29.796 INFO Current price: 0.000000041268 - Current percentage: 2.95% - Max: 117.73% - Min: -6.37% - Market Cap 8361 - Trading time: 00:02:23
07-09-2025 03:51:30.278 INFO Current price: 0.000000041203 - Current percentage: 2.69% - Max: 117.73% - Min: -6.37% - Market Cap 8340 - Trading time: 00:02:23
07-09-2025 03:51:30.920 INFO Current price: 0.000000041095 - Current percentage: 2.41% - Max: 117.73% - Min: -6.37% - Market Cap 8317 - Trading time: 00:02:24
07-09-2025 03:51:31.584 INFO Current price: 0.000000041093 - Current percentage: 2.69% - Max: 117.73% - Min: -6.37% - Market Cap 8340 - Trading time: 00:02:25
07-09-2025 03:51:31.842 INFO Current price: 0.000000041048 - Current percentage: 2.18% - Max: 117.73% - Min: -6.37% - Market Cap 8299 - Trading time: 00:02:25
07-09-2025 03:51:32.559 INFO Current price: 0.000000040202 - Current percentage: -1.50% - Max: 117.73% - Min: -6.37% - Market Cap 8000 - Trading time: 00:02:26
07-09-2025 03:51:32.559 INFO Current price: 0.000000039603 - Current percentage: -1.16% - Max: 117.73% - Min: -6.37% - Market Cap 8027 - Trading time: 00:02:26
07-09-2025 03:51:32.866 INFO Current price: 0.000000039566 - Current percentage: -1.36% - Max: 117.73% - Min: -6.37% - Market Cap 8011 - Trading time: 00:02:26
07-09-2025 03:51:39.010 INFO Current price: 0.000000039347 - Current percentage: -2.25% - Max: 117.73% - Min: -6.37% - Market Cap 7938 - Trading time: 00:02:32
07-09-2025 03:51:40.905 INFO Current price: 0.000000039146 - Current percentage: -2.37% - Max: 117.73% - Min: -6.37% - Market Cap 7929 - Trading time: 00:02:34
07-09-2025 03:51:41.587 INFO Current price: 0.000000039177 - Current percentage: -2.10% - Max: 117.73% - Min: -6.37% - Market Cap 7951 - Trading time: 00:02:35
07-09-2025 03:51:42.287 INFO Current price: 0.000000039770 - Current percentage: 0.61% - Max: 117.73% - Min: -6.37% - Market Cap 8171 - Trading time: 00:02:35
07-09-2025 03:51:43.414 INFO Current price: 0.000000040427 - Current percentage: 1.16% - Max: 117.73% - Min: -6.37% - Market Cap 8216 - Trading time: 00:02:37
07-09-2025 03:51:44.437 INFO Current price: 0.000000040564 - Current percentage: 1.29% - Max: 117.73% - Min: -6.37% - Market Cap 8226 - Trading time: 00:02:38
07-09-2025 03:51:47.202 INFO Current price: 0.000000040810 - Current percentage: 2.39% - Max: 117.73% - Min: -6.37% - Market Cap 8316 - Trading time: 00:02:40
07-09-2025 03:51:47.406 INFO Current price: 0.000000041141 - Current percentage: 2.94% - Max: 117.73% - Min: -6.37% - Market Cap 8361 - Trading time: 00:02:41
07-09-2025 03:51:49.971 INFO Current price: 0.000000041139 - Current percentage: 2.38% - Max: 117.73% - Min: -6.37% - Market Cap 8315 - Trading time: 00:02:43
07-09-2025 03:51:51.834 INFO Current price: 0.000000041018 - Current percentage: 2.34% - Max: 117.73% - Min: -6.37% - Market Cap 8311 - Trading time: 00:02:45
07-09-2025 03:51:53.532 INFO Current price: 0.000000041120 - Current percentage: 2.89% - Max: 117.73% - Min: -6.37% - Market Cap 8356 - Trading time: 00:02:47
07-09-2025 03:51:53.973 INFO Current price: 0.000000041144 - Current percentage: 2.46% - Max: 117.73% - Min: -6.37% - Market Cap 8321 - Trading time: 00:02:47
07-09-2025 03:51:54.396 INFO Current price: 0.000000041069 - Current percentage: 2.51% - Max: 117.73% - Min: -6.37% - Market Cap 8326 - Trading time: 00:02:48
07-09-2025 03:51:58.563 INFO Current price: 0.000000042958 - Current percentage: 12.10% - Max: 117.73% - Min: -6.37% - Market Cap 9104 - Trading time: 00:02:52
07-09-2025 03:51:58.685 INFO Current price: 0.000000045233 - Current percentage: 13.66% - Max: 117.73% - Min: -6.37% - Market Cap 9231 - Trading time: 00:02:52
07-09-2025 03:51:59.661 INFO Current price: 0.000000045558 - Current percentage: 13.72% - Max: 117.73% - Min: -6.37% - Market Cap 9236 - Trading time: 00:02:53
07-09-2025 03:52:07.652 INFO Current price: 0.000000045570 - Current percentage: 13.72% - Max: 117.73% - Min: -6.37% - Market Cap 9236 - Trading time: 00:03:01
07-09-2025 03:52:11.546 INFO Current price: 0.000000045442 - Current percentage: 13.08% - Max: 117.73% - Min: -6.37% - Market Cap 9184 - Trading time: 00:03:05
07-09-2025 03:52:11.551 INFO Current price: 0.000000044313 - Current percentage: 8.14% - Max: 117.73% - Min: -6.37% - Market Cap 8783 - Trading time: 00:03:05
07-09-2025 03:52:11.554 INFO Current price: 0.000000042428 - Current percentage: 3.66% - Max: 117.73% - Min: -6.37% - Market Cap 8419 - Trading time: 00:03:05
07-09-2025 03:52:11.554 INFO Current price: 0.000000040585 - Current percentage: -1.05% - Max: 117.73% - Min: -6.37% - Market Cap 8036 - Trading time: 00:03:05
07-09-2025 03:52:11.651 INFO Current price: 0.000000039397 - Current percentage: -2.32% - Max: 117.73% - Min: -6.37% - Market Cap 7933 - Trading time: 00:03:05
07-09-2025 03:52:12.592 INFO Current price: 0.000000038889 - Current percentage: -3.59% - Max: 117.73% - Min: -6.37% - Market Cap 7830 - Trading time: 00:03:06
07-09-2025 03:52:15.650 INFO Current price: 0.000000038024 - Current percentage: -6.61% - Max: 117.73% - Min: -6.61% - Market Cap 7584 - Trading time: 00:03:09
07-09-2025 03:52:16.438 INFO Current price: 0.000000035924 - Current percentage: -13.94% - Max: 117.73% - Min: -13.94% - Market Cap 6989 - Trading time: 00:03:10
07-09-2025 03:52:17.869 INFO Current price: 0.000000034479 - Current percentage: -13.97% - Max: 117.73% - Min: -13.97% - Market Cap 6987 - Trading time: 00:03:11
07-09-2025 03:52:18.450 INFO Current price: 0.000000034442 - Current percentage: -14.13% - Max: 117.73% - Min: -14.13% - Market Cap 6974 - Trading time: 00:03:12
07-09-2025 03:52:19.092 INFO Current price: 0.000000034011 - Current percentage: -16.11% - Max: 117.73% - Min: -16.11% - Market Cap 6813 - Trading time: 00:03:12
07-09-2025 03:52:19.092 INFO Current price: 0.000000033487 - Current percentage: -16.76% - Max: 117.73% - Min: -16.76% - Market Cap 6761 - Trading time: 00:03:12
07-09-2025 03:52:21.038 INFO Current price: 0.000000032900 - Current percentage: -17.65% - Max: 117.73% - Min: -17.65% - Market Cap 6688 - Trading time: 00:03:14
07-09-2025 03:52:21.066 INFO Current price: 0.000000031610 - Current percentage: -24.44% - Max: 117.73% - Min: -24.44% - Market Cap 6137 - Trading time: 00:03:14
07-09-2025 03:52:22.578 INFO Current price: 0.000000030209 - Current percentage: -24.79% - Max: 117.73% - Min: -24.79% - Market Cap 6108 - Trading time: 00:03:16
07-09-2025 03:52:22.581 INFO Current price: 0.000000030132 - Current percentage: -24.82% - Max: 117.73% - Min: -24.82% - Market Cap 6106 - Trading time: 00:03:16
07-09-2025 03:52:26.255 INFO Current price: 0.000000030109 - Current percentage: -24.91% - Max: 117.73% - Min: -24.91% - Market Cap 6099 - Trading time: 00:03:19
07-09-2025 03:52:26.342 INFO Current price: 0.000000030106 - Current percentage: -24.84% - Max: 117.73% - Min: -24.91% - Market Cap 6104 - Trading time: 00:03:19
07-09-2025 03:52:28.916 INFO Current price: 0.000000030144 - Current percentage: -24.72% - Max: 117.73% - Min: -24.91% - Market Cap 6114 - Trading time: 00:03:22
07-09-2025 03:52:30.573 INFO Current price: 0.000000029667 - Current percentage: -27.19% - Max: 117.73% - Min: -27.19% - Market Cap 5913 - Trading time: 00:03:24
07-09-2025 03:52:40.479 INFO Current price: 0.000000029125 - Current percentage: -27.44% - Max: 117.73% - Min: -27.44% - Market Cap 5893 - Trading time: 00:03:34
07-09-2025 03:52:42.220 INFO Current price: 0.000000029045 - Current percentage: -27.59% - Max: 117.73% - Min: -27.59% - Market Cap 5881 - Trading time: 00:03:35
07-09-2025 03:52:42.376 INFO Current price: 0.000000028998 - Current percentage: -27.68% - Max: 117.73% - Min: -27.68% - Market Cap 5873 - Trading time: 00:03:36
07-09-2025 03:52:49.892 INFO Current price: 0.000000028898 - Current percentage: -28.09% - Max: 117.73% - Min: -28.09% - Market Cap 5840 - Trading time: 00:03:43
07-09-2025 03:53:06.023 INFO Current price: 0.000000028810 - Current percentage: -28.12% - Max: 117.73% - Min: -28.12% - Market Cap 5838 - Trading time: 00:03:59
07-09-2025 03:53:16.504 INFO Current price: 0.000000028777 - Current percentage: -28.25% - Max: 117.73% - Min: -28.25% - Market Cap 5827 - Trading time: 00:04:10
07-09-2025 03:53:32.212 INFO Current price: 0.000000028710 - Current percentage: -28.45% - Max: 117.73% - Min: -28.45% - Market Cap 5811 - Trading time: 00:04:25
07-09-2025 03:54:47.273 INFO Current price: 0.000000028564 - Current percentage: -28.98% - Max: 117.73% - Min: -28.98% - Market Cap 5768 - Trading time: 00:05:40
07-09-2025 03:54:59.357 INFO Current price: 0.000000028437 - Current percentage: -29.09% - Max: 117.73% - Min: -29.09% - Market Cap 5759 - Trading time: 00:05:53
07-09-2025 03:55:27.692 INFO Current price: 0.000000028278 - Current percentage: -29.77% - Max: 117.73% - Min: -29.77% - Market Cap 5703 - Trading time: 00:06:21






07-09-2025 04:05:27.691 INFO {"type":"summary","reason":"inactivity","startedAt":"2025-09-07T01:49:06.347Z","endedAt":"2025-09-07T02:05:27.691Z","durationSec":981,"entryPrice":4.23785503205967e-8,"entryMarketCapSol":40.07241180927417,"entryMarketCapUsd":8121.475701385596,"minPct":-29.77468302552336,"maxPct":117.72963355823155,"buyCount":179,"sellCount":171,"tradeCount":350,"entryRecorded":true,"noPostThresholdTrades":false,"triggerAt":"2025-09-07T01:49:06.347Z","ageAtTriggerSec":3,"preTotalTrades":29,"preBuys":19,"preSells":10,"preUniqueTraders":20,"preEntryTotalTrades":34,"preEntryBuys":21,"preEntrySells":13,"preEntryUniqueTraders":22,"preEntryMinMcUsd":7443.096699254392,"preEntryMaxMcUsd":10575.144242798066,"thresholdMcSol":40.07241180927417,"thresholdMcUsd":8121.475701385596,"thresholdPrice":4.23785503205967e-8}
