08-09-2025 12:14:43.800 INFO Entry price: 0.000000038440843663 - Entry market cap: 7935 - Buys 4 - Sells 1 - Ratio: 1:0.25 - Min MarketCap: 6179 - Max MarketCap: 9730
08-09-2025 12:14:43.800 INFO Current price: 0.000000038441 - Current percentage: 0.00% - Max: 0.00% - Min: 0.00% - Market Cap 7935 - Trading time: 00:00:02
08-09-2025 12:14:43.925 INFO Current price: 0.000000039691 - Current percentage: 11.56% - Max: 11.56% - Min: 0.00% - Market Cap 8853 - Trading time: 00:00:02
08-09-2025 12:14:44.645 INFO Current price: 0.000000045270 - Current percentage: 30.09% - Max: 30.09% - Min: 0.00% - Market Cap 10323 - Trading time: 00:00:02
08-09-2025 12:14:44.899 INFO Current price: 0.000000049247 - Current percentage: 32.02% - Max: 32.02% - Min: 0.00% - Market Cap 10476 - Trading time: 00:00:03
08-09-2025 12:14:46.416 INFO Current price: 0.000000051473 - Current percentage: 42.12% - Max: 42.12% - Min: 0.00% - Market Cap 11278 - Trading time: 00:00:04
08-09-2025 12:14:46.450 INFO Current price: 0.000000055337 - Current percentage: 52.59% - Max: 52.59% - Min: 0.00% - Market Cap 12108 - Trading time: 00:00:04
08-09-2025 12:14:46.898 INFO Current price: 0.000000061254 - Current percentage: 74.13% - Max: 74.13% - Min: 0.00% - Market Cap 13818 - Trading time: 00:00:05
08-09-2025 12:14:47.857 INFO Current price: 0.000000067575 - Current percentage: 85.70% - Max: 85.70% - Min: 0.00% - Market Cap 14736 - Trading time: 00:00:06
08-09-2025 12:14:47.863 INFO Current price: 0.000000071992 - Current percentage: 97.64% - Max: 97.64% - Min: 0.00% - Market Cap 15684 - Trading time: 00:00:06
08-09-2025 12:14:49.223 INFO Current price: 0.000000069444 - Current percentage: 72.79% - Max: 97.64% - Min: 0.00% - Market Cap 13712 - Trading time: 00:00:07
08-09-2025 12:14:52.063 INFO Current price: 0.000000067709 - Current percentage: 87.89% - Max: 97.64% - Min: 0.00% - Market Cap 14910 - Trading time: 00:00:10
08-09-2025 12:14:55.620 INFO Current price: 0.000000070612 - Current percentage: 87.93% - Max: 97.64% - Min: 0.00% - Market Cap 14913 - Trading time: 00:00:13
08-09-2025 12:14:57.386 INFO Current price: 0.000000065942 - Current percentage: 63.86% - Max: 97.64% - Min: 0.00% - Market Cap 13003 - Trading time: 00:00:15
08-09-2025 12:14:59.649 INFO Current price: 0.000000057910 - Current percentage: 44.93% - Max: 97.64% - Min: 0.00% - Market Cap 11501 - Trading time: 00:00:17
08-09-2025 12:15:00.223 INFO Current price: 0.000000051184 - Current percentage: 28.00% - Max: 97.64% - Min: 0.00% - Market Cap 10157 - Trading time: 00:00:18
08-09-2025 12:15:00.226 INFO Current price: 0.000000046461 - Current percentage: 19.42% - Max: 97.64% - Min: 0.00% - Market Cap 9477 - Trading time: 00:00:18
08-09-2025 12:15:00.329 INFO Current price: 0.000000044563 - Current percentage: 17.76% - Max: 97.64% - Min: 0.00% - Market Cap 9345 - Trading time: 00:00:18
08-09-2025 12:15:00.411 INFO Current price: 0.000000044827 - Current percentage: 20.84% - Max: 97.64% - Min: 0.00% - Market Cap 9589 - Trading time: 00:00:18
08-09-2025 12:15:00.729 INFO Current price: 0.000000045525 - Current percentage: 21.46% - Max: 97.64% - Min: 0.00% - Market Cap 9638 - Trading time: 00:00:18
08-09-2025 12:15:00.860 INFO Current price: 0.000000043012 - Current percentage: 7.87% - Max: 97.64% - Min: 0.00% - Market Cap 8560 - Trading time: 00:00:19
08-09-2025 12:15:00.883 INFO Current price: 0.000000038465 - Current percentage: -2.87% - Max: 97.64% - Min: -2.87% - Market Cap 7708 - Trading time: 00:00:19
08-09-2025 12:15:01.722 INFO Current price: 0.000000034564 - Current percentage: -12.90% - Max: 97.64% - Min: -12.90% - Market Cap 6912 - Trading time: 00:00:19
08-09-2025 12:15:02.888 INFO Current price: 0.000000032621 - Current percentage: -13.48% - Max: 97.64% - Min: -13.48% - Market Cap 6865 - Trading time: 00:00:21
08-09-2025 12:15:03.051 INFO Current price: 0.000000032516 - Current percentage: -13.46% - Max: 97.64% - Min: -13.48% - Market Cap 6867 - Trading time: 00:00:21
08-09-2025 12:15:05.831 INFO Current price: 0.000000032451 - Current percentage: -13.83% - Max: 97.64% - Min: -13.83% - Market Cap 6838 - Trading time: 00:00:24
08-09-2025 12:15:05.855 INFO Current price: 0.000000032379 - Current percentage: -13.84% - Max: 97.64% - Min: -13.84% - Market Cap 6837 - Trading time: 00:00:24
08-09-2025 12:15:06.998 INFO Current price: 0.000000030401 - Current percentage: -24.04% - Max: 97.64% - Min: -24.04% - Market Cap 6028 - Trading time: 00:00:25
08-09-2025 12:15:07.174 INFO Current price: 0.000000028542 - Current percentage: -24.06% - Max: 97.64% - Min: -24.06% - Market Cap 6026 - Trading time: 00:00:25
08-09-2025 12:15:07.783 INFO Current price: 0.000000028247 - Current percentage: -25.60% - Max: 97.64% - Min: -25.60% - Market Cap 5904 - Trading time: 00:00:25
08-09-2025 12:15:09.105 INFO Current price: 0.000000027964 - Current percentage: -25.57% - Max: 97.64% - Min: -25.60% - Market Cap 5906 - Trading time: 00:00:27
08-09-2025 12:15:10.329 INFO Current price: 0.000000027964 - Current percentage: -25.60% - Max: 97.64% - Min: -25.60% - Market Cap 5904 - Trading time: 00:00:28
08-09-2025 12:15:22.316 INFO Current price: 0.000000031640 - Current percentage: -4.72% - Max: 97.64% - Min: -25.60% - Market Cap 7561 - Trading time: 00:00:40
08-09-2025 12:15:31.862 INFO Current price: 0.000000036423 - Current percentage: -1.41% - Max: 97.64% - Min: -25.60% - Market Cap 7824 - Trading time: 00:00:50
08-09-2025 12:15:31.892 INFO Current price: 0.000000037658 - Current percentage: 1.86% - Max: 97.64% - Min: -25.60% - Market Cap 8083 - Trading time: 00:00:50
08-09-2025 12:15:31.931 INFO Current price: 0.000000039026 - Current percentage: 5.89% - Max: 97.64% - Min: -25.60% - Market Cap 8403 - Trading time: 00:00:50
08-09-2025 12:15:32.008 INFO Current price: 0.000000040669 - Current percentage: 10.61% - Max: 97.64% - Min: -25.60% - Market Cap 8778 - Trading time: 00:00:50
08-09-2025 12:15:32.011 INFO Current price: 0.000000042216 - Current percentage: 14.09% - Max: 97.64% - Min: -25.60% - Market Cap 9054 - Trading time: 00:00:50
08-09-2025 12:15:32.012 INFO Current price: 0.000000043905 - Current percentage: 19.64% - Max: 97.64% - Min: -25.60% - Market Cap 9494 - Trading time: 00:00:50
08-09-2025 12:15:32.015 INFO Current price: 0.000000046137 - Current percentage: 25.99% - Max: 97.64% - Min: -25.60% - Market Cap 9998 - Trading time: 00:00:50
08-09-2025 12:15:32.019 INFO Current price: 0.000000047700 - Current percentage: 27.89% - Max: 97.64% - Min: -25.60% - Market Cap 10149 - Trading time: 00:00:50
08-09-2025 12:15:32.062 INFO Current price: 0.000000048962 - Current percentage: 32.74% - Max: 97.64% - Min: -25.60% - Market Cap 10534 - Trading time: 00:00:50
08-09-2025 12:15:32.191 INFO Current price: 0.000000050152 - Current percentage: 34.18% - Max: 97.64% - Min: -25.60% - Market Cap 10648 - Trading time: 00:00:50
08-09-2025 12:15:33.425 INFO Current price: 0.000000049099 - Current percentage: 27.22% - Max: 97.64% - Min: -25.60% - Market Cap 10096 - Trading time: 00:00:51
08-09-2025 12:15:33.430 INFO Current price: 0.000000040736 - Current percentage: -7.63% - Max: 97.64% - Min: -25.60% - Market Cap 7330 - Trading time: 00:00:51
08-09-2025 12:15:33.686 INFO Current price: 0.000000034175 - Current percentage: -10.46% - Max: 97.64% - Min: -25.60% - Market Cap 7105 - Trading time: 00:00:51
08-09-2025 12:15:33.687 INFO Current price: 0.000000033188 - Current percentage: -12.89% - Max: 97.64% - Min: -25.60% - Market Cap 6913 - Trading time: 00:00:51
08-09-2025 12:15:33.758 INFO Current price: 0.000000032533 - Current percentage: -13.96% - Max: 97.64% - Min: -25.60% - Market Cap 6828 - Trading time: 00:00:51
08-09-2025 12:15:34.493 INFO Current price: 0.000000031820 - Current percentage: -16.66% - Max: 97.64% - Min: -25.60% - Market Cap 6613 - Trading time: 00:00:52
08-09-2025 12:15:34.520 INFO Current price: 0.000000030701 - Current percentage: -19.91% - Max: 97.64% - Min: -25.60% - Market Cap 6356 - Trading time: 00:00:52
08-09-2025 12:15:34.522 INFO Current price: 0.000000029542 - Current percentage: -22.83% - Max: 97.64% - Min: -25.60% - Market Cap 6123 - Trading time: 00:00:52
08-09-2025 12:15:34.598 INFO Current price: 0.000000028589 - Current percentage: -24.99% - Max: 97.64% - Min: -25.60% - Market Cap 5952 - Trading time: 00:00:52
08-09-2025 12:15:34.859 INFO Current price: 0.000000028072 - Current percentage: -25.60% - Max: 97.64% - Min: -25.60% - Market Cap 5904 - Trading time: 00:00:53
08-09-2025 12:19:19.362 INFO Current price: 0.000000000000 - Current percentage: -25.22% - Max: 97.64% - Min: -25.60% - Market Cap 5934 - Trading time: 00:04:37
08-09-2025 12:19:19.548 INFO Current price: 0.000000000000 - Current percentage: -25.22% - Max: 97.64% - Min: -25.60% - Market Cap 5934 - Trading time: 00:04:37
08-09-2025 12:19:19.555 INFO Current price: 0.000000000000 - Current percentage: -25.22% - Max: 97.64% - Min: -25.60% - Market Cap 5934 - Trading time: 00:04:37
08-09-2025 12:19:19.557 INFO Current price: 0.000000000000 - Current percentage: -25.22% - Max: 97.64% - Min: -25.60% - Market Cap 5934 - Trading time: 00:04:37
08-09-2025 12:19:22.372 INFO Current price: 0.000000000000 - Current percentage: -25.22% - Max: 97.64% - Min: -25.60% - Market Cap 5934 - Trading time: 00:04:40
08-09-2025 12:19:22.428 INFO Current price: 0.000000000000 - Current percentage: -25.22% - Max: 97.64% - Min: -25.60% - Market Cap 5934 - Trading time: 00:04:40
08-09-2025 12:19:22.431 INFO Current price: 0.000000000000 - Current percentage: -25.22% - Max: 97.64% - Min: -25.60% - Market Cap 5934 - Trading time: 00:04:40
08-09-2025 12:19:22.434 INFO Current price: 0.000000000000 - Current percentage: -25.22% - Max: 97.64% - Min: -25.60% - Market Cap 5934 - Trading time: 00:04:40
08-09-2025 12:19:22.437 INFO Current price: 0.000000000000 - Current percentage: -25.22% - Max: 97.64% - Min: -25.60% - Market Cap 5934 - Trading time: 00:04:40
08-09-2025 12:19:22.441 INFO Current price: 0.000000000000 - Current percentage: -25.22% - Max: 97.64% - Min: -25.60% - Market Cap 5934 - Trading time: 00:04:40
08-09-2025 12:19:22.441 INFO Current price: 0.000000000000 - Current percentage: -25.22% - Max: 97.64% - Min: -25.60% - Market Cap 5934 - Trading time: 00:04:40
08-09-2025 12:19:22.445 INFO Current price: 0.000000000000 - Current percentage: -25.22% - Max: 97.64% - Min: -25.60% - Market Cap 5934 - Trading time: 00:04:40
08-09-2025 12:19:22.446 INFO Current price: 0.000000000000 - Current percentage: -25.22% - Max: 97.64% - Min: -25.60% - Market Cap 5934 - Trading time: 00:04:40
08-09-2025 12:19:22.447 INFO Current price: 0.000000000000 - Current percentage: -25.22% - Max: 97.64% - Min: -25.60% - Market Cap 5934 - Trading time: 00:04:40
08-09-2025 12:19:22.449 INFO Current price: 0.000000000000 - Current percentage: -25.22% - Max: 97.64% - Min: -25.60% - Market Cap 5934 - Trading time: 00:04:40
08-09-2025 12:19:22.453 INFO Current price: 0.000000000000 - Current percentage: -25.22% - Max: 97.64% - Min: -25.60% - Market Cap 5934 - Trading time: 00:04:40
08-09-2025 12:19:22.455 INFO Current price: 0.000000000000 - Current percentage: -25.22% - Max: 97.64% - Min: -25.60% - Market Cap 5934 - Trading time: 00:04:40
08-09-2025 12:19:22.458 INFO Current price: 0.000000000000 - Current percentage: -25.22% - Max: 97.64% - Min: -25.60% - Market Cap 5934 - Trading time: 00:04:40
08-09-2025 12:19:22.463 INFO Current price: 0.000000000000 - Current percentage: -25.22% - Max: 97.64% - Min: -25.60% - Market Cap 5934 - Trading time: 00:04:40
08-09-2025 12:19:22.463 INFO Current price: 0.000000000000 - Current percentage: -25.22% - Max: 97.64% - Min: -25.60% - Market Cap 5934 - Trading time: 00:04:40
08-09-2025 12:19:22.465 INFO Current price: 0.000000000000 - Current percentage: -25.22% - Max: 97.64% - Min: -25.60% - Market Cap 5934 - Trading time: 00:04:40
08-09-2025 12:19:22.465 INFO Current price: 0.000000000000 - Current percentage: -25.22% - Max: 97.64% - Min: -25.60% - Market Cap 5934 - Trading time: 00:04:40
08-09-2025 12:19:22.470 INFO Current price: 0.000000000000 - Current percentage: -25.22% - Max: 97.64% - Min: -25.60% - Market Cap 5934 - Trading time: 00:04:40
08-09-2025 12:19:22.470 INFO Current price: 0.000000000000 - Current percentage: -25.22% - Max: 97.64% - Min: -25.60% - Market Cap 5934 - Trading time: 00:04:40
08-09-2025 12:19:23.703 INFO Current price: 0.000000000000 - Current percentage: -25.22% - Max: 97.64% - Min: -25.60% - Market Cap 5934 - Trading time: 00:04:41
08-09-2025 12:19:23.704 INFO Current price: 0.000000000000 - Current percentage: -25.22% - Max: 97.64% - Min: -25.60% - Market Cap 5934 - Trading time: 00:04:41
08-09-2025 12:19:23.707 INFO Current price: 0.000000000000 - Current percentage: -25.22% - Max: 97.64% - Min: -25.60% - Market Cap 5934 - Trading time: 00:04:41
08-09-2025 12:19:23.707 INFO Current price: 0.000000000000 - Current percentage: -25.22% - Max: 97.64% - Min: -25.60% - Market Cap 5934 - Trading time: 00:04:41
08-09-2025 12:19:23.713 INFO Current price: 0.000000000000 - Current percentage: -25.22% - Max: 97.64% - Min: -25.60% - Market Cap 5934 - Trading time: 00:04:41
08-09-2025 12:19:23.718 INFO Current price: 0.000000000000 - Current percentage: -25.22% - Max: 97.64% - Min: -25.60% - Market Cap 5934 - Trading time: 00:04:41
08-09-2025 12:19:23.719 INFO Current price: 0.000000000000 - Current percentage: -25.22% - Max: 97.64% - Min: -25.60% - Market Cap 5934 - Trading time: 00:04:41
08-09-2025 12:19:23.719 INFO Current price: 0.000000000000 - Current percentage: -25.22% - Max: 97.64% - Min: -25.60% - Market Cap 5934 - Trading time: 00:04:41
08-09-2025 12:19:23.719 INFO Current price: 0.000000000000 - Current percentage: -25.22% - Max: 97.64% - Min: -25.60% - Market Cap 5934 - Trading time: 00:04:41
08-09-2025 12:19:23.721 INFO Current price: 0.000000000000 - Current percentage: -25.22% - Max: 97.64% - Min: -25.60% - Market Cap 5934 - Trading time: 00:04:41
08-09-2025 12:19:23.721 INFO Current price: 0.000000000000 - Current percentage: -25.22% - Max: 97.64% - Min: -25.60% - Market Cap 5934 - Trading time: 00:04:41
08-09-2025 12:19:23.723 INFO Current price: 0.000000000000 - Current percentage: -25.22% - Max: 97.64% - Min: -25.60% - Market Cap 5934 - Trading time: 00:04:41
08-09-2025 12:19:23.724 INFO Current price: 0.000000000000 - Current percentage: -25.22% - Max: 97.64% - Min: -25.60% - Market Cap 5934 - Trading time: 00:04:41
08-09-2025 12:19:23.726 INFO Current price: 0.000000000000 - Current percentage: -25.22% - Max: 97.64% - Min: -25.60% - Market Cap 5934 - Trading time: 00:04:41
08-09-2025 12:19:23.728 INFO Current price: 0.000000000000 - Current percentage: -25.22% - Max: 97.64% - Min: -25.60% - Market Cap 5934 - Trading time: 00:04:41
08-09-2025 12:19:23.730 INFO Current price: 0.000000000000 - Current percentage: -25.22% - Max: 97.64% - Min: -25.60% - Market Cap 5934 - Trading time: 00:04:41






08-09-2025 12:29:23.731 INFO {"type":"summary","reason":"inactivity","startedAt":"2025-09-08T10:14:41.798Z","endedAt":"2025-09-08T10:29:23.731Z","durationSec":881,"entryPrice":3.844084366284591e-8,"entryMarketCapSol":37.578297943540896,"entryMarketCapUsd":7935.40917673753,"minPct":-25.59803129390921,"maxPct":97.64231146863627,"buyCount":45,"sellCount":46,"tradeCount":91,"entryRecorded":true,"noPostThresholdTrades":false,"triggerAt":"2025-09-08T10:14:41.798Z","ageAtTriggerSec":23,"preTotalTrades":5,"preBuys":4,"preSells":1,"preUniqueTraders":4,"preEntryTotalTrades":5,"preEntryBuys":4,"preEntrySells":1,"preEntryUniqueTraders":4,"preEntryMinMcUsd":6178.563998359595,"preEntryMaxMcUsd":9729.588637559023,"thresholdMcSol":37.578297943540896,"thresholdMcUsd":7935.40917673753,"thresholdPrice":3.844084366284591e-8}
