07-09-2025 19:17:09.971 INFO Entry price: 0.000000040031185944 - Entry market cap: 6878 - Buys 13 - Sells 11 - Ratio: 1:0.85 - Min MarketCap: 5888 - Max MarketCap: 10340
07-09-2025 19:17:09.971 INFO Current price: 0.000000040031 - Current percentage: 0.00% - Max: 0.00% - Min: 0.00% - Market Cap 6878 - Trading time: 00:00:02
07-09-2025 19:17:09.977 INFO Current price: 0.000000029124 - Current percentage: -13.30% - Max: 0.00% - Min: -13.30% - Market Cap 5963 - Trading time: 00:00:02
07-09-2025 19:17:44.633 INFO Current price: 0.000000028066 - Current percentage: -17.30% - Max: 0.00% - Min: -17.30% - Market Cap 5688 - Trading time: 00:00:36
07-09-2025 19:17:45.141 INFO Current price: 0.000000027968 - Current percentage: -17.25% - Max: 0.00% - Min: -17.30% - Market Cap 5692 - Trading time: 00:00:37
07-09-2025 19:18:12.184 INFO Current price: 0.000000043304 - Current percentage: 46.18% - Max: 46.18% - Min: -17.30% - Market Cap 10055 - Trading time: 00:01:04
07-09-2025 19:18:19.253 INFO Current price: 0.000000049665 - Current percentage: 47.62% - Max: 47.62% - Min: -17.30% - Market Cap 10154 - Trading time: 00:01:11
07-09-2025 19:18:36.569 INFO Current price: 0.000000051038 - Current percentage: 54.15% - Max: 54.15% - Min: -17.30% - Market Cap 10603 - Trading time: 00:01:28
07-09-2025 19:19:05.244 INFO Current price: 0.000000052830 - Current percentage: 57.93% - Max: 57.93% - Min: -17.30% - Market Cap 10863 - Trading time: 00:01:57
07-09-2025 19:19:05.472 INFO Current price: 0.000000054134 - Current percentage: 61.86% - Max: 61.86% - Min: -17.30% - Market Cap 11133 - Trading time: 00:01:57
07-09-2025 19:19:05.644 INFO Current price: 0.000000054816 - Current percentage: 61.93% - Max: 61.93% - Min: -17.30% - Market Cap 11138 - Trading time: 00:01:57
07-09-2025 19:20:41.383 INFO Current price: 0.000000057381 - Current percentage: 77.36% - Max: 77.36% - Min: -17.30% - Market Cap 12200 - Trading time: 00:03:33
07-09-2025 19:20:44.206 INFO Current price: 0.000000060065 - Current percentage: 77.44% - Max: 77.44% - Min: -17.30% - Market Cap 12205 - Trading time: 00:03:36
07-09-2025 19:20:53.549 INFO Current price: 0.000000060762 - Current percentage: 81.50% - Max: 81.50% - Min: -17.30% - Market Cap 12484 - Trading time: 00:03:45
07-09-2025 19:20:53.775 INFO Current price: 0.000000062159 - Current percentage: 85.69% - Max: 85.69% - Min: -17.30% - Market Cap 12773 - Trading time: 00:03:45
07-09-2025 19:20:54.958 INFO Current price: 0.000000064241 - Current percentage: 93.85% - Max: 93.85% - Min: -17.30% - Market Cap 13334 - Trading time: 00:03:46
07-09-2025 19:21:02.875 INFO Current price: 0.000000045966 - Current percentage: -4.93% - Max: 93.85% - Min: -17.30% - Market Cap 6540 - Trading time: 00:03:54
07-09-2025 19:21:03.231 INFO Current price: 0.000000032185 - Current percentage: -4.96% - Max: 93.85% - Min: -17.30% - Market Cap 6537 - Trading time: 00:03:55
07-09-2025 19:21:04.601 INFO Current price: 0.000000031697 - Current percentage: -7.79% - Max: 93.85% - Min: -17.30% - Market Cap 6343 - Trading time: 00:03:56
07-09-2025 19:21:06.038 INFO Current price: 0.000000030933 - Current percentage: -9.49% - Max: 93.85% - Min: -17.30% - Market Cap 6226 - Trading time: 00:03:58
07-09-2025 19:21:06.041 INFO Current price: 0.000000030367 - Current percentage: -11.13% - Max: 93.85% - Min: -17.30% - Market Cap 6113 - Trading time: 00:03:58
07-09-2025 19:21:06.042 INFO Current price: 0.000000029852 - Current percentage: -12.53% - Max: 93.85% - Min: -17.30% - Market Cap 6017 - Trading time: 00:03:58
07-09-2025 19:21:06.190 INFO Current price: 0.000000029384 - Current percentage: -13.90% - Max: 93.85% - Min: -17.30% - Market Cap 5923 - Trading time: 00:03:58
07-09-2025 19:21:09.559 INFO Current price: 0.000000029150 - Current percentage: -13.92% - Max: 93.85% - Min: -17.30% - Market Cap 5921 - Trading time: 00:04:01
07-09-2025 19:22:09.632 INFO Current price: 0.000000029329 - Current percentage: -12.83% - Max: 93.85% - Min: -17.30% - Market Cap 5996 - Trading time: 00:05:01
07-09-2025 19:23:44.454 INFO Current price: 0.000000029522 - Current percentage: -12.79% - Max: 93.85% - Min: -17.30% - Market Cap 5999 - Trading time: 00:06:36






07-09-2025 19:33:44.454 INFO {"type":"summary","reason":"inactivity","startedAt":"2025-09-07T17:17:07.969Z","endedAt":"2025-09-07T17:33:44.454Z","durationSec":996,"entryPrice":4.003118594448531e-8,"entryMarketCapSol":33.809204361439875,"entryMarketCapUsd":6878.482627334942,"minPct":-17.303604138869673,"maxPct":93.8534085135482,"buyCount":16,"sellCount":14,"tradeCount":30,"entryRecorded":true,"noPostThresholdTrades":false,"triggerAt":"2025-09-07T17:17:07.969Z","ageAtTriggerSec":10,"preTotalTrades":18,"preBuys":12,"preSells":6,"preUniqueTraders":12,"preEntryTotalTrades":24,"preEntryBuys":13,"preEntrySells":11,"preEntryUniqueTraders":13,"preEntryMinMcUsd":5887.623443587932,"preEntryMaxMcUsd":10339.665728582675,"thresholdMcSol":33.809204361439875,"thresholdMcUsd":6878.482627334942,"thresholdPrice":4.003118594448531e-8}
