08-09-2025 17:01:31.449 INFO Entry price: 0.000000041077287002 - Entry market cap: 8323 - Buys 15 - Sells 8 - Ratio: 1:0.53 - Min MarketCap: 6644 - Max MarketCap: 9490
08-09-2025 17:01:31.449 INFO Current price: 0.000000041077 - Current percentage: 0.00% - Max: 0.00% - Min: 0.00% - Market Cap 8323 - Trading time: 00:00:02
08-09-2025 17:01:34.713 INFO Current price: 0.000000035999 - Current percentage: -9.72% - Max: 0.00% - Min: -9.72% - Market Cap 7514 - Trading time: 00:00:05
08-09-2025 17:01:38.152 INFO Current price: 0.000000034550 - Current percentage: -11.79% - Max: 0.00% - Min: -11.79% - Market Cap 7341 - Trading time: 00:00:08
08-09-2025 17:01:38.808 INFO Current price: 0.000000035157 - Current percentage: -6.51% - Max: 0.00% - Min: -11.79% - Market Cap 7781 - Trading time: 00:00:09
08-09-2025 17:01:38.956 INFO Current price: 0.000000036454 - Current percentage: -5.17% - Max: 0.00% - Min: -11.79% - Market Cap 7893 - Trading time: 00:00:09
08-09-2025 17:01:39.092 INFO Current price: 0.000000037462 - Current percentage: -1.27% - Max: 0.00% - Min: -11.79% - Market Cap 8217 - Trading time: 00:00:09
08-09-2025 17:01:39.223 INFO Current price: 0.000000038336 - Current percentage: -0.69% - Max: 0.00% - Min: -11.79% - Market Cap 8266 - Trading time: 00:00:09
08-09-2025 17:01:39.314 INFO Current price: 0.000000039098 - Current percentage: 2.69% - Max: 2.69% - Min: -11.79% - Market Cap 8546 - Trading time: 00:00:09
08-09-2025 17:01:39.383 INFO Current price: 0.000000039759 - Current percentage: 2.70% - Max: 2.70% - Min: -11.79% - Market Cap 8547 - Trading time: 00:00:09
08-09-2025 17:01:39.384 INFO Current price: 0.000000039763 - Current percentage: 2.71% - Max: 2.71% - Min: -11.79% - Market Cap 8548 - Trading time: 00:00:09
08-09-2025 17:01:40.360 INFO Current price: 0.000000039765 - Current percentage: 2.71% - Max: 2.71% - Min: -11.79% - Market Cap 8548 - Trading time: 00:00:10
08-09-2025 17:01:46.259 INFO Current price: 0.000000038453 - Current percentage: -3.95% - Max: 2.71% - Min: -11.79% - Market Cap 7994 - Trading time: 00:00:16
08-09-2025 17:01:46.546 INFO Current price: 0.000000037183 - Current percentage: -3.96% - Max: 2.71% - Min: -11.79% - Market Cap 7993 - Trading time: 00:00:17
08-09-2025 17:01:55.025 INFO Current price: 0.000000038232 - Current percentage: 1.54% - Max: 2.71% - Min: -11.79% - Market Cap 8451 - Trading time: 00:00:25
08-09-2025 17:01:55.102 INFO Current price: 0.000000039511 - Current percentage: 2.57% - Max: 2.71% - Min: -11.79% - Market Cap 8537 - Trading time: 00:00:25
08-09-2025 17:01:55.246 INFO Current price: 0.000000039723 - Current percentage: 2.63% - Max: 2.71% - Min: -11.79% - Market Cap 8542 - Trading time: 00:00:25
08-09-2025 17:01:56.218 INFO Current price: 0.000000039734 - Current percentage: 2.63% - Max: 2.71% - Min: -11.79% - Market Cap 8542 - Trading time: 00:00:26
08-09-2025 17:01:57.465 INFO Current price: 0.000000039614 - Current percentage: 2.01% - Max: 2.71% - Min: -11.79% - Market Cap 8490 - Trading time: 00:00:28
08-09-2025 17:02:03.516 INFO Current price: 0.000000038842 - Current percentage: -1.33% - Max: 2.71% - Min: -11.79% - Market Cap 8212 - Trading time: 00:00:34
08-09-2025 17:02:03.725 INFO Current price: 0.000000039720 - Current percentage: 6.67% - Max: 6.67% - Min: -11.79% - Market Cap 8878 - Trading time: 00:00:34
08-09-2025 17:02:03.728 INFO Current price: 0.000000043043 - Current percentage: 15.87% - Max: 15.87% - Min: -11.79% - Market Cap 9643 - Trading time: 00:00:34
08-09-2025 17:02:03.858 INFO Current price: 0.000000044889 - Current percentage: 16.02% - Max: 16.02% - Min: -11.79% - Market Cap 9656 - Trading time: 00:00:34
08-09-2025 17:02:03.860 INFO Current price: 0.000000044942 - Current percentage: 16.14% - Max: 16.14% - Min: -11.79% - Market Cap 9666 - Trading time: 00:00:34
08-09-2025 17:02:03.907 INFO Current price: 0.000000045024 - Current percentage: 16.45% - Max: 16.45% - Min: -11.79% - Market Cap 9692 - Trading time: 00:00:34
08-09-2025 17:02:04.827 INFO Current price: 0.000000045054 - Current percentage: 16.29% - Max: 16.45% - Min: -11.79% - Market Cap 9679 - Trading time: 00:00:35
08-09-2025 17:02:04.830 INFO Current price: 0.000000047360 - Current percentage: 28.67% - Max: 28.67% - Min: -11.79% - Market Cap 10709 - Trading time: 00:00:35
08-09-2025 17:02:05.040 INFO Current price: 0.000000051033 - Current percentage: 35.03% - Max: 35.03% - Min: -11.79% - Market Cap 11238 - Trading time: 00:00:35
08-09-2025 17:02:05.059 INFO Current price: 0.000000052329 - Current percentage: 35.29% - Max: 35.29% - Min: -11.79% - Market Cap 11260 - Trading time: 00:00:35
08-09-2025 17:02:05.462 INFO Current price: 0.000000052506 - Current percentage: 35.95% - Max: 35.95% - Min: -11.79% - Market Cap 11315 - Trading time: 00:00:36
08-09-2025 17:02:06.156 INFO Current price: 0.000000052634 - Current percentage: 35.95% - Max: 35.95% - Min: -11.79% - Market Cap 11315 - Trading time: 00:00:36
08-09-2025 17:02:06.228 INFO Current price: 0.000000052892 - Current percentage: 37.28% - Max: 37.28% - Min: -11.79% - Market Cap 11426 - Trading time: 00:00:36
08-09-2025 17:02:06.465 INFO Current price: 0.000000053189 - Current percentage: 37.48% - Max: 37.48% - Min: -11.79% - Market Cap 11442 - Trading time: 00:00:37
08-09-2025 17:02:07.252 INFO Current price: 0.000000053856 - Current percentage: 40.75% - Max: 40.75% - Min: -11.79% - Market Cap 11714 - Trading time: 00:00:37
08-09-2025 17:02:08.605 INFO Current price: 0.000000054504 - Current percentage: 40.81% - Max: 40.81% - Min: -11.79% - Market Cap 11720 - Trading time: 00:00:39
08-09-2025 17:02:18.306 INFO Current price: 0.000000054504 - Current percentage: 40.75% - Max: 40.81% - Min: -11.79% - Market Cap 11714 - Trading time: 00:00:48
08-09-2025 17:02:29.278 INFO Current price: 0.000000054491 - Current percentage: 40.75% - Max: 40.81% - Min: -11.79% - Market Cap 11714 - Trading time: 00:00:59
08-09-2025 17:02:30.396 INFO Current price: 0.000000054515 - Current percentage: 40.87% - Max: 40.87% - Min: -11.79% - Market Cap 11724 - Trading time: 00:01:00
08-09-2025 17:02:30.669 INFO Current price: 0.000000054795 - Current percentage: 41.53% - Max: 41.53% - Min: -11.79% - Market Cap 11779 - Trading time: 00:01:01
08-09-2025 17:02:33.380 INFO Current price: 0.000000054319 - Current percentage: 39.08% - Max: 41.53% - Min: -11.79% - Market Cap 11576 - Trading time: 00:01:03
08-09-2025 17:02:33.641 INFO Current price: 0.000000053844 - Current percentage: 39.07% - Max: 41.53% - Min: -11.79% - Market Cap 11574 - Trading time: 00:01:04
08-09-2025 17:02:36.048 INFO Current price: 0.000000053577 - Current percentage: 37.71% - Max: 41.53% - Min: -11.79% - Market Cap 11461 - Trading time: 00:01:06
08-09-2025 17:02:36.121 INFO Current price: 0.000000053276 - Current percentage: 37.51% - Max: 41.53% - Min: -11.79% - Market Cap 11444 - Trading time: 00:01:06
08-09-2025 17:02:36.337 INFO Current price: 0.000000053207 - Current percentage: 37.35% - Max: 41.53% - Min: -11.79% - Market Cap 11432 - Trading time: 00:01:06
08-09-2025 17:02:37.241 INFO Current price: 0.000000053179 - Current percentage: 37.36% - Max: 41.53% - Min: -11.79% - Market Cap 11432 - Trading time: 00:01:07
08-09-2025 17:02:44.071 INFO Current price: 0.000000051275 - Current percentage: 27.70% - Max: 41.53% - Min: -11.79% - Market Cap 10628 - Trading time: 00:01:14
08-09-2025 17:02:47.193 INFO Current price: 0.000000049765 - Current percentage: 29.39% - Max: 41.53% - Min: -11.79% - Market Cap 10769 - Trading time: 00:01:17
08-09-2025 17:03:01.437 INFO Current price: 0.000000047955 - Current percentage: 18.58% - Max: 41.53% - Min: -11.79% - Market Cap 9869 - Trading time: 00:01:31
08-09-2025 17:03:01.439 INFO Current price: 0.000000044060 - Current percentage: 9.22% - Max: 41.53% - Min: -11.79% - Market Cap 9090 - Trading time: 00:01:31
08-09-2025 17:03:02.010 INFO Current price: 0.000000042251 - Current percentage: 9.04% - Max: 41.53% - Min: -11.79% - Market Cap 9075 - Trading time: 00:01:32
08-09-2025 17:03:02.073 INFO Current price: 0.000000042161 - Current percentage: 8.76% - Max: 41.53% - Min: -11.79% - Market Cap 9052 - Trading time: 00:01:32
08-09-2025 17:03:02.108 INFO Current price: 0.000000041205 - Current percentage: 4.15% - Max: 41.53% - Min: -11.79% - Market Cap 8668 - Trading time: 00:01:32
08-09-2025 17:03:02.596 INFO Current price: 0.000000040322 - Current percentage: 4.15% - Max: 41.53% - Min: -11.79% - Market Cap 8668 - Trading time: 00:01:33
08-09-2025 17:03:02.615 INFO Current price: 0.000000040238 - Current percentage: 3.71% - Max: 41.53% - Min: -11.79% - Market Cap 8631 - Trading time: 00:01:33
08-09-2025 17:03:02.651 INFO Current price: 0.000000040151 - Current percentage: 3.70% - Max: 41.53% - Min: -11.79% - Market Cap 8631 - Trading time: 00:01:33
08-09-2025 17:03:06.701 INFO Current price: 0.000000042049 - Current percentage: 13.74% - Max: 41.53% - Min: -11.79% - Market Cap 9467 - Trading time: 00:01:37
08-09-2025 17:03:06.750 INFO Current price: 0.000000044120 - Current percentage: 14.17% - Max: 41.53% - Min: -11.79% - Market Cap 9502 - Trading time: 00:01:37
08-09-2025 17:03:06.796 INFO Current price: 0.000000044469 - Current percentage: 15.55% - Max: 41.53% - Min: -11.79% - Market Cap 9617 - Trading time: 00:01:37
08-09-2025 17:03:06.810 INFO Current price: 0.000000044751 - Current percentage: 15.62% - Max: 41.53% - Min: -11.79% - Market Cap 9623 - Trading time: 00:01:37
08-09-2025 17:03:06.969 INFO Current price: 0.000000043007 - Current percentage: 6.72% - Max: 41.53% - Min: -11.79% - Market Cap 8882 - Trading time: 00:01:37
08-09-2025 17:03:06.979 INFO Current price: 0.000000041106 - Current percentage: 5.63% - Max: 41.53% - Min: -11.79% - Market Cap 8791 - Trading time: 00:01:37
08-09-2025 17:03:07.017 INFO Current price: 0.000000040821 - Current percentage: 5.25% - Max: 41.53% - Min: -11.79% - Market Cap 8760 - Trading time: 00:01:37
08-09-2025 17:03:07.193 INFO Current price: 0.000000038922 - Current percentage: -3.97% - Max: 41.53% - Min: -11.79% - Market Cap 7992 - Trading time: 00:01:37
08-09-2025 17:03:13.551 INFO Current price: 0.000000037017 - Current percentage: -4.80% - Max: 41.53% - Min: -11.79% - Market Cap 7923 - Trading time: 00:01:44
08-09-2025 17:03:14.243 INFO Current price: 0.000000036847 - Current percentage: -4.85% - Max: 41.53% - Min: -11.79% - Market Cap 7919 - Trading time: 00:01:44
08-09-2025 17:03:15.225 INFO Current price: 0.000000036630 - Current percentage: -5.92% - Max: 41.53% - Min: -11.79% - Market Cap 7830 - Trading time: 00:01:45
08-09-2025 17:03:15.371 INFO Current price: 0.000000036227 - Current percentage: -6.94% - Max: 41.53% - Min: -11.79% - Market Cap 7745 - Trading time: 00:01:45
08-09-2025 17:03:39.837 INFO Current price: 0.000000035962 - Current percentage: -7.29% - Max: 41.53% - Min: -11.79% - Market Cap 7716 - Trading time: 00:02:10
08-09-2025 17:03:47.600 INFO Current price: 0.000000034945 - Current percentage: -12.13% - Max: 41.53% - Min: -12.13% - Market Cap 7314 - Trading time: 00:02:18
08-09-2025 17:03:47.719 INFO Current price: 0.000000033443 - Current percentage: -15.09% - Max: 41.53% - Min: -15.09% - Market Cap 7067 - Trading time: 00:02:18
08-09-2025 17:03:48.754 INFO Current price: 0.000000032874 - Current percentage: -15.09% - Max: 41.53% - Min: -15.09% - Market Cap 7067 - Trading time: 00:02:19
08-09-2025 17:05:03.606 INFO Current price: 0.000000031707 - Current percentage: -21.01% - Max: 41.53% - Min: -21.01% - Market Cap 6574 - Trading time: 00:03:34
08-09-2025 17:05:04.519 INFO Current price: 0.000000030588 - Current percentage: -20.98% - Max: 41.53% - Min: -21.01% - Market Cap 6576 - Trading time: 00:03:35
08-09-2025 17:05:28.239 INFO Current price: 0.000000029785 - Current percentage: -25.10% - Max: 41.53% - Min: -25.10% - Market Cap 6234 - Trading time: 00:03:58
08-09-2025 17:05:28.345 INFO Current price: 0.000000028495 - Current percentage: -27.68% - Max: 41.53% - Min: -27.68% - Market Cap 6019 - Trading time: 00:03:58
08-09-2025 17:05:29.478 INFO Current price: 0.000000027999 - Current percentage: -27.68% - Max: 41.53% - Min: -27.68% - Market Cap 6019 - Trading time: 00:04:00
08-09-2025 17:05:29.528 INFO Current price: 0.000000027995 - Current percentage: -27.70% - Max: 41.53% - Min: -27.70% - Market Cap 6017 - Trading time: 00:04:00






08-09-2025 17:15:29.529 INFO {"type":"summary","reason":"inactivity","startedAt":"2025-09-08T15:01:29.448Z","endedAt":"2025-09-08T15:15:29.529Z","durationSec":840,"entryPrice":4.107728700173122e-8,"entryMarketCapSol":38.71602570241155,"entryMarketCapUsd":8322.78404524741,"minPct":-27.7031203345806,"maxPct":41.5327540558499,"buyCount":36,"sellCount":42,"tradeCount":78,"entryRecorded":true,"noPostThresholdTrades":false,"triggerAt":"2025-09-08T15:01:29.448Z","ageAtTriggerSec":31,"preTotalTrades":20,"preBuys":14,"preSells":6,"preUniqueTraders":14,"preEntryTotalTrades":23,"preEntryBuys":15,"preEntrySells":8,"preEntryUniqueTraders":15,"preEntryMinMcUsd":6643.556869593181,"preEntryMaxMcUsd":9490.22180466232,"thresholdMcSol":38.71602570241155,"thresholdMcUsd":8322.78404524741,"thresholdPrice":4.107728700173122e-8}
