07-09-2025 18:38:51.410 INFO Entry price: 0.000000057241253502 - Entry market cap: 11331 - Buys 56 - Sells 38 - Ratio: 1:0.68 - Min MarketCap: 7686 - Max MarketCap: 12744
07-09-2025 18:38:51.410 INFO Current price: 0.000000057241 - Current percentage: 0.00% - Max: 0.00% - Min: 0.00% - Market Cap 11331 - Trading time: 00:00:02
07-09-2025 18:38:58.731 INFO Current price: 0.000000054781 - Current percentage: -1.47% - Max: 0.00% - Min: -1.47% - Market Cap 11165 - Trading time: 00:00:09
07-09-2025 18:38:58.911 INFO Current price: 0.000000054678 - Current percentage: -1.57% - Max: 0.00% - Min: -1.57% - Market Cap 11154 - Trading time: 00:00:09
07-09-2025 18:38:59.659 INFO Current price: 0.000000054541 - Current percentage: -1.96% - Max: 0.00% - Min: -1.96% - Market Cap 11109 - Trading time: 00:00:10
07-09-2025 18:39:00.056 INFO Current price: 0.000000053934 - Current percentage: -3.75% - Max: 0.00% - Min: -3.75% - Market Cap 10907 - Trading time: 00:00:10
07-09-2025 18:39:00.488 INFO Current price: 0.000000053409 - Current percentage: -3.86% - Max: 0.00% - Min: -3.86% - Market Cap 10894 - Trading time: 00:00:11
07-09-2025 18:39:00.541 INFO Current price: 0.000000052452 - Current percentage: -7.16% - Max: 0.00% - Min: -7.16% - Market Cap 10520 - Trading time: 00:00:11
07-09-2025 18:39:00.591 INFO Current price: 0.000000050909 - Current percentage: -9.44% - Max: 0.00% - Min: -9.44% - Market Cap 10262 - Trading time: 00:00:11
07-09-2025 18:39:04.210 INFO Current price: 0.000000050185 - Current percentage: -9.78% - Max: 0.00% - Min: -9.78% - Market Cap 10223 - Trading time: 00:00:14
07-09-2025 18:39:04.466 INFO Current price: 0.000000050459 - Current percentage: -8.44% - Max: 0.00% - Min: -9.78% - Market Cap 10374 - Trading time: 00:00:15
07-09-2025 18:39:07.436 INFO Current price: 0.000000050781 - Current percentage: -8.63% - Max: 0.00% - Min: -9.78% - Market Cap 10353 - Trading time: 00:00:18
07-09-2025 18:39:08.567 INFO Current price: 0.000000053185 - Current percentage: 0.43% - Max: 0.43% - Min: -9.78% - Market Cap 11380 - Trading time: 00:00:19
07-09-2025 18:39:08.655 INFO Current price: 0.000000056417 - Current percentage: 2.81% - Max: 2.81% - Min: -9.78% - Market Cap 11650 - Trading time: 00:00:19
07-09-2025 18:39:08.656 INFO Current price: 0.000000057492 - Current percentage: 4.29% - Max: 4.29% - Min: -9.78% - Market Cap 11818 - Trading time: 00:00:19
07-09-2025 18:39:09.470 INFO Current price: 0.000000059245 - Current percentage: 9.18% - Max: 9.18% - Min: -9.78% - Market Cap 12371 - Trading time: 00:00:20
07-09-2025 18:39:13.876 INFO Current price: 0.000000061989 - Current percentage: 14.18% - Max: 14.18% - Min: -9.78% - Market Cap 12938 - Trading time: 00:00:24
07-09-2025 18:39:13.931 INFO Current price: 0.000000063531 - Current percentage: 14.68% - Max: 14.68% - Min: -9.78% - Market Cap 12994 - Trading time: 00:00:24
07-09-2025 18:39:14.921 INFO Current price: 0.000000063808 - Current percentage: 15.18% - Max: 15.18% - Min: -9.78% - Market Cap 13051 - Trading time: 00:00:25
07-09-2025 18:39:15.216 INFO Current price: 0.000000064290 - Current percentage: 16.42% - Max: 16.42% - Min: -9.78% - Market Cap 13192 - Trading time: 00:00:25
07-09-2025 18:39:16.003 INFO Current price: 0.000000065375 - Current percentage: 19.10% - Max: 19.10% - Min: -9.78% - Market Cap 13495 - Trading time: 00:00:26
07-09-2025 18:39:16.010 INFO Current price: 0.000000066776 - Current percentage: 21.47% - Max: 21.47% - Min: -9.78% - Market Cap 13763 - Trading time: 00:00:26
07-09-2025 18:39:16.186 INFO Current price: 0.000000068152 - Current percentage: 24.05% - Max: 24.05% - Min: -9.78% - Market Cap 14057 - Trading time: 00:00:26
07-09-2025 18:39:16.359 INFO Current price: 0.000000068889 - Current percentage: 24.11% - Max: 24.11% - Min: -9.78% - Market Cap 14063 - Trading time: 00:00:26
07-09-2025 18:39:18.037 INFO Current price: 0.000000068021 - Current percentage: 20.95% - Max: 24.11% - Min: -9.78% - Market Cap 13705 - Trading time: 00:00:28
07-09-2025 18:39:18.088 INFO Current price: 0.000000066636 - Current percentage: 19.10% - Max: 24.11% - Min: -9.78% - Market Cap 13496 - Trading time: 00:00:28
07-09-2025 18:39:19.784 INFO Current price: 0.000000066196 - Current percentage: 19.36% - Max: 24.11% - Min: -9.78% - Market Cap 13524 - Trading time: 00:00:30
07-09-2025 18:39:20.652 INFO Current price: 0.000000068537 - Current percentage: 27.68% - Max: 27.68% - Min: -9.78% - Market Cap 14467 - Trading time: 00:00:31
07-09-2025 18:39:20.659 INFO Current price: 0.000000072890 - Current percentage: 35.00% - Max: 35.00% - Min: -9.78% - Market Cap 15297 - Trading time: 00:00:31
07-09-2025 18:39:20.981 INFO Current price: 0.000000074951 - Current percentage: 35.00% - Max: 35.00% - Min: -9.78% - Market Cap 15297 - Trading time: 00:00:31
07-09-2025 18:39:23.032 INFO Current price: 0.000000074518 - Current percentage: 33.45% - Max: 35.00% - Min: -9.78% - Market Cap 15121 - Trading time: 00:00:33
07-09-2025 18:39:25.534 INFO Current price: 0.000000074106 - Current percentage: 33.51% - Max: 35.00% - Min: -9.78% - Market Cap 15128 - Trading time: 00:00:36
07-09-2025 18:39:27.788 INFO Current price: 0.000000071573 - Current percentage: 24.48% - Max: 35.00% - Min: -9.78% - Market Cap 14105 - Trading time: 00:00:38
07-09-2025 18:39:28.685 INFO Current price: 0.000000069256 - Current percentage: 25.01% - Max: 35.00% - Min: -9.78% - Market Cap 14164 - Trading time: 00:00:39
07-09-2025 18:39:35.001 INFO Current price: 0.000000069635 - Current percentage: 25.84% - Max: 35.00% - Min: -9.78% - Market Cap 14259 - Trading time: 00:00:45
07-09-2025 18:39:37.682 INFO Current price: 0.000000068012 - Current percentage: 19.25% - Max: 35.00% - Min: -9.78% - Market Cap 13512 - Trading time: 00:00:48
07-09-2025 18:39:37.685 INFO Current price: 0.000000064083 - Current percentage: 11.72% - Max: 35.00% - Min: -9.78% - Market Cap 12659 - Trading time: 00:00:48
07-09-2025 18:39:40.439 INFO Current price: 0.000000063793 - Current percentage: 18.17% - Max: 35.00% - Min: -9.78% - Market Cap 13390 - Trading time: 00:00:51
07-09-2025 18:39:43.473 INFO Current price: 0.000000065677 - Current percentage: 18.42% - Max: 35.00% - Min: -9.78% - Market Cap 13418 - Trading time: 00:00:54
07-09-2025 18:39:43.710 INFO Current price: 0.000000068495 - Current percentage: 28.53% - Max: 35.00% - Min: -9.78% - Market Cap 14564 - Trading time: 00:00:54
07-09-2025 18:39:43.801 INFO Current price: 0.000000074729 - Current percentage: 40.96% - Max: 40.96% - Min: -9.78% - Market Cap 15972 - Trading time: 00:00:54
07-09-2025 18:39:49.166 INFO Current price: 0.000000077982 - Current percentage: 39.96% - Max: 40.96% - Min: -9.78% - Market Cap 15859 - Trading time: 00:00:59
07-09-2025 18:39:49.391 INFO Current price: 0.000000078074 - Current percentage: 41.29% - Max: 41.29% - Min: -9.78% - Market Cap 16009 - Trading time: 00:00:59
07-09-2025 18:39:49.397 INFO Current price: 0.000000078837 - Current percentage: 42.71% - Max: 42.71% - Min: -9.78% - Market Cap 16171 - Trading time: 00:00:59
07-09-2025 18:39:49.514 INFO Current price: 0.000000080349 - Current percentage: 46.76% - Max: 46.76% - Min: -9.78% - Market Cap 16629 - Trading time: 00:01:00
07-09-2025 18:39:49.571 INFO Current price: 0.000000081483 - Current percentage: 46.76% - Max: 46.76% - Min: -9.78% - Market Cap 16629 - Trading time: 00:01:00
07-09-2025 18:39:49.758 INFO Current price: 0.000000080268 - Current percentage: 42.43% - Max: 46.76% - Min: -9.78% - Market Cap 16138 - Trading time: 00:01:00
07-09-2025 18:39:50.987 INFO Current price: 0.000000078360 - Current percentage: 39.86% - Max: 46.76% - Min: -9.78% - Market Cap 15848 - Trading time: 00:01:01
07-09-2025 18:39:55.595 INFO Current price: 0.000000078771 - Current percentage: 43.92% - Max: 46.76% - Min: -9.78% - Market Cap 16308 - Trading time: 00:01:06
07-09-2025 18:39:55.893 INFO Current price: 0.000000080246 - Current percentage: 45.15% - Max: 46.76% - Min: -9.78% - Market Cap 16447 - Trading time: 00:01:06
07-09-2025 18:39:57.195 INFO Current price: 0.000000082133 - Current percentage: 50.77% - Max: 50.77% - Min: -9.78% - Market Cap 17084 - Trading time: 00:01:07
07-09-2025 18:39:57.374 INFO Current price: 0.000000083789 - Current percentage: 51.06% - Max: 51.06% - Min: -9.78% - Market Cap 17117 - Trading time: 00:01:07
07-09-2025 18:40:02.145 INFO Current price: 0.000000084275 - Current percentage: 52.53% - Max: 52.53% - Min: -9.78% - Market Cap 17283 - Trading time: 00:01:12
07-09-2025 18:40:02.146 INFO Current price: 0.000000085068 - Current percentage: 53.92% - Max: 53.92% - Min: -9.78% - Market Cap 17440 - Trading time: 00:01:12
07-09-2025 18:40:02.536 INFO Current price: 0.000000083827 - Current percentage: 48.11% - Max: 53.92% - Min: -9.78% - Market Cap 16783 - Trading time: 00:01:13
07-09-2025 18:40:05.179 INFO Current price: 0.000000081846 - Current percentage: 46.72% - Max: 53.92% - Min: -9.78% - Market Cap 16625 - Trading time: 00:01:15
07-09-2025 18:40:06.037 INFO Current price: 0.000000080899 - Current percentage: 44.71% - Max: 53.92% - Min: -9.78% - Market Cap 16397 - Trading time: 00:01:16
07-09-2025 18:40:07.117 INFO Current price: 0.000000082195 - Current percentage: 51.46% - Max: 53.92% - Min: -9.78% - Market Cap 17162 - Trading time: 00:01:17
07-09-2025 18:40:07.401 INFO Current price: 0.000000084253 - Current percentage: 52.04% - Max: 53.92% - Min: -9.78% - Market Cap 17228 - Trading time: 00:01:17
07-09-2025 18:40:08.234 INFO Current price: 0.000000084447 - Current percentage: 52.16% - Max: 53.92% - Min: -9.78% - Market Cap 17242 - Trading time: 00:01:18
07-09-2025 18:40:17.003 INFO Current price: 0.000000084661 - Current percentage: 52.58% - Max: 53.92% - Min: -9.78% - Market Cap 17288 - Trading time: 00:01:27
07-09-2025 18:40:25.644 INFO Current price: 0.000000083806 - Current percentage: 48.85% - Max: 53.92% - Min: -9.78% - Market Cap 16866 - Trading time: 00:01:36
07-09-2025 18:40:25.972 INFO Current price: 0.000000082696 - Current percentage: 49.05% - Max: 53.92% - Min: -9.78% - Market Cap 16889 - Trading time: 00:01:36
07-09-2025 18:40:29.204 INFO Current price: 0.000000082625 - Current percentage: 48.59% - Max: 53.92% - Min: -9.78% - Market Cap 16837 - Trading time: 00:01:39
07-09-2025 18:40:33.116 INFO Current price: 0.000000082069 - Current percentage: 47.05% - Max: 53.92% - Min: -9.78% - Market Cap 16662 - Trading time: 00:01:43
07-09-2025 18:40:36.016 INFO Current price: 0.000000080508 - Current percentage: 42.99% - Max: 53.92% - Min: -9.78% - Market Cap 16203 - Trading time: 00:01:46
07-09-2025 18:40:36.905 INFO Current price: 0.000000079196 - Current percentage: 42.30% - Max: 53.92% - Min: -9.78% - Market Cap 16124 - Trading time: 00:01:47
07-09-2025 18:40:39.530 INFO Current price: 0.000000079007 - Current percentage: 42.31% - Max: 53.92% - Min: -9.78% - Market Cap 16126 - Trading time: 00:01:50
07-09-2025 18:40:50.918 INFO Current price: 0.000000077064 - Current percentage: 35.38% - Max: 53.92% - Min: -9.78% - Market Cap 15340 - Trading time: 00:02:01
07-09-2025 18:40:51.433 INFO Current price: 0.000000074986 - Current percentage: 34.74% - Max: 53.92% - Min: -9.78% - Market Cap 15268 - Trading time: 00:02:02
07-09-2025 18:40:51.713 INFO Current price: 0.000000070838 - Current percentage: 20.82% - Max: 53.92% - Min: -9.78% - Market Cap 13690 - Trading time: 00:02:02
07-09-2025 18:40:51.714 INFO Current price: 0.000000064431 - Current percentage: 11.47% - Max: 53.92% - Min: -9.78% - Market Cap 12631 - Trading time: 00:02:02
07-09-2025 18:40:51.765 INFO Current price: 0.000000059147 - Current percentage: 1.82% - Max: 53.92% - Min: -9.78% - Market Cap 11537 - Trading time: 00:02:02
07-09-2025 18:40:51.769 INFO Current price: 0.000000055990 - Current percentage: -0.11% - Max: 53.92% - Min: -9.78% - Market Cap 11318 - Trading time: 00:02:02
07-09-2025 18:40:51.777 INFO Current price: 0.000000054256 - Current percentage: -4.40% - Max: 53.92% - Min: -9.78% - Market Cap 10833 - Trading time: 00:02:02
07-09-2025 18:40:51.845 INFO Current price: 0.000000052883 - Current percentage: -5.10% - Max: 53.92% - Min: -9.78% - Market Cap 10753 - Trading time: 00:02:02
07-09-2025 18:40:51.855 INFO Current price: 0.000000051819 - Current percentage: -8.21% - Max: 53.92% - Min: -9.78% - Market Cap 10401 - Trading time: 00:02:02
07-09-2025 18:40:52.084 INFO Current price: 0.000000050874 - Current percentage: -8.53% - Max: 53.92% - Min: -9.78% - Market Cap 10364 - Trading time: 00:02:02
07-09-2025 18:40:52.120 INFO Current price: 0.000000050779 - Current percentage: -8.53% - Max: 53.92% - Min: -9.78% - Market Cap 10364 - Trading time: 00:02:02
07-09-2025 18:40:52.406 INFO Current price: 0.000000049543 - Current percentage: -12.94% - Max: 53.92% - Min: -12.94% - Market Cap 9864 - Trading time: 00:02:02
07-09-2025 18:40:52.702 INFO Current price: 0.000000048314 - Current percentage: -13.02% - Max: 53.92% - Min: -13.02% - Market Cap 9856 - Trading time: 00:02:03
07-09-2025 18:40:52.711 INFO Current price: 0.000000048136 - Current percentage: -13.58% - Max: 53.92% - Min: -13.58% - Market Cap 9792 - Trading time: 00:02:03
07-09-2025 18:40:53.014 INFO Current price: 0.000000047465 - Current percentage: -15.42% - Max: 53.92% - Min: -15.42% - Market Cap 9583 - Trading time: 00:02:03
07-09-2025 18:40:53.209 INFO Current price: 0.000000046851 - Current percentage: -15.80% - Max: 53.92% - Min: -15.80% - Market Cap 9540 - Trading time: 00:02:03
07-09-2025 18:40:54.805 INFO Current price: 0.000000049153 - Current percentage: -6.91% - Max: 53.92% - Min: -15.80% - Market Cap 10548 - Trading time: 00:02:05
07-09-2025 18:40:55.612 INFO Current price: 0.000000051040 - Current percentage: -9.21% - Max: 53.92% - Min: -15.80% - Market Cap 10287 - Trading time: 00:02:06
07-09-2025 18:40:56.156 INFO Current price: 0.000000049955 - Current percentage: -10.83% - Max: 53.92% - Min: -15.80% - Market Cap 10104 - Trading time: 00:02:06
07-09-2025 18:40:56.732 INFO Current price: 0.000000049752 - Current percentage: -9.95% - Max: 53.92% - Min: -15.80% - Market Cap 10204 - Trading time: 00:02:07
07-09-2025 18:40:57.827 INFO Current price: 0.000000049084 - Current percentage: -13.21% - Max: 53.92% - Min: -15.80% - Market Cap 9835 - Trading time: 00:02:08
07-09-2025 18:40:58.062 INFO Current price: 0.000000047913 - Current percentage: -14.19% - Max: 53.92% - Min: -15.80% - Market Cap 9723 - Trading time: 00:02:08
07-09-2025 18:40:58.276 INFO Current price: 0.000000047330 - Current percentage: -15.31% - Max: 53.92% - Min: -15.80% - Market Cap 9597 - Trading time: 00:02:08
07-09-2025 18:40:58.626 INFO Current price: 0.000000045991 - Current percentage: -18.98% - Max: 53.92% - Min: -18.98% - Market Cap 9181 - Trading time: 00:02:09
07-09-2025 18:40:58.942 INFO Current price: 0.000000043930 - Current percentage: -22.73% - Max: 53.92% - Min: -22.73% - Market Cap 8756 - Trading time: 00:02:09
07-09-2025 18:40:59.088 INFO Current price: 0.000000043692 - Current percentage: -19.85% - Max: 53.92% - Min: -22.73% - Market Cap 9081 - Trading time: 00:02:09
07-09-2025 18:40:59.254 INFO Current price: 0.000000044746 - Current percentage: -18.96% - Max: 53.92% - Min: -22.73% - Market Cap 9183 - Trading time: 00:02:09
07-09-2025 18:40:59.446 INFO Current price: 0.000000045114 - Current percentage: -18.53% - Max: 53.92% - Min: -22.73% - Market Cap 9232 - Trading time: 00:02:10
07-09-2025 18:41:02.461 INFO Current price: 0.000000047009 - Current percentage: -12.00% - Max: 53.92% - Min: -22.73% - Market Cap 9971 - Trading time: 00:02:13
07-09-2025 18:41:02.769 INFO Current price: 0.000000049220 - Current percentage: -10.68% - Max: 53.92% - Min: -22.73% - Market Cap 10120 - Trading time: 00:02:13
07-09-2025 18:41:02.943 INFO Current price: 0.000000050680 - Current percentage: -6.71% - Max: 53.92% - Min: -22.73% - Market Cap 10571 - Trading time: 00:02:13
07-09-2025 18:41:03.102 INFO Current price: 0.000000051542 - Current percentage: -7.62% - Max: 53.92% - Min: -22.73% - Market Cap 10468 - Trading time: 00:02:13
07-09-2025 18:41:03.181 INFO Current price: 0.000000051542 - Current percentage: -6.71% - Max: 53.92% - Min: -22.73% - Market Cap 10571 - Trading time: 00:02:13
07-09-2025 18:41:03.568 INFO Current price: 0.000000051809 - Current percentage: -6.66% - Max: 53.92% - Min: -22.73% - Market Cap 10577 - Trading time: 00:02:14
07-09-2025 18:41:03.626 INFO Current price: 0.000000053064 - Current percentage: -2.14% - Max: 53.92% - Min: -22.73% - Market Cap 11089 - Trading time: 00:02:14
07-09-2025 18:41:03.907 INFO Current price: 0.000000055260 - Current percentage: 0.17% - Max: 53.92% - Min: -22.73% - Market Cap 11350 - Trading time: 00:02:14
07-09-2025 18:41:06.703 INFO Current price: 0.000000056897 - Current percentage: 4.85% - Max: 53.92% - Min: -22.73% - Market Cap 11880 - Trading time: 00:02:17
07-09-2025 18:41:06.858 INFO Current price: 0.000000055959 - Current percentage: -3.11% - Max: 53.92% - Min: -22.73% - Market Cap 10979 - Trading time: 00:02:17
07-09-2025 18:41:06.969 INFO Current price: 0.000000053466 - Current percentage: -4.28% - Max: 53.92% - Min: -22.73% - Market Cap 10846 - Trading time: 00:02:17
07-09-2025 18:41:07.145 INFO Current price: 0.000000052910 - Current percentage: -5.12% - Max: 53.92% - Min: -22.73% - Market Cap 10751 - Trading time: 00:02:17
07-09-2025 18:41:07.232 INFO Current price: 0.000000053036 - Current percentage: -3.83% - Max: 53.92% - Min: -22.73% - Market Cap 10897 - Trading time: 00:02:17
07-09-2025 18:41:07.300 INFO Current price: 0.000000053432 - Current percentage: -3.69% - Max: 53.92% - Min: -22.73% - Market Cap 10913 - Trading time: 00:02:17
07-09-2025 18:41:07.969 INFO Current price: 0.000000052229 - Current percentage: -8.11% - Max: 53.92% - Min: -22.73% - Market Cap 10412 - Trading time: 00:02:18
07-09-2025 18:41:08.631 INFO Current price: 0.000000053480 - Current percentage: 0.97% - Max: 53.92% - Min: -22.73% - Market Cap 11441 - Trading time: 00:02:19
07-09-2025 18:41:10.353 INFO Current price: 0.000000057364 - Current percentage: 5.72% - Max: 53.92% - Min: -22.73% - Market Cap 11980 - Trading time: 00:02:20
07-09-2025 18:41:11.180 INFO Current price: 0.000000058829 - Current percentage: 6.20% - Max: 53.92% - Min: -22.73% - Market Cap 12034 - Trading time: 00:02:21
07-09-2025 18:41:12.509 INFO Current price: 0.000000058899 - Current percentage: 5.97% - Max: 53.92% - Min: -22.73% - Market Cap 12008 - Trading time: 00:02:23
07-09-2025 18:41:12.616 INFO Current price: 0.000000058362 - Current percentage: 4.27% - Max: 53.92% - Min: -22.73% - Market Cap 11815 - Trading time: 00:02:23
07-09-2025 18:41:13.166 INFO Current price: 0.000000057591 - Current percentage: 3.19% - Max: 53.92% - Min: -22.73% - Market Cap 11693 - Trading time: 00:02:23
07-09-2025 18:41:18.253 INFO Current price: 0.000000057138 - Current percentage: 2.64% - Max: 53.92% - Min: -22.73% - Market Cap 11630 - Trading time: 00:02:28
07-09-2025 18:41:21.576 INFO Current price: 0.000000056588 - Current percentage: 1.22% - Max: 53.92% - Min: -22.73% - Market Cap 11469 - Trading time: 00:02:32
07-09-2025 18:41:22.063 INFO Current price: 0.000000056125 - Current percentage: 0.96% - Max: 53.92% - Min: -22.73% - Market Cap 11440 - Trading time: 00:02:32
07-09-2025 18:41:23.482 INFO Current price: 0.000000056084 - Current percentage: 1.07% - Max: 53.92% - Min: -22.73% - Market Cap 11452 - Trading time: 00:02:34
07-09-2025 18:41:25.018 INFO Current price: 0.000000058755 - Current percentage: 10.81% - Max: 53.92% - Min: -22.73% - Market Cap 12556 - Trading time: 00:02:35
07-09-2025 18:41:26.573 INFO Current price: 0.000000061858 - Current percentage: 12.03% - Max: 53.92% - Min: -22.73% - Market Cap 12694 - Trading time: 00:02:37
07-09-2025 18:41:27.575 INFO Current price: 0.000000062892 - Current percentage: 14.55% - Max: 53.92% - Min: -22.73% - Market Cap 12979 - Trading time: 00:02:38
07-09-2025 18:41:28.141 INFO Current price: 0.000000064282 - Current percentage: 17.03% - Max: 53.92% - Min: -22.73% - Market Cap 13261 - Trading time: 00:02:38
07-09-2025 18:41:37.397 INFO Current price: 0.000000064981 - Current percentage: 17.05% - Max: 53.92% - Min: -22.73% - Market Cap 13263 - Trading time: 00:02:47
07-09-2025 18:41:43.498 INFO Current price: 0.000000064990 - Current percentage: 17.06% - Max: 53.92% - Min: -22.73% - Market Cap 13265 - Trading time: 00:02:54
07-09-2025 18:41:51.181 INFO Current price: 0.000000064940 - Current percentage: 16.87% - Max: 53.92% - Min: -22.73% - Market Cap 13243 - Trading time: 00:03:01
07-09-2025 18:41:58.994 INFO Current price: 0.000000064818 - Current percentage: 16.62% - Max: 53.92% - Min: -22.73% - Market Cap 13215 - Trading time: 00:03:09
07-09-2025 18:42:03.413 INFO Current price: 0.000000061557 - Current percentage: 5.41% - Max: 53.92% - Min: -22.73% - Market Cap 11944 - Trading time: 00:03:14
07-09-2025 18:42:04.748 INFO Current price: 0.000000057511 - Current percentage: 1.80% - Max: 53.92% - Min: -22.73% - Market Cap 11535 - Trading time: 00:03:15
07-09-2025 18:42:04.750 INFO Current price: 0.000000055504 - Current percentage: -1.82% - Max: 53.92% - Min: -22.73% - Market Cap 11125 - Trading time: 00:03:15
07-09-2025 18:42:06.439 INFO Current price: 0.000000051901 - Current percentage: -10.99% - Max: 53.92% - Min: -22.73% - Market Cap 10086 - Trading time: 00:03:17
07-09-2025 18:42:08.287 INFO Current price: 0.000000048387 - Current percentage: -14.66% - Max: 53.92% - Min: -22.73% - Market Cap 9669 - Trading time: 00:03:18
07-09-2025 18:42:08.291 INFO Current price: 0.000000046945 - Current percentage: -16.22% - Max: 53.92% - Min: -22.73% - Market Cap 9493 - Trading time: 00:03:18
07-09-2025 18:42:09.708 INFO Current price: 0.000000046296 - Current percentage: -17.01% - Max: 53.92% - Min: -22.73% - Market Cap 9404 - Trading time: 00:03:20
07-09-2025 18:42:09.792 INFO Current price: 0.000000045643 - Current percentage: -18.56% - Max: 53.92% - Min: -22.73% - Market Cap 9228 - Trading time: 00:03:20
07-09-2025 18:42:09.994 INFO Current price: 0.000000045131 - Current percentage: -18.86% - Max: 53.92% - Min: -22.73% - Market Cap 9194 - Trading time: 00:03:20
07-09-2025 18:42:10.350 INFO Current price: 0.000000044961 - Current percentage: -19.18% - Max: 53.92% - Min: -22.73% - Market Cap 9158 - Trading time: 00:03:20
07-09-2025 18:42:10.538 INFO Current price: 0.000000044861 - Current percentage: -19.22% - Max: 53.92% - Min: -22.73% - Market Cap 9153 - Trading time: 00:03:21
07-09-2025 18:42:11.180 INFO Current price: 0.000000045790 - Current percentage: -15.80% - Max: 53.92% - Min: -22.73% - Market Cap 9541 - Trading time: 00:03:21
07-09-2025 18:42:11.476 INFO Current price: 0.000000047028 - Current percentage: -14.79% - Max: 53.92% - Min: -22.73% - Market Cap 9655 - Trading time: 00:03:22
07-09-2025 18:42:11.917 INFO Current price: 0.000000047900 - Current percentage: -12.64% - Max: 53.92% - Min: -22.73% - Market Cap 9898 - Trading time: 00:03:22
07-09-2025 18:42:12.007 INFO Current price: 0.000000048626 - Current percentage: -12.19% - Max: 53.92% - Min: -22.73% - Market Cap 9950 - Trading time: 00:03:22
07-09-2025 18:42:15.831 INFO Current price: 0.000000050036 - Current percentage: -7.51% - Max: 53.92% - Min: -22.73% - Market Cap 10481 - Trading time: 00:03:26
07-09-2025 18:42:15.832 INFO Current price: 0.000000052506 - Current percentage: -3.31% - Max: 53.92% - Min: -22.73% - Market Cap 10957 - Trading time: 00:03:26
07-09-2025 18:42:16.107 INFO Current price: 0.000000054603 - Current percentage: 0.03% - Max: 53.92% - Min: -22.73% - Market Cap 11335 - Trading time: 00:03:26
07-09-2025 18:42:21.433 INFO Current price: 0.000000054802 - Current percentage: -2.60% - Max: 53.92% - Min: -22.73% - Market Cap 11037 - Trading time: 00:03:32
07-09-2025 18:42:21.633 INFO Current price: 0.000000053736 - Current percentage: -3.82% - Max: 53.92% - Min: -22.73% - Market Cap 10898 - Trading time: 00:03:32
07-09-2025 18:42:31.205 INFO Current price: 0.000000053297 - Current percentage: -4.18% - Max: 53.92% - Min: -22.73% - Market Cap 10857 - Trading time: 00:03:41
07-09-2025 18:42:35.624 INFO Current price: 0.000000053888 - Current percentage: -1.68% - Max: 53.92% - Min: -22.73% - Market Cap 11140 - Trading time: 00:03:46
07-09-2025 18:42:35.628 INFO Current price: 0.000000055161 - Current percentage: 0.40% - Max: 53.92% - Min: -22.73% - Market Cap 11376 - Trading time: 00:03:46
07-09-2025 18:42:42.741 INFO Current price: 0.000000055165 - Current percentage: -0.62% - Max: 53.92% - Min: -22.73% - Market Cap 11261 - Trading time: 00:03:53
07-09-2025 18:42:52.232 INFO Current price: 0.000000055767 - Current percentage: 1.52% - Max: 53.92% - Min: -22.73% - Market Cap 11503 - Trading time: 00:04:02
07-09-2025 18:43:02.470 INFO Current price: 0.000000056368 - Current percentage: 1.54% - Max: 53.92% - Min: -22.73% - Market Cap 11505 - Trading time: 00:04:13
07-09-2025 18:43:05.757 INFO Current price: 0.000000056502 - Current percentage: 2.00% - Max: 53.92% - Min: -22.73% - Market Cap 11558 - Trading time: 00:04:16
07-09-2025 18:43:21.101 INFO Current price: 0.000000055671 - Current percentage: -1.43% - Max: 53.92% - Min: -22.73% - Market Cap 11169 - Trading time: 00:04:31
07-09-2025 18:43:35.042 INFO Current price: 0.000000053512 - Current percentage: -5.75% - Max: 53.92% - Min: -22.73% - Market Cap 10679 - Trading time: 00:04:45
07-09-2025 18:43:35.474 INFO Current price: 0.000000052185 - Current percentage: -6.26% - Max: 53.92% - Min: -22.73% - Market Cap 10622 - Trading time: 00:04:46
07-09-2025 18:43:35.901 INFO Current price: 0.000000053288 - Current percentage: -1.73% - Max: 53.92% - Min: -22.73% - Market Cap 11135 - Trading time: 00:04:46
07-09-2025 18:43:36.043 INFO Current price: 0.000000055203 - Current percentage: 0.60% - Max: 53.92% - Min: -22.73% - Market Cap 11399 - Trading time: 00:04:46
07-09-2025 18:43:39.532 INFO Current price: 0.000000055867 - Current percentage: 0.65% - Max: 53.92% - Min: -22.73% - Market Cap 11405 - Trading time: 00:04:50
07-09-2025 18:43:40.535 INFO Current price: 0.000000055893 - Current percentage: 0.70% - Max: 53.92% - Min: -22.73% - Market Cap 11410 - Trading time: 00:04:51
07-09-2025 18:43:40.814 INFO Current price: 0.000000058226 - Current percentage: 9.22% - Max: 53.92% - Min: -22.73% - Market Cap 12376 - Trading time: 00:04:51
07-09-2025 18:43:42.318 INFO Current price: 0.000000063138 - Current percentage: 18.40% - Max: 53.92% - Min: -22.73% - Market Cap 13417 - Trading time: 00:04:52
07-09-2025 18:43:42.324 INFO Current price: 0.000000068728 - Current percentage: 29.42% - Max: 53.92% - Min: -22.73% - Market Cap 14664 - Trading time: 00:04:52
07-09-2025 18:43:42.438 INFO Current price: 0.000000073514 - Current percentage: 35.47% - Max: 53.92% - Min: -22.73% - Market Cap 15350 - Trading time: 00:04:53
07-09-2025 18:43:42.439 INFO Current price: 0.000000076088 - Current percentage: 38.64% - Max: 53.92% - Min: -22.73% - Market Cap 15709 - Trading time: 00:04:53
07-09-2025 18:43:42.476 INFO Current price: 0.000000077553 - Current percentage: 40.74% - Max: 53.92% - Min: -22.73% - Market Cap 15947 - Trading time: 00:04:53
07-09-2025 18:43:42.485 INFO Current price: 0.000000078561 - Current percentage: 42.27% - Max: 53.92% - Min: -22.73% - Market Cap 16120 - Trading time: 00:04:53
07-09-2025 18:43:42.756 INFO Current price: 0.000000079095 - Current percentage: 42.66% - Max: 53.92% - Min: -22.73% - Market Cap 16165 - Trading time: 00:04:53
07-09-2025 18:43:44.290 INFO Current price: 0.000000080124 - Current percentage: 45.99% - Max: 53.92% - Min: -22.73% - Market Cap 16543 - Trading time: 00:04:54
07-09-2025 18:43:48.435 INFO Current price: 0.000000081443 - Current percentage: 47.39% - Max: 53.92% - Min: -22.73% - Market Cap 16701 - Trading time: 00:04:59
07-09-2025 18:43:49.297 INFO Current price: 0.000000079906 - Current percentage: 40.54% - Max: 53.92% - Min: -22.73% - Market Cap 15924 - Trading time: 00:04:59
07-09-2025 18:43:51.879 INFO Current price: 0.000000078041 - Current percentage: 40.59% - Max: 53.92% - Min: -22.73% - Market Cap 15930 - Trading time: 00:05:02
07-09-2025 18:43:52.771 INFO Current price: 0.000000078072 - Current percentage: 40.65% - Max: 53.92% - Min: -22.73% - Market Cap 15937 - Trading time: 00:05:03
07-09-2025 18:43:53.569 INFO Current price: 0.000000078103 - Current percentage: 40.70% - Max: 53.92% - Min: -22.73% - Market Cap 15943 - Trading time: 00:05:04
07-09-2025 18:43:54.896 INFO Current price: 0.000000078134 - Current percentage: 40.76% - Max: 53.92% - Min: -22.73% - Market Cap 15950 - Trading time: 00:05:05
07-09-2025 18:43:56.888 INFO Current price: 0.000000078165 - Current percentage: 40.82% - Max: 53.92% - Min: -22.73% - Market Cap 15956 - Trading time: 00:05:07
07-09-2025 18:43:56.892 INFO Current price: 0.000000079400 - Current percentage: 45.24% - Max: 53.92% - Min: -22.73% - Market Cap 16457 - Trading time: 00:05:07
07-09-2025 18:43:57.235 INFO Current price: 0.000000080653 - Current percentage: 45.30% - Max: 53.92% - Min: -22.73% - Market Cap 16464 - Trading time: 00:05:07
07-09-2025 18:43:57.916 INFO Current price: 0.000000080685 - Current percentage: 45.36% - Max: 53.92% - Min: -22.73% - Market Cap 16470 - Trading time: 00:05:08
07-09-2025 18:43:59.118 INFO Current price: 0.000000080717 - Current percentage: 45.41% - Max: 53.92% - Min: -22.73% - Market Cap 16477 - Trading time: 00:05:09
07-09-2025 18:43:59.119 INFO Current price: 0.000000080887 - Current percentage: 45.97% - Max: 53.92% - Min: -22.73% - Market Cap 16540 - Trading time: 00:05:09
07-09-2025 18:44:00.930 INFO Current price: 0.000000081058 - Current percentage: 46.03% - Max: 53.92% - Min: -22.73% - Market Cap 16546 - Trading time: 00:05:11
07-09-2025 18:44:01.297 INFO Current price: 0.000000080143 - Current percentage: 42.69% - Max: 53.92% - Min: -22.73% - Market Cap 16168 - Trading time: 00:05:11
07-09-2025 18:44:02.079 INFO Current price: 0.000000079514 - Current percentage: 43.74% - Max: 53.92% - Min: -22.73% - Market Cap 16288 - Trading time: 00:05:12
07-09-2025 18:44:03.161 INFO Current price: 0.000000079964 - Current percentage: 44.31% - Max: 53.92% - Min: -22.73% - Market Cap 16352 - Trading time: 00:05:13
07-09-2025 18:44:05.049 INFO Current price: 0.000000081664 - Current percentage: 49.92% - Max: 53.92% - Min: -22.73% - Market Cap 16988 - Trading time: 00:05:15
07-09-2025 18:44:08.385 INFO Current price: 0.000000084022 - Current percentage: 52.77% - Max: 53.92% - Min: -22.73% - Market Cap 17310 - Trading time: 00:05:18
07-09-2025 18:44:12.421 INFO Current price: 0.000000083793 - Current percentage: 49.10% - Max: 53.92% - Min: -22.73% - Market Cap 16895 - Trading time: 00:05:23
07-09-2025 18:44:21.817 INFO Current price: 0.000000081222 - Current percentage: 43.54% - Max: 53.92% - Min: -22.73% - Market Cap 16264 - Trading time: 00:05:32
07-09-2025 18:44:23.837 INFO Current price: 0.000000076236 - Current percentage: 31.36% - Max: 53.92% - Min: -22.73% - Market Cap 14884 - Trading time: 00:05:34
07-09-2025 18:44:23.842 INFO Current price: 0.000000069735 - Current percentage: 20.10% - Max: 53.92% - Min: -22.73% - Market Cap 13609 - Trading time: 00:05:34
07-09-2025 18:44:24.174 INFO Current price: 0.000000066597 - Current percentage: 19.80% - Max: 53.92% - Min: -22.73% - Market Cap 13575 - Trading time: 00:05:34
07-09-2025 18:44:24.177 INFO Current price: 0.000000066349 - Current percentage: 19.21% - Max: 53.92% - Min: -22.73% - Market Cap 13508 - Trading time: 00:05:34
07-09-2025 18:44:24.279 INFO Current price: 0.000000066101 - Current percentage: 18.91% - Max: 53.92% - Min: -22.73% - Market Cap 13474 - Trading time: 00:05:34
07-09-2025 18:44:24.609 INFO Current price: 0.000000065184 - Current percentage: 15.92% - Max: 53.92% - Min: -22.73% - Market Cap 13135 - Trading time: 00:05:35
07-09-2025 18:44:24.786 INFO Current price: 0.000000064348 - Current percentage: 15.88% - Max: 53.92% - Min: -22.73% - Market Cap 13131 - Trading time: 00:05:35
07-09-2025 18:44:25.400 INFO Current price: 0.000000064065 - Current percentage: 14.90% - Max: 53.92% - Min: -22.73% - Market Cap 13020 - Trading time: 00:05:35
07-09-2025 18:44:26.057 INFO Current price: 0.000000064125 - Current percentage: 16.10% - Max: 53.92% - Min: -22.73% - Market Cap 13155 - Trading time: 00:05:36
07-09-2025 18:44:26.566 INFO Current price: 0.000000065287 - Current percentage: 19.11% - Max: 53.92% - Min: -22.73% - Market Cap 13496 - Trading time: 00:05:37
07-09-2025 18:44:26.604 INFO Current price: 0.000000066408 - Current percentage: 20.12% - Max: 53.92% - Min: -22.73% - Market Cap 13611 - Trading time: 00:05:37
07-09-2025 18:44:26.834 INFO Current price: 0.000000066229 - Current percentage: 18.46% - Max: 53.92% - Min: -22.73% - Market Cap 13423 - Trading time: 00:05:37
07-09-2025 18:44:27.036 INFO Current price: 0.000000065910 - Current percentage: 18.97% - Max: 53.92% - Min: -22.73% - Market Cap 13480 - Trading time: 00:05:37
07-09-2025 18:44:28.473 INFO Current price: 0.000000067483 - Current percentage: 24.18% - Max: 53.92% - Min: -22.73% - Market Cap 14071 - Trading time: 00:05:39
07-09-2025 18:44:28.621 INFO Current price: 0.000000069023 - Current percentage: 24.46% - Max: 53.92% - Min: -22.73% - Market Cap 14102 - Trading time: 00:05:39
07-09-2025 18:44:28.780 INFO Current price: 0.000000069244 - Current percentage: 24.98% - Max: 53.92% - Min: -22.73% - Market Cap 14162 - Trading time: 00:05:39
07-09-2025 18:44:28.926 INFO Current price: 0.000000069566 - Current percentage: 25.62% - Max: 53.92% - Min: -22.73% - Market Cap 14234 - Trading time: 00:05:39
07-09-2025 18:44:35.945 INFO Current price: 0.000000069596 - Current percentage: 25.09% - Max: 53.92% - Min: -22.73% - Market Cap 14174 - Trading time: 00:05:46
07-09-2025 18:44:36.125 INFO Current price: 0.000000069274 - Current percentage: 24.46% - Max: 53.92% - Min: -22.73% - Market Cap 14102 - Trading time: 00:05:46
07-09-2025 18:44:39.264 INFO Current price: 0.000000068828 - Current percentage: 23.48% - Max: 53.92% - Min: -22.73% - Market Cap 13992 - Trading time: 00:05:49
07-09-2025 18:44:39.422 INFO Current price: 0.000000068761 - Current percentage: 24.21% - Max: 53.92% - Min: -22.73% - Market Cap 14074 - Trading time: 00:05:50
07-09-2025 18:44:43.720 INFO Current price: 0.000000069677 - Current percentage: 26.80% - Max: 53.92% - Min: -22.73% - Market Cap 14368 - Trading time: 00:05:54
07-09-2025 18:44:44.599 INFO Current price: 0.000000070844 - Current percentage: 28.41% - Max: 53.92% - Min: -22.73% - Market Cap 14550 - Trading time: 00:05:55
07-09-2025 18:44:44.704 INFO Current price: 0.000000071314 - Current percentage: 28.49% - Max: 53.92% - Min: -22.73% - Market Cap 14559 - Trading time: 00:05:55
07-09-2025 18:44:44.997 INFO Current price: 0.000000074277 - Current percentage: 39.30% - Max: 53.92% - Min: -22.73% - Market Cap 15784 - Trading time: 00:05:55
07-09-2025 18:44:46.327 INFO Current price: 0.000000077339 - Current percentage: 39.30% - Max: 53.92% - Min: -22.73% - Market Cap 15784 - Trading time: 00:05:56
07-09-2025 18:44:47.042 INFO Current price: 0.000000077415 - Current percentage: 39.57% - Max: 53.92% - Min: -22.73% - Market Cap 15815 - Trading time: 00:05:57
07-09-2025 18:44:47.162 INFO Current price: 0.000000077536 - Current percentage: 39.74% - Max: 53.92% - Min: -22.73% - Market Cap 15834 - Trading time: 00:05:57
07-09-2025 18:44:47.212 INFO Current price: 0.000000078360 - Current percentage: 42.56% - Max: 53.92% - Min: -22.73% - Market Cap 16153 - Trading time: 00:05:57
07-09-2025 18:44:49.214 INFO Current price: 0.000000079981 - Current percentage: 44.07% - Max: 53.92% - Min: -22.73% - Market Cap 16324 - Trading time: 00:05:59
07-09-2025 18:44:52.051 INFO Current price: 0.000000079616 - Current percentage: 42.74% - Max: 53.92% - Min: -22.73% - Market Cap 16174 - Trading time: 00:06:02
07-09-2025 18:45:09.608 INFO Current price: 0.000000079326 - Current percentage: 43.02% - Max: 53.92% - Min: -22.73% - Market Cap 16206 - Trading time: 00:06:20
07-09-2025 18:45:10.969 INFO Current price: 0.000000079114 - Current percentage: 41.98% - Max: 53.92% - Min: -22.73% - Market Cap 16087 - Trading time: 00:06:21
07-09-2025 18:45:12.242 INFO Current price: 0.000000078654 - Current percentage: 41.36% - Max: 53.92% - Min: -22.73% - Market Cap 16018 - Trading time: 00:06:22
07-09-2025 18:45:26.720 INFO Current price: 0.000000078438 - Current percentage: 41.20% - Max: 53.92% - Min: -22.73% - Market Cap 15999 - Trading time: 00:06:37
07-09-2025 18:45:34.941 INFO Current price: 0.000000074853 - Current percentage: 28.74% - Max: 53.92% - Min: -22.73% - Market Cap 14587 - Trading time: 00:06:45
07-09-2025 18:45:37.053 INFO Current price: 0.000000071489 - Current percentage: 28.79% - Max: 53.92% - Min: -22.73% - Market Cap 14593 - Trading time: 00:06:47
07-09-2025 18:45:40.456 INFO Current price: 0.000000071649 - Current percentage: 29.32% - Max: 53.92% - Min: -22.73% - Market Cap 14653 - Trading time: 00:06:51
07-09-2025 18:45:40.910 INFO Current price: 0.000000070941 - Current percentage: 26.25% - Max: 53.92% - Min: -22.73% - Market Cap 14306 - Trading time: 00:06:51
07-09-2025 18:45:43.333 INFO Current price: 0.000000070240 - Current percentage: 26.77% - Max: 53.92% - Min: -22.73% - Market Cap 14365 - Trading time: 00:06:53
07-09-2025 18:45:46.259 INFO Current price: 0.000000074000 - Current percentage: 40.13% - Max: 53.92% - Min: -22.73% - Market Cap 15878 - Trading time: 00:06:56
07-09-2025 18:45:49.599 INFO Current price: 0.000000077952 - Current percentage: 40.68% - Max: 53.92% - Min: -22.73% - Market Cap 15940 - Trading time: 00:07:00
07-09-2025 18:45:50.570 INFO Current price: 0.000000080597 - Current percentage: 49.80% - Max: 53.92% - Min: -22.73% - Market Cap 16974 - Trading time: 00:07:01
07-09-2025 18:45:51.101 INFO Current price: 0.000000083340 - Current percentage: 50.42% - Max: 53.92% - Min: -22.73% - Market Cap 17044 - Trading time: 00:07:01
07-09-2025 18:46:07.167 INFO Current price: 0.000000083906 - Current percentage: 51.84% - Max: 53.92% - Min: -22.73% - Market Cap 17205 - Trading time: 00:07:17
07-09-2025 18:46:07.734 INFO Current price: 0.000000084301 - Current percentage: 51.84% - Max: 53.92% - Min: -22.73% - Market Cap 17205 - Trading time: 00:07:18
07-09-2025 18:46:11.909 INFO Current price: 0.000000084618 - Current percentage: 52.98% - Max: 53.92% - Min: -22.73% - Market Cap 17334 - Trading time: 00:07:22
07-09-2025 18:46:13.173 INFO Current price: 0.000000084870 - Current percentage: 52.75% - Max: 53.92% - Min: -22.73% - Market Cap 17308 - Trading time: 00:07:23
07-09-2025 18:46:14.202 INFO Current price: 0.000000084613 - Current percentage: 52.06% - Max: 53.92% - Min: -22.73% - Market Cap 17230 - Trading time: 00:07:24
07-09-2025 18:46:16.438 INFO Current price: 0.000000084584 - Current percentage: 52.64% - Max: 53.92% - Min: -22.73% - Market Cap 17296 - Trading time: 00:07:27
07-09-2025 18:46:24.834 INFO Current price: 0.000000084875 - Current percentage: 53.10% - Max: 53.92% - Min: -22.73% - Market Cap 17348 - Trading time: 00:07:35
07-09-2025 18:46:29.939 INFO Current price: 0.000000083005 - Current percentage: 45.99% - Max: 53.92% - Min: -22.73% - Market Cap 16542 - Trading time: 00:07:40
07-09-2025 18:46:34.022 INFO Current price: 0.000000078876 - Current percentage: 38.25% - Max: 53.92% - Min: -22.73% - Market Cap 15666 - Trading time: 00:07:44
07-09-2025 18:46:34.388 INFO Current price: 0.000000074366 - Current percentage: 29.77% - Max: 53.92% - Min: -22.73% - Market Cap 14704 - Trading time: 00:07:44
07-09-2025 18:46:37.761 INFO Current price: 0.000000072166 - Current percentage: 30.20% - Max: 53.92% - Min: -22.73% - Market Cap 14753 - Trading time: 00:07:48
07-09-2025 18:46:43.022 INFO Current price: 0.000000072366 - Current percentage: 30.49% - Max: 53.92% - Min: -22.73% - Market Cap 14786 - Trading time: 00:07:53
07-09-2025 18:46:43.846 INFO Current price: 0.000000073930 - Current percentage: 35.88% - Max: 53.92% - Min: -22.73% - Market Cap 15397 - Trading time: 00:07:54
07-09-2025 18:46:48.265 INFO Current price: 0.000000072490 - Current percentage: 25.46% - Max: 53.92% - Min: -22.73% - Market Cap 14216 - Trading time: 00:07:58
07-09-2025 18:46:50.846 INFO Current price: 0.000000069790 - Current percentage: 25.95% - Max: 53.92% - Min: -22.73% - Market Cap 14271 - Trading time: 00:08:01
07-09-2025 18:46:57.537 INFO Current price: 0.000000069927 - Current percentage: 25.95% - Max: 53.92% - Min: -22.73% - Market Cap 14272 - Trading time: 00:08:08
07-09-2025 18:47:00.230 INFO Current price: 0.000000070217 - Current percentage: 26.99% - Max: 53.92% - Min: -22.73% - Market Cap 14390 - Trading time: 00:08:10
07-09-2025 18:47:01.933 INFO Current price: 0.000000070376 - Current percentage: 26.52% - Max: 53.92% - Min: -22.73% - Market Cap 14336 - Trading time: 00:08:12
07-09-2025 18:47:03.972 INFO Current price: 0.000000070610 - Current percentage: 27.84% - Max: 53.92% - Min: -22.73% - Market Cap 14486 - Trading time: 00:08:14
07-09-2025 18:47:03.974 INFO Current price: 0.000000071336 - Current percentage: 29.14% - Max: 53.92% - Min: -22.73% - Market Cap 14633 - Trading time: 00:08:14
07-09-2025 18:47:04.747 INFO Current price: 0.000000071843 - Current percentage: 29.66% - Max: 53.92% - Min: -22.73% - Market Cap 14692 - Trading time: 00:08:15
07-09-2025 18:47:07.041 INFO Current price: 0.000000072063 - Current percentage: 29.93% - Max: 53.92% - Min: -22.73% - Market Cap 14722 - Trading time: 00:08:17
07-09-2025 18:47:08.437 INFO Current price: 0.000000072165 - Current percentage: 30.03% - Max: 53.92% - Min: -22.73% - Market Cap 14734 - Trading time: 00:08:19
07-09-2025 18:47:08.459 INFO Current price: 0.000000072237 - Current percentage: 30.19% - Max: 53.92% - Min: -22.73% - Market Cap 14751 - Trading time: 00:08:19
07-09-2025 18:47:12.933 INFO Current price: 0.000000070859 - Current percentage: 25.12% - Max: 53.92% - Min: -22.73% - Market Cap 14177 - Trading time: 00:08:23
07-09-2025 18:47:23.329 INFO Current price: 0.000000071210 - Current percentage: 28.28% - Max: 53.92% - Min: -22.73% - Market Cap 14535 - Trading time: 00:08:33
07-09-2025 18:47:25.961 INFO Current price: 0.000000071220 - Current percentage: 28.28% - Max: 53.92% - Min: -22.73% - Market Cap 14536 - Trading time: 00:08:36
07-09-2025 18:47:26.339 INFO Current price: 0.000000071223 - Current percentage: 28.29% - Max: 53.92% - Min: -22.73% - Market Cap 14536 - Trading time: 00:08:36
07-09-2025 18:47:28.597 INFO Current price: 0.000000071239 - Current percentage: 28.34% - Max: 53.92% - Min: -22.73% - Market Cap 14542 - Trading time: 00:08:39
07-09-2025 18:47:30.007 INFO Current price: 0.000000071403 - Current percentage: 28.88% - Max: 53.92% - Min: -22.73% - Market Cap 14603 - Trading time: 00:08:40
07-09-2025 18:47:32.377 INFO Current price: 0.000000071484 - Current percentage: 28.63% - Max: 53.92% - Min: -22.73% - Market Cap 14576 - Trading time: 00:08:42
07-09-2025 18:47:47.337 INFO Current price: 0.000000071277 - Current percentage: 28.13% - Max: 53.92% - Min: -22.73% - Market Cap 14518 - Trading time: 00:08:57
07-09-2025 18:47:49.844 INFO Current price: 0.000000070789 - Current percentage: 26.88% - Max: 53.92% - Min: -22.73% - Market Cap 14376 - Trading time: 00:09:00
07-09-2025 18:47:53.136 INFO Current price: 0.000000070730 - Current percentage: 27.92% - Max: 53.92% - Min: -22.73% - Market Cap 14495 - Trading time: 00:09:03
07-09-2025 18:47:54.510 INFO Current price: 0.000000067699 - Current percentage: 16.23% - Max: 53.92% - Min: -22.73% - Market Cap 13171 - Trading time: 00:09:05
07-09-2025 18:47:55.463 INFO Current price: 0.000000063722 - Current percentage: 13.33% - Max: 53.92% - Min: -22.73% - Market Cap 12842 - Trading time: 00:09:06
07-09-2025 18:48:03.013 INFO Current price: 0.000000062855 - Current percentage: 13.09% - Max: 53.92% - Min: -22.73% - Market Cap 12815 - Trading time: 00:09:13
07-09-2025 18:48:06.290 INFO Current price: 0.000000062548 - Current percentage: 12.23% - Max: 53.92% - Min: -22.73% - Market Cap 12716 - Trading time: 00:09:16
07-09-2025 18:48:09.573 INFO Current price: 0.000000062579 - Current percentage: 13.21% - Max: 53.92% - Min: -22.73% - Market Cap 12828 - Trading time: 00:09:20
07-09-2025 18:48:11.166 INFO Current price: 0.000000063227 - Current percentage: 14.56% - Max: 53.92% - Min: -22.73% - Market Cap 12981 - Trading time: 00:09:21
07-09-2025 18:48:11.166 INFO Current price: 0.000000063915 - Current percentage: 15.68% - Max: 53.92% - Min: -22.73% - Market Cap 13108 - Trading time: 00:09:21
07-09-2025 18:48:11.258 INFO Current price: 0.000000064502 - Current percentage: 16.68% - Max: 53.92% - Min: -22.73% - Market Cap 13221 - Trading time: 00:09:21
07-09-2025 18:48:11.684 INFO Current price: 0.000000064912 - Current percentage: 17.16% - Max: 53.92% - Min: -22.73% - Market Cap 13275 - Trading time: 00:09:22
07-09-2025 18:48:19.716 INFO Current price: 0.000000064919 - Current percentage: 16.70% - Max: 53.92% - Min: -22.73% - Market Cap 13224 - Trading time: 00:09:30
07-09-2025 18:48:20.570 INFO Current price: 0.000000064850 - Current percentage: 16.91% - Max: 53.92% - Min: -22.73% - Market Cap 13247 - Trading time: 00:09:31
07-09-2025 18:48:27.582 INFO Current price: 0.000000064917 - Current percentage: 16.94% - Max: 53.92% - Min: -22.73% - Market Cap 13251 - Trading time: 00:09:38
07-09-2025 18:48:29.287 INFO Current price: 0.000000064968 - Current percentage: 17.08% - Max: 53.92% - Min: -22.73% - Market Cap 13267 - Trading time: 00:09:39
07-09-2025 18:48:38.587 INFO Current price: 0.000000067279 - Current percentage: 25.41% - Max: 53.92% - Min: -22.73% - Market Cap 14210 - Trading time: 00:09:49
07-09-2025 18:48:43.484 INFO Current price: 0.000000069321 - Current percentage: 24.30% - Max: 53.92% - Min: -22.73% - Market Cap 14084 - Trading time: 00:09:54
07-09-2025 18:48:44.866 INFO Current price: 0.000000068875 - Current percentage: 23.80% - Max: 53.92% - Min: -22.73% - Market Cap 14028 - Trading time: 00:09:55
07-09-2025 18:48:48.387 INFO Current price: 0.000000068881 - Current percentage: 24.32% - Max: 53.92% - Min: -22.73% - Market Cap 14086 - Trading time: 00:09:58
07-09-2025 18:48:49.554 INFO Current price: 0.000000070456 - Current percentage: 29.53% - Max: 53.92% - Min: -22.73% - Market Cap 14677 - Trading time: 00:10:00
07-09-2025 18:48:52.921 INFO Current price: 0.000000071919 - Current percentage: 29.53% - Max: 53.92% - Min: -22.73% - Market Cap 14677 - Trading time: 00:10:03
07-09-2025 18:48:53.163 INFO Current price: 0.000000071922 - Current percentage: 29.54% - Max: 53.92% - Min: -22.73% - Market Cap 14678 - Trading time: 00:10:03
07-09-2025 18:48:53.987 INFO Current price: 0.000000074846 - Current percentage: 40.28% - Max: 53.92% - Min: -22.73% - Market Cap 15895 - Trading time: 00:10:04
07-09-2025 18:48:55.748 INFO Current price: 0.000000078501 - Current percentage: 41.39% - Max: 53.92% - Min: -22.73% - Market Cap 16021 - Trading time: 00:10:06
07-09-2025 18:48:56.225 INFO Current price: 0.000000078263 - Current percentage: 40.52% - Max: 53.92% - Min: -22.73% - Market Cap 15923 - Trading time: 00:10:06
07-09-2025 18:48:59.969 INFO Current price: 0.000000078178 - Current percentage: 41.08% - Max: 53.92% - Min: -22.73% - Market Cap 15986 - Trading time: 00:10:10
07-09-2025 18:49:07.326 INFO Current price: 0.000000077834 - Current percentage: 39.29% - Max: 53.92% - Min: -22.73% - Market Cap 15783 - Trading time: 00:10:17
07-09-2025 18:49:14.348 INFO Current price: 0.000000077169 - Current percentage: 38.68% - Max: 53.92% - Min: -22.73% - Market Cap 15714 - Trading time: 00:10:24
07-09-2025 18:49:17.955 INFO Current price: 0.000000077030 - Current percentage: 38.79% - Max: 53.92% - Min: -22.73% - Market Cap 15727 - Trading time: 00:10:28
07-09-2025 18:49:19.687 INFO Current price: 0.000000076574 - Current percentage: 37.04% - Max: 53.92% - Min: -22.73% - Market Cap 15529 - Trading time: 00:10:30
07-09-2025 18:49:23.248 INFO Current price: 0.000000079825 - Current percentage: 50.83% - Max: 53.92% - Min: -22.73% - Market Cap 17090 - Trading time: 00:10:33
07-09-2025 18:49:28.802 INFO Current price: 0.000000084066 - Current percentage: 51.99% - Max: 53.92% - Min: -22.73% - Market Cap 17222 - Trading time: 00:10:39
07-09-2025 18:49:31.763 INFO Current price: 0.000000084353 - Current percentage: 51.86% - Max: 53.92% - Min: -22.73% - Market Cap 17207 - Trading time: 00:10:42
07-09-2025 18:49:44.899 INFO Current price: 0.000000084977 - Current percentage: 54.25% - Max: 54.25% - Min: -22.73% - Market Cap 17478 - Trading time: 00:10:55
07-09-2025 18:49:44.899 INFO Current price: 0.000000086253 - Current percentage: 56.45% - Max: 56.45% - Min: -22.73% - Market Cap 17728 - Trading time: 00:10:55
07-09-2025 18:49:45.014 INFO Current price: 0.000000087032 - Current percentage: 57.05% - Max: 57.05% - Min: -22.73% - Market Cap 17795 - Trading time: 00:10:55
07-09-2025 18:49:49.495 INFO Current price: 0.000000090899 - Current percentage: 70.66% - Max: 70.66% - Min: -22.73% - Market Cap 19338 - Trading time: 00:11:00
07-09-2025 18:49:49.835 INFO Current price: 0.000000094905 - Current percentage: 71.20% - Max: 71.20% - Min: -22.73% - Market Cap 19398 - Trading time: 00:11:00
07-09-2025 18:49:49.901 INFO Current price: 0.000000095242 - Current percentage: 71.88% - Max: 71.88% - Min: -22.73% - Market Cap 19476 - Trading time: 00:11:00
07-09-2025 18:49:50.074 INFO Current price: 0.000000095517 - Current percentage: 72.19% - Max: 72.19% - Min: -22.73% - Market Cap 19511 - Trading time: 00:11:00
07-09-2025 18:49:50.140 INFO Current price: 0.000000095691 - Current percentage: 72.50% - Max: 72.50% - Min: -22.73% - Market Cap 19546 - Trading time: 00:11:00
07-09-2025 18:49:50.145 INFO Current price: 0.000000095795 - Current percentage: 72.56% - Max: 72.56% - Min: -22.73% - Market Cap 19553 - Trading time: 00:11:00
07-09-2025 18:49:50.858 INFO Current price: 0.000000095821 - Current percentage: 72.60% - Max: 72.60% - Min: -22.73% - Market Cap 19557 - Trading time: 00:11:01
07-09-2025 18:49:51.911 INFO Current price: 0.000000096002 - Current percentage: 73.22% - Max: 73.22% - Min: -22.73% - Market Cap 19627 - Trading time: 00:11:02
07-09-2025 18:49:56.563 INFO Current price: 0.000000096166 - Current percentage: 73.19% - Max: 73.22% - Min: -22.73% - Market Cap 19624 - Trading time: 00:11:07
07-09-2025 18:50:00.850 INFO Current price: 0.000000096495 - Current percentage: 74.41% - Max: 74.41% - Min: -22.73% - Market Cap 19762 - Trading time: 00:11:11
07-09-2025 18:50:02.269 INFO Current price: 0.000000096970 - Current percentage: 74.89% - Max: 74.89% - Min: -22.73% - Market Cap 19817 - Trading time: 00:11:12
07-09-2025 18:50:05.394 INFO Current price: 0.000000096912 - Current percentage: 74.19% - Max: 74.89% - Min: -22.73% - Market Cap 19738 - Trading time: 00:11:15
07-09-2025 18:50:05.612 INFO Current price: 0.000000098412 - Current percentage: 80.35% - Max: 80.35% - Min: -22.73% - Market Cap 20436 - Trading time: 00:11:16
07-09-2025 18:50:05.618 INFO Current price: 0.000000100178 - Current percentage: 80.50% - Max: 80.50% - Min: -22.73% - Market Cap 20453 - Trading time: 00:11:16
07-09-2025 18:50:09.351 INFO Current price: 0.000000100386 - Current percentage: 81.01% - Max: 81.01% - Min: -22.73% - Market Cap 20510 - Trading time: 00:11:19
07-09-2025 18:50:10.189 INFO Current price: 0.000000100297 - Current percentage: 80.27% - Max: 81.01% - Min: -22.73% - Market Cap 20427 - Trading time: 00:11:20
07-09-2025 18:50:23.680 INFO Current price: 0.000000099735 - Current percentage: 78.99% - Max: 81.01% - Min: -22.73% - Market Cap 20281 - Trading time: 00:11:34
07-09-2025 18:50:24.830 INFO Current price: 0.000000101098 - Current percentage: 85.23% - Max: 85.23% - Min: -22.73% - Market Cap 20989 - Trading time: 00:11:35
07-09-2025 18:50:33.131 INFO Current price: 0.000000102474 - Current percentage: 83.90% - Max: 85.23% - Min: -22.73% - Market Cap 20837 - Trading time: 00:11:43
07-09-2025 18:50:48.411 INFO Current price: 0.000000102111 - Current percentage: 83.92% - Max: 85.23% - Min: -22.73% - Market Cap 20840 - Trading time: 00:11:59
07-09-2025 18:50:48.575 INFO Current price: 0.000000101856 - Current percentage: 82.98% - Max: 85.23% - Min: -22.73% - Market Cap 20734 - Trading time: 00:11:59
07-09-2025 18:50:49.484 INFO Current price: 0.000000099151 - Current percentage: 74.28% - Max: 85.23% - Min: -22.73% - Market Cap 19748 - Trading time: 00:12:00
07-09-2025 18:50:53.834 INFO Current price: 0.000000096593 - Current percentage: 73.66% - Max: 85.23% - Min: -22.73% - Market Cap 19678 - Trading time: 00:12:04
07-09-2025 18:50:54.278 INFO Current price: 0.000000096557 - Current percentage: 74.15% - Max: 85.23% - Min: -22.73% - Market Cap 19733 - Trading time: 00:12:04
07-09-2025 18:50:56.914 INFO Current price: 0.000000096762 - Current percentage: 74.40% - Max: 85.23% - Min: -22.73% - Market Cap 19761 - Trading time: 00:12:07
07-09-2025 18:51:04.567 INFO Current price: 0.000000098566 - Current percentage: 80.70% - Max: 85.23% - Min: -22.73% - Market Cap 20476 - Trading time: 00:12:15
07-09-2025 18:51:08.556 INFO Current price: 0.000000101214 - Current percentage: 83.90% - Max: 85.23% - Min: -22.73% - Market Cap 20837 - Trading time: 00:12:19
07-09-2025 18:51:09.665 INFO Current price: 0.000000102106 - Current percentage: 83.90% - Max: 85.23% - Min: -22.73% - Market Cap 20838 - Trading time: 00:12:20
07-09-2025 18:51:09.856 INFO Current price: 0.000000102109 - Current percentage: 83.91% - Max: 85.23% - Min: -22.73% - Market Cap 20839 - Trading time: 00:12:20
07-09-2025 18:51:09.986 INFO Current price: 0.000000103853 - Current percentage: 90.24% - Max: 90.24% - Min: -22.73% - Market Cap 21556 - Trading time: 00:12:20
07-09-2025 18:51:11.023 INFO Current price: 0.000000105639 - Current percentage: 90.29% - Max: 90.29% - Min: -22.73% - Market Cap 21562 - Trading time: 00:12:21
07-09-2025 18:51:22.151 INFO Current price: 0.000000106012 - Current percentage: 91.58% - Max: 91.58% - Min: -22.73% - Market Cap 21708 - Trading time: 00:12:32
07-09-2025 18:51:22.285 INFO Current price: 0.000000106387 - Current percentage: 91.64% - Max: 91.64% - Min: -22.73% - Market Cap 21714 - Trading time: 00:12:32
07-09-2025 18:51:24.156 INFO Current price: 0.000000106581 - Current percentage: 92.28% - Max: 92.28% - Min: -22.73% - Market Cap 21788 - Trading time: 00:12:34
07-09-2025 18:51:50.703 INFO Current price: 0.000000103253 - Current percentage: 79.85% - Max: 92.28% - Min: -22.73% - Market Cap 20379 - Trading time: 00:13:01
07-09-2025 18:51:51.355 INFO Current price: 0.000000099173 - Current percentage: 77.39% - Max: 92.28% - Min: -22.73% - Market Cap 20100 - Trading time: 00:13:01
07-09-2025 18:51:52.082 INFO Current price: 0.000000098516 - Current percentage: 77.48% - Max: 92.28% - Min: -22.73% - Market Cap 20110 - Trading time: 00:13:02
07-09-2025 18:51:56.476 INFO Current price: 0.000000098600 - Current percentage: 77.69% - Max: 92.28% - Min: -22.73% - Market Cap 20134 - Trading time: 00:13:07
07-09-2025 18:51:57.701 INFO Current price: 0.000000098798 - Current percentage: 78.19% - Max: 92.28% - Min: -22.73% - Market Cap 20191 - Trading time: 00:13:08
07-09-2025 18:52:06.253 INFO Current price: 0.000000095804 - Current percentage: 67.08% - Max: 92.28% - Min: -22.73% - Market Cap 18932 - Trading time: 00:13:16
07-09-2025 18:52:07.452 INFO Current price: 0.000000092018 - Current percentage: 64.39% - Max: 92.28% - Min: -22.73% - Market Cap 18627 - Trading time: 00:13:18
07-09-2025 18:52:07.474 INFO Current price: 0.000000087622 - Current percentage: 51.50% - Max: 92.28% - Min: -22.73% - Market Cap 17167 - Trading time: 00:13:18
07-09-2025 18:52:07.476 INFO Current price: 0.000000083533 - Current percentage: 49.40% - Max: 92.28% - Min: -22.73% - Market Cap 16929 - Trading time: 00:13:18
07-09-2025 18:52:08.770 INFO Current price: 0.000000082938 - Current percentage: 49.35% - Max: 92.28% - Min: -22.73% - Market Cap 16923 - Trading time: 00:13:19
07-09-2025 18:52:08.771 INFO Current price: 0.000000082855 - Current percentage: 49.10% - Max: 92.28% - Min: -22.73% - Market Cap 16895 - Trading time: 00:13:19
07-09-2025 18:52:09.317 INFO Current price: 0.000000083256 - Current percentage: 50.80% - Max: 92.28% - Min: -22.73% - Market Cap 17087 - Trading time: 00:13:19
07-09-2025 18:52:09.571 INFO Current price: 0.000000083745 - Current percentage: 50.86% - Max: 92.28% - Min: -22.73% - Market Cap 17094 - Trading time: 00:13:20
07-09-2025 18:52:10.361 INFO Current price: 0.000000083847 - Current percentage: 51.17% - Max: 92.28% - Min: -22.73% - Market Cap 17129 - Trading time: 00:13:20
07-09-2025 18:52:10.727 INFO Current price: 0.000000086460 - Current percentage: 60.41% - Max: 92.28% - Min: -22.73% - Market Cap 18176 - Trading time: 00:13:21
07-09-2025 18:52:11.108 INFO Current price: 0.000000091177 - Current percentage: 68.12% - Max: 92.28% - Min: -22.73% - Market Cap 19049 - Trading time: 00:13:21
07-09-2025 18:52:14.599 INFO Current price: 0.000000093200 - Current percentage: 67.61% - Max: 92.28% - Min: -22.73% - Market Cap 18991 - Trading time: 00:13:25
07-09-2025 18:52:18.202 INFO Current price: 0.000000092505 - Current percentage: 65.62% - Max: 92.28% - Min: -22.73% - Market Cap 18766 - Trading time: 00:13:28
07-09-2025 18:52:19.367 INFO Current price: 0.000000093606 - Current percentage: 71.62% - Max: 92.28% - Min: -22.73% - Market Cap 19447 - Trading time: 00:13:29
07-09-2025 18:52:20.900 INFO Current price: 0.000000097110 - Current percentage: 74.93% - Max: 92.28% - Min: -22.73% - Market Cap 19821 - Trading time: 00:13:31
07-09-2025 18:52:25.278 INFO Current price: 0.000000097101 - Current percentage: 74.84% - Max: 92.28% - Min: -22.73% - Market Cap 19812 - Trading time: 00:13:35
07-09-2025 18:52:25.368 INFO Current price: 0.000000097035 - Current percentage: 74.69% - Max: 92.28% - Min: -22.73% - Market Cap 19794 - Trading time: 00:13:35
07-09-2025 18:52:32.713 INFO Current price: 0.000000094000 - Current percentage: 64.07% - Max: 92.28% - Min: -22.73% - Market Cap 18591 - Trading time: 00:13:43
07-09-2025 18:52:49.469 INFO Current price: 0.000000090464 - Current percentage: 61.80% - Max: 92.28% - Min: -22.73% - Market Cap 18333 - Trading time: 00:14:00
07-09-2025 18:52:57.993 INFO Current price: 0.000000089712 - Current percentage: 61.36% - Max: 92.28% - Min: -22.73% - Market Cap 18284 - Trading time: 00:14:08
07-09-2025 18:53:00.097 INFO Current price: 0.000000089603 - Current percentage: 61.40% - Max: 92.28% - Min: -22.73% - Market Cap 18289 - Trading time: 00:14:10
07-09-2025 18:53:03.977 INFO Current price: 0.000000086776 - Current percentage: 51.34% - Max: 92.28% - Min: -22.73% - Market Cap 17148 - Trading time: 00:14:14
07-09-2025 18:53:04.958 INFO Current price: 0.000000081692 - Current percentage: 43.04% - Max: 92.28% - Min: -22.73% - Market Cap 16208 - Trading time: 00:14:15
07-09-2025 18:53:04.960 INFO Current price: 0.000000077612 - Current percentage: 36.60% - Max: 92.28% - Min: -22.73% - Market Cap 15478 - Trading time: 00:14:15
07-09-2025 18:53:06.287 INFO Current price: 0.000000075829 - Current percentage: 36.55% - Max: 92.28% - Min: -22.73% - Market Cap 15472 - Trading time: 00:14:16
07-09-2025 18:53:11.054 INFO Current price: 0.000000076190 - Current percentage: 37.90% - Max: 92.28% - Min: -22.73% - Market Cap 15626 - Trading time: 00:14:21
07-09-2025 18:53:11.863 INFO Current price: 0.000000077321 - Current percentage: 40.63% - Max: 92.28% - Min: -22.73% - Market Cap 15935 - Trading time: 00:14:22
07-09-2025 18:53:14.029 INFO Current price: 0.000000076928 - Current percentage: 38.83% - Max: 92.28% - Min: -22.73% - Market Cap 15730 - Trading time: 00:14:24
07-09-2025 18:53:18.235 INFO Current price: 0.000000077412 - Current percentage: 40.03% - Max: 92.28% - Min: -22.73% - Market Cap 15867 - Trading time: 00:14:28
07-09-2025 18:53:23.544 INFO Current price: 0.000000078126 - Current percentage: 41.40% - Max: 92.28% - Min: -22.73% - Market Cap 16022 - Trading time: 00:14:34
07-09-2025 18:53:23.768 INFO Current price: 0.000000078666 - Current percentage: 41.97% - Max: 92.28% - Min: -22.73% - Market Cap 16086 - Trading time: 00:14:34
07-09-2025 18:53:23.854 INFO Current price: 0.000000078840 - Current percentage: 42.02% - Max: 92.28% - Min: -22.73% - Market Cap 16093 - Trading time: 00:14:34
07-09-2025 18:53:29.120 INFO Current price: 0.000000078932 - Current percentage: 42.30% - Max: 92.28% - Min: -22.73% - Market Cap 16124 - Trading time: 00:14:39
07-09-2025 18:53:29.735 INFO Current price: 0.000000079493 - Current percentage: 44.03% - Max: 92.28% - Min: -22.73% - Market Cap 16320 - Trading time: 00:14:40
07-09-2025 18:53:34.708 INFO Current price: 0.000000080479 - Current percentage: 45.87% - Max: 92.28% - Min: -22.73% - Market Cap 16529 - Trading time: 00:14:45
07-09-2025 18:53:39.940 INFO Current price: 0.000000081068 - Current percentage: 46.15% - Max: 92.28% - Min: -22.73% - Market Cap 16560 - Trading time: 00:14:50
07-09-2025 18:53:47.985 INFO Current price: 0.000000081148 - Current percentage: 46.16% - Max: 92.28% - Min: -22.73% - Market Cap 16561 - Trading time: 00:14:58
07-09-2025 18:53:50.955 INFO Current price: 0.000000078882 - Current percentage: 38.10% - Max: 92.28% - Min: -22.73% - Market Cap 15649 - Trading time: 00:15:01
07-09-2025 18:53:52.795 INFO Current price: 0.000000077435 - Current percentage: 40.84% - Max: 92.28% - Min: -22.73% - Market Cap 15959 - Trading time: 00:15:03
07-09-2025 18:53:53.914 INFO Current price: 0.000000075407 - Current percentage: 30.96% - Max: 92.28% - Min: -22.73% - Market Cap 14840 - Trading time: 00:15:04
07-09-2025 18:53:59.683 INFO Current price: 0.000000072758 - Current percentage: 31.12% - Max: 92.28% - Min: -22.73% - Market Cap 14858 - Trading time: 00:15:10
07-09-2025 18:53:59.810 INFO Current price: 0.000000073170 - Current percentage: 32.45% - Max: 92.28% - Min: -22.73% - Market Cap 15008 - Trading time: 00:15:10
07-09-2025 18:54:00.050 INFO Current price: 0.000000073555 - Current percentage: 32.50% - Max: 92.28% - Min: -22.73% - Market Cap 15014 - Trading time: 00:15:10
07-09-2025 18:54:00.112 INFO Current price: 0.000000073629 - Current percentage: 32.72% - Max: 92.28% - Min: -22.73% - Market Cap 15038 - Trading time: 00:15:10
07-09-2025 18:54:00.147 INFO Current price: 0.000000073762 - Current percentage: 32.98% - Max: 92.28% - Min: -22.73% - Market Cap 15068 - Trading time: 00:15:10
07-09-2025 18:54:00.622 INFO Current price: 0.000000073822 - Current percentage: 32.93% - Max: 92.28% - Min: -22.73% - Market Cap 15063 - Trading time: 00:15:11
07-09-2025 18:54:00.747 INFO Current price: 0.000000073821 - Current percentage: 32.98% - Max: 92.28% - Min: -22.73% - Market Cap 15068 - Trading time: 00:15:11
07-09-2025 18:54:01.145 INFO Current price: 0.000000073847 - Current percentage: 33.03% - Max: 92.28% - Min: -22.73% - Market Cap 15073 - Trading time: 00:15:11
07-09-2025 18:54:05.294 INFO Current price: 0.000000074303 - Current percentage: 34.63% - Max: 92.28% - Min: -22.73% - Market Cap 15255 - Trading time: 00:15:15
07-09-2025 18:54:14.122 INFO Current price: 0.000000074853 - Current percentage: 35.00% - Max: 92.28% - Min: -22.73% - Market Cap 15297 - Trading time: 00:15:24
07-09-2025 18:54:16.480 INFO Current price: 0.000000076448 - Current percentage: 40.43% - Max: 92.28% - Min: -22.73% - Market Cap 15912 - Trading time: 00:15:27
07-09-2025 18:54:16.636 INFO Current price: 0.000000078168 - Current percentage: 41.14% - Max: 92.28% - Min: -22.73% - Market Cap 15993 - Trading time: 00:15:27
07-09-2025 18:54:18.619 INFO Current price: 0.000000078518 - Current percentage: 41.69% - Max: 92.28% - Min: -22.73% - Market Cap 16055 - Trading time: 00:15:29
07-09-2025 18:54:19.219 INFO Current price: 0.000000078977 - Current percentage: 42.80% - Max: 92.28% - Min: -22.73% - Market Cap 16180 - Trading time: 00:15:29
07-09-2025 18:54:20.340 INFO Current price: 0.000000080818 - Current percentage: 48.38% - Max: 92.28% - Min: -22.73% - Market Cap 16813 - Trading time: 00:15:30
07-09-2025 18:54:22.894 INFO Current price: 0.000000082852 - Current percentage: 50.07% - Max: 92.28% - Min: -22.73% - Market Cap 17005 - Trading time: 00:15:33
07-09-2025 18:54:26.827 INFO Current price: 0.000000083481 - Current percentage: 50.64% - Max: 92.28% - Min: -22.73% - Market Cap 17069 - Trading time: 00:15:37
07-09-2025 18:54:29.811 INFO Current price: 0.000000083798 - Current percentage: 51.21% - Max: 92.28% - Min: -22.73% - Market Cap 17134 - Trading time: 00:15:40
07-09-2025 18:54:31.675 INFO Current price: 0.000000088695 - Current percentage: 68.76% - Max: 92.28% - Min: -22.73% - Market Cap 19122 - Trading time: 00:15:42
07-09-2025 18:54:31.830 INFO Current price: 0.000000093866 - Current percentage: 69.36% - Max: 92.28% - Min: -22.73% - Market Cap 19190 - Trading time: 00:15:42
07-09-2025 18:54:33.462 INFO Current price: 0.000000093637 - Current percentage: 67.94% - Max: 92.28% - Min: -22.73% - Market Cap 19029 - Trading time: 00:15:44
07-09-2025 18:54:36.039 INFO Current price: 0.000000095076 - Current percentage: 74.61% - Max: 92.28% - Min: -22.73% - Market Cap 19785 - Trading time: 00:15:46
07-09-2025 18:54:38.679 INFO Current price: 0.000000096770 - Current percentage: 73.98% - Max: 92.28% - Min: -22.73% - Market Cap 19713 - Trading time: 00:15:49
07-09-2025 18:54:47.331 INFO Current price: 0.000000096543 - Current percentage: 73.79% - Max: 92.28% - Min: -22.73% - Market Cap 19692 - Trading time: 00:15:57
07-09-2025 18:54:52.039 INFO Current price: 0.000000092315 - Current percentage: 59.07% - Max: 92.28% - Min: -22.73% - Market Cap 18024 - Trading time: 00:16:02
07-09-2025 18:54:57.851 INFO Current price: 0.000000089005 - Current percentage: 61.81% - Max: 92.28% - Min: -22.73% - Market Cap 18335 - Trading time: 00:16:08
07-09-2025 18:54:57.978 INFO Current price: 0.000000091028 - Current percentage: 66.12% - Max: 92.28% - Min: -22.73% - Market Cap 18823 - Trading time: 00:16:08
07-09-2025 18:54:58.719 INFO Current price: 0.000000092401 - Current percentage: 66.73% - Max: 92.28% - Min: -22.73% - Market Cap 18892 - Trading time: 00:16:09
07-09-2025 18:55:01.170 INFO Current price: 0.000000091371 - Current percentage: 62.43% - Max: 92.28% - Min: -22.73% - Market Cap 18405 - Trading time: 00:16:11
07-09-2025 18:55:01.204 INFO Current price: 0.000000090759 - Current percentage: 64.50% - Max: 92.28% - Min: -22.73% - Market Cap 18640 - Trading time: 00:16:11
07-09-2025 18:55:06.845 INFO Current price: 0.000000091829 - Current percentage: 66.29% - Max: 92.28% - Min: -22.73% - Market Cap 18842 - Trading time: 00:16:17
07-09-2025 18:55:15.196 INFO Current price: 0.000000093320 - Current percentage: 69.88% - Max: 92.28% - Min: -22.73% - Market Cap 19250 - Trading time: 00:16:25
07-09-2025 18:55:25.569 INFO Current price: 0.000000095014 - Current percentage: 72.38% - Max: 92.28% - Min: -22.73% - Market Cap 19532 - Trading time: 00:16:36
07-09-2025 18:55:31.095 INFO Current price: 0.000000095604 - Current percentage: 72.00% - Max: 92.28% - Min: -22.73% - Market Cap 19489 - Trading time: 00:16:41
07-09-2025 18:55:40.219 INFO Current price: 0.000000097217 - Current percentage: 78.24% - Max: 92.28% - Min: -22.73% - Market Cap 20197 - Trading time: 00:16:50
07-09-2025 18:55:40.220 INFO Current price: 0.000000100680 - Current percentage: 84.47% - Max: 92.28% - Min: -22.73% - Market Cap 20903 - Trading time: 00:16:50
07-09-2025 18:55:42.723 INFO Current price: 0.000000102598 - Current percentage: 85.10% - Max: 92.28% - Min: -22.73% - Market Cap 20974 - Trading time: 00:16:53
07-09-2025 18:55:45.877 INFO Current price: 0.000000102598 - Current percentage: 84.47% - Max: 92.28% - Min: -22.73% - Market Cap 20903 - Trading time: 00:16:56
07-09-2025 18:55:56.181 INFO Current price: 0.000000102434 - Current percentage: 84.51% - Max: 92.28% - Min: -22.73% - Market Cap 20907 - Trading time: 00:17:06
07-09-2025 18:55:56.422 INFO Current price: 0.000000100280 - Current percentage: 76.80% - Max: 92.28% - Min: -22.73% - Market Cap 20033 - Trading time: 00:17:07
07-09-2025 18:56:02.257 INFO Current price: 0.000000097440 - Current percentage: 74.21% - Max: 92.28% - Min: -22.73% - Market Cap 19739 - Trading time: 00:17:12
07-09-2025 18:56:08.373 INFO Current price: 0.000000096775 - Current percentage: 74.39% - Max: 92.28% - Min: -22.73% - Market Cap 19760 - Trading time: 00:17:18
07-09-2025 18:56:09.315 INFO Current price: 0.000000097250 - Current percentage: 75.92% - Max: 92.28% - Min: -22.73% - Market Cap 19934 - Trading time: 00:17:19
07-09-2025 18:56:10.114 INFO Current price: 0.000000099412 - Current percentage: 82.23% - Max: 92.28% - Min: -22.73% - Market Cap 20649 - Trading time: 00:17:20
07-09-2025 18:56:10.116 INFO Current price: 0.000000102879 - Current percentage: 88.40% - Max: 92.28% - Min: -22.73% - Market Cap 21348 - Trading time: 00:17:20
07-09-2025 18:56:10.254 INFO Current price: 0.000000104786 - Current percentage: 89.05% - Max: 92.28% - Min: -22.73% - Market Cap 21421 - Trading time: 00:17:20
07-09-2025 18:56:10.360 INFO Current price: 0.000000105138 - Current percentage: 89.67% - Max: 92.28% - Min: -22.73% - Market Cap 21492 - Trading time: 00:17:20
07-09-2025 18:56:12.048 INFO Current price: 0.000000105666 - Current percentage: 90.95% - Max: 92.28% - Min: -22.73% - Market Cap 21637 - Trading time: 00:17:22
07-09-2025 18:56:13.507 INFO Current price: 0.000000111344 - Current percentage: 110.61% - Max: 110.61% - Min: -22.73% - Market Cap 23864 - Trading time: 00:17:24
07-09-2025 18:56:15.622 INFO Current price: 0.000000116973 - Current percentage: 110.74% - Max: 110.74% - Min: -22.73% - Market Cap 23879 - Trading time: 00:17:26
07-09-2025 18:56:16.108 INFO Current price: 0.000000113739 - Current percentage: 99.12% - Max: 110.74% - Min: -22.73% - Market Cap 22563 - Trading time: 00:17:26
07-09-2025 18:56:16.232 INFO Current price: 0.000000110372 - Current percentage: 98.45% - Max: 110.74% - Min: -22.73% - Market Cap 22487 - Trading time: 00:17:26
07-09-2025 18:56:17.455 INFO Current price: 0.000000110183 - Current percentage: 98.44% - Max: 110.74% - Min: -22.73% - Market Cap 22486 - Trading time: 00:17:28
07-09-2025 18:56:18.350 INFO Current price: 0.000000110117 - Current percentage: 98.21% - Max: 110.74% - Min: -22.73% - Market Cap 22460 - Trading time: 00:17:28
07-09-2025 18:56:20.895 INFO Current price: 0.000000111861 - Current percentage: 104.78% - Max: 110.74% - Min: -22.73% - Market Cap 23204 - Trading time: 00:17:31
07-09-2025 18:56:21.407 INFO Current price: 0.000000115353 - Current percentage: 110.78% - Max: 110.78% - Min: -22.73% - Market Cap 23884 - Trading time: 00:17:31
07-09-2025 18:56:26.048 INFO Current price: 0.000000117271 - Current percentage: 111.65% - Max: 111.65% - Min: -22.73% - Market Cap 23982 - Trading time: 00:17:36
07-09-2025 18:56:26.087 INFO Current price: 0.000000117420 - Current percentage: 111.32% - Max: 111.65% - Min: -22.73% - Market Cap 23944 - Trading time: 00:17:36
07-09-2025 18:56:30.333 INFO Current price: 0.000000117292 - Current percentage: 110.87% - Max: 111.65% - Min: -22.73% - Market Cap 23894 - Trading time: 00:17:40
07-09-2025 18:56:32.112 INFO Current price: 0.000000117546 - Current percentage: 112.55% - Max: 112.55% - Min: -22.73% - Market Cap 24084 - Trading time: 00:17:42
07-09-2025 18:56:41.051 INFO Current price: 0.000000118035 - Current percentage: 112.63% - Max: 112.63% - Min: -22.73% - Market Cap 24093 - Trading time: 00:17:51
07-09-2025 18:56:41.912 INFO Current price: 0.000000118055 - Current percentage: 112.63% - Max: 112.63% - Min: -22.73% - Market Cap 24093 - Trading time: 00:17:52
07-09-2025 18:56:45.808 INFO Current price: 0.000000115233 - Current percentage: 102.58% - Max: 112.63% - Min: -22.73% - Market Cap 22955 - Trading time: 00:17:56
07-09-2025 18:56:46.665 INFO Current price: 0.000000113076 - Current percentage: 104.74% - Max: 112.63% - Min: -22.73% - Market Cap 23199 - Trading time: 00:17:57
07-09-2025 18:56:53.557 INFO Current price: 0.000000113159 - Current percentage: 102.78% - Max: 112.63% - Min: -22.73% - Market Cap 22977 - Trading time: 00:18:04
07-09-2025 18:56:55.251 INFO Current price: 0.000000112618 - Current percentage: 102.89% - Max: 112.63% - Min: -22.73% - Market Cap 22989 - Trading time: 00:18:05
07-09-2025 18:57:07.569 INFO Current price: 0.000000105711 - Current percentage: 78.67% - Max: 112.63% - Min: -22.73% - Market Cap 20245 - Trading time: 00:18:18
07-09-2025 18:57:14.789 INFO Current price: 0.000000099217 - Current percentage: 78.73% - Max: 112.63% - Min: -22.73% - Market Cap 20252 - Trading time: 00:18:25
07-09-2025 18:57:17.201 INFO Current price: 0.000000099211 - Current percentage: 78.64% - Max: 112.63% - Min: -22.73% - Market Cap 20242 - Trading time: 00:18:27
07-09-2025 18:57:22.728 INFO Current price: 0.000000100045 - Current percentage: 81.75% - Max: 112.63% - Min: -22.73% - Market Cap 20594 - Trading time: 00:18:33
07-09-2025 18:57:22.946 INFO Current price: 0.000000100963 - Current percentage: 81.93% - Max: 112.63% - Min: -22.73% - Market Cap 20615 - Trading time: 00:18:33
07-09-2025 18:57:26.447 INFO Current price: 0.000000101181 - Current percentage: 82.54% - Max: 112.63% - Min: -22.73% - Market Cap 20683 - Trading time: 00:18:37
07-09-2025 18:57:27.364 INFO Current price: 0.000000101869 - Current percentage: 84.42% - Max: 112.63% - Min: -22.73% - Market Cap 20896 - Trading time: 00:18:37
07-09-2025 18:57:35.369 INFO Current price: 0.000000102396 - Current percentage: 84.43% - Max: 112.63% - Min: -22.73% - Market Cap 20898 - Trading time: 00:18:45
07-09-2025 18:57:36.116 INFO Current price: 0.000000102710 - Current percentage: 85.55% - Max: 112.63% - Min: -22.73% - Market Cap 21025 - Trading time: 00:18:46
07-09-2025 18:57:39.160 INFO Current price: 0.000000101477 - Current percentage: 80.03% - Max: 112.63% - Min: -22.73% - Market Cap 20399 - Trading time: 00:18:49
07-09-2025 18:57:51.929 INFO Current price: 0.000000099959 - Current percentage: 80.04% - Max: 112.63% - Min: -22.73% - Market Cap 20400 - Trading time: 00:19:02
07-09-2025 18:57:58.465 INFO Current price: 0.000000098634 - Current percentage: 75.24% - Max: 112.63% - Min: -22.73% - Market Cap 19856 - Trading time: 00:19:09
07-09-2025 18:58:06.216 INFO Current price: 0.000000098172 - Current percentage: 76.24% - Max: 112.63% - Min: -22.73% - Market Cap 19970 - Trading time: 00:19:16
07-09-2025 18:58:08.821 INFO Current price: 0.000000097224 - Current percentage: 73.98% - Max: 112.63% - Min: -22.73% - Market Cap 19713 - Trading time: 00:19:19
07-09-2025 18:58:11.472 INFO Current price: 0.000000094910 - Current percentage: 67.95% - Max: 112.63% - Min: -22.73% - Market Cap 19031 - Trading time: 00:19:22
07-09-2025 18:58:11.474 INFO Current price: 0.000000091736 - Current percentage: 62.54% - Max: 112.63% - Min: -22.73% - Market Cap 18417 - Trading time: 00:19:22
07-09-2025 18:58:12.518 INFO Current price: 0.000000090224 - Current percentage: 62.46% - Max: 112.63% - Min: -22.73% - Market Cap 18409 - Trading time: 00:19:23
07-09-2025 18:58:12.520 INFO Current price: 0.000000090124 - Current percentage: 62.18% - Max: 112.63% - Min: -22.73% - Market Cap 18376 - Trading time: 00:19:23
07-09-2025 18:58:12.635 INFO Current price: 0.000000089944 - Current percentage: 61.82% - Max: 112.63% - Min: -22.73% - Market Cap 18335 - Trading time: 00:19:23
07-09-2025 18:58:12.952 INFO Current price: 0.000000085140 - Current percentage: 45.31% - Max: 112.63% - Min: -22.73% - Market Cap 16466 - Trading time: 00:19:23
07-09-2025 18:58:13.390 INFO Current price: 0.000000082230 - Current percentage: 50.94% - Max: 112.63% - Min: -22.73% - Market Cap 17104 - Trading time: 00:19:23
07-09-2025 18:58:13.391 INFO Current price: 0.000000083726 - Current percentage: 50.65% - Max: 112.63% - Min: -22.73% - Market Cap 17070 - Trading time: 00:19:23
07-09-2025 18:58:14.894 INFO Current price: 0.000000085221 - Current percentage: 56.38% - Max: 112.63% - Min: -22.73% - Market Cap 17720 - Trading time: 00:19:25
07-09-2025 18:58:15.830 INFO Current price: 0.000000087068 - Current percentage: 57.25% - Max: 112.63% - Min: -22.73% - Market Cap 17818 - Trading time: 00:19:26
07-09-2025 18:58:18.384 INFO Current price: 0.000000090530 - Current percentage: 69.07% - Max: 112.63% - Min: -22.73% - Market Cap 19157 - Trading time: 00:19:28
07-09-2025 18:58:19.574 INFO Current price: 0.000000094036 - Current percentage: 69.67% - Max: 112.63% - Min: -22.73% - Market Cap 19225 - Trading time: 00:19:30
07-09-2025 18:58:21.955 INFO Current price: 0.000000094340 - Current percentage: 69.73% - Max: 112.63% - Min: -22.73% - Market Cap 19232 - Trading time: 00:19:32
07-09-2025 18:58:25.354 INFO Current price: 0.000000090140 - Current percentage: 54.51% - Max: 112.63% - Min: -22.73% - Market Cap 17508 - Trading time: 00:19:35
07-09-2025 18:58:25.427 INFO Current price: 0.000000081744 - Current percentage: 39.59% - Max: 112.63% - Min: -22.73% - Market Cap 15817 - Trading time: 00:19:36
07-09-2025 18:58:30.079 INFO Current price: 0.000000077619 - Current percentage: 39.31% - Max: 112.63% - Min: -22.73% - Market Cap 15785 - Trading time: 00:19:40
07-09-2025 18:58:32.153 INFO Current price: 0.000000077543 - Current percentage: 39.31% - Max: 112.63% - Min: -22.73% - Market Cap 15785 - Trading time: 00:19:42
07-09-2025 18:58:32.615 INFO Current price: 0.000000077543 - Current percentage: 39.31% - Max: 112.63% - Min: -22.73% - Market Cap 15786 - Trading time: 00:19:43
07-09-2025 18:58:32.849 INFO Current price: 0.000000077697 - Current percentage: 39.86% - Max: 112.63% - Min: -22.73% - Market Cap 15848 - Trading time: 00:19:43
07-09-2025 18:58:33.006 INFO Current price: 0.000000077899 - Current percentage: 40.04% - Max: 112.63% - Min: -22.73% - Market Cap 15867 - Trading time: 00:19:43
07-09-2025 18:58:33.167 INFO Current price: 0.000000078707 - Current percentage: 42.78% - Max: 112.63% - Min: -22.73% - Market Cap 16179 - Trading time: 00:19:43
07-09-2025 18:58:33.886 INFO Current price: 0.000000079629 - Current percentage: 43.33% - Max: 112.63% - Min: -22.73% - Market Cap 16241 - Trading time: 00:19:44
07-09-2025 18:58:33.890 INFO Current price: 0.000000079783 - Current percentage: 43.34% - Max: 112.63% - Min: -22.73% - Market Cap 16241 - Trading time: 00:19:44
07-09-2025 18:58:41.016 INFO Current price: 0.000000078629 - Current percentage: 39.22% - Max: 112.63% - Min: -22.73% - Market Cap 15775 - Trading time: 00:19:51
07-09-2025 18:58:41.017 INFO Current price: 0.000000076305 - Current percentage: 34.99% - Max: 112.63% - Min: -22.73% - Market Cap 15295 - Trading time: 00:19:51
07-09-2025 18:58:42.138 INFO Current price: 0.000000075136 - Current percentage: 34.99% - Max: 112.63% - Min: -22.73% - Market Cap 15296 - Trading time: 00:19:52
07-09-2025 18:58:43.692 INFO Current price: 0.000000075137 - Current percentage: 34.99% - Max: 112.63% - Min: -22.73% - Market Cap 15296 - Trading time: 00:19:54
07-09-2025 18:58:47.033 INFO Current price: 0.000000074899 - Current percentage: 34.13% - Max: 112.63% - Min: -22.73% - Market Cap 15199 - Trading time: 00:19:57






07-09-2025 18:58:49.410 INFO {"type":"summary","reason":"max_window","startedAt":"2025-09-07T16:38:49.410Z","endedAt":"2025-09-07T16:58:49.410Z","durationSec":1200,"entryPrice":5.724125350232851e-8,"entryMarketCapSol":55.519795237613216,"entryMarketCapUsd":11331.035010044481,"minPct":-22.72688571100279,"maxPct":112.62675860446743,"buyCount":298,"sellCount":193,"tradeCount":491,"entryRecorded":true,"noPostThresholdTrades":false,"triggerAt":"2025-09-07T16:38:49.410Z","ageAtTriggerSec":131,"preTotalTrades":92,"preBuys":56,"preSells":36,"preUniqueTraders":55,"preEntryTotalTrades":94,"preEntryBuys":56,"preEntrySells":38,"preEntryUniqueTraders":55,"preEntryMinMcUsd":7685.509907318305,"preEntryMaxMcUsd":12744.347722300523,"thresholdMcSol":55.519795237613216,"thresholdMcUsd":11331.035010044481,"thresholdPrice":5.724125350232851e-8}
