08-09-2025 03:46:31.655 INFO Entry price: 0.000000039257341233 - Entry market cap: 7791 - Buys 15 - Sells 6 - Ratio: 1:0.40 - Min MarketCap: 7719 - Max MarketCap: 8870
08-09-2025 03:46:31.655 INFO Current price: 0.000000039257 - Current percentage: 0.00% - Max: 0.00% - Min: 0.00% - Market Cap 7791 - Trading time: 00:00:02
08-09-2025 03:46:31.681 INFO Current price: 0.000000039857 - Current percentage: 5.45% - Max: 5.45% - Min: 0.00% - Market Cap 8216 - Trading time: 00:00:02
08-09-2025 03:46:32.025 INFO Current price: 0.000000038589 - Current percentage: -1.10% - Max: 5.45% - Min: -1.10% - Market Cap 7705 - Trading time: 00:00:02
08-09-2025 03:46:34.343 INFO Current price: 0.000000038232 - Current percentage: 3.52% - Max: 5.45% - Min: -1.10% - Market Cap 8065 - Trading time: 00:00:04
08-09-2025 03:46:34.360 INFO Current price: 0.000000040217 - Current percentage: 9.43% - Max: 9.43% - Min: -1.10% - Market Cap 8526 - Trading time: 00:00:04
08-09-2025 03:46:34.506 INFO Current price: 0.000000042370 - Current percentage: 14.90% - Max: 14.90% - Min: -1.10% - Market Cap 8952 - Trading time: 00:00:04
08-09-2025 03:46:34.885 INFO Current price: 0.000000042960 - Current percentage: 12.50% - Max: 14.90% - Min: -1.10% - Market Cap 8765 - Trading time: 00:00:05
08-09-2025 03:46:34.929 INFO Current price: 0.000000041811 - Current percentage: 8.84% - Max: 14.90% - Min: -1.10% - Market Cap 8479 - Trading time: 00:00:05
08-09-2025 03:46:34.931 INFO Current price: 0.000000041136 - Current percentage: 8.84% - Max: 14.90% - Min: -1.10% - Market Cap 8479 - Trading time: 00:00:05
08-09-2025 03:46:35.226 INFO Current price: 0.000000042119 - Current percentage: 14.16% - Max: 14.90% - Min: -1.10% - Market Cap 8894 - Trading time: 00:00:05
08-09-2025 03:46:35.273 INFO Current price: 0.000000042944 - Current percentage: 13.14% - Max: 14.90% - Min: -1.10% - Market Cap 8815 - Trading time: 00:00:05
08-09-2025 03:46:35.344 INFO Current price: 0.000000042774 - Current percentage: 13.26% - Max: 14.90% - Min: -1.10% - Market Cap 8824 - Trading time: 00:00:05
08-09-2025 03:46:58.457 INFO Current price: 0.000000040554 - Current percentage: 5.61% - Max: 14.90% - Min: -1.10% - Market Cap 8228 - Trading time: 00:00:28
08-09-2025 03:47:08.722 INFO Current price: 0.000000030655 - Current percentage: -18.91% - Max: 14.90% - Min: -18.91% - Market Cap 6318 - Trading time: 00:00:39
08-09-2025 03:47:08.927 INFO Current price: 0.000000030412 - Current percentage: -20.12% - Max: 14.90% - Min: -20.12% - Market Cap 6224 - Trading time: 00:00:39
08-09-2025 03:47:10.654 INFO Current price: 0.000000030421 - Current percentage: -18.86% - Max: 14.90% - Min: -20.12% - Market Cap 6322 - Trading time: 00:00:41
08-09-2025 03:47:22.687 INFO Current price: 0.000000030755 - Current percentage: -18.35% - Max: 14.90% - Min: -20.12% - Market Cap 6361 - Trading time: 00:00:53
08-09-2025 03:48:06.802 INFO Current price: 0.000000031340 - Current percentage: -15.45% - Max: 14.90% - Min: -20.12% - Market Cap 6587 - Trading time: 00:01:37
08-09-2025 03:48:16.848 INFO Current price: 0.000000032285 - Current percentage: -13.05% - Max: 14.90% - Min: -20.12% - Market Cap 6774 - Trading time: 00:01:47
08-09-2025 03:48:16.854 INFO Current price: 0.000000033142 - Current percentage: -10.90% - Max: 14.90% - Min: -20.12% - Market Cap 6942 - Trading time: 00:01:47
08-09-2025 03:48:16.968 INFO Current price: 0.000000033190 - Current percentage: -12.80% - Max: 14.90% - Min: -20.12% - Market Cap 6794 - Trading time: 00:01:47
08-09-2025 03:48:18.483 INFO Current price: 0.000000033036 - Current percentage: -11.72% - Max: 14.90% - Min: -20.12% - Market Cap 6878 - Trading time: 00:01:48
08-09-2025 03:48:25.082 INFO Current price: 0.000000034256 - Current percentage: -6.24% - Max: 14.90% - Min: -20.12% - Market Cap 7305 - Trading time: 00:01:55
08-09-2025 03:48:25.097 INFO Current price: 0.000000036351 - Current percentage: -0.60% - Max: 14.90% - Min: -20.12% - Market Cap 7744 - Trading time: 00:01:55
08-09-2025 03:48:25.106 INFO Current price: 0.000000038292 - Current percentage: 4.04% - Max: 14.90% - Min: -20.12% - Market Cap 8106 - Trading time: 00:01:55
08-09-2025 03:48:32.301 INFO Current price: 0.000000040145 - Current percentage: 9.26% - Max: 14.90% - Min: -20.12% - Market Cap 8512 - Trading time: 00:02:02
08-09-2025 03:48:32.327 INFO Current price: 0.000000042157 - Current percentage: 14.73% - Max: 14.90% - Min: -20.12% - Market Cap 8939 - Trading time: 00:02:02
08-09-2025 03:48:39.660 INFO Current price: 0.000000043211 - Current percentage: 14.79% - Max: 14.90% - Min: -20.12% - Market Cap 8943 - Trading time: 00:02:10
08-09-2025 03:49:08.148 INFO Current price: 0.000000042920 - Current percentage: 13.19% - Max: 14.90% - Min: -20.12% - Market Cap 8819 - Trading time: 00:02:38
08-09-2025 03:49:29.831 INFO Current price: 0.000000040931 - Current percentage: 4.40% - Max: 14.90% - Min: -20.12% - Market Cap 8133 - Trading time: 00:03:00
08-09-2025 03:49:40.532 INFO Current price: 0.000000039320 - Current percentage: 4.46% - Max: 14.90% - Min: -20.12% - Market Cap 8138 - Trading time: 00:03:10
08-09-2025 03:50:11.798 INFO Current price: 0.000000033210 - Current percentage: -13.65% - Max: 14.90% - Min: -20.12% - Market Cap 6727 - Trading time: 00:03:42
08-09-2025 03:50:11.799 INFO Current price: 0.000000028840 - Current percentage: -24.98% - Max: 14.90% - Min: -24.98% - Market Cap 5845 - Trading time: 00:03:42
08-09-2025 03:50:17.286 INFO Current price: 0.000000028436 - Current percentage: -23.98% - Max: 14.90% - Min: -24.98% - Market Cap 5923 - Trading time: 00:03:47
08-09-2025 03:50:44.396 INFO Current price: 0.000000028436 - Current percentage: -24.98% - Max: 14.90% - Min: -24.98% - Market Cap 5845 - Trading time: 00:04:14
08-09-2025 03:53:44.887 INFO Current price: 0.000000028235 - Current percentage: -25.05% - Max: 14.90% - Min: -25.05% - Market Cap 5840 - Trading time: 00:07:15






08-09-2025 04:03:44.888 INFO {"type":"summary","reason":"inactivity","startedAt":"2025-09-08T01:46:29.654Z","endedAt":"2025-09-08T02:03:44.888Z","durationSec":1035,"entryPrice":3.925734123299213e-8,"entryMarketCapSol":37.785167392764855,"entryMarketCapUsd":7790.923664714185,"minPct":-25.046677142372403,"maxPct":14.900187298217062,"buyCount":21,"sellCount":19,"tradeCount":40,"entryRecorded":true,"noPostThresholdTrades":false,"triggerAt":"2025-09-08T01:46:29.654Z","ageAtTriggerSec":5,"preTotalTrades":16,"preBuys":13,"preSells":3,"preUniqueTraders":15,"preEntryTotalTrades":21,"preEntryBuys":15,"preEntrySells":6,"preEntryUniqueTraders":17,"preEntryMinMcUsd":7718.543505103905,"preEntryMaxMcUsd":8869.772422262844,"thresholdMcSol":37.785167392764855,"thresholdMcUsd":7790.923664714185,"thresholdPrice":3.925734123299213e-8}
