08-09-2025 04:26:10.531 INFO Entry price: 0.000000042564681322 - Entry market cap: 8896 - Buys 46 - Sells 38 - Ratio: 1:0.83 - Min MarketCap: 8068 - Max MarketCap: 13793
08-09-2025 04:26:10.531 INFO Current price: 0.000000042565 - Current percentage: 0.00% - Max: 0.00% - Min: 0.00% - Market Cap 8896 - Trading time: 00:00:02
08-09-2025 04:26:10.531 INFO Current price: 0.000000042565 - Current percentage: 0.00% - Max: 0.00% - Min: 0.00% - Market Cap 8896 - Trading time: 00:00:02
08-09-2025 04:26:10.531 INFO Current price: 0.000000043469 - Current percentage: 2.22% - Max: 2.22% - Min: 0.00% - Market Cap 9093 - Trading time: 00:00:02
08-09-2025 04:26:12.951 INFO Current price: 0.000000042448 - Current percentage: -4.64% - Max: 2.22% - Min: -4.64% - Market Cap 8483 - Trading time: 00:00:04
08-09-2025 04:26:13.011 INFO Current price: 0.000000042114 - Current percentage: 0.61% - Max: 2.22% - Min: -4.64% - Market Cap 8951 - Trading time: 00:00:04
08-09-2025 04:26:13.154 INFO Current price: 0.000000041673 - Current percentage: -6.62% - Max: 2.22% - Min: -6.62% - Market Cap 8307 - Trading time: 00:00:04
08-09-2025 04:26:13.433 INFO Current price: 0.000000040314 - Current percentage: -5.84% - Max: 2.22% - Min: -6.62% - Market Cap 8376 - Trading time: 00:00:04
08-09-2025 04:26:13.456 INFO Current price: 0.000000040538 - Current percentage: -5.58% - Max: 2.22% - Min: -6.62% - Market Cap 8399 - Trading time: 00:00:04
08-09-2025 04:26:13.521 INFO Current price: 0.000000040638 - Current percentage: -5.38% - Max: 2.22% - Min: -6.62% - Market Cap 8417 - Trading time: 00:00:04
08-09-2025 04:26:14.038 INFO Current price: 0.000000041231 - Current percentage: -2.80% - Max: 2.22% - Min: -6.62% - Market Cap 8646 - Trading time: 00:00:05
08-09-2025 04:26:14.402 INFO Current price: 0.000000041800 - Current percentage: -2.75% - Max: 2.22% - Min: -6.62% - Market Cap 8651 - Trading time: 00:00:05
08-09-2025 04:26:17.823 INFO Current price: 0.000000042036 - Current percentage: -1.70% - Max: 2.22% - Min: -6.62% - Market Cap 8745 - Trading time: 00:00:09
08-09-2025 04:26:17.947 INFO Current price: 0.000000042264 - Current percentage: -1.69% - Max: 2.22% - Min: -6.62% - Market Cap 8745 - Trading time: 00:00:09
08-09-2025 04:26:19.083 INFO Current price: 0.000000043364 - Current percentage: 3.48% - Max: 3.48% - Min: -6.62% - Market Cap 9205 - Trading time: 00:00:10
08-09-2025 04:26:19.092 INFO Current price: 0.000000045663 - Current percentage: 9.01% - Max: 9.01% - Min: -6.62% - Market Cap 9697 - Trading time: 00:00:10
08-09-2025 04:26:19.978 INFO Current price: 0.000000046926 - Current percentage: 9.28% - Max: 9.28% - Min: -6.62% - Market Cap 9722 - Trading time: 00:00:11
08-09-2025 04:26:23.029 INFO Current price: 0.000000046939 - Current percentage: 9.07% - Max: 9.28% - Min: -6.62% - Market Cap 9703 - Trading time: 00:00:14
08-09-2025 04:26:23.431 INFO Current price: 0.000000046404 - Current percentage: 6.80% - Max: 9.28% - Min: -6.62% - Market Cap 9501 - Trading time: 00:00:14
08-09-2025 04:26:23.451 INFO Current price: 0.000000045408 - Current percentage: 4.44% - Max: 9.28% - Min: -6.62% - Market Cap 9290 - Trading time: 00:00:14
08-09-2025 04:26:23.582 INFO Current price: 0.000000045251 - Current percentage: 6.07% - Max: 9.28% - Min: -6.62% - Market Cap 9436 - Trading time: 00:00:15
08-09-2025 04:26:25.019 INFO Current price: 0.000000045839 - Current percentage: 7.17% - Max: 9.28% - Min: -6.62% - Market Cap 9533 - Trading time: 00:00:16
08-09-2025 04:26:25.461 INFO Current price: 0.000000046311 - Current percentage: 8.27% - Max: 9.28% - Min: -6.62% - Market Cap 9631 - Trading time: 00:00:16
08-09-2025 04:26:28.829 INFO Current price: 0.000000046619 - Current percentage: 8.60% - Max: 9.28% - Min: -6.62% - Market Cap 9661 - Trading time: 00:00:20
08-09-2025 04:26:29.796 INFO Current price: 0.000000046033 - Current percentage: 5.56% - Max: 9.28% - Min: -6.62% - Market Cap 9391 - Trading time: 00:00:21
08-09-2025 04:26:30.246 INFO Current price: 0.000000045356 - Current percentage: 5.56% - Max: 9.28% - Min: -6.62% - Market Cap 9391 - Trading time: 00:00:21
08-09-2025 04:26:30.532 INFO Current price: 0.000000045772 - Current percentage: 7.37% - Max: 9.28% - Min: -6.62% - Market Cap 9551 - Trading time: 00:00:22
08-09-2025 04:26:36.443 INFO Current price: 0.000000044973 - Current percentage: 1.91% - Max: 9.28% - Min: -6.62% - Market Cap 9066 - Trading time: 00:00:27
08-09-2025 04:26:36.445 INFO Current price: 0.000000042725 - Current percentage: -3.10% - Max: 9.28% - Min: -6.62% - Market Cap 8620 - Trading time: 00:00:27
08-09-2025 04:26:36.522 INFO Current price: 0.000000040697 - Current percentage: -7.54% - Max: 9.28% - Min: -7.54% - Market Cap 8226 - Trading time: 00:00:27
08-09-2025 04:26:36.567 INFO Current price: 0.000000039752 - Current percentage: -7.54% - Max: 9.28% - Min: -7.54% - Market Cap 8225 - Trading time: 00:00:28
08-09-2025 04:26:37.288 INFO Current price: 0.000000039021 - Current percentage: -10.91% - Max: 9.28% - Min: -10.91% - Market Cap 7925 - Trading time: 00:00:28
08-09-2025 04:26:37.299 INFO Current price: 0.000000037567 - Current percentage: -14.31% - Max: 9.28% - Min: -14.31% - Market Cap 7623 - Trading time: 00:00:28
08-09-2025 04:26:38.256 INFO Current price: 0.000000036834 - Current percentage: -14.35% - Max: 9.28% - Min: -14.35% - Market Cap 7619 - Trading time: 00:00:29
08-09-2025 04:26:38.399 INFO Current price: 0.000000036776 - Current percentage: -14.57% - Max: 9.28% - Min: -14.57% - Market Cap 7599 - Trading time: 00:00:29
08-09-2025 04:26:38.492 INFO Current price: 0.000000036690 - Current percentage: -14.75% - Max: 9.28% - Min: -14.75% - Market Cap 7584 - Trading time: 00:00:29
08-09-2025 04:26:41.027 INFO Current price: 0.000000036906 - Current percentage: -13.57% - Max: 9.28% - Min: -14.75% - Market Cap 7689 - Trading time: 00:00:32
08-09-2025 04:26:49.008 INFO Current price: 0.000000037023 - Current percentage: -14.21% - Max: 9.28% - Min: -14.75% - Market Cap 7632 - Trading time: 00:00:40
08-09-2025 04:26:52.770 INFO Current price: 0.000000036991 - Current percentage: -13.72% - Max: 9.28% - Min: -14.75% - Market Cap 7676 - Trading time: 00:00:44
08-09-2025 04:26:57.000 INFO Current price: 0.000000037203 - Current percentage: -13.22% - Max: 9.28% - Min: -14.75% - Market Cap 7720 - Trading time: 00:00:48
08-09-2025 04:26:58.618 INFO Current price: 0.000000037346 - Current percentage: -13.05% - Max: 9.28% - Min: -14.75% - Market Cap 7735 - Trading time: 00:00:50
08-09-2025 04:27:00.073 INFO Current price: 0.000000037488 - Current percentage: -12.56% - Max: 9.28% - Min: -14.75% - Market Cap 7779 - Trading time: 00:00:51
08-09-2025 04:27:00.301 INFO Current price: 0.000000037556 - Current percentage: -12.73% - Max: 9.28% - Min: -14.75% - Market Cap 7763 - Trading time: 00:00:51
08-09-2025 04:27:00.996 INFO Current price: 0.000000038052 - Current percentage: -10.24% - Max: 9.28% - Min: -14.75% - Market Cap 7985 - Trading time: 00:00:52
08-09-2025 04:27:03.942 INFO Current price: 0.000000038401 - Current percentage: -11.13% - Max: 9.28% - Min: -14.75% - Market Cap 7906 - Trading time: 00:00:55
08-09-2025 04:27:05.245 INFO Current price: 0.000000038213 - Current percentage: -11.11% - Max: 9.28% - Min: -14.75% - Market Cap 7907 - Trading time: 00:00:56
08-09-2025 04:27:14.216 INFO Current price: 0.000000038163 - Current percentage: -11.36% - Max: 9.28% - Min: -14.75% - Market Cap 7886 - Trading time: 00:01:05
08-09-2025 04:27:24.519 INFO Current price: 0.000000037842 - Current percentage: -12.61% - Max: 9.28% - Min: -14.75% - Market Cap 7774 - Trading time: 00:01:15
08-09-2025 04:27:24.520 INFO Current price: 0.000000036728 - Current percentage: -16.50% - Max: 9.28% - Min: -16.50% - Market Cap 7428 - Trading time: 00:01:15
08-09-2025 04:27:26.128 INFO Current price: 0.000000035126 - Current percentage: -20.06% - Max: 9.28% - Min: -20.06% - Market Cap 7111 - Trading time: 00:01:17
08-09-2025 04:27:26.135 INFO Current price: 0.000000033556 - Current percentage: -23.80% - Max: 9.28% - Min: -23.80% - Market Cap 6779 - Trading time: 00:01:17
08-09-2025 04:27:26.247 INFO Current price: 0.000000032184 - Current percentage: -26.46% - Max: 9.28% - Min: -26.46% - Market Cap 6542 - Trading time: 00:01:17
08-09-2025 04:27:26.300 INFO Current price: 0.000000031448 - Current percentage: -27.25% - Max: 9.28% - Min: -27.25% - Market Cap 6472 - Trading time: 00:01:17
08-09-2025 04:27:26.302 INFO Current price: 0.000000031174 - Current percentage: -27.74% - Max: 9.28% - Min: -27.74% - Market Cap 6428 - Trading time: 00:01:17
08-09-2025 04:27:26.364 INFO Current price: 0.000000030955 - Current percentage: -28.26% - Max: 9.28% - Min: -28.26% - Market Cap 6382 - Trading time: 00:01:17
08-09-2025 04:27:26.749 INFO Current price: 0.000000030811 - Current percentage: -28.41% - Max: 9.28% - Min: -28.41% - Market Cap 6369 - Trading time: 00:01:18
08-09-2025 04:27:26.874 INFO Current price: 0.000000030702 - Current percentage: -28.77% - Max: 9.28% - Min: -28.77% - Market Cap 6336 - Trading time: 00:01:18
08-09-2025 04:27:27.116 INFO Current price: 0.000000030469 - Current percentage: -29.49% - Max: 9.28% - Min: -29.49% - Market Cap 6272 - Trading time: 00:01:18
08-09-2025 04:27:27.193 INFO Current price: 0.000000030107 - Current percentage: -30.45% - Max: 9.28% - Min: -30.45% - Market Cap 6187 - Trading time: 00:01:18
08-09-2025 04:27:27.959 INFO Current price: 0.000000029523 - Current percentage: -32.20% - Max: 9.28% - Min: -32.20% - Market Cap 6031 - Trading time: 00:01:19
08-09-2025 04:27:28.036 INFO Current price: 0.000000028794 - Current percentage: -33.84% - Max: 9.28% - Min: -33.84% - Market Cap 5885 - Trading time: 00:01:19
08-09-2025 04:27:54.886 INFO Current price: 0.000000028372 - Current percentage: -34.34% - Max: 9.28% - Min: -34.34% - Market Cap 5841 - Trading time: 00:01:46






08-09-2025 04:37:54.887 INFO {"type":"summary","reason":"inactivity","startedAt":"2025-09-08T02:26:08.530Z","endedAt":"2025-09-08T02:37:54.887Z","durationSec":706,"entryPrice":4.256468132176606e-8,"entryMarketCapSol":42.99424088673373,"entryMarketCapUsd":8895.938381874075,"minPct":-34.33730651940084,"maxPct":9.282148625832873,"buyCount":27,"sellCount":37,"tradeCount":64,"entryRecorded":true,"noPostThresholdTrades":false,"triggerAt":"2025-09-08T02:26:08.530Z","ageAtTriggerSec":33,"preTotalTrades":79,"preBuys":43,"preSells":36,"preUniqueTraders":40,"preEntryTotalTrades":84,"preEntryBuys":46,"preEntrySells":38,"preEntryUniqueTraders":41,"preEntryMinMcUsd":8067.628784906774,"preEntryMaxMcUsd":13793.097212311348,"thresholdMcSol":43.90113895577857,"thresholdMcUsd":9083.584661340145,"thresholdPrice":4.816660752463364e-8}
