07-09-2025 07:02:02.454 INFO Entry price: 0.000000028279929779 - Entry market cap: 5730 - Buys 3 - Sells 1 - Ratio: 1:0.33 - Min MarketCap: 5731 - Max MarketCap: 5944
07-09-2025 07:02:02.454 INFO Current price: 0.000000028280 - Current percentage: 0.00% - Max: 0.00% - Min: 0.00% - Market Cap 5730 - Trading time: 00:00:02
07-09-2025 07:02:18.157 INFO Current price: 0.000000028240 - Current percentage: 0.05% - Max: 0.05% - Min: 0.00% - Market Cap 5733 - Trading time: 00:00:17
07-09-2025 07:02:27.512 INFO Current price: 0.000000028251 - Current percentage: 0.08% - Max: 0.08% - Min: 0.00% - Market Cap 5735 - Trading time: 00:00:27
07-09-2025 07:02:59.112 INFO Current price: 0.000000028260 - Current percentage: 0.11% - Max: 0.11% - Min: 0.00% - Market Cap 5737 - Trading time: 00:00:58
07-09-2025 07:03:31.428 INFO Current price: 0.000000028171 - Current percentage: -0.55% - Max: 0.11% - Min: -0.55% - Market Cap 5699 - Trading time: 00:01:30
07-09-2025 07:03:40.231 INFO Current price: 0.000000028024 - Current percentage: -0.93% - Max: 0.11% - Min: -0.93% - Market Cap 5677 - Trading time: 00:01:39
07-09-2025 07:03:46.644 INFO Current price: 0.000000027976 - Current percentage: -0.89% - Max: 0.11% - Min: -0.93% - Market Cap 5679 - Trading time: 00:01:46
07-09-2025 07:04:12.020 INFO Current price: 0.000000027985 - Current percentage: -0.86% - Max: 0.11% - Min: -0.93% - Market Cap 5681 - Trading time: 00:02:11
07-09-2025 07:05:06.498 INFO Current price: 0.000000027985 - Current percentage: -0.89% - Max: 0.11% - Min: -0.93% - Market Cap 5679 - Trading time: 00:03:06
07-09-2025 07:05:15.707 INFO Current price: 0.000000027982 - Current percentage: -0.89% - Max: 0.11% - Min: -0.93% - Market Cap 5680 - Trading time: 00:03:15
07-09-2025 07:05:17.746 INFO Current price: 0.000000027987 - Current percentage: -0.86% - Max: 0.11% - Min: -0.93% - Market Cap 5681 - Trading time: 00:03:17
07-09-2025 07:07:37.134 INFO Current price: 0.000000027983 - Current percentage: -0.92% - Max: 0.11% - Min: -0.93% - Market Cap 5678 - Trading time: 00:05:36
07-09-2025 07:08:12.448 INFO Current price: 0.000000028065 - Current percentage: -0.27% - Max: 0.11% - Min: -0.93% - Market Cap 5715 - Trading time: 00:06:11
07-09-2025 07:08:20.012 INFO Current price: 0.000000028158 - Current percentage: -0.26% - Max: 0.11% - Min: -0.93% - Market Cap 5716 - Trading time: 00:06:19
07-09-2025 07:08:26.461 INFO Current price: 0.000000028164 - Current percentage: -0.23% - Max: 0.11% - Min: -0.93% - Market Cap 5717 - Trading time: 00:06:26
07-09-2025 07:08:38.636 INFO Current price: 0.000000028173 - Current percentage: -0.20% - Max: 0.11% - Min: -0.93% - Market Cap 5719 - Trading time: 00:06:38
07-09-2025 07:08:47.810 INFO Current price: 0.000000028183 - Current percentage: -0.16% - Max: 0.11% - Min: -0.93% - Market Cap 5721 - Trading time: 00:06:47
07-09-2025 07:08:54.907 INFO Current price: 0.000000028192 - Current percentage: -0.13% - Max: 0.11% - Min: -0.93% - Market Cap 5723 - Trading time: 00:06:54
07-09-2025 07:09:07.867 INFO Current price: 0.000000028201 - Current percentage: 0.00% - Max: 0.11% - Min: -0.93% - Market Cap 5731 - Trading time: 00:07:07
07-09-2025 07:09:19.878 INFO Current price: 0.000000028210 - Current percentage: 0.03% - Max: 0.11% - Min: -0.93% - Market Cap 5732 - Trading time: 00:07:19
07-09-2025 07:10:15.196 INFO Current price: 0.000000028219 - Current percentage: 0.07% - Max: 0.11% - Min: -0.93% - Market Cap 5734 - Trading time: 00:08:14
07-09-2025 07:10:16.982 INFO Current price: 0.000000028228 - Current percentage: 0.10% - Max: 0.11% - Min: -0.93% - Market Cap 5736 - Trading time: 00:08:16
07-09-2025 07:10:36.425 INFO Current price: 0.000000028105 - Current percentage: -0.81% - Max: 0.11% - Min: -0.93% - Market Cap 5684 - Trading time: 00:08:35
07-09-2025 07:10:44.409 INFO Current price: 0.000000028068 - Current percentage: -0.16% - Max: 0.11% - Min: -0.93% - Market Cap 5721 - Trading time: 00:08:43
07-09-2025 07:11:07.435 INFO Current price: 0.000000028068 - Current percentage: -0.81% - Max: 0.11% - Min: -0.93% - Market Cap 5684 - Trading time: 00:09:06
07-09-2025 07:11:15.822 INFO Current price: 0.000000027970 - Current percentage: -0.86% - Max: 0.11% - Min: -0.93% - Market Cap 5681 - Trading time: 00:09:15
07-09-2025 07:11:21.520 INFO Current price: 0.000000028055 - Current percentage: -0.21% - Max: 0.11% - Min: -0.93% - Market Cap 5718 - Trading time: 00:09:21
07-09-2025 07:11:26.259 INFO Current price: 0.000000028238 - Current percentage: 0.44% - Max: 0.44% - Min: -0.93% - Market Cap 5756 - Trading time: 00:09:25
07-09-2025 07:11:34.893 INFO Current price: 0.000000028334 - Current percentage: 0.47% - Max: 0.47% - Min: -0.93% - Market Cap 5758 - Trading time: 00:09:34
07-09-2025 07:11:43.313 INFO Current price: 0.000000028343 - Current percentage: 0.50% - Max: 0.50% - Min: -0.93% - Market Cap 5759 - Trading time: 00:09:42
07-09-2025 07:11:44.475 INFO Current price: 0.000000028352 - Current percentage: 0.54% - Max: 0.54% - Min: -0.93% - Market Cap 5761 - Trading time: 00:09:44
07-09-2025 07:12:11.990 INFO Current price: 0.000000028159 - Current percentage: -0.86% - Max: 0.54% - Min: -0.93% - Market Cap 5681 - Trading time: 00:10:11
07-09-2025 07:12:35.933 INFO Current price: 0.000000027967 - Current percentage: -0.83% - Max: 0.54% - Min: -0.93% - Market Cap 5683 - Trading time: 00:10:35
07-09-2025 07:12:36.396 INFO Current price: 0.000000028062 - Current percentage: -0.18% - Max: 0.54% - Min: -0.93% - Market Cap 5720 - Trading time: 00:10:35
07-09-2025 07:12:36.666 INFO Current price: 0.000000028245 - Current percentage: 0.47% - Max: 0.54% - Min: -0.93% - Market Cap 5757 - Trading time: 00:10:36
07-09-2025 07:12:49.008 INFO Current price: 0.000000028154 - Current percentage: -0.83% - Max: 0.54% - Min: -0.93% - Market Cap 5683 - Trading time: 00:10:48
07-09-2025 07:20:07.042 INFO Current price: 0.000000027976 - Current percentage: -0.89% - Max: 0.54% - Min: -0.93% - Market Cap 5679 - Trading time: 00:18:06
07-09-2025 07:20:13.424 INFO Current price: 0.000000027985 - Current percentage: -0.86% - Max: 0.54% - Min: -0.93% - Market Cap 5681 - Trading time: 00:18:12
07-09-2025 07:20:25.461 INFO Current price: 0.000000027980 - Current percentage: -0.92% - Max: 0.54% - Min: -0.93% - Market Cap 5678 - Trading time: 00:18:25






07-09-2025 07:22:00.455 INFO {"type":"summary","reason":"max_window","startedAt":"2025-09-07T05:02:00.454Z","endedAt":"2025-09-07T05:22:00.455Z","durationSec":1200,"entryPrice":2.827992977893629e-8,"entryMarketCapSol":28.233227683319495,"entryMarketCapUsd":5730.498222883358,"minPct":-0.9264167270735115,"maxPct":0.5365383020438564,"buyCount":28,"sellCount":10,"tradeCount":38,"entryRecorded":true,"noPostThresholdTrades":false,"triggerAt":"2025-09-07T05:02:00.454Z","ageAtTriggerSec":29,"preTotalTrades":4,"preBuys":3,"preSells":1,"preUniqueTraders":3,"preEntryTotalTrades":4,"preEntryBuys":3,"preEntrySells":1,"preEntryUniqueTraders":3,"preEntryMinMcUsd":5731.47810963665,"preEntryMaxMcUsd":5944.004328518651,"thresholdMcSol":28.233227683319495,"thresholdMcUsd":5730.498222883358,"thresholdPrice":2.827992977893629e-8}
