08-09-2025 15:01:06.003 INFO Entry price: 0.000000031710433309 - Entry market cap: 6176 - Buys 1 - Sells 0 - Ratio: 1:0.00 - Min MarketCap: 7496 - Max MarketCap: 7496
08-09-2025 15:01:06.003 INFO Current price: 0.000000031710 - Current percentage: 0.00% - Max: 0.00% - Min: 0.00% - Market Cap 6176 - Trading time: 00:00:02
08-09-2025 15:01:14.769 INFO Current price: 0.000000028369 - Current percentage: -2.87% - Max: 0.00% - Min: -2.87% - Market Cap 5999 - Trading time: 00:00:10
08-09-2025 15:01:53.693 INFO Current price: 0.000000029240 - Current percentage: 6.23% - Max: 6.23% - Min: -2.87% - Market Cap 6561 - Trading time: 00:00:49
08-09-2025 15:01:53.695 INFO Current price: 0.000000032099 - Current percentage: 17.05% - Max: 17.05% - Min: -2.87% - Market Cap 7230 - Trading time: 00:00:49
08-09-2025 15:01:53.818 INFO Current price: 0.000000038169 - Current percentage: 50.21% - Max: 50.21% - Min: -2.87% - Market Cap 9278 - Trading time: 00:00:49
08-09-2025 15:01:53.997 INFO Current price: 0.000000043599 - Current percentage: 52.72% - Max: 52.72% - Min: -2.87% - Market Cap 9433 - Trading time: 00:00:49
08-09-2025 15:01:54.154 INFO Current price: 0.000000043986 - Current percentage: 52.89% - Max: 52.89% - Min: -2.87% - Market Cap 9443 - Trading time: 00:00:50
08-09-2025 15:01:54.154 INFO Current price: 0.000000044024 - Current percentage: 52.99% - Max: 52.99% - Min: -2.87% - Market Cap 9449 - Trading time: 00:00:50
08-09-2025 15:01:54.163 INFO Current price: 0.000000044048 - Current percentage: 53.05% - Max: 53.05% - Min: -2.87% - Market Cap 9453 - Trading time: 00:00:50
08-09-2025 15:01:54.165 INFO Current price: 0.000000044074 - Current percentage: 53.17% - Max: 53.17% - Min: -2.87% - Market Cap 9461 - Trading time: 00:00:50
08-09-2025 15:01:54.212 INFO Current price: 0.000000044101 - Current percentage: 53.24% - Max: 53.24% - Min: -2.87% - Market Cap 9465 - Trading time: 00:00:50
08-09-2025 15:01:54.363 INFO Current price: 0.000000044125 - Current percentage: 53.33% - Max: 53.33% - Min: -2.87% - Market Cap 9471 - Trading time: 00:00:50
08-09-2025 15:01:54.962 INFO Current price: 0.000000041762 - Current percentage: 37.28% - Max: 53.33% - Min: -2.87% - Market Cap 8479 - Trading time: 00:00:50
08-09-2025 15:01:54.963 INFO Current price: 0.000000037559 - Current percentage: 24.02% - Max: 53.33% - Min: -2.87% - Market Cap 7660 - Trading time: 00:00:50
08-09-2025 15:01:55.107 INFO Current price: 0.000000031855 - Current percentage: -1.25% - Max: 53.33% - Min: -2.87% - Market Cap 6099 - Trading time: 00:00:51
08-09-2025 15:01:55.170 INFO Current price: 0.000000028613 - Current percentage: 0.06% - Max: 53.33% - Min: -2.87% - Market Cap 6180 - Trading time: 00:00:51
08-09-2025 15:01:55.184 INFO Current price: 0.000000028802 - Current percentage: 0.06% - Max: 53.33% - Min: -2.87% - Market Cap 6180 - Trading time: 00:00:51
08-09-2025 15:01:55.185 INFO Current price: 0.000000028790 - Current percentage: -0.03% - Max: 53.33% - Min: -2.87% - Market Cap 6175 - Trading time: 00:00:51
08-09-2025 15:01:55.410 INFO Current price: 0.000000028778 - Current percentage: -0.02% - Max: 53.33% - Min: -2.87% - Market Cap 6175 - Trading time: 00:00:51
08-09-2025 15:01:55.412 INFO Current price: 0.000000028779 - Current percentage: -0.02% - Max: 53.33% - Min: -2.87% - Market Cap 6175 - Trading time: 00:00:51
08-09-2025 15:01:55.640 INFO Current price: 0.000000028787 - Current percentage: 0.03% - Max: 53.33% - Min: -2.87% - Market Cap 6178 - Trading time: 00:00:51
08-09-2025 15:01:55.643 INFO Current price: 0.000000028801 - Current percentage: 0.08% - Max: 53.33% - Min: -2.87% - Market Cap 6181 - Trading time: 00:00:51
08-09-2025 15:01:57.968 INFO Current price: 0.000000028946 - Current percentage: 1.04% - Max: 53.33% - Min: -2.87% - Market Cap 6241 - Trading time: 00:00:53
08-09-2025 15:01:58.162 INFO Current price: 0.000000028890 - Current percentage: -0.31% - Max: 53.33% - Min: -2.87% - Market Cap 6157 - Trading time: 00:00:54
08-09-2025 15:01:59.393 INFO Current price: 0.000000028693 - Current percentage: -0.33% - Max: 53.33% - Min: -2.87% - Market Cap 6156 - Trading time: 00:00:55
08-09-2025 15:01:59.395 INFO Current price: 0.000000028688 - Current percentage: -0.35% - Max: 53.33% - Min: -2.87% - Market Cap 6155 - Trading time: 00:00:55
08-09-2025 15:01:59.397 INFO Current price: 0.000000028682 - Current percentage: -0.37% - Max: 53.33% - Min: -2.87% - Market Cap 6154 - Trading time: 00:00:55
08-09-2025 15:01:59.614 INFO Current price: 0.000000028678 - Current percentage: -0.38% - Max: 53.33% - Min: -2.87% - Market Cap 6153 - Trading time: 00:00:55
08-09-2025 15:01:59.879 INFO Current price: 0.000000028675 - Current percentage: -0.39% - Max: 53.33% - Min: -2.87% - Market Cap 6152 - Trading time: 00:00:55
08-09-2025 15:01:59.881 INFO Current price: 0.000000028671 - Current percentage: -0.41% - Max: 53.33% - Min: -2.87% - Market Cap 6151 - Trading time: 00:00:55
08-09-2025 15:02:00.134 INFO Current price: 0.000000028666 - Current percentage: -0.42% - Max: 53.33% - Min: -2.87% - Market Cap 6150 - Trading time: 00:00:56
08-09-2025 15:02:00.539 INFO Current price: 0.000000028664 - Current percentage: -0.42% - Max: 53.33% - Min: -2.87% - Market Cap 6150 - Trading time: 00:00:56
08-09-2025 15:02:00.545 INFO Current price: 0.000000028663 - Current percentage: -0.42% - Max: 53.33% - Min: -2.87% - Market Cap 6150 - Trading time: 00:00:56
08-09-2025 15:02:01.443 INFO Current price: 0.000000028663 - Current percentage: -0.43% - Max: 53.33% - Min: -2.87% - Market Cap 6150 - Trading time: 00:00:57
08-09-2025 15:02:04.332 INFO Current price: 0.000000028660 - Current percentage: -0.45% - Max: 53.33% - Min: -2.87% - Market Cap 6149 - Trading time: 00:01:00
08-09-2025 15:02:04.335 INFO Current price: 0.000000028655 - Current percentage: -0.46% - Max: 53.33% - Min: -2.87% - Market Cap 6148 - Trading time: 00:01:00
08-09-2025 15:02:08.037 INFO Current price: 0.000000028652 - Current percentage: -0.46% - Max: 53.33% - Min: -2.87% - Market Cap 6148 - Trading time: 00:01:04
08-09-2025 15:02:08.042 INFO Current price: 0.000000028650 - Current percentage: -0.48% - Max: 53.33% - Min: -2.87% - Market Cap 6147 - Trading time: 00:01:04
08-09-2025 15:02:08.043 INFO Current price: 0.000000028645 - Current percentage: -0.49% - Max: 53.33% - Min: -2.87% - Market Cap 6146 - Trading time: 00:01:04
08-09-2025 15:02:08.044 INFO Current price: 0.000000028643 - Current percentage: -0.50% - Max: 53.33% - Min: -2.87% - Market Cap 6146 - Trading time: 00:01:04
08-09-2025 15:02:08.045 INFO Current price: 0.000000028641 - Current percentage: -0.51% - Max: 53.33% - Min: -2.87% - Market Cap 6145 - Trading time: 00:01:04
08-09-2025 15:02:08.051 INFO Current price: 0.000000028639 - Current percentage: -0.51% - Max: 53.33% - Min: -2.87% - Market Cap 6145 - Trading time: 00:01:04
08-09-2025 15:02:08.455 INFO Current price: 0.000000028637 - Current percentage: -0.52% - Max: 53.33% - Min: -2.87% - Market Cap 6144 - Trading time: 00:01:04
08-09-2025 15:02:08.459 INFO Current price: 0.000000028633 - Current percentage: -0.54% - Max: 53.33% - Min: -2.87% - Market Cap 6143 - Trading time: 00:01:04
08-09-2025 15:02:09.280 INFO Current price: 0.000000028628 - Current percentage: -0.56% - Max: 53.33% - Min: -2.87% - Market Cap 6142 - Trading time: 00:01:05
08-09-2025 15:02:09.281 INFO Current price: 0.000000028622 - Current percentage: -0.58% - Max: 53.33% - Min: -2.87% - Market Cap 6141 - Trading time: 00:01:05
08-09-2025 15:02:09.325 INFO Current price: 0.000000028617 - Current percentage: -0.59% - Max: 53.33% - Min: -2.87% - Market Cap 6140 - Trading time: 00:01:05
08-09-2025 15:02:09.327 INFO Current price: 0.000000028613 - Current percentage: -0.60% - Max: 53.33% - Min: -2.87% - Market Cap 6139 - Trading time: 00:01:05
08-09-2025 15:02:09.332 INFO Current price: 0.000000028610 - Current percentage: -0.62% - Max: 53.33% - Min: -2.87% - Market Cap 6138 - Trading time: 00:01:05
08-09-2025 15:02:09.885 INFO Current price: 0.000000028606 - Current percentage: -0.63% - Max: 53.33% - Min: -2.87% - Market Cap 6137 - Trading time: 00:01:05
08-09-2025 15:02:10.003 INFO Current price: 0.000000028601 - Current percentage: -0.65% - Max: 53.33% - Min: -2.87% - Market Cap 6136 - Trading time: 00:01:06
08-09-2025 15:02:10.534 INFO Current price: 0.000000028599 - Current percentage: -0.65% - Max: 53.33% - Min: -2.87% - Market Cap 6136 - Trading time: 00:01:06
08-09-2025 15:02:10.626 INFO Current price: 0.000000028599 - Current percentage: -0.65% - Max: 53.33% - Min: -2.87% - Market Cap 6136 - Trading time: 00:01:06
08-09-2025 15:02:11.455 INFO Current price: 0.000000028598 - Current percentage: -0.65% - Max: 53.33% - Min: -2.87% - Market Cap 6136 - Trading time: 00:01:07
08-09-2025 15:02:27.315 INFO Current price: 0.000000028462 - Current percentage: -1.59% - Max: 53.33% - Min: -2.87% - Market Cap 6078 - Trading time: 00:01:23
08-09-2025 15:02:27.503 INFO Current price: 0.000000028142 - Current percentage: -2.87% - Max: 53.33% - Min: -2.87% - Market Cap 5999 - Trading time: 00:01:23






08-09-2025 15:12:27.504 INFO {"type":"summary","reason":"inactivity","startedAt":"2025-09-08T13:01:03.999Z","endedAt":"2025-09-08T13:12:27.504Z","durationSec":683,"entryPrice":3.171043330941272e-8,"entryMarketCapSol":28.785374088408773,"entryMarketCapUsd":6176.47771814987,"minPct":-2.870835062403034,"maxPct":53.332389520628794,"buyCount":17,"sellCount":38,"tradeCount":55,"entryRecorded":true,"noPostThresholdTrades":false,"triggerAt":"2025-09-08T13:01:03.998Z","ageAtTriggerSec":null,"preTotalTrades":1,"preBuys":1,"preSells":0,"preUniqueTraders":1,"preEntryTotalTrades":1,"preEntryBuys":1,"preEntrySells":0,"preEntryUniqueTraders":1,"preEntryMinMcUsd":7495.514981478908,"preEntryMaxMcUsd":7495.514981478908,"thresholdMcSol":28.785374088408773,"thresholdMcUsd":6176.47771814987,"thresholdPrice":3.171043330941272e-8}
