07-09-2025 22:26:43.977 INFO Entry price: 0.000000031614721795 - Entry market cap: 6196 - Buys 2 - Sells 1 - Ratio: 1:0.50 - Min MarketCap: 5670 - Max MarketCap: 6636
07-09-2025 22:26:43.977 INFO Current price: 0.000000031615 - Current percentage: 0.00% - Max: 0.00% - Min: 0.00% - Market Cap 6196 - Trading time: 00:00:02
07-09-2025 22:26:44.622 INFO Current price: 0.000000028833 - Current percentage: -2.66% - Max: 0.00% - Min: -2.66% - Market Cap 6031 - Trading time: 00:00:02
07-09-2025 22:26:44.623 INFO Current price: 0.000000030713 - Current percentage: 3.84% - Max: 3.84% - Min: -2.66% - Market Cap 6434 - Trading time: 00:00:02
07-09-2025 22:26:46.123 INFO Current price: 0.000000031720 - Current percentage: 3.84% - Max: 3.84% - Min: -2.66% - Market Cap 6434 - Trading time: 00:00:04
07-09-2025 22:26:51.839 INFO Current price: 0.000000030730 - Current percentage: -2.55% - Max: 3.84% - Min: -2.66% - Market Cap 6037 - Trading time: 00:00:09
07-09-2025 22:26:51.841 INFO Current price: 0.000000028850 - Current percentage: -8.48% - Max: 3.84% - Min: -8.48% - Market Cap 5670 - Trading time: 00:00:09
07-09-2025 22:26:52.350 INFO Current price: 0.000000028006 - Current percentage: -8.17% - Max: 3.84% - Min: -8.48% - Market Cap 5689 - Trading time: 00:00:10
07-09-2025 22:26:53.128 INFO Current price: 0.000000029028 - Current percentage: -1.67% - Max: 3.84% - Min: -8.48% - Market Cap 6092 - Trading time: 00:00:11
07-09-2025 22:26:53.168 INFO Current price: 0.000000030917 - Current percentage: 4.17% - Max: 4.17% - Min: -8.48% - Market Cap 6454 - Trading time: 00:00:11
07-09-2025 22:26:53.172 INFO Current price: 0.000000032876 - Current percentage: 11.18% - Max: 11.18% - Min: -8.48% - Market Cap 6889 - Trading time: 00:00:11
07-09-2025 22:26:53.174 INFO Current price: 0.000000034085 - Current percentage: 11.97% - Max: 11.97% - Min: -8.48% - Market Cap 6937 - Trading time: 00:00:11
07-09-2025 22:26:53.176 INFO Current price: 0.000000034335 - Current percentage: 12.83% - Max: 12.83% - Min: -8.48% - Market Cap 6990 - Trading time: 00:00:11
07-09-2025 22:26:53.412 INFO Current price: 0.000000034472 - Current percentage: 12.86% - Max: 12.86% - Min: -8.48% - Market Cap 6992 - Trading time: 00:00:11
07-09-2025 22:26:53.758 INFO Current price: 0.000000034478 - Current percentage: 12.86% - Max: 12.86% - Min: -8.48% - Market Cap 6993 - Trading time: 00:00:11
07-09-2025 22:26:53.770 INFO Current price: 0.000000034479 - Current percentage: 12.87% - Max: 12.87% - Min: -8.48% - Market Cap 6993 - Trading time: 00:00:11
07-09-2025 22:26:53.776 INFO Current price: 0.000000034480 - Current percentage: 12.87% - Max: 12.87% - Min: -8.48% - Market Cap 6993 - Trading time: 00:00:11
07-09-2025 22:26:53.776 INFO Current price: 0.000000034480 - Current percentage: 12.87% - Max: 12.87% - Min: -8.48% - Market Cap 6993 - Trading time: 00:00:11
07-09-2025 22:26:53.783 INFO Current price: 0.000000034481 - Current percentage: 12.87% - Max: 12.87% - Min: -8.48% - Market Cap 6993 - Trading time: 00:00:11
07-09-2025 22:26:53.784 INFO Current price: 0.000000034482 - Current percentage: 12.88% - Max: 12.88% - Min: -8.48% - Market Cap 6993 - Trading time: 00:00:11
07-09-2025 22:26:53.784 INFO Current price: 0.000000034483 - Current percentage: 12.88% - Max: 12.88% - Min: -8.48% - Market Cap 6994 - Trading time: 00:00:11
07-09-2025 22:26:53.784 INFO Current price: 0.000000034484 - Current percentage: 12.88% - Max: 12.88% - Min: -8.48% - Market Cap 6994 - Trading time: 00:00:11
07-09-2025 22:26:54.222 INFO Current price: 0.000000034353 - Current percentage: 12.02% - Max: 12.88% - Min: -8.48% - Market Cap 6940 - Trading time: 00:00:12
07-09-2025 22:26:54.263 INFO Current price: 0.000000034102 - Current percentage: 11.24% - Max: 12.88% - Min: -8.48% - Market Cap 6892 - Trading time: 00:00:12
07-09-2025 22:26:54.278 INFO Current price: 0.000000033977 - Current percentage: 11.21% - Max: 12.88% - Min: -8.48% - Market Cap 6890 - Trading time: 00:00:12
07-09-2025 22:26:57.734 INFO Current price: 0.000000033419 - Current percentage: 7.61% - Max: 12.88% - Min: -8.48% - Market Cap 6667 - Trading time: 00:00:15
07-09-2025 22:26:58.318 INFO Current price: 0.000000032815 - Current percentage: 7.23% - Max: 12.88% - Min: -8.48% - Market Cap 6643 - Trading time: 00:00:16
07-09-2025 22:26:58.608 INFO Current price: 0.000000032756 - Current percentage: 7.22% - Max: 12.88% - Min: -8.48% - Market Cap 6643 - Trading time: 00:00:16
07-09-2025 22:26:58.670 INFO Current price: 0.000000032756 - Current percentage: 7.22% - Max: 12.88% - Min: -8.48% - Market Cap 6643 - Trading time: 00:00:16
07-09-2025 22:26:58.672 INFO Current price: 0.000000032755 - Current percentage: 7.22% - Max: 12.88% - Min: -8.48% - Market Cap 6643 - Trading time: 00:00:16
07-09-2025 22:26:58.674 INFO Current price: 0.000000032755 - Current percentage: 7.22% - Max: 12.88% - Min: -8.48% - Market Cap 6643 - Trading time: 00:00:16
07-09-2025 22:26:58.676 INFO Current price: 0.000000032755 - Current percentage: 7.22% - Max: 12.88% - Min: -8.48% - Market Cap 6643 - Trading time: 00:00:16
07-09-2025 22:26:58.888 INFO Current price: 0.000000032754 - Current percentage: 7.22% - Max: 12.88% - Min: -8.48% - Market Cap 6643 - Trading time: 00:00:16
07-09-2025 22:26:59.316 INFO Current price: 0.000000032754 - Current percentage: 7.22% - Max: 12.88% - Min: -8.48% - Market Cap 6643 - Trading time: 00:00:17
07-09-2025 22:26:59.646 INFO Current price: 0.000000032754 - Current percentage: 7.22% - Max: 12.88% - Min: -8.48% - Market Cap 6643 - Trading time: 00:00:17
07-09-2025 22:27:03.576 INFO Current price: 0.000000032754 - Current percentage: 7.22% - Max: 12.88% - Min: -8.48% - Market Cap 6643 - Trading time: 00:00:21
07-09-2025 22:27:03.664 INFO Current price: 0.000000032753 - Current percentage: 7.22% - Max: 12.88% - Min: -8.48% - Market Cap 6643 - Trading time: 00:00:21
07-09-2025 22:27:03.667 INFO Current price: 0.000000032753 - Current percentage: 7.22% - Max: 12.88% - Min: -8.48% - Market Cap 6643 - Trading time: 00:00:21
07-09-2025 22:27:03.669 INFO Current price: 0.000000032753 - Current percentage: 7.21% - Max: 12.88% - Min: -8.48% - Market Cap 6643 - Trading time: 00:00:21
07-09-2025 22:27:03.669 INFO Current price: 0.000000032753 - Current percentage: 7.21% - Max: 12.88% - Min: -8.48% - Market Cap 6643 - Trading time: 00:00:21
07-09-2025 22:27:03.671 INFO Current price: 0.000000032752 - Current percentage: 7.21% - Max: 12.88% - Min: -8.48% - Market Cap 6642 - Trading time: 00:00:21
07-09-2025 22:27:03.673 INFO Current price: 0.000000032228 - Current percentage: 3.81% - Max: 12.88% - Min: -8.48% - Market Cap 6432 - Trading time: 00:00:21
07-09-2025 22:27:03.707 INFO Current price: 0.000000031712 - Current percentage: 3.81% - Max: 12.88% - Min: -8.48% - Market Cap 6431 - Trading time: 00:00:21
07-09-2025 22:27:03.799 INFO Current price: 0.000000032682 - Current percentage: 10.26% - Max: 12.88% - Min: -8.48% - Market Cap 6831 - Trading time: 00:00:21
07-09-2025 22:27:03.803 INFO Current price: 0.000000033682 - Current percentage: 10.26% - Max: 12.88% - Min: -8.48% - Market Cap 6831 - Trading time: 00:00:21
07-09-2025 22:27:09.039 INFO Current price: 0.000000033682 - Current percentage: 10.26% - Max: 12.88% - Min: -8.48% - Market Cap 6831 - Trading time: 00:00:27
07-09-2025 22:27:09.040 INFO Current price: 0.000000033682 - Current percentage: 10.26% - Max: 12.88% - Min: -8.48% - Market Cap 6831 - Trading time: 00:00:27
07-09-2025 22:27:09.041 INFO Current price: 0.000000033681 - Current percentage: 10.25% - Max: 12.88% - Min: -8.48% - Market Cap 6831 - Trading time: 00:00:27
07-09-2025 22:27:09.043 INFO Current price: 0.000000033681 - Current percentage: 10.25% - Max: 12.88% - Min: -8.48% - Market Cap 6831 - Trading time: 00:00:27
07-09-2025 22:27:09.047 INFO Current price: 0.000000033681 - Current percentage: 10.25% - Max: 12.88% - Min: -8.48% - Market Cap 6831 - Trading time: 00:00:27
07-09-2025 22:27:09.047 INFO Current price: 0.000000033681 - Current percentage: 10.25% - Max: 12.88% - Min: -8.48% - Market Cap 6831 - Trading time: 00:00:27
07-09-2025 22:27:09.049 INFO Current price: 0.000000033680 - Current percentage: 10.25% - Max: 12.88% - Min: -8.48% - Market Cap 6831 - Trading time: 00:00:27
07-09-2025 22:27:09.051 INFO Current price: 0.000000033680 - Current percentage: 10.25% - Max: 12.88% - Min: -8.48% - Market Cap 6831 - Trading time: 00:00:27
07-09-2025 22:27:19.956 INFO Current price: 0.000000032680 - Current percentage: 3.80% - Max: 12.88% - Min: -8.48% - Market Cap 6431 - Trading time: 00:00:37
07-09-2025 22:29:06.226 INFO Current price: 0.000000030809 - Current percentage: -2.05% - Max: 12.88% - Min: -8.48% - Market Cap 6069 - Trading time: 00:02:24
07-09-2025 22:29:06.234 INFO Current price: 0.000000028930 - Current percentage: -8.51% - Max: 12.88% - Min: -8.51% - Market Cap 5668 - Trading time: 00:02:24






07-09-2025 22:39:06.236 INFO {"type":"summary","reason":"inactivity","startedAt":"2025-09-07T20:26:41.977Z","endedAt":"2025-09-07T20:39:06.236Z","durationSec":744,"entryPrice":3.1614721794967793e-8,"entryMarketCapSol":30.54870677482232,"entryMarketCapUsd":6195.583221001715,"minPct":-8.513427303771142,"maxPct":12.883987071145686,"buyCount":18,"sellCount":37,"tradeCount":55,"entryRecorded":true,"noPostThresholdTrades":false,"triggerAt":"2025-09-07T20:26:41.977Z","ageAtTriggerSec":3,"preTotalTrades":2,"preBuys":2,"preSells":0,"preUniqueTraders":2,"preEntryTotalTrades":3,"preEntryBuys":2,"preEntrySells":1,"preEntryUniqueTraders":2,"preEntryMinMcUsd":5670.36452383304,"preEntryMaxMcUsd":6635.524601920185,"thresholdMcSol":30.54870677482232,"thresholdMcUsd":6195.583221001715,"thresholdPrice":3.1614721794967793e-8}
