08-09-2025 19:32:53.232 INFO Entry price: 0.000000083309758713 - Entry market cap: 14691 - Buys 26 - Sells 13 - Ratio: 1:0.50 - Min MarketCap: 9765 - Max MarketCap: 22036
08-09-2025 19:32:53.232 INFO Current price: 0.000000083310 - Current percentage: 0.00% - Max: 0.00% - Min: 0.00% - Market Cap 14691 - Trading time: 00:00:02
08-09-2025 19:32:53.621 INFO Current price: 0.000000070773 - Current percentage: 4.26% - Max: 4.26% - Min: 0.00% - Market Cap 15316 - Trading time: 00:00:02
08-09-2025 19:32:53.721 INFO Current price: 0.000000075273 - Current percentage: 17.45% - Max: 17.45% - Min: 0.00% - Market Cap 17255 - Trading time: 00:00:02
08-09-2025 19:32:54.142 INFO Current price: 0.000000079894 - Current percentage: 17.45% - Max: 17.45% - Min: 0.00% - Market Cap 17255 - Trading time: 00:00:02
08-09-2025 19:32:54.347 INFO Current price: 0.000000075273 - Current percentage: 4.26% - Max: 17.45% - Min: 0.00% - Market Cap 15316 - Trading time: 00:00:03
08-09-2025 19:32:54.890 INFO Current price: 0.000000071064 - Current percentage: 4.69% - Max: 17.45% - Min: 0.00% - Market Cap 15379 - Trading time: 00:00:03
08-09-2025 19:32:55.218 INFO Current price: 0.000000071355 - Current percentage: 5.11% - Max: 17.45% - Min: 0.00% - Market Cap 15442 - Trading time: 00:00:03
08-09-2025 19:32:55.300 INFO Current price: 0.000000071865 - Current percentage: 6.19% - Max: 17.45% - Min: 0.00% - Market Cap 15600 - Trading time: 00:00:04
08-09-2025 19:32:55.302 INFO Current price: 0.000000072377 - Current percentage: 6.62% - Max: 17.45% - Min: 0.00% - Market Cap 15663 - Trading time: 00:00:04
08-09-2025 19:32:55.336 INFO Current price: 0.000000072525 - Current percentage: 6.62% - Max: 17.45% - Min: 0.00% - Market Cap 15664 - Trading time: 00:00:04
08-09-2025 19:32:55.379 INFO Current price: 0.000000072293 - Current percentage: 5.94% - Max: 17.45% - Min: 0.00% - Market Cap 15563 - Trading time: 00:00:04
08-09-2025 19:32:56.042 INFO Current price: 0.000000072072 - Current percentage: 5.97% - Max: 17.45% - Min: 0.00% - Market Cap 15568 - Trading time: 00:00:04
08-09-2025 19:32:56.705 INFO Current price: 0.000000072199 - Current percentage: 6.31% - Max: 17.45% - Min: 0.00% - Market Cap 15618 - Trading time: 00:00:05
08-09-2025 19:32:56.714 INFO Current price: 0.000000072411 - Current percentage: 6.59% - Max: 17.45% - Min: 0.00% - Market Cap 15660 - Trading time: 00:00:05
08-09-2025 19:32:56.715 INFO Current price: 0.000000072619 - Current percentage: 6.92% - Max: 17.45% - Min: 0.00% - Market Cap 15708 - Trading time: 00:00:05
08-09-2025 19:32:57.361 INFO Current price: 0.000000069697 - Current percentage: -1.81% - Max: 17.45% - Min: -1.81% - Market Cap 14425 - Trading time: 00:00:06
08-09-2025 19:32:57.417 INFO Current price: 0.000000066932 - Current percentage: -1.40% - Max: 17.45% - Min: -1.81% - Market Cap 14486 - Trading time: 00:00:06
08-09-2025 19:32:57.475 INFO Current price: 0.000000067087 - Current percentage: -1.35% - Max: 17.45% - Min: -1.81% - Market Cap 14492 - Trading time: 00:00:06
08-09-2025 19:32:57.689 INFO Current price: 0.000000070926 - Current percentage: 10.21% - Max: 17.45% - Min: -1.81% - Market Cap 16191 - Trading time: 00:00:06
08-09-2025 19:32:57.698 INFO Current price: 0.000000078387 - Current percentage: 20.49% - Max: 20.49% - Min: -1.81% - Market Cap 17701 - Trading time: 00:00:06
08-09-2025 19:32:58.201 INFO Current price: 0.000000083521 - Current percentage: 25.12% - Max: 25.12% - Min: -1.81% - Market Cap 18381 - Trading time: 00:00:06
08-09-2025 19:32:59.079 INFO Current price: 0.000000085222 - Current percentage: 25.45% - Max: 25.45% - Min: -1.81% - Market Cap 18430 - Trading time: 00:00:07
08-09-2025 19:32:59.082 INFO Current price: 0.000000085461 - Current percentage: 25.82% - Max: 25.82% - Min: -1.81% - Market Cap 18484 - Trading time: 00:00:07
08-09-2025 19:32:59.084 INFO Current price: 0.000000085700 - Current percentage: 26.15% - Max: 26.15% - Min: -1.81% - Market Cap 18533 - Trading time: 00:00:07
08-09-2025 19:32:59.278 INFO Current price: 0.000000085607 - Current percentage: 25.55% - Max: 26.15% - Min: -1.81% - Market Cap 18445 - Trading time: 00:00:08
08-09-2025 19:32:59.500 INFO Current price: 0.000000085882 - Current percentage: 26.96% - Max: 26.96% - Min: -1.81% - Market Cap 18652 - Trading time: 00:00:08
08-09-2025 19:32:59.546 INFO Current price: 0.000000086335 - Current percentage: 26.88% - Max: 26.96% - Min: -1.81% - Market Cap 18640 - Trading time: 00:00:08
08-09-2025 19:32:59.547 INFO Current price: 0.000000088946 - Current percentage: 34.75% - Max: 34.75% - Min: -1.81% - Market Cap 19796 - Trading time: 00:00:08
08-09-2025 19:32:59.549 INFO Current price: 0.000000093896 - Current percentage: 41.40% - Max: 41.40% - Min: -1.81% - Market Cap 20773 - Trading time: 00:00:08
08-09-2025 19:32:59.656 INFO Current price: 0.000000095954 - Current percentage: 40.73% - Max: 41.40% - Min: -1.81% - Market Cap 20674 - Trading time: 00:00:08
08-09-2025 19:32:59.930 INFO Current price: 0.000000094468 - Current percentage: 37.05% - Max: 41.40% - Min: -1.81% - Market Cap 20134 - Trading time: 00:00:08
08-09-2025 19:33:00.095 INFO Current price: 0.000000096554 - Current percentage: 47.01% - Max: 47.01% - Min: -1.81% - Market Cap 21597 - Trading time: 00:00:08
08-09-2025 19:33:00.141 INFO Current price: 0.000000100087 - Current percentage: 47.27% - Max: 47.27% - Min: -1.81% - Market Cap 21634 - Trading time: 00:00:08
08-09-2025 19:33:00.180 INFO Current price: 0.000000100153 - Current percentage: 47.20% - Max: 47.27% - Min: -1.81% - Market Cap 21625 - Trading time: 00:00:08
08-09-2025 19:33:00.685 INFO Current price: 0.000000100391 - Current percentage: 47.97% - Max: 47.97% - Min: -1.81% - Market Cap 21737 - Trading time: 00:00:09
08-09-2025 19:33:00.809 INFO Current price: 0.000000100681 - Current percentage: 48.06% - Max: 48.06% - Min: -1.81% - Market Cap 21751 - Trading time: 00:00:09
08-09-2025 19:33:00.859 INFO Current price: 0.000000101058 - Current percentage: 49.08% - Max: 49.08% - Min: -1.81% - Market Cap 21900 - Trading time: 00:00:09
08-09-2025 19:33:01.545 INFO Current price: 0.000000101752 - Current percentage: 50.10% - Max: 50.10% - Min: -1.81% - Market Cap 22051 - Trading time: 00:00:10
08-09-2025 19:33:01.672 INFO Current price: 0.000000101649 - Current percentage: 48.78% - Max: 50.10% - Min: -1.81% - Market Cap 21856 - Trading time: 00:00:10
08-09-2025 19:33:01.677 INFO Current price: 0.000000101373 - Current percentage: 49.29% - Max: 50.10% - Min: -1.81% - Market Cap 21931 - Trading time: 00:00:10
08-09-2025 19:33:01.849 INFO Current price: 0.000000101721 - Current percentage: 49.80% - Max: 50.10% - Min: -1.81% - Market Cap 22006 - Trading time: 00:00:10
08-09-2025 19:33:02.461 INFO Current price: 0.000000101892 - Current percentage: 49.79% - Max: 50.10% - Min: -1.81% - Market Cap 22005 - Trading time: 00:00:11
08-09-2025 19:33:02.940 INFO Current price: 0.000000103629 - Current percentage: 54.95% - Max: 54.95% - Min: -1.81% - Market Cap 22763 - Trading time: 00:00:11
08-09-2025 19:33:03.018 INFO Current price: 0.000000105430 - Current percentage: 55.04% - Max: 55.04% - Min: -1.81% - Market Cap 22777 - Trading time: 00:00:11
08-09-2025 19:33:03.087 INFO Current price: 0.000000107232 - Current percentage: 60.29% - Max: 60.29% - Min: -1.81% - Market Cap 23548 - Trading time: 00:00:11
08-09-2025 19:33:03.123 INFO Current price: 0.000000105031 - Current percentage: 48.74% - Max: 60.29% - Min: -1.81% - Market Cap 21851 - Trading time: 00:00:11
08-09-2025 19:33:03.126 INFO Current price: 0.000000097418 - Current percentage: 37.90% - Max: 60.29% - Min: -1.81% - Market Cap 20258 - Trading time: 00:00:11
08-09-2025 19:33:03.129 INFO Current price: 0.000000090762 - Current percentage: 29.11% - Max: 60.29% - Min: -1.81% - Market Cap 18967 - Trading time: 00:00:11
08-09-2025 19:33:03.178 INFO Current price: 0.000000088018 - Current percentage: 29.68% - Max: 60.29% - Min: -1.81% - Market Cap 19051 - Trading time: 00:00:11
08-09-2025 19:33:03.592 INFO Current price: 0.000000087876 - Current percentage: 28.69% - Max: 60.29% - Min: -1.81% - Market Cap 18906 - Trading time: 00:00:12
08-09-2025 19:33:03.595 INFO Current price: 0.000000087214 - Current percentage: 27.74% - Max: 60.29% - Min: -1.81% - Market Cap 18765 - Trading time: 00:00:12
08-09-2025 19:33:03.596 INFO Current price: 0.000000086230 - Current percentage: 25.81% - Max: 60.29% - Min: -1.81% - Market Cap 18482 - Trading time: 00:00:12
08-09-2025 19:33:03.597 INFO Current price: 0.000000084906 - Current percentage: 23.84% - Max: 60.29% - Min: -1.81% - Market Cap 18194 - Trading time: 00:00:12
08-09-2025 19:33:03.759 INFO Current price: 0.000000084558 - Current percentage: 24.78% - Max: 60.29% - Min: -1.81% - Market Cap 18330 - Trading time: 00:00:12
08-09-2025 19:33:03.857 INFO Current price: 0.000000079610 - Current percentage: 9.77% - Max: 60.29% - Min: -1.81% - Market Cap 16127 - Trading time: 00:00:12
08-09-2025 19:33:03.859 INFO Current price: 0.000000077044 - Current percentage: 16.86% - Max: 60.29% - Min: -1.81% - Market Cap 17168 - Trading time: 00:00:12
08-09-2025 19:33:03.868 INFO Current price: 0.000000081654 - Current percentage: 23.30% - Max: 60.29% - Min: -1.81% - Market Cap 18114 - Trading time: 00:00:12
08-09-2025 19:33:03.942 INFO Current price: 0.000000084192 - Current percentage: 24.24% - Max: 60.29% - Min: -1.81% - Market Cap 18252 - Trading time: 00:00:12
08-09-2025 19:33:03.980 INFO Current price: 0.000000085304 - Current percentage: 26.58% - Max: 60.29% - Min: -1.81% - Market Cap 18596 - Trading time: 00:00:12
08-09-2025 19:33:04.027 INFO Current price: 0.000000086127 - Current percentage: 26.58% - Max: 60.29% - Min: -1.81% - Market Cap 18596 - Trading time: 00:00:12
08-09-2025 19:33:04.285 INFO Current price: 0.000000086264 - Current percentage: 27.05% - Max: 60.29% - Min: -1.81% - Market Cap 18665 - Trading time: 00:00:13
08-09-2025 19:33:04.354 INFO Current price: 0.000000086584 - Current percentage: 27.52% - Max: 60.29% - Min: -1.81% - Market Cap 18734 - Trading time: 00:00:13
08-09-2025 19:33:04.566 INFO Current price: 0.000000088350 - Current percentage: 32.29% - Max: 60.29% - Min: -1.81% - Market Cap 19434 - Trading time: 00:00:13
08-09-2025 19:33:04.628 INFO Current price: 0.000000090230 - Current percentage: 33.01% - Max: 60.29% - Min: -1.81% - Market Cap 19540 - Trading time: 00:00:13
08-09-2025 19:33:04.895 INFO Current price: 0.000000089845 - Current percentage: 31.16% - Max: 60.29% - Min: -1.81% - Market Cap 19269 - Trading time: 00:00:13
08-09-2025 19:33:04.897 INFO Current price: 0.000000088577 - Current percentage: 29.28% - Max: 60.29% - Min: -1.81% - Market Cap 18992 - Trading time: 00:00:13
08-09-2025 19:33:04.901 INFO Current price: 0.000000082599 - Current percentage: 14.06% - Max: 60.29% - Min: -1.81% - Market Cap 16756 - Trading time: 00:00:13
08-09-2025 19:33:05.212 INFO Current price: 0.000000077082 - Current percentage: 12.59% - Max: 60.29% - Min: -1.81% - Market Cap 16540 - Trading time: 00:00:13
08-09-2025 19:33:05.255 INFO Current price: 0.000000076074 - Current percentage: 11.09% - Max: 60.29% - Min: -1.81% - Market Cap 16320 - Trading time: 00:00:14
08-09-2025 19:33:05.678 INFO Current price: 0.000000075549 - Current percentage: 11.04% - Max: 60.29% - Min: -1.81% - Market Cap 16313 - Trading time: 00:00:14
08-09-2025 19:33:05.709 INFO Current price: 0.000000073937 - Current percentage: 6.40% - Max: 60.29% - Min: -1.81% - Market Cap 15631 - Trading time: 00:00:14
08-09-2025 19:33:05.711 INFO Current price: 0.000000070462 - Current percentage: 0.85% - Max: 60.29% - Min: -1.81% - Market Cap 14815 - Trading time: 00:00:14
08-09-2025 19:33:06.011 INFO Current price: 0.000000070514 - Current percentage: 6.56% - Max: 60.29% - Min: -1.81% - Market Cap 15654 - Trading time: 00:00:14
08-09-2025 19:33:06.012 INFO Current price: 0.000000074183 - Current percentage: 11.61% - Max: 60.29% - Min: -1.81% - Market Cap 16397 - Trading time: 00:00:14
08-09-2025 19:33:06.056 INFO Current price: 0.000000075767 - Current percentage: 11.16% - Max: 60.29% - Min: -1.81% - Market Cap 16330 - Trading time: 00:00:14
08-09-2025 19:33:06.278 INFO Current price: 0.000000076062 - Current percentage: 12.48% - Max: 60.29% - Min: -1.81% - Market Cap 16525 - Trading time: 00:00:15
08-09-2025 19:33:06.864 INFO Current price: 0.000000077268 - Current percentage: 14.71% - Max: 60.29% - Min: -1.81% - Market Cap 16852 - Trading time: 00:00:15
08-09-2025 19:33:06.982 INFO Current price: 0.000000074163 - Current percentage: 3.63% - Max: 60.29% - Min: -1.81% - Market Cap 15223 - Trading time: 00:00:15
08-09-2025 19:33:07.040 INFO Current price: 0.000000069288 - Current percentage: 0.13% - Max: 60.29% - Min: -1.81% - Market Cap 14709 - Trading time: 00:00:15
08-09-2025 19:33:07.043 INFO Current price: 0.000000064119 - Current percentage: -11.26% - Max: 60.29% - Min: -11.26% - Market Cap 13037 - Trading time: 00:00:15
08-09-2025 19:33:07.046 INFO Current price: 0.000000057615 - Current percentage: -19.16% - Max: 60.29% - Min: -19.16% - Market Cap 11877 - Trading time: 00:00:15
08-09-2025 19:33:07.052 INFO Current price: 0.000000052431 - Current percentage: -26.51% - Max: 60.29% - Min: -26.51% - Market Cap 10796 - Trading time: 00:00:15
08-09-2025 19:33:07.055 INFO Current price: 0.000000048272 - Current percentage: -31.47% - Max: 60.29% - Min: -31.47% - Market Cap 10067 - Trading time: 00:00:15
08-09-2025 19:33:07.174 INFO Current price: 0.000000045475 - Current percentage: -34.78% - Max: 60.29% - Min: -34.78% - Market Cap 9581 - Trading time: 00:00:15
08-09-2025 19:33:07.187 INFO Current price: 0.000000043324 - Current percentage: -37.80% - Max: 60.29% - Min: -37.80% - Market Cap 9137 - Trading time: 00:00:15
08-09-2025 19:33:07.768 INFO Current price: 0.000000042216 - Current percentage: -38.07% - Max: 60.29% - Min: -38.07% - Market Cap 9097 - Trading time: 00:00:16
08-09-2025 19:33:07.899 INFO Current price: 0.000000042179 - Current percentage: -37.91% - Max: 60.29% - Min: -38.07% - Market Cap 9121 - Trading time: 00:00:16
08-09-2025 19:33:08.730 INFO Current price: 0.000000041959 - Current percentage: -38.72% - Max: 60.29% - Min: -38.72% - Market Cap 9003 - Trading time: 00:00:17
08-09-2025 19:33:09.000 INFO Current price: 0.000000040974 - Current percentage: -40.79% - Max: 60.29% - Min: -40.79% - Market Cap 8698 - Trading time: 00:00:17
08-09-2025 19:33:09.101 INFO Current price: 0.000000039453 - Current percentage: -43.18% - Max: 60.29% - Min: -43.18% - Market Cap 8347 - Trading time: 00:00:17
08-09-2025 19:33:09.227 INFO Current price: 0.000000037920 - Current percentage: -45.30% - Max: 60.29% - Min: -45.30% - Market Cap 8035 - Trading time: 00:00:17
08-09-2025 19:33:09.300 INFO Current price: 0.000000036640 - Current percentage: -46.95% - Max: 60.29% - Min: -46.95% - Market Cap 7793 - Trading time: 00:00:18
08-09-2025 19:33:09.301 INFO Current price: 0.000000035526 - Current percentage: -48.58% - Max: 60.29% - Min: -48.58% - Market Cap 7554 - Trading time: 00:00:18
08-09-2025 19:33:09.353 INFO Current price: 0.000000033643 - Current percentage: -52.43% - Max: 60.29% - Min: -52.43% - Market Cap 6989 - Trading time: 00:00:18
08-09-2025 19:33:09.353 INFO Current price: 0.000000031271 - Current percentage: -55.58% - Max: 60.29% - Min: -55.58% - Market Cap 6526 - Trading time: 00:00:18
08-09-2025 19:33:09.355 INFO Current price: 0.000000029898 - Current percentage: -56.51% - Max: 60.29% - Min: -56.51% - Market Cap 6388 - Trading time: 00:00:18
08-09-2025 19:33:09.984 INFO Current price: 0.000000029515 - Current percentage: -56.71% - Max: 60.29% - Min: -56.71% - Market Cap 6360 - Trading time: 00:00:18
08-09-2025 19:33:10.105 INFO Current price: 0.000000029273 - Current percentage: -57.23% - Max: 60.29% - Min: -57.23% - Market Cap 6284 - Trading time: 00:00:18
08-09-2025 19:33:10.279 INFO Current price: 0.000000029056 - Current percentage: -57.34% - Max: 60.29% - Min: -57.34% - Market Cap 6267 - Trading time: 00:00:19
08-09-2025 19:33:10.587 INFO Current price: 0.000000028971 - Current percentage: -57.47% - Max: 60.29% - Min: -57.47% - Market Cap 6247 - Trading time: 00:00:19
08-09-2025 19:33:10.747 INFO Current price: 0.000000028895 - Current percentage: -57.57% - Max: 60.29% - Min: -57.57% - Market Cap 6234 - Trading time: 00:00:19
08-09-2025 19:33:11.101 INFO Current price: 0.000000029188 - Current percentage: -56.61% - Max: 60.29% - Min: -57.57% - Market Cap 6375 - Trading time: 00:00:19
08-09-2025 19:33:11.163 INFO Current price: 0.000000029563 - Current percentage: -56.47% - Max: 60.29% - Min: -57.57% - Market Cap 6395 - Trading time: 00:00:19
08-09-2025 19:33:11.535 INFO Current price: 0.000000029584 - Current percentage: -56.55% - Max: 60.29% - Min: -57.57% - Market Cap 6384 - Trading time: 00:00:20
08-09-2025 19:33:11.807 INFO Current price: 0.000000029492 - Current percentage: -56.74% - Max: 60.29% - Min: -57.57% - Market Cap 6355 - Trading time: 00:00:20
08-09-2025 19:33:12.883 INFO Current price: 0.000000029387 - Current percentage: -56.85% - Max: 60.29% - Min: -57.57% - Market Cap 6338 - Trading time: 00:00:21
08-09-2025 19:33:13.706 INFO Current price: 0.000000029339 - Current percentage: -56.88% - Max: 60.29% - Min: -57.57% - Market Cap 6334 - Trading time: 00:00:22
08-09-2025 19:33:14.871 INFO Current price: 0.000000029222 - Current percentage: -57.20% - Max: 60.29% - Min: -57.57% - Market Cap 6288 - Trading time: 00:00:23
08-09-2025 19:33:15.487 INFO Current price: 0.000000029083 - Current percentage: -57.29% - Max: 60.29% - Min: -57.57% - Market Cap 6274 - Trading time: 00:00:24
08-09-2025 19:33:16.020 INFO Current price: 0.000000029020 - Current percentage: -57.38% - Max: 60.29% - Min: -57.57% - Market Cap 6261 - Trading time: 00:00:24
08-09-2025 19:33:17.199 INFO Current price: 0.000000028975 - Current percentage: -57.42% - Max: 60.29% - Min: -57.57% - Market Cap 6255 - Trading time: 00:00:25
08-09-2025 19:33:17.964 INFO Current price: 0.000000028868 - Current percentage: -57.70% - Max: 60.29% - Min: -57.70% - Market Cap 6214 - Trading time: 00:00:26
08-09-2025 19:33:19.223 INFO Current price: 0.000000028722 - Current percentage: -57.85% - Max: 60.29% - Min: -57.85% - Market Cap 6192 - Trading time: 00:00:27
08-09-2025 19:33:27.531 INFO Current price: 0.000000028356 - Current percentage: -58.77% - Max: 60.29% - Min: -58.77% - Market Cap 6057 - Trading time: 00:00:36
08-09-2025 19:33:49.781 INFO Current price: 0.000000028002 - Current percentage: -58.90% - Max: 60.29% - Min: -58.90% - Market Cap 6038 - Trading time: 00:00:58






08-09-2025 19:43:49.781 INFO {"type":"summary","reason":"inactivity","startedAt":"2025-09-08T17:32:51.231Z","endedAt":"2025-09-08T17:43:49.781Z","durationSec":658,"entryPrice":8.330975871295436e-8,"entryMarketCapSol":68.02209292878523,"entryMarketCapUsd":14690.731409829745,"minPct":-58.897187263105636,"maxPct":60.2886172706138,"buyCount":61,"sellCount":67,"tradeCount":128,"entryRecorded":true,"noPostThresholdTrades":false,"triggerAt":"2025-09-08T17:32:51.231Z","ageAtTriggerSec":9,"preTotalTrades":25,"preBuys":16,"preSells":9,"preUniqueTraders":13,"preEntryTotalTrades":39,"preEntryBuys":26,"preEntrySells":13,"preEntryUniqueTraders":25,"preEntryMinMcUsd":9765.013714722918,"preEntryMaxMcUsd":22036.12317309057,"thresholdMcSol":68.02209292878523,"thresholdMcUsd":14690.731409829745,"thresholdPrice":8.330975871295436e-8}
