08-09-2025 06:23:13.783 INFO Entry price: 0.000000032545083607 - Entry market cap: 6413 - Buys 11 - Sells 4 - Ratio: 1:0.36 - Min MarketCap: 6007 - Max MarketCap: 7386
08-09-2025 06:23:13.783 INFO Current price: 0.000000032545 - Current percentage: 0.00% - Max: 0.00% - Min: 0.00% - Market Cap 6413 - Trading time: 00:00:02
08-09-2025 06:23:15.835 INFO Current price: 0.000000028987 - Current percentage: -6.27% - Max: 0.00% - Min: -6.27% - Market Cap 6011 - Trading time: 00:00:04
08-09-2025 06:23:25.272 INFO Current price: 0.000000029249 - Current percentage: -4.62% - Max: 0.00% - Min: -6.27% - Market Cap 6116 - Trading time: 00:00:13
08-09-2025 06:23:25.400 INFO Current price: 0.000000030071 - Current percentage: -0.92% - Max: 0.00% - Min: -6.27% - Market Cap 6354 - Trading time: 00:00:13
08-09-2025 06:23:25.403 INFO Current price: 0.000000030771 - Current percentage: -0.13% - Max: 0.00% - Min: -6.27% - Market Cap 6404 - Trading time: 00:00:13
08-09-2025 06:23:26.652 INFO Current price: 0.000000030893 - Current percentage: -0.13% - Max: 0.00% - Min: -6.27% - Market Cap 6405 - Trading time: 00:00:14
08-09-2025 06:23:26.734 INFO Current price: 0.000000031109 - Current percentage: 1.27% - Max: 1.27% - Min: -6.27% - Market Cap 6494 - Trading time: 00:00:14
08-09-2025 06:23:27.892 INFO Current price: 0.000000031534 - Current percentage: 2.61% - Max: 2.61% - Min: -6.27% - Market Cap 6581 - Trading time: 00:00:16
08-09-2025 06:23:29.737 INFO Current price: 0.000000032724 - Current percentage: 9.05% - Max: 9.05% - Min: -6.27% - Market Cap 6994 - Trading time: 00:00:17
08-09-2025 06:23:31.888 INFO Current price: 0.000000034736 - Current percentage: 15.62% - Max: 15.62% - Min: -6.27% - Market Cap 7415 - Trading time: 00:00:20
08-09-2025 06:23:32.426 INFO Current price: 0.000000035787 - Current percentage: 15.75% - Max: 15.75% - Min: -6.27% - Market Cap 7423 - Trading time: 00:00:20
08-09-2025 06:23:32.543 INFO Current price: 0.000000036051 - Current percentage: 17.33% - Max: 17.33% - Min: -6.27% - Market Cap 7525 - Trading time: 00:00:20
08-09-2025 06:23:32.567 INFO Current price: 0.000000036793 - Current percentage: 20.57% - Max: 20.57% - Min: -6.27% - Market Cap 7732 - Trading time: 00:00:20
08-09-2025 06:23:32.617 INFO Current price: 0.000000037318 - Current percentage: 20.71% - Max: 20.71% - Min: -6.27% - Market Cap 7741 - Trading time: 00:00:20
08-09-2025 06:23:32.715 INFO Current price: 0.000000037339 - Current percentage: 20.71% - Max: 20.71% - Min: -6.27% - Market Cap 7741 - Trading time: 00:00:20
08-09-2025 06:23:36.609 INFO Current price: 0.000000037177 - Current percentage: 19.66% - Max: 20.71% - Min: -6.27% - Market Cap 7674 - Trading time: 00:00:24
08-09-2025 06:23:38.124 INFO Current price: 0.000000035855 - Current percentage: 12.27% - Max: 20.71% - Min: -6.27% - Market Cap 7200 - Trading time: 00:00:26
08-09-2025 06:23:38.270 INFO Current price: 0.000000034712 - Current percentage: 12.15% - Max: 20.71% - Min: -6.27% - Market Cap 7192 - Trading time: 00:00:26
08-09-2025 06:23:38.623 INFO Current price: 0.000000034639 - Current percentage: 11.80% - Max: 20.71% - Min: -6.27% - Market Cap 7170 - Trading time: 00:00:26
08-09-2025 06:23:38.680 INFO Current price: 0.000000034435 - Current percentage: 10.84% - Max: 20.71% - Min: -6.27% - Market Cap 7108 - Trading time: 00:00:26
08-09-2025 06:23:40.987 INFO Current price: 0.000000034791 - Current percentage: 14.12% - Max: 20.71% - Min: -6.27% - Market Cap 7319 - Trading time: 00:00:29
08-09-2025 06:23:40.989 INFO Current price: 0.000000035815 - Current percentage: 17.46% - Max: 20.71% - Min: -6.27% - Market Cap 7532 - Trading time: 00:00:29
08-09-2025 06:23:42.914 INFO Current price: 0.000000035850 - Current percentage: 14.35% - Max: 20.71% - Min: -6.27% - Market Cap 7333 - Trading time: 00:00:31
08-09-2025 06:23:47.828 INFO Current price: 0.000000035377 - Current percentage: 14.35% - Max: 20.71% - Min: -6.27% - Market Cap 7333 - Trading time: 00:00:36
08-09-2025 06:23:49.900 INFO Current price: 0.000000035786 - Current percentage: 17.04% - Max: 20.71% - Min: -6.27% - Market Cap 7506 - Trading time: 00:00:38
08-09-2025 06:23:52.789 INFO Current price: 0.000000035961 - Current percentage: 15.47% - Max: 20.71% - Min: -6.27% - Market Cap 7405 - Trading time: 00:00:41
08-09-2025 06:23:56.025 INFO Current price: 0.000000035283 - Current percentage: 12.67% - Max: 20.71% - Min: -6.27% - Market Cap 7225 - Trading time: 00:00:44
08-09-2025 06:23:56.025 INFO Current price: 0.000000034381 - Current percentage: 9.64% - Max: 20.71% - Min: -6.27% - Market Cap 7031 - Trading time: 00:00:44
08-09-2025 06:23:56.126 INFO Current price: 0.000000033244 - Current percentage: 5.34% - Max: 20.71% - Min: -6.27% - Market Cap 6755 - Trading time: 00:00:44
08-09-2025 06:23:56.219 INFO Current price: 0.000000032228 - Current percentage: 3.05% - Max: 20.71% - Min: -6.27% - Market Cap 6608 - Trading time: 00:00:44
08-09-2025 06:24:04.020 INFO Current price: 0.000000031973 - Current percentage: 3.68% - Max: 20.71% - Min: -6.27% - Market Cap 6649 - Trading time: 00:00:52
08-09-2025 06:24:17.174 INFO Current price: 0.000000032169 - Current percentage: 4.31% - Max: 20.71% - Min: -6.27% - Market Cap 6689 - Trading time: 00:01:05
08-09-2025 06:24:34.086 INFO Current price: 0.000000032364 - Current percentage: 4.94% - Max: 20.71% - Min: -6.27% - Market Cap 6730 - Trading time: 00:01:22
08-09-2025 06:24:46.534 INFO Current price: 0.000000032958 - Current percentage: 8.17% - Max: 20.71% - Min: -6.27% - Market Cap 6937 - Trading time: 00:01:34
08-09-2025 06:24:52.394 INFO Current price: 0.000000034043 - Current percentage: 11.31% - Max: 20.71% - Min: -6.27% - Market Cap 7138 - Trading time: 00:01:40
08-09-2025 06:24:52.520 INFO Current price: 0.000000034576 - Current percentage: 12.24% - Max: 20.71% - Min: -6.27% - Market Cap 7198 - Trading time: 00:01:40
08-09-2025 06:24:52.585 INFO Current price: 0.000000034723 - Current percentage: 12.26% - Max: 20.71% - Min: -6.27% - Market Cap 7199 - Trading time: 00:01:40
08-09-2025 06:25:13.561 INFO Current price: 0.000000034193 - Current percentage: 8.84% - Max: 20.71% - Min: -6.27% - Market Cap 6980 - Trading time: 00:02:01
08-09-2025 06:25:13.815 INFO Current price: 0.000000033667 - Current percentage: 8.83% - Max: 20.71% - Min: -6.27% - Market Cap 6979 - Trading time: 00:02:02
08-09-2025 06:25:18.329 INFO Current price: 0.000000033100 - Current percentage: 5.20% - Max: 20.71% - Min: -6.27% - Market Cap 6747 - Trading time: 00:02:06
08-09-2025 06:25:18.346 INFO Current price: 0.000000031994 - Current percentage: 1.68% - Max: 20.71% - Min: -6.27% - Market Cap 6521 - Trading time: 00:02:06
08-09-2025 06:25:18.351 INFO Current price: 0.000000030602 - Current percentage: -3.75% - Max: 20.71% - Min: -6.27% - Market Cap 6172 - Trading time: 00:02:06
08-09-2025 06:25:29.168 INFO Current price: 0.000000029868 - Current percentage: -3.14% - Max: 20.71% - Min: -6.27% - Market Cap 6211 - Trading time: 00:02:17
08-09-2025 06:25:29.588 INFO Current price: 0.000000029946 - Current percentage: -3.25% - Max: 20.71% - Min: -6.27% - Market Cap 6205 - Trading time: 00:02:17
08-09-2025 06:28:00.781 INFO Current price: 0.000000029764 - Current percentage: -3.54% - Max: 20.71% - Min: -6.27% - Market Cap 6186 - Trading time: 00:04:48
08-09-2025 06:29:00.203 INFO Current price: 0.000000029764 - Current percentage: -3.54% - Max: 20.71% - Min: -6.27% - Market Cap 6186 - Trading time: 00:05:48
08-09-2025 06:30:12.346 INFO Current price: 0.000000029451 - Current percentage: -5.55% - Max: 20.71% - Min: -6.27% - Market Cap 6057 - Trading time: 00:07:00
08-09-2025 06:35:08.062 INFO Current price: 0.000000029059 - Current percentage: -6.09% - Max: 20.71% - Min: -6.27% - Market Cap 6022 - Trading time: 00:11:56
08-09-2025 06:37:14.022 INFO Current price: 0.000000028886 - Current percentage: -6.67% - Max: 20.71% - Min: -6.67% - Market Cap 5985 - Trading time: 00:14:02
08-09-2025 06:39:52.669 INFO Current price: 0.000000028686 - Current percentage: -7.25% - Max: 20.71% - Min: -7.25% - Market Cap 5948 - Trading time: 00:16:40






08-09-2025 06:43:11.782 INFO {"type":"summary","reason":"max_window","startedAt":"2025-09-08T04:23:11.782Z","endedAt":"2025-09-08T04:43:11.782Z","durationSec":1200,"entryPrice":3.254508360747022e-8,"entryMarketCapSol":30.934124174087167,"entryMarketCapUsd":6412.95328253001,"minPct":-7.2502731750769644,"maxPct":20.705382365125242,"buyCount":25,"sellCount":26,"tradeCount":51,"entryRecorded":true,"noPostThresholdTrades":false,"triggerAt":"2025-09-08T04:23:11.781Z","ageAtTriggerSec":72,"preTotalTrades":13,"preBuys":11,"preSells":2,"preUniqueTraders":11,"preEntryTotalTrades":15,"preEntryBuys":11,"preEntrySells":4,"preEntryUniqueTraders":11,"preEntryMinMcUsd":6007.273244129345,"preEntryMaxMcUsd":7385.69020839985,"thresholdMcSol":30.934124174087167,"thresholdMcUsd":6412.95328253001,"thresholdPrice":3.254508360747022e-8}
