07-09-2025 01:51:37.016 INFO Entry price: 0.000000037883300921 - Entry market cap: 6826 - Buys 7 - Sells 6 - Ratio: 1:0.86 - Min MarketCap: 6843 - Max MarketCap: 8672
07-09-2025 01:51:37.016 INFO Current price: 0.000000037883 - Current percentage: 0.00% - Max: 0.00% - Min: 0.00% - Market Cap 6826 - Trading time: 00:00:02
07-09-2025 01:51:37.351 INFO Current price: 0.000000030875 - Current percentage: -17.93% - Max: 0.00% - Min: -17.93% - Market Cap 5602 - Trading time: 00:00:02
07-09-2025 01:51:37.888 INFO Current price: 0.000000029364 - Current percentage: -9.55% - Max: 0.00% - Min: -17.93% - Market Cap 6174 - Trading time: 00:00:02
07-09-2025 01:51:37.891 INFO Current price: 0.000000032235 - Current percentage: -1.10% - Max: 0.00% - Min: -17.93% - Market Cap 6751 - Trading time: 00:00:02
07-09-2025 01:51:37.943 INFO Current price: 0.000000035844 - Current percentage: 11.84% - Max: 11.84% - Min: -17.93% - Market Cap 7634 - Trading time: 00:00:02
07-09-2025 01:51:38.282 INFO Current price: 0.000000038121 - Current percentage: 11.87% - Max: 11.87% - Min: -17.93% - Market Cap 7636 - Trading time: 00:00:03
07-09-2025 01:51:38.330 INFO Current price: 0.000000038126 - Current percentage: 11.87% - Max: 11.87% - Min: -17.93% - Market Cap 7636 - Trading time: 00:00:03
07-09-2025 01:51:38.525 INFO Current price: 0.000000038127 - Current percentage: 11.87% - Max: 11.87% - Min: -17.93% - Market Cap 7637 - Trading time: 00:00:03
07-09-2025 01:51:39.333 INFO Current price: 0.000000038139 - Current percentage: 11.94% - Max: 11.94% - Min: -17.93% - Market Cap 7641 - Trading time: 00:00:04
07-09-2025 01:51:40.306 INFO Current price: 0.000000038253 - Current percentage: 12.54% - Max: 12.54% - Min: -17.93% - Market Cap 7682 - Trading time: 00:00:05
07-09-2025 01:51:40.306 INFO Current price: 0.000000038466 - Current percentage: 13.19% - Max: 13.19% - Min: -17.93% - Market Cap 7726 - Trading time: 00:00:05
07-09-2025 01:51:40.307 INFO Current price: 0.000000038577 - Current percentage: 13.19% - Max: 13.19% - Min: -17.93% - Market Cap 7727 - Trading time: 00:00:05
07-09-2025 01:51:40.625 INFO Current price: 0.000000038582 - Current percentage: 13.22% - Max: 13.22% - Min: -17.93% - Market Cap 7728 - Trading time: 00:00:05
07-09-2025 01:51:40.626 INFO Current price: 0.000000038576 - Current percentage: 13.22% - Max: 13.22% - Min: -17.93% - Market Cap 7728 - Trading time: 00:00:05
07-09-2025 01:51:41.326 INFO Current price: 0.000000039496 - Current percentage: 18.62% - Max: 18.62% - Min: -17.93% - Market Cap 8097 - Trading time: 00:00:06
07-09-2025 01:51:41.521 INFO Current price: 0.000000041548 - Current percentage: 25.29% - Max: 25.29% - Min: -17.93% - Market Cap 8552 - Trading time: 00:00:06
07-09-2025 01:51:43.184 INFO Current price: 0.000000042814 - Current percentage: 25.96% - Max: 25.96% - Min: -17.93% - Market Cap 8598 - Trading time: 00:00:08
07-09-2025 01:51:43.673 INFO Current price: 0.000000042928 - Current percentage: 25.96% - Max: 25.96% - Min: -17.93% - Market Cap 8598 - Trading time: 00:00:08
07-09-2025 01:51:43.748 INFO Current price: 0.000000042927 - Current percentage: 25.96% - Max: 25.96% - Min: -17.93% - Market Cap 8598 - Trading time: 00:00:08
07-09-2025 01:51:44.059 INFO Current price: 0.000000042927 - Current percentage: 25.95% - Max: 25.96% - Min: -17.93% - Market Cap 8598 - Trading time: 00:00:09
07-09-2025 01:51:44.987 INFO Current price: 0.000000041529 - Current percentage: 17.89% - Max: 25.96% - Min: -17.93% - Market Cap 8047 - Trading time: 00:00:09
07-09-2025 01:51:45.023 INFO Current price: 0.000000039126 - Current percentage: 11.80% - Max: 25.96% - Min: -17.93% - Market Cap 7631 - Trading time: 00:00:10
07-09-2025 01:51:46.353 INFO Current price: 0.000000038207 - Current percentage: 12.42% - Max: 25.96% - Min: -17.93% - Market Cap 7674 - Trading time: 00:00:11
07-09-2025 01:51:46.647 INFO Current price: 0.000000037454 - Current percentage: 7.43% - Max: 25.96% - Min: -17.93% - Market Cap 7333 - Trading time: 00:00:11
07-09-2025 01:51:47.612 INFO Current price: 0.000000036645 - Current percentage: 7.62% - Max: 25.96% - Min: -17.93% - Market Cap 7346 - Trading time: 00:00:12
07-09-2025 01:51:48.505 INFO Current price: 0.000000036687 - Current percentage: 7.68% - Max: 25.96% - Min: -17.93% - Market Cap 7350 - Trading time: 00:00:13
07-09-2025 01:51:48.506 INFO Current price: 0.000000036608 - Current percentage: 7.15% - Max: 25.96% - Min: -17.93% - Market Cap 7314 - Trading time: 00:00:13
07-09-2025 01:51:48.506 INFO Current price: 0.000000036518 - Current percentage: 7.15% - Max: 25.96% - Min: -17.93% - Market Cap 7314 - Trading time: 00:00:13
07-09-2025 01:51:48.606 INFO Current price: 0.000000036622 - Current percentage: 7.76% - Max: 25.96% - Min: -17.93% - Market Cap 7356 - Trading time: 00:00:13
07-09-2025 01:51:48.669 INFO Current price: 0.000000036726 - Current percentage: 7.76% - Max: 25.96% - Min: -17.93% - Market Cap 7356 - Trading time: 00:00:13
07-09-2025 01:51:48.767 INFO Current price: 0.000000036726 - Current percentage: 7.76% - Max: 25.96% - Min: -17.93% - Market Cap 7356 - Trading time: 00:00:13
07-09-2025 01:51:48.868 INFO Current price: 0.000000036736 - Current percentage: 7.82% - Max: 25.96% - Min: -17.93% - Market Cap 7360 - Trading time: 00:00:13
07-09-2025 01:51:50.140 INFO Current price: 0.000000038133 - Current percentage: 16.12% - Max: 25.96% - Min: -17.93% - Market Cap 7926 - Trading time: 00:00:15
07-09-2025 01:51:50.141 INFO Current price: 0.000000040952 - Current percentage: 24.35% - Max: 25.96% - Min: -17.93% - Market Cap 8488 - Trading time: 00:00:15
07-09-2025 01:51:51.167 INFO Current price: 0.000000042390 - Current percentage: 24.41% - Max: 25.96% - Min: -17.93% - Market Cap 8493 - Trading time: 00:00:16
07-09-2025 01:51:51.473 INFO Current price: 0.000000041029 - Current percentage: 16.49% - Max: 25.96% - Min: -17.93% - Market Cap 7952 - Trading time: 00:00:16
07-09-2025 01:51:51.546 INFO Current price: 0.000000039756 - Current percentage: 16.81% - Max: 25.96% - Min: -17.93% - Market Cap 7974 - Trading time: 00:00:16
07-09-2025 01:51:52.600 INFO Current price: 0.000000039822 - Current percentage: 16.88% - Max: 25.96% - Min: -17.93% - Market Cap 7978 - Trading time: 00:00:17
07-09-2025 01:51:53.444 INFO Current price: 0.000000039832 - Current percentage: 16.87% - Max: 25.96% - Min: -17.93% - Market Cap 7978 - Trading time: 00:00:18
07-09-2025 01:51:53.678 INFO Current price: 0.000000039832 - Current percentage: 16.87% - Max: 25.96% - Min: -17.93% - Market Cap 7978 - Trading time: 00:00:18
07-09-2025 01:51:54.356 INFO Current price: 0.000000039831 - Current percentage: 16.87% - Max: 25.96% - Min: -17.93% - Market Cap 7978 - Trading time: 00:00:19
07-09-2025 01:51:55.262 INFO Current price: 0.000000039821 - Current percentage: 16.81% - Max: 25.96% - Min: -17.93% - Market Cap 7974 - Trading time: 00:00:20
07-09-2025 01:51:56.078 INFO Current price: 0.000000039919 - Current percentage: 17.45% - Max: 25.96% - Min: -17.93% - Market Cap 8017 - Trading time: 00:00:21
07-09-2025 01:51:56.708 INFO Current price: 0.000000040137 - Current percentage: 18.09% - Max: 25.96% - Min: -17.93% - Market Cap 8061 - Trading time: 00:00:21
07-09-2025 01:51:59.760 INFO Current price: 0.000000038925 - Current percentage: 10.46% - Max: 25.96% - Min: -17.93% - Market Cap 7540 - Trading time: 00:00:24
07-09-2025 01:51:59.760 INFO Current price: 0.000000036309 - Current percentage: 2.75% - Max: 25.96% - Min: -17.93% - Market Cap 7014 - Trading time: 00:00:24
07-09-2025 01:52:00.124 INFO Current price: 0.000000035000 - Current percentage: 2.64% - Max: 25.96% - Min: -17.93% - Market Cap 7006 - Trading time: 00:00:25
07-09-2025 01:52:01.443 INFO Current price: 0.000000034951 - Current percentage: 2.47% - Max: 25.96% - Min: -17.93% - Market Cap 6995 - Trading time: 00:00:26
07-09-2025 01:52:02.524 INFO Current price: 0.000000035635 - Current percentage: 6.69% - Max: 25.96% - Min: -17.93% - Market Cap 7283 - Trading time: 00:00:27
07-09-2025 01:52:03.325 INFO Current price: 0.000000036369 - Current percentage: 6.69% - Max: 25.96% - Min: -17.93% - Market Cap 7283 - Trading time: 00:00:28
07-09-2025 01:52:03.650 INFO Current price: 0.000000036383 - Current percentage: 6.82% - Max: 25.96% - Min: -17.93% - Market Cap 7291 - Trading time: 00:00:28
07-09-2025 01:52:03.852 INFO Current price: 0.000000036395 - Current percentage: 6.76% - Max: 25.96% - Min: -17.93% - Market Cap 7288 - Trading time: 00:00:28
07-09-2025 01:52:04.592 INFO Current price: 0.000000036396 - Current percentage: 6.82% - Max: 25.96% - Min: -17.93% - Market Cap 7292 - Trading time: 00:00:29
07-09-2025 01:52:05.902 INFO Current price: 0.000000036449 - Current percentage: 7.07% - Max: 25.96% - Min: -17.93% - Market Cap 7309 - Trading time: 00:00:30
07-09-2025 01:52:06.898 INFO Current price: 0.000000037428 - Current percentage: 12.64% - Max: 25.96% - Min: -17.93% - Market Cap 7689 - Trading time: 00:00:31
07-09-2025 01:52:07.398 INFO Current price: 0.000000038605 - Current percentage: 13.91% - Max: 25.96% - Min: -17.93% - Market Cap 7776 - Trading time: 00:00:32
07-09-2025 01:52:07.454 INFO Current price: 0.000000039038 - Current percentage: 15.19% - Max: 25.96% - Min: -17.93% - Market Cap 7863 - Trading time: 00:00:32
07-09-2025 01:52:10.992 INFO Current price: 0.000000039210 - Current percentage: 14.91% - Max: 25.96% - Min: -17.93% - Market Cap 7844 - Trading time: 00:00:35
07-09-2025 01:52:11.080 INFO Current price: 0.000000039184 - Current percentage: 15.04% - Max: 25.96% - Min: -17.93% - Market Cap 7853 - Trading time: 00:00:36
07-09-2025 01:52:15.480 INFO Current price: 0.000000039195 - Current percentage: 14.97% - Max: 25.96% - Min: -17.93% - Market Cap 7848 - Trading time: 00:00:40
07-09-2025 01:52:16.095 INFO Current price: 0.000000039072 - Current percentage: 14.32% - Max: 25.96% - Min: -17.93% - Market Cap 7804 - Trading time: 00:00:41
07-09-2025 01:52:17.465 INFO Current price: 0.000000037041 - Current percentage: 3.33% - Max: 25.96% - Min: -17.93% - Market Cap 7053 - Trading time: 00:00:42
07-09-2025 01:52:17.499 INFO Current price: 0.000000033349 - Current percentage: -7.33% - Max: 25.96% - Min: -17.93% - Market Cap 6326 - Trading time: 00:00:42
07-09-2025 01:52:17.875 INFO Current price: 0.000000031575 - Current percentage: -7.37% - Max: 25.96% - Min: -17.93% - Market Cap 6323 - Trading time: 00:00:42
07-09-2025 01:52:18.147 INFO Current price: 0.000000032634 - Current percentage: -1.01% - Max: 25.96% - Min: -17.93% - Market Cap 6757 - Trading time: 00:00:43
07-09-2025 01:52:18.489 INFO Current price: 0.000000033755 - Current percentage: -0.90% - Max: 25.96% - Min: -17.93% - Market Cap 6765 - Trading time: 00:00:43
07-09-2025 01:52:18.898 INFO Current price: 0.000000034026 - Current percentage: 0.58% - Max: 25.96% - Min: -17.93% - Market Cap 6865 - Trading time: 00:00:43
07-09-2025 01:52:20.607 INFO Current price: 0.000000034599 - Current percentage: 2.47% - Max: 25.96% - Min: -17.93% - Market Cap 6995 - Trading time: 00:00:45
07-09-2025 01:52:20.607 INFO Current price: 0.000000035210 - Current percentage: 4.16% - Max: 25.96% - Min: -17.93% - Market Cap 7110 - Trading time: 00:00:45
07-09-2025 01:52:20.609 INFO Current price: 0.000000035496 - Current percentage: 4.14% - Max: 25.96% - Min: -17.93% - Market Cap 7109 - Trading time: 00:00:45
07-09-2025 01:52:20.609 INFO Current price: 0.000000035514 - Current percentage: 4.27% - Max: 25.96% - Min: -17.93% - Market Cap 7117 - Trading time: 00:00:45
07-09-2025 01:52:21.566 INFO Current price: 0.000000036054 - Current percentage: 7.33% - Max: 25.96% - Min: -17.93% - Market Cap 7327 - Trading time: 00:00:46
07-09-2025 01:52:22.230 INFO Current price: 0.000000036632 - Current percentage: 7.64% - Max: 25.96% - Min: -17.93% - Market Cap 7347 - Trading time: 00:00:47
07-09-2025 01:52:27.639 INFO Current price: 0.000000036589 - Current percentage: 7.08% - Max: 25.96% - Min: -17.93% - Market Cap 7309 - Trading time: 00:00:52
07-09-2025 01:52:28.006 INFO Current price: 0.000000036471 - Current percentage: 6.95% - Max: 25.96% - Min: -17.93% - Market Cap 7300 - Trading time: 00:00:52
07-09-2025 01:52:28.620 INFO Current price: 0.000000036576 - Current percentage: 7.70% - Max: 25.96% - Min: -17.93% - Market Cap 7351 - Trading time: 00:00:53
07-09-2025 01:52:28.623 INFO Current price: 0.000000036837 - Current percentage: 8.48% - Max: 25.96% - Min: -17.93% - Market Cap 7405 - Trading time: 00:00:53
07-09-2025 01:52:28.824 INFO Current price: 0.000000036063 - Current percentage: 3.21% - Max: 25.96% - Min: -17.93% - Market Cap 7045 - Trading time: 00:00:53
07-09-2025 01:52:29.053 INFO Current price: 0.000000036301 - Current percentage: 9.92% - Max: 25.96% - Min: -17.93% - Market Cap 7503 - Trading time: 00:00:54
07-09-2025 01:52:30.548 INFO Current price: 0.000000037358 - Current percentage: 9.31% - Max: 25.96% - Min: -17.93% - Market Cap 7462 - Trading time: 00:00:55
07-09-2025 01:52:31.782 INFO Current price: 0.000000036811 - Current percentage: 6.72% - Max: 25.96% - Min: -17.93% - Market Cap 7285 - Trading time: 00:00:56
07-09-2025 01:52:31.791 INFO Current price: 0.000000035904 - Current percentage: 3.99% - Max: 25.96% - Min: -17.93% - Market Cap 7099 - Trading time: 00:00:56
07-09-2025 01:52:33.053 INFO Current price: 0.000000035514 - Current percentage: 4.42% - Max: 25.96% - Min: -17.93% - Market Cap 7128 - Trading time: 00:00:58
07-09-2025 01:52:36.806 INFO Current price: 0.000000034394 - Current percentage: -2.46% - Max: 25.96% - Min: -17.93% - Market Cap 6658 - Trading time: 00:01:01
07-09-2025 01:52:36.807 INFO Current price: 0.000000032271 - Current percentage: -8.08% - Max: 25.96% - Min: -17.93% - Market Cap 6275 - Trading time: 00:01:01
07-09-2025 01:52:38.546 INFO Current price: 0.000000031347 - Current percentage: -7.97% - Max: 25.96% - Min: -17.93% - Market Cap 6282 - Trading time: 00:01:03
07-09-2025 01:52:43.561 INFO Current price: 0.000000031316 - Current percentage: -8.26% - Max: 25.96% - Min: -17.93% - Market Cap 6262 - Trading time: 00:01:08
07-09-2025 01:52:43.871 INFO Current price: 0.000000031191 - Current percentage: -8.70% - Max: 25.96% - Min: -17.93% - Market Cap 6232 - Trading time: 00:01:08
07-09-2025 01:52:48.447 INFO Current price: 0.000000033034 - Current percentage: 0.30% - Max: 25.96% - Min: -17.93% - Market Cap 6847 - Trading time: 00:01:13
07-09-2025 01:52:56.864 INFO Current price: 0.000000034224 - Current percentage: 0.54% - Max: 25.96% - Min: -17.93% - Market Cap 6863 - Trading time: 00:01:21
07-09-2025 01:53:04.540 INFO Current price: 0.000000034013 - Current percentage: -0.93% - Max: 25.96% - Min: -17.93% - Market Cap 6762 - Trading time: 00:01:29
07-09-2025 01:53:15.799 INFO Current price: 0.000000033741 - Current percentage: -1.06% - Max: 25.96% - Min: -17.93% - Market Cap 6754 - Trading time: 00:01:40
07-09-2025 01:53:18.051 INFO Current price: 0.000000033677 - Current percentage: -1.31% - Max: 25.96% - Min: -17.93% - Market Cap 6737 - Trading time: 00:01:43
07-09-2025 01:53:22.451 INFO Current price: 0.000000033589 - Current percentage: -1.58% - Max: 25.96% - Min: -17.93% - Market Cap 6718 - Trading time: 00:01:47
07-09-2025 01:53:25.919 INFO Current price: 0.000000033199 - Current percentage: -3.59% - Max: 25.96% - Min: -17.93% - Market Cap 6581 - Trading time: 00:01:50
07-09-2025 01:53:43.017 INFO Current price: 0.000000032232 - Current percentage: -7.23% - Max: 25.96% - Min: -17.93% - Market Cap 6333 - Trading time: 00:02:08
07-09-2025 01:53:46.189 INFO Current price: 0.000000031611 - Current percentage: -7.27% - Max: 25.96% - Min: -17.93% - Market Cap 6330 - Trading time: 00:02:11
07-09-2025 01:53:47.487 INFO Current price: 0.000000030580 - Current percentage: -13.18% - Max: 25.96% - Min: -17.93% - Market Cap 5927 - Trading time: 00:02:12
07-09-2025 01:54:04.823 INFO Current price: 0.000000029536 - Current percentage: -13.50% - Max: 25.96% - Min: -17.93% - Market Cap 5905 - Trading time: 00:02:29
07-09-2025 01:54:42.460 INFO Current price: 0.000000029448 - Current percentage: -13.69% - Max: 25.96% - Min: -17.93% - Market Cap 5892 - Trading time: 00:03:07
07-09-2025 01:54:57.206 INFO Current price: 0.000000029408 - Current percentage: -13.73% - Max: 25.96% - Min: -17.93% - Market Cap 5889 - Trading time: 00:03:22
07-09-2025 02:03:21.304 INFO Current price: 0.000000029153 - Current percentage: -13.09% - Max: 25.96% - Min: -17.93% - Market Cap 5932 - Trading time: 00:11:46
07-09-2025 02:03:26.653 INFO Current price: 0.000000028781 - Current percentage: -17.98% - Max: 25.96% - Min: -17.98% - Market Cap 5599 - Trading time: 00:11:51






07-09-2025 02:11:35.016 INFO {"type":"summary","reason":"max_window","startedAt":"2025-09-06T23:51:35.015Z","endedAt":"2025-09-07T00:11:35.016Z","durationSec":1200,"entryPrice":3.7883300920783066e-8,"entryMarketCapSol":34.0809664844366,"entryMarketCapUsd":6826.0767771678065,"minPct":-17.983505951655236,"maxPct":25.95799966181126,"buyCount":51,"sellCount":51,"tradeCount":102,"entryRecorded":true,"noPostThresholdTrades":false,"triggerAt":"2025-09-06T23:51:35.015Z","ageAtTriggerSec":4,"preTotalTrades":13,"preBuys":7,"preSells":6,"preUniqueTraders":7,"preEntryTotalTrades":13,"preEntryBuys":7,"preEntrySells":6,"preEntryUniqueTraders":7,"preEntryMinMcUsd":6842.8626218137,"preEntryMaxMcUsd":8672.161497548359,"thresholdMcSol":34.0809664844366,"thresholdMcUsd":6826.0767771678065,"thresholdPrice":3.7883300920783066e-8}
