08-09-2025 06:23:27.501 INFO Entry price: 0.000000031023522501 - Entry market cap: 5844 - Buys 2 - Sells 0 - Ratio: 1:0.00 - Min MarketCap: 7056 - Max MarketCap: 7078
08-09-2025 06:23:27.501 INFO Current price: 0.000000031024 - Current percentage: 0.00% - Max: 0.00% - Min: 0.00% - Market Cap 5844 - Trading time: 00:00:02
08-09-2025 06:23:27.596 INFO Current price: 0.000000028153 - Current percentage: -0.28% - Max: 0.00% - Min: -0.28% - Market Cap 5828 - Trading time: 00:00:02
08-09-2025 06:23:29.287 INFO Current price: 0.000000028132 - Current percentage: -0.15% - Max: 0.00% - Min: -0.28% - Market Cap 5836 - Trading time: 00:00:03
08-09-2025 06:23:29.493 INFO Current price: 0.000000028073 - Current percentage: -0.69% - Max: 0.00% - Min: -0.69% - Market Cap 5804 - Trading time: 00:00:03
08-09-2025 06:23:34.926 INFO Current price: 0.000000028956 - Current percentage: 6.23% - Max: 6.23% - Min: -0.69% - Market Cap 6209 - Trading time: 00:00:09
08-09-2025 06:23:35.075 INFO Current price: 0.000000030842 - Current percentage: 12.66% - Max: 12.66% - Min: -0.69% - Market Cap 6585 - Trading time: 00:00:09
08-09-2025 06:23:35.106 INFO Current price: 0.000000032953 - Current percentage: 21.27% - Max: 21.27% - Min: -0.69% - Market Cap 7088 - Trading time: 00:00:09
08-09-2025 06:23:35.446 INFO Current price: 0.000000034261 - Current percentage: 21.79% - Max: 21.79% - Min: -0.69% - Market Cap 7118 - Trading time: 00:00:09
08-09-2025 06:23:35.576 INFO Current price: 0.000000034373 - Current percentage: 22.07% - Max: 22.07% - Min: -0.69% - Market Cap 7134 - Trading time: 00:00:10
08-09-2025 06:23:35.577 INFO Current price: 0.000000034451 - Current percentage: 22.34% - Max: 22.34% - Min: -0.69% - Market Cap 7150 - Trading time: 00:00:10
08-09-2025 06:23:35.650 INFO Current price: 0.000000034489 - Current percentage: 22.34% - Max: 22.34% - Min: -0.69% - Market Cap 7150 - Trading time: 00:00:10
08-09-2025 06:23:38.787 INFO Current price: 0.000000035000 - Current percentage: 25.99% - Max: 25.99% - Min: -0.69% - Market Cap 7363 - Trading time: 00:00:13
08-09-2025 06:23:38.789 INFO Current price: 0.000000036028 - Current percentage: 29.63% - Max: 29.63% - Min: -0.69% - Market Cap 7576 - Trading time: 00:00:13
08-09-2025 06:23:39.043 INFO Current price: 0.000000036565 - Current percentage: 29.78% - Max: 29.78% - Min: -0.69% - Market Cap 7585 - Trading time: 00:00:13
08-09-2025 06:23:39.830 INFO Current price: 0.000000036559 - Current percentage: 29.58% - Max: 29.78% - Min: -0.69% - Market Cap 7573 - Trading time: 00:00:14
08-09-2025 06:23:47.962 INFO Current price: 0.000000036181 - Current percentage: 27.11% - Max: 29.78% - Min: -0.69% - Market Cap 7429 - Trading time: 00:00:22
08-09-2025 06:23:48.075 INFO Current price: 0.000000035527 - Current percentage: 24.94% - Max: 29.78% - Min: -0.69% - Market Cap 7302 - Trading time: 00:00:22
08-09-2025 06:23:49.285 INFO Current price: 0.000000034711 - Current percentage: 21.34% - Max: 29.78% - Min: -0.69% - Market Cap 7091 - Trading time: 00:00:23
08-09-2025 06:23:49.286 INFO Current price: 0.000000033739 - Current percentage: 18.04% - Max: 29.78% - Min: -0.69% - Market Cap 6899 - Trading time: 00:00:23
08-09-2025 06:23:51.780 INFO Current price: 0.000000034271 - Current percentage: 25.20% - Max: 29.78% - Min: -0.69% - Market Cap 7317 - Trading time: 00:00:26
08-09-2025 06:23:52.114 INFO Current price: 0.000000035336 - Current percentage: 25.49% - Max: 29.78% - Min: -0.69% - Market Cap 7334 - Trading time: 00:00:26
08-09-2025 06:23:52.115 INFO Current price: 0.000000035387 - Current percentage: 25.56% - Max: 29.78% - Min: -0.69% - Market Cap 7338 - Trading time: 00:00:26
08-09-2025 06:23:52.159 INFO Current price: 0.000000035471 - Current percentage: 26.08% - Max: 29.78% - Min: -0.69% - Market Cap 7369 - Trading time: 00:00:26
08-09-2025 06:23:54.336 INFO Current price: 0.000000035332 - Current percentage: 24.58% - Max: 29.78% - Min: -0.69% - Market Cap 7281 - Trading time: 00:00:28
08-09-2025 06:24:00.250 INFO Current price: 0.000000034974 - Current percentage: 23.54% - Max: 29.78% - Min: -0.69% - Market Cap 7220 - Trading time: 00:00:34
08-09-2025 06:24:02.841 INFO Current price: 0.000000033774 - Current percentage: 16.17% - Max: 29.78% - Min: -0.69% - Market Cap 6790 - Trading time: 00:00:37
08-09-2025 06:24:02.842 INFO Current price: 0.000000031617 - Current percentage: 8.27% - Max: 29.78% - Min: -0.69% - Market Cap 6328 - Trading time: 00:00:37
08-09-2025 06:24:02.900 INFO Current price: 0.000000030246 - Current percentage: 6.32% - Max: 29.78% - Min: -0.69% - Market Cap 6214 - Trading time: 00:00:37
08-09-2025 06:24:03.141 INFO Current price: 0.000000029972 - Current percentage: 6.31% - Max: 29.78% - Min: -0.69% - Market Cap 6213 - Trading time: 00:00:37
08-09-2025 06:24:03.244 INFO Current price: 0.000000029956 - Current percentage: 6.20% - Max: 29.78% - Min: -0.69% - Market Cap 6207 - Trading time: 00:00:37
08-09-2025 06:24:03.811 INFO Current price: 0.000000029932 - Current percentage: 6.15% - Max: 29.78% - Min: -0.69% - Market Cap 6204 - Trading time: 00:00:38
08-09-2025 06:24:03.852 INFO Current price: 0.000000029865 - Current percentage: 5.73% - Max: 29.78% - Min: -0.69% - Market Cap 6179 - Trading time: 00:00:38
08-09-2025 06:24:03.860 INFO Current price: 0.000000029777 - Current percentage: 5.52% - Max: 29.78% - Min: -0.69% - Market Cap 6167 - Trading time: 00:00:38
08-09-2025 06:24:03.868 INFO Current price: 0.000000029714 - Current percentage: 5.29% - Max: 29.78% - Min: -0.69% - Market Cap 6153 - Trading time: 00:00:38
08-09-2025 06:24:03.868 INFO Current price: 0.000000029651 - Current percentage: 5.06% - Max: 29.78% - Min: -0.69% - Market Cap 6140 - Trading time: 00:00:38
08-09-2025 06:24:03.920 INFO Current price: 0.000000029563 - Current percentage: 4.67% - Max: 29.78% - Min: -0.69% - Market Cap 6117 - Trading time: 00:00:38
08-09-2025 06:24:05.950 INFO Current price: 0.000000028723 - Current percentage: -0.82% - Max: 29.78% - Min: -0.82% - Market Cap 5796 - Trading time: 00:00:40
08-09-2025 06:24:54.511 INFO Current price: 0.000000027968 - Current percentage: -0.76% - Max: 29.78% - Min: -0.82% - Market Cap 5800 - Trading time: 00:01:29






08-09-2025 06:34:54.511 INFO {"type":"summary","reason":"inactivity","startedAt":"2025-09-08T04:23:25.500Z","endedAt":"2025-09-08T04:34:54.511Z","durationSec":689,"entryPrice":3.1023522501397805e-8,"entryMarketCapSol":28.191499697694695,"entryMarketCapUsd":5844.379802329087,"minPct":-0.8247387473283475,"maxPct":29.776794314302563,"buyCount":16,"sellCount":21,"tradeCount":37,"entryRecorded":true,"noPostThresholdTrades":false,"triggerAt":"2025-09-08T04:23:25.500Z","ageAtTriggerSec":null,"preTotalTrades":2,"preBuys":2,"preSells":0,"preUniqueTraders":2,"preEntryTotalTrades":2,"preEntryBuys":2,"preEntrySells":0,"preEntryUniqueTraders":2,"preEntryMinMcUsd":7056.075816215413,"preEntryMaxMcUsd":7077.57184585533,"thresholdMcSol":28.191499697694695,"thresholdMcUsd":5844.379802329087,"thresholdPrice":3.1023522501397805e-8}
