08-09-2025 18:20:21.313 INFO Entry price: 0.000000041139158675 - Entry market cap: 8483 - Buys 0 - Sells 0 - Ratio: 0:0 - Min MarketCap: 0 - Max MarketCap: 0
08-09-2025 18:20:21.313 INFO Current price: 0.000000041139 - Current percentage: 0.00% - Max: 0.00% - Min: 0.00% - Market Cap 8483 - Trading time: 00:00:02
08-09-2025 18:20:22.439 INFO Current price: 0.000000039832 - Current percentage: 1.37% - Max: 1.37% - Min: 0.00% - Market Cap 8600 - Trading time: 00:00:03
08-09-2025 18:20:22.741 INFO Current price: 0.000000038150 - Current percentage: -8.27% - Max: 1.37% - Min: -8.27% - Market Cap 7782 - Trading time: 00:00:03
08-09-2025 18:20:28.359 INFO Current price: 0.000000033899 - Current percentage: -19.96% - Max: 1.37% - Min: -19.96% - Market Cap 6790 - Trading time: 00:00:09
08-09-2025 18:20:28.362 INFO Current price: 0.000000029926 - Current percentage: -28.51% - Max: 1.37% - Min: -28.51% - Market Cap 6064 - Trading time: 00:00:09
08-09-2025 18:20:30.126 INFO Current price: 0.000000028286 - Current percentage: -28.49% - Max: 1.37% - Min: -28.51% - Market Cap 6066 - Trading time: 00:00:10
08-09-2025 18:20:31.213 INFO Current price: 0.000000028286 - Current percentage: -28.51% - Max: 1.37% - Min: -28.51% - Market Cap 6064 - Trading time: 00:00:11
08-09-2025 18:20:37.907 INFO Current price: 0.000000029656 - Current percentage: -21.39% - Max: 1.37% - Min: -28.51% - Market Cap 6668 - Trading time: 00:00:18
08-09-2025 18:20:37.918 INFO Current price: 0.000000032539 - Current percentage: -13.93% - Max: 1.37% - Min: -28.51% - Market Cap 7301 - Trading time: 00:00:18
08-09-2025 18:20:37.966 INFO Current price: 0.000000042576 - Current percentage: 34.58% - Max: 34.58% - Min: -28.51% - Market Cap 11416 - Trading time: 00:00:18
08-09-2025 18:20:38.122 INFO Current price: 0.000000000000 - Current percentage: 34.58% - Max: 34.58% - Min: -28.51% - Market Cap 11416 - Trading time: 00:00:18
08-09-2025 18:20:39.594 INFO Current price: 0.000000053257 - Current percentage: 34.67% - Max: 34.67% - Min: -28.51% - Market Cap 11424 - Trading time: 00:00:20
08-09-2025 18:20:42.391 INFO Current price: 0.000000053652 - Current percentage: 36.58% - Max: 36.58% - Min: -28.51% - Market Cap 11586 - Trading time: 00:00:23
08-09-2025 18:20:42.581 INFO Current price: 0.000000055380 - Current percentage: 43.48% - Max: 43.48% - Min: -28.51% - Market Cap 12171 - Trading time: 00:00:23
08-09-2025 18:20:42.585 INFO Current price: 0.000000057977 - Current percentage: 49.69% - Max: 49.69% - Min: -28.51% - Market Cap 12698 - Trading time: 00:00:23
08-09-2025 18:20:43.569 INFO Current price: 0.000000060575 - Current percentage: 56.63% - Max: 56.63% - Min: -28.51% - Market Cap 13286 - Trading time: 00:00:24
08-09-2025 18:20:43.726 INFO Current price: 0.000000061962 - Current percentage: 56.63% - Max: 56.63% - Min: -28.51% - Market Cap 13287 - Trading time: 00:00:24
08-09-2025 18:20:44.743 INFO Current price: 0.000000061496 - Current percentage: 54.28% - Max: 56.63% - Min: -28.51% - Market Cap 13087 - Trading time: 00:00:25
08-09-2025 18:20:45.029 INFO Current price: 0.000000058673 - Current percentage: 42.58% - Max: 56.63% - Min: -28.51% - Market Cap 12095 - Trading time: 00:00:25
08-09-2025 18:20:45.336 INFO Current price: 0.000000056417 - Current percentage: 42.64% - Max: 56.63% - Min: -28.51% - Market Cap 12100 - Trading time: 00:00:26
08-09-2025 18:20:47.054 INFO Current price: 0.000000054329 - Current percentage: 32.22% - Max: 56.63% - Min: -28.51% - Market Cap 11216 - Trading time: 00:00:27
08-09-2025 18:20:48.080 INFO Current price: 0.000000051274 - Current percentage: 27.05% - Max: 56.63% - Min: -28.51% - Market Cap 10778 - Trading time: 00:00:28
08-09-2025 18:20:48.083 INFO Current price: 0.000000049110 - Current percentage: 21.29% - Max: 56.63% - Min: -28.51% - Market Cap 10289 - Trading time: 00:00:28
08-09-2025 18:20:48.544 INFO Current price: 0.000000048345 - Current percentage: 23.13% - Max: 56.63% - Min: -28.51% - Market Cap 10445 - Trading time: 00:00:29
08-09-2025 18:20:48.810 INFO Current price: 0.000000048950 - Current percentage: 24.35% - Max: 56.63% - Min: -28.51% - Market Cap 10548 - Trading time: 00:00:29
08-09-2025 18:20:49.002 INFO Current price: 0.000000047477 - Current percentage: 15.83% - Max: 56.63% - Min: -28.51% - Market Cap 9826 - Trading time: 00:00:29
08-09-2025 18:20:49.549 INFO Current price: 0.000000045934 - Current percentage: 16.40% - Max: 56.63% - Min: -28.51% - Market Cap 9874 - Trading time: 00:00:30
08-09-2025 18:20:49.668 INFO Current price: 0.000000046059 - Current percentage: 16.46% - Max: 56.63% - Min: -28.51% - Market Cap 9879 - Trading time: 00:00:30
08-09-2025 18:20:49.878 INFO Current price: 0.000000046370 - Current percentage: 17.97% - Max: 56.63% - Min: -28.51% - Market Cap 10008 - Trading time: 00:00:30
08-09-2025 18:20:50.125 INFO Current price: 0.000000046670 - Current percentage: 17.97% - Max: 56.63% - Min: -28.51% - Market Cap 10008 - Trading time: 00:00:30
08-09-2025 18:20:50.290 INFO Current price: 0.000000046788 - Current percentage: 18.57% - Max: 56.63% - Min: -28.51% - Market Cap 10058 - Trading time: 00:00:30
08-09-2025 18:20:51.081 INFO Current price: 0.000000045308 - Current percentage: 10.63% - Max: 56.63% - Min: -28.51% - Market Cap 9385 - Trading time: 00:00:31
08-09-2025 18:20:51.165 INFO Current price: 0.000000044905 - Current percentage: 16.47% - Max: 56.63% - Min: -28.51% - Market Cap 9880 - Trading time: 00:00:31
08-09-2025 18:20:51.509 INFO Current price: 0.000000046370 - Current percentage: 17.96% - Max: 56.63% - Min: -28.51% - Market Cap 10007 - Trading time: 00:00:32
08-09-2025 18:20:53.283 INFO Current price: 0.000000045082 - Current percentage: 10.08% - Max: 56.63% - Min: -28.51% - Market Cap 9338 - Trading time: 00:00:33
08-09-2025 18:20:54.267 INFO Current price: 0.000000000000 - Current percentage: 10.08% - Max: 56.63% - Min: -28.51% - Market Cap 9338 - Trading time: 00:00:34
08-09-2025 18:20:55.075 INFO Current price: 0.000000042119 - Current percentage: 2.97% - Max: 56.63% - Min: -28.51% - Market Cap 8735 - Trading time: 00:00:35
08-09-2025 18:20:57.046 INFO Current price: 0.000000039861 - Current percentage: -1.40% - Max: 56.63% - Min: -28.51% - Market Cap 8364 - Trading time: 00:00:37
08-09-2025 18:20:57.538 INFO Current price: 0.000000038996 - Current percentage: -1.46% - Max: 56.63% - Min: -28.51% - Market Cap 8359 - Trading time: 00:00:38
08-09-2025 18:20:58.004 INFO Current price: 0.000000039038 - Current percentage: -1.18% - Max: 56.63% - Min: -28.51% - Market Cap 8383 - Trading time: 00:00:38
08-09-2025 18:20:59.091 INFO Current price: 0.000000042850 - Current percentage: 18.72% - Max: 56.63% - Min: -28.51% - Market Cap 10071 - Trading time: 00:00:39
08-09-2025 18:20:59.093 INFO Current price: 0.000000048798 - Current percentage: 28.15% - Max: 56.63% - Min: -28.51% - Market Cap 10871 - Trading time: 00:00:39
08-09-2025 18:20:59.099 INFO Current price: 0.000000046420 - Current percentage: 7.43% - Max: 56.63% - Min: -28.51% - Market Cap 9114 - Trading time: 00:00:39
08-09-2025 18:20:59.100 INFO Current price: 0.000000044674 - Current percentage: 18.70% - Max: 56.63% - Min: -28.51% - Market Cap 10069 - Trading time: 00:00:39
08-09-2025 18:20:59.104 INFO Current price: 0.000000048671 - Current percentage: 27.52% - Max: 56.63% - Min: -28.51% - Market Cap 10817 - Trading time: 00:00:39
08-09-2025 18:20:59.106 INFO Current price: 0.000000048080 - Current percentage: 15.83% - Max: 56.63% - Min: -28.51% - Market Cap 9826 - Trading time: 00:00:39
08-09-2025 18:20:59.245 INFO Current price: 0.000000045815 - Current percentage: 15.79% - Max: 56.63% - Min: -28.51% - Market Cap 9822 - Trading time: 00:00:39
08-09-2025 18:20:59.351 INFO Current price: 0.000000046097 - Current percentage: 17.27% - Max: 56.63% - Min: -28.51% - Market Cap 9948 - Trading time: 00:00:40
08-09-2025 18:20:59.353 INFO Current price: 0.000000046684 - Current percentage: 18.75% - Max: 56.63% - Min: -28.51% - Market Cap 10074 - Trading time: 00:00:40
08-09-2025 18:20:59.383 INFO Current price: 0.000000046968 - Current percentage: 18.75% - Max: 56.63% - Min: -28.51% - Market Cap 10074 - Trading time: 00:00:40
08-09-2025 18:20:59.430 INFO Current price: 0.000000046468 - Current percentage: 16.18% - Max: 56.63% - Min: -28.51% - Market Cap 9856 - Trading time: 00:00:40
08-09-2025 18:20:59.670 INFO Current price: 0.000000048298 - Current percentage: 28.29% - Max: 56.63% - Min: -28.51% - Market Cap 10883 - Trading time: 00:00:40
08-09-2025 18:21:00.872 INFO Current price: 0.000000050999 - Current percentage: 29.54% - Max: 56.63% - Min: -28.51% - Market Cap 10989 - Trading time: 00:00:41
08-09-2025 18:21:01.942 INFO Current price: 0.000000051263 - Current percentage: 29.63% - Max: 56.63% - Min: -28.51% - Market Cap 10996 - Trading time: 00:00:42
08-09-2025 18:21:02.384 INFO Current price: 0.000000051528 - Current percentage: 30.88% - Max: 56.63% - Min: -28.51% - Market Cap 11102 - Trading time: 00:00:43
08-09-2025 18:21:02.929 INFO Current price: 0.000000050384 - Current percentage: 23.94% - Max: 56.63% - Min: -28.51% - Market Cap 10514 - Trading time: 00:00:43
08-09-2025 18:21:02.930 INFO Current price: 0.000000046697 - Current percentage: 12.42% - Max: 56.63% - Min: -28.51% - Market Cap 9537 - Trading time: 00:00:43
08-09-2025 18:21:03.426 INFO Current price: 0.000000044267 - Current percentage: 11.37% - Max: 56.63% - Min: -28.51% - Market Cap 9448 - Trading time: 00:00:44
08-09-2025 18:21:03.705 INFO Current price: 0.000000043863 - Current percentage: 10.38% - Max: 56.63% - Min: -28.51% - Market Cap 9364 - Trading time: 00:00:44
08-09-2025 18:21:05.459 INFO Current price: 0.000000043690 - Current percentage: 10.50% - Max: 56.63% - Min: -28.51% - Market Cap 9373 - Trading time: 00:00:46
08-09-2025 18:21:07.239 INFO Current price: 0.000000043770 - Current percentage: 10.79% - Max: 56.63% - Min: -28.51% - Market Cap 9398 - Trading time: 00:00:47
08-09-2025 18:21:09.261 INFO Current price: 0.000000043848 - Current percentage: 10.89% - Max: 56.63% - Min: -28.51% - Market Cap 9407 - Trading time: 00:00:49
08-09-2025 18:21:10.064 INFO Current price: 0.000000048078 - Current percentage: 33.19% - Max: 56.63% - Min: -28.51% - Market Cap 11298 - Trading time: 00:00:50
08-09-2025 18:21:10.069 INFO Current price: 0.000000054567 - Current percentage: 42.85% - Max: 56.63% - Min: -28.51% - Market Cap 12118 - Trading time: 00:00:50
08-09-2025 18:21:10.070 INFO Current price: 0.000000051733 - Current percentage: 19.72% - Max: 56.63% - Min: -28.51% - Market Cap 10155 - Trading time: 00:00:50
08-09-2025 18:21:10.298 INFO Current price: 0.000000047058 - Current percentage: 18.19% - Max: 56.63% - Min: -28.51% - Market Cap 10026 - Trading time: 00:00:51
08-09-2025 18:21:12.113 INFO Current price: 0.000000046875 - Current percentage: 18.79% - Max: 56.63% - Min: -28.51% - Market Cap 10077 - Trading time: 00:00:52
08-09-2025 18:21:12.392 INFO Current price: 0.000000047111 - Current percentage: 19.39% - Max: 56.63% - Min: -28.51% - Market Cap 10127 - Trading time: 00:00:53
08-09-2025 18:21:12.492 INFO Current price: 0.000000047348 - Current percentage: 19.99% - Max: 56.63% - Min: -28.51% - Market Cap 10178 - Trading time: 00:00:53
08-09-2025 18:21:12.658 INFO Current price: 0.000000047586 - Current percentage: 20.59% - Max: 56.63% - Min: -28.51% - Market Cap 10229 - Trading time: 00:00:53
08-09-2025 18:21:14.073 INFO Current price: 0.000000047824 - Current percentage: 21.19% - Max: 56.63% - Min: -28.51% - Market Cap 10280 - Trading time: 00:00:54
08-09-2025 18:21:14.286 INFO Current price: 0.000000045970 - Current percentage: 11.42% - Max: 56.63% - Min: -28.51% - Market Cap 9452 - Trading time: 00:00:54
08-09-2025 18:21:15.030 INFO Current price: 0.000000044091 - Current percentage: 11.48% - Max: 56.63% - Min: -28.51% - Market Cap 9457 - Trading time: 00:00:55
08-09-2025 18:21:15.555 INFO Current price: 0.000000044091 - Current percentage: 11.42% - Max: 56.63% - Min: -28.51% - Market Cap 9452 - Trading time: 00:00:56
08-09-2025 18:21:16.780 INFO Current price: 0.000000044016 - Current percentage: 11.10% - Max: 56.63% - Min: -28.51% - Market Cap 9424 - Trading time: 00:00:57
08-09-2025 18:21:18.696 INFO Current price: 0.000000041308 - Current percentage: -1.86% - Max: 56.63% - Min: -28.51% - Market Cap 8325 - Trading time: 00:00:59
08-09-2025 18:21:18.715 INFO Current price: 0.000000036791 - Current percentage: -11.87% - Max: 56.63% - Min: -28.51% - Market Cap 7476 - Trading time: 00:00:59
08-09-2025 18:21:18.814 INFO Current price: 0.000000034896 - Current percentage: -11.71% - Max: 56.63% - Min: -28.51% - Market Cap 7489 - Trading time: 00:00:59
08-09-2025 18:21:19.171 INFO Current price: 0.000000034936 - Current percentage: -11.71% - Max: 56.63% - Min: -28.51% - Market Cap 7489 - Trading time: 00:00:59
08-09-2025 18:21:19.737 INFO Current price: 0.000000034733 - Current percentage: -12.69% - Max: 56.63% - Min: -28.51% - Market Cap 7407 - Trading time: 00:01:00
08-09-2025 18:21:19.991 INFO Current price: 0.000000034532 - Current percentage: -12.73% - Max: 56.63% - Min: -28.51% - Market Cap 7403 - Trading time: 00:01:00
08-09-2025 18:21:20.116 INFO Current price: 0.000000034482 - Current percentage: -12.94% - Max: 56.63% - Min: -28.51% - Market Cap 7385 - Trading time: 00:01:00
08-09-2025 18:21:20.927 INFO Current price: 0.000000034513 - Current percentage: -12.58% - Max: 56.63% - Min: -28.51% - Market Cap 7416 - Trading time: 00:01:01
08-09-2025 18:21:21.312 INFO Current price: 0.000000035932 - Current percentage: -5.63% - Max: 56.63% - Min: -28.51% - Market Cap 8005 - Trading time: 00:01:02
08-09-2025 18:21:22.203 INFO Current price: 0.000000038385 - Current percentage: -0.24% - Max: 56.63% - Min: -28.51% - Market Cap 8463 - Trading time: 00:01:02
08-09-2025 18:21:22.279 INFO Current price: 0.000000040241 - Current percentage: 3.71% - Max: 56.63% - Min: -28.51% - Market Cap 8798 - Trading time: 00:01:02
08-09-2025 18:21:25.402 INFO Current price: 0.000000039419 - Current percentage: -4.27% - Max: 56.63% - Min: -28.51% - Market Cap 8121 - Trading time: 00:01:06
08-09-2025 18:21:27.471 INFO Current price: 0.000000037790 - Current percentage: -4.68% - Max: 56.63% - Min: -28.51% - Market Cap 8086 - Trading time: 00:01:08
08-09-2025 18:21:27.736 INFO Current price: 0.000000037626 - Current percentage: -5.10% - Max: 56.63% - Min: -28.51% - Market Cap 8050 - Trading time: 00:01:08
08-09-2025 18:21:38.518 INFO Current price: 0.000000037534 - Current percentage: -5.15% - Max: 56.63% - Min: -28.51% - Market Cap 8046 - Trading time: 00:01:19
08-09-2025 18:21:40.762 INFO Current price: 0.000000037440 - Current percentage: -5.57% - Max: 56.63% - Min: -28.51% - Market Cap 8010 - Trading time: 00:01:21
08-09-2025 18:21:44.621 INFO Current price: 0.000000037357 - Current percentage: -5.57% - Max: 56.63% - Min: -28.51% - Market Cap 8011 - Trading time: 00:01:25
08-09-2025 18:21:50.903 INFO Current price: 0.000000037113 - Current percentage: -6.80% - Max: 56.63% - Min: -28.51% - Market Cap 7906 - Trading time: 00:01:31
08-09-2025 18:21:51.065 INFO Current price: 0.000000035684 - Current percentage: -12.70% - Max: 56.63% - Min: -28.51% - Market Cap 7406 - Trading time: 00:01:31
08-09-2025 18:21:51.070 INFO Current price: 0.000000033525 - Current percentage: -17.74% - Max: 56.63% - Min: -28.51% - Market Cap 6978 - Trading time: 00:01:31
08-09-2025 18:21:53.295 INFO Current price: 0.000000032640 - Current percentage: -17.24% - Max: 56.63% - Min: -28.51% - Market Cap 7020 - Trading time: 00:01:34
08-09-2025 18:21:53.390 INFO Current price: 0.000000032562 - Current percentage: -18.14% - Max: 56.63% - Min: -28.51% - Market Cap 6944 - Trading time: 00:01:34
08-09-2025 18:21:54.903 INFO Current price: 0.000000032373 - Current percentage: -18.20% - Max: 56.63% - Min: -28.51% - Market Cap 6939 - Trading time: 00:01:35
08-09-2025 18:22:09.850 INFO Current price: 0.000000033461 - Current percentage: -12.54% - Max: 56.63% - Min: -28.51% - Market Cap 7419 - Trading time: 00:01:50
08-09-2025 18:22:10.045 INFO Current price: 0.000000034674 - Current percentage: -12.17% - Max: 56.63% - Min: -28.51% - Market Cap 7451 - Trading time: 00:01:50
08-09-2025 18:22:11.541 INFO Current price: 0.000000035763 - Current percentage: -6.96% - Max: 56.63% - Min: -28.51% - Market Cap 7893 - Trading time: 00:01:52
08-09-2025 18:22:11.902 INFO Current price: 0.000000037442 - Current percentage: -3.73% - Max: 56.63% - Min: -28.51% - Market Cap 8167 - Trading time: 00:01:52
08-09-2025 18:22:13.101 INFO Current price: 0.000000038140 - Current percentage: -3.45% - Max: 56.63% - Min: -28.51% - Market Cap 8190 - Trading time: 00:01:53
08-09-2025 18:22:14.425 INFO Current price: 0.000000038412 - Current percentage: -2.35% - Max: 56.63% - Min: -28.51% - Market Cap 8284 - Trading time: 00:01:55
08-09-2025 18:22:14.593 INFO Current price: 0.000000038632 - Current percentage: -2.34% - Max: 56.63% - Min: -28.51% - Market Cap 8284 - Trading time: 00:01:55
08-09-2025 18:22:14.876 INFO Current price: 0.000000038666 - Current percentage: -2.18% - Max: 56.63% - Min: -28.51% - Market Cap 8298 - Trading time: 00:01:55
08-09-2025 18:22:23.683 INFO Current price: 0.000000038862 - Current percentage: -1.35% - Max: 56.63% - Min: -28.51% - Market Cap 8369 - Trading time: 00:02:04
08-09-2025 18:22:26.736 INFO Current price: 0.000000038295 - Current percentage: -5.01% - Max: 56.63% - Min: -28.51% - Market Cap 8058 - Trading time: 00:02:07
08-09-2025 18:22:26.790 INFO Current price: 0.000000037575 - Current percentage: -5.02% - Max: 56.63% - Min: -28.51% - Market Cap 8057 - Trading time: 00:02:07
08-09-2025 18:22:26.993 INFO Current price: 0.000000037491 - Current percentage: -5.44% - Max: 56.63% - Min: -28.51% - Market Cap 8022 - Trading time: 00:02:07
08-09-2025 18:22:27.696 INFO Current price: 0.000000037379 - Current percentage: -5.59% - Max: 56.63% - Min: -28.51% - Market Cap 8009 - Trading time: 00:02:08
08-09-2025 18:22:34.246 INFO Current price: 0.000000038613 - Current percentage: 0.91% - Max: 56.63% - Min: -28.51% - Market Cap 8560 - Trading time: 00:02:14
08-09-2025 18:22:40.605 INFO Current price: 0.000000039930 - Current percentage: 0.96% - Max: 56.63% - Min: -28.51% - Market Cap 8565 - Trading time: 00:02:21
08-09-2025 18:22:42.472 INFO Current price: 0.000000041379 - Current percentage: 8.36% - Max: 56.63% - Min: -28.51% - Market Cap 9192 - Trading time: 00:02:23
08-09-2025 18:22:42.534 INFO Current price: 0.000000043240 - Current percentage: 10.25% - Max: 56.63% - Min: -28.51% - Market Cap 9352 - Trading time: 00:02:23
08-09-2025 18:22:42.537 INFO Current price: 0.000000043627 - Current percentage: 10.31% - Max: 56.63% - Min: -28.51% - Market Cap 9358 - Trading time: 00:02:23
08-09-2025 18:22:42.539 INFO Current price: 0.000000043892 - Current percentage: 11.59% - Max: 56.63% - Min: -28.51% - Market Cap 9467 - Trading time: 00:02:23
08-09-2025 18:22:42.624 INFO Current price: 0.000000044149 - Current percentage: 11.60% - Max: 56.63% - Min: -28.51% - Market Cap 9467 - Trading time: 00:02:23
08-09-2025 18:22:42.901 INFO Current price: 0.000000044156 - Current percentage: 11.63% - Max: 56.63% - Min: -28.51% - Market Cap 9469 - Trading time: 00:02:23
08-09-2025 18:22:42.903 INFO Current price: 0.000000044161 - Current percentage: 11.63% - Max: 56.63% - Min: -28.51% - Market Cap 9470 - Trading time: 00:02:23
08-09-2025 18:22:42.905 INFO Current price: 0.000000044162 - Current percentage: 11.63% - Max: 56.63% - Min: -28.51% - Market Cap 9470 - Trading time: 00:02:23
08-09-2025 18:22:43.119 INFO Current price: 0.000000044163 - Current percentage: 11.64% - Max: 56.63% - Min: -28.51% - Market Cap 9470 - Trading time: 00:02:23
08-09-2025 18:22:43.276 INFO Current price: 0.000000044167 - Current percentage: 11.65% - Max: 56.63% - Min: -28.51% - Market Cap 9471 - Trading time: 00:02:23
08-09-2025 18:22:44.940 INFO Current price: 0.000000044170 - Current percentage: 11.65% - Max: 56.63% - Min: -28.51% - Market Cap 9471 - Trading time: 00:02:25
08-09-2025 18:22:44.941 INFO Current price: 0.000000044171 - Current percentage: 11.66% - Max: 56.63% - Min: -28.51% - Market Cap 9472 - Trading time: 00:02:25
08-09-2025 18:22:44.985 INFO Current price: 0.000000044172 - Current percentage: 11.66% - Max: 56.63% - Min: -28.51% - Market Cap 9472 - Trading time: 00:02:25
08-09-2025 18:22:45.807 INFO Current price: 0.000000042893 - Current percentage: 5.28% - Max: 56.63% - Min: -28.51% - Market Cap 8931 - Trading time: 00:02:26
08-09-2025 18:22:45.840 INFO Current price: 0.000000041648 - Current percentage: 5.27% - Max: 56.63% - Min: -28.51% - Market Cap 8930 - Trading time: 00:02:26
08-09-2025 18:22:48.102 INFO Current price: 0.000000041646 - Current percentage: 5.27% - Max: 56.63% - Min: -28.51% - Market Cap 8930 - Trading time: 00:02:28
08-09-2025 18:22:48.105 INFO Current price: 0.000000041646 - Current percentage: 5.27% - Max: 56.63% - Min: -28.51% - Market Cap 8930 - Trading time: 00:02:28
08-09-2025 18:22:48.111 INFO Current price: 0.000000041644 - Current percentage: 5.26% - Max: 56.63% - Min: -28.51% - Market Cap 8930 - Trading time: 00:02:28
08-09-2025 18:22:48.383 INFO Current price: 0.000000042755 - Current percentage: 10.96% - Max: 56.63% - Min: -28.51% - Market Cap 9413 - Trading time: 00:02:29
08-09-2025 18:22:48.424 INFO Current price: 0.000000043979 - Current percentage: 11.38% - Max: 56.63% - Min: -28.51% - Market Cap 9448 - Trading time: 00:02:29
08-09-2025 18:22:48.597 INFO Current price: 0.000000044061 - Current percentage: 11.37% - Max: 56.63% - Min: -28.51% - Market Cap 9448 - Trading time: 00:02:29
08-09-2025 18:22:49.344 INFO Current price: 0.000000044060 - Current percentage: 11.37% - Max: 56.63% - Min: -28.51% - Market Cap 9448 - Trading time: 00:02:30
08-09-2025 18:22:49.382 INFO Current price: 0.000000044059 - Current percentage: 11.37% - Max: 56.63% - Min: -28.51% - Market Cap 9448 - Trading time: 00:02:30
08-09-2025 18:22:49.391 INFO Current price: 0.000000044059 - Current percentage: 11.37% - Max: 56.63% - Min: -28.51% - Market Cap 9447 - Trading time: 00:02:30
08-09-2025 18:22:51.154 INFO Current price: 0.000000045191 - Current percentage: 17.17% - Max: 56.63% - Min: -28.51% - Market Cap 9939 - Trading time: 00:02:31
08-09-2025 18:22:53.302 INFO Current price: 0.000000046630 - Current percentage: 18.58% - Max: 56.63% - Min: -28.51% - Market Cap 10059 - Trading time: 00:02:34
08-09-2025 18:22:53.312 INFO Current price: 0.000000046909 - Current percentage: 18.58% - Max: 56.63% - Min: -28.51% - Market Cap 10059 - Trading time: 00:02:34
08-09-2025 18:22:53.313 INFO Current price: 0.000000046908 - Current percentage: 18.57% - Max: 56.63% - Min: -28.51% - Market Cap 10058 - Trading time: 00:02:34
08-09-2025 18:22:53.315 INFO Current price: 0.000000046906 - Current percentage: 18.57% - Max: 56.63% - Min: -28.51% - Market Cap 10058 - Trading time: 00:02:34
08-09-2025 18:22:53.325 INFO Current price: 0.000000046905 - Current percentage: 18.57% - Max: 56.63% - Min: -28.51% - Market Cap 10058 - Trading time: 00:02:34
08-09-2025 18:22:53.536 INFO Current price: 0.000000046905 - Current percentage: 18.56% - Max: 56.63% - Min: -28.51% - Market Cap 10058 - Trading time: 00:02:34
08-09-2025 18:22:53.538 INFO Current price: 0.000000046904 - Current percentage: 18.56% - Max: 56.63% - Min: -28.51% - Market Cap 10058 - Trading time: 00:02:34
08-09-2025 18:22:53.619 INFO Current price: 0.000000046903 - Current percentage: 18.56% - Max: 56.63% - Min: -28.51% - Market Cap 10057 - Trading time: 00:02:34
08-09-2025 18:22:54.040 INFO Current price: 0.000000046902 - Current percentage: 18.56% - Max: 56.63% - Min: -28.51% - Market Cap 10057 - Trading time: 00:02:34
08-09-2025 18:22:55.804 INFO Current price: 0.000000046902 - Current percentage: 18.56% - Max: 56.63% - Min: -28.51% - Market Cap 10057 - Trading time: 00:02:36
08-09-2025 18:22:56.714 INFO Current price: 0.000000046913 - Current percentage: 18.62% - Max: 56.63% - Min: -28.51% - Market Cap 10062 - Trading time: 00:02:37
08-09-2025 18:22:58.084 INFO Current price: 0.000000046923 - Current percentage: 18.61% - Max: 56.63% - Min: -28.51% - Market Cap 10061 - Trading time: 00:02:38
08-09-2025 18:22:58.086 INFO Current price: 0.000000046921 - Current percentage: 18.61% - Max: 56.63% - Min: -28.51% - Market Cap 10061 - Trading time: 00:02:38
08-09-2025 18:22:58.120 INFO Current price: 0.000000046921 - Current percentage: 18.60% - Max: 56.63% - Min: -28.51% - Market Cap 10061 - Trading time: 00:02:38
08-09-2025 18:22:58.554 INFO Current price: 0.000000046921 - Current percentage: 18.60% - Max: 56.63% - Min: -28.51% - Market Cap 10061 - Trading time: 00:02:39
08-09-2025 18:22:58.686 INFO Current price: 0.000000046919 - Current percentage: 18.60% - Max: 56.63% - Min: -28.51% - Market Cap 10061 - Trading time: 00:02:39
08-09-2025 18:22:59.019 INFO Current price: 0.000000046918 - Current percentage: 18.60% - Max: 56.63% - Min: -28.51% - Market Cap 10061 - Trading time: 00:02:39
08-09-2025 18:22:59.322 INFO Current price: 0.000000046918 - Current percentage: 18.60% - Max: 56.63% - Min: -28.51% - Market Cap 10061 - Trading time: 00:02:40
08-09-2025 18:23:01.141 INFO Current price: 0.000000047148 - Current percentage: 19.18% - Max: 56.63% - Min: -28.51% - Market Cap 10110 - Trading time: 00:02:41
08-09-2025 18:23:02.651 INFO Current price: 0.000000046867 - Current percentage: 17.76% - Max: 56.63% - Min: -28.51% - Market Cap 9990 - Trading time: 00:02:43
08-09-2025 18:23:02.652 INFO Current price: 0.000000046174 - Current percentage: 15.68% - Max: 56.63% - Min: -28.51% - Market Cap 9813 - Trading time: 00:02:43
08-09-2025 18:23:03.060 INFO Current price: 0.000000045787 - Current percentage: 15.80% - Max: 56.63% - Min: -28.51% - Market Cap 9823 - Trading time: 00:02:43
08-09-2025 18:23:07.847 INFO Current price: 0.000000045796 - Current percentage: 15.73% - Max: 56.63% - Min: -28.51% - Market Cap 9817 - Trading time: 00:02:48
08-09-2025 18:23:29.613 INFO Current price: 0.000000045841 - Current percentage: 16.02% - Max: 56.63% - Min: -28.51% - Market Cap 9842 - Trading time: 00:03:10
08-09-2025 18:23:41.696 INFO Current price: 0.000000045048 - Current percentage: 11.76% - Max: 56.63% - Min: -28.51% - Market Cap 9480 - Trading time: 00:03:22
08-09-2025 18:23:41.911 INFO Current price: 0.000000044129 - Current percentage: 11.34% - Max: 56.63% - Min: -28.51% - Market Cap 9445 - Trading time: 00:03:22
08-09-2025 18:23:44.236 INFO Current price: 0.000000043780 - Current percentage: 10.00% - Max: 56.63% - Min: -28.51% - Market Cap 9331 - Trading time: 00:03:24
08-09-2025 18:23:44.857 INFO Current price: 0.000000042337 - Current percentage: 4.12% - Max: 56.63% - Min: -28.51% - Market Cap 8833 - Trading time: 00:03:25
08-09-2025 18:23:45.883 INFO Current price: 0.000000039787 - Current percentage: -2.85% - Max: 56.63% - Min: -28.51% - Market Cap 8241 - Trading time: 00:03:26
08-09-2025 18:23:47.044 INFO Current price: 0.000000037196 - Current percentage: -9.00% - Max: 56.63% - Min: -28.51% - Market Cap 7720 - Trading time: 00:03:27
08-09-2025 18:23:47.424 INFO Current price: 0.000000034989 - Current percentage: -14.04% - Max: 56.63% - Min: -28.51% - Market Cap 7292 - Trading time: 00:03:28
08-09-2025 18:23:48.014 INFO Current price: 0.000000033961 - Current percentage: -14.27% - Max: 56.63% - Min: -28.51% - Market Cap 7273 - Trading time: 00:03:28
08-09-2025 18:23:48.390 INFO Current price: 0.000000032684 - Current percentage: -20.38% - Max: 56.63% - Min: -28.51% - Market Cap 6754 - Trading time: 00:03:29
08-09-2025 18:23:50.179 INFO Current price: 0.000000031492 - Current percentage: -20.41% - Max: 56.63% - Min: -28.51% - Market Cap 6751 - Trading time: 00:03:30
08-09-2025 18:23:54.635 INFO Current price: 0.000000030832 - Current percentage: -23.68% - Max: 56.63% - Min: -28.51% - Market Cap 6474 - Trading time: 00:03:35
08-09-2025 18:23:58.773 INFO Current price: 0.000000030048 - Current percentage: -24.41% - Max: 56.63% - Min: -28.51% - Market Cap 6412 - Trading time: 00:03:39
08-09-2025 18:24:00.137 INFO Current price: 0.000000029710 - Current percentage: -25.39% - Max: 56.63% - Min: -28.51% - Market Cap 6329 - Trading time: 00:03:40
08-09-2025 18:24:00.547 INFO Current price: 0.000000029057 - Current percentage: -27.69% - Max: 56.63% - Min: -28.51% - Market Cap 6134 - Trading time: 00:03:41
08-09-2025 18:24:01.716 INFO Current price: 0.000000028598 - Current percentage: -27.73% - Max: 56.63% - Min: -28.51% - Market Cap 6131 - Trading time: 00:03:42
08-09-2025 18:24:50.574 INFO Current price: 0.000000028537 - Current percentage: -28.00% - Max: 56.63% - Min: -28.51% - Market Cap 6107 - Trading time: 00:04:31
08-09-2025 18:25:00.826 INFO Current price: 0.000000028470 - Current percentage: -28.07% - Max: 56.63% - Min: -28.51% - Market Cap 6102 - Trading time: 00:04:41
08-09-2025 18:25:54.911 INFO Current price: 0.000000028294 - Current percentage: -28.89% - Max: 56.63% - Min: -28.89% - Market Cap 6033 - Trading time: 00:05:35
08-09-2025 18:27:11.568 INFO Current price: 0.000000028057 - Current percentage: -29.27% - Max: 56.63% - Min: -29.27% - Market Cap 6000 - Trading time: 00:06:52
08-09-2025 18:27:49.869 INFO Current price: 0.000000028005 - Current percentage: -29.15% - Max: 56.63% - Min: -29.27% - Market Cap 6010 - Trading time: 00:07:30
08-09-2025 18:28:04.555 INFO Current price: 0.000000028029 - Current percentage: -29.14% - Max: 56.63% - Min: -29.27% - Market Cap 6011 - Trading time: 00:07:45
08-09-2025 18:28:08.609 INFO Current price: 0.000000028030 - Current percentage: -29.14% - Max: 56.63% - Min: -29.27% - Market Cap 6011 - Trading time: 00:07:49
08-09-2025 18:28:11.255 INFO Current price: 0.000000028032 - Current percentage: -29.14% - Max: 56.63% - Min: -29.27% - Market Cap 6011 - Trading time: 00:07:51
08-09-2025 18:28:21.024 INFO Current price: 0.000000028034 - Current percentage: -29.13% - Max: 56.63% - Min: -29.27% - Market Cap 6012 - Trading time: 00:08:01
08-09-2025 18:28:25.299 INFO Current price: 0.000000028036 - Current percentage: -29.13% - Max: 56.63% - Min: -29.27% - Market Cap 6012 - Trading time: 00:08:06
08-09-2025 18:28:28.158 INFO Current price: 0.000000028038 - Current percentage: -29.12% - Max: 56.63% - Min: -29.27% - Market Cap 6013 - Trading time: 00:08:08
08-09-2025 18:28:30.867 INFO Current price: 0.000000028040 - Current percentage: -29.12% - Max: 56.63% - Min: -29.27% - Market Cap 6013 - Trading time: 00:08:11
08-09-2025 18:28:33.740 INFO Current price: 0.000000028041 - Current percentage: -29.11% - Max: 56.63% - Min: -29.27% - Market Cap 6013 - Trading time: 00:08:14
08-09-2025 18:28:36.503 INFO Current price: 0.000000028043 - Current percentage: -29.11% - Max: 56.63% - Min: -29.27% - Market Cap 6014 - Trading time: 00:08:17
08-09-2025 18:28:39.743 INFO Current price: 0.000000028045 - Current percentage: -29.10% - Max: 56.63% - Min: -29.27% - Market Cap 6014 - Trading time: 00:08:20
08-09-2025 18:28:42.185 INFO Current price: 0.000000028047 - Current percentage: -29.10% - Max: 56.63% - Min: -29.27% - Market Cap 6015 - Trading time: 00:08:22
08-09-2025 18:28:44.906 INFO Current price: 0.000000028049 - Current percentage: -29.09% - Max: 56.63% - Min: -29.27% - Market Cap 6015 - Trading time: 00:08:25
08-09-2025 18:28:47.478 INFO Current price: 0.000000028051 - Current percentage: -29.09% - Max: 56.63% - Min: -29.27% - Market Cap 6015 - Trading time: 00:08:28
08-09-2025 18:28:50.276 INFO Current price: 0.000000028052 - Current percentage: -29.08% - Max: 56.63% - Min: -29.27% - Market Cap 6016 - Trading time: 00:08:30
08-09-2025 18:29:01.045 INFO Current price: 0.000000028054 - Current percentage: -29.08% - Max: 56.63% - Min: -29.27% - Market Cap 6016 - Trading time: 00:08:41






08-09-2025 18:39:01.045 INFO {"type":"summary","reason":"inactivity","startedAt":"2025-09-08T16:20:19.292Z","endedAt":"2025-09-08T16:39:01.045Z","durationSec":1121,"entryPrice":4.113915867474305e-8,"entryMarketCapSol":39.560587001468456,"entryMarketCapUsd":8482.976670724882,"minPct":-29.265850621131907,"maxPct":56.626804104832004,"buyCount":98,"sellCount":98,"tradeCount":196,"entryRecorded":true,"noPostThresholdTrades":false,"triggerAt":"2025-09-08T16:20:19.292Z","ageAtTriggerSec":3,"preTotalTrades":0,"preBuys":0,"preSells":0,"preUniqueTraders":0,"preEntryTotalTrades":0,"preEntryBuys":0,"preEntrySells":0,"preEntryUniqueTraders":0,"preEntryMinMcUsd":null,"preEntryMaxMcUsd":null,"thresholdMcSol":39.560587001468456,"thresholdMcUsd":8482.976670724882,"thresholdPrice":4.113915867474305e-8}
