08-09-2025 18:24:51.426 INFO Entry price: 0.000000049076319489 - Entry market cap: 9330 - Buys 12 - Sells 4 - Ratio: 1:0.33 - Min MarketCap: 7384 - Max MarketCap: 11870
08-09-2025 18:24:51.426 INFO Current price: 0.000000049076 - Current percentage: 0.00% - Max: 0.00% - Min: 0.00% - Market Cap 9330 - Trading time: 00:00:02
08-09-2025 18:24:52.742 INFO Current price: 0.000000043105 - Current percentage: -3.57% - Max: 0.00% - Min: -3.57% - Market Cap 8997 - Trading time: 00:00:03
08-09-2025 18:24:52.744 INFO Current price: 0.000000044212 - Current percentage: 7.07% - Max: 7.07% - Min: -3.57% - Market Cap 9990 - Trading time: 00:00:03
08-09-2025 18:24:52.746 INFO Current price: 0.000000046647 - Current percentage: 7.34% - Max: 7.34% - Min: -3.57% - Market Cap 10015 - Trading time: 00:00:03
08-09-2025 18:24:53.067 INFO Current price: 0.000000046769 - Current percentage: 7.63% - Max: 7.63% - Min: -3.57% - Market Cap 10042 - Trading time: 00:00:03
08-09-2025 18:24:53.160 INFO Current price: 0.000000046857 - Current percentage: 7.74% - Max: 7.74% - Min: -3.57% - Market Cap 10053 - Trading time: 00:00:03
08-09-2025 18:24:53.397 INFO Current price: 0.000000047116 - Current percentage: 8.83% - Max: 8.83% - Min: -3.57% - Market Cap 10154 - Trading time: 00:00:03
08-09-2025 18:24:54.662 INFO Current price: 0.000000046693 - Current percentage: 5.82% - Max: 8.83% - Min: -3.57% - Market Cap 9873 - Trading time: 00:00:05
08-09-2025 18:24:55.355 INFO Current price: 0.000000046159 - Current percentage: 6.36% - Max: 8.83% - Min: -3.57% - Market Cap 9923 - Trading time: 00:00:05
08-09-2025 18:24:55.540 INFO Current price: 0.000000046628 - Current percentage: 7.98% - Max: 8.83% - Min: -3.57% - Market Cap 10074 - Trading time: 00:00:06
08-09-2025 18:24:55.920 INFO Current price: 0.000000051116 - Current percentage: 27.82% - Max: 27.82% - Min: -3.57% - Market Cap 11925 - Trading time: 00:00:06
08-09-2025 18:24:55.998 INFO Current price: 0.000000055827 - Current percentage: 28.80% - Max: 28.80% - Min: -3.57% - Market Cap 12017 - Trading time: 00:00:06
08-09-2025 18:24:56.435 INFO Current price: 0.000000058203 - Current percentage: 38.93% - Max: 38.93% - Min: -3.57% - Market Cap 12962 - Trading time: 00:00:07
08-09-2025 18:24:56.464 INFO Current price: 0.000000062620 - Current percentage: 49.08% - Max: 49.08% - Min: -3.57% - Market Cap 13909 - Trading time: 00:00:07
08-09-2025 18:24:56.468 INFO Current price: 0.000000067232 - Current percentage: 60.15% - Max: 60.15% - Min: -3.57% - Market Cap 14942 - Trading time: 00:00:07
08-09-2025 18:24:56.512 INFO Current price: 0.000000071482 - Current percentage: 68.53% - Max: 68.53% - Min: -3.57% - Market Cap 15723 - Trading time: 00:00:07
08-09-2025 18:24:57.040 INFO Current price: 0.000000073696 - Current percentage: 70.23% - Max: 70.23% - Min: -3.57% - Market Cap 15882 - Trading time: 00:00:07
08-09-2025 18:24:57.954 INFO Current price: 0.000000074363 - Current percentage: 71.59% - Max: 71.59% - Min: -3.57% - Market Cap 16010 - Trading time: 00:00:08
08-09-2025 18:24:57.956 INFO Current price: 0.000000074192 - Current percentage: 69.44% - Max: 71.59% - Min: -3.57% - Market Cap 15809 - Trading time: 00:00:08
08-09-2025 18:24:57.963 INFO Current price: 0.000000073065 - Current percentage: 66.42% - Max: 71.59% - Min: -3.57% - Market Cap 15527 - Trading time: 00:00:08
08-09-2025 18:24:57.981 INFO Current price: 0.000000071862 - Current percentage: 63.91% - Max: 71.59% - Min: -3.57% - Market Cap 15293 - Trading time: 00:00:08
08-09-2025 18:24:58.195 INFO Current price: 0.000000071094 - Current percentage: 62.88% - Max: 71.59% - Min: -3.57% - Market Cap 15197 - Trading time: 00:00:08
08-09-2025 18:24:58.341 INFO Current price: 0.000000070826 - Current percentage: 62.68% - Max: 71.59% - Min: -3.57% - Market Cap 15178 - Trading time: 00:00:08
08-09-2025 18:24:58.458 INFO Current price: 0.000000070854 - Current percentage: 63.01% - Max: 71.59% - Min: -3.57% - Market Cap 15209 - Trading time: 00:00:09
08-09-2025 18:24:58.554 INFO Current price: 0.000000070270 - Current percentage: 60.01% - Max: 71.59% - Min: -3.57% - Market Cap 14929 - Trading time: 00:00:09
08-09-2025 18:24:58.560 INFO Current price: 0.000000069908 - Current percentage: 61.33% - Max: 71.59% - Min: -3.57% - Market Cap 15052 - Trading time: 00:00:09
08-09-2025 18:24:58.674 INFO Current price: 0.000000069008 - Current percentage: 55.92% - Max: 71.59% - Min: -3.57% - Market Cap 14547 - Trading time: 00:00:09
08-09-2025 18:24:58.778 INFO Current price: 0.000000067737 - Current percentage: 55.44% - Max: 71.59% - Min: -3.57% - Market Cap 14503 - Trading time: 00:00:09
08-09-2025 18:24:58.932 INFO Current price: 0.000000067635 - Current percentage: 55.45% - Max: 71.59% - Min: -3.57% - Market Cap 14503 - Trading time: 00:00:09
08-09-2025 18:24:59.430 INFO Current price: 0.000000067708 - Current percentage: 55.77% - Max: 71.59% - Min: -3.57% - Market Cap 14534 - Trading time: 00:00:10
08-09-2025 18:24:59.670 INFO Current price: 0.000000067850 - Current percentage: 56.10% - Max: 71.59% - Min: -3.57% - Market Cap 14564 - Trading time: 00:00:10
08-09-2025 18:25:00.211 INFO Current price: 0.000000067979 - Current percentage: 56.37% - Max: 71.59% - Min: -3.57% - Market Cap 14589 - Trading time: 00:00:10
08-09-2025 18:25:00.673 INFO Current price: 0.000000067926 - Current percentage: 55.86% - Max: 71.59% - Min: -3.57% - Market Cap 14542 - Trading time: 00:00:11
08-09-2025 18:25:00.689 INFO Current price: 0.000000066688 - Current percentage: 50.72% - Max: 71.59% - Min: -3.57% - Market Cap 14062 - Trading time: 00:00:11
08-09-2025 18:25:01.479 INFO Current price: 0.000000064549 - Current percentage: 46.03% - Max: 71.59% - Min: -3.57% - Market Cap 13624 - Trading time: 00:00:12
08-09-2025 18:25:01.659 INFO Current price: 0.000000063303 - Current percentage: 44.95% - Max: 71.59% - Min: -3.57% - Market Cap 13524 - Trading time: 00:00:12
08-09-2025 18:25:01.792 INFO Current price: 0.000000063207 - Current percentage: 45.58% - Max: 71.59% - Min: -3.57% - Market Cap 13583 - Trading time: 00:00:12
08-09-2025 18:25:01.797 INFO Current price: 0.000000063481 - Current percentage: 46.21% - Max: 71.59% - Min: -3.57% - Market Cap 13642 - Trading time: 00:00:12
08-09-2025 18:25:02.212 INFO Current price: 0.000000063625 - Current percentage: 46.24% - Max: 71.59% - Min: -3.57% - Market Cap 13645 - Trading time: 00:00:12
08-09-2025 18:25:02.243 INFO Current price: 0.000000062181 - Current percentage: 39.65% - Max: 71.59% - Min: -3.57% - Market Cap 13029 - Trading time: 00:00:12
08-09-2025 18:25:02.503 INFO Current price: 0.000000063449 - Current percentage: 52.27% - Max: 71.59% - Min: -3.57% - Market Cap 14207 - Trading time: 00:00:13
08-09-2025 18:25:02.505 INFO Current price: 0.000000066311 - Current percentage: 52.53% - Max: 71.59% - Min: -3.57% - Market Cap 14231 - Trading time: 00:00:13
08-09-2025 18:25:02.908 INFO Current price: 0.000000066634 - Current percentage: 53.76% - Max: 71.59% - Min: -3.57% - Market Cap 14346 - Trading time: 00:00:13
08-09-2025 18:25:03.348 INFO Current price: 0.000000067184 - Current percentage: 55.06% - Max: 71.59% - Min: -3.57% - Market Cap 14467 - Trading time: 00:00:13
08-09-2025 18:25:03.454 INFO Current price: 0.000000067481 - Current percentage: 55.12% - Max: 71.59% - Min: -3.57% - Market Cap 14473 - Trading time: 00:00:14
08-09-2025 18:25:03.456 INFO Current price: 0.000000067552 - Current percentage: 55.38% - Max: 71.59% - Min: -3.57% - Market Cap 14497 - Trading time: 00:00:14
08-09-2025 18:25:03.548 INFO Current price: 0.000000067729 - Current percentage: 55.94% - Max: 71.59% - Min: -3.57% - Market Cap 14549 - Trading time: 00:00:14
08-09-2025 18:25:03.601 INFO Current price: 0.000000068064 - Current percentage: 56.92% - Max: 71.59% - Min: -3.57% - Market Cap 14641 - Trading time: 00:00:14
08-09-2025 18:25:03.977 INFO Current price: 0.000000068292 - Current percentage: 56.99% - Max: 71.59% - Min: -3.57% - Market Cap 14647 - Trading time: 00:00:14
08-09-2025 18:25:04.853 INFO Current price: 0.000000067895 - Current percentage: 55.11% - Max: 71.59% - Min: -3.57% - Market Cap 14471 - Trading time: 00:00:15
08-09-2025 18:25:05.651 INFO Current price: 0.000000067204 - Current percentage: 53.81% - Max: 71.59% - Min: -3.57% - Market Cap 14350 - Trading time: 00:00:16
08-09-2025 18:25:05.740 INFO Current price: 0.000000066993 - Current percentage: 54.13% - Max: 71.59% - Min: -3.57% - Market Cap 14380 - Trading time: 00:00:16
08-09-2025 18:25:05.884 INFO Current price: 0.000000064443 - Current percentage: 42.32% - Max: 71.59% - Min: -3.57% - Market Cap 13279 - Trading time: 00:00:16
08-09-2025 18:25:05.994 INFO Current price: 0.000000059828 - Current percentage: 32.84% - Max: 71.59% - Min: -3.57% - Market Cap 12394 - Trading time: 00:00:16
08-09-2025 18:25:05.996 INFO Current price: 0.000000055943 - Current percentage: 24.44% - Max: 71.59% - Min: -3.57% - Market Cap 11610 - Trading time: 00:00:16
08-09-2025 18:25:06.510 INFO Current price: 0.000000054146 - Current percentage: 24.45% - Max: 71.59% - Min: -3.57% - Market Cap 11611 - Trading time: 00:00:17
08-09-2025 18:25:06.616 INFO Current price: 0.000000055360 - Current percentage: 30.08% - Max: 71.59% - Min: -3.57% - Market Cap 12137 - Trading time: 00:00:17
08-09-2025 18:25:06.625 INFO Current price: 0.000000057937 - Current percentage: 36.30% - Max: 71.59% - Min: -3.57% - Market Cap 12717 - Trading time: 00:00:17
08-09-2025 18:25:06.628 INFO Current price: 0.000000060649 - Current percentage: 42.55% - Max: 71.59% - Min: -3.57% - Market Cap 13300 - Trading time: 00:00:17
08-09-2025 18:25:06.670 INFO Current price: 0.000000064738 - Current percentage: 55.30% - Max: 71.59% - Min: -3.57% - Market Cap 14489 - Trading time: 00:00:17
08-09-2025 18:25:06.690 INFO Current price: 0.000000068151 - Current percentage: 57.97% - Max: 71.59% - Min: -3.57% - Market Cap 14739 - Trading time: 00:00:17
08-09-2025 18:25:06.935 INFO Current price: 0.000000068816 - Current percentage: 58.35% - Max: 71.59% - Min: -3.57% - Market Cap 14774 - Trading time: 00:00:17
08-09-2025 18:25:07.168 INFO Current price: 0.000000068954 - Current percentage: 58.61% - Max: 71.59% - Min: -3.57% - Market Cap 14798 - Trading time: 00:00:17
08-09-2025 18:25:07.265 INFO Current price: 0.000000070988 - Current percentage: 67.82% - Max: 71.59% - Min: -3.57% - Market Cap 15658 - Trading time: 00:00:17
08-09-2025 18:25:07.266 INFO Current price: 0.000000075406 - Current percentage: 78.97% - Max: 78.97% - Min: -3.57% - Market Cap 16697 - Trading time: 00:00:17
08-09-2025 18:25:08.678 INFO Current price: 0.000000077294 - Current percentage: 76.33% - Max: 78.97% - Min: -3.57% - Market Cap 16452 - Trading time: 00:00:19
08-09-2025 18:25:08.682 INFO Current price: 0.000000076244 - Current percentage: 74.14% - Max: 78.97% - Min: -3.57% - Market Cap 16247 - Trading time: 00:00:19
08-09-2025 18:25:09.254 INFO Current price: 0.000000075767 - Current percentage: 74.13% - Max: 78.97% - Min: -3.57% - Market Cap 16246 - Trading time: 00:00:19
08-09-2025 18:25:12.208 INFO Current price: 0.000000076139 - Current percentage: 75.86% - Max: 78.97% - Min: -3.57% - Market Cap 16407 - Trading time: 00:00:22
08-09-2025 18:25:12.763 INFO Current price: 0.000000076969 - Current percentage: 77.94% - Max: 78.97% - Min: -3.57% - Market Cap 16602 - Trading time: 00:00:23
08-09-2025 18:25:13.315 INFO Current price: 0.000000073599 - Current percentage: 60.80% - Max: 78.97% - Min: -3.57% - Market Cap 15002 - Trading time: 00:00:23
08-09-2025 18:25:13.422 INFO Current price: 0.000000070252 - Current percentage: 62.13% - Max: 78.97% - Min: -3.57% - Market Cap 15126 - Trading time: 00:00:23
08-09-2025 18:25:14.142 INFO Current price: 0.000000072474 - Current percentage: 71.13% - Max: 78.97% - Min: -3.57% - Market Cap 15966 - Trading time: 00:00:24
08-09-2025 18:25:14.144 INFO Current price: 0.000000076192 - Current percentage: 79.19% - Max: 79.19% - Min: -3.57% - Market Cap 16718 - Trading time: 00:00:24
08-09-2025 18:25:14.528 INFO Current price: 0.000000078117 - Current percentage: 79.89% - Max: 79.89% - Min: -3.57% - Market Cap 16783 - Trading time: 00:00:25
08-09-2025 18:25:14.543 INFO Current price: 0.000000078323 - Current percentage: 80.13% - Max: 80.13% - Min: -3.57% - Market Cap 16806 - Trading time: 00:00:25
08-09-2025 18:25:16.021 INFO Current price: 0.000000078452 - Current percentage: 80.48% - Max: 80.48% - Min: -3.57% - Market Cap 16839 - Trading time: 00:00:26
08-09-2025 18:25:16.028 INFO Current price: 0.000000080725 - Current percentage: 90.72% - Max: 90.72% - Min: -3.57% - Market Cap 17794 - Trading time: 00:00:26
08-09-2025 18:25:16.144 INFO Current price: 0.000000085435 - Current percentage: 102.16% - Max: 102.16% - Min: -3.57% - Market Cap 18861 - Trading time: 00:00:26
08-09-2025 18:25:16.197 INFO Current price: 0.000000087736 - Current percentage: 101.13% - Max: 102.16% - Min: -3.57% - Market Cap 18765 - Trading time: 00:00:26
08-09-2025 18:25:16.252 INFO Current price: 0.000000087397 - Current percentage: 100.60% - Max: 102.16% - Min: -3.57% - Market Cap 18716 - Trading time: 00:00:26
08-09-2025 18:25:16.312 INFO Current price: 0.000000084615 - Current percentage: 88.53% - Max: 102.16% - Min: -3.57% - Market Cap 17590 - Trading time: 00:00:26
08-09-2025 18:25:16.317 INFO Current price: 0.000000079954 - Current percentage: 79.11% - Max: 102.16% - Min: -3.57% - Market Cap 16711 - Trading time: 00:00:26
08-09-2025 18:25:16.671 INFO Current price: 0.000000077946 - Current percentage: 79.18% - Max: 102.16% - Min: -3.57% - Market Cap 16717 - Trading time: 00:00:27
08-09-2025 18:25:17.360 INFO Current price: 0.000000077991 - Current percentage: 79.32% - Max: 102.16% - Min: -3.57% - Market Cap 16730 - Trading time: 00:00:27
08-09-2025 18:25:17.363 INFO Current price: 0.000000078067 - Current percentage: 79.53% - Max: 102.16% - Min: -3.57% - Market Cap 16750 - Trading time: 00:00:27
08-09-2025 18:25:17.714 INFO Current price: 0.000000078418 - Current percentage: 80.93% - Max: 102.16% - Min: -3.57% - Market Cap 16881 - Trading time: 00:00:28
08-09-2025 18:25:17.852 INFO Current price: 0.000000078754 - Current percentage: 81.07% - Max: 102.16% - Min: -3.57% - Market Cap 16894 - Trading time: 00:00:28
08-09-2025 18:25:18.252 INFO Current price: 0.000000078800 - Current percentage: 81.14% - Max: 102.16% - Min: -3.57% - Market Cap 16900 - Trading time: 00:00:28
08-09-2025 18:25:18.673 INFO Current price: 0.000000078860 - Current percentage: 81.35% - Max: 102.16% - Min: -3.57% - Market Cap 16920 - Trading time: 00:00:29
08-09-2025 18:25:19.047 INFO Current price: 0.000000080451 - Current percentage: 88.52% - Max: 102.16% - Min: -3.57% - Market Cap 17589 - Trading time: 00:00:29
08-09-2025 18:25:19.567 INFO Current price: 0.000000081665 - Current percentage: 86.86% - Max: 102.16% - Min: -3.57% - Market Cap 17434 - Trading time: 00:00:30
08-09-2025 18:25:19.964 INFO Current price: 0.000000081357 - Current percentage: 87.10% - Max: 102.16% - Min: -3.57% - Market Cap 17457 - Trading time: 00:00:30
08-09-2025 18:25:19.964 INFO Current price: 0.000000081460 - Current percentage: 87.33% - Max: 102.16% - Min: -3.57% - Market Cap 17478 - Trading time: 00:00:30
08-09-2025 18:25:19.965 INFO Current price: 0.000000081562 - Current percentage: 87.57% - Max: 102.16% - Min: -3.57% - Market Cap 17500 - Trading time: 00:00:30
08-09-2025 18:25:19.998 INFO Current price: 0.000000081122 - Current percentage: 85.32% - Max: 102.16% - Min: -3.57% - Market Cap 17290 - Trading time: 00:00:30
08-09-2025 18:25:20.141 INFO Current price: 0.000000080681 - Current percentage: 85.54% - Max: 102.16% - Min: -3.57% - Market Cap 17311 - Trading time: 00:00:30
08-09-2025 18:25:20.373 INFO Current price: 0.000000082288 - Current percentage: 92.77% - Max: 102.16% - Min: -3.57% - Market Cap 17986 - Trading time: 00:00:30
08-09-2025 18:25:20.531 INFO Current price: 0.000000084195 - Current percentage: 94.24% - Max: 102.16% - Min: -3.57% - Market Cap 18123 - Trading time: 00:00:31
08-09-2025 18:25:20.534 INFO Current price: 0.000000084753 - Current percentage: 95.33% - Max: 102.16% - Min: -3.57% - Market Cap 18225 - Trading time: 00:00:31
08-09-2025 18:25:21.091 INFO Current price: 0.000000085023 - Current percentage: 95.48% - Max: 102.16% - Min: -3.57% - Market Cap 18238 - Trading time: 00:00:31
08-09-2025 18:25:21.371 INFO Current price: 0.000000085135 - Current percentage: 95.85% - Max: 102.16% - Min: -3.57% - Market Cap 18273 - Trading time: 00:00:31
08-09-2025 18:25:21.490 INFO Current price: 0.000000085622 - Current percentage: 97.72% - Max: 102.16% - Min: -3.57% - Market Cap 18448 - Trading time: 00:00:32
08-09-2025 18:25:21.643 INFO Current price: 0.000000085943 - Current percentage: 97.32% - Max: 102.16% - Min: -3.57% - Market Cap 18410 - Trading time: 00:00:32
08-09-2025 18:25:22.398 INFO Current price: 0.000000085532 - Current percentage: 95.84% - Max: 102.16% - Min: -3.57% - Market Cap 18272 - Trading time: 00:00:32
08-09-2025 18:25:22.705 INFO Current price: 0.000000085372 - Current percentage: 96.58% - Max: 102.16% - Min: -3.57% - Market Cap 18341 - Trading time: 00:00:33
08-09-2025 18:25:22.974 INFO Current price: 0.000000085574 - Current percentage: 96.76% - Max: 102.16% - Min: -3.57% - Market Cap 18358 - Trading time: 00:00:33
08-09-2025 18:25:23.250 INFO Current price: 0.000000085629 - Current percentage: 96.84% - Max: 102.16% - Min: -3.57% - Market Cap 18365 - Trading time: 00:00:33
08-09-2025 18:25:23.641 INFO Current price: 0.000000085964 - Current percentage: 98.31% - Max: 102.16% - Min: -3.57% - Market Cap 18502 - Trading time: 00:00:34
08-09-2025 18:25:24.022 INFO Current price: 0.000000086444 - Current percentage: 99.04% - Max: 102.16% - Min: -3.57% - Market Cap 18571 - Trading time: 00:00:34
08-09-2025 18:25:24.066 INFO Current price: 0.000000086667 - Current percentage: 99.33% - Max: 102.16% - Min: -3.57% - Market Cap 18598 - Trading time: 00:00:34
08-09-2025 18:25:24.117 INFO Current price: 0.000000086316 - Current percentage: 97.43% - Max: 102.16% - Min: -3.57% - Market Cap 18421 - Trading time: 00:00:34
08-09-2025 18:25:24.290 INFO Current price: 0.000000081865 - Current percentage: 79.30% - Max: 102.16% - Min: -3.57% - Market Cap 16729 - Trading time: 00:00:34
08-09-2025 18:25:25.223 INFO Current price: 0.000000078167 - Current percentage: 80.00% - Max: 102.16% - Min: -3.57% - Market Cap 16794 - Trading time: 00:00:35
08-09-2025 18:25:26.041 INFO Current price: 0.000000078328 - Current percentage: 80.04% - Max: 102.16% - Min: -3.57% - Market Cap 16798 - Trading time: 00:00:36
08-09-2025 18:25:26.137 INFO Current price: 0.000000078389 - Current percentage: 80.28% - Max: 102.16% - Min: -3.57% - Market Cap 16820 - Trading time: 00:00:36
08-09-2025 18:25:26.139 INFO Current price: 0.000000078396 - Current percentage: 80.07% - Max: 102.16% - Min: -3.57% - Market Cap 16801 - Trading time: 00:00:36
08-09-2025 18:25:27.081 INFO Current price: 0.000000078427 - Current percentage: 80.42% - Max: 102.16% - Min: -3.57% - Market Cap 16833 - Trading time: 00:00:37
08-09-2025 18:25:27.434 INFO Current price: 0.000000078580 - Current percentage: 80.78% - Max: 102.16% - Min: -3.57% - Market Cap 16867 - Trading time: 00:00:38
08-09-2025 18:25:28.168 INFO Current price: 0.000000078568 - Current percentage: 80.37% - Max: 102.16% - Min: -3.57% - Market Cap 16828 - Trading time: 00:00:38
08-09-2025 18:25:28.470 INFO Current price: 0.000000078619 - Current percentage: 81.01% - Max: 102.16% - Min: -3.57% - Market Cap 16888 - Trading time: 00:00:39
08-09-2025 18:25:28.895 INFO Current price: 0.000000076960 - Current percentage: 72.83% - Max: 102.16% - Min: -3.57% - Market Cap 16125 - Trading time: 00:00:39
08-09-2025 18:25:28.896 INFO Current price: 0.000000073187 - Current percentage: 63.70% - Max: 102.16% - Min: -3.57% - Market Cap 15273 - Trading time: 00:00:39
08-09-2025 18:25:29.723 INFO Current price: 0.000000069459 - Current percentage: 55.68% - Max: 102.16% - Min: -3.57% - Market Cap 14525 - Trading time: 00:00:40
08-09-2025 18:25:29.839 INFO Current price: 0.000000067701 - Current percentage: 55.51% - Max: 102.16% - Min: -3.57% - Market Cap 14509 - Trading time: 00:00:40
08-09-2025 18:25:30.142 INFO Current price: 0.000000067651 - Current percentage: 55.45% - Max: 102.16% - Min: -3.57% - Market Cap 14503 - Trading time: 00:00:40
08-09-2025 18:25:30.715 INFO Current price: 0.000000066036 - Current percentage: 48.18% - Max: 102.16% - Min: -3.57% - Market Cap 13825 - Trading time: 00:00:41
08-09-2025 18:25:30.719 INFO Current price: 0.000000062935 - Current percentage: 41.19% - Max: 102.16% - Min: -3.57% - Market Cap 13173 - Trading time: 00:00:41
08-09-2025 18:25:30.721 INFO Current price: 0.000000063459 - Current percentage: 50.66% - Max: 102.16% - Min: -3.57% - Market Cap 14056 - Trading time: 00:00:41
08-09-2025 18:25:30.728 INFO Current price: 0.000000063926 - Current percentage: 43.28% - Max: 102.16% - Min: -3.57% - Market Cap 13368 - Trading time: 00:00:41
08-09-2025 18:25:30.804 INFO Current price: 0.000000062308 - Current percentage: 43.13% - Max: 102.16% - Min: -3.57% - Market Cap 13354 - Trading time: 00:00:41
08-09-2025 18:25:30.874 INFO Current price: 0.000000061770 - Current percentage: 40.82% - Max: 102.16% - Min: -3.57% - Market Cap 13138 - Trading time: 00:00:41
08-09-2025 18:25:30.877 INFO Current price: 0.000000061249 - Current percentage: 40.72% - Max: 102.16% - Min: -3.57% - Market Cap 13129 - Trading time: 00:00:41
08-09-2025 18:25:31.022 INFO Current price: 0.000000061274 - Current percentage: 40.93% - Max: 102.16% - Min: -3.57% - Market Cap 13149 - Trading time: 00:00:41
08-09-2025 18:25:31.166 INFO Current price: 0.000000061387 - Current percentage: 41.24% - Max: 102.16% - Min: -3.57% - Market Cap 13178 - Trading time: 00:00:41
08-09-2025 18:25:31.531 INFO Current price: 0.000000061256 - Current percentage: 40.33% - Max: 102.16% - Min: -3.57% - Market Cap 13093 - Trading time: 00:00:42
08-09-2025 18:25:31.891 INFO Current price: 0.000000061037 - Current percentage: 40.23% - Max: 102.16% - Min: -3.57% - Market Cap 13084 - Trading time: 00:00:42
08-09-2025 18:25:32.129 INFO Current price: 0.000000061084 - Current percentage: 40.54% - Max: 102.16% - Min: -3.57% - Market Cap 13113 - Trading time: 00:00:42
08-09-2025 18:25:32.151 INFO Current price: 0.000000061165 - Current percentage: 40.61% - Max: 102.16% - Min: -3.57% - Market Cap 13118 - Trading time: 00:00:42
08-09-2025 18:25:32.382 INFO Current price: 0.000000058685 - Current percentage: 29.38% - Max: 102.16% - Min: -3.57% - Market Cap 12071 - Trading time: 00:00:42
08-09-2025 18:25:32.464 INFO Current price: 0.000000056303 - Current percentage: 29.42% - Max: 102.16% - Min: -3.57% - Market Cap 12075 - Trading time: 00:00:43
08-09-2025 18:25:32.474 INFO Current price: 0.000000058900 - Current percentage: 41.59% - Max: 102.16% - Min: -3.57% - Market Cap 13210 - Trading time: 00:00:43
08-09-2025 18:25:32.849 INFO Current price: 0.000000061741 - Current percentage: 42.21% - Max: 102.16% - Min: -3.57% - Market Cap 13268 - Trading time: 00:00:43
08-09-2025 18:25:33.034 INFO Current price: 0.000000061930 - Current percentage: 42.46% - Max: 102.16% - Min: -3.57% - Market Cap 13291 - Trading time: 00:00:43
08-09-2025 18:25:33.079 INFO Current price: 0.000000062012 - Current percentage: 42.58% - Max: 102.16% - Min: -3.57% - Market Cap 13303 - Trading time: 00:00:43
08-09-2025 18:25:33.154 INFO Current price: 0.000000062134 - Current percentage: 43.02% - Max: 102.16% - Min: -3.57% - Market Cap 13344 - Trading time: 00:00:43
08-09-2025 18:25:33.285 INFO Current price: 0.000000063589 - Current percentage: 49.34% - Max: 102.16% - Min: -3.57% - Market Cap 13933 - Trading time: 00:00:43
08-09-2025 18:25:33.336 INFO Current price: 0.000000064920 - Current percentage: 49.07% - Max: 102.16% - Min: -3.57% - Market Cap 13908 - Trading time: 00:00:43
08-09-2025 18:25:33.754 INFO Current price: 0.000000065556 - Current percentage: 52.28% - Max: 102.16% - Min: -3.57% - Market Cap 14208 - Trading time: 00:00:44
08-09-2025 18:25:33.784 INFO Current price: 0.000000066314 - Current percentage: 52.54% - Max: 102.16% - Min: -3.57% - Market Cap 14232 - Trading time: 00:00:44
08-09-2025 18:25:33.793 INFO Current price: 0.000000066384 - Current percentage: 52.60% - Max: 102.16% - Min: -3.57% - Market Cap 14238 - Trading time: 00:00:44
08-09-2025 18:25:33.972 INFO Current price: 0.000000066540 - Current percentage: 53.25% - Max: 102.16% - Min: -3.57% - Market Cap 14299 - Trading time: 00:00:44
08-09-2025 18:25:34.456 INFO Current price: 0.000000066640 - Current percentage: 53.06% - Max: 102.16% - Min: -3.57% - Market Cap 14281 - Trading time: 00:00:45
08-09-2025 18:25:34.583 INFO Current price: 0.000000066522 - Current percentage: 52.71% - Max: 102.16% - Min: -3.57% - Market Cap 14248 - Trading time: 00:00:45
08-09-2025 18:25:34.620 INFO Current price: 0.000000066449 - Current percentage: 52.73% - Max: 102.16% - Min: -3.57% - Market Cap 14249 - Trading time: 00:00:45
08-09-2025 18:25:36.074 INFO Current price: 0.000000066440 - Current percentage: 52.67% - Max: 102.16% - Min: -3.57% - Market Cap 14244 - Trading time: 00:00:46
08-09-2025 18:25:36.091 INFO Current price: 0.000000066569 - Current percentage: 53.32% - Max: 102.16% - Min: -3.57% - Market Cap 14304 - Trading time: 00:00:46
08-09-2025 18:25:36.185 INFO Current price: 0.000000066780 - Current percentage: 53.64% - Max: 102.16% - Min: -3.57% - Market Cap 14335 - Trading time: 00:00:46
08-09-2025 18:25:36.867 INFO Current price: 0.000000066774 - Current percentage: 53.29% - Max: 102.16% - Min: -3.57% - Market Cap 14302 - Trading time: 00:00:47
08-09-2025 18:25:37.068 INFO Current price: 0.000000066589 - Current percentage: 52.79% - Max: 102.16% - Min: -3.57% - Market Cap 14256 - Trading time: 00:00:47
08-09-2025 18:25:37.426 INFO Current price: 0.000000064344 - Current percentage: 43.13% - Max: 102.16% - Min: -3.57% - Market Cap 13354 - Trading time: 00:00:48
08-09-2025 18:25:37.803 INFO Current price: 0.000000062289 - Current percentage: 43.19% - Max: 102.16% - Min: -3.57% - Market Cap 13360 - Trading time: 00:00:48
08-09-2025 18:25:38.038 INFO Current price: 0.000000062088 - Current percentage: 42.20% - Max: 102.16% - Min: -3.57% - Market Cap 13267 - Trading time: 00:00:48
08-09-2025 18:25:38.237 INFO Current price: 0.000000061779 - Current percentage: 41.77% - Max: 102.16% - Min: -3.57% - Market Cap 13227 - Trading time: 00:00:48
08-09-2025 18:25:38.590 INFO Current price: 0.000000064392 - Current percentage: 54.48% - Max: 102.16% - Min: -3.57% - Market Cap 14413 - Trading time: 00:00:49
08-09-2025 18:25:38.596 INFO Current price: 0.000000067274 - Current percentage: 54.74% - Max: 102.16% - Min: -3.57% - Market Cap 14438 - Trading time: 00:00:49
08-09-2025 18:25:38.756 INFO Current price: 0.000000067019 - Current percentage: 53.32% - Max: 102.16% - Min: -3.57% - Market Cap 14305 - Trading time: 00:00:49
08-09-2025 18:25:39.151 INFO Current price: 0.000000066675 - Current percentage: 53.16% - Max: 102.16% - Min: -3.57% - Market Cap 14290 - Trading time: 00:00:49
08-09-2025 18:25:39.180 INFO Current price: 0.000000067202 - Current percentage: 55.75% - Max: 102.16% - Min: -3.57% - Market Cap 14532 - Trading time: 00:00:49
08-09-2025 18:25:39.182 INFO Current price: 0.000000067759 - Current percentage: 55.70% - Max: 102.16% - Min: -3.57% - Market Cap 14527 - Trading time: 00:00:49
08-09-2025 18:25:39.633 INFO Current price: 0.000000067776 - Current percentage: 55.83% - Max: 102.16% - Min: -3.57% - Market Cap 14539 - Trading time: 00:00:50
08-09-2025 18:25:40.117 INFO Current price: 0.000000067946 - Current percentage: 56.49% - Max: 102.16% - Min: -3.57% - Market Cap 14600 - Trading time: 00:00:50
08-09-2025 18:25:40.210 INFO Current price: 0.000000068091 - Current percentage: 56.50% - Max: 102.16% - Min: -3.57% - Market Cap 14601 - Trading time: 00:00:50
08-09-2025 18:25:40.249 INFO Current price: 0.000000068236 - Current percentage: 57.15% - Max: 102.16% - Min: -3.57% - Market Cap 14662 - Trading time: 00:00:50
08-09-2025 18:25:41.033 INFO Current price: 0.000000068806 - Current percentage: 59.13% - Max: 102.16% - Min: -3.57% - Market Cap 14846 - Trading time: 00:00:51
08-09-2025 18:25:41.228 INFO Current price: 0.000000069380 - Current percentage: 59.79% - Max: 102.16% - Min: -3.57% - Market Cap 14908 - Trading time: 00:00:51
08-09-2025 18:25:41.811 INFO Current price: 0.000000069956 - Current percentage: 61.78% - Max: 102.16% - Min: -3.57% - Market Cap 15094 - Trading time: 00:00:52
08-09-2025 18:25:42.843 INFO Current price: 0.000000070418 - Current percentage: 61.90% - Max: 102.16% - Min: -3.57% - Market Cap 15106 - Trading time: 00:00:53
08-09-2025 18:25:43.132 INFO Current price: 0.000000069811 - Current percentage: 59.00% - Max: 102.16% - Min: -3.57% - Market Cap 14835 - Trading time: 00:00:53
08-09-2025 18:25:43.428 INFO Current price: 0.000000069177 - Current percentage: 58.97% - Max: 102.16% - Min: -3.57% - Market Cap 14832 - Trading time: 00:00:54
08-09-2025 18:25:43.765 INFO Current price: 0.000000069212 - Current percentage: 59.17% - Max: 102.16% - Min: -3.57% - Market Cap 14850 - Trading time: 00:00:54
08-09-2025 18:25:44.225 INFO Current price: 0.000000069231 - Current percentage: 59.06% - Max: 102.16% - Min: -3.57% - Market Cap 14840 - Trading time: 00:00:54
08-09-2025 18:25:44.237 INFO Current price: 0.000000069144 - Current percentage: 58.77% - Max: 102.16% - Min: -3.57% - Market Cap 14813 - Trading time: 00:00:54
08-09-2025 18:25:45.761 INFO Current price: 0.000000073522 - Current percentage: 79.84% - Max: 102.16% - Min: -3.57% - Market Cap 16779 - Trading time: 00:00:56
08-09-2025 18:25:45.825 INFO Current price: 0.000000078339 - Current percentage: 80.26% - Max: 102.16% - Min: -3.57% - Market Cap 16818 - Trading time: 00:00:56
08-09-2025 18:25:45.839 INFO Current price: 0.000000077679 - Current percentage: 76.82% - Max: 102.16% - Min: -3.57% - Market Cap 16497 - Trading time: 00:00:56
08-09-2025 18:25:46.020 INFO Current price: 0.000000076592 - Current percentage: 75.25% - Max: 102.16% - Min: -3.57% - Market Cap 16350 - Trading time: 00:00:56
08-09-2025 18:25:46.126 INFO Current price: 0.000000072539 - Current percentage: 58.60% - Max: 102.16% - Min: -3.57% - Market Cap 14798 - Trading time: 00:00:56
08-09-2025 18:25:46.173 INFO Current price: 0.000000065810 - Current percentage: 44.24% - Max: 102.16% - Min: -3.57% - Market Cap 13457 - Trading time: 00:00:56
08-09-2025 18:25:46.616 INFO Current price: 0.000000062964 - Current percentage: 45.18% - Max: 102.16% - Min: -3.57% - Market Cap 13545 - Trading time: 00:00:57
08-09-2025 18:25:48.221 INFO Current price: 0.000000063238 - Current percentage: 45.50% - Max: 102.16% - Min: -3.57% - Market Cap 13575 - Trading time: 00:00:58
08-09-2025 18:25:48.222 INFO Current price: 0.000000064679 - Current percentage: 51.87% - Max: 102.16% - Min: -3.57% - Market Cap 14169 - Trading time: 00:00:58
08-09-2025 18:25:48.233 INFO Current price: 0.000000067385 - Current percentage: 57.93% - Max: 102.16% - Min: -3.57% - Market Cap 14735 - Trading time: 00:00:58
08-09-2025 18:25:48.246 INFO Current price: 0.000000070243 - Current percentage: 65.02% - Max: 102.16% - Min: -3.57% - Market Cap 15397 - Trading time: 00:00:58
08-09-2025 18:25:48.259 INFO Current price: 0.000000074723 - Current percentage: 78.72% - Max: 102.16% - Min: -3.57% - Market Cap 16675 - Trading time: 00:00:58
08-09-2025 18:25:48.259 INFO Current price: 0.000000077777 - Current percentage: 78.79% - Max: 102.16% - Min: -3.57% - Market Cap 16681 - Trading time: 00:00:58
08-09-2025 18:25:48.259 INFO Current price: 0.000000078560 - Current percentage: 82.34% - Max: 102.16% - Min: -3.57% - Market Cap 17012 - Trading time: 00:00:58
08-09-2025 18:25:48.510 INFO Current price: 0.000000079397 - Current percentage: 82.62% - Max: 102.16% - Min: -3.57% - Market Cap 17038 - Trading time: 00:00:59
08-09-2025 18:25:48.563 INFO Current price: 0.000000079520 - Current percentage: 82.90% - Max: 102.16% - Min: -3.57% - Market Cap 17065 - Trading time: 00:00:59
08-09-2025 18:25:48.877 INFO Current price: 0.000000081118 - Current percentage: 90.04% - Max: 102.16% - Min: -3.57% - Market Cap 17730 - Trading time: 00:00:59
08-09-2025 18:25:49.335 INFO Current price: 0.000000082590 - Current percentage: 89.60% - Max: 102.16% - Min: -3.57% - Market Cap 17690 - Trading time: 00:00:59
08-09-2025 18:25:49.338 INFO Current price: 0.000000082330 - Current percentage: 88.85% - Max: 102.16% - Min: -3.57% - Market Cap 17619 - Trading time: 00:00:59
08-09-2025 18:25:49.384 INFO Current price: 0.000000081618 - Current percentage: 86.34% - Max: 102.16% - Min: -3.57% - Market Cap 17386 - Trading time: 00:00:59
08-09-2025 18:25:49.436 INFO Current price: 0.000000081057 - Current percentage: 86.26% - Max: 102.16% - Min: -3.57% - Market Cap 17378 - Trading time: 00:01:00
08-09-2025 18:25:49.722 INFO Current price: 0.000000080090 - Current percentage: 81.93% - Max: 102.16% - Min: -3.57% - Market Cap 16974 - Trading time: 00:01:00
08-09-2025 18:25:50.065 INFO Current price: 0.000000077321 - Current percentage: 73.60% - Max: 102.16% - Min: -3.57% - Market Cap 16197 - Trading time: 00:01:00
08-09-2025 18:25:50.205 INFO Current price: 0.000000074161 - Current percentage: 67.36% - Max: 102.16% - Min: -3.57% - Market Cap 15615 - Trading time: 00:01:00
08-09-2025 18:25:50.349 INFO Current price: 0.000000075415 - Current percentage: 73.25% - Max: 102.16% - Min: -3.57% - Market Cap 16164 - Trading time: 00:01:00
08-09-2025 18:25:50.431 INFO Current price: 0.000000075407 - Current percentage: 73.38% - Max: 102.16% - Min: -3.57% - Market Cap 16177 - Trading time: 00:01:01
08-09-2025 18:25:50.431 INFO Current price: 0.000000075267 - Current percentage: 72.61% - Max: 102.16% - Min: -3.57% - Market Cap 16104 - Trading time: 00:01:01
08-09-2025 18:25:51.264 INFO Current price: 0.000000076592 - Current percentage: 79.54% - Max: 102.16% - Min: -3.57% - Market Cap 16751 - Trading time: 00:01:01
08-09-2025 18:25:51.401 INFO Current price: 0.000000078496 - Current percentage: 81.29% - Max: 102.16% - Min: -3.57% - Market Cap 16915 - Trading time: 00:01:01
08-09-2025 18:25:51.601 INFO Current price: 0.000000080401 - Current percentage: 88.36% - Max: 102.16% - Min: -3.57% - Market Cap 17574 - Trading time: 00:01:02
08-09-2025 18:25:51.603 INFO Current price: 0.000000083451 - Current percentage: 95.31% - Max: 102.16% - Min: -3.57% - Market Cap 18222 - Trading time: 00:01:02
08-09-2025 18:25:51.604 INFO Current price: 0.000000086637 - Current percentage: 103.02% - Max: 103.02% - Min: -3.57% - Market Cap 18941 - Trading time: 00:01:02
08-09-2025 18:25:51.656 INFO Current price: 0.000000088816 - Current percentage: 105.26% - Max: 105.26% - Min: -3.57% - Market Cap 19151 - Trading time: 00:01:02
08-09-2025 18:25:51.683 INFO Current price: 0.000000089544 - Current percentage: 106.36% - Max: 106.36% - Min: -3.57% - Market Cap 19253 - Trading time: 00:01:02
08-09-2025 18:25:52.083 INFO Current price: 0.000000089439 - Current percentage: 104.78% - Max: 106.36% - Min: -3.57% - Market Cap 19106 - Trading time: 00:01:02
08-09-2025 18:25:52.531 INFO Current price: 0.000000089112 - Current percentage: 104.85% - Max: 106.36% - Min: -3.57% - Market Cap 19113 - Trading time: 00:01:03
08-09-2025 18:25:52.700 INFO Current price: 0.000000089292 - Current percentage: 105.61% - Max: 106.36% - Min: -3.57% - Market Cap 19183 - Trading time: 00:01:03
08-09-2025 18:25:52.788 INFO Current price: 0.000000089585 - Current percentage: 106.20% - Max: 106.36% - Min: -3.57% - Market Cap 19238 - Trading time: 00:01:03
08-09-2025 18:25:53.687 INFO Current price: 0.000000089879 - Current percentage: 106.96% - Max: 106.96% - Min: -3.57% - Market Cap 19309 - Trading time: 00:01:04
08-09-2025 18:25:53.758 INFO Current price: 0.000000090371 - Current percentage: 108.46% - Max: 108.46% - Min: -3.57% - Market Cap 19450 - Trading time: 00:01:04
08-09-2025 18:25:54.197 INFO Current price: 0.000000090749 - Current percentage: 108.69% - Max: 108.69% - Min: -3.57% - Market Cap 19471 - Trading time: 00:01:04
08-09-2025 18:25:54.487 INFO Current price: 0.000000091044 - Current percentage: 109.82% - Max: 109.82% - Min: -3.57% - Market Cap 19576 - Trading time: 00:01:05
08-09-2025 18:25:54.774 INFO Current price: 0.000000091376 - Current percentage: 110.21% - Max: 110.21% - Min: -3.57% - Market Cap 19613 - Trading time: 00:01:05
08-09-2025 18:25:55.858 INFO Current price: 0.000000091474 - Current percentage: 110.27% - Max: 110.27% - Min: -3.57% - Market Cap 19619 - Trading time: 00:01:06
08-09-2025 18:25:56.056 INFO Current price: 0.000000089964 - Current percentage: 103.33% - Max: 110.27% - Min: -3.57% - Market Cap 18971 - Trading time: 00:01:06
08-09-2025 18:25:56.373 INFO Current price: 0.000000088791 - Current percentage: 104.82% - Max: 110.27% - Min: -3.57% - Market Cap 19110 - Trading time: 00:01:06
08-09-2025 18:25:57.344 INFO Current price: 0.000000089055 - Current percentage: 104.54% - Max: 110.27% - Min: -3.57% - Market Cap 19084 - Trading time: 00:01:07
08-09-2025 18:25:57.781 INFO Current price: 0.000000088995 - Current percentage: 104.55% - Max: 110.27% - Min: -3.57% - Market Cap 19084 - Trading time: 00:01:08
08-09-2025 18:25:58.385 INFO Current price: 0.000000088707 - Current percentage: 103.22% - Max: 110.27% - Min: -3.57% - Market Cap 18961 - Trading time: 00:01:08
08-09-2025 18:25:58.486 INFO Current price: 0.000000088568 - Current percentage: 103.57% - Max: 110.27% - Min: -3.57% - Market Cap 18993 - Trading time: 00:01:09
08-09-2025 18:25:58.980 INFO Current price: 0.000000088651 - Current percentage: 103.94% - Max: 110.27% - Min: -3.57% - Market Cap 19028 - Trading time: 00:01:09
08-09-2025 18:26:01.401 INFO Current price: 0.000000088564 - Current percentage: 103.17% - Max: 110.27% - Min: -3.57% - Market Cap 18956 - Trading time: 00:01:11
08-09-2025 18:26:01.521 INFO Current price: 0.000000086270 - Current percentage: 93.52% - Max: 110.27% - Min: -3.57% - Market Cap 18055 - Trading time: 00:01:12
08-09-2025 18:26:01.767 INFO Current price: 0.000000082394 - Current percentage: 85.32% - Max: 110.27% - Min: -3.57% - Market Cap 17290 - Trading time: 00:01:12
08-09-2025 18:26:02.080 INFO Current price: 0.000000080568 - Current percentage: 85.03% - Max: 110.27% - Min: -3.57% - Market Cap 17263 - Trading time: 00:01:12
08-09-2025 18:26:02.285 INFO Current price: 0.000000079787 - Current percentage: 81.75% - Max: 110.27% - Min: -3.57% - Market Cap 16957 - Trading time: 00:01:12
08-09-2025 18:26:02.609 INFO Current price: 0.000000081374 - Current percentage: 92.47% - Max: 110.27% - Min: -3.57% - Market Cap 17957 - Trading time: 00:01:13
08-09-2025 18:26:03.007 INFO Current price: 0.000000084616 - Current percentage: 96.52% - Max: 110.27% - Min: -3.57% - Market Cap 18335 - Trading time: 00:01:13
08-09-2025 18:26:03.009 INFO Current price: 0.000000085525 - Current percentage: 96.62% - Max: 110.27% - Min: -3.57% - Market Cap 18345 - Trading time: 00:01:13
08-09-2025 18:26:03.302 INFO Current price: 0.000000085597 - Current percentage: 96.84% - Max: 110.27% - Min: -3.57% - Market Cap 18366 - Trading time: 00:01:13
08-09-2025 18:26:03.821 INFO Current price: 0.000000087239 - Current percentage: 104.24% - Max: 110.27% - Min: -3.57% - Market Cap 19056 - Trading time: 00:01:14
08-09-2025 18:26:03.826 INFO Current price: 0.000000088880 - Current percentage: 104.32% - Max: 110.27% - Min: -3.57% - Market Cap 19063 - Trading time: 00:01:14
08-09-2025 18:26:04.350 INFO Current price: 0.000000088944 - Current percentage: 104.54% - Max: 110.27% - Min: -3.57% - Market Cap 19083 - Trading time: 00:01:14
08-09-2025 18:26:04.630 INFO Current price: 0.000000089025 - Current percentage: 104.69% - Max: 110.27% - Min: -3.57% - Market Cap 19097 - Trading time: 00:01:15
08-09-2025 18:26:05.170 INFO Current price: 0.000000088972 - Current percentage: 104.30% - Max: 110.27% - Min: -3.57% - Market Cap 19061 - Trading time: 00:01:15
08-09-2025 18:26:05.403 INFO Current price: 0.000000088778 - Current percentage: 103.80% - Max: 110.27% - Min: -3.57% - Market Cap 19014 - Trading time: 00:01:15
08-09-2025 18:26:05.709 INFO Current price: 0.000000088735 - Current percentage: 104.10% - Max: 110.27% - Min: -3.57% - Market Cap 19042 - Trading time: 00:01:16
08-09-2025 18:26:05.785 INFO Current price: 0.000000088824 - Current percentage: 104.21% - Max: 110.27% - Min: -3.57% - Market Cap 19053 - Trading time: 00:01:16
08-09-2025 18:26:06.343 INFO Current price: 0.000000088685 - Current percentage: 103.46% - Max: 110.27% - Min: -3.57% - Market Cap 18983 - Trading time: 00:01:16
08-09-2025 18:26:07.491 INFO Current price: 0.000000088685 - Current percentage: 104.21% - Max: 110.27% - Min: -3.57% - Market Cap 19053 - Trading time: 00:01:18
08-09-2025 18:26:10.669 INFO Current price: 0.000000088765 - Current percentage: 103.82% - Max: 110.27% - Min: -3.57% - Market Cap 19017 - Trading time: 00:01:21
08-09-2025 18:26:11.183 INFO Current price: 0.000000086840 - Current percentage: 95.45% - Max: 110.27% - Min: -3.57% - Market Cap 18236 - Trading time: 00:01:21
08-09-2025 18:26:11.669 INFO Current price: 0.000000081568 - Current percentage: 79.83% - Max: 110.27% - Min: -3.57% - Market Cap 16778 - Trading time: 00:01:22
08-09-2025 18:26:12.319 INFO Current price: 0.000000078302 - Current percentage: 80.11% - Max: 110.27% - Min: -3.57% - Market Cap 16804 - Trading time: 00:01:22
08-09-2025 18:26:13.941 INFO Current price: 0.000000078439 - Current percentage: 80.46% - Max: 110.27% - Min: -3.57% - Market Cap 16837 - Trading time: 00:01:24
08-09-2025 18:26:14.220 INFO Current price: 0.000000078827 - Current percentage: 81.88% - Max: 110.27% - Min: -3.57% - Market Cap 16969 - Trading time: 00:01:24
08-09-2025 18:26:14.333 INFO Current price: 0.000000079079 - Current percentage: 81.63% - Max: 110.27% - Min: -3.57% - Market Cap 16946 - Trading time: 00:01:24
08-09-2025 18:26:15.062 INFO Current price: 0.000000079103 - Current percentage: 81.99% - Max: 110.27% - Min: -3.57% - Market Cap 16980 - Trading time: 00:01:25
08-09-2025 18:26:15.564 INFO Current price: 0.000000078408 - Current percentage: 78.45% - Max: 110.27% - Min: -3.57% - Market Cap 16650 - Trading time: 00:01:26
08-09-2025 18:26:15.690 INFO Current price: 0.000000076456 - Current percentage: 73.04% - Max: 110.27% - Min: -3.57% - Market Cap 16144 - Trading time: 00:01:26
08-09-2025 18:26:15.789 INFO Current price: 0.000000069818 - Current percentage: 48.81% - Max: 110.27% - Min: -3.57% - Market Cap 13884 - Trading time: 00:01:26
08-09-2025 18:26:15.857 INFO Current price: 0.000000063133 - Current percentage: 41.49% - Max: 110.27% - Min: -3.57% - Market Cap 13201 - Trading time: 00:01:26
08-09-2025 18:26:16.255 INFO Current price: 0.000000064264 - Current percentage: 54.19% - Max: 110.27% - Min: -3.57% - Market Cap 14386 - Trading time: 00:01:26
08-09-2025 18:26:16.354 INFO Current price: 0.000000067072 - Current percentage: 54.13% - Max: 110.27% - Min: -3.57% - Market Cap 14380 - Trading time: 00:01:26
08-09-2025 18:26:17.565 INFO Current price: 0.000000067048 - Current percentage: 54.08% - Max: 110.27% - Min: -3.57% - Market Cap 14375 - Trading time: 00:01:28
08-09-2025 18:26:17.567 INFO Current price: 0.000000066888 - Current percentage: 53.39% - Max: 110.27% - Min: -3.57% - Market Cap 14311 - Trading time: 00:01:28
08-09-2025 18:26:17.738 INFO Current price: 0.000000066711 - Current percentage: 53.26% - Max: 110.27% - Min: -3.57% - Market Cap 14300 - Trading time: 00:01:28
08-09-2025 18:26:17.744 INFO Current price: 0.000000063885 - Current percentage: 40.67% - Max: 110.27% - Min: -3.57% - Market Cap 13125 - Trading time: 00:01:28
08-09-2025 18:26:18.543 INFO Current price: 0.000000061272 - Current percentage: 40.98% - Max: 110.27% - Min: -3.57% - Market Cap 13154 - Trading time: 00:01:29
08-09-2025 18:26:18.692 INFO Current price: 0.000000061303 - Current percentage: 40.81% - Max: 110.27% - Min: -3.57% - Market Cap 13138 - Trading time: 00:01:29
08-09-2025 18:26:19.174 INFO Current price: 0.000000060333 - Current percentage: 36.56% - Max: 110.27% - Min: -3.57% - Market Cap 12741 - Trading time: 00:01:29
08-09-2025 18:26:20.007 INFO Current price: 0.000000059428 - Current percentage: 36.62% - Max: 110.27% - Min: -3.57% - Market Cap 12747 - Trading time: 00:01:30
08-09-2025 18:26:20.007 INFO Current price: 0.000000059494 - Current percentage: 36.86% - Max: 110.27% - Min: -3.57% - Market Cap 12769 - Trading time: 00:01:30
08-09-2025 18:26:20.320 INFO Current price: 0.000000059601 - Current percentage: 37.11% - Max: 110.27% - Min: -3.57% - Market Cap 12792 - Trading time: 00:01:30
08-09-2025 18:26:20.659 INFO Current price: 0.000000059707 - Current percentage: 37.35% - Max: 110.27% - Min: -3.57% - Market Cap 12815 - Trading time: 00:01:31
08-09-2025 18:26:20.726 INFO Current price: 0.000000061426 - Current percentage: 45.11% - Max: 110.27% - Min: -3.57% - Market Cap 13539 - Trading time: 00:01:31
08-09-2025 18:26:20.860 INFO Current price: 0.000000063343 - Current percentage: 46.06% - Max: 110.27% - Min: -3.57% - Market Cap 13627 - Trading time: 00:01:31
08-09-2025 18:26:20.891 INFO Current price: 0.000000063571 - Current percentage: 46.16% - Max: 110.27% - Min: -3.57% - Market Cap 13637 - Trading time: 00:01:31
08-09-2025 18:26:21.102 INFO Current price: 0.000000065082 - Current percentage: 53.09% - Max: 110.27% - Min: -3.57% - Market Cap 14283 - Trading time: 00:01:31
08-09-2025 18:26:21.107 INFO Current price: 0.000000067979 - Current percentage: 59.46% - Max: 110.27% - Min: -3.57% - Market Cap 14878 - Trading time: 00:01:31
08-09-2025 18:26:21.119 INFO Current price: 0.000000070730 - Current percentage: 65.73% - Max: 110.27% - Min: -3.57% - Market Cap 15462 - Trading time: 00:01:31
08-09-2025 18:26:21.283 INFO Current price: 0.000000072166 - Current percentage: 66.00% - Max: 110.27% - Min: -3.57% - Market Cap 15488 - Trading time: 00:01:31
08-09-2025 18:26:21.660 INFO Current price: 0.000000074423 - Current percentage: 76.26% - Max: 110.27% - Min: -3.57% - Market Cap 16445 - Trading time: 00:01:32
08-09-2025 18:26:22.069 INFO Current price: 0.000000076686 - Current percentage: 76.26% - Max: 110.27% - Min: -3.57% - Market Cap 16445 - Trading time: 00:01:32
08-09-2025 18:26:23.121 INFO Current price: 0.000000074401 - Current percentage: 65.91% - Max: 110.27% - Min: -3.57% - Market Cap 15479 - Trading time: 00:01:33
08-09-2025 18:26:23.318 INFO Current price: 0.000000072258 - Current percentage: 66.25% - Max: 110.27% - Min: -3.57% - Market Cap 15511 - Trading time: 00:01:33
08-09-2025 18:26:23.408 INFO Current price: 0.000000072244 - Current percentage: 65.84% - Max: 110.27% - Min: -3.57% - Market Cap 15473 - Trading time: 00:01:33
08-09-2025 18:26:24.411 INFO Current price: 0.000000072267 - Current percentage: 66.35% - Max: 110.27% - Min: -3.57% - Market Cap 15521 - Trading time: 00:01:34
08-09-2025 18:26:24.884 INFO Current price: 0.000000072423 - Current percentage: 66.56% - Max: 110.27% - Min: -3.57% - Market Cap 15540 - Trading time: 00:01:35
08-09-2025 18:26:25.120 INFO Current price: 0.000000072482 - Current percentage: 66.63% - Max: 110.27% - Min: -3.57% - Market Cap 15546 - Trading time: 00:01:35
08-09-2025 18:26:25.946 INFO Current price: 0.000000072644 - Current percentage: 67.30% - Max: 110.27% - Min: -3.57% - Market Cap 15609 - Trading time: 00:01:36
08-09-2025 18:26:27.538 INFO Current price: 0.000000072551 - Current percentage: 66.20% - Max: 110.27% - Min: -3.57% - Market Cap 15507 - Trading time: 00:01:38
08-09-2025 18:26:28.510 INFO Current price: 0.000000071668 - Current percentage: 63.25% - Max: 110.27% - Min: -3.57% - Market Cap 15232 - Trading time: 00:01:39
08-09-2025 18:26:28.850 INFO Current price: 0.000000071030 - Current percentage: 63.25% - Max: 110.27% - Min: -3.57% - Market Cap 15232 - Trading time: 00:01:39
08-09-2025 18:26:29.562 INFO Current price: 0.000000070994 - Current percentage: 63.09% - Max: 110.27% - Min: -3.57% - Market Cap 15216 - Trading time: 00:01:40
08-09-2025 18:26:29.692 INFO Current price: 0.000000070962 - Current percentage: 63.11% - Max: 110.27% - Min: -3.57% - Market Cap 15218 - Trading time: 00:01:40
08-09-2025 18:26:30.873 INFO Current price: 0.000000071406 - Current percentage: 65.14% - Max: 110.27% - Min: -3.57% - Market Cap 15407 - Trading time: 00:01:41
08-09-2025 18:26:32.091 INFO Current price: 0.000000071907 - Current percentage: 65.40% - Max: 110.27% - Min: -3.57% - Market Cap 15432 - Trading time: 00:01:42
08-09-2025 18:26:32.092 INFO Current price: 0.000000073427 - Current percentage: 72.19% - Max: 110.27% - Min: -3.57% - Market Cap 16066 - Trading time: 00:01:42
08-09-2025 18:26:32.180 INFO Current price: 0.000000075068 - Current percentage: 72.88% - Max: 110.27% - Min: -3.57% - Market Cap 16130 - Trading time: 00:01:42
08-09-2025 18:26:32.459 INFO Current price: 0.000000074861 - Current percentage: 71.25% - Max: 110.27% - Min: -3.57% - Market Cap 15977 - Trading time: 00:01:43
08-09-2025 18:26:32.508 INFO Current price: 0.000000074492 - Current percentage: 71.25% - Max: 110.27% - Min: -3.57% - Market Cap 15977 - Trading time: 00:01:43
08-09-2025 18:26:33.273 INFO Current price: 0.000000074655 - Current percentage: 71.93% - Max: 110.27% - Min: -3.57% - Market Cap 16041 - Trading time: 00:01:43
08-09-2025 18:26:34.760 INFO Current price: 0.000000071702 - Current percentage: 57.97% - Max: 110.27% - Min: -3.57% - Market Cap 14738 - Trading time: 00:01:45
08-09-2025 18:26:34.765 INFO Current price: 0.000000066280 - Current percentage: 46.91% - Max: 110.27% - Min: -3.57% - Market Cap 13707 - Trading time: 00:01:45
08-09-2025 18:26:34.987 INFO Current price: 0.000000061760 - Current percentage: 37.16% - Max: 110.27% - Min: -3.57% - Market Cap 12797 - Trading time: 00:01:45
08-09-2025 18:26:35.042 INFO Current price: 0.000000059546 - Current percentage: 36.56% - Max: 110.27% - Min: -3.57% - Market Cap 12741 - Trading time: 00:01:45
08-09-2025 18:26:35.086 INFO Current price: 0.000000059749 - Current percentage: 38.10% - Max: 110.27% - Min: -3.57% - Market Cap 12884 - Trading time: 00:01:45
08-09-2025 18:26:35.493 INFO Current price: 0.000000060097 - Current percentage: 38.16% - Max: 110.27% - Min: -3.57% - Market Cap 12890 - Trading time: 00:01:46
08-09-2025 18:26:35.793 INFO Current price: 0.000000060100 - Current percentage: 38.11% - Max: 110.27% - Min: -3.57% - Market Cap 12885 - Trading time: 00:01:46
08-09-2025 18:26:35.977 INFO Current price: 0.000000059899 - Current percentage: 37.24% - Max: 110.27% - Min: -3.57% - Market Cap 12804 - Trading time: 00:01:46
08-09-2025 18:26:36.880 INFO Current price: 0.000000060116 - Current percentage: 39.11% - Max: 110.27% - Min: -3.57% - Market Cap 12979 - Trading time: 00:01:47
08-09-2025 18:26:37.713 INFO Current price: 0.000000061865 - Current percentage: 45.34% - Max: 110.27% - Min: -3.57% - Market Cap 13560 - Trading time: 00:01:48
08-09-2025 18:26:37.793 INFO Current price: 0.000000063529 - Current percentage: 46.69% - Max: 110.27% - Min: -3.57% - Market Cap 13686 - Trading time: 00:01:48
08-09-2025 18:26:38.806 INFO Current price: 0.000000060321 - Current percentage: 31.04% - Max: 110.27% - Min: -3.57% - Market Cap 12226 - Trading time: 00:01:49
08-09-2025 18:26:39.505 INFO Current price: 0.000000056970 - Current percentage: 30.84% - Max: 110.27% - Min: -3.57% - Market Cap 12208 - Trading time: 00:01:50
08-09-2025 18:26:40.291 INFO Current price: 0.000000056037 - Current percentage: 26.78% - Max: 110.27% - Min: -3.57% - Market Cap 11828 - Trading time: 00:01:50
08-09-2025 18:26:40.561 INFO Current price: 0.000000055544 - Current percentage: 28.55% - Max: 110.27% - Min: -3.57% - Market Cap 11994 - Trading time: 00:01:51
08-09-2025 18:26:40.790 INFO Current price: 0.000000055687 - Current percentage: 27.43% - Max: 110.27% - Min: -3.57% - Market Cap 11889 - Trading time: 00:01:51
08-09-2025 18:26:40.862 INFO Current price: 0.000000055455 - Current percentage: 27.46% - Max: 110.27% - Min: -3.57% - Market Cap 11892 - Trading time: 00:01:51
08-09-2025 18:26:41.053 INFO Current price: 0.000000055468 - Current percentage: 27.52% - Max: 110.27% - Min: -3.57% - Market Cap 11897 - Trading time: 00:01:51
08-09-2025 18:26:41.793 INFO Current price: 0.000000055738 - Current percentage: 28.70% - Max: 110.27% - Min: -3.57% - Market Cap 12008 - Trading time: 00:01:52
08-09-2025 18:26:44.765 INFO Current price: 0.000000055188 - Current percentage: 25.01% - Max: 110.27% - Min: -3.57% - Market Cap 11664 - Trading time: 00:01:55
08-09-2025 18:26:45.333 INFO Current price: 0.000000054520 - Current percentage: 25.60% - Max: 110.27% - Min: -3.57% - Market Cap 11719 - Trading time: 00:01:55
08-09-2025 18:26:45.709 INFO Current price: 0.000000053926 - Current percentage: 22.30% - Max: 110.27% - Min: -3.57% - Market Cap 11411 - Trading time: 00:01:56
08-09-2025 18:26:45.903 INFO Current price: 0.000000051483 - Current percentage: 14.48% - Max: 110.27% - Min: -3.57% - Market Cap 10681 - Trading time: 00:01:56
08-09-2025 18:26:45.939 INFO Current price: 0.000000045379 - Current percentage: -4.98% - Max: 110.27% - Min: -4.98% - Market Cap 8865 - Trading time: 00:01:56
08-09-2025 18:26:46.201 INFO Current price: 0.000000041302 - Current percentage: -5.16% - Max: 110.27% - Min: -5.16% - Market Cap 8848 - Trading time: 00:01:56
08-09-2025 18:26:46.214 INFO Current price: 0.000000041233 - Current percentage: -5.30% - Max: 110.27% - Min: -5.30% - Market Cap 8836 - Trading time: 00:01:56
08-09-2025 18:26:46.475 INFO Current price: 0.000000041196 - Current percentage: -5.33% - Max: 110.27% - Min: -5.33% - Market Cap 8832 - Trading time: 00:01:57
08-09-2025 18:26:46.579 INFO Current price: 0.000000041178 - Current percentage: -5.38% - Max: 110.27% - Min: -5.38% - Market Cap 8828 - Trading time: 00:01:57
08-09-2025 18:26:46.652 INFO Current price: 0.000000041076 - Current percentage: -5.80% - Max: 110.27% - Min: -5.80% - Market Cap 8789 - Trading time: 00:01:57
08-09-2025 18:26:46.673 INFO Current price: 0.000000040856 - Current percentage: -6.39% - Max: 110.27% - Min: -6.39% - Market Cap 8734 - Trading time: 00:01:57
08-09-2025 18:26:46.721 INFO Current price: 0.000000041828 - Current percentage: -1.27% - Max: 110.27% - Min: -6.39% - Market Cap 9212 - Trading time: 00:01:57
08-09-2025 18:26:46.813 INFO Current price: 0.000000043039 - Current percentage: -0.89% - Max: 110.27% - Min: -6.39% - Market Cap 9247 - Trading time: 00:01:57
08-09-2025 18:26:46.925 INFO Current price: 0.000000044252 - Current percentage: 4.38% - Max: 110.27% - Min: -6.39% - Market Cap 9739 - Trading time: 00:01:57
08-09-2025 18:26:47.034 INFO Current price: 0.000000045530 - Current percentage: 4.91% - Max: 110.27% - Min: -6.39% - Market Cap 9788 - Trading time: 00:01:57
08-09-2025 18:26:47.291 INFO Current price: 0.000000045629 - Current percentage: 4.83% - Max: 110.27% - Min: -6.39% - Market Cap 9781 - Trading time: 00:01:57
08-09-2025 18:26:48.198 INFO Current price: 0.000000045623 - Current percentage: 4.89% - Max: 110.27% - Min: -6.39% - Market Cap 9786 - Trading time: 00:01:58
08-09-2025 18:26:48.452 INFO Current price: 0.000000045575 - Current percentage: 4.61% - Max: 110.27% - Min: -6.39% - Market Cap 9760 - Trading time: 00:01:59
08-09-2025 18:26:48.501 INFO Current price: 0.000000045516 - Current percentage: 4.61% - Max: 110.27% - Min: -6.39% - Market Cap 9760 - Trading time: 00:01:59
08-09-2025 18:26:49.522 INFO Current price: 0.000000044351 - Current percentage: -0.67% - Max: 110.27% - Min: -6.39% - Market Cap 9267 - Trading time: 00:02:00
08-09-2025 18:26:49.755 INFO Current price: 0.000000043134 - Current percentage: -1.05% - Max: 110.27% - Min: -6.39% - Market Cap 9232 - Trading time: 00:02:00
08-09-2025 18:26:50.471 INFO Current price: 0.000000043021 - Current percentage: -1.19% - Max: 110.27% - Min: -6.39% - Market Cap 9219 - Trading time: 00:02:01
08-09-2025 18:26:52.221 INFO Current price: 0.000000044545 - Current percentage: 6.09% - Max: 110.27% - Min: -6.39% - Market Cap 9898 - Trading time: 00:02:02
08-09-2025 18:26:52.264 INFO Current price: 0.000000046469 - Current percentage: 7.53% - Max: 110.27% - Min: -6.39% - Market Cap 10032 - Trading time: 00:02:02
08-09-2025 18:26:52.845 INFO Current price: 0.000000045501 - Current percentage: 1.71% - Max: 110.27% - Min: -6.39% - Market Cap 9490 - Trading time: 00:02:03
08-09-2025 18:26:52.848 INFO Current price: 0.000000044344 - Current percentage: 2.13% - Max: 110.27% - Min: -6.39% - Market Cap 9529 - Trading time: 00:02:03
08-09-2025 18:26:52.849 INFO Current price: 0.000000044426 - Current percentage: 2.09% - Max: 110.27% - Min: -6.39% - Market Cap 9525 - Trading time: 00:02:03
08-09-2025 18:26:53.290 INFO Current price: 0.000000044127 - Current percentage: 0.76% - Max: 110.27% - Min: -6.39% - Market Cap 9401 - Trading time: 00:02:03
08-09-2025 18:26:54.027 INFO Current price: 0.000000043586 - Current percentage: -0.40% - Max: 110.27% - Min: -6.39% - Market Cap 9293 - Trading time: 00:02:04
08-09-2025 18:26:54.440 INFO Current price: 0.000000043448 - Current percentage: 0.12% - Max: 110.27% - Min: -6.39% - Market Cap 9341 - Trading time: 00:02:05
08-09-2025 18:26:56.152 INFO Current price: 0.000000043496 - Current percentage: -0.18% - Max: 110.27% - Min: -6.39% - Market Cap 9313 - Trading time: 00:02:06
08-09-2025 18:26:59.074 INFO Current price: 0.000000045837 - Current percentage: 6.05% - Max: 110.27% - Min: -6.39% - Market Cap 9894 - Trading time: 00:02:09
08-09-2025 18:26:59.079 INFO Current price: 0.000000046224 - Current percentage: 6.44% - Max: 110.27% - Min: -6.39% - Market Cap 9931 - Trading time: 00:02:09
08-09-2025 18:26:59.468 INFO Current price: 0.000000046322 - Current percentage: 6.49% - Max: 110.27% - Min: -6.39% - Market Cap 9936 - Trading time: 00:02:10
08-09-2025 18:26:59.763 INFO Current price: 0.000000046393 - Current percentage: 6.76% - Max: 110.27% - Min: -6.39% - Market Cap 9961 - Trading time: 00:02:10
08-09-2025 18:27:01.345 INFO Current price: 0.000000046455 - Current percentage: 6.78% - Max: 110.27% - Min: -6.39% - Market Cap 9962 - Trading time: 00:02:11
08-09-2025 18:27:01.382 INFO Current price: 0.000000046460 - Current percentage: 6.79% - Max: 110.27% - Min: -6.39% - Market Cap 9964 - Trading time: 00:02:11
08-09-2025 18:27:01.392 INFO Current price: 0.000000046466 - Current percentage: 6.80% - Max: 110.27% - Min: -6.39% - Market Cap 9965 - Trading time: 00:02:11
08-09-2025 18:27:06.832 INFO Current price: 0.000000046762 - Current percentage: 8.16% - Max: 110.27% - Min: -6.39% - Market Cap 10091 - Trading time: 00:02:17
08-09-2025 18:27:07.178 INFO Current price: 0.000000047058 - Current percentage: 8.16% - Max: 110.27% - Min: -6.39% - Market Cap 10091 - Trading time: 00:02:17
08-09-2025 18:27:07.561 INFO Current price: 0.000000047060 - Current percentage: 8.16% - Max: 110.27% - Min: -6.39% - Market Cap 10092 - Trading time: 00:02:18
08-09-2025 18:27:07.725 INFO Current price: 0.000000047061 - Current percentage: 8.17% - Max: 110.27% - Min: -6.39% - Market Cap 10092 - Trading time: 00:02:18
08-09-2025 18:27:08.328 INFO Current price: 0.000000047062 - Current percentage: 8.17% - Max: 110.27% - Min: -6.39% - Market Cap 10092 - Trading time: 00:02:18
08-09-2025 18:27:09.418 INFO Current price: 0.000000048836 - Current percentage: 16.47% - Max: 110.27% - Min: -6.39% - Market Cap 10867 - Trading time: 00:02:19
08-09-2025 18:27:11.925 INFO Current price: 0.000000051353 - Current percentage: 19.60% - Max: 110.27% - Min: -6.39% - Market Cap 11159 - Trading time: 00:02:22
08-09-2025 18:27:12.492 INFO Current price: 0.000000051964 - Current percentage: 19.27% - Max: 110.27% - Min: -6.39% - Market Cap 11127 - Trading time: 00:02:23
08-09-2025 18:27:12.786 INFO Current price: 0.000000051890 - Current percentage: 19.26% - Max: 110.27% - Min: -6.39% - Market Cap 11127 - Trading time: 00:02:23
08-09-2025 18:27:13.203 INFO Current price: 0.000000051890 - Current percentage: 19.26% - Max: 110.27% - Min: -6.39% - Market Cap 11127 - Trading time: 00:02:23
08-09-2025 18:27:13.712 INFO Current price: 0.000000051889 - Current percentage: 19.26% - Max: 110.27% - Min: -6.39% - Market Cap 11127 - Trading time: 00:02:24
08-09-2025 18:27:14.568 INFO Current price: 0.000000051889 - Current percentage: 19.26% - Max: 110.27% - Min: -6.39% - Market Cap 11127 - Trading time: 00:02:25
08-09-2025 18:27:17.236 INFO Current price: 0.000000052015 - Current percentage: 19.84% - Max: 110.27% - Min: -6.39% - Market Cap 11181 - Trading time: 00:02:27
08-09-2025 18:27:17.243 INFO Current price: 0.000000052202 - Current percentage: 20.12% - Max: 110.27% - Min: -6.39% - Market Cap 11208 - Trading time: 00:02:27
08-09-2025 18:27:17.940 INFO Current price: 0.000000052264 - Current percentage: 20.12% - Max: 110.27% - Min: -6.39% - Market Cap 11207 - Trading time: 00:02:28
08-09-2025 18:27:17.944 INFO Current price: 0.000000052264 - Current percentage: 20.12% - Max: 110.27% - Min: -6.39% - Market Cap 11207 - Trading time: 00:02:28
08-09-2025 18:27:18.873 INFO Current price: 0.000000052282 - Current percentage: 20.21% - Max: 110.27% - Min: -6.39% - Market Cap 11215 - Trading time: 00:02:29
08-09-2025 18:27:18.954 INFO Current price: 0.000000052301 - Current percentage: 20.21% - Max: 110.27% - Min: -6.39% - Market Cap 11215 - Trading time: 00:02:29
08-09-2025 18:27:19.609 INFO Current price: 0.000000052300 - Current percentage: 20.21% - Max: 110.27% - Min: -6.39% - Market Cap 11215 - Trading time: 00:02:30
08-09-2025 18:27:19.676 INFO Current price: 0.000000052363 - Current percentage: 20.49% - Max: 110.27% - Min: -6.39% - Market Cap 11242 - Trading time: 00:02:30
08-09-2025 18:27:22.769 INFO Current price: 0.000000052425 - Current percentage: 20.49% - Max: 110.27% - Min: -6.39% - Market Cap 11242 - Trading time: 00:02:33
08-09-2025 18:27:23.157 INFO Current price: 0.000000052424 - Current percentage: 20.49% - Max: 110.27% - Min: -6.39% - Market Cap 11242 - Trading time: 00:02:33
08-09-2025 18:27:23.613 INFO Current price: 0.000000052424 - Current percentage: 20.49% - Max: 110.27% - Min: -6.39% - Market Cap 11242 - Trading time: 00:02:34
08-09-2025 18:27:24.578 INFO Current price: 0.000000052423 - Current percentage: 20.49% - Max: 110.27% - Min: -6.39% - Market Cap 11242 - Trading time: 00:02:35
08-09-2025 18:27:25.279 INFO Current price: 0.000000052430 - Current percentage: 20.52% - Max: 110.27% - Min: -6.39% - Market Cap 11244 - Trading time: 00:02:35
08-09-2025 18:27:25.939 INFO Current price: 0.000000052437 - Current percentage: 20.52% - Max: 110.27% - Min: -6.39% - Market Cap 11245 - Trading time: 00:02:36
08-09-2025 18:27:29.652 INFO Current price: 0.000000052376 - Current percentage: 20.24% - Max: 110.27% - Min: -6.39% - Market Cap 11218 - Trading time: 00:02:40
08-09-2025 18:27:30.403 INFO Current price: 0.000000052438 - Current percentage: 20.81% - Max: 110.27% - Min: -6.39% - Market Cap 11272 - Trading time: 00:02:40
08-09-2025 18:27:30.413 INFO Current price: 0.000000052547 - Current percentage: 20.74% - Max: 110.27% - Min: -6.39% - Market Cap 11265 - Trading time: 00:02:40
08-09-2025 18:27:30.864 INFO Current price: 0.000000052510 - Current percentage: 20.64% - Max: 110.27% - Min: -6.39% - Market Cap 11256 - Trading time: 00:02:41
08-09-2025 18:27:31.127 INFO Current price: 0.000000052650 - Current percentage: 21.39% - Max: 110.27% - Min: -6.39% - Market Cap 11325 - Trading time: 00:02:41
08-09-2025 18:27:35.828 INFO Current price: 0.000000052693 - Current percentage: 20.83% - Max: 110.27% - Min: -6.39% - Market Cap 11274 - Trading time: 00:02:46
08-09-2025 18:27:37.602 INFO Current price: 0.000000052568 - Current percentage: 20.81% - Max: 110.27% - Min: -6.39% - Market Cap 11272 - Trading time: 00:02:48
08-09-2025 18:27:39.334 INFO Current price: 0.000000052558 - Current percentage: 20.79% - Max: 110.27% - Min: -6.39% - Market Cap 11269 - Trading time: 00:02:49
08-09-2025 18:27:40.785 INFO Current price: 0.000000050412 - Current percentage: 11.15% - Max: 110.27% - Min: -6.39% - Market Cap 10370 - Trading time: 00:02:51
08-09-2025 18:27:40.997 INFO Current price: 0.000000048034 - Current percentage: 9.66% - Max: 110.27% - Min: -6.39% - Market Cap 10231 - Trading time: 00:02:51
08-09-2025 18:27:40.998 INFO Current price: 0.000000047622 - Current percentage: 9.25% - Max: 110.27% - Min: -6.39% - Market Cap 10193 - Trading time: 00:02:51
08-09-2025 18:27:41.526 INFO Current price: 0.000000047401 - Current percentage: 8.64% - Max: 110.27% - Min: -6.39% - Market Cap 10136 - Trading time: 00:02:52
08-09-2025 18:27:41.827 INFO Current price: 0.000000045609 - Current percentage: 1.15% - Max: 110.27% - Min: -6.39% - Market Cap 9437 - Trading time: 00:02:52
08-09-2025 18:27:42.371 INFO Current price: 0.000000043474 - Current percentage: -1.29% - Max: 110.27% - Min: -6.39% - Market Cap 9210 - Trading time: 00:02:52
08-09-2025 18:27:42.679 INFO Current price: 0.000000042880 - Current percentage: -1.60% - Max: 110.27% - Min: -6.39% - Market Cap 9181 - Trading time: 00:02:53
08-09-2025 18:27:50.572 INFO Current price: 0.000000042598 - Current percentage: -2.58% - Max: 110.27% - Min: -6.39% - Market Cap 9089 - Trading time: 00:03:01
08-09-2025 18:27:51.392 INFO Current price: 0.000000042398 - Current percentage: -2.52% - Max: 110.27% - Min: -6.39% - Market Cap 9094 - Trading time: 00:03:01
08-09-2025 18:27:52.186 INFO Current price: 0.000000042399 - Current percentage: -2.58% - Max: 110.27% - Min: -6.39% - Market Cap 9090 - Trading time: 00:03:02
08-09-2025 18:27:52.227 INFO Current price: 0.000000042372 - Current percentage: -2.65% - Max: 110.27% - Min: -6.39% - Market Cap 9083 - Trading time: 00:03:02
08-09-2025 18:27:53.353 INFO Current price: 0.000000037777 - Current percentage: -22.56% - Max: 110.27% - Min: -22.56% - Market Cap 7225 - Trading time: 00:03:03
08-09-2025 18:27:54.236 INFO Current price: 0.000000033685 - Current percentage: -22.60% - Max: 110.27% - Min: -22.60% - Market Cap 7222 - Trading time: 00:03:04
08-09-2025 18:27:57.935 INFO Current price: 0.000000032879 - Current percentage: -24.45% - Max: 110.27% - Min: -24.45% - Market Cap 7049 - Trading time: 00:03:08
08-09-2025 18:27:59.128 INFO Current price: 0.000000031381 - Current percentage: -28.32% - Max: 110.27% - Min: -28.32% - Market Cap 6688 - Trading time: 00:03:09
08-09-2025 18:27:59.774 INFO Current price: 0.000000031170 - Current percentage: -28.40% - Max: 110.27% - Min: -28.40% - Market Cap 6680 - Trading time: 00:03:10
08-09-2025 18:27:59.925 INFO Current price: 0.000000031020 - Current percentage: -29.00% - Max: 110.27% - Min: -29.00% - Market Cap 6624 - Trading time: 00:03:10
08-09-2025 18:28:00.282 INFO Current price: 0.000000030779 - Current percentage: -29.51% - Max: 110.27% - Min: -29.51% - Market Cap 6576 - Trading time: 00:03:10
08-09-2025 18:28:01.627 INFO Current price: 0.000000030512 - Current percentage: -30.23% - Max: 110.27% - Min: -30.23% - Market Cap 6510 - Trading time: 00:03:12
08-09-2025 18:28:01.655 INFO Current price: 0.000000030594 - Current percentage: -29.13% - Max: 110.27% - Min: -30.23% - Market Cap 6612 - Trading time: 00:03:12
08-09-2025 18:28:01.750 INFO Current price: 0.000000030826 - Current percentage: -29.17% - Max: 110.27% - Min: -30.23% - Market Cap 6609 - Trading time: 00:03:12
08-09-2025 18:28:03.758 INFO Current price: 0.000000030815 - Current percentage: -29.18% - Max: 110.27% - Min: -30.23% - Market Cap 6607 - Trading time: 00:03:14
08-09-2025 18:28:04.933 INFO Current price: 0.000000030791 - Current percentage: -29.28% - Max: 110.27% - Min: -30.23% - Market Cap 6599 - Trading time: 00:03:15
08-09-2025 18:28:09.199 INFO Current price: 0.000000030764 - Current percentage: -29.31% - Max: 110.27% - Min: -30.23% - Market Cap 6595 - Trading time: 00:03:19
08-09-2025 18:28:14.864 INFO Current price: 0.000000030407 - Current percentage: -30.90% - Max: 110.27% - Min: -30.90% - Market Cap 6447 - Trading time: 00:03:25
08-09-2025 18:28:17.831 INFO Current price: 0.000000030047 - Current percentage: -30.97% - Max: 110.27% - Min: -30.97% - Market Cap 6440 - Trading time: 00:03:28
08-09-2025 18:28:18.786 INFO Current price: 0.000000029914 - Current percentage: -31.52% - Max: 110.27% - Min: -31.52% - Market Cap 6389 - Trading time: 00:03:29
08-09-2025 18:28:27.001 INFO Current price: 0.000000029712 - Current percentage: -31.90% - Max: 110.27% - Min: -31.90% - Market Cap 6354 - Trading time: 00:03:37
08-09-2025 18:28:28.195 INFO Current price: 0.000000029626 - Current percentage: -31.92% - Max: 110.27% - Min: -31.92% - Market Cap 6352 - Trading time: 00:03:38
08-09-2025 18:28:34.885 INFO Current price: 0.000000029611 - Current percentage: -31.97% - Max: 110.27% - Min: -31.97% - Market Cap 6347 - Trading time: 00:03:45
08-09-2025 18:28:35.460 INFO Current price: 0.000000029559 - Current percentage: -32.15% - Max: 110.27% - Min: -32.15% - Market Cap 6330 - Trading time: 00:03:46
08-09-2025 18:28:40.212 INFO Current price: 0.000000029503 - Current percentage: -32.23% - Max: 110.27% - Min: -32.23% - Market Cap 6323 - Trading time: 00:03:50
08-09-2025 18:28:41.684 INFO Current price: 0.000000029395 - Current percentage: -32.65% - Max: 110.27% - Min: -32.65% - Market Cap 6283 - Trading time: 00:03:52
08-09-2025 18:28:45.828 INFO Current price: 0.000000029235 - Current percentage: -32.96% - Max: 110.27% - Min: -32.96% - Market Cap 6255 - Trading time: 00:03:56
08-09-2025 18:28:51.729 INFO Current price: 0.000000029150 - Current percentage: -33.04% - Max: 110.27% - Min: -33.04% - Market Cap 6247 - Trading time: 00:04:02
08-09-2025 18:28:53.350 INFO Current price: 0.000000029102 - Current percentage: -33.18% - Max: 110.27% - Min: -33.18% - Market Cap 6234 - Trading time: 00:04:03
08-09-2025 18:28:59.595 INFO Current price: 0.000000029050 - Current percentage: -33.28% - Max: 110.27% - Min: -33.28% - Market Cap 6225 - Trading time: 00:04:10
08-09-2025 18:29:21.108 INFO Current price: 0.000000028997 - Current percentage: -33.43% - Max: 110.27% - Min: -33.43% - Market Cap 6211 - Trading time: 00:04:31
08-09-2025 18:29:24.367 INFO Current price: 0.000000028844 - Current percentage: -33.98% - Max: 110.27% - Min: -33.98% - Market Cap 6159 - Trading time: 00:04:34
08-09-2025 18:29:32.076 INFO Current price: 0.000000028695 - Current percentage: -34.11% - Max: 110.27% - Min: -34.11% - Market Cap 6147 - Trading time: 00:04:42
08-09-2025 18:29:32.683 INFO Current price: 0.000000028665 - Current percentage: -34.12% - Max: 110.27% - Min: -34.12% - Market Cap 6147 - Trading time: 00:04:43
08-09-2025 18:30:00.249 INFO Current price: 0.000000028628 - Current percentage: -34.28% - Max: 110.27% - Min: -34.28% - Market Cap 6131 - Trading time: 00:05:10
08-09-2025 18:30:05.027 INFO Current price: 0.000000028592 - Current percentage: -34.28% - Max: 110.27% - Min: -34.28% - Market Cap 6131 - Trading time: 00:05:15
08-09-2025 18:30:24.081 INFO Current price: 0.000000028584 - Current percentage: -34.32% - Max: 110.27% - Min: -34.32% - Market Cap 6128 - Trading time: 00:05:34
08-09-2025 18:30:40.526 INFO Current price: 0.000000028564 - Current percentage: -34.38% - Max: 110.27% - Min: -34.38% - Market Cap 6122 - Trading time: 00:05:51
08-09-2025 18:31:09.094 INFO Current price: 0.000000028521 - Current percentage: -34.51% - Max: 110.27% - Min: -34.51% - Market Cap 6110 - Trading time: 00:06:19
08-09-2025 18:38:29.637 INFO Current price: 0.000000028404 - Current percentage: -34.72% - Max: 110.27% - Min: -34.72% - Market Cap 6090 - Trading time: 00:13:40
08-09-2025 18:40:08.320 INFO Current price: 0.000000028273 - Current percentage: -34.92% - Max: 110.27% - Min: -34.92% - Market Cap 6072 - Trading time: 00:15:18
08-09-2025 18:40:09.115 INFO Current price: 0.000000028216 - Current percentage: -34.99% - Max: 110.27% - Min: -34.99% - Market Cap 6066 - Trading time: 00:15:19
08-09-2025 18:44:08.411 INFO Current price: 0.000000028188 - Current percentage: -35.05% - Max: 110.27% - Min: -35.05% - Market Cap 6060 - Trading time: 00:19:18






08-09-2025 18:44:49.426 INFO {"type":"summary","reason":"max_window","startedAt":"2025-09-08T16:24:49.425Z","endedAt":"2025-09-08T16:44:49.426Z","durationSec":1200,"entryPrice":4.907631948928266e-8,"entryMarketCapSol":43.510663173103545,"entryMarketCapUsd":9329.991504208594,"minPct":-35.04939753766941,"maxPct":110.27445894754892,"buyCount":241,"sellCount":211,"tradeCount":452,"entryRecorded":true,"noPostThresholdTrades":false,"triggerAt":"2025-09-08T16:24:49.425Z","ageAtTriggerSec":7,"preTotalTrades":10,"preBuys":7,"preSells":3,"preUniqueTraders":7,"preEntryTotalTrades":16,"preEntryBuys":12,"preEntrySells":4,"preEntryUniqueTraders":11,"preEntryMinMcUsd":7383.979477946962,"preEntryMaxMcUsd":11869.537942731335,"thresholdMcSol":43.510663173103545,"thresholdMcUsd":9329.991504208594,"thresholdPrice":4.907631948928266e-8}
