08-09-2025 13:45:11.916 INFO Entry price: 0.000000041098892600 - Entry market cap: 8074 - Buys 11 - Sells 7 - Ratio: 1:0.64 - Min MarketCap: 7241 - Max MarketCap: 10091
08-09-2025 13:45:11.916 INFO Current price: 0.000000041099 - Current percentage: 0.00% - Max: 0.00% - Min: 0.00% - Market Cap 8074 - Trading time: 00:00:02
08-09-2025 13:45:12.191 INFO Current price: 0.000000036071 - Current percentage: -7.85% - Max: 0.00% - Min: -7.85% - Market Cap 7440 - Trading time: 00:00:02
08-09-2025 13:45:12.195 INFO Current price: 0.000000033502 - Current percentage: -14.93% - Max: 0.00% - Min: -14.93% - Market Cap 6869 - Trading time: 00:00:02
08-09-2025 13:45:12.560 INFO Current price: 0.000000032209 - Current percentage: -14.83% - Max: 0.00% - Min: -14.93% - Market Cap 6877 - Trading time: 00:00:02
08-09-2025 13:45:13.495 INFO Current price: 0.000000032233 - Current percentage: -14.80% - Max: 0.00% - Min: -14.93% - Market Cap 6879 - Trading time: 00:00:03
08-09-2025 13:45:14.521 INFO Current price: 0.000000030084 - Current percentage: -25.80% - Max: 0.00% - Min: -25.80% - Market Cap 5991 - Trading time: 00:00:04
08-09-2025 13:45:14.959 INFO Current price: 0.000000028071 - Current percentage: -25.82% - Max: 0.00% - Min: -25.82% - Market Cap 5989 - Trading time: 00:00:05
08-09-2025 13:45:15.720 INFO Current price: 0.000000029058 - Current percentage: -20.50% - Max: 0.00% - Min: -25.82% - Market Cap 6419 - Trading time: 00:00:05
08-09-2025 13:45:15.738 INFO Current price: 0.000000031118 - Current percentage: -14.93% - Max: 0.00% - Min: -25.82% - Market Cap 6869 - Trading time: 00:00:05
08-09-2025 13:45:15.738 INFO Current price: 0.000000033284 - Current percentage: -9.04% - Max: 0.00% - Min: -25.82% - Market Cap 7344 - Trading time: 00:00:05
08-09-2025 13:45:16.116 INFO Current price: 0.000000034426 - Current percentage: -9.00% - Max: 0.00% - Min: -25.82% - Market Cap 7348 - Trading time: 00:00:06
08-09-2025 13:45:16.134 INFO Current price: 0.000000034443 - Current percentage: -8.95% - Max: 0.00% - Min: -25.82% - Market Cap 7352 - Trading time: 00:00:06
08-09-2025 13:45:16.137 INFO Current price: 0.000000034460 - Current percentage: -8.91% - Max: 0.00% - Min: -25.82% - Market Cap 7355 - Trading time: 00:00:06
08-09-2025 13:45:16.139 INFO Current price: 0.000000034469 - Current percentage: -8.90% - Max: 0.00% - Min: -25.82% - Market Cap 7355 - Trading time: 00:00:06
08-09-2025 13:45:16.174 INFO Current price: 0.000000034480 - Current percentage: -8.85% - Max: 0.00% - Min: -25.82% - Market Cap 7360 - Trading time: 00:00:06
08-09-2025 13:45:16.175 INFO Current price: 0.000000034491 - Current percentage: -8.85% - Max: 0.00% - Min: -25.82% - Market Cap 7360 - Trading time: 00:00:06
08-09-2025 13:45:16.218 INFO Current price: 0.000000034502 - Current percentage: -8.79% - Max: 0.00% - Min: -25.82% - Market Cap 7365 - Trading time: 00:00:06
08-09-2025 13:45:16.221 INFO Current price: 0.000000034521 - Current percentage: -8.75% - Max: 0.00% - Min: -25.82% - Market Cap 7368 - Trading time: 00:00:06
08-09-2025 13:45:16.645 INFO Current price: 0.000000034530 - Current percentage: -8.74% - Max: 0.00% - Min: -25.82% - Market Cap 7368 - Trading time: 00:00:06
08-09-2025 13:45:16.822 INFO Current price: 0.000000034531 - Current percentage: -8.74% - Max: 0.00% - Min: -25.82% - Market Cap 7369 - Trading time: 00:00:06
08-09-2025 13:45:16.856 INFO Current price: 0.000000034510 - Current percentage: -8.86% - Max: 0.00% - Min: -25.82% - Market Cap 7359 - Trading time: 00:00:06
08-09-2025 13:45:19.310 INFO Current price: 0.000000035619 - Current percentage: -2.78% - Max: 0.00% - Min: -25.82% - Market Cap 7850 - Trading time: 00:00:09
08-09-2025 13:45:19.339 INFO Current price: 0.000000037846 - Current percentage: 2.90% - Max: 2.90% - Min: -25.82% - Market Cap 8309 - Trading time: 00:00:09
08-09-2025 13:45:19.343 INFO Current price: 0.000000040193 - Current percentage: 9.65% - Max: 9.65% - Min: -25.82% - Market Cap 8854 - Trading time: 00:00:09
08-09-2025 13:45:19.637 INFO Current price: 0.000000041491 - Current percentage: 9.65% - Max: 9.65% - Min: -25.82% - Market Cap 8854 - Trading time: 00:00:09
08-09-2025 13:45:20.457 INFO Current price: 0.000000041513 - Current percentage: 9.77% - Max: 9.77% - Min: -25.82% - Market Cap 8863 - Trading time: 00:00:10
08-09-2025 13:45:20.461 INFO Current price: 0.000000041466 - Current percentage: 9.40% - Max: 9.77% - Min: -25.82% - Market Cap 8834 - Trading time: 00:00:10
08-09-2025 13:45:21.460 INFO Current price: 0.000000041396 - Current percentage: 9.40% - Max: 9.77% - Min: -25.82% - Market Cap 8834 - Trading time: 00:00:11
08-09-2025 13:45:21.465 INFO Current price: 0.000000041392 - Current percentage: 9.38% - Max: 9.77% - Min: -25.82% - Market Cap 8832 - Trading time: 00:00:11
08-09-2025 13:45:21.465 INFO Current price: 0.000000041383 - Current percentage: 9.36% - Max: 9.77% - Min: -25.82% - Market Cap 8830 - Trading time: 00:00:11
08-09-2025 13:45:21.465 INFO Current price: 0.000000041376 - Current percentage: 9.34% - Max: 9.77% - Min: -25.82% - Market Cap 8828 - Trading time: 00:00:11
08-09-2025 13:45:21.472 INFO Current price: 0.000000041368 - Current percentage: 9.32% - Max: 9.77% - Min: -25.82% - Market Cap 8827 - Trading time: 00:00:11
08-09-2025 13:45:21.473 INFO Current price: 0.000000041361 - Current percentage: 9.30% - Max: 9.77% - Min: -25.82% - Market Cap 8825 - Trading time: 00:00:11
08-09-2025 13:45:21.831 INFO Current price: 0.000000041357 - Current percentage: 9.30% - Max: 9.77% - Min: -25.82% - Market Cap 8825 - Trading time: 00:00:11
08-09-2025 13:45:22.182 INFO Current price: 0.000000041356 - Current percentage: 9.29% - Max: 9.77% - Min: -25.82% - Market Cap 8825 - Trading time: 00:00:12
08-09-2025 13:45:23.003 INFO Current price: 0.000000041356 - Current percentage: 9.29% - Max: 9.77% - Min: -25.82% - Market Cap 8825 - Trading time: 00:00:13
08-09-2025 13:45:23.006 INFO Current price: 0.000000041351 - Current percentage: 9.27% - Max: 9.77% - Min: -25.82% - Market Cap 8823 - Trading time: 00:00:13
08-09-2025 13:45:24.802 INFO Current price: 0.000000038422 - Current percentage: -5.64% - Max: 9.77% - Min: -25.82% - Market Cap 7619 - Trading time: 00:00:14
08-09-2025 13:45:24.804 INFO Current price: 0.000000033562 - Current percentage: -16.62% - Max: 9.77% - Min: -25.82% - Market Cap 6732 - Trading time: 00:00:14
08-09-2025 13:45:24.805 INFO Current price: 0.000000029742 - Current percentage: -25.90% - Max: 9.77% - Min: -25.90% - Market Cap 5983 - Trading time: 00:00:14
08-09-2025 13:45:25.132 INFO Current price: 0.000000028040 - Current percentage: -25.90% - Max: 9.77% - Min: -25.90% - Market Cap 5983 - Trading time: 00:00:15
08-09-2025 13:45:26.271 INFO Current price: 0.000000028037 - Current percentage: -25.91% - Max: 9.77% - Min: -25.91% - Market Cap 5982 - Trading time: 00:00:16
08-09-2025 13:45:26.380 INFO Current price: 0.000000028033 - Current percentage: -25.92% - Max: 9.77% - Min: -25.92% - Market Cap 5981 - Trading time: 00:00:16
08-09-2025 13:45:26.384 INFO Current price: 0.000000028029 - Current percentage: -25.93% - Max: 9.77% - Min: -25.93% - Market Cap 5981 - Trading time: 00:00:16
08-09-2025 13:45:26.384 INFO Current price: 0.000000028025 - Current percentage: -25.94% - Max: 9.77% - Min: -25.94% - Market Cap 5980 - Trading time: 00:00:16
08-09-2025 13:45:26.386 INFO Current price: 0.000000028020 - Current percentage: -25.96% - Max: 9.77% - Min: -25.96% - Market Cap 5979 - Trading time: 00:00:16
08-09-2025 13:45:26.585 INFO Current price: 0.000000028017 - Current percentage: -25.96% - Max: 9.77% - Min: -25.96% - Market Cap 5979 - Trading time: 00:00:16
08-09-2025 13:45:26.595 INFO Current price: 0.000000028017 - Current percentage: -25.96% - Max: 9.77% - Min: -25.96% - Market Cap 5979 - Trading time: 00:00:16
08-09-2025 13:45:27.175 INFO Current price: 0.000000028017 - Current percentage: -25.96% - Max: 9.77% - Min: -25.96% - Market Cap 5978 - Trading time: 00:00:17
08-09-2025 13:45:27.837 INFO Current price: 0.000000028014 - Current percentage: -25.97% - Max: 9.77% - Min: -25.97% - Market Cap 5977 - Trading time: 00:00:17
08-09-2025 13:45:27.839 INFO Current price: 0.000000028011 - Current percentage: -25.97% - Max: 9.77% - Min: -25.97% - Market Cap 5977 - Trading time: 00:00:17
08-09-2025 13:45:31.499 INFO Current price: 0.000000028009 - Current percentage: -25.98% - Max: 9.77% - Min: -25.98% - Market Cap 5976 - Trading time: 00:00:21
08-09-2025 13:45:31.501 INFO Current price: 0.000000028005 - Current percentage: -25.99% - Max: 9.77% - Min: -25.99% - Market Cap 5976 - Trading time: 00:00:21
08-09-2025 13:45:31.503 INFO Current price: 0.000000028001 - Current percentage: -26.01% - Max: 9.77% - Min: -26.01% - Market Cap 5975 - Trading time: 00:00:21
08-09-2025 13:45:31.547 INFO Current price: 0.000000028045 - Current percentage: -25.76% - Max: 9.77% - Min: -26.01% - Market Cap 5995 - Trading time: 00:00:21
08-09-2025 13:45:31.547 INFO Current price: 0.000000028090 - Current percentage: -25.77% - Max: 9.77% - Min: -26.01% - Market Cap 5993 - Trading time: 00:00:21
08-09-2025 13:45:31.549 INFO Current price: 0.000000028087 - Current percentage: -25.77% - Max: 9.77% - Min: -26.01% - Market Cap 5993 - Trading time: 00:00:21
08-09-2025 13:45:31.552 INFO Current price: 0.000000028084 - Current percentage: -25.79% - Max: 9.77% - Min: -26.01% - Market Cap 5992 - Trading time: 00:00:21
08-09-2025 13:45:32.082 INFO Current price: 0.000000028082 - Current percentage: -25.79% - Max: 9.77% - Min: -26.01% - Market Cap 5992 - Trading time: 00:00:22
08-09-2025 13:45:32.344 INFO Current price: 0.000000028081 - Current percentage: -25.79% - Max: 9.77% - Min: -26.01% - Market Cap 5992 - Trading time: 00:00:22
08-09-2025 13:45:32.346 INFO Current price: 0.000000028079 - Current percentage: -25.80% - Max: 9.77% - Min: -26.01% - Market Cap 5991 - Trading time: 00:00:22
08-09-2025 13:45:32.348 INFO Current price: 0.000000028077 - Current percentage: -25.80% - Max: 9.77% - Min: -26.01% - Market Cap 5991 - Trading time: 00:00:22
08-09-2025 13:45:46.006 INFO Current price: 0.000000028081 - Current percentage: -25.77% - Max: 9.77% - Min: -26.01% - Market Cap 5993 - Trading time: 00:00:36
08-09-2025 13:45:47.116 INFO Current price: 0.000000028105 - Current percentage: -25.68% - Max: 9.77% - Min: -26.01% - Market Cap 6001 - Trading time: 00:00:37
08-09-2025 13:45:53.409 INFO Current price: 0.000000028100 - Current percentage: -25.80% - Max: 9.77% - Min: -26.01% - Market Cap 5991 - Trading time: 00:00:43
08-09-2025 13:47:20.215 INFO Current price: 0.000000028078 - Current percentage: -25.77% - Max: 9.77% - Min: -26.01% - Market Cap 5994 - Trading time: 00:02:10
08-09-2025 13:48:52.575 INFO Current price: 0.000000028033 - Current percentage: -26.02% - Max: 9.77% - Min: -26.02% - Market Cap 5974 - Trading time: 00:03:42
08-09-2025 13:49:25.316 INFO Current price: 0.000000027974 - Current percentage: -26.08% - Max: 9.77% - Min: -26.08% - Market Cap 5969 - Trading time: 00:04:15






08-09-2025 13:59:25.317 INFO {"type":"summary","reason":"inactivity","startedAt":"2025-09-08T11:45:09.916Z","endedAt":"2025-09-08T11:59:25.317Z","durationSec":855,"entryPrice":4.1098892600186346e-8,"entryMarketCapSol":37.83896786392977,"entryMarketCapUsd":8074.4573524839725,"minPct":-26.081351280573887,"maxPct":9.769088157565402,"buyCount":25,"sellCount":45,"tradeCount":70,"entryRecorded":true,"noPostThresholdTrades":false,"triggerAt":"2025-09-08T11:45:09.916Z","ageAtTriggerSec":4,"preTotalTrades":15,"preBuys":10,"preSells":5,"preUniqueTraders":10,"preEntryTotalTrades":18,"preEntryBuys":11,"preEntrySells":7,"preEntryUniqueTraders":11,"preEntryMinMcUsd":7240.957765172251,"preEntryMaxMcUsd":10091.131050498034,"thresholdMcSol":37.83896786392977,"thresholdMcUsd":8074.4573524839725,"thresholdPrice":4.1098892600186346e-8}
