07-09-2025 06:50:09.289 INFO Entry price: 0.000000068350876942 - Entry market cap: 13174 - Buys 41 - Sells 5 - Ratio: 1:0.12 - Min MarketCap: 10613 - Max MarketCap: 14587
07-09-2025 06:50:09.289 INFO Current price: 0.000000068351 - Current percentage: 0.00% - Max: 0.00% - Min: 0.00% - Market Cap 13174 - Trading time: 00:00:02
07-09-2025 06:50:15.986 INFO Current price: 0.000000064998 - Current percentage: -0.02% - Max: 0.00% - Min: -0.02% - Market Cap 13172 - Trading time: 00:00:08
07-09-2025 06:50:19.868 INFO Current price: 0.000000065163 - Current percentage: 0.55% - Max: 0.55% - Min: -0.02% - Market Cap 13247 - Trading time: 00:00:12
07-09-2025 06:50:20.789 INFO Current price: 0.000000065418 - Current percentage: 0.77% - Max: 0.77% - Min: -0.02% - Market Cap 13275 - Trading time: 00:00:13
07-09-2025 06:50:20.789 INFO Current price: 0.000000066207 - Current percentage: 2.99% - Max: 2.99% - Min: -0.02% - Market Cap 13568 - Trading time: 00:00:13
07-09-2025 06:50:21.382 INFO Current price: 0.000000067075 - Current percentage: 3.43% - Max: 3.43% - Min: -0.02% - Market Cap 13625 - Trading time: 00:00:14
07-09-2025 06:50:21.915 INFO Current price: 0.000000067521 - Current percentage: 4.37% - Max: 4.37% - Min: -0.02% - Market Cap 13749 - Trading time: 00:00:14
07-09-2025 06:50:23.656 INFO Current price: 0.000000068741 - Current percentage: 7.20% - Max: 7.20% - Min: -0.02% - Market Cap 14122 - Trading time: 00:00:16
07-09-2025 06:50:23.656 INFO Current price: 0.000000069668 - Current percentage: 7.20% - Max: 7.20% - Min: -0.02% - Market Cap 14122 - Trading time: 00:00:16
07-09-2025 06:50:23.756 INFO Current price: 0.000000070027 - Current percentage: 8.31% - Max: 8.31% - Min: -0.02% - Market Cap 14268 - Trading time: 00:00:16
07-09-2025 06:50:24.087 INFO Current price: 0.000000070253 - Current percentage: 7.89% - Max: 8.31% - Min: -0.02% - Market Cap 14213 - Trading time: 00:00:16
07-09-2025 06:50:25.395 INFO Current price: 0.000000070692 - Current percentage: 9.67% - Max: 9.67% - Min: -0.02% - Market Cap 14448 - Trading time: 00:00:18
07-09-2025 06:50:26.527 INFO Current price: 0.000000071913 - Current percentage: 11.65% - Max: 11.65% - Min: -0.02% - Market Cap 14708 - Trading time: 00:00:19
07-09-2025 06:50:26.838 INFO Current price: 0.000000072573 - Current percentage: 11.69% - Max: 11.69% - Min: -0.02% - Market Cap 14714 - Trading time: 00:00:19
07-09-2025 06:50:27.854 INFO Current price: 0.000000072708 - Current percentage: 12.06% - Max: 12.06% - Min: -0.02% - Market Cap 14763 - Trading time: 00:00:20
07-09-2025 06:50:28.160 INFO Current price: 0.000000072882 - Current percentage: 12.17% - Max: 12.17% - Min: -0.02% - Market Cap 14777 - Trading time: 00:00:20
07-09-2025 06:50:28.160 INFO Current price: 0.000000073269 - Current percentage: 13.31% - Max: 13.31% - Min: -0.02% - Market Cap 14928 - Trading time: 00:00:20
07-09-2025 06:50:28.824 INFO Current price: 0.000000074126 - Current percentage: 14.81% - Max: 14.81% - Min: -0.02% - Market Cap 15125 - Trading time: 00:00:21
07-09-2025 06:50:29.082 INFO Current price: 0.000000074628 - Current percentage: 14.85% - Max: 14.85% - Min: -0.02% - Market Cap 15131 - Trading time: 00:00:21
07-09-2025 06:50:29.086 INFO Current price: 0.000000074658 - Current percentage: 14.90% - Max: 14.90% - Min: -0.02% - Market Cap 15137 - Trading time: 00:00:21
07-09-2025 06:50:29.487 INFO Current price: 0.000000074564 - Current percentage: 14.57% - Max: 14.90% - Min: -0.02% - Market Cap 15093 - Trading time: 00:00:22
07-09-2025 06:50:30.016 INFO Current price: 0.000000074546 - Current percentage: 14.85% - Max: 14.90% - Min: -0.02% - Market Cap 15130 - Trading time: 00:00:22
07-09-2025 06:50:31.151 INFO Current price: 0.000000075064 - Current percentage: 16.16% - Max: 16.16% - Min: -0.02% - Market Cap 15303 - Trading time: 00:00:23
07-09-2025 06:50:32.456 INFO Current price: 0.000000067484 - Current percentage: -7.18% - Max: 16.16% - Min: -7.18% - Market Cap 12229 - Trading time: 00:00:25
07-09-2025 06:50:32.456 INFO Current price: 0.000000060555 - Current percentage: -6.47% - Max: 16.16% - Min: -7.18% - Market Cap 12322 - Trading time: 00:00:25
07-09-2025 06:50:34.094 INFO Current price: 0.000000061418 - Current percentage: -4.51% - Max: 16.16% - Min: -7.18% - Market Cap 12579 - Trading time: 00:00:26
07-09-2025 06:50:34.095 INFO Current price: 0.000000062205 - Current percentage: -4.06% - Max: 16.16% - Min: -7.18% - Market Cap 12640 - Trading time: 00:00:26
07-09-2025 06:50:34.630 INFO Current price: 0.000000062983 - Current percentage: -2.11% - Max: 16.16% - Min: -7.18% - Market Cap 12896 - Trading time: 00:00:27
07-09-2025 06:50:35.788 INFO Current price: 0.000000064406 - Current percentage: 0.33% - Max: 16.16% - Min: -7.18% - Market Cap 13217 - Trading time: 00:00:28
07-09-2025 06:50:36.637 INFO Current price: 0.000000065257 - Current percentage: 0.50% - Max: 16.16% - Min: -7.18% - Market Cap 13239 - Trading time: 00:00:29
07-09-2025 06:50:36.978 INFO Current price: 0.000000065425 - Current percentage: 0.85% - Max: 16.16% - Min: -7.18% - Market Cap 13286 - Trading time: 00:00:29
07-09-2025 06:50:38.432 INFO Current price: 0.000000066125 - Current percentage: 2.66% - Max: 16.16% - Min: -7.18% - Market Cap 13524 - Trading time: 00:00:31
07-09-2025 06:50:38.886 INFO Current price: 0.000000060868 - Current percentage: -14.55% - Max: 16.16% - Min: -14.55% - Market Cap 11257 - Trading time: 00:00:31
07-09-2025 06:50:39.415 INFO Current price: 0.000000056068 - Current percentage: -12.90% - Max: 16.16% - Min: -14.55% - Market Cap 11475 - Trading time: 00:00:32
07-09-2025 06:50:40.580 INFO Current price: 0.000000057258 - Current percentage: -10.88% - Max: 16.16% - Min: -14.55% - Market Cap 11740 - Trading time: 00:00:33
07-09-2025 06:50:41.678 INFO Current price: 0.000000058345 - Current percentage: -9.56% - Max: 16.16% - Min: -14.55% - Market Cap 11915 - Trading time: 00:00:34
07-09-2025 06:50:42.918 INFO Current price: 0.000000059169 - Current percentage: -8.35% - Max: 16.16% - Min: -14.55% - Market Cap 12074 - Trading time: 00:00:35
07-09-2025 06:50:43.418 INFO Current price: 0.000000059575 - Current percentage: -8.31% - Max: 16.16% - Min: -14.55% - Market Cap 12079 - Trading time: 00:00:36
07-09-2025 06:50:44.106 INFO Current price: 0.000000059817 - Current percentage: -7.60% - Max: 16.16% - Min: -14.55% - Market Cap 12173 - Trading time: 00:00:36
07-09-2025 06:50:45.359 INFO Current price: 0.000000060039 - Current percentage: -7.63% - Max: 16.16% - Min: -14.55% - Market Cap 12168 - Trading time: 00:00:38
07-09-2025 06:50:45.360 INFO Current price: 0.000000060465 - Current percentage: -6.29% - Max: 16.16% - Min: -14.55% - Market Cap 12346 - Trading time: 00:00:38
07-09-2025 06:50:46.373 INFO Current price: 0.000000060975 - Current percentage: -6.07% - Max: 16.16% - Min: -14.55% - Market Cap 12375 - Trading time: 00:00:39
07-09-2025 06:50:46.469 INFO Current price: 0.000000061170 - Current percentage: -5.69% - Max: 16.16% - Min: -14.55% - Market Cap 12425 - Trading time: 00:00:39
07-09-2025 06:50:47.642 INFO Current price: 0.000000062164 - Current percentage: -2.99% - Max: 16.16% - Min: -14.55% - Market Cap 12780 - Trading time: 00:00:40
07-09-2025 06:50:48.808 INFO Current price: 0.000000063115 - Current percentage: -2.78% - Max: 16.16% - Min: -14.55% - Market Cap 12808 - Trading time: 00:00:41
07-09-2025 06:50:51.248 INFO Current price: 0.000000063409 - Current percentage: -2.08% - Max: 16.16% - Min: -14.55% - Market Cap 12899 - Trading time: 00:00:43
07-09-2025 06:50:51.248 INFO Current price: 0.000000063762 - Current percentage: -1.69% - Max: 16.16% - Min: -14.55% - Market Cap 12951 - Trading time: 00:00:43
07-09-2025 06:50:52.256 INFO Current price: 0.000000064044 - Current percentage: -1.21% - Max: 16.16% - Min: -14.55% - Market Cap 13014 - Trading time: 00:00:44
07-09-2025 06:50:53.505 INFO Current price: 0.000000064680 - Current percentage: 0.27% - Max: 16.16% - Min: -14.55% - Market Cap 13209 - Trading time: 00:00:46
07-09-2025 06:50:54.152 INFO Current price: 0.000000065237 - Current percentage: 0.50% - Max: 16.16% - Min: -14.55% - Market Cap 13239 - Trading time: 00:00:46
07-09-2025 06:50:54.734 INFO Current price: 0.000000065768 - Current percentage: 1.91% - Max: 16.16% - Min: -14.55% - Market Cap 13425 - Trading time: 00:00:47
07-09-2025 06:50:56.095 INFO Current price: 0.000000066615 - Current percentage: 3.10% - Max: 16.16% - Min: -14.55% - Market Cap 13583 - Trading time: 00:00:48
07-09-2025 06:50:56.505 INFO Current price: 0.000000067035 - Current percentage: 3.19% - Max: 16.16% - Min: -14.55% - Market Cap 13595 - Trading time: 00:00:49
07-09-2025 06:50:58.922 INFO Current price: 0.000000066740 - Current percentage: 2.20% - Max: 16.16% - Min: -14.55% - Market Cap 13463 - Trading time: 00:00:51
07-09-2025 06:50:59.165 INFO Current price: 0.000000066772 - Current percentage: 3.29% - Max: 16.16% - Min: -14.55% - Market Cap 13608 - Trading time: 00:00:51
07-09-2025 06:50:59.257 INFO Current price: 0.000000067203 - Current percentage: 3.52% - Max: 16.16% - Min: -14.55% - Market Cap 13637 - Trading time: 00:00:51
07-09-2025 06:50:59.779 INFO Current price: 0.000000067566 - Current percentage: 4.41% - Max: 16.16% - Min: -14.55% - Market Cap 13755 - Trading time: 00:00:52
07-09-2025 06:50:59.779 INFO Current price: 0.000000067872 - Current percentage: 4.46% - Max: 16.16% - Min: -14.55% - Market Cap 13761 - Trading time: 00:00:52
07-09-2025 06:51:00.393 INFO Current price: 0.000000067901 - Current percentage: 4.50% - Max: 16.16% - Min: -14.55% - Market Cap 13767 - Trading time: 00:00:53
07-09-2025 06:51:01.743 INFO Current price: 0.000000068119 - Current percentage: 5.13% - Max: 16.16% - Min: -14.55% - Market Cap 13850 - Trading time: 00:00:54
07-09-2025 06:51:02.662 INFO Current price: 0.000000068512 - Current percentage: 5.71% - Max: 16.16% - Min: -14.55% - Market Cap 13927 - Trading time: 00:00:55
07-09-2025 06:51:02.958 INFO Current price: 0.000000069613 - Current percentage: 8.53% - Max: 16.16% - Min: -14.55% - Market Cap 14298 - Trading time: 00:00:55
07-09-2025 06:51:04.179 INFO Current price: 0.000000070669 - Current percentage: 8.94% - Max: 16.16% - Min: -14.55% - Market Cap 14352 - Trading time: 00:00:56
07-09-2025 06:51:04.396 INFO Current price: 0.000000070805 - Current percentage: 8.95% - Max: 16.16% - Min: -14.55% - Market Cap 14353 - Trading time: 00:00:57
07-09-2025 06:51:04.407 INFO Current price: 0.000000070698 - Current percentage: 8.62% - Max: 16.16% - Min: -14.55% - Market Cap 14309 - Trading time: 00:00:57
07-09-2025 06:51:05.603 INFO Current price: 0.000000071031 - Current percentage: 9.98% - Max: 16.16% - Min: -14.55% - Market Cap 14489 - Trading time: 00:00:58
07-09-2025 06:51:06.473 INFO Current price: 0.000000072103 - Current percentage: 11.92% - Max: 16.16% - Min: -14.55% - Market Cap 14744 - Trading time: 00:00:59
07-09-2025 06:51:06.606 INFO Current price: 0.000000073346 - Current percentage: 13.81% - Max: 16.16% - Min: -14.55% - Market Cap 14993 - Trading time: 00:00:59
07-09-2025 06:51:06.678 INFO Current price: 0.000000074032 - Current percentage: 14.02% - Max: 16.16% - Min: -14.55% - Market Cap 15021 - Trading time: 00:00:59
07-09-2025 06:51:07.111 INFO Current price: 0.000000073986 - Current percentage: 13.67% - Max: 16.16% - Min: -14.55% - Market Cap 14975 - Trading time: 00:00:59
07-09-2025 06:51:07.352 INFO Current price: 0.000000073756 - Current percentage: 13.31% - Max: 16.16% - Min: -14.55% - Market Cap 14928 - Trading time: 00:01:00
07-09-2025 06:51:07.658 INFO Current price: 0.000000074243 - Current percentage: 15.17% - Max: 16.16% - Min: -14.55% - Market Cap 15173 - Trading time: 00:01:00
07-09-2025 06:51:08.494 INFO Current price: 0.000000074453 - Current percentage: 13.95% - Max: 16.16% - Min: -14.55% - Market Cap 15012 - Trading time: 00:01:01
07-09-2025 06:51:08.960 INFO Current price: 0.000000074314 - Current percentage: 14.74% - Max: 16.16% - Min: -14.55% - Market Cap 15116 - Trading time: 00:01:01
07-09-2025 06:51:10.107 INFO Current price: 0.000000074357 - Current percentage: 14.09% - Max: 16.16% - Min: -14.55% - Market Cap 15030 - Trading time: 00:01:02
07-09-2025 06:51:10.184 INFO Current price: 0.000000074763 - Current percentage: 16.00% - Max: 16.16% - Min: -14.55% - Market Cap 15282 - Trading time: 00:01:02
07-09-2025 06:51:11.331 INFO Current price: 0.000000075464 - Current percentage: 16.23% - Max: 16.23% - Min: -14.55% - Market Cap 15313 - Trading time: 00:01:04
07-09-2025 06:51:12.468 INFO Current price: 0.000000075739 - Current percentage: 16.85% - Max: 16.85% - Min: -14.55% - Market Cap 15394 - Trading time: 00:01:05
07-09-2025 06:51:13.630 INFO Current price: 0.000000076108 - Current percentage: 17.37% - Max: 17.37% - Min: -14.55% - Market Cap 15462 - Trading time: 00:01:06
07-09-2025 06:51:15.029 INFO Current price: 0.000000077185 - Current percentage: 20.18% - Max: 20.18% - Min: -14.55% - Market Cap 15833 - Trading time: 00:01:07
07-09-2025 06:51:16.261 INFO Current price: 0.000000078728 - Current percentage: 22.11% - Max: 22.11% - Min: -14.55% - Market Cap 16086 - Trading time: 00:01:08
07-09-2025 06:51:17.386 INFO Current price: 0.000000080094 - Current percentage: 24.39% - Max: 24.39% - Min: -14.55% - Market Cap 16387 - Trading time: 00:01:10
07-09-2025 06:51:18.252 INFO Current price: 0.000000081330 - Current percentage: 25.90% - Max: 25.90% - Min: -14.55% - Market Cap 16587 - Trading time: 00:01:10
07-09-2025 06:51:19.448 INFO Current price: 0.000000081935 - Current percentage: 26.25% - Max: 26.25% - Min: -14.55% - Market Cap 16632 - Trading time: 00:01:12
07-09-2025 06:51:20.246 INFO Current price: 0.000000082063 - Current percentage: 26.30% - Max: 26.30% - Min: -14.55% - Market Cap 16638 - Trading time: 00:01:12
07-09-2025 06:51:21.065 INFO Current price: 0.000000082286 - Current percentage: 26.94% - Max: 26.94% - Min: -14.55% - Market Cap 16722 - Trading time: 00:01:13
07-09-2025 06:51:21.066 INFO Current price: 0.000000083348 - Current percentage: 29.57% - Max: 29.57% - Min: -14.55% - Market Cap 17070 - Trading time: 00:01:13
07-09-2025 06:51:21.276 INFO Current price: 0.000000084226 - Current percentage: 29.62% - Max: 29.62% - Min: -14.55% - Market Cap 17077 - Trading time: 00:01:13
07-09-2025 06:51:21.817 INFO Current price: 0.000000084727 - Current percentage: 31.12% - Max: 31.12% - Min: -14.55% - Market Cap 17274 - Trading time: 00:01:14
07-09-2025 06:51:23.112 INFO Current price: 0.000000085654 - Current percentage: 32.48% - Max: 32.48% - Min: -14.55% - Market Cap 17453 - Trading time: 00:01:15
07-09-2025 06:51:23.663 INFO Current price: 0.000000078630 - Current percentage: 10.50% - Max: 32.48% - Min: -14.55% - Market Cap 14557 - Trading time: 00:01:16
07-09-2025 06:51:24.237 INFO Current price: 0.000000072246 - Current percentage: 11.84% - Max: 32.48% - Min: -14.55% - Market Cap 14734 - Trading time: 00:01:16
07-09-2025 06:51:24.445 INFO Current price: 0.000000072603 - Current percentage: 11.59% - Max: 32.48% - Min: -14.55% - Market Cap 14701 - Trading time: 00:01:17
07-09-2025 06:51:25.364 INFO Current price: 0.000000071954 - Current percentage: 9.85% - Max: 32.48% - Min: -14.55% - Market Cap 14472 - Trading time: 00:01:18
07-09-2025 06:51:25.365 INFO Current price: 0.000000071582 - Current percentage: 10.44% - Max: 32.48% - Min: -14.55% - Market Cap 14549 - Trading time: 00:01:18
07-09-2025 06:51:26.557 INFO Current price: 0.000000071937 - Current percentage: 10.94% - Max: 32.48% - Min: -14.55% - Market Cap 14616 - Trading time: 00:01:19
07-09-2025 06:51:27.922 INFO Current price: 0.000000072551 - Current percentage: 12.33% - Max: 32.48% - Min: -14.55% - Market Cap 14798 - Trading time: 00:01:20
07-09-2025 06:51:28.841 INFO Current price: 0.000000073370 - Current percentage: 13.47% - Max: 32.48% - Min: -14.55% - Market Cap 14948 - Trading time: 00:01:21
07-09-2025 06:51:28.933 INFO Current price: 0.000000073909 - Current percentage: 13.98% - Max: 32.48% - Min: -14.55% - Market Cap 15016 - Trading time: 00:01:21
07-09-2025 06:51:30.275 INFO Current price: 0.000000074927 - Current percentage: 16.61% - Max: 32.48% - Min: -14.55% - Market Cap 15363 - Trading time: 00:01:22
07-09-2025 06:51:31.914 INFO Current price: 0.000000076354 - Current percentage: 18.37% - Max: 32.48% - Min: -14.55% - Market Cap 15594 - Trading time: 00:01:24
07-09-2025 06:51:33.447 INFO Current price: 0.000000076941 - Current percentage: 18.41% - Max: 32.48% - Min: -14.55% - Market Cap 15600 - Trading time: 00:01:26
07-09-2025 06:51:33.580 INFO Current price: 0.000000077049 - Current percentage: 18.70% - Max: 32.48% - Min: -14.55% - Market Cap 15637 - Trading time: 00:01:26
07-09-2025 06:51:34.994 INFO Current price: 0.000000077963 - Current percentage: 21.24% - Max: 32.48% - Min: -14.55% - Market Cap 15972 - Trading time: 00:01:27
07-09-2025 06:51:36.306 INFO Current price: 0.000000072972 - Current percentage: 3.99% - Max: 32.48% - Min: -14.55% - Market Cap 13699 - Trading time: 00:01:29
07-09-2025 06:51:36.749 INFO Current price: 0.000000067979 - Current percentage: 5.21% - Max: 32.48% - Min: -14.55% - Market Cap 13861 - Trading time: 00:01:29
07-09-2025 06:51:36.828 INFO Current price: 0.000000068508 - Current percentage: 5.62% - Max: 32.48% - Min: -14.55% - Market Cap 13914 - Trading time: 00:01:29
07-09-2025 06:51:37.916 INFO Current price: 0.000000069558 - Current percentage: 8.47% - Max: 32.48% - Min: -14.55% - Market Cap 14289 - Trading time: 00:01:30
07-09-2025 06:51:39.280 INFO Current price: 0.000000070851 - Current percentage: 9.58% - Max: 32.48% - Min: -14.55% - Market Cap 14436 - Trading time: 00:01:31
07-09-2025 06:51:40.715 INFO Current price: 0.000000071927 - Current percentage: 11.78% - Max: 32.48% - Min: -14.55% - Market Cap 14726 - Trading time: 00:01:33
07-09-2025 06:51:41.683 INFO Current price: 0.000000073098 - Current percentage: 13.18% - Max: 32.48% - Min: -14.55% - Market Cap 14910 - Trading time: 00:01:34
07-09-2025 06:51:42.832 INFO Current price: 0.000000074202 - Current percentage: 15.18% - Max: 32.48% - Min: -14.55% - Market Cap 15174 - Trading time: 00:01:35
07-09-2025 06:51:44.266 INFO Current price: 0.000000074980 - Current percentage: 15.56% - Max: 32.48% - Min: -14.55% - Market Cap 15224 - Trading time: 00:01:36
07-09-2025 06:51:45.933 INFO Current price: 0.000000074722 - Current percentage: 14.39% - Max: 32.48% - Min: -14.55% - Market Cap 15070 - Trading time: 00:01:38
07-09-2025 06:51:45.933 INFO Current price: 0.000000075261 - Current percentage: 17.23% - Max: 32.48% - Min: -14.55% - Market Cap 15444 - Trading time: 00:01:38
07-09-2025 06:51:46.707 INFO Current price: 0.000000076344 - Current percentage: 17.71% - Max: 32.48% - Min: -14.55% - Market Cap 15507 - Trading time: 00:01:39
07-09-2025 06:51:47.571 INFO Current price: 0.000000077101 - Current percentage: 19.57% - Max: 32.48% - Min: -14.55% - Market Cap 15752 - Trading time: 00:01:40
07-09-2025 06:51:48.901 INFO Current price: 0.000000078281 - Current percentage: 21.34% - Max: 32.48% - Min: -14.55% - Market Cap 15986 - Trading time: 00:01:41
07-09-2025 06:51:49.515 INFO Current price: 0.000000078681 - Current percentage: 20.79% - Max: 32.48% - Min: -14.55% - Market Cap 15913 - Trading time: 00:01:42
07-09-2025 06:51:49.931 INFO Current price: 0.000000079326 - Current percentage: 23.34% - Max: 32.48% - Min: -14.55% - Market Cap 16249 - Trading time: 00:01:42
07-09-2025 06:51:51.153 INFO Current price: 0.000000080616 - Current percentage: 24.75% - Max: 32.48% - Min: -14.55% - Market Cap 16435 - Trading time: 00:01:43
07-09-2025 06:51:53.404 INFO Current price: 0.000000082044 - Current percentage: 27.75% - Max: 32.48% - Min: -14.55% - Market Cap 16830 - Trading time: 00:01:46
07-09-2025 06:51:54.630 INFO Current price: 0.000000083120 - Current percentage: 28.05% - Max: 32.48% - Min: -14.55% - Market Cap 16869 - Trading time: 00:01:47
07-09-2025 06:51:55.884 INFO Current price: 0.000000083715 - Current percentage: 29.59% - Max: 32.48% - Min: -14.55% - Market Cap 17072 - Trading time: 00:01:48
07-09-2025 06:51:56.994 INFO Current price: 0.000000084459 - Current percentage: 30.33% - Max: 32.48% - Min: -14.55% - Market Cap 17170 - Trading time: 00:01:49
07-09-2025 06:51:58.417 INFO Current price: 0.000000085270 - Current percentage: 32.09% - Max: 32.48% - Min: -14.55% - Market Cap 17401 - Trading time: 00:01:51
07-09-2025 06:51:59.442 INFO Current price: 0.000000085956 - Current percentage: 32.44% - Max: 32.48% - Min: -14.55% - Market Cap 17447 - Trading time: 00:01:52
07-09-2025 06:51:59.481 INFO Current price: 0.000000083388 - Current percentage: 27.38% - Max: 32.48% - Min: -14.55% - Market Cap 16781 - Trading time: 00:01:52
07-09-2025 06:51:59.483 INFO Current price: 0.000000081589 - Current percentage: 25.48% - Max: 32.48% - Min: -14.55% - Market Cap 16530 - Trading time: 00:01:52
07-09-2025 06:51:59.490 INFO Current price: 0.000000079323 - Current percentage: 21.84% - Max: 32.48% - Min: -14.55% - Market Cap 16051 - Trading time: 00:01:52
07-09-2025 06:51:59.490 INFO Current price: 0.000000079076 - Current percentage: 21.51% - Max: 32.48% - Min: -14.55% - Market Cap 16008 - Trading time: 00:01:52
07-09-2025 06:51:59.544 INFO Current price: 0.000000075087 - Current percentage: 14.77% - Max: 32.48% - Min: -14.55% - Market Cap 15120 - Trading time: 00:01:52
07-09-2025 06:51:59.544 INFO Current price: 0.000000071586 - Current percentage: 9.55% - Max: 32.48% - Min: -14.55% - Market Cap 14433 - Trading time: 00:01:52
07-09-2025 06:51:59.544 INFO Current price: 0.000000068898 - Current percentage: 5.56% - Max: 32.48% - Min: -14.55% - Market Cap 13907 - Trading time: 00:01:52
07-09-2025 06:51:59.544 INFO Current price: 0.000000066749 - Current percentage: 2.32% - Max: 32.48% - Min: -14.55% - Market Cap 13480 - Trading time: 00:01:52
07-09-2025 06:51:59.544 INFO Current price: 0.000000064859 - Current percentage: -0.55% - Max: 32.48% - Min: -14.55% - Market Cap 13102 - Trading time: 00:01:52
07-09-2025 06:51:59.748 INFO Current price: 0.000000063480 - Current percentage: -2.54% - Max: 32.48% - Min: -14.55% - Market Cap 12840 - Trading time: 00:01:52
07-09-2025 06:51:59.748 INFO Current price: 0.000000062469 - Current percentage: -4.06% - Max: 32.48% - Min: -14.55% - Market Cap 12640 - Trading time: 00:01:52
07-09-2025 06:51:59.748 INFO Current price: 0.000000061567 - Current percentage: -5.43% - Max: 32.48% - Min: -14.55% - Market Cap 12458 - Trading time: 00:01:52
07-09-2025 06:51:59.748 INFO Current price: 0.000000060713 - Current percentage: -6.74% - Max: 32.48% - Min: -14.55% - Market Cap 12286 - Trading time: 00:01:52
07-09-2025 06:51:59.748 INFO Current price: 0.000000059963 - Current percentage: -7.84% - Max: 32.48% - Min: -14.55% - Market Cap 12141 - Trading time: 00:01:52
07-09-2025 06:52:00.362 INFO Current price: 0.000000059764 - Current percentage: -8.24% - Max: 32.48% - Min: -14.55% - Market Cap 12089 - Trading time: 00:01:53
07-09-2025 06:52:00.483 INFO Current price: 0.000000060164 - Current percentage: -6.60% - Max: 32.48% - Min: -14.55% - Market Cap 12304 - Trading time: 00:01:53
07-09-2025 06:52:01.639 INFO Current price: 0.000000060862 - Current percentage: -6.10% - Max: 32.48% - Min: -14.55% - Market Cap 12371 - Trading time: 00:01:54
07-09-2025 06:52:03.086 INFO Current price: 0.000000061496 - Current percentage: -4.65% - Max: 32.48% - Min: -14.55% - Market Cap 12561 - Trading time: 00:01:55
07-09-2025 06:52:04.146 INFO Current price: 0.000000062467 - Current percentage: -3.11% - Max: 32.48% - Min: -14.55% - Market Cap 12765 - Trading time: 00:01:56
07-09-2025 06:52:05.067 INFO Current price: 0.000000063459 - Current percentage: -1.60% - Max: 32.48% - Min: -14.55% - Market Cap 12964 - Trading time: 00:01:57
07-09-2025 06:52:06.463 INFO Current price: 0.000000064021 - Current percentage: -1.38% - Max: 32.48% - Min: -14.55% - Market Cap 12992 - Trading time: 00:01:59
07-09-2025 06:52:06.608 INFO Current price: 0.000000064444 - Current percentage: -0.29% - Max: 32.48% - Min: -14.55% - Market Cap 13136 - Trading time: 00:01:59
07-09-2025 06:52:07.220 INFO Current price: 0.000000064814 - Current percentage: -0.25% - Max: 32.48% - Min: -14.55% - Market Cap 13141 - Trading time: 00:01:59
07-09-2025 06:52:08.037 INFO Current price: 0.000000064653 - Current percentage: -0.78% - Max: 32.48% - Min: -14.55% - Market Cap 13071 - Trading time: 00:02:00
07-09-2025 06:52:08.138 INFO Current price: 0.000000064888 - Current percentage: 0.48% - Max: 32.48% - Min: -14.55% - Market Cap 13237 - Trading time: 00:02:00
07-09-2025 06:52:08.945 INFO Current price: 0.000000066189 - Current percentage: 3.23% - Max: 32.48% - Min: -14.55% - Market Cap 13600 - Trading time: 00:02:01
07-09-2025 06:52:08.949 INFO Current price: 0.000000067088 - Current percentage: 3.23% - Max: 32.48% - Min: -14.55% - Market Cap 13599 - Trading time: 00:02:01
07-09-2025 06:52:09.675 INFO Current price: 0.000000067226 - Current percentage: 3.66% - Max: 32.48% - Min: -14.55% - Market Cap 13656 - Trading time: 00:02:02
07-09-2025 06:52:10.186 INFO Current price: 0.000000068269 - Current percentage: 6.45% - Max: 32.48% - Min: -14.55% - Market Cap 14024 - Trading time: 00:02:02
07-09-2025 06:52:11.274 INFO Current price: 0.000000069255 - Current percentage: 6.68% - Max: 32.48% - Min: -14.55% - Market Cap 14053 - Trading time: 00:02:03
07-09-2025 06:52:12.472 INFO Current price: 0.000000070165 - Current percentage: 9.27% - Max: 32.48% - Min: -14.55% - Market Cap 14395 - Trading time: 00:02:05
07-09-2025 06:52:12.475 INFO Current price: 0.000000070853 - Current percentage: 8.78% - Max: 32.48% - Min: -14.55% - Market Cap 14331 - Trading time: 00:02:05
07-09-2025 06:52:12.476 INFO Current price: 0.000000070770 - Current percentage: 9.01% - Max: 32.48% - Min: -14.55% - Market Cap 14361 - Trading time: 00:02:05
07-09-2025 06:52:12.847 INFO Current price: 0.000000070991 - Current percentage: 9.46% - Max: 32.48% - Min: -14.55% - Market Cap 14420 - Trading time: 00:02:05
07-09-2025 06:52:13.666 INFO Current price: 0.000000071554 - Current percentage: 10.75% - Max: 32.48% - Min: -14.55% - Market Cap 14590 - Trading time: 00:02:06
07-09-2025 06:52:14.792 INFO Current price: 0.000000072124 - Current percentage: 11.21% - Max: 32.48% - Min: -14.55% - Market Cap 14651 - Trading time: 00:02:07
07-09-2025 06:52:16.839 INFO Current price: 0.000000072529 - Current percentage: 11.99% - Max: 32.48% - Min: -14.55% - Market Cap 14754 - Trading time: 00:02:09
07-09-2025 06:52:16.842 INFO Current price: 0.000000072770 - Current percentage: 11.95% - Max: 32.48% - Min: -14.55% - Market Cap 14748 - Trading time: 00:02:09
07-09-2025 06:52:16.842 INFO Current price: 0.000000069291 - Current percentage: 5.95% - Max: 32.48% - Min: -14.55% - Market Cap 13957 - Trading time: 00:02:09
07-09-2025 06:52:16.939 INFO Current price: 0.000000065979 - Current percentage: 0.92% - Max: 32.48% - Min: -14.55% - Market Cap 13295 - Trading time: 00:02:09
07-09-2025 06:52:16.944 INFO Current price: 0.000000062965 - Current percentage: -3.67% - Max: 32.48% - Min: -14.55% - Market Cap 12691 - Trading time: 00:02:09
07-09-2025 06:52:16.944 INFO Current price: 0.000000060216 - Current percentage: -7.84% - Max: 32.48% - Min: -14.55% - Market Cap 12141 - Trading time: 00:02:09
07-09-2025 06:52:16.944 INFO Current price: 0.000000057730 - Current percentage: -11.62% - Max: 32.48% - Min: -14.55% - Market Cap 11643 - Trading time: 00:02:09
07-09-2025 06:52:16.946 INFO Current price: 0.000000056710 - Current percentage: -12.88% - Max: 32.48% - Min: -14.55% - Market Cap 11477 - Trading time: 00:02:09
07-09-2025 06:52:16.948 INFO Current price: 0.000000056108 - Current percentage: -13.83% - Max: 32.48% - Min: -14.55% - Market Cap 11352 - Trading time: 00:02:09
07-09-2025 06:52:16.954 INFO Current price: 0.000000053057 - Current percentage: -18.93% - Max: 32.48% - Min: -18.93% - Market Cap 10680 - Trading time: 00:02:09
07-09-2025 06:52:16.956 INFO Current price: 0.000000050903 - Current percentage: -22.07% - Max: 32.48% - Min: -22.07% - Market Cap 10266 - Trading time: 00:02:09
07-09-2025 06:52:17.055 INFO Current price: 0.000000049446 - Current percentage: -23.99% - Max: 32.48% - Min: -23.99% - Market Cap 10014 - Trading time: 00:02:09
07-09-2025 06:52:17.656 INFO Current price: 0.000000049605 - Current percentage: -23.68% - Max: 32.48% - Min: -23.99% - Market Cap 10054 - Trading time: 00:02:10
07-09-2025 06:52:18.272 INFO Current price: 0.000000050106 - Current percentage: -22.11% - Max: 32.48% - Min: -23.99% - Market Cap 10261 - Trading time: 00:02:10
07-09-2025 06:52:19.107 INFO Current price: 0.000000050533 - Current percentage: -22.38% - Max: 32.48% - Min: -23.99% - Market Cap 10226 - Trading time: 00:02:11
07-09-2025 06:52:19.499 INFO Current price: 0.000000050570 - Current percentage: -21.99% - Max: 32.48% - Min: -23.99% - Market Cap 10276 - Trading time: 00:02:12
07-09-2025 06:52:20.013 INFO Current price: 0.000000050688 - Current percentage: -22.02% - Max: 32.48% - Min: -23.99% - Market Cap 10273 - Trading time: 00:02:12
07-09-2025 06:52:20.842 INFO Current price: 0.000000050982 - Current percentage: -21.09% - Max: 32.48% - Min: -23.99% - Market Cap 10396 - Trading time: 00:02:13
07-09-2025 06:52:21.789 INFO Current price: 0.000000052042 - Current percentage: -18.74% - Max: 32.48% - Min: -23.99% - Market Cap 10705 - Trading time: 00:02:14
07-09-2025 06:52:23.252 INFO Current price: 0.000000052935 - Current percentage: -18.35% - Max: 32.48% - Min: -23.99% - Market Cap 10756 - Trading time: 00:02:15
07-09-2025 06:52:23.252 INFO Current price: 0.000000053512 - Current percentage: -16.96% - Max: 32.48% - Min: -23.99% - Market Cap 10940 - Trading time: 00:02:15
07-09-2025 06:52:24.485 INFO Current price: 0.000000054408 - Current percentage: -15.60% - Max: 32.48% - Min: -23.99% - Market Cap 11119 - Trading time: 00:02:17
07-09-2025 06:52:25.434 INFO Current price: 0.000000054877 - Current percentage: -15.52% - Max: 32.48% - Min: -23.99% - Market Cap 11129 - Trading time: 00:02:18
07-09-2025 06:52:25.434 INFO Current price: 0.000000055086 - Current percentage: -14.96% - Max: 32.48% - Min: -23.99% - Market Cap 11204 - Trading time: 00:02:18
07-09-2025 06:52:26.676 INFO Current price: 0.000000055453 - Current percentage: -14.39% - Max: 32.48% - Min: -23.99% - Market Cap 11278 - Trading time: 00:02:19
07-09-2025 06:52:26.772 INFO Current price: 0.000000055656 - Current percentage: -14.33% - Max: 32.48% - Min: -23.99% - Market Cap 11286 - Trading time: 00:02:19
07-09-2025 06:52:27.863 INFO Current price: 0.000000055965 - Current percentage: -13.44% - Max: 32.48% - Min: -23.99% - Market Cap 11404 - Trading time: 00:02:20
07-09-2025 06:52:28.816 INFO Current price: 0.000000056930 - Current percentage: -11.35% - Max: 32.48% - Min: -23.99% - Market Cap 11679 - Trading time: 00:02:21
07-09-2025 06:52:30.055 INFO Current price: 0.000000057920 - Current percentage: -10.40% - Max: 32.48% - Min: -23.99% - Market Cap 11804 - Trading time: 00:02:22
07-09-2025 06:52:31.164 INFO Current price: 0.000000058364 - Current percentage: -9.99% - Max: 32.48% - Min: -23.99% - Market Cap 11858 - Trading time: 00:02:23
07-09-2025 06:52:31.179 INFO Current price: 0.000000058488 - Current percentage: -10.02% - Max: 32.48% - Min: -23.99% - Market Cap 11854 - Trading time: 00:02:23
07-09-2025 06:52:31.321 INFO Current price: 0.000000058544 - Current percentage: -9.81% - Max: 32.48% - Min: -23.99% - Market Cap 11881 - Trading time: 00:02:24
07-09-2025 06:52:31.693 INFO Current price: 0.000000058637 - Current percentage: -9.73% - Max: 32.48% - Min: -23.99% - Market Cap 11892 - Trading time: 00:02:24
07-09-2025 06:52:32.393 INFO Current price: 0.000000058403 - Current percentage: -10.53% - Max: 32.48% - Min: -23.99% - Market Cap 11786 - Trading time: 00:02:25
07-09-2025 06:52:32.393 INFO Current price: 0.000000058984 - Current percentage: -7.93% - Max: 32.48% - Min: -23.99% - Market Cap 12129 - Trading time: 00:02:25
07-09-2025 06:52:33.621 INFO Current price: 0.000000060627 - Current percentage: -5.48% - Max: 32.48% - Min: -23.99% - Market Cap 12452 - Trading time: 00:02:26
07-09-2025 06:52:34.931 INFO Current price: 0.000000061857 - Current percentage: -4.16% - Max: 32.48% - Min: -23.99% - Market Cap 12626 - Trading time: 00:02:27
07-09-2025 06:52:35.976 INFO Current price: 0.000000062719 - Current percentage: -2.83% - Max: 32.48% - Min: -23.99% - Market Cap 12802 - Trading time: 00:02:28
07-09-2025 06:52:37.111 INFO Current price: 0.000000063587 - Current percentage: -1.48% - Max: 32.48% - Min: -23.99% - Market Cap 12978 - Trading time: 00:02:29
07-09-2025 06:52:38.277 INFO Current price: 0.000000064180 - Current percentage: -1.01% - Max: 32.48% - Min: -23.99% - Market Cap 13041 - Trading time: 00:02:30
07-09-2025 06:52:39.434 INFO Current price: 0.000000064929 - Current percentage: 0.83% - Max: 32.48% - Min: -23.99% - Market Cap 13283 - Trading time: 00:02:32
07-09-2025 06:52:40.699 INFO Current price: 0.000000065514 - Current percentage: 0.79% - Max: 32.48% - Min: -23.99% - Market Cap 13278 - Trading time: 00:02:33
07-09-2025 06:52:40.989 INFO Current price: 0.000000065742 - Current percentage: 1.53% - Max: 32.48% - Min: -23.99% - Market Cap 13376 - Trading time: 00:02:33
07-09-2025 06:52:41.672 INFO Current price: 0.000000066143 - Current percentage: 2.02% - Max: 32.48% - Min: -23.99% - Market Cap 13440 - Trading time: 00:02:34
07-09-2025 06:52:41.836 INFO Current price: 0.000000067152 - Current percentage: 4.65% - Max: 32.48% - Min: -23.99% - Market Cap 13787 - Trading time: 00:02:34
07-09-2025 06:52:43.164 INFO Current price: 0.000000068915 - Current percentage: 7.45% - Max: 32.48% - Min: -23.99% - Market Cap 14155 - Trading time: 00:02:35
07-09-2025 06:52:44.148 INFO Current price: 0.000000070167 - Current percentage: 8.49% - Max: 32.48% - Min: -23.99% - Market Cap 14293 - Trading time: 00:02:36
07-09-2025 06:52:45.289 INFO Current price: 0.000000070480 - Current percentage: 8.41% - Max: 32.48% - Min: -23.99% - Market Cap 14281 - Trading time: 00:02:38
07-09-2025 06:52:45.352 INFO Current price: 0.000000071236 - Current percentage: 10.83% - Max: 32.48% - Min: -23.99% - Market Cap 14601 - Trading time: 00:02:38
07-09-2025 06:52:46.576 INFO Current price: 0.000000072851 - Current percentage: 13.38% - Max: 32.48% - Min: -23.99% - Market Cap 14936 - Trading time: 00:02:39
07-09-2025 06:52:49.729 INFO Current price: 0.000000073865 - Current percentage: 13.94% - Max: 32.48% - Min: -23.99% - Market Cap 15010 - Trading time: 00:02:42
07-09-2025 06:52:50.710 INFO Current price: 0.000000074824 - Current percentage: 16.34% - Max: 32.48% - Min: -23.99% - Market Cap 15327 - Trading time: 00:02:43
07-09-2025 06:52:51.325 INFO Current price: 0.000000071820 - Current percentage: 10.19% - Max: 32.48% - Min: -23.99% - Market Cap 14516 - Trading time: 00:02:44
07-09-2025 06:52:51.325 INFO Current price: 0.000000068243 - Current percentage: 4.01% - Max: 32.48% - Min: -23.99% - Market Cap 13702 - Trading time: 00:02:44
07-09-2025 06:52:51.332 INFO Current price: 0.000000062533 - Current percentage: -4.87% - Max: 32.48% - Min: -23.99% - Market Cap 12532 - Trading time: 00:02:44
07-09-2025 06:52:51.332 INFO Current price: 0.000000061354 - Current percentage: -6.31% - Max: 32.48% - Min: -23.99% - Market Cap 12343 - Trading time: 00:02:44
07-09-2025 06:52:51.333 INFO Current price: 0.000000057778 - Current percentage: -11.19% - Max: 32.48% - Min: -23.99% - Market Cap 11699 - Trading time: 00:02:44
07-09-2025 06:52:51.333 INFO Current price: 0.000000055799 - Current percentage: -14.32% - Max: 32.48% - Min: -23.99% - Market Cap 11288 - Trading time: 00:02:44
07-09-2025 06:52:51.333 INFO Current price: 0.000000054454 - Current percentage: -16.63% - Max: 32.48% - Min: -23.99% - Market Cap 10983 - Trading time: 00:02:44
07-09-2025 06:52:51.333 INFO Current price: 0.000000052248 - Current percentage: -20.78% - Max: 32.48% - Min: -23.99% - Market Cap 10437 - Trading time: 00:02:44
07-09-2025 06:52:51.333 INFO Current price: 0.000000050721 - Current percentage: -22.34% - Max: 32.48% - Min: -23.99% - Market Cap 10230 - Trading time: 00:02:44
07-09-2025 06:52:51.433 INFO Current price: 0.000000048470 - Current percentage: -25.82% - Max: 32.48% - Min: -25.82% - Market Cap 9773 - Trading time: 00:02:44
07-09-2025 06:52:51.433 INFO Current price: 0.000000046641 - Current percentage: -28.55% - Max: 32.48% - Min: -28.55% - Market Cap 9413 - Trading time: 00:02:44
07-09-2025 06:52:51.436 INFO Current price: 0.000000045220 - Current percentage: -30.66% - Max: 32.48% - Min: -30.66% - Market Cap 9135 - Trading time: 00:02:44
07-09-2025 06:52:51.436 INFO Current price: 0.000000044072 - Current percentage: -32.39% - Max: 32.48% - Min: -32.39% - Market Cap 8906 - Trading time: 00:02:44
07-09-2025 06:52:51.436 INFO Current price: 0.000000043054 - Current percentage: -33.94% - Max: 32.48% - Min: -33.94% - Market Cap 8703 - Trading time: 00:02:44
07-09-2025 06:52:51.555 INFO Current price: 0.000000042853 - Current percentage: -34.18% - Max: 32.48% - Min: -34.18% - Market Cap 8671 - Trading time: 00:02:44
07-09-2025 06:52:53.285 INFO Current price: 0.000000042886 - Current percentage: -33.84% - Max: 32.48% - Min: -34.18% - Market Cap 8716 - Trading time: 00:02:45
07-09-2025 06:52:53.781 INFO Current price: 0.000000043243 - Current percentage: -33.08% - Max: 32.48% - Min: -34.18% - Market Cap 8815 - Trading time: 00:02:46
07-09-2025 06:52:55.522 INFO Current price: 0.000000044174 - Current percentage: -31.96% - Max: 32.48% - Min: -34.18% - Market Cap 8963 - Trading time: 00:02:48
07-09-2025 06:52:55.550 INFO Current price: 0.000000044274 - Current percentage: -31.78% - Max: 32.48% - Min: -34.18% - Market Cap 8987 - Trading time: 00:02:48
07-09-2025 06:52:56.097 INFO Current price: 0.000000042998 - Current percentage: -34.28% - Max: 32.48% - Min: -34.28% - Market Cap 8658 - Trading time: 00:02:48
07-09-2025 06:52:56.101 INFO Current price: 0.000000041120 - Current percentage: -36.98% - Max: 32.48% - Min: -36.98% - Market Cap 8302 - Trading time: 00:02:48
07-09-2025 06:52:56.108 INFO Current price: 0.000000039598 - Current percentage: -39.37% - Max: 32.48% - Min: -39.37% - Market Cap 7987 - Trading time: 00:02:48
07-09-2025 06:52:56.110 INFO Current price: 0.000000038292 - Current percentage: -41.37% - Max: 32.48% - Min: -41.37% - Market Cap 7724 - Trading time: 00:02:48
07-09-2025 06:52:56.114 INFO Current price: 0.000000037054 - Current percentage: -43.54% - Max: 32.48% - Min: -43.54% - Market Cap 7438 - Trading time: 00:02:48
07-09-2025 06:52:56.114 INFO Current price: 0.000000036198 - Current percentage: -44.39% - Max: 32.48% - Min: -44.39% - Market Cap 7326 - Trading time: 00:02:48
07-09-2025 06:52:56.121 INFO Current price: 0.000000035761 - Current percentage: -45.05% - Max: 32.48% - Min: -45.05% - Market Cap 7239 - Trading time: 00:02:48
07-09-2025 06:52:56.121 INFO Current price: 0.000000035369 - Current percentage: -45.65% - Max: 32.48% - Min: -45.65% - Market Cap 7160 - Trading time: 00:02:48
07-09-2025 06:52:56.121 INFO Current price: 0.000000034997 - Current percentage: -46.22% - Max: 32.48% - Min: -46.22% - Market Cap 7085 - Trading time: 00:02:48
07-09-2025 06:52:56.122 INFO Current price: 0.000000034668 - Current percentage: -46.70% - Max: 32.48% - Min: -46.70% - Market Cap 7021 - Trading time: 00:02:48
07-09-2025 06:52:56.229 INFO Current price: 0.000000035019 - Current percentage: -45.52% - Max: 32.48% - Min: -46.70% - Market Cap 7177 - Trading time: 00:02:48
07-09-2025 06:52:57.494 INFO Current price: 0.000000035500 - Current percentage: -45.23% - Max: 32.48% - Min: -46.70% - Market Cap 7215 - Trading time: 00:02:50
07-09-2025 06:52:58.385 INFO Current price: 0.000000035643 - Current percentage: -45.08% - Max: 32.48% - Min: -46.70% - Market Cap 7235 - Trading time: 00:02:51
07-09-2025 06:52:58.796 INFO Current price: 0.000000035786 - Current percentage: -44.79% - Max: 32.48% - Min: -46.70% - Market Cap 7273 - Trading time: 00:02:51
07-09-2025 06:52:58.822 INFO Current price: 0.000000035818 - Current percentage: -44.98% - Max: 32.48% - Min: -46.70% - Market Cap 7248 - Trading time: 00:02:51
07-09-2025 06:53:03.835 INFO Current price: 0.000000035786 - Current percentage: -44.89% - Max: 32.48% - Min: -46.70% - Market Cap 7261 - Trading time: 00:02:56
07-09-2025 06:53:07.644 INFO Current price: 0.000000035753 - Current percentage: -45.09% - Max: 32.48% - Min: -46.70% - Market Cap 7234 - Trading time: 00:03:00
07-09-2025 06:53:07.648 INFO Current price: 0.000000035501 - Current percentage: -45.66% - Max: 32.48% - Min: -46.70% - Market Cap 7159 - Trading time: 00:03:00
07-09-2025 06:53:07.688 INFO Current price: 0.000000035133 - Current percentage: -46.22% - Max: 32.48% - Min: -46.70% - Market Cap 7085 - Trading time: 00:03:00
07-09-2025 06:53:09.850 INFO Current price: 0.000000034922 - Current percentage: -46.31% - Max: 32.48% - Min: -46.70% - Market Cap 7073 - Trading time: 00:03:02
07-09-2025 06:53:11.488 INFO Current price: 0.000000034569 - Current percentage: -47.30% - Max: 32.48% - Min: -47.30% - Market Cap 6943 - Trading time: 00:03:04
07-09-2025 06:53:11.488 INFO Current price: 0.000000034022 - Current percentage: -48.00% - Max: 32.48% - Min: -48.00% - Market Cap 6851 - Trading time: 00:03:04
07-09-2025 06:53:11.492 INFO Current price: 0.000000033493 - Current percentage: -48.93% - Max: 32.48% - Min: -48.93% - Market Cap 6729 - Trading time: 00:03:04
07-09-2025 06:53:11.493 INFO Current price: 0.000000033106 - Current percentage: -49.19% - Max: 32.48% - Min: -49.19% - Market Cap 6693 - Trading time: 00:03:04
07-09-2025 06:53:11.496 INFO Current price: 0.000000032857 - Current percentage: -49.69% - Max: 32.48% - Min: -49.69% - Market Cap 6628 - Trading time: 00:03:04
07-09-2025 06:53:12.270 INFO Current price: 0.000000032685 - Current percentage: -49.72% - Max: 32.48% - Min: -49.72% - Market Cap 6623 - Trading time: 00:03:04
07-09-2025 06:53:15.324 INFO Current price: 0.000000032450 - Current percentage: -50.41% - Max: 32.48% - Min: -50.41% - Market Cap 6533 - Trading time: 00:03:08
07-09-2025 06:53:15.326 INFO Current price: 0.000000032122 - Current percentage: -50.73% - Max: 32.48% - Min: -50.73% - Market Cap 6490 - Trading time: 00:03:08
07-09-2025 06:53:15.329 INFO Current price: 0.000000031781 - Current percentage: -51.46% - Max: 32.48% - Min: -51.46% - Market Cap 6395 - Trading time: 00:03:08
07-09-2025 06:53:15.330 INFO Current price: 0.000000031313 - Current percentage: -52.17% - Max: 32.48% - Min: -52.17% - Market Cap 6300 - Trading time: 00:03:08
07-09-2025 06:53:15.334 INFO Current price: 0.000000031032 - Current percentage: -52.33% - Max: 32.48% - Min: -52.33% - Market Cap 6280 - Trading time: 00:03:08
07-09-2025 06:53:21.003 INFO Current price: 0.000000030913 - Current percentage: -52.54% - Max: 32.48% - Min: -52.54% - Market Cap 6252 - Trading time: 00:03:13
07-09-2025 06:53:22.771 INFO Current price: 0.000000030835 - Current percentage: -52.57% - Max: 32.48% - Min: -52.57% - Market Cap 6249 - Trading time: 00:03:15
07-09-2025 06:53:26.289 INFO Current price: 0.000000030791 - Current percentage: -52.67% - Max: 32.48% - Min: -52.67% - Market Cap 6235 - Trading time: 00:03:19
07-09-2025 06:53:26.812 INFO Current price: 0.000000030736 - Current percentage: -52.74% - Max: 32.48% - Min: -52.74% - Market Cap 6226 - Trading time: 00:03:19
07-09-2025 06:53:27.645 INFO Current price: 0.000000030568 - Current percentage: -53.19% - Max: 32.48% - Min: -53.19% - Market Cap 6167 - Trading time: 00:03:20
07-09-2025 06:53:27.655 INFO Current price: 0.000000030115 - Current percentage: -54.13% - Max: 32.48% - Min: -54.13% - Market Cap 6043 - Trading time: 00:03:20
07-09-2025 06:53:27.657 INFO Current price: 0.000000029738 - Current percentage: -54.35% - Max: 32.48% - Min: -54.35% - Market Cap 6014 - Trading time: 00:03:20
07-09-2025 06:53:27.659 INFO Current price: 0.000000029594 - Current percentage: -54.57% - Max: 32.48% - Min: -54.57% - Market Cap 5985 - Trading time: 00:03:20
07-09-2025 06:53:51.559 INFO Current price: 0.000000029506 - Current percentage: -54.62% - Max: 32.48% - Min: -54.62% - Market Cap 5978 - Trading time: 00:03:44
07-09-2025 06:54:07.770 INFO Current price: 0.000000028889 - Current percentage: -55.78% - Max: 32.48% - Min: -55.78% - Market Cap 5826 - Trading time: 00:04:00
07-09-2025 06:54:08.252 INFO Current price: 0.000000028703 - Current percentage: -55.89% - Max: 32.48% - Min: -55.89% - Market Cap 5811 - Trading time: 00:04:00
07-09-2025 06:54:55.151 INFO Current price: 0.000000028632 - Current percentage: -56.00% - Max: 32.48% - Min: -56.00% - Market Cap 5797 - Trading time: 00:04:47
07-09-2025 06:58:37.115 INFO Current price: 0.000000028576 - Current percentage: -56.04% - Max: 32.48% - Min: -56.04% - Market Cap 5792 - Trading time: 00:08:29
07-09-2025 07:03:35.315 INFO Current price: 0.000000028446 - Current percentage: -56.37% - Max: 32.48% - Min: -56.37% - Market Cap 5748 - Trading time: 00:13:28
07-09-2025 07:06:25.500 INFO Current price: 0.000000028173 - Current percentage: -56.82% - Max: 32.48% - Min: -56.82% - Market Cap 5689 - Trading time: 00:16:18
07-09-2025 07:07:04.898 INFO Current price: 0.000000028018 - Current percentage: -56.85% - Max: 32.48% - Min: -56.85% - Market Cap 5685 - Trading time: 00:16:57






07-09-2025 07:10:07.288 INFO {"type":"summary","reason":"max_window","startedAt":"2025-09-07T04:50:07.287Z","endedAt":"2025-09-07T05:10:07.288Z","durationSec":1200,"entryPrice":6.835087694221898e-8,"entryMarketCapSol":64.98930373878846,"entryMarketCapUsd":13173.98176088981,"minPct":-56.847958761170744,"maxPct":32.477171645829685,"buyCount":168,"sellCount":112,"tradeCount":280,"entryRecorded":true,"noPostThresholdTrades":false,"triggerAt":"2025-09-07T04:50:07.287Z","ageAtTriggerSec":35,"preTotalTrades":46,"preBuys":41,"preSells":5,"preUniqueTraders":40,"preEntryTotalTrades":46,"preEntryBuys":41,"preEntrySells":5,"preEntryUniqueTraders":40,"preEntryMinMcUsd":10613.268670813517,"preEntryMaxMcUsd":14586.847717830984,"thresholdMcSol":64.98930373878846,"thresholdMcUsd":13173.98176088981,"thresholdPrice":6.835087694221898e-8}
