08-09-2025 04:23:08.117 INFO Entry price: 0.000000042118073276 - Entry market cap: 7991 - Buys 36 - Sells 21 - Ratio: 1:0.58 - Min MarketCap: 7636 - Max MarketCap: 10860
08-09-2025 04:23:08.117 INFO Current price: 0.000000042118 - Current percentage: 0.00% - Max: 0.00% - Min: 0.00% - Market Cap 7991 - Trading time: 00:00:02
08-09-2025 04:23:08.570 INFO Current price: 0.000000039574 - Current percentage: 2.46% - Max: 2.46% - Min: 0.00% - Market Cap 8187 - Trading time: 00:00:02
08-09-2025 04:23:08.941 INFO Current price: 0.000000039042 - Current percentage: -0.25% - Max: 2.46% - Min: -0.25% - Market Cap 7971 - Trading time: 00:00:02
08-09-2025 04:23:10.258 INFO Current price: 0.000000038258 - Current percentage: -1.62% - Max: 2.46% - Min: -1.62% - Market Cap 7862 - Trading time: 00:00:04
08-09-2025 04:23:10.475 INFO Current price: 0.000000038017 - Current percentage: -1.51% - Max: 2.46% - Min: -1.62% - Market Cap 7870 - Trading time: 00:00:04
08-09-2025 04:23:10.644 INFO Current price: 0.000000039111 - Current percentage: 4.13% - Max: 4.13% - Min: -1.62% - Market Cap 8321 - Trading time: 00:00:04
08-09-2025 04:23:10.668 INFO Current price: 0.000000041308 - Current percentage: 9.87% - Max: 9.87% - Min: -1.62% - Market Cap 8779 - Trading time: 00:00:04
08-09-2025 04:23:10.816 INFO Current price: 0.000000042453 - Current percentage: 9.99% - Max: 9.99% - Min: -1.62% - Market Cap 8789 - Trading time: 00:00:04
08-09-2025 04:23:10.918 INFO Current price: 0.000000042504 - Current percentage: 10.13% - Max: 10.13% - Min: -1.62% - Market Cap 8800 - Trading time: 00:00:04
08-09-2025 04:23:14.671 INFO Current price: 0.000000044597 - Current percentage: 21.08% - Max: 21.08% - Min: -1.62% - Market Cap 9676 - Trading time: 00:00:08
08-09-2025 04:23:14.681 INFO Current price: 0.000000049311 - Current percentage: 34.64% - Max: 34.64% - Min: -1.62% - Market Cap 10759 - Trading time: 00:00:08
08-09-2025 04:23:15.002 INFO Current price: 0.000000051999 - Current percentage: 34.64% - Max: 34.64% - Min: -1.62% - Market Cap 10759 - Trading time: 00:00:08
08-09-2025 04:23:15.002 INFO Current price: 0.000000052028 - Current percentage: 34.64% - Max: 34.64% - Min: -1.62% - Market Cap 10759 - Trading time: 00:00:08
08-09-2025 04:23:15.156 INFO Current price: 0.000000052077 - Current percentage: 35.05% - Max: 35.05% - Min: -1.62% - Market Cap 10791 - Trading time: 00:00:09
08-09-2025 04:23:15.331 INFO Current price: 0.000000052167 - Current percentage: 35.11% - Max: 35.11% - Min: -1.62% - Market Cap 10796 - Trading time: 00:00:09
08-09-2025 04:23:15.520 INFO Current price: 0.000000054669 - Current percentage: 48.31% - Max: 48.31% - Min: -1.62% - Market Cap 11851 - Trading time: 00:00:09
08-09-2025 04:23:15.757 INFO Current price: 0.000000057278 - Current percentage: 48.31% - Max: 48.31% - Min: -1.62% - Market Cap 11851 - Trading time: 00:00:09
08-09-2025 04:23:16.841 INFO Current price: 0.000000057408 - Current percentage: 48.99% - Max: 48.99% - Min: -1.62% - Market Cap 11905 - Trading time: 00:00:10
08-09-2025 04:23:16.850 INFO Current price: 0.000000057565 - Current percentage: 49.12% - Max: 49.12% - Min: -1.62% - Market Cap 11916 - Trading time: 00:00:10
08-09-2025 04:23:17.208 INFO Current price: 0.000000056709 - Current percentage: 44.59% - Max: 49.12% - Min: -1.62% - Market Cap 11554 - Trading time: 00:00:11
08-09-2025 04:23:17.212 INFO Current price: 0.000000055005 - Current percentage: 40.29% - Max: 49.12% - Min: -1.62% - Market Cap 11211 - Trading time: 00:00:11
08-09-2025 04:23:17.363 INFO Current price: 0.000000054387 - Current percentage: 41.36% - Max: 49.12% - Min: -1.62% - Market Cap 11296 - Trading time: 00:00:11
08-09-2025 04:23:19.108 INFO Current price: 0.000000054474 - Current percentage: 40.74% - Max: 49.12% - Min: -1.62% - Market Cap 11246 - Trading time: 00:00:12
08-09-2025 04:23:19.654 INFO Current price: 0.000000054481 - Current percentage: 41.40% - Max: 49.12% - Min: -1.62% - Market Cap 11299 - Trading time: 00:00:13
08-09-2025 04:23:20.041 INFO Current price: 0.000000055280 - Current percentage: 44.90% - Max: 49.12% - Min: -1.62% - Market Cap 11578 - Trading time: 00:00:13
08-09-2025 04:23:20.201 INFO Current price: 0.000000056569 - Current percentage: 48.07% - Max: 49.12% - Min: -1.62% - Market Cap 11832 - Trading time: 00:00:14
08-09-2025 04:23:20.493 INFO Current price: 0.000000058534 - Current percentage: 55.14% - Max: 55.14% - Min: -1.62% - Market Cap 12397 - Trading time: 00:00:14
08-09-2025 04:23:20.695 INFO Current price: 0.000000060082 - Current percentage: 56.01% - Max: 56.01% - Min: -1.62% - Market Cap 12466 - Trading time: 00:00:14
08-09-2025 04:23:20.805 INFO Current price: 0.000000060524 - Current percentage: 57.43% - Max: 57.43% - Min: -1.62% - Market Cap 12580 - Trading time: 00:00:14
08-09-2025 04:23:21.181 INFO Current price: 0.000000060841 - Current percentage: 57.65% - Max: 57.65% - Min: -1.62% - Market Cap 12597 - Trading time: 00:00:15
08-09-2025 04:23:21.275 INFO Current price: 0.000000063578 - Current percentage: 71.92% - Max: 71.92% - Min: -1.62% - Market Cap 13738 - Trading time: 00:00:15
08-09-2025 04:23:21.557 INFO Current price: 0.000000066534 - Current percentage: 72.64% - Max: 72.64% - Min: -1.62% - Market Cap 13796 - Trading time: 00:00:15
08-09-2025 04:23:21.665 INFO Current price: 0.000000066529 - Current percentage: 71.89% - Max: 72.64% - Min: -1.62% - Market Cap 13735 - Trading time: 00:00:15
08-09-2025 04:23:21.912 INFO Current price: 0.000000065613 - Current percentage: 67.92% - Max: 72.64% - Min: -1.62% - Market Cap 13418 - Trading time: 00:00:15
08-09-2025 04:23:21.923 INFO Current price: 0.000000064005 - Current percentage: 63.57% - Max: 72.64% - Min: -1.62% - Market Cap 13070 - Trading time: 00:00:15
08-09-2025 04:23:22.008 INFO Current price: 0.000000063197 - Current percentage: 63.71% - Max: 72.64% - Min: -1.62% - Market Cap 13082 - Trading time: 00:00:15
08-09-2025 04:23:22.052 INFO Current price: 0.000000063252 - Current percentage: 63.85% - Max: 72.64% - Min: -1.62% - Market Cap 13093 - Trading time: 00:00:15
08-09-2025 04:23:22.295 INFO Current price: 0.000000063690 - Current percentage: 65.99% - Max: 72.64% - Min: -1.62% - Market Cap 13264 - Trading time: 00:00:16
08-09-2025 04:23:23.049 INFO Current price: 0.000000064228 - Current percentage: 66.63% - Max: 72.64% - Min: -1.62% - Market Cap 13315 - Trading time: 00:00:16
08-09-2025 04:23:23.103 INFO Current price: 0.000000064491 - Current percentage: 67.35% - Max: 72.64% - Min: -1.62% - Market Cap 13373 - Trading time: 00:00:16
08-09-2025 04:23:23.545 INFO Current price: 0.000000066026 - Current percentage: 74.66% - Max: 74.66% - Min: -1.62% - Market Cap 13956 - Trading time: 00:00:17
08-09-2025 04:23:23.604 INFO Current price: 0.000000067522 - Current percentage: 75.02% - Max: 75.02% - Min: -1.62% - Market Cap 13986 - Trading time: 00:00:17
08-09-2025 04:23:23.909 INFO Current price: 0.000000067650 - Current percentage: 75.32% - Max: 75.32% - Min: -1.62% - Market Cap 14009 - Trading time: 00:00:17
08-09-2025 04:23:23.983 INFO Current price: 0.000000067573 - Current percentage: 74.62% - Max: 75.32% - Min: -1.62% - Market Cap 13954 - Trading time: 00:00:17
08-09-2025 04:23:24.671 INFO Current price: 0.000000068147 - Current percentage: 78.31% - Max: 78.31% - Min: -1.62% - Market Cap 14248 - Trading time: 00:00:18
08-09-2025 04:23:24.770 INFO Current price: 0.000000068885 - Current percentage: 78.42% - Max: 78.42% - Min: -1.62% - Market Cap 14258 - Trading time: 00:00:18
08-09-2025 04:23:24.917 INFO Current price: 0.000000069265 - Current percentage: 80.28% - Max: 80.28% - Min: -1.62% - Market Cap 14406 - Trading time: 00:00:18
08-09-2025 04:23:24.919 INFO Current price: 0.000000069960 - Current percentage: 82.03% - Max: 82.03% - Min: -1.62% - Market Cap 14545 - Trading time: 00:00:18
08-09-2025 04:23:24.927 INFO Current price: 0.000000070683 - Current percentage: 84.02% - Max: 84.02% - Min: -1.62% - Market Cap 14705 - Trading time: 00:00:18
08-09-2025 04:23:26.095 INFO Current price: 0.000000071215 - Current percentage: 84.78% - Max: 84.78% - Min: -1.62% - Market Cap 14765 - Trading time: 00:00:19
08-09-2025 04:23:26.155 INFO Current price: 0.000000072099 - Current percentage: 88.62% - Max: 88.62% - Min: -1.62% - Market Cap 15072 - Trading time: 00:00:20
08-09-2025 04:23:26.198 INFO Current price: 0.000000072710 - Current percentage: 87.92% - Max: 88.62% - Min: -1.62% - Market Cap 15017 - Trading time: 00:00:20
08-09-2025 04:23:26.202 INFO Current price: 0.000000072722 - Current percentage: 88.68% - Max: 88.68% - Min: -1.62% - Market Cap 15077 - Trading time: 00:00:20
08-09-2025 04:23:26.503 INFO Current price: 0.000000069638 - Current percentage: 72.32% - Max: 88.68% - Min: -1.62% - Market Cap 13770 - Trading time: 00:00:20
08-09-2025 04:23:26.521 INFO Current price: 0.000000066593 - Current percentage: 72.54% - Max: 88.68% - Min: -1.62% - Market Cap 13788 - Trading time: 00:00:20
08-09-2025 04:23:26.918 INFO Current price: 0.000000066919 - Current percentage: 74.02% - Max: 88.68% - Min: -1.62% - Market Cap 13905 - Trading time: 00:00:20
08-09-2025 04:23:26.948 INFO Current price: 0.000000067918 - Current percentage: 77.73% - Max: 88.68% - Min: -1.62% - Market Cap 14202 - Trading time: 00:00:20
08-09-2025 04:23:26.994 INFO Current price: 0.000000073085 - Current percentage: 101.50% - Max: 101.50% - Min: -1.62% - Market Cap 16101 - Trading time: 00:00:20
08-09-2025 04:23:27.379 INFO Current price: 0.000000079373 - Current percentage: 109.63% - Max: 109.63% - Min: -1.62% - Market Cap 16751 - Trading time: 00:00:21
08-09-2025 04:23:27.433 INFO Current price: 0.000000080804 - Current percentage: 108.83% - Max: 109.63% - Min: -1.62% - Market Cap 16687 - Trading time: 00:00:21
08-09-2025 04:23:27.496 INFO Current price: 0.000000082196 - Current percentage: 116.92% - Max: 116.92% - Min: -1.62% - Market Cap 17334 - Trading time: 00:00:21
08-09-2025 04:23:28.478 INFO Current price: 0.000000085351 - Current percentage: 125.17% - Max: 125.17% - Min: -1.62% - Market Cap 17993 - Trading time: 00:00:22
08-09-2025 04:23:28.755 INFO Current price: 0.000000086800 - Current percentage: 124.35% - Max: 125.17% - Min: -1.62% - Market Cap 17927 - Trading time: 00:00:22
08-09-2025 04:23:29.035 INFO Current price: 0.000000086674 - Current percentage: 124.51% - Max: 125.17% - Min: -1.62% - Market Cap 17940 - Trading time: 00:00:22
08-09-2025 04:23:29.037 INFO Current price: 0.000000086722 - Current percentage: 124.60% - Max: 125.17% - Min: -1.62% - Market Cap 17947 - Trading time: 00:00:22
08-09-2025 04:23:29.040 INFO Current price: 0.000000086635 - Current percentage: 124.06% - Max: 125.17% - Min: -1.62% - Market Cap 17904 - Trading time: 00:00:22
08-09-2025 04:23:29.292 INFO Current price: 0.000000085653 - Current percentage: 119.53% - Max: 125.17% - Min: -1.62% - Market Cap 17542 - Trading time: 00:00:23
08-09-2025 04:23:29.423 INFO Current price: 0.000000086369 - Current percentage: 127.83% - Max: 127.83% - Min: -1.62% - Market Cap 18205 - Trading time: 00:00:23
08-09-2025 04:23:29.764 INFO Current price: 0.000000088147 - Current percentage: 128.66% - Max: 128.66% - Min: -1.62% - Market Cap 18272 - Trading time: 00:00:23
08-09-2025 04:23:29.850 INFO Current price: 0.000000087622 - Current percentage: 125.12% - Max: 128.66% - Min: -1.62% - Market Cap 17989 - Trading time: 00:00:23
08-09-2025 04:23:30.068 INFO Current price: 0.000000085882 - Current percentage: 119.67% - Max: 128.66% - Min: -1.62% - Market Cap 17554 - Trading time: 00:00:23
08-09-2025 04:23:30.295 INFO Current price: 0.000000084603 - Current percentage: 118.46% - Max: 128.66% - Min: -1.62% - Market Cap 17457 - Trading time: 00:00:24
08-09-2025 04:23:30.466 INFO Current price: 0.000000084233 - Current percentage: 117.76% - Max: 128.66% - Min: -1.62% - Market Cap 17401 - Trading time: 00:00:24
08-09-2025 04:23:30.578 INFO Current price: 0.000000082078 - Current percentage: 107.42% - Max: 128.66% - Min: -1.62% - Market Cap 16575 - Trading time: 00:00:24
08-09-2025 04:23:30.769 INFO Current price: 0.000000080048 - Current percentage: 107.12% - Max: 128.66% - Min: -1.62% - Market Cap 16551 - Trading time: 00:00:24
08-09-2025 04:23:31.175 INFO Current price: 0.000000080220 - Current percentage: 108.32% - Max: 128.66% - Min: -1.62% - Market Cap 16646 - Trading time: 00:00:25
08-09-2025 04:23:31.182 INFO Current price: 0.000000080212 - Current percentage: 107.08% - Max: 128.66% - Min: -1.62% - Market Cap 16547 - Trading time: 00:00:25
08-09-2025 04:23:31.411 INFO Current price: 0.000000079860 - Current percentage: 106.49% - Max: 128.66% - Min: -1.62% - Market Cap 16500 - Trading time: 00:00:25
08-09-2025 04:23:31.446 INFO Current price: 0.000000079824 - Current percentage: 106.89% - Max: 128.66% - Min: -1.62% - Market Cap 16532 - Trading time: 00:00:25
08-09-2025 04:23:31.448 INFO Current price: 0.000000080055 - Current percentage: 107.69% - Max: 128.66% - Min: -1.62% - Market Cap 16596 - Trading time: 00:00:25
08-09-2025 04:23:31.772 INFO Current price: 0.000000080363 - Current percentage: 108.49% - Max: 128.66% - Min: -1.62% - Market Cap 16660 - Trading time: 00:00:25
08-09-2025 04:23:32.046 INFO Current price: 0.000000080549 - Current percentage: 108.65% - Max: 128.66% - Min: -1.62% - Market Cap 16673 - Trading time: 00:00:25
08-09-2025 04:23:32.873 INFO Current price: 0.000000080642 - Current percentage: 108.97% - Max: 128.66% - Min: -1.62% - Market Cap 16698 - Trading time: 00:00:26
08-09-2025 04:23:33.187 INFO Current price: 0.000000079204 - Current percentage: 101.28% - Max: 128.66% - Min: -1.62% - Market Cap 16084 - Trading time: 00:00:27
08-09-2025 04:23:33.453 INFO Current price: 0.000000079303 - Current percentage: 105.74% - Max: 128.66% - Min: -1.62% - Market Cap 16440 - Trading time: 00:00:27
08-09-2025 04:23:33.470 INFO Current price: 0.000000079355 - Current percentage: 105.22% - Max: 128.66% - Min: -1.62% - Market Cap 16399 - Trading time: 00:00:27
08-09-2025 04:23:33.524 INFO Current price: 0.000000079183 - Current percentage: 104.85% - Max: 128.66% - Min: -1.62% - Market Cap 16369 - Trading time: 00:00:27
08-09-2025 04:23:34.422 INFO Current price: 0.000000079188 - Current percentage: 105.24% - Max: 128.66% - Min: -1.62% - Market Cap 16401 - Trading time: 00:00:28
08-09-2025 04:23:34.566 INFO Current price: 0.000000076596 - Current percentage: 91.66% - Max: 128.66% - Min: -1.62% - Market Cap 15315 - Trading time: 00:00:28
08-09-2025 04:23:34.765 INFO Current price: 0.000000074031 - Current percentage: 91.73% - Max: 128.66% - Min: -1.62% - Market Cap 15321 - Trading time: 00:00:28
08-09-2025 04:23:35.079 INFO Current price: 0.000000073963 - Current percentage: 91.31% - Max: 128.66% - Min: -1.62% - Market Cap 15287 - Trading time: 00:00:28
08-09-2025 04:23:35.179 INFO Current price: 0.000000076104 - Current percentage: 102.99% - Max: 128.66% - Min: -1.62% - Market Cap 16220 - Trading time: 00:00:29
08-09-2025 04:23:35.511 INFO Current price: 0.000000079918 - Current percentage: 110.96% - Max: 128.66% - Min: -1.62% - Market Cap 16858 - Trading time: 00:00:29
08-09-2025 04:23:35.776 INFO Current price: 0.000000082713 - Current percentage: 117.43% - Max: 128.66% - Min: -1.62% - Market Cap 17374 - Trading time: 00:00:29
08-09-2025 04:23:35.783 INFO Current price: 0.000000084761 - Current percentage: 121.54% - Max: 128.66% - Min: -1.62% - Market Cap 17703 - Trading time: 00:00:29
08-09-2025 04:23:35.831 INFO Current price: 0.000000085612 - Current percentage: 121.82% - Max: 128.66% - Min: -1.62% - Market Cap 17725 - Trading time: 00:00:29
08-09-2025 04:23:36.180 INFO Current price: 0.000000085810 - Current percentage: 122.56% - Max: 128.66% - Min: -1.62% - Market Cap 17785 - Trading time: 00:00:30
08-09-2025 04:23:36.234 INFO Current price: 0.000000086034 - Current percentage: 122.98% - Max: 128.66% - Min: -1.62% - Market Cap 17818 - Trading time: 00:00:30
08-09-2025 04:23:36.685 INFO Current price: 0.000000083196 - Current percentage: 108.12% - Max: 128.66% - Min: -1.62% - Market Cap 16631 - Trading time: 00:00:30
08-09-2025 04:23:37.495 INFO Current price: 0.000000080471 - Current percentage: 108.61% - Max: 128.66% - Min: -1.62% - Market Cap 16670 - Trading time: 00:00:31
08-09-2025 04:23:38.226 INFO Current price: 0.000000080628 - Current percentage: 108.94% - Max: 128.66% - Min: -1.62% - Market Cap 16696 - Trading time: 00:00:32
08-09-2025 04:23:39.261 INFO Current price: 0.000000082100 - Current percentage: 116.30% - Max: 128.66% - Min: -1.62% - Market Cap 17284 - Trading time: 00:00:33
08-09-2025 04:23:39.914 INFO Current price: 0.000000083567 - Current percentage: 116.46% - Max: 128.66% - Min: -1.62% - Market Cap 17297 - Trading time: 00:00:33
08-09-2025 04:23:40.133 INFO Current price: 0.000000083638 - Current percentage: 116.67% - Max: 128.66% - Min: -1.62% - Market Cap 17314 - Trading time: 00:00:34
08-09-2025 04:23:40.252 INFO Current price: 0.000000083589 - Current percentage: 116.21% - Max: 128.66% - Min: -1.62% - Market Cap 17277 - Trading time: 00:00:34
08-09-2025 04:23:40.381 INFO Current price: 0.000000080546 - Current percentage: 101.18% - Max: 128.66% - Min: -1.62% - Market Cap 16076 - Trading time: 00:00:34
08-09-2025 04:23:40.676 INFO Current price: 0.000000078252 - Current percentage: 104.07% - Max: 128.66% - Min: -1.62% - Market Cap 16307 - Trading time: 00:00:34
08-09-2025 04:23:40.681 INFO Current price: 0.000000078888 - Current percentage: 104.47% - Max: 128.66% - Min: -1.62% - Market Cap 16339 - Trading time: 00:00:34
08-09-2025 04:23:40.682 INFO Current price: 0.000000076651 - Current percentage: 92.66% - Max: 128.66% - Min: -1.62% - Market Cap 15395 - Trading time: 00:00:34
08-09-2025 04:23:40.820 INFO Current price: 0.000000072499 - Current percentage: 82.92% - Max: 128.66% - Min: -1.62% - Market Cap 14617 - Trading time: 00:00:34
08-09-2025 04:23:41.345 INFO Current price: 0.000000071367 - Current percentage: 86.69% - Max: 128.66% - Min: -1.62% - Market Cap 14918 - Trading time: 00:00:35
08-09-2025 04:23:41.772 INFO Current price: 0.000000072684 - Current percentage: 89.73% - Max: 128.66% - Min: -1.62% - Market Cap 15161 - Trading time: 00:00:35
08-09-2025 04:23:42.112 INFO Current price: 0.000000073643 - Current percentage: 91.65% - Max: 128.66% - Min: -1.62% - Market Cap 15314 - Trading time: 00:00:35
08-09-2025 04:23:42.806 INFO Current price: 0.000000074162 - Current percentage: 92.41% - Max: 128.66% - Min: -1.62% - Market Cap 15375 - Trading time: 00:00:36
08-09-2025 04:23:42.807 INFO Current price: 0.000000074610 - Current percentage: 93.97% - Max: 128.66% - Min: -1.62% - Market Cap 15500 - Trading time: 00:00:36
08-09-2025 04:23:42.863 INFO Current price: 0.000000075657 - Current percentage: 97.85% - Max: 128.66% - Min: -1.62% - Market Cap 15810 - Trading time: 00:00:36
08-09-2025 04:23:43.197 INFO Current price: 0.000000075738 - Current percentage: 94.38% - Max: 128.66% - Min: -1.62% - Market Cap 15533 - Trading time: 00:00:37
08-09-2025 04:23:43.290 INFO Current price: 0.000000074257 - Current percentage: 90.19% - Max: 128.66% - Min: -1.62% - Market Cap 15198 - Trading time: 00:00:37
08-09-2025 04:23:43.736 INFO Current price: 0.000000072119 - Current percentage: 83.35% - Max: 128.66% - Min: -1.62% - Market Cap 14651 - Trading time: 00:00:37
08-09-2025 04:23:46.522 INFO Current price: 0.000000070869 - Current percentage: 83.65% - Max: 128.66% - Min: -1.62% - Market Cap 14675 - Trading time: 00:00:40
08-09-2025 04:23:46.889 INFO Current price: 0.000000071290 - Current percentage: 85.54% - Max: 128.66% - Min: -1.62% - Market Cap 14826 - Trading time: 00:00:40
08-09-2025 04:23:46.948 INFO Current price: 0.000000071727 - Current percentage: 85.92% - Max: 128.66% - Min: -1.62% - Market Cap 14856 - Trading time: 00:00:40
08-09-2025 04:23:47.250 INFO Current price: 0.000000071775 - Current percentage: 85.79% - Max: 128.66% - Min: -1.62% - Market Cap 14846 - Trading time: 00:00:41
08-09-2025 04:23:47.940 INFO Current price: 0.000000071823 - Current percentage: 86.16% - Max: 128.66% - Min: -1.62% - Market Cap 14876 - Trading time: 00:00:41
08-09-2025 04:23:48.087 INFO Current price: 0.000000072038 - Current percentage: 86.90% - Max: 128.66% - Min: -1.62% - Market Cap 14935 - Trading time: 00:00:41
08-09-2025 04:23:48.093 INFO Current price: 0.000000072604 - Current percentage: 89.10% - Max: 128.66% - Min: -1.62% - Market Cap 15111 - Trading time: 00:00:41
08-09-2025 04:23:49.988 INFO Current price: 0.000000072286 - Current percentage: 85.26% - Max: 128.66% - Min: -1.62% - Market Cap 14804 - Trading time: 00:00:43
08-09-2025 04:23:51.192 INFO Current price: 0.000000068400 - Current percentage: 69.32% - Max: 128.66% - Min: -1.62% - Market Cap 13530 - Trading time: 00:00:45
08-09-2025 04:23:51.608 INFO Current price: 0.000000063416 - Current percentage: 59.24% - Max: 128.66% - Min: -1.62% - Market Cap 12725 - Trading time: 00:00:45
08-09-2025 04:23:51.776 INFO Current price: 0.000000061473 - Current percentage: 59.11% - Max: 128.66% - Min: -1.62% - Market Cap 12714 - Trading time: 00:00:45
08-09-2025 04:23:51.851 INFO Current price: 0.000000061092 - Current percentage: 57.27% - Max: 128.66% - Min: -1.62% - Market Cap 12567 - Trading time: 00:00:45
08-09-2025 04:23:52.069 INFO Current price: 0.000000060186 - Current percentage: 54.43% - Max: 128.66% - Min: -1.62% - Market Cap 12340 - Trading time: 00:00:45
08-09-2025 04:23:52.070 INFO Current price: 0.000000059615 - Current percentage: 54.30% - Max: 128.66% - Min: -1.62% - Market Cap 12330 - Trading time: 00:00:45
08-09-2025 04:23:52.165 INFO Current price: 0.000000058241 - Current percentage: 47.39% - Max: 128.66% - Min: -1.62% - Market Cap 11778 - Trading time: 00:00:46
08-09-2025 04:23:52.222 INFO Current price: 0.000000056934 - Current percentage: 47.46% - Max: 128.66% - Min: -1.62% - Market Cap 11783 - Trading time: 00:00:46
08-09-2025 04:23:52.459 INFO Current price: 0.000000057038 - Current percentage: 47.93% - Max: 128.66% - Min: -1.62% - Market Cap 11821 - Trading time: 00:00:46
08-09-2025 04:23:52.473 INFO Current price: 0.000000058432 - Current percentage: 54.75% - Max: 128.66% - Min: -1.62% - Market Cap 12366 - Trading time: 00:00:46
08-09-2025 04:23:52.567 INFO Current price: 0.000000060031 - Current percentage: 56.13% - Max: 128.66% - Min: -1.62% - Market Cap 12476 - Trading time: 00:00:46
08-09-2025 04:23:52.599 INFO Current price: 0.000000060331 - Current percentage: 56.13% - Max: 128.66% - Min: -1.62% - Market Cap 12476 - Trading time: 00:00:46
08-09-2025 04:23:52.601 INFO Current price: 0.000000060313 - Current percentage: 56.13% - Max: 128.66% - Min: -1.62% - Market Cap 12476 - Trading time: 00:00:46
08-09-2025 04:23:52.607 INFO Current price: 0.000000060316 - Current percentage: 56.13% - Max: 128.66% - Min: -1.62% - Market Cap 12476 - Trading time: 00:00:46
08-09-2025 04:23:52.650 INFO Current price: 0.000000060432 - Current percentage: 56.83% - Max: 128.66% - Min: -1.62% - Market Cap 12532 - Trading time: 00:00:46
08-09-2025 04:23:52.894 INFO Current price: 0.000000060465 - Current percentage: 56.30% - Max: 128.66% - Min: -1.62% - Market Cap 12490 - Trading time: 00:00:46
08-09-2025 04:23:52.968 INFO Current price: 0.000000060431 - Current percentage: 56.65% - Max: 128.66% - Min: -1.62% - Market Cap 12518 - Trading time: 00:00:46
08-09-2025 04:23:53.274 INFO Current price: 0.000000060566 - Current percentage: 56.99% - Max: 128.66% - Min: -1.62% - Market Cap 12544 - Trading time: 00:00:47
08-09-2025 04:23:53.440 INFO Current price: 0.000000060983 - Current percentage: 58.83% - Max: 128.66% - Min: -1.62% - Market Cap 12692 - Trading time: 00:00:47
08-09-2025 04:23:53.451 INFO Current price: 0.000000061658 - Current percentage: 60.48% - Max: 128.66% - Min: -1.62% - Market Cap 12824 - Trading time: 00:00:47
08-09-2025 04:23:53.496 INFO Current price: 0.000000062044 - Current percentage: 60.83% - Max: 128.66% - Min: -1.62% - Market Cap 12852 - Trading time: 00:00:47
08-09-2025 04:23:53.632 INFO Current price: 0.000000059172 - Current percentage: 45.96% - Max: 128.66% - Min: -1.62% - Market Cap 11664 - Trading time: 00:00:47
08-09-2025 04:23:53.637 INFO Current price: 0.000000055280 - Current percentage: 40.37% - Max: 128.66% - Min: -1.62% - Market Cap 11216 - Trading time: 00:00:47
08-09-2025 04:23:54.173 INFO Current price: 0.000000054235 - Current percentage: 40.50% - Max: 128.66% - Min: -1.62% - Market Cap 11227 - Trading time: 00:00:48
08-09-2025 04:23:54.206 INFO Current price: 0.000000054297 - Current percentage: 40.69% - Max: 128.66% - Min: -1.62% - Market Cap 11242 - Trading time: 00:00:48
08-09-2025 04:23:54.251 INFO Current price: 0.000000054299 - Current percentage: 40.51% - Max: 128.66% - Min: -1.62% - Market Cap 11228 - Trading time: 00:00:48
08-09-2025 04:23:54.529 INFO Current price: 0.000000054137 - Current percentage: 39.85% - Max: 128.66% - Min: -1.62% - Market Cap 11175 - Trading time: 00:00:48
08-09-2025 04:23:54.847 INFO Current price: 0.000000053560 - Current percentage: 37.53% - Max: 128.66% - Min: -1.62% - Market Cap 10990 - Trading time: 00:00:48
08-09-2025 04:23:54.936 INFO Current price: 0.000000053431 - Current percentage: 39.18% - Max: 128.66% - Min: -1.62% - Market Cap 11121 - Trading time: 00:00:48
08-09-2025 04:23:55.071 INFO Current price: 0.000000054718 - Current percentage: 44.24% - Max: 128.66% - Min: -1.62% - Market Cap 11526 - Trading time: 00:00:48
08-09-2025 04:23:55.146 INFO Current price: 0.000000055718 - Current percentage: 44.31% - Max: 128.66% - Min: -1.62% - Market Cap 11531 - Trading time: 00:00:49
08-09-2025 04:23:55.403 INFO Current price: 0.000000055821 - Current percentage: 44.77% - Max: 128.66% - Min: -1.62% - Market Cap 11569 - Trading time: 00:00:49
08-09-2025 04:23:55.559 INFO Current price: 0.000000055879 - Current percentage: 44.61% - Max: 128.66% - Min: -1.62% - Market Cap 11555 - Trading time: 00:00:49
08-09-2025 04:23:56.023 INFO Current price: 0.000000056168 - Current percentage: 46.28% - Max: 128.66% - Min: -1.62% - Market Cap 11689 - Trading time: 00:00:49
08-09-2025 04:23:56.172 INFO Current price: 0.000000056557 - Current percentage: 46.61% - Max: 128.66% - Min: -1.62% - Market Cap 11716 - Trading time: 00:00:50
08-09-2025 04:23:56.401 INFO Current price: 0.000000056881 - Current percentage: 47.96% - Max: 128.66% - Min: -1.62% - Market Cap 11823 - Trading time: 00:00:50
08-09-2025 04:23:56.402 INFO Current price: 0.000000057097 - Current percentage: 47.73% - Max: 128.66% - Min: -1.62% - Market Cap 11805 - Trading time: 00:00:50
08-09-2025 04:23:56.869 INFO Current price: 0.000000057118 - Current percentage: 48.07% - Max: 128.66% - Min: -1.62% - Market Cap 11832 - Trading time: 00:00:50
08-09-2025 04:23:57.409 INFO Current price: 0.000000057287 - Current percentage: 48.61% - Max: 128.66% - Min: -1.62% - Market Cap 11875 - Trading time: 00:00:51
08-09-2025 04:23:57.647 INFO Current price: 0.000000057364 - Current percentage: 48.46% - Max: 128.66% - Min: -1.62% - Market Cap 11864 - Trading time: 00:00:51
08-09-2025 04:23:57.890 INFO Current price: 0.000000056928 - Current percentage: 46.35% - Max: 128.66% - Min: -1.62% - Market Cap 11695 - Trading time: 00:00:51
08-09-2025 04:23:58.086 INFO Current price: 0.000000056653 - Current percentage: 47.03% - Max: 128.66% - Min: -1.62% - Market Cap 11749 - Trading time: 00:00:51
08-09-2025 04:23:58.320 INFO Current price: 0.000000056914 - Current percentage: 47.71% - Max: 128.66% - Min: -1.62% - Market Cap 11803 - Trading time: 00:00:52
08-09-2025 04:23:59.084 INFO Current price: 0.000000057002 - Current percentage: 47.49% - Max: 128.66% - Min: -1.62% - Market Cap 11786 - Trading time: 00:00:52
08-09-2025 04:23:59.443 INFO Current price: 0.000000058261 - Current percentage: 54.30% - Max: 128.66% - Min: -1.62% - Market Cap 12330 - Trading time: 00:00:53
08-09-2025 04:23:59.856 INFO Current price: 0.000000059541 - Current percentage: 54.04% - Max: 128.66% - Min: -1.62% - Market Cap 12309 - Trading time: 00:00:53
08-09-2025 04:24:00.291 INFO Current price: 0.000000059392 - Current percentage: 53.53% - Max: 128.66% - Min: -1.62% - Market Cap 12268 - Trading time: 00:00:54
08-09-2025 04:24:00.598 INFO Current price: 0.000000059422 - Current percentage: 54.20% - Max: 128.66% - Min: -1.62% - Market Cap 12322 - Trading time: 00:00:54
08-09-2025 04:24:01.147 INFO Current price: 0.000000059605 - Current percentage: 54.48% - Max: 128.66% - Min: -1.62% - Market Cap 12344 - Trading time: 00:00:55
08-09-2025 04:24:02.125 INFO Current price: 0.000000058565 - Current percentage: 48.87% - Max: 128.66% - Min: -1.62% - Market Cap 11896 - Trading time: 00:00:56
08-09-2025 04:24:02.536 INFO Current price: 0.000000057544 - Current percentage: 49.13% - Max: 128.66% - Min: -1.62% - Market Cap 11917 - Trading time: 00:00:56
08-09-2025 04:24:02.894 INFO Current price: 0.000000057324 - Current percentage: 47.74% - Max: 128.66% - Min: -1.62% - Market Cap 11805 - Trading time: 00:00:56
08-09-2025 04:24:03.325 INFO Current price: 0.000000056348 - Current percentage: 44.10% - Max: 128.66% - Min: -1.62% - Market Cap 11515 - Trading time: 00:00:57
08-09-2025 04:24:03.521 INFO Current price: 0.000000055972 - Current percentage: 45.77% - Max: 128.66% - Min: -1.62% - Market Cap 11648 - Trading time: 00:00:57
08-09-2025 04:24:03.739 INFO Current price: 0.000000056328 - Current percentage: 45.94% - Max: 128.66% - Min: -1.62% - Market Cap 11661 - Trading time: 00:00:57
08-09-2025 04:24:04.044 INFO Current price: 0.000000056491 - Current percentage: 46.61% - Max: 128.66% - Min: -1.62% - Market Cap 11716 - Trading time: 00:00:57
08-09-2025 04:24:04.217 INFO Current price: 0.000000056605 - Current percentage: 46.53% - Max: 128.66% - Min: -1.62% - Market Cap 11709 - Trading time: 00:00:58
08-09-2025 04:24:04.219 INFO Current price: 0.000000056608 - Current percentage: 46.63% - Max: 128.66% - Min: -1.62% - Market Cap 11717 - Trading time: 00:00:58
08-09-2025 04:24:04.826 INFO Current price: 0.000000056692 - Current percentage: 46.96% - Max: 128.66% - Min: -1.62% - Market Cap 11744 - Trading time: 00:00:58
08-09-2025 04:24:05.141 INFO Current price: 0.000000056887 - Current percentage: 47.64% - Max: 128.66% - Min: -1.62% - Market Cap 11797 - Trading time: 00:00:59
08-09-2025 04:24:05.146 INFO Current price: 0.000000057030 - Current percentage: 47.70% - Max: 128.66% - Min: -1.62% - Market Cap 11803 - Trading time: 00:00:59
08-09-2025 04:24:05.230 INFO Current price: 0.000000057069 - Current percentage: 47.84% - Max: 128.66% - Min: -1.62% - Market Cap 11814 - Trading time: 00:00:59
08-09-2025 04:24:05.307 INFO Current price: 0.000000057108 - Current percentage: 47.91% - Max: 128.66% - Min: -1.62% - Market Cap 11819 - Trading time: 00:00:59
08-09-2025 04:24:07.186 INFO Current price: 0.000000055876 - Current percentage: 41.53% - Max: 128.66% - Min: -1.62% - Market Cap 11309 - Trading time: 00:01:01
08-09-2025 04:24:07.921 INFO Current price: 0.000000052331 - Current percentage: 29.74% - Max: 128.66% - Min: -1.62% - Market Cap 10367 - Trading time: 00:01:01
08-09-2025 04:24:08.430 INFO Current price: 0.000000050082 - Current percentage: 29.62% - Max: 128.66% - Min: -1.62% - Market Cap 10358 - Trading time: 00:01:02
08-09-2025 04:24:08.432 INFO Current price: 0.000000049986 - Current percentage: 29.24% - Max: 128.66% - Min: -1.62% - Market Cap 10327 - Trading time: 00:01:02
08-09-2025 04:24:08.512 INFO Current price: 0.000000049837 - Current percentage: 28.85% - Max: 128.66% - Min: -1.62% - Market Cap 10296 - Trading time: 00:01:02
08-09-2025 04:24:08.664 INFO Current price: 0.000000049587 - Current percentage: 27.95% - Max: 128.66% - Min: -1.62% - Market Cap 10224 - Trading time: 00:01:02
08-09-2025 04:24:08.775 INFO Current price: 0.000000047717 - Current percentage: 19.32% - Max: 128.66% - Min: -1.62% - Market Cap 9534 - Trading time: 00:01:02
08-09-2025 04:24:08.823 INFO Current price: 0.000000046046 - Current percentage: 19.14% - Max: 128.66% - Min: -1.62% - Market Cap 9520 - Trading time: 00:01:02
08-09-2025 04:24:09.221 INFO Current price: 0.000000047181 - Current percentage: 25.27% - Max: 128.66% - Min: -1.62% - Market Cap 10010 - Trading time: 00:01:03
08-09-2025 04:24:09.223 INFO Current price: 0.000000048176 - Current percentage: 24.22% - Max: 128.66% - Min: -1.62% - Market Cap 9926 - Trading time: 00:01:03
08-09-2025 04:24:09.536 INFO Current price: 0.000000047838 - Current percentage: 23.52% - Max: 128.66% - Min: -1.62% - Market Cap 9870 - Trading time: 00:01:03
08-09-2025 04:24:09.849 INFO Current price: 0.000000047476 - Current percentage: 22.35% - Max: 128.66% - Min: -1.62% - Market Cap 9777 - Trading time: 00:01:03
08-09-2025 04:24:10.037 INFO Current price: 0.000000047287 - Current percentage: 22.53% - Max: 128.66% - Min: -1.62% - Market Cap 9792 - Trading time: 00:01:03
08-09-2025 04:24:10.251 INFO Current price: 0.000000048508 - Current percentage: 28.75% - Max: 128.66% - Min: -1.62% - Market Cap 10288 - Trading time: 00:01:04
08-09-2025 04:24:11.450 INFO Current price: 0.000000049726 - Current percentage: 28.76% - Max: 128.66% - Min: -1.62% - Market Cap 10289 - Trading time: 00:01:05
08-09-2025 04:24:11.785 INFO Current price: 0.000000049715 - Current percentage: 28.69% - Max: 128.66% - Min: -1.62% - Market Cap 10284 - Trading time: 00:01:05
08-09-2025 04:24:12.367 INFO Current price: 0.000000051645 - Current percentage: 38.96% - Max: 128.66% - Min: -1.62% - Market Cap 11104 - Trading time: 00:01:06
08-09-2025 04:24:12.502 INFO Current price: 0.000000053728 - Current percentage: 39.28% - Max: 128.66% - Min: -1.62% - Market Cap 11130 - Trading time: 00:01:06
08-09-2025 04:24:12.856 INFO Current price: 0.000000053714 - Current percentage: 38.89% - Max: 128.66% - Min: -1.62% - Market Cap 11098 - Trading time: 00:01:06
08-09-2025 04:24:12.879 INFO Current price: 0.000000055657 - Current percentage: 49.54% - Max: 128.66% - Min: -1.62% - Market Cap 11950 - Trading time: 00:01:06
08-09-2025 04:24:13.621 INFO Current price: 0.000000057300 - Current percentage: 47.21% - Max: 128.66% - Min: -1.62% - Market Cap 11763 - Trading time: 00:01:07
08-09-2025 04:24:13.843 INFO Current price: 0.000000057501 - Current percentage: 50.59% - Max: 128.66% - Min: -1.62% - Market Cap 12033 - Trading time: 00:01:07
08-09-2025 04:24:14.129 INFO Current price: 0.000000058063 - Current percentage: 50.10% - Max: 128.66% - Min: -1.62% - Market Cap 11994 - Trading time: 00:01:08
08-09-2025 04:24:14.228 INFO Current price: 0.000000058362 - Current percentage: 52.14% - Max: 128.66% - Min: -1.62% - Market Cap 12158 - Trading time: 00:01:08
08-09-2025 04:24:14.630 INFO Current price: 0.000000058771 - Current percentage: 52.21% - Max: 128.66% - Min: -1.62% - Market Cap 12163 - Trading time: 00:01:08
08-09-2025 04:24:15.466 INFO Current price: 0.000000058811 - Current percentage: 52.35% - Max: 128.66% - Min: -1.62% - Market Cap 12174 - Trading time: 00:01:09
08-09-2025 04:24:15.732 INFO Current price: 0.000000057253 - Current percentage: 44.25% - Max: 128.66% - Min: -1.62% - Market Cap 11527 - Trading time: 00:01:09
08-09-2025 04:24:15.948 INFO Current price: 0.000000055490 - Current percentage: 43.11% - Max: 128.66% - Min: -1.62% - Market Cap 11436 - Trading time: 00:01:09
08-09-2025 04:24:16.181 INFO Current price: 0.000000055223 - Current percentage: 42.87% - Max: 128.66% - Min: -1.62% - Market Cap 11416 - Trading time: 00:01:10
08-09-2025 04:24:16.553 INFO Current price: 0.000000054320 - Current percentage: 38.47% - Max: 128.66% - Min: -1.62% - Market Cap 11065 - Trading time: 00:01:10
08-09-2025 04:24:16.559 INFO Current price: 0.000000053540 - Current percentage: 38.78% - Max: 128.66% - Min: -1.62% - Market Cap 11090 - Trading time: 00:01:10
08-09-2025 04:24:16.765 INFO Current price: 0.000000053557 - Current percentage: 38.58% - Max: 128.66% - Min: -1.62% - Market Cap 11073 - Trading time: 00:01:10
08-09-2025 04:24:17.066 INFO Current price: 0.000000053488 - Current percentage: 38.42% - Max: 128.66% - Min: -1.62% - Market Cap 11061 - Trading time: 00:01:10
08-09-2025 04:24:19.887 INFO Current price: 0.000000053475 - Current percentage: 34.31% - Max: 128.66% - Min: -1.62% - Market Cap 10733 - Trading time: 00:01:13
08-09-2025 04:24:20.519 INFO Current price: 0.000000051167 - Current percentage: 30.69% - Max: 128.66% - Min: -1.62% - Market Cap 10443 - Trading time: 00:01:14
08-09-2025 04:24:20.532 INFO Current price: 0.000000050534 - Current percentage: 31.01% - Max: 128.66% - Min: -1.62% - Market Cap 10469 - Trading time: 00:01:14
08-09-2025 04:24:21.897 INFO Current price: 0.000000050517 - Current percentage: 30.61% - Max: 128.66% - Min: -1.62% - Market Cap 10436 - Trading time: 00:01:15
08-09-2025 04:24:22.550 INFO Current price: 0.000000050119 - Current percentage: 28.95% - Max: 128.66% - Min: -1.62% - Market Cap 10304 - Trading time: 00:01:16
08-09-2025 04:24:22.885 INFO Current price: 0.000000049789 - Current percentage: 28.89% - Max: 128.66% - Min: -1.62% - Market Cap 10300 - Trading time: 00:01:16
08-09-2025 04:24:23.859 INFO Current price: 0.000000049333 - Current percentage: 26.59% - Max: 128.66% - Min: -1.62% - Market Cap 10116 - Trading time: 00:01:17
08-09-2025 04:24:23.864 INFO Current price: 0.000000047317 - Current percentage: 18.58% - Max: 128.66% - Min: -1.62% - Market Cap 9475 - Trading time: 00:01:17
08-09-2025 04:24:24.610 INFO Current price: 0.000000045700 - Current percentage: 18.09% - Max: 128.66% - Min: -1.62% - Market Cap 9436 - Trading time: 00:01:18
08-09-2025 04:24:24.686 INFO Current price: 0.000000045578 - Current percentage: 17.94% - Max: 128.66% - Min: -1.62% - Market Cap 9425 - Trading time: 00:01:18
08-09-2025 04:24:25.563 INFO Current price: 0.000000045541 - Current percentage: 17.90% - Max: 128.66% - Min: -1.62% - Market Cap 9421 - Trading time: 00:01:19
08-09-2025 04:24:29.148 INFO Current price: 0.000000045651 - Current percentage: 18.51% - Max: 128.66% - Min: -1.62% - Market Cap 9470 - Trading time: 00:01:23
08-09-2025 04:24:29.314 INFO Current price: 0.000000044174 - Current percentage: 10.39% - Max: 128.66% - Min: -1.62% - Market Cap 8821 - Trading time: 00:01:23
08-09-2025 04:24:29.739 INFO Current price: 0.000000042601 - Current percentage: 10.22% - Max: 128.66% - Min: -1.62% - Market Cap 8808 - Trading time: 00:01:23
08-09-2025 04:24:29.803 INFO Current price: 0.000000042544 - Current percentage: 10.10% - Max: 128.66% - Min: -1.62% - Market Cap 8798 - Trading time: 00:01:23
08-09-2025 04:24:29.922 INFO Current price: 0.000000042378 - Current percentage: 9.36% - Max: 128.66% - Min: -1.62% - Market Cap 8739 - Trading time: 00:01:23
08-09-2025 04:24:30.547 INFO Current price: 0.000000040853 - Current percentage: 2.32% - Max: 128.66% - Min: -1.62% - Market Cap 8176 - Trading time: 00:01:24
08-09-2025 04:24:31.009 INFO Current price: 0.000000039436 - Current percentage: 1.91% - Max: 128.66% - Min: -1.62% - Market Cap 8144 - Trading time: 00:01:24
08-09-2025 04:24:31.789 INFO Current price: 0.000000039288 - Current percentage: 1.55% - Max: 128.66% - Min: -1.62% - Market Cap 8115 - Trading time: 00:01:25
08-09-2025 04:24:31.844 INFO Current price: 0.000000039769 - Current percentage: 4.42% - Max: 128.66% - Min: -1.62% - Market Cap 8344 - Trading time: 00:01:25
08-09-2025 04:24:31.890 INFO Current price: 0.000000040251 - Current percentage: 4.03% - Max: 128.66% - Min: -1.62% - Market Cap 8313 - Trading time: 00:01:25
08-09-2025 04:24:31.903 INFO Current price: 0.000000040326 - Current percentage: 4.81% - Max: 128.66% - Min: -1.62% - Market Cap 8375 - Trading time: 00:01:25
08-09-2025 04:24:31.907 INFO Current price: 0.000000040451 - Current percentage: 4.68% - Max: 128.66% - Min: -1.62% - Market Cap 8365 - Trading time: 00:01:25
08-09-2025 04:24:31.926 INFO Current price: 0.000000040550 - Current percentage: 5.32% - Max: 128.66% - Min: -1.62% - Market Cap 8416 - Trading time: 00:01:25
08-09-2025 04:24:34.240 INFO Current price: 0.000000040784 - Current percentage: 5.89% - Max: 128.66% - Min: -1.62% - Market Cap 8461 - Trading time: 00:01:28
08-09-2025 04:24:34.934 INFO Current price: 0.000000041996 - Current percentage: 11.67% - Max: 128.66% - Min: -1.62% - Market Cap 8924 - Trading time: 00:01:28
08-09-2025 04:24:35.091 INFO Current price: 0.000000042145 - Current percentage: 6.64% - Max: 128.66% - Min: -1.62% - Market Cap 8521 - Trading time: 00:01:28
08-09-2025 04:24:35.115 INFO Current price: 0.000000041284 - Current percentage: 7.16% - Max: 128.66% - Min: -1.62% - Market Cap 8563 - Trading time: 00:01:29
08-09-2025 04:24:35.210 INFO Current price: 0.000000041672 - Current percentage: 8.65% - Max: 128.66% - Min: -1.62% - Market Cap 8682 - Trading time: 00:01:29
08-09-2025 04:24:35.212 INFO Current price: 0.000000042230 - Current percentage: 10.05% - Max: 128.66% - Min: -1.62% - Market Cap 8794 - Trading time: 00:01:29
08-09-2025 04:24:35.825 INFO Current price: 0.000000042568 - Current percentage: 10.40% - Max: 128.66% - Min: -1.62% - Market Cap 8822 - Trading time: 00:01:29
08-09-2025 04:24:36.113 INFO Current price: 0.000000042714 - Current percentage: 10.81% - Max: 128.66% - Min: -1.62% - Market Cap 8854 - Trading time: 00:01:29
08-09-2025 04:24:37.799 INFO Current price: 0.000000042725 - Current percentage: 10.45% - Max: 128.66% - Min: -1.62% - Market Cap 8826 - Trading time: 00:01:31
08-09-2025 04:24:38.166 INFO Current price: 0.000000042627 - Current percentage: 10.30% - Max: 128.66% - Min: -1.62% - Market Cap 8814 - Trading time: 00:01:32
08-09-2025 04:24:39.401 INFO Current price: 0.000000042595 - Current percentage: 10.29% - Max: 128.66% - Min: -1.62% - Market Cap 8813 - Trading time: 00:01:33
08-09-2025 04:24:41.520 INFO Current price: 0.000000042431 - Current percentage: 9.45% - Max: 128.66% - Min: -1.62% - Market Cap 8746 - Trading time: 00:01:35
08-09-2025 04:24:42.178 INFO Current price: 0.000000042415 - Current percentage: 10.21% - Max: 128.66% - Min: -1.62% - Market Cap 8806 - Trading time: 00:01:36
08-09-2025 04:24:42.310 INFO Current price: 0.000000042674 - Current percentage: 10.79% - Max: 128.66% - Min: -1.62% - Market Cap 8853 - Trading time: 00:01:36
08-09-2025 04:24:43.027 INFO Current price: 0.000000042444 - Current percentage: 9.02% - Max: 128.66% - Min: -1.62% - Market Cap 8712 - Trading time: 00:01:36
08-09-2025 04:24:44.488 INFO Current price: 0.000000042001 - Current percentage: 8.49% - Max: 128.66% - Min: -1.62% - Market Cap 8669 - Trading time: 00:01:38
08-09-2025 04:24:45.560 INFO Current price: 0.000000040815 - Current percentage: 2.95% - Max: 128.66% - Min: -1.62% - Market Cap 8226 - Trading time: 00:01:39
08-09-2025 04:24:46.254 INFO Current price: 0.000000039538 - Current percentage: 1.81% - Max: 128.66% - Min: -1.62% - Market Cap 8135 - Trading time: 00:01:40
08-09-2025 04:24:46.312 INFO Current price: 0.000000039249 - Current percentage: 1.45% - Max: 128.66% - Min: -1.62% - Market Cap 8107 - Trading time: 00:01:40
08-09-2025 04:24:47.395 INFO Current price: 0.000000039122 - Current percentage: 1.15% - Max: 128.66% - Min: -1.62% - Market Cap 8083 - Trading time: 00:01:41
08-09-2025 04:24:49.351 INFO Current price: 0.000000039026 - Current percentage: 0.95% - Max: 128.66% - Min: -1.62% - Market Cap 8067 - Trading time: 00:01:43
08-09-2025 04:24:50.424 INFO Current price: 0.000000038912 - Current percentage: 0.56% - Max: 128.66% - Min: -1.62% - Market Cap 8036 - Trading time: 00:01:44
08-09-2025 04:24:50.849 INFO Current price: 0.000000037675 - Current percentage: -5.37% - Max: 128.66% - Min: -5.37% - Market Cap 7562 - Trading time: 00:01:44
08-09-2025 04:24:50.851 INFO Current price: 0.000000036475 - Current percentage: -5.74% - Max: 128.66% - Min: -5.74% - Market Cap 7532 - Trading time: 00:01:44
08-09-2025 04:24:51.013 INFO Current price: 0.000000036290 - Current percentage: -6.33% - Max: 128.66% - Min: -6.33% - Market Cap 7485 - Trading time: 00:01:44
08-09-2025 04:24:51.437 INFO Current price: 0.000000036163 - Current percentage: -6.40% - Max: 128.66% - Min: -6.40% - Market Cap 7480 - Trading time: 00:01:45
08-09-2025 04:24:51.588 INFO Current price: 0.000000035558 - Current percentage: -9.44% - Max: 128.66% - Min: -9.44% - Market Cap 7237 - Trading time: 00:01:45
08-09-2025 04:24:51.590 INFO Current price: 0.000000034369 - Current percentage: -12.55% - Max: 128.66% - Min: -12.55% - Market Cap 6988 - Trading time: 00:01:45
08-09-2025 04:24:52.047 INFO Current price: 0.000000033740 - Current percentage: -12.72% - Max: 128.66% - Min: -12.72% - Market Cap 6974 - Trading time: 00:01:45
08-09-2025 04:24:52.850 INFO Current price: 0.000000034040 - Current percentage: -10.99% - Max: 128.66% - Min: -12.72% - Market Cap 7113 - Trading time: 00:01:46
08-09-2025 04:24:52.990 INFO Current price: 0.000000035994 - Current percentage: -2.42% - Max: 128.66% - Min: -12.72% - Market Cap 7798 - Trading time: 00:01:46
08-09-2025 04:24:53.380 INFO Current price: 0.000000037579 - Current percentage: -2.97% - Max: 128.66% - Min: -12.72% - Market Cap 7753 - Trading time: 00:01:47
08-09-2025 04:24:54.114 INFO Current price: 0.000000037477 - Current percentage: -2.95% - Max: 128.66% - Min: -12.72% - Market Cap 7755 - Trading time: 00:01:47
08-09-2025 04:24:54.159 INFO Current price: 0.000000037525 - Current percentage: -2.73% - Max: 128.66% - Min: -12.72% - Market Cap 7773 - Trading time: 00:01:48
08-09-2025 04:24:56.351 INFO Current price: 0.000000037561 - Current percentage: -2.75% - Max: 128.66% - Min: -12.72% - Market Cap 7771 - Trading time: 00:01:50
08-09-2025 04:24:59.218 INFO Current price: 0.000000037521 - Current percentage: -2.94% - Max: 128.66% - Min: -12.72% - Market Cap 7756 - Trading time: 00:01:53
08-09-2025 04:25:00.320 INFO Current price: 0.000000037592 - Current percentage: -2.39% - Max: 128.66% - Min: -12.72% - Market Cap 7800 - Trading time: 00:01:54
08-09-2025 04:25:01.110 INFO Current price: 0.000000037575 - Current percentage: -3.02% - Max: 128.66% - Min: -12.72% - Market Cap 7750 - Trading time: 00:01:54
08-09-2025 04:25:03.372 INFO Current price: 0.000000037876 - Current percentage: -0.82% - Max: 128.66% - Min: -12.72% - Market Cap 7925 - Trading time: 00:01:57
08-09-2025 04:25:03.564 INFO Current price: 0.000000038335 - Current percentage: -0.65% - Max: 128.66% - Min: -12.72% - Market Cap 7939 - Trading time: 00:01:57
08-09-2025 04:25:06.164 INFO Current price: 0.000000038175 - Current percentage: -1.65% - Max: 128.66% - Min: -12.72% - Market Cap 7859 - Trading time: 00:02:00
08-09-2025 04:25:06.406 INFO Current price: 0.000000036174 - Current percentage: -10.80% - Max: 128.66% - Min: -12.72% - Market Cap 7128 - Trading time: 00:02:00
08-09-2025 04:25:07.894 INFO Current price: 0.000000034475 - Current percentage: -10.67% - Max: 128.66% - Min: -12.72% - Market Cap 7138 - Trading time: 00:02:01
08-09-2025 04:25:08.915 INFO Current price: 0.000000034477 - Current percentage: -10.78% - Max: 128.66% - Min: -12.72% - Market Cap 7129 - Trading time: 00:02:02
08-09-2025 04:25:10.645 INFO Current price: 0.000000033671 - Current percentage: -12.70% - Max: 128.66% - Min: -12.72% - Market Cap 6976 - Trading time: 00:02:04
08-09-2025 04:25:18.279 INFO Current price: 0.000000033689 - Current percentage: -12.83% - Max: 128.66% - Min: -12.83% - Market Cap 6965 - Trading time: 00:02:12
08-09-2025 04:25:24.364 INFO Current price: 0.000000033337 - Current percentage: -14.52% - Max: 128.66% - Min: -14.52% - Market Cap 6831 - Trading time: 00:02:18
08-09-2025 04:25:24.631 INFO Current price: 0.000000032600 - Current percentage: -16.64% - Max: 128.66% - Min: -16.64% - Market Cap 6661 - Trading time: 00:02:18
08-09-2025 04:25:26.725 INFO Current price: 0.000000032180 - Current percentage: -16.71% - Max: 128.66% - Min: -16.71% - Market Cap 6656 - Trading time: 00:02:20
08-09-2025 04:25:26.867 INFO Current price: 0.000000032161 - Current percentage: -16.74% - Max: 128.66% - Min: -16.74% - Market Cap 6653 - Trading time: 00:02:20
08-09-2025 04:25:27.604 INFO Current price: 0.000000032204 - Current percentage: -16.49% - Max: 128.66% - Min: -16.74% - Market Cap 6673 - Trading time: 00:02:21
08-09-2025 04:25:27.761 INFO Current price: 0.000000032215 - Current percentage: -16.68% - Max: 128.66% - Min: -16.74% - Market Cap 6658 - Trading time: 00:02:21
08-09-2025 04:25:29.085 INFO Current price: 0.000000032227 - Current percentage: -16.43% - Max: 128.66% - Min: -16.74% - Market Cap 6678 - Trading time: 00:02:22
08-09-2025 04:25:33.234 INFO Current price: 0.000000032205 - Current percentage: -16.79% - Max: 128.66% - Min: -16.79% - Market Cap 6649 - Trading time: 00:02:27
08-09-2025 04:25:37.365 INFO Current price: 0.000000031735 - Current percentage: -18.85% - Max: 128.66% - Min: -18.85% - Market Cap 6485 - Trading time: 00:02:31
08-09-2025 04:25:42.749 INFO Current price: 0.000000031199 - Current percentage: -19.58% - Max: 128.66% - Min: -19.58% - Market Cap 6426 - Trading time: 00:02:36
08-09-2025 04:25:44.946 INFO Current price: 0.000000031022 - Current percentage: -19.77% - Max: 128.66% - Min: -19.77% - Market Cap 6411 - Trading time: 00:02:38
08-09-2025 04:25:45.448 INFO Current price: 0.000000030926 - Current percentage: -20.08% - Max: 128.66% - Min: -20.08% - Market Cap 6386 - Trading time: 00:02:39
08-09-2025 04:25:46.718 INFO Current price: 0.000000030731 - Current percentage: -20.77% - Max: 128.66% - Min: -20.77% - Market Cap 6331 - Trading time: 00:02:40
08-09-2025 04:25:54.855 INFO Current price: 0.000000030552 - Current percentage: -21.01% - Max: 128.66% - Min: -21.01% - Market Cap 6312 - Trading time: 00:02:48
08-09-2025 04:25:56.586 INFO Current price: 0.000000030515 - Current percentage: -20.96% - Max: 128.66% - Min: -21.01% - Market Cap 6316 - Trading time: 00:02:50
08-09-2025 04:26:06.100 INFO Current price: 0.000000030510 - Current percentage: -21.16% - Max: 128.66% - Min: -21.16% - Market Cap 6300 - Trading time: 00:02:59
08-09-2025 04:26:09.407 INFO Current price: 0.000000030348 - Current percentage: -21.68% - Max: 128.66% - Min: -21.68% - Market Cap 6259 - Trading time: 00:03:03
08-09-2025 04:26:14.892 INFO Current price: 0.000000030185 - Current percentage: -22.00% - Max: 128.66% - Min: -22.00% - Market Cap 6233 - Trading time: 00:03:08
08-09-2025 04:26:21.042 INFO Current price: 0.000000030438 - Current percentage: -20.36% - Max: 128.66% - Min: -22.00% - Market Cap 6364 - Trading time: 00:03:14
08-09-2025 04:26:25.465 INFO Current price: 0.000000030584 - Current percentage: -21.25% - Max: 128.66% - Min: -22.00% - Market Cap 6292 - Trading time: 00:03:19
08-09-2025 04:26:26.617 INFO Current price: 0.000000030098 - Current percentage: -22.87% - Max: 128.66% - Min: -22.87% - Market Cap 6163 - Trading time: 00:03:20
08-09-2025 04:26:30.973 INFO Current price: 0.000000029745 - Current percentage: -23.09% - Max: 128.66% - Min: -23.09% - Market Cap 6146 - Trading time: 00:03:24
08-09-2025 04:26:33.180 INFO Current price: 0.000000029701 - Current percentage: -23.09% - Max: 128.66% - Min: -23.09% - Market Cap 6146 - Trading time: 00:03:27
08-09-2025 04:26:34.692 INFO Current price: 0.000000029666 - Current percentage: -23.28% - Max: 128.66% - Min: -23.28% - Market Cap 6130 - Trading time: 00:03:28
08-09-2025 04:26:45.250 INFO Current price: 0.000000029336 - Current percentage: -24.78% - Max: 128.66% - Min: -24.78% - Market Cap 6010 - Trading time: 00:03:39
08-09-2025 04:26:53.016 INFO Current price: 0.000000029041 - Current percentage: -24.82% - Max: 128.66% - Min: -24.82% - Market Cap 6007 - Trading time: 00:03:46
08-09-2025 04:26:58.672 INFO Current price: 0.000000028908 - Current percentage: -25.47% - Max: 128.66% - Min: -25.47% - Market Cap 5956 - Trading time: 00:03:52
08-09-2025 04:27:08.742 INFO Current price: 0.000000028755 - Current percentage: -25.62% - Max: 128.66% - Min: -25.62% - Market Cap 5944 - Trading time: 00:04:02
08-09-2025 04:27:18.937 INFO Current price: 0.000000028646 - Current percentage: -26.03% - Max: 128.66% - Min: -26.03% - Market Cap 5910 - Trading time: 00:04:12
08-09-2025 04:27:54.421 INFO Current price: 0.000000028460 - Current percentage: -26.76% - Max: 128.66% - Min: -26.76% - Market Cap 5853 - Trading time: 00:04:48
08-09-2025 04:28:11.496 INFO Current price: 0.000000028295 - Current percentage: -27.07% - Max: 128.66% - Min: -27.07% - Market Cap 5828 - Trading time: 00:05:05
08-09-2025 04:28:49.595 INFO Current price: 0.000000028175 - Current percentage: -27.38% - Max: 128.66% - Min: -27.38% - Market Cap 5803 - Trading time: 00:05:43
08-09-2025 04:31:58.540 INFO Current price: 0.000000028103 - Current percentage: -27.44% - Max: 128.66% - Min: -27.44% - Market Cap 5798 - Trading time: 00:08:52






08-09-2025 04:41:58.543 INFO {"type":"summary","reason":"inactivity","startedAt":"2025-09-08T02:23:06.115Z","endedAt":"2025-09-08T02:41:58.543Z","durationSec":1132,"entryPrice":4.211807327625634e-8,"entryMarketCapSol":38.619780220462225,"entryMarketCapUsd":7990.818725415839,"minPct":-27.444484110497985,"maxPct":128.6635407596642,"buyCount":165,"sellCount":164,"tradeCount":329,"entryRecorded":true,"noPostThresholdTrades":false,"triggerAt":"2025-09-08T02:23:06.115Z","ageAtTriggerSec":29,"preTotalTrades":53,"preBuys":34,"preSells":19,"preUniqueTraders":33,"preEntryTotalTrades":57,"preEntryBuys":36,"preEntrySells":21,"preEntryUniqueTraders":35,"preEntryMinMcUsd":7635.528736481857,"preEntryMaxMcUsd":10860.012531992483,"thresholdMcSol":38.619780220462225,"thresholdMcUsd":7990.818725415839,"thresholdPrice":4.211807327625634e-8}
