08-09-2025 05:05:49.077 INFO Entry price: 0.000000029561605617 - Entry market cap: 6094 - Buys 11 - Sells 9 - Ratio: 1:0.82 - Min MarketCap: 5879 - Max MarketCap: 6700
08-09-2025 05:05:49.077 INFO Current price: 0.000000029562 - Current percentage: 0.00% - Max: 0.00% - Min: 0.00% - Market Cap 6094 - Trading time: 00:00:02
08-09-2025 05:07:35.862 INFO Current price: 0.000000028718 - Current percentage: -4.35% - Max: 0.00% - Min: -4.35% - Market Cap 5829 - Trading time: 00:01:48
08-09-2025 05:10:48.819 INFO Current price: 0.000000028088 - Current percentage: -4.21% - Max: 0.00% - Min: -4.35% - Market Cap 5837 - Trading time: 00:05:01
08-09-2025 05:11:01.309 INFO Current price: 0.000000028087 - Current percentage: -4.21% - Max: 0.00% - Min: -4.35% - Market Cap 5837 - Trading time: 00:05:14
08-09-2025 05:11:52.554 INFO Current price: 0.000000028097 - Current percentage: -4.15% - Max: 0.00% - Min: -4.35% - Market Cap 5841 - Trading time: 00:06:05
08-09-2025 05:11:58.035 INFO Current price: 0.000000028115 - Current percentage: -4.09% - Max: 0.00% - Min: -4.35% - Market Cap 5845 - Trading time: 00:06:10
08-09-2025 05:12:00.404 INFO Current price: 0.000000028134 - Current percentage: -4.02% - Max: 0.00% - Min: -4.35% - Market Cap 5849 - Trading time: 00:06:13
08-09-2025 05:12:01.801 INFO Current price: 0.000000028152 - Current percentage: -3.96% - Max: 0.00% - Min: -4.35% - Market Cap 5852 - Trading time: 00:06:14
08-09-2025 05:19:26.588 INFO Current price: 0.000000028124 - Current percentage: -4.11% - Max: 0.00% - Min: -4.35% - Market Cap 5843 - Trading time: 00:13:39
08-09-2025 05:20:34.194 INFO Current price: 0.000000029010 - Current percentage: 2.29% - Max: 2.29% - Min: -4.35% - Market Cap 6233 - Trading time: 00:14:47
08-09-2025 05:20:34.436 INFO Current price: 0.000000030168 - Current percentage: 3.69% - Max: 3.69% - Min: -4.35% - Market Cap 6319 - Trading time: 00:14:47
08-09-2025 05:20:34.438 INFO Current price: 0.000000030479 - Current percentage: 4.41% - Max: 4.41% - Min: -4.35% - Market Cap 6362 - Trading time: 00:14:47
08-09-2025 05:20:35.250 INFO Current price: 0.000000030855 - Current percentage: 6.27% - Max: 6.27% - Min: -4.35% - Market Cap 6476 - Trading time: 00:14:48
08-09-2025 05:20:35.317 INFO Current price: 0.000000031129 - Current percentage: 6.27% - Max: 6.27% - Min: -4.35% - Market Cap 6476 - Trading time: 00:14:48
08-09-2025 05:20:35.319 INFO Current price: 0.000000031130 - Current percentage: 6.27% - Max: 6.27% - Min: -4.35% - Market Cap 6476 - Trading time: 00:14:48
08-09-2025 05:20:35.322 INFO Current price: 0.000000031131 - Current percentage: 6.28% - Max: 6.28% - Min: -4.35% - Market Cap 6476 - Trading time: 00:14:48
08-09-2025 05:20:39.854 INFO Current price: 0.000000031131 - Current percentage: 6.28% - Max: 6.28% - Min: -4.35% - Market Cap 6476 - Trading time: 00:14:52
08-09-2025 05:20:40.193 INFO Current price: 0.000000031131 - Current percentage: 6.27% - Max: 6.28% - Min: -4.35% - Market Cap 6476 - Trading time: 00:14:53
08-09-2025 05:20:41.526 INFO Current price: 0.000000031131 - Current percentage: 6.27% - Max: 6.28% - Min: -4.35% - Market Cap 6476 - Trading time: 00:14:54
08-09-2025 05:20:44.874 INFO Current price: 0.000000031130 - Current percentage: 6.27% - Max: 6.28% - Min: -4.35% - Market Cap 6476 - Trading time: 00:14:57
08-09-2025 05:20:45.056 INFO Current price: 0.000000031130 - Current percentage: 6.27% - Max: 6.28% - Min: -4.35% - Market Cap 6476 - Trading time: 00:14:57
08-09-2025 05:20:45.134 INFO Current price: 0.000000031130 - Current percentage: 6.27% - Max: 6.28% - Min: -4.35% - Market Cap 6476 - Trading time: 00:14:58
08-09-2025 05:20:49.805 INFO Current price: 0.000000031129 - Current percentage: 6.27% - Max: 6.28% - Min: -4.35% - Market Cap 6476 - Trading time: 00:15:02
08-09-2025 05:20:50.172 INFO Current price: 0.000000031129 - Current percentage: 6.27% - Max: 6.28% - Min: -4.35% - Market Cap 6476 - Trading time: 00:15:03
08-09-2025 05:20:50.178 INFO Current price: 0.000000031129 - Current percentage: 6.27% - Max: 6.28% - Min: -4.35% - Market Cap 6476 - Trading time: 00:15:03
08-09-2025 05:20:54.506 INFO Current price: 0.000000030914 - Current percentage: 4.81% - Max: 6.28% - Min: -4.35% - Market Cap 6387 - Trading time: 00:15:07
08-09-2025 05:21:04.299 INFO Current price: 0.000000029713 - Current percentage: -1.83% - Max: 6.28% - Min: -4.35% - Market Cap 5982 - Trading time: 00:15:17
08-09-2025 05:21:04.623 INFO Current price: 0.000000028662 - Current percentage: -2.48% - Max: 6.28% - Min: -4.35% - Market Cap 5943 - Trading time: 00:15:17






08-09-2025 05:25:47.078 INFO {"type":"summary","reason":"max_window","startedAt":"2025-09-08T03:05:47.076Z","endedAt":"2025-09-08T03:25:47.078Z","durationSec":1200,"entryPrice":2.9561605616858335e-8,"entryMarketCapSol":29.363437341833173,"entryMarketCapUsd":6093.794151550638,"minPct":-4.345398870292208,"maxPct":6.276790753656209,"buyCount":12,"sellCount":15,"tradeCount":27,"entryRecorded":true,"noPostThresholdTrades":false,"triggerAt":"2025-09-08T03:05:47.075Z","ageAtTriggerSec":11,"preTotalTrades":20,"preBuys":11,"preSells":9,"preUniqueTraders":11,"preEntryTotalTrades":20,"preEntryBuys":11,"preEntrySells":9,"preEntryUniqueTraders":11,"preEntryMinMcUsd":5879.025351861445,"preEntryMaxMcUsd":6699.9264179299735,"thresholdMcSol":29.363437341833173,"thresholdMcUsd":6093.794151550638,"thresholdPrice":2.9561605616858335e-8}
