08-09-2025 02:09:51.108 INFO Entry price: 0.000000036609342310 - Entry market cap: 7273 - Buys 24 - Sells 16 - Ratio: 1:0.67 - Min MarketCap: 6938 - Max MarketCap: 9802
08-09-2025 02:09:51.108 INFO Current price: 0.000000036609 - Current percentage: 0.00% - Max: 0.00% - Min: 0.00% - Market Cap 7273 - Trading time: 00:00:02
08-09-2025 02:09:51.511 INFO Current price: 0.000000034650 - Current percentage: -1.75% - Max: 0.00% - Min: -1.75% - Market Cap 7146 - Trading time: 00:00:02
08-09-2025 02:09:54.231 INFO Current price: 0.000000034282 - Current percentage: -4.00% - Max: 0.00% - Min: -4.00% - Market Cap 6982 - Trading time: 00:00:05
08-09-2025 02:09:55.050 INFO Current price: 0.000000033908 - Current percentage: -3.88% - Max: 0.00% - Min: -4.00% - Market Cap 6991 - Trading time: 00:00:05
08-09-2025 02:09:55.633 INFO Current price: 0.000000033923 - Current percentage: -3.91% - Max: 0.00% - Min: -4.00% - Market Cap 6989 - Trading time: 00:00:06
08-09-2025 02:09:58.086 INFO Current price: 0.000000034923 - Current percentage: 1.86% - Max: 1.86% - Min: -4.00% - Market Cap 7408 - Trading time: 00:00:08
08-09-2025 02:09:58.442 INFO Current price: 0.000000035512 - Current percentage: -0.64% - Max: 1.86% - Min: -4.00% - Market Cap 7226 - Trading time: 00:00:09
08-09-2025 02:10:07.265 INFO Current price: 0.000000034195 - Current percentage: -5.55% - Max: 1.86% - Min: -5.55% - Market Cap 6869 - Trading time: 00:00:18
08-09-2025 02:10:07.326 INFO Current price: 0.000000032460 - Current percentage: -10.46% - Max: 1.86% - Min: -10.46% - Market Cap 6512 - Trading time: 00:00:18
08-09-2025 02:10:07.327 INFO Current price: 0.000000030848 - Current percentage: -14.70% - Max: 1.86% - Min: -14.70% - Market Cap 6204 - Trading time: 00:00:18
08-09-2025 02:10:07.836 INFO Current price: 0.000000029316 - Current percentage: -19.14% - Max: 1.86% - Min: -19.14% - Market Cap 5881 - Trading time: 00:00:18
08-09-2025 02:10:09.433 INFO Current price: 0.000000034988 - Current percentage: 21.50% - Max: 21.50% - Min: -19.14% - Market Cap 8837 - Trading time: 00:00:20
08-09-2025 02:10:11.976 INFO Current price: 0.000000034988 - Current percentage: -19.14% - Max: 21.50% - Min: -19.14% - Market Cap 5881 - Trading time: 00:00:22
08-09-2025 02:10:26.105 INFO Current price: 0.000000028425 - Current percentage: -19.81% - Max: 21.50% - Min: -19.81% - Market Cap 5832 - Trading time: 00:00:36
08-09-2025 02:10:26.244 INFO Current price: 0.000000028286 - Current percentage: -19.92% - Max: 21.50% - Min: -19.92% - Market Cap 5824 - Trading time: 00:00:37
08-09-2025 02:10:26.759 INFO Current price: 0.000000028250 - Current percentage: -20.01% - Max: 21.50% - Min: -20.01% - Market Cap 5818 - Trading time: 00:00:37
08-09-2025 02:10:27.182 INFO Current price: 0.000000028119 - Current percentage: -20.67% - Max: 21.50% - Min: -20.67% - Market Cap 5770 - Trading time: 00:00:38
08-09-2025 02:10:28.659 INFO Current price: 0.000000027981 - Current percentage: -20.79% - Max: 21.50% - Min: -20.79% - Market Cap 5761 - Trading time: 00:00:39






08-09-2025 02:20:28.660 INFO {"type":"summary","reason":"inactivity","startedAt":"2025-09-08T00:09:49.108Z","endedAt":"2025-09-08T00:20:28.660Z","durationSec":639,"entryPrice":3.660934231002399e-8,"entryMarketCapSol":35.29827744124459,"entryMarketCapUsd":7272.857083994036,"minPct":-20.792187316296864,"maxPct":21.502242118535232,"buyCount":4,"sellCount":16,"tradeCount":20,"entryRecorded":true,"noPostThresholdTrades":false,"triggerAt":"2025-09-08T00:09:49.107Z","ageAtTriggerSec":6,"preTotalTrades":37,"preBuys":24,"preSells":13,"preUniqueTraders":24,"preEntryTotalTrades":40,"preEntryBuys":24,"preEntrySells":16,"preEntryUniqueTraders":24,"preEntryMinMcUsd":6938.175691676242,"preEntryMaxMcUsd":9802.413445294378,"thresholdMcSol":35.29827744124459,"thresholdMcUsd":7272.857083994036,"thresholdPrice":3.660934231002399e-8}
