08-09-2025 01:12:24.065 INFO Entry price: 0.000000048255153774 - Entry market cap: 9417 - Buys 33 - Sells 15 - Ratio: 1:0.45 - Min MarketCap: 6804 - Max MarketCap: 10657
08-09-2025 01:12:24.065 INFO Current price: 0.000000048255 - Current percentage: 0.00% - Max: 0.00% - Min: 0.00% - Market Cap 9417 - Trading time: 00:00:02
08-09-2025 01:12:26.673 INFO Current price: 0.000000043367 - Current percentage: -3.63% - Max: 0.00% - Min: -3.63% - Market Cap 9076 - Trading time: 00:00:04
08-09-2025 01:12:27.119 INFO Current price: 0.000000044072 - Current percentage: -2.06% - Max: 0.00% - Min: -3.63% - Market Cap 9224 - Trading time: 00:00:05
08-09-2025 01:12:30.559 INFO Current price: 0.000000044523 - Current percentage: -1.65% - Max: 0.00% - Min: -3.63% - Market Cap 9262 - Trading time: 00:00:08
08-09-2025 01:12:35.384 INFO Current price: 0.000000046264 - Current percentage: 5.76% - Max: 5.76% - Min: -3.63% - Market Cap 9959 - Trading time: 00:00:13
08-09-2025 01:12:36.353 INFO Current price: 0.000000048212 - Current percentage: 6.81% - Max: 6.81% - Min: -3.63% - Market Cap 10059 - Trading time: 00:00:14
08-09-2025 01:12:38.074 INFO Current price: 0.000000048812 - Current percentage: 8.40% - Max: 8.40% - Min: -3.63% - Market Cap 10209 - Trading time: 00:00:16
08-09-2025 01:12:38.195 INFO Current price: 0.000000049193 - Current percentage: 8.49% - Max: 8.49% - Min: -3.63% - Market Cap 10216 - Trading time: 00:00:16
08-09-2025 01:12:38.320 INFO Current price: 0.000000049213 - Current percentage: 8.49% - Max: 8.49% - Min: -3.63% - Market Cap 10217 - Trading time: 00:00:16
08-09-2025 01:12:39.066 INFO Current price: 0.000000049075 - Current percentage: 7.88% - Max: 8.49% - Min: -3.63% - Market Cap 10159 - Trading time: 00:00:17
08-09-2025 01:12:44.477 INFO Current price: 0.000000048648 - Current percentage: 6.61% - Max: 8.49% - Min: -3.63% - Market Cap 10040 - Trading time: 00:00:22
08-09-2025 01:12:44.544 INFO Current price: 0.000000048322 - Current percentage: 6.44% - Max: 8.49% - Min: -3.63% - Market Cap 10023 - Trading time: 00:00:22
08-09-2025 01:12:51.766 INFO Current price: 0.000000048269 - Current percentage: 6.44% - Max: 8.49% - Min: -3.63% - Market Cap 10023 - Trading time: 00:00:29
08-09-2025 01:12:55.233 INFO Current price: 0.000000048044 - Current percentage: 5.39% - Max: 8.49% - Min: -3.63% - Market Cap 9925 - Trading time: 00:00:33
08-09-2025 01:13:05.692 INFO Current price: 0.000000047676 - Current percentage: 4.81% - Max: 8.49% - Min: -3.63% - Market Cap 9871 - Trading time: 00:00:43
08-09-2025 01:13:06.132 INFO Current price: 0.000000047270 - Current percentage: 3.60% - Max: 8.49% - Min: -3.63% - Market Cap 9756 - Trading time: 00:00:44
08-09-2025 01:13:08.431 INFO Current price: 0.000000047069 - Current percentage: 3.92% - Max: 8.49% - Min: -3.63% - Market Cap 9787 - Trading time: 00:00:46
08-09-2025 01:13:12.245 INFO Current price: 0.000000046677 - Current percentage: 1.88% - Max: 8.49% - Min: -3.63% - Market Cap 9594 - Trading time: 00:00:50
08-09-2025 01:13:13.408 INFO Current price: 0.000000046213 - Current percentage: 1.87% - Max: 8.49% - Min: -3.63% - Market Cap 9594 - Trading time: 00:00:51
08-09-2025 01:13:21.585 INFO Current price: 0.000000046293 - Current percentage: 2.23% - Max: 8.49% - Min: -3.63% - Market Cap 9627 - Trading time: 00:00:59
08-09-2025 01:13:21.779 INFO Current price: 0.000000046469 - Current percentage: 2.65% - Max: 8.49% - Min: -3.63% - Market Cap 9667 - Trading time: 00:00:59
08-09-2025 01:13:29.101 INFO Current price: 0.000000046859 - Current percentage: 3.95% - Max: 8.49% - Min: -3.63% - Market Cap 9789 - Trading time: 00:01:07
08-09-2025 01:13:29.373 INFO Current price: 0.000000048350 - Current percentage: 9.29% - Max: 9.29% - Min: -3.63% - Market Cap 10292 - Trading time: 00:01:07
08-09-2025 01:13:32.146 INFO Current price: 0.000000049674 - Current percentage: 9.72% - Max: 9.72% - Min: -3.63% - Market Cap 10333 - Trading time: 00:01:10
08-09-2025 01:13:33.482 INFO Current price: 0.000000050076 - Current percentage: 11.06% - Max: 11.06% - Min: -3.63% - Market Cap 10459 - Trading time: 00:01:11
08-09-2025 01:13:35.202 INFO Current price: 0.000000050504 - Current percentage: 11.60% - Max: 11.60% - Min: -3.63% - Market Cap 10510 - Trading time: 00:01:13
08-09-2025 01:13:55.185 INFO Current price: 0.000000051866 - Current percentage: 17.13% - Max: 17.13% - Min: -3.63% - Market Cap 11031 - Trading time: 00:01:33
08-09-2025 01:13:57.687 INFO Current price: 0.000000053637 - Current percentage: 19.36% - Max: 19.36% - Min: -3.63% - Market Cap 11240 - Trading time: 00:01:35
08-09-2025 01:14:13.265 INFO Current price: 0.000000054349 - Current percentage: 20.27% - Max: 20.27% - Min: -3.63% - Market Cap 11326 - Trading time: 00:01:51
08-09-2025 01:14:22.203 INFO Current price: 0.000000054695 - Current percentage: 20.88% - Max: 20.88% - Min: -3.63% - Market Cap 11384 - Trading time: 00:02:00
08-09-2025 01:14:23.231 INFO Current price: 0.000000052083 - Current percentage: 9.05% - Max: 20.88% - Min: -3.63% - Market Cap 10270 - Trading time: 00:02:01
08-09-2025 01:14:24.354 INFO Current price: 0.000000049026 - Current percentage: 7.11% - Max: 20.88% - Min: -3.63% - Market Cap 10087 - Trading time: 00:02:02
08-09-2025 01:14:35.471 INFO Current price: 0.000000048590 - Current percentage: 7.12% - Max: 20.88% - Min: -3.63% - Market Cap 10088 - Trading time: 00:02:13
08-09-2025 01:14:36.277 INFO Current price: 0.000000049794 - Current percentage: 12.48% - Max: 20.88% - Min: -3.63% - Market Cap 10593 - Trading time: 00:02:14
08-09-2025 01:14:36.421 INFO Current price: 0.000000051368 - Current percentage: 14.00% - Max: 20.88% - Min: -3.63% - Market Cap 10736 - Trading time: 00:02:14
08-09-2025 01:14:36.447 INFO Current price: 0.000000052051 - Current percentage: 15.49% - Max: 20.88% - Min: -3.63% - Market Cap 10876 - Trading time: 00:02:14
08-09-2025 01:14:38.859 INFO Current price: 0.000000052392 - Current percentage: 15.50% - Max: 20.88% - Min: -3.63% - Market Cap 10877 - Trading time: 00:02:16
08-09-2025 01:14:40.086 INFO Current price: 0.000000052444 - Current percentage: 15.72% - Max: 20.88% - Min: -3.63% - Market Cap 10898 - Trading time: 00:02:18
08-09-2025 01:14:41.588 INFO Current price: 0.000000052508 - Current percentage: 15.78% - Max: 20.88% - Min: -3.63% - Market Cap 10903 - Trading time: 00:02:19
08-09-2025 01:14:48.488 INFO Current price: 0.000000053897 - Current percentage: 21.64% - Max: 21.64% - Min: -3.63% - Market Cap 11455 - Trading time: 00:02:26
08-09-2025 01:14:49.799 INFO Current price: 0.000000056205 - Current percentage: 26.21% - Max: 26.21% - Min: -3.63% - Market Cap 11885 - Trading time: 00:02:27
08-09-2025 01:14:49.914 INFO Current price: 0.000000058211 - Current percentage: 30.47% - Max: 30.47% - Min: -3.63% - Market Cap 12287 - Trading time: 00:02:27
08-09-2025 01:14:49.996 INFO Current price: 0.000000060243 - Current percentage: 35.17% - Max: 35.17% - Min: -3.63% - Market Cap 12730 - Trading time: 00:02:27
08-09-2025 01:14:56.670 INFO Current price: 0.000000061656 - Current percentage: 36.67% - Max: 36.67% - Min: -3.63% - Market Cap 12870 - Trading time: 00:02:34
08-09-2025 01:14:59.381 INFO Current price: 0.000000062397 - Current percentage: 38.44% - Max: 38.44% - Min: -3.63% - Market Cap 13038 - Trading time: 00:02:37
08-09-2025 01:15:01.048 INFO Current price: 0.000000062952 - Current percentage: 38.80% - Max: 38.80% - Min: -3.63% - Market Cap 13071 - Trading time: 00:02:38
08-09-2025 01:15:01.310 INFO Current price: 0.000000063664 - Current percentage: 41.90% - Max: 41.90% - Min: -3.63% - Market Cap 13363 - Trading time: 00:02:39
08-09-2025 01:15:01.467 INFO Current price: 0.000000064924 - Current percentage: 44.35% - Max: 44.35% - Min: -3.63% - Market Cap 13594 - Trading time: 00:02:39
08-09-2025 01:15:02.127 INFO Current price: 0.000000065482 - Current percentage: 44.35% - Max: 44.35% - Min: -3.63% - Market Cap 13594 - Trading time: 00:02:40
08-09-2025 01:15:04.531 INFO Current price: 0.000000065733 - Current percentage: 45.46% - Max: 45.46% - Min: -3.63% - Market Cap 13699 - Trading time: 00:02:42
08-09-2025 01:15:06.946 INFO Current price: 0.000000066006 - Current percentage: 45.56% - Max: 45.56% - Min: -3.63% - Market Cap 13707 - Trading time: 00:02:44
08-09-2025 01:15:20.226 INFO Current price: 0.000000065842 - Current percentage: 44.74% - Max: 45.56% - Min: -3.63% - Market Cap 13630 - Trading time: 00:02:58
08-09-2025 01:15:21.273 INFO Current price: 0.000000066442 - Current percentage: 48.22% - Max: 48.22% - Min: -3.63% - Market Cap 13958 - Trading time: 00:02:59
08-09-2025 01:15:23.819 INFO Current price: 0.000000066656 - Current percentage: 45.67% - Max: 48.22% - Min: -3.63% - Market Cap 13718 - Trading time: 00:03:01
08-09-2025 01:15:31.362 INFO Current price: 0.000000065517 - Current percentage: 43.20% - Max: 48.22% - Min: -3.63% - Market Cap 13485 - Trading time: 00:03:09
08-09-2025 01:15:31.958 INFO Current price: 0.000000063247 - Current percentage: 35.75% - Max: 48.22% - Min: -3.63% - Market Cap 12784 - Trading time: 00:03:09
08-09-2025 01:15:32.052 INFO Current price: 0.000000061148 - Current percentage: 33.85% - Max: 48.22% - Min: -3.63% - Market Cap 12605 - Trading time: 00:03:09
08-09-2025 01:15:48.834 INFO Current price: 0.000000060960 - Current percentage: 34.92% - Max: 48.22% - Min: -3.63% - Market Cap 12706 - Trading time: 00:03:26
08-09-2025 01:16:00.024 INFO Current price: 0.000000060513 - Current percentage: 31.89% - Max: 48.22% - Min: -3.63% - Market Cap 12421 - Trading time: 00:03:37
08-09-2025 01:16:00.099 INFO Current price: 0.000000059401 - Current percentage: 30.01% - Max: 48.22% - Min: -3.63% - Market Cap 12243 - Trading time: 00:03:38
08-09-2025 01:16:00.612 INFO Current price: 0.000000058963 - Current percentage: 29.96% - Max: 48.22% - Min: -3.63% - Market Cap 12238 - Trading time: 00:03:38
08-09-2025 01:16:08.720 INFO Current price: 0.000000058584 - Current percentage: 28.34% - Max: 48.22% - Min: -3.63% - Market Cap 12086 - Trading time: 00:03:46
08-09-2025 01:16:13.308 INFO Current price: 0.000000058285 - Current percentage: 28.63% - Max: 48.22% - Min: -3.63% - Market Cap 12114 - Trading time: 00:03:51
08-09-2025 01:16:13.309 INFO Current price: 0.000000058416 - Current percentage: 28.92% - Max: 48.22% - Min: -3.63% - Market Cap 12141 - Trading time: 00:03:51
08-09-2025 01:16:14.013 INFO Current price: 0.000000058552 - Current percentage: 29.23% - Max: 48.22% - Min: -3.63% - Market Cap 12170 - Trading time: 00:03:51
08-09-2025 01:16:14.016 INFO Current price: 0.000000058684 - Current percentage: 29.50% - Max: 48.22% - Min: -3.63% - Market Cap 12196 - Trading time: 00:03:51
08-09-2025 01:16:18.425 INFO Current price: 0.000000058806 - Current percentage: 29.77% - Max: 48.22% - Min: -3.63% - Market Cap 12221 - Trading time: 00:03:56
08-09-2025 01:16:18.426 INFO Current price: 0.000000058938 - Current percentage: 30.08% - Max: 48.22% - Min: -3.63% - Market Cap 12250 - Trading time: 00:03:56
08-09-2025 01:16:25.871 INFO Current price: 0.000000058883 - Current percentage: 29.53% - Max: 48.22% - Min: -3.63% - Market Cap 12198 - Trading time: 00:04:03
08-09-2025 01:16:25.931 INFO Current price: 0.000000056630 - Current percentage: 20.32% - Max: 48.22% - Min: -3.63% - Market Cap 11331 - Trading time: 00:04:03
08-09-2025 01:16:25.940 INFO Current price: 0.000000053434 - Current percentage: 15.32% - Max: 48.22% - Min: -3.63% - Market Cap 10860 - Trading time: 00:04:03
08-09-2025 01:16:26.889 INFO Current price: 0.000000052312 - Current percentage: 15.32% - Max: 48.22% - Min: -3.63% - Market Cap 10860 - Trading time: 00:04:04
08-09-2025 01:16:27.187 INFO Current price: 0.000000053240 - Current percentage: 19.45% - Max: 48.22% - Min: -3.63% - Market Cap 11249 - Trading time: 00:04:05
08-09-2025 01:16:27.189 INFO Current price: 0.000000055270 - Current percentage: 24.28% - Max: 48.22% - Min: -3.63% - Market Cap 11704 - Trading time: 00:04:05
08-09-2025 01:16:27.248 INFO Current price: 0.000000056765 - Current percentage: 26.00% - Max: 48.22% - Min: -3.63% - Market Cap 11865 - Trading time: 00:04:05
08-09-2025 01:16:29.441 INFO Current price: 0.000000057813 - Current percentage: 28.91% - Max: 48.22% - Min: -3.63% - Market Cap 12140 - Trading time: 00:04:07
08-09-2025 01:16:36.535 INFO Current price: 0.000000058464 - Current percentage: 28.85% - Max: 48.22% - Min: -3.63% - Market Cap 12134 - Trading time: 00:04:14
08-09-2025 01:16:41.778 INFO Current price: 0.000000057392 - Current percentage: 24.23% - Max: 48.22% - Min: -3.63% - Market Cap 11699 - Trading time: 00:04:19
08-09-2025 01:16:41.781 INFO Current price: 0.000000055248 - Current percentage: 19.40% - Max: 48.22% - Min: -3.63% - Market Cap 11244 - Trading time: 00:04:19
08-09-2025 01:16:41.809 INFO Current price: 0.000000053803 - Current percentage: 17.82% - Max: 48.22% - Min: -3.63% - Market Cap 11095 - Trading time: 00:04:19
08-09-2025 01:16:43.323 INFO Current price: 0.000000053443 - Current percentage: 17.81% - Max: 48.22% - Min: -3.63% - Market Cap 11095 - Trading time: 00:04:21
08-09-2025 01:16:52.968 INFO Current price: 0.000000053309 - Current percentage: 17.23% - Max: 48.22% - Min: -3.63% - Market Cap 11039 - Trading time: 00:04:30
08-09-2025 01:16:56.493 INFO Current price: 0.000000052599 - Current percentage: 14.69% - Max: 48.22% - Min: -3.63% - Market Cap 10801 - Trading time: 00:04:34
08-09-2025 01:16:57.753 INFO Current price: 0.000000052034 - Current percentage: 14.72% - Max: 48.22% - Min: -3.63% - Market Cap 10804 - Trading time: 00:04:35
08-09-2025 01:16:58.400 INFO Current price: 0.000000051380 - Current percentage: 11.83% - Max: 48.22% - Min: -3.63% - Market Cap 10531 - Trading time: 00:04:36
08-09-2025 01:16:58.900 INFO Current price: 0.000000050717 - Current percentage: 11.78% - Max: 48.22% - Min: -3.63% - Market Cap 10526 - Trading time: 00:04:36
08-09-2025 01:16:58.902 INFO Current price: 0.000000050686 - Current percentage: 11.69% - Max: 48.22% - Min: -3.63% - Market Cap 10518 - Trading time: 00:04:36
08-09-2025 01:17:03.216 INFO Current price: 0.000000050790 - Current percentage: 12.23% - Max: 48.22% - Min: -3.63% - Market Cap 10569 - Trading time: 00:04:41
08-09-2025 01:17:14.481 INFO Current price: 0.000000050815 - Current percentage: 12.29% - Max: 48.22% - Min: -3.63% - Market Cap 10575 - Trading time: 00:04:52
08-09-2025 01:17:38.029 INFO Current price: 0.000000050718 - Current percentage: 11.32% - Max: 48.22% - Min: -3.63% - Market Cap 10483 - Trading time: 00:05:15
08-09-2025 01:17:45.122 INFO Current price: 0.000000050805 - Current percentage: 12.59% - Max: 48.22% - Min: -3.63% - Market Cap 10603 - Trading time: 00:05:23
08-09-2025 01:17:52.385 INFO Current price: 0.000000051237 - Current percentage: 13.14% - Max: 48.22% - Min: -3.63% - Market Cap 10655 - Trading time: 00:05:30
08-09-2025 01:17:53.935 INFO Current price: 0.000000051485 - Current percentage: 13.69% - Max: 48.22% - Min: -3.63% - Market Cap 10706 - Trading time: 00:05:31
08-09-2025 01:18:00.465 INFO Current price: 0.000000051609 - Current percentage: 13.69% - Max: 48.22% - Min: -3.63% - Market Cap 10706 - Trading time: 00:05:38
08-09-2025 01:18:03.247 INFO Current price: 0.000000051406 - Current percentage: 12.80% - Max: 48.22% - Min: -3.63% - Market Cap 10622 - Trading time: 00:05:41
08-09-2025 01:18:10.934 INFO Current price: 0.000000051329 - Current percentage: 13.35% - Max: 48.22% - Min: -3.63% - Market Cap 10674 - Trading time: 00:05:48
08-09-2025 01:18:21.692 INFO Current price: 0.000000050159 - Current percentage: 7.71% - Max: 48.22% - Min: -3.63% - Market Cap 10143 - Trading time: 00:05:59
08-09-2025 01:18:21.822 INFO Current price: 0.000000048878 - Current percentage: 7.63% - Max: 48.22% - Min: -3.63% - Market Cap 10136 - Trading time: 00:05:59
08-09-2025 01:18:32.952 INFO Current price: 0.000000049781 - Current percentage: 11.73% - Max: 48.22% - Min: -3.63% - Market Cap 10522 - Trading time: 00:06:10
08-09-2025 01:18:32.962 INFO Current price: 0.000000051745 - Current percentage: 16.29% - Max: 48.22% - Min: -3.63% - Market Cap 10951 - Trading time: 00:06:10
08-09-2025 01:18:33.221 INFO Current price: 0.000000053136 - Current percentage: 17.82% - Max: 48.22% - Min: -3.63% - Market Cap 11095 - Trading time: 00:06:11
08-09-2025 01:18:33.531 INFO Current price: 0.000000057350 - Current percentage: 35.47% - Max: 48.22% - Min: -3.63% - Market Cap 12757 - Trading time: 00:06:11
08-09-2025 01:18:33.831 INFO Current price: 0.000000061496 - Current percentage: 35.47% - Max: 48.22% - Min: -3.63% - Market Cap 12757 - Trading time: 00:06:11
08-09-2025 01:18:34.148 INFO Current price: 0.000000063887 - Current percentage: 46.20% - Max: 48.22% - Min: -3.63% - Market Cap 13768 - Trading time: 00:06:12
08-09-2025 01:18:36.811 INFO Current price: 0.000000066657 - Current percentage: 47.47% - Max: 48.22% - Min: -3.63% - Market Cap 13888 - Trading time: 00:06:14
08-09-2025 01:18:36.901 INFO Current price: 0.000000066988 - Current percentage: 47.66% - Max: 48.22% - Min: -3.63% - Market Cap 13906 - Trading time: 00:06:14
08-09-2025 01:18:48.422 INFO Current price: 0.000000065598 - Current percentage: 41.42% - Max: 48.22% - Min: -3.63% - Market Cap 13318 - Trading time: 00:06:26
08-09-2025 01:18:48.495 INFO Current price: 0.000000063740 - Current percentage: 39.41% - Max: 48.22% - Min: -3.63% - Market Cap 13129 - Trading time: 00:06:26
08-09-2025 01:18:51.956 INFO Current price: 0.000000063251 - Current percentage: 39.41% - Max: 48.22% - Min: -3.63% - Market Cap 13129 - Trading time: 00:06:29
08-09-2025 01:18:54.165 INFO Current price: 0.000000063021 - Current percentage: 38.24% - Max: 48.22% - Min: -3.63% - Market Cap 13019 - Trading time: 00:06:32
08-09-2025 01:18:54.222 INFO Current price: 0.000000062718 - Current percentage: 38.07% - Max: 48.22% - Min: -3.63% - Market Cap 13003 - Trading time: 00:06:32
08-09-2025 01:18:54.923 INFO Current price: 0.000000058415 - Current percentage: 19.93% - Max: 48.22% - Min: -3.63% - Market Cap 11294 - Trading time: 00:06:32
08-09-2025 01:19:02.975 INFO Current price: 0.000000054569 - Current percentage: 20.49% - Max: 48.22% - Min: -3.63% - Market Cap 11347 - Trading time: 00:06:40
08-09-2025 01:19:05.437 INFO Current price: 0.000000055079 - Current percentage: 22.18% - Max: 48.22% - Min: -3.63% - Market Cap 11506 - Trading time: 00:06:43
08-09-2025 01:19:06.035 INFO Current price: 0.000000055849 - Current percentage: 23.88% - Max: 48.22% - Min: -3.63% - Market Cap 11666 - Trading time: 00:06:43
08-09-2025 01:19:06.235 INFO Current price: 0.000000056324 - Current percentage: 24.27% - Max: 48.22% - Min: -3.63% - Market Cap 11703 - Trading time: 00:06:44
08-09-2025 01:19:06.953 INFO Current price: 0.000000056477 - Current percentage: 24.55% - Max: 48.22% - Min: -3.63% - Market Cap 11730 - Trading time: 00:06:44
08-09-2025 01:19:07.689 INFO Current price: 0.000000057851 - Current percentage: 30.39% - Max: 48.22% - Min: -3.63% - Market Cap 12279 - Trading time: 00:06:45
08-09-2025 01:19:07.782 INFO Current price: 0.000000059620 - Current percentage: 32.29% - Max: 48.22% - Min: -3.63% - Market Cap 12458 - Trading time: 00:06:45
08-09-2025 01:19:07.853 INFO Current price: 0.000000060453 - Current percentage: 34.06% - Max: 48.22% - Min: -3.63% - Market Cap 12625 - Trading time: 00:06:45
08-09-2025 01:19:07.913 INFO Current price: 0.000000060988 - Current percentage: 34.64% - Max: 48.22% - Min: -3.63% - Market Cap 12679 - Trading time: 00:06:45
08-09-2025 01:19:08.025 INFO Current price: 0.000000061254 - Current percentage: 35.23% - Max: 48.22% - Min: -3.63% - Market Cap 12735 - Trading time: 00:06:45
08-09-2025 01:19:08.323 INFO Current price: 0.000000061422 - Current percentage: 35.38% - Max: 48.22% - Min: -3.63% - Market Cap 12749 - Trading time: 00:06:46
08-09-2025 01:19:09.114 INFO Current price: 0.000000062139 - Current percentage: 38.40% - Max: 48.22% - Min: -3.63% - Market Cap 13034 - Trading time: 00:06:47
08-09-2025 01:19:11.717 INFO Current price: 0.000000063607 - Current percentage: 41.85% - Max: 48.22% - Min: -3.63% - Market Cap 13359 - Trading time: 00:06:49
08-09-2025 01:19:20.578 INFO Current price: 0.000000062145 - Current percentage: 32.11% - Max: 48.22% - Min: -3.63% - Market Cap 12441 - Trading time: 00:06:58
08-09-2025 01:19:20.580 INFO Current price: 0.000000058709 - Current percentage: 26.60% - Max: 48.22% - Min: -3.63% - Market Cap 11922 - Trading time: 00:06:58
08-09-2025 01:19:20.748 INFO Current price: 0.000000057351 - Current percentage: 26.07% - Max: 48.22% - Min: -3.63% - Market Cap 11873 - Trading time: 00:06:58
08-09-2025 01:19:22.060 INFO Current price: 0.000000057237 - Current percentage: 26.10% - Max: 48.22% - Min: -3.63% - Market Cap 11875 - Trading time: 00:06:59
08-09-2025 01:19:24.545 INFO Current price: 0.000000057503 - Current percentage: 27.25% - Max: 48.22% - Min: -3.63% - Market Cap 11983 - Trading time: 00:07:02
08-09-2025 01:19:26.913 INFO Current price: 0.000000058158 - Current percentage: 28.99% - Max: 48.22% - Min: -3.63% - Market Cap 12147 - Trading time: 00:07:04
08-09-2025 01:19:27.799 INFO Current price: 0.000000058949 - Current percentage: 30.73% - Max: 48.22% - Min: -3.63% - Market Cap 12312 - Trading time: 00:07:05
08-09-2025 01:19:28.091 INFO Current price: 0.000000060045 - Current percentage: 33.83% - Max: 48.22% - Min: -3.63% - Market Cap 12603 - Trading time: 00:07:06
08-09-2025 01:19:28.970 INFO Current price: 0.000000060818 - Current percentage: 34.12% - Max: 48.22% - Min: -3.63% - Market Cap 12631 - Trading time: 00:07:06
08-09-2025 01:19:29.062 INFO Current price: 0.000000061121 - Current percentage: 35.16% - Max: 48.22% - Min: -3.63% - Market Cap 12729 - Trading time: 00:07:06
08-09-2025 01:19:29.567 INFO Current price: 0.000000061637 - Current percentage: 36.39% - Max: 48.22% - Min: -3.63% - Market Cap 12845 - Trading time: 00:07:07
08-09-2025 01:19:41.447 INFO Current price: 0.000000061930 - Current percentage: 36.45% - Max: 48.22% - Min: -3.63% - Market Cap 12850 - Trading time: 00:07:19
08-09-2025 01:19:44.921 INFO Current price: 0.000000061268 - Current percentage: 33.49% - Max: 48.22% - Min: -3.63% - Market Cap 12572 - Trading time: 00:07:22
08-09-2025 01:20:04.293 INFO Current price: 0.000000059880 - Current percentage: 30.34% - Max: 48.22% - Min: -3.63% - Market Cap 12275 - Trading time: 00:07:42
08-09-2025 01:20:04.536 INFO Current price: 0.000000058945 - Current percentage: 29.36% - Max: 48.22% - Min: -3.63% - Market Cap 12182 - Trading time: 00:07:42
08-09-2025 01:20:04.680 INFO Current price: 0.000000058303 - Current percentage: 27.52% - Max: 48.22% - Min: -3.63% - Market Cap 12009 - Trading time: 00:07:42
08-09-2025 01:20:07.270 INFO Current price: 0.000000057748 - Current percentage: 26.91% - Max: 48.22% - Min: -3.63% - Market Cap 11951 - Trading time: 00:07:45
08-09-2025 01:20:08.752 INFO Current price: 0.000000057741 - Current percentage: 27.48% - Max: 48.22% - Min: -3.63% - Market Cap 12006 - Trading time: 00:07:46
08-09-2025 01:20:18.217 INFO Current price: 0.000000057836 - Current percentage: 27.32% - Max: 48.22% - Min: -3.63% - Market Cap 11991 - Trading time: 00:07:56
08-09-2025 01:20:20.743 INFO Current price: 0.000000056507 - Current percentage: 21.69% - Max: 48.22% - Min: -3.63% - Market Cap 11460 - Trading time: 00:07:58
08-09-2025 01:20:23.543 INFO Current price: 0.000000055908 - Current percentage: 24.64% - Max: 48.22% - Min: -3.63% - Market Cap 11737 - Trading time: 00:08:01
08-09-2025 01:20:23.543 INFO Current price: 0.000000057204 - Current percentage: 27.40% - Max: 48.22% - Min: -3.63% - Market Cap 11998 - Trading time: 00:08:01
08-09-2025 01:20:23.775 INFO Current price: 0.000000058242 - Current percentage: 29.20% - Max: 48.22% - Min: -3.63% - Market Cap 12167 - Trading time: 00:08:01
08-09-2025 01:20:23.793 INFO Current price: 0.000000059064 - Current percentage: 31.02% - Max: 48.22% - Min: -3.63% - Market Cap 12339 - Trading time: 00:08:01
08-09-2025 01:20:28.082 INFO Current price: 0.000000057368 - Current percentage: 21.89% - Max: 48.22% - Min: -3.63% - Market Cap 11479 - Trading time: 00:08:06
08-09-2025 01:20:28.222 INFO Current price: 0.000000054960 - Current percentage: 20.25% - Max: 48.22% - Min: -3.63% - Market Cap 11325 - Trading time: 00:08:06
08-09-2025 01:20:33.841 INFO Current price: 0.000000054679 - Current percentage: 20.65% - Max: 48.22% - Min: -3.63% - Market Cap 11362 - Trading time: 00:08:11
08-09-2025 01:20:40.369 INFO Current price: 0.000000055029 - Current percentage: 21.80% - Max: 48.22% - Min: -3.63% - Market Cap 11470 - Trading time: 00:08:18
08-09-2025 01:20:48.324 INFO Current price: 0.000000054588 - Current percentage: 18.72% - Max: 48.22% - Min: -3.63% - Market Cap 11180 - Trading time: 00:08:26
08-09-2025 01:20:48.591 INFO Current price: 0.000000053533 - Current percentage: 17.14% - Max: 48.22% - Min: -3.63% - Market Cap 11031 - Trading time: 00:08:26
08-09-2025 01:20:52.728 INFO Current price: 0.000000052943 - Current percentage: 16.12% - Max: 48.22% - Min: -3.63% - Market Cap 10935 - Trading time: 00:08:30
08-09-2025 01:20:59.040 INFO Current price: 0.000000052142 - Current percentage: 13.62% - Max: 48.22% - Min: -3.63% - Market Cap 10700 - Trading time: 00:08:36
08-09-2025 01:21:00.742 INFO Current price: 0.000000050992 - Current percentage: 11.05% - Max: 48.22% - Min: -3.63% - Market Cap 10458 - Trading time: 00:08:38
08-09-2025 01:21:00.742 INFO Current price: 0.000000049899 - Current percentage: 8.80% - Max: 48.22% - Min: -3.63% - Market Cap 10246 - Trading time: 00:08:38
08-09-2025 01:21:01.904 INFO Current price: 0.000000049514 - Current percentage: 9.35% - Max: 48.22% - Min: -3.63% - Market Cap 10297 - Trading time: 00:08:39
08-09-2025 01:21:08.209 INFO Current price: 0.000000050880 - Current percentage: 14.89% - Max: 48.22% - Min: -3.63% - Market Cap 10819 - Trading time: 00:08:46
08-09-2025 01:21:08.300 INFO Current price: 0.000000052350 - Current percentage: 15.76% - Max: 48.22% - Min: -3.63% - Market Cap 10901 - Trading time: 00:08:46
08-09-2025 01:21:08.303 INFO Current price: 0.000000052896 - Current percentage: 17.30% - Max: 48.22% - Min: -3.63% - Market Cap 11046 - Trading time: 00:08:46
08-09-2025 01:21:08.408 INFO Current price: 0.000000053368 - Current percentage: 17.83% - Max: 48.22% - Min: -3.63% - Market Cap 11097 - Trading time: 00:08:46
08-09-2025 01:21:09.147 INFO Current price: 0.000000053824 - Current percentage: 19.31% - Max: 48.22% - Min: -3.63% - Market Cap 11236 - Trading time: 00:08:47
08-09-2025 01:21:24.710 INFO Current price: 0.000000054036 - Current percentage: 18.76% - Max: 48.22% - Min: -3.63% - Market Cap 11184 - Trading time: 00:09:02
08-09-2025 01:21:24.901 INFO Current price: 0.000000053707 - Current percentage: 17.86% - Max: 48.22% - Min: -3.63% - Market Cap 11099 - Trading time: 00:09:02
08-09-2025 01:21:29.583 INFO Current price: 0.000000053316 - Current percentage: 17.04% - Max: 48.22% - Min: -3.63% - Market Cap 11022 - Trading time: 00:09:07
08-09-2025 01:21:33.173 INFO Current price: 0.000000053137 - Current percentage: 17.07% - Max: 48.22% - Min: -3.63% - Market Cap 11025 - Trading time: 00:09:11
08-09-2025 01:21:36.857 INFO Current price: 0.000000053269 - Current percentage: 17.62% - Max: 48.22% - Min: -3.63% - Market Cap 11077 - Trading time: 00:09:14
08-09-2025 01:21:37.623 INFO Current price: 0.000000054042 - Current percentage: 20.49% - Max: 48.22% - Min: -3.63% - Market Cap 11347 - Trading time: 00:09:15
08-09-2025 01:21:40.352 INFO Current price: 0.000000054698 - Current percentage: 20.50% - Max: 48.22% - Min: -3.63% - Market Cap 11347 - Trading time: 00:09:18
08-09-2025 01:21:42.395 INFO Current price: 0.000000054725 - Current percentage: 20.61% - Max: 48.22% - Min: -3.63% - Market Cap 11358 - Trading time: 00:09:20
08-09-2025 01:21:52.747 INFO Current price: 0.000000054878 - Current percentage: 21.17% - Max: 48.22% - Min: -3.63% - Market Cap 11411 - Trading time: 00:09:30
08-09-2025 01:21:54.763 INFO Current price: 0.000000055004 - Current percentage: 21.16% - Max: 48.22% - Min: -3.63% - Market Cap 11410 - Trading time: 00:09:32
08-09-2025 01:22:40.544 INFO Current price: 0.000000055642 - Current percentage: 24.00% - Max: 48.22% - Min: -3.63% - Market Cap 11677 - Trading time: 00:10:18
08-09-2025 01:22:41.106 INFO Current price: 0.000000054404 - Current percentage: 15.83% - Max: 48.22% - Min: -3.63% - Market Cap 10908 - Trading time: 00:10:19
08-09-2025 01:22:41.150 INFO Current price: 0.000000052239 - Current percentage: 14.32% - Max: 48.22% - Min: -3.63% - Market Cap 10766 - Trading time: 00:10:19
08-09-2025 01:22:53.416 INFO Current price: 0.000000051972 - Current percentage: 14.65% - Max: 48.22% - Min: -3.63% - Market Cap 10797 - Trading time: 00:10:31
08-09-2025 01:22:54.895 INFO Current price: 0.000000052668 - Current percentage: 17.41% - Max: 48.22% - Min: -3.63% - Market Cap 11056 - Trading time: 00:10:32
08-09-2025 01:22:55.185 INFO Current price: 0.000000053428 - Current percentage: 17.98% - Max: 48.22% - Min: -3.63% - Market Cap 11111 - Trading time: 00:10:33
08-09-2025 01:23:00.102 INFO Current price: 0.000000052694 - Current percentage: 14.20% - Max: 48.22% - Min: -3.63% - Market Cap 10755 - Trading time: 00:10:38
08-09-2025 01:23:06.725 INFO Current price: 0.000000050938 - Current percentage: 10.25% - Max: 48.22% - Min: -3.63% - Market Cap 10383 - Trading time: 00:10:44
08-09-2025 01:23:15.443 INFO Current price: 0.000000049930 - Current percentage: 9.73% - Max: 48.22% - Min: -3.63% - Market Cap 10333 - Trading time: 00:10:53
08-09-2025 01:23:17.096 INFO Current price: 0.000000050116 - Current percentage: 11.07% - Max: 48.22% - Min: -3.63% - Market Cap 10460 - Trading time: 00:10:55
08-09-2025 01:23:22.779 INFO Current price: 0.000000050351 - Current percentage: 10.76% - Max: 48.22% - Min: -3.63% - Market Cap 10430 - Trading time: 00:11:00
08-09-2025 01:23:25.589 INFO Current price: 0.000000051135 - Current percentage: 14.56% - Max: 48.22% - Min: -3.63% - Market Cap 10788 - Trading time: 00:11:03
08-09-2025 01:23:26.960 INFO Current price: 0.000000052582 - Current percentage: 17.12% - Max: 48.22% - Min: -3.63% - Market Cap 11029 - Trading time: 00:11:04
08-09-2025 01:23:27.138 INFO Current price: 0.000000053532 - Current percentage: 18.74% - Max: 48.22% - Min: -3.63% - Market Cap 11182 - Trading time: 00:11:05
08-09-2025 01:23:55.265 INFO Current price: 0.000000053964 - Current percentage: 19.02% - Max: 48.22% - Min: -3.63% - Market Cap 11208 - Trading time: 00:11:33
08-09-2025 01:23:58.504 INFO Current price: 0.000000054154 - Current percentage: 19.57% - Max: 48.22% - Min: -3.63% - Market Cap 11261 - Trading time: 00:11:36
08-09-2025 01:24:00.259 INFO Current price: 0.000000053312 - Current percentage: 15.34% - Max: 48.22% - Min: -3.63% - Market Cap 10862 - Trading time: 00:11:38
08-09-2025 01:24:06.276 INFO Current price: 0.000000052423 - Current percentage: 15.62% - Max: 48.22% - Min: -3.63% - Market Cap 10888 - Trading time: 00:11:44
08-09-2025 01:24:08.640 INFO Current price: 0.000000052511 - Current percentage: 15.73% - Max: 48.22% - Min: -3.63% - Market Cap 10899 - Trading time: 00:11:46
08-09-2025 01:24:14.412 INFO Current price: 0.000000052848 - Current percentage: 17.11% - Max: 48.22% - Min: -3.63% - Market Cap 11028 - Trading time: 00:11:52
08-09-2025 01:24:16.295 INFO Current price: 0.000000054167 - Current percentage: 21.58% - Max: 48.22% - Min: -3.63% - Market Cap 11449 - Trading time: 00:11:54
08-09-2025 01:24:16.379 INFO Current price: 0.000000055569 - Current percentage: 23.25% - Max: 48.22% - Min: -3.63% - Market Cap 11607 - Trading time: 00:11:54
08-09-2025 01:24:18.795 INFO Current price: 0.000000053885 - Current percentage: 14.32% - Max: 48.22% - Min: -3.63% - Market Cap 10766 - Trading time: 00:11:56
08-09-2025 01:24:18.935 INFO Current price: 0.000000051558 - Current percentage: 12.83% - Max: 48.22% - Min: -3.63% - Market Cap 10626 - Trading time: 00:11:56
08-09-2025 01:24:20.502 INFO Current price: 0.000000050411 - Current percentage: 9.29% - Max: 48.22% - Min: -3.63% - Market Cap 10292 - Trading time: 00:11:58
08-09-2025 01:24:27.174 INFO Current price: 0.000000047560 - Current percentage: 0.43% - Max: 48.22% - Min: -3.63% - Market Cap 9458 - Trading time: 00:12:05
08-09-2025 01:24:27.859 INFO Current price: 0.000000045341 - Current percentage: -0.67% - Max: 48.22% - Min: -3.63% - Market Cap 9355 - Trading time: 00:12:05
08-09-2025 01:24:28.474 INFO Current price: 0.000000044637 - Current percentage: -2.67% - Max: 48.22% - Min: -3.63% - Market Cap 9166 - Trading time: 00:12:06
08-09-2025 01:24:30.059 INFO Current price: 0.000000044124 - Current percentage: -2.94% - Max: 48.22% - Min: -3.63% - Market Cap 9141 - Trading time: 00:12:07
08-09-2025 01:24:30.346 INFO Current price: 0.000000042884 - Current percentage: -8.06% - Max: 48.22% - Min: -8.06% - Market Cap 8658 - Trading time: 00:12:08
08-09-2025 01:24:31.181 INFO Current price: 0.000000041272 - Current percentage: -10.10% - Max: 48.22% - Min: -10.10% - Market Cap 8467 - Trading time: 00:12:09
08-09-2025 01:24:31.196 INFO Current price: 0.000000040773 - Current percentage: -10.27% - Max: 48.22% - Min: -10.27% - Market Cap 8450 - Trading time: 00:12:09
08-09-2025 01:24:31.579 INFO Current price: 0.000000040419 - Current percentage: -11.65% - Max: 48.22% - Min: -11.65% - Market Cap 8320 - Trading time: 00:12:09
08-09-2025 01:24:31.780 INFO Current price: 0.000000039695 - Current percentage: -13.45% - Max: 48.22% - Min: -13.45% - Market Cap 8150 - Trading time: 00:12:09
08-09-2025 01:24:38.343 INFO Current price: 0.000000039162 - Current percentage: -14.01% - Max: 48.22% - Min: -14.01% - Market Cap 8098 - Trading time: 00:12:16
08-09-2025 01:24:43.210 INFO Current price: 0.000000039305 - Current percentage: -12.82% - Max: 48.22% - Min: -14.01% - Market Cap 8210 - Trading time: 00:12:21
08-09-2025 01:24:51.792 INFO Current price: 0.000000039506 - Current percentage: -13.13% - Max: 48.22% - Min: -14.01% - Market Cap 8181 - Trading time: 00:12:29
08-09-2025 01:24:55.657 INFO Current price: 0.000000039358 - Current percentage: -13.47% - Max: 48.22% - Min: -14.01% - Market Cap 8149 - Trading time: 00:12:33
08-09-2025 01:24:56.075 INFO Current price: 0.000000039050 - Current percentage: -14.48% - Max: 48.22% - Min: -14.48% - Market Cap 8054 - Trading time: 00:12:34
08-09-2025 01:25:00.054 INFO Current price: 0.000000038608 - Current percentage: -15.42% - Max: 48.22% - Min: -15.42% - Market Cap 7965 - Trading time: 00:12:37
08-09-2025 01:25:00.059 INFO Current price: 0.000000037842 - Current percentage: -17.84% - Max: 48.22% - Min: -17.84% - Market Cap 7737 - Trading time: 00:12:37
08-09-2025 01:25:00.059 INFO Current price: 0.000000036726 - Current percentage: -20.34% - Max: 48.22% - Min: -20.34% - Market Cap 7502 - Trading time: 00:12:37
08-09-2025 01:25:03.514 INFO Current price: 0.000000035900 - Current percentage: -21.49% - Max: 48.22% - Min: -21.49% - Market Cap 7393 - Trading time: 00:12:41
08-09-2025 01:25:03.516 INFO Current price: 0.000000035382 - Current percentage: -22.62% - Max: 48.22% - Min: -22.62% - Market Cap 7287 - Trading time: 00:12:41
08-09-2025 01:25:04.254 INFO Current price: 0.000000034789 - Current percentage: -24.10% - Max: 48.22% - Min: -24.10% - Market Cap 7148 - Trading time: 00:12:42
08-09-2025 01:25:07.785 INFO Current price: 0.000000033605 - Current percentage: -27.80% - Max: 48.22% - Min: -27.80% - Market Cap 6799 - Trading time: 00:12:45
08-09-2025 01:25:07.823 INFO Current price: 0.000000032511 - Current percentage: -28.96% - Max: 48.22% - Min: -28.96% - Market Cap 6690 - Trading time: 00:12:45
08-09-2025 01:25:07.849 INFO Current price: 0.000000031910 - Current percentage: -30.45% - Max: 48.22% - Min: -30.45% - Market Cap 6550 - Trading time: 00:12:45
08-09-2025 01:25:07.868 INFO Current price: 0.000000031314 - Current percentage: -31.59% - Max: 48.22% - Min: -31.59% - Market Cap 6443 - Trading time: 00:12:45
08-09-2025 01:25:07.870 INFO Current price: 0.000000030501 - Current percentage: -34.01% - Max: 48.22% - Min: -34.01% - Market Cap 6214 - Trading time: 00:12:45
08-09-2025 01:25:10.368 INFO Current price: 0.000000029946 - Current percentage: -34.06% - Max: 48.22% - Min: -34.06% - Market Cap 6210 - Trading time: 00:12:48
08-09-2025 01:25:20.614 INFO Current price: 0.000000029580 - Current percentage: -35.62% - Max: 48.22% - Min: -35.62% - Market Cap 6063 - Trading time: 00:12:58
08-09-2025 01:25:28.053 INFO Current price: 0.000000029926 - Current percentage: -32.50% - Max: 48.22% - Min: -35.62% - Market Cap 6357 - Trading time: 00:13:05
08-09-2025 01:25:28.060 INFO Current price: 0.000000031357 - Current percentage: -29.31% - Max: 48.22% - Min: -35.62% - Market Cap 6657 - Trading time: 00:13:05
08-09-2025 01:25:28.132 INFO Current price: 0.000000032248 - Current percentage: -28.61% - Max: 48.22% - Min: -35.62% - Market Cap 6723 - Trading time: 00:13:06
08-09-2025 01:25:35.123 INFO Current price: 0.000000032407 - Current percentage: -28.62% - Max: 48.22% - Min: -35.62% - Market Cap 6722 - Trading time: 00:13:13
08-09-2025 01:25:37.195 INFO Current price: 0.000000032896 - Current percentage: -26.44% - Max: 48.22% - Min: -35.62% - Market Cap 6927 - Trading time: 00:13:15
08-09-2025 01:26:53.548 INFO Current price: 0.000000033368 - Current percentage: -26.55% - Max: 48.22% - Min: -35.62% - Market Cap 6917 - Trading time: 00:14:31
08-09-2025 01:28:22.260 INFO Current price: 0.000000032530 - Current percentage: -30.03% - Max: 48.22% - Min: -35.62% - Market Cap 6590 - Trading time: 00:16:00
08-09-2025 01:28:22.347 INFO Current price: 0.000000031584 - Current percentage: -30.71% - Max: 48.22% - Min: -35.62% - Market Cap 6525 - Trading time: 00:16:00
08-09-2025 01:28:22.354 INFO Current price: 0.000000030720 - Current percentage: -33.80% - Max: 48.22% - Min: -35.62% - Market Cap 6234 - Trading time: 00:16:00
08-09-2025 01:28:22.355 INFO Current price: 0.000000029601 - Current percentage: -35.66% - Max: 48.22% - Min: -35.66% - Market Cap 6059 - Trading time: 00:16:00
08-09-2025 01:28:27.510 INFO Current price: 0.000000029049 - Current percentage: -36.25% - Max: 48.22% - Min: -36.25% - Market Cap 6004 - Trading time: 00:16:05
08-09-2025 01:28:38.735 INFO Current price: 0.000000028547 - Current percentage: -37.87% - Max: 48.22% - Min: -37.87% - Market Cap 5851 - Trading time: 00:16:16
08-09-2025 01:28:52.957 INFO Current price: 0.000000028171 - Current percentage: -37.92% - Max: 48.22% - Min: -37.92% - Market Cap 5847 - Trading time: 00:16:30






08-09-2025 01:32:22.067 INFO {"type":"summary","reason":"max_window","startedAt":"2025-09-07T23:12:22.065Z","endedAt":"2025-09-07T23:32:22.067Z","durationSec":1200,"entryPrice":4.825515377426504e-8,"entryMarketCapSol":45.36265465733076,"entryMarketCapUsd":9417.287106861864,"minPct":-37.91605218775974,"maxPct":48.22061340734714,"buyCount":131,"sellCount":117,"tradeCount":248,"entryRecorded":true,"noPostThresholdTrades":false,"triggerAt":"2025-09-07T23:12:22.065Z","ageAtTriggerSec":25,"preTotalTrades":39,"preBuys":29,"preSells":10,"preUniqueTraders":29,"preEntryTotalTrades":48,"preEntryBuys":33,"preEntrySells":15,"preEntryUniqueTraders":33,"preEntryMinMcUsd":6804.215044983942,"preEntryMaxMcUsd":10656.541854411133,"thresholdMcSol":45.36265465733076,"thresholdMcUsd":9417.287106861864,"thresholdPrice":4.825515377426504e-8}
