07-09-2025 07:51:14.078 INFO Entry price: 0.000000040651716384 - Entry market cap: 7793 - Buys 36 - Sells 18 - Ratio: 1:0.50 - Min MarketCap: 6418 - Max MarketCap: 8877
07-09-2025 07:51:14.078 INFO Current price: 0.000000040652 - Current percentage: 0.00% - Max: 0.00% - Min: 0.00% - Market Cap 7793 - Trading time: 00:00:02
07-09-2025 07:51:14.432 INFO Current price: 0.000000039600 - Current percentage: 3.67% - Max: 3.67% - Min: 0.00% - Market Cap 8079 - Trading time: 00:00:02
07-09-2025 07:51:14.432 INFO Current price: 0.000000039927 - Current percentage: 4.23% - Max: 4.23% - Min: 0.00% - Market Cap 8123 - Trading time: 00:00:02
07-09-2025 07:51:14.946 INFO Current price: 0.000000040068 - Current percentage: 4.40% - Max: 4.40% - Min: 0.00% - Market Cap 8137 - Trading time: 00:00:02
07-09-2025 07:51:14.946 INFO Current price: 0.000000040103 - Current percentage: 4.42% - Max: 4.42% - Min: 0.00% - Market Cap 8137 - Trading time: 00:00:02
07-09-2025 07:51:15.038 INFO Current price: 0.000000041197 - Current percentage: 10.18% - Max: 10.18% - Min: 0.00% - Market Cap 8586 - Trading time: 00:00:02
07-09-2025 07:51:16.172 INFO Current price: 0.000000042257 - Current percentage: 9.86% - Max: 10.18% - Min: 0.00% - Market Cap 8562 - Trading time: 00:00:04
07-09-2025 07:51:16.888 INFO Current price: 0.000000042308 - Current percentage: 10.44% - Max: 10.44% - Min: 0.00% - Market Cap 8607 - Trading time: 00:00:04
07-09-2025 07:51:19.344 INFO Current price: 0.000000042299 - Current percentage: 9.81% - Max: 10.44% - Min: 0.00% - Market Cap 8558 - Trading time: 00:00:07
07-09-2025 07:51:19.344 INFO Current price: 0.000000042290 - Current percentage: 10.39% - Max: 10.44% - Min: 0.00% - Market Cap 8603 - Trading time: 00:00:07
07-09-2025 07:51:19.651 INFO Current price: 0.000000042343 - Current percentage: 10.09% - Max: 10.44% - Min: 0.00% - Market Cap 8580 - Trading time: 00:00:07
07-09-2025 07:51:19.860 INFO Current price: 0.000000042621 - Current percentage: 11.85% - Max: 11.85% - Min: 0.00% - Market Cap 8717 - Trading time: 00:00:07
07-09-2025 07:51:20.163 INFO Current price: 0.000000042872 - Current percentage: 11.39% - Max: 11.85% - Min: 0.00% - Market Cap 8681 - Trading time: 00:00:08
07-09-2025 07:51:20.798 INFO Current price: 0.000000042898 - Current percentage: 11.98% - Max: 11.98% - Min: 0.00% - Market Cap 8727 - Trading time: 00:00:08
07-09-2025 07:51:20.798 INFO Current price: 0.000000043012 - Current percentage: 11.98% - Max: 11.98% - Min: 0.00% - Market Cap 8727 - Trading time: 00:00:08
07-09-2025 07:51:20.798 INFO Current price: 0.000000043012 - Current percentage: 11.98% - Max: 11.98% - Min: 0.00% - Market Cap 8727 - Trading time: 00:00:08
07-09-2025 07:51:22.619 INFO Current price: 0.000000043296 - Current percentage: 13.47% - Max: 13.47% - Min: 0.00% - Market Cap 8843 - Trading time: 00:00:10
07-09-2025 07:51:22.626 INFO Current price: 0.000000043515 - Current percentage: 13.12% - Max: 13.47% - Min: 0.00% - Market Cap 8815 - Trading time: 00:00:10
07-09-2025 07:51:23.028 INFO Current price: 0.000000043446 - Current percentage: 13.11% - Max: 13.47% - Min: 0.00% - Market Cap 8815 - Trading time: 00:00:10
07-09-2025 07:51:25.485 INFO Current price: 0.000000043306 - Current percentage: 12.39% - Max: 13.47% - Min: 0.00% - Market Cap 8759 - Trading time: 00:00:13
07-09-2025 07:51:26.202 INFO Current price: 0.000000043131 - Current percentage: 12.20% - Max: 13.47% - Min: 0.00% - Market Cap 8744 - Trading time: 00:00:14
07-09-2025 07:51:26.202 INFO Current price: 0.000000043092 - Current percentage: 12.19% - Max: 13.47% - Min: 0.00% - Market Cap 8743 - Trading time: 00:00:14
07-09-2025 07:51:26.647 INFO Current price: 0.000000041938 - Current percentage: 6.27% - Max: 13.47% - Min: 0.00% - Market Cap 8282 - Trading time: 00:00:14
07-09-2025 07:51:27.596 INFO Current price: 0.000000040554 - Current percentage: 4.90% - Max: 13.47% - Min: 0.00% - Market Cap 8175 - Trading time: 00:00:15
07-09-2025 07:51:29.378 INFO Current price: 0.000000039477 - Current percentage: 0.70% - Max: 13.47% - Min: 0.00% - Market Cap 7848 - Trading time: 00:00:17
07-09-2025 07:51:29.739 INFO Current price: 0.000000038678 - Current percentage: 0.70% - Max: 13.47% - Min: 0.00% - Market Cap 7848 - Trading time: 00:00:17
07-09-2025 07:51:29.783 INFO Current price: 0.000000038465 - Current percentage: -0.41% - Max: 13.47% - Min: -0.41% - Market Cap 7761 - Trading time: 00:00:17
07-09-2025 07:51:31.215 INFO Current price: 0.000000038359 - Current percentage: 0.15% - Max: 13.47% - Min: -0.41% - Market Cap 7805 - Trading time: 00:00:19
07-09-2025 07:51:33.398 INFO Current price: 0.000000039535 - Current percentage: 5.79% - Max: 13.47% - Min: -0.41% - Market Cap 8244 - Trading time: 00:00:21
07-09-2025 07:51:36.024 INFO Current price: 0.000000040688 - Current percentage: 6.08% - Max: 13.47% - Min: -0.41% - Market Cap 8267 - Trading time: 00:00:23
07-09-2025 07:51:38.569 INFO Current price: 0.000000040689 - Current percentage: 5.80% - Max: 13.47% - Min: -0.41% - Market Cap 8245 - Trading time: 00:00:26
07-09-2025 07:51:39.298 INFO Current price: 0.000000040691 - Current percentage: 6.08% - Max: 13.47% - Min: -0.41% - Market Cap 8267 - Trading time: 00:00:27
07-09-2025 07:51:41.244 INFO Current price: 0.000000040634 - Current percentage: 5.50% - Max: 13.47% - Min: -0.41% - Market Cap 8222 - Trading time: 00:00:29
07-09-2025 07:51:41.694 INFO Current price: 0.000000040533 - Current percentage: 5.56% - Max: 13.47% - Min: -0.41% - Market Cap 8226 - Trading time: 00:00:29
07-09-2025 07:51:41.785 INFO Current price: 0.000000040430 - Current percentage: 4.97% - Max: 13.47% - Min: -0.41% - Market Cap 8180 - Trading time: 00:00:29
07-09-2025 07:51:43.735 INFO Current price: 0.000000040202 - Current percentage: 4.37% - Max: 13.47% - Min: -0.41% - Market Cap 8134 - Trading time: 00:00:31
07-09-2025 07:51:46.642 INFO Current price: 0.000000039867 - Current percentage: 3.23% - Max: 13.47% - Min: -0.41% - Market Cap 8045 - Trading time: 00:00:34
07-09-2025 07:51:50.044 INFO Current price: 0.000000039920 - Current percentage: 4.64% - Max: 13.47% - Min: -0.41% - Market Cap 8155 - Trading time: 00:00:37
07-09-2025 07:51:58.301 INFO Current price: 0.000000041058 - Current percentage: 9.81% - Max: 13.47% - Min: -0.41% - Market Cap 8558 - Trading time: 00:00:46
07-09-2025 07:51:58.301 INFO Current price: 0.000000042145 - Current percentage: 9.64% - Max: 13.47% - Min: -0.41% - Market Cap 8545 - Trading time: 00:00:46
07-09-2025 07:51:58.460 INFO Current price: 0.000000042088 - Current percentage: 9.51% - Max: 13.47% - Min: -0.41% - Market Cap 8535 - Trading time: 00:00:46
07-09-2025 07:52:02.193 INFO Current price: 0.000000041941 - Current percentage: 8.88% - Max: 13.47% - Min: -0.41% - Market Cap 8485 - Trading time: 00:00:50
07-09-2025 07:52:05.813 INFO Current price: 0.000000041807 - Current percentage: 8.82% - Max: 13.47% - Min: -0.41% - Market Cap 8480 - Trading time: 00:00:53
07-09-2025 07:52:06.524 INFO Current price: 0.000000041813 - Current percentage: 8.90% - Max: 13.47% - Min: -0.41% - Market Cap 8487 - Trading time: 00:00:54
07-09-2025 07:52:08.284 INFO Current price: 0.000000040554 - Current percentage: 2.36% - Max: 13.47% - Min: -0.41% - Market Cap 7977 - Trading time: 00:00:56
07-09-2025 07:52:08.399 INFO Current price: 0.000000039327 - Current percentage: 2.42% - Max: 13.47% - Min: -0.41% - Market Cap 7982 - Trading time: 00:00:56
07-09-2025 07:52:09.190 INFO Current price: 0.000000038154 - Current percentage: -3.65% - Max: 13.47% - Min: -3.65% - Market Cap 7508 - Trading time: 00:00:57
07-09-2025 07:52:09.202 INFO Current price: 0.000000036006 - Current percentage: -8.79% - Max: 13.47% - Min: -8.79% - Market Cap 7108 - Trading time: 00:00:57
07-09-2025 07:52:10.101 INFO Current price: 0.000000034153 - Current percentage: -13.32% - Max: 13.47% - Min: -13.32% - Market Cap 6755 - Trading time: 00:00:58
07-09-2025 07:52:11.521 INFO Current price: 0.000000033216 - Current percentage: -13.73% - Max: 13.47% - Min: -13.73% - Market Cap 6724 - Trading time: 00:00:59
07-09-2025 07:52:11.625 INFO Current price: 0.000000032356 - Current percentage: -17.75% - Max: 13.47% - Min: -17.75% - Market Cap 6410 - Trading time: 00:00:59
07-09-2025 07:52:12.161 INFO Current price: 0.000000031231 - Current percentage: -19.62% - Max: 13.47% - Min: -19.62% - Market Cap 6264 - Trading time: 00:01:00
07-09-2025 07:52:12.167 INFO Current price: 0.000000030482 - Current percentage: -21.65% - Max: 13.47% - Min: -21.65% - Market Cap 6106 - Trading time: 00:01:00
07-09-2025 07:52:12.864 INFO Current price: 0.000000030077 - Current percentage: -21.74% - Max: 13.47% - Min: -21.74% - Market Cap 6099 - Trading time: 00:01:00
07-09-2025 07:52:12.962 INFO Current price: 0.000000031003 - Current percentage: -16.75% - Max: 13.47% - Min: -21.74% - Market Cap 6488 - Trading time: 00:01:00
07-09-2025 07:52:12.967 INFO Current price: 0.000000031978 - Current percentage: -16.75% - Max: 13.47% - Min: -21.74% - Market Cap 6488 - Trading time: 00:01:00
07-09-2025 07:52:13.054 INFO Current price: 0.000000031939 - Current percentage: -16.94% - Max: 13.47% - Min: -21.74% - Market Cap 6473 - Trading time: 00:01:00
07-09-2025 07:52:13.056 INFO Current price: 0.000000031890 - Current percentage: -17.00% - Max: 13.47% - Min: -21.74% - Market Cap 6468 - Trading time: 00:01:00
07-09-2025 07:52:13.479 INFO Current price: 0.000000031799 - Current percentage: -17.42% - Max: 13.47% - Min: -21.74% - Market Cap 6436 - Trading time: 00:01:01
07-09-2025 07:52:13.479 INFO Current price: 0.000000031577 - Current percentage: -18.16% - Max: 13.47% - Min: -21.74% - Market Cap 6378 - Trading time: 00:01:01
07-09-2025 07:52:16.581 INFO Current price: 0.000000031260 - Current percentage: -19.07% - Max: 13.47% - Min: -21.74% - Market Cap 6307 - Trading time: 00:01:04
07-09-2025 07:52:17.163 INFO Current price: 0.000000031048 - Current percentage: -19.26% - Max: 13.47% - Min: -21.74% - Market Cap 6292 - Trading time: 00:01:05
07-09-2025 07:52:19.960 INFO Current price: 0.000000030814 - Current percentage: -20.28% - Max: 13.47% - Min: -21.74% - Market Cap 6213 - Trading time: 00:01:07
07-09-2025 07:52:22.922 INFO Current price: 0.000000030644 - Current percentage: -20.16% - Max: 13.47% - Min: -21.74% - Market Cap 6222 - Trading time: 00:01:10
07-09-2025 07:52:23.507 INFO Current price: 0.000000029751 - Current percentage: -24.86% - Max: 13.47% - Min: -24.86% - Market Cap 5856 - Trading time: 00:01:11
07-09-2025 07:52:25.554 INFO Current price: 0.000000028675 - Current percentage: -25.83% - Max: 13.47% - Min: -25.83% - Market Cap 5781 - Trading time: 00:01:13
07-09-2025 07:52:27.895 INFO Current price: 0.000000028429 - Current percentage: -26.14% - Max: 13.47% - Min: -26.14% - Market Cap 5756 - Trading time: 00:01:15
07-09-2025 07:52:30.536 INFO Current price: 0.000000028307 - Current percentage: -26.46% - Max: 13.47% - Min: -26.46% - Market Cap 5731 - Trading time: 00:01:18
07-09-2025 07:52:32.459 INFO Current price: 0.000000028239 - Current percentage: -26.50% - Max: 13.47% - Min: -26.50% - Market Cap 5728 - Trading time: 00:01:20






07-09-2025 08:02:32.459 INFO {"type":"summary","reason":"inactivity","startedAt":"2025-09-07T05:51:12.078Z","endedAt":"2025-09-07T06:02:32.459Z","durationSec":680,"entryPrice":4.0651716383746114e-8,"entryMarketCapSol":38.40949502772349,"entryMarketCapUsd":7793.286541125096,"minPct":-26.49573263148413,"maxPct":13.471118078064487,"buyCount":30,"sellCount":47,"tradeCount":77,"entryRecorded":true,"noPostThresholdTrades":false,"triggerAt":"2025-09-07T05:51:12.077Z","ageAtTriggerSec":19,"preTotalTrades":45,"preBuys":29,"preSells":16,"preUniqueTraders":29,"preEntryTotalTrades":54,"preEntryBuys":36,"preEntrySells":18,"preEntryUniqueTraders":36,"preEntryMinMcUsd":6417.733505675958,"preEntryMaxMcUsd":8877.414739204723,"thresholdMcSol":38.40949502772349,"thresholdMcUsd":7793.286541125096,"thresholdPrice":4.0651716383746114e-8}
