08-09-2025 13:31:40.078 INFO Entry price: 0.000000040628345573 - Entry market cap: 8057 - Buys 9 - Sells 2 - Ratio: 1:0.22 - Min MarketCap: 6823 - Max MarketCap: 10060
08-09-2025 13:31:40.078 INFO Current price: 0.000000040628 - Current percentage: 0.00% - Max: 0.00% - Min: 0.00% - Market Cap 8057 - Trading time: 00:00:02
08-09-2025 13:31:40.180 INFO Current price: 0.000000045726 - Current percentage: 17.95% - Max: 17.95% - Min: 0.00% - Market Cap 9503 - Trading time: 00:00:02
08-09-2025 13:31:42.836 INFO Current price: 0.000000044117 - Current percentage: 16.22% - Max: 17.95% - Min: 0.00% - Market Cap 9364 - Trading time: 00:00:04
08-09-2025 13:31:46.043 INFO Current price: 0.000000042102 - Current percentage: 7.42% - Max: 17.95% - Min: 0.00% - Market Cap 8655 - Trading time: 00:00:07
08-09-2025 13:31:46.045 INFO Current price: 0.000000038987 - Current percentage: -0.34% - Max: 17.95% - Min: -0.34% - Market Cap 8030 - Trading time: 00:00:07
08-09-2025 13:31:46.995 INFO Current price: 0.000000039020 - Current percentage: 7.60% - Max: 17.95% - Min: -0.34% - Market Cap 8670 - Trading time: 00:00:08
08-09-2025 13:31:46.997 INFO Current price: 0.000000042312 - Current percentage: 17.19% - Max: 17.95% - Min: -0.34% - Market Cap 9442 - Trading time: 00:00:08
08-09-2025 13:31:47.234 INFO Current price: 0.000000044168 - Current percentage: 17.25% - Max: 17.95% - Min: -0.34% - Market Cap 9447 - Trading time: 00:00:09
08-09-2025 13:31:47.236 INFO Current price: 0.000000044192 - Current percentage: 17.31% - Max: 17.95% - Min: -0.34% - Market Cap 9452 - Trading time: 00:00:09
08-09-2025 13:31:47.882 INFO Current price: 0.000000044215 - Current percentage: 17.37% - Max: 17.95% - Min: -0.34% - Market Cap 9457 - Trading time: 00:00:09
08-09-2025 13:31:47.884 INFO Current price: 0.000000044239 - Current percentage: 17.44% - Max: 17.95% - Min: -0.34% - Market Cap 9462 - Trading time: 00:00:09
08-09-2025 13:31:48.566 INFO Current price: 0.000000044262 - Current percentage: 17.50% - Max: 17.95% - Min: -0.34% - Market Cap 9467 - Trading time: 00:00:10
08-09-2025 13:31:48.567 INFO Current price: 0.000000044286 - Current percentage: 17.56% - Max: 17.95% - Min: -0.34% - Market Cap 9472 - Trading time: 00:00:10
08-09-2025 13:31:50.809 INFO Current price: 0.000000045444 - Current percentage: 23.73% - Max: 23.73% - Min: -0.34% - Market Cap 9969 - Trading time: 00:00:12
08-09-2025 13:31:50.871 INFO Current price: 0.000000048380 - Current percentage: 33.24% - Max: 33.24% - Min: -0.34% - Market Cap 10735 - Trading time: 00:00:12
08-09-2025 13:31:50.873 INFO Current price: 0.000000052044 - Current percentage: 43.17% - Max: 43.17% - Min: -0.34% - Market Cap 11536 - Trading time: 00:00:12
08-09-2025 13:31:51.323 INFO Current price: 0.000000053962 - Current percentage: 43.24% - Max: 43.24% - Min: -0.34% - Market Cap 11541 - Trading time: 00:00:13
08-09-2025 13:31:51.324 INFO Current price: 0.000000053988 - Current percentage: 43.31% - Max: 43.31% - Min: -0.34% - Market Cap 11547 - Trading time: 00:00:13
08-09-2025 13:31:51.790 INFO Current price: 0.000000054063 - Current percentage: 43.64% - Max: 43.64% - Min: -0.34% - Market Cap 11574 - Trading time: 00:00:13
08-09-2025 13:31:51.797 INFO Current price: 0.000000054190 - Current percentage: 43.98% - Max: 43.98% - Min: -0.34% - Market Cap 11601 - Trading time: 00:00:13
08-09-2025 13:31:51.932 INFO Current price: 0.000000055407 - Current percentage: 50.17% - Max: 50.17% - Min: -0.34% - Market Cap 12099 - Trading time: 00:00:13
08-09-2025 13:31:51.934 INFO Current price: 0.000000058000 - Current percentage: 57.78% - Max: 57.78% - Min: -0.34% - Market Cap 12712 - Trading time: 00:00:13
08-09-2025 13:31:53.167 INFO Current price: 0.000000057761 - Current percentage: 48.94% - Max: 57.78% - Min: -0.34% - Market Cap 12000 - Trading time: 00:00:15
08-09-2025 13:31:53.387 INFO Current price: 0.000000056159 - Current percentage: 49.14% - Max: 57.78% - Min: -0.34% - Market Cap 12017 - Trading time: 00:00:15
08-09-2025 13:31:53.409 INFO Current price: 0.000000056211 - Current percentage: 49.21% - Max: 57.78% - Min: -0.34% - Market Cap 12022 - Trading time: 00:00:15
08-09-2025 13:31:53.412 INFO Current price: 0.000000056238 - Current percentage: 49.28% - Max: 57.78% - Min: -0.34% - Market Cap 12028 - Trading time: 00:00:15
08-09-2025 13:31:56.014 INFO Current price: 0.000000056310 - Current percentage: 49.60% - Max: 57.78% - Min: -0.34% - Market Cap 12053 - Trading time: 00:00:17
08-09-2025 13:31:56.021 INFO Current price: 0.000000056439 - Current percentage: 49.97% - Max: 57.78% - Min: -0.34% - Market Cap 12083 - Trading time: 00:00:17
08-09-2025 13:31:56.097 INFO Current price: 0.000000056639 - Current percentage: 50.66% - Max: 57.78% - Min: -0.34% - Market Cap 12139 - Trading time: 00:00:18
08-09-2025 13:31:56.505 INFO Current price: 0.000000056730 - Current percentage: 50.45% - Max: 57.78% - Min: -0.34% - Market Cap 12122 - Trading time: 00:00:18
08-09-2025 13:31:57.913 INFO Current price: 0.000000058001 - Current percentage: 57.49% - Max: 57.78% - Min: -0.34% - Market Cap 12689 - Trading time: 00:00:19
08-09-2025 13:31:58.896 INFO Current price: 0.000000058078 - Current percentage: 50.85% - Max: 57.78% - Min: -0.34% - Market Cap 12154 - Trading time: 00:00:20
08-09-2025 13:31:58.899 INFO Current price: 0.000000055484 - Current percentage: 43.73% - Max: 57.78% - Min: -0.34% - Market Cap 11581 - Trading time: 00:00:20
08-09-2025 13:31:59.755 INFO Current price: 0.000000054286 - Current percentage: 44.41% - Max: 57.78% - Min: -0.34% - Market Cap 11635 - Trading time: 00:00:21
08-09-2025 13:31:59.796 INFO Current price: 0.000000054541 - Current percentage: 45.08% - Max: 57.78% - Min: -0.34% - Market Cap 11690 - Trading time: 00:00:21
08-09-2025 13:32:02.438 INFO Current price: 0.000000054734 - Current percentage: 45.43% - Max: 57.78% - Min: -0.34% - Market Cap 11718 - Trading time: 00:00:24
08-09-2025 13:32:02.440 INFO Current price: 0.000000054861 - Current percentage: 45.76% - Max: 57.78% - Min: -0.34% - Market Cap 11744 - Trading time: 00:00:24
08-09-2025 13:32:02.658 INFO Current price: 0.000000054991 - Current percentage: 46.12% - Max: 57.78% - Min: -0.34% - Market Cap 11773 - Trading time: 00:00:24
08-09-2025 13:32:02.659 INFO Current price: 0.000000055119 - Current percentage: 46.44% - Max: 57.78% - Min: -0.34% - Market Cap 11799 - Trading time: 00:00:24
08-09-2025 13:32:02.664 INFO Current price: 0.000000055243 - Current percentage: 46.78% - Max: 57.78% - Min: -0.34% - Market Cap 11826 - Trading time: 00:00:24
08-09-2025 13:32:02.666 INFO Current price: 0.000000055371 - Current percentage: 47.12% - Max: 57.78% - Min: -0.34% - Market Cap 11854 - Trading time: 00:00:24
08-09-2025 13:32:02.758 INFO Current price: 0.000000055494 - Current percentage: 47.43% - Max: 57.78% - Min: -0.34% - Market Cap 11879 - Trading time: 00:00:24
08-09-2025 13:32:02.765 INFO Current price: 0.000000055623 - Current percentage: 47.80% - Max: 57.78% - Min: -0.34% - Market Cap 11909 - Trading time: 00:00:24
08-09-2025 13:32:04.358 INFO Current price: 0.000000056210 - Current percentage: 49.18% - Max: 57.78% - Min: -0.34% - Market Cap 12020 - Trading time: 00:00:26
08-09-2025 13:32:04.869 INFO Current price: 0.000000056342 - Current percentage: 49.87% - Max: 57.78% - Min: -0.34% - Market Cap 12075 - Trading time: 00:00:26
08-09-2025 13:32:06.085 INFO Current price: 0.000000057378 - Current percentage: 54.72% - Max: 57.78% - Min: -0.34% - Market Cap 12466 - Trading time: 00:00:28
08-09-2025 13:32:09.008 INFO Current price: 0.000000057378 - Current percentage: 49.87% - Max: 57.78% - Min: -0.34% - Market Cap 12075 - Trading time: 00:00:30
08-09-2025 13:32:10.838 INFO Current price: 0.000000053045 - Current percentage: 32.23% - Max: 57.78% - Min: -0.34% - Market Cap 10654 - Trading time: 00:00:32
08-09-2025 13:32:10.840 INFO Current price: 0.000000046612 - Current percentage: 15.72% - Max: 57.78% - Min: -0.34% - Market Cap 9324 - Trading time: 00:00:32
08-09-2025 13:32:10.843 INFO Current price: 0.000000041433 - Current percentage: 4.48% - Max: 57.78% - Min: -0.34% - Market Cap 8418 - Trading time: 00:00:32
08-09-2025 13:32:10.849 INFO Current price: 0.000000039377 - Current percentage: 4.52% - Max: 57.78% - Min: -0.34% - Market Cap 8422 - Trading time: 00:00:32
08-09-2025 13:32:11.948 INFO Current price: 0.000000039396 - Current percentage: 4.58% - Max: 57.78% - Min: -0.34% - Market Cap 8426 - Trading time: 00:00:33
08-09-2025 13:32:11.950 INFO Current price: 0.000000039329 - Current percentage: 4.17% - Max: 57.78% - Min: -0.34% - Market Cap 8393 - Trading time: 00:00:33
08-09-2025 13:32:12.025 INFO Current price: 0.000000039173 - Current percentage: 3.75% - Max: 57.78% - Min: -0.34% - Market Cap 8360 - Trading time: 00:00:33
08-09-2025 13:32:12.286 INFO Current price: 0.000000037651 - Current percentage: -3.77% - Max: 57.78% - Min: -3.77% - Market Cap 7753 - Trading time: 00:00:34
08-09-2025 13:32:12.288 INFO Current price: 0.000000034882 - Current percentage: -10.95% - Max: 57.78% - Min: -10.95% - Market Cap 7175 - Trading time: 00:00:34
08-09-2025 13:32:13.008 INFO Current price: 0.000000033497 - Current percentage: -11.26% - Max: 57.78% - Min: -11.26% - Market Cap 7150 - Trading time: 00:00:34
08-09-2025 13:32:13.121 INFO Current price: 0.000000033548 - Current percentage: -10.68% - Max: 57.78% - Min: -11.26% - Market Cap 7197 - Trading time: 00:00:35
08-09-2025 13:32:14.115 INFO Current price: 0.000000034711 - Current percentage: -5.00% - Max: 57.78% - Min: -11.26% - Market Cap 7655 - Trading time: 00:00:36
08-09-2025 13:32:14.121 INFO Current price: 0.000000036774 - Current percentage: 0.25% - Max: 57.78% - Min: -11.26% - Market Cap 8078 - Trading time: 00:00:36
08-09-2025 13:32:14.776 INFO Current price: 0.000000037882 - Current percentage: 0.82% - Max: 57.78% - Min: -11.26% - Market Cap 8123 - Trading time: 00:00:36
08-09-2025 13:32:14.864 INFO Current price: 0.000000038487 - Current percentage: 3.48% - Max: 57.78% - Min: -11.26% - Market Cap 8338 - Trading time: 00:00:36
08-09-2025 13:32:14.867 INFO Current price: 0.000000039563 - Current percentage: 6.53% - Max: 57.78% - Min: -11.26% - Market Cap 8584 - Trading time: 00:00:36
08-09-2025 13:32:14.965 INFO Current price: 0.000000040197 - Current percentage: 6.82% - Max: 57.78% - Min: -11.26% - Market Cap 8607 - Trading time: 00:00:36
08-09-2025 13:32:14.967 INFO Current price: 0.000000041250 - Current percentage: 12.19% - Max: 57.78% - Min: -11.26% - Market Cap 9039 - Trading time: 00:00:36
08-09-2025 13:32:15.008 INFO Current price: 0.000000043491 - Current percentage: 18.74% - Max: 57.78% - Min: -11.26% - Market Cap 9568 - Trading time: 00:00:36
08-09-2025 13:32:16.831 INFO Current price: 0.000000043039 - Current percentage: 9.87% - Max: 57.78% - Min: -11.26% - Market Cap 8852 - Trading time: 00:00:38
08-09-2025 13:32:16.833 INFO Current price: 0.000000039950 - Current percentage: 2.31% - Max: 57.78% - Min: -11.26% - Market Cap 8244 - Trading time: 00:00:38
08-09-2025 13:32:18.827 INFO Current price: 0.000000038561 - Current percentage: 2.36% - Max: 57.78% - Min: -11.26% - Market Cap 8247 - Trading time: 00:00:40
08-09-2025 13:32:19.421 INFO Current price: 0.000000040175 - Current percentage: 11.06% - Max: 57.78% - Min: -11.26% - Market Cap 8948 - Trading time: 00:00:41
08-09-2025 13:32:20.718 INFO Current price: 0.000000042016 - Current percentage: 11.96% - Max: 57.78% - Min: -11.26% - Market Cap 9021 - Trading time: 00:00:42
08-09-2025 13:32:21.553 INFO Current price: 0.000000042213 - Current percentage: 12.10% - Max: 57.78% - Min: -11.26% - Market Cap 9032 - Trading time: 00:00:43
08-09-2025 13:32:21.559 INFO Current price: 0.000000042353 - Current percentage: 12.70% - Max: 57.78% - Min: -11.26% - Market Cap 9080 - Trading time: 00:00:43
08-09-2025 13:32:22.157 INFO Current price: 0.000000042746 - Current percentage: 14.19% - Max: 57.78% - Min: -11.26% - Market Cap 9201 - Trading time: 00:00:44
08-09-2025 13:32:24.266 INFO Current price: 0.000000042969 - Current percentage: 13.87% - Max: 57.78% - Min: -11.26% - Market Cap 9175 - Trading time: 00:00:46
08-09-2025 13:32:24.578 INFO Current price: 0.000000042942 - Current percentage: 14.05% - Max: 57.78% - Min: -11.26% - Market Cap 9190 - Trading time: 00:00:46
08-09-2025 13:32:25.914 INFO Current price: 0.000000043069 - Current percentage: 14.55% - Max: 57.78% - Min: -11.26% - Market Cap 9229 - Trading time: 00:00:47
08-09-2025 13:32:30.369 INFO Current price: 0.000000044334 - Current percentage: 20.85% - Max: 57.78% - Min: -11.26% - Market Cap 9738 - Trading time: 00:00:52
08-09-2025 13:32:30.372 INFO Current price: 0.000000046660 - Current percentage: 26.88% - Max: 57.78% - Min: -11.26% - Market Cap 10223 - Trading time: 00:00:52
08-09-2025 13:32:30.375 INFO Current price: 0.000000047659 - Current percentage: 26.09% - Max: 57.78% - Min: -11.26% - Market Cap 10159 - Trading time: 00:00:52
08-09-2025 13:32:30.420 INFO Current price: 0.000000048407 - Current percentage: 30.89% - Max: 57.78% - Min: -11.26% - Market Cap 10546 - Trading time: 00:00:52
08-09-2025 13:32:30.841 INFO Current price: 0.000000049619 - Current percentage: 32.48% - Max: 57.78% - Min: -11.26% - Market Cap 10674 - Trading time: 00:00:52
08-09-2025 13:32:30.843 INFO Current price: 0.000000050228 - Current percentage: 34.13% - Max: 57.78% - Min: -11.26% - Market Cap 10807 - Trading time: 00:00:52
08-09-2025 13:32:31.478 INFO Current price: 0.000000050784 - Current percentage: 35.43% - Max: 57.78% - Min: -11.26% - Market Cap 10912 - Trading time: 00:00:53
08-09-2025 13:32:32.821 INFO Current price: 0.000000051338 - Current percentage: 37.07% - Max: 57.78% - Min: -11.26% - Market Cap 11044 - Trading time: 00:00:54
08-09-2025 13:32:37.662 INFO Current price: 0.000000051603 - Current percentage: 36.83% - Max: 57.78% - Min: -11.26% - Market Cap 11025 - Trading time: 00:00:59
08-09-2025 13:32:39.191 INFO Current price: 0.000000049968 - Current percentage: 28.52% - Max: 57.78% - Min: -11.26% - Market Cap 10355 - Trading time: 00:01:01
08-09-2025 13:32:39.194 INFO Current price: 0.000000046836 - Current percentage: 20.21% - Max: 57.78% - Min: -11.26% - Market Cap 9686 - Trading time: 00:01:01
08-09-2025 13:32:39.199 INFO Current price: 0.000000043167 - Current percentage: 9.17% - Max: 57.78% - Min: -11.26% - Market Cap 8796 - Trading time: 00:01:01
08-09-2025 13:32:39.311 INFO Current price: 0.000000040438 - Current percentage: 5.50% - Max: 57.78% - Min: -11.26% - Market Cap 8500 - Trading time: 00:01:01
08-09-2025 13:32:40.755 INFO Current price: 0.000000039670 - Current percentage: 5.06% - Max: 57.78% - Min: -11.26% - Market Cap 8465 - Trading time: 00:01:02
08-09-2025 13:32:41.210 INFO Current price: 0.000000039434 - Current percentage: 4.25% - Max: 57.78% - Min: -11.26% - Market Cap 8399 - Trading time: 00:01:03
08-09-2025 13:32:41.605 INFO Current price: 0.000000039821 - Current percentage: 7.13% - Max: 57.78% - Min: -11.26% - Market Cap 8632 - Trading time: 00:01:03
08-09-2025 13:32:41.770 INFO Current price: 0.000000041032 - Current percentage: 10.68% - Max: 57.78% - Min: -11.26% - Market Cap 8918 - Trading time: 00:01:03
08-09-2025 13:32:42.036 INFO Current price: 0.000000041541 - Current percentage: 9.81% - Max: 57.78% - Min: -11.26% - Market Cap 8848 - Trading time: 00:01:03
08-09-2025 13:32:42.733 INFO Current price: 0.000000042263 - Current percentage: 14.57% - Max: 57.78% - Min: -11.26% - Market Cap 9231 - Trading time: 00:01:04
08-09-2025 13:32:43.250 INFO Current price: 0.000000043181 - Current percentage: 14.63% - Max: 57.78% - Min: -11.26% - Market Cap 9236 - Trading time: 00:01:05
08-09-2025 13:32:43.391 INFO Current price: 0.000000043242 - Current percentage: 14.89% - Max: 57.78% - Min: -11.26% - Market Cap 9257 - Trading time: 00:01:05
08-09-2025 13:32:43.403 INFO Current price: 0.000000044437 - Current percentage: 21.05% - Max: 57.78% - Min: -11.26% - Market Cap 9753 - Trading time: 00:01:05
08-09-2025 13:32:44.579 INFO Current price: 0.000000046195 - Current percentage: 24.16% - Max: 57.78% - Min: -11.26% - Market Cap 10004 - Trading time: 00:01:06
08-09-2025 13:32:50.042 INFO Current price: 0.000000046102 - Current percentage: 20.56% - Max: 57.78% - Min: -11.26% - Market Cap 9714 - Trading time: 00:01:11
08-09-2025 13:32:50.110 INFO Current price: 0.000000044663 - Current percentage: 16.53% - Max: 57.78% - Min: -11.26% - Market Cap 9389 - Trading time: 00:01:12
08-09-2025 13:32:50.669 INFO Current price: 0.000000042981 - Current percentage: 11.65% - Max: 57.78% - Min: -11.26% - Market Cap 8996 - Trading time: 00:01:12
08-09-2025 13:32:51.270 INFO Current price: 0.000000042079 - Current percentage: 11.69% - Max: 57.78% - Min: -11.26% - Market Cap 8999 - Trading time: 00:01:13
08-09-2025 13:32:51.464 INFO Current price: 0.000000042003 - Current percentage: 11.25% - Max: 57.78% - Min: -11.26% - Market Cap 8964 - Trading time: 00:01:13
08-09-2025 13:32:54.190 INFO Current price: 0.000000041912 - Current percentage: 11.21% - Max: 57.78% - Min: -11.26% - Market Cap 8961 - Trading time: 00:01:16
08-09-2025 13:32:54.249 INFO Current price: 0.000000041961 - Current percentage: 11.51% - Max: 57.78% - Min: -11.26% - Market Cap 8985 - Trading time: 00:01:16
08-09-2025 13:32:57.190 INFO Current price: 0.000000040258 - Current percentage: 2.36% - Max: 57.78% - Min: -11.26% - Market Cap 8248 - Trading time: 00:01:19
08-09-2025 13:32:59.749 INFO Current price: 0.000000038593 - Current percentage: 2.48% - Max: 57.78% - Min: -11.26% - Market Cap 8257 - Trading time: 00:01:21
08-09-2025 13:33:01.076 INFO Current price: 0.000000038589 - Current percentage: 2.35% - Max: 57.78% - Min: -11.26% - Market Cap 8246 - Trading time: 00:01:22
08-09-2025 13:33:01.607 INFO Current price: 0.000000039105 - Current percentage: 5.23% - Max: 57.78% - Min: -11.26% - Market Cap 8479 - Trading time: 00:01:23
08-09-2025 13:33:02.120 INFO Current price: 0.000000039551 - Current percentage: 4.70% - Max: 57.78% - Min: -11.26% - Market Cap 8436 - Trading time: 00:01:24
08-09-2025 13:33:05.396 INFO Current price: 0.000000038993 - Current percentage: 2.29% - Max: 57.78% - Min: -11.26% - Market Cap 8241 - Trading time: 00:01:27
08-09-2025 13:33:08.996 INFO Current price: 0.000000037061 - Current percentage: -5.42% - Max: 57.78% - Min: -11.26% - Market Cap 7620 - Trading time: 00:01:30
08-09-2025 13:33:09.019 INFO Current price: 0.000000034844 - Current percentage: -9.59% - Max: 57.78% - Min: -11.26% - Market Cap 7285 - Trading time: 00:01:30
08-09-2025 13:33:09.106 INFO Current price: 0.000000033233 - Current percentage: -13.97% - Max: 57.78% - Min: -13.97% - Market Cap 6932 - Trading time: 00:01:31
08-09-2025 13:33:10.105 INFO Current price: 0.000000032399 - Current percentage: -14.07% - Max: 57.78% - Min: -14.07% - Market Cap 6924 - Trading time: 00:01:32
08-09-2025 13:33:10.108 INFO Current price: 0.000000032386 - Current percentage: -14.03% - Max: 57.78% - Min: -14.07% - Market Cap 6926 - Trading time: 00:01:32
08-09-2025 13:33:11.010 INFO Current price: 0.000000032288 - Current percentage: -14.58% - Max: 57.78% - Min: -14.58% - Market Cap 6882 - Trading time: 00:01:32
08-09-2025 13:33:12.322 INFO Current price: 0.000000032179 - Current percentage: -14.62% - Max: 57.78% - Min: -14.62% - Market Cap 6879 - Trading time: 00:01:34
08-09-2025 13:33:19.307 INFO Current price: 0.000000032141 - Current percentage: -14.79% - Max: 57.78% - Min: -14.79% - Market Cap 6866 - Trading time: 00:01:41
08-09-2025 13:33:20.449 INFO Current price: 0.000000032133 - Current percentage: -14.66% - Max: 57.78% - Min: -14.79% - Market Cap 6876 - Trading time: 00:01:42
08-09-2025 13:33:21.201 INFO Current price: 0.000000032149 - Current percentage: -14.70% - Max: 57.78% - Min: -14.79% - Market Cap 6873 - Trading time: 00:01:43
08-09-2025 13:33:24.549 INFO Current price: 0.000000031989 - Current percentage: -15.51% - Max: 57.78% - Min: -15.51% - Market Cap 6808 - Trading time: 00:01:46
08-09-2025 13:33:28.740 INFO Current price: 0.000000031747 - Current percentage: -15.99% - Max: 57.78% - Min: -15.99% - Market Cap 6769 - Trading time: 00:01:50
08-09-2025 13:33:33.529 INFO Current price: 0.000000031626 - Current percentage: -16.15% - Max: 57.78% - Min: -16.15% - Market Cap 6756 - Trading time: 00:01:55
08-09-2025 13:33:47.605 INFO Current price: 0.000000031580 - Current percentage: -16.23% - Max: 57.78% - Min: -16.23% - Market Cap 6749 - Trading time: 00:02:09
08-09-2025 13:34:16.733 INFO Current price: 0.000000031174 - Current percentage: -18.29% - Max: 57.78% - Min: -18.29% - Market Cap 6584 - Trading time: 00:02:38
08-09-2025 13:34:18.716 INFO Current price: 0.000000030134 - Current percentage: -21.73% - Max: 57.78% - Min: -21.73% - Market Cap 6306 - Trading time: 00:02:40
08-09-2025 13:34:25.437 INFO Current price: 0.000000029332 - Current percentage: -22.58% - Max: 57.78% - Min: -22.58% - Market Cap 6238 - Trading time: 00:02:47
08-09-2025 13:34:29.302 INFO Current price: 0.000000029135 - Current percentage: -22.78% - Max: 57.78% - Min: -22.78% - Market Cap 6222 - Trading time: 00:02:51
08-09-2025 13:34:32.980 INFO Current price: 0.000000028635 - Current percentage: -25.22% - Max: 57.78% - Min: -25.22% - Market Cap 6025 - Trading time: 00:02:54
08-09-2025 13:35:17.973 INFO Current price: 0.000000028173 - Current percentage: -25.25% - Max: 57.78% - Min: -25.25% - Market Cap 6023 - Trading time: 00:03:39
08-09-2025 13:37:25.227 INFO Current price: 0.000000028123 - Current percentage: -25.64% - Max: 57.78% - Min: -25.64% - Market Cap 5992 - Trading time: 00:05:47
08-09-2025 13:37:25.285 INFO Current price: 0.000000028030 - Current percentage: -25.89% - Max: 57.78% - Min: -25.89% - Market Cap 5971 - Trading time: 00:05:47






08-09-2025 13:47:25.286 INFO {"type":"summary","reason":"inactivity","startedAt":"2025-09-08T11:31:38.078Z","endedAt":"2025-09-08T11:47:25.286Z","durationSec":947,"entryPrice":4.062834557315937e-8,"entryMarketCapSol":37.680487005636586,"entryMarketCapUsd":8057.218536415272,"minPct":-25.892742618396596,"maxPct":57.775081244636894,"buyCount":80,"sellCount":59,"tradeCount":139,"entryRecorded":true,"noPostThresholdTrades":false,"triggerAt":"2025-09-08T11:31:38.078Z","ageAtTriggerSec":4,"preTotalTrades":6,"preBuys":5,"preSells":1,"preUniqueTraders":5,"preEntryTotalTrades":11,"preEntryBuys":9,"preEntrySells":2,"preEntryUniqueTraders":9,"preEntryMinMcUsd":6823.445497398953,"preEntryMaxMcUsd":10059.909215141919,"thresholdMcSol":37.680487005636586,"thresholdMcUsd":8057.218536415272,"thresholdPrice":4.062834557315937e-8}
