08-09-2025 18:05:07.866 INFO Entry price: 0.000000044460822066 - Entry market cap: 8540 - Buys 20 - Sells 7 - Ratio: 1:0.35 - Min MarketCap: 7875 - Max MarketCap: 10712
08-09-2025 18:05:07.866 INFO Current price: 0.000000044461 - Current percentage: 0.00% - Max: 0.00% - Min: 0.00% - Market Cap 8540 - Trading time: 00:00:02
08-09-2025 18:05:08.377 INFO Current price: 0.000000039250 - Current percentage: -1.13% - Max: 0.00% - Min: -1.13% - Market Cap 8444 - Trading time: 00:00:02
08-09-2025 18:05:08.384 INFO Current price: 0.000000039250 - Current percentage: -1.13% - Max: 0.00% - Min: -1.13% - Market Cap 8444 - Trading time: 00:00:02
08-09-2025 18:05:09.823 INFO Current price: 0.000000039574 - Current percentage: 0.51% - Max: 0.51% - Min: -1.13% - Market Cap 8583 - Trading time: 00:00:03
08-09-2025 18:05:09.828 INFO Current price: 0.000000040949 - Current percentage: 5.86% - Max: 5.86% - Min: -1.13% - Market Cap 9040 - Trading time: 00:00:03
08-09-2025 18:05:09.923 INFO Current price: 0.000000043183 - Current percentage: 11.78% - Max: 11.78% - Min: -1.13% - Market Cap 9546 - Trading time: 00:00:04
08-09-2025 18:05:10.128 INFO Current price: 0.000000044989 - Current percentage: 14.90% - Max: 14.90% - Min: -1.13% - Market Cap 9812 - Trading time: 00:00:04
08-09-2025 18:05:10.131 INFO Current price: 0.000000046153 - Current percentage: 17.64% - Max: 17.64% - Min: -1.13% - Market Cap 10046 - Trading time: 00:00:04
08-09-2025 18:05:10.137 INFO Current price: 0.000000046220 - Current percentage: 15.23% - Max: 17.64% - Min: -1.13% - Market Cap 9841 - Trading time: 00:00:04
08-09-2025 18:05:10.179 INFO Current price: 0.000000046451 - Current percentage: 18.81% - Max: 18.81% - Min: -1.13% - Market Cap 10147 - Trading time: 00:00:04
08-09-2025 18:05:10.379 INFO Current price: 0.000000049559 - Current percentage: 31.16% - Max: 31.16% - Min: -1.13% - Market Cap 11201 - Trading time: 00:00:04
08-09-2025 18:05:10.660 INFO Current price: 0.000000052077 - Current percentage: 31.20% - Max: 31.20% - Min: -1.13% - Market Cap 11204 - Trading time: 00:00:04
08-09-2025 18:05:10.915 INFO Current price: 0.000000052108 - Current percentage: 31.32% - Max: 31.32% - Min: -1.13% - Market Cap 11215 - Trading time: 00:00:05
08-09-2025 18:05:11.662 INFO Current price: 0.000000052133 - Current percentage: 31.32% - Max: 31.32% - Min: -1.13% - Market Cap 11215 - Trading time: 00:00:05
08-09-2025 18:05:12.108 INFO Current price: 0.000000051373 - Current percentage: 27.52% - Max: 31.32% - Min: -1.13% - Market Cap 10890 - Trading time: 00:00:06
08-09-2025 18:05:12.128 INFO Current price: 0.000000050006 - Current percentage: 24.43% - Max: 31.32% - Min: -1.13% - Market Cap 10626 - Trading time: 00:00:06
08-09-2025 18:05:12.444 INFO Current price: 0.000000049541 - Current percentage: 25.16% - Max: 31.32% - Min: -1.13% - Market Cap 10689 - Trading time: 00:00:06
08-09-2025 18:05:14.387 INFO Current price: 0.000000049687 - Current percentage: 25.16% - Max: 31.32% - Min: -1.13% - Market Cap 10689 - Trading time: 00:00:08
08-09-2025 18:05:14.393 INFO Current price: 0.000000049633 - Current percentage: 24.89% - Max: 31.32% - Min: -1.13% - Market Cap 10666 - Trading time: 00:00:08
08-09-2025 18:05:14.400 INFO Current price: 0.000000049517 - Current percentage: 24.57% - Max: 31.32% - Min: -1.13% - Market Cap 10639 - Trading time: 00:00:08
08-09-2025 18:05:15.694 INFO Current price: 0.000000049004 - Current percentage: 22.32% - Max: 31.32% - Min: -1.13% - Market Cap 10446 - Trading time: 00:00:09
08-09-2025 18:05:15.860 INFO Current price: 0.000000047571 - Current percentage: 17.40% - Max: 31.32% - Min: -1.13% - Market Cap 10026 - Trading time: 00:00:09
08-09-2025 18:05:17.041 INFO Current price: 0.000000045413 - Current percentage: 11.47% - Max: 31.32% - Min: -1.13% - Market Cap 9519 - Trading time: 00:00:11
08-09-2025 18:05:17.166 INFO Current price: 0.000000043600 - Current percentage: 8.21% - Max: 31.32% - Min: -1.13% - Market Cap 9241 - Trading time: 00:00:11
08-09-2025 18:05:17.196 INFO Current price: 0.000000042961 - Current percentage: 8.23% - Max: 31.32% - Min: -1.13% - Market Cap 9242 - Trading time: 00:00:11
08-09-2025 18:05:17.254 INFO Current price: 0.000000042945 - Current percentage: 8.13% - Max: 31.32% - Min: -1.13% - Market Cap 9234 - Trading time: 00:00:11
08-09-2025 18:05:17.256 INFO Current price: 0.000000042004 - Current percentage: 3.53% - Max: 31.32% - Min: -1.13% - Market Cap 8842 - Trading time: 00:00:11
08-09-2025 18:05:17.659 INFO Current price: 0.000000041065 - Current percentage: 3.35% - Max: 31.32% - Min: -1.13% - Market Cap 8826 - Trading time: 00:00:11
08-09-2025 18:05:17.831 INFO Current price: 0.000000041857 - Current percentage: 7.56% - Max: 31.32% - Min: -1.13% - Market Cap 9186 - Trading time: 00:00:11
08-09-2025 18:05:17.891 INFO Current price: 0.000000043828 - Current percentage: 13.31% - Max: 31.32% - Min: -1.13% - Market Cap 9677 - Trading time: 00:00:12
08-09-2025 18:05:18.358 INFO Current price: 0.000000044985 - Current percentage: 13.32% - Max: 31.32% - Min: -1.13% - Market Cap 9677 - Trading time: 00:00:12
08-09-2025 18:05:18.358 INFO Current price: 0.000000044981 - Current percentage: 13.29% - Max: 31.32% - Min: -1.13% - Market Cap 9675 - Trading time: 00:00:12
08-09-2025 18:05:18.418 INFO Current price: 0.000000046710 - Current percentage: 22.20% - Max: 31.32% - Min: -1.13% - Market Cap 10435 - Trading time: 00:00:12
08-09-2025 18:05:18.706 INFO Current price: 0.000000049963 - Current percentage: 29.63% - Max: 31.32% - Min: -1.13% - Market Cap 11070 - Trading time: 00:00:12
08-09-2025 18:05:18.719 INFO Current price: 0.000000051462 - Current percentage: 29.63% - Max: 31.32% - Min: -1.13% - Market Cap 11071 - Trading time: 00:00:12
08-09-2025 18:05:18.764 INFO Current price: 0.000000053057 - Current percentage: 37.79% - Max: 37.79% - Min: -1.13% - Market Cap 11767 - Trading time: 00:00:12
08-09-2025 18:05:18.804 INFO Current price: 0.000000054891 - Current percentage: 38.75% - Max: 38.75% - Min: -1.13% - Market Cap 11849 - Trading time: 00:00:12
08-09-2025 18:05:19.057 INFO Current price: 0.000000055110 - Current percentage: 38.75% - Max: 38.75% - Min: -1.13% - Market Cap 11849 - Trading time: 00:00:13
08-09-2025 18:05:19.472 INFO Current price: 0.000000056842 - Current percentage: 47.76% - Max: 47.76% - Min: -1.13% - Market Cap 12618 - Trading time: 00:00:13
08-09-2025 18:05:20.488 INFO Current price: 0.000000058588 - Current percentage: 47.41% - Max: 47.76% - Min: -1.13% - Market Cap 12589 - Trading time: 00:00:14
08-09-2025 18:05:20.525 INFO Current price: 0.000000058461 - Current percentage: 47.12% - Max: 47.76% - Min: -1.13% - Market Cap 12564 - Trading time: 00:00:14
08-09-2025 18:05:21.774 INFO Current price: 0.000000058193 - Current percentage: 46.06% - Max: 47.76% - Min: -1.13% - Market Cap 12474 - Trading time: 00:00:15
08-09-2025 18:05:24.706 INFO Current price: 0.000000058109 - Current percentage: 46.69% - Max: 47.76% - Min: -1.13% - Market Cap 12527 - Trading time: 00:00:18
08-09-2025 18:05:26.834 INFO Current price: 0.000000058048 - Current percentage: 45.76% - Max: 47.76% - Min: -1.13% - Market Cap 12448 - Trading time: 00:00:20
08-09-2025 18:05:27.258 INFO Current price: 0.000000056183 - Current percentage: 37.41% - Max: 47.76% - Min: -1.13% - Market Cap 11735 - Trading time: 00:00:21
08-09-2025 18:05:30.507 INFO Current price: 0.000000054252 - Current percentage: 35.91% - Max: 47.76% - Min: -1.13% - Market Cap 11607 - Trading time: 00:00:24
08-09-2025 18:05:31.018 INFO Current price: 0.000000054082 - Current percentage: 36.55% - Max: 47.76% - Min: -1.13% - Market Cap 11661 - Trading time: 00:00:25
08-09-2025 18:05:31.025 INFO Current price: 0.000000053245 - Current percentage: 31.74% - Max: 47.76% - Min: -1.13% - Market Cap 11250 - Trading time: 00:00:25
08-09-2025 18:05:31.033 INFO Current price: 0.000000052289 - Current percentage: 31.74% - Max: 47.76% - Min: -1.13% - Market Cap 11250 - Trading time: 00:00:25
08-09-2025 18:05:31.376 INFO Current price: 0.000000052921 - Current percentage: 34.90% - Max: 47.76% - Min: -1.13% - Market Cap 11520 - Trading time: 00:00:25
08-09-2025 18:05:31.998 INFO Current price: 0.000000054056 - Current percentage: 37.45% - Max: 47.76% - Min: -1.13% - Market Cap 11738 - Trading time: 00:00:26
08-09-2025 18:05:32.229 INFO Current price: 0.000000054591 - Current percentage: 37.58% - Max: 47.76% - Min: -1.13% - Market Cap 11749 - Trading time: 00:00:26
08-09-2025 18:05:32.843 INFO Current price: 0.000000054629 - Current percentage: 37.64% - Max: 47.76% - Min: -1.13% - Market Cap 11755 - Trading time: 00:00:26
08-09-2025 18:05:33.219 INFO Current price: 0.000000054769 - Current percentage: 38.28% - Max: 47.76% - Min: -1.13% - Market Cap 11809 - Trading time: 00:00:27
08-09-2025 18:05:33.979 INFO Current price: 0.000000055153 - Current percentage: 39.58% - Max: 47.76% - Min: -1.13% - Market Cap 11920 - Trading time: 00:00:28
08-09-2025 18:05:34.103 INFO Current price: 0.000000055474 - Current percentage: 39.90% - Max: 47.76% - Min: -1.13% - Market Cap 11947 - Trading time: 00:00:28
08-09-2025 18:05:34.577 INFO Current price: 0.000000055551 - Current percentage: 39.97% - Max: 47.76% - Min: -1.13% - Market Cap 11953 - Trading time: 00:00:28
08-09-2025 18:05:34.579 INFO Current price: 0.000000055612 - Current percentage: 40.20% - Max: 47.76% - Min: -1.13% - Market Cap 11973 - Trading time: 00:00:28
08-09-2025 18:05:36.453 INFO Current price: 0.000000055699 - Current percentage: 40.40% - Max: 47.76% - Min: -1.13% - Market Cap 11990 - Trading time: 00:00:30
08-09-2025 18:05:37.798 INFO Current price: 0.000000055757 - Current percentage: 40.50% - Max: 47.76% - Min: -1.13% - Market Cap 11999 - Trading time: 00:00:31
08-09-2025 18:05:39.443 INFO Current price: 0.000000055841 - Current percentage: 40.82% - Max: 47.76% - Min: -1.13% - Market Cap 12026 - Trading time: 00:00:33
08-09-2025 18:05:41.416 INFO Current price: 0.000000057289 - Current percentage: 47.88% - Max: 47.88% - Min: -1.13% - Market Cap 12629 - Trading time: 00:00:35
08-09-2025 18:05:41.416 INFO Current price: 0.000000059930 - Current percentage: 54.11% - Max: 54.11% - Min: -1.13% - Market Cap 13161 - Trading time: 00:00:35
08-09-2025 18:05:42.038 INFO Current price: 0.000000062540 - Current percentage: 61.04% - Max: 61.04% - Min: -1.13% - Market Cap 13753 - Trading time: 00:00:36
08-09-2025 18:05:42.513 INFO Current price: 0.000000063930 - Current percentage: 61.03% - Max: 61.04% - Min: -1.13% - Market Cap 13752 - Trading time: 00:00:36
08-09-2025 18:05:48.092 INFO Current price: 0.000000064066 - Current percentage: 61.73% - Max: 61.73% - Min: -1.13% - Market Cap 13812 - Trading time: 00:00:42
08-09-2025 18:05:48.107 INFO Current price: 0.000000063377 - Current percentage: 57.59% - Max: 61.73% - Min: -1.13% - Market Cap 13458 - Trading time: 00:00:42
08-09-2025 18:05:52.343 INFO Current price: 0.000000062629 - Current percentage: 57.76% - Max: 61.73% - Min: -1.13% - Market Cap 13472 - Trading time: 00:00:46
08-09-2025 18:05:53.232 INFO Current price: 0.000000061402 - Current percentage: 51.31% - Max: 61.73% - Min: -1.13% - Market Cap 12922 - Trading time: 00:00:47
08-09-2025 18:05:55.065 INFO Current price: 0.000000060263 - Current percentage: 51.96% - Max: 61.73% - Min: -1.13% - Market Cap 12977 - Trading time: 00:00:49
08-09-2025 18:05:55.958 INFO Current price: 0.000000060478 - Current percentage: 52.39% - Max: 61.73% - Min: -1.13% - Market Cap 13014 - Trading time: 00:00:50
08-09-2025 18:05:56.746 INFO Current price: 0.000000060629 - Current percentage: 52.71% - Max: 61.73% - Min: -1.13% - Market Cap 13042 - Trading time: 00:00:50
08-09-2025 18:05:57.441 INFO Current price: 0.000000060695 - Current percentage: 52.71% - Max: 61.73% - Min: -1.13% - Market Cap 13042 - Trading time: 00:00:51
08-09-2025 18:06:00.157 INFO Current price: 0.000000060761 - Current percentage: 53.05% - Max: 61.73% - Min: -1.13% - Market Cap 13071 - Trading time: 00:00:54
08-09-2025 18:06:02.636 INFO Current price: 0.000000060922 - Current percentage: 53.53% - Max: 61.73% - Min: -1.13% - Market Cap 13111 - Trading time: 00:00:56
08-09-2025 18:06:03.464 INFO Current price: 0.000000059718 - Current percentage: 47.06% - Max: 61.73% - Min: -1.13% - Market Cap 12559 - Trading time: 00:00:57
08-09-2025 18:06:03.574 INFO Current price: 0.000000059778 - Current percentage: 53.84% - Max: 61.73% - Min: -1.13% - Market Cap 13138 - Trading time: 00:00:57
08-09-2025 18:06:04.008 INFO Current price: 0.000000062123 - Current percentage: 58.83% - Max: 61.73% - Min: -1.13% - Market Cap 13564 - Trading time: 00:00:58
08-09-2025 18:06:04.398 INFO Current price: 0.000000061543 - Current percentage: 50.98% - Max: 61.73% - Min: -1.13% - Market Cap 12893 - Trading time: 00:00:58
08-09-2025 18:06:05.215 INFO Current price: 0.000000060013 - Current percentage: 51.03% - Max: 61.73% - Min: -1.13% - Market Cap 12898 - Trading time: 00:00:59
08-09-2025 18:06:05.979 INFO Current price: 0.000000060157 - Current percentage: 51.70% - Max: 61.73% - Min: -1.13% - Market Cap 12955 - Trading time: 00:01:00
08-09-2025 18:06:06.353 INFO Current price: 0.000000060292 - Current percentage: 51.71% - Max: 61.73% - Min: -1.13% - Market Cap 12956 - Trading time: 00:01:00
08-09-2025 18:06:06.801 INFO Current price: 0.000000060695 - Current percentage: 53.73% - Max: 61.73% - Min: -1.13% - Market Cap 13129 - Trading time: 00:01:00
08-09-2025 18:06:10.119 INFO Current price: 0.000000060722 - Current percentage: 51.84% - Max: 61.73% - Min: -1.13% - Market Cap 12967 - Trading time: 00:01:04
08-09-2025 18:06:10.771 INFO Current price: 0.000000060481 - Current percentage: 52.52% - Max: 61.73% - Min: -1.13% - Market Cap 13025 - Trading time: 00:01:04
08-09-2025 18:06:10.774 INFO Current price: 0.000000061268 - Current percentage: 55.82% - Max: 61.73% - Min: -1.13% - Market Cap 13307 - Trading time: 00:01:04
08-09-2025 18:06:14.871 INFO Current price: 0.000000062578 - Current percentage: 59.12% - Max: 61.73% - Min: -1.13% - Market Cap 13588 - Trading time: 00:01:09
08-09-2025 18:06:16.173 INFO Current price: 0.000000063306 - Current percentage: 59.46% - Max: 61.73% - Min: -1.13% - Market Cap 13618 - Trading time: 00:01:10
08-09-2025 18:06:16.878 INFO Current price: 0.000000063513 - Current percentage: 60.16% - Max: 61.73% - Min: -1.13% - Market Cap 13677 - Trading time: 00:01:11
08-09-2025 18:06:19.499 INFO Current price: 0.000000064339 - Current percentage: 63.64% - Max: 63.64% - Min: -1.13% - Market Cap 13975 - Trading time: 00:01:13
08-09-2025 18:06:20.116 INFO Current price: 0.000000065729 - Current percentage: 67.15% - Max: 67.15% - Min: -1.13% - Market Cap 14275 - Trading time: 00:01:14
08-09-2025 18:06:22.149 INFO Current price: 0.000000066361 - Current percentage: 66.80% - Max: 67.15% - Min: -1.13% - Market Cap 14244 - Trading time: 00:01:16
08-09-2025 18:06:22.179 INFO Current price: 0.000000066231 - Current percentage: 66.50% - Max: 67.15% - Min: -1.13% - Market Cap 14219 - Trading time: 00:01:16
08-09-2025 18:06:22.947 INFO Current price: 0.000000066305 - Current percentage: 67.17% - Max: 67.17% - Min: -1.13% - Market Cap 14277 - Trading time: 00:01:17
08-09-2025 18:06:23.443 INFO Current price: 0.000000066468 - Current percentage: 67.32% - Max: 67.32% - Min: -1.13% - Market Cap 14289 - Trading time: 00:01:17
08-09-2025 18:06:24.703 INFO Current price: 0.000000066595 - Current percentage: 67.81% - Max: 67.81% - Min: -1.13% - Market Cap 14331 - Trading time: 00:01:18
08-09-2025 18:06:24.980 INFO Current price: 0.000000066663 - Current percentage: 67.66% - Max: 67.81% - Min: -1.13% - Market Cap 14318 - Trading time: 00:01:19
08-09-2025 18:06:25.856 INFO Current price: 0.000000066704 - Current percentage: 68.02% - Max: 68.02% - Min: -1.13% - Market Cap 14349 - Trading time: 00:01:19
08-09-2025 18:06:26.284 INFO Current price: 0.000000066427 - Current percentage: 66.27% - Max: 68.02% - Min: -1.13% - Market Cap 14199 - Trading time: 00:01:20
08-09-2025 18:06:27.637 INFO Current price: 0.000000063929 - Current percentage: 55.62% - Max: 68.02% - Min: -1.13% - Market Cap 13290 - Trading time: 00:01:21
08-09-2025 18:06:27.665 INFO Current price: 0.000000059938 - Current percentage: 46.16% - Max: 68.02% - Min: -1.13% - Market Cap 12482 - Trading time: 00:01:21
08-09-2025 18:06:27.667 INFO Current price: 0.000000057528 - Current percentage: 43.36% - Max: 68.02% - Min: -1.13% - Market Cap 12243 - Trading time: 00:01:21
08-09-2025 18:06:28.198 INFO Current price: 0.000000054106 - Current percentage: 29.28% - Max: 68.02% - Min: -1.13% - Market Cap 11041 - Trading time: 00:01:22
08-09-2025 18:06:28.392 INFO Current price: 0.000000051629 - Current percentage: 30.53% - Max: 68.02% - Min: -1.13% - Market Cap 11147 - Trading time: 00:01:22
08-09-2025 18:06:28.544 INFO Current price: 0.000000051758 - Current percentage: 29.93% - Max: 68.02% - Min: -1.13% - Market Cap 11096 - Trading time: 00:01:22
08-09-2025 18:06:29.261 INFO Current price: 0.000000051676 - Current percentage: 30.12% - Max: 68.02% - Min: -1.13% - Market Cap 11112 - Trading time: 00:01:23
08-09-2025 18:06:29.269 INFO Current price: 0.000000052085 - Current percentage: 32.00% - Max: 68.02% - Min: -1.13% - Market Cap 11273 - Trading time: 00:01:23
08-09-2025 18:06:29.339 INFO Current price: 0.000000052709 - Current percentage: 33.26% - Max: 68.02% - Min: -1.13% - Market Cap 11380 - Trading time: 00:01:23
08-09-2025 18:06:29.355 INFO Current price: 0.000000052998 - Current percentage: 33.45% - Max: 68.02% - Min: -1.13% - Market Cap 11396 - Trading time: 00:01:23
08-09-2025 18:06:29.614 INFO Current price: 0.000000055545 - Current percentage: 46.38% - Max: 68.02% - Min: -1.13% - Market Cap 12500 - Trading time: 00:01:23
08-09-2025 18:06:29.616 INFO Current price: 0.000000058570 - Current percentage: 48.37% - Max: 68.02% - Min: -1.13% - Market Cap 12671 - Trading time: 00:01:23
08-09-2025 18:06:29.663 INFO Current price: 0.000000059498 - Current percentage: 51.05% - Max: 68.02% - Min: -1.13% - Market Cap 12900 - Trading time: 00:01:23
08-09-2025 18:06:29.694 INFO Current price: 0.000000060100 - Current percentage: 51.39% - Max: 68.02% - Min: -1.13% - Market Cap 12929 - Trading time: 00:01:23
08-09-2025 18:06:29.953 INFO Current price: 0.000000062172 - Current percentage: 61.65% - Max: 68.02% - Min: -1.13% - Market Cap 13805 - Trading time: 00:01:24
08-09-2025 18:06:29.995 INFO Current price: 0.000000065214 - Current percentage: 66.56% - Max: 68.02% - Min: -1.13% - Market Cap 14225 - Trading time: 00:01:24
08-09-2025 18:06:30.017 INFO Current price: 0.000000067022 - Current percentage: 70.74% - Max: 70.74% - Min: -1.13% - Market Cap 14581 - Trading time: 00:01:24
08-09-2025 18:06:30.020 INFO Current price: 0.000000068483 - Current percentage: 73.91% - Max: 73.91% - Min: -1.13% - Market Cap 14852 - Trading time: 00:01:24
08-09-2025 18:06:30.259 INFO Current price: 0.000000069130 - Current percentage: 73.98% - Max: 73.98% - Min: -1.13% - Market Cap 14858 - Trading time: 00:01:24
08-09-2025 18:06:30.478 INFO Current price: 0.000000069159 - Current percentage: 74.05% - Max: 74.05% - Min: -1.13% - Market Cap 14864 - Trading time: 00:01:24
08-09-2025 18:06:31.080 INFO Current price: 0.000000069172 - Current percentage: 74.04% - Max: 74.05% - Min: -1.13% - Market Cap 14863 - Trading time: 00:01:25
08-09-2025 18:06:31.401 INFO Current price: 0.000000069085 - Current percentage: 73.61% - Max: 74.05% - Min: -1.13% - Market Cap 14827 - Trading time: 00:01:25
08-09-2025 18:06:31.887 INFO Current price: 0.000000066690 - Current percentage: 62.18% - Max: 74.05% - Min: -1.13% - Market Cap 13851 - Trading time: 00:01:26
08-09-2025 18:06:32.128 INFO Current price: 0.000000064387 - Current percentage: 61.83% - Max: 74.05% - Min: -1.13% - Market Cap 13820 - Trading time: 00:01:26
08-09-2025 18:06:32.495 INFO Current price: 0.000000063288 - Current percentage: 56.70% - Max: 74.05% - Min: -1.13% - Market Cap 13382 - Trading time: 00:01:26
08-09-2025 18:06:33.602 INFO Current price: 0.000000062454 - Current percentage: 57.59% - Max: 74.05% - Min: -1.13% - Market Cap 13458 - Trading time: 00:01:27
08-09-2025 18:06:33.668 INFO Current price: 0.000000064682 - Current percentage: 68.08% - Max: 74.05% - Min: -1.13% - Market Cap 14354 - Trading time: 00:01:27
08-09-2025 18:06:33.745 INFO Current price: 0.000000068212 - Current percentage: 75.26% - Max: 75.26% - Min: -1.13% - Market Cap 14967 - Trading time: 00:01:27
08-09-2025 18:06:33.756 INFO Current price: 0.000000069798 - Current percentage: 75.99% - Max: 75.99% - Min: -1.13% - Market Cap 15029 - Trading time: 00:01:27
08-09-2025 18:06:33.759 INFO Current price: 0.000000070304 - Current percentage: 77.81% - Max: 77.81% - Min: -1.13% - Market Cap 15185 - Trading time: 00:01:27
08-09-2025 18:06:33.760 INFO Current price: 0.000000070739 - Current percentage: 78.17% - Max: 78.17% - Min: -1.13% - Market Cap 15216 - Trading time: 00:01:27
08-09-2025 18:06:33.777 INFO Current price: 0.000000070957 - Current percentage: 78.91% - Max: 78.91% - Min: -1.13% - Market Cap 15279 - Trading time: 00:01:27
08-09-2025 18:06:34.088 INFO Current price: 0.000000071250 - Current percentage: 79.65% - Max: 79.65% - Min: -1.13% - Market Cap 15342 - Trading time: 00:01:28
08-09-2025 18:06:34.656 INFO Current price: 0.000000071441 - Current percentage: 79.87% - Max: 79.87% - Min: -1.13% - Market Cap 15361 - Trading time: 00:01:28
08-09-2025 18:06:34.949 INFO Current price: 0.000000071703 - Current percentage: 80.97% - Max: 80.97% - Min: -1.13% - Market Cap 15455 - Trading time: 00:01:29
08-09-2025 18:06:35.584 INFO Current price: 0.000000072215 - Current percentage: 82.44% - Max: 82.44% - Min: -1.13% - Market Cap 15581 - Trading time: 00:01:29
08-09-2025 18:06:36.276 INFO Current price: 0.000000072336 - Current percentage: 81.57% - Max: 82.44% - Min: -1.13% - Market Cap 15506 - Trading time: 00:01:30
08-09-2025 18:06:36.284 INFO Current price: 0.000000072339 - Current percentage: 82.46% - Max: 82.46% - Min: -1.13% - Market Cap 15582 - Trading time: 00:01:30
08-09-2025 18:06:36.999 INFO Current price: 0.000000072445 - Current percentage: 82.11% - Max: 82.46% - Min: -1.13% - Market Cap 15552 - Trading time: 00:01:31
08-09-2025 18:06:37.517 INFO Current price: 0.000000071666 - Current percentage: 78.56% - Max: 82.46% - Min: -1.13% - Market Cap 15249 - Trading time: 00:01:31
08-09-2025 18:06:39.058 INFO Current price: 0.000000070907 - Current percentage: 78.27% - Max: 82.46% - Min: -1.13% - Market Cap 15224 - Trading time: 00:01:33
08-09-2025 18:06:39.692 INFO Current price: 0.000000070565 - Current percentage: 76.84% - Max: 82.46% - Min: -1.13% - Market Cap 15102 - Trading time: 00:01:33
08-09-2025 18:06:40.198 INFO Current price: 0.000000069511 - Current percentage: 72.98% - Max: 82.46% - Min: -1.13% - Market Cap 14773 - Trading time: 00:01:34
08-09-2025 18:06:40.612 INFO Current price: 0.000000068891 - Current percentage: 73.70% - Max: 82.46% - Min: -1.13% - Market Cap 14834 - Trading time: 00:01:34
08-09-2025 18:06:40.615 INFO Current price: 0.000000068877 - Current percentage: 72.91% - Max: 82.46% - Min: -1.13% - Market Cap 14767 - Trading time: 00:01:34
08-09-2025 18:06:40.794 INFO Current price: 0.000000068828 - Current percentage: 73.45% - Max: 82.46% - Min: -1.13% - Market Cap 14813 - Trading time: 00:01:34
08-09-2025 18:06:41.368 INFO Current price: 0.000000067308 - Current percentage: 65.36% - Max: 82.46% - Min: -1.13% - Market Cap 14122 - Trading time: 00:01:35
08-09-2025 18:06:41.939 INFO Current price: 0.000000065652 - Current percentage: 65.02% - Max: 82.46% - Min: -1.13% - Market Cap 14093 - Trading time: 00:01:36
08-09-2025 18:06:41.996 INFO Current price: 0.000000065433 - Current percentage: 64.26% - Max: 82.46% - Min: -1.13% - Market Cap 14028 - Trading time: 00:01:36
08-09-2025 18:06:42.045 INFO Current price: 0.000000065352 - Current percentage: 64.61% - Max: 82.46% - Min: -1.13% - Market Cap 14058 - Trading time: 00:01:36
08-09-2025 18:06:42.744 INFO Current price: 0.000000065346 - Current percentage: 64.23% - Max: 82.46% - Min: -1.13% - Market Cap 14026 - Trading time: 00:01:36
08-09-2025 18:06:43.599 INFO Current price: 0.000000065411 - Current percentage: 64.94% - Max: 82.46% - Min: -1.13% - Market Cap 14085 - Trading time: 00:01:37
08-09-2025 18:06:43.990 INFO Current price: 0.000000065690 - Current percentage: 65.64% - Max: 82.46% - Min: -1.13% - Market Cap 14146 - Trading time: 00:01:38
08-09-2025 18:06:46.782 INFO Current price: 0.000000066111 - Current percentage: 67.05% - Max: 82.46% - Min: -1.13% - Market Cap 14266 - Trading time: 00:01:40
08-09-2025 18:06:47.122 INFO Current price: 0.000000066673 - Current percentage: 68.47% - Max: 82.46% - Min: -1.13% - Market Cap 14387 - Trading time: 00:01:41
08-09-2025 18:06:47.874 INFO Current price: 0.000000067088 - Current percentage: 69.14% - Max: 82.46% - Min: -1.13% - Market Cap 14445 - Trading time: 00:01:42
08-09-2025 18:06:50.595 INFO Current price: 0.000000068655 - Current percentage: 76.43% - Max: 82.46% - Min: -1.13% - Market Cap 15067 - Trading time: 00:01:44
08-09-2025 18:06:52.281 INFO Current price: 0.000000070311 - Current percentage: 77.40% - Max: 82.46% - Min: -1.13% - Market Cap 15150 - Trading time: 00:01:46
08-09-2025 18:06:54.901 INFO Current price: 0.000000070437 - Current percentage: 77.07% - Max: 82.46% - Min: -1.13% - Market Cap 15122 - Trading time: 00:01:49
08-09-2025 18:06:54.905 INFO Current price: 0.000000070316 - Current percentage: 76.79% - Max: 82.46% - Min: -1.13% - Market Cap 15098 - Trading time: 00:01:49
08-09-2025 18:06:56.298 INFO Current price: 0.000000071709 - Current percentage: 84.15% - Max: 84.15% - Min: -1.13% - Market Cap 15726 - Trading time: 00:01:50
08-09-2025 18:06:57.345 INFO Current price: 0.000000073629 - Current percentage: 86.38% - Max: 86.38% - Min: -1.13% - Market Cap 15917 - Trading time: 00:01:51
08-09-2025 18:06:59.224 INFO Current price: 0.000000074002 - Current percentage: 86.02% - Max: 86.38% - Min: -1.13% - Market Cap 15886 - Trading time: 00:01:53
08-09-2025 18:06:59.589 INFO Current price: 0.000000073940 - Current percentage: 86.07% - Max: 86.38% - Min: -1.13% - Market Cap 15891 - Trading time: 00:01:53
08-09-2025 18:07:00.330 INFO Current price: 0.000000074253 - Current percentage: 87.60% - Max: 87.60% - Min: -1.13% - Market Cap 16021 - Trading time: 00:01:54
08-09-2025 18:07:03.585 INFO Current price: 0.000000074523 - Current percentage: 87.43% - Max: 87.60% - Min: -1.13% - Market Cap 16006 - Trading time: 00:01:57
08-09-2025 18:07:04.302 INFO Current price: 0.000000074416 - Current percentage: 87.06% - Max: 87.60% - Min: -1.13% - Market Cap 15975 - Trading time: 00:01:58
08-09-2025 18:07:04.372 INFO Current price: 0.000000074323 - Current percentage: 86.96% - Max: 87.60% - Min: -1.13% - Market Cap 15966 - Trading time: 00:01:58
08-09-2025 18:07:04.472 INFO Current price: 0.000000074174 - Current percentage: 86.31% - Max: 87.60% - Min: -1.13% - Market Cap 15911 - Trading time: 00:01:58
08-09-2025 18:07:05.338 INFO Current price: 0.000000074362 - Current percentage: 87.48% - Max: 87.60% - Min: -1.13% - Market Cap 16011 - Trading time: 00:01:59
08-09-2025 18:07:05.646 INFO Current price: 0.000000071913 - Current percentage: 74.63% - Max: 87.60% - Min: -1.13% - Market Cap 14914 - Trading time: 00:01:59
08-09-2025 18:07:05.685 INFO Current price: 0.000000067070 - Current percentage: 63.09% - Max: 87.60% - Min: -1.13% - Market Cap 13927 - Trading time: 00:01:59
08-09-2025 18:07:05.815 INFO Current price: 0.000000064688 - Current percentage: 62.45% - Max: 87.60% - Min: -1.13% - Market Cap 13873 - Trading time: 00:01:59
08-09-2025 18:07:05.886 INFO Current price: 0.000000064576 - Current percentage: 62.52% - Max: 87.60% - Min: -1.13% - Market Cap 13879 - Trading time: 00:02:00
08-09-2025 18:07:06.009 INFO Current price: 0.000000064245 - Current percentage: 60.79% - Max: 87.60% - Min: -1.13% - Market Cap 13731 - Trading time: 00:02:00
08-09-2025 18:07:06.738 INFO Current price: 0.000000064040 - Current percentage: 61.48% - Max: 87.60% - Min: -1.13% - Market Cap 13791 - Trading time: 00:02:00
08-09-2025 18:07:06.950 INFO Current price: 0.000000064108 - Current percentage: 61.13% - Max: 87.60% - Min: -1.13% - Market Cap 13761 - Trading time: 00:02:01
08-09-2025 18:07:07.324 INFO Current price: 0.000000064080 - Current percentage: 61.34% - Max: 87.60% - Min: -1.13% - Market Cap 13778 - Trading time: 00:02:01
08-09-2025 18:07:07.726 INFO Current price: 0.000000064190 - Current percentage: 61.69% - Max: 87.60% - Min: -1.13% - Market Cap 13808 - Trading time: 00:02:01
08-09-2025 18:07:08.035 INFO Current price: 0.000000064397 - Current percentage: 62.38% - Max: 87.60% - Min: -1.13% - Market Cap 13867 - Trading time: 00:02:02
08-09-2025 18:07:08.370 INFO Current price: 0.000000064951 - Current percentage: 64.48% - Max: 87.60% - Min: -1.13% - Market Cap 14046 - Trading time: 00:02:02
08-09-2025 18:07:08.902 INFO Current price: 0.000000065648 - Current percentage: 65.88% - Max: 87.60% - Min: -1.13% - Market Cap 14167 - Trading time: 00:02:03
08-09-2025 18:07:10.027 INFO Current price: 0.000000066067 - Current percentage: 66.59% - Max: 87.60% - Min: -1.13% - Market Cap 14227 - Trading time: 00:02:04
08-09-2025 18:07:10.939 INFO Current price: 0.000000067049 - Current percentage: 70.85% - Max: 87.60% - Min: -1.13% - Market Cap 14591 - Trading time: 00:02:05
08-09-2025 18:07:11.280 INFO Current price: 0.000000068046 - Current percentage: 71.58% - Max: 87.60% - Min: -1.13% - Market Cap 14653 - Trading time: 00:02:05
08-09-2025 18:07:11.351 INFO Current price: 0.000000068633 - Current percentage: 73.81% - Max: 87.60% - Min: -1.13% - Market Cap 14843 - Trading time: 00:02:05
08-09-2025 18:07:11.354 INFO Current price: 0.000000069679 - Current percentage: 76.85% - Max: 87.60% - Min: -1.13% - Market Cap 15103 - Trading time: 00:02:05
08-09-2025 18:07:11.359 INFO Current price: 0.000000070439 - Current percentage: 77.62% - Max: 87.60% - Min: -1.13% - Market Cap 15169 - Trading time: 00:02:05
08-09-2025 18:07:11.364 INFO Current price: 0.000000071057 - Current percentage: 79.97% - Max: 87.60% - Min: -1.13% - Market Cap 15369 - Trading time: 00:02:05
08-09-2025 18:07:11.366 INFO Current price: 0.000000071841 - Current percentage: 81.56% - Max: 87.60% - Min: -1.13% - Market Cap 15505 - Trading time: 00:02:05
08-09-2025 18:07:14.025 INFO Current price: 0.000000072108 - Current percentage: 81.31% - Max: 87.60% - Min: -1.13% - Market Cap 15484 - Trading time: 00:02:08
08-09-2025 18:07:14.132 INFO Current price: 0.000000071895 - Current percentage: 80.49% - Max: 87.60% - Min: -1.13% - Market Cap 15414 - Trading time: 00:02:08
08-09-2025 18:07:14.705 INFO Current price: 0.000000072097 - Current percentage: 82.33% - Max: 87.60% - Min: -1.13% - Market Cap 15571 - Trading time: 00:02:08
08-09-2025 18:07:14.870 INFO Current price: 0.000000072033 - Current percentage: 80.17% - Max: 87.60% - Min: -1.13% - Market Cap 15387 - Trading time: 00:02:09
08-09-2025 18:07:15.032 INFO Current price: 0.000000069257 - Current percentage: 68.55% - Max: 87.60% - Min: -1.13% - Market Cap 14394 - Trading time: 00:02:09
08-09-2025 18:07:15.089 INFO Current price: 0.000000065626 - Current percentage: 61.77% - Max: 87.60% - Min: -1.13% - Market Cap 13815 - Trading time: 00:02:09
08-09-2025 18:07:15.096 INFO Current price: 0.000000064166 - Current percentage: 61.13% - Max: 87.60% - Min: -1.13% - Market Cap 13761 - Trading time: 00:02:09
08-09-2025 18:07:15.109 INFO Current price: 0.000000063726 - Current percentage: 59.56% - Max: 87.60% - Min: -1.13% - Market Cap 13626 - Trading time: 00:02:09
08-09-2025 18:07:15.112 INFO Current price: 0.000000063291 - Current percentage: 58.94% - Max: 87.60% - Min: -1.13% - Market Cap 13574 - Trading time: 00:02:09
08-09-2025 18:07:15.219 INFO Current price: 0.000000062909 - Current percentage: 57.64% - Max: 87.60% - Min: -1.13% - Market Cap 13462 - Trading time: 00:02:09
08-09-2025 18:07:15.460 INFO Current price: 0.000000062530 - Current percentage: 57.03% - Max: 87.60% - Min: -1.13% - Market Cap 13410 - Trading time: 00:02:09
08-09-2025 18:07:15.643 INFO Current price: 0.000000062356 - Current percentage: 56.76% - Max: 87.60% - Min: -1.13% - Market Cap 13388 - Trading time: 00:02:09
08-09-2025 18:07:16.219 INFO Current price: 0.000000062005 - Current percentage: 55.27% - Max: 87.60% - Min: -1.13% - Market Cap 13260 - Trading time: 00:02:10
08-09-2025 18:07:17.142 INFO Current price: 0.000000061695 - Current percentage: 55.20% - Max: 87.60% - Min: -1.13% - Market Cap 13254 - Trading time: 00:02:11
08-09-2025 18:07:17.170 INFO Current price: 0.000000061818 - Current percentage: 55.89% - Max: 87.60% - Min: -1.13% - Market Cap 13313 - Trading time: 00:02:11
08-09-2025 18:07:17.180 INFO Current price: 0.000000061942 - Current percentage: 55.82% - Max: 87.60% - Min: -1.13% - Market Cap 13307 - Trading time: 00:02:11
08-09-2025 18:07:17.313 INFO Current price: 0.000000061801 - Current percentage: 55.18% - Max: 87.60% - Min: -1.13% - Market Cap 13252 - Trading time: 00:02:11
08-09-2025 18:07:18.717 INFO Current price: 0.000000061598 - Current percentage: 54.80% - Max: 87.60% - Min: -1.13% - Market Cap 13220 - Trading time: 00:02:12
08-09-2025 18:07:18.997 INFO Current price: 0.000000061685 - Current percentage: 55.62% - Max: 87.60% - Min: -1.13% - Market Cap 13290 - Trading time: 00:02:13
08-09-2025 18:07:19.623 INFO Current price: 0.000000061595 - Current percentage: 54.35% - Max: 87.60% - Min: -1.13% - Market Cap 13181 - Trading time: 00:02:13
08-09-2025 18:07:20.412 INFO Current price: 0.000000061030 - Current percentage: 52.78% - Max: 87.60% - Min: -1.13% - Market Cap 13047 - Trading time: 00:02:14
08-09-2025 18:07:20.677 INFO Current price: 0.000000060353 - Current percentage: 50.94% - Max: 87.60% - Min: -1.13% - Market Cap 12890 - Trading time: 00:02:14
08-09-2025 18:07:21.383 INFO Current price: 0.000000058117 - Current percentage: 41.67% - Max: 87.60% - Min: -1.13% - Market Cap 12099 - Trading time: 00:02:15
08-09-2025 18:07:21.396 INFO Current price: 0.000000056083 - Current percentage: 40.56% - Max: 87.60% - Min: -1.13% - Market Cap 12004 - Trading time: 00:02:15
08-09-2025 18:07:21.430 INFO Current price: 0.000000055099 - Current percentage: 36.74% - Max: 87.60% - Min: -1.13% - Market Cap 11678 - Trading time: 00:02:15
08-09-2025 18:07:21.432 INFO Current price: 0.000000053747 - Current percentage: 33.74% - Max: 87.60% - Min: -1.13% - Market Cap 11422 - Trading time: 00:02:15
08-09-2025 18:07:21.433 INFO Current price: 0.000000052727 - Current percentage: 31.61% - Max: 87.60% - Min: -1.13% - Market Cap 11239 - Trading time: 00:02:15
08-09-2025 18:07:21.524 INFO Current price: 0.000000052206 - Current percentage: 31.11% - Max: 87.60% - Min: -1.13% - Market Cap 11197 - Trading time: 00:02:15
08-09-2025 18:07:21.526 INFO Current price: 0.000000051817 - Current percentage: 29.65% - Max: 87.60% - Min: -1.13% - Market Cap 11072 - Trading time: 00:02:15
08-09-2025 18:07:21.528 INFO Current price: 0.000000051146 - Current percentage: 27.74% - Max: 87.60% - Min: -1.13% - Market Cap 10909 - Trading time: 00:02:15
08-09-2025 18:07:21.952 INFO Current price: 0.000000050462 - Current percentage: 26.20% - Max: 87.60% - Min: -1.13% - Market Cap 10778 - Trading time: 00:02:16
08-09-2025 18:07:21.957 INFO Current price: 0.000000049876 - Current percentage: 24.79% - Max: 87.60% - Min: -1.13% - Market Cap 10657 - Trading time: 00:02:16
08-09-2025 18:07:22.089 INFO Current price: 0.000000049505 - Current percentage: 24.33% - Max: 87.60% - Min: -1.13% - Market Cap 10618 - Trading time: 00:02:16
08-09-2025 18:07:22.188 INFO Current price: 0.000000049367 - Current percentage: 24.10% - Max: 87.60% - Min: -1.13% - Market Cap 10598 - Trading time: 00:02:16
08-09-2025 18:07:22.756 INFO Current price: 0.000000048420 - Current percentage: 19.61% - Max: 87.60% - Min: -1.13% - Market Cap 10214 - Trading time: 00:02:16
08-09-2025 18:07:22.832 INFO Current price: 0.000000047631 - Current percentage: 20.09% - Max: 87.60% - Min: -1.13% - Market Cap 10255 - Trading time: 00:02:16
08-09-2025 18:07:22.896 INFO Current price: 0.000000047223 - Current percentage: 17.57% - Max: 87.60% - Min: -1.13% - Market Cap 10040 - Trading time: 00:02:17
08-09-2025 18:07:22.909 INFO Current price: 0.000000046556 - Current percentage: 16.72% - Max: 87.60% - Min: -1.13% - Market Cap 9968 - Trading time: 00:02:17
08-09-2025 18:07:22.911 INFO Current price: 0.000000046189 - Current percentage: 15.72% - Max: 87.60% - Min: -1.13% - Market Cap 9883 - Trading time: 00:02:17
08-09-2025 18:07:23.215 INFO Current price: 0.000000045911 - Current percentage: 15.32% - Max: 87.60% - Min: -1.13% - Market Cap 9848 - Trading time: 00:02:17
08-09-2025 18:07:23.316 INFO Current price: 0.000000045774 - Current percentage: 15.03% - Max: 87.60% - Min: -1.13% - Market Cap 9824 - Trading time: 00:02:17
08-09-2025 18:07:23.398 INFO Current price: 0.000000044783 - Current percentage: 10.38% - Max: 87.60% - Min: -1.13% - Market Cap 9426 - Trading time: 00:02:17
08-09-2025 18:07:23.546 INFO Current price: 0.000000043825 - Current percentage: 10.17% - Max: 87.60% - Min: -1.13% - Market Cap 9408 - Trading time: 00:02:17
08-09-2025 18:07:23.680 INFO Current price: 0.000000043766 - Current percentage: 10.08% - Max: 87.60% - Min: -1.13% - Market Cap 9400 - Trading time: 00:02:17
08-09-2025 18:07:23.726 INFO Current price: 0.000000043804 - Current percentage: 10.36% - Max: 87.60% - Min: -1.13% - Market Cap 9425 - Trading time: 00:02:17
08-09-2025 18:07:23.779 INFO Current price: 0.000000043822 - Current percentage: 10.16% - Max: 87.60% - Min: -1.13% - Market Cap 9408 - Trading time: 00:02:17
08-09-2025 18:07:24.021 INFO Current price: 0.000000043601 - Current percentage: 9.25% - Max: 87.60% - Min: -1.13% - Market Cap 9330 - Trading time: 00:02:18
08-09-2025 18:07:24.218 INFO Current price: 0.000000043383 - Current percentage: 9.06% - Max: 87.60% - Min: -1.13% - Market Cap 9314 - Trading time: 00:02:18
08-09-2025 18:07:24.825 INFO Current price: 0.000000043271 - Current percentage: 8.69% - Max: 87.60% - Min: -1.13% - Market Cap 9282 - Trading time: 00:02:18
08-09-2025 18:07:25.193 INFO Current price: 0.000000043310 - Current percentage: 9.26% - Max: 87.60% - Min: -1.13% - Market Cap 9331 - Trading time: 00:02:19
08-09-2025 18:07:25.250 INFO Current price: 0.000000043435 - Current percentage: 9.32% - Max: 87.60% - Min: -1.13% - Market Cap 9336 - Trading time: 00:02:19
08-09-2025 18:07:25.693 INFO Current price: 0.000000043408 - Current percentage: 9.13% - Max: 87.60% - Min: -1.13% - Market Cap 9319 - Trading time: 00:02:19
08-09-2025 18:07:27.178 INFO Current price: 0.000000043341 - Current percentage: 8.98% - Max: 87.60% - Min: -1.13% - Market Cap 9307 - Trading time: 00:02:21
08-09-2025 18:07:31.271 INFO Current price: 0.000000043054 - Current percentage: 7.87% - Max: 87.60% - Min: -1.13% - Market Cap 9212 - Trading time: 00:02:25
08-09-2025 18:07:31.313 INFO Current price: 0.000000042782 - Current percentage: 7.43% - Max: 87.60% - Min: -1.13% - Market Cap 9174 - Trading time: 00:02:25
08-09-2025 18:07:31.561 INFO Current price: 0.000000042617 - Current percentage: 7.04% - Max: 87.60% - Min: -1.13% - Market Cap 9141 - Trading time: 00:02:25
08-09-2025 18:07:32.175 INFO Current price: 0.000000040885 - Current percentage: -1.13% - Max: 87.60% - Min: -1.13% - Market Cap 8444 - Trading time: 00:02:26
08-09-2025 18:07:34.338 INFO Current price: 0.000000039102 - Current percentage: -2.10% - Max: 87.60% - Min: -2.10% - Market Cap 8361 - Trading time: 00:02:28
08-09-2025 18:07:35.131 INFO Current price: 0.000000038864 - Current percentage: -2.32% - Max: 87.60% - Min: -2.32% - Market Cap 8341 - Trading time: 00:02:29
08-09-2025 18:07:35.135 INFO Current price: 0.000000038782 - Current percentage: -2.51% - Max: 87.60% - Min: -2.51% - Market Cap 8325 - Trading time: 00:02:29
08-09-2025 18:07:35.859 INFO Current price: 0.000000038733 - Current percentage: -2.57% - Max: 87.60% - Min: -2.57% - Market Cap 8321 - Trading time: 00:02:29
08-09-2025 18:07:36.198 INFO Current price: 0.000000039795 - Current percentage: 2.90% - Max: 87.60% - Min: -2.57% - Market Cap 8788 - Trading time: 00:02:30
08-09-2025 18:07:36.275 INFO Current price: 0.000000040976 - Current percentage: 3.30% - Max: 87.60% - Min: -2.57% - Market Cap 8822 - Trading time: 00:02:30
08-09-2025 18:07:36.277 INFO Current price: 0.000000041295 - Current percentage: 4.51% - Max: 87.60% - Min: -2.57% - Market Cap 8925 - Trading time: 00:02:30
08-09-2025 18:07:36.285 INFO Current price: 0.000000041769 - Current percentage: 5.68% - Max: 87.60% - Min: -2.57% - Market Cap 9025 - Trading time: 00:02:30
08-09-2025 18:07:36.503 INFO Current price: 0.000000042004 - Current percentage: 5.69% - Max: 87.60% - Min: -2.57% - Market Cap 9026 - Trading time: 00:02:30
08-09-2025 18:07:38.007 INFO Current price: 0.000000041360 - Current percentage: 2.47% - Max: 87.60% - Min: -2.57% - Market Cap 8751 - Trading time: 00:02:32
08-09-2025 18:07:38.346 INFO Current price: 0.000000040646 - Current percentage: 2.07% - Max: 87.60% - Min: -2.57% - Market Cap 8717 - Trading time: 00:02:32
08-09-2025 18:07:44.052 INFO Current price: 0.000000039418 - Current percentage: -3.63% - Max: 87.60% - Min: -3.63% - Market Cap 8230 - Trading time: 00:02:38
08-09-2025 18:07:44.073 INFO Current price: 0.000000037283 - Current percentage: -8.69% - Max: 87.60% - Min: -8.69% - Market Cap 7798 - Trading time: 00:02:38
08-09-2025 18:07:44.123 INFO Current price: 0.000000036059 - Current percentage: -9.85% - Max: 87.60% - Min: -9.85% - Market Cap 7699 - Trading time: 00:02:38
08-09-2025 18:07:44.128 INFO Current price: 0.000000035635 - Current percentage: -10.82% - Max: 87.60% - Min: -10.82% - Market Cap 7616 - Trading time: 00:02:38
08-09-2025 18:07:44.156 INFO Current price: 0.000000035262 - Current percentage: -11.73% - Max: 87.60% - Min: -11.73% - Market Cap 7538 - Trading time: 00:02:38
08-09-2025 18:07:44.240 INFO Current price: 0.000000035080 - Current percentage: -11.74% - Max: 87.60% - Min: -11.74% - Market Cap 7538 - Trading time: 00:02:38
08-09-2025 18:07:44.596 INFO Current price: 0.000000034924 - Current percentage: -12.51% - Max: 87.60% - Min: -12.51% - Market Cap 7472 - Trading time: 00:02:38
08-09-2025 18:07:44.706 INFO Current price: 0.000000034712 - Current percentage: -12.81% - Max: 87.60% - Min: -12.81% - Market Cap 7446 - Trading time: 00:02:38
08-09-2025 18:07:44.811 INFO Current price: 0.000000034616 - Current percentage: -13.00% - Max: 87.60% - Min: -13.00% - Market Cap 7430 - Trading time: 00:02:38
08-09-2025 18:07:47.417 INFO Current price: 0.000000034511 - Current percentage: -13.33% - Max: 87.60% - Min: -13.33% - Market Cap 7402 - Trading time: 00:02:41
08-09-2025 18:07:47.935 INFO Current price: 0.000000035457 - Current percentage: -8.17% - Max: 87.60% - Min: -13.33% - Market Cap 7843 - Trading time: 00:02:42
08-09-2025 18:07:48.061 INFO Current price: 0.000000036707 - Current percentage: -7.11% - Max: 87.60% - Min: -13.33% - Market Cap 7933 - Trading time: 00:02:42
08-09-2025 18:07:48.070 INFO Current price: 0.000000036994 - Current percentage: -6.72% - Max: 87.60% - Min: -13.33% - Market Cap 7966 - Trading time: 00:02:42
08-09-2025 18:07:48.109 INFO Current price: 0.000000038452 - Current percentage: 0.36% - Max: 87.60% - Min: -13.33% - Market Cap 8570 - Trading time: 00:02:42
08-09-2025 18:07:49.062 INFO Current price: 0.000000039878 - Current percentage: 0.33% - Max: 87.60% - Min: -13.33% - Market Cap 8568 - Trading time: 00:02:43
08-09-2025 18:07:49.259 INFO Current price: 0.000000039854 - Current percentage: 0.23% - Max: 87.60% - Min: -13.33% - Market Cap 8560 - Trading time: 00:02:43
08-09-2025 18:07:49.267 INFO Current price: 0.000000040025 - Current percentage: 1.19% - Max: 87.60% - Min: -13.33% - Market Cap 8641 - Trading time: 00:02:43
08-09-2025 18:07:49.281 INFO Current price: 0.000000040217 - Current percentage: 1.20% - Max: 87.60% - Min: -13.33% - Market Cap 8642 - Trading time: 00:02:43
08-09-2025 18:07:50.944 INFO Current price: 0.000000040160 - Current percentage: 0.90% - Max: 87.60% - Min: -13.33% - Market Cap 8617 - Trading time: 00:02:45
08-09-2025 18:07:52.674 INFO Current price: 0.000000040015 - Current percentage: 0.47% - Max: 87.60% - Min: -13.33% - Market Cap 8580 - Trading time: 00:02:46
08-09-2025 18:07:56.166 INFO Current price: 0.000000040153 - Current percentage: 1.59% - Max: 87.60% - Min: -13.33% - Market Cap 8676 - Trading time: 00:02:50
08-09-2025 18:08:02.540 INFO Current price: 0.000000038710 - Current percentage: -6.62% - Max: 87.60% - Min: -13.33% - Market Cap 7975 - Trading time: 00:02:56
08-09-2025 18:08:02.591 INFO Current price: 0.000000036900 - Current percentage: -7.68% - Max: 87.60% - Min: -13.33% - Market Cap 7884 - Trading time: 00:02:56
08-09-2025 18:08:02.594 INFO Current price: 0.000000036523 - Current percentage: -8.52% - Max: 87.60% - Min: -13.33% - Market Cap 7813 - Trading time: 00:02:56
08-09-2025 18:08:02.637 INFO Current price: 0.000000036284 - Current percentage: -8.89% - Max: 87.60% - Min: -13.33% - Market Cap 7781 - Trading time: 00:02:56
08-09-2025 18:08:02.735 INFO Current price: 0.000000036209 - Current percentage: -8.90% - Max: 87.60% - Min: -13.33% - Market Cap 7780 - Trading time: 00:02:56
08-09-2025 18:08:03.473 INFO Current price: 0.000000036382 - Current percentage: -8.01% - Max: 87.60% - Min: -13.33% - Market Cap 7856 - Trading time: 00:02:57
08-09-2025 18:08:08.172 INFO Current price: 0.000000036537 - Current percentage: -8.12% - Max: 87.60% - Min: -13.33% - Market Cap 7847 - Trading time: 00:03:02
08-09-2025 18:08:11.003 INFO Current price: 0.000000037557 - Current percentage: -2.80% - Max: 87.60% - Min: -13.33% - Market Cap 8300 - Trading time: 00:03:05
08-09-2025 18:08:11.130 INFO Current price: 0.000000038844 - Current percentage: -1.72% - Max: 87.60% - Min: -13.33% - Market Cap 8393 - Trading time: 00:03:05
08-09-2025 18:08:11.790 INFO Current price: 0.000000039012 - Current percentage: -1.96% - Max: 87.60% - Min: -13.33% - Market Cap 8373 - Trading time: 00:03:05
08-09-2025 18:08:13.206 INFO Current price: 0.000000038849 - Current percentage: -2.54% - Max: 87.60% - Min: -13.33% - Market Cap 8323 - Trading time: 00:03:07
08-09-2025 18:08:16.686 INFO Current price: 0.000000037718 - Current percentage: -7.59% - Max: 87.60% - Min: -13.33% - Market Cap 7892 - Trading time: 00:03:10
08-09-2025 18:08:16.712 INFO Current price: 0.000000035735 - Current percentage: -12.52% - Max: 87.60% - Min: -13.33% - Market Cap 7471 - Trading time: 00:03:10
08-09-2025 18:08:16.712 INFO Current price: 0.000000033799 - Current percentage: -17.33% - Max: 87.60% - Min: -17.33% - Market Cap 7060 - Trading time: 00:03:10
08-09-2025 18:08:16.760 INFO Current price: 0.000000031847 - Current percentage: -22.33% - Max: 87.60% - Min: -22.33% - Market Cap 6633 - Trading time: 00:03:10
08-09-2025 18:08:16.840 INFO Current price: 0.000000030716 - Current percentage: -23.10% - Max: 87.60% - Min: -23.10% - Market Cap 6568 - Trading time: 00:03:10
08-09-2025 18:08:23.297 INFO Current price: 0.000000031517 - Current percentage: -18.23% - Max: 87.60% - Min: -23.10% - Market Cap 6983 - Trading time: 00:03:17
08-09-2025 18:08:23.377 INFO Current price: 0.000000033201 - Current percentage: -14.66% - Max: 87.60% - Min: -23.10% - Market Cap 7288 - Trading time: 00:03:17
08-09-2025 18:08:23.399 INFO Current price: 0.000000034676 - Current percentage: -10.80% - Max: 87.60% - Min: -23.10% - Market Cap 7618 - Trading time: 00:03:17
08-09-2025 18:08:23.407 INFO Current price: 0.000000035677 - Current percentage: -9.66% - Max: 87.60% - Min: -23.10% - Market Cap 7715 - Trading time: 00:03:17
08-09-2025 18:08:23.485 INFO Current price: 0.000000036069 - Current percentage: -8.83% - Max: 87.60% - Min: -23.10% - Market Cap 7786 - Trading time: 00:03:17
08-09-2025 18:08:23.555 INFO Current price: 0.000000036003 - Current percentage: -9.99% - Max: 87.60% - Min: -23.10% - Market Cap 7687 - Trading time: 00:03:17
08-09-2025 18:08:23.692 INFO Current price: 0.000000035776 - Current percentage: -9.98% - Max: 87.60% - Min: -23.10% - Market Cap 7688 - Trading time: 00:03:17
08-09-2025 18:08:23.812 INFO Current price: 0.000000035852 - Current percentage: -9.61% - Max: 87.60% - Min: -23.10% - Market Cap 7720 - Trading time: 00:03:17
08-09-2025 18:08:27.164 INFO Current price: 0.000000035936 - Current percentage: -9.55% - Max: 87.60% - Min: -23.10% - Market Cap 7724 - Trading time: 00:03:21
08-09-2025 18:08:27.918 INFO Current price: 0.000000035406 - Current percentage: -12.25% - Max: 87.60% - Min: -23.10% - Market Cap 7494 - Trading time: 00:03:22
08-09-2025 18:08:37.508 INFO Current price: 0.000000033783 - Current percentage: -17.66% - Max: 87.60% - Min: -23.10% - Market Cap 7032 - Trading time: 00:03:31
08-09-2025 18:08:37.644 INFO Current price: 0.000000032046 - Current percentage: -21.04% - Max: 87.60% - Min: -23.10% - Market Cap 6743 - Trading time: 00:03:31
08-09-2025 18:08:37.648 INFO Current price: 0.000000030734 - Current percentage: -24.26% - Max: 87.60% - Min: -24.26% - Market Cap 6468 - Trading time: 00:03:31
08-09-2025 18:08:37.652 INFO Current price: 0.000000030100 - Current percentage: -24.27% - Max: 87.60% - Min: -24.27% - Market Cap 6467 - Trading time: 00:03:31
08-09-2025 18:08:37.652 INFO Current price: 0.000000029973 - Current percentage: -24.90% - Max: 87.60% - Min: -24.90% - Market Cap 6414 - Trading time: 00:03:31
08-09-2025 18:08:37.932 INFO Current price: 0.000000029793 - Current percentage: -25.18% - Max: 87.60% - Min: -25.18% - Market Cap 6390 - Trading time: 00:03:32
08-09-2025 18:08:38.020 INFO Current price: 0.000000029595 - Current percentage: -25.89% - Max: 87.60% - Min: -25.89% - Market Cap 6329 - Trading time: 00:03:32
08-09-2025 18:08:40.459 INFO Current price: 0.000000029357 - Current percentage: -26.37% - Max: 87.60% - Min: -26.37% - Market Cap 6288 - Trading time: 00:03:34
08-09-2025 18:08:48.785 INFO Current price: 0.000000029264 - Current percentage: -26.36% - Max: 87.60% - Min: -26.37% - Market Cap 6289 - Trading time: 00:03:42
08-09-2025 18:08:50.395 INFO Current price: 0.000000029235 - Current percentage: -26.52% - Max: 87.60% - Min: -26.52% - Market Cap 6275 - Trading time: 00:03:44
08-09-2025 18:08:54.817 INFO Current price: 0.000000029129 - Current percentage: -26.89% - Max: 87.60% - Min: -26.89% - Market Cap 6243 - Trading time: 00:03:48
08-09-2025 18:09:20.476 INFO Current price: 0.000000028999 - Current percentage: -27.17% - Max: 87.60% - Min: -27.17% - Market Cap 6219 - Trading time: 00:04:14
08-09-2025 18:09:25.208 INFO Current price: 0.000000028732 - Current percentage: -28.23% - Max: 87.60% - Min: -28.23% - Market Cap 6129 - Trading time: 00:04:19
08-09-2025 18:09:59.795 INFO Current price: 0.000000028392 - Current percentage: -28.89% - Max: 87.60% - Min: -28.89% - Market Cap 6073 - Trading time: 00:04:53
08-09-2025 18:11:04.039 INFO Current price: 0.000000028222 - Current percentage: -29.09% - Max: 87.60% - Min: -29.09% - Market Cap 6056 - Trading time: 00:05:58
08-09-2025 18:11:09.930 INFO Current price: 0.000000028176 - Current percentage: -29.12% - Max: 87.60% - Min: -29.12% - Market Cap 6053 - Trading time: 00:06:04
08-09-2025 18:11:17.111 INFO Current price: 0.000000028110 - Current percentage: -29.42% - Max: 87.60% - Min: -29.42% - Market Cap 6028 - Trading time: 00:06:11






08-09-2025 18:21:17.113 INFO {"type":"summary","reason":"inactivity","startedAt":"2025-09-08T16:05:05.865Z","endedAt":"2025-09-08T16:21:17.113Z","durationSec":971,"entryPrice":4.446082206592385e-8,"entryMarketCapSol":39.698655296856145,"entryMarketCapUsd":8539.974727459694,"minPct":-29.41900019504612,"maxPct":87.59783522339872,"buyCount":156,"sellCount":173,"tradeCount":329,"entryRecorded":true,"noPostThresholdTrades":false,"triggerAt":"2025-09-08T16:05:05.865Z","ageAtTriggerSec":4,"preTotalTrades":18,"preBuys":16,"preSells":2,"preUniqueTraders":18,"preEntryTotalTrades":27,"preEntryBuys":20,"preEntrySells":7,"preEntryUniqueTraders":22,"preEntryMinMcUsd":7874.826346653468,"preEntryMaxMcUsd":10711.738694273992,"thresholdMcSol":39.698655296856145,"thresholdMcUsd":8539.974727459694,"thresholdPrice":4.446082206592385e-8}
