07-09-2025 17:44:31.280 INFO Entry price: 0.000000053740678662 - Entry market cap: 10321 - Buys 21 - Sells 8 - Ratio: 1:0.38 - Min MarketCap: 6950 - Max MarketCap: 12022
07-09-2025 17:44:31.280 INFO Current price: 0.000000053741 - Current percentage: 0.00% - Max: 0.00% - Min: 0.00% - Market Cap 10321 - Trading time: 00:00:02
07-09-2025 17:44:32.374 INFO Current price: 0.000000049834 - Current percentage: -2.60% - Max: 0.00% - Min: -2.60% - Market Cap 10053 - Trading time: 00:00:03
07-09-2025 17:44:32.377 INFO Current price: 0.000000048511 - Current percentage: -5.24% - Max: 0.00% - Min: -5.24% - Market Cap 9780 - Trading time: 00:00:03
07-09-2025 17:44:32.380 INFO Current price: 0.000000047179 - Current percentage: -7.88% - Max: 0.00% - Min: -7.88% - Market Cap 9508 - Trading time: 00:00:03
07-09-2025 17:44:33.973 INFO Current price: 0.000000048869 - Current percentage: 1.67% - Max: 1.67% - Min: -7.88% - Market Cap 10494 - Trading time: 00:00:04
07-09-2025 17:44:34.009 INFO Current price: 0.000000050290 - Current percentage: -2.44% - Max: 1.67% - Min: -7.88% - Market Cap 10069 - Trading time: 00:00:04
07-09-2025 17:44:34.015 INFO Current price: 0.000000048316 - Current percentage: -6.15% - Max: 1.67% - Min: -7.88% - Market Cap 9686 - Trading time: 00:00:04
07-09-2025 17:44:34.015 INFO Current price: 0.000000046540 - Current percentage: -9.48% - Max: 1.67% - Min: -9.48% - Market Cap 9343 - Trading time: 00:00:04
07-09-2025 17:44:35.473 INFO Current price: 0.000000045578 - Current percentage: -9.99% - Max: 1.67% - Min: -9.99% - Market Cap 9290 - Trading time: 00:00:06
07-09-2025 17:44:35.732 INFO Current price: 0.000000045460 - Current percentage: -9.95% - Max: 1.67% - Min: -9.99% - Market Cap 9294 - Trading time: 00:00:06
07-09-2025 17:44:35.880 INFO Current price: 0.000000043407 - Current percentage: -17.94% - Max: 1.67% - Min: -17.94% - Market Cap 8470 - Trading time: 00:00:06
07-09-2025 17:44:36.974 INFO Current price: 0.000000041437 - Current percentage: -17.94% - Max: 1.67% - Min: -17.94% - Market Cap 8470 - Trading time: 00:00:07
07-09-2025 17:44:37.024 INFO Current price: 0.000000040305 - Current percentage: -22.36% - Max: 1.67% - Min: -22.36% - Market Cap 8013 - Trading time: 00:00:07
07-09-2025 17:44:37.031 INFO Current price: 0.000000038202 - Current percentage: -26.28% - Max: 1.67% - Min: -26.28% - Market Cap 7609 - Trading time: 00:00:07
07-09-2025 17:44:37.033 INFO Current price: 0.000000036346 - Current percentage: -29.72% - Max: 1.67% - Min: -29.72% - Market Cap 7254 - Trading time: 00:00:07
07-09-2025 17:44:38.883 INFO Current price: 0.000000034731 - Current percentage: -32.68% - Max: 1.67% - Min: -32.68% - Market Cap 6948 - Trading time: 00:00:09
07-09-2025 17:44:38.887 INFO Current price: 0.000000033154 - Current percentage: -35.96% - Max: 1.67% - Min: -35.96% - Market Cap 6610 - Trading time: 00:00:09
07-09-2025 17:44:38.945 INFO Current price: 0.000000032208 - Current percentage: -36.47% - Max: 1.67% - Min: -36.47% - Market Cap 6557 - Trading time: 00:00:09
07-09-2025 17:44:40.103 INFO Current price: 0.000000032078 - Current percentage: -36.47% - Max: 1.67% - Min: -36.47% - Market Cap 6557 - Trading time: 00:00:10
07-09-2025 17:44:40.140 INFO Current price: 0.000000032566 - Current percentage: -34.53% - Max: 1.67% - Min: -36.47% - Market Cap 6758 - Trading time: 00:00:10
07-09-2025 17:44:40.577 INFO Current price: 0.000000032251 - Current percentage: -37.69% - Max: 1.67% - Min: -37.69% - Market Cap 6431 - Trading time: 00:00:11
07-09-2025 17:44:40.580 INFO Current price: 0.000000030740 - Current percentage: -40.52% - Max: 1.67% - Min: -40.52% - Market Cap 6139 - Trading time: 00:00:11
07-09-2025 17:44:40.615 INFO Current price: 0.000000029395 - Current percentage: -43.02% - Max: 1.67% - Min: -43.02% - Market Cap 5881 - Trading time: 00:00:11
07-09-2025 17:44:42.786 INFO Current price: 0.000000028367 - Current percentage: -44.61% - Max: 1.67% - Min: -44.61% - Market Cap 5717 - Trading time: 00:00:13
07-09-2025 17:44:45.165 INFO Current price: 0.000000028882 - Current percentage: -40.94% - Max: 1.67% - Min: -44.61% - Market Cap 6096 - Trading time: 00:00:15
07-09-2025 17:45:09.464 INFO Current price: 0.000000028882 - Current percentage: -44.61% - Max: 1.67% - Min: -44.61% - Market Cap 5717 - Trading time: 00:00:40
07-09-2025 17:46:02.741 INFO Current price: 0.000000027965 - Current percentage: -44.63% - Max: 1.67% - Min: -44.63% - Market Cap 5715 - Trading time: 00:01:33






07-09-2025 17:56:02.743 INFO {"type":"summary","reason":"inactivity","startedAt":"2025-09-07T15:44:29.278Z","endedAt":"2025-09-07T15:56:02.743Z","durationSec":693,"entryPrice":5.374067866174893e-8,"entryMarketCapSol":50.4947752845763,"entryMarketCapUsd":10321.132068167395,"minPct":-44.62990714118482,"maxPct":1.6710650530674047,"buyCount":5,"sellCount":21,"tradeCount":26,"entryRecorded":true,"noPostThresholdTrades":false,"triggerAt":"2025-09-07T15:44:29.278Z","ageAtTriggerSec":9,"preTotalTrades":29,"preBuys":21,"preSells":8,"preUniqueTraders":15,"preEntryTotalTrades":29,"preEntryBuys":21,"preEntrySells":8,"preEntryUniqueTraders":15,"preEntryMinMcUsd":6950.235039722976,"preEntryMaxMcUsd":12021.866098907485,"thresholdMcSol":50.4947752845763,"thresholdMcUsd":10321.132068167395,"thresholdPrice":5.374067866174893e-8}
