08-09-2025 07:38:00.592 INFO Entry price: 0.000000040029479510 - Entry market cap: 7850 - Buys 12 - Sells 4 - Ratio: 1:0.33 - Min MarketCap: 7096 - Max MarketCap: 8817
08-09-2025 07:38:00.592 INFO Current price: 0.000000040029 - Current percentage: 0.00% - Max: 0.00% - Min: 0.00% - Market Cap 7850 - Trading time: 00:00:02
08-09-2025 07:38:01.217 INFO Current price: 0.000000038226 - Current percentage: 1.10% - Max: 1.10% - Min: 0.00% - Market Cap 7937 - Trading time: 00:00:02
08-09-2025 07:38:02.409 INFO Current price: 0.000000038094 - Current percentage: -0.14% - Max: 1.10% - Min: -0.14% - Market Cap 7839 - Trading time: 00:00:03
08-09-2025 07:38:03.018 INFO Current price: 0.000000039966 - Current percentage: 11.29% - Max: 11.29% - Min: -0.14% - Market Cap 8736 - Trading time: 00:00:04
08-09-2025 07:38:03.020 INFO Current price: 0.000000044444 - Current percentage: 23.49% - Max: 23.49% - Min: -0.14% - Market Cap 9694 - Trading time: 00:00:04
08-09-2025 07:38:03.064 INFO Current price: 0.000000048827 - Current percentage: 34.32% - Max: 34.32% - Min: -0.14% - Market Cap 10544 - Trading time: 00:00:04
08-09-2025 07:38:03.067 INFO Current price: 0.000000051682 - Current percentage: 38.36% - Max: 38.36% - Min: -0.14% - Market Cap 10861 - Trading time: 00:00:04
08-09-2025 07:38:03.126 INFO Current price: 0.000000053063 - Current percentage: 41.59% - Max: 41.59% - Min: -0.14% - Market Cap 11115 - Trading time: 00:00:04
08-09-2025 07:38:03.172 INFO Current price: 0.000000050455 - Current percentage: 25.10% - Max: 41.59% - Min: -0.14% - Market Cap 9820 - Trading time: 00:00:04
08-09-2025 07:38:03.211 INFO Current price: 0.000000044839 - Current percentage: 11.83% - Max: 41.59% - Min: -0.14% - Market Cap 8778 - Trading time: 00:00:04
08-09-2025 07:38:03.385 INFO Current price: 0.000000042451 - Current percentage: 12.12% - Max: 41.59% - Min: -0.14% - Market Cap 8802 - Trading time: 00:00:04
08-09-2025 07:38:03.635 INFO Current price: 0.000000042509 - Current percentage: 12.13% - Max: 41.59% - Min: -0.14% - Market Cap 8803 - Trading time: 00:00:05
08-09-2025 07:38:03.637 INFO Current price: 0.000000042511 - Current percentage: 12.14% - Max: 41.59% - Min: -0.14% - Market Cap 8803 - Trading time: 00:00:05
08-09-2025 07:38:03.639 INFO Current price: 0.000000042513 - Current percentage: 12.14% - Max: 41.59% - Min: -0.14% - Market Cap 8803 - Trading time: 00:00:05
08-09-2025 07:38:03.856 INFO Current price: 0.000000041537 - Current percentage: 7.05% - Max: 41.59% - Min: -0.14% - Market Cap 8403 - Trading time: 00:00:05
08-09-2025 07:38:03.909 INFO Current price: 0.000000040686 - Current percentage: 7.60% - Max: 41.59% - Min: -0.14% - Market Cap 8447 - Trading time: 00:00:05
08-09-2025 07:38:03.911 INFO Current price: 0.000000040792 - Current percentage: 7.60% - Max: 41.59% - Min: -0.14% - Market Cap 8447 - Trading time: 00:00:05
08-09-2025 07:38:03.955 INFO Current price: 0.000000040794 - Current percentage: 7.61% - Max: 41.59% - Min: -0.14% - Market Cap 8448 - Trading time: 00:00:05
08-09-2025 07:38:03.956 INFO Current price: 0.000000040797 - Current percentage: 7.62% - Max: 41.59% - Min: -0.14% - Market Cap 8448 - Trading time: 00:00:05
08-09-2025 07:38:03.961 INFO Current price: 0.000000040799 - Current percentage: 7.62% - Max: 41.59% - Min: -0.14% - Market Cap 8448 - Trading time: 00:00:05
08-09-2025 07:38:03.962 INFO Current price: 0.000000040801 - Current percentage: 7.63% - Max: 41.59% - Min: -0.14% - Market Cap 8449 - Trading time: 00:00:05
08-09-2025 07:38:03.962 INFO Current price: 0.000000040804 - Current percentage: 7.64% - Max: 41.59% - Min: -0.14% - Market Cap 8450 - Trading time: 00:00:05
08-09-2025 07:38:03.964 INFO Current price: 0.000000040806 - Current percentage: 7.64% - Max: 41.59% - Min: -0.14% - Market Cap 8450 - Trading time: 00:00:05
08-09-2025 07:38:04.078 INFO Current price: 0.000000041033 - Current percentage: 8.84% - Max: 41.59% - Min: -0.14% - Market Cap 8544 - Trading time: 00:00:05
08-09-2025 07:38:04.226 INFO Current price: 0.000000040633 - Current percentage: 5.55% - Max: 41.59% - Min: -0.14% - Market Cap 8286 - Trading time: 00:00:05
08-09-2025 07:38:04.290 INFO Current price: 0.000000040042 - Current percentage: 5.69% - Max: 41.59% - Min: -0.14% - Market Cap 8297 - Trading time: 00:00:05
08-09-2025 07:38:04.326 INFO Current price: 0.000000040102 - Current percentage: 5.86% - Max: 41.59% - Min: -0.14% - Market Cap 8311 - Trading time: 00:00:05
08-09-2025 07:38:04.437 INFO Current price: 0.000000040358 - Current percentage: 7.05% - Max: 41.59% - Min: -0.14% - Market Cap 8404 - Trading time: 00:00:05
08-09-2025 07:38:05.165 INFO Current price: 0.000000040583 - Current percentage: 7.05% - Max: 41.59% - Min: -0.14% - Market Cap 8403 - Trading time: 00:00:06
08-09-2025 07:38:05.411 INFO Current price: 0.000000040638 - Current percentage: 7.34% - Max: 41.59% - Min: -0.14% - Market Cap 8426 - Trading time: 00:00:06
08-09-2025 07:38:06.733 INFO Current price: 0.000000041814 - Current percentage: 13.34% - Max: 41.59% - Min: -0.14% - Market Cap 8897 - Trading time: 00:00:08
08-09-2025 07:38:07.206 INFO Current price: 0.000000043525 - Current percentage: 16.30% - Max: 41.59% - Min: -0.14% - Market Cap 9130 - Trading time: 00:00:08
08-09-2025 07:38:07.225 INFO Current price: 0.000000044670 - Current percentage: 19.37% - Max: 41.59% - Min: -0.14% - Market Cap 9371 - Trading time: 00:00:08
08-09-2025 07:38:08.512 INFO Current price: 0.000000045255 - Current percentage: 19.37% - Max: 41.59% - Min: -0.14% - Market Cap 9371 - Trading time: 00:00:09
08-09-2025 07:38:08.518 INFO Current price: 0.000000045253 - Current percentage: 19.37% - Max: 41.59% - Min: -0.14% - Market Cap 9371 - Trading time: 00:00:09
08-09-2025 07:38:08.738 INFO Current price: 0.000000045983 - Current percentage: 23.25% - Max: 41.59% - Min: -0.14% - Market Cap 9675 - Trading time: 00:00:10
08-09-2025 07:38:08.818 INFO Current price: 0.000000046725 - Current percentage: 23.25% - Max: 41.59% - Min: -0.14% - Market Cap 9675 - Trading time: 00:00:10
08-09-2025 07:38:08.819 INFO Current price: 0.000000046725 - Current percentage: 23.25% - Max: 41.59% - Min: -0.14% - Market Cap 9675 - Trading time: 00:00:10
08-09-2025 07:38:08.823 INFO Current price: 0.000000046724 - Current percentage: 23.25% - Max: 41.59% - Min: -0.14% - Market Cap 9675 - Trading time: 00:00:10
08-09-2025 07:38:08.826 INFO Current price: 0.000000046723 - Current percentage: 23.24% - Max: 41.59% - Min: -0.14% - Market Cap 9675 - Trading time: 00:00:10
08-09-2025 07:38:08.828 INFO Current price: 0.000000046722 - Current percentage: 23.24% - Max: 41.59% - Min: -0.14% - Market Cap 9675 - Trading time: 00:00:10
08-09-2025 07:38:08.828 INFO Current price: 0.000000046721 - Current percentage: 23.24% - Max: 41.59% - Min: -0.14% - Market Cap 9674 - Trading time: 00:00:10
08-09-2025 07:38:08.831 INFO Current price: 0.000000046720 - Current percentage: 23.24% - Max: 41.59% - Min: -0.14% - Market Cap 9674 - Trading time: 00:00:10
08-09-2025 07:38:09.105 INFO Current price: 0.000000046862 - Current percentage: 23.98% - Max: 41.59% - Min: -0.14% - Market Cap 9733 - Trading time: 00:00:10
08-09-2025 07:38:09.136 INFO Current price: 0.000000046858 - Current percentage: 23.22% - Max: 41.59% - Min: -0.14% - Market Cap 9673 - Trading time: 00:00:10
08-09-2025 07:38:09.373 INFO Current price: 0.000000046712 - Current percentage: 23.21% - Max: 41.59% - Min: -0.14% - Market Cap 9672 - Trading time: 00:00:10
08-09-2025 07:38:09.414 INFO Current price: 0.000000046888 - Current percentage: 24.15% - Max: 41.59% - Min: -0.14% - Market Cap 9746 - Trading time: 00:00:10
08-09-2025 07:38:09.939 INFO Current price: 0.000000047479 - Current percentage: 26.34% - Max: 41.59% - Min: -0.14% - Market Cap 9918 - Trading time: 00:00:11
08-09-2025 07:38:12.301 INFO Current price: 0.000000046542 - Current percentage: 19.30% - Max: 41.59% - Min: -0.14% - Market Cap 9365 - Trading time: 00:00:13
08-09-2025 07:38:13.705 INFO Current price: 0.000000045226 - Current percentage: 19.29% - Max: 41.59% - Min: -0.14% - Market Cap 9365 - Trading time: 00:00:15
08-09-2025 07:38:13.720 INFO Current price: 0.000000045225 - Current percentage: 19.29% - Max: 41.59% - Min: -0.14% - Market Cap 9365 - Trading time: 00:00:15
08-09-2025 07:38:13.723 INFO Current price: 0.000000045224 - Current percentage: 19.29% - Max: 41.59% - Min: -0.14% - Market Cap 9364 - Trading time: 00:00:15
08-09-2025 07:38:13.723 INFO Current price: 0.000000045223 - Current percentage: 19.29% - Max: 41.59% - Min: -0.14% - Market Cap 9364 - Trading time: 00:00:15
08-09-2025 07:38:13.723 INFO Current price: 0.000000045223 - Current percentage: 19.29% - Max: 41.59% - Min: -0.14% - Market Cap 9364 - Trading time: 00:00:15
08-09-2025 07:38:13.723 INFO Current price: 0.000000045222 - Current percentage: 19.28% - Max: 41.59% - Min: -0.14% - Market Cap 9364 - Trading time: 00:00:15
08-09-2025 07:38:14.075 INFO Current price: 0.000000044960 - Current percentage: 17.91% - Max: 41.59% - Min: -0.14% - Market Cap 9256 - Trading time: 00:00:15
08-09-2025 07:38:14.176 INFO Current price: 0.000000044700 - Current percentage: 17.91% - Max: 41.59% - Min: -0.14% - Market Cap 9256 - Trading time: 00:00:15
08-09-2025 07:38:14.178 INFO Current price: 0.000000044699 - Current percentage: 17.91% - Max: 41.59% - Min: -0.14% - Market Cap 9256 - Trading time: 00:00:15
08-09-2025 07:38:14.182 INFO Current price: 0.000000044698 - Current percentage: 17.90% - Max: 41.59% - Min: -0.14% - Market Cap 9255 - Trading time: 00:00:15
08-09-2025 07:38:14.183 INFO Current price: 0.000000044697 - Current percentage: 17.90% - Max: 41.59% - Min: -0.14% - Market Cap 9255 - Trading time: 00:00:15
08-09-2025 07:38:14.188 INFO Current price: 0.000000044659 - Current percentage: 17.70% - Max: 41.59% - Min: -0.14% - Market Cap 9240 - Trading time: 00:00:15
08-09-2025 07:38:14.760 INFO Current price: 0.000000044458 - Current percentage: 16.84% - Max: 41.59% - Min: -0.14% - Market Cap 9172 - Trading time: 00:00:16
08-09-2025 07:38:14.828 INFO Current price: 0.000000044038 - Current percentage: 15.49% - Max: 41.59% - Min: -0.14% - Market Cap 9066 - Trading time: 00:00:16
08-09-2025 07:38:16.226 INFO Current price: 0.000000043109 - Current percentage: 11.96% - Max: 41.59% - Min: -0.14% - Market Cap 8789 - Trading time: 00:00:17
08-09-2025 07:38:16.831 INFO Current price: 0.000000043793 - Current percentage: 19.18% - Max: 41.59% - Min: -0.14% - Market Cap 9356 - Trading time: 00:00:18
08-09-2025 07:38:17.381 INFO Current price: 0.000000045195 - Current percentage: 19.25% - Max: 41.59% - Min: -0.14% - Market Cap 9361 - Trading time: 00:00:18
08-09-2025 07:38:17.674 INFO Current price: 0.000000045219 - Current percentage: 19.31% - Max: 41.59% - Min: -0.14% - Market Cap 9366 - Trading time: 00:00:19
08-09-2025 07:38:18.452 INFO Current price: 0.000000045230 - Current percentage: 19.30% - Max: 41.59% - Min: -0.14% - Market Cap 9366 - Trading time: 00:00:19
08-09-2025 07:38:18.495 INFO Current price: 0.000000046416 - Current percentage: 25.65% - Max: 41.59% - Min: -0.14% - Market Cap 9864 - Trading time: 00:00:19
08-09-2025 07:38:18.504 INFO Current price: 0.000000048795 - Current percentage: 31.85% - Max: 41.59% - Min: -0.14% - Market Cap 10350 - Trading time: 00:00:19
08-09-2025 07:38:18.754 INFO Current price: 0.000000049984 - Current percentage: 31.84% - Max: 41.59% - Min: -0.14% - Market Cap 10350 - Trading time: 00:00:20
08-09-2025 07:38:18.756 INFO Current price: 0.000000049982 - Current percentage: 31.84% - Max: 41.59% - Min: -0.14% - Market Cap 10350 - Trading time: 00:00:20
08-09-2025 07:38:18.760 INFO Current price: 0.000000049981 - Current percentage: 31.84% - Max: 41.59% - Min: -0.14% - Market Cap 10349 - Trading time: 00:00:20
08-09-2025 07:38:18.763 INFO Current price: 0.000000049980 - Current percentage: 31.84% - Max: 41.59% - Min: -0.14% - Market Cap 10349 - Trading time: 00:00:20
08-09-2025 07:38:18.765 INFO Current price: 0.000000049979 - Current percentage: 31.83% - Max: 41.59% - Min: -0.14% - Market Cap 10349 - Trading time: 00:00:20
08-09-2025 07:38:18.767 INFO Current price: 0.000000049978 - Current percentage: 31.83% - Max: 41.59% - Min: -0.14% - Market Cap 10349 - Trading time: 00:00:20
08-09-2025 07:38:18.770 INFO Current price: 0.000000049977 - Current percentage: 31.83% - Max: 41.59% - Min: -0.14% - Market Cap 10349 - Trading time: 00:00:20
08-09-2025 07:38:18.770 INFO Current price: 0.000000049976 - Current percentage: 31.83% - Max: 41.59% - Min: -0.14% - Market Cap 10348 - Trading time: 00:00:20
08-09-2025 07:38:18.772 INFO Current price: 0.000000049976 - Current percentage: 31.82% - Max: 41.59% - Min: -0.14% - Market Cap 10348 - Trading time: 00:00:20
08-09-2025 07:38:20.271 INFO Current price: 0.000000052436 - Current percentage: 45.13% - Max: 45.13% - Min: -0.14% - Market Cap 11393 - Trading time: 00:00:21
08-09-2025 07:38:20.463 INFO Current price: 0.000000054859 - Current percentage: 44.29% - Max: 45.13% - Min: -0.14% - Market Cap 11327 - Trading time: 00:00:21
08-09-2025 07:38:20.469 INFO Current price: 0.000000054528 - Current percentage: 43.38% - Max: 45.13% - Min: -0.14% - Market Cap 11256 - Trading time: 00:00:21
08-09-2025 07:38:20.513 INFO Current price: 0.000000052527 - Current percentage: 33.89% - Max: 45.13% - Min: -0.14% - Market Cap 10511 - Trading time: 00:00:21
08-09-2025 07:38:20.840 INFO Current price: 0.000000050756 - Current percentage: 33.87% - Max: 45.13% - Min: -0.14% - Market Cap 10509 - Trading time: 00:00:22
08-09-2025 07:38:23.565 INFO Current price: 0.000000050594 - Current percentage: 33.04% - Max: 45.13% - Min: -0.14% - Market Cap 10444 - Trading time: 00:00:24
08-09-2025 07:38:24.068 INFO Current price: 0.000000048164 - Current percentage: 21.33% - Max: 45.13% - Min: -0.14% - Market Cap 9524 - Trading time: 00:00:25
08-09-2025 07:38:24.486 INFO Current price: 0.000000045962 - Current percentage: 21.15% - Max: 45.13% - Min: -0.14% - Market Cap 9510 - Trading time: 00:00:25
08-09-2025 07:38:24.684 INFO Current price: 0.000000044775 - Current percentage: 15.14% - Max: 45.13% - Min: -0.14% - Market Cap 9039 - Trading time: 00:00:26
08-09-2025 07:38:24.688 INFO Current price: 0.000000042678 - Current percentage: 10.07% - Max: 45.13% - Min: -0.14% - Market Cap 8641 - Trading time: 00:00:26
08-09-2025 07:38:25.511 INFO Current price: 0.000000041717 - Current percentage: 10.01% - Max: 45.13% - Min: -0.14% - Market Cap 8636 - Trading time: 00:00:26
08-09-2025 07:38:25.604 INFO Current price: 0.000000042041 - Current percentage: 11.78% - Max: 45.13% - Min: -0.14% - Market Cap 8775 - Trading time: 00:00:27
08-09-2025 07:38:25.638 INFO Current price: 0.000000042490 - Current percentage: 12.37% - Max: 45.13% - Min: -0.14% - Market Cap 8822 - Trading time: 00:00:27
08-09-2025 07:38:26.053 INFO Current price: 0.000000043164 - Current percentage: 15.36% - Max: 45.13% - Min: -0.14% - Market Cap 9056 - Trading time: 00:00:27
08-09-2025 07:38:26.424 INFO Current price: 0.000000043751 - Current percentage: 15.45% - Max: 45.13% - Min: -0.14% - Market Cap 9063 - Trading time: 00:00:27
08-09-2025 07:38:26.678 INFO Current price: 0.000000043826 - Current percentage: 15.76% - Max: 45.13% - Min: -0.14% - Market Cap 9087 - Trading time: 00:00:28
08-09-2025 07:38:26.806 INFO Current price: 0.000000043935 - Current percentage: 16.03% - Max: 45.13% - Min: -0.14% - Market Cap 9108 - Trading time: 00:00:28
08-09-2025 07:38:27.003 INFO Current price: 0.000000044525 - Current percentage: 18.88% - Max: 45.13% - Min: -0.14% - Market Cap 9333 - Trading time: 00:00:28
08-09-2025 07:38:27.007 INFO Current price: 0.000000045682 - Current percentage: 22.13% - Max: 45.13% - Min: -0.14% - Market Cap 9588 - Trading time: 00:00:28
08-09-2025 07:38:27.280 INFO Current price: 0.000000046361 - Current percentage: 22.44% - Max: 45.13% - Min: -0.14% - Market Cap 9612 - Trading time: 00:00:28
08-09-2025 07:38:27.287 INFO Current price: 0.000000044636 - Current percentage: 13.22% - Max: 45.13% - Min: -0.14% - Market Cap 8888 - Trading time: 00:00:28
08-09-2025 07:38:27.318 INFO Current price: 0.000000041128 - Current percentage: 3.95% - Max: 45.13% - Min: -0.14% - Market Cap 8161 - Trading time: 00:00:28
08-09-2025 07:38:27.546 INFO Current price: 0.000000039956 - Current percentage: 6.86% - Max: 45.13% - Min: -0.14% - Market Cap 8388 - Trading time: 00:00:28
08-09-2025 07:38:28.123 INFO Current price: 0.000000041607 - Current percentage: 12.72% - Max: 45.13% - Min: -0.14% - Market Cap 8849 - Trading time: 00:00:29
08-09-2025 07:38:28.192 INFO Current price: 0.000000043416 - Current percentage: 16.35% - Max: 45.13% - Min: -0.14% - Market Cap 9134 - Trading time: 00:00:29
08-09-2025 07:38:28.541 INFO Current price: 0.000000045277 - Current percentage: 22.59% - Max: 45.13% - Min: -0.14% - Market Cap 9624 - Trading time: 00:00:29
08-09-2025 07:38:29.039 INFO Current price: 0.000000048825 - Current percentage: 35.30% - Max: 45.13% - Min: -0.14% - Market Cap 10621 - Trading time: 00:00:30
08-09-2025 07:38:29.223 INFO Current price: 0.000000050571 - Current percentage: 31.51% - Max: 45.13% - Min: -0.14% - Market Cap 10324 - Trading time: 00:00:30
08-09-2025 07:38:29.347 INFO Current price: 0.000000050043 - Current percentage: 32.49% - Max: 45.13% - Min: -0.14% - Market Cap 10401 - Trading time: 00:00:30
08-09-2025 07:38:29.520 INFO Current price: 0.000000050210 - Current percentage: 32.39% - Max: 45.13% - Min: -0.14% - Market Cap 10393 - Trading time: 00:00:30
08-09-2025 07:38:29.857 INFO Current price: 0.000000048761 - Current percentage: 24.95% - Max: 45.13% - Min: -0.14% - Market Cap 9809 - Trading time: 00:00:31
08-09-2025 07:38:29.964 INFO Current price: 0.000000046599 - Current percentage: 20.92% - Max: 45.13% - Min: -0.14% - Market Cap 9492 - Trading time: 00:00:31
08-09-2025 07:38:30.499 INFO Current price: 0.000000045783 - Current percentage: 20.61% - Max: 45.13% - Min: -0.14% - Market Cap 9468 - Trading time: 00:00:31
08-09-2025 07:38:30.502 INFO Current price: 0.000000046889 - Current percentage: 26.83% - Max: 45.13% - Min: -0.14% - Market Cap 9957 - Trading time: 00:00:31
08-09-2025 07:38:30.502 INFO Current price: 0.000000049279 - Current percentage: 33.22% - Max: 45.13% - Min: -0.14% - Market Cap 10458 - Trading time: 00:00:31
08-09-2025 07:38:30.689 INFO Current price: 0.000000050530 - Current percentage: 33.35% - Max: 45.13% - Min: -0.14% - Market Cap 10468 - Trading time: 00:00:32
08-09-2025 07:38:31.136 INFO Current price: 0.000000051200 - Current percentage: 36.78% - Max: 45.13% - Min: -0.14% - Market Cap 10737 - Trading time: 00:00:32
08-09-2025 07:38:31.139 INFO Current price: 0.000000052441 - Current percentage: 39.89% - Max: 45.13% - Min: -0.14% - Market Cap 10982 - Trading time: 00:00:32
08-09-2025 07:38:31.696 INFO Current price: 0.000000052663 - Current percentage: 37.94% - Max: 45.13% - Min: -0.14% - Market Cap 10828 - Trading time: 00:00:33
08-09-2025 07:38:31.730 INFO Current price: 0.000000052557 - Current percentage: 39.33% - Max: 45.13% - Min: -0.14% - Market Cap 10938 - Trading time: 00:00:33
08-09-2025 07:38:31.898 INFO Current price: 0.000000052860 - Current percentage: 39.53% - Max: 45.13% - Min: -0.14% - Market Cap 10954 - Trading time: 00:00:33
08-09-2025 07:38:32.256 INFO Current price: 0.000000052295 - Current percentage: 36.37% - Max: 45.13% - Min: -0.14% - Market Cap 10705 - Trading time: 00:00:33
08-09-2025 07:38:32.424 INFO Current price: 0.000000051848 - Current percentage: 37.16% - Max: 45.13% - Min: -0.14% - Market Cap 10767 - Trading time: 00:00:33
08-09-2025 07:38:33.094 INFO Current price: 0.000000051235 - Current percentage: 33.17% - Max: 45.13% - Min: -0.14% - Market Cap 10454 - Trading time: 00:00:34
08-09-2025 07:38:33.104 INFO Current price: 0.000000051710 - Current percentage: 39.71% - Max: 45.13% - Min: -0.14% - Market Cap 10967 - Trading time: 00:00:34
08-09-2025 07:38:33.202 INFO Current price: 0.000000054234 - Current percentage: 46.49% - Max: 46.49% - Min: -0.14% - Market Cap 11500 - Trading time: 00:00:34
08-09-2025 07:38:33.229 INFO Current price: 0.000000055452 - Current percentage: 46.05% - Max: 46.49% - Min: -0.14% - Market Cap 11466 - Trading time: 00:00:34
08-09-2025 07:38:33.499 INFO Current price: 0.000000054868 - Current percentage: 43.42% - Max: 46.49% - Min: -0.14% - Market Cap 11259 - Trading time: 00:00:34
08-09-2025 07:38:33.812 INFO Current price: 0.000000053511 - Current percentage: 38.92% - Max: 46.49% - Min: -0.14% - Market Cap 10905 - Trading time: 00:00:35
08-09-2025 07:38:34.439 INFO Current price: 0.000000052389 - Current percentage: 37.46% - Max: 46.49% - Min: -0.14% - Market Cap 10791 - Trading time: 00:00:35
08-09-2025 07:38:37.207 INFO Current price: 0.000000052098 - Current percentage: 37.38% - Max: 46.49% - Min: -0.14% - Market Cap 10785 - Trading time: 00:00:38
08-09-2025 07:38:38.673 INFO Current price: 0.000000052068 - Current percentage: 37.31% - Max: 46.49% - Min: -0.14% - Market Cap 10779 - Trading time: 00:00:40
08-09-2025 07:38:39.145 INFO Current price: 0.000000051247 - Current percentage: 33.08% - Max: 46.49% - Min: -0.14% - Market Cap 10447 - Trading time: 00:00:40
08-09-2025 07:38:39.748 INFO Current price: 0.000000050437 - Current percentage: 33.00% - Max: 46.49% - Min: -0.14% - Market Cap 10441 - Trading time: 00:00:41
08-09-2025 07:38:39.942 INFO Current price: 0.000000049257 - Current percentage: 26.93% - Max: 46.49% - Min: -0.14% - Market Cap 9964 - Trading time: 00:00:41
08-09-2025 07:38:41.025 INFO Current price: 0.000000048141 - Current percentage: 26.99% - Max: 46.49% - Min: -0.14% - Market Cap 9969 - Trading time: 00:00:42
08-09-2025 07:38:41.074 INFO Current price: 0.000000048501 - Current percentage: 28.89% - Max: 46.49% - Min: -0.14% - Market Cap 10118 - Trading time: 00:00:42
08-09-2025 07:38:41.456 INFO Current price: 0.000000048852 - Current percentage: 28.83% - Max: 46.49% - Min: -0.14% - Market Cap 10114 - Trading time: 00:00:42
08-09-2025 07:38:42.222 INFO Current price: 0.000000049082 - Current percentage: 30.11% - Max: 46.49% - Min: -0.14% - Market Cap 10214 - Trading time: 00:00:43
08-09-2025 07:38:42.295 INFO Current price: 0.000000049385 - Current percentage: 30.43% - Max: 46.49% - Min: -0.14% - Market Cap 10239 - Trading time: 00:00:43
08-09-2025 07:38:44.624 INFO Current price: 0.000000049688 - Current percentage: 31.71% - Max: 46.49% - Min: -0.14% - Market Cap 10339 - Trading time: 00:00:46
08-09-2025 07:38:45.784 INFO Current price: 0.000000049487 - Current percentage: 29.38% - Max: 46.49% - Min: -0.14% - Market Cap 10156 - Trading time: 00:00:47
08-09-2025 07:38:47.243 INFO Current price: 0.000000049039 - Current percentage: 29.33% - Max: 46.49% - Min: -0.14% - Market Cap 10153 - Trading time: 00:00:48
08-09-2025 07:38:49.387 INFO Current price: 0.000000048356 - Current percentage: 25.79% - Max: 46.49% - Min: -0.14% - Market Cap 9875 - Trading time: 00:00:50
08-09-2025 07:38:49.389 INFO Current price: 0.000000047096 - Current percentage: 22.69% - Max: 46.49% - Min: -0.14% - Market Cap 9631 - Trading time: 00:00:50
08-09-2025 07:38:49.546 INFO Current price: 0.000000045512 - Current percentage: 17.47% - Max: 46.49% - Min: -0.14% - Market Cap 9222 - Trading time: 00:00:50
08-09-2025 07:38:50.133 INFO Current price: 0.000000044530 - Current percentage: 17.45% - Max: 46.49% - Min: -0.14% - Market Cap 9220 - Trading time: 00:00:51
08-09-2025 07:38:51.056 INFO Current price: 0.000000044985 - Current percentage: 19.89% - Max: 46.49% - Min: -0.14% - Market Cap 9411 - Trading time: 00:00:52
08-09-2025 07:38:51.752 INFO Current price: 0.000000046623 - Current percentage: 26.16% - Max: 46.49% - Min: -0.14% - Market Cap 9903 - Trading time: 00:00:53
08-09-2025 07:38:51.845 INFO Current price: 0.000000047857 - Current percentage: 26.31% - Max: 46.49% - Min: -0.14% - Market Cap 9916 - Trading time: 00:00:53
08-09-2025 07:38:53.632 INFO Current price: 0.000000047376 - Current percentage: 23.64% - Max: 46.49% - Min: -0.14% - Market Cap 9706 - Trading time: 00:00:55
08-09-2025 07:38:53.634 INFO Current price: 0.000000046310 - Current percentage: 20.69% - Max: 46.49% - Min: -0.14% - Market Cap 9474 - Trading time: 00:00:55
08-09-2025 07:38:53.995 INFO Current price: 0.000000045733 - Current percentage: 20.58% - Max: 46.49% - Min: -0.14% - Market Cap 9466 - Trading time: 00:00:55
08-09-2025 07:38:54.599 INFO Current price: 0.000000045828 - Current percentage: 21.19% - Max: 46.49% - Min: -0.14% - Market Cap 9514 - Trading time: 00:00:56
08-09-2025 07:38:56.267 INFO Current price: 0.000000045957 - Current percentage: 21.25% - Max: 46.49% - Min: -0.14% - Market Cap 9519 - Trading time: 00:00:57
08-09-2025 07:38:57.773 INFO Current price: 0.000000046202 - Current percentage: 22.49% - Max: 46.49% - Min: -0.14% - Market Cap 9616 - Trading time: 00:00:59
08-09-2025 07:38:58.260 INFO Current price: 0.000000047226 - Current percentage: 26.69% - Max: 46.49% - Min: -0.14% - Market Cap 9945 - Trading time: 00:00:59
08-09-2025 07:38:58.264 INFO Current price: 0.000000048877 - Current percentage: 31.20% - Max: 46.49% - Min: -0.14% - Market Cap 10300 - Trading time: 00:00:59
08-09-2025 07:38:58.903 INFO Current price: 0.000000049758 - Current percentage: 31.30% - Max: 46.49% - Min: -0.14% - Market Cap 10307 - Trading time: 00:01:00
08-09-2025 07:39:01.097 INFO Current price: 0.000000050749 - Current percentage: 36.48% - Max: 46.49% - Min: -0.14% - Market Cap 10714 - Trading time: 00:01:02
08-09-2025 07:39:01.342 INFO Current price: 0.000000051754 - Current percentage: 36.55% - Max: 46.49% - Min: -0.14% - Market Cap 10719 - Trading time: 00:01:02
08-09-2025 07:39:01.853 INFO Current price: 0.000000051509 - Current percentage: 35.19% - Max: 46.49% - Min: -0.14% - Market Cap 10613 - Trading time: 00:01:03
08-09-2025 07:39:01.960 INFO Current price: 0.000000051216 - Current percentage: 35.00% - Max: 46.49% - Min: -0.14% - Market Cap 10598 - Trading time: 00:01:03
08-09-2025 07:39:03.027 INFO Current price: 0.000000050279 - Current percentage: 30.29% - Max: 46.49% - Min: -0.14% - Market Cap 10228 - Trading time: 00:01:04
08-09-2025 07:39:03.039 INFO Current price: 0.000000048558 - Current percentage: 25.92% - Max: 46.49% - Min: -0.14% - Market Cap 9885 - Trading time: 00:01:04
08-09-2025 07:39:05.736 INFO Current price: 0.000000047386 - Current percentage: 24.08% - Max: 46.49% - Min: -0.14% - Market Cap 9741 - Trading time: 00:01:07
08-09-2025 07:39:06.070 INFO Current price: 0.000000046922 - Current percentage: 23.46% - Max: 46.49% - Min: -0.14% - Market Cap 9692 - Trading time: 00:01:07
08-09-2025 07:39:07.784 INFO Current price: 0.000000044649 - Current percentage: 12.35% - Max: 46.49% - Min: -0.14% - Market Cap 8819 - Trading time: 00:01:09
08-09-2025 07:39:09.168 INFO Current price: 0.000000042582 - Current percentage: 12.30% - Max: 46.49% - Min: -0.14% - Market Cap 8816 - Trading time: 00:01:10
08-09-2025 07:39:10.517 INFO Current price: 0.000000042629 - Current percentage: 12.59% - Max: 46.49% - Min: -0.14% - Market Cap 8839 - Trading time: 00:01:11
08-09-2025 07:39:11.288 INFO Current price: 0.000000043023 - Current percentage: 14.38% - Max: 46.49% - Min: -0.14% - Market Cap 8979 - Trading time: 00:01:12
08-09-2025 07:39:12.336 INFO Current price: 0.000000043650 - Current percentage: 15.90% - Max: 46.49% - Min: -0.14% - Market Cap 9098 - Trading time: 00:01:13
08-09-2025 07:39:12.475 INFO Current price: 0.000000044631 - Current percentage: 19.58% - Max: 46.49% - Min: -0.14% - Market Cap 9387 - Trading time: 00:01:13
08-09-2025 07:39:12.541 INFO Current price: 0.000000046146 - Current percentage: 23.90% - Max: 46.49% - Min: -0.14% - Market Cap 9727 - Trading time: 00:01:13
08-09-2025 07:39:12.993 INFO Current price: 0.000000047570 - Current percentage: 27.07% - Max: 46.49% - Min: -0.14% - Market Cap 9975 - Trading time: 00:01:14
08-09-2025 07:39:13.554 INFO Current price: 0.000000050614 - Current percentage: 40.27% - Max: 46.49% - Min: -0.14% - Market Cap 11012 - Trading time: 00:01:14
08-09-2025 07:39:13.564 INFO Current price: 0.000000055691 - Current percentage: 53.84% - Max: 53.84% - Min: -0.14% - Market Cap 12077 - Trading time: 00:01:14
08-09-2025 07:39:16.970 INFO Current price: 0.000000057992 - Current percentage: 52.10% - Max: 53.84% - Min: -0.14% - Market Cap 11940 - Trading time: 00:01:18
08-09-2025 07:39:17.958 INFO Current price: 0.000000057230 - Current percentage: 49.83% - Max: 53.84% - Min: -0.14% - Market Cap 11762 - Trading time: 00:01:19
08-09-2025 07:39:18.035 INFO Current price: 0.000000055816 - Current percentage: 44.68% - Max: 53.84% - Min: -0.14% - Market Cap 11358 - Trading time: 00:01:19
08-09-2025 07:39:18.294 INFO Current price: 0.000000054848 - Current percentage: 44.68% - Max: 53.84% - Min: -0.14% - Market Cap 11357 - Trading time: 00:01:19
08-09-2025 07:39:20.257 INFO Current price: 0.000000054975 - Current percentage: 45.35% - Max: 53.84% - Min: -0.14% - Market Cap 11410 - Trading time: 00:01:21
08-09-2025 07:39:21.417 INFO Current price: 0.000000054925 - Current percentage: 44.41% - Max: 53.84% - Min: -0.14% - Market Cap 11337 - Trading time: 00:01:22
08-09-2025 07:39:21.833 INFO Current price: 0.000000055396 - Current percentage: 47.85% - Max: 53.84% - Min: -0.14% - Market Cap 11607 - Trading time: 00:01:23
08-09-2025 07:39:23.004 INFO Current price: 0.000000056116 - Current percentage: 48.19% - Max: 53.84% - Min: -0.14% - Market Cap 11633 - Trading time: 00:01:24
08-09-2025 07:39:25.082 INFO Current price: 0.000000056352 - Current percentage: 49.10% - Max: 53.84% - Min: -0.14% - Market Cap 11705 - Trading time: 00:01:26
08-09-2025 07:39:25.835 INFO Current price: 0.000000056500 - Current percentage: 48.97% - Max: 53.84% - Min: -0.14% - Market Cap 11694 - Trading time: 00:01:27
08-09-2025 07:39:28.228 INFO Current price: 0.000000056453 - Current percentage: 48.85% - Max: 53.84% - Min: -0.14% - Market Cap 11685 - Trading time: 00:01:29
08-09-2025 07:39:28.331 INFO Current price: 0.000000056274 - Current percentage: 48.03% - Max: 53.84% - Min: -0.14% - Market Cap 11620 - Trading time: 00:01:29
08-09-2025 07:39:28.333 INFO Current price: 0.000000055947 - Current percentage: 47.13% - Max: 53.84% - Min: -0.14% - Market Cap 11550 - Trading time: 00:01:29
08-09-2025 07:39:28.739 INFO Current price: 0.000000055773 - Current percentage: 47.11% - Max: 53.84% - Min: -0.14% - Market Cap 11548 - Trading time: 00:01:30
08-09-2025 07:39:31.004 INFO Current price: 0.000000055608 - Current percentage: 46.26% - Max: 53.84% - Min: -0.14% - Market Cap 11482 - Trading time: 00:01:32
08-09-2025 07:39:31.007 INFO Current price: 0.000000055303 - Current percentage: 45.50% - Max: 53.84% - Min: -0.14% - Market Cap 11422 - Trading time: 00:01:32
08-09-2025 07:39:31.095 INFO Current price: 0.000000054944 - Current percentage: 44.37% - Max: 53.84% - Min: -0.14% - Market Cap 11333 - Trading time: 00:01:32
08-09-2025 07:39:31.314 INFO Current price: 0.000000054728 - Current percentage: 44.35% - Max: 53.84% - Min: -0.14% - Market Cap 11332 - Trading time: 00:01:32
08-09-2025 07:39:34.173 INFO Current price: 0.000000055616 - Current percentage: 49.10% - Max: 53.84% - Min: -0.14% - Market Cap 11704 - Trading time: 00:01:35
08-09-2025 07:39:35.939 INFO Current price: 0.000000056835 - Current percentage: 50.74% - Max: 53.84% - Min: -0.14% - Market Cap 11834 - Trading time: 00:01:37
08-09-2025 07:39:37.348 INFO Current price: 0.000000057281 - Current percentage: 51.45% - Max: 53.84% - Min: -0.14% - Market Cap 11889 - Trading time: 00:01:38
08-09-2025 07:39:37.545 INFO Current price: 0.000000058272 - Current percentage: 56.00% - Max: 56.00% - Min: -0.14% - Market Cap 12247 - Trading time: 00:01:38
08-09-2025 07:39:37.715 INFO Current price: 0.000000059169 - Current percentage: 56.15% - Max: 56.15% - Min: -0.14% - Market Cap 12258 - Trading time: 00:01:39
08-09-2025 07:39:39.631 INFO Current price: 0.000000060522 - Current percentage: 63.22% - Max: 63.22% - Min: -0.14% - Market Cap 12813 - Trading time: 00:01:41
08-09-2025 07:39:52.542 INFO Current price: 0.000000061542 - Current percentage: 61.45% - Max: 63.22% - Min: -0.14% - Market Cap 12674 - Trading time: 00:01:53
08-09-2025 07:39:52.551 INFO Current price: 0.000000060912 - Current percentage: 59.90% - Max: 63.22% - Min: -0.14% - Market Cap 12552 - Trading time: 00:01:53
08-09-2025 07:40:00.686 INFO Current price: 0.000000061974 - Current percentage: 67.13% - Max: 67.13% - Min: -0.14% - Market Cap 13120 - Trading time: 00:02:02
08-09-2025 07:40:00.742 INFO Current price: 0.000000063429 - Current percentage: 67.49% - Max: 67.49% - Min: -0.14% - Market Cap 13149 - Trading time: 00:02:02
08-09-2025 07:40:00.888 INFO Current price: 0.000000063972 - Current percentage: 70.01% - Max: 70.01% - Min: -0.14% - Market Cap 13346 - Trading time: 00:02:02
08-09-2025 07:40:01.901 INFO Current price: 0.000000064455 - Current percentage: 70.03% - Max: 70.03% - Min: -0.14% - Market Cap 13348 - Trading time: 00:02:03
08-09-2025 07:40:02.594 INFO Current price: 0.000000064629 - Current percentage: 70.92% - Max: 70.92% - Min: -0.14% - Market Cap 13418 - Trading time: 00:02:04
08-09-2025 07:40:03.063 INFO Current price: 0.000000064805 - Current percentage: 70.96% - Max: 70.96% - Min: -0.14% - Market Cap 13421 - Trading time: 00:02:04
08-09-2025 07:40:04.469 INFO Current price: 0.000000065090 - Current percentage: 72.43% - Max: 72.43% - Min: -0.14% - Market Cap 13536 - Trading time: 00:02:05
08-09-2025 07:40:05.060 INFO Current price: 0.000000066776 - Current percentage: 79.93% - Max: 79.93% - Min: -0.14% - Market Cap 14125 - Trading time: 00:02:06
08-09-2025 07:40:06.574 INFO Current price: 0.000000068213 - Current percentage: 79.93% - Max: 79.93% - Min: -0.14% - Market Cap 14125 - Trading time: 00:02:07
08-09-2025 07:40:06.638 INFO Current price: 0.000000068220 - Current percentage: 79.97% - Max: 79.97% - Min: -0.14% - Market Cap 14128 - Trading time: 00:02:08
08-09-2025 07:40:11.244 INFO Current price: 0.000000067930 - Current percentage: 78.40% - Max: 79.97% - Min: -0.14% - Market Cap 14005 - Trading time: 00:02:12
08-09-2025 07:40:11.404 INFO Current price: 0.000000066214 - Current percentage: 70.99% - Max: 79.97% - Min: -0.14% - Market Cap 13423 - Trading time: 00:02:12
08-09-2025 07:40:11.974 INFO Current price: 0.000000066244 - Current percentage: 78.56% - Max: 79.97% - Min: -0.14% - Market Cap 14017 - Trading time: 00:02:13
08-09-2025 07:40:13.146 INFO Current price: 0.000000067291 - Current percentage: 76.44% - Max: 79.97% - Min: -0.14% - Market Cap 13851 - Trading time: 00:02:14
08-09-2025 07:40:21.063 INFO Current price: 0.000000067687 - Current percentage: 80.44% - Max: 80.44% - Min: -0.14% - Market Cap 14165 - Trading time: 00:02:22
08-09-2025 07:40:21.563 INFO Current price: 0.000000066904 - Current percentage: 72.60% - Max: 80.44% - Min: -0.14% - Market Cap 13549 - Trading time: 00:02:22
08-09-2025 07:40:28.304 INFO Current price: 0.000000065462 - Current percentage: 72.75% - Max: 80.44% - Min: -0.14% - Market Cap 13561 - Trading time: 00:02:29
08-09-2025 07:40:28.696 INFO Current price: 0.000000065560 - Current percentage: 73.12% - Max: 80.44% - Min: -0.14% - Market Cap 13590 - Trading time: 00:02:30
08-09-2025 07:40:29.832 INFO Current price: 0.000000064997 - Current percentage: 69.79% - Max: 80.44% - Min: -0.14% - Market Cap 13329 - Trading time: 00:02:31
08-09-2025 07:40:30.540 INFO Current price: 0.000000063048 - Current percentage: 62.89% - Max: 80.44% - Min: -0.14% - Market Cap 12787 - Trading time: 00:02:31
08-09-2025 07:40:35.168 INFO Current price: 0.000000061740 - Current percentage: 62.82% - Max: 80.44% - Min: -0.14% - Market Cap 12782 - Trading time: 00:02:36
08-09-2025 07:40:36.711 INFO Current price: 0.000000063082 - Current percentage: 70.05% - Max: 80.44% - Min: -0.14% - Market Cap 13349 - Trading time: 00:02:38
08-09-2025 07:40:36.849 INFO Current price: 0.000000064750 - Current percentage: 71.55% - Max: 80.44% - Min: -0.14% - Market Cap 13467 - Trading time: 00:02:38
08-09-2025 07:40:36.960 INFO Current price: 0.000000065168 - Current percentage: 72.25% - Max: 80.44% - Min: -0.14% - Market Cap 13522 - Trading time: 00:02:38
08-09-2025 07:40:41.813 INFO Current price: 0.000000062489 - Current percentage: 57.73% - Max: 80.44% - Min: -0.14% - Market Cap 12382 - Trading time: 00:02:43
08-09-2025 07:40:41.829 INFO Current price: 0.000000057040 - Current percentage: 43.52% - Max: 80.44% - Min: -0.14% - Market Cap 11267 - Trading time: 00:02:43
08-09-2025 07:40:41.956 INFO Current price: 0.000000054191 - Current percentage: 42.37% - Max: 80.44% - Min: -0.14% - Market Cap 11176 - Trading time: 00:02:43
08-09-2025 07:40:42.044 INFO Current price: 0.000000053950 - Current percentage: 42.25% - Max: 80.44% - Min: -0.14% - Market Cap 11167 - Trading time: 00:02:43
08-09-2025 07:40:42.046 INFO Current price: 0.000000053827 - Current percentage: 41.72% - Max: 80.44% - Min: -0.14% - Market Cap 11125 - Trading time: 00:02:43
08-09-2025 07:40:47.205 INFO Current price: 0.000000053910 - Current percentage: 42.54% - Max: 80.44% - Min: -0.14% - Market Cap 11189 - Trading time: 00:02:48
08-09-2025 07:40:50.247 INFO Current price: 0.000000053968 - Current percentage: 42.17% - Max: 80.44% - Min: -0.14% - Market Cap 11161 - Trading time: 00:02:51
08-09-2025 07:40:51.618 INFO Current price: 0.000000056430 - Current percentage: 55.84% - Max: 80.44% - Min: -0.14% - Market Cap 12234 - Trading time: 00:02:53
08-09-2025 07:40:53.815 INFO Current price: 0.000000059112 - Current percentage: 56.01% - Max: 80.44% - Min: -0.14% - Market Cap 12247 - Trading time: 00:02:55
08-09-2025 07:40:56.367 INFO Current price: 0.000000058965 - Current percentage: 55.06% - Max: 80.44% - Min: -0.14% - Market Cap 12172 - Trading time: 00:02:57
08-09-2025 07:41:02.638 INFO Current price: 0.000000060106 - Current percentage: 62.11% - Max: 80.44% - Min: -0.14% - Market Cap 12726 - Trading time: 00:03:04
08-09-2025 07:41:02.861 INFO Current price: 0.000000061458 - Current percentage: 62.12% - Max: 80.44% - Min: -0.14% - Market Cap 12726 - Trading time: 00:03:04
08-09-2025 07:41:02.969 INFO Current price: 0.000000061495 - Current percentage: 62.31% - Max: 80.44% - Min: -0.14% - Market Cap 12741 - Trading time: 00:03:04
08-09-2025 07:41:02.984 INFO Current price: 0.000000061585 - Current percentage: 62.59% - Max: 80.44% - Min: -0.14% - Market Cap 12764 - Trading time: 00:03:04
08-09-2025 07:41:03.011 INFO Current price: 0.000000059912 - Current percentage: 53.60% - Max: 80.44% - Min: -0.14% - Market Cap 12058 - Trading time: 00:03:04
08-09-2025 07:41:03.024 INFO Current price: 0.000000056718 - Current percentage: 45.72% - Max: 80.44% - Min: -0.14% - Market Cap 11439 - Trading time: 00:03:04
08-09-2025 07:41:03.030 INFO Current price: 0.000000055256 - Current percentage: 45.79% - Max: 80.44% - Min: -0.14% - Market Cap 11444 - Trading time: 00:03:04
08-09-2025 07:41:03.112 INFO Current price: 0.000000055282 - Current percentage: 45.86% - Max: 80.44% - Min: -0.14% - Market Cap 11450 - Trading time: 00:03:04
08-09-2025 07:41:05.455 INFO Current price: 0.000000052673 - Current percentage: 32.35% - Max: 80.44% - Min: -0.14% - Market Cap 10390 - Trading time: 00:03:06
08-09-2025 07:41:05.460 INFO Current price: 0.000000047694 - Current percentage: 19.58% - Max: 80.44% - Min: -0.14% - Market Cap 9388 - Trading time: 00:03:06
08-09-2025 07:41:05.633 INFO Current price: 0.000000043699 - Current percentage: 11.11% - Max: 80.44% - Min: -0.14% - Market Cap 8722 - Trading time: 00:03:07
08-09-2025 07:41:05.871 INFO Current price: 0.000000042073 - Current percentage: 10.85% - Max: 80.44% - Min: -0.14% - Market Cap 8702 - Trading time: 00:03:07
08-09-2025 07:41:05.988 INFO Current price: 0.000000041995 - Current percentage: 10.69% - Max: 80.44% - Min: -0.14% - Market Cap 8690 - Trading time: 00:03:07
08-09-2025 07:41:05.988 INFO Current price: 0.000000041964 - Current percentage: 10.69% - Max: 80.44% - Min: -0.14% - Market Cap 8689 - Trading time: 00:03:07
08-09-2025 07:41:06.373 INFO Current price: 0.000000041956 - Current percentage: 10.65% - Max: 80.44% - Min: -0.14% - Market Cap 8686 - Trading time: 00:03:07
08-09-2025 07:41:06.606 INFO Current price: 0.000000041368 - Current percentage: 7.61% - Max: 80.44% - Min: -0.14% - Market Cap 8447 - Trading time: 00:03:08
08-09-2025 07:41:06.982 INFO Current price: 0.000000040787 - Current percentage: 7.56% - Max: 80.44% - Min: -0.14% - Market Cap 8444 - Trading time: 00:03:08
08-09-2025 07:41:06.982 INFO Current price: 0.000000040770 - Current percentage: 7.52% - Max: 80.44% - Min: -0.14% - Market Cap 8441 - Trading time: 00:03:08
08-09-2025 07:41:07.030 INFO Current price: 0.000000040742 - Current percentage: 7.42% - Max: 80.44% - Min: -0.14% - Market Cap 8433 - Trading time: 00:03:08
08-09-2025 07:41:07.064 INFO Current price: 0.000000040704 - Current percentage: 7.32% - Max: 80.44% - Min: -0.14% - Market Cap 8425 - Trading time: 00:03:08
08-09-2025 07:41:07.116 INFO Current price: 0.000000040633 - Current percentage: 7.04% - Max: 80.44% - Min: -0.14% - Market Cap 8403 - Trading time: 00:03:08
08-09-2025 07:41:07.842 INFO Current price: 0.000000039858 - Current percentage: 3.26% - Max: 80.44% - Min: -0.14% - Market Cap 8106 - Trading time: 00:03:09
08-09-2025 07:41:08.998 INFO Current price: 0.000000038457 - Current percentage: -0.35% - Max: 80.44% - Min: -0.35% - Market Cap 7823 - Trading time: 00:03:10
08-09-2025 07:41:09.000 INFO Current price: 0.000000037416 - Current percentage: -2.25% - Max: 80.44% - Min: -2.25% - Market Cap 7673 - Trading time: 00:03:10
08-09-2025 07:41:09.048 INFO Current price: 0.000000037036 - Current percentage: -2.36% - Max: 80.44% - Min: -2.36% - Market Cap 7665 - Trading time: 00:03:10
08-09-2025 07:41:09.179 INFO Current price: 0.000000036942 - Current percentage: -2.75% - Max: 80.44% - Min: -2.75% - Market Cap 7635 - Trading time: 00:03:10
08-09-2025 07:41:09.400 INFO Current price: 0.000000036974 - Current percentage: -2.19% - Max: 80.44% - Min: -2.75% - Market Cap 7678 - Trading time: 00:03:10
08-09-2025 07:41:09.664 INFO Current price: 0.000000037009 - Current percentage: -2.56% - Max: 80.44% - Min: -2.75% - Market Cap 7649 - Trading time: 00:03:11
08-09-2025 07:41:10.619 INFO Current price: 0.000000036509 - Current percentage: -4.82% - Max: 80.44% - Min: -4.82% - Market Cap 7472 - Trading time: 00:03:12
08-09-2025 07:41:11.691 INFO Current price: 0.000000035783 - Current percentage: -6.40% - Max: 80.44% - Min: -6.40% - Market Cap 7348 - Trading time: 00:03:13
08-09-2025 07:41:13.440 INFO Current price: 0.000000035420 - Current percentage: -6.75% - Max: 80.44% - Min: -6.75% - Market Cap 7321 - Trading time: 00:03:14
08-09-2025 07:41:13.682 INFO Current price: 0.000000034803 - Current percentage: -9.63% - Max: 80.44% - Min: -9.63% - Market Cap 7094 - Trading time: 00:03:15
08-09-2025 07:41:13.746 INFO Current price: 0.000000034076 - Current percentage: -10.60% - Max: 80.44% - Min: -10.60% - Market Cap 7018 - Trading time: 00:03:15
08-09-2025 07:41:14.216 INFO Current price: 0.000000033889 - Current percentage: -10.61% - Max: 80.44% - Min: -10.61% - Market Cap 7017 - Trading time: 00:03:15
08-09-2025 07:41:14.823 INFO Current price: 0.000000033808 - Current percentage: -11.03% - Max: 80.44% - Min: -11.03% - Market Cap 6984 - Trading time: 00:03:16
08-09-2025 07:41:15.291 INFO Current price: 0.000000033699 - Current percentage: -11.19% - Max: 80.44% - Min: -11.19% - Market Cap 6972 - Trading time: 00:03:16
08-09-2025 07:41:17.244 INFO Current price: 0.000000033607 - Current percentage: -11.52% - Max: 80.44% - Min: -11.52% - Market Cap 6946 - Trading time: 00:03:18
08-09-2025 07:41:17.652 INFO Current price: 0.000000033249 - Current percentage: -13.07% - Max: 80.44% - Min: -13.07% - Market Cap 6824 - Trading time: 00:03:19
08-09-2025 07:41:21.727 INFO Current price: 0.000000032824 - Current percentage: -13.62% - Max: 80.44% - Min: -13.62% - Market Cap 6781 - Trading time: 00:03:23
08-09-2025 07:41:23.012 INFO Current price: 0.000000032714 - Current percentage: -13.79% - Max: 80.44% - Min: -13.79% - Market Cap 6767 - Trading time: 00:03:24
08-09-2025 07:41:26.304 INFO Current price: 0.000000031579 - Current percentage: -19.51% - Max: 80.44% - Min: -19.51% - Market Cap 6318 - Trading time: 00:03:27
08-09-2025 07:41:27.062 INFO Current price: 0.000000030450 - Current percentage: -19.85% - Max: 80.44% - Min: -19.85% - Market Cap 6292 - Trading time: 00:03:28
08-09-2025 07:41:27.832 INFO Current price: 0.000000030434 - Current percentage: -19.60% - Max: 80.44% - Min: -19.85% - Market Cap 6312 - Trading time: 00:03:29
08-09-2025 07:41:29.368 INFO Current price: 0.000000030017 - Current percentage: -22.03% - Max: 80.44% - Min: -22.03% - Market Cap 6121 - Trading time: 00:03:30
08-09-2025 07:41:30.375 INFO Current price: 0.000000029126 - Current percentage: -24.30% - Max: 80.44% - Min: -24.30% - Market Cap 5943 - Trading time: 00:03:31
08-09-2025 07:41:35.419 INFO Current price: 0.000000028503 - Current percentage: -25.33% - Max: 80.44% - Min: -25.33% - Market Cap 5862 - Trading time: 00:03:36
08-09-2025 07:41:38.273 INFO Current price: 0.000000028302 - Current percentage: -25.36% - Max: 80.44% - Min: -25.36% - Market Cap 5859 - Trading time: 00:03:39
08-09-2025 07:41:43.640 INFO Current price: 0.000000028276 - Current percentage: -25.47% - Max: 80.44% - Min: -25.47% - Market Cap 5851 - Trading time: 00:03:45
08-09-2025 07:42:36.288 INFO Current price: 0.000000028213 - Current percentage: -25.69% - Max: 80.44% - Min: -25.69% - Market Cap 5833 - Trading time: 00:04:37
08-09-2025 07:43:14.502 INFO Current price: 0.000000028101 - Current percentage: -26.06% - Max: 80.44% - Min: -26.06% - Market Cap 5805 - Trading time: 00:05:15
08-09-2025 07:43:33.700 INFO Current price: 0.000000028028 - Current percentage: -26.08% - Max: 80.44% - Min: -26.08% - Market Cap 5803 - Trading time: 00:05:35






08-09-2025 07:53:33.701 INFO {"type":"summary","reason":"inactivity","startedAt":"2025-09-08T05:37:58.591Z","endedAt":"2025-09-08T05:53:33.701Z","durationSec":935,"entryPrice":4.002947950978505e-8,"entryMarketCapSol":37.91073971202257,"entryMarketCapUsd":7850.176872168513,"minPct":-26.079145868308,"maxPct":80.44224325014655,"buyCount":123,"sellCount":164,"tradeCount":287,"entryRecorded":true,"noPostThresholdTrades":false,"triggerAt":"2025-09-08T05:37:58.591Z","ageAtTriggerSec":10,"preTotalTrades":15,"preBuys":11,"preSells":4,"preUniqueTraders":11,"preEntryTotalTrades":16,"preEntryBuys":12,"preEntrySells":4,"preEntryUniqueTraders":12,"preEntryMinMcUsd":7095.84825321036,"preEntryMaxMcUsd":8816.815276900828,"thresholdMcSol":37.91073971202257,"thresholdMcUsd":7850.176872168513,"thresholdPrice":4.002947950978505e-8}
