08-09-2025 06:34:00.433 INFO Entry price: 0.000000045362671799 - Entry market cap: 8398 - Buys 26 - Sells 9 - Ratio: 1:0.35 - Min MarketCap: 7137 - Max MarketCap: 10585
08-09-2025 06:34:00.433 INFO Current price: 0.000000045363 - Current percentage: 0.00% - Max: 0.00% - Min: 0.00% - Market Cap 8398 - Trading time: 00:00:02
08-09-2025 06:34:01.227 INFO Current price: 0.000000042078 - Current percentage: 4.42% - Max: 4.42% - Min: 0.00% - Market Cap 8769 - Trading time: 00:00:02
08-09-2025 06:34:01.766 INFO Current price: 0.000000042260 - Current percentage: 4.76% - Max: 4.76% - Min: 0.00% - Market Cap 8798 - Trading time: 00:00:03
08-09-2025 06:34:01.948 INFO Current price: 0.000000041078 - Current percentage: -1.34% - Max: 4.76% - Min: -1.34% - Market Cap 8285 - Trading time: 00:00:03
08-09-2025 06:34:02.728 INFO Current price: 0.000000039174 - Current percentage: -4.72% - Max: 4.76% - Min: -4.72% - Market Cap 8001 - Trading time: 00:00:04
08-09-2025 06:34:03.463 INFO Current price: 0.000000038746 - Current percentage: -3.48% - Max: 4.76% - Min: -4.72% - Market Cap 8105 - Trading time: 00:00:05
08-09-2025 06:34:03.465 INFO Current price: 0.000000039751 - Current percentage: 0.28% - Max: 4.76% - Min: -4.72% - Market Cap 8422 - Trading time: 00:00:05
08-09-2025 06:34:03.832 INFO Current price: 0.000000041660 - Current percentage: 6.01% - Max: 6.01% - Min: -4.72% - Market Cap 8902 - Trading time: 00:00:05
08-09-2025 06:34:04.195 INFO Current price: 0.000000042832 - Current percentage: 6.01% - Max: 6.01% - Min: -4.72% - Market Cap 8902 - Trading time: 00:00:05
08-09-2025 06:34:06.464 INFO Current price: 0.000000043354 - Current percentage: 8.60% - Max: 8.60% - Min: -4.72% - Market Cap 9120 - Trading time: 00:00:08
08-09-2025 06:34:06.679 INFO Current price: 0.000000043541 - Current percentage: 6.93% - Max: 8.60% - Min: -4.72% - Market Cap 8979 - Trading time: 00:00:08
08-09-2025 06:34:07.053 INFO Current price: 0.000000043226 - Current percentage: 7.04% - Max: 8.60% - Min: -4.72% - Market Cap 8989 - Trading time: 00:00:08
08-09-2025 06:34:07.280 INFO Current price: 0.000000042955 - Current percentage: 5.59% - Max: 8.60% - Min: -4.72% - Market Cap 8867 - Trading time: 00:00:08
08-09-2025 06:34:07.940 INFO Current price: 0.000000042158 - Current percentage: 3.10% - Max: 8.60% - Min: -4.72% - Market Cap 8658 - Trading time: 00:00:09
08-09-2025 06:34:09.183 INFO Current price: 0.000000041482 - Current percentage: 2.23% - Max: 8.60% - Min: -4.72% - Market Cap 8585 - Trading time: 00:00:10
08-09-2025 06:34:09.388 INFO Current price: 0.000000041599 - Current percentage: 3.68% - Max: 8.60% - Min: -4.72% - Market Cap 8707 - Trading time: 00:00:10
08-09-2025 06:34:12.368 INFO Current price: 0.000000042163 - Current percentage: 5.02% - Max: 8.60% - Min: -4.72% - Market Cap 8819 - Trading time: 00:00:13
08-09-2025 06:34:13.080 INFO Current price: 0.000000042468 - Current percentage: 5.19% - Max: 8.60% - Min: -4.72% - Market Cap 8834 - Trading time: 00:00:14
08-09-2025 06:34:13.383 INFO Current price: 0.000000042503 - Current percentage: 5.19% - Max: 8.60% - Min: -4.72% - Market Cap 8834 - Trading time: 00:00:14
08-09-2025 06:34:14.188 INFO Current price: 0.000000042265 - Current percentage: 4.01% - Max: 8.60% - Min: -4.72% - Market Cap 8735 - Trading time: 00:00:15
08-09-2025 06:34:14.251 INFO Current price: 0.000000041993 - Current percentage: 3.84% - Max: 8.60% - Min: -4.72% - Market Cap 8721 - Trading time: 00:00:15
08-09-2025 06:34:14.640 INFO Current price: 0.000000041841 - Current percentage: 3.26% - Max: 8.60% - Min: -4.72% - Market Cap 8672 - Trading time: 00:00:16
08-09-2025 06:34:15.340 INFO Current price: 0.000000042190 - Current percentage: 5.58% - Max: 8.60% - Min: -4.72% - Market Cap 8867 - Trading time: 00:00:16
08-09-2025 06:34:17.144 INFO Current price: 0.000000042242 - Current percentage: 3.52% - Max: 8.60% - Min: -4.72% - Market Cap 8693 - Trading time: 00:00:18
08-09-2025 06:34:18.197 INFO Current price: 0.000000041421 - Current percentage: 1.52% - Max: 8.60% - Min: -4.72% - Market Cap 8525 - Trading time: 00:00:19
08-09-2025 06:34:18.350 INFO Current price: 0.000000041529 - Current percentage: 4.06% - Max: 8.60% - Min: -4.72% - Market Cap 8739 - Trading time: 00:00:19
08-09-2025 06:34:18.580 INFO Current price: 0.000000042050 - Current percentage: 4.06% - Max: 8.60% - Min: -4.72% - Market Cap 8739 - Trading time: 00:00:20
08-09-2025 06:34:18.739 INFO Current price: 0.000000043013 - Current percentage: 8.90% - Max: 8.90% - Min: -4.72% - Market Cap 9146 - Trading time: 00:00:20
08-09-2025 06:34:21.405 INFO Current price: 0.000000044348 - Current percentage: 10.62% - Max: 10.62% - Min: -4.72% - Market Cap 9290 - Trading time: 00:00:22
08-09-2025 06:34:21.982 INFO Current price: 0.000000044621 - Current percentage: 10.25% - Max: 10.62% - Min: -4.72% - Market Cap 9258 - Trading time: 00:00:23
08-09-2025 06:34:23.744 INFO Current price: 0.000000045539 - Current percentage: 15.22% - Max: 15.22% - Min: -4.72% - Market Cap 9676 - Trading time: 00:00:25
08-09-2025 06:34:24.414 INFO Current price: 0.000000046917 - Current percentage: 17.02% - Max: 17.02% - Min: -4.72% - Market Cap 9827 - Trading time: 00:00:25
08-09-2025 06:34:24.626 INFO Current price: 0.000000047294 - Current percentage: 17.08% - Max: 17.08% - Min: -4.72% - Market Cap 9832 - Trading time: 00:00:26
08-09-2025 06:34:25.437 INFO Current price: 0.000000046952 - Current percentage: 15.34% - Max: 17.08% - Min: -4.72% - Market Cap 9686 - Trading time: 00:00:27
08-09-2025 06:34:25.581 INFO Current price: 0.000000046329 - Current percentage: 13.99% - Max: 17.08% - Min: -4.72% - Market Cap 9572 - Trading time: 00:00:27
08-09-2025 06:34:25.854 INFO Current price: 0.000000045749 - Current percentage: 12.47% - Max: 17.08% - Min: -4.72% - Market Cap 9445 - Trading time: 00:00:27
08-09-2025 06:34:25.969 INFO Current price: 0.000000045477 - Current percentage: 12.63% - Max: 17.08% - Min: -4.72% - Market Cap 9459 - Trading time: 00:00:27
08-09-2025 06:34:27.109 INFO Current price: 0.000000044990 - Current percentage: 10.08% - Max: 17.08% - Min: -4.72% - Market Cap 9244 - Trading time: 00:00:28
08-09-2025 06:34:27.390 INFO Current price: 0.000000044718 - Current percentage: 11.27% - Max: 17.08% - Min: -4.72% - Market Cap 9344 - Trading time: 00:00:28
08-09-2025 06:34:28.946 INFO Current price: 0.000000045348 - Current percentage: 13.20% - Max: 17.08% - Min: -4.72% - Market Cap 9507 - Trading time: 00:00:30
08-09-2025 06:34:30.374 INFO Current price: 0.000000046322 - Current percentage: 16.10% - Max: 17.08% - Min: -4.72% - Market Cap 9750 - Trading time: 00:00:31
08-09-2025 06:34:32.677 INFO Current price: 0.000000046924 - Current percentage: 16.16% - Max: 17.08% - Min: -4.72% - Market Cap 9755 - Trading time: 00:00:34
08-09-2025 06:34:32.701 INFO Current price: 0.000000047413 - Current percentage: 18.54% - Max: 18.54% - Min: -4.72% - Market Cap 9954 - Trading time: 00:00:34
08-09-2025 06:34:33.019 INFO Current price: 0.000000047522 - Current percentage: 16.70% - Max: 18.54% - Min: -4.72% - Market Cap 9800 - Trading time: 00:00:34
08-09-2025 06:34:33.390 INFO Current price: 0.000000047656 - Current percentage: 19.20% - Max: 19.20% - Min: -4.72% - Market Cap 10011 - Trading time: 00:00:34
08-09-2025 06:34:34.421 INFO Current price: 0.000000048177 - Current percentage: 19.26% - Max: 19.26% - Min: -4.72% - Market Cap 10016 - Trading time: 00:00:35
08-09-2025 06:34:35.149 INFO Current price: 0.000000048906 - Current percentage: 22.84% - Max: 22.84% - Min: -4.72% - Market Cap 10316 - Trading time: 00:00:36
08-09-2025 06:34:35.849 INFO Current price: 0.000000049756 - Current percentage: 23.44% - Max: 23.44% - Min: -4.72% - Market Cap 10367 - Trading time: 00:00:37
08-09-2025 06:34:35.985 INFO Current price: 0.000000048408 - Current percentage: 16.27% - Max: 23.44% - Min: -4.72% - Market Cap 9764 - Trading time: 00:00:37
08-09-2025 06:34:36.388 INFO Current price: 0.000000047396 - Current percentage: 18.34% - Max: 23.44% - Min: -4.72% - Market Cap 9938 - Trading time: 00:00:37
08-09-2025 06:34:36.811 INFO Current price: 0.000000046696 - Current percentage: 12.86% - Max: 23.44% - Min: -4.72% - Market Cap 9478 - Trading time: 00:00:38
08-09-2025 06:34:38.543 INFO Current price: 0.000000044616 - Current percentage: 8.04% - Max: 23.44% - Min: -4.72% - Market Cap 9073 - Trading time: 00:00:40
08-09-2025 06:34:39.057 INFO Current price: 0.000000044791 - Current percentage: 13.75% - Max: 23.44% - Min: -4.72% - Market Cap 9552 - Trading time: 00:00:40
08-09-2025 06:34:39.292 INFO Current price: 0.000000046001 - Current percentage: 13.95% - Max: 23.44% - Min: -4.72% - Market Cap 9569 - Trading time: 00:00:40
08-09-2025 06:34:39.446 INFO Current price: 0.000000046303 - Current percentage: 15.25% - Max: 23.44% - Min: -4.72% - Market Cap 9678 - Trading time: 00:00:41
08-09-2025 06:34:42.421 INFO Current price: 0.000000046971 - Current percentage: 17.26% - Max: 23.44% - Min: -4.72% - Market Cap 9847 - Trading time: 00:00:43
08-09-2025 06:34:42.728 INFO Current price: 0.000000046699 - Current percentage: 13.92% - Max: 23.44% - Min: -4.72% - Market Cap 9567 - Trading time: 00:00:44
08-09-2025 06:34:42.842 INFO Current price: 0.000000045456 - Current percentage: 11.10% - Max: 23.44% - Min: -4.72% - Market Cap 9330 - Trading time: 00:00:44
08-09-2025 06:34:42.844 INFO Current price: 0.000000044078 - Current percentage: 7.12% - Max: 23.44% - Min: -4.72% - Market Cap 8995 - Trading time: 00:00:44
08-09-2025 06:34:42.873 INFO Current price: 0.000000042356 - Current percentage: 2.59% - Max: 23.44% - Min: -4.72% - Market Cap 8615 - Trading time: 00:00:44
08-09-2025 06:34:42.877 INFO Current price: 0.000000040281 - Current percentage: -3.12% - Max: 23.44% - Min: -4.72% - Market Cap 8135 - Trading time: 00:00:44
08-09-2025 06:34:42.877 INFO Current price: 0.000000038384 - Current percentage: -6.85% - Max: 23.44% - Min: -6.85% - Market Cap 7823 - Trading time: 00:00:44
08-09-2025 06:34:42.879 INFO Current price: 0.000000037287 - Current percentage: -8.58% - Max: 23.44% - Min: -8.58% - Market Cap 7677 - Trading time: 00:00:44
08-09-2025 06:34:42.881 INFO Current price: 0.000000036224 - Current percentage: -12.08% - Max: 23.44% - Min: -12.08% - Market Cap 7383 - Trading time: 00:00:44
08-09-2025 06:34:42.883 INFO Current price: 0.000000035353 - Current percentage: -12.92% - Max: 23.44% - Min: -12.92% - Market Cap 7313 - Trading time: 00:00:44
08-09-2025 06:34:42.891 INFO Current price: 0.000000034918 - Current percentage: -14.23% - Max: 23.44% - Min: -14.23% - Market Cap 7203 - Trading time: 00:00:44
08-09-2025 06:34:42.891 INFO Current price: 0.000000033805 - Current percentage: -18.39% - Max: 23.44% - Min: -18.39% - Market Cap 6854 - Trading time: 00:00:44
08-09-2025 06:34:42.891 INFO Current price: 0.000000032520 - Current percentage: -20.62% - Max: 23.44% - Min: -20.62% - Market Cap 6666 - Trading time: 00:00:44
08-09-2025 06:34:43.015 INFO Current price: 0.000000031418 - Current percentage: -23.83% - Max: 23.44% - Min: -23.83% - Market Cap 6397 - Trading time: 00:00:44
08-09-2025 06:34:43.015 INFO Current price: 0.000000030620 - Current percentage: -24.61% - Max: 23.44% - Min: -24.61% - Market Cap 6332 - Trading time: 00:00:44
08-09-2025 06:34:43.126 INFO Current price: 0.000000030450 - Current percentage: -24.67% - Max: 23.44% - Min: -24.67% - Market Cap 6326 - Trading time: 00:00:44
08-09-2025 06:34:43.176 INFO Current price: 0.000000000000 - Current percentage: -24.67% - Max: 23.44% - Min: -24.67% - Market Cap 6326 - Trading time: 00:00:44
08-09-2025 06:34:44.249 INFO Current price: 0.000000030368 - Current percentage: -25.01% - Max: 23.44% - Min: -25.01% - Market Cap 6297 - Trading time: 00:00:45
08-09-2025 06:34:44.387 INFO Current price: 0.000000030279 - Current percentage: -25.11% - Max: 23.44% - Min: -25.11% - Market Cap 6289 - Trading time: 00:00:45
08-09-2025 06:34:45.584 INFO Current price: 0.000000030201 - Current percentage: -25.40% - Max: 23.44% - Min: -25.40% - Market Cap 6265 - Trading time: 00:00:47
08-09-2025 06:34:45.772 INFO Current price: 0.000000030337 - Current percentage: -24.44% - Max: 23.44% - Min: -25.40% - Market Cap 6345 - Trading time: 00:00:47
08-09-2025 06:34:47.199 INFO Current price: 0.000000029895 - Current percentage: -27.55% - Max: 23.44% - Min: -27.55% - Market Cap 6084 - Trading time: 00:00:48
08-09-2025 06:34:52.885 INFO Current price: 0.000000029246 - Current percentage: -27.68% - Max: 23.44% - Min: -27.68% - Market Cap 6073 - Trading time: 00:00:54
08-09-2025 06:34:57.468 INFO Current price: 0.000000029213 - Current percentage: -27.72% - Max: 23.44% - Min: -27.72% - Market Cap 6070 - Trading time: 00:00:59
08-09-2025 06:35:01.976 INFO Current price: 0.000000029201 - Current percentage: -27.74% - Max: 23.44% - Min: -27.74% - Market Cap 6068 - Trading time: 00:01:03
08-09-2025 06:35:03.027 INFO Current price: 0.000000028996 - Current percentage: -28.73% - Max: 23.44% - Min: -28.73% - Market Cap 5985 - Trading time: 00:01:04
08-09-2025 06:35:04.423 INFO Current price: 0.000000028802 - Current percentage: -28.71% - Max: 23.44% - Min: -28.73% - Market Cap 5987 - Trading time: 00:01:05
08-09-2025 06:35:15.956 INFO Current price: 0.000000028790 - Current percentage: -28.79% - Max: 23.44% - Min: -28.79% - Market Cap 5980 - Trading time: 00:01:17
08-09-2025 06:35:30.539 INFO Current price: 0.000000028596 - Current percentage: -29.66% - Max: 23.44% - Min: -29.66% - Market Cap 5907 - Trading time: 00:01:32
08-09-2025 06:35:47.731 INFO Current price: 0.000000028199 - Current percentage: -30.75% - Max: 23.44% - Min: -30.75% - Market Cap 5815 - Trading time: 00:01:49
08-09-2025 06:36:12.551 INFO Current price: 0.000000027974 - Current percentage: -30.78% - Max: 23.44% - Min: -30.78% - Market Cap 5813 - Trading time: 00:02:14
08-09-2025 06:36:13.005 INFO Current price: 0.000000027965 - Current percentage: -30.80% - Max: 23.44% - Min: -30.80% - Market Cap 5811 - Trading time: 00:02:14






08-09-2025 06:46:13.007 INFO {"type":"summary","reason":"inactivity","startedAt":"2025-09-08T04:33:58.431Z","endedAt":"2025-09-08T04:46:13.007Z","durationSec":734,"entryPrice":4.5362671798695495e-8,"entryMarketCapSol":40.40516178946906,"entryMarketCapUsd":8397.80882632325,"minPct":-30.800414429076927,"maxPct":23.444801130888532,"buyCount":41,"sellCount":52,"tradeCount":93,"entryRecorded":true,"noPostThresholdTrades":false,"triggerAt":"2025-09-08T04:33:58.431Z","ageAtTriggerSec":2,"preTotalTrades":28,"preBuys":20,"preSells":8,"preUniqueTraders":20,"preEntryTotalTrades":35,"preEntryBuys":26,"preEntrySells":9,"preEntryUniqueTraders":26,"preEntryMinMcUsd":7137.002945740487,"preEntryMaxMcUsd":10584.96766182252,"thresholdMcSol":40.40516178946906,"thresholdMcUsd":8397.80882632325,"thresholdPrice":4.5362671798695495e-8}
