08-09-2025 13:39:13.206 INFO Entry price: 0.000000041878689859 - Entry market cap: 8457 - Buys 5 - Sells 3 - Ratio: 1:0.60 - Min MarketCap: 6777 - Max MarketCap: 9490
08-09-2025 13:39:13.206 INFO Current price: 0.000000041879 - Current percentage: 0.00% - Max: 0.00% - Min: 0.00% - Market Cap 8457 - Trading time: 00:00:02
08-09-2025 13:39:13.403 INFO Current price: 0.000000033150 - Current percentage: -14.03% - Max: 0.00% - Min: -14.03% - Market Cap 7270 - Trading time: 00:00:02
08-09-2025 13:39:13.404 INFO Current price: 0.000000035165 - Current percentage: -8.89% - Max: 0.00% - Min: -14.03% - Market Cap 7705 - Trading time: 00:00:02
08-09-2025 13:39:13.406 INFO Current price: 0.000000037240 - Current percentage: -3.59% - Max: 0.00% - Min: -14.03% - Market Cap 8153 - Trading time: 00:00:02
08-09-2025 13:39:13.498 INFO Current price: 0.000000039375 - Current percentage: 1.86% - Max: 1.86% - Min: -14.03% - Market Cap 8614 - Trading time: 00:00:02
08-09-2025 13:39:13.499 INFO Current price: 0.000000041569 - Current percentage: 7.46% - Max: 7.46% - Min: -14.03% - Market Cap 9087 - Trading time: 00:00:02
08-09-2025 13:39:13.501 INFO Current price: 0.000000043822 - Current percentage: 13.20% - Max: 13.20% - Min: -14.03% - Market Cap 9573 - Trading time: 00:00:02
08-09-2025 13:39:14.482 INFO Current price: 0.000000043043 - Current percentage: 4.72% - Max: 13.20% - Min: -14.03% - Market Cap 8856 - Trading time: 00:00:03
08-09-2025 13:39:14.488 INFO Current price: 0.000000039695 - Current percentage: -3.72% - Max: 13.20% - Min: -14.03% - Market Cap 8142 - Trading time: 00:00:03
08-09-2025 13:39:18.536 INFO Current price: 0.000000038988 - Current percentage: 0.01% - Max: 13.20% - Min: -14.03% - Market Cap 8458 - Trading time: 00:00:07
08-09-2025 13:39:18.537 INFO Current price: 0.000000040504 - Current percentage: 3.91% - Max: 13.20% - Min: -14.03% - Market Cap 8787 - Trading time: 00:00:07
08-09-2025 13:39:18.538 INFO Current price: 0.000000041957 - Current percentage: 7.31% - Max: 13.20% - Min: -14.03% - Market Cap 9075 - Trading time: 00:00:07
08-09-2025 13:39:18.633 INFO Current price: 0.000000046177 - Current percentage: 25.86% - Max: 25.86% - Min: -14.03% - Market Cap 10644 - Trading time: 00:00:07
08-09-2025 13:39:22.956 INFO Current price: 0.000000045945 - Current percentage: 7.31% - Max: 25.86% - Min: -14.03% - Market Cap 9075 - Trading time: 00:00:11
08-09-2025 13:39:24.438 INFO Current price: 0.000000044363 - Current percentage: 16.17% - Max: 25.86% - Min: -14.03% - Market Cap 9824 - Trading time: 00:00:13
08-09-2025 13:39:24.440 INFO Current price: 0.000000047995 - Current percentage: 25.60% - Max: 25.86% - Min: -14.03% - Market Cap 10622 - Trading time: 00:00:13
08-09-2025 13:39:26.685 INFO Current price: 0.000000052366 - Current percentage: 38.29% - Max: 38.29% - Min: -14.03% - Market Cap 11695 - Trading time: 00:00:15
08-09-2025 13:39:26.689 INFO Current price: 0.000000057531 - Current percentage: 51.60% - Max: 51.60% - Min: -14.03% - Market Cap 12820 - Trading time: 00:00:15
08-09-2025 13:39:29.861 INFO Current price: 0.000000060241 - Current percentage: 51.63% - Max: 51.63% - Min: -14.03% - Market Cap 12823 - Trading time: 00:00:18
08-09-2025 13:39:30.365 INFO Current price: 0.000000057433 - Current percentage: 39.19% - Max: 51.63% - Min: -14.03% - Market Cap 11771 - Trading time: 00:00:19
08-09-2025 13:39:30.369 INFO Current price: 0.000000052694 - Current percentage: 27.64% - Max: 51.63% - Min: -14.03% - Market Cap 10794 - Trading time: 00:00:19
08-09-2025 13:39:30.993 INFO Current price: 0.000000049388 - Current percentage: 22.27% - Max: 51.63% - Min: -14.03% - Market Cap 10340 - Trading time: 00:00:19
08-09-2025 13:39:30.996 INFO Current price: 0.000000047347 - Current percentage: 17.31% - Max: 51.63% - Min: -14.03% - Market Cap 9920 - Trading time: 00:00:19
08-09-2025 13:39:30.997 INFO Current price: 0.000000045601 - Current percentage: 13.42% - Max: 51.63% - Min: -14.03% - Market Cap 9592 - Trading time: 00:00:19
08-09-2025 13:39:31.608 INFO Current price: 0.000000045651 - Current percentage: 16.38% - Max: 51.63% - Min: -14.03% - Market Cap 9842 - Trading time: 00:00:20
08-09-2025 13:39:31.756 INFO Current price: 0.000000046536 - Current percentage: 17.86% - Max: 51.63% - Min: -14.03% - Market Cap 9968 - Trading time: 00:00:20
08-09-2025 13:39:34.608 INFO Current price: 0.000000049192 - Current percentage: 30.04% - Max: 51.63% - Min: -14.03% - Market Cap 10998 - Trading time: 00:00:23
08-09-2025 13:39:37.671 INFO Current price: 0.000000059055 - Current percentage: 52.00% - Max: 52.00% - Min: -14.03% - Market Cap 12854 - Trading time: 00:00:26
08-09-2025 13:39:37.715 INFO Current price: 0.000000061735 - Current percentage: 58.82% - Max: 58.82% - Min: -14.03% - Market Cap 13431 - Trading time: 00:00:26
08-09-2025 13:39:38.511 INFO Current price: 0.000000063516 - Current percentage: 60.90% - Max: 60.90% - Min: -14.03% - Market Cap 13607 - Trading time: 00:00:27
08-09-2025 13:39:38.931 INFO Current price: 0.000000063943 - Current percentage: 60.97% - Max: 60.97% - Min: -14.03% - Market Cap 13613 - Trading time: 00:00:27
08-09-2025 13:39:39.769 INFO Current price: 0.000000063971 - Current percentage: 61.04% - Max: 61.04% - Min: -14.03% - Market Cap 13618 - Trading time: 00:00:28
08-09-2025 13:39:40.385 INFO Current price: 0.000000062272 - Current percentage: 54.07% - Max: 61.04% - Min: -14.03% - Market Cap 13030 - Trading time: 00:00:29
08-09-2025 13:39:40.543 INFO Current price: 0.000000058904 - Current percentage: 47.94% - Max: 61.04% - Min: -14.03% - Market Cap 12511 - Trading time: 00:00:29
08-09-2025 13:39:41.098 INFO Current price: 0.000000059442 - Current percentage: 51.28% - Max: 61.04% - Min: -14.03% - Market Cap 12794 - Trading time: 00:00:29
08-09-2025 13:39:43.436 INFO Current price: 0.000000057127 - Current percentage: 38.02% - Max: 61.04% - Min: -14.03% - Market Cap 11672 - Trading time: 00:00:32
08-09-2025 13:39:43.438 INFO Current price: 0.000000052003 - Current percentage: 25.36% - Max: 61.04% - Min: -14.03% - Market Cap 10602 - Trading time: 00:00:32
08-09-2025 13:39:44.387 INFO Current price: 0.000000049836 - Current percentage: 25.49% - Max: 61.04% - Min: -14.03% - Market Cap 10612 - Trading time: 00:00:33
08-09-2025 13:39:44.525 INFO Current price: 0.000000049873 - Current percentage: 25.55% - Max: 61.04% - Min: -14.03% - Market Cap 10618 - Trading time: 00:00:33
08-09-2025 13:39:45.965 INFO Current price: 0.000000051103 - Current percentage: 31.76% - Max: 61.04% - Min: -14.03% - Market Cap 11142 - Trading time: 00:00:34
08-09-2025 13:39:46.668 INFO Current price: 0.000000051547 - Current percentage: 29.03% - Max: 61.04% - Min: -14.03% - Market Cap 10912 - Trading time: 00:00:35
08-09-2025 13:39:48.091 INFO Current price: 0.000000048573 - Current percentage: 16.99% - Max: 61.04% - Min: -14.03% - Market Cap 9894 - Trading time: 00:00:36
08-09-2025 13:39:48.099 INFO Current price: 0.000000044667 - Current percentage: 9.12% - Max: 61.04% - Min: -14.03% - Market Cap 9228 - Trading time: 00:00:36
08-09-2025 13:39:48.099 INFO Current price: 0.000000041990 - Current percentage: 3.39% - Max: 61.04% - Min: -14.03% - Market Cap 8744 - Trading time: 00:00:36
08-09-2025 13:39:48.099 INFO Current price: 0.000000039758 - Current percentage: -2.18% - Max: 61.04% - Min: -14.03% - Market Cap 8273 - Trading time: 00:00:36
08-09-2025 13:39:48.119 INFO Current price: 0.000000037588 - Current percentage: -7.59% - Max: 61.04% - Min: -14.03% - Market Cap 7815 - Trading time: 00:00:36
08-09-2025 13:39:48.187 INFO Current price: 0.000000035682 - Current percentage: -11.84% - Max: 61.04% - Min: -14.03% - Market Cap 7455 - Trading time: 00:00:36
08-09-2025 13:39:48.190 INFO Current price: 0.000000033868 - Current percentage: -16.75% - Max: 61.04% - Min: -16.75% - Market Cap 7041 - Trading time: 00:00:36
08-09-2025 13:39:48.833 INFO Current price: 0.000000032418 - Current percentage: -17.53% - Max: 61.04% - Min: -17.53% - Market Cap 6974 - Trading time: 00:00:37
08-09-2025 13:39:49.426 INFO Current price: 0.000000032067 - Current percentage: -20.22% - Max: 61.04% - Min: -20.22% - Market Cap 6747 - Trading time: 00:00:38
08-09-2025 13:39:51.270 INFO Current price: 0.000000030952 - Current percentage: -23.17% - Max: 61.04% - Min: -23.17% - Market Cap 6498 - Trading time: 00:00:40
08-09-2025 13:39:51.473 INFO Current price: 0.000000028752 - Current percentage: -27.28% - Max: 61.04% - Min: -27.28% - Market Cap 6149 - Trading time: 00:00:40
08-09-2025 13:39:54.181 INFO Current price: 0.000000028742 - Current percentage: -27.31% - Max: 61.04% - Min: -27.31% - Market Cap 6147 - Trading time: 00:00:42
08-09-2025 13:40:02.031 INFO Current price: 0.000000028022 - Current percentage: -29.42% - Max: 61.04% - Min: -29.42% - Market Cap 5968 - Trading time: 00:00:50
08-09-2025 13:40:03.220 INFO Current price: 0.000000028050 - Current percentage: -29.39% - Max: 61.04% - Min: -29.42% - Market Cap 5972 - Trading time: 00:00:52
08-09-2025 13:40:17.421 INFO Current price: 0.000000027912 - Current percentage: -29.41% - Max: 61.04% - Min: -29.42% - Market Cap 5970 - Trading time: 00:01:06






08-09-2025 13:50:17.423 INFO {"type":"summary","reason":"inactivity","startedAt":"2025-09-08T11:39:11.205Z","endedAt":"2025-09-08T11:50:17.423Z","durationSec":666,"entryPrice":4.187868985873012e-8,"entryMarketCapSol":39.63085315509414,"entryMarketCapUsd":8456.827754765538,"minPct":-29.423968905075977,"maxPct":61.035021894815735,"buyCount":29,"sellCount":29,"tradeCount":58,"entryRecorded":true,"noPostThresholdTrades":false,"triggerAt":"2025-09-08T11:39:11.205Z","ageAtTriggerSec":2,"preTotalTrades":5,"preBuys":5,"preSells":0,"preUniqueTraders":5,"preEntryTotalTrades":8,"preEntryBuys":5,"preEntrySells":3,"preEntryUniqueTraders":5,"preEntryMinMcUsd":6776.801673939078,"preEntryMaxMcUsd":9489.767758999296,"thresholdMcSol":39.63085315509414,"thresholdMcUsd":8456.827754765538,"thresholdPrice":4.187868985873012e-8}
