07-09-2025 21:54:29.357 INFO Entry price: 0.000000067437389214 - Entry market cap: 13006 - Buys 63 - Sells 54 - Ratio: 1:0.86 - Min MarketCap: 6479 - Max MarketCap: 15222
07-09-2025 21:54:29.357 INFO Current price: 0.000000067437 - Current percentage: 0.00% - Max: 0.00% - Min: 0.00% - Market Cap 13006 - Trading time: 00:00:02
07-09-2025 21:54:29.461 INFO Current price: 0.000000038426 - Current percentage: -40.10% - Max: 0.00% - Min: -40.10% - Market Cap 7790 - Trading time: 00:00:02
07-09-2025 21:54:29.803 INFO Current price: 0.000000038430 - Current percentage: -40.13% - Max: 0.00% - Min: -40.13% - Market Cap 7787 - Trading time: 00:00:02
07-09-2025 21:54:29.827 INFO Current price: 0.000000038465 - Current percentage: -39.99% - Max: 0.00% - Min: -40.13% - Market Cap 7804 - Trading time: 00:00:02
07-09-2025 21:54:30.309 INFO Current price: 0.000000039042 - Current percentage: -38.32% - Max: 0.00% - Min: -40.13% - Market Cap 8023 - Trading time: 00:00:02
07-09-2025 21:54:30.821 INFO Current price: 0.000000040669 - Current percentage: -34.89% - Max: 0.00% - Min: -40.13% - Market Cap 8468 - Trading time: 00:00:03
07-09-2025 21:54:32.578 INFO Current price: 0.000000042345 - Current percentage: -33.13% - Max: 0.00% - Min: -40.13% - Market Cap 8698 - Trading time: 00:00:05
07-09-2025 21:54:32.621 INFO Current price: 0.000000042827 - Current percentage: -33.40% - Max: 0.00% - Min: -40.13% - Market Cap 8662 - Trading time: 00:00:05
07-09-2025 21:54:32.640 INFO Current price: 0.000000042851 - Current percentage: -33.05% - Max: 0.00% - Min: -40.13% - Market Cap 8708 - Trading time: 00:00:05
07-09-2025 21:54:32.741 INFO Current price: 0.000000043190 - Current percentage: -32.34% - Max: 0.00% - Min: -40.13% - Market Cap 8799 - Trading time: 00:00:05
07-09-2025 21:54:32.831 INFO Current price: 0.000000040731 - Current percentage: -40.46% - Max: 0.00% - Min: -40.46% - Market Cap 7744 - Trading time: 00:00:05
07-09-2025 21:54:33.016 INFO Current price: 0.000000037591 - Current percentage: -42.37% - Max: 0.00% - Min: -42.37% - Market Cap 7495 - Trading time: 00:00:05
07-09-2025 21:54:33.754 INFO Current price: 0.000000037002 - Current percentage: -42.31% - Max: 0.00% - Min: -42.37% - Market Cap 7504 - Trading time: 00:00:06
07-09-2025 21:54:34.036 INFO Current price: 0.000000037548 - Current percentage: -40.66% - Max: 0.00% - Min: -42.37% - Market Cap 7718 - Trading time: 00:00:06
07-09-2025 21:54:35.579 INFO Current price: 0.000000038052 - Current percentage: -40.75% - Max: 0.00% - Min: -42.37% - Market Cap 7707 - Trading time: 00:00:08
07-09-2025 21:54:36.215 INFO Current price: 0.000000039001 - Current percentage: -37.67% - Max: 0.00% - Min: -42.37% - Market Cap 8107 - Trading time: 00:00:08
07-09-2025 21:54:37.281 INFO Current price: 0.000000040111 - Current percentage: -37.33% - Max: 0.00% - Min: -42.37% - Market Cap 8151 - Trading time: 00:00:09
07-09-2025 21:54:38.961 INFO Current price: 0.000000041220 - Current percentage: -34.17% - Max: 0.00% - Min: -42.37% - Market Cap 8562 - Trading time: 00:00:11
07-09-2025 21:54:38.963 INFO Current price: 0.000000043460 - Current percentage: -30.33% - Max: 0.00% - Min: -42.37% - Market Cap 9062 - Trading time: 00:00:11
07-09-2025 21:54:39.246 INFO Current price: 0.000000044728 - Current percentage: -30.27% - Max: 0.00% - Min: -42.37% - Market Cap 9069 - Trading time: 00:00:11
07-09-2025 21:54:39.366 INFO Current price: 0.000000044069 - Current percentage: -32.37% - Max: 0.00% - Min: -42.37% - Market Cap 8796 - Trading time: 00:00:12
07-09-2025 21:54:39.636 INFO Current price: 0.000000043403 - Current percentage: -32.37% - Max: 0.00% - Min: -42.37% - Market Cap 8796 - Trading time: 00:00:12
07-09-2025 21:54:39.777 INFO Current price: 0.000000043537 - Current percentage: -31.95% - Max: 0.00% - Min: -42.37% - Market Cap 8851 - Trading time: 00:00:12
07-09-2025 21:54:39.915 INFO Current price: 0.000000043785 - Current percentage: -31.59% - Max: 0.00% - Min: -42.37% - Market Cap 8897 - Trading time: 00:00:12
07-09-2025 21:54:40.873 INFO Current price: 0.000000044585 - Current percentage: -29.44% - Max: 0.00% - Min: -42.37% - Market Cap 9177 - Trading time: 00:00:13
07-09-2025 21:54:41.392 INFO Current price: 0.000000047083 - Current percentage: -23.71% - Max: 0.00% - Min: -42.37% - Market Cap 9922 - Trading time: 00:00:14
07-09-2025 21:54:41.410 INFO Current price: 0.000000050700 - Current percentage: -18.18% - Max: 0.00% - Min: -42.37% - Market Cap 10641 - Trading time: 00:00:14
07-09-2025 21:54:41.816 INFO Current price: 0.000000052506 - Current percentage: -18.18% - Max: 0.00% - Min: -42.37% - Market Cap 10641 - Trading time: 00:00:14
07-09-2025 21:54:41.864 INFO Current price: 0.000000052569 - Current percentage: -17.99% - Max: 0.00% - Min: -42.37% - Market Cap 10667 - Trading time: 00:00:14
07-09-2025 21:54:42.343 INFO Current price: 0.000000052656 - Current percentage: -17.91% - Max: 0.00% - Min: -42.37% - Market Cap 10677 - Trading time: 00:00:14
07-09-2025 21:54:42.747 INFO Current price: 0.000000051851 - Current percentage: -20.48% - Max: 0.00% - Min: -42.37% - Market Cap 10343 - Trading time: 00:00:15
07-09-2025 21:54:44.211 INFO Current price: 0.000000050887 - Current percentage: -20.93% - Max: 0.00% - Min: -42.37% - Market Cap 10284 - Trading time: 00:00:16
07-09-2025 21:54:45.260 INFO Current price: 0.000000051969 - Current percentage: -17.06% - Max: 0.00% - Min: -42.37% - Market Cap 10787 - Trading time: 00:00:17
07-09-2025 21:54:45.359 INFO Current price: 0.000000054906 - Current percentage: -11.74% - Max: 0.00% - Min: -42.37% - Market Cap 11479 - Trading time: 00:00:18
07-09-2025 21:54:45.746 INFO Current price: 0.000000056652 - Current percentage: -11.70% - Max: 0.00% - Min: -42.37% - Market Cap 11484 - Trading time: 00:00:18
07-09-2025 21:54:48.768 INFO Current price: 0.000000055802 - Current percentage: -14.37% - Max: 0.00% - Min: -42.37% - Market Cap 11137 - Trading time: 00:00:21
07-09-2025 21:54:49.208 INFO Current price: 0.000000054920 - Current percentage: -14.47% - Max: 0.00% - Min: -42.37% - Market Cap 11124 - Trading time: 00:00:21
07-09-2025 21:54:49.232 INFO Current price: 0.000000054714 - Current percentage: -15.01% - Max: 0.00% - Min: -42.37% - Market Cap 11054 - Trading time: 00:00:21
07-09-2025 21:54:49.814 INFO Current price: 0.000000054604 - Current percentage: -14.81% - Max: 0.00% - Min: -42.37% - Market Cap 11079 - Trading time: 00:00:22
07-09-2025 21:54:50.236 INFO Current price: 0.000000054347 - Current percentage: -15.81% - Max: 0.00% - Min: -42.37% - Market Cap 10950 - Trading time: 00:00:22
07-09-2025 21:54:52.033 INFO Current price: 0.000000054054 - Current percentage: -15.73% - Max: 0.00% - Min: -42.37% - Market Cap 10960 - Trading time: 00:00:24
07-09-2025 21:54:52.129 INFO Current price: 0.000000052805 - Current percentage: -19.66% - Max: 0.00% - Min: -42.37% - Market Cap 10450 - Trading time: 00:00:24
07-09-2025 21:54:52.413 INFO Current price: 0.000000051377 - Current percentage: -20.22% - Max: 0.00% - Min: -42.37% - Market Cap 10376 - Trading time: 00:00:25
07-09-2025 21:54:53.237 INFO Current price: 0.000000051015 - Current percentage: -20.78% - Max: 0.00% - Min: -42.37% - Market Cap 10303 - Trading time: 00:00:25
07-09-2025 21:54:56.100 INFO Current price: 0.000000050958 - Current percentage: -20.40% - Max: 0.00% - Min: -42.37% - Market Cap 10353 - Trading time: 00:00:28
07-09-2025 21:54:56.120 INFO Current price: 0.000000051204 - Current percentage: -20.02% - Max: 0.00% - Min: -42.37% - Market Cap 10403 - Trading time: 00:00:28
07-09-2025 21:54:56.899 INFO Current price: 0.000000051452 - Current percentage: -19.63% - Max: 0.00% - Min: -42.37% - Market Cap 10453 - Trading time: 00:00:29
07-09-2025 21:54:57.131 INFO Current price: 0.000000051566 - Current percentage: -19.66% - Max: 0.00% - Min: -42.37% - Market Cap 10449 - Trading time: 00:00:29
07-09-2025 21:54:57.175 INFO Current price: 0.000000051556 - Current percentage: -19.66% - Max: 0.00% - Min: -42.37% - Market Cap 10449 - Trading time: 00:00:29
07-09-2025 21:54:57.221 INFO Current price: 0.000000051579 - Current percentage: -19.59% - Max: 0.00% - Min: -42.37% - Market Cap 10459 - Trading time: 00:00:29
07-09-2025 21:54:57.760 INFO Current price: 0.000000051675 - Current percentage: -19.36% - Max: 0.00% - Min: -42.37% - Market Cap 10488 - Trading time: 00:00:30
07-09-2025 21:54:57.842 INFO Current price: 0.000000051995 - Current percentage: -18.59% - Max: 0.00% - Min: -42.37% - Market Cap 10588 - Trading time: 00:00:30
07-09-2025 21:55:00.026 INFO Current price: 0.000000052557 - Current percentage: -17.61% - Max: 0.00% - Min: -42.37% - Market Cap 10716 - Trading time: 00:00:32
07-09-2025 21:55:00.036 INFO Current price: 0.000000053184 - Current percentage: -16.64% - Max: 0.00% - Min: -42.37% - Market Cap 10842 - Trading time: 00:00:32
07-09-2025 21:55:02.199 INFO Current price: 0.000000053411 - Current percentage: -16.90% - Max: 0.00% - Min: -42.37% - Market Cap 10807 - Trading time: 00:00:34
07-09-2025 21:55:02.274 INFO Current price: 0.000000052841 - Current percentage: -18.41% - Max: 0.00% - Min: -42.37% - Market Cap 10612 - Trading time: 00:00:34
07-09-2025 21:55:03.297 INFO Current price: 0.000000053501 - Current percentage: -14.81% - Max: 0.00% - Min: -42.37% - Market Cap 11079 - Trading time: 00:00:35
07-09-2025 21:55:03.298 INFO Current price: 0.000000056050 - Current percentage: -10.45% - Max: 0.00% - Min: -42.37% - Market Cap 11647 - Trading time: 00:00:35
07-09-2025 21:55:05.831 INFO Current price: 0.000000057501 - Current percentage: -10.35% - Max: 0.00% - Min: -42.37% - Market Cap 11660 - Trading time: 00:00:38
07-09-2025 21:55:05.888 INFO Current price: 0.000000057534 - Current percentage: -10.35% - Max: 0.00% - Min: -42.37% - Market Cap 11660 - Trading time: 00:00:38
07-09-2025 21:55:05.916 INFO Current price: 0.000000057619 - Current percentage: -10.08% - Max: 0.00% - Min: -42.37% - Market Cap 11695 - Trading time: 00:00:38
07-09-2025 21:55:06.112 INFO Current price: 0.000000057837 - Current percentage: -9.67% - Max: 0.00% - Min: -42.37% - Market Cap 11749 - Trading time: 00:00:38
07-09-2025 21:55:07.087 INFO Current price: 0.000000058954 - Current percentage: -6.57% - Max: 0.00% - Min: -42.37% - Market Cap 12151 - Trading time: 00:00:39
07-09-2025 21:55:07.151 INFO Current price: 0.000000059981 - Current percentage: -6.49% - Max: 0.00% - Min: -42.37% - Market Cap 12162 - Trading time: 00:00:39
07-09-2025 21:55:08.316 INFO Current price: 0.000000061343 - Current percentage: -2.28% - Max: 0.00% - Min: -42.37% - Market Cap 12709 - Trading time: 00:00:40
07-09-2025 21:55:08.798 INFO Current price: 0.000000062994 - Current percentage: -1.39% - Max: 0.00% - Min: -42.37% - Market Cap 12825 - Trading time: 00:00:41
07-09-2025 21:55:09.017 INFO Current price: 0.000000063977 - Current percentage: 0.79% - Max: 0.79% - Min: -42.37% - Market Cap 13109 - Trading time: 00:00:41
07-09-2025 21:55:09.017 INFO Current price: 0.000000065363 - Current percentage: 2.93% - Max: 2.93% - Min: -42.37% - Market Cap 13387 - Trading time: 00:00:41
07-09-2025 21:55:09.719 INFO Current price: 0.000000067454 - Current percentage: 7.34% - Max: 7.34% - Min: -42.37% - Market Cap 13961 - Trading time: 00:00:42
07-09-2025 21:55:10.729 INFO Current price: 0.000000068228 - Current percentage: 5.31% - Max: 7.34% - Min: -42.37% - Market Cap 13696 - Trading time: 00:00:43
07-09-2025 21:55:11.074 INFO Current price: 0.000000067776 - Current percentage: 5.92% - Max: 7.34% - Min: -42.37% - Market Cap 13776 - Trading time: 00:00:43
07-09-2025 21:55:11.075 INFO Current price: 0.000000068259 - Current percentage: 6.81% - Max: 7.34% - Min: -42.37% - Market Cap 13892 - Trading time: 00:00:43
07-09-2025 21:55:12.226 INFO Current price: 0.000000068353 - Current percentage: 6.22% - Max: 7.34% - Min: -42.37% - Market Cap 13814 - Trading time: 00:00:44
07-09-2025 21:55:14.273 INFO Current price: 0.000000068073 - Current percentage: 5.94% - Max: 7.34% - Min: -42.37% - Market Cap 13778 - Trading time: 00:00:46
07-09-2025 21:55:14.509 INFO Current price: 0.000000067215 - Current percentage: 3.55% - Max: 7.34% - Min: -42.37% - Market Cap 13468 - Trading time: 00:00:47
07-09-2025 21:55:15.762 INFO Current price: 0.000000066020 - Current percentage: 2.21% - Max: 7.34% - Min: -42.37% - Market Cap 13293 - Trading time: 00:00:48
07-09-2025 21:55:15.764 INFO Current price: 0.000000065154 - Current percentage: 0.86% - Max: 7.34% - Min: -42.37% - Market Cap 13117 - Trading time: 00:00:48
07-09-2025 21:55:20.028 INFO Current price: 0.000000065252 - Current percentage: 1.90% - Max: 7.34% - Min: -42.37% - Market Cap 13253 - Trading time: 00:00:52
07-09-2025 21:55:20.873 INFO Current price: 0.000000065392 - Current percentage: 1.90% - Max: 7.34% - Min: -42.37% - Market Cap 13253 - Trading time: 00:00:53
07-09-2025 21:55:21.238 INFO Current price: 0.000000065671 - Current percentage: 2.77% - Max: 7.34% - Min: -42.37% - Market Cap 13366 - Trading time: 00:00:53
07-09-2025 21:55:22.822 INFO Current price: 0.000000065951 - Current percentage: 2.77% - Max: 7.34% - Min: -42.37% - Market Cap 13366 - Trading time: 00:00:55
07-09-2025 21:55:27.119 INFO Current price: 0.000000064222 - Current percentage: -2.55% - Max: 7.34% - Min: -42.37% - Market Cap 12674 - Trading time: 00:00:59
07-09-2025 21:55:27.224 INFO Current price: 0.000000060530 - Current percentage: -8.70% - Max: 7.34% - Min: -42.37% - Market Cap 11874 - Trading time: 00:00:59
07-09-2025 21:55:28.485 INFO Current price: 0.000000056520 - Current percentage: -15.03% - Max: 7.34% - Min: -42.37% - Market Cap 11051 - Trading time: 00:01:01
07-09-2025 21:55:28.566 INFO Current price: 0.000000054588 - Current percentage: -14.84% - Max: 7.34% - Min: -42.37% - Market Cap 11076 - Trading time: 00:01:01
07-09-2025 21:55:29.555 INFO Current price: 0.000000054780 - Current percentage: -14.44% - Max: 7.34% - Min: -42.37% - Market Cap 11128 - Trading time: 00:01:02
07-09-2025 21:55:29.860 INFO Current price: 0.000000055163 - Current percentage: -13.64% - Max: 7.34% - Min: -42.37% - Market Cap 11232 - Trading time: 00:01:02
07-09-2025 21:55:29.971 INFO Current price: 0.000000055804 - Current percentage: -12.44% - Max: 7.34% - Min: -42.37% - Market Cap 11388 - Trading time: 00:01:02
07-09-2025 21:55:35.397 INFO Current price: 0.000000056050 - Current percentage: -12.88% - Max: 7.34% - Min: -42.37% - Market Cap 11331 - Trading time: 00:01:08
07-09-2025 21:55:35.398 INFO Current price: 0.000000055921 - Current percentage: -12.84% - Max: 7.34% - Min: -42.37% - Market Cap 11336 - Trading time: 00:01:08
07-09-2025 21:55:39.101 INFO Current price: 0.000000054190 - Current percentage: -18.19% - Max: 7.34% - Min: -42.37% - Market Cap 10640 - Trading time: 00:01:11
07-09-2025 21:55:39.107 INFO Current price: 0.000000051084 - Current percentage: -22.54% - Max: 7.34% - Min: -42.37% - Market Cap 10074 - Trading time: 00:01:11
07-09-2025 21:55:39.536 INFO Current price: 0.000000049530 - Current percentage: -23.09% - Max: 7.34% - Min: -42.37% - Market Cap 10003 - Trading time: 00:01:12
07-09-2025 21:55:40.567 INFO Current price: 0.000000049139 - Current percentage: -23.76% - Max: 7.34% - Min: -42.37% - Market Cap 9915 - Trading time: 00:01:13
07-09-2025 21:55:41.135 INFO Current price: 0.000000050130 - Current percentage: -19.96% - Max: 7.34% - Min: -42.37% - Market Cap 10410 - Trading time: 00:01:13
07-09-2025 21:55:42.258 INFO Current price: 0.000000051402 - Current percentage: -19.84% - Max: 7.34% - Min: -42.37% - Market Cap 10425 - Trading time: 00:01:14
07-09-2025 21:55:43.000 INFO Current price: 0.000000051477 - Current percentage: -19.73% - Max: 7.34% - Min: -42.37% - Market Cap 10441 - Trading time: 00:01:15
07-09-2025 21:55:44.645 INFO Current price: 0.000000051639 - Current percentage: -19.34% - Max: 7.34% - Min: -42.37% - Market Cap 10491 - Trading time: 00:01:17
07-09-2025 21:55:44.957 INFO Current price: 0.000000051725 - Current percentage: -19.46% - Max: 7.34% - Min: -42.37% - Market Cap 10476 - Trading time: 00:01:17
07-09-2025 21:55:47.787 INFO Current price: 0.000000051564 - Current percentage: -19.84% - Max: 7.34% - Min: -42.37% - Market Cap 10425 - Trading time: 00:01:20
07-09-2025 21:55:48.656 INFO Current price: 0.000000051465 - Current percentage: -19.76% - Max: 7.34% - Min: -42.37% - Market Cap 10435 - Trading time: 00:01:21
07-09-2025 21:55:50.873 INFO Current price: 0.000000050250 - Current percentage: -23.58% - Max: 7.34% - Min: -42.37% - Market Cap 9939 - Trading time: 00:01:23
07-09-2025 21:55:51.735 INFO Current price: 0.000000049018 - Current percentage: -23.65% - Max: 7.34% - Min: -42.37% - Market Cap 9930 - Trading time: 00:01:24
07-09-2025 21:55:52.581 INFO Current price: 0.000000048135 - Current percentage: -26.31% - Max: 7.34% - Min: -42.37% - Market Cap 9584 - Trading time: 00:01:25
07-09-2025 21:55:52.882 INFO Current price: 0.000000047236 - Current percentage: -26.48% - Max: 7.34% - Min: -42.37% - Market Cap 9563 - Trading time: 00:01:25
07-09-2025 21:55:53.270 INFO Current price: 0.000000046810 - Current percentage: -27.63% - Max: 7.34% - Min: -42.37% - Market Cap 9412 - Trading time: 00:01:25
07-09-2025 21:55:53.538 INFO Current price: 0.000000045756 - Current percentage: -29.75% - Max: 7.34% - Min: -42.37% - Market Cap 9137 - Trading time: 00:01:26
07-09-2025 21:55:54.172 INFO Current price: 0.000000045035 - Current percentage: -29.90% - Max: 7.34% - Min: -42.37% - Market Cap 9118 - Trading time: 00:01:26
07-09-2025 21:55:54.773 INFO Current price: 0.000000045565 - Current percentage: -28.08% - Max: 7.34% - Min: -42.37% - Market Cap 9353 - Trading time: 00:01:27
07-09-2025 21:55:55.006 INFO Current price: 0.000000046262 - Current percentage: -27.74% - Max: 7.34% - Min: -42.37% - Market Cap 9398 - Trading time: 00:01:27
07-09-2025 21:55:56.123 INFO Current price: 0.000000046607 - Current percentage: -27.00% - Max: 7.34% - Min: -42.37% - Market Cap 9494 - Trading time: 00:01:28
07-09-2025 21:55:57.006 INFO Current price: 0.000000046879 - Current percentage: -26.89% - Max: 7.34% - Min: -42.37% - Market Cap 9508 - Trading time: 00:01:29
07-09-2025 21:55:57.263 INFO Current price: 0.000000047032 - Current percentage: -26.53% - Max: 7.34% - Min: -42.37% - Market Cap 9556 - Trading time: 00:01:29
07-09-2025 21:55:58.719 INFO Current price: 0.000000046981 - Current percentage: -27.05% - Max: 7.34% - Min: -42.37% - Market Cap 9487 - Trading time: 00:01:31
07-09-2025 21:56:03.005 INFO Current price: 0.000000046848 - Current percentage: -26.94% - Max: 7.34% - Min: -42.37% - Market Cap 9502 - Trading time: 00:01:35
07-09-2025 21:56:03.778 INFO Current price: 0.000000046860 - Current percentage: -27.02% - Max: 7.34% - Min: -42.37% - Market Cap 9492 - Trading time: 00:01:36
07-09-2025 21:56:03.843 INFO Current price: 0.000000045952 - Current percentage: -29.74% - Max: 7.34% - Min: -42.37% - Market Cap 9137 - Trading time: 00:01:36
07-09-2025 21:56:04.281 INFO Current price: 0.000000044979 - Current percentage: -30.08% - Max: 7.34% - Min: -42.37% - Market Cap 9094 - Trading time: 00:01:36
07-09-2025 21:56:06.265 INFO Current price: 0.000000044674 - Current percentage: -30.69% - Max: 7.34% - Min: -42.37% - Market Cap 9014 - Trading time: 00:01:38
07-09-2025 21:56:10.504 INFO Current price: 0.000000045052 - Current percentage: -28.89% - Max: 7.34% - Min: -42.37% - Market Cap 9249 - Trading time: 00:01:43
07-09-2025 21:56:10.739 INFO Current price: 0.000000045634 - Current percentage: -28.89% - Max: 7.34% - Min: -42.37% - Market Cap 9249 - Trading time: 00:01:43
07-09-2025 21:56:10.753 INFO Current price: 0.000000045918 - Current percentage: -28.00% - Max: 7.34% - Min: -42.37% - Market Cap 9364 - Trading time: 00:01:43
07-09-2025 21:56:16.869 INFO Current price: 0.000000046310 - Current percentage: -27.67% - Max: 7.34% - Min: -42.37% - Market Cap 9407 - Trading time: 00:01:49
07-09-2025 21:56:19.788 INFO Current price: 0.000000046406 - Current percentage: -27.70% - Max: 7.34% - Min: -42.37% - Market Cap 9403 - Trading time: 00:01:52
07-09-2025 21:56:21.317 INFO Current price: 0.000000046282 - Current percentage: -28.05% - Max: 7.34% - Min: -42.37% - Market Cap 9357 - Trading time: 00:01:53
07-09-2025 21:56:21.388 INFO Current price: 0.000000045885 - Current percentage: -28.94% - Max: 7.34% - Min: -42.37% - Market Cap 9242 - Trading time: 00:01:54
07-09-2025 21:56:22.151 INFO Current price: 0.000000045019 - Current percentage: -30.74% - Max: 7.34% - Min: -42.37% - Market Cap 9008 - Trading time: 00:01:54
07-09-2025 21:56:24.627 INFO Current price: 0.000000044631 - Current percentage: -30.16% - Max: 7.34% - Min: -42.37% - Market Cap 9083 - Trading time: 00:01:57
07-09-2025 21:56:26.253 INFO Current price: 0.000000044678 - Current percentage: -30.60% - Max: 7.34% - Min: -42.37% - Market Cap 9027 - Trading time: 00:01:58
07-09-2025 21:56:26.729 INFO Current price: 0.000000044369 - Current percentage: -31.12% - Max: 7.34% - Min: -42.37% - Market Cap 8958 - Trading time: 00:01:59
07-09-2025 21:56:31.691 INFO Current price: 0.000000043983 - Current percentage: -31.80% - Max: 7.34% - Min: -42.37% - Market Cap 8870 - Trading time: 00:02:04
07-09-2025 21:56:31.719 INFO Current price: 0.000000042465 - Current percentage: -35.80% - Max: 7.34% - Min: -42.37% - Market Cap 8350 - Trading time: 00:02:04
07-09-2025 21:56:31.729 INFO Current price: 0.000000040091 - Current percentage: -39.21% - Max: 7.34% - Min: -42.37% - Market Cap 7907 - Trading time: 00:02:04
07-09-2025 21:56:32.512 INFO Current price: 0.000000038557 - Current percentage: -40.62% - Max: 7.34% - Min: -42.37% - Market Cap 7723 - Trading time: 00:02:05
07-09-2025 21:56:32.525 INFO Current price: 0.000000037135 - Current percentage: -43.61% - Max: 7.34% - Min: -43.61% - Market Cap 7334 - Trading time: 00:02:05
07-09-2025 21:56:33.328 INFO Current price: 0.000000036119 - Current percentage: -43.82% - Max: 7.34% - Min: -43.82% - Market Cap 7307 - Trading time: 00:02:05
07-09-2025 21:56:33.662 INFO Current price: 0.000000036037 - Current percentage: -43.87% - Max: 7.34% - Min: -43.87% - Market Cap 7301 - Trading time: 00:02:06
07-09-2025 21:56:34.257 INFO Current price: 0.000000034833 - Current percentage: -47.51% - Max: 7.34% - Min: -47.51% - Market Cap 6827 - Trading time: 00:02:06
07-09-2025 21:56:34.268 INFO Current price: 0.000000032749 - Current percentage: -50.38% - Max: 7.34% - Min: -50.38% - Market Cap 6453 - Trading time: 00:02:06
07-09-2025 21:56:34.653 INFO Current price: 0.000000031770 - Current percentage: -50.60% - Max: 7.34% - Min: -50.60% - Market Cap 6425 - Trading time: 00:02:07
07-09-2025 21:56:34.669 INFO Current price: 0.000000031681 - Current percentage: -50.66% - Max: 7.34% - Min: -50.66% - Market Cap 6417 - Trading time: 00:02:07
07-09-2025 21:56:35.246 INFO Current price: 0.000000031603 - Current percentage: -50.85% - Max: 7.34% - Min: -50.85% - Market Cap 6393 - Trading time: 00:02:07
07-09-2025 21:56:37.169 INFO Current price: 0.000000031336 - Current percentage: -51.49% - Max: 7.34% - Min: -51.49% - Market Cap 6309 - Trading time: 00:02:09
07-09-2025 21:56:38.395 INFO Current price: 0.000000031809 - Current percentage: -49.35% - Max: 7.34% - Min: -51.49% - Market Cap 6587 - Trading time: 00:02:11
07-09-2025 21:56:38.402 INFO Current price: 0.000000033277 - Current percentage: -46.91% - Max: 7.34% - Min: -51.49% - Market Cap 6905 - Trading time: 00:02:11
07-09-2025 21:56:38.402 INFO Current price: 0.000000034827 - Current percentage: -44.53% - Max: 7.34% - Min: -51.49% - Market Cap 7215 - Trading time: 00:02:11
07-09-2025 21:56:38.402 INFO Current price: 0.000000036374 - Current percentage: -42.08% - Max: 7.34% - Min: -51.49% - Market Cap 7533 - Trading time: 00:02:11
07-09-2025 21:56:38.532 INFO Current price: 0.000000037362 - Current percentage: -41.47% - Max: 7.34% - Min: -51.49% - Market Cap 7612 - Trading time: 00:02:11
07-09-2025 21:56:38.544 INFO Current price: 0.000000037710 - Current percentage: -41.00% - Max: 7.34% - Min: -51.49% - Market Cap 7674 - Trading time: 00:02:11
07-09-2025 21:56:38.655 INFO Current price: 0.000000037663 - Current percentage: -41.62% - Max: 7.34% - Min: -51.49% - Market Cap 7593 - Trading time: 00:02:11
07-09-2025 21:56:38.778 INFO Current price: 0.000000037467 - Current percentage: -41.61% - Max: 7.34% - Min: -51.49% - Market Cap 7594 - Trading time: 00:02:11
07-09-2025 21:56:39.837 INFO Current price: 0.000000037475 - Current percentage: -41.60% - Max: 7.34% - Min: -51.49% - Market Cap 7596 - Trading time: 00:02:12
07-09-2025 21:56:39.972 INFO Current price: 0.000000037761 - Current percentage: -40.72% - Max: 7.34% - Min: -51.49% - Market Cap 7710 - Trading time: 00:02:12
07-09-2025 21:56:39.991 INFO Current price: 0.000000038320 - Current percentage: -39.85% - Max: 7.34% - Min: -51.49% - Market Cap 7823 - Trading time: 00:02:12
07-09-2025 21:56:39.995 INFO Current price: 0.000000038850 - Current percentage: -39.07% - Max: 7.34% - Min: -51.49% - Market Cap 7925 - Trading time: 00:02:12
07-09-2025 21:56:39.996 INFO Current price: 0.000000039360 - Current percentage: -38.26% - Max: 7.34% - Min: -51.49% - Market Cap 8030 - Trading time: 00:02:12
07-09-2025 21:56:40.049 INFO Current price: 0.000000040083 - Current percentage: -36.81% - Max: 7.34% - Min: -51.49% - Market Cap 8219 - Trading time: 00:02:12
07-09-2025 21:56:47.989 INFO Current price: 0.000000039239 - Current percentage: -40.83% - Max: 7.34% - Min: -51.49% - Market Cap 7695 - Trading time: 00:02:20
07-09-2025 21:56:47.990 INFO Current price: 0.000000036919 - Current percentage: -44.06% - Max: 7.34% - Min: -51.49% - Market Cap 7276 - Trading time: 00:02:20
07-09-2025 21:56:47.991 INFO Current price: 0.000000034869 - Current percentage: -47.22% - Max: 7.34% - Min: -51.49% - Market Cap 6864 - Trading time: 00:02:20
07-09-2025 21:56:48.034 INFO Current price: 0.000000032934 - Current percentage: -50.10% - Max: 7.34% - Min: -51.49% - Market Cap 6491 - Trading time: 00:02:20
07-09-2025 21:56:48.277 INFO Current price: 0.000000031907 - Current percentage: -50.46% - Max: 7.34% - Min: -51.49% - Market Cap 6443 - Trading time: 00:02:20
07-09-2025 21:56:48.336 INFO Current price: 0.000000031788 - Current percentage: -50.47% - Max: 7.34% - Min: -51.49% - Market Cap 6442 - Trading time: 00:02:20
07-09-2025 21:56:48.500 INFO Current price: 0.000000031760 - Current percentage: -50.55% - Max: 7.34% - Min: -51.49% - Market Cap 6432 - Trading time: 00:02:21
07-09-2025 21:56:50.939 INFO Current price: 0.000000031729 - Current percentage: -50.57% - Max: 7.34% - Min: -51.49% - Market Cap 6429 - Trading time: 00:02:23
07-09-2025 21:56:55.463 INFO Current price: 0.000000031703 - Current percentage: -50.63% - Max: 7.34% - Min: -51.49% - Market Cap 6421 - Trading time: 00:02:28
07-09-2025 21:56:57.472 INFO Current price: 0.000000031662 - Current percentage: -50.69% - Max: 7.34% - Min: -51.49% - Market Cap 6413 - Trading time: 00:02:30
07-09-2025 21:57:04.831 INFO Current price: 0.000000031189 - Current percentage: -51.89% - Max: 7.34% - Min: -51.89% - Market Cap 6257 - Trading time: 00:02:37
07-09-2025 21:57:07.920 INFO Current price: 0.000000030867 - Current percentage: -51.91% - Max: 7.34% - Min: -51.91% - Market Cap 6255 - Trading time: 00:02:40
07-09-2025 21:57:11.134 INFO Current price: 0.000000030873 - Current percentage: -51.88% - Max: 7.34% - Min: -51.91% - Market Cap 6259 - Trading time: 00:02:43
07-09-2025 21:57:18.653 INFO Current price: 0.000000030849 - Current percentage: -51.98% - Max: 7.34% - Min: -51.98% - Market Cap 6246 - Trading time: 00:02:51
07-09-2025 21:57:19.910 INFO Current price: 0.000000030793 - Current percentage: -52.05% - Max: 7.34% - Min: -52.05% - Market Cap 6236 - Trading time: 00:02:52
07-09-2025 21:57:23.261 INFO Current price: 0.000000030760 - Current percentage: -52.08% - Max: 7.34% - Min: -52.08% - Market Cap 6232 - Trading time: 00:02:55
07-09-2025 21:57:24.211 INFO Current price: 0.000000030741 - Current percentage: -52.11% - Max: 7.34% - Min: -52.11% - Market Cap 6228 - Trading time: 00:02:56
07-09-2025 21:57:26.416 INFO Current price: 0.000000030704 - Current percentage: -52.20% - Max: 7.34% - Min: -52.20% - Market Cap 6217 - Trading time: 00:02:59
07-09-2025 21:57:35.589 INFO Current price: 0.000000030632 - Current percentage: -52.34% - Max: 7.34% - Min: -52.34% - Market Cap 6199 - Trading time: 00:03:08
07-09-2025 21:57:56.450 INFO Current price: 0.000000030554 - Current percentage: -52.44% - Max: 7.34% - Min: -52.44% - Market Cap 6186 - Trading time: 00:03:29
07-09-2025 21:58:27.355 INFO Current price: 0.000000030162 - Current percentage: -53.50% - Max: 7.34% - Min: -53.50% - Market Cap 6048 - Trading time: 00:03:59
07-09-2025 21:58:29.439 INFO Current price: 0.000000029162 - Current percentage: -55.49% - Max: 7.34% - Min: -55.49% - Market Cap 5789 - Trading time: 00:04:02
07-09-2025 21:58:38.341 INFO Current price: 0.000000028389 - Current percentage: -55.93% - Max: 7.34% - Min: -55.93% - Market Cap 5732 - Trading time: 00:04:10
07-09-2025 22:05:33.943 INFO Current price: 0.000000028194 - Current percentage: -56.10% - Max: 7.34% - Min: -56.10% - Market Cap 5710 - Trading time: 00:11:06
07-09-2025 22:06:37.264 INFO Current price: 0.000000028089 - Current percentage: -56.26% - Max: 7.34% - Min: -56.26% - Market Cap 5689 - Trading time: 00:12:09
07-09-2025 22:10:05.538 INFO Current price: 0.000000028034 - Current percentage: -56.24% - Max: 7.34% - Min: -56.26% - Market Cap 5691 - Trading time: 00:15:38






07-09-2025 22:14:27.380 INFO {"type":"summary","reason":"max_window","startedAt":"2025-09-07T19:54:27.357Z","endedAt":"2025-09-07T20:14:27.380Z","durationSec":1200,"entryPrice":6.743738921430066e-8,"entryMarketCapSol":64.17322077548259,"entryMarketCapUsd":13005.986654567056,"minPct":-56.255662651373775,"maxPct":7.341882636449651,"buyCount":95,"sellCount":103,"tradeCount":198,"entryRecorded":true,"noPostThresholdTrades":false,"triggerAt":"2025-09-07T19:54:27.356Z","ageAtTriggerSec":22,"preTotalTrades":101,"preBuys":58,"preSells":43,"preUniqueTraders":50,"preEntryTotalTrades":117,"preEntryBuys":63,"preEntrySells":54,"preEntryUniqueTraders":54,"preEntryMinMcUsd":6478.937934923899,"preEntryMaxMcUsd":15221.826046127067,"thresholdMcSol":64.17322077548259,"thresholdMcUsd":13005.986654567056,"thresholdPrice":6.743738921430066e-8}
