07-09-2025 10:42:38.996 INFO Entry price: 0.000000037936010385 - Entry market cap: 7446 - Buys 8 - Sells 3 - Ratio: 1:0.38 - Min MarketCap: 6611 - Max MarketCap: 8536
07-09-2025 10:42:38.996 INFO Current price: 0.000000037936 - Current percentage: 0.00% - Max: 0.00% - Min: 0.00% - Market Cap 7446 - Trading time: 00:00:02
07-09-2025 10:42:41.190 INFO Current price: 0.000000034032 - Current percentage: -6.86% - Max: 0.00% - Min: -6.86% - Market Cap 6935 - Trading time: 00:00:04
07-09-2025 10:42:42.318 INFO Current price: 0.000000034978 - Current percentage: -1.69% - Max: 0.00% - Min: -6.86% - Market Cap 7319 - Trading time: 00:00:05
07-09-2025 10:42:42.321 INFO Current price: 0.000000037044 - Current percentage: 4.47% - Max: 4.47% - Min: -6.86% - Market Cap 7779 - Trading time: 00:00:05
07-09-2025 10:42:43.674 INFO Current price: 0.000000039675 - Current percentage: 12.76% - Max: 12.76% - Min: -6.86% - Market Cap 8396 - Trading time: 00:00:06
07-09-2025 10:42:43.674 INFO Current price: 0.000000041662 - Current percentage: 15.20% - Max: 15.20% - Min: -6.86% - Market Cap 8577 - Trading time: 00:00:06
07-09-2025 10:42:44.100 INFO Current price: 0.000000042074 - Current percentage: 15.01% - Max: 15.20% - Min: -6.86% - Market Cap 8563 - Trading time: 00:00:07
07-09-2025 10:42:44.266 INFO Current price: 0.000000042102 - Current percentage: 15.35% - Max: 15.35% - Min: -6.86% - Market Cap 8589 - Trading time: 00:00:07
07-09-2025 10:42:45.012 INFO Current price: 0.000000042171 - Current percentage: 15.38% - Max: 15.38% - Min: -6.86% - Market Cap 8591 - Trading time: 00:00:08
07-09-2025 10:42:46.170 INFO Current price: 0.000000041728 - Current percentage: 12.94% - Max: 15.38% - Min: -6.86% - Market Cap 8409 - Trading time: 00:00:09
07-09-2025 10:42:46.665 INFO Current price: 0.000000040936 - Current percentage: 11.04% - Max: 15.38% - Min: -6.86% - Market Cap 8268 - Trading time: 00:00:09
07-09-2025 10:42:46.825 INFO Current price: 0.000000043884 - Current percentage: 29.80% - Max: 29.80% - Min: -6.86% - Market Cap 9664 - Trading time: 00:00:09
07-09-2025 10:42:47.638 INFO Current price: 0.000000047683 - Current percentage: 31.10% - Max: 31.10% - Min: -6.86% - Market Cap 9761 - Trading time: 00:00:10
07-09-2025 10:42:47.995 INFO Current price: 0.000000048163 - Current percentage: 32.42% - Max: 32.42% - Min: -6.86% - Market Cap 9860 - Trading time: 00:00:10
07-09-2025 10:42:48.456 INFO Current price: 0.000000048373 - Current percentage: 32.25% - Max: 32.42% - Min: -6.86% - Market Cap 9847 - Trading time: 00:00:11
07-09-2025 10:42:49.286 INFO Current price: 0.000000048349 - Current percentage: 32.29% - Max: 32.42% - Min: -6.86% - Market Cap 9850 - Trading time: 00:00:12
07-09-2025 10:42:49.289 INFO Current price: 0.000000048382 - Current percentage: 32.42% - Max: 32.42% - Min: -6.86% - Market Cap 9860 - Trading time: 00:00:12
07-09-2025 10:42:49.479 INFO Current price: 0.000000050804 - Current percentage: 45.87% - Max: 45.87% - Min: -6.86% - Market Cap 10861 - Trading time: 00:00:12
07-09-2025 10:42:49.812 INFO Current price: 0.000000053368 - Current percentage: 46.13% - Max: 46.13% - Min: -6.86% - Market Cap 10880 - Trading time: 00:00:12
07-09-2025 10:42:50.387 INFO Current price: 0.000000050055 - Current percentage: 28.32% - Max: 46.13% - Min: -6.86% - Market Cap 9554 - Trading time: 00:00:13
07-09-2025 10:42:51.116 INFO Current price: 0.000000046905 - Current percentage: 28.32% - Max: 46.13% - Min: -6.86% - Market Cap 9554 - Trading time: 00:00:14
07-09-2025 10:42:51.321 INFO Current price: 0.000000047026 - Current percentage: 28.98% - Max: 46.13% - Min: -6.86% - Market Cap 9603 - Trading time: 00:00:14
07-09-2025 10:42:51.324 INFO Current price: 0.000000047241 - Current percentage: 29.50% - Max: 46.13% - Min: -6.86% - Market Cap 9642 - Trading time: 00:00:14
07-09-2025 10:42:51.379 INFO Current price: 0.000000047633 - Current percentage: 31.13% - Max: 46.13% - Min: -6.86% - Market Cap 9763 - Trading time: 00:00:14
07-09-2025 10:42:51.605 INFO Current price: 0.000000048129 - Current percentage: 32.21% - Max: 46.13% - Min: -6.86% - Market Cap 9844 - Trading time: 00:00:14
07-09-2025 10:42:52.038 INFO Current price: 0.000000048329 - Current percentage: 32.21% - Max: 46.13% - Min: -6.86% - Market Cap 9844 - Trading time: 00:00:15
07-09-2025 10:42:52.038 INFO Current price: 0.000000048329 - Current percentage: 32.21% - Max: 46.13% - Min: -6.86% - Market Cap 9844 - Trading time: 00:00:15
07-09-2025 10:42:52.346 INFO Current price: 0.000000048233 - Current percentage: 31.69% - Max: 46.13% - Min: -6.86% - Market Cap 9805 - Trading time: 00:00:15
07-09-2025 10:42:53.675 INFO Current price: 0.000000048040 - Current percentage: 31.16% - Max: 46.13% - Min: -6.86% - Market Cap 9765 - Trading time: 00:00:16
07-09-2025 10:42:53.713 INFO Current price: 0.000000048540 - Current percentage: 34.44% - Max: 46.13% - Min: -6.86% - Market Cap 10010 - Trading time: 00:00:16
07-09-2025 10:42:53.778 INFO Current price: 0.000000046879 - Current percentage: 22.34% - Max: 46.13% - Min: -6.86% - Market Cap 9109 - Trading time: 00:00:16
07-09-2025 10:42:54.133 INFO Current price: 0.000000047023 - Current percentage: 35.27% - Max: 46.13% - Min: -6.86% - Market Cap 10072 - Trading time: 00:00:17
07-09-2025 10:42:54.805 INFO Current price: 0.000000050659 - Current percentage: 41.99% - Max: 46.13% - Min: -6.86% - Market Cap 10572 - Trading time: 00:00:17
07-09-2025 10:42:55.895 INFO Current price: 0.000000051925 - Current percentage: 42.12% - Max: 46.13% - Min: -6.86% - Market Cap 10582 - Trading time: 00:00:18
07-09-2025 10:42:56.149 INFO Current price: 0.000000048348 - Current percentage: 23.10% - Max: 46.13% - Min: -6.86% - Market Cap 9165 - Trading time: 00:00:19
07-09-2025 10:42:56.718 INFO Current price: 0.000000046730 - Current percentage: 32.77% - Max: 46.13% - Min: -6.86% - Market Cap 9885 - Trading time: 00:00:19
07-09-2025 10:42:57.972 INFO Current price: 0.000000045270 - Current percentage: 15.53% - Max: 46.13% - Min: -6.86% - Market Cap 8602 - Trading time: 00:00:20
07-09-2025 10:42:59.406 INFO Current price: 0.000000042286 - Current percentage: 15.84% - Max: 46.13% - Min: -6.86% - Market Cap 8625 - Trading time: 00:00:22
07-09-2025 10:42:59.819 INFO Current price: 0.000000042455 - Current percentage: 16.45% - Max: 46.13% - Min: -6.86% - Market Cap 8671 - Trading time: 00:00:22
07-09-2025 10:42:59.886 INFO Current price: 0.000000043365 - Current percentage: 20.86% - Max: 46.13% - Min: -6.86% - Market Cap 8999 - Trading time: 00:00:22
07-09-2025 10:42:59.890 INFO Current price: 0.000000045083 - Current percentage: 25.86% - Max: 46.13% - Min: -6.86% - Market Cap 9371 - Trading time: 00:00:22
07-09-2025 10:42:59.995 INFO Current price: 0.000000046358 - Current percentage: 27.79% - Max: 46.13% - Min: -6.86% - Market Cap 9515 - Trading time: 00:00:22
07-09-2025 10:43:00.011 INFO Current price: 0.000000047916 - Current percentage: 34.46% - Max: 46.13% - Min: -6.86% - Market Cap 10012 - Trading time: 00:00:23
07-09-2025 10:43:01.528 INFO Current price: 0.000000048007 - Current percentage: 28.27% - Max: 46.13% - Min: -6.86% - Market Cap 9551 - Trading time: 00:00:24
07-09-2025 10:43:02.270 INFO Current price: 0.000000042984 - Current percentage: 7.80% - Max: 46.13% - Min: -6.86% - Market Cap 8026 - Trading time: 00:00:25
07-09-2025 10:43:02.304 INFO Current price: 0.000000039226 - Current percentage: 6.83% - Max: 46.13% - Min: -6.86% - Market Cap 7954 - Trading time: 00:00:25
07-09-2025 10:43:02.386 INFO Current price: 0.000000039074 - Current percentage: 6.83% - Max: 46.13% - Min: -6.86% - Market Cap 7954 - Trading time: 00:00:25
07-09-2025 10:43:02.992 INFO Current price: 0.000000040861 - Current percentage: 16.97% - Max: 46.13% - Min: -6.86% - Market Cap 8709 - Trading time: 00:00:25
07-09-2025 10:43:02.992 INFO Current price: 0.000000044354 - Current percentage: 25.87% - Max: 46.13% - Min: -6.86% - Market Cap 9372 - Trading time: 00:00:25
07-09-2025 10:43:03.030 INFO Current price: 0.000000046035 - Current percentage: 26.00% - Max: 46.13% - Min: -6.86% - Market Cap 9382 - Trading time: 00:00:26
07-09-2025 10:43:03.705 INFO Current price: 0.000000046062 - Current percentage: 26.02% - Max: 46.13% - Min: -6.86% - Market Cap 9383 - Trading time: 00:00:26
07-09-2025 10:43:03.820 INFO Current price: 0.000000044398 - Current percentage: 17.07% - Max: 46.13% - Min: -6.86% - Market Cap 8716 - Trading time: 00:00:26
07-09-2025 10:43:03.923 INFO Current price: 0.000000044578 - Current percentage: 27.04% - Max: 46.13% - Min: -6.86% - Market Cap 9459 - Trading time: 00:00:26
07-09-2025 10:43:03.961 INFO Current price: 0.000000048101 - Current percentage: 36.30% - Max: 46.13% - Min: -6.86% - Market Cap 10148 - Trading time: 00:00:26
07-09-2025 10:43:04.135 INFO Current price: 0.000000049823 - Current percentage: 36.30% - Max: 46.13% - Min: -6.86% - Market Cap 10148 - Trading time: 00:00:27
07-09-2025 10:43:04.320 INFO Current price: 0.000000049824 - Current percentage: 36.31% - Max: 46.13% - Min: -6.86% - Market Cap 10149 - Trading time: 00:00:27
07-09-2025 10:43:04.320 INFO Current price: 0.000000049825 - Current percentage: 36.31% - Max: 46.13% - Min: -6.86% - Market Cap 10149 - Trading time: 00:00:27
07-09-2025 10:43:04.321 INFO Current price: 0.000000049827 - Current percentage: 36.31% - Max: 46.13% - Min: -6.86% - Market Cap 10149 - Trading time: 00:00:27
07-09-2025 10:43:04.328 INFO Current price: 0.000000049828 - Current percentage: 36.32% - Max: 46.13% - Min: -6.86% - Market Cap 10150 - Trading time: 00:00:27
07-09-2025 10:43:04.369 INFO Current price: 0.000000049830 - Current percentage: 36.32% - Max: 46.13% - Min: -6.86% - Market Cap 10150 - Trading time: 00:00:27
07-09-2025 10:43:04.370 INFO Current price: 0.000000049831 - Current percentage: 36.33% - Max: 46.13% - Min: -6.86% - Market Cap 10150 - Trading time: 00:00:27
07-09-2025 10:43:04.407 INFO Current price: 0.000000049760 - Current percentage: 35.93% - Max: 46.13% - Min: -6.86% - Market Cap 10121 - Trading time: 00:00:27
07-09-2025 10:43:04.506 INFO Current price: 0.000000049688 - Current percentage: 35.94% - Max: 46.13% - Min: -6.86% - Market Cap 10121 - Trading time: 00:00:27
07-09-2025 10:43:04.832 INFO Current price: 0.000000048433 - Current percentage: 29.15% - Max: 46.13% - Min: -6.86% - Market Cap 9616 - Trading time: 00:00:27
07-09-2025 10:43:05.046 INFO Current price: 0.000000047209 - Current percentage: 29.15% - Max: 46.13% - Min: -6.86% - Market Cap 9616 - Trading time: 00:00:28
07-09-2025 10:43:05.175 INFO Current price: 0.000000047214 - Current percentage: 29.18% - Max: 46.13% - Min: -6.86% - Market Cap 9618 - Trading time: 00:00:28
07-09-2025 10:43:06.467 INFO Current price: 0.000000047219 - Current percentage: 29.18% - Max: 46.13% - Min: -6.86% - Market Cap 9618 - Trading time: 00:00:29
07-09-2025 10:43:07.186 INFO Current price: 0.000000047230 - Current percentage: 29.24% - Max: 46.13% - Min: -6.86% - Market Cap 9623 - Trading time: 00:00:30
07-09-2025 10:43:07.999 INFO Current price: 0.000000047479 - Current percentage: 30.54% - Max: 46.13% - Min: -6.86% - Market Cap 9720 - Trading time: 00:00:31
07-09-2025 10:43:07.999 INFO Current price: 0.000000047421 - Current percentage: 28.93% - Max: 46.13% - Min: -6.86% - Market Cap 9599 - Trading time: 00:00:31
07-09-2025 10:43:08.621 INFO Current price: 0.000000045541 - Current percentage: 20.39% - Max: 46.13% - Min: -6.86% - Market Cap 8964 - Trading time: 00:00:31
07-09-2025 10:43:08.621 INFO Current price: 0.000000042290 - Current percentage: 11.18% - Max: 46.13% - Min: -6.86% - Market Cap 8278 - Trading time: 00:00:31
07-09-2025 10:43:09.644 INFO Current price: 0.000000040639 - Current percentage: 11.18% - Max: 46.13% - Min: -6.86% - Market Cap 8278 - Trading time: 00:00:32
07-09-2025 10:43:09.644 INFO Current price: 0.000000040638 - Current percentage: 11.17% - Max: 46.13% - Min: -6.86% - Market Cap 8278 - Trading time: 00:00:32
07-09-2025 10:43:09.678 INFO Current price: 0.000000040638 - Current percentage: 11.17% - Max: 46.13% - Min: -6.86% - Market Cap 8278 - Trading time: 00:00:32
07-09-2025 10:43:09.742 INFO Current price: 0.000000040638 - Current percentage: 11.17% - Max: 46.13% - Min: -6.86% - Market Cap 8277 - Trading time: 00:00:32
07-09-2025 10:43:09.742 INFO Current price: 0.000000040637 - Current percentage: 11.17% - Max: 46.13% - Min: -6.86% - Market Cap 8277 - Trading time: 00:00:32
07-09-2025 10:43:09.742 INFO Current price: 0.000000040637 - Current percentage: 11.17% - Max: 46.13% - Min: -6.86% - Market Cap 8277 - Trading time: 00:00:32
07-09-2025 10:43:09.746 INFO Current price: 0.000000041045 - Current percentage: 13.42% - Max: 46.13% - Min: -6.86% - Market Cap 8445 - Trading time: 00:00:32
07-09-2025 10:43:09.746 INFO Current price: 0.000000041933 - Current percentage: 16.03% - Max: 46.13% - Min: -6.86% - Market Cap 8639 - Trading time: 00:00:32
07-09-2025 10:43:09.748 INFO Current price: 0.000000042108 - Current percentage: 14.36% - Max: 46.13% - Min: -6.86% - Market Cap 8515 - Trading time: 00:00:32
07-09-2025 10:43:09.780 INFO Current price: 0.000000042367 - Current percentage: 17.46% - Max: 46.13% - Min: -6.86% - Market Cap 8746 - Trading time: 00:00:32
07-09-2025 10:43:10.021 INFO Current price: 0.000000042937 - Current percentage: 17.46% - Max: 46.13% - Min: -6.86% - Market Cap 8746 - Trading time: 00:00:33
07-09-2025 10:43:10.025 INFO Current price: 0.000000042947 - Current percentage: 17.52% - Max: 46.13% - Min: -6.86% - Market Cap 8750 - Trading time: 00:00:33
07-09-2025 10:43:10.254 INFO Current price: 0.000000043047 - Current percentage: 18.01% - Max: 46.13% - Min: -6.86% - Market Cap 8787 - Trading time: 00:00:33
07-09-2025 10:43:10.257 INFO Current price: 0.000000043160 - Current percentage: 18.14% - Max: 46.13% - Min: -6.86% - Market Cap 8796 - Trading time: 00:00:33
07-09-2025 10:43:10.533 INFO Current price: 0.000000043297 - Current percentage: 18.76% - Max: 46.13% - Min: -6.86% - Market Cap 8843 - Trading time: 00:00:33
07-09-2025 10:43:10.536 INFO Current price: 0.000000043417 - Current percentage: 18.79% - Max: 46.13% - Min: -6.86% - Market Cap 8844 - Trading time: 00:00:33
07-09-2025 10:43:10.624 INFO Current price: 0.000000041421 - Current percentage: 8.09% - Max: 46.13% - Min: -6.86% - Market Cap 8048 - Trading time: 00:00:33
07-09-2025 10:43:11.535 INFO Current price: 0.000000039570 - Current percentage: 8.41% - Max: 46.13% - Min: -6.86% - Market Cap 8072 - Trading time: 00:00:34
07-09-2025 10:43:12.257 INFO Current price: 0.000000039736 - Current percentage: 9.00% - Max: 46.13% - Min: -6.86% - Market Cap 8116 - Trading time: 00:00:35
07-09-2025 10:43:12.329 INFO Current price: 0.000000039856 - Current percentage: 9.06% - Max: 46.13% - Min: -6.86% - Market Cap 8120 - Trading time: 00:00:35
07-09-2025 10:43:12.454 INFO Current price: 0.000000039950 - Current percentage: 9.52% - Max: 46.13% - Min: -6.86% - Market Cap 8155 - Trading time: 00:00:35
07-09-2025 10:43:13.193 INFO Current price: 0.000000040361 - Current percentage: 11.32% - Max: 46.13% - Min: -6.86% - Market Cap 8288 - Trading time: 00:00:36
07-09-2025 10:43:14.244 INFO Current price: 0.000000039310 - Current percentage: 3.89% - Max: 46.13% - Min: -6.86% - Market Cap 7735 - Trading time: 00:00:37
07-09-2025 10:43:14.244 INFO Current price: 0.000000036385 - Current percentage: -4.63% - Max: 46.13% - Min: -6.86% - Market Cap 7101 - Trading time: 00:00:37
07-09-2025 10:43:14.245 INFO Current price: 0.000000034845 - Current percentage: -4.72% - Max: 46.13% - Min: -6.86% - Market Cap 7094 - Trading time: 00:00:37
07-09-2025 10:43:14.336 INFO Current price: 0.000000034412 - Current percentage: -6.99% - Max: 46.13% - Min: -6.99% - Market Cap 6925 - Trading time: 00:00:37
07-09-2025 10:43:14.340 INFO Current price: 0.000000034015 - Current percentage: -6.99% - Max: 46.13% - Min: -6.99% - Market Cap 6925 - Trading time: 00:00:37
07-09-2025 10:43:14.550 INFO Current price: 0.000000033993 - Current percentage: -7.03% - Max: 46.13% - Min: -7.03% - Market Cap 6922 - Trading time: 00:00:37
07-09-2025 10:43:14.612 INFO Current price: 0.000000033985 - Current percentage: -7.03% - Max: 46.13% - Min: -7.03% - Market Cap 6922 - Trading time: 00:00:37
07-09-2025 10:43:14.622 INFO Current price: 0.000000033985 - Current percentage: -7.03% - Max: 46.13% - Min: -7.03% - Market Cap 6922 - Trading time: 00:00:37
07-09-2025 10:43:14.627 INFO Current price: 0.000000033985 - Current percentage: -7.03% - Max: 46.13% - Min: -7.03% - Market Cap 6922 - Trading time: 00:00:37
07-09-2025 10:43:14.627 INFO Current price: 0.000000033985 - Current percentage: -7.03% - Max: 46.13% - Min: -7.03% - Market Cap 6922 - Trading time: 00:00:37
07-09-2025 10:43:14.629 INFO Current price: 0.000000033984 - Current percentage: -7.03% - Max: 46.13% - Min: -7.03% - Market Cap 6922 - Trading time: 00:00:37
07-09-2025 10:43:14.629 INFO Current price: 0.000000033984 - Current percentage: -7.03% - Max: 46.13% - Min: -7.03% - Market Cap 6922 - Trading time: 00:00:37
07-09-2025 10:43:15.063 INFO Current price: 0.000000033970 - Current percentage: -7.11% - Max: 46.13% - Min: -7.11% - Market Cap 6916 - Trading time: 00:00:38
07-09-2025 10:43:15.063 INFO Current price: 0.000000035462 - Current percentage: 1.32% - Max: 46.13% - Min: -7.11% - Market Cap 7544 - Trading time: 00:00:38
07-09-2025 10:43:15.064 INFO Current price: 0.000000036639 - Current percentage: -0.84% - Max: 46.13% - Min: -7.11% - Market Cap 7383 - Trading time: 00:00:38
07-09-2025 10:43:15.369 INFO Current price: 0.000000036221 - Current percentage: -0.98% - Max: 46.13% - Min: -7.11% - Market Cap 7372 - Trading time: 00:00:38
07-09-2025 10:43:15.882 INFO Current price: 0.000000036194 - Current percentage: -0.98% - Max: 46.13% - Min: -7.11% - Market Cap 7372 - Trading time: 00:00:38
07-09-2025 10:43:16.188 INFO Current price: 0.000000036298 - Current percentage: -0.42% - Max: 46.13% - Min: -7.11% - Market Cap 7415 - Trading time: 00:00:39
07-09-2025 10:43:16.189 INFO Current price: 0.000000036505 - Current percentage: 0.15% - Max: 46.13% - Min: -7.11% - Market Cap 7457 - Trading time: 00:00:39
07-09-2025 10:43:16.495 INFO Current price: 0.000000036714 - Current percentage: 0.73% - Max: 46.13% - Min: -7.11% - Market Cap 7500 - Trading time: 00:00:39
07-09-2025 10:43:16.639 INFO Current price: 0.000000036923 - Current percentage: 1.30% - Max: 46.13% - Min: -7.11% - Market Cap 7542 - Trading time: 00:00:39
07-09-2025 10:43:17.348 INFO Current price: 0.000000037133 - Current percentage: 1.87% - Max: 46.13% - Min: -7.11% - Market Cap 7585 - Trading time: 00:00:40
07-09-2025 10:43:18.438 INFO Current price: 0.000000038185 - Current percentage: 7.12% - Max: 46.13% - Min: -7.11% - Market Cap 7976 - Trading time: 00:00:41
07-09-2025 10:43:19.096 INFO Current price: 0.000000038977 - Current percentage: 6.15% - Max: 46.13% - Min: -7.11% - Market Cap 7903 - Trading time: 00:00:42
07-09-2025 10:43:19.192 INFO Current price: 0.000000038493 - Current percentage: 4.47% - Max: 46.13% - Min: -7.11% - Market Cap 7779 - Trading time: 00:00:42
07-09-2025 10:43:19.568 INFO Current price: 0.000000038188 - Current percentage: 4.47% - Max: 46.13% - Min: -7.11% - Market Cap 7779 - Trading time: 00:00:42
07-09-2025 10:43:19.568 INFO Current price: 0.000000038188 - Current percentage: 4.47% - Max: 46.13% - Min: -7.11% - Market Cap 7778 - Trading time: 00:00:42
07-09-2025 10:43:19.568 INFO Current price: 0.000000038188 - Current percentage: 4.47% - Max: 46.13% - Min: -7.11% - Market Cap 7778 - Trading time: 00:00:42
07-09-2025 10:43:19.568 INFO Current price: 0.000000038187 - Current percentage: 4.47% - Max: 46.13% - Min: -7.11% - Market Cap 7778 - Trading time: 00:00:42
07-09-2025 10:43:19.568 INFO Current price: 0.000000038187 - Current percentage: 4.47% - Max: 46.13% - Min: -7.11% - Market Cap 7778 - Trading time: 00:00:42
07-09-2025 10:43:19.568 INFO Current price: 0.000000038187 - Current percentage: 4.47% - Max: 46.13% - Min: -7.11% - Market Cap 7778 - Trading time: 00:00:42
07-09-2025 10:43:19.665 INFO Current price: 0.000000038294 - Current percentage: 5.06% - Max: 46.13% - Min: -7.11% - Market Cap 7822 - Trading time: 00:00:42
07-09-2025 10:43:19.736 INFO Current price: 0.000000038402 - Current percentage: 5.06% - Max: 46.13% - Min: -7.11% - Market Cap 7822 - Trading time: 00:00:42
07-09-2025 10:43:20.486 INFO Current price: 0.000000038403 - Current percentage: 5.06% - Max: 46.13% - Min: -7.11% - Market Cap 7823 - Trading time: 00:00:43
07-09-2025 10:43:22.677 INFO Current price: 0.000000037962 - Current percentage: 2.65% - Max: 46.13% - Min: -7.11% - Market Cap 7643 - Trading time: 00:00:45
07-09-2025 10:43:23.714 INFO Current price: 0.000000037267 - Current percentage: 1.25% - Max: 46.13% - Min: -7.11% - Market Cap 7539 - Trading time: 00:00:46
07-09-2025 10:43:26.727 INFO Current price: 0.000000038084 - Current percentage: 7.21% - Max: 46.13% - Min: -7.11% - Market Cap 7982 - Trading time: 00:00:49
07-09-2025 10:43:26.836 INFO Current price: 0.000000039132 - Current percentage: 6.90% - Max: 46.13% - Min: -7.11% - Market Cap 7959 - Trading time: 00:00:49
07-09-2025 10:43:27.037 INFO Current price: 0.000000038995 - Current percentage: 6.46% - Max: 46.13% - Min: -7.11% - Market Cap 7926 - Trading time: 00:00:50
07-09-2025 10:43:27.352 INFO Current price: 0.000000039033 - Current percentage: 7.11% - Max: 46.13% - Min: -7.11% - Market Cap 7975 - Trading time: 00:00:50
07-09-2025 10:43:30.720 INFO Current price: 0.000000039480 - Current percentage: 8.91% - Max: 46.13% - Min: -7.11% - Market Cap 8109 - Trading time: 00:00:53
07-09-2025 10:43:33.073 INFO Current price: 0.000000039701 - Current percentage: 8.31% - Max: 46.13% - Min: -7.11% - Market Cap 8065 - Trading time: 00:00:56
07-09-2025 10:43:35.841 INFO Current price: 0.000000039585 - Current percentage: 8.27% - Max: 46.13% - Min: -7.11% - Market Cap 8061 - Trading time: 00:00:58
07-09-2025 10:43:35.896 INFO Current price: 0.000000039686 - Current percentage: 8.87% - Max: 46.13% - Min: -7.11% - Market Cap 8106 - Trading time: 00:00:58
07-09-2025 10:43:36.873 INFO Current price: 0.000000039714 - Current percentage: 8.43% - Max: 46.13% - Min: -7.11% - Market Cap 8073 - Trading time: 00:00:59
07-09-2025 10:43:41.162 INFO Current price: 0.000000041261 - Current percentage: 17.51% - Max: 46.13% - Min: -7.11% - Market Cap 8750 - Trading time: 00:01:04
07-09-2025 10:43:43.409 INFO Current price: 0.000000044650 - Current percentage: 26.97% - Max: 46.13% - Min: -7.11% - Market Cap 9453 - Trading time: 00:01:06
07-09-2025 10:43:43.615 INFO Current price: 0.000000046530 - Current percentage: 27.62% - Max: 46.13% - Min: -7.11% - Market Cap 9502 - Trading time: 00:01:06
07-09-2025 10:43:47.809 INFO Current price: 0.000000046420 - Current percentage: 26.36% - Max: 46.13% - Min: -7.11% - Market Cap 9409 - Trading time: 00:01:10
07-09-2025 10:43:52.721 INFO Current price: 0.000000044219 - Current percentage: 15.81% - Max: 46.13% - Min: -7.11% - Market Cap 8622 - Trading time: 00:01:15
07-09-2025 10:43:53.849 INFO Current price: 0.000000042360 - Current percentage: 15.97% - Max: 46.13% - Min: -7.11% - Market Cap 8634 - Trading time: 00:01:16
07-09-2025 10:43:55.563 INFO Current price: 0.000000042401 - Current percentage: 16.03% - Max: 46.13% - Min: -7.11% - Market Cap 8639 - Trading time: 00:01:18
07-09-2025 10:44:01.215 INFO Current price: 0.000000042050 - Current percentage: 14.05% - Max: 46.13% - Min: -7.11% - Market Cap 8492 - Trading time: 00:01:24
07-09-2025 10:44:04.716 INFO Current price: 0.000000041702 - Current percentage: 14.12% - Max: 46.13% - Min: -7.11% - Market Cap 8497 - Trading time: 00:01:27
07-09-2025 10:44:05.117 INFO Current price: 0.000000041612 - Current percentage: 13.56% - Max: 46.13% - Min: -7.11% - Market Cap 8455 - Trading time: 00:01:28
07-09-2025 10:44:08.510 INFO Current price: 0.000000041411 - Current percentage: 13.02% - Max: 46.13% - Min: -7.11% - Market Cap 8415 - Trading time: 00:01:31
07-09-2025 10:44:08.683 INFO Current price: 0.000000041154 - Current percentage: 12.16% - Max: 46.13% - Min: -7.11% - Market Cap 8351 - Trading time: 00:01:31
07-09-2025 10:44:11.144 INFO Current price: 0.000000040987 - Current percentage: 12.10% - Max: 46.13% - Min: -7.11% - Market Cap 8347 - Trading time: 00:01:34
07-09-2025 10:44:15.351 INFO Current price: 0.000000040849 - Current percentage: 11.40% - Max: 46.13% - Min: -7.11% - Market Cap 8295 - Trading time: 00:01:38
07-09-2025 10:44:22.810 INFO Current price: 0.000000039614 - Current percentage: 5.43% - Max: 46.13% - Min: -7.11% - Market Cap 7850 - Trading time: 00:01:45
07-09-2025 10:44:22.810 INFO Current price: 0.000000037200 - Current percentage: -1.76% - Max: 46.13% - Min: -7.11% - Market Cap 7314 - Trading time: 00:01:45
07-09-2025 10:44:22.815 INFO Current price: 0.000000034909 - Current percentage: -7.16% - Max: 46.13% - Min: -7.16% - Market Cap 6913 - Trading time: 00:01:45
07-09-2025 10:44:23.275 INFO Current price: 0.000000032742 - Current percentage: -13.58% - Max: 46.13% - Min: -13.58% - Market Cap 6434 - Trading time: 00:01:46
07-09-2025 10:44:24.257 INFO Current price: 0.000000030788 - Current percentage: -17.91% - Max: 46.13% - Min: -17.91% - Market Cap 6112 - Trading time: 00:01:47
07-09-2025 10:44:24.954 INFO Current price: 0.000000030003 - Current percentage: -17.93% - Max: 46.13% - Min: -17.93% - Market Cap 6111 - Trading time: 00:01:47
07-09-2025 10:44:26.454 INFO Current price: 0.000000029933 - Current percentage: -18.29% - Max: 46.13% - Min: -18.29% - Market Cap 6083 - Trading time: 00:01:49
07-09-2025 10:44:27.208 INFO Current price: 0.000000029853 - Current percentage: -18.37% - Max: 46.13% - Min: -18.37% - Market Cap 6078 - Trading time: 00:01:50
07-09-2025 10:44:27.350 INFO Current price: 0.000000029833 - Current percentage: -18.40% - Max: 46.13% - Min: -18.40% - Market Cap 6075 - Trading time: 00:01:50
07-09-2025 10:44:30.153 INFO Current price: 0.000000029179 - Current percentage: -21.91% - Max: 46.13% - Min: -21.91% - Market Cap 5815 - Trading time: 00:01:53
07-09-2025 10:44:36.830 INFO Current price: 0.000000028540 - Current percentage: -21.94% - Max: 46.13% - Min: -21.94% - Market Cap 5812 - Trading time: 00:01:59
07-09-2025 10:44:37.798 INFO Current price: 0.000000028467 - Current percentage: -22.30% - Max: 46.13% - Min: -22.30% - Market Cap 5785 - Trading time: 00:02:00
07-09-2025 10:44:43.493 INFO Current price: 0.000000028390 - Current percentage: -22.37% - Max: 46.13% - Min: -22.37% - Market Cap 5780 - Trading time: 00:02:06
07-09-2025 10:44:45.934 INFO Current price: 0.000000028343 - Current percentage: -22.56% - Max: 46.13% - Min: -22.56% - Market Cap 5766 - Trading time: 00:02:08
07-09-2025 10:44:51.767 INFO Current price: 0.000000028305 - Current percentage: -22.57% - Max: 46.13% - Min: -22.57% - Market Cap 5765 - Trading time: 00:02:14
07-09-2025 10:44:59.571 INFO Current price: 0.000000028286 - Current percentage: -22.66% - Max: 46.13% - Min: -22.66% - Market Cap 5758 - Trading time: 00:02:22
07-09-2025 10:45:05.330 INFO Current price: 0.000000028201 - Current percentage: -23.04% - Max: 46.13% - Min: -23.04% - Market Cap 5730 - Trading time: 00:02:28
07-09-2025 10:45:13.462 INFO Current price: 0.000000028121 - Current percentage: -23.10% - Max: 46.13% - Min: -23.10% - Market Cap 5726 - Trading time: 00:02:36
07-09-2025 10:45:22.980 INFO Current price: 0.000000028110 - Current percentage: -23.10% - Max: 46.13% - Min: -23.10% - Market Cap 5725 - Trading time: 00:02:45
07-09-2025 10:45:23.438 INFO Current price: 0.000000028041 - Current percentage: -23.47% - Max: 46.13% - Min: -23.47% - Market Cap 5698 - Trading time: 00:02:46
07-09-2025 10:45:42.855 INFO Current price: 0.000000027967 - Current percentage: -23.51% - Max: 46.13% - Min: -23.51% - Market Cap 5695 - Trading time: 00:03:05






07-09-2025 10:55:42.856 INFO {"type":"summary","reason":"inactivity","startedAt":"2025-09-07T08:42:36.996Z","endedAt":"2025-09-07T08:55:42.856Z","durationSec":785,"entryPrice":3.7936010384584265e-8,"entryMarketCapSol":36.55348988057482,"entryMarketCapUsd":7445.580353774286,"minPct":-23.50637256029879,"maxPct":46.13124743766179,"buyCount":82,"sellCount":93,"tradeCount":175,"entryRecorded":true,"noPostThresholdTrades":false,"triggerAt":"2025-09-07T08:42:36.995Z","ageAtTriggerSec":4,"preTotalTrades":9,"preBuys":7,"preSells":2,"preUniqueTraders":7,"preEntryTotalTrades":11,"preEntryBuys":8,"preEntrySells":3,"preEntryUniqueTraders":8,"preEntryMinMcUsd":6611.173952874745,"preEntryMaxMcUsd":8535.679038636703,"thresholdMcSol":36.55348988057482,"thresholdMcUsd":7445.580353774286,"thresholdPrice":3.7936010384584265e-8}
