07-09-2025 06:13:48.439 INFO Entry price: 0.000000035484786874 - Entry market cap: 6972 - Buys 12 - Sells 7 - Ratio: 1:0.58 - Min MarketCap: 6015 - Max MarketCap: 8036
07-09-2025 06:13:48.439 INFO Current price: 0.000000035485 - Current percentage: 0.00% - Max: 0.00% - Min: 0.00% - Market Cap 6972 - Trading time: 00:00:02
07-09-2025 06:13:58.455 INFO Current price: 0.000000033626 - Current percentage: -4.19% - Max: 0.00% - Min: -4.19% - Market Cap 6680 - Trading time: 00:00:12
07-09-2025 06:14:13.973 INFO Current price: 0.000000033723 - Current percentage: 0.58% - Max: 0.58% - Min: -4.19% - Market Cap 7012 - Trading time: 00:00:27
07-09-2025 06:14:13.973 INFO Current price: 0.000000035368 - Current percentage: 5.39% - Max: 5.39% - Min: -4.19% - Market Cap 7347 - Trading time: 00:00:27
07-09-2025 06:14:13.974 INFO Current price: 0.000000037042 - Current percentage: 10.32% - Max: 10.32% - Min: -4.19% - Market Cap 7691 - Trading time: 00:00:27
07-09-2025 06:14:15.814 INFO Current price: 0.000000038435 - Current percentage: 13.46% - Max: 13.46% - Min: -4.19% - Market Cap 7910 - Trading time: 00:00:29
07-09-2025 06:14:34.309 INFO Current price: 0.000000038435 - Current percentage: 10.32% - Max: 13.46% - Min: -4.19% - Market Cap 7691 - Trading time: 00:00:47
07-09-2025 06:14:43.769 INFO Current price: 0.000000037792 - Current percentage: 9.70% - Max: 13.46% - Min: -4.19% - Market Cap 7648 - Trading time: 00:00:57
07-09-2025 06:14:51.939 INFO Current price: 0.000000037703 - Current percentage: 9.81% - Max: 13.46% - Min: -4.19% - Market Cap 7655 - Trading time: 00:01:05
07-09-2025 06:15:19.571 INFO Current price: 0.000000037488 - Current percentage: 8.45% - Max: 13.46% - Min: -4.19% - Market Cap 7561 - Trading time: 00:01:33
07-09-2025 06:15:20.902 INFO Current price: 0.000000036419 - Current percentage: 3.64% - Max: 13.46% - Min: -4.19% - Market Cap 7225 - Trading time: 00:01:34
07-09-2025 06:15:44.207 INFO Current price: 0.000000035424 - Current percentage: 2.60% - Max: 13.46% - Min: -4.19% - Market Cap 7153 - Trading time: 00:01:57
07-09-2025 06:19:51.468 INFO Current price: 0.000000034414 - Current percentage: -2.33% - Max: 13.46% - Min: -4.19% - Market Cap 6809 - Trading time: 00:06:05
07-09-2025 06:19:54.743 INFO Current price: 0.000000034315 - Current percentage: 1.87% - Max: 13.46% - Min: -4.19% - Market Cap 7102 - Trading time: 00:06:08
07-09-2025 06:19:54.743 INFO Current price: 0.000000035816 - Current percentage: 6.40% - Max: 13.46% - Min: -4.19% - Market Cap 7418 - Trading time: 00:06:08
07-09-2025 06:19:54.743 INFO Current price: 0.000000037328 - Current percentage: 10.65% - Max: 13.46% - Min: -4.19% - Market Cap 7714 - Trading time: 00:06:08
07-09-2025 06:19:54.743 INFO Current price: 0.000000038688 - Current percentage: 14.29% - Max: 14.29% - Min: -4.19% - Market Cap 7968 - Trading time: 00:06:08
07-09-2025 06:19:54.774 INFO Current price: 0.000000039531 - Current percentage: 15.53% - Max: 15.53% - Min: -4.19% - Market Cap 8054 - Trading time: 00:06:08
07-09-2025 06:19:54.946 INFO Current price: 0.000000039765 - Current percentage: 15.65% - Max: 15.65% - Min: -4.19% - Market Cap 8063 - Trading time: 00:06:08
07-09-2025 06:19:54.946 INFO Current price: 0.000000040101 - Current percentage: 17.48% - Max: 17.48% - Min: -4.19% - Market Cap 8190 - Trading time: 00:06:08
07-09-2025 06:20:32.391 INFO Current price: 0.000000040527 - Current percentage: 18.13% - Max: 18.13% - Min: -4.19% - Market Cap 8235 - Trading time: 00:06:45
07-09-2025 06:21:00.135 INFO Current price: 0.000000040527 - Current percentage: 17.48% - Max: 18.13% - Min: -4.19% - Market Cap 8190 - Trading time: 00:07:13
07-09-2025 06:21:00.197 INFO Current price: 0.000000040199 - Current percentage: 16.22% - Max: 18.13% - Min: -4.19% - Market Cap 8102 - Trading time: 00:07:13
07-09-2025 06:21:00.850 INFO Current price: 0.000000039960 - Current percentage: 16.09% - Max: 18.13% - Min: -4.19% - Market Cap 8093 - Trading time: 00:07:14
07-09-2025 06:22:36.955 INFO Current price: 0.000000039970 - Current percentage: 16.28% - Max: 18.13% - Min: -4.19% - Market Cap 8107 - Trading time: 00:08:50
07-09-2025 06:23:09.291 INFO Current price: 0.000000041093 - Current percentage: 22.70% - Max: 22.70% - Min: -4.19% - Market Cap 8554 - Trading time: 00:09:22
07-09-2025 06:24:50.065 INFO Current price: 0.000000041093 - Current percentage: 16.28% - Max: 22.70% - Min: -4.19% - Market Cap 8107 - Trading time: 00:11:03
07-09-2025 06:28:09.423 INFO Current price: 0.000000039422 - Current percentage: 12.31% - Max: 22.70% - Min: -4.19% - Market Cap 7830 - Trading time: 00:14:22
07-09-2025 06:28:42.886 INFO Current price: 0.000000037782 - Current percentage: 7.40% - Max: 22.70% - Min: -4.19% - Market Cap 7487 - Trading time: 00:14:56
07-09-2025 06:29:28.743 INFO Current price: 0.000000036929 - Current percentage: 7.22% - Max: 22.70% - Min: -4.19% - Market Cap 7475 - Trading time: 00:15:42
07-09-2025 06:31:12.932 INFO Current price: 0.000000036122 - Current percentage: 2.68% - Max: 22.70% - Min: -4.19% - Market Cap 7159 - Trading time: 00:17:26
07-09-2025 06:31:12.955 INFO Current price: 0.000000034811 - Current percentage: -0.42% - Max: 22.70% - Min: -4.19% - Market Cap 6942 - Trading time: 00:17:26
07-09-2025 06:32:01.944 INFO Current price: 0.000000033461 - Current percentage: -5.12% - Max: 22.70% - Min: -5.12% - Market Cap 6614 - Trading time: 00:18:15
07-09-2025 06:32:02.087 INFO Current price: 0.000000031945 - Current percentage: -9.24% - Max: 22.70% - Min: -9.24% - Market Cap 6327 - Trading time: 00:18:15
07-09-2025 06:32:02.337 INFO Current price: 0.000000031029 - Current percentage: -10.49% - Max: 22.70% - Min: -10.49% - Market Cap 6240 - Trading time: 00:18:15






07-09-2025 06:33:46.439 INFO {"type":"summary","reason":"max_window","startedAt":"2025-09-07T04:13:46.438Z","endedAt":"2025-09-07T04:33:46.439Z","durationSec":1200,"entryPrice":3.548478687369999e-8,"entryMarketCapSol":34.35288639327695,"entryMarketCapUsd":6971.574764651624,"minPct":-10.487841353037181,"maxPct":22.703395487310157,"buyCount":15,"sellCount":19,"tradeCount":34,"entryRecorded":true,"noPostThresholdTrades":false,"triggerAt":"2025-09-07T04:13:46.438Z","ageAtTriggerSec":68,"preTotalTrades":19,"preBuys":12,"preSells":7,"preUniqueTraders":14,"preEntryTotalTrades":19,"preEntryBuys":12,"preEntrySells":7,"preEntryUniqueTraders":14,"preEntryMinMcUsd":6015.216350103861,"preEntryMaxMcUsd":8035.8122290061665,"thresholdMcSol":34.35288639327695,"thresholdMcUsd":6971.574764651624,"thresholdPrice":3.548478687369999e-8}
