07-09-2025 22:54:50.028 INFO Entry price: 0.000000042905494973 - Entry market cap: 8379 - Buys 21 - Sells 6 - Ratio: 1:0.29 - Min MarketCap: 6642 - Max MarketCap: 10266
07-09-2025 22:54:50.028 INFO Current price: 0.000000042905 - Current percentage: 0.00% - Max: 0.00% - Min: 0.00% - Market Cap 8379 - Trading time: 00:00:02
07-09-2025 22:54:50.045 INFO Current price: 0.000000047773 - Current percentage: 16.12% - Max: 16.12% - Min: 0.00% - Market Cap 9730 - Trading time: 00:00:02
07-09-2025 22:54:50.104 INFO Current price: 0.000000046216 - Current percentage: 8.13% - Max: 16.12% - Min: 0.00% - Market Cap 9060 - Trading time: 00:00:02
07-09-2025 22:54:50.280 INFO Current price: 0.000000043922 - Current percentage: 4.88% - Max: 16.12% - Min: 0.00% - Market Cap 8788 - Trading time: 00:00:02
07-09-2025 22:54:52.117 INFO Current price: 0.000000042523 - Current percentage: 1.35% - Max: 16.12% - Min: 0.00% - Market Cap 8493 - Trading time: 00:00:04
07-09-2025 22:54:52.363 INFO Current price: 0.000000041858 - Current percentage: 1.62% - Max: 16.12% - Min: 0.00% - Market Cap 8515 - Trading time: 00:00:04
07-09-2025 22:54:54.105 INFO Current price: 0.000000041215 - Current percentage: -1.74% - Max: 16.12% - Min: -1.74% - Market Cap 8233 - Trading time: 00:00:06
07-09-2025 22:54:54.415 INFO Current price: 0.000000040801 - Current percentage: -0.41% - Max: 16.12% - Min: -1.74% - Market Cap 8345 - Trading time: 00:00:06
07-09-2025 22:54:55.466 INFO Current price: 0.000000043286 - Current percentage: 10.59% - Max: 16.12% - Min: -1.74% - Market Cap 9267 - Trading time: 00:00:07
07-09-2025 22:54:55.817 INFO Current price: 0.000000047965 - Current percentage: 22.29% - Max: 22.29% - Min: -1.74% - Market Cap 10247 - Trading time: 00:00:07
07-09-2025 22:54:55.959 INFO Current price: 0.000000050443 - Current percentage: 22.31% - Max: 22.31% - Min: -1.74% - Market Cap 10249 - Trading time: 00:00:07
07-09-2025 22:54:55.960 INFO Current price: 0.000000050450 - Current percentage: 22.33% - Max: 22.33% - Min: -1.74% - Market Cap 10250 - Trading time: 00:00:07
07-09-2025 22:54:55.966 INFO Current price: 0.000000050459 - Current percentage: 22.36% - Max: 22.36% - Min: -1.74% - Market Cap 10253 - Trading time: 00:00:07
07-09-2025 22:54:55.980 INFO Current price: 0.000000050471 - Current percentage: 22.38% - Max: 22.38% - Min: -1.74% - Market Cap 10255 - Trading time: 00:00:07
07-09-2025 22:54:55.983 INFO Current price: 0.000000050481 - Current percentage: 22.41% - Max: 22.41% - Min: -1.74% - Market Cap 10257 - Trading time: 00:00:07
07-09-2025 22:54:55.985 INFO Current price: 0.000000050492 - Current percentage: 22.43% - Max: 22.43% - Min: -1.74% - Market Cap 10259 - Trading time: 00:00:07
07-09-2025 22:54:55.992 INFO Current price: 0.000000050497 - Current percentage: 22.44% - Max: 22.44% - Min: -1.74% - Market Cap 10259 - Trading time: 00:00:07
07-09-2025 22:54:55.992 INFO Current price: 0.000000050503 - Current percentage: 22.46% - Max: 22.46% - Min: -1.74% - Market Cap 10261 - Trading time: 00:00:07
07-09-2025 22:54:56.084 INFO Current price: 0.000000050846 - Current percentage: 24.10% - Max: 24.10% - Min: -1.74% - Market Cap 10399 - Trading time: 00:00:08
07-09-2025 22:54:56.099 INFO Current price: 0.000000051186 - Current percentage: 24.11% - Max: 24.11% - Min: -1.74% - Market Cap 10399 - Trading time: 00:00:08
07-09-2025 22:54:56.263 INFO Current price: 0.000000051169 - Current percentage: 24.11% - Max: 24.11% - Min: -1.74% - Market Cap 10399 - Trading time: 00:00:08
07-09-2025 22:54:56.522 INFO Current price: 0.000000051188 - Current percentage: 24.11% - Max: 24.11% - Min: -1.74% - Market Cap 10399 - Trading time: 00:00:08
07-09-2025 22:54:56.869 INFO Current price: 0.000000051189 - Current percentage: 24.11% - Max: 24.11% - Min: -1.74% - Market Cap 10400 - Trading time: 00:00:08
07-09-2025 22:54:57.079 INFO Current price: 0.000000050805 - Current percentage: 22.26% - Max: 24.11% - Min: -1.74% - Market Cap 10244 - Trading time: 00:00:09
07-09-2025 22:54:57.596 INFO Current price: 0.000000050141 - Current percentage: 20.89% - Max: 24.11% - Min: -1.74% - Market Cap 10129 - Trading time: 00:00:09
07-09-2025 22:54:57.803 INFO Current price: 0.000000048576 - Current percentage: 14.75% - Max: 24.11% - Min: -1.74% - Market Cap 9615 - Trading time: 00:00:09
07-09-2025 22:54:57.973 INFO Current price: 0.000000047865 - Current percentage: 17.37% - Max: 24.11% - Min: -1.74% - Market Cap 9835 - Trading time: 00:00:09
07-09-2025 22:54:57.977 INFO Current price: 0.000000048980 - Current percentage: 20.16% - Max: 24.11% - Min: -1.74% - Market Cap 10068 - Trading time: 00:00:09
07-09-2025 22:54:57.977 INFO Current price: 0.000000050123 - Current percentage: 22.91% - Max: 24.11% - Min: -1.74% - Market Cap 10299 - Trading time: 00:00:09
07-09-2025 22:54:58.021 INFO Current price: 0.000000051356 - Current percentage: 26.14% - Max: 26.14% - Min: -1.74% - Market Cap 10570 - Trading time: 00:00:09
07-09-2025 22:54:58.075 INFO Current price: 0.000000052646 - Current percentage: 29.16% - Max: 29.16% - Min: -1.74% - Market Cap 10823 - Trading time: 00:00:10
07-09-2025 22:54:58.083 INFO Current price: 0.000000053860 - Current percentage: 32.03% - Max: 32.03% - Min: -1.74% - Market Cap 11063 - Trading time: 00:00:10
07-09-2025 22:54:58.083 INFO Current price: 0.000000055119 - Current percentage: 35.27% - Max: 35.27% - Min: -1.74% - Market Cap 11335 - Trading time: 00:00:10
07-09-2025 22:54:58.084 INFO Current price: 0.000000056483 - Current percentage: 38.64% - Max: 38.64% - Min: -1.74% - Market Cap 11617 - Trading time: 00:00:10
07-09-2025 22:54:58.084 INFO Current price: 0.000000057868 - Current percentage: 41.98% - Max: 41.98% - Min: -1.74% - Market Cap 11897 - Trading time: 00:00:10
07-09-2025 22:54:58.308 INFO Current price: 0.000000058562 - Current percentage: 41.99% - Max: 41.99% - Min: -1.74% - Market Cap 11898 - Trading time: 00:00:10
07-09-2025 22:54:58.367 INFO Current price: 0.000000058577 - Current percentage: 42.06% - Max: 42.06% - Min: -1.74% - Market Cap 11903 - Trading time: 00:00:10
07-09-2025 22:54:58.387 INFO Current price: 0.000000058626 - Current percentage: 42.23% - Max: 42.23% - Min: -1.74% - Market Cap 11917 - Trading time: 00:00:10
07-09-2025 22:55:00.182 INFO Current price: 0.000000057506 - Current percentage: 36.68% - Max: 42.23% - Min: -1.74% - Market Cap 11453 - Trading time: 00:00:12
07-09-2025 22:55:01.036 INFO Current price: 0.000000056372 - Current percentage: 36.67% - Max: 42.23% - Min: -1.74% - Market Cap 11452 - Trading time: 00:00:13
07-09-2025 22:55:01.038 INFO Current price: 0.000000056368 - Current percentage: 36.66% - Max: 42.23% - Min: -1.74% - Market Cap 11451 - Trading time: 00:00:13
07-09-2025 22:55:01.038 INFO Current price: 0.000000056363 - Current percentage: 36.65% - Max: 42.23% - Min: -1.74% - Market Cap 11450 - Trading time: 00:00:13
07-09-2025 22:55:01.065 INFO Current price: 0.000000056318 - Current percentage: 36.44% - Max: 42.23% - Min: -1.74% - Market Cap 11433 - Trading time: 00:00:13
07-09-2025 22:55:01.066 INFO Current price: 0.000000056472 - Current percentage: 37.40% - Max: 42.23% - Min: -1.74% - Market Cap 11513 - Trading time: 00:00:13
07-09-2025 22:55:01.105 INFO Current price: 0.000000056678 - Current percentage: 37.44% - Max: 42.23% - Min: -1.74% - Market Cap 11516 - Trading time: 00:00:13
07-09-2025 22:55:01.157 INFO Current price: 0.000000056684 - Current percentage: 37.43% - Max: 42.23% - Min: -1.74% - Market Cap 11516 - Trading time: 00:00:13
07-09-2025 22:55:01.164 INFO Current price: 0.000000056681 - Current percentage: 37.42% - Max: 42.23% - Min: -1.74% - Market Cap 11515 - Trading time: 00:00:13
07-09-2025 22:55:01.185 INFO Current price: 0.000000056676 - Current percentage: 37.41% - Max: 42.23% - Min: -1.74% - Market Cap 11514 - Trading time: 00:00:13
07-09-2025 22:55:01.186 INFO Current price: 0.000000056672 - Current percentage: 37.40% - Max: 42.23% - Min: -1.74% - Market Cap 11513 - Trading time: 00:00:13
07-09-2025 22:55:01.305 INFO Current price: 0.000000056556 - Current percentage: 36.85% - Max: 42.23% - Min: -1.74% - Market Cap 11467 - Trading time: 00:00:13
07-09-2025 22:55:01.461 INFO Current price: 0.000000056441 - Current percentage: 36.84% - Max: 42.23% - Min: -1.74% - Market Cap 11467 - Trading time: 00:00:13
07-09-2025 22:55:01.461 INFO Current price: 0.000000056441 - Current percentage: 36.84% - Max: 42.23% - Min: -1.74% - Market Cap 11466 - Trading time: 00:00:13
07-09-2025 22:55:02.255 INFO Current price: 0.000000056440 - Current percentage: 36.84% - Max: 42.23% - Min: -1.74% - Market Cap 11466 - Trading time: 00:00:14
07-09-2025 22:55:02.407 INFO Current price: 0.000000056046 - Current percentage: 34.94% - Max: 42.23% - Min: -1.74% - Market Cap 11307 - Trading time: 00:00:14
07-09-2025 22:55:02.615 INFO Current price: 0.000000055682 - Current percentage: 35.07% - Max: 42.23% - Min: -1.74% - Market Cap 11318 - Trading time: 00:00:14
07-09-2025 22:55:02.795 INFO Current price: 0.000000055965 - Current percentage: 36.32% - Max: 42.23% - Min: -1.74% - Market Cap 11422 - Trading time: 00:00:14
07-09-2025 22:55:03.469 INFO Current price: 0.000000056190 - Current percentage: 36.16% - Max: 42.23% - Min: -1.74% - Market Cap 11409 - Trading time: 00:00:15
07-09-2025 22:55:04.380 INFO Current price: 0.000000056222 - Current percentage: 36.47% - Max: 42.23% - Min: -1.74% - Market Cap 11435 - Trading time: 00:00:16
07-09-2025 22:55:05.434 INFO Current price: 0.000000056948 - Current percentage: 39.69% - Max: 42.23% - Min: -1.74% - Market Cap 11705 - Trading time: 00:00:17
07-09-2025 22:55:05.438 INFO Current price: 0.000000058285 - Current percentage: 42.96% - Max: 42.96% - Min: -1.74% - Market Cap 11979 - Trading time: 00:00:17
07-09-2025 22:55:05.440 INFO Current price: 0.000000059639 - Current percentage: 46.26% - Max: 46.26% - Min: -1.74% - Market Cap 12255 - Trading time: 00:00:17
07-09-2025 22:55:05.442 INFO Current price: 0.000000061008 - Current percentage: 49.60% - Max: 49.60% - Min: -1.74% - Market Cap 12535 - Trading time: 00:00:17
07-09-2025 22:55:05.591 INFO Current price: 0.000000063169 - Current percentage: 56.80% - Max: 56.80% - Min: -1.74% - Market Cap 13139 - Trading time: 00:00:17
07-09-2025 22:55:05.606 INFO Current price: 0.000000065382 - Current percentage: 60.26% - Max: 60.26% - Min: -1.74% - Market Cap 13429 - Trading time: 00:00:17
07-09-2025 22:55:06.069 INFO Current price: 0.000000066095 - Current percentage: 60.24% - Max: 60.26% - Min: -1.74% - Market Cap 13427 - Trading time: 00:00:18
07-09-2025 22:55:06.074 INFO Current price: 0.000000066090 - Current percentage: 60.23% - Max: 60.26% - Min: -1.74% - Market Cap 13426 - Trading time: 00:00:18
07-09-2025 22:55:06.076 INFO Current price: 0.000000066084 - Current percentage: 60.22% - Max: 60.26% - Min: -1.74% - Market Cap 13425 - Trading time: 00:00:18
07-09-2025 22:55:06.080 INFO Current price: 0.000000066082 - Current percentage: 60.22% - Max: 60.26% - Min: -1.74% - Market Cap 13425 - Trading time: 00:00:18
07-09-2025 22:55:06.080 INFO Current price: 0.000000066078 - Current percentage: 60.21% - Max: 60.26% - Min: -1.74% - Market Cap 13424 - Trading time: 00:00:18
07-09-2025 22:55:06.081 INFO Current price: 0.000000066073 - Current percentage: 60.19% - Max: 60.26% - Min: -1.74% - Market Cap 13423 - Trading time: 00:00:18
07-09-2025 22:55:06.085 INFO Current price: 0.000000066069 - Current percentage: 60.19% - Max: 60.26% - Min: -1.74% - Market Cap 13422 - Trading time: 00:00:18
07-09-2025 22:55:06.086 INFO Current price: 0.000000066066 - Current percentage: 60.17% - Max: 60.26% - Min: -1.74% - Market Cap 13421 - Trading time: 00:00:18
07-09-2025 22:55:06.649 INFO Current price: 0.000000066063 - Current percentage: 60.17% - Max: 60.26% - Min: -1.74% - Market Cap 13421 - Trading time: 00:00:18
07-09-2025 22:55:06.651 INFO Current price: 0.000000066062 - Current percentage: 60.17% - Max: 60.26% - Min: -1.74% - Market Cap 13421 - Trading time: 00:00:18
07-09-2025 22:55:08.228 INFO Current price: 0.000000066048 - Current percentage: 60.10% - Max: 60.26% - Min: -1.74% - Market Cap 13415 - Trading time: 00:00:20
07-09-2025 22:55:09.909 INFO Current price: 0.000000066314 - Current percentage: 61.46% - Max: 61.46% - Min: -1.74% - Market Cap 13529 - Trading time: 00:00:21
07-09-2025 22:55:11.314 INFO Current price: 0.000000066593 - Current percentage: 61.45% - Max: 61.46% - Min: -1.74% - Market Cap 13528 - Trading time: 00:00:23
07-09-2025 22:55:11.317 INFO Current price: 0.000000066589 - Current percentage: 61.45% - Max: 61.46% - Min: -1.74% - Market Cap 13528 - Trading time: 00:00:23
07-09-2025 22:55:11.318 INFO Current price: 0.000000066585 - Current percentage: 61.43% - Max: 61.46% - Min: -1.74% - Market Cap 13527 - Trading time: 00:00:23
07-09-2025 22:55:11.329 INFO Current price: 0.000000066580 - Current percentage: 61.42% - Max: 61.46% - Min: -1.74% - Market Cap 13526 - Trading time: 00:00:23
07-09-2025 22:55:11.410 INFO Current price: 0.000000066574 - Current percentage: 61.41% - Max: 61.46% - Min: -1.74% - Market Cap 13525 - Trading time: 00:00:23
07-09-2025 22:55:11.411 INFO Current price: 0.000000066571 - Current percentage: 61.41% - Max: 61.46% - Min: -1.74% - Market Cap 13525 - Trading time: 00:00:23
07-09-2025 22:55:11.415 INFO Current price: 0.000000066568 - Current percentage: 61.39% - Max: 61.46% - Min: -1.74% - Market Cap 13523 - Trading time: 00:00:23
07-09-2025 22:55:11.417 INFO Current price: 0.000000066563 - Current percentage: 61.38% - Max: 61.46% - Min: -1.74% - Market Cap 13522 - Trading time: 00:00:23
07-09-2025 22:55:11.722 INFO Current price: 0.000000066559 - Current percentage: 61.38% - Max: 61.46% - Min: -1.74% - Market Cap 13522 - Trading time: 00:00:23
07-09-2025 22:55:11.727 INFO Current price: 0.000000066558 - Current percentage: 61.37% - Max: 61.46% - Min: -1.74% - Market Cap 13522 - Trading time: 00:00:23
07-09-2025 22:55:18.606 INFO Current price: 0.000000068104 - Current percentage: 68.96% - Max: 68.96% - Min: -1.74% - Market Cap 14157 - Trading time: 00:00:30
07-09-2025 22:55:18.613 INFO Current price: 0.000000070981 - Current percentage: 75.30% - Max: 75.30% - Min: -1.74% - Market Cap 14689 - Trading time: 00:00:30
07-09-2025 22:55:18.896 INFO Current price: 0.000000071863 - Current percentage: 73.18% - Max: 75.30% - Min: -1.74% - Market Cap 14511 - Trading time: 00:00:30
07-09-2025 22:55:18.905 INFO Current price: 0.000000070998 - Current percentage: 71.10% - Max: 75.30% - Min: -1.74% - Market Cap 14337 - Trading time: 00:00:30
07-09-2025 22:55:24.992 INFO Current price: 0.000000070559 - Current percentage: 71.05% - Max: 75.30% - Min: -1.74% - Market Cap 14332 - Trading time: 00:00:36
07-09-2025 22:55:29.161 INFO Current price: 0.000000070578 - Current percentage: 71.05% - Max: 75.30% - Min: -1.74% - Market Cap 14332 - Trading time: 00:00:41
07-09-2025 22:55:33.145 INFO Current price: 0.000000070511 - Current percentage: 70.87% - Max: 75.30% - Min: -1.74% - Market Cap 14317 - Trading time: 00:00:45
07-09-2025 22:55:34.483 INFO Current price: 0.000000070261 - Current percentage: 69.84% - Max: 75.30% - Min: -1.74% - Market Cap 14231 - Trading time: 00:00:46
07-09-2025 22:55:37.779 INFO Current price: 0.000000070041 - Current percentage: 69.80% - Max: 75.30% - Min: -1.74% - Market Cap 14228 - Trading time: 00:00:49
07-09-2025 22:55:37.795 INFO Current price: 0.000000070047 - Current percentage: 69.87% - Max: 75.30% - Min: -1.74% - Market Cap 14234 - Trading time: 00:00:49
07-09-2025 22:55:38.393 INFO Current price: 0.000000070052 - Current percentage: 69.83% - Max: 75.30% - Min: -1.74% - Market Cap 14230 - Trading time: 00:00:50
07-09-2025 22:55:39.254 INFO Current price: 0.000000070040 - Current percentage: 69.81% - Max: 75.30% - Min: -1.74% - Market Cap 14228 - Trading time: 00:00:51
07-09-2025 22:55:41.019 INFO Current price: 0.000000069601 - Current percentage: 67.70% - Max: 75.30% - Min: -1.74% - Market Cap 14052 - Trading time: 00:00:52
07-09-2025 22:55:41.078 INFO Current price: 0.000000066021 - Current percentage: 52.79% - Max: 75.30% - Min: -1.74% - Market Cap 12802 - Trading time: 00:00:53
07-09-2025 22:55:43.772 INFO Current price: 0.000000062645 - Current percentage: 50.99% - Max: 75.30% - Min: -1.74% - Market Cap 12652 - Trading time: 00:00:55
07-09-2025 22:55:43.806 INFO Current price: 0.000000062222 - Current percentage: 50.73% - Max: 75.30% - Min: -1.74% - Market Cap 12630 - Trading time: 00:00:55
07-09-2025 22:55:43.941 INFO Current price: 0.000000060750 - Current percentage: 43.93% - Max: 75.30% - Min: -1.74% - Market Cap 12060 - Trading time: 00:00:55
07-09-2025 22:55:46.897 INFO Current price: 0.000000060692 - Current percentage: 50.44% - Max: 75.30% - Min: -1.74% - Market Cap 12606 - Trading time: 00:00:58
07-09-2025 22:55:49.664 INFO Current price: 0.000000062059 - Current percentage: 50.44% - Max: 75.30% - Min: -1.74% - Market Cap 12606 - Trading time: 00:01:01
07-09-2025 22:55:49.794 INFO Current price: 0.000000062389 - Current percentage: 52.09% - Max: 75.30% - Min: -1.74% - Market Cap 12744 - Trading time: 00:01:01
07-09-2025 22:55:49.914 INFO Current price: 0.000000060982 - Current percentage: 43.73% - Max: 75.30% - Min: -1.74% - Market Cap 12044 - Trading time: 00:01:01
07-09-2025 22:55:50.055 INFO Current price: 0.000000059247 - Current percentage: 43.56% - Max: 75.30% - Min: -1.74% - Market Cap 12030 - Trading time: 00:01:02
07-09-2025 22:55:51.520 INFO Current price: 0.000000059544 - Current percentage: 45.18% - Max: 75.30% - Min: -1.74% - Market Cap 12165 - Trading time: 00:01:03
07-09-2025 22:55:51.869 INFO Current price: 0.000000062544 - Current percentage: 58.40% - Max: 75.30% - Min: -1.74% - Market Cap 13272 - Trading time: 00:01:03
07-09-2025 22:55:53.684 INFO Current price: 0.000000065348 - Current percentage: 58.49% - Max: 75.30% - Min: -1.74% - Market Cap 13280 - Trading time: 00:01:05
07-09-2025 22:55:54.592 INFO Current price: 0.000000065355 - Current percentage: 58.43% - Max: 75.30% - Min: -1.74% - Market Cap 13275 - Trading time: 00:01:06
07-09-2025 22:56:00.189 INFO Current price: 0.000000065098 - Current percentage: 57.24% - Max: 75.30% - Min: -1.74% - Market Cap 13176 - Trading time: 00:01:12
07-09-2025 22:56:00.592 INFO Current price: 0.000000062097 - Current percentage: 44.16% - Max: 75.30% - Min: -1.74% - Market Cap 12080 - Trading time: 00:01:12
07-09-2025 22:56:35.545 INFO Current price: 0.000000059591 - Current percentage: 44.81% - Max: 75.30% - Min: -1.74% - Market Cap 12134 - Trading time: 00:01:47
07-09-2025 22:56:35.548 INFO Current price: 0.000000059858 - Current percentage: 45.45% - Max: 75.30% - Min: -1.74% - Market Cap 12188 - Trading time: 00:01:47
07-09-2025 22:56:36.807 INFO Current price: 0.000000059919 - Current percentage: 45.10% - Max: 75.30% - Min: -1.74% - Market Cap 12158 - Trading time: 00:01:48
07-09-2025 22:56:54.120 INFO Current price: 0.000000060622 - Current percentage: 48.89% - Max: 75.30% - Min: -1.74% - Market Cap 12476 - Trading time: 00:02:06
07-09-2025 22:56:54.151 INFO Current price: 0.000000062243 - Current percentage: 52.96% - Max: 75.30% - Min: -1.74% - Market Cap 12817 - Trading time: 00:02:06
07-09-2025 22:56:56.209 INFO Current price: 0.000000065498 - Current percentage: 64.87% - Max: 75.30% - Min: -1.74% - Market Cap 13815 - Trading time: 00:02:08
07-09-2025 22:56:56.423 INFO Current price: 0.000000068362 - Current percentage: 66.63% - Max: 75.30% - Min: -1.74% - Market Cap 13962 - Trading time: 00:02:08
07-09-2025 22:56:56.426 INFO Current price: 0.000000069083 - Current percentage: 68.37% - Max: 75.30% - Min: -1.74% - Market Cap 14108 - Trading time: 00:02:08
07-09-2025 22:57:04.387 INFO Current price: 0.000000069425 - Current percentage: 68.28% - Max: 75.30% - Min: -1.74% - Market Cap 14101 - Trading time: 00:02:16
07-09-2025 22:57:20.871 INFO Current price: 0.000000066829 - Current percentage: 56.01% - Max: 75.30% - Min: -1.74% - Market Cap 13073 - Trading time: 00:02:32
07-09-2025 22:57:28.501 INFO Current price: 0.000000062913 - Current percentage: 49.14% - Max: 75.30% - Min: -1.74% - Market Cap 12497 - Trading time: 00:02:40
07-09-2025 22:57:39.269 INFO Current price: 0.000000061217 - Current percentage: 47.71% - Max: 75.30% - Min: -1.74% - Market Cap 12377 - Trading time: 00:02:51
07-09-2025 22:57:46.784 INFO Current price: 0.000000061191 - Current percentage: 49.02% - Max: 75.30% - Min: -1.74% - Market Cap 12487 - Trading time: 00:02:58
07-09-2025 22:57:49.212 INFO Current price: 0.000000061388 - Current percentage: 48.66% - Max: 75.30% - Min: -1.74% - Market Cap 12457 - Trading time: 00:03:01
07-09-2025 22:57:58.649 INFO Current price: 0.000000061484 - Current percentage: 49.49% - Max: 75.30% - Min: -1.74% - Market Cap 12526 - Trading time: 00:03:10
07-09-2025 22:57:59.084 INFO Current price: 0.000000061790 - Current percentage: 50.14% - Max: 75.30% - Min: -1.74% - Market Cap 12581 - Trading time: 00:03:11
07-09-2025 22:57:59.987 INFO Current price: 0.000000062062 - Current percentage: 50.80% - Max: 75.30% - Min: -1.74% - Market Cap 12636 - Trading time: 00:03:11
07-09-2025 22:58:00.805 INFO Current price: 0.000000062266 - Current percentage: 51.13% - Max: 75.30% - Min: -1.74% - Market Cap 12664 - Trading time: 00:03:12
07-09-2025 22:58:00.981 INFO Current price: 0.000000064648 - Current percentage: 62.56% - Max: 75.30% - Min: -1.74% - Market Cap 13621 - Trading time: 00:03:12
07-09-2025 22:58:01.030 INFO Current price: 0.000000067559 - Current percentage: 65.05% - Max: 75.30% - Min: -1.74% - Market Cap 13830 - Trading time: 00:03:13
07-09-2025 22:58:04.437 INFO Current price: 0.000000068073 - Current percentage: 65.04% - Max: 75.30% - Min: -1.74% - Market Cap 13829 - Trading time: 00:03:16
07-09-2025 22:58:42.476 INFO Current price: 0.000000065618 - Current percentage: 53.90% - Max: 75.30% - Min: -1.74% - Market Cap 12895 - Trading time: 00:03:54
07-09-2025 22:58:42.517 INFO Current price: 0.000000062791 - Current percentage: 51.66% - Max: 75.30% - Min: -1.74% - Market Cap 12708 - Trading time: 00:03:54
07-09-2025 22:59:11.293 INFO Current price: 0.000000063731 - Current percentage: 58.54% - Max: 75.30% - Min: -1.74% - Market Cap 13284 - Trading time: 00:04:23
07-09-2025 22:59:11.298 INFO Current price: 0.000000066513 - Current percentage: 65.19% - Max: 75.30% - Min: -1.74% - Market Cap 13841 - Trading time: 00:04:23
07-09-2025 22:59:11.410 INFO Current price: 0.000000068396 - Current percentage: 67.64% - Max: 75.30% - Min: -1.74% - Market Cap 14047 - Trading time: 00:04:23
07-09-2025 22:59:11.779 INFO Current price: 0.000000068903 - Current percentage: 67.65% - Max: 75.30% - Min: -1.74% - Market Cap 14048 - Trading time: 00:04:23
07-09-2025 22:59:12.608 INFO Current price: 0.000000069048 - Current percentage: 68.35% - Max: 75.30% - Min: -1.74% - Market Cap 14106 - Trading time: 00:04:24
07-09-2025 22:59:32.561 INFO Current price: 0.000000072058 - Current percentage: 82.59% - Max: 82.59% - Min: -1.74% - Market Cap 15299 - Trading time: 00:04:44
07-09-2025 22:59:34.620 INFO Current price: 0.000000074708 - Current percentage: 80.95% - Max: 82.59% - Min: -1.74% - Market Cap 15162 - Trading time: 00:04:46
07-09-2025 22:59:35.215 INFO Current price: 0.000000074674 - Current percentage: 82.42% - Max: 82.59% - Min: -1.74% - Market Cap 15286 - Trading time: 00:04:47
07-09-2025 22:59:46.103 INFO Current price: 0.000000074982 - Current percentage: 82.44% - Max: 82.59% - Min: -1.74% - Market Cap 15287 - Trading time: 00:04:58
07-09-2025 22:59:55.396 INFO Current price: 0.000000078344 - Current percentage: 99.15% - Max: 99.15% - Min: -1.74% - Market Cap 16687 - Trading time: 00:05:07
07-09-2025 22:59:55.430 INFO Current price: 0.000000085361 - Current percentage: 116.59% - Max: 116.59% - Min: -1.74% - Market Cap 18148 - Trading time: 00:05:07
07-09-2025 22:59:55.660 INFO Current price: 0.000000090679 - Current percentage: 124.74% - Max: 124.74% - Min: -1.74% - Market Cap 18831 - Trading time: 00:05:07
07-09-2025 22:59:55.744 INFO Current price: 0.000000094029 - Current percentage: 132.89% - Max: 132.89% - Min: -1.74% - Market Cap 19514 - Trading time: 00:05:07
07-09-2025 22:59:55.946 INFO Current price: 0.000000095720 - Current percentage: 132.89% - Max: 132.89% - Min: -1.74% - Market Cap 19514 - Trading time: 00:05:07
07-09-2025 22:59:57.269 INFO Current price: 0.000000096064 - Current percentage: 134.57% - Max: 134.57% - Min: -1.74% - Market Cap 19655 - Trading time: 00:05:09
07-09-2025 22:59:57.347 INFO Current price: 0.000000096462 - Current percentage: 134.82% - Max: 134.82% - Min: -1.74% - Market Cap 19676 - Trading time: 00:05:09
07-09-2025 23:00:16.472 INFO Current price: 0.000000096071 - Current percentage: 132.68% - Max: 134.82% - Min: -1.74% - Market Cap 19496 - Trading time: 00:05:28
07-09-2025 23:00:32.176 INFO Current price: 0.000000091217 - Current percentage: 111.69% - Max: 134.82% - Min: -1.74% - Market Cap 17738 - Trading time: 00:05:44
07-09-2025 23:00:32.186 INFO Current price: 0.000000083469 - Current percentage: 94.83% - Max: 134.82% - Min: -1.74% - Market Cap 16325 - Trading time: 00:05:44
07-09-2025 23:00:32.290 INFO Current price: 0.000000078781 - Current percentage: 88.58% - Max: 134.82% - Min: -1.74% - Market Cap 15801 - Trading time: 00:05:44
07-09-2025 23:00:32.408 INFO Current price: 0.000000076205 - Current percentage: 82.30% - Max: 134.82% - Min: -1.74% - Market Cap 15275 - Trading time: 00:05:44
07-09-2025 23:00:32.410 INFO Current price: 0.000000074352 - Current percentage: 79.51% - Max: 134.82% - Min: -1.74% - Market Cap 15042 - Trading time: 00:05:44
07-09-2025 23:00:49.760 INFO Current price: 0.000000074539 - Current percentage: 83.22% - Max: 134.82% - Min: -1.74% - Market Cap 15352 - Trading time: 00:06:01
07-09-2025 23:00:49.999 INFO Current price: 0.000000075901 - Current percentage: 86.13% - Max: 134.82% - Min: -1.74% - Market Cap 15597 - Trading time: 00:06:01
07-09-2025 23:00:58.081 INFO Current price: 0.000000076258 - Current percentage: 84.94% - Max: 134.82% - Min: -1.74% - Market Cap 15497 - Trading time: 00:06:10
07-09-2025 23:00:58.117 INFO Current price: 0.000000075978 - Current percentage: 84.77% - Max: 134.82% - Min: -1.74% - Market Cap 15482 - Trading time: 00:06:10
07-09-2025 23:01:04.321 INFO Current price: 0.000000076093 - Current percentage: 85.50% - Max: 134.82% - Min: -1.74% - Market Cap 15544 - Trading time: 00:06:16
07-09-2025 23:01:04.401 INFO Current price: 0.000000076242 - Current percentage: 85.50% - Max: 134.82% - Min: -1.74% - Market Cap 15543 - Trading time: 00:06:16
07-09-2025 23:01:15.520 INFO Current price: 0.000000076616 - Current percentage: 87.33% - Max: 134.82% - Min: -1.74% - Market Cap 15697 - Trading time: 00:06:27
07-09-2025 23:01:15.525 INFO Current price: 0.000000077380 - Current percentage: 89.21% - Max: 134.82% - Min: -1.74% - Market Cap 15854 - Trading time: 00:06:27
07-09-2025 23:01:24.410 INFO Current price: 0.000000077777 - Current percentage: 89.26% - Max: 134.82% - Min: -1.74% - Market Cap 15858 - Trading time: 00:06:36
07-09-2025 23:01:46.941 INFO Current price: 0.000000077794 - Current percentage: 89.29% - Max: 134.82% - Min: -1.74% - Market Cap 15861 - Trading time: 00:06:58
07-09-2025 23:01:47.230 INFO Current price: 0.000000077184 - Current percentage: 86.30% - Max: 134.82% - Min: -1.74% - Market Cap 15611 - Trading time: 00:06:59
07-09-2025 23:01:48.065 INFO Current price: 0.000000076405 - Current percentage: 85.49% - Max: 134.82% - Min: -1.74% - Market Cap 15543 - Trading time: 00:07:00
07-09-2025 23:01:49.641 INFO Current price: 0.000000073182 - Current percentage: 70.92% - Max: 134.82% - Min: -1.74% - Market Cap 14322 - Trading time: 00:07:01
07-09-2025 23:02:18.894 INFO Current price: 0.000000070166 - Current percentage: 70.52% - Max: 134.82% - Min: -1.74% - Market Cap 14288 - Trading time: 00:07:30
07-09-2025 23:02:18.900 INFO Current price: 0.000000069877 - Current percentage: 69.51% - Max: 134.82% - Min: -1.74% - Market Cap 14204 - Trading time: 00:07:30
07-09-2025 23:02:21.542 INFO Current price: 0.000000069345 - Current percentage: 67.93% - Max: 134.82% - Min: -1.74% - Market Cap 14071 - Trading time: 00:07:33
07-09-2025 23:02:38.108 INFO Current price: 0.000000068703 - Current percentage: 66.39% - Max: 134.82% - Min: -1.74% - Market Cap 13942 - Trading time: 00:07:50
07-09-2025 23:04:20.449 INFO Current price: 0.000000068379 - Current percentage: 66.35% - Max: 134.82% - Min: -1.74% - Market Cap 13939 - Trading time: 00:09:32
07-09-2025 23:04:35.058 INFO Current price: 0.000000067964 - Current percentage: 64.38% - Max: 134.82% - Min: -1.74% - Market Cap 13773 - Trading time: 00:09:47
07-09-2025 23:04:35.070 INFO Current price: 0.000000067179 - Current percentage: 62.53% - Max: 134.82% - Min: -1.74% - Market Cap 13618 - Trading time: 00:09:47
07-09-2025 23:05:21.427 INFO Current price: 0.000000066002 - Current percentage: 58.67% - Max: 134.82% - Min: -1.74% - Market Cap 13295 - Trading time: 00:10:33
07-09-2025 23:05:21.452 INFO Current price: 0.000000064428 - Current percentage: 54.86% - Max: 134.82% - Min: -1.74% - Market Cap 12977 - Trading time: 00:10:33
07-09-2025 23:05:21.454 INFO Current price: 0.000000062926 - Current percentage: 51.36% - Max: 134.82% - Min: -1.74% - Market Cap 12683 - Trading time: 00:10:33
07-09-2025 23:05:21.498 INFO Current price: 0.000000061459 - Current percentage: 47.73% - Max: 134.82% - Min: -1.74% - Market Cap 12378 - Trading time: 00:10:33
07-09-2025 23:05:21.499 INFO Current price: 0.000000060086 - Current percentage: 44.67% - Max: 134.82% - Min: -1.74% - Market Cap 12123 - Trading time: 00:10:33
07-09-2025 23:05:21.748 INFO Current price: 0.000000058722 - Current percentage: 41.09% - Max: 134.82% - Min: -1.74% - Market Cap 11823 - Trading time: 00:10:33
07-09-2025 23:05:21.776 INFO Current price: 0.000000057260 - Current percentage: 37.56% - Max: 134.82% - Min: -1.74% - Market Cap 11526 - Trading time: 00:10:33
07-09-2025 23:05:21.778 INFO Current price: 0.000000055854 - Current percentage: 34.25% - Max: 134.82% - Min: -1.74% - Market Cap 11249 - Trading time: 00:10:33
07-09-2025 23:05:21.779 INFO Current price: 0.000000054517 - Current percentage: 31.05% - Max: 134.82% - Min: -1.74% - Market Cap 10981 - Trading time: 00:10:33
07-09-2025 23:05:21.825 INFO Current price: 0.000000053238 - Current percentage: 28.03% - Max: 134.82% - Min: -1.74% - Market Cap 10728 - Trading time: 00:10:33
07-09-2025 23:05:21.829 INFO Current price: 0.000000052030 - Current percentage: 25.17% - Max: 134.82% - Min: -1.74% - Market Cap 10488 - Trading time: 00:10:33
07-09-2025 23:05:21.831 INFO Current price: 0.000000050848 - Current percentage: 22.28% - Max: 134.82% - Min: -1.74% - Market Cap 10246 - Trading time: 00:10:33
07-09-2025 23:05:21.894 INFO Current price: 0.000000049730 - Current percentage: 19.72% - Max: 134.82% - Min: -1.74% - Market Cap 10032 - Trading time: 00:10:33
07-09-2025 23:05:21.894 INFO Current price: 0.000000048590 - Current percentage: 16.74% - Max: 134.82% - Min: -1.74% - Market Cap 9782 - Trading time: 00:10:33
07-09-2025 23:05:23.345 INFO Current price: 0.000000047590 - Current percentage: 14.84% - Max: 134.82% - Min: -1.74% - Market Cap 9623 - Trading time: 00:10:35
07-09-2025 23:05:23.373 INFO Current price: 0.000000046812 - Current percentage: 12.96% - Max: 134.82% - Min: -1.74% - Market Cap 9465 - Trading time: 00:10:35
07-09-2025 23:05:23.897 INFO Current price: 0.000000045745 - Current percentage: 9.66% - Max: 134.82% - Min: -1.74% - Market Cap 9189 - Trading time: 00:10:35
07-09-2025 23:05:23.917 INFO Current price: 0.000000044247 - Current percentage: 5.68% - Max: 134.82% - Min: -1.74% - Market Cap 8855 - Trading time: 00:10:35
07-09-2025 23:05:24.305 INFO Current price: 0.000000041453 - Current percentage: -3.75% - Max: 134.82% - Min: -3.75% - Market Cap 8065 - Trading time: 00:10:36
07-09-2025 23:05:24.630 INFO Current price: 0.000000038944 - Current percentage: -6.73% - Max: 134.82% - Min: -6.73% - Market Cap 7816 - Trading time: 00:10:36
07-09-2025 23:05:24.633 INFO Current price: 0.000000037688 - Current percentage: -9.86% - Max: 134.82% - Min: -9.86% - Market Cap 7553 - Trading time: 00:10:36
07-09-2025 23:05:25.056 INFO Current price: 0.000000035791 - Current percentage: -15.88% - Max: 134.82% - Min: -15.88% - Market Cap 7049 - Trading time: 00:10:37
07-09-2025 23:05:25.059 INFO Current price: 0.000000033488 - Current percentage: -21.08% - Max: 134.82% - Min: -21.08% - Market Cap 6613 - Trading time: 00:10:37
07-09-2025 23:05:25.120 INFO Current price: 0.000000032093 - Current percentage: -22.74% - Max: 134.82% - Min: -22.74% - Market Cap 6474 - Trading time: 00:10:37
07-09-2025 23:05:34.676 INFO Current price: 0.000000031543 - Current percentage: -23.76% - Max: 134.82% - Min: -23.76% - Market Cap 6388 - Trading time: 00:10:46
07-09-2025 23:05:41.911 INFO Current price: 0.000000030467 - Current percentage: -27.92% - Max: 134.82% - Min: -27.92% - Market Cap 6039 - Trading time: 00:10:53
07-09-2025 23:05:41.955 INFO Current price: 0.000000028828 - Current percentage: -31.74% - Max: 134.82% - Min: -31.74% - Market Cap 5719 - Trading time: 00:10:53
07-09-2025 23:06:47.535 INFO Current price: 0.000000028021 - Current percentage: -31.91% - Max: 134.82% - Min: -31.91% - Market Cap 5706 - Trading time: 00:11:59
07-09-2025 23:07:46.119 INFO Current price: 0.000000027982 - Current percentage: -31.93% - Max: 134.82% - Min: -31.93% - Market Cap 5704 - Trading time: 00:12:58






07-09-2025 23:14:48.035 INFO {"type":"summary","reason":"max_window","startedAt":"2025-09-07T20:54:48.028Z","endedAt":"2025-09-07T21:14:48.035Z","durationSec":1200,"entryPrice":4.290549497268998e-8,"entryMarketCapSol":41.24456329164221,"entryMarketCapUsd":8379.24547833003,"minPct":-31.93199502500452,"maxPct":134.819592000817,"buyCount":92,"sellCount":123,"tradeCount":215,"entryRecorded":true,"noPostThresholdTrades":false,"triggerAt":"2025-09-07T20:54:48.028Z","ageAtTriggerSec":4,"preTotalTrades":19,"preBuys":14,"preSells":5,"preUniqueTraders":14,"preEntryTotalTrades":27,"preEntryBuys":21,"preEntrySells":6,"preEntryUniqueTraders":21,"preEntryMinMcUsd":6641.82579078208,"preEntryMaxMcUsd":10265.503096767268,"thresholdMcSol":41.24456329164221,"thresholdMcUsd":8379.24547833003,"thresholdPrice":4.290549497268998e-8}
