07-09-2025 04:06:08.521 INFO Entry price: 0.000000040855529242 - Entry market cap: 7427 - Buys 11 - Sells 5 - Ratio: 1:0.45 - Min MarketCap: 7323 - Max MarketCap: 9251
07-09-2025 04:06:08.521 INFO Current price: 0.000000040856 - Current percentage: 0.00% - Max: 0.00% - Min: 0.00% - Market Cap 7427 - Trading time: 00:00:02
07-09-2025 04:06:08.915 INFO Current price: 0.000000037512 - Current percentage: 5.82% - Max: 5.82% - Min: 0.00% - Market Cap 7859 - Trading time: 00:00:02
07-09-2025 04:06:08.915 INFO Current price: 0.000000040086 - Current percentage: 13.32% - Max: 13.32% - Min: 0.00% - Market Cap 8416 - Trading time: 00:00:02
07-09-2025 04:06:08.915 INFO Current price: 0.000000043081 - Current percentage: 22.23% - Max: 22.23% - Min: 0.00% - Market Cap 9077 - Trading time: 00:00:02
07-09-2025 04:06:08.960 INFO Current price: 0.000000044577 - Current percentage: 21.33% - Max: 22.23% - Min: 0.00% - Market Cap 9011 - Trading time: 00:00:02
07-09-2025 04:06:08.960 INFO Current price: 0.000000044321 - Current percentage: 20.83% - Max: 22.23% - Min: 0.00% - Market Cap 8973 - Trading time: 00:00:02
07-09-2025 04:06:11.922 INFO Current price: 0.000000034821 - Current percentage: -7.62% - Max: 22.23% - Min: -7.62% - Market Cap 6861 - Trading time: 00:00:05
07-09-2025 04:06:12.043 INFO Current price: 0.000000034589 - Current percentage: -3.35% - Max: 22.23% - Min: -7.62% - Market Cap 7177 - Trading time: 00:00:05
07-09-2025 04:06:15.451 INFO Current price: 0.000000036095 - Current percentage: 0.61% - Max: 22.23% - Min: -7.62% - Market Cap 7472 - Trading time: 00:00:08
07-09-2025 04:06:16.977 INFO Current price: 0.000000037234 - Current percentage: 2.84% - Max: 22.23% - Min: -7.62% - Market Cap 7637 - Trading time: 00:00:10
07-09-2025 04:06:17.516 INFO Current price: 0.000000037803 - Current percentage: 3.71% - Max: 22.23% - Min: -7.62% - Market Cap 7702 - Trading time: 00:00:10
07-09-2025 04:06:18.538 INFO Current price: 0.000000038006 - Current percentage: 3.94% - Max: 22.23% - Min: -7.62% - Market Cap 7719 - Trading time: 00:00:12
07-09-2025 04:06:20.893 INFO Current price: 0.000000039590 - Current percentage: 12.53% - Max: 22.23% - Min: -7.62% - Market Cap 8357 - Trading time: 00:00:14
07-09-2025 04:06:21.556 INFO Current price: 0.000000041306 - Current percentage: 13.15% - Max: 22.23% - Min: -7.62% - Market Cap 8403 - Trading time: 00:00:15
07-09-2025 04:06:22.529 INFO Current price: 0.000000041418 - Current percentage: 13.15% - Max: 22.23% - Min: -7.62% - Market Cap 8403 - Trading time: 00:00:16
07-09-2025 04:06:23.551 INFO Current price: 0.000000039937 - Current percentage: 5.20% - Max: 22.23% - Min: -7.62% - Market Cap 7813 - Trading time: 00:00:17
07-09-2025 04:06:25.938 INFO Current price: 0.000000038563 - Current percentage: 5.49% - Max: 22.23% - Min: -7.62% - Market Cap 7834 - Trading time: 00:00:19
07-09-2025 04:06:26.332 INFO Current price: 0.000000039687 - Current percentage: 11.42% - Max: 22.23% - Min: -7.62% - Market Cap 8275 - Trading time: 00:00:19
07-09-2025 04:06:31.466 INFO Current price: 0.000000040456 - Current percentage: 9.26% - Max: 22.23% - Min: -7.62% - Market Cap 8114 - Trading time: 00:00:24
07-09-2025 04:06:32.661 INFO Current price: 0.000000039577 - Current percentage: 6.99% - Max: 22.23% - Min: -7.62% - Market Cap 7945 - Trading time: 00:00:26
07-09-2025 04:06:37.160 INFO Current price: 0.000000039179 - Current percentage: 6.99% - Max: 22.23% - Min: -7.62% - Market Cap 7945 - Trading time: 00:00:30
07-09-2025 04:06:38.185 INFO Current price: 0.000000038758 - Current percentage: 4.78% - Max: 22.23% - Min: -7.62% - Market Cap 7782 - Trading time: 00:00:31
07-09-2025 04:06:46.338 INFO Current price: 0.000000037467 - Current percentage: -0.02% - Max: 22.23% - Min: -7.62% - Market Cap 7425 - Trading time: 00:00:39
07-09-2025 04:06:57.633 INFO Current price: 0.000000036724 - Current percentage: 0.38% - Max: 22.23% - Min: -7.62% - Market Cap 7455 - Trading time: 00:00:51
07-09-2025 04:06:58.816 INFO Current price: 0.000000036797 - Current percentage: 0.66% - Max: 22.23% - Min: -7.62% - Market Cap 7476 - Trading time: 00:00:52
07-09-2025 04:06:59.315 INFO Current price: 0.000000036808 - Current percentage: 0.44% - Max: 22.23% - Min: -7.62% - Market Cap 7459 - Trading time: 00:00:52
07-09-2025 04:07:00.162 INFO Current price: 0.000000036746 - Current percentage: 0.33% - Max: 22.23% - Min: -7.62% - Market Cap 7451 - Trading time: 00:00:53
07-09-2025 04:07:01.110 INFO Current price: 0.000000036736 - Current percentage: 0.38% - Max: 22.23% - Min: -7.62% - Market Cap 7455 - Trading time: 00:00:54
07-09-2025 04:07:02.225 INFO Current price: 0.000000036916 - Current percentage: 1.31% - Max: 22.23% - Min: -7.62% - Market Cap 7524 - Trading time: 00:00:55
07-09-2025 04:07:06.225 INFO Current price: 0.000000038555 - Current percentage: 9.50% - Max: 22.23% - Min: -7.62% - Market Cap 8132 - Trading time: 00:00:59
07-09-2025 04:07:10.139 INFO Current price: 0.000000040191 - Current percentage: 10.09% - Max: 22.23% - Min: -7.62% - Market Cap 8176 - Trading time: 00:01:03
07-09-2025 04:07:21.165 INFO Current price: 0.000000040267 - Current percentage: 9.91% - Max: 22.23% - Min: -7.62% - Market Cap 8163 - Trading time: 00:01:14
07-09-2025 04:07:23.927 INFO Current price: 0.000000040177 - Current percentage: 9.60% - Max: 22.23% - Min: -7.62% - Market Cap 8140 - Trading time: 00:01:17
07-09-2025 04:07:25.161 INFO Current price: 0.000000040061 - Current percentage: 9.28% - Max: 22.23% - Min: -7.62% - Market Cap 8115 - Trading time: 00:01:18
07-09-2025 04:07:28.247 INFO Current price: 0.000000038932 - Current percentage: 3.51% - Max: 22.23% - Min: -7.62% - Market Cap 7687 - Trading time: 00:01:21
07-09-2025 04:07:29.045 INFO Current price: 0.000000036486 - Current percentage: -4.02% - Max: 22.23% - Min: -7.62% - Market Cap 7128 - Trading time: 00:01:22
07-09-2025 04:07:29.659 INFO Current price: 0.000000035044 - Current percentage: -4.51% - Max: 22.23% - Min: -7.62% - Market Cap 7092 - Trading time: 00:01:23
07-09-2025 04:07:34.162 INFO Current price: 0.000000034814 - Current percentage: -5.28% - Max: 22.23% - Min: -7.62% - Market Cap 7035 - Trading time: 00:01:27
07-09-2025 04:07:35.279 INFO Current price: 0.000000034694 - Current percentage: -5.17% - Max: 22.23% - Min: -7.62% - Market Cap 7043 - Trading time: 00:01:28
07-09-2025 04:07:36.553 INFO Current price: 0.000000034705 - Current percentage: -5.22% - Max: 22.23% - Min: -7.62% - Market Cap 7039 - Trading time: 00:01:30
07-09-2025 04:07:46.439 INFO Current price: 0.000000034676 - Current percentage: -5.32% - Max: 22.23% - Min: -7.62% - Market Cap 7031 - Trading time: 00:01:39
07-09-2025 04:07:50.356 INFO Current price: 0.000000034572 - Current percentage: -5.79% - Max: 22.23% - Min: -7.62% - Market Cap 6997 - Trading time: 00:01:43
07-09-2025 04:08:35.417 INFO Current price: 0.000000033348 - Current percentage: -11.62% - Max: 22.23% - Min: -11.62% - Market Cap 6564 - Trading time: 00:02:28
07-09-2025 04:08:35.419 INFO Current price: 0.000000031232 - Current percentage: -17.64% - Max: 22.23% - Min: -17.64% - Market Cap 6117 - Trading time: 00:02:28
07-09-2025 04:08:35.420 INFO Current price: 0.000000029279 - Current percentage: -22.32% - Max: 22.23% - Min: -22.32% - Market Cap 5769 - Trading time: 00:02:28
07-09-2025 04:10:03.995 INFO Current price: 0.000000028435 - Current percentage: -22.46% - Max: 22.23% - Min: -22.46% - Market Cap 5758 - Trading time: 00:03:57
07-09-2025 04:11:01.920 INFO Current price: 0.000000028321 - Current percentage: -23.08% - Max: 22.23% - Min: -23.08% - Market Cap 5712 - Trading time: 00:04:55
07-09-2025 04:12:25.201 INFO Current price: 0.000000028192 - Current percentage: -23.17% - Max: 22.23% - Min: -23.17% - Market Cap 5706 - Trading time: 00:06:18






07-09-2025 04:22:25.201 INFO {"type":"summary","reason":"inactivity","startedAt":"2025-09-07T02:06:06.521Z","endedAt":"2025-09-07T02:22:25.201Z","durationSec":978,"entryPrice":4.08555292419332e-8,"entryMarketCapSol":36.60569681661688,"entryMarketCapUsd":7426.563770155232,"minPct":-23.166237904934427,"maxPct":22.225895251536002,"buyCount":21,"sellCount":27,"tradeCount":48,"entryRecorded":true,"noPostThresholdTrades":false,"triggerAt":"2025-09-07T02:06:06.521Z","ageAtTriggerSec":24,"preTotalTrades":15,"preBuys":11,"preSells":4,"preUniqueTraders":13,"preEntryTotalTrades":16,"preEntryBuys":11,"preEntrySells":5,"preEntryUniqueTraders":13,"preEntryMinMcUsd":7322.701067234976,"preEntryMaxMcUsd":9251.075795789311,"thresholdMcSol":36.60569681661688,"thresholdMcUsd":7426.563770155232,"thresholdPrice":4.08555292419332e-8}
