07-09-2025 06:13:30.640 INFO Entry price: 0.000000039842553033 - Entry market cap: 7675 - Buys 8 - Sells 5 - Ratio: 1:0.63 - Min MarketCap: 6921 - Max MarketCap: 10382
07-09-2025 06:13:30.640 INFO Current price: 0.000000039843 - Current percentage: 0.00% - Max: 0.00% - Min: 0.00% - Market Cap 7675 - Trading time: 00:00:01
07-09-2025 06:13:31.915 INFO Current price: 0.000000038254 - Current percentage: 2.56% - Max: 2.56% - Min: 0.00% - Market Cap 7872 - Trading time: 00:00:03
07-09-2025 06:13:32.838 INFO Current price: 0.000000039059 - Current percentage: 3.99% - Max: 3.99% - Min: 0.00% - Market Cap 7981 - Trading time: 00:00:04
07-09-2025 06:13:33.759 INFO Current price: 0.000000036330 - Current percentage: -11.27% - Max: 3.99% - Min: -11.27% - Market Cap 6811 - Trading time: 00:00:05
07-09-2025 06:13:34.372 INFO Current price: 0.000000032894 - Current percentage: -14.75% - Max: 3.99% - Min: -14.75% - Market Cap 6543 - Trading time: 00:00:05
07-09-2025 06:13:34.372 INFO Current price: 0.000000031473 - Current percentage: -18.77% - Max: 3.99% - Min: -18.77% - Market Cap 6235 - Trading time: 00:00:05
07-09-2025 06:13:35.394 INFO Current price: 0.000000030537 - Current percentage: -19.75% - Max: 3.99% - Min: -19.75% - Market Cap 6159 - Trading time: 00:00:06
07-09-2025 06:13:35.450 INFO Current price: 0.000000031430 - Current percentage: -13.94% - Max: 3.99% - Min: -19.75% - Market Cap 6605 - Trading time: 00:00:06
07-09-2025 06:13:35.450 INFO Current price: 0.000000033664 - Current percentage: -7.93% - Max: 3.99% - Min: -19.75% - Market Cap 7066 - Trading time: 00:00:06
07-09-2025 06:13:35.455 INFO Current price: 0.000000035975 - Current percentage: -1.72% - Max: 3.99% - Min: -19.75% - Market Cap 7543 - Trading time: 00:00:06
07-09-2025 06:13:35.598 INFO Current price: 0.000000040615 - Current percentage: 17.35% - Max: 17.35% - Min: -19.75% - Market Cap 9007 - Trading time: 00:00:06
07-09-2025 06:13:35.662 INFO Current price: 0.000000044393 - Current percentage: 17.41% - Max: 17.41% - Min: -19.75% - Market Cap 9011 - Trading time: 00:00:07
07-09-2025 06:13:36.435 INFO Current price: 0.000000043471 - Current percentage: 12.52% - Max: 17.41% - Min: -19.75% - Market Cap 8636 - Trading time: 00:00:07
07-09-2025 06:13:36.439 INFO Current price: 0.000000041482 - Current percentage: 6.91% - Max: 17.41% - Min: -19.75% - Market Cap 8206 - Trading time: 00:00:07
07-09-2025 06:13:36.827 INFO Current price: 0.000000040501 - Current percentage: 7.26% - Max: 17.41% - Min: -19.75% - Market Cap 8233 - Trading time: 00:00:08
07-09-2025 06:13:37.034 INFO Current price: 0.000000040594 - Current percentage: 7.41% - Max: 17.41% - Min: -19.75% - Market Cap 8244 - Trading time: 00:00:08
07-09-2025 06:13:37.124 INFO Current price: 0.000000040753 - Current percentage: 8.10% - Max: 17.41% - Min: -19.75% - Market Cap 8297 - Trading time: 00:00:08
07-09-2025 06:13:37.339 INFO Current price: 0.000000040897 - Current percentage: 8.16% - Max: 17.41% - Min: -19.75% - Market Cap 8302 - Trading time: 00:00:08
07-09-2025 06:13:37.339 INFO Current price: 0.000000041464 - Current percentage: 11.13% - Max: 17.41% - Min: -19.75% - Market Cap 8529 - Trading time: 00:00:08
07-09-2025 06:13:37.646 INFO Current price: 0.000000042252 - Current percentage: 12.31% - Max: 17.41% - Min: -19.75% - Market Cap 8620 - Trading time: 00:00:09
07-09-2025 06:13:37.646 INFO Current price: 0.000000042501 - Current percentage: 12.44% - Max: 17.41% - Min: -19.75% - Market Cap 8630 - Trading time: 00:00:09
07-09-2025 06:13:37.751 INFO Current price: 0.000000042525 - Current percentage: 12.44% - Max: 17.41% - Min: -19.75% - Market Cap 8630 - Trading time: 00:00:09
07-09-2025 06:13:39.282 INFO Current price: 0.000000042529 - Current percentage: 12.46% - Max: 17.41% - Min: -19.75% - Market Cap 8632 - Trading time: 00:00:10
07-09-2025 06:13:39.407 INFO Current price: 0.000000042538 - Current percentage: 12.49% - Max: 17.41% - Min: -19.75% - Market Cap 8634 - Trading time: 00:00:10
07-09-2025 06:13:41.841 INFO Current price: 0.000000043340 - Current percentage: 16.74% - Max: 17.41% - Min: -19.75% - Market Cap 8960 - Trading time: 00:00:13
07-09-2025 06:13:41.842 INFO Current price: 0.000000045058 - Current percentage: 21.58% - Max: 21.58% - Min: -19.75% - Market Cap 9332 - Trading time: 00:00:13
07-09-2025 06:13:42.170 INFO Current price: 0.000000045902 - Current percentage: 21.16% - Max: 21.58% - Min: -19.75% - Market Cap 9299 - Trading time: 00:00:13
07-09-2025 06:13:42.659 INFO Current price: 0.000000045828 - Current percentage: 21.18% - Max: 21.58% - Min: -19.75% - Market Cap 9301 - Trading time: 00:00:14
07-09-2025 06:13:42.723 INFO Current price: 0.000000045837 - Current percentage: 21.21% - Max: 21.58% - Min: -19.75% - Market Cap 9303 - Trading time: 00:00:14
07-09-2025 06:13:42.966 INFO Current price: 0.000000045846 - Current percentage: 21.23% - Max: 21.58% - Min: -19.75% - Market Cap 9305 - Trading time: 00:00:14
07-09-2025 06:13:43.477 INFO Current price: 0.000000045856 - Current percentage: 21.26% - Max: 21.58% - Min: -19.75% - Market Cap 9307 - Trading time: 00:00:14
07-09-2025 06:13:43.804 INFO Current price: 0.000000045865 - Current percentage: 21.28% - Max: 21.58% - Min: -19.75% - Market Cap 9309 - Trading time: 00:00:15
07-09-2025 06:13:44.281 INFO Current price: 0.000000045874 - Current percentage: 21.31% - Max: 21.58% - Min: -19.75% - Market Cap 9311 - Trading time: 00:00:15
07-09-2025 06:13:44.619 INFO Current price: 0.000000044958 - Current percentage: 16.49% - Max: 21.58% - Min: -19.75% - Market Cap 8941 - Trading time: 00:00:15
07-09-2025 06:13:44.619 INFO Current price: 0.000000043246 - Current percentage: 12.24% - Max: 21.58% - Min: -19.75% - Market Cap 8615 - Trading time: 00:00:15
07-09-2025 06:13:44.864 INFO Current price: 0.000000042456 - Current percentage: 12.27% - Max: 21.58% - Min: -19.75% - Market Cap 8617 - Trading time: 00:00:16
07-09-2025 06:13:44.867 INFO Current price: 0.000000043022 - Current percentage: 15.26% - Max: 21.58% - Min: -19.75% - Market Cap 8846 - Trading time: 00:00:16
07-09-2025 06:13:45.538 INFO Current price: 0.000000043595 - Current percentage: 15.28% - Max: 21.58% - Min: -19.75% - Market Cap 8848 - Trading time: 00:00:16
07-09-2025 06:13:45.637 INFO Current price: 0.000000043726 - Current percentage: 15.95% - Max: 21.58% - Min: -19.75% - Market Cap 8900 - Trading time: 00:00:16
07-09-2025 06:13:45.681 INFO Current price: 0.000000043252 - Current percentage: 12.79% - Max: 21.58% - Min: -19.75% - Market Cap 8657 - Trading time: 00:00:17
07-09-2025 06:13:45.684 INFO Current price: 0.000000042792 - Current percentage: 13.50% - Max: 21.58% - Min: -19.75% - Market Cap 8711 - Trading time: 00:00:17
07-09-2025 06:13:45.686 INFO Current price: 0.000000043062 - Current percentage: 14.22% - Max: 21.58% - Min: -19.75% - Market Cap 8767 - Trading time: 00:00:17
07-09-2025 06:13:46.110 INFO Current price: 0.000000043278 - Current percentage: 14.64% - Max: 21.58% - Min: -19.75% - Market Cap 8799 - Trading time: 00:00:17
07-09-2025 06:13:46.437 INFO Current price: 0.000000043924 - Current percentage: 17.66% - Max: 21.58% - Min: -19.75% - Market Cap 9031 - Trading time: 00:00:17
07-09-2025 06:13:47.067 INFO Current price: 0.000000044557 - Current percentage: 17.96% - Max: 21.58% - Min: -19.75% - Market Cap 9054 - Trading time: 00:00:18
07-09-2025 06:13:48.813 INFO Current price: 0.000000045190 - Current percentage: 21.03% - Max: 21.58% - Min: -19.75% - Market Cap 9289 - Trading time: 00:00:20
07-09-2025 06:13:48.869 INFO Current price: 0.000000045851 - Current percentage: 21.44% - Max: 21.58% - Min: -19.75% - Market Cap 9321 - Trading time: 00:00:20
07-09-2025 06:13:48.873 INFO Current price: 0.000000046014 - Current percentage: 21.89% - Max: 21.89% - Min: -19.75% - Market Cap 9355 - Trading time: 00:00:20
07-09-2025 06:13:48.873 INFO Current price: 0.000000046193 - Current percentage: 22.39% - Max: 22.39% - Min: -19.75% - Market Cap 9394 - Trading time: 00:00:20
07-09-2025 06:13:49.621 INFO Current price: 0.000000046405 - Current percentage: 23.01% - Max: 23.01% - Min: -19.75% - Market Cap 9441 - Trading time: 00:00:20
07-09-2025 06:13:50.143 INFO Current price: 0.000000046551 - Current percentage: 23.16% - Max: 23.16% - Min: -19.75% - Market Cap 9453 - Trading time: 00:00:21
07-09-2025 06:13:50.394 INFO Current price: 0.000000046639 - Current percentage: 23.47% - Max: 23.47% - Min: -19.75% - Market Cap 9477 - Trading time: 00:00:21
07-09-2025 06:13:51.151 INFO Current price: 0.000000046567 - Current percentage: 22.78% - Max: 23.47% - Min: -19.75% - Market Cap 9424 - Trading time: 00:00:22
07-09-2025 06:13:51.152 INFO Current price: 0.000000046349 - Current percentage: 22.32% - Max: 23.47% - Min: -19.75% - Market Cap 9388 - Trading time: 00:00:22
07-09-2025 06:13:53.302 INFO Current price: 0.000000046270 - Current percentage: 22.37% - Max: 23.47% - Min: -19.75% - Market Cap 9392 - Trading time: 00:00:24
07-09-2025 06:13:54.147 INFO Current price: 0.000000046266 - Current percentage: 22.30% - Max: 23.47% - Min: -19.75% - Market Cap 9387 - Trading time: 00:00:25
07-09-2025 06:13:57.194 INFO Current price: 0.000000044406 - Current percentage: 12.72% - Max: 23.47% - Min: -19.75% - Market Cap 8652 - Trading time: 00:00:28
07-09-2025 06:13:57.195 INFO Current price: 0.000000040901 - Current percentage: 3.75% - Max: 23.47% - Min: -19.75% - Market Cap 7963 - Trading time: 00:00:28
07-09-2025 06:13:57.195 INFO Current price: 0.000000037884 - Current percentage: -3.29% - Max: 23.47% - Min: -19.75% - Market Cap 7422 - Trading time: 00:00:28
07-09-2025 06:13:57.195 INFO Current price: 0.000000036587 - Current percentage: -3.29% - Max: 23.47% - Min: -19.75% - Market Cap 7422 - Trading time: 00:00:28
07-09-2025 06:13:57.855 INFO Current price: 0.000000038399 - Current percentage: 6.59% - Max: 23.47% - Min: -19.75% - Market Cap 8181 - Trading time: 00:00:29
07-09-2025 06:13:57.979 INFO Current price: 0.000000040263 - Current percentage: 6.32% - Max: 23.47% - Min: -19.75% - Market Cap 8161 - Trading time: 00:00:29
07-09-2025 06:13:58.948 INFO Current price: 0.000000040203 - Current percentage: 6.27% - Max: 23.47% - Min: -19.75% - Market Cap 8157 - Trading time: 00:00:30
07-09-2025 06:13:58.948 INFO Current price: 0.000000040236 - Current percentage: 6.50% - Max: 23.47% - Min: -19.75% - Market Cap 8174 - Trading time: 00:00:30
07-09-2025 06:13:59.032 INFO Current price: 0.000000041374 - Current percentage: 12.37% - Max: 23.47% - Min: -19.75% - Market Cap 8624 - Trading time: 00:00:30
07-09-2025 06:14:00.209 INFO Current price: 0.000000042610 - Current percentage: 12.96% - Max: 23.47% - Min: -19.75% - Market Cap 8670 - Trading time: 00:00:31
07-09-2025 06:14:00.587 INFO Current price: 0.000000039160 - Current percentage: -5.09% - Max: 23.47% - Min: -19.75% - Market Cap 7284 - Trading time: 00:00:31
07-09-2025 06:14:00.587 INFO Current price: 0.000000035857 - Current percentage: -5.29% - Max: 23.47% - Min: -19.75% - Market Cap 7269 - Trading time: 00:00:31
07-09-2025 06:14:01.815 INFO Current price: 0.000000035831 - Current percentage: -5.23% - Max: 23.47% - Min: -19.75% - Market Cap 7274 - Trading time: 00:00:33
07-09-2025 06:14:01.864 INFO Current price: 0.000000035944 - Current percentage: -4.69% - Max: 23.47% - Min: -19.75% - Market Cap 7316 - Trading time: 00:00:33
07-09-2025 06:14:02.291 INFO Current price: 0.000000036871 - Current percentage: -0.28% - Max: 23.47% - Min: -19.75% - Market Cap 7653 - Trading time: 00:00:33
07-09-2025 06:14:02.293 INFO Current price: 0.000000038459 - Current percentage: 3.70% - Max: 23.47% - Min: -19.75% - Market Cap 7959 - Trading time: 00:00:33
07-09-2025 06:14:02.424 INFO Current price: 0.000000039327 - Current percentage: 4.27% - Max: 23.47% - Min: -19.75% - Market Cap 8003 - Trading time: 00:00:33
07-09-2025 06:14:03.028 INFO Current price: 0.000000039543 - Current percentage: 4.84% - Max: 23.47% - Min: -19.75% - Market Cap 8047 - Trading time: 00:00:34
07-09-2025 06:14:04.665 INFO Current price: 0.000000040431 - Current percentage: 9.00% - Max: 23.47% - Min: -19.75% - Market Cap 8366 - Trading time: 00:00:36
07-09-2025 06:14:04.672 INFO Current price: 0.000000042091 - Current percentage: 13.63% - Max: 23.47% - Min: -19.75% - Market Cap 8721 - Trading time: 00:00:36
07-09-2025 06:14:04.683 INFO Current price: 0.000000044167 - Current percentage: 20.02% - Max: 23.47% - Min: -19.75% - Market Cap 9212 - Trading time: 00:00:36
07-09-2025 06:14:05.824 INFO Current price: 0.000000045260 - Current percentage: 19.32% - Max: 23.47% - Min: -19.75% - Market Cap 9158 - Trading time: 00:00:37
07-09-2025 06:14:06.520 INFO Current price: 0.000000045068 - Current percentage: 19.01% - Max: 23.47% - Min: -19.75% - Market Cap 9134 - Trading time: 00:00:37
07-09-2025 06:14:09.317 INFO Current price: 0.000000044076 - Current percentage: 14.12% - Max: 23.47% - Min: -19.75% - Market Cap 8759 - Trading time: 00:00:40
07-09-2025 06:14:09.342 INFO Current price: 0.000000042133 - Current percentage: 8.75% - Max: 23.47% - Min: -19.75% - Market Cap 8347 - Trading time: 00:00:40
07-09-2025 06:14:09.575 INFO Current price: 0.000000040069 - Current percentage: 3.22% - Max: 23.47% - Min: -19.75% - Market Cap 7922 - Trading time: 00:00:40
07-09-2025 06:14:10.392 INFO Current price: 0.000000039154 - Current percentage: 3.84% - Max: 23.47% - Min: -19.75% - Market Cap 7970 - Trading time: 00:00:41
07-09-2025 06:14:10.392 INFO Current price: 0.000000039368 - Current percentage: 4.35% - Max: 23.47% - Min: -19.75% - Market Cap 8009 - Trading time: 00:00:41
07-09-2025 06:14:10.534 INFO Current price: 0.000000039574 - Current percentage: 4.92% - Max: 23.47% - Min: -19.75% - Market Cap 8053 - Trading time: 00:00:41
07-09-2025 06:14:10.595 INFO Current price: 0.000000039737 - Current percentage: 5.21% - Max: 23.47% - Min: -19.75% - Market Cap 8075 - Trading time: 00:00:41
07-09-2025 06:14:11.295 INFO Current price: 0.000000040645 - Current percentage: 9.78% - Max: 23.47% - Min: -19.75% - Market Cap 8426 - Trading time: 00:00:42
07-09-2025 06:14:11.299 INFO Current price: 0.000000042311 - Current percentage: 14.01% - Max: 23.47% - Min: -19.75% - Market Cap 8751 - Trading time: 00:00:42
07-09-2025 06:14:11.524 INFO Current price: 0.000000043346 - Current percentage: 15.21% - Max: 23.47% - Min: -19.75% - Market Cap 8843 - Trading time: 00:00:42
07-09-2025 06:14:11.524 INFO Current price: 0.000000043801 - Current percentage: 16.42% - Max: 23.47% - Min: -19.75% - Market Cap 8935 - Trading time: 00:00:42
07-09-2025 06:14:11.681 INFO Current price: 0.000000044020 - Current percentage: 16.37% - Max: 23.47% - Min: -19.75% - Market Cap 8932 - Trading time: 00:00:43
07-09-2025 06:14:12.388 INFO Current price: 0.000000043885 - Current percentage: 15.70% - Max: 23.47% - Min: -19.75% - Market Cap 8880 - Trading time: 00:00:43
07-09-2025 06:14:16.431 INFO Current price: 0.000000041597 - Current percentage: 4.55% - Max: 23.47% - Min: -19.75% - Market Cap 8025 - Trading time: 00:00:47
07-09-2025 06:14:16.432 INFO Current price: 0.000000039341 - Current percentage: 3.49% - Max: 23.47% - Min: -19.75% - Market Cap 7943 - Trading time: 00:00:47
07-09-2025 06:14:17.117 INFO Current price: 0.000000039128 - Current percentage: 3.43% - Max: 23.47% - Min: -19.75% - Market Cap 7938 - Trading time: 00:00:48
07-09-2025 06:14:17.326 INFO Current price: 0.000000039224 - Current percentage: 4.00% - Max: 23.47% - Min: -19.75% - Market Cap 7982 - Trading time: 00:00:48
07-09-2025 06:14:17.329 INFO Current price: 0.000000039236 - Current percentage: 3.49% - Max: 23.47% - Min: -19.75% - Market Cap 7943 - Trading time: 00:00:48
07-09-2025 06:14:17.454 INFO Current price: 0.000000039214 - Current percentage: 3.89% - Max: 23.47% - Min: -19.75% - Market Cap 7974 - Trading time: 00:00:48
07-09-2025 06:14:18.578 INFO Current price: 0.000000040167 - Current percentage: 8.58% - Max: 23.47% - Min: -19.75% - Market Cap 8334 - Trading time: 00:00:49
07-09-2025 06:14:18.591 INFO Current price: 0.000000041982 - Current percentage: 13.49% - Max: 23.47% - Min: -19.75% - Market Cap 8710 - Trading time: 00:00:49
07-09-2025 06:14:20.012 INFO Current price: 0.000000042798 - Current percentage: 12.83% - Max: 23.47% - Min: -19.75% - Market Cap 8660 - Trading time: 00:00:51
07-09-2025 06:14:21.698 INFO Current price: 0.000000042541 - Current percentage: 12.13% - Max: 23.47% - Min: -19.75% - Market Cap 8606 - Trading time: 00:00:53
07-09-2025 06:14:21.699 INFO Current price: 0.000000042276 - Current percentage: 11.43% - Max: 23.47% - Min: -19.75% - Market Cap 8553 - Trading time: 00:00:53
07-09-2025 06:14:21.777 INFO Current price: 0.000000042026 - Current percentage: 10.80% - Max: 23.47% - Min: -19.75% - Market Cap 8504 - Trading time: 00:00:53
07-09-2025 06:14:22.362 INFO Current price: 0.000000041972 - Current percentage: 11.15% - Max: 23.47% - Min: -19.75% - Market Cap 8531 - Trading time: 00:00:53
07-09-2025 06:14:22.876 INFO Current price: 0.000000042170 - Current percentage: 11.85% - Max: 23.47% - Min: -19.75% - Market Cap 8585 - Trading time: 00:00:54
07-09-2025 06:14:23.593 INFO Current price: 0.000000043160 - Current percentage: 16.43% - Max: 23.47% - Min: -19.75% - Market Cap 8937 - Trading time: 00:00:54
07-09-2025 06:14:23.593 INFO Current price: 0.000000045040 - Current percentage: 21.80% - Max: 23.47% - Min: -19.75% - Market Cap 9349 - Trading time: 00:00:54
07-09-2025 06:14:23.593 INFO Current price: 0.000000046818 - Current percentage: 25.81% - Max: 25.81% - Min: -19.75% - Market Cap 9656 - Trading time: 00:00:54
07-09-2025 06:14:23.593 INFO Current price: 0.000000047825 - Current percentage: 27.10% - Max: 27.10% - Min: -19.75% - Market Cap 9755 - Trading time: 00:00:54
07-09-2025 06:14:24.310 INFO Current price: 0.000000048008 - Current percentage: 26.77% - Max: 27.10% - Min: -19.75% - Market Cap 9730 - Trading time: 00:00:55
07-09-2025 06:14:24.736 INFO Current price: 0.000000047994 - Current percentage: 27.03% - Max: 27.10% - Min: -19.75% - Market Cap 9750 - Trading time: 00:00:56
07-09-2025 06:14:26.522 INFO Current price: 0.000000048103 - Current percentage: 27.35% - Max: 27.35% - Min: -19.75% - Market Cap 9774 - Trading time: 00:00:57
07-09-2025 06:14:26.540 INFO Current price: 0.000000047919 - Current percentage: 26.06% - Max: 27.35% - Min: -19.75% - Market Cap 9675 - Trading time: 00:00:57
07-09-2025 06:14:27.158 INFO Current price: 0.000000047650 - Current percentage: 25.92% - Max: 27.35% - Min: -19.75% - Market Cap 9665 - Trading time: 00:00:58
07-09-2025 06:14:27.198 INFO Current price: 0.000000047625 - Current percentage: 25.92% - Max: 27.35% - Min: -19.75% - Market Cap 9665 - Trading time: 00:00:58
07-09-2025 06:14:28.942 INFO Current price: 0.000000047696 - Current percentage: 26.30% - Max: 27.35% - Min: -19.75% - Market Cap 9694 - Trading time: 00:01:00
07-09-2025 06:14:32.845 INFO Current price: 0.000000047828 - Current percentage: 26.62% - Max: 27.35% - Min: -19.75% - Market Cap 9719 - Trading time: 00:01:04
07-09-2025 06:14:37.306 INFO Current price: 0.000000047821 - Current percentage: 26.26% - Max: 27.35% - Min: -19.75% - Market Cap 9691 - Trading time: 00:01:08
07-09-2025 06:14:38.622 INFO Current price: 0.000000047752 - Current percentage: 26.26% - Max: 27.35% - Min: -19.75% - Market Cap 9691 - Trading time: 00:01:09
07-09-2025 06:14:39.269 INFO Current price: 0.000000047630 - Current percentage: 25.61% - Max: 27.35% - Min: -19.75% - Market Cap 9641 - Trading time: 00:01:10
07-09-2025 06:14:40.991 INFO Current price: 0.000000047500 - Current percentage: 25.57% - Max: 27.35% - Min: -19.75% - Market Cap 9638 - Trading time: 00:01:12
07-09-2025 06:14:43.673 INFO Current price: 0.000000047361 - Current percentage: 24.88% - Max: 27.35% - Min: -19.75% - Market Cap 9585 - Trading time: 00:01:15
07-09-2025 06:14:44.167 INFO Current price: 0.000000046750 - Current percentage: 22.35% - Max: 27.35% - Min: -19.75% - Market Cap 9391 - Trading time: 00:01:15
07-09-2025 06:14:44.168 INFO Current price: 0.000000045766 - Current percentage: 19.68% - Max: 27.35% - Min: -19.75% - Market Cap 9186 - Trading time: 00:01:15
07-09-2025 06:14:48.911 INFO Current price: 0.000000046126 - Current percentage: 24.28% - Max: 27.35% - Min: -19.75% - Market Cap 9539 - Trading time: 00:01:20
07-09-2025 06:14:48.918 INFO Current price: 0.000000048068 - Current percentage: 29.97% - Max: 29.97% - Min: -19.75% - Market Cap 9975 - Trading time: 00:01:20
07-09-2025 06:14:53.474 INFO Current price: 0.000000049263 - Current percentage: 30.54% - Max: 30.54% - Min: -19.75% - Market Cap 10020 - Trading time: 00:01:24
07-09-2025 06:14:53.679 INFO Current price: 0.000000049297 - Current percentage: 30.15% - Max: 30.54% - Min: -19.75% - Market Cap 9989 - Trading time: 00:01:25
07-09-2025 06:14:54.088 INFO Current price: 0.000000049240 - Current percentage: 30.24% - Max: 30.54% - Min: -19.75% - Market Cap 9997 - Trading time: 00:01:25
07-09-2025 06:14:57.554 INFO Current price: 0.000000049320 - Current percentage: 30.57% - Max: 30.57% - Min: -19.75% - Market Cap 10022 - Trading time: 00:01:28
07-09-2025 06:15:00.130 INFO Current price: 0.000000049431 - Current percentage: 30.83% - Max: 30.83% - Min: -19.75% - Market Cap 10041 - Trading time: 00:01:31
07-09-2025 06:15:02.120 INFO Current price: 0.000000049533 - Current percentage: 31.11% - Max: 31.11% - Min: -19.75% - Market Cap 10063 - Trading time: 00:01:33
07-09-2025 06:15:07.349 INFO Current price: 0.000000049419 - Current percentage: 30.22% - Max: 31.11% - Min: -19.75% - Market Cap 9995 - Trading time: 00:01:38
07-09-2025 06:15:07.699 INFO Current price: 0.000000049142 - Current percentage: 29.65% - Max: 31.11% - Min: -19.75% - Market Cap 9951 - Trading time: 00:01:39
07-09-2025 06:15:13.434 INFO Current price: 0.000000049094 - Current percentage: 29.97% - Max: 31.11% - Min: -19.75% - Market Cap 9975 - Trading time: 00:01:44
07-09-2025 06:15:13.945 INFO Current price: 0.000000049155 - Current percentage: 29.97% - Max: 31.11% - Min: -19.75% - Market Cap 9976 - Trading time: 00:01:45
07-09-2025 06:15:19.877 INFO Current price: 0.000000049278 - Current percentage: 30.62% - Max: 31.11% - Min: -19.75% - Market Cap 10026 - Trading time: 00:01:51
07-09-2025 06:15:34.742 INFO Current price: 0.000000049384 - Current percentage: 30.53% - Max: 31.11% - Min: -19.75% - Market Cap 10018 - Trading time: 00:02:06
07-09-2025 06:15:50.066 INFO Current price: 0.000000049063 - Current percentage: 28.93% - Max: 31.11% - Min: -19.75% - Market Cap 9896 - Trading time: 00:02:21
07-09-2025 06:15:50.066 INFO Current price: 0.000000047633 - Current percentage: 23.03% - Max: 31.11% - Min: -19.75% - Market Cap 9443 - Trading time: 00:02:21
07-09-2025 06:15:51.059 INFO Current price: 0.000000046321 - Current percentage: 21.93% - Max: 31.11% - Min: -19.75% - Market Cap 9358 - Trading time: 00:02:22
07-09-2025 06:15:57.359 INFO Current price: 0.000000047400 - Current percentage: 28.83% - Max: 31.11% - Min: -19.75% - Market Cap 9888 - Trading time: 00:02:28
07-09-2025 06:15:58.458 INFO Current price: 0.000000048784 - Current percentage: 29.15% - Max: 31.11% - Min: -19.75% - Market Cap 9912 - Trading time: 00:02:29
07-09-2025 06:16:01.001 INFO Current price: 0.000000049024 - Current percentage: 30.10% - Max: 31.11% - Min: -19.75% - Market Cap 9986 - Trading time: 00:02:32
07-09-2025 06:16:06.525 INFO Current price: 0.000000049218 - Current percentage: 30.17% - Max: 31.11% - Min: -19.75% - Market Cap 9991 - Trading time: 00:02:37
07-09-2025 06:16:07.768 INFO Current price: 0.000000049835 - Current percentage: 33.38% - Max: 33.38% - Min: -19.75% - Market Cap 10238 - Trading time: 00:02:39
07-09-2025 06:16:10.021 INFO Current price: 0.000000050452 - Current percentage: 33.41% - Max: 33.41% - Min: -19.75% - Market Cap 10240 - Trading time: 00:02:41
07-09-2025 06:16:38.265 INFO Current price: 0.000000051198 - Current percentage: 36.02% - Max: 36.02% - Min: -19.75% - Market Cap 10440 - Trading time: 00:03:09
07-09-2025 06:16:39.187 INFO Current price: 0.000000052075 - Current percentage: 39.38% - Max: 39.38% - Min: -19.75% - Market Cap 10698 - Trading time: 00:03:10
07-09-2025 06:16:41.235 INFO Current price: 0.000000052718 - Current percentage: 39.40% - Max: 39.40% - Min: -19.75% - Market Cap 10700 - Trading time: 00:03:12
07-09-2025 06:16:41.646 INFO Current price: 0.000000052764 - Current percentage: 39.62% - Max: 39.62% - Min: -19.75% - Market Cap 10716 - Trading time: 00:03:13
07-09-2025 06:16:43.799 INFO Current price: 0.000000053431 - Current percentage: 42.95% - Max: 42.95% - Min: -19.75% - Market Cap 10972 - Trading time: 00:03:15
07-09-2025 06:16:44.309 INFO Current price: 0.000000054698 - Current percentage: 46.32% - Max: 46.32% - Min: -19.75% - Market Cap 11230 - Trading time: 00:03:15
07-09-2025 06:16:44.918 INFO Current price: 0.000000055349 - Current percentage: 46.37% - Max: 46.37% - Min: -19.75% - Market Cap 11235 - Trading time: 00:03:16
07-09-2025 06:16:45.325 INFO Current price: 0.000000055359 - Current percentage: 46.37% - Max: 46.37% - Min: -19.75% - Market Cap 11235 - Trading time: 00:03:16
07-09-2025 06:16:45.938 INFO Current price: 0.000000055360 - Current percentage: 46.37% - Max: 46.37% - Min: -19.75% - Market Cap 11235 - Trading time: 00:03:17
07-09-2025 06:16:46.458 INFO Current price: 0.000000055373 - Current percentage: 46.44% - Max: 46.44% - Min: -19.75% - Market Cap 11240 - Trading time: 00:03:17
07-09-2025 06:16:46.703 INFO Current price: 0.000000055437 - Current percentage: 46.72% - Max: 46.72% - Min: -19.75% - Market Cap 11261 - Trading time: 00:03:18
07-09-2025 06:16:55.251 INFO Current price: 0.000000055618 - Current percentage: 47.40% - Max: 47.40% - Min: -19.75% - Market Cap 11314 - Trading time: 00:03:26
07-09-2025 06:16:56.744 INFO Current price: 0.000000055748 - Current percentage: 47.40% - Max: 47.40% - Min: -19.75% - Market Cap 11313 - Trading time: 00:03:28
07-09-2025 06:16:59.959 INFO Current price: 0.000000058321 - Current percentage: 61.32% - Max: 61.32% - Min: -19.75% - Market Cap 12382 - Trading time: 00:03:31
07-09-2025 06:16:59.962 INFO Current price: 0.000000061463 - Current percentage: 63.71% - Max: 63.71% - Min: -19.75% - Market Cap 12565 - Trading time: 00:03:31
07-09-2025 06:17:03.744 INFO Current price: 0.000000061929 - Current percentage: 63.78% - Max: 63.78% - Min: -19.75% - Market Cap 12571 - Trading time: 00:03:35
07-09-2025 06:17:05.710 INFO Current price: 0.000000063312 - Current percentage: 71.11% - Max: 71.11% - Min: -19.75% - Market Cap 13133 - Trading time: 00:03:37
07-09-2025 06:17:06.957 INFO Current price: 0.000000065683 - Current percentage: 76.28% - Max: 76.28% - Min: -19.75% - Market Cap 13530 - Trading time: 00:03:38
07-09-2025 06:17:11.829 INFO Current price: 0.000000066725 - Current percentage: 76.58% - Max: 76.58% - Min: -19.75% - Market Cap 13553 - Trading time: 00:03:43
07-09-2025 06:17:12.852 INFO Current price: 0.000000067090 - Current percentage: 78.21% - Max: 78.21% - Min: -19.75% - Market Cap 13678 - Trading time: 00:03:44
07-09-2025 06:17:14.899 INFO Current price: 0.000000067457 - Current percentage: 78.51% - Max: 78.51% - Min: -19.75% - Market Cap 13701 - Trading time: 00:03:46
07-09-2025 06:17:18.210 INFO Current price: 0.000000066023 - Current percentage: 70.71% - Max: 78.51% - Min: -19.75% - Market Cap 13103 - Trading time: 00:03:49
07-09-2025 06:17:22.267 INFO Current price: 0.000000064675 - Current percentage: 71.23% - Max: 78.51% - Min: -19.75% - Market Cap 13142 - Trading time: 00:03:53
07-09-2025 06:17:29.621 INFO Current price: 0.000000064884 - Current percentage: 71.89% - Max: 78.51% - Min: -19.75% - Market Cap 13193 - Trading time: 00:04:00
07-09-2025 06:17:30.045 INFO Current price: 0.000000065152 - Current percentage: 72.64% - Max: 78.51% - Min: -19.75% - Market Cap 13251 - Trading time: 00:04:01
07-09-2025 06:17:30.045 INFO Current price: 0.000000065641 - Current percentage: 74.49% - Max: 78.51% - Min: -19.75% - Market Cap 13392 - Trading time: 00:04:01
07-09-2025 06:17:30.967 INFO Current price: 0.000000066013 - Current percentage: 74.60% - Max: 78.51% - Min: -19.75% - Market Cap 13401 - Trading time: 00:04:02
07-09-2025 06:17:31.884 INFO Current price: 0.000000066176 - Current percentage: 75.34% - Max: 78.51% - Min: -19.75% - Market Cap 13458 - Trading time: 00:04:03
07-09-2025 06:17:35.674 INFO Current price: 0.000000066387 - Current percentage: 75.72% - Max: 78.51% - Min: -19.75% - Market Cap 13487 - Trading time: 00:04:07
07-09-2025 06:17:36.094 INFO Current price: 0.000000066530 - Current percentage: 76.10% - Max: 78.51% - Min: -19.75% - Market Cap 13516 - Trading time: 00:04:07
07-09-2025 06:17:48.669 INFO Current price: 0.000000066616 - Current percentage: 76.17% - Max: 78.51% - Min: -19.75% - Market Cap 13522 - Trading time: 00:04:20
07-09-2025 06:17:48.669 INFO Current price: 0.000000066125 - Current percentage: 73.51% - Max: 78.51% - Min: -19.75% - Market Cap 13318 - Trading time: 00:04:20
07-09-2025 06:17:49.103 INFO Current price: 0.000000064662 - Current percentage: 68.46% - Max: 78.51% - Min: -19.75% - Market Cap 12930 - Trading time: 00:04:20
07-09-2025 06:17:51.709 INFO Current price: 0.000000063728 - Current percentage: 68.54% - Max: 78.51% - Min: -19.75% - Market Cap 12936 - Trading time: 00:04:23
07-09-2025 06:17:52.866 INFO Current price: 0.000000061187 - Current percentage: 55.30% - Max: 78.51% - Min: -19.75% - Market Cap 11920 - Trading time: 00:04:24
07-09-2025 06:17:52.866 INFO Current price: 0.000000058044 - Current percentage: 51.67% - Max: 78.51% - Min: -19.75% - Market Cap 11641 - Trading time: 00:04:24
07-09-2025 06:17:54.094 INFO Current price: 0.000000057427 - Current percentage: 52.01% - Max: 78.51% - Min: -19.75% - Market Cap 11668 - Trading time: 00:04:25
07-09-2025 06:17:55.668 INFO Current price: 0.000000057479 - Current percentage: 51.94% - Max: 78.51% - Min: -19.75% - Market Cap 11662 - Trading time: 00:04:27
07-09-2025 06:17:56.474 INFO Current price: 0.000000059424 - Current percentage: 62.48% - Max: 78.51% - Min: -19.75% - Market Cap 12471 - Trading time: 00:04:27
07-09-2025 06:17:56.887 INFO Current price: 0.000000061556 - Current percentage: 63.04% - Max: 78.51% - Min: -19.75% - Market Cap 12514 - Trading time: 00:04:28
07-09-2025 06:17:57.603 INFO Current price: 0.000000061811 - Current percentage: 63.83% - Max: 78.51% - Min: -19.75% - Market Cap 12574 - Trading time: 00:04:28
07-09-2025 06:18:02.210 INFO Current price: 0.000000062024 - Current percentage: 64.16% - Max: 78.51% - Min: -19.75% - Market Cap 12600 - Trading time: 00:04:33
07-09-2025 06:18:04.327 INFO Current price: 0.000000062157 - Current percentage: 64.53% - Max: 78.51% - Min: -19.75% - Market Cap 12628 - Trading time: 00:04:35
07-09-2025 06:18:10.843 INFO Current price: 0.000000062364 - Current percentage: 65.26% - Max: 78.51% - Min: -19.75% - Market Cap 12684 - Trading time: 00:04:42
07-09-2025 06:18:11.748 INFO Current price: 0.000000062639 - Current percentage: 65.99% - Max: 78.51% - Min: -19.75% - Market Cap 12740 - Trading time: 00:04:43
07-09-2025 06:18:15.298 INFO Current price: 0.000000062792 - Current percentage: 66.06% - Max: 78.51% - Min: -19.75% - Market Cap 12746 - Trading time: 00:04:46
07-09-2025 06:18:18.253 INFO Current price: 0.000000062910 - Current percentage: 66.61% - Max: 78.51% - Min: -19.75% - Market Cap 12788 - Trading time: 00:04:49
07-09-2025 06:18:19.983 INFO Current price: 0.000000062218 - Current percentage: 62.43% - Max: 78.51% - Min: -19.75% - Market Cap 12467 - Trading time: 00:04:51
07-09-2025 06:18:23.257 INFO Current price: 0.000000061260 - Current percentage: 61.52% - Max: 78.51% - Min: -19.75% - Market Cap 12397 - Trading time: 00:04:54
07-09-2025 06:18:27.043 INFO Current price: 0.000000060974 - Current percentage: 60.91% - Max: 78.51% - Min: -19.75% - Market Cap 12351 - Trading time: 00:04:58
07-09-2025 06:18:27.553 INFO Current price: 0.000000058881 - Current percentage: 50.63% - Max: 78.51% - Min: -19.75% - Market Cap 11561 - Trading time: 00:04:58
07-09-2025 06:18:27.579 INFO Current price: 0.000000056584 - Current percentage: 48.61% - Max: 78.51% - Min: -19.75% - Market Cap 11406 - Trading time: 00:04:58
07-09-2025 06:18:29.295 INFO Current price: 0.000000056159 - Current percentage: 48.37% - Max: 78.51% - Min: -19.75% - Market Cap 11388 - Trading time: 00:05:00
07-09-2025 06:18:34.477 INFO Current price: 0.000000055687 - Current percentage: 46.12% - Max: 78.51% - Min: -19.75% - Market Cap 11215 - Trading time: 00:05:05
07-09-2025 06:18:39.324 INFO Current price: 0.000000055246 - Current percentage: 46.03% - Max: 78.51% - Min: -19.75% - Market Cap 11208 - Trading time: 00:05:10
07-09-2025 06:18:46.268 INFO Current price: 0.000000055207 - Current percentage: 45.91% - Max: 78.51% - Min: -19.75% - Market Cap 11199 - Trading time: 00:05:17
07-09-2025 06:18:54.980 INFO Current price: 0.000000055604 - Current percentage: 46.08% - Max: 78.51% - Min: -19.75% - Market Cap 11212 - Trading time: 00:05:26
07-09-2025 06:19:04.356 INFO Current price: 0.000000055185 - Current percentage: 45.54% - Max: 78.51% - Min: -19.75% - Market Cap 11170 - Trading time: 00:05:35
07-09-2025 06:19:07.977 INFO Current price: 0.000000055173 - Current percentage: 45.81% - Max: 78.51% - Min: -19.75% - Market Cap 11191 - Trading time: 00:05:39
07-09-2025 06:19:10.537 INFO Current price: 0.000000055236 - Current percentage: 45.87% - Max: 78.51% - Min: -19.75% - Market Cap 11196 - Trading time: 00:05:41
07-09-2025 06:19:16.453 INFO Current price: 0.000000055196 - Current percentage: 45.59% - Max: 78.51% - Min: -19.75% - Market Cap 11175 - Trading time: 00:05:47
07-09-2025 06:19:34.175 INFO Current price: 0.000000054912 - Current percentage: 44.38% - Max: 78.51% - Min: -19.75% - Market Cap 11082 - Trading time: 00:06:05
07-09-2025 06:19:36.424 INFO Current price: 0.000000054571 - Current percentage: 43.79% - Max: 78.51% - Min: -19.75% - Market Cap 11036 - Trading time: 00:06:07
07-09-2025 06:19:36.711 INFO Current price: 0.000000054371 - Current percentage: 43.32% - Max: 78.51% - Min: -19.75% - Market Cap 11001 - Trading time: 00:06:08
07-09-2025 06:19:40.550 INFO Current price: 0.000000054063 - Current percentage: 42.16% - Max: 78.51% - Min: -19.75% - Market Cap 10911 - Trading time: 00:06:11
07-09-2025 06:19:41.974 INFO Current price: 0.000000053844 - Current percentage: 42.17% - Max: 78.51% - Min: -19.75% - Market Cap 10912 - Trading time: 00:06:13
07-09-2025 06:19:46.864 INFO Current price: 0.000000053623 - Current percentage: 41.00% - Max: 78.51% - Min: -19.75% - Market Cap 10822 - Trading time: 00:06:18
07-09-2025 06:20:11.697 INFO Current price: 0.000000053085 - Current percentage: 39.32% - Max: 78.51% - Min: -19.75% - Market Cap 10694 - Trading time: 00:06:43
07-09-2025 06:20:12.878 INFO Current price: 0.000000052759 - Current percentage: 39.27% - Max: 78.51% - Min: -19.75% - Market Cap 10690 - Trading time: 00:06:44
07-09-2025 06:20:14.085 INFO Current price: 0.000000052499 - Current percentage: 37.96% - Max: 78.51% - Min: -19.75% - Market Cap 10588 - Trading time: 00:06:45
07-09-2025 06:20:15.108 INFO Current price: 0.000000052201 - Current percentage: 37.69% - Max: 78.51% - Min: -19.75% - Market Cap 10568 - Trading time: 00:06:46
07-09-2025 06:20:28.524 INFO Current price: 0.000000052277 - Current percentage: 38.36% - Max: 78.51% - Min: -19.75% - Market Cap 10619 - Trading time: 00:06:59
07-09-2025 06:20:46.020 INFO Current price: 0.000000053553 - Current percentage: 44.50% - Max: 78.51% - Min: -19.75% - Market Cap 11090 - Trading time: 00:07:17
07-09-2025 06:20:46.112 INFO Current price: 0.000000056102 - Current percentage: 51.85% - Max: 78.51% - Min: -19.75% - Market Cap 11655 - Trading time: 00:07:17
07-09-2025 06:20:46.246 INFO Current price: 0.000000057924 - Current percentage: 54.03% - Max: 78.51% - Min: -19.75% - Market Cap 11823 - Trading time: 00:07:17
07-09-2025 06:21:02.528 INFO Current price: 0.000000058511 - Current percentage: 54.94% - Max: 78.51% - Min: -19.75% - Market Cap 11892 - Trading time: 00:07:33
07-09-2025 06:21:06.885 INFO Current price: 0.000000058814 - Current percentage: 55.64% - Max: 78.51% - Min: -19.75% - Market Cap 11946 - Trading time: 00:07:38
07-09-2025 06:21:18.840 INFO Current price: 0.000000059013 - Current percentage: 55.99% - Max: 78.51% - Min: -19.75% - Market Cap 11972 - Trading time: 00:07:50
07-09-2025 06:21:20.971 INFO Current price: 0.000000059092 - Current percentage: 56.06% - Max: 78.51% - Min: -19.75% - Market Cap 11978 - Trading time: 00:07:52
07-09-2025 06:21:21.500 INFO Current price: 0.000000059119 - Current percentage: 56.13% - Max: 78.51% - Min: -19.75% - Market Cap 11983 - Trading time: 00:07:52
07-09-2025 06:21:21.696 INFO Current price: 0.000000059146 - Current percentage: 56.20% - Max: 78.51% - Min: -19.75% - Market Cap 11989 - Trading time: 00:07:53
07-09-2025 06:21:22.984 INFO Current price: 0.000000059172 - Current percentage: 56.27% - Max: 78.51% - Min: -19.75% - Market Cap 11994 - Trading time: 00:07:54
07-09-2025 06:21:24.900 INFO Current price: 0.000000058128 - Current percentage: 50.73% - Max: 78.51% - Min: -19.75% - Market Cap 11569 - Trading time: 00:07:56
07-09-2025 06:21:32.700 INFO Current price: 0.000000057683 - Current percentage: 52.13% - Max: 78.51% - Min: -19.75% - Market Cap 11676 - Trading time: 00:08:04
07-09-2025 06:21:36.975 INFO Current price: 0.000000057853 - Current percentage: 53.37% - Max: 78.51% - Min: -19.75% - Market Cap 11772 - Trading time: 00:08:08
07-09-2025 06:21:47.308 INFO Current price: 0.000000058487 - Current percentage: 55.48% - Max: 78.51% - Min: -19.75% - Market Cap 11934 - Trading time: 00:08:18
07-09-2025 06:21:53.355 INFO Current price: 0.000000059564 - Current percentage: 59.07% - Max: 78.51% - Min: -19.75% - Market Cap 12209 - Trading time: 00:08:24
07-09-2025 06:21:55.088 INFO Current price: 0.000000060259 - Current percentage: 59.13% - Max: 78.51% - Min: -19.75% - Market Cap 12214 - Trading time: 00:08:26
07-09-2025 06:22:24.048 INFO Current price: 0.000000060270 - Current percentage: 59.13% - Max: 78.51% - Min: -19.75% - Market Cap 12214 - Trading time: 00:08:55
07-09-2025 06:22:33.453 INFO Current price: 0.000000060161 - Current percentage: 58.55% - Max: 78.51% - Min: -19.75% - Market Cap 12169 - Trading time: 00:09:04
07-09-2025 06:22:33.546 INFO Current price: 0.000000059618 - Current percentage: 56.27% - Max: 78.51% - Min: -19.75% - Market Cap 11994 - Trading time: 00:09:04
07-09-2025 06:22:33.911 INFO Current price: 0.000000059173 - Current percentage: 56.20% - Max: 78.51% - Min: -19.75% - Market Cap 11989 - Trading time: 00:09:05
07-09-2025 06:22:59.966 INFO Current price: 0.000000058986 - Current percentage: 55.28% - Max: 78.51% - Min: -19.75% - Market Cap 11918 - Trading time: 00:09:31
07-09-2025 06:23:26.215 INFO Current price: 0.000000058802 - Current percentage: 55.23% - Max: 78.51% - Min: -19.75% - Market Cap 11914 - Trading time: 00:09:57
07-09-2025 06:23:27.328 INFO Current price: 0.000000058712 - Current percentage: 54.81% - Max: 78.51% - Min: -19.75% - Market Cap 11882 - Trading time: 00:09:58
07-09-2025 06:24:08.329 INFO Current price: 0.000000057313 - Current percentage: 49.64% - Max: 78.51% - Min: -19.75% - Market Cap 11485 - Trading time: 00:10:39
07-09-2025 06:24:10.783 INFO Current price: 0.000000056447 - Current percentage: 48.44% - Max: 78.51% - Min: -19.75% - Market Cap 11393 - Trading time: 00:10:42
07-09-2025 06:24:43.680 INFO Current price: 0.000000057579 - Current percentage: 55.70% - Max: 78.51% - Min: -19.75% - Market Cap 11950 - Trading time: 00:11:15
07-09-2025 06:24:44.047 INFO Current price: 0.000000060226 - Current percentage: 62.40% - Max: 78.51% - Min: -19.75% - Market Cap 12465 - Trading time: 00:11:15
07-09-2025 06:24:44.048 INFO Current price: 0.000000061962 - Current percentage: 64.81% - Max: 78.51% - Min: -19.75% - Market Cap 12649 - Trading time: 00:11:15
07-09-2025 06:25:10.646 INFO Current price: 0.000000061439 - Current percentage: 59.67% - Max: 78.51% - Min: -19.75% - Market Cap 12255 - Trading time: 00:11:42
07-09-2025 06:26:31.285 INFO Current price: 0.000000060540 - Current percentage: 60.02% - Max: 78.51% - Min: -19.75% - Market Cap 12282 - Trading time: 00:13:02
07-09-2025 06:26:31.355 INFO Current price: 0.000000060170 - Current percentage: 57.72% - Max: 78.51% - Min: -19.75% - Market Cap 12105 - Trading time: 00:13:02
07-09-2025 06:28:37.739 INFO Current price: 0.000000059601 - Current percentage: 57.01% - Max: 78.51% - Min: -19.75% - Market Cap 12051 - Trading time: 00:15:09
07-09-2025 06:29:28.733 INFO Current price: 0.000000059441 - Current percentage: 56.77% - Max: 78.51% - Min: -19.75% - Market Cap 12032 - Trading time: 00:16:00
07-09-2025 06:29:48.686 INFO Current price: 0.000000058089 - Current percentage: 49.84% - Max: 78.51% - Min: -19.75% - Market Cap 11501 - Trading time: 00:16:20
07-09-2025 06:29:48.686 INFO Current price: 0.000000055408 - Current percentage: 42.63% - Max: 78.51% - Min: -19.75% - Market Cap 10947 - Trading time: 00:16:20
07-09-2025 06:29:48.686 INFO Current price: 0.000000052835 - Current percentage: 36.25% - Max: 78.51% - Min: -19.75% - Market Cap 10458 - Trading time: 00:16:20
07-09-2025 06:29:48.686 INFO Current price: 0.000000050652 - Current percentage: 31.09% - Max: 78.51% - Min: -19.75% - Market Cap 10061 - Trading time: 00:16:20
07-09-2025 06:29:49.237 INFO Current price: 0.000000047696 - Current percentage: 20.81% - Max: 78.51% - Min: -19.75% - Market Cap 9273 - Trading time: 00:16:20
07-09-2025 06:30:24.284 INFO Current price: 0.000000045724 - Current percentage: 20.47% - Max: 78.51% - Min: -19.75% - Market Cap 9247 - Trading time: 00:16:55
07-09-2025 06:30:24.913 INFO Current price: 0.000000044356 - Current percentage: 13.69% - Max: 78.51% - Min: -19.75% - Market Cap 8726 - Trading time: 00:16:56
07-09-2025 06:30:37.706 INFO Current price: 0.000000043202 - Current percentage: 14.29% - Max: 78.51% - Min: -19.75% - Market Cap 8772 - Trading time: 00:17:09
07-09-2025 06:31:44.789 INFO Current price: 0.000000042144 - Current percentage: 10.55% - Max: 78.51% - Min: -19.75% - Market Cap 8485 - Trading time: 00:18:16
07-09-2025 06:32:39.310 INFO Current price: 0.000000041793 - Current percentage: 9.98% - Max: 78.51% - Min: -19.75% - Market Cap 8442 - Trading time: 00:19:10






07-09-2025 06:33:28.641 INFO {"type":"summary","reason":"max_window","startedAt":"2025-09-07T04:13:28.641Z","endedAt":"2025-09-07T04:33:28.641Z","durationSec":1200,"entryPrice":3.984255303277346e-8,"entryMarketCapSol":37.82047263349326,"entryMarketCapUsd":7675.286716241122,"minPct":-19.749937446434537,"maxPct":78.51295359488464,"buyCount":157,"sellCount":106,"tradeCount":263,"entryRecorded":true,"noPostThresholdTrades":false,"triggerAt":"2025-09-07T04:13:28.640Z","ageAtTriggerSec":8,"preTotalTrades":12,"preBuys":8,"preSells":4,"preUniqueTraders":9,"preEntryTotalTrades":13,"preEntryBuys":8,"preEntrySells":5,"preEntryUniqueTraders":9,"preEntryMinMcUsd":6920.766419003186,"preEntryMaxMcUsd":10382.289872377401,"thresholdMcSol":37.82047263349326,"thresholdMcUsd":7675.286716241122,"thresholdPrice":3.984255303277346e-8}
