08-09-2025 07:33:16.992 INFO Entry price: 0.000000069682259108 - Entry market cap: 13901 - Buys 81 - Sells 50 - Ratio: 1:0.62 - Min MarketCap: 7410 - Max MarketCap: 15037
08-09-2025 07:33:16.992 INFO Current price: 0.000000069682 - Current percentage: 0.00% - Max: 0.00% - Min: 0.00% - Market Cap 13901 - Trading time: 00:00:02
08-09-2025 07:33:18.063 INFO Current price: 0.000000066220 - Current percentage: -0.78% - Max: 0.00% - Min: -0.78% - Market Cap 13793 - Trading time: 00:00:03
08-09-2025 07:33:19.019 INFO Current price: 0.000000066922 - Current percentage: 0.43% - Max: 0.43% - Min: -0.78% - Market Cap 13962 - Trading time: 00:00:04
08-09-2025 07:33:19.197 INFO Current price: 0.000000067317 - Current percentage: 0.39% - Max: 0.43% - Min: -0.78% - Market Cap 13956 - Trading time: 00:00:04
08-09-2025 07:33:20.447 INFO Current price: 0.000000068685 - Current percentage: 4.56% - Max: 4.56% - Min: -0.78% - Market Cap 14535 - Trading time: 00:00:05
08-09-2025 07:33:23.291 INFO Current price: 0.000000070098 - Current percentage: 4.56% - Max: 4.56% - Min: -0.78% - Market Cap 14536 - Trading time: 00:00:08
08-09-2025 07:33:24.198 INFO Current price: 0.000000070662 - Current percentage: 6.25% - Max: 6.25% - Min: -0.78% - Market Cap 14770 - Trading time: 00:00:09
08-09-2025 07:33:24.576 INFO Current price: 0.000000071286 - Current percentage: 6.42% - Max: 6.42% - Min: -0.78% - Market Cap 14794 - Trading time: 00:00:09
08-09-2025 07:33:25.538 INFO Current price: 0.000000071635 - Current percentage: 7.29% - Max: 7.29% - Min: -0.78% - Market Cap 14915 - Trading time: 00:00:10
08-09-2025 07:33:27.797 INFO Current price: 0.000000072583 - Current percentage: 9.26% - Max: 9.26% - Min: -0.78% - Market Cap 15188 - Trading time: 00:00:12
08-09-2025 07:33:29.816 INFO Current price: 0.000000073922 - Current percentage: 11.28% - Max: 11.28% - Min: -0.78% - Market Cap 15470 - Trading time: 00:00:14
08-09-2025 07:33:31.235 INFO Current price: 0.000000071815 - Current percentage: 3.12% - Max: 11.28% - Min: -0.78% - Market Cap 14335 - Trading time: 00:00:16
08-09-2025 07:33:31.406 INFO Current price: 0.000000069051 - Current percentage: 2.88% - Max: 11.28% - Min: -0.78% - Market Cap 14302 - Trading time: 00:00:16
08-09-2025 07:33:31.507 INFO Current price: 0.000000066489 - Current percentage: -4.39% - Max: 11.28% - Min: -4.39% - Market Cap 13291 - Trading time: 00:00:16
08-09-2025 07:33:31.592 INFO Current price: 0.000000064038 - Current percentage: -4.57% - Max: 11.28% - Min: -4.57% - Market Cap 13267 - Trading time: 00:00:16
08-09-2025 07:33:31.721 INFO Current price: 0.000000063866 - Current percentage: -4.91% - Max: 11.28% - Min: -4.91% - Market Cap 13220 - Trading time: 00:00:16
08-09-2025 07:33:31.799 INFO Current price: 0.000000062594 - Current percentage: -8.33% - Max: 11.28% - Min: -8.33% - Market Cap 12744 - Trading time: 00:00:16
08-09-2025 07:33:32.303 INFO Current price: 0.000000061331 - Current percentage: -8.70% - Max: 11.28% - Min: -8.70% - Market Cap 12691 - Trading time: 00:00:17
08-09-2025 07:33:32.309 INFO Current price: 0.000000061070 - Current percentage: -9.11% - Max: 11.28% - Min: -9.11% - Market Cap 12636 - Trading time: 00:00:17
08-09-2025 07:33:32.323 INFO Current price: 0.000000061663 - Current percentage: -6.92% - Max: 11.28% - Min: -9.11% - Market Cap 12939 - Trading time: 00:00:17
08-09-2025 07:33:33.111 INFO Current price: 0.000000061701 - Current percentage: -8.99% - Max: 11.28% - Min: -9.11% - Market Cap 12651 - Trading time: 00:00:18
08-09-2025 07:33:33.112 INFO Current price: 0.000000059497 - Current percentage: -13.45% - Max: 11.28% - Min: -13.45% - Market Cap 12031 - Trading time: 00:00:18
08-09-2025 07:33:33.117 INFO Current price: 0.000000057423 - Current percentage: -15.23% - Max: 11.28% - Min: -15.23% - Market Cap 11785 - Trading time: 00:00:18
08-09-2025 07:33:33.125 INFO Current price: 0.000000055635 - Current percentage: -18.76% - Max: 11.28% - Min: -18.76% - Market Cap 11293 - Trading time: 00:00:18
08-09-2025 07:33:33.126 INFO Current price: 0.000000053485 - Current percentage: -21.65% - Max: 11.28% - Min: -21.65% - Market Cap 10891 - Trading time: 00:00:18
08-09-2025 07:33:33.148 INFO Current price: 0.000000052486 - Current percentage: -21.77% - Max: 11.28% - Min: -21.77% - Market Cap 10876 - Trading time: 00:00:18
08-09-2025 07:33:33.492 INFO Current price: 0.000000052312 - Current percentage: -22.17% - Max: 11.28% - Min: -22.17% - Market Cap 10819 - Trading time: 00:00:18
08-09-2025 07:33:33.494 INFO Current price: 0.000000052049 - Current percentage: -22.55% - Max: 11.28% - Min: -22.55% - Market Cap 10767 - Trading time: 00:00:18
08-09-2025 07:33:33.634 INFO Current price: 0.000000051635 - Current percentage: -23.41% - Max: 11.28% - Min: -23.41% - Market Cap 10648 - Trading time: 00:00:18
08-09-2025 07:33:33.636 INFO Current price: 0.000000051319 - Current percentage: -23.49% - Max: 11.28% - Min: -23.49% - Market Cap 10635 - Trading time: 00:00:18
08-09-2025 07:33:33.638 INFO Current price: 0.000000050702 - Current percentage: -25.24% - Max: 11.28% - Min: -25.24% - Market Cap 10393 - Trading time: 00:00:18
08-09-2025 07:33:33.744 INFO Current price: 0.000000049953 - Current percentage: -25.74% - Max: 11.28% - Min: -25.74% - Market Cap 10323 - Trading time: 00:00:18
08-09-2025 07:33:33.745 INFO Current price: 0.000000049690 - Current percentage: -26.02% - Max: 11.28% - Min: -26.02% - Market Cap 10284 - Trading time: 00:00:18
08-09-2025 07:33:33.748 INFO Current price: 0.000000048934 - Current percentage: -27.98% - Max: 11.28% - Min: -27.98% - Market Cap 10012 - Trading time: 00:00:18
08-09-2025 07:33:33.749 INFO Current price: 0.000000048165 - Current percentage: -28.33% - Max: 11.28% - Min: -28.33% - Market Cap 9963 - Trading time: 00:00:18
08-09-2025 07:33:33.751 INFO Current price: 0.000000047863 - Current percentage: -28.88% - Max: 11.28% - Min: -28.88% - Market Cap 9887 - Trading time: 00:00:18
08-09-2025 07:33:33.753 INFO Current price: 0.000000047435 - Current percentage: -29.61% - Max: 11.28% - Min: -29.61% - Market Cap 9786 - Trading time: 00:00:18
08-09-2025 07:33:33.755 INFO Current price: 0.000000045627 - Current percentage: -34.20% - Max: 11.28% - Min: -34.20% - Market Cap 9147 - Trading time: 00:00:18
08-09-2025 07:33:33.756 INFO Current price: 0.000000043804 - Current percentage: -35.12% - Max: 11.28% - Min: -35.12% - Market Cap 9019 - Trading time: 00:00:18
08-09-2025 07:33:33.757 INFO Current price: 0.000000043164 - Current percentage: -36.11% - Max: 11.28% - Min: -36.11% - Market Cap 8882 - Trading time: 00:00:18
08-09-2025 07:33:33.760 INFO Current price: 0.000000041689 - Current percentage: -39.48% - Max: 11.28% - Min: -39.48% - Market Cap 8413 - Trading time: 00:00:18
08-09-2025 07:33:33.761 INFO Current price: 0.000000040070 - Current percentage: -40.97% - Max: 11.28% - Min: -40.97% - Market Cap 8205 - Trading time: 00:00:18
08-09-2025 07:33:33.763 INFO Current price: 0.000000039306 - Current percentage: -41.76% - Max: 11.28% - Min: -41.76% - Market Cap 8096 - Trading time: 00:00:18
08-09-2025 07:33:33.766 INFO Current price: 0.000000038774 - Current percentage: -42.56% - Max: 11.28% - Min: -42.56% - Market Cap 7985 - Trading time: 00:00:18
08-09-2025 07:33:33.766 INFO Current price: 0.000000038149 - Current percentage: -43.62% - Max: 11.28% - Min: -43.62% - Market Cap 7837 - Trading time: 00:00:18
08-09-2025 07:33:33.769 INFO Current price: 0.000000037548 - Current percentage: -44.36% - Max: 11.28% - Min: -44.36% - Market Cap 7735 - Trading time: 00:00:18
08-09-2025 07:33:33.772 INFO Current price: 0.000000036828 - Current percentage: -45.77% - Max: 11.28% - Min: -45.77% - Market Cap 7539 - Trading time: 00:00:18
08-09-2025 07:33:33.777 INFO Current price: 0.000000036239 - Current percentage: -46.12% - Max: 11.28% - Min: -46.12% - Market Cap 7490 - Trading time: 00:00:18
08-09-2025 07:33:33.777 INFO Current price: 0.000000035964 - Current percentage: -46.59% - Max: 11.28% - Min: -46.59% - Market Cap 7425 - Trading time: 00:00:18
08-09-2025 07:33:33.779 INFO Current price: 0.000000035392 - Current percentage: -47.82% - Max: 11.28% - Min: -47.82% - Market Cap 7253 - Trading time: 00:00:18
08-09-2025 07:33:33.779 INFO Current price: 0.000000034785 - Current percentage: -48.40% - Max: 11.28% - Min: -48.40% - Market Cap 7173 - Trading time: 00:00:18
08-09-2025 07:33:33.780 INFO Current price: 0.000000034402 - Current percentage: -48.97% - Max: 11.28% - Min: -48.97% - Market Cap 7095 - Trading time: 00:00:18
08-09-2025 07:33:33.782 INFO Current price: 0.000000033512 - Current percentage: -51.04% - Max: 11.28% - Min: -51.04% - Market Cap 6806 - Trading time: 00:00:18
08-09-2025 07:33:33.784 INFO Current price: 0.000000032634 - Current percentage: -51.60% - Max: 11.28% - Min: -51.60% - Market Cap 6728 - Trading time: 00:00:18
08-09-2025 07:33:33.785 INFO Current price: 0.000000032304 - Current percentage: -52.02% - Max: 11.28% - Min: -52.02% - Market Cap 6669 - Trading time: 00:00:18
08-09-2025 07:33:33.787 INFO Current price: 0.000000032075 - Current percentage: -52.29% - Max: 11.28% - Min: -52.29% - Market Cap 6633 - Trading time: 00:00:18
08-09-2025 07:33:33.789 INFO Current price: 0.000000031674 - Current percentage: -53.22% - Max: 11.28% - Min: -53.22% - Market Cap 6504 - Trading time: 00:00:18
08-09-2025 07:33:33.791 INFO Current price: 0.000000030940 - Current percentage: -54.47% - Max: 11.28% - Min: -54.47% - Market Cap 6329 - Trading time: 00:00:18
08-09-2025 07:33:33.825 INFO Current price: 0.000000030366 - Current percentage: -54.93% - Max: 11.28% - Min: -54.93% - Market Cap 6265 - Trading time: 00:00:18
08-09-2025 07:33:34.084 INFO Current price: 0.000000030151 - Current percentage: -55.12% - Max: 11.28% - Min: -55.12% - Market Cap 6239 - Trading time: 00:00:19
08-09-2025 07:33:34.840 INFO Current price: 0.000000030041 - Current percentage: -55.26% - Max: 11.28% - Min: -55.26% - Market Cap 6219 - Trading time: 00:00:19
08-09-2025 07:33:35.113 INFO Current price: 0.000000029876 - Current percentage: -55.61% - Max: 11.28% - Min: -55.61% - Market Cap 6171 - Trading time: 00:00:20
08-09-2025 07:33:35.117 INFO Current price: 0.000000029678 - Current percentage: -55.85% - Max: 11.28% - Min: -55.85% - Market Cap 6137 - Trading time: 00:00:20
08-09-2025 07:33:35.973 INFO Current price: 0.000000029595 - Current percentage: -55.86% - Max: 11.28% - Min: -55.86% - Market Cap 6136 - Trading time: 00:00:20
08-09-2025 07:33:36.593 INFO Current price: 0.000000029549 - Current percentage: -55.99% - Max: 11.28% - Min: -55.99% - Market Cap 6118 - Trading time: 00:00:21
08-09-2025 07:33:37.150 INFO Current price: 0.000000029489 - Current percentage: -56.04% - Max: 11.28% - Min: -56.04% - Market Cap 6112 - Trading time: 00:00:22
08-09-2025 07:33:38.773 INFO Current price: 0.000000029473 - Current percentage: -56.04% - Max: 11.28% - Min: -56.04% - Market Cap 6111 - Trading time: 00:00:23
08-09-2025 07:33:40.376 INFO Current price: 0.000000028904 - Current percentage: -57.72% - Max: 11.28% - Min: -57.72% - Market Cap 5878 - Trading time: 00:00:25
08-09-2025 07:33:45.161 INFO Current price: 0.000000028325 - Current percentage: -57.78% - Max: 11.28% - Min: -57.78% - Market Cap 5869 - Trading time: 00:00:30
08-09-2025 07:33:49.071 INFO Current price: 0.000000028289 - Current percentage: -57.82% - Max: 11.28% - Min: -57.82% - Market Cap 5863 - Trading time: 00:00:34
08-09-2025 07:34:01.142 INFO Current price: 0.000000028281 - Current percentage: -57.81% - Max: 11.28% - Min: -57.82% - Market Cap 5865 - Trading time: 00:00:46
08-09-2025 07:34:01.332 INFO Current price: 0.000000028213 - Current percentage: -58.02% - Max: 11.28% - Min: -58.02% - Market Cap 5835 - Trading time: 00:00:46
08-09-2025 07:34:03.535 INFO Current price: 0.000000028110 - Current percentage: -58.12% - Max: 11.28% - Min: -58.12% - Market Cap 5822 - Trading time: 00:00:48
08-09-2025 07:34:03.538 INFO Current price: 0.000000028045 - Current percentage: -58.22% - Max: 11.28% - Min: -58.22% - Market Cap 5808 - Trading time: 00:00:48
08-09-2025 07:35:11.560 INFO Current price: 0.000000028006 - Current percentage: -58.23% - Max: 11.28% - Min: -58.23% - Market Cap 5806 - Trading time: 00:01:56
08-09-2025 07:35:43.878 INFO Current price: 0.000000027998 - Current percentage: -58.24% - Max: 11.28% - Min: -58.24% - Market Cap 5805 - Trading time: 00:02:28
08-09-2025 07:36:46.004 INFO Current price: 0.000000027977 - Current percentage: -58.29% - Max: 11.28% - Min: -58.29% - Market Cap 5798 - Trading time: 00:03:31






08-09-2025 07:46:46.007 INFO {"type":"summary","reason":"inactivity","startedAt":"2025-09-08T05:33:14.991Z","endedAt":"2025-09-08T05:46:46.007Z","durationSec":811,"entryPrice":6.96822591077462e-8,"entryMarketCapSol":67.04039586273903,"entryMarketCapUsd":13901.496486097567,"minPct":-58.29376195863652,"maxPct":11.282790895307421,"buyCount":13,"sellCount":65,"tradeCount":78,"entryRecorded":true,"noPostThresholdTrades":false,"triggerAt":"2025-09-08T05:33:14.991Z","ageAtTriggerSec":61,"preTotalTrades":129,"preBuys":79,"preSells":50,"preUniqueTraders":72,"preEntryTotalTrades":131,"preEntryBuys":81,"preEntrySells":50,"preEntryUniqueTraders":74,"preEntryMinMcUsd":7409.697151687919,"preEntryMaxMcUsd":15036.990655857555,"thresholdMcSol":67.04039586273903,"thresholdMcUsd":13901.496486097567,"thresholdPrice":6.96822591077462e-8}
