08-09-2025 00:35:28.083 INFO Entry price: 0.000000037671972892 - Entry market cap: 7346 - Buys 6 - Sells 2 - Ratio: 1:0.33 - Min MarketCap: 6731 - Max MarketCap: 8176
08-09-2025 00:35:28.083 INFO Current price: 0.000000037672 - Current percentage: 0.00% - Max: 0.00% - Min: 0.00% - Market Cap 7346 - Trading time: 00:00:02
08-09-2025 00:35:30.119 INFO Current price: 0.000000032890 - Current percentage: -15.46% - Max: 0.00% - Min: -15.46% - Market Cap 6210 - Trading time: 00:00:04
08-09-2025 00:35:31.511 INFO Current price: 0.000000030246 - Current percentage: -15.44% - Max: 0.00% - Min: -15.46% - Market Cap 6212 - Trading time: 00:00:05
08-09-2025 00:35:32.565 INFO Current price: 0.000000030724 - Current percentage: -12.77% - Max: 0.00% - Min: -15.46% - Market Cap 6408 - Trading time: 00:00:06
08-09-2025 00:35:33.638 INFO Current price: 0.000000032515 - Current percentage: -5.29% - Max: 0.00% - Min: -15.46% - Market Cap 6957 - Trading time: 00:00:07
08-09-2025 00:35:33.641 INFO Current price: 0.000000035246 - Current percentage: 2.50% - Max: 2.50% - Min: -15.46% - Market Cap 7530 - Trading time: 00:00:07
08-09-2025 00:35:33.643 INFO Current price: 0.000000038001 - Current percentage: 10.09% - Max: 10.09% - Min: -15.46% - Market Cap 8088 - Trading time: 00:00:07
08-09-2025 00:35:33.770 INFO Current price: 0.000000040046 - Current percentage: 13.83% - Max: 13.83% - Min: -15.46% - Market Cap 8362 - Trading time: 00:00:07
08-09-2025 00:35:33.773 INFO Current price: 0.000000040890 - Current percentage: 14.78% - Max: 14.78% - Min: -15.46% - Market Cap 8432 - Trading time: 00:00:07
08-09-2025 00:35:33.882 INFO Current price: 0.000000041082 - Current percentage: 14.91% - Max: 14.91% - Min: -15.46% - Market Cap 8441 - Trading time: 00:00:07
08-09-2025 00:35:33.950 INFO Current price: 0.000000041330 - Current percentage: 16.17% - Max: 16.17% - Min: -15.46% - Market Cap 8534 - Trading time: 00:00:07
08-09-2025 00:35:34.143 INFO Current price: 0.000000041592 - Current percentage: 16.37% - Max: 16.37% - Min: -15.46% - Market Cap 8548 - Trading time: 00:00:08
08-09-2025 00:35:34.244 INFO Current price: 0.000000041662 - Current percentage: 16.56% - Max: 16.56% - Min: -15.46% - Market Cap 8563 - Trading time: 00:00:08
08-09-2025 00:35:34.421 INFO Current price: 0.000000041956 - Current percentage: 18.01% - Max: 18.01% - Min: -15.46% - Market Cap 8669 - Trading time: 00:00:08
08-09-2025 00:35:35.775 INFO Current price: 0.000000044456 - Current percentage: 30.87% - Max: 30.87% - Min: -15.46% - Market Cap 9614 - Trading time: 00:00:09
08-09-2025 00:35:36.409 INFO Current price: 0.000000046722 - Current percentage: 30.35% - Max: 30.87% - Min: -15.46% - Market Cap 9576 - Trading time: 00:00:10
08-09-2025 00:35:37.021 INFO Current price: 0.000000046376 - Current percentage: 28.94% - Max: 30.87% - Min: -15.46% - Market Cap 9472 - Trading time: 00:00:10
08-09-2025 00:35:37.251 INFO Current price: 0.000000047293 - Current percentage: 35.56% - Max: 35.56% - Min: -15.46% - Market Cap 9959 - Trading time: 00:00:11
08-09-2025 00:35:38.515 INFO Current price: 0.000000047565 - Current percentage: 30.42% - Max: 35.56% - Min: -15.46% - Market Cap 9581 - Trading time: 00:00:12
08-09-2025 00:35:38.910 INFO Current price: 0.000000045615 - Current percentage: 24.68% - Max: 35.56% - Min: -15.46% - Market Cap 9159 - Trading time: 00:00:12
08-09-2025 00:35:38.912 INFO Current price: 0.000000043552 - Current percentage: 18.89% - Max: 35.56% - Min: -15.46% - Market Cap 8734 - Trading time: 00:00:12
08-09-2025 00:35:38.914 INFO Current price: 0.000000041740 - Current percentage: 14.52% - Max: 35.56% - Min: -15.46% - Market Cap 8413 - Trading time: 00:00:12
08-09-2025 00:35:39.221 INFO Current price: 0.000000040623 - Current percentage: 12.61% - Max: 35.56% - Min: -15.46% - Market Cap 8272 - Trading time: 00:00:13
08-09-2025 00:35:39.228 INFO Current price: 0.000000040261 - Current percentage: 12.49% - Max: 35.56% - Min: -15.46% - Market Cap 8263 - Trading time: 00:00:13
08-09-2025 00:35:39.298 INFO Current price: 0.000000040022 - Current percentage: 11.28% - Max: 35.56% - Min: -15.46% - Market Cap 8175 - Trading time: 00:00:13
08-09-2025 00:35:39.366 INFO Current price: 0.000000039818 - Current percentage: 11.34% - Max: 35.56% - Min: -15.46% - Market Cap 8179 - Trading time: 00:00:13
08-09-2025 00:35:39.461 INFO Current price: 0.000000039796 - Current percentage: 11.16% - Max: 35.56% - Min: -15.46% - Market Cap 8166 - Trading time: 00:00:13
08-09-2025 00:35:39.463 INFO Current price: 0.000000039731 - Current percentage: 10.98% - Max: 35.56% - Min: -15.46% - Market Cap 8153 - Trading time: 00:00:13
08-09-2025 00:35:39.856 INFO Current price: 0.000000037850 - Current percentage: 0.88% - Max: 35.56% - Min: -15.46% - Market Cap 7411 - Trading time: 00:00:13
08-09-2025 00:35:39.921 INFO Current price: 0.000000036108 - Current percentage: 1.00% - Max: 35.56% - Min: -15.46% - Market Cap 7419 - Trading time: 00:00:13
08-09-2025 00:35:40.598 INFO Current price: 0.000000035354 - Current percentage: -3.29% - Max: 35.56% - Min: -15.46% - Market Cap 7105 - Trading time: 00:00:14
08-09-2025 00:35:40.646 INFO Current price: 0.000000034330 - Current percentage: -4.77% - Max: 35.56% - Min: -15.46% - Market Cap 6996 - Trading time: 00:00:14
08-09-2025 00:35:40.917 INFO Current price: 0.000000033415 - Current percentage: -8.37% - Max: 35.56% - Min: -15.46% - Market Cap 6731 - Trading time: 00:00:14
08-09-2025 00:35:40.974 INFO Current price: 0.000000032115 - Current percentage: -12.04% - Max: 35.56% - Min: -15.46% - Market Cap 6462 - Trading time: 00:00:14
08-09-2025 00:35:40.978 INFO Current price: 0.000000030963 - Current percentage: -14.83% - Max: 35.56% - Min: -15.46% - Market Cap 6257 - Trading time: 00:00:14
08-09-2025 00:35:41.608 INFO Current price: 0.000000030308 - Current percentage: -15.72% - Max: 35.56% - Min: -15.72% - Market Cap 6191 - Trading time: 00:00:15
08-09-2025 00:35:45.643 INFO Current price: 0.000000030244 - Current percentage: -15.19% - Max: 35.56% - Min: -15.72% - Market Cap 6230 - Trading time: 00:00:19
08-09-2025 00:35:47.891 INFO Current price: 0.000000030323 - Current percentage: -15.28% - Max: 35.56% - Min: -15.72% - Market Cap 6224 - Trading time: 00:00:21
08-09-2025 00:35:54.163 INFO Current price: 0.000000030299 - Current percentage: -15.32% - Max: 35.56% - Min: -15.72% - Market Cap 6221 - Trading time: 00:00:28
08-09-2025 00:35:54.702 INFO Current price: 0.000000030185 - Current percentage: -15.92% - Max: 35.56% - Min: -15.92% - Market Cap 6177 - Trading time: 00:00:28
08-09-2025 00:36:02.201 INFO Current price: 0.000000030550 - Current percentage: -13.26% - Max: 35.56% - Min: -15.92% - Market Cap 6372 - Trading time: 00:00:36
08-09-2025 00:36:02.242 INFO Current price: 0.000000031423 - Current percentage: -11.05% - Max: 35.56% - Min: -15.92% - Market Cap 6535 - Trading time: 00:00:36
08-09-2025 00:36:02.415 INFO Current price: 0.000000032606 - Current percentage: -6.60% - Max: 35.56% - Min: -15.92% - Market Cap 6861 - Trading time: 00:00:36
08-09-2025 00:36:02.418 INFO Current price: 0.000000033619 - Current percentage: -5.43% - Max: 35.56% - Min: -15.92% - Market Cap 6947 - Trading time: 00:00:36
08-09-2025 00:36:02.601 INFO Current price: 0.000000033830 - Current percentage: -5.43% - Max: 35.56% - Min: -15.92% - Market Cap 6948 - Trading time: 00:00:36
08-09-2025 00:36:03.717 INFO Current price: 0.000000033837 - Current percentage: -5.40% - Max: 35.56% - Min: -15.92% - Market Cap 6950 - Trading time: 00:00:37
08-09-2025 00:36:07.962 INFO Current price: 0.000000033837 - Current percentage: -5.43% - Max: 35.56% - Min: -15.92% - Market Cap 6948 - Trading time: 00:00:41
08-09-2025 00:36:16.431 INFO Current price: 0.000000033587 - Current percentage: -7.63% - Max: 35.56% - Min: -15.92% - Market Cap 6786 - Trading time: 00:00:50
08-09-2025 00:36:16.503 INFO Current price: 0.000000032250 - Current percentage: -12.00% - Max: 35.56% - Min: -15.92% - Market Cap 6464 - Trading time: 00:00:50
08-09-2025 00:36:16.554 INFO Current price: 0.000000031086 - Current percentage: -14.18% - Max: 35.56% - Min: -15.92% - Market Cap 6305 - Trading time: 00:00:50
08-09-2025 00:36:16.625 INFO Current price: 0.000000030519 - Current percentage: -15.19% - Max: 35.56% - Min: -15.92% - Market Cap 6230 - Trading time: 00:00:50
08-09-2025 00:36:16.659 INFO Current price: 0.000000030337 - Current percentage: -15.20% - Max: 35.56% - Min: -15.92% - Market Cap 6230 - Trading time: 00:00:50
08-09-2025 00:36:19.768 INFO Current price: 0.000000029899 - Current percentage: -17.62% - Max: 35.56% - Min: -17.62% - Market Cap 6052 - Trading time: 00:00:53
08-09-2025 00:36:19.773 INFO Current price: 0.000000029037 - Current percentage: -20.01% - Max: 35.56% - Min: -20.01% - Market Cap 5876 - Trading time: 00:00:53
08-09-2025 00:36:28.126 INFO Current price: 0.000000028705 - Current percentage: -19.50% - Max: 35.56% - Min: -20.01% - Market Cap 5914 - Trading time: 00:01:02
08-09-2025 00:36:47.975 INFO Current price: 0.000000028472 - Current percentage: -20.65% - Max: 35.56% - Min: -20.65% - Market Cap 5829 - Trading time: 00:01:21
08-09-2025 00:37:21.855 INFO Current price: 0.000000028381 - Current percentage: -20.67% - Max: 35.56% - Min: -20.67% - Market Cap 5827 - Trading time: 00:01:55
08-09-2025 00:38:58.279 INFO Current price: 0.000000028257 - Current percentage: -21.46% - Max: 35.56% - Min: -21.46% - Market Cap 5770 - Trading time: 00:03:32
08-09-2025 00:41:00.389 INFO Current price: 0.000000028137 - Current percentage: -21.46% - Max: 35.56% - Min: -21.46% - Market Cap 5770 - Trading time: 00:05:34






08-09-2025 00:51:00.392 INFO {"type":"summary","reason":"inactivity","startedAt":"2025-09-07T22:35:26.083Z","endedAt":"2025-09-07T22:51:00.392Z","durationSec":934,"entryPrice":3.7671972891625764e-8,"entryMarketCapSol":35.772084410955095,"entryMarketCapUsd":7346.155254633739,"minPct":-21.46143651254499,"maxPct":35.56231683280683,"buyCount":24,"sellCount":34,"tradeCount":58,"entryRecorded":true,"noPostThresholdTrades":false,"triggerAt":"2025-09-07T22:35:26.083Z","ageAtTriggerSec":4,"preTotalTrades":8,"preBuys":6,"preSells":2,"preUniqueTraders":7,"preEntryTotalTrades":8,"preEntryBuys":6,"preEntrySells":2,"preEntryUniqueTraders":7,"preEntryMinMcUsd":6731.060992203576,"preEntryMaxMcUsd":8175.918134362595,"thresholdMcSol":35.772084410955095,"thresholdMcUsd":7346.155254633739,"thresholdPrice":3.7671972891625764e-8}
