07-09-2025 03:22:19.006 INFO Entry price: 0.000000035944657598 - Entry market cap: 6683 - Buys 5 - Sells 3 - Ratio: 1:0.60 - Min MarketCap: 6560 - Max MarketCap: 8044
07-09-2025 03:22:19.006 INFO Current price: 0.000000035945 - Current percentage: 0.00% - Max: 0.00% - Min: 0.00% - Market Cap 6683 - Trading time: 00:00:01
07-09-2025 03:22:20.653 INFO Current price: 0.000000032968 - Current percentage: -0.85% - Max: 0.00% - Min: -0.85% - Market Cap 6626 - Trading time: 00:00:03
07-09-2025 03:22:21.035 INFO Current price: 0.000000031538 - Current percentage: -8.49% - Max: 0.00% - Min: -8.49% - Market Cap 6116 - Trading time: 00:00:04
07-09-2025 03:22:21.087 INFO Current price: 0.000000029106 - Current percentage: -15.56% - Max: 0.00% - Min: -15.56% - Market Cap 5643 - Trading time: 00:00:04
07-09-2025 03:22:23.004 INFO Current price: 0.000000028184 - Current percentage: -14.19% - Max: 0.00% - Min: -15.56% - Market Cap 5734 - Trading time: 00:00:05
07-09-2025 03:22:29.300 INFO Current price: 0.000000028184 - Current percentage: -15.56% - Max: 0.00% - Min: -15.56% - Market Cap 5643 - Trading time: 00:00:12
07-09-2025 03:22:39.528 INFO Current price: 0.000000028769 - Current percentage: -10.59% - Max: 0.00% - Min: -15.56% - Market Cap 5975 - Trading time: 00:00:22
07-09-2025 03:22:46.055 INFO Current price: 0.000000030356 - Current percentage: -5.98% - Max: 0.00% - Min: -15.56% - Market Cap 6283 - Trading time: 00:00:29
07-09-2025 03:22:50.864 INFO Current price: 0.000000032014 - Current percentage: -0.56% - Max: 0.00% - Min: -15.56% - Market Cap 6645 - Trading time: 00:00:33
07-09-2025 03:22:57.928 INFO Current price: 0.000000033168 - Current percentage: 0.92% - Max: 0.92% - Min: -15.56% - Market Cap 6744 - Trading time: 00:00:40
07-09-2025 03:22:58.643 INFO Current price: 0.000000034271 - Current percentage: 6.17% - Max: 6.17% - Min: -15.56% - Market Cap 7095 - Trading time: 00:00:41
07-09-2025 03:23:01.098 INFO Current price: 0.000000031563 - Current percentage: -14.40% - Max: 6.17% - Min: -15.56% - Market Cap 5720 - Trading time: 00:00:44
07-09-2025 03:23:01.261 INFO Current price: 0.000000028709 - Current percentage: -12.17% - Max: 6.17% - Min: -15.56% - Market Cap 5870 - Trading time: 00:00:44
07-09-2025 03:23:01.507 INFO Current price: 0.000000029452 - Current percentage: -9.91% - Max: 6.17% - Min: -15.56% - Market Cap 6021 - Trading time: 00:00:44
07-09-2025 03:23:11.739 INFO Current price: 0.000000030017 - Current percentage: -8.77% - Max: 6.17% - Min: -15.56% - Market Cap 6097 - Trading time: 00:00:54
07-09-2025 03:23:17.989 INFO Current price: 0.000000029259 - Current percentage: -14.40% - Max: 6.17% - Min: -15.56% - Market Cap 5720 - Trading time: 00:01:00
07-09-2025 03:23:45.615 INFO Current price: 0.000000029048 - Current percentage: -10.08% - Max: 6.17% - Min: -15.56% - Market Cap 6009 - Trading time: 00:01:28
07-09-2025 03:25:06.671 INFO Current price: 0.000000029630 - Current percentage: -10.94% - Max: 6.17% - Min: -15.56% - Market Cap 5952 - Trading time: 00:02:49
07-09-2025 03:27:15.028 INFO Current price: 0.000000028775 - Current percentage: -15.20% - Max: 6.17% - Min: -15.56% - Market Cap 5667 - Trading time: 00:04:58






07-09-2025 03:37:15.029 INFO {"type":"summary","reason":"inactivity","startedAt":"2025-09-07T01:22:17.007Z","endedAt":"2025-09-07T01:37:15.029Z","durationSec":898,"entryPrice":3.594465759801801e-8,"entryMarketCapSol":33.10932161596247,"entryMarketCapUsd":6682.785474965865,"minPct":-15.555523001850242,"maxPct":6.168510275593986,"buyCount":10,"sellCount":8,"tradeCount":18,"entryRecorded":true,"noPostThresholdTrades":false,"triggerAt":"2025-09-07T01:22:17.006Z","ageAtTriggerSec":6,"preTotalTrades":8,"preBuys":5,"preSells":3,"preUniqueTraders":6,"preEntryTotalTrades":8,"preEntryBuys":5,"preEntrySells":3,"preEntryUniqueTraders":6,"preEntryMinMcUsd":6559.7620195129375,"preEntryMaxMcUsd":8044.062887163099,"thresholdMcSol":33.10932161596247,"thresholdMcUsd":6682.785474965865,"thresholdPrice":3.594465759801801e-8}
