08-09-2025 04:11:22.913 INFO Entry price: 0.000000040654505639 - Entry market cap: 7943 - Buys 22 - Sells 10 - Ratio: 1:0.45 - Min MarketCap: 6367 - Max MarketCap: 9754
08-09-2025 04:11:22.913 INFO Current price: 0.000000040655 - Current percentage: 0.00% - Max: 0.00% - Min: 0.00% - Market Cap 7943 - Trading time: 00:00:02
08-09-2025 04:11:42.271 INFO Current price: 0.000000036277 - Current percentage: -9.09% - Max: 0.00% - Min: -9.09% - Market Cap 7221 - Trading time: 00:00:21
08-09-2025 04:11:42.386 INFO Current price: 0.000000034918 - Current percentage: -9.10% - Max: 0.00% - Min: -9.10% - Market Cap 7220 - Trading time: 00:00:21
08-09-2025 04:11:44.448 INFO Current price: 0.000000034723 - Current percentage: -10.11% - Max: 0.00% - Min: -10.11% - Market Cap 7140 - Trading time: 00:00:23
08-09-2025 04:11:44.569 INFO Current price: 0.000000034502 - Current percentage: -10.25% - Max: 0.00% - Min: -10.25% - Market Cap 7129 - Trading time: 00:00:23
08-09-2025 04:11:51.789 INFO Current price: 0.000000033923 - Current percentage: -13.10% - Max: 0.00% - Min: -13.10% - Market Cap 6903 - Trading time: 00:00:30
08-09-2025 04:11:52.056 INFO Current price: 0.000000032913 - Current percentage: -15.51% - Max: 0.00% - Min: -15.51% - Market Cap 6711 - Trading time: 00:00:31
08-09-2025 04:11:52.123 INFO Current price: 0.000000032203 - Current percentage: -16.81% - Max: 0.00% - Min: -16.81% - Market Cap 6608 - Trading time: 00:00:31
08-09-2025 04:11:52.600 INFO Current price: 0.000000031939 - Current percentage: -16.89% - Max: 0.00% - Min: -16.89% - Market Cap 6601 - Trading time: 00:00:31
08-09-2025 04:12:21.541 INFO Current price: 0.000000032152 - Current percentage: -15.70% - Max: 0.00% - Min: -16.89% - Market Cap 6696 - Trading time: 00:01:00
08-09-2025 04:14:31.479 INFO Current price: 0.000000032873 - Current percentage: -13.12% - Max: 0.00% - Min: -16.89% - Market Cap 6901 - Trading time: 00:03:10
08-09-2025 04:14:34.618 INFO Current price: 0.000000033579 - Current percentage: -12.04% - Max: 0.00% - Min: -16.89% - Market Cap 6987 - Trading time: 00:03:13
08-09-2025 04:14:34.682 INFO Current price: 0.000000034373 - Current percentage: -8.96% - Max: 0.00% - Min: -16.89% - Market Cap 7231 - Trading time: 00:03:13
08-09-2025 04:14:53.875 INFO Current price: 0.000000035478 - Current percentage: -6.29% - Max: 0.00% - Min: -16.89% - Market Cap 7443 - Trading time: 00:03:32
08-09-2025 04:14:54.010 INFO Current price: 0.000000036289 - Current percentage: -4.75% - Max: 0.00% - Min: -16.89% - Market Cap 7566 - Trading time: 00:03:33
08-09-2025 04:15:01.330 INFO Current price: 0.000000037112 - Current percentage: -1.99% - Max: 0.00% - Min: -16.89% - Market Cap 7785 - Trading time: 00:03:40
08-09-2025 04:15:01.504 INFO Current price: 0.000000037649 - Current percentage: -1.98% - Max: 0.00% - Min: -16.89% - Market Cap 7786 - Trading time: 00:03:40
08-09-2025 04:15:29.181 INFO Current price: 0.000000038708 - Current percentage: 3.60% - Max: 3.60% - Min: -16.89% - Market Cap 8229 - Trading time: 00:04:08
08-09-2025 04:15:29.375 INFO Current price: 0.000000040132 - Current percentage: 5.36% - Max: 5.36% - Min: -16.89% - Market Cap 8369 - Trading time: 00:04:08
08-09-2025 04:15:30.636 INFO Current price: 0.000000040699 - Current percentage: 6.55% - Max: 6.55% - Min: -16.89% - Market Cap 8464 - Trading time: 00:04:09
08-09-2025 04:15:41.465 INFO Current price: 0.000000041096 - Current percentage: 7.42% - Max: 7.42% - Min: -16.89% - Market Cap 8533 - Trading time: 00:04:20
08-09-2025 04:16:08.579 INFO Current price: 0.000000041031 - Current percentage: 6.22% - Max: 7.42% - Min: -16.89% - Market Cap 8437 - Trading time: 00:04:47
08-09-2025 04:17:27.652 INFO Current price: 0.000000040685 - Current percentage: 5.62% - Max: 7.42% - Min: -16.89% - Market Cap 8389 - Trading time: 00:06:06
08-09-2025 04:19:26.234 INFO Current price: 0.000000040625 - Current percentage: 5.97% - Max: 7.42% - Min: -16.89% - Market Cap 8417 - Trading time: 00:08:05
08-09-2025 04:21:10.310 INFO Current price: 0.000000041236 - Current percentage: 8.88% - Max: 8.88% - Min: -16.89% - Market Cap 8649 - Trading time: 00:09:49
08-09-2025 04:21:10.789 INFO Current price: 0.000000041832 - Current percentage: 9.05% - Max: 9.05% - Min: -16.89% - Market Cap 8662 - Trading time: 00:09:49
08-09-2025 04:21:21.444 INFO Current price: 0.000000042992 - Current percentage: 15.00% - Max: 15.00% - Min: -16.89% - Market Cap 9135 - Trading time: 00:10:00
08-09-2025 04:21:21.562 INFO Current price: 0.000000044966 - Current percentage: 19.30% - Max: 19.30% - Min: -16.89% - Market Cap 9476 - Trading time: 00:10:00
08-09-2025 04:21:21.636 INFO Current price: 0.000000046300 - Current percentage: 21.92% - Max: 21.92% - Min: -16.89% - Market Cap 9684 - Trading time: 00:10:00
08-09-2025 04:21:21.637 INFO Current price: 0.000000047192 - Current percentage: 23.94% - Max: 23.94% - Min: -16.89% - Market Cap 9845 - Trading time: 00:10:00
08-09-2025 04:21:21.637 INFO Current price: 0.000000047873 - Current percentage: 25.47% - Max: 25.47% - Min: -16.89% - Market Cap 9966 - Trading time: 00:10:00
08-09-2025 04:21:21.753 INFO Current price: 0.000000048288 - Current percentage: 26.10% - Max: 26.10% - Min: -16.89% - Market Cap 10016 - Trading time: 00:10:00
08-09-2025 04:21:21.874 INFO Current price: 0.000000048719 - Current percentage: 27.72% - Max: 27.72% - Min: -16.89% - Market Cap 10145 - Trading time: 00:10:00
08-09-2025 04:21:21.877 INFO Current price: 0.000000049034 - Current percentage: 27.72% - Max: 27.72% - Min: -16.89% - Market Cap 10145 - Trading time: 00:10:00
08-09-2025 04:21:32.676 INFO Current price: 0.000000048719 - Current percentage: 26.10% - Max: 27.72% - Min: -16.89% - Market Cap 10016 - Trading time: 00:10:11
08-09-2025 04:21:37.181 INFO Current price: 0.000000048383 - Current percentage: 26.10% - Max: 27.72% - Min: -16.89% - Market Cap 10016 - Trading time: 00:10:16
08-09-2025 04:21:52.373 INFO Current price: 0.000000049013 - Current percentage: 27.35% - Max: 27.72% - Min: -16.89% - Market Cap 10116 - Trading time: 00:10:31
08-09-2025 04:22:02.778 INFO Current price: 0.000000048908 - Current percentage: 27.45% - Max: 27.72% - Min: -16.89% - Market Cap 10123 - Trading time: 00:10:41
08-09-2025 04:22:08.277 INFO Current price: 0.000000049265 - Current percentage: 29.22% - Max: 29.22% - Min: -16.89% - Market Cap 10264 - Trading time: 00:10:47
08-09-2025 04:22:27.423 INFO Current price: 0.000000050822 - Current percentage: 35.63% - Max: 35.63% - Min: -16.89% - Market Cap 10773 - Trading time: 00:11:06
08-09-2025 04:22:36.775 INFO Current price: 0.000000053324 - Current percentage: 42.25% - Max: 42.25% - Min: -16.89% - Market Cap 11299 - Trading time: 00:11:15
08-09-2025 04:22:36.780 INFO Current price: 0.000000054942 - Current percentage: 43.98% - Max: 43.98% - Min: -16.89% - Market Cap 11437 - Trading time: 00:11:15
08-09-2025 04:22:36.856 INFO Current price: 0.000000057863 - Current percentage: 57.78% - Max: 57.78% - Min: -16.89% - Market Cap 12533 - Trading time: 00:11:15
08-09-2025 04:22:36.879 INFO Current price: 0.000000060740 - Current percentage: 58.66% - Max: 58.66% - Min: -16.89% - Market Cap 12603 - Trading time: 00:11:15
08-09-2025 04:22:37.687 INFO Current price: 0.000000061334 - Current percentage: 60.88% - Max: 60.88% - Min: -16.89% - Market Cap 12779 - Trading time: 00:11:16
08-09-2025 04:22:38.073 INFO Current price: 0.000000061771 - Current percentage: 60.93% - Max: 60.93% - Min: -16.89% - Market Cap 12783 - Trading time: 00:11:17
08-09-2025 04:22:39.537 INFO Current price: 0.000000059874 - Current percentage: 51.15% - Max: 60.93% - Min: -16.89% - Market Cap 12006 - Trading time: 00:11:18
08-09-2025 04:22:39.607 INFO Current price: 0.000000056842 - Current percentage: 45.04% - Max: 60.93% - Min: -16.89% - Market Cap 11521 - Trading time: 00:11:18
08-09-2025 04:22:41.127 INFO Current price: 0.000000055608 - Current percentage: 44.66% - Max: 60.93% - Min: -16.89% - Market Cap 11491 - Trading time: 00:11:20
08-09-2025 04:22:41.669 INFO Current price: 0.000000056193 - Current percentage: 48.11% - Max: 60.93% - Min: -16.89% - Market Cap 11764 - Trading time: 00:11:20
08-09-2025 04:22:46.745 INFO Current price: 0.000000057522 - Current percentage: 51.59% - Max: 60.93% - Min: -16.89% - Market Cap 12041 - Trading time: 00:11:25
08-09-2025 04:22:47.911 INFO Current price: 0.000000057802 - Current percentage: 49.55% - Max: 60.93% - Min: -16.89% - Market Cap 11879 - Trading time: 00:11:26
08-09-2025 04:22:48.259 INFO Current price: 0.000000057405 - Current percentage: 49.51% - Max: 60.93% - Min: -16.89% - Market Cap 11876 - Trading time: 00:11:27
08-09-2025 04:22:55.341 INFO Current price: 0.000000057724 - Current percentage: 51.22% - Max: 60.93% - Min: -16.89% - Market Cap 12012 - Trading time: 00:11:34
08-09-2025 04:23:07.390 INFO Current price: 0.000000057896 - Current percentage: 50.40% - Max: 60.93% - Min: -16.89% - Market Cap 11947 - Trading time: 00:11:46
08-09-2025 04:23:29.890 INFO Current price: 0.000000057311 - Current percentage: 48.18% - Max: 60.93% - Min: -16.89% - Market Cap 11770 - Trading time: 00:12:08
08-09-2025 04:24:34.415 INFO Current price: 0.000000056807 - Current percentage: 47.14% - Max: 60.93% - Min: -16.89% - Market Cap 11688 - Trading time: 00:13:13
08-09-2025 04:24:34.486 INFO Current price: 0.000000056116 - Current percentage: 45.21% - Max: 60.93% - Min: -16.89% - Market Cap 11534 - Trading time: 00:13:13
08-09-2025 04:24:38.223 INFO Current price: 0.000000053350 - Current percentage: 33.00% - Max: 60.93% - Min: -16.89% - Market Cap 10564 - Trading time: 00:13:17
08-09-2025 04:24:42.310 INFO Current price: 0.000000050993 - Current percentage: 32.67% - Max: 60.93% - Min: -16.89% - Market Cap 10538 - Trading time: 00:13:21
08-09-2025 04:24:43.029 INFO Current price: 0.000000050366 - Current percentage: 29.75% - Max: 60.93% - Min: -16.89% - Market Cap 10306 - Trading time: 00:13:22
08-09-2025 04:25:34.331 INFO Current price: 0.000000048272 - Current percentage: 23.71% - Max: 60.93% - Min: -16.89% - Market Cap 9827 - Trading time: 00:14:13
08-09-2025 04:26:59.346 INFO Current price: 0.000000047400 - Current percentage: 23.23% - Max: 60.93% - Min: -16.89% - Market Cap 9789 - Trading time: 00:15:38
08-09-2025 04:29:25.077 INFO Current price: 0.000000047605 - Current percentage: 24.47% - Max: 60.93% - Min: -16.89% - Market Cap 9887 - Trading time: 00:18:04






08-09-2025 04:31:20.916 INFO {"type":"summary","reason":"max_window","startedAt":"2025-09-08T02:11:20.912Z","endedAt":"2025-09-08T02:31:20.916Z","durationSec":1200,"entryPrice":4.0654505639338775e-8,"entryMarketCapSol":38.412055699152816,"entryMarketCapUsd":7943.22899802781,"minPct":-16.89255093962507,"maxPct":60.92660813052383,"buyCount":36,"sellCount":28,"tradeCount":64,"entryRecorded":true,"noPostThresholdTrades":false,"triggerAt":"2025-09-08T02:11:20.912Z","ageAtTriggerSec":91,"preTotalTrades":31,"preBuys":22,"preSells":9,"preUniqueTraders":22,"preEntryTotalTrades":32,"preEntryBuys":22,"preEntrySells":10,"preEntryUniqueTraders":22,"preEntryMinMcUsd":6366.765871679674,"preEntryMaxMcUsd":9754.433663483944,"thresholdMcSol":38.412055699152816,"thresholdMcUsd":7943.22899802781,"thresholdPrice":4.0654505639338775e-8}
