07-09-2025 19:25:28.628 INFO Entry price: 0.000000041948873651 - Entry market cap: 8060 - Buys 14 - Sells 10 - Ratio: 1:0.71 - Min MarketCap: 7377 - Max MarketCap: 9171
07-09-2025 19:25:28.628 INFO Current price: 0.000000041949 - Current percentage: 0.00% - Max: 0.00% - Min: 0.00% - Market Cap 8060 - Trading time: 00:00:02
07-09-2025 19:25:28.830 INFO Current price: 0.000000039577 - Current percentage: -0.78% - Max: 0.00% - Min: -0.78% - Market Cap 7998 - Trading time: 00:00:02
07-09-2025 19:25:31.589 INFO Current price: 0.000000040778 - Current percentage: 6.45% - Max: 6.45% - Min: -0.78% - Market Cap 8581 - Trading time: 00:00:04
07-09-2025 19:25:31.837 INFO Current price: 0.000000042286 - Current percentage: 6.70% - Max: 6.70% - Min: -0.78% - Market Cap 8600 - Trading time: 00:00:05
07-09-2025 19:25:33.040 INFO Current price: 0.000000043627 - Current percentage: 13.31% - Max: 13.31% - Min: -0.78% - Market Cap 9133 - Trading time: 00:00:06
07-09-2025 19:25:33.273 INFO Current price: 0.000000044906 - Current percentage: 13.04% - Max: 13.31% - Min: -0.78% - Market Cap 9112 - Trading time: 00:00:06
07-09-2025 19:25:34.136 INFO Current price: 0.000000044968 - Current percentage: 13.63% - Max: 13.63% - Min: -0.78% - Market Cap 9159 - Trading time: 00:00:07
07-09-2025 19:25:34.738 INFO Current price: 0.000000044780 - Current percentage: 12.10% - Max: 13.63% - Min: -0.78% - Market Cap 9036 - Trading time: 00:00:08
07-09-2025 19:25:35.142 INFO Current price: 0.000000046003 - Current percentage: 19.92% - Max: 19.92% - Min: -0.78% - Market Cap 9666 - Trading time: 00:00:08
07-09-2025 19:25:35.432 INFO Current price: 0.000000047085 - Current percentage: 17.43% - Max: 19.92% - Min: -0.78% - Market Cap 9466 - Trading time: 00:00:08
07-09-2025 19:25:35.924 INFO Current price: 0.000000046526 - Current percentage: 17.09% - Max: 19.92% - Min: -0.78% - Market Cap 9438 - Trading time: 00:00:09
07-09-2025 19:25:36.628 INFO Current price: 0.000000046336 - Current percentage: 16.48% - Max: 19.92% - Min: -0.78% - Market Cap 9389 - Trading time: 00:00:10
07-09-2025 19:25:37.035 INFO Current price: 0.000000047487 - Current percentage: 22.97% - Max: 22.97% - Min: -0.78% - Market Cap 9912 - Trading time: 00:00:10
07-09-2025 19:25:37.879 INFO Current price: 0.000000047952 - Current percentage: 18.77% - Max: 22.97% - Min: -0.78% - Market Cap 9574 - Trading time: 00:00:11
07-09-2025 19:25:39.904 INFO Current price: 0.000000046801 - Current percentage: 17.14% - Max: 22.97% - Min: -0.78% - Market Cap 9442 - Trading time: 00:00:13
07-09-2025 19:25:40.307 INFO Current price: 0.000000046438 - Current percentage: 16.94% - Max: 22.97% - Min: -0.78% - Market Cap 9426 - Trading time: 00:00:13
07-09-2025 19:25:41.421 INFO Current price: 0.000000045052 - Current percentage: 10.25% - Max: 22.97% - Min: -0.78% - Market Cap 8887 - Trading time: 00:00:14
07-09-2025 19:25:42.062 INFO Current price: 0.000000042515 - Current percentage: 4.14% - Max: 22.97% - Min: -0.78% - Market Cap 8394 - Trading time: 00:00:15
07-09-2025 19:25:42.062 INFO Current price: 0.000000041218 - Current percentage: 3.63% - Max: 22.97% - Min: -0.78% - Market Cap 8353 - Trading time: 00:00:15
07-09-2025 19:25:45.368 INFO Current price: 0.000000040044 - Current percentage: -1.71% - Max: 22.97% - Min: -1.71% - Market Cap 7923 - Trading time: 00:00:18
07-09-2025 19:25:45.371 INFO Current price: 0.000000037825 - Current percentage: -7.54% - Max: 22.97% - Min: -7.54% - Market Cap 7453 - Trading time: 00:00:18
07-09-2025 19:25:45.371 INFO Current price: 0.000000035778 - Current percentage: -12.06% - Max: 22.97% - Min: -12.06% - Market Cap 7088 - Trading time: 00:00:18
07-09-2025 19:25:45.374 INFO Current price: 0.000000033982 - Current percentage: -16.59% - Max: 22.97% - Min: -16.59% - Market Cap 6723 - Trading time: 00:00:18
07-09-2025 19:25:45.375 INFO Current price: 0.000000032363 - Current percentage: -20.24% - Max: 22.97% - Min: -20.24% - Market Cap 6429 - Trading time: 00:00:18
07-09-2025 19:25:45.377 INFO Current price: 0.000000030695 - Current percentage: -24.96% - Max: 22.97% - Min: -24.96% - Market Cap 6048 - Trading time: 00:00:18
07-09-2025 19:25:45.383 INFO Current price: 0.000000029051 - Current percentage: -28.56% - Max: 22.97% - Min: -28.56% - Market Cap 5759 - Trading time: 00:00:18
07-09-2025 19:25:46.223 INFO Current price: 0.000000028243 - Current percentage: -29.08% - Max: 22.97% - Min: -29.08% - Market Cap 5716 - Trading time: 00:00:19
07-09-2025 19:25:46.744 INFO Current price: 0.000000028148 - Current percentage: -29.03% - Max: 22.97% - Min: -29.08% - Market Cap 5720 - Trading time: 00:00:20
07-09-2025 19:25:47.527 INFO Current price: 0.000000028067 - Current percentage: -29.49% - Max: 22.97% - Min: -29.49% - Market Cap 5684 - Trading time: 00:00:20
07-09-2025 19:28:10.157 INFO Current price: 0.000000027986 - Current percentage: -29.44% - Max: 22.97% - Min: -29.49% - Market Cap 5687 - Trading time: 00:02:43
07-09-2025 19:28:18.944 INFO Current price: 0.000000027986 - Current percentage: -29.49% - Max: 22.97% - Min: -29.49% - Market Cap 5684 - Trading time: 00:02:52






07-09-2025 19:38:18.946 INFO {"type":"summary","reason":"inactivity","startedAt":"2025-09-07T17:25:26.627Z","endedAt":"2025-09-07T17:38:18.946Z","durationSec":772,"entryPrice":4.194887365144479e-8,"entryMarketCapSol":39.67739615647083,"entryMarketCapUsd":8060.463029187049,"minPct":-29.488442779196355,"maxPct":22.974659098817366,"buyCount":9,"sellCount":22,"tradeCount":31,"entryRecorded":true,"noPostThresholdTrades":false,"triggerAt":"2025-09-07T17:25:26.626Z","ageAtTriggerSec":9,"preTotalTrades":23,"preBuys":13,"preSells":10,"preUniqueTraders":16,"preEntryTotalTrades":24,"preEntryBuys":14,"preEntrySells":10,"preEntryUniqueTraders":17,"preEntryMinMcUsd":7376.926278380938,"preEntryMaxMcUsd":9170.70139688413,"thresholdMcSol":39.67739615647083,"thresholdMcUsd":8060.463029187049,"thresholdPrice":4.194887365144479e-8}
