08-09-2025 06:39:44.963 INFO Entry price: 0.000000035449042937 - Entry market cap: 7069 - Buys 10 - Sells 1 - Ratio: 1:0.10 - Min MarketCap: 6288 - Max MarketCap: 7701
08-09-2025 06:39:44.963 INFO Current price: 0.000000035449 - Current percentage: 0.00% - Max: 0.00% - Min: 0.00% - Market Cap 7069 - Trading time: 00:00:02
08-09-2025 06:39:45.443 INFO Current price: 0.000000034667 - Current percentage: 4.18% - Max: 4.18% - Min: 0.00% - Market Cap 7365 - Trading time: 00:00:02
08-09-2025 06:39:48.346 INFO Current price: 0.000000035656 - Current percentage: 5.79% - Max: 5.79% - Min: 0.00% - Market Cap 7479 - Trading time: 00:00:05
08-09-2025 06:39:53.439 INFO Current price: 0.000000035912 - Current percentage: 5.68% - Max: 5.79% - Min: 0.00% - Market Cap 7471 - Trading time: 00:00:10
08-09-2025 06:40:02.379 INFO Current price: 0.000000035826 - Current percentage: 4.68% - Max: 5.79% - Min: 0.00% - Market Cap 7400 - Trading time: 00:00:19
08-09-2025 06:40:06.224 INFO Current price: 0.000000034830 - Current percentage: 0.46% - Max: 5.79% - Min: 0.00% - Market Cap 7102 - Trading time: 00:00:23
08-09-2025 06:40:09.393 INFO Current price: 0.000000033745 - Current percentage: -1.74% - Max: 5.79% - Min: -1.74% - Market Cap 6946 - Trading time: 00:00:26
08-09-2025 06:40:10.157 INFO Current price: 0.000000032901 - Current percentage: -4.50% - Max: 5.79% - Min: -4.50% - Market Cap 6751 - Trading time: 00:00:27
08-09-2025 06:40:11.210 INFO Current price: 0.000000032257 - Current percentage: -5.03% - Max: 5.79% - Min: -5.03% - Market Cap 6714 - Trading time: 00:00:28
08-09-2025 06:40:47.150 INFO Current price: 0.000000032331 - Current percentage: -4.59% - Max: 5.79% - Min: -5.03% - Market Cap 6745 - Trading time: 00:01:04
08-09-2025 06:40:50.170 INFO Current price: 0.000000032502 - Current percentage: -4.01% - Max: 5.79% - Min: -5.03% - Market Cap 6786 - Trading time: 00:01:07
08-09-2025 06:40:51.986 INFO Current price: 0.000000033585 - Current percentage: 1.87% - Max: 5.79% - Min: -5.03% - Market Cap 7201 - Trading time: 00:01:09
08-09-2025 06:40:52.130 INFO Current price: 0.000000035612 - Current percentage: 7.92% - Max: 7.92% - Min: -5.03% - Market Cap 7629 - Trading time: 00:01:09
08-09-2025 06:41:00.316 INFO Current price: 0.000000034464 - Current percentage: -4.59% - Max: 7.92% - Min: -5.03% - Market Cap 6745 - Trading time: 00:01:17
08-09-2025 06:44:39.638 INFO Current price: 0.000000032331 - Current percentage: -5.03% - Max: 7.92% - Min: -5.03% - Market Cap 6714 - Trading time: 00:04:56
08-09-2025 06:45:01.070 INFO Current price: 0.000000032257 - Current percentage: -5.03% - Max: 7.92% - Min: -5.03% - Market Cap 6714 - Trading time: 00:05:18
08-09-2025 06:45:08.041 INFO Current price: 0.000000030987 - Current percentage: -12.36% - Max: 7.92% - Min: -12.36% - Market Cap 6196 - Trading time: 00:05:25
08-09-2025 06:45:08.046 INFO Current price: 0.000000028899 - Current percentage: -17.39% - Max: 7.92% - Min: -17.39% - Market Cap 5840 - Trading time: 00:05:25
08-09-2025 06:45:08.278 INFO Current price: 0.000000028043 - Current percentage: -17.48% - Max: 7.92% - Min: -17.48% - Market Cap 5834 - Trading time: 00:05:25
08-09-2025 06:45:08.423 INFO Current price: 0.000000027994 - Current percentage: -17.68% - Max: 7.92% - Min: -17.68% - Market Cap 5819 - Trading time: 00:05:25






08-09-2025 06:55:08.425 INFO {"type":"summary","reason":"inactivity","startedAt":"2025-09-08T04:39:42.962Z","endedAt":"2025-09-08T04:55:08.425Z","durationSec":925,"entryPrice":3.544904293717907e-8,"entryMarketCapSol":33.96416048096506,"entryMarketCapUsd":7069.300362508067,"minPct":-17.680893387886776,"maxPct":7.924256981075733,"buyCount":6,"sellCount":13,"tradeCount":19,"entryRecorded":true,"noPostThresholdTrades":false,"triggerAt":"2025-09-08T04:39:42.962Z","ageAtTriggerSec":18,"preTotalTrades":11,"preBuys":10,"preSells":1,"preUniqueTraders":10,"preEntryTotalTrades":11,"preEntryBuys":10,"preEntrySells":1,"preEntryUniqueTraders":10,"preEntryMinMcUsd":6288.270686959723,"preEntryMaxMcUsd":7700.939207262791,"thresholdMcSol":33.96416048096506,"thresholdMcUsd":7069.300362508067,"thresholdPrice":3.544904293717907e-8}
