08-09-2025 12:44:24.322 INFO Entry price: 0.000000068642117678 - Entry market cap: 14201 - Buys 62 - Sells 49 - Ratio: 1:0.79 - Min MarketCap: 11907 - Max MarketCap: 15732
08-09-2025 12:44:24.322 INFO Current price: 0.000000068642 - Current percentage: 0.00% - Max: 0.00% - Min: 0.00% - Market Cap 14201 - Trading time: 00:00:02
08-09-2025 12:44:56.912 INFO Current price: 0.000000066527 - Current percentage: -0.12% - Max: 0.00% - Min: -0.12% - Market Cap 14184 - Trading time: 00:00:34
08-09-2025 12:45:24.543 INFO Current price: 0.000000066145 - Current percentage: -1.14% - Max: 0.00% - Min: -1.14% - Market Cap 14039 - Trading time: 00:01:02
08-09-2025 12:46:46.832 INFO Current price: 0.000000066591 - Current percentage: 1.23% - Max: 1.23% - Min: -1.14% - Market Cap 14376 - Trading time: 00:02:24
08-09-2025 12:46:49.772 INFO Current price: 0.000000066591 - Current percentage: -1.14% - Max: 1.23% - Min: -1.14% - Market Cap 14039 - Trading time: 00:02:27
08-09-2025 12:47:01.878 INFO Current price: 0.000000066591 - Current percentage: 1.23% - Max: 1.23% - Min: -1.14% - Market Cap 14376 - Trading time: 00:02:39
08-09-2025 12:47:04.323 INFO Current price: 0.000000066591 - Current percentage: -1.14% - Max: 1.23% - Min: -1.14% - Market Cap 14039 - Trading time: 00:02:42
08-09-2025 12:47:11.686 INFO Current price: 0.000000066591 - Current percentage: 1.56% - Max: 1.56% - Min: -1.14% - Market Cap 14423 - Trading time: 00:02:49
08-09-2025 12:47:14.007 INFO Current price: 0.000000066591 - Current percentage: -0.82% - Max: 1.56% - Min: -1.14% - Market Cap 14084 - Trading time: 00:02:51
08-09-2025 12:47:18.296 INFO Current price: 0.000000066591 - Current percentage: 1.56% - Max: 1.56% - Min: -1.14% - Market Cap 14423 - Trading time: 00:02:55
08-09-2025 12:47:20.487 INFO Current price: 0.000000066591 - Current percentage: -0.82% - Max: 1.56% - Min: -1.14% - Market Cap 14084 - Trading time: 00:02:58
08-09-2025 12:47:40.761 INFO Current price: 0.000000066639 - Current percentage: 1.71% - Max: 1.71% - Min: -1.14% - Market Cap 14444 - Trading time: 00:03:18
08-09-2025 12:47:45.767 INFO Current price: 0.000000066639 - Current percentage: -0.82% - Max: 1.71% - Min: -1.14% - Market Cap 14084 - Trading time: 00:03:23
08-09-2025 12:47:57.813 INFO Current price: 0.000000066639 - Current percentage: 1.71% - Max: 1.71% - Min: -1.14% - Market Cap 14444 - Trading time: 00:03:35
08-09-2025 12:48:16.574 INFO Current price: 0.000000067457 - Current percentage: 1.62% - Max: 1.71% - Min: -1.14% - Market Cap 14432 - Trading time: 00:03:54
08-09-2025 12:48:55.744 INFO Current price: 0.000000067471 - Current percentage: 1.75% - Max: 1.75% - Min: -1.14% - Market Cap 14450 - Trading time: 00:04:33
08-09-2025 12:49:15.190 INFO Current price: 0.000000068383 - Current percentage: 4.39% - Max: 4.39% - Min: -1.14% - Market Cap 14824 - Trading time: 00:04:52
08-09-2025 12:49:20.470 INFO Current price: 0.000000068383 - Current percentage: 1.75% - Max: 4.39% - Min: -1.14% - Market Cap 14450 - Trading time: 00:04:58
08-09-2025 12:49:27.721 INFO Current price: 0.000000068383 - Current percentage: 4.39% - Max: 4.39% - Min: -1.14% - Market Cap 14824 - Trading time: 00:05:05
08-09-2025 12:49:30.854 INFO Current price: 0.000000069218 - Current percentage: 4.25% - Max: 4.39% - Min: -1.14% - Market Cap 14805 - Trading time: 00:05:08
08-09-2025 12:49:32.790 INFO Current price: 0.000000068296 - Current percentage: 1.62% - Max: 4.39% - Min: -1.14% - Market Cap 14432 - Trading time: 00:05:10
08-09-2025 12:49:40.723 INFO Current price: 0.000000068261 - Current percentage: 4.15% - Max: 4.39% - Min: -1.14% - Market Cap 14790 - Trading time: 00:05:18
08-09-2025 12:49:46.896 INFO Current price: 0.000000068261 - Current percentage: 1.62% - Max: 4.39% - Min: -1.14% - Market Cap 14432 - Trading time: 00:05:24
08-09-2025 12:49:51.146 INFO Current price: 0.000000068261 - Current percentage: 4.15% - Max: 4.39% - Min: -1.14% - Market Cap 14790 - Trading time: 00:05:28
08-09-2025 12:49:56.938 INFO Current price: 0.000000068261 - Current percentage: 1.62% - Max: 4.39% - Min: -1.14% - Market Cap 14432 - Trading time: 00:05:34
08-09-2025 12:50:14.393 INFO Current price: 0.000000066616 - Current percentage: -0.81% - Max: 4.39% - Min: -1.14% - Market Cap 14086 - Trading time: 00:05:52
08-09-2025 12:50:50.438 INFO Current price: 0.000000066616 - Current percentage: 1.62% - Max: 4.39% - Min: -1.14% - Market Cap 14432 - Trading time: 00:06:28
08-09-2025 12:50:55.446 INFO Current price: 0.000000066616 - Current percentage: -0.81% - Max: 4.39% - Min: -1.14% - Market Cap 14086 - Trading time: 00:06:33
08-09-2025 12:51:01.217 INFO Current price: 0.000000066616 - Current percentage: 1.62% - Max: 4.39% - Min: -1.14% - Market Cap 14432 - Trading time: 00:06:38
08-09-2025 12:51:06.087 INFO Current price: 0.000000066616 - Current percentage: -0.81% - Max: 4.39% - Min: -1.14% - Market Cap 14086 - Trading time: 00:06:43
08-09-2025 12:51:12.300 INFO Current price: 0.000000066179 - Current percentage: 0.30% - Max: 4.39% - Min: -1.14% - Market Cap 14243 - Trading time: 00:06:49
08-09-2025 12:51:17.586 INFO Current price: 0.000000066179 - Current percentage: -0.81% - Max: 4.39% - Min: -1.14% - Market Cap 14086 - Trading time: 00:06:55
08-09-2025 12:51:21.150 INFO Current price: 0.000000065826 - Current percentage: -0.77% - Max: 4.39% - Min: -1.14% - Market Cap 14092 - Trading time: 00:06:58
08-09-2025 12:51:24.888 INFO Current price: 0.000000066207 - Current percentage: 0.34% - Max: 4.39% - Min: -1.14% - Market Cap 14249 - Trading time: 00:07:02
08-09-2025 12:51:29.835 INFO Current price: 0.000000066207 - Current percentage: -0.77% - Max: 4.39% - Min: -1.14% - Market Cap 14092 - Trading time: 00:07:07
08-09-2025 12:57:02.890 INFO Current price: 0.000000066267 - Current percentage: 0.52% - Max: 4.39% - Min: -1.14% - Market Cap 14275 - Trading time: 00:12:40
08-09-2025 12:57:10.381 INFO Current price: 0.000000066267 - Current percentage: -0.28% - Max: 4.39% - Min: -1.14% - Market Cap 14162 - Trading time: 00:12:48
08-09-2025 12:57:15.723 INFO Current price: 0.000000065841 - Current percentage: -0.28% - Max: 4.39% - Min: -1.14% - Market Cap 14162 - Trading time: 00:12:53
08-09-2025 12:57:15.737 INFO Current price: 0.000000065841 - Current percentage: -0.28% - Max: 4.39% - Min: -1.14% - Market Cap 14162 - Trading time: 00:12:53
08-09-2025 12:57:16.062 INFO Current price: 0.000000065843 - Current percentage: -0.27% - Max: 4.39% - Min: -1.14% - Market Cap 14162 - Trading time: 00:12:53
08-09-2025 12:57:48.997 INFO Current price: 0.000000066271 - Current percentage: 1.02% - Max: 4.39% - Min: -1.14% - Market Cap 14347 - Trading time: 00:13:26
08-09-2025 12:58:19.768 INFO Current price: 0.000000066701 - Current percentage: 1.03% - Max: 4.39% - Min: -1.14% - Market Cap 14347 - Trading time: 00:13:57
08-09-2025 12:58:20.018 INFO Current price: 0.000000066701 - Current percentage: 1.03% - Max: 4.39% - Min: -1.14% - Market Cap 14347 - Trading time: 00:13:57
08-09-2025 12:58:20.389 INFO Current price: 0.000000066703 - Current percentage: 1.03% - Max: 4.39% - Min: -1.14% - Market Cap 14347 - Trading time: 00:13:58
08-09-2025 12:59:29.700 INFO Current price: 0.000000066704 - Current percentage: 1.03% - Max: 4.39% - Min: -1.14% - Market Cap 14347 - Trading time: 00:15:07
08-09-2025 12:59:29.902 INFO Current price: 0.000000066705 - Current percentage: 1.03% - Max: 4.39% - Min: -1.14% - Market Cap 14348 - Trading time: 00:15:07
08-09-2025 12:59:32.862 INFO Current price: 0.000000043479 - Current percentage: -57.08% - Max: 4.39% - Min: -57.08% - Market Cap 6096 - Trading time: 00:15:10
08-09-2025 12:59:33.875 INFO Current price: 0.000000028340 - Current percentage: -57.08% - Max: 4.39% - Min: -57.08% - Market Cap 6096 - Trading time: 00:15:11






08-09-2025 13:04:22.327 INFO {"type":"summary","reason":"max_window","startedAt":"2025-09-08T10:44:22.321Z","endedAt":"2025-09-08T11:04:22.327Z","durationSec":1200,"entryPrice":6.864211767847325e-8,"entryMarketCapSol":66.56536920941605,"entryMarketCapUsd":14201.05586713682,"minPct":-57.07584115895431,"maxPct":4.389201136489755,"buyCount":26,"sellCount":21,"tradeCount":47,"entryRecorded":true,"noPostThresholdTrades":false,"triggerAt":"2025-09-08T10:44:22.320Z","ageAtTriggerSec":726,"preTotalTrades":111,"preBuys":62,"preSells":49,"preUniqueTraders":30,"preEntryTotalTrades":111,"preEntryBuys":62,"preEntrySells":49,"preEntryUniqueTraders":30,"preEntryMinMcUsd":11907.324023578585,"preEntryMaxMcUsd":15732.137382583658,"thresholdMcSol":66.56536920941605,"thresholdMcUsd":14201.05586713682,"thresholdPrice":6.864211767847325e-8}
