07-09-2025 19:59:45.342 INFO Entry price: 0.000000047905974807 - Entry market cap: 8598 - Buys 9 - Sells 5 - Ratio: 1:0.56 - Min MarketCap: 7153 - Max MarketCap: 10907
07-09-2025 19:59:45.342 INFO Current price: 0.000000047906 - Current percentage: 0.00% - Max: 0.00% - Min: 0.00% - Market Cap 8598 - Trading time: 00:00:02
07-09-2025 19:59:46.727 INFO Current price: 0.000000039106 - Current percentage: -15.47% - Max: 0.00% - Min: -15.47% - Market Cap 7268 - Trading time: 00:00:03
07-09-2025 19:59:47.071 INFO Current price: 0.000000036874 - Current percentage: -11.09% - Max: 0.00% - Min: -15.47% - Market Cap 7645 - Trading time: 00:00:03
07-09-2025 19:59:47.102 INFO Current price: 0.000000038760 - Current percentage: -6.60% - Max: 0.00% - Min: -15.47% - Market Cap 8031 - Trading time: 00:00:03
07-09-2025 19:59:47.210 INFO Current price: 0.000000040427 - Current percentage: -3.28% - Max: 0.00% - Min: -15.47% - Market Cap 8316 - Trading time: 00:00:03
07-09-2025 19:59:47.233 INFO Current price: 0.000000041650 - Current percentage: -0.87% - Max: 0.00% - Min: -15.47% - Market Cap 8524 - Trading time: 00:00:03
07-09-2025 19:59:47.327 INFO Current price: 0.000000042731 - Current percentage: 1.81% - Max: 1.81% - Min: -15.47% - Market Cap 8754 - Trading time: 00:00:03
07-09-2025 19:59:47.411 INFO Current price: 0.000000043309 - Current percentage: 1.83% - Max: 1.83% - Min: -15.47% - Market Cap 8756 - Trading time: 00:00:04
07-09-2025 19:59:47.416 INFO Current price: 0.000000043335 - Current percentage: 1.93% - Max: 1.93% - Min: -15.47% - Market Cap 8764 - Trading time: 00:00:04
07-09-2025 19:59:47.416 INFO Current price: 0.000000043362 - Current percentage: 1.96% - Max: 1.96% - Min: -15.47% - Market Cap 8767 - Trading time: 00:00:04
07-09-2025 19:59:47.419 INFO Current price: 0.000000043368 - Current percentage: 1.96% - Max: 1.96% - Min: -15.47% - Market Cap 8767 - Trading time: 00:00:04
07-09-2025 19:59:47.422 INFO Current price: 0.000000043373 - Current percentage: 1.99% - Max: 1.99% - Min: -15.47% - Market Cap 8769 - Trading time: 00:00:04
07-09-2025 19:59:47.423 INFO Current price: 0.000000043400 - Current percentage: 2.09% - Max: 2.09% - Min: -15.47% - Market Cap 8778 - Trading time: 00:00:04
07-09-2025 19:59:47.427 INFO Current price: 0.000000043427 - Current percentage: 2.11% - Max: 2.11% - Min: -15.47% - Market Cap 8780 - Trading time: 00:00:04
07-09-2025 19:59:47.685 INFO Current price: 0.000000043437 - Current percentage: 2.14% - Max: 2.14% - Min: -15.47% - Market Cap 8782 - Trading time: 00:00:04
07-09-2025 19:59:47.688 INFO Current price: 0.000000043448 - Current percentage: 2.16% - Max: 2.16% - Min: -15.47% - Market Cap 8784 - Trading time: 00:00:04
07-09-2025 19:59:47.794 INFO Current price: 0.000000043454 - Current percentage: 2.16% - Max: 2.16% - Min: -15.47% - Market Cap 8784 - Trading time: 00:00:04
07-09-2025 19:59:49.282 INFO Current price: 0.000000043474 - Current percentage: 2.26% - Max: 2.26% - Min: -15.47% - Market Cap 8792 - Trading time: 00:00:05
07-09-2025 19:59:50.025 INFO Current price: 0.000000048040 - Current percentage: 24.75% - Max: 24.75% - Min: -15.47% - Market Cap 10726 - Trading time: 00:00:06
07-09-2025 19:59:50.066 INFO Current price: 0.000000053075 - Current percentage: 24.81% - Max: 24.81% - Min: -15.47% - Market Cap 10732 - Trading time: 00:00:06
07-09-2025 19:59:50.253 INFO Current price: 0.000000053087 - Current percentage: 24.81% - Max: 24.81% - Min: -15.47% - Market Cap 10732 - Trading time: 00:00:06
07-09-2025 19:59:52.308 INFO Current price: 0.000000053112 - Current percentage: 24.93% - Max: 24.93% - Min: -15.47% - Market Cap 10742 - Trading time: 00:00:08
07-09-2025 19:59:52.729 INFO Current price: 0.000000053135 - Current percentage: 24.92% - Max: 24.93% - Min: -15.47% - Market Cap 10741 - Trading time: 00:00:09
07-09-2025 19:59:52.735 INFO Current price: 0.000000053130 - Current percentage: 24.91% - Max: 24.93% - Min: -15.47% - Market Cap 10740 - Trading time: 00:00:09
07-09-2025 19:59:52.741 INFO Current price: 0.000000053126 - Current percentage: 24.89% - Max: 24.93% - Min: -15.47% - Market Cap 10739 - Trading time: 00:00:09
07-09-2025 19:59:52.741 INFO Current price: 0.000000053114 - Current percentage: 24.85% - Max: 24.93% - Min: -15.47% - Market Cap 10735 - Trading time: 00:00:09
07-09-2025 19:59:52.744 INFO Current price: 0.000000053104 - Current percentage: 24.85% - Max: 24.93% - Min: -15.47% - Market Cap 10735 - Trading time: 00:00:09
07-09-2025 19:59:52.744 INFO Current price: 0.000000053094 - Current percentage: 24.80% - Max: 24.93% - Min: -15.47% - Market Cap 10731 - Trading time: 00:00:09
07-09-2025 19:59:52.780 INFO Current price: 0.000000053082 - Current percentage: 24.79% - Max: 24.93% - Min: -15.47% - Market Cap 10730 - Trading time: 00:00:09
07-09-2025 19:59:52.780 INFO Current price: 0.000000053077 - Current percentage: 24.78% - Max: 24.93% - Min: -15.47% - Market Cap 10729 - Trading time: 00:00:09
07-09-2025 19:59:52.781 INFO Current price: 0.000000053072 - Current percentage: 24.77% - Max: 24.93% - Min: -15.47% - Market Cap 10728 - Trading time: 00:00:09
07-09-2025 19:59:53.564 INFO Current price: 0.000000053057 - Current percentage: 24.71% - Max: 24.93% - Min: -15.47% - Market Cap 10723 - Trading time: 00:00:10
07-09-2025 19:59:54.758 INFO Current price: 0.000000053035 - Current percentage: 24.67% - Max: 24.93% - Min: -15.47% - Market Cap 10719 - Trading time: 00:00:11
07-09-2025 19:59:57.295 INFO Current price: 0.000000054281 - Current percentage: 30.64% - Max: 30.64% - Min: -15.47% - Market Cap 11233 - Trading time: 00:00:13
07-09-2025 19:59:57.578 INFO Current price: 0.000000056850 - Current percentage: 36.75% - Max: 36.75% - Min: -15.47% - Market Cap 11758 - Trading time: 00:00:14
07-09-2025 19:59:57.686 INFO Current price: 0.000000058178 - Current percentage: 36.81% - Max: 36.81% - Min: -15.47% - Market Cap 11763 - Trading time: 00:00:14
07-09-2025 19:59:57.786 INFO Current price: 0.000000058849 - Current percentage: 39.92% - Max: 39.92% - Min: -15.47% - Market Cap 12031 - Trading time: 00:00:14
07-09-2025 19:59:58.142 INFO Current price: 0.000000059511 - Current percentage: 39.91% - Max: 39.92% - Min: -15.47% - Market Cap 12030 - Trading time: 00:00:14
07-09-2025 19:59:58.145 INFO Current price: 0.000000059506 - Current percentage: 39.89% - Max: 39.92% - Min: -15.47% - Market Cap 12028 - Trading time: 00:00:14
07-09-2025 19:59:58.146 INFO Current price: 0.000000059491 - Current percentage: 39.84% - Max: 39.92% - Min: -15.47% - Market Cap 12024 - Trading time: 00:00:14
07-09-2025 19:59:58.150 INFO Current price: 0.000000059477 - Current percentage: 39.83% - Max: 39.92% - Min: -15.47% - Market Cap 12023 - Trading time: 00:00:14
07-09-2025 19:59:58.151 INFO Current price: 0.000000059463 - Current percentage: 39.77% - Max: 39.92% - Min: -15.47% - Market Cap 12018 - Trading time: 00:00:14
07-09-2025 19:59:58.160 INFO Current price: 0.000000059451 - Current percentage: 39.77% - Max: 39.92% - Min: -15.47% - Market Cap 12018 - Trading time: 00:00:14
07-09-2025 19:59:58.161 INFO Current price: 0.000000059448 - Current percentage: 39.76% - Max: 39.92% - Min: -15.47% - Market Cap 12017 - Trading time: 00:00:14
07-09-2025 19:59:58.161 INFO Current price: 0.000000059442 - Current percentage: 39.74% - Max: 39.92% - Min: -15.47% - Market Cap 12016 - Trading time: 00:00:14
07-09-2025 19:59:58.327 INFO Current price: 0.000000059440 - Current percentage: 39.75% - Max: 39.92% - Min: -15.47% - Market Cap 12016 - Trading time: 00:00:14
07-09-2025 19:59:58.774 INFO Current price: 0.000000059437 - Current percentage: 39.73% - Max: 39.92% - Min: -15.47% - Market Cap 12015 - Trading time: 00:00:15
07-09-2025 19:59:59.209 INFO Current price: 0.000000059454 - Current percentage: 39.83% - Max: 39.92% - Min: -15.47% - Market Cap 12023 - Trading time: 00:00:15
07-09-2025 19:59:59.263 INFO Current price: 0.000000059463 - Current percentage: 39.77% - Max: 39.92% - Min: -15.47% - Market Cap 12018 - Trading time: 00:00:15
07-09-2025 20:00:02.541 INFO Current price: 0.000000059441 - Current percentage: 39.72% - Max: 39.92% - Min: -15.47% - Market Cap 12014 - Trading time: 00:00:19
07-09-2025 20:00:02.548 INFO Current price: 0.000000059418 - Current percentage: 39.67% - Max: 39.92% - Min: -15.47% - Market Cap 12009 - Trading time: 00:00:19
07-09-2025 20:00:02.598 INFO Current price: 0.000000059406 - Current percentage: 39.67% - Max: 39.92% - Min: -15.47% - Market Cap 12009 - Trading time: 00:00:19
07-09-2025 20:00:02.601 INFO Current price: 0.000000059403 - Current percentage: 39.65% - Max: 39.92% - Min: -15.47% - Market Cap 12008 - Trading time: 00:00:19
07-09-2025 20:00:02.601 INFO Current price: 0.000000059398 - Current percentage: 39.64% - Max: 39.92% - Min: -15.47% - Market Cap 12007 - Trading time: 00:00:19
07-09-2025 20:00:02.618 INFO Current price: 0.000000059392 - Current percentage: 39.63% - Max: 39.92% - Min: -15.47% - Market Cap 12006 - Trading time: 00:00:19
07-09-2025 20:00:02.634 INFO Current price: 0.000000059386 - Current percentage: 39.61% - Max: 39.92% - Min: -15.47% - Market Cap 12004 - Trading time: 00:00:19
07-09-2025 20:00:02.635 INFO Current price: 0.000000059381 - Current percentage: 39.60% - Max: 39.92% - Min: -15.47% - Market Cap 12003 - Trading time: 00:00:19
07-09-2025 20:00:03.224 INFO Current price: 0.000000059375 - Current percentage: 39.59% - Max: 39.92% - Min: -15.47% - Market Cap 12002 - Trading time: 00:00:19
07-09-2025 20:00:05.229 INFO Current price: 0.000000057282 - Current percentage: 29.93% - Max: 39.92% - Min: -15.47% - Market Cap 11172 - Trading time: 00:00:21
07-09-2025 20:00:05.727 INFO Current price: 0.000000054670 - Current percentage: 27.15% - Max: 39.92% - Min: -15.47% - Market Cap 10933 - Trading time: 00:00:22
07-09-2025 20:00:05.735 INFO Current price: 0.000000054145 - Current percentage: 27.45% - Max: 39.92% - Min: -15.47% - Market Cap 10958 - Trading time: 00:00:22
07-09-2025 20:00:05.897 INFO Current price: 0.000000054199 - Current percentage: 27.40% - Max: 39.92% - Min: -15.47% - Market Cap 10954 - Trading time: 00:00:22
07-09-2025 20:00:06.313 INFO Current price: 0.000000054177 - Current percentage: 27.34% - Max: 39.92% - Min: -15.47% - Market Cap 10949 - Trading time: 00:00:22
07-09-2025 20:00:06.456 INFO Current price: 0.000000054482 - Current percentage: 28.84% - Max: 39.92% - Min: -15.47% - Market Cap 11078 - Trading time: 00:00:23
07-09-2025 20:00:06.515 INFO Current price: 0.000000054862 - Current percentage: 29.13% - Max: 39.92% - Min: -15.47% - Market Cap 11103 - Trading time: 00:00:23
07-09-2025 20:00:07.310 INFO Current price: 0.000000054955 - Current percentage: 29.28% - Max: 39.92% - Min: -15.47% - Market Cap 11116 - Trading time: 00:00:23
07-09-2025 20:00:07.635 INFO Current price: 0.000000055626 - Current percentage: 32.30% - Max: 39.92% - Min: -15.47% - Market Cap 11376 - Trading time: 00:00:24
07-09-2025 20:00:08.417 INFO Current price: 0.000000056263 - Current percentage: 32.30% - Max: 39.92% - Min: -15.47% - Market Cap 11376 - Trading time: 00:00:25
07-09-2025 20:00:08.819 INFO Current price: 0.000000057566 - Current percentage: 38.45% - Max: 39.92% - Min: -15.47% - Market Cap 11904 - Trading time: 00:00:25
07-09-2025 20:00:09.586 INFO Current price: 0.000000058888 - Current percentage: 38.45% - Max: 39.92% - Min: -15.47% - Market Cap 11904 - Trading time: 00:00:26
07-09-2025 20:00:09.871 INFO Current price: 0.000000059540 - Current percentage: 41.53% - Max: 41.53% - Min: -15.47% - Market Cap 12169 - Trading time: 00:00:26
07-09-2025 20:00:09.880 INFO Current price: 0.000000060877 - Current percentage: 44.74% - Max: 44.74% - Min: -15.47% - Market Cap 12445 - Trading time: 00:00:26
07-09-2025 20:00:10.273 INFO Current price: 0.000000061833 - Current percentage: 46.01% - Max: 46.01% - Min: -15.47% - Market Cap 12554 - Trading time: 00:00:26
07-09-2025 20:00:11.843 INFO Current price: 0.000000062240 - Current percentage: 46.65% - Max: 46.65% - Min: -15.47% - Market Cap 12609 - Trading time: 00:00:28
07-09-2025 20:00:12.176 INFO Current price: 0.000000062443 - Current percentage: 46.96% - Max: 46.96% - Min: -15.47% - Market Cap 12636 - Trading time: 00:00:28
07-09-2025 20:00:12.595 INFO Current price: 0.000000062578 - Current percentage: 47.28% - Max: 47.28% - Min: -15.47% - Market Cap 12664 - Trading time: 00:00:29
07-09-2025 20:00:12.766 INFO Current price: 0.000000062627 - Current percentage: 47.19% - Max: 47.28% - Min: -15.47% - Market Cap 12656 - Trading time: 00:00:29
07-09-2025 20:00:14.043 INFO Current price: 0.000000062592 - Current percentage: 47.12% - Max: 47.28% - Min: -15.47% - Market Cap 12650 - Trading time: 00:00:30
07-09-2025 20:00:15.345 INFO Current price: 0.000000061875 - Current percentage: 43.84% - Max: 47.28% - Min: -15.47% - Market Cap 12368 - Trading time: 00:00:32
07-09-2025 20:00:15.349 INFO Current price: 0.000000060505 - Current percentage: 40.68% - Max: 47.28% - Min: -15.47% - Market Cap 12096 - Trading time: 00:00:32
07-09-2025 20:00:17.172 INFO Current price: 0.000000058967 - Current percentage: 36.62% - Max: 47.28% - Min: -15.47% - Market Cap 11747 - Trading time: 00:00:33
07-09-2025 20:00:18.116 INFO Current price: 0.000000057432 - Current percentage: 33.45% - Max: 47.28% - Min: -15.47% - Market Cap 11474 - Trading time: 00:00:34
07-09-2025 20:00:18.958 INFO Current price: 0.000000056723 - Current percentage: 33.27% - Max: 47.28% - Min: -15.47% - Market Cap 11459 - Trading time: 00:00:35
07-09-2025 20:00:19.590 INFO Current price: 0.000000057934 - Current percentage: 39.21% - Max: 47.28% - Min: -15.47% - Market Cap 11970 - Trading time: 00:00:36
07-09-2025 20:00:19.591 INFO Current price: 0.000000060587 - Current percentage: 45.75% - Max: 47.28% - Min: -15.47% - Market Cap 12532 - Trading time: 00:00:36
07-09-2025 20:00:21.453 INFO Current price: 0.000000061610 - Current percentage: 43.95% - Max: 47.28% - Min: -15.47% - Market Cap 12377 - Trading time: 00:00:38
07-09-2025 20:00:21.512 INFO Current price: 0.000000063926 - Current percentage: 56.91% - Max: 56.91% - Min: -15.47% - Market Cap 13492 - Trading time: 00:00:38
07-09-2025 20:00:21.524 INFO Current price: 0.000000069558 - Current percentage: 70.43% - Max: 70.43% - Min: -15.47% - Market Cap 14654 - Trading time: 00:00:38
07-09-2025 20:00:21.860 INFO Current price: 0.000000072567 - Current percentage: 70.79% - Max: 70.79% - Min: -15.47% - Market Cap 14685 - Trading time: 00:00:38
07-09-2025 20:00:21.860 INFO Current price: 0.000000072701 - Current percentage: 71.06% - Max: 71.06% - Min: -15.47% - Market Cap 14708 - Trading time: 00:00:38
07-09-2025 20:00:21.911 INFO Current price: 0.000000072775 - Current percentage: 71.06% - Max: 71.06% - Min: -15.47% - Market Cap 14708 - Trading time: 00:00:38
07-09-2025 20:00:22.381 INFO Current price: 0.000000074338 - Current percentage: 78.56% - Max: 78.56% - Min: -15.47% - Market Cap 15353 - Trading time: 00:00:39
07-09-2025 20:00:22.397 INFO Current price: 0.000000077341 - Current percentage: 85.16% - Max: 85.16% - Min: -15.47% - Market Cap 15921 - Trading time: 00:00:39
07-09-2025 20:00:24.130 INFO Current price: 0.000000078766 - Current percentage: 85.20% - Max: 85.20% - Min: -15.47% - Market Cap 15924 - Trading time: 00:00:40
07-09-2025 20:00:29.554 INFO Current price: 0.000000078789 - Current percentage: 85.27% - Max: 85.27% - Min: -15.47% - Market Cap 15930 - Trading time: 00:00:46
07-09-2025 20:00:29.945 INFO Current price: 0.000000072175 - Current percentage: 55.41% - Max: 85.27% - Min: -15.47% - Market Cap 13363 - Trading time: 00:00:46
07-09-2025 20:00:31.423 INFO Current price: 0.000000063941 - Current percentage: 45.41% - Max: 85.27% - Min: -15.47% - Market Cap 12503 - Trading time: 00:00:48
07-09-2025 20:00:31.425 INFO Current price: 0.000000060342 - Current percentage: 38.41% - Max: 85.27% - Min: -15.47% - Market Cap 11901 - Trading time: 00:00:48
07-09-2025 20:00:31.427 INFO Current price: 0.000000057138 - Current percentage: 30.37% - Max: 85.27% - Min: -15.47% - Market Cap 11210 - Trading time: 00:00:48
07-09-2025 20:00:31.546 INFO Current price: 0.000000055584 - Current percentage: 30.98% - Max: 85.27% - Min: -15.47% - Market Cap 11262 - Trading time: 00:00:48
07-09-2025 20:00:31.592 INFO Current price: 0.000000054593 - Current percentage: 25.77% - Max: 85.27% - Min: -15.47% - Market Cap 10814 - Trading time: 00:00:48
07-09-2025 20:00:31.597 INFO Current price: 0.000000052710 - Current percentage: 22.11% - Max: 85.27% - Min: -15.47% - Market Cap 10499 - Trading time: 00:00:48
07-09-2025 20:00:32.000 INFO Current price: 0.000000051986 - Current percentage: 22.34% - Max: 85.27% - Min: -15.47% - Market Cap 10519 - Trading time: 00:00:48
07-09-2025 20:00:32.048 INFO Current price: 0.000000053278 - Current percentage: 28.25% - Max: 85.27% - Min: -15.47% - Market Cap 11027 - Trading time: 00:00:48
07-09-2025 20:00:32.120 INFO Current price: 0.000000054551 - Current percentage: 28.25% - Max: 85.27% - Min: -15.47% - Market Cap 11027 - Trading time: 00:00:48
07-09-2025 20:00:32.414 INFO Current price: 0.000000054513 - Current percentage: 28.07% - Max: 85.27% - Min: -15.47% - Market Cap 11012 - Trading time: 00:00:49
07-09-2025 20:00:32.414 INFO Current price: 0.000000054426 - Current percentage: 27.84% - Max: 85.27% - Min: -15.47% - Market Cap 10992 - Trading time: 00:00:49
07-09-2025 20:00:32.602 INFO Current price: 0.000000054393 - Current percentage: 27.84% - Max: 85.27% - Min: -15.47% - Market Cap 10992 - Trading time: 00:00:49
07-09-2025 20:00:32.869 INFO Current price: 0.000000054886 - Current percentage: 30.24% - Max: 85.27% - Min: -15.47% - Market Cap 11199 - Trading time: 00:00:49
07-09-2025 20:00:32.998 INFO Current price: 0.000000055565 - Current percentage: 31.03% - Max: 85.27% - Min: -15.47% - Market Cap 11266 - Trading time: 00:00:49
07-09-2025 20:00:33.287 INFO Current price: 0.000000055861 - Current percentage: 31.64% - Max: 85.27% - Min: -15.47% - Market Cap 11318 - Trading time: 00:00:49
07-09-2025 20:00:33.607 INFO Current price: 0.000000056042 - Current percentage: 31.88% - Max: 85.27% - Min: -15.47% - Market Cap 11339 - Trading time: 00:00:50
07-09-2025 20:00:34.207 INFO Current price: 0.000000056128 - Current percentage: 32.04% - Max: 85.27% - Min: -15.47% - Market Cap 11353 - Trading time: 00:00:50
07-09-2025 20:00:34.337 INFO Current price: 0.000000056292 - Current percentage: 32.65% - Max: 85.27% - Min: -15.47% - Market Cap 11406 - Trading time: 00:00:50
07-09-2025 20:00:36.113 INFO Current price: 0.000000056358 - Current percentage: 32.35% - Max: 85.27% - Min: -15.47% - Market Cap 11380 - Trading time: 00:00:52
07-09-2025 20:00:36.296 INFO Current price: 0.000000056424 - Current percentage: 32.96% - Max: 85.27% - Min: -15.47% - Market Cap 11432 - Trading time: 00:00:52
07-09-2025 20:00:36.300 INFO Current price: 0.000000056436 - Current percentage: 32.41% - Max: 85.27% - Min: -15.47% - Market Cap 11385 - Trading time: 00:00:52
07-09-2025 20:00:37.337 INFO Current price: 0.000000055066 - Current percentage: 26.58% - Max: 85.27% - Min: -15.47% - Market Cap 10884 - Trading time: 00:00:53
07-09-2025 20:00:38.417 INFO Current price: 0.000000053824 - Current percentage: 26.50% - Max: 85.27% - Min: -15.47% - Market Cap 10877 - Trading time: 00:00:55
07-09-2025 20:00:38.874 INFO Current price: 0.000000053683 - Current percentage: 25.92% - Max: 85.27% - Min: -15.47% - Market Cap 10827 - Trading time: 00:00:55
07-09-2025 20:00:39.042 INFO Current price: 0.000000052322 - Current percentage: 20.17% - Max: 85.27% - Min: -15.47% - Market Cap 10332 - Trading time: 00:00:55
07-09-2025 20:00:40.955 INFO Current price: 0.000000050999 - Current percentage: 19.64% - Max: 85.27% - Min: -15.47% - Market Cap 10287 - Trading time: 00:00:57
07-09-2025 20:00:41.462 INFO Current price: 0.000000049823 - Current percentage: 14.69% - Max: 85.27% - Min: -15.47% - Market Cap 9861 - Trading time: 00:00:58
07-09-2025 20:00:45.582 INFO Current price: 0.000000048777 - Current percentage: 14.67% - Max: 85.27% - Min: -15.47% - Market Cap 9860 - Trading time: 00:01:02
07-09-2025 20:00:46.455 INFO Current price: 0.000000048747 - Current percentage: 14.54% - Max: 85.27% - Min: -15.47% - Market Cap 9849 - Trading time: 00:01:03
07-09-2025 20:00:47.621 INFO Current price: 0.000000048678 - Current percentage: 14.35% - Max: 85.27% - Min: -15.47% - Market Cap 9832 - Trading time: 00:01:04
07-09-2025 20:00:47.897 INFO Current price: 0.000000048214 - Current percentage: 12.37% - Max: 85.27% - Min: -15.47% - Market Cap 9662 - Trading time: 00:01:04
07-09-2025 20:00:48.072 INFO Current price: 0.000000047695 - Current percentage: 11.90% - Max: 85.27% - Min: -15.47% - Market Cap 9621 - Trading time: 00:01:04
07-09-2025 20:00:49.134 INFO Current price: 0.000000047494 - Current percentage: 11.43% - Max: 85.27% - Min: -15.47% - Market Cap 9581 - Trading time: 00:01:05
07-09-2025 20:00:53.115 INFO Current price: 0.000000047350 - Current percentage: 11.22% - Max: 85.27% - Min: -15.47% - Market Cap 9563 - Trading time: 00:01:09
07-09-2025 20:00:54.136 INFO Current price: 0.000000045601 - Current percentage: 3.34% - Max: 85.27% - Min: -15.47% - Market Cap 8886 - Trading time: 00:01:10
07-09-2025 20:00:54.158 INFO Current price: 0.000000042566 - Current percentage: -3.09% - Max: 85.27% - Min: -15.47% - Market Cap 8332 - Trading time: 00:01:10
07-09-2025 20:00:54.876 INFO Current price: 0.000000041112 - Current percentage: -3.59% - Max: 85.27% - Min: -15.47% - Market Cap 8289 - Trading time: 00:01:11
07-09-2025 20:00:59.068 INFO Current price: 0.000000000000 - Current percentage: -3.59% - Max: 85.27% - Min: -15.47% - Market Cap 8289 - Trading time: 00:01:15
07-09-2025 20:00:59.080 INFO Current price: 0.000000000000 - Current percentage: -3.59% - Max: 85.27% - Min: -15.47% - Market Cap 8289 - Trading time: 00:01:15
07-09-2025 20:00:59.080 INFO Current price: 0.000000000000 - Current percentage: -3.59% - Max: 85.27% - Min: -15.47% - Market Cap 8289 - Trading time: 00:01:15
07-09-2025 20:00:59.080 INFO Current price: 0.000000000000 - Current percentage: -3.59% - Max: 85.27% - Min: -15.47% - Market Cap 8289 - Trading time: 00:01:15
07-09-2025 20:00:59.081 INFO Current price: 0.000000000000 - Current percentage: -3.59% - Max: 85.27% - Min: -15.47% - Market Cap 8289 - Trading time: 00:01:15
07-09-2025 20:00:59.084 INFO Current price: 0.000000000000 - Current percentage: -3.59% - Max: 85.27% - Min: -15.47% - Market Cap 8289 - Trading time: 00:01:15
07-09-2025 20:00:59.090 INFO Current price: 0.000000000000 - Current percentage: -3.59% - Max: 85.27% - Min: -15.47% - Market Cap 8289 - Trading time: 00:01:15
07-09-2025 20:00:59.868 INFO Current price: 0.000000000000 - Current percentage: -3.59% - Max: 85.27% - Min: -15.47% - Market Cap 8289 - Trading time: 00:01:16
07-09-2025 20:00:59.868 INFO Current price: 0.000000000000 - Current percentage: -3.59% - Max: 85.27% - Min: -15.47% - Market Cap 8289 - Trading time: 00:01:16
07-09-2025 20:00:59.871 INFO Current price: 0.000000000000 - Current percentage: -3.59% - Max: 85.27% - Min: -15.47% - Market Cap 8289 - Trading time: 00:01:16
07-09-2025 20:00:59.871 INFO Current price: 0.000000000000 - Current percentage: -3.59% - Max: 85.27% - Min: -15.47% - Market Cap 8289 - Trading time: 00:01:16
07-09-2025 20:00:59.873 INFO Current price: 0.000000000000 - Current percentage: -3.59% - Max: 85.27% - Min: -15.47% - Market Cap 8289 - Trading time: 00:01:16
07-09-2025 20:00:59.876 INFO Current price: 0.000000000000 - Current percentage: -3.59% - Max: 85.27% - Min: -15.47% - Market Cap 8289 - Trading time: 00:01:16
07-09-2025 20:00:59.878 INFO Current price: 0.000000000000 - Current percentage: -3.59% - Max: 85.27% - Min: -15.47% - Market Cap 8289 - Trading time: 00:01:16
07-09-2025 20:00:59.879 INFO Current price: 0.000000000000 - Current percentage: -3.59% - Max: 85.27% - Min: -15.47% - Market Cap 8289 - Trading time: 00:01:16
07-09-2025 20:00:59.881 INFO Current price: 0.000000000000 - Current percentage: -3.59% - Max: 85.27% - Min: -15.47% - Market Cap 8289 - Trading time: 00:01:16
07-09-2025 20:01:00.259 INFO Current price: 0.000000000000 - Current percentage: -3.59% - Max: 85.27% - Min: -15.47% - Market Cap 8289 - Trading time: 00:01:16
07-09-2025 20:01:00.263 INFO Current price: 0.000000000000 - Current percentage: -3.59% - Max: 85.27% - Min: -15.47% - Market Cap 8289 - Trading time: 00:01:16
07-09-2025 20:01:00.264 INFO Current price: 0.000000000000 - Current percentage: -3.59% - Max: 85.27% - Min: -15.47% - Market Cap 8289 - Trading time: 00:01:16
07-09-2025 20:01:00.268 INFO Current price: 0.000000000000 - Current percentage: -3.59% - Max: 85.27% - Min: -15.47% - Market Cap 8289 - Trading time: 00:01:16
07-09-2025 20:01:00.268 INFO Current price: 0.000000000000 - Current percentage: -3.59% - Max: 85.27% - Min: -15.47% - Market Cap 8289 - Trading time: 00:01:16
07-09-2025 20:01:00.276 INFO Current price: 0.000000000000 - Current percentage: -3.59% - Max: 85.27% - Min: -15.47% - Market Cap 8289 - Trading time: 00:01:16
07-09-2025 20:01:00.293 INFO Current price: 0.000000000000 - Current percentage: -3.59% - Max: 85.27% - Min: -15.47% - Market Cap 8289 - Trading time: 00:01:16
07-09-2025 20:01:00.294 INFO Current price: 0.000000000000 - Current percentage: -3.59% - Max: 85.27% - Min: -15.47% - Market Cap 8289 - Trading time: 00:01:16
07-09-2025 20:01:00.294 INFO Current price: 0.000000000000 - Current percentage: -3.59% - Max: 85.27% - Min: -15.47% - Market Cap 8289 - Trading time: 00:01:16
07-09-2025 20:01:00.307 INFO Current price: 0.000000000000 - Current percentage: -3.59% - Max: 85.27% - Min: -15.47% - Market Cap 8289 - Trading time: 00:01:16
07-09-2025 20:01:00.656 INFO Current price: 0.000000000000 - Current percentage: -3.59% - Max: 85.27% - Min: -15.47% - Market Cap 8289 - Trading time: 00:01:17
07-09-2025 20:01:00.658 INFO Current price: 0.000000000000 - Current percentage: -3.59% - Max: 85.27% - Min: -15.47% - Market Cap 8289 - Trading time: 00:01:17
07-09-2025 20:01:01.094 INFO Current price: 0.000000000000 - Current percentage: -3.59% - Max: 85.27% - Min: -15.47% - Market Cap 8289 - Trading time: 00:01:17
07-09-2025 20:01:01.097 INFO Current price: 0.000000000000 - Current percentage: -3.59% - Max: 85.27% - Min: -15.47% - Market Cap 8289 - Trading time: 00:01:17
07-09-2025 20:01:01.097 INFO Current price: 0.000000000000 - Current percentage: -3.59% - Max: 85.27% - Min: -15.47% - Market Cap 8289 - Trading time: 00:01:17
07-09-2025 20:01:01.098 INFO Current price: 0.000000000000 - Current percentage: -3.59% - Max: 85.27% - Min: -15.47% - Market Cap 8289 - Trading time: 00:01:17
07-09-2025 20:01:01.123 INFO Current price: 0.000000000000 - Current percentage: -3.59% - Max: 85.27% - Min: -15.47% - Market Cap 8289 - Trading time: 00:01:17
07-09-2025 20:01:01.124 INFO Current price: 0.000000000000 - Current percentage: -3.59% - Max: 85.27% - Min: -15.47% - Market Cap 8289 - Trading time: 00:01:17
07-09-2025 20:01:01.176 INFO Current price: 0.000000000000 - Current percentage: -3.59% - Max: 85.27% - Min: -15.47% - Market Cap 8289 - Trading time: 00:01:17
07-09-2025 20:01:01.179 INFO Current price: 0.000000000000 - Current percentage: -3.59% - Max: 85.27% - Min: -15.47% - Market Cap 8289 - Trading time: 00:01:17
07-09-2025 20:01:01.553 INFO Current price: 0.000000000000 - Current percentage: -3.59% - Max: 85.27% - Min: -15.47% - Market Cap 8289 - Trading time: 00:01:18
07-09-2025 20:01:01.581 INFO Current price: 0.000000000000 - Current percentage: -3.59% - Max: 85.27% - Min: -15.47% - Market Cap 8289 - Trading time: 00:01:18
07-09-2025 20:01:01.584 INFO Current price: 0.000000000000 - Current percentage: -3.59% - Max: 85.27% - Min: -15.47% - Market Cap 8289 - Trading time: 00:01:18
07-09-2025 20:01:03.219 INFO Current price: 0.000000000000 - Current percentage: -3.59% - Max: 85.27% - Min: -15.47% - Market Cap 8289 - Trading time: 00:01:19
07-09-2025 20:01:03.761 INFO Current price: 0.000000041000 - Current percentage: -3.62% - Max: 85.27% - Min: -15.47% - Market Cap 8287 - Trading time: 00:01:20
07-09-2025 20:01:05.519 INFO Current price: 0.000000041004 - Current percentage: -3.58% - Max: 85.27% - Min: -15.47% - Market Cap 8291 - Trading time: 00:01:22
07-09-2025 20:01:08.633 INFO Current price: 0.000000040976 - Current percentage: -3.75% - Max: 85.27% - Min: -15.47% - Market Cap 8276 - Trading time: 00:01:25
07-09-2025 20:01:40.801 INFO Current price: 0.000000040918 - Current percentage: -3.85% - Max: 85.27% - Min: -15.47% - Market Cap 8267 - Trading time: 00:01:57
07-09-2025 20:01:52.438 INFO Current price: 0.000000040879 - Current percentage: -3.93% - Max: 85.27% - Min: -15.47% - Market Cap 8260 - Trading time: 00:02:09
07-09-2025 20:02:01.106 INFO Current price: 0.000000039722 - Current percentage: -9.22% - Max: 85.27% - Min: -15.47% - Market Cap 7806 - Trading time: 00:02:17
07-09-2025 20:02:01.110 INFO Current price: 0.000000037280 - Current percentage: -15.38% - Max: 85.27% - Min: -15.47% - Market Cap 7276 - Trading time: 00:02:17
07-09-2025 20:02:01.110 INFO Current price: 0.000000034852 - Current percentage: -20.66% - Max: 85.27% - Min: -20.66% - Market Cap 6822 - Trading time: 00:02:17
07-09-2025 20:02:01.268 INFO Current price: 0.000000032493 - Current percentage: -26.45% - Max: 85.27% - Min: -26.45% - Market Cap 6324 - Trading time: 00:02:17
07-09-2025 20:02:33.498 INFO Current price: 0.000000031279 - Current percentage: -26.47% - Max: 85.27% - Min: -26.47% - Market Cap 6322 - Trading time: 00:02:50
07-09-2025 20:02:46.804 INFO Current price: 0.000000031176 - Current percentage: -26.93% - Max: 85.27% - Min: -26.93% - Market Cap 6283 - Trading time: 00:03:03
07-09-2025 20:03:16.687 INFO Current price: 0.000000029498 - Current percentage: -34.18% - Max: 85.27% - Min: -34.18% - Market Cap 5660 - Trading time: 00:03:33
07-09-2025 20:03:18.055 INFO Current price: 0.000000028007 - Current percentage: -34.13% - Max: 85.27% - Min: -34.18% - Market Cap 5663 - Trading time: 00:03:34






07-09-2025 20:13:18.058 INFO {"type":"summary","reason":"inactivity","startedAt":"2025-09-07T17:59:43.341Z","endedAt":"2025-09-07T18:13:18.058Z","durationSec":814,"entryPrice":4.790597480708272e-8,"entryMarketCapSol":42.53434465082418,"entryMarketCapUsd":8598.31777116411,"minPct":-34.176040463995946,"maxPct":85.27267031261694,"buyCount":83,"sellCount":106,"tradeCount":189,"entryRecorded":true,"noPostThresholdTrades":false,"triggerAt":"2025-09-07T17:59:43.340Z","ageAtTriggerSec":7,"preTotalTrades":10,"preBuys":7,"preSells":3,"preUniqueTraders":7,"preEntryTotalTrades":14,"preEntryBuys":9,"preEntrySells":5,"preEntryUniqueTraders":9,"preEntryMinMcUsd":7153.199266066789,"preEntryMaxMcUsd":10907.202177814292,"thresholdMcSol":42.53434465082418,"thresholdMcUsd":8598.31777116411,"thresholdPrice":4.790597480708272e-8}
