08-09-2025 01:32:58.955 INFO Entry price: 0.000000034559662952 - Entry market cap: 6805 - Buys 15 - Sells 3 - Ratio: 1:0.20 - Min MarketCap: 6020 - Max MarketCap: 7565
08-09-2025 01:32:58.955 INFO Current price: 0.000000034560 - Current percentage: 0.00% - Max: 0.00% - Min: 0.00% - Market Cap 6805 - Trading time: 00:00:02
08-09-2025 01:33:00.061 INFO Current price: 0.000000034722 - Current percentage: 5.47% - Max: 5.47% - Min: 0.00% - Market Cap 7177 - Trading time: 00:00:03
08-09-2025 01:33:00.438 INFO Current price: 0.000000034431 - Current percentage: 4.62% - Max: 5.47% - Min: 0.00% - Market Cap 7120 - Trading time: 00:00:03
08-09-2025 01:33:00.439 INFO Current price: 0.000000034119 - Current percentage: 3.56% - Max: 5.47% - Min: 0.00% - Market Cap 7048 - Trading time: 00:00:03
08-09-2025 01:33:02.081 INFO Current price: 0.000000033943 - Current percentage: 3.55% - Max: 5.47% - Min: 0.00% - Market Cap 7047 - Trading time: 00:00:05
08-09-2025 01:33:02.167 INFO Current price: 0.000000033938 - Current percentage: 3.53% - Max: 5.47% - Min: 0.00% - Market Cap 7046 - Trading time: 00:00:05
08-09-2025 01:33:02.331 INFO Current price: 0.000000033933 - Current percentage: 3.52% - Max: 5.47% - Min: 0.00% - Market Cap 7045 - Trading time: 00:00:05
08-09-2025 01:33:02.818 INFO Current price: 0.000000033741 - Current percentage: 2.36% - Max: 5.47% - Min: 0.00% - Market Cap 6966 - Trading time: 00:00:05
08-09-2025 01:33:04.522 INFO Current price: 0.000000033550 - Current percentage: 2.35% - Max: 5.47% - Min: 0.00% - Market Cap 6965 - Trading time: 00:00:07
08-09-2025 01:33:04.527 INFO Current price: 0.000000033545 - Current percentage: 2.33% - Max: 5.47% - Min: 0.00% - Market Cap 6964 - Trading time: 00:00:07
08-09-2025 01:33:04.531 INFO Current price: 0.000000033539 - Current percentage: 2.32% - Max: 5.47% - Min: 0.00% - Market Cap 6963 - Trading time: 00:00:07
08-09-2025 01:33:04.563 INFO Current price: 0.000000033535 - Current percentage: 2.30% - Max: 5.47% - Min: 0.00% - Market Cap 6962 - Trading time: 00:00:07
08-09-2025 01:33:07.248 INFO Current price: 0.000000032095 - Current percentage: -6.28% - Max: 5.47% - Min: -6.28% - Market Cap 6378 - Trading time: 00:00:10
08-09-2025 01:33:07.248 INFO Current price: 0.000000029335 - Current percentage: -14.54% - Max: 5.47% - Min: -14.54% - Market Cap 5816 - Trading time: 00:00:10
08-09-2025 01:33:07.249 INFO Current price: 0.000000028011 - Current percentage: -14.55% - Max: 5.47% - Min: -14.55% - Market Cap 5815 - Trading time: 00:00:10
08-09-2025 01:33:07.249 INFO Current price: 0.000000028007 - Current percentage: -14.56% - Max: 5.47% - Min: -14.56% - Market Cap 5815 - Trading time: 00:00:10
08-09-2025 01:33:07.416 INFO Current price: 0.000000028004 - Current percentage: -14.57% - Max: 5.47% - Min: -14.57% - Market Cap 5814 - Trading time: 00:00:10
08-09-2025 01:33:07.474 INFO Current price: 0.000000028048 - Current percentage: -14.29% - Max: 5.47% - Min: -14.57% - Market Cap 5833 - Trading time: 00:00:10
08-09-2025 01:33:07.804 INFO Current price: 0.000000028093 - Current percentage: -14.30% - Max: 5.47% - Min: -14.57% - Market Cap 5832 - Trading time: 00:00:10
08-09-2025 01:33:08.173 INFO Current price: 0.000000028090 - Current percentage: -14.31% - Max: 5.47% - Min: -14.57% - Market Cap 5832 - Trading time: 00:00:11
08-09-2025 01:33:08.212 INFO Current price: 0.000000028544 - Current percentage: -11.50% - Max: 5.47% - Min: -14.57% - Market Cap 6023 - Trading time: 00:00:11
08-09-2025 01:33:08.655 INFO Current price: 0.000000029007 - Current percentage: -11.51% - Max: 5.47% - Min: -14.57% - Market Cap 6022 - Trading time: 00:00:11
08-09-2025 01:33:08.658 INFO Current price: 0.000000029002 - Current percentage: -11.53% - Max: 5.47% - Min: -14.57% - Market Cap 6021 - Trading time: 00:00:11
08-09-2025 01:33:08.660 INFO Current price: 0.000000029503 - Current percentage: -8.43% - Max: 5.47% - Min: -14.57% - Market Cap 6232 - Trading time: 00:00:11
08-09-2025 01:33:08.663 INFO Current price: 0.000000030447 - Current percentage: -5.77% - Max: 5.47% - Min: -14.57% - Market Cap 6412 - Trading time: 00:00:11
08-09-2025 01:33:08.703 INFO Current price: 0.000000031364 - Current percentage: -2.83% - Max: 5.47% - Min: -14.57% - Market Cap 6613 - Trading time: 00:00:11
08-09-2025 01:33:08.716 INFO Current price: 0.000000032907 - Current percentage: 3.73% - Max: 5.47% - Min: -14.57% - Market Cap 7059 - Trading time: 00:00:11
08-09-2025 01:33:08.717 INFO Current price: 0.000000034917 - Current percentage: 9.40% - Max: 9.40% - Min: -14.57% - Market Cap 7445 - Trading time: 00:00:11
08-09-2025 01:33:08.814 INFO Current price: 0.000000036122 - Current percentage: 11.01% - Max: 11.01% - Min: -14.57% - Market Cap 7555 - Trading time: 00:00:11
08-09-2025 01:33:09.192 INFO Current price: 0.000000036390 - Current percentage: 11.03% - Max: 11.03% - Min: -14.57% - Market Cap 7556 - Trading time: 00:00:12
08-09-2025 01:33:11.536 INFO Current price: 0.000000036129 - Current percentage: 9.42% - Max: 11.03% - Min: -14.57% - Market Cap 7447 - Trading time: 00:00:14
08-09-2025 01:33:11.976 INFO Current price: 0.000000035888 - Current percentage: 9.55% - Max: 11.03% - Min: -14.57% - Market Cap 7455 - Trading time: 00:00:15
08-09-2025 01:33:12.126 INFO Current price: 0.000000035906 - Current percentage: 9.53% - Max: 11.03% - Min: -14.57% - Market Cap 7454 - Trading time: 00:00:15
08-09-2025 01:33:12.338 INFO Current price: 0.000000035900 - Current percentage: 9.52% - Max: 11.03% - Min: -14.57% - Market Cap 7453 - Trading time: 00:00:15
08-09-2025 01:33:12.957 INFO Current price: 0.000000035895 - Current percentage: 9.50% - Max: 11.03% - Min: -14.57% - Market Cap 7452 - Trading time: 00:00:16
08-09-2025 01:33:12.962 INFO Current price: 0.000000035889 - Current percentage: 9.49% - Max: 11.03% - Min: -14.57% - Market Cap 7451 - Trading time: 00:00:16
08-09-2025 01:33:13.395 INFO Current price: 0.000000035884 - Current percentage: 9.47% - Max: 11.03% - Min: -14.57% - Market Cap 7450 - Trading time: 00:00:16
08-09-2025 01:33:13.508 INFO Current price: 0.000000035878 - Current percentage: 9.45% - Max: 11.03% - Min: -14.57% - Market Cap 7448 - Trading time: 00:00:16
08-09-2025 01:33:14.153 INFO Current price: 0.000000035872 - Current percentage: 9.43% - Max: 11.03% - Min: -14.57% - Market Cap 7447 - Trading time: 00:00:17
08-09-2025 01:33:14.329 INFO Current price: 0.000000036233 - Current percentage: 11.66% - Max: 11.66% - Min: -14.57% - Market Cap 7599 - Trading time: 00:00:17
08-09-2025 01:33:14.332 INFO Current price: 0.000000036943 - Current percentage: 13.76% - Max: 13.76% - Min: -14.57% - Market Cap 7742 - Trading time: 00:00:17
08-09-2025 01:33:14.334 INFO Current price: 0.000000037624 - Current percentage: 15.82% - Max: 15.82% - Min: -14.57% - Market Cap 7882 - Trading time: 00:00:17
08-09-2025 01:33:14.350 INFO Current price: 0.000000037890 - Current percentage: 15.37% - Max: 15.82% - Min: -14.57% - Market Cap 7851 - Trading time: 00:00:17
08-09-2025 01:33:15.389 INFO Current price: 0.000000037880 - Current percentage: 15.76% - Max: 15.82% - Min: -14.57% - Market Cap 7878 - Trading time: 00:00:18
08-09-2025 01:33:18.546 INFO Current price: 0.000000038723 - Current percentage: 20.56% - Max: 20.56% - Min: -14.57% - Market Cap 8205 - Trading time: 00:00:21
08-09-2025 01:33:18.786 INFO Current price: 0.000000040393 - Current percentage: 25.96% - Max: 25.96% - Min: -14.57% - Market Cap 8572 - Trading time: 00:00:21
08-09-2025 01:33:18.863 INFO Current price: 0.000000041299 - Current percentage: 26.03% - Max: 26.03% - Min: -14.57% - Market Cap 8577 - Trading time: 00:00:21
08-09-2025 01:33:18.918 INFO Current price: 0.000000041333 - Current percentage: 26.17% - Max: 26.17% - Min: -14.57% - Market Cap 8586 - Trading time: 00:00:21
08-09-2025 01:33:19.088 INFO Current price: 0.000000041389 - Current percentage: 26.37% - Max: 26.37% - Min: -14.57% - Market Cap 8600 - Trading time: 00:00:22
08-09-2025 01:33:22.239 INFO Current price: 0.000000041534 - Current percentage: 27.06% - Max: 27.06% - Min: -14.57% - Market Cap 8647 - Trading time: 00:00:25
08-09-2025 01:33:22.639 INFO Current price: 0.000000041649 - Current percentage: 27.07% - Max: 27.07% - Min: -14.57% - Market Cap 8648 - Trading time: 00:00:25
08-09-2025 01:33:22.981 INFO Current price: 0.000000041875 - Current percentage: 27.76% - Max: 27.76% - Min: -14.57% - Market Cap 8694 - Trading time: 00:00:26
08-09-2025 01:33:23.997 INFO Current price: 0.000000041932 - Current percentage: 28.10% - Max: 28.10% - Min: -14.57% - Market Cap 8717 - Trading time: 00:00:27
08-09-2025 01:33:24.684 INFO Current price: 0.000000042546 - Current percentage: 31.53% - Max: 31.53% - Min: -14.57% - Market Cap 8951 - Trading time: 00:00:27
08-09-2025 01:33:27.383 INFO Current price: 0.000000043225 - Current percentage: 32.22% - Max: 32.22% - Min: -14.57% - Market Cap 8998 - Trading time: 00:00:30
08-09-2025 01:33:31.109 INFO Current price: 0.000000042768 - Current percentage: 28.76% - Max: 32.22% - Min: -14.57% - Market Cap 8763 - Trading time: 00:00:34
08-09-2025 01:33:39.365 INFO Current price: 0.000000040473 - Current percentage: 18.41% - Max: 32.22% - Min: -14.57% - Market Cap 8058 - Trading time: 00:00:42
08-09-2025 01:33:39.729 INFO Current price: 0.000000039134 - Current percentage: 20.38% - Max: 32.22% - Min: -14.57% - Market Cap 8192 - Trading time: 00:00:42
08-09-2025 01:33:39.763 INFO Current price: 0.000000039457 - Current percentage: 20.37% - Max: 32.22% - Min: -14.57% - Market Cap 8192 - Trading time: 00:00:42
08-09-2025 01:33:39.781 INFO Current price: 0.000000039434 - Current percentage: 20.24% - Max: 32.22% - Min: -14.57% - Market Cap 8183 - Trading time: 00:00:42
08-09-2025 01:33:39.793 INFO Current price: 0.000000039409 - Current percentage: 20.22% - Max: 32.22% - Min: -14.57% - Market Cap 8181 - Trading time: 00:00:42
08-09-2025 01:33:40.964 INFO Current price: 0.000000039394 - Current percentage: 20.15% - Max: 32.22% - Min: -14.57% - Market Cap 8177 - Trading time: 00:00:44
08-09-2025 01:33:41.595 INFO Current price: 0.000000039925 - Current percentage: 23.48% - Max: 32.22% - Min: -14.57% - Market Cap 8403 - Trading time: 00:00:44
08-09-2025 01:33:42.185 INFO Current price: 0.000000040473 - Current percentage: 23.48% - Max: 32.22% - Min: -14.57% - Market Cap 8403 - Trading time: 00:00:45
08-09-2025 01:33:42.187 INFO Current price: 0.000000040473 - Current percentage: 23.48% - Max: 32.22% - Min: -14.57% - Market Cap 8403 - Trading time: 00:00:45
08-09-2025 01:33:42.364 INFO Current price: 0.000000041625 - Current percentage: 30.60% - Max: 32.22% - Min: -14.57% - Market Cap 8888 - Trading time: 00:00:45
08-09-2025 01:33:42.572 INFO Current price: 0.000000042809 - Current percentage: 30.60% - Max: 32.22% - Min: -14.57% - Market Cap 8888 - Trading time: 00:00:45
08-09-2025 01:33:45.524 INFO Current price: 0.000000042843 - Current percentage: 30.81% - Max: 32.22% - Min: -14.57% - Market Cap 8902 - Trading time: 00:00:48
08-09-2025 01:33:45.565 INFO Current price: 0.000000043454 - Current percentage: 34.36% - Max: 34.36% - Min: -14.57% - Market Cap 9143 - Trading time: 00:00:48
08-09-2025 01:33:45.807 INFO Current price: 0.000000044041 - Current percentage: 34.37% - Max: 34.37% - Min: -14.57% - Market Cap 9144 - Trading time: 00:00:48
08-09-2025 01:33:51.293 INFO Current price: 0.000000047474 - Current percentage: 56.12% - Max: 56.12% - Min: -14.57% - Market Cap 10624 - Trading time: 00:00:54
08-09-2025 01:33:51.535 INFO Current price: 0.000000053662 - Current percentage: 71.68% - Max: 71.68% - Min: -14.57% - Market Cap 11684 - Trading time: 00:00:54
08-09-2025 01:33:51.682 INFO Current price: 0.000000056662 - Current percentage: 74.06% - Max: 74.06% - Min: -14.57% - Market Cap 11845 - Trading time: 00:00:54
08-09-2025 01:33:51.984 INFO Current price: 0.000000057011 - Current percentage: 73.80% - Max: 74.06% - Min: -14.57% - Market Cap 11828 - Trading time: 00:00:55
08-09-2025 01:33:52.513 INFO Current price: 0.000000055159 - Current percentage: 62.93% - Max: 74.06% - Min: -14.57% - Market Cap 11088 - Trading time: 00:00:55
08-09-2025 01:33:52.570 INFO Current price: 0.000000053406 - Current percentage: 62.93% - Max: 74.06% - Min: -14.57% - Market Cap 11088 - Trading time: 00:00:55
08-09-2025 01:33:53.643 INFO Current price: 0.000000052548 - Current percentage: 57.74% - Max: 74.06% - Min: -14.57% - Market Cap 10735 - Trading time: 00:00:56
08-09-2025 01:33:56.824 INFO Current price: 0.000000051915 - Current percentage: 59.03% - Max: 74.06% - Min: -14.57% - Market Cap 10822 - Trading time: 00:00:59
08-09-2025 01:33:57.005 INFO Current price: 0.000000052139 - Current percentage: 59.11% - Max: 74.06% - Min: -14.57% - Market Cap 10828 - Trading time: 00:01:00
08-09-2025 01:33:57.973 INFO Current price: 0.000000052356 - Current percentage: 60.35% - Max: 74.06% - Min: -14.57% - Market Cap 10913 - Trading time: 00:01:01
08-09-2025 01:33:57.976 INFO Current price: 0.000000052782 - Current percentage: 61.71% - Max: 74.06% - Min: -14.57% - Market Cap 11005 - Trading time: 00:01:01
08-09-2025 01:33:57.980 INFO Current price: 0.000000053203 - Current percentage: 62.93% - Max: 74.06% - Min: -14.57% - Market Cap 11088 - Trading time: 00:01:01
08-09-2025 01:33:59.105 INFO Current price: 0.000000053428 - Current percentage: 63.08% - Max: 74.06% - Min: -14.57% - Market Cap 11098 - Trading time: 00:01:02
08-09-2025 01:34:02.041 INFO Current price: 0.000000053442 - Current percentage: 63.08% - Max: 74.06% - Min: -14.57% - Market Cap 11098 - Trading time: 00:01:05
08-09-2025 01:34:04.510 INFO Current price: 0.000000053407 - Current percentage: 62.79% - Max: 74.06% - Min: -14.57% - Market Cap 11078 - Trading time: 00:01:07
08-09-2025 01:34:06.234 INFO Current price: 0.000000053589 - Current percentage: 63.49% - Max: 74.06% - Min: -14.57% - Market Cap 11126 - Trading time: 00:01:09
08-09-2025 01:34:07.547 INFO Current price: 0.000000053589 - Current percentage: 63.49% - Max: 74.06% - Min: -14.57% - Market Cap 11126 - Trading time: 00:01:10
08-09-2025 01:34:07.656 INFO Current price: 0.000000051124 - Current percentage: 48.80% - Max: 74.06% - Min: -14.57% - Market Cap 10126 - Trading time: 00:01:10
08-09-2025 01:34:07.706 INFO Current price: 0.000000048772 - Current percentage: 48.80% - Max: 74.06% - Min: -14.57% - Market Cap 10126 - Trading time: 00:01:10
08-09-2025 01:34:07.710 INFO Current price: 0.000000048832 - Current percentage: 49.16% - Max: 74.06% - Min: -14.57% - Market Cap 10151 - Trading time: 00:01:10
08-09-2025 01:34:09.561 INFO Current price: 0.000000048893 - Current percentage: 49.16% - Max: 74.06% - Min: -14.57% - Market Cap 10151 - Trading time: 00:01:12
08-09-2025 01:34:10.854 INFO Current price: 0.000000047099 - Current percentage: 38.42% - Max: 74.06% - Min: -14.57% - Market Cap 9420 - Trading time: 00:01:13
08-09-2025 01:34:12.121 INFO Current price: 0.000000045720 - Current percentage: 40.56% - Max: 74.06% - Min: -14.57% - Market Cap 9565 - Trading time: 00:01:15
08-09-2025 01:34:12.872 INFO Current price: 0.000000046061 - Current percentage: 40.49% - Max: 74.06% - Min: -14.57% - Market Cap 9561 - Trading time: 00:01:15
08-09-2025 01:34:13.228 INFO Current price: 0.000000046051 - Current percentage: 40.49% - Max: 74.06% - Min: -14.57% - Market Cap 9561 - Trading time: 00:01:16
08-09-2025 01:34:13.231 INFO Current price: 0.000000046051 - Current percentage: 40.49% - Max: 74.06% - Min: -14.57% - Market Cap 9561 - Trading time: 00:01:16
08-09-2025 01:34:13.238 INFO Current price: 0.000000046074 - Current percentage: 40.64% - Max: 74.06% - Min: -14.57% - Market Cap 9571 - Trading time: 00:01:16
08-09-2025 01:34:13.250 INFO Current price: 0.000000046098 - Current percentage: 40.64% - Max: 74.06% - Min: -14.57% - Market Cap 9571 - Trading time: 00:01:16
08-09-2025 01:34:13.254 INFO Current price: 0.000000046098 - Current percentage: 40.64% - Max: 74.06% - Min: -14.57% - Market Cap 9571 - Trading time: 00:01:16
08-09-2025 01:34:14.058 INFO Current price: 0.000000047268 - Current percentage: 47.87% - Max: 74.06% - Min: -14.57% - Market Cap 10063 - Trading time: 00:01:17
08-09-2025 01:34:15.106 INFO Current price: 0.000000049068 - Current percentage: 51.55% - Max: 74.06% - Min: -14.57% - Market Cap 10314 - Trading time: 00:01:18
08-09-2025 01:34:17.931 INFO Current price: 0.000000049725 - Current percentage: 51.86% - Max: 74.06% - Min: -14.57% - Market Cap 10334 - Trading time: 00:01:20
08-09-2025 01:34:17.942 INFO Current price: 0.000000049775 - Current percentage: 51.86% - Max: 74.06% - Min: -14.57% - Market Cap 10334 - Trading time: 00:01:20
08-09-2025 01:34:18.260 INFO Current price: 0.000000049776 - Current percentage: 51.86% - Max: 74.06% - Min: -14.57% - Market Cap 10334 - Trading time: 00:01:21
08-09-2025 01:34:18.265 INFO Current price: 0.000000049776 - Current percentage: 51.86% - Max: 74.06% - Min: -14.57% - Market Cap 10334 - Trading time: 00:01:21
08-09-2025 01:34:19.851 INFO Current price: 0.000000048528 - Current percentage: 44.34% - Max: 74.06% - Min: -14.57% - Market Cap 9823 - Trading time: 00:01:22
08-09-2025 01:34:23.358 INFO Current price: 0.000000047345 - Current percentage: 44.55% - Max: 74.06% - Min: -14.57% - Market Cap 9837 - Trading time: 00:01:26
08-09-2025 01:34:28.583 INFO Current price: 0.000000047379 - Current percentage: 44.55% - Max: 74.06% - Min: -14.57% - Market Cap 9837 - Trading time: 00:01:31
08-09-2025 01:34:28.641 INFO Current price: 0.000000047379 - Current percentage: 44.55% - Max: 74.06% - Min: -14.57% - Market Cap 9837 - Trading time: 00:01:31
08-09-2025 01:34:29.797 INFO Current price: 0.000000047203 - Current percentage: 43.47% - Max: 74.06% - Min: -14.57% - Market Cap 9764 - Trading time: 00:01:32
08-09-2025 01:34:31.444 INFO Current price: 0.000000046073 - Current percentage: 37.71% - Max: 74.06% - Min: -14.57% - Market Cap 9372 - Trading time: 00:01:34
08-09-2025 01:34:33.511 INFO Current price: 0.000000045289 - Current percentage: 38.63% - Max: 74.06% - Min: -14.57% - Market Cap 9434 - Trading time: 00:01:36
08-09-2025 01:34:37.643 INFO Current price: 0.000000045096 - Current percentage: 36.54% - Max: 74.06% - Min: -14.57% - Market Cap 9292 - Trading time: 00:01:40
08-09-2025 01:34:40.076 INFO Current price: 0.000000044758 - Current percentage: 36.56% - Max: 74.06% - Min: -14.57% - Market Cap 9293 - Trading time: 00:01:43
08-09-2025 01:34:44.389 INFO Current price: 0.000000044761 - Current percentage: 36.56% - Max: 74.06% - Min: -14.57% - Market Cap 9293 - Trading time: 00:01:47
08-09-2025 01:34:44.496 INFO Current price: 0.000000044761 - Current percentage: 36.56% - Max: 74.06% - Min: -14.57% - Market Cap 9293 - Trading time: 00:01:47
08-09-2025 01:34:45.569 INFO Current price: 0.000000045118 - Current percentage: 38.71% - Max: 74.06% - Min: -14.57% - Market Cap 9440 - Trading time: 00:01:48
08-09-2025 01:34:51.814 INFO Current price: 0.000000045584 - Current percentage: 39.43% - Max: 74.06% - Min: -14.57% - Market Cap 9489 - Trading time: 00:01:54
08-09-2025 01:34:52.248 INFO Current price: 0.000000045682 - Current percentage: 39.31% - Max: 74.06% - Min: -14.57% - Market Cap 9480 - Trading time: 00:01:55
08-09-2025 01:34:58.867 INFO Current price: 0.000000046197 - Current percentage: 40.94% - Max: 74.06% - Min: -14.57% - Market Cap 9591 - Trading time: 00:02:01
08-09-2025 01:34:58.992 INFO Current price: 0.000000046197 - Current percentage: 40.94% - Max: 74.06% - Min: -14.57% - Market Cap 9592 - Trading time: 00:02:02
08-09-2025 01:34:59.688 INFO Current price: 0.000000046455 - Current percentage: 42.52% - Max: 74.06% - Min: -14.57% - Market Cap 9699 - Trading time: 00:02:02
08-09-2025 01:35:00.782 INFO Current price: 0.000000046832 - Current percentage: 43.24% - Max: 74.06% - Min: -14.57% - Market Cap 9748 - Trading time: 00:02:03
08-09-2025 01:35:06.989 INFO Current price: 0.000000048262 - Current percentage: 51.12% - Max: 74.06% - Min: -14.57% - Market Cap 10285 - Trading time: 00:02:10
08-09-2025 01:35:07.012 INFO Current price: 0.000000049849 - Current percentage: 53.04% - Max: 74.06% - Min: -14.57% - Market Cap 10415 - Trading time: 00:02:10
08-09-2025 01:35:08.365 INFO Current price: 0.000000051385 - Current percentage: 60.58% - Max: 74.06% - Min: -14.57% - Market Cap 10928 - Trading time: 00:02:11
08-09-2025 01:35:12.307 INFO Current price: 0.000000053160 - Current percentage: 62.57% - Max: 74.06% - Min: -14.57% - Market Cap 11063 - Trading time: 00:02:15
08-09-2025 01:35:16.154 INFO Current price: 0.000000052495 - Current percentage: 57.78% - Max: 74.06% - Min: -14.57% - Market Cap 10737 - Trading time: 00:02:19
08-09-2025 01:35:16.618 INFO Current price: 0.000000051716 - Current percentage: 57.78% - Max: 74.06% - Min: -14.57% - Market Cap 10737 - Trading time: 00:02:19
08-09-2025 01:35:17.131 INFO Current price: 0.000000051716 - Current percentage: 57.78% - Max: 74.06% - Min: -14.57% - Market Cap 10737 - Trading time: 00:02:20
08-09-2025 01:35:17.543 INFO Current price: 0.000000051716 - Current percentage: 57.78% - Max: 74.06% - Min: -14.57% - Market Cap 10737 - Trading time: 00:02:20
08-09-2025 01:35:18.083 INFO Current price: 0.000000051729 - Current percentage: 57.85% - Max: 74.06% - Min: -14.57% - Market Cap 10743 - Trading time: 00:02:21
08-09-2025 01:35:18.725 INFO Current price: 0.000000051688 - Current percentage: 57.53% - Max: 74.06% - Min: -14.57% - Market Cap 10721 - Trading time: 00:02:21
08-09-2025 01:35:25.256 INFO Current price: 0.000000051449 - Current percentage: 56.36% - Max: 74.06% - Min: -14.57% - Market Cap 10641 - Trading time: 00:02:28
08-09-2025 01:35:27.888 INFO Current price: 0.000000051223 - Current percentage: 56.19% - Max: 74.06% - Min: -14.57% - Market Cap 10629 - Trading time: 00:02:30
08-09-2025 01:35:35.570 INFO Current price: 0.000000050990 - Current percentage: 54.94% - Max: 74.06% - Min: -14.57% - Market Cap 10544 - Trading time: 00:02:38
08-09-2025 01:35:37.714 INFO Current price: 0.000000050313 - Current percentage: 53.20% - Max: 74.06% - Min: -14.57% - Market Cap 10426 - Trading time: 00:02:40
08-09-2025 01:35:38.457 INFO Current price: 0.000000050101 - Current percentage: 52.50% - Max: 74.06% - Min: -14.57% - Market Cap 10378 - Trading time: 00:02:41
08-09-2025 01:35:38.953 INFO Current price: 0.000000049279 - Current percentage: 48.22% - Max: 74.06% - Min: -14.57% - Market Cap 10087 - Trading time: 00:02:41
08-09-2025 01:35:39.072 INFO Current price: 0.000000048282 - Current percentage: 46.39% - Max: 74.06% - Min: -14.57% - Market Cap 9962 - Trading time: 00:02:42
08-09-2025 01:35:39.175 INFO Current price: 0.000000047981 - Current percentage: 46.37% - Max: 74.06% - Min: -14.57% - Market Cap 9961 - Trading time: 00:02:42
08-09-2025 01:35:50.594 INFO Current price: 0.000000045738 - Current percentage: 34.27% - Max: 74.06% - Min: -14.57% - Market Cap 9138 - Trading time: 00:02:53
08-09-2025 01:35:50.598 INFO Current price: 0.000000042733 - Current percentage: 26.58% - Max: 74.06% - Min: -14.57% - Market Cap 8615 - Trading time: 00:02:53
08-09-2025 01:35:50.805 INFO Current price: 0.000000039828 - Current percentage: 16.63% - Max: 74.06% - Min: -14.57% - Market Cap 7937 - Trading time: 00:02:53
08-09-2025 01:35:50.873 INFO Current price: 0.000000037432 - Current percentage: 11.82% - Max: 74.06% - Min: -14.57% - Market Cap 7610 - Trading time: 00:02:53
08-09-2025 01:35:52.070 INFO Current price: 0.000000036399 - Current percentage: 10.28% - Max: 74.06% - Min: -14.57% - Market Cap 7505 - Trading time: 00:02:55
08-09-2025 01:35:52.247 INFO Current price: 0.000000034851 - Current percentage: 2.51% - Max: 74.06% - Min: -14.57% - Market Cap 6976 - Trading time: 00:02:55
08-09-2025 01:35:53.090 INFO Current price: 0.000000033575 - Current percentage: 2.36% - Max: 74.06% - Min: -14.57% - Market Cap 6966 - Trading time: 00:02:56
08-09-2025 01:35:53.187 INFO Current price: 0.000000033480 - Current percentage: 1.92% - Max: 74.06% - Min: -14.57% - Market Cap 6936 - Trading time: 00:02:56
08-09-2025 01:35:53.284 INFO Current price: 0.000000032700 - Current percentage: -2.35% - Max: 74.06% - Min: -14.57% - Market Cap 6645 - Trading time: 00:02:56
08-09-2025 01:35:54.106 INFO Current price: 0.000000031692 - Current percentage: -4.26% - Max: 74.06% - Min: -14.57% - Market Cap 6515 - Trading time: 00:02:57
08-09-2025 01:35:56.411 INFO Current price: 0.000000031391 - Current percentage: -4.20% - Max: 74.06% - Min: -14.57% - Market Cap 6520 - Trading time: 00:02:59
08-09-2025 01:35:56.802 INFO Current price: 0.000000031260 - Current percentage: -5.07% - Max: 74.06% - Min: -14.57% - Market Cap 6461 - Trading time: 00:02:59
08-09-2025 01:35:58.072 INFO Current price: 0.000000031051 - Current percentage: -5.47% - Max: 74.06% - Min: -14.57% - Market Cap 6433 - Trading time: 00:03:01
08-09-2025 01:35:59.758 INFO Current price: 0.000000030984 - Current percentage: -5.48% - Max: 74.06% - Min: -14.57% - Market Cap 6433 - Trading time: 00:03:02
08-09-2025 01:36:06.508 INFO Current price: 0.000000030948 - Current percentage: -5.69% - Max: 74.06% - Min: -14.57% - Market Cap 6418 - Trading time: 00:03:09
08-09-2025 01:36:07.824 INFO Current price: 0.000000030361 - Current percentage: -9.03% - Max: 74.06% - Min: -14.57% - Market Cap 6191 - Trading time: 00:03:10
08-09-2025 01:36:09.111 INFO Current price: 0.000000029755 - Current percentage: -9.42% - Max: 74.06% - Min: -14.57% - Market Cap 6164 - Trading time: 00:03:12
08-09-2025 01:36:10.980 INFO Current price: 0.000000029430 - Current percentage: -11.00% - Max: 74.06% - Min: -14.57% - Market Cap 6057 - Trading time: 00:03:14
08-09-2025 01:36:11.445 INFO Current price: 0.000000029168 - Current percentage: -11.03% - Max: 74.06% - Min: -14.57% - Market Cap 6055 - Trading time: 00:03:14
08-09-2025 01:36:38.662 INFO Current price: 0.000000028993 - Current percentage: -11.78% - Max: 74.06% - Min: -14.57% - Market Cap 6004 - Trading time: 00:03:41
08-09-2025 01:36:55.206 INFO Current price: 0.000000028870 - Current percentage: -12.06% - Max: 74.06% - Min: -14.57% - Market Cap 5985 - Trading time: 00:03:58
08-09-2025 01:37:02.022 INFO Current price: 0.000000028760 - Current percentage: -12.45% - Max: 74.06% - Min: -14.57% - Market Cap 5958 - Trading time: 00:04:05
08-09-2025 01:37:20.839 INFO Current price: 0.000000028617 - Current percentage: -12.94% - Max: 74.06% - Min: -14.57% - Market Cap 5925 - Trading time: 00:04:23
08-09-2025 01:37:20.840 INFO Current price: 0.000000028456 - Current percentage: -13.44% - Max: 74.06% - Min: -14.57% - Market Cap 5891 - Trading time: 00:04:23
08-09-2025 01:37:20.843 INFO Current price: 0.000000028287 - Current percentage: -13.97% - Max: 74.06% - Min: -14.57% - Market Cap 5855 - Trading time: 00:04:23
08-09-2025 01:37:25.326 INFO Current price: 0.000000028174 - Current percentage: -14.13% - Max: 74.06% - Min: -14.57% - Market Cap 5844 - Trading time: 00:04:28
08-09-2025 01:37:44.205 INFO Current price: 0.000000028132 - Current percentage: -14.31% - Max: 74.06% - Min: -14.57% - Market Cap 5831 - Trading time: 00:04:47
08-09-2025 01:38:17.631 INFO Current price: 0.000000028106 - Current percentage: -14.37% - Max: 74.06% - Min: -14.57% - Market Cap 5827 - Trading time: 00:05:20






08-09-2025 01:48:17.635 INFO {"type":"summary","reason":"inactivity","startedAt":"2025-09-07T23:32:56.955Z","endedAt":"2025-09-07T23:48:17.635Z","durationSec":920,"entryPrice":3.455966295153713e-8,"entryMarketCapSol":32.777779878092076,"entryMarketCapUsd":6805.322658289477,"minPct":-14.571532541940568,"maxPct":74.05737210178324,"buyCount":92,"sellCount":88,"tradeCount":180,"entryRecorded":true,"noPostThresholdTrades":false,"triggerAt":"2025-09-07T23:32:56.955Z","ageAtTriggerSec":null,"preTotalTrades":6,"preBuys":6,"preSells":0,"preUniqueTraders":6,"preEntryTotalTrades":18,"preEntryBuys":15,"preEntrySells":3,"preEntryUniqueTraders":15,"preEntryMinMcUsd":6020.49030358019,"preEntryMaxMcUsd":7565.343455909018,"thresholdMcSol":32.777779878092076,"thresholdMcUsd":6805.322658289477,"thresholdPrice":3.455966295153713e-8}
