08-09-2025 13:20:01.187 INFO Entry price: 0.000000068269734140 - Entry market cap: 13679 - Buys 16 - Sells 3 - Ratio: 1:0.19 - Min MarketCap: 9859 - Max MarketCap: 15775
08-09-2025 13:20:01.187 INFO Current price: 0.000000068270 - Current percentage: 0.00% - Max: 0.00% - Min: 0.00% - Market Cap 13679 - Trading time: 00:00:02
08-09-2025 13:20:01.955 INFO Current price: 0.000000075941 - Current percentage: 22.26% - Max: 22.26% - Min: 0.00% - Market Cap 16723 - Trading time: 00:00:02
08-09-2025 13:20:01.960 INFO Current price: 0.000000080513 - Current percentage: 29.63% - Max: 29.63% - Min: 0.00% - Market Cap 17732 - Trading time: 00:00:02
08-09-2025 13:20:01.963 INFO Current price: 0.000000082377 - Current percentage: 27.98% - Max: 29.63% - Min: 0.00% - Market Cap 17506 - Trading time: 00:00:02
08-09-2025 13:20:04.549 INFO Current price: 0.000000078513 - Current percentage: 17.76% - Max: 29.63% - Min: 0.00% - Market Cap 16108 - Trading time: 00:00:05
08-09-2025 13:20:04.552 INFO Current price: 0.000000071983 - Current percentage: 7.58% - Max: 29.63% - Min: 0.00% - Market Cap 14715 - Trading time: 00:00:05
08-09-2025 13:20:04.865 INFO Current price: 0.000000068665 - Current percentage: 7.15% - Max: 29.63% - Min: 0.00% - Market Cap 14657 - Trading time: 00:00:05
08-09-2025 13:20:05.600 INFO Current price: 0.000000069529 - Current percentage: 10.30% - Max: 29.63% - Min: 0.00% - Market Cap 15088 - Trading time: 00:00:06
08-09-2025 13:20:08.584 INFO Current price: 0.000000069177 - Current percentage: 6.07% - Max: 29.63% - Min: 0.00% - Market Cap 14509 - Trading time: 00:00:09
08-09-2025 13:20:08.625 INFO Current price: 0.000000066382 - Current percentage: 1.57% - Max: 29.63% - Min: 0.00% - Market Cap 13893 - Trading time: 00:00:09
08-09-2025 13:20:08.918 INFO Current price: 0.000000064894 - Current percentage: 1.37% - Max: 29.63% - Min: 0.00% - Market Cap 13866 - Trading time: 00:00:09
08-09-2025 13:20:08.960 INFO Current price: 0.000000062856 - Current percentage: -4.72% - Max: 29.63% - Min: -4.72% - Market Cap 13034 - Trading time: 00:00:09
08-09-2025 13:20:08.973 INFO Current price: 0.000000059209 - Current percentage: -10.05% - Max: 29.63% - Min: -10.05% - Market Cap 12304 - Trading time: 00:00:09
08-09-2025 13:20:11.682 INFO Current price: 0.000000054396 - Current percentage: -19.58% - Max: 29.63% - Min: -19.58% - Market Cap 11001 - Trading time: 00:00:12
08-09-2025 13:20:12.411 INFO Current price: 0.000000051408 - Current percentage: -19.66% - Max: 29.63% - Min: -19.66% - Market Cap 10990 - Trading time: 00:00:13
08-09-2025 13:20:12.865 INFO Current price: 0.000000050751 - Current percentage: -21.62% - Max: 29.63% - Min: -21.62% - Market Cap 10721 - Trading time: 00:00:13
08-09-2025 13:20:13.095 INFO Current price: 0.000000051880 - Current percentage: -16.05% - Max: 29.63% - Min: -21.62% - Market Cap 11484 - Trading time: 00:00:13
08-09-2025 13:20:13.097 INFO Current price: 0.000000055668 - Current percentage: -9.75% - Max: 29.63% - Min: -21.62% - Market Cap 12344 - Trading time: 00:00:13
08-09-2025 13:20:14.248 INFO Current price: 0.000000059630 - Current percentage: -3.67% - Max: 29.63% - Min: -21.62% - Market Cap 13177 - Trading time: 00:00:15
08-09-2025 13:20:14.283 INFO Current price: 0.000000063688 - Current percentage: 2.95% - Max: 29.63% - Min: -21.62% - Market Cap 14082 - Trading time: 00:00:15
08-09-2025 13:20:15.796 INFO Current price: 0.000000066888 - Current percentage: 6.25% - Max: 29.63% - Min: -21.62% - Market Cap 14534 - Trading time: 00:00:16
08-09-2025 13:20:17.785 INFO Current price: 0.000000072215 - Current percentage: 20.00% - Max: 29.63% - Min: -21.62% - Market Cap 16414 - Trading time: 00:00:18
08-09-2025 13:20:22.124 INFO Current price: 0.000000075467 - Current percentage: 16.04% - Max: 29.63% - Min: -21.62% - Market Cap 15872 - Trading time: 00:00:22
08-09-2025 13:20:22.458 INFO Current price: 0.000000072831 - Current percentage: 11.76% - Max: 29.63% - Min: -21.62% - Market Cap 15288 - Trading time: 00:00:23
08-09-2025 13:20:22.463 INFO Current price: 0.000000070266 - Current percentage: 8.01% - Max: 29.63% - Min: -21.62% - Market Cap 14774 - Trading time: 00:00:23
08-09-2025 13:20:23.680 INFO Current price: 0.000000066810 - Current percentage: 1.04% - Max: 29.63% - Min: -21.62% - Market Cap 13821 - Trading time: 00:00:24
08-09-2025 13:20:23.682 INFO Current price: 0.000000062414 - Current percentage: -5.74% - Max: 29.63% - Min: -21.62% - Market Cap 12893 - Trading time: 00:00:24
08-09-2025 13:20:27.977 INFO Current price: 0.000000065635 - Current percentage: 11.74% - Max: 29.63% - Min: -21.62% - Market Cap 15284 - Trading time: 00:00:28
08-09-2025 13:20:28.089 INFO Current price: 0.000000071493 - Current percentage: 11.83% - Max: 29.63% - Min: -21.62% - Market Cap 15297 - Trading time: 00:00:28
08-09-2025 13:20:32.224 INFO Current price: 0.000000071493 - Current percentage: 11.74% - Max: 29.63% - Min: -21.62% - Market Cap 15284 - Trading time: 00:00:33
08-09-2025 13:20:32.337 INFO Current price: 0.000000074797 - Current percentage: 22.41% - Max: 29.63% - Min: -21.62% - Market Cap 16744 - Trading time: 00:00:33
08-09-2025 13:20:32.373 INFO Current price: 0.000000082421 - Current percentage: 35.68% - Max: 35.68% - Min: -21.62% - Market Cap 18559 - Trading time: 00:00:33
08-09-2025 13:20:32.425 INFO Current price: 0.000000087595 - Current percentage: 38.26% - Max: 38.26% - Min: -21.62% - Market Cap 18912 - Trading time: 00:00:33
08-09-2025 13:20:33.858 INFO Current price: 0.000000088667 - Current percentage: 39.02% - Max: 39.02% - Min: -21.62% - Market Cap 19016 - Trading time: 00:00:34
08-09-2025 13:20:35.052 INFO Current price: 0.000000087599 - Current percentage: 34.95% - Max: 39.02% - Min: -21.62% - Market Cap 18459 - Trading time: 00:00:35
08-09-2025 13:20:35.055 INFO Current price: 0.000000085040 - Current percentage: 31.02% - Max: 39.02% - Min: -21.62% - Market Cap 17921 - Trading time: 00:00:35
08-09-2025 13:20:35.617 INFO Current price: 0.000000083871 - Current percentage: 31.26% - Max: 39.02% - Min: -21.62% - Market Cap 17955 - Trading time: 00:00:36
08-09-2025 13:20:37.487 INFO Current price: 0.000000083183 - Current percentage: 28.88% - Max: 39.02% - Min: -21.62% - Market Cap 17629 - Trading time: 00:00:38
08-09-2025 13:20:41.208 INFO Current price: 0.000000082346 - Current percentage: 28.64% - Max: 39.02% - Min: -21.62% - Market Cap 17596 - Trading time: 00:00:42
08-09-2025 13:20:42.461 INFO Current price: 0.000000081323 - Current percentage: 25.69% - Max: 39.02% - Min: -21.62% - Market Cap 17193 - Trading time: 00:00:43
08-09-2025 13:20:42.463 INFO Current price: 0.000000079483 - Current percentage: 22.88% - Max: 39.02% - Min: -21.62% - Market Cap 16808 - Trading time: 00:00:43
08-09-2025 13:20:50.066 INFO Current price: 0.000000078385 - Current percentage: 22.25% - Max: 39.02% - Min: -21.62% - Market Cap 16722 - Trading time: 00:00:50
08-09-2025 13:20:50.441 INFO Current price: 0.000000082754 - Current percentage: 36.96% - Max: 39.02% - Min: -21.62% - Market Cap 18734 - Trading time: 00:00:51
08-09-2025 13:20:51.336 INFO Current price: 0.000000092432 - Current percentage: 52.51% - Max: 52.51% - Min: -21.62% - Market Cap 20861 - Trading time: 00:00:52
08-09-2025 13:20:53.347 INFO Current price: 0.000000090733 - Current percentage: 31.97% - Max: 52.51% - Min: -21.62% - Market Cap 18052 - Trading time: 00:00:54
08-09-2025 13:20:55.806 INFO Current price: 0.000000084514 - Current percentage: 32.32% - Max: 52.51% - Min: -21.62% - Market Cap 18100 - Trading time: 00:00:56
08-09-2025 13:20:56.398 INFO Current price: 0.000000084660 - Current percentage: 32.43% - Max: 52.51% - Min: -21.62% - Market Cap 18115 - Trading time: 00:00:57
08-09-2025 13:20:59.221 INFO Current price: 0.000000083305 - Current percentage: 28.12% - Max: 52.51% - Min: -21.62% - Market Cap 17525 - Trading time: 00:01:00
08-09-2025 13:20:59.257 INFO Current price: 0.000000080634 - Current percentage: 24.07% - Max: 52.51% - Min: -21.62% - Market Cap 16972 - Trading time: 00:01:00
08-09-2025 13:21:05.202 INFO Current price: 0.000000078338 - Current percentage: 20.93% - Max: 52.51% - Min: -21.62% - Market Cap 16541 - Trading time: 00:01:06
08-09-2025 13:21:05.213 INFO Current price: 0.000000076379 - Current percentage: 17.94% - Max: 52.51% - Min: -21.62% - Market Cap 16133 - Trading time: 00:01:06
08-09-2025 13:21:09.322 INFO Current price: 0.000000075401 - Current percentage: 17.85% - Max: 52.51% - Min: -21.62% - Market Cap 16121 - Trading time: 00:01:10
08-09-2025 13:21:11.759 INFO Current price: 0.000000075813 - Current percentage: 19.17% - Max: 52.51% - Min: -21.62% - Market Cap 16301 - Trading time: 00:01:12
08-09-2025 13:21:13.438 INFO Current price: 0.000000080728 - Current percentage: 33.70% - Max: 52.51% - Min: -21.62% - Market Cap 18289 - Trading time: 00:01:14
08-09-2025 13:21:18.225 INFO Current price: 0.000000085525 - Current percentage: 33.75% - Max: 52.51% - Min: -21.62% - Market Cap 18295 - Trading time: 00:01:19
08-09-2025 13:21:22.711 INFO Current price: 0.000000080743 - Current percentage: 19.17% - Max: 52.51% - Min: -21.62% - Market Cap 16301 - Trading time: 00:01:23
08-09-2025 13:21:31.775 INFO Current price: 0.000000077445 - Current percentage: 23.05% - Max: 52.51% - Min: -21.62% - Market Cap 16831 - Trading time: 00:01:32
08-09-2025 13:21:31.813 INFO Current price: 0.000000079754 - Current percentage: 26.38% - Max: 52.51% - Min: -21.62% - Market Cap 17287 - Trading time: 00:01:32
08-09-2025 13:21:31.816 INFO Current price: 0.000000082060 - Current percentage: 30.27% - Max: 52.51% - Min: -21.62% - Market Cap 17819 - Trading time: 00:01:32
08-09-2025 13:21:31.833 INFO Current price: 0.000000084403 - Current percentage: 33.70% - Max: 52.51% - Min: -21.62% - Market Cap 18289 - Trading time: 00:01:32
08-09-2025 13:21:35.885 INFO Current price: 0.000000085937 - Current percentage: 35.05% - Max: 52.51% - Min: -21.62% - Market Cap 18472 - Trading time: 00:01:36
08-09-2025 13:21:35.890 INFO Current price: 0.000000086765 - Current percentage: 36.29% - Max: 52.51% - Min: -21.62% - Market Cap 18643 - Trading time: 00:01:36
08-09-2025 13:21:35.955 INFO Current price: 0.000000087531 - Current percentage: 37.44% - Max: 52.51% - Min: -21.62% - Market Cap 18800 - Trading time: 00:01:36
08-09-2025 13:21:35.959 INFO Current price: 0.000000088312 - Current percentage: 38.73% - Max: 52.51% - Min: -21.62% - Market Cap 18977 - Trading time: 00:01:36
08-09-2025 13:21:36.828 INFO Current price: 0.000000088222 - Current percentage: 37.16% - Max: 52.51% - Min: -21.62% - Market Cap 18762 - Trading time: 00:01:37
08-09-2025 13:21:46.395 INFO Current price: 0.000000090139 - Current percentage: 44.83% - Max: 52.51% - Min: -21.62% - Market Cap 19810 - Trading time: 00:01:47
08-09-2025 13:21:46.454 INFO Current price: 0.000000095114 - Current percentage: 52.72% - Max: 52.72% - Min: -21.62% - Market Cap 20890 - Trading time: 00:01:47
08-09-2025 13:21:46.527 INFO Current price: 0.000000098498 - Current percentage: 55.31% - Max: 55.31% - Min: -21.62% - Market Cap 21245 - Trading time: 00:01:47
08-09-2025 13:21:46.631 INFO Current price: 0.000000099486 - Current percentage: 55.80% - Max: 55.80% - Min: -21.62% - Market Cap 21312 - Trading time: 00:01:47
08-09-2025 13:21:48.690 INFO Current price: 0.000000099814 - Current percentage: 56.34% - Max: 56.34% - Min: -21.62% - Market Cap 21385 - Trading time: 00:01:49
08-09-2025 13:21:56.764 INFO Current price: 0.000000103433 - Current percentage: 67.30% - Max: 67.30% - Min: -21.62% - Market Cap 22885 - Trading time: 00:01:57
08-09-2025 13:22:01.710 INFO Current price: 0.000000115912 - Current percentage: 96.34% - Max: 96.34% - Min: -21.62% - Market Cap 26856 - Trading time: 00:02:02
08-09-2025 13:22:05.629 INFO Current price: 0.000000125587 - Current percentage: 96.40% - Max: 96.40% - Min: -21.62% - Market Cap 26865 - Trading time: 00:02:06
08-09-2025 13:22:05.751 INFO Current price: 0.000000124424 - Current percentage: 92.72% - Max: 96.40% - Min: -21.62% - Market Cap 26361 - Trading time: 00:02:06
08-09-2025 13:22:05.936 INFO Current price: 0.000000123349 - Current percentage: 93.02% - Max: 96.40% - Min: -21.62% - Market Cap 26402 - Trading time: 00:02:06
08-09-2025 13:22:06.121 INFO Current price: 0.000000123229 - Current percentage: 92.35% - Max: 96.40% - Min: -21.62% - Market Cap 26310 - Trading time: 00:02:06
08-09-2025 13:22:06.770 INFO Current price: 0.000000123023 - Current percentage: 92.38% - Max: 96.40% - Min: -21.62% - Market Cap 26314 - Trading time: 00:02:07
08-09-2025 13:22:07.872 INFO Current price: 0.000000118061 - Current percentage: 77.14% - Max: 96.40% - Min: -21.62% - Market Cap 24230 - Trading time: 00:02:08
08-09-2025 13:22:11.512 INFO Current price: 0.000000111748 - Current percentage: 72.35% - Max: 96.40% - Min: -21.62% - Market Cap 23575 - Trading time: 00:02:12
08-09-2025 13:22:11.516 INFO Current price: 0.000000108710 - Current percentage: 67.64% - Max: 96.40% - Min: -21.62% - Market Cap 22931 - Trading time: 00:02:12
08-09-2025 13:22:11.994 INFO Current price: 0.000000107205 - Current percentage: 67.61% - Max: 96.40% - Min: -21.62% - Market Cap 22927 - Trading time: 00:02:12
08-09-2025 13:22:13.183 INFO Current price: 0.000000104260 - Current percentage: 58.55% - Max: 96.40% - Min: -21.62% - Market Cap 21688 - Trading time: 00:02:13
08-09-2025 13:22:13.188 INFO Current price: 0.000000098560 - Current percentage: 49.79% - Max: 96.40% - Min: -21.62% - Market Cap 20489 - Trading time: 00:02:14
08-09-2025 13:22:15.447 INFO Current price: 0.000000095732 - Current percentage: 49.58% - Max: 96.40% - Min: -21.62% - Market Cap 20461 - Trading time: 00:02:16
08-09-2025 13:22:20.404 INFO Current price: 0.000000104094 - Current percentage: 77.10% - Max: 96.40% - Min: -21.62% - Market Cap 24225 - Trading time: 00:02:21
08-09-2025 13:22:20.419 INFO Current price: 0.000000119817 - Current percentage: 98.18% - Max: 98.18% - Min: -21.62% - Market Cap 27109 - Trading time: 00:02:21
08-09-2025 13:22:20.782 INFO Current price: 0.000000127787 - Current percentage: 101.45% - Max: 101.45% - Min: -21.62% - Market Cap 27555 - Trading time: 00:02:21
08-09-2025 13:22:20.972 INFO Current price: 0.000000134837 - Current percentage: 120.65% - Max: 120.65% - Min: -21.62% - Market Cap 30182 - Trading time: 00:02:21
08-09-2025 13:22:22.496 INFO Current price: 0.000000141129 - Current percentage: 120.69% - Max: 120.69% - Min: -21.62% - Market Cap 30187 - Trading time: 00:02:23
08-09-2025 13:22:24.172 INFO Current price: 0.000000142163 - Current percentage: 123.90% - Max: 123.90% - Min: -21.62% - Market Cap 30626 - Trading time: 00:02:24
08-09-2025 13:22:26.030 INFO Current price: 0.000000143400 - Current percentage: 124.54% - Max: 124.54% - Min: -21.62% - Market Cap 30715 - Trading time: 00:02:26
08-09-2025 13:22:27.237 INFO Current price: 0.000000145672 - Current percentage: 131.05% - Max: 131.05% - Min: -21.62% - Market Cap 31604 - Trading time: 00:02:28
08-09-2025 13:22:27.810 INFO Current price: 0.000000139081 - Current percentage: 104.68% - Max: 131.05% - Min: -21.62% - Market Cap 27998 - Trading time: 00:02:28
08-09-2025 13:22:30.178 INFO Current price: 0.000000130776 - Current percentage: 104.28% - Max: 131.05% - Min: -21.62% - Market Cap 27943 - Trading time: 00:02:30
08-09-2025 13:22:31.315 INFO Current price: 0.000000130696 - Current percentage: 104.43% - Max: 131.05% - Min: -21.62% - Market Cap 27964 - Trading time: 00:02:32
08-09-2025 13:22:35.391 INFO Current price: 0.000000130942 - Current percentage: 105.05% - Max: 131.05% - Min: -21.62% - Market Cap 28048 - Trading time: 00:02:36
08-09-2025 13:22:36.769 INFO Current price: 0.000000129024 - Current percentage: 98.49% - Max: 131.05% - Min: -21.62% - Market Cap 27150 - Trading time: 00:02:37
08-09-2025 13:22:38.574 INFO Current price: 0.000000126924 - Current percentage: 98.43% - Max: 131.05% - Min: -21.62% - Market Cap 27142 - Trading time: 00:02:39
08-09-2025 13:22:38.812 INFO Current price: 0.000000126886 - Current percentage: 98.37% - Max: 131.05% - Min: -21.62% - Market Cap 27134 - Trading time: 00:02:39
08-09-2025 13:22:38.890 INFO Current price: 0.000000126848 - Current percentage: 98.31% - Max: 131.05% - Min: -21.62% - Market Cap 27126 - Trading time: 00:02:39
08-09-2025 13:22:38.920 INFO Current price: 0.000000126811 - Current percentage: 98.25% - Max: 131.05% - Min: -21.62% - Market Cap 27118 - Trading time: 00:02:39
08-09-2025 13:22:39.184 INFO Current price: 0.000000126775 - Current percentage: 98.20% - Max: 131.05% - Min: -21.62% - Market Cap 27111 - Trading time: 00:02:39
08-09-2025 13:22:39.519 INFO Current price: 0.000000126743 - Current percentage: 98.15% - Max: 131.05% - Min: -21.62% - Market Cap 27105 - Trading time: 00:02:40
08-09-2025 13:22:39.561 INFO Current price: 0.000000126717 - Current percentage: 98.12% - Max: 131.05% - Min: -21.62% - Market Cap 27100 - Trading time: 00:02:40
08-09-2025 13:22:42.572 INFO Current price: 0.000000126725 - Current percentage: 98.18% - Max: 131.05% - Min: -21.62% - Market Cap 27108 - Trading time: 00:02:43
08-09-2025 13:22:43.135 INFO Current price: 0.000000126764 - Current percentage: 98.24% - Max: 131.05% - Min: -21.62% - Market Cap 27116 - Trading time: 00:02:43
08-09-2025 13:22:43.763 INFO Current price: 0.000000126803 - Current percentage: 98.30% - Max: 131.05% - Min: -21.62% - Market Cap 27125 - Trading time: 00:02:44
08-09-2025 13:22:44.240 INFO Current price: 0.000000126841 - Current percentage: 98.36% - Max: 131.05% - Min: -21.62% - Market Cap 27133 - Trading time: 00:02:45
08-09-2025 13:22:44.779 INFO Current price: 0.000000126880 - Current percentage: 98.42% - Max: 131.05% - Min: -21.62% - Market Cap 27141 - Trading time: 00:02:45
08-09-2025 13:22:46.872 INFO Current price: 0.000000126882 - Current percentage: 98.37% - Max: 131.05% - Min: -21.62% - Market Cap 27134 - Trading time: 00:02:47
08-09-2025 13:22:47.161 INFO Current price: 0.000000116045 - Current percentage: 65.97% - Max: 131.05% - Min: -21.62% - Market Cap 22703 - Trading time: 00:02:47
08-09-2025 13:22:47.162 INFO Current price: 0.000000106135 - Current percentage: 65.93% - Max: 131.05% - Min: -21.62% - Market Cap 22697 - Trading time: 00:02:47
08-09-2025 13:22:47.533 INFO Current price: 0.000000103080 - Current percentage: 56.56% - Max: 131.05% - Min: -21.62% - Market Cap 21415 - Trading time: 00:02:48
08-09-2025 13:22:47.619 INFO Current price: 0.000000100114 - Current percentage: 56.52% - Max: 131.05% - Min: -21.62% - Market Cap 21410 - Trading time: 00:02:48
08-09-2025 13:22:47.636 INFO Current price: 0.000000100093 - Current percentage: 56.49% - Max: 131.05% - Min: -21.62% - Market Cap 21406 - Trading time: 00:02:48
08-09-2025 13:22:48.742 INFO Current price: 0.000000100081 - Current percentage: 56.48% - Max: 131.05% - Min: -21.62% - Market Cap 21405 - Trading time: 00:02:49
08-09-2025 13:22:49.173 INFO Current price: 0.000000100250 - Current percentage: 57.02% - Max: 131.05% - Min: -21.62% - Market Cap 21478 - Trading time: 00:02:49
08-09-2025 13:22:50.040 INFO Current price: 0.000000103013 - Current percentage: 65.23% - Max: 131.05% - Min: -21.62% - Market Cap 22601 - Trading time: 00:02:50
08-09-2025 13:22:50.525 INFO Current price: 0.000000106557 - Current percentage: 68.01% - Max: 131.05% - Min: -21.62% - Market Cap 22981 - Trading time: 00:02:51
08-09-2025 13:22:51.075 INFO Current price: 0.000000110165 - Current percentage: 76.61% - Max: 131.05% - Min: -21.62% - Market Cap 24157 - Trading time: 00:02:51
08-09-2025 13:22:51.078 INFO Current price: 0.000000116017 - Current percentage: 86.33% - Max: 131.05% - Min: -21.62% - Market Cap 25488 - Trading time: 00:02:51
08-09-2025 13:22:51.086 INFO Current price: 0.000000122564 - Current percentage: 97.10% - Max: 131.05% - Min: -21.62% - Market Cap 26961 - Trading time: 00:02:51
08-09-2025 13:22:54.039 INFO Current price: 0.000000126010 - Current percentage: 96.96% - Max: 131.05% - Min: -21.62% - Market Cap 26941 - Trading time: 00:02:54
08-09-2025 13:22:55.625 INFO Current price: 0.000000122041 - Current percentage: 84.88% - Max: 131.05% - Min: -21.62% - Market Cap 25289 - Trading time: 00:02:56
08-09-2025 13:22:55.748 INFO Current price: 0.000000115100 - Current percentage: 75.19% - Max: 131.05% - Min: -21.62% - Market Cap 23964 - Trading time: 00:02:56
08-09-2025 13:22:57.161 INFO Current price: 0.000000112225 - Current percentage: 75.76% - Max: 131.05% - Min: -21.62% - Market Cap 24042 - Trading time: 00:02:57
08-09-2025 13:22:58.572 INFO Current price: 0.000000112500 - Current percentage: 76.05% - Max: 131.05% - Min: -21.62% - Market Cap 24081 - Trading time: 00:02:59
08-09-2025 13:23:00.299 INFO Current price: 0.000000107211 - Current percentage: 59.62% - Max: 131.05% - Min: -21.62% - Market Cap 21834 - Trading time: 00:03:01
08-09-2025 13:23:00.361 INFO Current price: 0.000000102261 - Current percentage: 60.17% - Max: 131.05% - Min: -21.62% - Market Cap 21909 - Trading time: 00:03:01
08-09-2025 13:23:08.766 INFO Current price: 0.000000102346 - Current percentage: 59.89% - Max: 131.05% - Min: -21.62% - Market Cap 21871 - Trading time: 00:03:09
08-09-2025 13:23:10.473 INFO Current price: 0.000000102345 - Current percentage: 60.17% - Max: 131.05% - Min: -21.62% - Market Cap 21908 - Trading time: 00:03:11
08-09-2025 13:23:12.238 INFO Current price: 0.000000100486 - Current percentage: 54.13% - Max: 131.05% - Min: -21.62% - Market Cap 21083 - Trading time: 00:03:13
08-09-2025 13:23:12.244 INFO Current price: 0.000000096623 - Current percentage: 48.09% - Max: 131.05% - Min: -21.62% - Market Cap 20256 - Trading time: 00:03:13
08-09-2025 13:23:12.244 INFO Current price: 0.000000092624 - Current percentage: 41.64% - Max: 131.05% - Min: -21.62% - Market Cap 19375 - Trading time: 00:03:13
08-09-2025 13:23:12.293 INFO Current price: 0.000000088794 - Current percentage: 36.09% - Max: 131.05% - Min: -21.62% - Market Cap 18616 - Trading time: 00:03:13
08-09-2025 13:23:12.896 INFO Current price: 0.000000086087 - Current percentage: 33.14% - Max: 131.05% - Min: -21.62% - Market Cap 18211 - Trading time: 00:03:13
08-09-2025 13:23:12.897 INFO Current price: 0.000000079672 - Current percentage: 16.57% - Max: 131.05% - Min: -21.62% - Market Cap 15945 - Trading time: 00:03:13
08-09-2025 13:23:12.940 INFO Current price: 0.000000074086 - Current percentage: 15.12% - Max: 131.05% - Min: -21.62% - Market Cap 15747 - Trading time: 00:03:13
08-09-2025 13:23:13.498 INFO Current price: 0.000000073776 - Current percentage: 15.59% - Max: 131.05% - Min: -21.62% - Market Cap 15811 - Trading time: 00:03:14
08-09-2025 13:23:13.565 INFO Current price: 0.000000075407 - Current percentage: 20.27% - Max: 131.05% - Min: -21.62% - Market Cap 16451 - Trading time: 00:03:14
08-09-2025 13:23:13.608 INFO Current price: 0.000000077533 - Current percentage: 22.20% - Max: 131.05% - Min: -21.62% - Market Cap 16715 - Trading time: 00:03:14
08-09-2025 13:23:13.841 INFO Current price: 0.000000078045 - Current percentage: 21.87% - Max: 131.05% - Min: -21.62% - Market Cap 16670 - Trading time: 00:03:14
08-09-2025 13:23:13.844 INFO Current price: 0.000000078055 - Current percentage: 22.23% - Max: 131.05% - Min: -21.62% - Market Cap 16719 - Trading time: 00:03:14
08-09-2025 13:23:14.356 INFO Current price: 0.000000078476 - Current percentage: 23.18% - Max: 131.05% - Min: -21.62% - Market Cap 16850 - Trading time: 00:03:15
08-09-2025 13:23:15.614 INFO Current price: 0.000000079240 - Current percentage: 24.62% - Max: 131.05% - Min: -21.62% - Market Cap 17047 - Trading time: 00:03:16
08-09-2025 13:23:16.802 INFO Current price: 0.000000079654 - Current percentage: 24.47% - Max: 131.05% - Min: -21.62% - Market Cap 17026 - Trading time: 00:03:17
08-09-2025 13:23:17.274 INFO Current price: 0.000000079759 - Current percentage: 24.95% - Max: 131.05% - Min: -21.62% - Market Cap 17092 - Trading time: 00:03:18
08-09-2025 13:23:17.437 INFO Current price: 0.000000079991 - Current percentage: 25.20% - Max: 131.05% - Min: -21.62% - Market Cap 17125 - Trading time: 00:03:18
08-09-2025 13:23:17.959 INFO Current price: 0.000000079755 - Current percentage: 24.22% - Max: 131.05% - Min: -21.62% - Market Cap 16991 - Trading time: 00:03:18
08-09-2025 13:23:18.833 INFO Current price: 0.000000079757 - Current percentage: 25.20% - Max: 131.05% - Min: -21.62% - Market Cap 17126 - Trading time: 00:03:19
08-09-2025 13:23:19.487 INFO Current price: 0.000000081715 - Current percentage: 30.39% - Max: 131.05% - Min: -21.62% - Market Cap 17836 - Trading time: 00:03:20
08-09-2025 13:23:19.503 INFO Current price: 0.000000084891 - Current percentage: 35.12% - Max: 131.05% - Min: -21.62% - Market Cap 18483 - Trading time: 00:03:20
08-09-2025 13:23:19.503 INFO Current price: 0.000000087991 - Current percentage: 40.09% - Max: 131.05% - Min: -21.62% - Market Cap 19162 - Trading time: 00:03:20
08-09-2025 13:23:26.579 INFO Current price: 0.000000085750 - Current percentage: 28.33% - Max: 131.05% - Min: -21.62% - Market Cap 17554 - Trading time: 00:03:27
08-09-2025 13:23:26.581 INFO Current price: 0.000000078986 - Current percentage: 18.86% - Max: 131.05% - Min: -21.62% - Market Cap 16258 - Trading time: 00:03:27
08-09-2025 13:23:26.582 INFO Current price: 0.000000073170 - Current percentage: 10.13% - Max: 131.05% - Min: -21.62% - Market Cap 15064 - Trading time: 00:03:27
08-09-2025 13:23:26.664 INFO Current price: 0.000000069902 - Current percentage: 8.48% - Max: 131.05% - Min: -21.62% - Market Cap 14838 - Trading time: 00:03:27
08-09-2025 13:23:26.792 INFO Current price: 0.000000069279 - Current percentage: 8.17% - Max: 131.05% - Min: -21.62% - Market Cap 14797 - Trading time: 00:03:27
08-09-2025 13:23:30.983 INFO Current price: 0.000000068054 - Current percentage: 4.67% - Max: 131.05% - Min: -21.62% - Market Cap 14318 - Trading time: 00:03:31
08-09-2025 13:23:30.998 INFO Current price: 0.000000065895 - Current percentage: 1.42% - Max: 131.05% - Min: -21.62% - Market Cap 13873 - Trading time: 00:03:31
08-09-2025 13:23:31.177 INFO Current price: 0.000000063838 - Current percentage: -1.76% - Max: 131.05% - Min: -21.62% - Market Cap 13438 - Trading time: 00:03:31
08-09-2025 13:23:31.181 INFO Current price: 0.000000061875 - Current percentage: -4.72% - Max: 131.05% - Min: -21.62% - Market Cap 13033 - Trading time: 00:03:31
08-09-2025 13:23:31.702 INFO Current price: 0.000000060808 - Current percentage: -5.12% - Max: 131.05% - Min: -21.62% - Market Cap 12978 - Trading time: 00:03:32
08-09-2025 13:23:31.955 INFO Current price: 0.000000058369 - Current percentage: -12.21% - Max: 131.05% - Min: -21.62% - Market Cap 12009 - Trading time: 00:03:32
08-09-2025 13:23:31.958 INFO Current price: 0.000000054068 - Current percentage: -18.59% - Max: 131.05% - Min: -21.62% - Market Cap 11136 - Trading time: 00:03:32
08-09-2025 13:23:31.961 INFO Current price: 0.000000050577 - Current percentage: -23.18% - Max: 131.05% - Min: -23.18% - Market Cap 10508 - Trading time: 00:03:32
08-09-2025 13:23:32.074 INFO Current price: 0.000000047662 - Current percentage: -27.70% - Max: 131.05% - Min: -27.70% - Market Cap 9889 - Trading time: 00:03:32
08-09-2025 13:23:32.077 INFO Current price: 0.000000044064 - Current percentage: -34.34% - Max: 131.05% - Min: -34.34% - Market Cap 8981 - Trading time: 00:03:32
08-09-2025 13:23:32.078 INFO Current price: 0.000000039969 - Current percentage: -40.51% - Max: 131.05% - Min: -40.51% - Market Cap 8137 - Trading time: 00:03:32
08-09-2025 13:23:32.080 INFO Current price: 0.000000037293 - Current percentage: -42.84% - Max: 131.05% - Min: -42.84% - Market Cap 7819 - Trading time: 00:03:32
08-09-2025 13:23:32.082 INFO Current price: 0.000000035335 - Current percentage: -46.60% - Max: 131.05% - Min: -46.60% - Market Cap 7305 - Trading time: 00:03:32
08-09-2025 13:23:32.087 INFO Current price: 0.000000033414 - Current percentage: -48.89% - Max: 131.05% - Min: -48.89% - Market Cap 6991 - Trading time: 00:03:32
08-09-2025 13:23:32.097 INFO Current price: 0.000000031638 - Current percentage: -52.12% - Max: 131.05% - Min: -52.12% - Market Cap 6550 - Trading time: 00:03:32
08-09-2025 13:23:35.629 INFO Current price: 0.000000030512 - Current percentage: -52.46% - Max: 131.05% - Min: -52.46% - Market Cap 6502 - Trading time: 00:03:36
08-09-2025 13:23:35.784 INFO Current price: 0.000000030401 - Current percentage: -52.47% - Max: 131.05% - Min: -52.47% - Market Cap 6502 - Trading time: 00:03:36
08-09-2025 13:23:39.720 INFO Current price: 0.000000030022 - Current percentage: -53.64% - Max: 131.05% - Min: -53.64% - Market Cap 6341 - Trading time: 00:03:40
08-09-2025 13:23:39.817 INFO Current price: 0.000000029671 - Current percentage: -53.57% - Max: 131.05% - Min: -53.64% - Market Cap 6351 - Trading time: 00:03:40
08-09-2025 13:23:43.160 INFO Current price: 0.000000029670 - Current percentage: -53.64% - Max: 131.05% - Min: -53.64% - Market Cap 6341 - Trading time: 00:03:43
08-09-2025 13:23:43.861 INFO Current price: 0.000000029619 - Current percentage: -53.73% - Max: 131.05% - Min: -53.73% - Market Cap 6329 - Trading time: 00:03:44
08-09-2025 13:23:44.271 INFO Current price: 0.000000029455 - Current percentage: -54.04% - Max: 131.05% - Min: -54.04% - Market Cap 6286 - Trading time: 00:03:45
08-09-2025 13:24:02.173 INFO Current price: 0.000000029373 - Current percentage: -54.10% - Max: 131.05% - Min: -54.10% - Market Cap 6278 - Trading time: 00:04:02
08-09-2025 13:24:06.510 INFO Current price: 0.000000028741 - Current percentage: -56.00% - Max: 131.05% - Min: -56.00% - Market Cap 6019 - Trading time: 00:04:07
08-09-2025 13:24:39.220 INFO Current price: 0.000000028149 - Current percentage: -55.97% - Max: 131.05% - Min: -56.00% - Market Cap 6022 - Trading time: 00:04:40
08-09-2025 13:26:32.135 INFO Current price: 0.000000028092 - Current percentage: -56.18% - Max: 131.05% - Min: -56.18% - Market Cap 5994 - Trading time: 00:06:32
08-09-2025 13:31:47.662 INFO Current price: 0.000000028006 - Current percentage: -56.25% - Max: 131.05% - Min: -56.25% - Market Cap 5984 - Trading time: 00:11:48






08-09-2025 13:39:59.189 INFO {"type":"summary","reason":"max_window","startedAt":"2025-09-08T11:19:59.187Z","endedAt":"2025-09-08T11:39:59.189Z","durationSec":1200,"entryPrice":6.826973414026114e-8,"entryMarketCapSol":63.954674333656115,"entryMarketCapUsd":13678.62574648237,"minPct":-56.25044559393982,"maxPct":131.04973412805563,"buyCount":84,"sellCount":104,"tradeCount":188,"entryRecorded":true,"noPostThresholdTrades":false,"triggerAt":"2025-09-08T11:19:59.186Z","ageAtTriggerSec":11,"preTotalTrades":15,"preBuys":12,"preSells":3,"preUniqueTraders":10,"preEntryTotalTrades":19,"preEntryBuys":16,"preEntrySells":3,"preEntryUniqueTraders":14,"preEntryMinMcUsd":9858.83113237846,"preEntryMaxMcUsd":15775.494503267213,"thresholdMcSol":63.954674333656115,"thresholdMcUsd":13678.62574648237,"thresholdPrice":6.826973414026114e-8}
