08-09-2025 07:04:50.022 INFO Entry price: 0.000000328214235801 - Entry market cap: 67008 - Buys 136 - Sells 13 - Ratio: 1:0.10 - Min MarketCap: 46056 - Max MarketCap: 73926
08-09-2025 07:04:50.022 INFO Current price: 0.000000328214 - Current percentage: 0.00% - Max: 0.00% - Min: 0.00% - Market Cap 67008 - Trading time: 00:00:02
08-09-2025 07:04:52.843 INFO Current price: 0.000000322320 - Current percentage: 0.01% - Max: 0.01% - Min: 0.00% - Market Cap 67014 - Trading time: 00:00:04
08-09-2025 07:04:54.428 INFO Current price: 0.000000331561 - Current percentage: 5.83% - Max: 5.83% - Min: 0.00% - Market Cap 70911 - Trading time: 00:00:06
08-09-2025 07:05:01.271 INFO Current price: 0.000000334754 - Current percentage: 6.54% - Max: 6.54% - Min: 0.00% - Market Cap 71388 - Trading time: 00:00:13
08-09-2025 07:05:07.408 INFO Current price: 0.000000338875 - Current percentage: 8.23% - Max: 8.23% - Min: 0.00% - Market Cap 72520 - Trading time: 00:00:19
08-09-2025 07:05:14.146 INFO Current price: 0.000000331268 - Current percentage: 5.72% - Max: 8.23% - Min: 0.00% - Market Cap 70839 - Trading time: 00:00:26
08-09-2025 07:05:17.278 INFO Current price: 0.000000340846 - Current percentage: 5.80% - Max: 8.23% - Min: 0.00% - Market Cap 70892 - Trading time: 00:00:29
08-09-2025 07:05:19.990 INFO Current price: 0.000000329276 - Current percentage: 2.26% - Max: 8.23% - Min: 0.00% - Market Cap 68525 - Trading time: 00:00:31
08-09-2025 07:05:20.292 INFO Current price: 0.000000338099 - Current percentage: 7.61% - Max: 8.23% - Min: 0.00% - Market Cap 72109 - Trading time: 00:00:32
08-09-2025 07:05:26.224 INFO Current price: 0.000000333177 - Current percentage: 6.13% - Max: 8.23% - Min: 0.00% - Market Cap 71119 - Trading time: 00:00:38
08-09-2025 07:05:31.745 INFO Current price: 0.000000321049 - Current percentage: -0.29% - Max: 8.23% - Min: -0.29% - Market Cap 66813 - Trading time: 00:00:43
08-09-2025 07:05:31.772 INFO Current price: 0.000000322918 - Current percentage: 0.68% - Max: 8.23% - Min: -0.29% - Market Cap 67464 - Trading time: 00:00:43
08-09-2025 07:05:32.971 INFO Current price: 0.000000332696 - Current percentage: 5.84% - Max: 8.23% - Min: -0.29% - Market Cap 70921 - Trading time: 00:00:44
08-09-2025 07:05:39.537 INFO Current price: 0.000000331584 - Current percentage: 5.64% - Max: 8.23% - Min: -0.29% - Market Cap 70786 - Trading time: 00:00:51
08-09-2025 07:05:45.303 INFO Current price: 0.000000332385 - Current percentage: 5.77% - Max: 8.23% - Min: -0.29% - Market Cap 70876 - Trading time: 00:00:57
08-09-2025 07:05:53.325 INFO Current price: 0.000000335001 - Current percentage: 6.79% - Max: 8.23% - Min: -0.29% - Market Cap 71557 - Trading time: 00:01:05
08-09-2025 07:05:55.460 INFO Current price: 0.000000344821 - Current percentage: 7.19% - Max: 8.23% - Min: -0.29% - Market Cap 71826 - Trading time: 00:01:07
08-09-2025 07:05:55.587 INFO Current price: 0.000000345831 - Current percentage: 7.42% - Max: 8.23% - Min: -0.29% - Market Cap 71978 - Trading time: 00:01:07
08-09-2025 07:05:55.669 INFO Current price: 0.000000347160 - Current percentage: 8.02% - Max: 8.23% - Min: -0.29% - Market Cap 72379 - Trading time: 00:01:07
08-09-2025 07:05:59.811 INFO Current price: 0.000000330390 - Current percentage: 5.41% - Max: 8.23% - Min: -0.29% - Market Cap 70632 - Trading time: 00:01:11
08-09-2025 07:06:06.145 INFO Current price: 0.000000329381 - Current percentage: 2.32% - Max: 8.23% - Min: -0.29% - Market Cap 68560 - Trading time: 00:01:18
08-09-2025 07:06:06.411 INFO Current price: 0.000000328670 - Current percentage: 4.58% - Max: 8.23% - Min: -0.29% - Market Cap 70074 - Trading time: 00:01:18
08-09-2025 07:06:07.738 INFO Current price: 0.000000337689 - Current percentage: 4.98% - Max: 8.23% - Min: -0.29% - Market Cap 70344 - Trading time: 00:01:19
08-09-2025 07:06:13.060 INFO Current price: 0.000000328575 - Current percentage: 4.54% - Max: 8.23% - Min: -0.29% - Market Cap 70052 - Trading time: 00:01:25
08-09-2025 07:06:18.254 INFO Current price: 0.000000320375 - Current percentage: -0.56% - Max: 8.23% - Min: -0.56% - Market Cap 66634 - Trading time: 00:01:30
08-09-2025 07:06:19.116 INFO Current price: 0.000000329444 - Current percentage: 5.07% - Max: 8.23% - Min: -0.56% - Market Cap 70408 - Trading time: 00:01:31
08-09-2025 07:06:21.367 INFO Current price: 0.000000326234 - Current percentage: 1.32% - Max: 8.23% - Min: -0.56% - Market Cap 67892 - Trading time: 00:01:33
08-09-2025 07:06:25.190 INFO Current price: 0.000000325633 - Current percentage: 3.64% - Max: 8.23% - Min: -0.56% - Market Cap 69449 - Trading time: 00:01:37
08-09-2025 07:06:31.237 INFO Current price: 0.000000323670 - Current percentage: 3.00% - Max: 8.23% - Min: -0.56% - Market Cap 69016 - Trading time: 00:01:43
08-09-2025 07:06:33.141 INFO Current price: 0.000000331904 - Current percentage: 2.97% - Max: 8.23% - Min: -0.56% - Market Cap 68997 - Trading time: 00:01:45
08-09-2025 07:06:34.831 INFO Current price: 0.000000331736 - Current percentage: 2.89% - Max: 8.23% - Min: -0.56% - Market Cap 68946 - Trading time: 00:01:46
08-09-2025 07:06:37.322 INFO Current price: 0.000000330505 - Current percentage: 5.16% - Max: 8.23% - Min: -0.56% - Market Cap 70464 - Trading time: 00:01:49
08-09-2025 07:06:42.205 INFO Current price: 0.000000338589 - Current percentage: 4.95% - Max: 8.23% - Min: -0.56% - Market Cap 70328 - Trading time: 00:01:54
08-09-2025 07:06:43.703 INFO Current price: 0.000000347546 - Current percentage: 10.80% - Max: 10.80% - Min: -0.56% - Market Cap 74242 - Trading time: 00:01:55
08-09-2025 07:06:44.617 INFO Current price: 0.000000357153 - Current percentage: 10.84% - Max: 10.84% - Min: -0.56% - Market Cap 74269 - Trading time: 00:01:56
08-09-2025 07:06:50.864 INFO Current price: 0.000000367503 - Current percentage: 17.31% - Max: 17.31% - Min: -0.56% - Market Cap 78607 - Trading time: 00:02:02
08-09-2025 07:06:55.701 INFO Current price: 0.000000379425 - Current percentage: 18.15% - Max: 18.15% - Min: -0.56% - Market Cap 79166 - Trading time: 00:02:07
08-09-2025 07:06:56.692 INFO Current price: 0.000000382131 - Current percentage: 18.99% - Max: 18.99% - Min: -0.56% - Market Cap 79732 - Trading time: 00:02:08
08-09-2025 07:06:58.426 INFO Current price: 0.000000383656 - Current percentage: 19.09% - Max: 19.09% - Min: -0.56% - Market Cap 79800 - Trading time: 00:02:10
08-09-2025 07:06:58.430 INFO Current price: 0.000000383994 - Current percentage: 19.20% - Max: 19.20% - Min: -0.56% - Market Cap 79873 - Trading time: 00:02:10
08-09-2025 07:07:05.894 INFO Current price: 0.000000384309 - Current percentage: 19.29% - Max: 19.29% - Min: -0.56% - Market Cap 79931 - Trading time: 00:02:17
08-09-2025 07:07:16.556 INFO Current price: 0.000000384619 - Current percentage: 19.39% - Max: 19.39% - Min: -0.56% - Market Cap 80002 - Trading time: 00:02:28
08-09-2025 07:07:28.455 INFO Current price: 0.000000397621 - Current percentage: 27.49% - Max: 27.49% - Min: -0.56% - Market Cap 85426 - Trading time: 00:02:40






08-09-2025 07:17:28.470 INFO {"type":"summary","reason":"inactivity","startedAt":"2025-09-08T05:04:48.020Z","endedAt":"2025-09-08T05:17:28.470Z","durationSec":760,"entryPrice":3.282142358009037e-7,"entryMarketCapSol":322.29155275858824,"entryMarketCapUsd":67007.63673403808,"minPct":-0.5575585041046706,"maxPct":27.487104332465446,"buyCount":40,"sellCount":4,"tradeCount":44,"entryRecorded":true,"noPostThresholdTrades":false,"triggerAt":"2025-09-08T05:04:48.020Z","ageAtTriggerSec":484,"preTotalTrades":147,"preBuys":135,"preSells":12,"preUniqueTraders":108,"preEntryTotalTrades":149,"preEntryBuys":136,"preEntrySells":13,"preEntryUniqueTraders":109,"preEntryMinMcUsd":46055.74760576285,"preEntryMaxMcUsd":73926.44300220504,"thresholdMcSol":322.29155275858824,"thresholdMcUsd":67007.63673403808,"thresholdPrice":3.282142358009037e-7}
