08-09-2025 18:48:43.913 INFO Entry price: 0.000000060517985221 - Entry market cap: 12140 - Buys 19 - Sells 13 - Ratio: 1:0.68 - Min MarketCap: 7287 - Max MarketCap: 14489
08-09-2025 18:48:43.913 INFO Current price: 0.000000060518 - Current percentage: 0.00% - Max: 0.00% - Min: 0.00% - Market Cap 12140 - Trading time: 00:00:02
08-09-2025 18:48:43.939 INFO Current price: 0.000000055003 - Current percentage: -5.07% - Max: 0.00% - Min: -5.07% - Market Cap 11524 - Trading time: 00:00:02
08-09-2025 18:48:43.942 INFO Current price: 0.000000052361 - Current percentage: -9.99% - Max: 0.00% - Min: -9.99% - Market Cap 10927 - Trading time: 00:00:02
08-09-2025 18:48:44.019 INFO Current price: 0.000000051108 - Current percentage: -9.56% - Max: 0.00% - Min: -9.99% - Market Cap 10979 - Trading time: 00:00:02
08-09-2025 18:48:44.558 INFO Current price: 0.000000049910 - Current percentage: -14.17% - Max: 0.00% - Min: -14.17% - Market Cap 10420 - Trading time: 00:00:02
08-09-2025 18:48:44.559 INFO Current price: 0.000000047436 - Current percentage: -18.30% - Max: 0.00% - Min: -18.30% - Market Cap 9918 - Trading time: 00:00:02
08-09-2025 18:48:44.562 INFO Current price: 0.000000045484 - Current percentage: -21.08% - Max: 0.00% - Min: -21.08% - Market Cap 9581 - Trading time: 00:00:02
08-09-2025 18:48:44.566 INFO Current price: 0.000000044024 - Current percentage: -23.46% - Max: 0.00% - Min: -23.46% - Market Cap 9291 - Trading time: 00:00:02
08-09-2025 18:48:48.105 INFO Current price: 0.000000043366 - Current percentage: -23.42% - Max: 0.00% - Min: -23.46% - Market Cap 9296 - Trading time: 00:00:06
08-09-2025 18:48:48.540 INFO Current price: 0.000000045114 - Current percentage: -17.17% - Max: 0.00% - Min: -23.46% - Market Cap 10056 - Trading time: 00:00:06
08-09-2025 18:48:48.542 INFO Current price: 0.000000048656 - Current percentage: -10.93% - Max: 0.00% - Min: -23.46% - Market Cap 10813 - Trading time: 00:00:06
08-09-2025 18:48:48.652 INFO Current price: 0.000000052276 - Current percentage: -4.38% - Max: 0.00% - Min: -23.46% - Market Cap 11608 - Trading time: 00:00:06
08-09-2025 18:48:48.655 INFO Current price: 0.000000056081 - Current percentage: 2.51% - Max: 2.51% - Min: -23.46% - Market Cap 12444 - Trading time: 00:00:06
08-09-2025 18:48:49.535 INFO Current price: 0.000000058185 - Current percentage: 2.93% - Max: 2.93% - Min: -23.46% - Market Cap 12495 - Trading time: 00:00:07
08-09-2025 18:48:50.169 INFO Current price: 0.000000060936 - Current percentage: 12.43% - Max: 12.43% - Min: -23.46% - Market Cap 13649 - Trading time: 00:00:08
08-09-2025 18:48:50.282 INFO Current price: 0.000000064812 - Current percentage: 16.44% - Max: 16.44% - Min: -23.46% - Market Cap 14135 - Trading time: 00:00:08
08-09-2025 18:48:50.334 INFO Current price: 0.000000066250 - Current percentage: 17.47% - Max: 17.47% - Min: -23.46% - Market Cap 14261 - Trading time: 00:00:08
08-09-2025 18:48:50.354 INFO Current price: 0.000000067270 - Current percentage: 20.05% - Max: 20.05% - Min: -23.46% - Market Cap 14574 - Trading time: 00:00:08
08-09-2025 18:48:52.509 INFO Current price: 0.000000067815 - Current percentage: 19.38% - Max: 20.05% - Min: -23.46% - Market Cap 14493 - Trading time: 00:00:10
08-09-2025 18:48:53.301 INFO Current price: 0.000000068335 - Current percentage: 21.90% - Max: 21.90% - Min: -23.46% - Market Cap 14798 - Trading time: 00:00:11
08-09-2025 18:48:54.210 INFO Current price: 0.000000066096 - Current percentage: 11.69% - Max: 21.90% - Min: -23.46% - Market Cap 13559 - Trading time: 00:00:12
08-09-2025 18:48:54.369 INFO Current price: 0.000000062993 - Current percentage: 10.72% - Max: 21.90% - Min: -23.46% - Market Cap 13442 - Trading time: 00:00:12
08-09-2025 18:48:55.555 INFO Current price: 0.000000063404 - Current percentage: 13.15% - Max: 21.90% - Min: -23.46% - Market Cap 13736 - Trading time: 00:00:13
08-09-2025 18:48:55.722 INFO Current price: 0.000000064790 - Current percentage: 15.62% - Max: 21.90% - Min: -23.46% - Market Cap 14036 - Trading time: 00:00:13
08-09-2025 18:48:55.783 INFO Current price: 0.000000065774 - Current percentage: 16.61% - Max: 21.90% - Min: -23.46% - Market Cap 14156 - Trading time: 00:00:13
08-09-2025 18:48:56.648 INFO Current price: 0.000000066124 - Current percentage: 16.85% - Max: 21.90% - Min: -23.46% - Market Cap 14186 - Trading time: 00:00:14
08-09-2025 18:48:56.650 INFO Current price: 0.000000067610 - Current percentage: 21.91% - Max: 21.91% - Min: -23.46% - Market Cap 14800 - Trading time: 00:00:14
08-09-2025 18:48:57.037 INFO Current price: 0.000000070521 - Current percentage: 27.13% - Max: 27.13% - Min: -23.46% - Market Cap 15434 - Trading time: 00:00:15
08-09-2025 18:48:57.043 INFO Current price: 0.000000073513 - Current percentage: 32.47% - Max: 32.47% - Min: -23.46% - Market Cap 16082 - Trading time: 00:00:15
08-09-2025 18:48:57.048 INFO Current price: 0.000000076567 - Current percentage: 37.92% - Max: 37.92% - Min: -23.46% - Market Cap 16743 - Trading time: 00:00:15
08-09-2025 18:48:57.242 INFO Current price: 0.000000077671 - Current percentage: 36.32% - Max: 37.92% - Min: -23.46% - Market Cap 16549 - Trading time: 00:00:15
08-09-2025 18:48:57.375 INFO Current price: 0.000000077447 - Current percentage: 37.12% - Max: 37.92% - Min: -23.46% - Market Cap 16647 - Trading time: 00:00:15
08-09-2025 18:48:58.392 INFO Current price: 0.000000076766 - Current percentage: 33.93% - Max: 37.92% - Min: -23.46% - Market Cap 16259 - Trading time: 00:00:16
08-09-2025 18:48:58.494 INFO Current price: 0.000000071661 - Current percentage: 19.49% - Max: 37.92% - Min: -23.46% - Market Cap 14506 - Trading time: 00:00:16
08-09-2025 18:48:58.721 INFO Current price: 0.000000067452 - Current percentage: 18.66% - Max: 37.92% - Min: -23.46% - Market Cap 14406 - Trading time: 00:00:16
08-09-2025 18:48:58.796 INFO Current price: 0.000000067361 - Current percentage: 19.17% - Max: 37.92% - Min: -23.46% - Market Cap 14467 - Trading time: 00:00:16
08-09-2025 18:48:59.187 INFO Current price: 0.000000067575 - Current percentage: 19.42% - Max: 37.92% - Min: -23.46% - Market Cap 14497 - Trading time: 00:00:17
08-09-2025 18:48:59.189 INFO Current price: 0.000000067574 - Current percentage: 19.16% - Max: 37.92% - Min: -23.46% - Market Cap 14466 - Trading time: 00:00:17
08-09-2025 18:48:59.227 INFO Current price: 0.000000067558 - Current percentage: 19.36% - Max: 37.92% - Min: -23.46% - Market Cap 14490 - Trading time: 00:00:17
08-09-2025 18:48:59.530 INFO Current price: 0.000000067756 - Current percentage: 19.86% - Max: 37.92% - Min: -23.46% - Market Cap 14551 - Trading time: 00:00:17
08-09-2025 18:48:59.578 INFO Current price: 0.000000067922 - Current percentage: 19.95% - Max: 37.92% - Min: -23.46% - Market Cap 14562 - Trading time: 00:00:17
08-09-2025 18:49:00.703 INFO Current price: 0.000000067989 - Current percentage: 20.10% - Max: 37.92% - Min: -23.46% - Market Cap 14580 - Trading time: 00:00:18
08-09-2025 18:49:01.376 INFO Current price: 0.000000068743 - Current percentage: 22.62% - Max: 37.92% - Min: -23.46% - Market Cap 14886 - Trading time: 00:00:19
08-09-2025 18:49:02.279 INFO Current price: 0.000000066334 - Current percentage: 11.83% - Max: 37.92% - Min: -23.46% - Market Cap 13576 - Trading time: 00:00:20
08-09-2025 18:49:02.391 INFO Current price: 0.000000063416 - Current percentage: 12.07% - Max: 37.92% - Min: -23.46% - Market Cap 13605 - Trading time: 00:00:20
08-09-2025 18:49:03.001 INFO Current price: 0.000000062403 - Current percentage: 8.28% - Max: 37.92% - Min: -23.46% - Market Cap 13146 - Trading time: 00:00:21
08-09-2025 18:49:03.181 INFO Current price: 0.000000061407 - Current percentage: 8.52% - Max: 37.92% - Min: -23.46% - Market Cap 13175 - Trading time: 00:00:21
08-09-2025 18:49:03.240 INFO Current price: 0.000000061158 - Current percentage: 7.41% - Max: 37.92% - Min: -23.46% - Market Cap 13039 - Trading time: 00:00:21
08-09-2025 18:49:03.263 INFO Current price: 0.000000061246 - Current percentage: 8.84% - Max: 37.92% - Min: -23.46% - Market Cap 13213 - Trading time: 00:00:21
08-09-2025 18:49:03.524 INFO Current price: 0.000000061719 - Current percentage: 9.08% - Max: 37.92% - Min: -23.46% - Market Cap 13242 - Trading time: 00:00:21
08-09-2025 18:49:03.754 INFO Current price: 0.000000061626 - Current percentage: 8.51% - Max: 37.92% - Min: -23.46% - Market Cap 13172 - Trading time: 00:00:21
08-09-2025 18:49:04.780 INFO Current price: 0.000000061599 - Current percentage: 8.98% - Max: 37.92% - Min: -23.46% - Market Cap 13230 - Trading time: 00:00:22
08-09-2025 18:49:04.946 INFO Current price: 0.000000056414 - Current percentage: -8.99% - Max: 37.92% - Min: -23.46% - Market Cap 11048 - Trading time: 00:00:23
08-09-2025 18:49:05.052 INFO Current price: 0.000000050714 - Current percentage: -11.93% - Max: 37.92% - Min: -23.46% - Market Cap 10692 - Trading time: 00:00:23
08-09-2025 18:49:05.053 INFO Current price: 0.000000049024 - Current percentage: -14.96% - Max: 37.92% - Min: -23.46% - Market Cap 10324 - Trading time: 00:00:23
08-09-2025 18:49:05.055 INFO Current price: 0.000000047385 - Current percentage: -17.72% - Max: 37.92% - Min: -23.46% - Market Cap 9989 - Trading time: 00:00:23
08-09-2025 18:49:06.014 INFO Current price: 0.000000046569 - Current percentage: -17.86% - Max: 37.92% - Min: -23.46% - Market Cap 9971 - Trading time: 00:00:24
08-09-2025 18:49:06.133 INFO Current price: 0.000000046484 - Current percentage: -18.02% - Max: 37.92% - Min: -23.46% - Market Cap 9953 - Trading time: 00:00:24
08-09-2025 18:49:06.206 INFO Current price: 0.000000046796 - Current percentage: -16.76% - Max: 37.92% - Min: -23.46% - Market Cap 10106 - Trading time: 00:00:24
08-09-2025 18:49:06.690 INFO Current price: 0.000000047121 - Current percentage: -16.87% - Max: 37.92% - Min: -23.46% - Market Cap 10091 - Trading time: 00:00:24
08-09-2025 18:49:06.815 INFO Current price: 0.000000047171 - Current percentage: -16.58% - Max: 37.92% - Min: -23.46% - Market Cap 10127 - Trading time: 00:00:24
08-09-2025 18:49:06.874 INFO Current price: 0.000000047387 - Current percentage: -16.11% - Max: 37.92% - Min: -23.46% - Market Cap 10184 - Trading time: 00:00:24
08-09-2025 18:49:06.877 INFO Current price: 0.000000047428 - Current percentage: -16.43% - Max: 37.92% - Min: -23.46% - Market Cap 10145 - Trading time: 00:00:24
08-09-2025 18:49:06.883 INFO Current price: 0.000000047398 - Current percentage: -16.22% - Max: 37.92% - Min: -23.46% - Market Cap 10171 - Trading time: 00:00:24
08-09-2025 18:49:06.923 INFO Current price: 0.000000047620 - Current percentage: -15.65% - Max: 37.92% - Min: -23.46% - Market Cap 10240 - Trading time: 00:00:25
08-09-2025 18:49:07.316 INFO Current price: 0.000000048376 - Current percentage: -13.54% - Max: 37.92% - Min: -23.46% - Market Cap 10497 - Trading time: 00:00:25
08-09-2025 18:49:07.384 INFO Current price: 0.000000048551 - Current percentage: -15.04% - Max: 37.92% - Min: -23.46% - Market Cap 10314 - Trading time: 00:00:25
08-09-2025 18:49:07.895 INFO Current price: 0.000000048150 - Current percentage: -14.96% - Max: 37.92% - Min: -23.46% - Market Cap 10324 - Trading time: 00:00:25
08-09-2025 18:49:07.993 INFO Current price: 0.000000048294 - Current percentage: -14.53% - Max: 37.92% - Min: -23.46% - Market Cap 10376 - Trading time: 00:00:26
08-09-2025 18:49:08.038 INFO Current price: 0.000000048716 - Current percentage: -13.46% - Max: 37.92% - Min: -23.46% - Market Cap 10505 - Trading time: 00:00:26
08-09-2025 18:49:08.200 INFO Current price: 0.000000048640 - Current percentage: -14.80% - Max: 37.92% - Min: -23.46% - Market Cap 10343 - Trading time: 00:00:26
08-09-2025 18:49:09.082 INFO Current price: 0.000000047835 - Current percentage: -16.30% - Max: 37.92% - Min: -23.46% - Market Cap 10161 - Trading time: 00:00:27
08-09-2025 18:49:09.690 INFO Current price: 0.000000047367 - Current percentage: -16.46% - Max: 37.92% - Min: -23.46% - Market Cap 10142 - Trading time: 00:00:27
08-09-2025 18:49:11.255 INFO Current price: 0.000000047239 - Current percentage: -16.75% - Max: 37.92% - Min: -23.46% - Market Cap 10106 - Trading time: 00:00:29
08-09-2025 18:49:12.057 INFO Current price: 0.000000046885 - Current percentage: -17.71% - Max: 37.92% - Min: -23.46% - Market Cap 9990 - Trading time: 00:00:30
08-09-2025 18:49:12.153 INFO Current price: 0.000000048231 - Current percentage: -11.90% - Max: 37.92% - Min: -23.46% - Market Cap 10695 - Trading time: 00:00:30
08-09-2025 18:49:12.199 INFO Current price: 0.000000051883 - Current percentage: -4.78% - Max: 37.92% - Min: -23.46% - Market Cap 11560 - Trading time: 00:00:30
08-09-2025 18:49:12.871 INFO Current price: 0.000000053867 - Current percentage: -5.04% - Max: 37.92% - Min: -23.46% - Market Cap 11528 - Trading time: 00:00:30
08-09-2025 18:49:13.141 INFO Current price: 0.000000053919 - Current percentage: -4.59% - Max: 37.92% - Min: -23.46% - Market Cap 11583 - Trading time: 00:00:31
08-09-2025 18:49:13.189 INFO Current price: 0.000000054110 - Current percentage: -4.37% - Max: 37.92% - Min: -23.46% - Market Cap 11610 - Trading time: 00:00:31
08-09-2025 18:49:13.729 INFO Current price: 0.000000056076 - Current percentage: 2.47% - Max: 37.92% - Min: -23.46% - Market Cap 12440 - Trading time: 00:00:31
08-09-2025 18:49:14.689 INFO Current price: 0.000000058014 - Current percentage: 2.36% - Max: 37.92% - Min: -23.46% - Market Cap 12426 - Trading time: 00:00:32
08-09-2025 18:49:15.153 INFO Current price: 0.000000057767 - Current percentage: 1.60% - Max: 37.92% - Min: -23.46% - Market Cap 12334 - Trading time: 00:00:33
08-09-2025 18:49:15.158 INFO Current price: 0.000000057376 - Current percentage: 0.98% - Max: 37.92% - Min: -23.46% - Market Cap 12258 - Trading time: 00:00:33
08-09-2025 18:49:15.271 INFO Current price: 0.000000055272 - Current percentage: -5.71% - Max: 37.92% - Min: -23.46% - Market Cap 11446 - Trading time: 00:00:33
08-09-2025 18:49:16.783 INFO Current price: 0.000000053562 - Current percentage: -5.17% - Max: 37.92% - Min: -23.46% - Market Cap 11512 - Trading time: 00:00:34
08-09-2025 18:49:16.786 INFO Current price: 0.000000053887 - Current percentage: -4.57% - Max: 37.92% - Min: -23.46% - Market Cap 11585 - Trading time: 00:00:34
08-09-2025 18:49:17.123 INFO Current price: 0.000000054334 - Current percentage: -3.59% - Max: 37.92% - Min: -23.46% - Market Cap 11704 - Trading time: 00:00:35
08-09-2025 18:49:17.126 INFO Current price: 0.000000054878 - Current percentage: -2.65% - Max: 37.92% - Min: -23.46% - Market Cap 11818 - Trading time: 00:00:35
08-09-2025 18:49:17.129 INFO Current price: 0.000000055470 - Current percentage: -1.50% - Max: 37.92% - Min: -23.46% - Market Cap 11957 - Trading time: 00:00:35
08-09-2025 18:49:17.130 INFO Current price: 0.000000056114 - Current percentage: -0.38% - Max: 37.92% - Min: -23.46% - Market Cap 12094 - Trading time: 00:00:35
08-09-2025 18:49:17.341 INFO Current price: 0.000000056757 - Current percentage: 0.77% - Max: 37.92% - Min: -23.46% - Market Cap 12233 - Trading time: 00:00:35
08-09-2025 18:49:17.342 INFO Current price: 0.000000057408 - Current percentage: 1.92% - Max: 37.92% - Min: -23.46% - Market Cap 12373 - Trading time: 00:00:35
08-09-2025 18:49:17.409 INFO Current price: 0.000000058915 - Current percentage: 6.13% - Max: 37.92% - Min: -23.46% - Market Cap 12884 - Trading time: 00:00:35
08-09-2025 18:49:18.047 INFO Current price: 0.000000060124 - Current percentage: 6.15% - Max: 37.92% - Min: -23.46% - Market Cap 12887 - Trading time: 00:00:36
08-09-2025 18:49:18.112 INFO Current price: 0.000000060157 - Current percentage: 6.24% - Max: 37.92% - Min: -23.46% - Market Cap 12898 - Trading time: 00:00:36
08-09-2025 18:49:19.042 INFO Current price: 0.000000060318 - Current percentage: 6.72% - Max: 37.92% - Min: -23.46% - Market Cap 12955 - Trading time: 00:00:37
08-09-2025 18:49:19.667 INFO Current price: 0.000000060143 - Current percentage: 5.63% - Max: 37.92% - Min: -23.46% - Market Cap 12824 - Trading time: 00:00:37
08-09-2025 18:49:19.703 INFO Current price: 0.000000059520 - Current percentage: 4.52% - Max: 37.92% - Min: -23.46% - Market Cap 12688 - Trading time: 00:00:37
08-09-2025 18:49:19.707 INFO Current price: 0.000000059042 - Current percentage: 3.94% - Max: 37.92% - Min: -23.46% - Market Cap 12619 - Trading time: 00:00:37
08-09-2025 18:49:21.124 INFO Current price: 0.000000058684 - Current percentage: 3.25% - Max: 37.92% - Min: -23.46% - Market Cap 12535 - Trading time: 00:00:39
08-09-2025 18:49:21.127 INFO Current price: 0.000000058315 - Current percentage: 2.64% - Max: 37.92% - Min: -23.46% - Market Cap 12460 - Trading time: 00:00:39
08-09-2025 18:49:21.309 INFO Current price: 0.000000058799 - Current percentage: 4.97% - Max: 37.92% - Min: -23.46% - Market Cap 12744 - Trading time: 00:00:39
08-09-2025 18:49:22.215 INFO Current price: 0.000000059477 - Current percentage: 5.02% - Max: 37.92% - Min: -23.46% - Market Cap 12749 - Trading time: 00:00:40
08-09-2025 18:49:25.557 INFO Current price: 0.000000060198 - Current percentage: 7.53% - Max: 37.92% - Min: -23.46% - Market Cap 13054 - Trading time: 00:00:43
08-09-2025 18:49:25.559 INFO Current price: 0.000000061543 - Current percentage: 9.77% - Max: 37.92% - Min: -23.46% - Market Cap 13325 - Trading time: 00:00:43
08-09-2025 18:49:25.748 INFO Current price: 0.000000061744 - Current percentage: 8.24% - Max: 37.92% - Min: -23.46% - Market Cap 13140 - Trading time: 00:00:43
08-09-2025 18:49:26.151 INFO Current price: 0.000000061277 - Current percentage: 8.11% - Max: 37.92% - Min: -23.46% - Market Cap 13125 - Trading time: 00:00:44
08-09-2025 18:49:26.418 INFO Current price: 0.000000060005 - Current percentage: 3.79% - Max: 37.92% - Min: -23.46% - Market Cap 12600 - Trading time: 00:00:44
08-09-2025 18:49:26.542 INFO Current price: 0.000000059127 - Current percentage: 4.97% - Max: 37.92% - Min: -23.46% - Market Cap 12743 - Trading time: 00:00:44
08-09-2025 18:49:27.550 INFO Current price: 0.000000059598 - Current percentage: 5.45% - Max: 37.92% - Min: -23.46% - Market Cap 12802 - Trading time: 00:00:45
08-09-2025 18:49:28.520 INFO Current price: 0.000000061065 - Current percentage: 10.20% - Max: 37.92% - Min: -23.46% - Market Cap 13378 - Trading time: 00:00:46
08-09-2025 18:49:28.529 INFO Current price: 0.000000063788 - Current percentage: 15.07% - Max: 37.92% - Min: -23.46% - Market Cap 13969 - Trading time: 00:00:46
08-09-2025 18:49:32.446 INFO Current price: 0.000000065047 - Current percentage: 14.60% - Max: 37.92% - Min: -23.46% - Market Cap 13912 - Trading time: 00:00:50
08-09-2025 18:49:32.539 INFO Current price: 0.000000065209 - Current percentage: 15.64% - Max: 37.92% - Min: -23.46% - Market Cap 14038 - Trading time: 00:00:50
08-09-2025 18:49:34.597 INFO Current price: 0.000000065358 - Current percentage: 15.12% - Max: 37.92% - Min: -23.46% - Market Cap 13976 - Trading time: 00:00:52
08-09-2025 18:49:36.305 INFO Current price: 0.000000063003 - Current percentage: 7.45% - Max: 37.92% - Min: -23.46% - Market Cap 13045 - Trading time: 00:00:54
08-09-2025 18:49:36.308 INFO Current price: 0.000000059019 - Current percentage: 1.03% - Max: 37.92% - Min: -23.46% - Market Cap 12264 - Trading time: 00:00:54
08-09-2025 18:49:37.890 INFO Current price: 0.000000057104 - Current percentage: 0.59% - Max: 37.92% - Min: -23.46% - Market Cap 12212 - Trading time: 00:00:55
08-09-2025 18:49:39.462 INFO Current price: 0.000000055812 - Current percentage: -3.50% - Max: 37.92% - Min: -23.46% - Market Cap 11716 - Trading time: 00:00:57
08-09-2025 18:49:39.465 INFO Current price: 0.000000053546 - Current percentage: -7.41% - Max: 37.92% - Min: -23.46% - Market Cap 11240 - Trading time: 00:00:57
08-09-2025 18:49:39.466 INFO Current price: 0.000000051844 - Current percentage: -9.53% - Max: 37.92% - Min: -23.46% - Market Cap 10982 - Trading time: 00:00:57
08-09-2025 18:49:39.478 INFO Current price: 0.000000050550 - Current percentage: -11.98% - Max: 37.92% - Min: -23.46% - Market Cap 10686 - Trading time: 00:00:57
08-09-2025 18:49:39.479 INFO Current price: 0.000000049260 - Current percentage: -14.09% - Max: 37.92% - Min: -23.46% - Market Cap 10429 - Trading time: 00:00:57
08-09-2025 18:49:39.650 INFO Current price: 0.000000048085 - Current percentage: -16.13% - Max: 37.92% - Min: -23.46% - Market Cap 10182 - Trading time: 00:00:57
08-09-2025 18:49:40.282 INFO Current price: 0.000000047427 - Current percentage: -16.42% - Max: 37.92% - Min: -23.46% - Market Cap 10146 - Trading time: 00:00:58
08-09-2025 18:49:40.358 INFO Current price: 0.000000047054 - Current percentage: -17.44% - Max: 37.92% - Min: -23.46% - Market Cap 10023 - Trading time: 00:00:58
08-09-2025 18:49:40.583 INFO Current price: 0.000000046359 - Current percentage: -18.87% - Max: 37.92% - Min: -23.46% - Market Cap 9849 - Trading time: 00:00:58
08-09-2025 18:49:41.703 INFO Current price: 0.000000043500 - Current percentage: -27.31% - Max: 37.92% - Min: -27.31% - Market Cap 8824 - Trading time: 00:00:59
08-09-2025 18:49:41.709 INFO Current price: 0.000000039049 - Current percentage: -34.63% - Max: 37.92% - Min: -34.63% - Market Cap 7936 - Trading time: 00:00:59
08-09-2025 18:49:41.711 INFO Current price: 0.000000035896 - Current percentage: -38.57% - Max: 37.92% - Min: -38.57% - Market Cap 7457 - Trading time: 00:00:59
08-09-2025 18:49:41.713 INFO Current price: 0.000000033650 - Current percentage: -42.55% - Max: 37.92% - Min: -42.55% - Market Cap 6974 - Trading time: 00:00:59
08-09-2025 18:49:41.758 INFO Current price: 0.000000031607 - Current percentage: -45.81% - Max: 37.92% - Min: -45.81% - Market Cap 6579 - Trading time: 00:00:59
08-09-2025 18:49:43.766 INFO Current price: 0.000000029897 - Current percentage: -48.60% - Max: 37.92% - Min: -48.60% - Market Cap 6240 - Trading time: 00:01:01
08-09-2025 18:49:44.317 INFO Current price: 0.000000029131 - Current percentage: -48.55% - Max: 37.92% - Min: -48.60% - Market Cap 6246 - Trading time: 00:01:02
08-09-2025 18:49:44.627 INFO Current price: 0.000000029143 - Current percentage: -48.56% - Max: 37.92% - Min: -48.60% - Market Cap 6245 - Trading time: 00:01:02
08-09-2025 18:49:46.992 INFO Current price: 0.000000029099 - Current percentage: -48.70% - Max: 37.92% - Min: -48.70% - Market Cap 6227 - Trading time: 00:01:05
08-09-2025 18:49:47.331 INFO Current price: 0.000000029053 - Current percentage: -48.72% - Max: 37.92% - Min: -48.72% - Market Cap 6225 - Trading time: 00:01:05
08-09-2025 18:49:47.582 INFO Current price: 0.000000028966 - Current percentage: -49.01% - Max: 37.92% - Min: -49.01% - Market Cap 6190 - Trading time: 00:01:05
08-09-2025 18:49:48.543 INFO Current price: 0.000000028863 - Current percentage: -49.09% - Max: 37.92% - Min: -49.09% - Market Cap 6181 - Trading time: 00:01:06
08-09-2025 18:49:48.848 INFO Current price: 0.000000028755 - Current percentage: -49.39% - Max: 37.92% - Min: -49.39% - Market Cap 6144 - Trading time: 00:01:06
08-09-2025 18:49:49.395 INFO Current price: 0.000000028660 - Current percentage: -49.42% - Max: 37.92% - Min: -49.42% - Market Cap 6140 - Trading time: 00:01:07
08-09-2025 18:50:26.106 INFO Current price: 0.000000028645 - Current percentage: -49.44% - Max: 37.92% - Min: -49.44% - Market Cap 6138 - Trading time: 00:01:44
08-09-2025 18:50:34.513 INFO Current price: 0.000000028634 - Current percentage: -49.46% - Max: 37.92% - Min: -49.46% - Market Cap 6136 - Trading time: 00:01:52
08-09-2025 18:50:58.130 INFO Current price: 0.000000028621 - Current percentage: -49.49% - Max: 37.92% - Min: -49.49% - Market Cap 6132 - Trading time: 00:02:16
08-09-2025 18:51:31.101 INFO Current price: 0.000000028475 - Current percentage: -49.97% - Max: 37.92% - Min: -49.97% - Market Cap 6074 - Trading time: 00:02:49
08-09-2025 18:59:45.872 INFO Current price: 0.000000028316 - Current percentage: -50.01% - Max: 37.92% - Min: -50.01% - Market Cap 6068 - Trading time: 00:11:03






08-09-2025 19:08:41.917 INFO {"type":"summary","reason":"max_window","startedAt":"2025-09-08T16:48:41.913Z","endedAt":"2025-09-08T17:08:41.917Z","durationSec":1200,"entryPrice":6.051798522130255e-8,"entryMarketCapSol":56.64647746191119,"entryMarketCapUsd":12139.906584862187,"minPct":-50.01264078456421,"maxPct":37.91576283176602,"buyCount":69,"sellCount":78,"tradeCount":147,"entryRecorded":true,"noPostThresholdTrades":false,"triggerAt":"2025-09-08T16:48:41.912Z","ageAtTriggerSec":12,"preTotalTrades":31,"preBuys":19,"preSells":12,"preUniqueTraders":17,"preEntryTotalTrades":32,"preEntryBuys":19,"preEntrySells":13,"preEntryUniqueTraders":17,"preEntryMinMcUsd":7287.205828586257,"preEntryMaxMcUsd":14489.363303233544,"thresholdMcSol":56.64647746191119,"thresholdMcUsd":12139.906584862187,"thresholdPrice":6.051798522130255e-8}
